0.0, 3323
0.7026844024658203, 3322
1.510706901550293, 3321
1.812889814376831, 3320
2.5127742290496826, 3319
3.5804433822631836, 3318
4.4624762535095215, 3317
5.278988361358643, 3316
7.474797248840332, 3315
7.928051948547363, 3314
8.151211023330688, 3313
8.2916419506073, 3312
8.781533241271973, 3311
10.262388944625854, 3310
11.160566806793213, 3309
11.259817123413086, 3308
20.671396493911743, 3307
20.69247555732727, 3306
23.188551425933838, 3305
27.23809814453125, 3304
31.197663068771362, 3303
