0.0, 3323
1.0706570148468018, 3322
3.4032816886901855, 3321
3.5556647777557373, 3320
3.9277894496917725, 3319
4.973838567733765, 3318
6.4344964027404785, 3317
7.987823486328125, 3316
9.146231651306152, 3315
9.450965642929077, 3314
13.252228498458862, 3313
14.71368932723999, 3312
17.877821922302246, 3311
17.92601776123047, 3310
18.90767550468445, 3309
19.130684852600098, 3308
20.726111888885498, 3307
25.44834542274475, 3306
27.318446159362793, 3305
35.1624174118042, 3304
50.854629039764404, 3303
