0.0, 3323
0.30013179779052734, 3322
1.4718716144561768, 3321
1.5800459384918213, 3320
3.4159634113311768, 3319
3.508075475692749, 3318
6.050454616546631, 3317
6.755805730819702, 3316
7.8702552318573, 3315
8.67862582206726, 3314
9.417787551879883, 3313
9.85083818435669, 3312
10.738405704498291, 3311
11.940081119537354, 3310
12.591222524642944, 3309
14.302495956420898, 3308
17.672035455703735, 3307
20.37903618812561, 3306
21.778977632522583, 3305
23.19082236289978, 3304
24.430888891220093, 3303
