0.0, 3323
0.1419973373413086, 3322
1.751126766204834, 3321
3.3854382038116455, 3320
4.047911882400513, 3319
4.415863275527954, 3318
4.415863275527954, 3317
4.901549816131592, 3316
5.535211801528931, 3315
5.815228223800659, 3314
5.815228223800659, 3313
5.834660053253174, 3312
6.223482847213745, 3311
7.791605472564697, 3310
7.858269453048706, 3309
9.050179481506348, 3308
9.892508029937744, 3307
10.068546056747437, 3306
12.173819780349731, 3305
13.601409196853638, 3304
54.353668451309204, 3303
