0.0, 3323
0.25214457511901855, 3322
1.2211565971374512, 3321
1.340294599533081, 3320
2.170496940612793, 3319
2.201216459274292, 3318
3.148838758468628, 3317
3.432218551635742, 3316
4.46446681022644, 3315
5.07688045501709, 3314
5.747749328613281, 3313
6.1414711475372314, 3312
7.102186679840088, 3311
8.382318496704102, 3310
9.252163410186768, 3309
11.047933578491211, 3308
14.246751070022583, 3307
16.58591604232788, 3306
18.264687538146973, 3305
19.622938871383667, 3304
20.76042103767395, 3303
