0.0, 3323
0.761333703994751, 3322
1.5982778072357178, 3321
1.8943636417388916, 3320
2.605332612991333, 3319
3.7214772701263428, 3318
4.658177852630615, 3317
5.519271612167358, 3316
7.657449245452881, 3315
8.149151802062988, 3314
8.386910200119019, 3313
8.527364492416382, 3312
9.04978346824646, 3311
10.647703886032104, 3310
11.55466341972351, 3309
11.66275930404663, 3308
21.422423362731934, 3307
21.436866760253906, 3306
23.86017155647278, 3305
28.08168601989746, 3304
32.58737802505493, 3303
