0.0, 3323
0.4515857696533203, 3322
2.1835875511169434, 3321
2.365010976791382, 3320
3.8279876708984375, 3319
3.887061595916748, 3318
5.5178070068359375, 3317
6.0328123569488525, 3316
7.864773511886597, 3315
8.989813327789307, 3314
10.082522869110107, 3313
10.707695960998535, 3312
12.216208457946777, 3311
14.311876773834229, 3310
15.71694016456604, 3309
18.67081308364868, 3308
23.716527938842773, 3307
28.916943073272705, 3306
32.15594005584717, 3305
34.24621844291687, 3304
36.29636907577515, 3303
