8.338966131210327, 5687
8.338966131210327, 5686
8.354498386383057, 5685
8.356043100357056, 5684
8.356492280960083, 5683
8.357489347457886, 5682
8.35851788520813, 5681
8.359514951705933, 5680
8.36066484451294, 5679
8.36066484451294, 5678
8.365798234939575, 5677
8.367795467376709, 5676
8.372386455535889, 5675
8.373361825942993, 5674
8.374358654022217, 5673
8.375434875488281, 5672
8.392390251159668, 5671
8.392390251159668, 5670
8.392390251159668, 5669
8.393368482589722, 5668
8.393368482589722, 5667
8.401435136795044, 5666
8.402417659759521, 5665
8.404563188552856, 5664
8.40556001663208, 5663
8.409046173095703, 5662
8.417818784713745, 5661
8.418187618255615, 5660
8.418187618255615, 5659
8.419220685958862, 5658
8.419220685958862, 5657
8.423934698104858, 5656
8.449977397918701, 5655
8.451162576675415, 5654
8.452159404754639, 5653
8.452159404754639, 5652
8.452159404754639, 5651
8.452975988388062, 5650
8.452975988388062, 5649
8.452975988388062, 5648
8.453973054885864, 5647
8.453973054885864, 5646
8.4550039768219, 5645
8.4550039768219, 5644
8.4550039768219, 5643
8.45702075958252, 5642
8.465124130249023, 5641
8.465124130249023, 5640
8.466121196746826, 5639
8.468138694763184, 5638
8.468138694763184, 5637
8.469135284423828, 5636
8.471171140670776, 5635
8.472259998321533, 5634
8.473281621932983, 5633
8.474279165267944, 5632
8.47627329826355, 5631
8.489290714263916, 5630
8.489290714263916, 5629
8.489290714263916, 5628
8.489290714263916, 5627
8.489290714263916, 5626
8.489290714263916, 5625
8.489290714263916, 5624
8.489290714263916, 5623
8.489290714263916, 5622
8.489290714263916, 5621
8.496662378311157, 5620
8.501091718673706, 5619
8.502122163772583, 5618
8.502122163772583, 5617
8.503657817840576, 5616
8.50468373298645, 5615
8.506739377975464, 5614
8.506739377975464, 5613
8.506739377975464, 5612
8.507975339889526, 5611
8.50900411605835, 5610
8.50900411605835, 5609
8.50900411605835, 5608
8.50900411605835, 5607
8.50900411605835, 5606
8.50900411605835, 5605
8.532449960708618, 5604
8.532449960708618, 5603
8.532449960708618, 5602
8.533480882644653, 5601
8.533480882644653, 5600
8.533480882644653, 5599
8.533480882644653, 5598
8.533480882644653, 5597
8.541767835617065, 5596
8.541767835617065, 5595
8.549731731414795, 5594
8.549731731414795, 5593
8.550729274749756, 5592
8.550729274749756, 5591
8.550729274749756, 5590
8.5517258644104, 5589
8.5517258644104, 5588
8.5517258644104, 5587
8.553754568099976, 5586
8.565602540969849, 5585
8.567692756652832, 5584
8.567692756652832, 5583
8.567692756652832, 5582
8.58175253868103, 5581
8.58275580406189, 5580
8.583533763885498, 5579
8.585066795349121, 5578
8.586063861846924, 5577
8.587063789367676, 5576
8.588223218917847, 5575
8.588223218917847, 5574
8.589216947555542, 5573
8.590213775634766, 5572
8.590434312820435, 5571
8.590434312820435, 5570
8.590434312820435, 5569
8.591431856155396, 5568
8.601285457611084, 5567
8.601285457611084, 5566
8.650368690490723, 5565
8.650368690490723, 5564
8.663255214691162, 5563
8.666246175765991, 5562
8.748804807662964, 5561
8.748804807662964, 5560
8.748804807662964, 5559
8.748804807662964, 5558
8.748804807662964, 5557
8.766001462936401, 5556
8.767029285430908, 5555
8.767029285430908, 5554
8.767908811569214, 5553
8.767908811569214, 5552
8.768938302993774, 5551
8.768938302993774, 5550
8.768938302993774, 5549
9.05849552154541, 5548
9.05849552154541, 5547
9.05849552154541, 5546
9.06995153427124, 5545
9.06995153427124, 5544
9.06995153427124, 5543
9.06995153427124, 5542
9.080103158950806, 5541
9.080103158950806, 5540
9.080103158950806, 5539
9.081100225448608, 5538
9.08172607421875, 5537
9.082756280899048, 5536
9.08931565284729, 5535
9.08931565284729, 5534
9.08931565284729, 5533
9.113981246948242, 5532
9.114978790283203, 5531
9.114978790283203, 5530
9.116834878921509, 5529
9.118860960006714, 5528
9.118860960006714, 5527
9.118860960006714, 5526
9.118860960006714, 5525
9.118860960006714, 5524
9.131063222885132, 5523
9.132059097290039, 5522
9.156636238098145, 5521
9.156636238098145, 5520
9.1575927734375, 5519
9.1575927734375, 5518
9.158590078353882, 5517
9.159065246582031, 5516
9.181653022766113, 5515
9.194933652877808, 5514
9.195974111557007, 5513
9.236627340316772, 5512
9.237799406051636, 5511
9.237799406051636, 5510
9.238796949386597, 5509
9.239832162857056, 5508
9.240824222564697, 5507
9.24599289894104, 5506
9.249120950698853, 5505
9.251147747039795, 5504
9.253262281417847, 5503
9.254294633865356, 5502
9.269103527069092, 5501
9.269103527069092, 5500
9.269103527069092, 5499
9.269103527069092, 5498
9.269103527069092, 5497
9.288027286529541, 5496
9.289024353027344, 5495
9.289024353027344, 5494
9.289024353027344, 5493
9.290096759796143, 5492
9.291094303131104, 5491
9.292545795440674, 5490
9.29932165145874, 5489
9.311293363571167, 5488
9.315017461776733, 5487
9.315017461776733, 5486
9.31601595878601, 5485
9.317028045654297, 5484
9.32010817527771, 5483
9.321107149124146, 5482
9.324076414108276, 5481
9.325499534606934, 5480
9.333070516586304, 5479
9.334068298339844, 5478
9.335066318511963, 5477
9.335066318511963, 5476
9.33606219291687, 5475
9.337076663970947, 5474
9.337076663970947, 5473
9.339111804962158, 5472
9.349358558654785, 5471
9.349358558654785, 5470
9.349358558654785, 5469
9.349358558654785, 5468
9.349358558654785, 5467
9.349358558654785, 5466
9.35837173461914, 5465
9.359370946884155, 5464
9.36039924621582, 5463
9.361376762390137, 5462
9.361376762390137, 5461
9.3625168800354, 5460
9.363662242889404, 5459
9.369145154953003, 5458
9.369145154953003, 5457
9.386848211288452, 5456
9.387397527694702, 5455
9.392319202423096, 5454
9.393320083618164, 5453
9.39677619934082, 5452
9.39777421951294, 5451
9.399420261383057, 5450
9.405850172042847, 5449
9.40727186203003, 5448
9.410264253616333, 5447
9.413790702819824, 5446
9.414815664291382, 5445
9.414815664291382, 5444
9.419073581695557, 5443
9.419073581695557, 5442
9.43380069732666, 5441
9.434861421585083, 5440
9.435892105102539, 5439
9.435892105102539, 5438
9.436856269836426, 5437
9.437853813171387, 5436
9.438852548599243, 5435
9.438852548599243, 5434
9.439879894256592, 5433
9.440874338150024, 5432
9.441874504089355, 5431
9.441874504089355, 5430
9.441874504089355, 5429
9.44277286529541, 5428
9.443800926208496, 5427
9.44476842880249, 5426
9.447147607803345, 5425
9.448147058486938, 5424
9.449376106262207, 5423
9.449376106262207, 5422
9.449376106262207, 5421
9.449376106262207, 5420
9.449376106262207, 5419
9.449376106262207, 5418
9.449376106262207, 5417
9.449376106262207, 5416
9.457594871520996, 5415
9.459620714187622, 5414
9.459620714187622, 5413
9.462793827056885, 5412
9.463790893554688, 5411
9.46589469909668, 5410
9.466891765594482, 5409
9.46774411201477, 5408
9.468775987625122, 5407
9.468775987625122, 5406
9.483391523361206, 5405
9.487308502197266, 5404
9.488035202026367, 5403
9.488035202026367, 5402
9.48906660079956, 5401
9.498525142669678, 5400
9.501770973205566, 5399
9.502799987792969, 5398
9.53309440612793, 5397
9.550868034362793, 5396
9.552020788192749, 5395
9.553930759429932, 5394
9.554928541183472, 5393
9.568350315093994, 5392
9.56983494758606, 5391
9.572301864624023, 5390
9.572301864624023, 5389
9.572301864624023, 5388
9.572301864624023, 5387
9.579059839248657, 5386
9.580060243606567, 5385
9.591721057891846, 5384
9.594132900238037, 5383
9.595782995223999, 5382
9.596798658370972, 5381
9.597894191741943, 5380
9.606302261352539, 5379
9.616701126098633, 5378
9.621073722839355, 5377
9.622359037399292, 5376
9.62335753440857, 5375
9.624354362487793, 5374
9.624593019485474, 5373
9.63064694404602, 5372
9.63064694404602, 5371
9.631642580032349, 5370
9.63264012336731, 5369
9.63264012336731, 5368
9.63264012336731, 5367
9.633684635162354, 5366
9.633684635162354, 5365
9.638703346252441, 5364
9.638703346252441, 5363
9.638703346252441, 5362
9.64897894859314, 5361
9.649975776672363, 5360
9.650972843170166, 5359
9.65403437614441, 5358
9.655031442642212, 5357
9.656028747558594, 5356
9.663863897323608, 5355
9.665882110595703, 5354
9.665882110595703, 5353
9.666878938674927, 5352
9.666878938674927, 5351
9.667876720428467, 5350
9.667876720428467, 5349
9.66900086402893, 5348
9.669999599456787, 5347
9.670996189117432, 5346
9.670996189117432, 5345
9.670996189117432, 5344
9.671993255615234, 5343
9.671993255615234, 5342
9.671993255615234, 5341
9.672990560531616, 5340
9.6749849319458, 5339
9.677345752716064, 5338
9.680395126342773, 5337
9.680395126342773, 5336
9.68389892578125, 5335
9.685503244400024, 5334
9.68650221824646, 5333
9.689240455627441, 5332
9.690365076065063, 5331
9.698026895523071, 5330
9.698026895523071, 5329
9.699090003967285, 5328
9.700087070465088, 5327
9.700087070465088, 5326
9.700087070465088, 5325
9.720702171325684, 5324
9.721698522567749, 5323
9.722696304321289, 5322
9.722696304321289, 5321
9.724769830703735, 5320
9.72576904296875, 5319
9.72576904296875, 5318
9.728426694869995, 5317
9.732466220855713, 5316
9.733461856842041, 5315
9.734474182128906, 5314
9.734474182128906, 5313
9.735471248626709, 5312
9.735471248626709, 5311
9.735471248626709, 5310
9.736507892608643, 5309
9.73705267906189, 5308
9.73705267906189, 5307
9.73705267906189, 5306
9.738038778305054, 5305
9.739821910858154, 5304
9.742063999176025, 5303
9.743061065673828, 5302
9.743061065673828, 5301
9.744062423706055, 5300
9.746544599533081, 5299
9.750162363052368, 5298
9.750162363052368, 5297
9.751158952713013, 5296
9.752433776855469, 5295
9.753432750701904, 5294
9.762490510940552, 5293
9.76348614692688, 5292
9.76348614692688, 5291
9.764482736587524, 5290
9.765480995178223, 5289
9.765480995178223, 5288
9.765480995178223, 5287
9.776105165481567, 5286
9.776854753494263, 5285
9.780348300933838, 5284
9.781344413757324, 5283
9.782341480255127, 5282
9.786489725112915, 5281
9.787925243377686, 5280
9.788923025131226, 5279
9.789919137954712, 5278
9.79274296760559, 5277
9.793233633041382, 5276
9.796390533447266, 5275
9.79738450050354, 5274
9.800358772277832, 5273
9.801324605941772, 5272
9.801324605941772, 5271
9.802356719970703, 5270
9.802356719970703, 5269
9.805132389068604, 5268
9.806128978729248, 5267
9.807681798934937, 5266
9.807681798934937, 5265
9.808679819107056, 5264
9.8100426197052, 5263
9.812691450119019, 5262
9.813687562942505, 5261
9.816006898880005, 5260
9.816840410232544, 5259
9.822184324264526, 5258
9.825551509857178, 5257
9.825551509857178, 5256
9.826732158660889, 5255
9.826732158660889, 5254
9.826732158660889, 5253
9.82787537574768, 5252
9.82787537574768, 5251
9.829980850219727, 5250
9.83034896850586, 5249
9.83333945274353, 5248
9.834336996078491, 5247
9.834336996078491, 5246
9.834336996078491, 5245
9.835334062576294, 5244
9.835334062576294, 5243
9.835813283920288, 5242
9.835813283920288, 5241
9.838269233703613, 5240
9.852165460586548, 5239
9.86409306526184, 5238
9.865101099014282, 5237
9.873200416564941, 5236
9.874959707260132, 5235
9.879743337631226, 5234
9.880740404129028, 5233
9.888918399810791, 5232
9.891500473022461, 5231
9.891500473022461, 5230
9.90147614479065, 5229
9.916367769241333, 5228
9.920334815979004, 5227
9.920591115951538, 5226
9.923824787139893, 5225
9.924821853637695, 5224
9.924821853637695, 5223
9.925817966461182, 5222
9.925817966461182, 5221
9.926975727081299, 5220
9.926975727081299, 5219
9.950786352157593, 5218
9.950786352157593, 5217
9.950786352157593, 5216
9.95290732383728, 5215
9.953904867172241, 5214
9.954514026641846, 5213
9.95552372932434, 5212
9.956521987915039, 5211
9.956521987915039, 5210
9.957519054412842, 5209
9.957519054412842, 5208
9.958518505096436, 5207
9.968186378479004, 5206
9.969219446182251, 5205
9.970325231552124, 5204
9.970325231552124, 5203
9.971319913864136, 5202
9.972318649291992, 5201
9.972318649291992, 5200
9.97331690788269, 5199
9.975309133529663, 5198
9.975570678710938, 5197
9.975570678710938, 5196
9.984407424926758, 5195
9.984745264053345, 5194
9.986681699752808, 5193
9.988754272460938, 5192
9.992746353149414, 5191
9.99341082572937, 5190
9.994441986083984, 5189
9.996403932571411, 5188
9.997400999069214, 5187
10.008376359939575, 5186
10.032548666000366, 5185
10.033545732498169, 5184
10.03367829322815, 5183
10.03367829322815, 5182
10.03674840927124, 5181
10.03674840927124, 5180
10.03674840927124, 5179
10.037708759307861, 5178
10.039883852005005, 5177
10.040879487991333, 5176
10.040879487991333, 5175
10.041876792907715, 5174
10.041876792907715, 5173
10.043657779693604, 5172
10.04589295387268, 5171
10.047888040542603, 5170
10.047888040542603, 5169
10.047888040542603, 5168
10.047888040542603, 5167
10.047888040542603, 5166
10.047888040542603, 5165
10.05197811126709, 5164
10.05197811126709, 5163
10.067857503890991, 5162
10.067989110946655, 5161
10.069751977920532, 5160
10.070751190185547, 5159
10.071747779846191, 5158
10.071747779846191, 5157
10.071747779846191, 5156
10.074738264083862, 5155
10.074738264083862, 5154
10.074738264083862, 5153
10.075735807418823, 5152
10.0778489112854, 5151
10.081340789794922, 5150
10.082530975341797, 5149
10.083614349365234, 5148
10.084612846374512, 5147
10.084612846374512, 5146
10.084612846374512, 5145
10.085641622543335, 5144
10.096195697784424, 5143
10.097191572189331, 5142
10.097191572189331, 5141
10.09818983078003, 5140
10.099186658859253, 5139
10.099186658859253, 5138
10.100183963775635, 5137
10.101197242736816, 5136
10.102195262908936, 5135
10.102195262908936, 5134
10.11632251739502, 5133
10.119372129440308, 5132
10.120225191116333, 5131
10.121222972869873, 5130
10.121371746063232, 5129
10.122370719909668, 5128
10.12274980545044, 5127
10.123748302459717, 5126
10.124510049819946, 5125
10.124510049819946, 5124
10.125508308410645, 5123
10.126051902770996, 5122
10.127050399780273, 5121
10.128046989440918, 5120
10.12907600402832, 5119
10.12907600402832, 5118
10.12907600402832, 5117
10.12907600402832, 5116
10.139374494552612, 5115
10.139374494552612, 5114
10.140466928482056, 5113
10.141464233398438, 5112
10.141464233398438, 5111
10.14246129989624, 5110
10.143458604812622, 5109
10.1437406539917, 5108
10.144737958908081, 5107
10.146733045578003, 5106
10.149988651275635, 5105
10.152124881744385, 5104
10.15419864654541, 5103
10.166849851608276, 5102
10.179349422454834, 5101
10.180373430252075, 5100
10.18137001991272, 5099
10.18137001991272, 5098
10.18137001991272, 5097
10.18137001991272, 5096
10.18912959098816, 5095
10.190215826034546, 5094
10.191216468811035, 5093
10.192210912704468, 5092
10.192210912704468, 5091
10.193239450454712, 5090
10.195523262023926, 5089
10.197548389434814, 5088
10.198549747467041, 5087
10.199543952941895, 5086
10.199543952941895, 5085
10.205049991607666, 5084
10.208095788955688, 5083
10.208095788955688, 5082
10.209037780761719, 5081
10.209037780761719, 5080
10.210036277770996, 5079
10.212517499923706, 5078
10.21351408958435, 5077
10.21351408958435, 5076
10.215047121047974, 5075
10.216376781463623, 5074
10.216897249221802, 5073
10.21826982498169, 5072
10.219268083572388, 5071
10.220305442810059, 5070
10.221469402313232, 5069
10.222466468811035, 5068
10.222466468811035, 5067
10.223487377166748, 5066
10.224483251571655, 5065
10.225580930709839, 5064
10.228148937225342, 5063
10.229666948318481, 5062
10.230664014816284, 5061
10.231714487075806, 5060
10.23370885848999, 5059
10.237841606140137, 5058
10.238839149475098, 5057
10.239836931228638, 5056
10.240095853805542, 5055
10.241093873977661, 5054
10.250568151473999, 5053
10.250568151473999, 5052
10.251580476760864, 5051
10.252578735351562, 5050
10.253576278686523, 5049
10.254574060440063, 5048
10.254574060440063, 5047
10.254574060440063, 5046
10.254574060440063, 5045
10.257098197937012, 5044
10.257883548736572, 5043
10.257883548736572, 5042
10.258881092071533, 5041
10.258881092071533, 5040
10.26945972442627, 5039
10.270797491073608, 5038
10.270797491073608, 5037
10.272074699401855, 5036
10.27463173866272, 5035
10.27478289604187, 5034
10.276780366897583, 5033
10.276780366897583, 5032
10.27903962135315, 5031
10.281775712966919, 5030
10.282772302627563, 5029
10.282772302627563, 5028
10.288069009780884, 5027
10.288069009780884, 5026
10.289068937301636, 5025
10.289068937301636, 5024
10.289068937301636, 5023
10.289068937301636, 5022
10.29006576538086, 5021
10.293306589126587, 5020
10.294305324554443, 5019
10.297974824905396, 5018
10.297974824905396, 5017
10.298972368240356, 5016
10.300474882125854, 5015
10.30672836303711, 5014
10.30672836303711, 5013
10.30672836303711, 5012
10.30672836303711, 5011
10.30672836303711, 5010
10.309298992156982, 5009
10.309298992156982, 5008
10.313135862350464, 5007
10.31421709060669, 5006
10.31421709060669, 5005
10.31421709060669, 5004
10.31534457206726, 5003
10.316343307495117, 5002
10.316936016082764, 5001
10.319366693496704, 5000
10.320552110671997, 4999
10.3215491771698, 4998
10.322960376739502, 4997
10.322960376739502, 4996
10.326247692108154, 4995
10.326783418655396, 4994
10.326783418655396, 4993
10.32775354385376, 4992
10.328749895095825, 4991
10.329779863357544, 4990
10.330023527145386, 4989
10.330023527145386, 4988
10.330023527145386, 4987
10.331053018569946, 4986
10.331053018569946, 4985
10.331701278686523, 4984
10.331701278686523, 4983
10.331701278686523, 4982
10.331701278686523, 4981
10.33273720741272, 4980
10.348455429077148, 4979
10.349665641784668, 4978
10.349665641784668, 4977
10.350769758224487, 4976
10.351768255233765, 4975
10.352099657058716, 4974
10.352099657058716, 4973
10.352099657058716, 4972
10.353096961975098, 4971
10.35409426689148, 4970
10.35409426689148, 4969
10.355091333389282, 4968
10.356088399887085, 4967
10.356555223464966, 4966
10.375782489776611, 4965
10.380091905593872, 4964
10.380091905593872, 4963
10.381088256835938, 4962
10.382254600524902, 4961
10.384146928787231, 4960
10.386290311813354, 4959
10.388286113739014, 4958
10.389281988143921, 4957
10.39171028137207, 4956
10.392865657806396, 4955
10.401770114898682, 4954
10.401770114898682, 4953
10.401770114898682, 4952
10.401770114898682, 4951
10.40682339668274, 4950
10.407742261886597, 4949
10.412265539169312, 4948
10.412265539169312, 4947
10.416621685028076, 4946
10.422282218933105, 4945
10.422282218933105, 4944
10.423279285430908, 4943
10.423279285430908, 4942
10.42401909828186, 4941
10.42401909828186, 4940
10.425016164779663, 4939
10.432542324066162, 4938
10.433538913726807, 4937
10.436737775802612, 4936
10.44048547744751, 4935
10.441972255706787, 4934
10.443010568618774, 4933
10.443010568618774, 4932
10.446494817733765, 4931
10.447037935256958, 4930
10.447999477386475, 4929
10.449318885803223, 4928
10.457069396972656, 4927
10.457069396972656, 4926
10.457069396972656, 4925
10.458100318908691, 4924
10.458100318908691, 4923
10.458627462387085, 4922
10.463523149490356, 4921
10.46710753440857, 4920
10.468660116195679, 4919
10.469658374786377, 4918
10.473177194595337, 4917
10.473177194595337, 4916
10.47354507446289, 4915
10.475634336471558, 4914
10.477586269378662, 4913
10.478853464126587, 4912
10.479850053787231, 4911
10.479850053787231, 4910
10.479850053787231, 4909
10.504410982131958, 4908
10.50540804862976, 4907
10.50540804862976, 4906
10.50695252418518, 4905
10.50695252418518, 4904
10.50810694694519, 4903
10.509136199951172, 4902
10.510104656219482, 4901
10.51374340057373, 4900
10.514636754989624, 4899
10.51669979095459, 4898
10.519870519638062, 4897
10.519870519638062, 4896
10.52223825454712, 4895
10.52533769607544, 4894
10.53932785987854, 4893
10.53932785987854, 4892
10.53932785987854, 4891
10.53932785987854, 4890
10.53932785987854, 4889
10.53932785987854, 4888
10.53932785987854, 4887
10.545605421066284, 4886
10.545605421066284, 4885
10.546525478363037, 4884
10.547181129455566, 4883
10.547181129455566, 4882
10.547181129455566, 4881
10.548212051391602, 4880
10.548212051391602, 4879
10.549208164215088, 4878
10.550173997879028, 4877
10.550173997879028, 4876
10.55120301246643, 4875
10.552200078964233, 4874
10.552200078964233, 4873
10.553324937820435, 4872
10.555319786071777, 4871
10.557350635528564, 4870
10.557350635528564, 4869
10.558311939239502, 4868
10.558311939239502, 4867
10.558311939239502, 4866
10.559309005737305, 4865
10.560337781906128, 4864
10.561303853988647, 4863
10.5624520778656, 4862
10.5624520778656, 4861
10.5624520778656, 4860
10.56348729133606, 4859
10.56447958946228, 4858
10.565783023834229, 4857
10.565783023834229, 4856
10.565783023834229, 4855
10.565783023834229, 4854
10.566779851913452, 4853
10.566779851913452, 4852
10.566779851913452, 4851
10.567765712738037, 4850
10.567765712738037, 4849
10.567765712738037, 4848
10.568794250488281, 4847
10.568794250488281, 4846
10.568794250488281, 4845
10.568794250488281, 4844
10.568794250488281, 4843
10.568794250488281, 4842
10.568794250488281, 4841
10.568794250488281, 4840
10.568794250488281, 4839
10.568794250488281, 4838
10.568794250488281, 4837
10.568794250488281, 4836
10.568794250488281, 4835
10.568794250488281, 4834
10.568794250488281, 4833
10.568794250488281, 4832
10.568794250488281, 4831
10.568794250488281, 4830
10.568794250488281, 4829
10.568794250488281, 4828
10.568794250488281, 4827
10.568794250488281, 4826
10.580789566040039, 4825
10.581416845321655, 4824
10.581416845321655, 4823
10.582413673400879, 4822
10.582489728927612, 4821
10.583487749099731, 4820
10.583487749099731, 4819
10.584484815597534, 4818
10.585484504699707, 4817
10.587259531021118, 4816
10.589255094528198, 4815
10.589382410049438, 4814
10.589382410049438, 4813
10.591502904891968, 4812
10.592500686645508, 4811
10.593502759933472, 4810
10.60073971748352, 4809
10.602837562561035, 4808
10.606944799423218, 4807
10.607932090759277, 4806
10.60812759399414, 4805
10.609127283096313, 4804
10.6101233959198, 4803
10.611122846603394, 4802
10.612117767333984, 4801
10.614749908447266, 4800
10.61512541770935, 4799
10.616122245788574, 4798
10.617167472839355, 4797
10.618198871612549, 4796
10.618198871612549, 4795
10.618198871612549, 4794
10.61919903755188, 4793
10.61919903755188, 4792
10.61919903755188, 4791
10.61919903755188, 4790
10.61919903755188, 4789
10.61919903755188, 4788
10.61919903755188, 4787
10.61919903755188, 4786
10.61919903755188, 4785
10.61919903755188, 4784
10.61919903755188, 4783
10.61919903755188, 4782
10.61919903755188, 4781
10.630762577056885, 4780
10.630762577056885, 4779
10.631760597229004, 4778
10.632757663726807, 4777
10.632940769195557, 4776
10.633938789367676, 4775
10.633938789367676, 4774
10.634696245193481, 4773
10.635878801345825, 4772
10.635878801345825, 4771
10.636691570281982, 4770
10.637689352035522, 4769
10.638061761856079, 4768
10.639060020446777, 4767
10.639060020446777, 4766
10.646847009658813, 4765
10.646847009658813, 4764
10.64784574508667, 4763
10.64784574508667, 4762
10.64784574508667, 4761
10.64784574508667, 4760
10.64784574508667, 4759
10.64784574508667, 4758
10.64784574508667, 4757
10.64784574508667, 4756
10.64784574508667, 4755
10.64784574508667, 4754
10.64784574508667, 4753
10.64784574508667, 4752
10.64784574508667, 4751
10.64784574508667, 4750
10.64784574508667, 4749
10.64784574508667, 4748
10.64784574508667, 4747
10.64784574508667, 4746
10.64784574508667, 4745
10.64784574508667, 4744
10.64784574508667, 4743
10.656019926071167, 4742
10.658072471618652, 4741
10.658072471618652, 4740
10.659082174301147, 4739
10.660080194473267, 4738
10.660080194473267, 4737
10.662615537643433, 4736
10.663644075393677, 4735
10.664639711380005, 4734
10.664639711380005, 4733
10.665638446807861, 4732
10.665638446807861, 4731
10.665638446807861, 4730
10.666635990142822, 4729
10.666635990142822, 4728
10.66718077659607, 4727
10.66718077659607, 4726
10.66718077659607, 4725
10.668108463287354, 4724
10.668108463287354, 4723
10.668108463287354, 4722
10.669140577316284, 4721
10.669140577316284, 4720
10.669140577316284, 4719
10.669140577316284, 4718
10.669140577316284, 4717
10.669140577316284, 4716
10.669140577316284, 4715
10.669140577316284, 4714
10.669140577316284, 4713
10.669140577316284, 4712
10.669140577316284, 4711
10.669140577316284, 4710
10.669140577316284, 4709
10.669140577316284, 4708
10.669140577316284, 4707
10.669140577316284, 4706
10.669140577316284, 4705
10.669140577316284, 4704
10.669140577316284, 4703
10.669140577316284, 4702
10.677964687347412, 4701
10.681123495101929, 4700
10.682120323181152, 4699
10.683789014816284, 4698
10.685037612915039, 4697
10.686164140701294, 4696
10.686680316925049, 4695
10.686680316925049, 4694
10.687870502471924, 4693
10.689316987991333, 4692
10.690316200256348, 4691
10.690316200256348, 4690
10.691313028335571, 4689
10.691313028335571, 4688
10.692309617996216, 4687
10.692309617996216, 4686
10.692309617996216, 4685
10.693307876586914, 4684
10.693307876586914, 4683
10.694087266921997, 4682
10.695320844650269, 4681
10.69631838798523, 4680
10.69631838798523, 4679
10.697314977645874, 4678
10.697666645050049, 4677
10.697666645050049, 4676
10.698666334152222, 4675
10.698666334152222, 4674
10.699428081512451, 4673
10.699428081512451, 4672
10.699428081512451, 4671
10.699428081512451, 4670
10.701451778411865, 4669
10.70245623588562, 4668
10.70245623588562, 4667
10.70245623588562, 4666
10.703481674194336, 4665
10.703481674194336, 4664
10.703481674194336, 4663
10.704446792602539, 4662
10.705679178237915, 4661
10.707878112792969, 4660
10.709524393081665, 4659
10.712297201156616, 4658
10.712297201156616, 4657
10.713744878768921, 4656
10.714770317077637, 4655
10.714770317077637, 4654
10.717241764068604, 4653
10.71882176399231, 4652
10.720076322555542, 4651
10.721075296401978, 4650
10.721075296401978, 4649
10.723017454147339, 4648
10.723782062530518, 4647
10.724779844284058, 4646
10.724779844284058, 4645
10.72577714920044, 4644
10.72577714920044, 4643
10.726803302764893, 4642
10.727412223815918, 4641
10.728451013565063, 4640
10.728451013565063, 4639
10.729483127593994, 4638
10.729483127593994, 4637
10.729483127593994, 4636
10.73047423362732, 4635
10.73047423362732, 4634
10.73047423362732, 4633
10.73145604133606, 4632
10.73145604133606, 4631
10.73145604133606, 4630
10.73145604133606, 4629
10.732489109039307, 4628
10.732489109039307, 4627
10.732489109039307, 4626
10.733484029769897, 4625
10.733484029769897, 4624
10.733484029769897, 4623
10.733484029769897, 4622
10.73448371887207, 4621
10.73448371887207, 4620
10.747067213058472, 4619
10.748650312423706, 4618
10.749739646911621, 4617
10.749739646911621, 4616
10.749739646911621, 4615
10.750736474990845, 4614
10.750736474990845, 4613
10.750736474990845, 4612
10.750736474990845, 4611
10.751733303070068, 4610
10.751733303070068, 4609
10.751733303070068, 4608
10.75273084640503, 4607
10.75273084640503, 4606
10.75273084640503, 4605
10.75273084640503, 4604
10.754150152206421, 4603
10.755147218704224, 4602
10.755471229553223, 4601
10.756693363189697, 4600
10.757683277130127, 4599
10.766869068145752, 4598
10.766869068145752, 4597
10.766869068145752, 4596
10.767890930175781, 4595
10.774124383926392, 4594
10.774865865707397, 4593
10.775864839553833, 4592
10.779357671737671, 4591
10.779357671737671, 4590
10.780355215072632, 4589
10.780355215072632, 4588
10.780355215072632, 4587
10.788381338119507, 4586
10.789904356002808, 4585
10.791154384613037, 4584
10.791154384613037, 4583
10.797187566757202, 4582
10.797816514968872, 4581
10.797816514968872, 4580
10.797816514968872, 4579
10.797816514968872, 4578
10.801520586013794, 4577
10.801520586013794, 4576
10.802551984786987, 4575
10.802551984786987, 4574
10.802551984786987, 4573
10.802551984786987, 4572
10.802551984786987, 4571
10.802551984786987, 4570
10.802551984786987, 4569
10.802551984786987, 4568
10.808100938796997, 4567
10.808100938796997, 4566
10.80913519859314, 4565
10.80913519859314, 4564
10.821202516555786, 4563
10.821202516555786, 4562
10.828052997589111, 4561
10.851072549819946, 4560
10.853274583816528, 4559
10.85427188873291, 4558
10.85427188873291, 4557
10.85582160949707, 4556
10.860225439071655, 4555
10.860225439071655, 4554
10.861223459243774, 4553
10.862245082855225, 4552
10.863242626190186, 4551
10.86740756034851, 4550
10.868087530136108, 4549
10.87823748588562, 4548
10.879236698150635, 4547
10.87949538230896, 4546
10.880492925643921, 4545
10.8818199634552, 4544
10.882816314697266, 4543
10.884815454483032, 4542
10.884815454483032, 4541
10.885842323303223, 4540
10.886806011199951, 4539
10.886806011199951, 4538
10.88794207572937, 4537
10.88794207572937, 4536
10.889936447143555, 4535
10.890965938568115, 4534
10.891965627670288, 4533
10.891965627670288, 4532
10.895066738128662, 4531
10.896471500396729, 4530
10.89701795578003, 4529
10.898206949234009, 4528
10.899204969406128, 4527
10.900016784667969, 4526
10.900016784667969, 4525
10.907020807266235, 4524
10.911112785339355, 4523
10.91446042060852, 4522
10.91446042060852, 4521
10.91446042060852, 4520
10.917168140411377, 4519
10.917168140411377, 4518
10.918197393417358, 4517
10.919194221496582, 4516
10.919194221496582, 4515
10.919194221496582, 4514
10.921614170074463, 4513
10.922645330429077, 4512
10.92995834350586, 4511
10.936468124389648, 4510
10.939574718475342, 4509
10.943341255187988, 4508
10.946367025375366, 4507
10.948382377624512, 4506
10.950007438659668, 4505
10.952002763748169, 4504
10.954036712646484, 4503
10.956582307815552, 4502
10.957965612411499, 4501
10.962868452072144, 4500
10.968270778656006, 4499
10.969299793243408, 4498
10.969299793243408, 4497
10.969299793243408, 4496
10.969299793243408, 4495
10.969299793243408, 4494
10.969299793243408, 4493
10.969299793243408, 4492
10.969299793243408, 4491
10.969299793243408, 4490
10.969299793243408, 4489
10.969299793243408, 4488
10.969299793243408, 4487
10.969299793243408, 4486
10.969299793243408, 4485
10.969299793243408, 4484
10.969299793243408, 4483
10.969299793243408, 4482
10.969299793243408, 4481
10.969299793243408, 4480
10.969299793243408, 4479
10.969299793243408, 4478
10.969299793243408, 4477
10.969299793243408, 4476
10.978990316390991, 4475
10.978990316390991, 4474
10.978990316390991, 4473
10.978990316390991, 4472
10.978990316390991, 4471
10.985059022903442, 4470
10.985059022903442, 4469
10.986108779907227, 4468
10.98664927482605, 4467
10.98664927482605, 4466
10.987673282623291, 4465
10.98826789855957, 4464
10.98826789855957, 4463
10.98826789855957, 4462
10.989278316497803, 4461
10.990262746810913, 4460
10.991466999053955, 4459
10.9924635887146, 4458
10.9924635887146, 4457
10.994076490402222, 4456
10.99508786201477, 4455
10.996084928512573, 4454
10.996084928512573, 4453
10.996084928512573, 4452
10.996084928512573, 4451
10.997081518173218, 4450
10.997081518173218, 4449
10.9980788230896, 4448
10.999078750610352, 4447
10.999078750610352, 4446
10.999078750610352, 4445
10.999078750610352, 4444
10.999078750610352, 4443
10.999078750610352, 4442
10.999078750610352, 4441
10.999078750610352, 4440
10.999078750610352, 4439
11.001737356185913, 4438
11.001737356185913, 4437
11.001737356185913, 4436
11.002734184265137, 4435
11.002734184265137, 4434
11.002734184265137, 4433
11.003831386566162, 4432
11.003831386566162, 4431
11.003831386566162, 4430
11.003831386566162, 4429
11.004827976226807, 4428
11.004827976226807, 4427
11.004827976226807, 4426
11.005825519561768, 4425
11.005825519561768, 4424
11.006393432617188, 4423
11.006393432617188, 4422
11.00693416595459, 4421
11.00693416595459, 4420
11.00693416595459, 4419
11.007896661758423, 4418
11.008103847503662, 4417
11.00910472869873, 4416
11.00910472869873, 4415
11.01010012626648, 4414
11.011292219161987, 4413
11.012322187423706, 4412
11.013321876525879, 4411
11.013321876525879, 4410
11.015397548675537, 4409
11.015397548675537, 4408
11.016423463821411, 4407
11.018742322921753, 4406
11.018742322921753, 4405
11.018742322921753, 4404
11.019883871078491, 4403
11.019883871078491, 4402
11.019883871078491, 4401
11.020880937576294, 4400
11.020880937576294, 4399
11.021877765655518, 4398
11.0228750705719, 4397
11.0228750705719, 4396
11.0228750705719, 4395
11.0228750705719, 4394
11.0228750705719, 4393
11.024338006973267, 4392
11.024338006973267, 4391
11.024338006973267, 4390
11.025335550308228, 4389
11.025749921798706, 4388
11.026747226715088, 4387
11.027234315872192, 4386
11.027234315872192, 4385
11.028234720230103, 4384
11.029264450073242, 4383
11.029701471328735, 4382
11.029701471328735, 4381
11.029701471328735, 4380
11.029701471328735, 4379
11.0307297706604, 4378
11.0307297706604, 4377
11.03136658668518, 4376
11.03136658668518, 4375
11.03136658668518, 4374
11.03136658668518, 4373
11.032395124435425, 4372
11.032395124435425, 4371
11.032395124435425, 4370
11.032395124435425, 4369
11.032395124435425, 4368
11.032395124435425, 4367
11.032395124435425, 4366
11.032395124435425, 4365
11.032395124435425, 4364
11.032395124435425, 4363
11.032395124435425, 4362
11.032395124435425, 4361
11.032395124435425, 4360
11.0381600856781, 4359
11.0381600856781, 4358
11.0381600856781, 4357
11.039158821105957, 4356
11.039158821105957, 4355
11.039158821105957, 4354
11.039158821105957, 4353
11.041745662689209, 4352
11.041745662689209, 4351
11.042743682861328, 4350
11.043326139450073, 4349
11.04513692855835, 4348
11.046133995056152, 4347
11.046133995056152, 4346
11.047131061553955, 4345
11.047131061553955, 4344
11.048276424407959, 4343
11.048276424407959, 4342
11.049274444580078, 4341
11.050272941589355, 4340
11.051269054412842, 4339
11.05226755142212, 4338
11.052891492843628, 4337
11.053919792175293, 4336
11.054922103881836, 4335
11.054922103881836, 4334
11.056130409240723, 4333
11.056643962860107, 4332
11.056643962860107, 4331
11.058660745620728, 4330
11.05967378616333, 4329
11.060671091079712, 4328
11.062686920166016, 4327
11.06368350982666, 4326
11.064681053161621, 4325
11.064681053161621, 4324
11.065678119659424, 4323
11.066675901412964, 4322
11.067715883255005, 4321
11.068758487701416, 4320
11.06975769996643, 4319
11.070754051208496, 4318
11.070754051208496, 4317
11.07175087928772, 4316
11.07175087928772, 4315
11.073057413101196, 4314
11.073057413101196, 4313
11.074054956436157, 4312
11.074054956436157, 4311
11.075052499771118, 4310
11.07540488243103, 4309
11.07686161994934, 4308
11.077799320220947, 4307
11.078793048858643, 4306
11.079821109771729, 4305
11.079821109771729, 4304
11.079821109771729, 4303
11.079821109771729, 4302
11.079821109771729, 4301
11.079821109771729, 4300
11.079821109771729, 4299
11.079821109771729, 4298
11.079821109771729, 4297
11.079821109771729, 4296
11.087928295135498, 4295
11.089149951934814, 4294
11.089149951934814, 4293
11.090224266052246, 4292
11.090224266052246, 4291
11.090224266052246, 4290
11.091253280639648, 4289
11.091253280639648, 4288
11.092480897903442, 4287
11.092480897903442, 4286
11.092480897903442, 4285
11.092480897903442, 4284
11.09349799156189, 4283
11.094034671783447, 4282
11.094034671783447, 4281
11.094034671783447, 4280
11.097218036651611, 4279
11.098447561264038, 4278
11.099569082260132, 4277
11.099569082260132, 4276
11.10062861442566, 4275
11.106336832046509, 4274
11.107501029968262, 4273
11.108986616134644, 4272
11.112627267837524, 4271
11.117613792419434, 4270
11.12062406539917, 4269
11.122618675231934, 4268
11.124634027481079, 4267
11.126627922058105, 4266
11.127626419067383, 4265
11.129703521728516, 4264
11.131921768188477, 4263
11.133192777633667, 4262
11.135188102722168, 4261
11.137181282043457, 4260
11.138178825378418, 4259
11.140173196792603, 4258
11.14342975616455, 4257
11.145515203475952, 4256
11.14804220199585, 4255
11.151584148406982, 4254
11.157087087631226, 4253
11.162329912185669, 4252
11.163358688354492, 4251
11.165589809417725, 4250
11.168313264846802, 4249
11.171307563781738, 4248
11.172303915023804, 4247
11.175293922424316, 4246
11.179481267929077, 4245
11.180697202682495, 4244
11.183059453964233, 4243
11.18535852432251, 4242
11.18739652633667, 4241
11.188427209854126, 4240
11.191466569900513, 4239
11.192555904388428, 4238
11.195142030715942, 4237
11.197136163711548, 4236
11.200663328170776, 4235
11.202778577804565, 4234
11.204236268997192, 4233
11.206262588500977, 4232
11.207857131958008, 4231
11.211446046829224, 4230
11.213847160339355, 4229
11.21584153175354, 4228
11.216838836669922, 4227
11.218435764312744, 4226
11.220459222793579, 4225
11.220459222793579, 4224
11.220459222793579, 4223
11.220459222793579, 4222
11.22804570198059, 4221
11.22965693473816, 4220
11.231651067733765, 4219
11.232723236083984, 4218
11.233720541000366, 4217
11.23423433303833, 4216
11.236261129379272, 4215
11.23823356628418, 4214
11.240975141525269, 4213
11.245848655700684, 4212
11.249593019485474, 4211
11.251611948013306, 4210
11.253845691680908, 4209
11.255839586257935, 4208
11.256837129592896, 4207
11.257442474365234, 4206
11.260254383087158, 4205
11.263286828994751, 4204
11.265681028366089, 4203
11.267810344696045, 4202
11.26980447769165, 4201
11.270187377929688, 4200
11.272180795669556, 4199
11.273837566375732, 4198
11.274834871292114, 4197
11.27891731262207, 4196
11.280982732772827, 4195
11.283850193023682, 4194
11.286071538925171, 4193
11.2890465259552, 4192
11.290043115615845, 4191
11.291444778442383, 4190
11.29361891746521, 4189
11.296625852584839, 4188
11.301782608032227, 4187
11.30689525604248, 4186
11.312291383743286, 4185
11.333400011062622, 4184
11.34233570098877, 4183
11.344720840454102, 4182
11.35399079322815, 4181
11.35399079322815, 4180
11.38746953010559, 4179
11.502524137496948, 4178
11.506769895553589, 4177
11.506769895553589, 4176
11.530972003936768, 4175
11.532966613769531, 4174
11.548312664031982, 4173
11.551241397857666, 4172
11.593914031982422, 4171
11.59491229057312, 4170
11.5979585647583, 4169
11.611514806747437, 4168
11.630584955215454, 4167
11.631582260131836, 4166
11.633577108383179, 4165
11.637978315353394, 4164
11.637978315353394, 4163
11.638976573944092, 4162
11.65057110786438, 4161
11.65057110786438, 4160
11.651569128036499, 4159
11.670857667922974, 4158
11.670857667922974, 4157
11.68173599243164, 4156
11.708062410354614, 4155
11.709060430526733, 4154
11.724190950393677, 4153
11.758800268173218, 4152
11.768454313278198, 4151
11.777089595794678, 4150
11.778016805648804, 4149
11.819425344467163, 4148
11.826741695404053, 4147
11.826741695404053, 4146
11.828674554824829, 4145
11.834654092788696, 4144
11.834654092788696, 4143
11.866930723190308, 4142
11.866930723190308, 4141
11.882180213928223, 4140
11.888929843902588, 4139
11.889928340911865, 4138
11.930289268493652, 4137
11.930289268493652, 4136
11.962892532348633, 4135
11.972027063369751, 4134
11.98961591720581, 4133
11.98961591720581, 4132
11.998740673065186, 4131
11.999770164489746, 4130
11.999770164489746, 4129
12.012014627456665, 4128
12.012014627456665, 4127
12.027902364730835, 4126
12.028900146484375, 4125
12.040191411972046, 4124
12.060312747955322, 4123
12.06661319732666, 4122
12.084834337234497, 4121
12.084834337234497, 4120
12.095303058624268, 4119
12.10222315788269, 4118
12.122699737548828, 4117
12.123717069625854, 4116
12.149533987045288, 4115
12.149533987045288, 4114
12.24408745765686, 4113
12.245084047317505, 4112
12.251817226409912, 4111
12.252907276153564, 4110
12.257834196090698, 4109
12.269031524658203, 4108
12.269031524658203, 4107
12.269031524658203, 4106
12.33648943901062, 4105
12.337027788162231, 4104
12.347948551177979, 4103
12.363232612609863, 4102
12.367831468582153, 4101
12.367831468582153, 4100
12.367831468582153, 4099
12.367831468582153, 4098
12.367831468582153, 4097
12.367831468582153, 4096
12.383207082748413, 4095
12.41498589515686, 4094
12.415982723236084, 4093
12.451348066329956, 4092
12.523828029632568, 4091
12.551361083984375, 4090
12.562566041946411, 4089
12.59384536743164, 4088
12.595241069793701, 4087
12.598254203796387, 4086
12.602811098098755, 4085
12.695249557495117, 4084
12.702640056610107, 4083
12.702640056610107, 4082
12.739418506622314, 4081
12.7404146194458, 4080
12.749513149261475, 4079
12.770057916641235, 4078
12.770689725875854, 4077
12.780118227005005, 4076
12.781147718429565, 4075
12.822535753250122, 4074
12.852234840393066, 4073
12.92229962348938, 4072
12.92229962348938, 4071
12.923296928405762, 4070
12.923296928405762, 4069
12.939992189407349, 4068
12.945066928863525, 4067
12.963188409805298, 4066
12.99914836883545, 4065
13.01922345161438, 4064
13.01922345161438, 4063
13.030689477920532, 4062
13.031734943389893, 4061
13.031734943389893, 4060
13.08971095085144, 4059
13.098032236099243, 4058
13.099030256271362, 4057
13.100042581558228, 4056
13.120266437530518, 4055
13.123842000961304, 4054
13.134765863418579, 4053
13.149117946624756, 4052
13.161263227462769, 4051
13.169487237930298, 4050
13.170516729354858, 4049
13.17904543876648, 4048
13.17904543876648, 4047
13.17904543876648, 4046
13.189203262329102, 4045
13.189203262329102, 4044
13.189203262329102, 4043
13.21236538887024, 4042
13.21327257156372, 4041
13.21327257156372, 4040
13.22120213508606, 4039
13.229870319366455, 4038
13.248103141784668, 4037
13.2491295337677, 4036
13.269377708435059, 4035
13.333598375320435, 4034
13.35017728805542, 4033
13.350227355957031, 4032
13.367833375930786, 4031
13.368831396102905, 4030
13.393555164337158, 4029
13.398986577987671, 4028
13.398986577987671, 4027
13.417023181915283, 4026
13.417023181915283, 4025
13.41800832748413, 4024
13.422309160232544, 4023
13.446851253509521, 4022
13.447816371917725, 4021
13.454776525497437, 4020
13.454776525497437, 4019
13.460989236831665, 4018
13.462066173553467, 4017
13.463083505630493, 4016
13.472867250442505, 4015
13.481221675872803, 4014
13.52191948890686, 4013
13.550005435943604, 4012
13.575079202651978, 4011
13.58815598487854, 4010
13.593061208724976, 4009
13.599021911621094, 4008
13.663853168487549, 4007
13.664851427078247, 4006
13.664851427078247, 4005
13.68070650100708, 4004
13.728596925735474, 4003
13.732243061065674, 4002
13.732243061065674, 4001
13.732243061065674, 4000
13.75285530090332, 3999
13.756462335586548, 3998
13.770186185836792, 3997
13.783692836761475, 3996
13.787986278533936, 3995
13.79696798324585, 3994
13.79696798324585, 3993
13.79696798324585, 3992
13.798147678375244, 3991
13.815816402435303, 3990
13.854243278503418, 3989
13.86283254623413, 3988
13.867948770523071, 3987
13.89066481590271, 3986
13.893252849578857, 3985
13.923081874847412, 3984
13.923081874847412, 3983
13.964728355407715, 3982
13.964728355407715, 3981
13.982563018798828, 3980
14.005297660827637, 3979
14.006330966949463, 3978
14.008323431015015, 3977
14.021574258804321, 3976
14.039260625839233, 3975
14.080555438995361, 3974
14.09943151473999, 3973
14.113659858703613, 3972
14.126187562942505, 3971
14.130962371826172, 3970
14.169636726379395, 3969
14.180294036865234, 3968
14.186877250671387, 3967
14.194206714630127, 3966
14.19454026222229, 3965
14.200523138046265, 3964
14.200523138046265, 3963
14.200870752334595, 3962
14.20286512374878, 3961
14.247229814529419, 3960
14.247229814529419, 3959
14.266727685928345, 3958
14.280263662338257, 3957
14.298868656158447, 3956
14.298868656158447, 3955
14.344161748886108, 3954
14.344161748886108, 3953
14.349086046218872, 3952
14.352627754211426, 3951
14.357601165771484, 3950
14.359398126602173, 3949
14.364679336547852, 3948
14.364679336547852, 3947
14.36884331703186, 3946
14.392627239227295, 3945
14.404043197631836, 3944
14.410680294036865, 3943
14.412895679473877, 3942
14.438103437423706, 3941
14.438103437423706, 3940
14.447613954544067, 3939
14.464287519454956, 3938
14.506827354431152, 3937
14.524419069290161, 3936
14.538949012756348, 3935
14.560730457305908, 3934
14.598941802978516, 3933
14.61786437034607, 3932
14.618895292282104, 3931
14.635882377624512, 3930
14.635882377624512, 3929
14.668231725692749, 3928
14.679547548294067, 3927
14.702760457992554, 3926
14.730018377304077, 3925
14.733495950698853, 3924
14.739991426467896, 3923
14.755940198898315, 3922
14.764371395111084, 3921
14.765395164489746, 3920
14.785319089889526, 3919
14.786316871643066, 3918
14.85382890701294, 3917
14.862513065338135, 3916
14.878231763839722, 3915
14.886858701705933, 3914
14.919496297836304, 3913
14.919496297836304, 3912
14.92916989326477, 3911
14.938281297683716, 3910
14.979193210601807, 3909
15.011610984802246, 3908
15.031672954559326, 3907
15.031672954559326, 3906
15.085891723632812, 3905
15.096922874450684, 3904
15.10368824005127, 3903
15.130696296691895, 3902
15.134278059005737, 3901
15.16276741027832, 3900
15.172547817230225, 3899
15.172547817230225, 3898
15.194130420684814, 3897
15.194130420684814, 3896
15.204247951507568, 3895
15.216191053390503, 3894
15.23775863647461, 3893
15.238756656646729, 3892
15.23975396156311, 3891
15.269874095916748, 3890
15.303422451019287, 3889
15.310687780380249, 3888
15.312647819519043, 3887
15.322073698043823, 3886
15.328002214431763, 3885
15.340831995010376, 3884
15.364490032196045, 3883
15.365012645721436, 3882
15.386404991149902, 3881
15.38917088508606, 3880
15.421988248825073, 3879
15.421988248825073, 3878
15.423007488250732, 3877
15.439148187637329, 3876
15.439148187637329, 3875
15.444964170455933, 3874
15.448180913925171, 3873
15.456836700439453, 3872
15.468329429626465, 3871
15.504650831222534, 3870
15.536251068115234, 3869
15.537247896194458, 3868
15.544604063034058, 3867
15.544604063034058, 3866
15.545601606369019, 3865
15.555150747299194, 3864
15.61667013168335, 3863
15.62616753578186, 3862
15.62719988822937, 3861
15.63215160369873, 3860
15.699026823043823, 3859
15.7077956199646, 3858
15.719341039657593, 3857
15.737770795822144, 3856
15.747626543045044, 3855
15.74862813949585, 3854
15.74862813949585, 3853
15.769902229309082, 3852
15.799312114715576, 3851
15.799312114715576, 3850
15.818989276885986, 3849
15.818989276885986, 3848
15.859013319015503, 3847
15.86001181602478, 3846
15.863571166992188, 3845
15.863571166992188, 3844
15.910625219345093, 3843
15.919825792312622, 3842
15.934374570846558, 3841
15.947044134140015, 3840
15.947044134140015, 3839
15.964277982711792, 3838
15.965309143066406, 3837
15.983887910842896, 3836
15.989086627960205, 3835
15.990084171295166, 3834
16.01059055328369, 3833
16.034584045410156, 3832
16.041942834854126, 3831
16.05306386947632, 3830
16.08447551727295, 3829
16.08447551727295, 3828
16.088788270950317, 3827
16.088788270950317, 3826
16.098613739013672, 3825
16.145254611968994, 3824
16.145254611968994, 3823
16.16396164894104, 3822
16.164982080459595, 3821
16.164982080459595, 3820
16.238245010375977, 3819
16.238245010375977, 3818
16.25774121284485, 3817
16.266767024993896, 3816
16.2763409614563, 3815
16.297478914260864, 3814
16.298712015151978, 3813
16.299745321273804, 3812
16.30073833465576, 3811
16.318101167678833, 3810
16.36357545852661, 3809
16.36357545852661, 3808
16.36357545852661, 3807
16.37383484840393, 3806
16.3829824924469, 3805
16.395410776138306, 3804
16.399388313293457, 3803
16.424784421920776, 3802
16.44980525970459, 3801
16.456709623336792, 3800
16.466248750686646, 3799
16.466248750686646, 3798
16.485213041305542, 3797
16.485213041305542, 3796
16.493388652801514, 3795
16.518681049346924, 3794
16.53740406036377, 3793
16.53740406036377, 3792
16.547693014144897, 3791
16.547693014144897, 3790
16.56688618659973, 3789
16.568117380142212, 3788
16.57800054550171, 3787
16.587888717651367, 3786
16.69996452331543, 3785
16.714895963668823, 3784
16.718337535858154, 3783
16.730127811431885, 3782
16.761475801467896, 3781
16.76578640937805, 3780
16.76678442955017, 3779
16.787673950195312, 3778
16.787673950195312, 3777
16.789191007614136, 3776
16.806312084197998, 3775
16.837143182754517, 3774
16.89937114715576, 3773
16.91029667854309, 3772
16.911293268203735, 3771
16.923290491104126, 3770
16.93474507331848, 3769
16.935741901397705, 3768
16.953858852386475, 3767
16.977483987808228, 3766
16.978485345840454, 3765
16.98479914665222, 3764
16.98918867111206, 3763
16.995537281036377, 3762
16.998296976089478, 3761
17.013501167297363, 3760
17.018264293670654, 3759
17.048787117004395, 3758
17.048787117004395, 3757
17.069159984588623, 3756
17.105079889297485, 3755
17.105079889297485, 3754
17.114030838012695, 3753
17.11931347846985, 3752
17.16717839241028, 3751
17.168224096298218, 3750
17.168224096298218, 3749
17.22643780708313, 3748
17.286471843719482, 3747
17.3010516166687, 3746
17.347033739089966, 3745
17.348032236099243, 3744
17.382002115249634, 3743
17.39484405517578, 3742
17.438769102096558, 3741
17.439192056655884, 3740
17.514007329940796, 3739
17.529231309890747, 3738
17.536552906036377, 3737
17.55048179626465, 3736
17.581824779510498, 3735
17.59754252433777, 3734
17.59754252433777, 3733
17.605609893798828, 3732
17.606651067733765, 3731
17.620715856552124, 3730
17.620715856552124, 3729
17.65122389793396, 3728
17.66071653366089, 3727
17.694177865982056, 3726
17.702629566192627, 3725
17.74229598045349, 3724
17.74793553352356, 3723
17.74793553352356, 3722
17.748966217041016, 3721
17.803690671920776, 3720
17.840582370758057, 3719
17.851240396499634, 3718
17.855949640274048, 3717
17.952337741851807, 3716
18.017865657806396, 3715
18.02825617790222, 3714
18.0363986492157, 3713
18.038084745407104, 3712
18.038084745407104, 3711
18.08474850654602, 3710
18.08474850654602, 3709
18.1142475605011, 3708
18.115293741226196, 3707
18.123597621917725, 3706
18.141701221466064, 3705
18.141701221466064, 3704
18.14693856239319, 3703
18.19904136657715, 3702
18.230672359466553, 3701
18.230672359466553, 3700
18.24079728126526, 3699
18.25377631187439, 3698
18.254805088043213, 3697
18.25577211380005, 3696
18.26825714111328, 3695
18.269253969192505, 3694
18.289097785949707, 3693
18.289097785949707, 3692
18.289097785949707, 3691
18.29516887664795, 3690
18.29516887664795, 3689
18.31396746635437, 3688
18.314408779144287, 3687
18.320585012435913, 3686
18.322579383850098, 3685
18.34699249267578, 3684
18.35188317298889, 3683
18.361294746398926, 3682
18.361294746398926, 3681
18.361294746398926, 3680
18.361294746398926, 3679
18.496203899383545, 3678
18.53945231437683, 3677
18.596089839935303, 3676
18.59673285484314, 3675
18.6093487739563, 3674
18.62837815284729, 3673
18.630942821502686, 3672
18.760143041610718, 3671
18.7611403465271, 3670
18.7611403465271, 3669
18.768269538879395, 3668
18.768269538879395, 3667
18.800382614135742, 3666
18.800382614135742, 3665
18.819606065750122, 3664
18.840270280838013, 3663
18.842582941055298, 3662
18.86443853378296, 3661
18.929055213928223, 3660
18.93053960800171, 3659
18.93553900718689, 3658
18.966747045516968, 3657
18.967941761016846, 3656
18.977519750595093, 3655
18.97851800918579, 3654
18.982316970825195, 3653
18.982316970825195, 3652
18.98334574699402, 3651
18.986895084381104, 3650
19.062443494796753, 3649
19.084087371826172, 3648
19.0850830078125, 3647
19.0850830078125, 3646
19.102406978607178, 3645
19.120646238327026, 3644
19.12911820411682, 3643
19.143651723861694, 3642
19.183476209640503, 3641
19.184505224227905, 3640
19.184505224227905, 3639
19.208439111709595, 3638
19.214634656906128, 3637
19.21565580368042, 3636
19.220338344573975, 3635
19.220539808273315, 3634
19.220539808273315, 3633
19.221569538116455, 3632
19.27024817466736, 3631
19.271245002746582, 3630
19.282553672790527, 3629
19.312156915664673, 3628
19.34978175163269, 3627
19.35078001022339, 3626
19.351776361465454, 3625
19.356343984603882, 3624
19.357341766357422, 3623
19.357341766357422, 3622
19.397287845611572, 3621
19.41929292678833, 3620
19.41929292678833, 3619
19.42038655281067, 3618
19.42433476448059, 3617
19.432485342025757, 3616
19.43680500984192, 3615
19.437803506851196, 3614
19.43796730041504, 3613
19.44364881515503, 3612
19.480957984924316, 3611
19.50191855430603, 3610
19.518905639648438, 3609
19.529080629348755, 3608
19.53808355331421, 3607
19.54478359222412, 3606
19.549270153045654, 3605
19.55304741859436, 3604
19.556649446487427, 3603
19.566624402999878, 3602
19.586567640304565, 3601
19.618852138519287, 3600
19.618852138519287, 3599
19.618852138519287, 3598
19.669468879699707, 3597
19.669468879699707, 3596
19.675559043884277, 3595
19.676660537719727, 3594
19.70398473739624, 3593
19.712178230285645, 3592
19.718859434127808, 3591
19.719826221466064, 3590
19.72247314453125, 3589
19.73056983947754, 3588
19.734846830368042, 3587
19.73823118209839, 3586
19.73823118209839, 3585
19.74484872817993, 3584
19.788180112838745, 3583
19.78917670249939, 3582
19.801527500152588, 3581
19.81373429298401, 3580
19.81878423690796, 3579
19.81878423690796, 3578
19.81878423690796, 3577
19.867836713790894, 3576
19.86883306503296, 3575
19.86883306503296, 3574
19.901862621307373, 3573
19.911885738372803, 3572
19.911885738372803, 3571
19.91696047782898, 3570
19.91696047782898, 3569
19.918299436569214, 3568
19.92435932159424, 3567
19.92435932159424, 3566
19.946640729904175, 3565
19.979342937469482, 3564
19.979342937469482, 3563
20.00005292892456, 3562
20.0202476978302, 3561
20.05087447166443, 3560
20.070999145507812, 3559
20.08841848373413, 3558
20.08951187133789, 3557
20.08951187133789, 3556
20.092593669891357, 3555
20.092593669891357, 3554
20.111679077148438, 3553
20.132032871246338, 3552
20.134110689163208, 3551
20.13510823249817, 3550
20.1822030544281, 3549
20.193691968917847, 3548
20.242626667022705, 3547
20.242626667022705, 3546
20.455984354019165, 3545
20.456528902053833, 3544
20.471177339553833, 3543
20.4721782207489, 3542
20.4721782207489, 3541
20.47878122329712, 3540
20.50040602684021, 3539
20.50040602684021, 3538
20.50040602684021, 3537
20.50040602684021, 3536
20.501402854919434, 3535
20.52886414527893, 3534
20.6232271194458, 3533
20.66773009300232, 3532
20.66773009300232, 3531
20.668758869171143, 3530
20.669355392456055, 3529
20.677905797958374, 3528
20.703148365020752, 3527
20.703148365020752, 3526
20.71384024620056, 3525
20.714837074279785, 3524
20.715448141098022, 3523
20.721503496170044, 3522
20.722500324249268, 3521
20.72490620613098, 3520
20.725903749465942, 3519
20.728944778442383, 3518
20.728944778442383, 3517
20.728944778442383, 3516
20.748527765274048, 3515
20.751548051834106, 3514
20.76042604446411, 3513
20.761425256729126, 3512
20.761425256729126, 3511
20.76590633392334, 3510
20.76590633392334, 3509
20.77391290664673, 3508
20.776957988739014, 3507
20.777956008911133, 3506
20.777956008911133, 3505
20.809499979019165, 3504
20.812793731689453, 3503
20.823588848114014, 3502
20.824588298797607, 3501
20.886875867843628, 3500
20.887930870056152, 3499
20.887930870056152, 3498
20.887930870056152, 3497
20.887930870056152, 3496
20.891413688659668, 3495
20.891413688659668, 3494
20.91180157661438, 3493
20.917997360229492, 3492
20.92068886756897, 3491
20.92770218849182, 3490
20.946770906448364, 3489
20.9478178024292, 3488
20.95400643348694, 3487
20.95400643348694, 3486
20.95923376083374, 3485
20.960907459259033, 3484
20.960907459259033, 3483
20.96193814277649, 3482
21.013128757476807, 3481
21.013128757476807, 3480
21.013128757476807, 3479
21.017235279083252, 3478
21.02185869216919, 3477
21.02580976486206, 3476
21.03293538093567, 3475
21.042271614074707, 3474
21.043273448944092, 3473
21.049492120742798, 3472
21.101314544677734, 3471
21.111377239227295, 3470
21.12073802947998, 3469
21.15283465385437, 3468
21.178895711898804, 3467
21.179927349090576, 3466
21.18002724647522, 3465
21.181026935577393, 3464
21.18831777572632, 3463
21.200491905212402, 3462
21.217613458633423, 3461
21.226932048797607, 3460
21.239712476730347, 3459
21.26120948791504, 3458
21.263264179229736, 3457
21.318605184555054, 3456
21.3329975605011, 3455
21.3329975605011, 3454
21.337629795074463, 3453
21.337629795074463, 3452
21.33865976333618, 3451
21.353429794311523, 3450
21.364710807800293, 3449
21.366707801818848, 3448
21.367913007736206, 3447
21.36894416809082, 3446
21.376577854156494, 3445
21.41019868850708, 3444
21.41019868850708, 3443
21.547999620437622, 3442
21.69998025894165, 3441
21.73686718940735, 3440
21.74280095100403, 3439
21.74931526184082, 3438
21.751235961914062, 3437
21.90196919441223, 3436
22.141306161880493, 3435
22.144437074661255, 3434
22.146588563919067, 3433
22.14758849143982, 3432
22.23106837272644, 3431
22.278737545013428, 3430
22.287079334259033, 3429
22.3163583278656, 3428
22.316908836364746, 3427
22.328591346740723, 3426
22.39851212501526, 3425
22.399584770202637, 3424
22.40102767944336, 3423
22.402055978775024, 3422
22.42556881904602, 3421
22.431663751602173, 3420
22.432297706604004, 3419
22.438860416412354, 3418
22.49065852165222, 3417
22.657384395599365, 3416
22.69445300102234, 3415
22.698292016983032, 3414
22.727843284606934, 3413
22.727843284606934, 3412
22.816536903381348, 3411
22.82270121574402, 3410
22.824981689453125, 3409
22.912446975708008, 3408
22.912446975708008, 3407
22.913581371307373, 3406
22.95541763305664, 3405
22.95641565322876, 3404
23.057035446166992, 3403
23.060209035873413, 3402
23.179280996322632, 3401
23.186971426010132, 3400
32.99400734901428, 3399
33.161930084228516, 3398
33.29678654670715, 3397
33.40253281593323, 3396
34.186960220336914, 3395
35.657076358795166, 3394
36.19675827026367, 3393
36.713573932647705, 3392
37.0413076877594, 3391
37.22085618972778, 3390
37.402477502822876, 3389
37.51440143585205, 3388
38.57658624649048, 3387
38.68736410140991, 3386
38.808165550231934, 3385
38.80916976928711, 3384
39.2288122177124, 3383
39.2691593170166, 3382
39.83902335166931, 3381
40.45939493179321, 3380
40.96692752838135, 3379
41.3567636013031, 3378
41.357905864715576, 3377
42.2025830745697, 3376
43.106698989868164, 3375
43.162028789520264, 3374
43.33246636390686, 3373
43.603689670562744, 3372
44.54342246055603, 3371
44.68825149536133, 3370
46.074273109436035, 3369
46.73807501792908, 3368
46.73807501792908, 3367
47.54448676109314, 3366
48.941312313079834, 3365
50.27959394454956, 3364
50.31313967704773, 3363
51.2371928691864, 3362
52.64991521835327, 3361
52.933520793914795, 3360
53.041583776474, 3359
56.00149083137512, 3358
56.00149083137512, 3357
56.998757123947144, 3356
58.29522109031677, 3355
58.80353355407715, 3354
59.01338338851929, 3353
59.29123592376709, 3352
59.33027148246765, 3351
59.750643491744995, 3350
59.91883587837219, 3349
68.36688899993896, 3348
71.40803861618042, 3347
74.5712058544159, 3346
75.52923941612244, 3345
78.4572241306305, 3344
79.29105830192566, 3343
79.88914966583252, 3342
