0.0, 3323
0.1456918716430664, 3322
2.106306552886963, 3321
3.856736660003662, 3320
4.759304761886597, 3319
5.177427053451538, 3318
5.177427053451538, 3317
5.720044136047363, 3316
6.4669671058654785, 3315
6.773618221282959, 3314
6.775142669677734, 3313
6.791805982589722, 3312
7.26673150062561, 3311
9.138042688369751, 3310
9.221911907196045, 3309
10.689096450805664, 3308
11.750456094741821, 3307
11.934957504272461, 3306
14.19658350944519, 3305
15.856210708618164, 3304
54.14684867858887, 3303
