6.83502197265625, 5687
6.83502197265625, 5686
6.83502197265625, 5685
6.848224639892578, 5684
6.848224639892578, 5683
6.84922194480896, 5682
6.850186586380005, 5681
6.850186586380005, 5680
6.850186586380005, 5679
6.851216077804565, 5678
6.851216077804565, 5677
6.8521809577941895, 5676
6.853223562240601, 5675
6.859501361846924, 5674
6.8605005741119385, 5673
6.860860109329224, 5672
6.861872911453247, 5671
6.863544940948486, 5670
6.863544940948486, 5669
6.867371320724487, 5668
6.869397163391113, 5667
6.8746116161346436, 5666
6.8746116161346436, 5665
6.875641822814941, 5664
6.875962495803833, 5663
6.876991271972656, 5662
6.876991271972656, 5661
6.876991271972656, 5660
6.880352258682251, 5659
6.880592584609985, 5658
6.88174843788147, 5657
6.882587671279907, 5656
6.882587671279907, 5655
6.883585453033447, 5654
6.88458251953125, 5653
6.88458251953125, 5652
6.897833824157715, 5651
6.901762008666992, 5650
6.9027745723724365, 5649
6.905044078826904, 5648
6.905044078826904, 5647
6.905044078826904, 5646
6.905044078826904, 5645
6.905044078826904, 5644
6.905044078826904, 5643
6.917739629745483, 5642
6.917739629745483, 5641
6.917739629745483, 5640
6.917739629745483, 5639
6.917739629745483, 5638
6.917739629745483, 5637
6.922834157943726, 5636
6.9270594120025635, 5635
6.928900480270386, 5634
6.930509328842163, 5633
6.930509328842163, 5632
6.930509328842163, 5631
6.93253493309021, 5630
6.935060262680054, 5629
6.935060262680054, 5628
6.935060262680054, 5627
6.935060262680054, 5626
6.935060262680054, 5625
6.935060262680054, 5624
6.94597053527832, 5623
6.947166204452515, 5622
6.948163986206055, 5621
6.948163986206055, 5620
6.94979190826416, 5619
6.952782869338989, 5618
6.95646333694458, 5617
6.95646333694458, 5616
6.95646333694458, 5615
6.95646333694458, 5614
6.95646333694458, 5613
6.95646333694458, 5612
6.95646333694458, 5611
6.95646333694458, 5610
6.95646333694458, 5609
6.963013648986816, 5608
6.964010715484619, 5607
6.964010715484619, 5606
6.967449426651001, 5605
6.968451023101807, 5604
6.97517204284668, 5603
6.97517204284668, 5602
6.97517204284668, 5601
6.97517204284668, 5600
6.97517204284668, 5599
6.979299545288086, 5598
6.980297327041626, 5597
6.981328010559082, 5596
6.981579303741455, 5595
6.981579303741455, 5594
6.981579303741455, 5593
6.989315986633301, 5592
6.9928624629974365, 5591
6.992910861968994, 5590
6.995173692703247, 5589
6.99716329574585, 5588
6.9987828731536865, 5587
6.999812364578247, 5586
6.999812364578247, 5585
7.000828266143799, 5584
7.001818418502808, 5583
7.002867698669434, 5582
7.002867698669434, 5581
7.002867698669434, 5580
7.003867864608765, 5579
7.004420518875122, 5578
7.0054497718811035, 5577
7.0054497718811035, 5576
7.0054497718811035, 5575
7.0054497718811035, 5574
7.0054497718811035, 5573
7.0054497718811035, 5572
7.0054497718811035, 5571
7.0054497718811035, 5570
7.0054497718811035, 5569
7.0179619789123535, 5568
7.0179619789123535, 5567
7.0179619789123535, 5566
7.0179619789123535, 5565
7.0179619789123535, 5564
7.0179619789123535, 5563
7.023971080780029, 5562
7.023971080780029, 5561
7.024967908859253, 5560
7.024967908859253, 5559
7.024967908859253, 5558
7.024967908859253, 5557
7.024967908859253, 5556
7.029082536697388, 5555
7.030079364776611, 5554
7.031078100204468, 5553
7.031078100204468, 5552
7.034527063369751, 5551
7.04941725730896, 5550
7.050832271575928, 5549
7.053478956222534, 5548
7.054270267486572, 5547
7.054270267486572, 5546
7.056267023086548, 5545
7.056267023086548, 5544
7.056267023086548, 5543
7.056267023086548, 5542
7.056267023086548, 5541
7.056267023086548, 5540
7.056267023086548, 5539
7.056267023086548, 5538
7.056267023086548, 5537
7.0653297901153564, 5536
7.06627631187439, 5535
7.067272901535034, 5534
7.067506551742554, 5533
7.068523168563843, 5532
7.071514368057251, 5531
7.074197292327881, 5530
7.074197292327881, 5529
7.075194597244263, 5528
7.075194597244263, 5527
7.075194597244263, 5526
7.113083124160767, 5525
7.114094972610474, 5524
7.129053831100464, 5523
7.130106210708618, 5522
7.174580812454224, 5521
7.174580812454224, 5520
7.175579309463501, 5519
7.184219598770142, 5518
7.184219598770142, 5517
7.184219598770142, 5516
7.184219598770142, 5515
7.184219598770142, 5514
7.1935460567474365, 5513
7.195142030715942, 5512
7.196315765380859, 5511
7.19731068611145, 5510
7.198785305023193, 5509
7.199813365936279, 5508
7.206964731216431, 5507
7.207993030548096, 5506
7.207993030548096, 5505
7.265379428863525, 5504
7.283117771148682, 5503
7.335498571395874, 5502
7.335498571395874, 5501
7.335498571395874, 5500
7.345008134841919, 5499
7.345008134841919, 5498
7.34689998626709, 5497
7.346945762634277, 5496
7.347941160202026, 5495
7.347941160202026, 5494
7.435989141464233, 5493
7.436291217803955, 5492
7.4528303146362305, 5491
7.4528303146362305, 5490
7.455143451690674, 5489
7.465442180633545, 5488
7.467860460281372, 5487
7.467860460281372, 5486
7.467860460281372, 5485
7.468857765197754, 5484
7.473161935806274, 5483
7.474412202835083, 5482
7.475440979003906, 5481
7.50428318977356, 5480
7.50428318977356, 5479
7.50428318977356, 5478
7.50428318977356, 5477
7.50428318977356, 5476
7.50428318977356, 5475
7.50428318977356, 5474
7.50428318977356, 5473
7.50428318977356, 5472
7.50428318977356, 5471
7.522603511810303, 5470
7.523651838302612, 5469
7.529914617538452, 5468
7.530911207199097, 5467
7.537067890167236, 5466
7.538100242614746, 5465
7.558817625045776, 5464
7.559817314147949, 5463
7.559817314147949, 5462
7.581434965133667, 5461
7.58243203163147, 5460
7.583096742630005, 5459
7.583096742630005, 5458
7.584094524383545, 5457
7.584094524383545, 5456
7.58785343170166, 5455
7.58984637260437, 5454
7.590843677520752, 5453
7.59345006942749, 5452
7.598753452301025, 5451
7.613997936248779, 5450
7.614661455154419, 5449
7.6173694133758545, 5448
7.6173694133758545, 5447
7.6173694133758545, 5446
7.6173694133758545, 5445
7.6173694133758545, 5444
7.6173694133758545, 5443
7.6173694133758545, 5442
7.6173694133758545, 5441
7.622926712036133, 5440
7.646347761154175, 5439
7.6474175453186035, 5438
7.649762392044067, 5437
7.649762392044067, 5436
7.649762392044067, 5435
7.6507933139801025, 5434
7.6507933139801025, 5433
7.655453681945801, 5432
7.655453681945801, 5431
7.655453681945801, 5430
7.655453681945801, 5429
7.655453681945801, 5428
7.655453681945801, 5427
7.655453681945801, 5426
7.6642138957977295, 5425
7.6652116775512695, 5424
7.684447526931763, 5423
7.68544340133667, 5422
7.686868906021118, 5421
7.686868906021118, 5420
7.686868906021118, 5419
7.686868906021118, 5418
7.686868906021118, 5417
7.686868906021118, 5416
7.686868906021118, 5415
7.686868906021118, 5414
7.686868906021118, 5413
7.686868906021118, 5412
7.703027725219727, 5411
7.705054759979248, 5410
7.705054759979248, 5409
7.705054759979248, 5408
7.705054759979248, 5407
7.705054759979248, 5406
7.716514825820923, 5405
7.716514825820923, 5404
7.717545509338379, 5403
7.717545509338379, 5402
7.717545509338379, 5401
7.717545509338379, 5400
7.717545509338379, 5399
7.722824335098267, 5398
7.723851680755615, 5397
7.725534677505493, 5396
7.730672836303711, 5395
7.735416889190674, 5394
7.735416889190674, 5393
7.735416889190674, 5392
7.735416889190674, 5391
7.742856740951538, 5390
7.743858337402344, 5389
7.744370698928833, 5388
7.7454001903533936, 5387
7.7456724643707275, 5386
7.746870517730713, 5385
7.747867822647095, 5384
7.747867822647095, 5383
7.748898029327393, 5382
7.7494165897369385, 5381
7.7504472732543945, 5380
7.7504472732543945, 5379
7.754047393798828, 5378
7.755079984664917, 5377
7.755079984664917, 5376
7.755079984664917, 5375
7.755079984664917, 5374
7.755079984664917, 5373
7.764374256134033, 5372
7.76537299156189, 5371
7.76537299156189, 5370
7.76537299156189, 5369
7.76537299156189, 5368
7.773081064224243, 5367
7.774333953857422, 5366
7.776329278945923, 5365
7.776329278945923, 5364
7.781131267547607, 5363
7.783126354217529, 5362
7.8007471561431885, 5361
7.8017799854278564, 5360
7.8017799854278564, 5359
7.802783727645874, 5358
7.803783416748047, 5357
7.803783416748047, 5356
7.803783416748047, 5355
7.803783416748047, 5354
7.835366487503052, 5353
7.843211889266968, 5352
7.843211889266968, 5351
7.84420919418335, 5350
7.847189664840698, 5349
7.847189664840698, 5348
7.848221063613892, 5347
7.848221063613892, 5346
7.852722406387329, 5345
7.852722406387329, 5344
7.853722333908081, 5343
7.854092121124268, 5342
7.855121374130249, 5341
7.855121374130249, 5340
7.867058277130127, 5339
7.869224786758423, 5338
7.8727781772613525, 5337
7.8727781772613525, 5336
7.8727781772613525, 5335
7.874583721160889, 5334
7.875613451004028, 5333
7.875613451004028, 5332
7.875613451004028, 5331
7.875613451004028, 5330
7.883816480636597, 5329
7.883816480636597, 5328
7.88785719871521, 5327
7.88785719871521, 5326
7.88785719871521, 5325
7.88785719871521, 5324
7.88785719871521, 5323
7.897224426269531, 5322
7.898221015930176, 5321
7.898221015930176, 5320
7.898221015930176, 5319
7.9028215408325195, 5318
7.9028215408325195, 5317
7.9028215408325195, 5316
7.903875112533569, 5315
7.903875112533569, 5314
7.903875112533569, 5313
7.904872417449951, 5312
7.905202388763428, 5311
7.905202388763428, 5310
7.907197952270508, 5309
7.907197952270508, 5308
7.907197952270508, 5307
7.907197952270508, 5306
7.9081947803497314, 5305
7.9081947803497314, 5304
7.9081947803497314, 5303
7.9081947803497314, 5302
7.9081947803497314, 5301
7.912863731384277, 5300
7.91385293006897, 5299
7.91385293006897, 5298
7.9148499965667725, 5297
7.916351556777954, 5296
7.917348623275757, 5295
7.917348623275757, 5294
7.917348623275757, 5293
7.929638385772705, 5292
7.930627346038818, 5291
7.931208610534668, 5290
7.933480978012085, 5289
7.9341113567352295, 5288
7.9341113567352295, 5287
7.93514084815979, 5286
7.93514084815979, 5285
7.93514084815979, 5284
7.93514084815979, 5283
7.93514084815979, 5282
7.93514084815979, 5281
7.93514084815979, 5280
7.93514084815979, 5279
7.943870782852173, 5278
7.944839239120483, 5277
7.944839239120483, 5276
7.944839239120483, 5275
7.94583535194397, 5274
7.946882724761963, 5273
7.948063135147095, 5272
7.950730800628662, 5271
7.950730800628662, 5270
7.951730012893677, 5269
7.951730012893677, 5268
7.952773332595825, 5267
7.954061508178711, 5266
7.956087827682495, 5265
7.956087827682495, 5264
7.956087827682495, 5263
7.956087827682495, 5262
7.956087827682495, 5261
7.956087827682495, 5260
7.956087827682495, 5259
7.956087827682495, 5258
7.956087827682495, 5257
7.956087827682495, 5256
7.956087827682495, 5255
7.956087827682495, 5254
7.965343952178955, 5253
7.965343952178955, 5252
7.965343952178955, 5251
7.973249435424805, 5250
7.973249435424805, 5249
7.974369525909424, 5248
7.975398778915405, 5247
7.975398778915405, 5246
7.98142147064209, 5245
7.982470750808716, 5244
7.983469486236572, 5243
7.984497547149658, 5242
7.984497547149658, 5241
7.984497547149658, 5240
7.998827219009399, 5239
7.998827219009399, 5238
7.998827219009399, 5237
8.000123977661133, 5236
8.00112271308899, 5235
8.002120971679688, 5234
8.002120971679688, 5233
8.003130197525024, 5232
8.004130840301514, 5231
8.004130840301514, 5230
8.005129098892212, 5229
8.005129098892212, 5228
8.008187770843506, 5227
8.008187770843506, 5226
8.008187770843506, 5225
8.008187770843506, 5224
8.008187770843506, 5223
8.011112928390503, 5222
8.012112140655518, 5221
8.012112140655518, 5220
8.015127182006836, 5219
8.015127182006836, 5218
8.015127182006836, 5217
8.015127182006836, 5216
8.015127182006836, 5215
8.015127182006836, 5214
8.015127182006836, 5213
8.015127182006836, 5212
8.015127182006836, 5211
8.015127182006836, 5210
8.015127182006836, 5209
8.015127182006836, 5208
8.024295330047607, 5207
8.025294065475464, 5206
8.026156425476074, 5205
8.026156425476074, 5204
8.027154207229614, 5203
8.034458875656128, 5202
8.034458875656128, 5201
8.044571161270142, 5200
8.046730995178223, 5199
8.046730995178223, 5198
8.046730995178223, 5197
8.046730995178223, 5196
8.060171127319336, 5195
8.060171127319336, 5194
8.086239337921143, 5193
8.086239337921143, 5192
8.086239337921143, 5191
8.094441413879395, 5190
8.094441413879395, 5189
8.095470428466797, 5188
8.103979110717773, 5187
8.104976177215576, 5186
8.104976177215576, 5185
8.105551958084106, 5184
8.10654878616333, 5183
8.110856056213379, 5182
8.111854076385498, 5181
8.114171266555786, 5180
8.114171266555786, 5179
8.115197896957397, 5178
8.115197896957397, 5177
8.115197896957397, 5176
8.115197896957397, 5175
8.115197896957397, 5174
8.115197896957397, 5173
8.115197896957397, 5172
8.122811079025269, 5171
8.122811079025269, 5170
8.122811079025269, 5169
8.124476909637451, 5168
8.125475406646729, 5167
8.126234531402588, 5166
8.126234531402588, 5165
8.127233505249023, 5164
8.127233505249023, 5163
8.127233505249023, 5162
8.130253553390503, 5161
8.130253553390503, 5160
8.131252765655518, 5159
8.131252765655518, 5158
8.132806777954102, 5157
8.134061813354492, 5156
8.135061502456665, 5155
8.135061502456665, 5154
8.135061502456665, 5153
8.135061502456665, 5152
8.135061502456665, 5151
8.135061502456665, 5150
8.135061502456665, 5149
8.145079612731934, 5148
8.14815640449524, 5147
8.152732133865356, 5146
8.15499234199524, 5145
8.162256479263306, 5144
8.167034149169922, 5143
8.167034149169922, 5142
8.167034149169922, 5141
8.167034149169922, 5140
8.167034149169922, 5139
8.17446780204773, 5138
8.17546558380127, 5137
8.176371812820435, 5136
8.177372694015503, 5135
8.18096137046814, 5134
8.182528972625732, 5133
8.182528972625732, 5132
8.182528972625732, 5131
8.18352723121643, 5130
8.18352723121643, 5129
8.185132265090942, 5128
8.185132265090942, 5127
8.185132265090942, 5126
8.185132265090942, 5125
8.186158180236816, 5124
8.186158180236816, 5123
8.186158180236816, 5122
8.186158180236816, 5121
8.186158180236816, 5120
8.195278882980347, 5119
8.19627833366394, 5118
8.197161436080933, 5117
8.198190927505493, 5116
8.198190927505493, 5115
8.19938349723816, 5114
8.19938349723816, 5113
8.202882289886475, 5112
8.202882289886475, 5111
8.20529818534851, 5110
8.207350254058838, 5109
8.207350254058838, 5108
8.207350254058838, 5107
8.208381414413452, 5106
8.20934510231018, 5105
8.210344552993774, 5104
8.211360931396484, 5103
8.21704649925232, 5102
8.218043804168701, 5101
8.218349933624268, 5100
8.219383716583252, 5099
8.219383716583252, 5098
8.219383716583252, 5097
8.219383716583252, 5096
8.219383716583252, 5095
8.219383716583252, 5094
8.222939014434814, 5093
8.222939014434814, 5092
8.222939014434814, 5091
8.231632471084595, 5090
8.234538078308105, 5089
8.234538078308105, 5088
8.235536336898804, 5087
8.235536336898804, 5086
8.238368272781372, 5085
8.240363359451294, 5084
8.24606966972351, 5083
8.24805235862732, 5082
8.24805235862732, 5081
8.24805235862732, 5080
8.24805235862732, 5079
8.24805235862732, 5078
8.24805235862732, 5077
8.254233837127686, 5076
8.255262851715088, 5075
8.255262851715088, 5074
8.255262851715088, 5073
8.255262851715088, 5072
8.255262851715088, 5071
8.262704610824585, 5070
8.265721321105957, 5069
8.266408443450928, 5068
8.267406463623047, 5067
8.268367052078247, 5066
8.269366025924683, 5065
8.269366025924683, 5064
8.270363092422485, 5063
8.270363092422485, 5062
8.270363092422485, 5061
8.271360397338867, 5060
8.271360397338867, 5059
8.272959470748901, 5058
8.272959470748901, 5057
8.274203538894653, 5056
8.27520227432251, 5055
8.276747941970825, 5054
8.277749300003052, 5053
8.281591415405273, 5052
8.285481452941895, 5051
8.285481452941895, 5050
8.296196937561035, 5049
8.29719352722168, 5048
8.29719352722168, 5047
8.29719352722168, 5046
8.29719352722168, 5045
8.29719352722168, 5044
8.29719352722168, 5043
8.30435848236084, 5042
8.305386304855347, 5041
8.307382345199585, 5040
8.307382345199585, 5039
8.31270170211792, 5038
8.31270170211792, 5037
8.313699960708618, 5036
8.314695835113525, 5035
8.314695835113525, 5034
8.315692663192749, 5033
8.315692663192749, 5032
8.315692663192749, 5031
8.316754579544067, 5030
8.317752838134766, 5029
8.317752838134766, 5028
8.317752838134766, 5027
8.320416927337646, 5026
8.322973012924194, 5025
8.322973012924194, 5024
8.322973012924194, 5023
8.330856800079346, 5022
8.330856800079346, 5021
8.330856800079346, 5020
8.331854820251465, 5019
8.347927808761597, 5018
8.347927808761597, 5017
8.347927808761597, 5016
8.347927808761597, 5015
8.347927808761597, 5014
8.347927808761597, 5013
8.352497100830078, 5012
8.352497100830078, 5011
8.352497100830078, 5010
8.356161117553711, 5009
8.356161117553711, 5008
8.356161117553711, 5007
8.356161117553711, 5006
8.356161117553711, 5005
8.356161117553711, 5004
8.36612844467163, 5003
8.36612844467163, 5002
8.36612844467163, 5001
8.367157697677612, 5000
8.367157697677612, 4999
8.367157697677612, 4998
8.367157697677612, 4997
8.367157697677612, 4996
8.367157697677612, 4995
8.372718572616577, 4994
8.380690813064575, 4993
8.380690813064575, 4992
8.380690813064575, 4991
8.385378122329712, 4990
8.385378122329712, 4989
8.385378122329712, 4988
8.385378122329712, 4987
8.385378122329712, 4986
8.385378122329712, 4985
8.393131732940674, 4984
8.402543306350708, 4983
8.403541803359985, 4982
8.4041428565979, 4981
8.405141353607178, 4980
8.405141353607178, 4979
8.405141353607178, 4978
8.405141353607178, 4977
8.405141353607178, 4976
8.405141353607178, 4975
8.405141353607178, 4974
8.405141353607178, 4973
8.405141353607178, 4972
8.405141353607178, 4971
8.405141353607178, 4970
8.405141353607178, 4969
8.405141353607178, 4968
8.412924766540527, 4967
8.416008234024048, 4966
8.416008234024048, 4965
8.416008234024048, 4964
8.416008234024048, 4963
8.416008234024048, 4962
8.416008234024048, 4961
8.416008234024048, 4960
8.416008234024048, 4959
8.416008234024048, 4958
8.416008234024048, 4957
8.416008234024048, 4956
8.416008234024048, 4955
8.416008234024048, 4954
8.416008234024048, 4953
8.422558784484863, 4952
8.422558784484863, 4951
8.422558784484863, 4950
8.422558784484863, 4949
8.428063869476318, 4948
8.429062604904175, 4947
8.43006181716919, 4946
8.43006181716919, 4945
8.43006181716919, 4944
8.431088209152222, 4943
8.431088209152222, 4942
8.432477235794067, 4941
8.432477235794067, 4940
8.432477235794067, 4939
8.44295334815979, 4938
8.44557809829712, 4937
8.446568965911865, 4936
8.447566032409668, 4935
8.447566032409668, 4934
8.447566032409668, 4933
8.447566032409668, 4932
8.453636646270752, 4931
8.454225063323975, 4930
8.455222129821777, 4929
8.455222129821777, 4928
8.455222129821777, 4927
8.455222129821777, 4926
8.464521646499634, 4925
8.465516090393066, 4924
8.467199087142944, 4923
8.467199087142944, 4922
8.467199087142944, 4921
8.467199087142944, 4920
8.467199087142944, 4919
8.467199087142944, 4918
8.467199087142944, 4917
8.472651481628418, 4916
8.473649501800537, 4915
8.473649501800537, 4914
8.479857206344604, 4913
8.480358600616455, 4912
8.481389045715332, 4911
8.481389045715332, 4910
8.482945680618286, 4909
8.482945680618286, 4908
8.482945680618286, 4907
8.484209299087524, 4906
8.48524022102356, 4905
8.48524022102356, 4904
8.48524022102356, 4903
8.48524022102356, 4902
8.48524022102356, 4901
8.48524022102356, 4900
8.493914365768433, 4899
8.49444055557251, 4898
8.49444055557251, 4897
8.49444055557251, 4896
8.495439529418945, 4895
8.497325658798218, 4894
8.498323917388916, 4893
8.499321460723877, 4892
8.499321460723877, 4891
8.499321460723877, 4890
8.50031852722168, 4889
8.50031852722168, 4888
8.50031852722168, 4887
8.505383491516113, 4886
8.505383491516113, 4885
8.505383491516113, 4884
8.505383491516113, 4883
8.505383491516113, 4882
8.515732288360596, 4881
8.515732288360596, 4880
8.515732288360596, 4879
8.515732288360596, 4878
8.515732288360596, 4877
8.515732288360596, 4876
8.515732288360596, 4875
8.515732288360596, 4874
8.515732288360596, 4873
8.53316330909729, 4872
8.534344911575317, 4871
8.534344911575317, 4870
8.535344123840332, 4869
8.536082029342651, 4868
8.537080526351929, 4867
8.537080526351929, 4866
8.537080526351929, 4865
8.546064138412476, 4864
8.547061920166016, 4863
8.548060178756714, 4862
8.554286479949951, 4861
8.554286479949951, 4860
8.55531620979309, 4859
8.55531620979309, 4858
8.55531620979309, 4857
8.55531620979309, 4856
8.55531620979309, 4855
8.566854000091553, 4854
8.566854000091553, 4853
8.566854000091553, 4852
8.566854000091553, 4851
8.573098182678223, 4850
8.573098182678223, 4849
8.573098182678223, 4848
8.573098182678223, 4847
8.57423448562622, 4846
8.57423448562622, 4845
8.57423448562622, 4844
8.575231313705444, 4843
8.575231313705444, 4842
8.575231313705444, 4841
8.576167106628418, 4840
8.576167106628418, 4839
8.577166557312012, 4838
8.577166557312012, 4837
8.579845666885376, 4836
8.582937002182007, 4835
8.584325790405273, 4834
8.585323095321655, 4833
8.585323095321655, 4832
8.586426496505737, 4831
8.58742618560791, 4830
8.587714433670044, 4829
8.587714433670044, 4828
8.588712930679321, 4827
8.590716361999512, 4826
8.590716361999512, 4825
8.591714143753052, 4824
8.591714143753052, 4823
8.592712879180908, 4822
8.593709945678711, 4821
8.594458818435669, 4820
8.594458818435669, 4819
8.594458818435669, 4818
8.595456838607788, 4817
8.595456838607788, 4816
8.596455335617065, 4815
8.59762167930603, 4814
8.59762167930603, 4813
8.598798990249634, 4812
8.599797010421753, 4811
8.600358724594116, 4810
8.600358724594116, 4809
8.601357698440552, 4808
8.601357698440552, 4807
8.602950811386108, 4806
8.602950811386108, 4805
8.603949785232544, 4804
8.603949785232544, 4803
8.603949785232544, 4802
8.603949785232544, 4801
8.603949785232544, 4800
8.607515096664429, 4799
8.609223365783691, 4798
8.609223365783691, 4797
8.61023473739624, 4796
8.612122535705566, 4795
8.612642288208008, 4794
8.613641500473022, 4793
8.614429712295532, 4792
8.614429712295532, 4791
8.61542797088623, 4790
8.61542797088623, 4789
8.61542797088623, 4788
8.616424083709717, 4787
8.616424083709717, 4786
8.616424083709717, 4785
8.616424083709717, 4784
8.617570877075195, 4783
8.617570877075195, 4782
8.617570877075195, 4781
8.619795560836792, 4780
8.619795560836792, 4779
8.619795560836792, 4778
8.619795560836792, 4777
8.619795560836792, 4776
8.619795560836792, 4775
8.619795560836792, 4774
8.619795560836792, 4773
8.62295126914978, 4772
8.623949527740479, 4771
8.624947786331177, 4770
8.624947786331177, 4769
8.624947786331177, 4768
8.625943183898926, 4767
8.625943183898926, 4766
8.625943183898926, 4765
8.625943183898926, 4764
8.625943183898926, 4763
8.625943183898926, 4762
8.625943183898926, 4761
8.625943183898926, 4760
8.628735542297363, 4759
8.630024433135986, 4758
8.630024433135986, 4757
8.631021738052368, 4756
8.632019996643066, 4755
8.633016586303711, 4754
8.63400149345398, 4753
8.635002613067627, 4752
8.635002613067627, 4751
8.63646411895752, 4750
8.63746190071106, 4749
8.638739824295044, 4748
8.638739824295044, 4747
8.639736413955688, 4746
8.639736413955688, 4745
8.639736413955688, 4744
8.639736413955688, 4743
8.639736413955688, 4742
8.639736413955688, 4741
8.639736413955688, 4740
8.639736413955688, 4739
8.639736413955688, 4738
8.639736413955688, 4737
8.642948389053345, 4736
8.642948389053345, 4735
8.643970727920532, 4734
8.644646167755127, 4733
8.645641803741455, 4732
8.64570164680481, 4731
8.647697687149048, 4730
8.647697687149048, 4729
8.647697687149048, 4728
8.647697687149048, 4727
8.652571439743042, 4726
8.652571439743042, 4725
8.654047966003418, 4724
8.655077934265137, 4723
8.655077934265137, 4722
8.655077934265137, 4721
8.655077934265137, 4720
8.655077934265137, 4719
8.655077934265137, 4718
8.655077934265137, 4717
8.655077934265137, 4716
8.655077934265137, 4715
8.655077934265137, 4714
8.655077934265137, 4713
8.662565231323242, 4712
8.663557767868042, 4711
8.664568185806274, 4710
8.664568185806274, 4709
8.664568185806274, 4708
8.665953397750854, 4707
8.665953397750854, 4706
8.666985034942627, 4705
8.666985034942627, 4704
8.666985034942627, 4703
8.666985034942627, 4702
8.666985034942627, 4701
8.666985034942627, 4700
8.666985034942627, 4699
8.666985034942627, 4698
8.666985034942627, 4697
8.666985034942627, 4696
8.666985034942627, 4695
8.666985034942627, 4694
8.672563314437866, 4693
8.672563314437866, 4692
8.672563314437866, 4691
8.673964023590088, 4690
8.673964023590088, 4689
8.674996376037598, 4688
8.674996376037598, 4687
8.676269292831421, 4686
8.677304983139038, 4685
8.677304983139038, 4684
8.678781747817993, 4683
8.679777383804321, 4682
8.680773735046387, 4681
8.681771755218506, 4680
8.68276858329773, 4679
8.683315515518188, 4678
8.683315515518188, 4677
8.683315515518188, 4676
8.684313297271729, 4675
8.684313297271729, 4674
8.684313297271729, 4673
8.68530821800232, 4672
8.685527086257935, 4671
8.685527086257935, 4670
8.685527086257935, 4669
8.686524629592896, 4668
8.686524629592896, 4667
8.686524629592896, 4666
8.686524629592896, 4665
8.686524629592896, 4664
8.686524629592896, 4663
8.686524629592896, 4662
8.686524629592896, 4661
8.686524629592896, 4660
8.686524629592896, 4659
8.686524629592896, 4658
8.686524629592896, 4657
8.686524629592896, 4656
8.686524629592896, 4655
8.686524629592896, 4654
8.686524629592896, 4653
8.686524629592896, 4652
8.686524629592896, 4651
8.686524629592896, 4650
8.686524629592896, 4649
8.686524629592896, 4648
8.692606687545776, 4647
8.693531513214111, 4646
8.693531513214111, 4645
8.693531513214111, 4644
8.693531513214111, 4643
8.6945960521698, 4642
8.6945960521698, 4641
8.6945960521698, 4640
8.695594549179077, 4639
8.696593284606934, 4638
8.696593284606934, 4637
8.69762134552002, 4636
8.69762134552002, 4635
8.69762134552002, 4634
8.698621034622192, 4633
8.69896650314331, 4632
8.69896650314331, 4631
8.69896650314331, 4630
8.69896650314331, 4629
8.699997663497925, 4628
8.699997663497925, 4627
8.699997663497925, 4626
8.699997663497925, 4625
8.699997663497925, 4624
8.699997663497925, 4623
8.699997663497925, 4622
8.704883337020874, 4621
8.704883337020874, 4620
8.704883337020874, 4619
8.70587968826294, 4618
8.70587968826294, 4617
8.70587968826294, 4616
8.70587968826294, 4615
8.70587968826294, 4614
8.70587968826294, 4613
8.70587968826294, 4612
8.70587968826294, 4611
8.70587968826294, 4610
8.70587968826294, 4609
8.70587968826294, 4608
8.70587968826294, 4607
8.70587968826294, 4606
8.70587968826294, 4605
8.70587968826294, 4604
8.70587968826294, 4603
8.70587968826294, 4602
8.71249794960022, 4601
8.713483810424805, 4600
8.714212894439697, 4599
8.7152099609375, 4598
8.7152099609375, 4597
8.7152099609375, 4596
8.7152099609375, 4595
8.7152099609375, 4594
8.7152099609375, 4593
8.7152099609375, 4592
8.7152099609375, 4591
8.719995975494385, 4590
8.720994710922241, 4589
8.728686809539795, 4588
8.729762554168701, 4587
8.729762554168701, 4586
8.730839014053345, 4585
8.731836795806885, 4584
8.732227325439453, 4583
8.732739448547363, 4582
8.732739448547363, 4581
8.733732461929321, 4580
8.733732461929321, 4579
8.733732461929321, 4578
8.734750747680664, 4577
8.734750747680664, 4576
8.73578429222107, 4575
8.736778497695923, 4574
8.736778497695923, 4573
8.736778497695923, 4572
8.736778497695923, 4571
8.736778497695923, 4570
8.736778497695923, 4569
8.736778497695923, 4568
8.736778497695923, 4567
8.736778497695923, 4566
8.736778497695923, 4565
8.742852449417114, 4564
8.745756149291992, 4563
8.751368522644043, 4562
8.751368522644043, 4561
8.75233268737793, 4560
8.75333023071289, 4559
8.75333023071289, 4558
8.754533767700195, 4557
8.754533767700195, 4556
8.755532264709473, 4555
8.755532264709473, 4554
8.755532264709473, 4553
8.755532264709473, 4552
8.764997482299805, 4551
8.765957355499268, 4550
8.765957355499268, 4549
8.76695466041565, 4548
8.76695466041565, 4547
8.76695466041565, 4546
8.76695466041565, 4545
8.76695466041565, 4544
8.773913145065308, 4543
8.774326801300049, 4542
8.774326801300049, 4541
8.774326801300049, 4540
8.774326801300049, 4539
8.775323152542114, 4538
8.775323152542114, 4537
8.775323152542114, 4536
8.776296854019165, 4535
8.781856298446655, 4534
8.782891750335693, 4533
8.782891750335693, 4532
8.782891750335693, 4531
8.784465312957764, 4530
8.784465312957764, 4529
8.785492420196533, 4528
8.785492420196533, 4527
8.785492420196533, 4526
8.79638957977295, 4525
8.79638957977295, 4524
8.797497510910034, 4523
8.801157236099243, 4522
8.801157236099243, 4521
8.802687406539917, 4520
8.802687406539917, 4519
8.803685665130615, 4518
8.803685665130615, 4517
8.812068700790405, 4516
8.81264352798462, 4515
8.813640832901001, 4514
8.813640832901001, 4513
8.81473970413208, 4512
8.81576943397522, 4511
8.81576943397522, 4510
8.81576943397522, 4509
8.81576943397522, 4508
8.81576943397522, 4507
8.81576943397522, 4506
8.81576943397522, 4505
8.81576943397522, 4504
8.81576943397522, 4503
8.81576943397522, 4502
8.82309103012085, 4501
8.82309103012085, 4500
8.82408857345581, 4499
8.82408857345581, 4498
8.825084924697876, 4497
8.826082706451416, 4496
8.826082706451416, 4495
8.826082706451416, 4494
8.826082706451416, 4493
8.82856559753418, 4492
8.82856559753418, 4491
8.830782175064087, 4490
8.831781387329102, 4489
8.831781387329102, 4488
8.835235595703125, 4487
8.835235595703125, 4486
8.835235595703125, 4485
8.835235595703125, 4484
8.835235595703125, 4483
8.844250917434692, 4482
8.848121643066406, 4481
8.848121643066406, 4480
8.848121643066406, 4479
8.848121643066406, 4478
8.848121643066406, 4477
8.848121643066406, 4476
8.848121643066406, 4475
8.848121643066406, 4474
8.854122400283813, 4473
8.855120658874512, 4472
8.855120658874512, 4471
8.855120658874512, 4470
8.856116533279419, 4469
8.856116533279419, 4468
8.856116533279419, 4467
8.856116533279419, 4466
8.856116533279419, 4465
8.856116533279419, 4464
8.856116533279419, 4463
8.856116533279419, 4462
8.856116533279419, 4461
8.856116533279419, 4460
8.856116533279419, 4459
8.856116533279419, 4458
8.856116533279419, 4457
8.856116533279419, 4456
8.856116533279419, 4455
8.856116533279419, 4454
8.856116533279419, 4453
8.863501787185669, 4452
8.864306926727295, 4451
8.864306926727295, 4450
8.865331411361694, 4449
8.865331411361694, 4448
8.866011619567871, 4447
8.866011619567871, 4446
8.866011619567871, 4445
8.866011619567871, 4444
8.867040634155273, 4443
8.867040634155273, 4442
8.867040634155273, 4441
8.867960691452026, 4440
8.868992328643799, 4439
8.868992328643799, 4438
8.869771718978882, 4437
8.869771718978882, 4436
8.8708016872406, 4435
8.8708016872406, 4434
8.871957302093506, 4433
8.872499704360962, 4432
8.873461961746216, 4431
8.873461961746216, 4430
8.873461961746216, 4429
8.873461961746216, 4428
8.875459432601929, 4427
8.876344203948975, 4426
8.877343893051147, 4425
8.877343893051147, 4424
8.878693342208862, 4423
8.879685401916504, 4422
8.88071322441101, 4421
8.88071322441101, 4420
8.882773160934448, 4419
8.882773160934448, 4418
8.884032487869263, 4417
8.884032487869263, 4416
8.885062217712402, 4415
8.885538578033447, 4414
8.886537075042725, 4413
8.88753366470337, 4412
8.88753366470337, 4411
8.88753366470337, 4410
8.88867449760437, 4409
8.88867449760437, 4408
8.88867449760437, 4407
8.889671087265015, 4406
8.889671087265015, 4405
8.889671087265015, 4404
8.889671087265015, 4403
8.889671087265015, 4402
8.889671087265015, 4401
8.889671087265015, 4400
8.889671087265015, 4399
8.891700029373169, 4398
8.891700029373169, 4397
8.891700029373169, 4396
8.895187854766846, 4395
8.897610187530518, 4394
8.898802518844604, 4393
8.90292501449585, 4392
8.90292501449585, 4391
8.90292501449585, 4390
8.90806245803833, 4389
8.909058809280396, 4388
8.910057067871094, 4387
8.911057472229004, 4386
8.912621021270752, 4385
8.916136503219604, 4384
8.917135238647461, 4383
8.917396306991577, 4382
8.918480157852173, 4381
8.91947865486145, 4380
8.920509099960327, 4379
8.921504974365234, 4378
8.921504974365234, 4377
8.922505378723145, 4376
8.922505378723145, 4375
8.922505378723145, 4374
8.922505378723145, 4373
8.923502445220947, 4372
8.923502445220947, 4371
8.923502445220947, 4370
8.923502445220947, 4369
8.923502445220947, 4368
8.923502445220947, 4367
8.923502445220947, 4366
8.923502445220947, 4365
8.923502445220947, 4364
8.923502445220947, 4363
8.923502445220947, 4362
8.923502445220947, 4361
8.923502445220947, 4360
8.923502445220947, 4359
8.930110454559326, 4358
8.932876586914062, 4357
8.93394947052002, 4356
8.935945987701416, 4355
8.936941385269165, 4354
8.936941385269165, 4353
8.939933061599731, 4352
8.94101881980896, 4351
8.94101881980896, 4350
8.94101881980896, 4349
8.942048072814941, 4348
8.94260859489441, 4347
8.94260859489441, 4346
8.943638324737549, 4345
8.945602416992188, 4344
8.948985576629639, 4343
8.95022463798523, 4342
8.951807737350464, 4341
8.95280385017395, 4340
8.954817533493042, 4339
8.954817533493042, 4338
8.955815315246582, 4337
8.956977128982544, 4336
8.956977128982544, 4335
8.957976341247559, 4334
8.957976341247559, 4333
8.957976341247559, 4332
8.957976341247559, 4331
8.960936069488525, 4330
8.961932182312012, 4329
8.964555501937866, 4328
8.964555501937866, 4327
8.964555501937866, 4326
8.964555501937866, 4325
8.96558690071106, 4324
8.96558690071106, 4323
8.966228008270264, 4322
8.966228008270264, 4321
8.966228008270264, 4320
8.967256546020508, 4319
8.967256546020508, 4318
8.967256546020508, 4317
8.967256546020508, 4316
8.967256546020508, 4315
8.967256546020508, 4314
8.967256546020508, 4313
8.967256546020508, 4312
8.967256546020508, 4311
8.967256546020508, 4310
8.967256546020508, 4309
8.967256546020508, 4308
8.967256546020508, 4307
8.967256546020508, 4306
8.97447657585144, 4305
8.97522497177124, 4304
8.976221799850464, 4303
8.976596117019653, 4302
8.977596759796143, 4301
8.977925062179565, 4300
8.979919910430908, 4299
8.979919910430908, 4298
8.979919910430908, 4297
8.979919910430908, 4296
8.979919910430908, 4295
8.98353624343872, 4294
8.984589338302612, 4293
8.984589338302612, 4292
8.985586404800415, 4291
8.985586404800415, 4290
8.985586404800415, 4289
8.986615180969238, 4288
8.986615180969238, 4287
8.986615180969238, 4286
8.986615180969238, 4285
8.986615180969238, 4284
8.986615180969238, 4283
8.986615180969238, 4282
8.986615180969238, 4281
8.986615180969238, 4280
8.986615180969238, 4279
8.986615180969238, 4278
8.992770671844482, 4277
8.994550466537476, 4276
8.997013568878174, 4275
8.997013568878174, 4274
8.998392343521118, 4273
8.998392343521118, 4272
8.998392343521118, 4271
9.000084161758423, 4270
9.000084161758423, 4269
9.000084161758423, 4268
9.001113414764404, 4267
9.001113414764404, 4266
9.001113414764404, 4265
9.001113414764404, 4264
9.002108097076416, 4263
9.002108097076416, 4262
9.002108097076416, 4261
9.00312614440918, 4260
9.00312614440918, 4259
9.00312614440918, 4258
9.00312614440918, 4257
9.004126071929932, 4256
9.004126071929932, 4255
9.004126071929932, 4254
9.004126071929932, 4253
9.004126071929932, 4252
9.004126071929932, 4251
9.004126071929932, 4250
9.004126071929932, 4249
9.004126071929932, 4248
9.009886026382446, 4247
9.016267776489258, 4246
9.017266035079956, 4245
9.020273685455322, 4244
9.02130389213562, 4243
9.022855520248413, 4242
9.022855520248413, 4241
9.022855520248413, 4240
9.022855520248413, 4239
9.022855520248413, 4238
9.030362844467163, 4237
9.032355308532715, 4236
9.033354043960571, 4235
9.03646469116211, 4234
9.03847050666809, 4233
9.040498495101929, 4232
9.042551279067993, 4231
9.047430038452148, 4230
9.050063848495483, 4229
9.053056001663208, 4228
9.057185173034668, 4227
9.057185173034668, 4226
9.057185173034668, 4225
9.057185173034668, 4224
9.057185173034668, 4223
9.057185173034668, 4222
9.057185173034668, 4221
9.057185173034668, 4220
9.061877489089966, 4219
9.06318473815918, 4218
9.064181566238403, 4217
9.065178632736206, 4216
9.065178632736206, 4215
9.066177368164062, 4214
9.067176103591919, 4213
9.06748652458191, 4212
9.06957197189331, 4211
9.070607662200928, 4210
9.071604490280151, 4209
9.071604490280151, 4208
9.071604490280151, 4207
9.071604490280151, 4206
9.072661399841309, 4205
9.072661399841309, 4204
9.072661399841309, 4203
9.073661088943481, 4202
9.073661088943481, 4201
9.07425570487976, 4200
9.07425570487976, 4199
9.075289249420166, 4198
9.075289249420166, 4197
9.075289249420166, 4196
9.075289249420166, 4195
9.075289249420166, 4194
9.078516721725464, 4193
9.080207347869873, 4192
9.082316875457764, 4191
9.083397626876831, 4190
9.08442759513855, 4189
9.085059881210327, 4188
9.086057424545288, 4187
9.087086200714111, 4186
9.087086200714111, 4185
9.087086200714111, 4184
9.087086200714111, 4183
9.087086200714111, 4182
9.087086200714111, 4181
9.087086200714111, 4180
9.087086200714111, 4179
9.087086200714111, 4178
9.087086200714111, 4177
9.087086200714111, 4176
9.087086200714111, 4175
9.087086200714111, 4174
9.087086200714111, 4173
9.087086200714111, 4172
9.087086200714111, 4171
9.087086200714111, 4170
9.087086200714111, 4169
9.087086200714111, 4168
9.087086200714111, 4167
9.093547105789185, 4166
9.094543695449829, 4165
9.095582962036133, 4164
9.097908020019531, 4163
9.097908020019531, 4162
9.097908020019531, 4161
9.098937749862671, 4160
9.099091053009033, 4159
9.109212160110474, 4158
9.13192081451416, 4157
9.13192081451416, 4156
9.165620803833008, 4155
9.222516059875488, 4154
9.222516059875488, 4153
9.233989715576172, 4152
9.235010862350464, 4151
9.249091863632202, 4150
9.339091777801514, 4149
9.339091777801514, 4148
9.339091777801514, 4147
9.430022954940796, 4146
9.436362743377686, 4145
9.50971531867981, 4144
9.544123649597168, 4143
9.577433347702026, 4142
9.579461574554443, 4141
9.601818323135376, 4140
9.603995561599731, 4139
9.604993343353271, 4138
9.604993343353271, 4137
9.606025218963623, 4136
9.606025218963623, 4135
9.617246866226196, 4134
9.618309736251831, 4133
9.62519383430481, 4132
9.626222610473633, 4131
9.667572736740112, 4130
9.687352180480957, 4129
9.692882299423218, 4128
9.713730812072754, 4127
9.714610576629639, 4126
9.742831707000732, 4125
9.74384593963623, 4124
9.755399465560913, 4123
9.76652455329895, 4122
9.790228843688965, 4121
9.80519986152649, 4120
9.815427780151367, 4119
9.815427780151367, 4118
9.866438627243042, 4117
9.866438627243042, 4116
9.866438627243042, 4115
9.90151047706604, 4114
9.90151047706604, 4113
9.907582759857178, 4112
9.921868085861206, 4111
9.941827297210693, 4110
9.941827297210693, 4109
9.949724912643433, 4108
9.949724912643433, 4107
10.037132263183594, 4106
10.038129568099976, 4105
10.049263715744019, 4104
10.054963111877441, 4103
10.06393051147461, 4102
10.06492805480957, 4101
10.081907749176025, 4100
10.093978643417358, 4099
10.102417230606079, 4098
10.102417230606079, 4097
10.130451917648315, 4096
10.149855852127075, 4095
10.15771198272705, 4094
10.202797889709473, 4093
10.241313695907593, 4092
10.241313695907593, 4091
10.263930082321167, 4090
10.263930082321167, 4089
10.28037977218628, 4088
10.281558513641357, 4087
10.285339593887329, 4086
10.285339593887329, 4085
10.302667140960693, 4084
10.329395532608032, 4083
10.359391450881958, 4082
10.361357688903809, 4081
10.36235499382019, 4080
10.382522583007812, 4079
10.385587453842163, 4078
10.385587453842163, 4077
10.414841413497925, 4076
10.414841413497925, 4075
10.414841413497925, 4074
10.415838479995728, 4073
10.424963474273682, 4072
10.433489322662354, 4071
10.43439245223999, 4070
10.43439245223999, 4069
10.43439245223999, 4068
10.452570676803589, 4067
10.452570676803589, 4066
10.452570676803589, 4065
10.468521118164062, 4064
10.4806489944458, 4063
10.51157808303833, 4062
10.514520168304443, 4061
10.514520168304443, 4060
10.542617321014404, 4059
10.54691457748413, 4058
10.54691457748413, 4057
10.553710222244263, 4056
10.553710222244263, 4055
10.586570024490356, 4054
10.587714672088623, 4053
10.587714672088623, 4052
10.61382794380188, 4051
10.621442556381226, 4050
10.623489618301392, 4049
10.662753820419312, 4048
10.682754278182983, 4047
10.683753967285156, 4046
10.683753967285156, 4045
10.683753967285156, 4044
10.683753967285156, 4043
10.701546669006348, 4042
10.701546669006348, 4041
10.70254373550415, 4040
10.704519987106323, 4039
10.73187780380249, 4038
10.732561111450195, 4037
10.732561111450195, 4036
10.744829893112183, 4035
10.75432300567627, 4034
10.75432300567627, 4033
10.755322456359863, 4032
10.755322456359863, 4031
10.76508378982544, 4030
10.76508378982544, 4029
10.783596754074097, 4028
10.788898944854736, 4027
10.79549503326416, 4026
10.79549503326416, 4025
10.80626106262207, 4024
10.808167457580566, 4023
10.815502405166626, 4022
10.835388898849487, 4021
10.835388898849487, 4020
10.835388898849487, 4019
10.842600584030151, 4018
10.858282566070557, 4017
10.871378421783447, 4016
10.872947216033936, 4015
10.87746810913086, 4014
10.903868198394775, 4013
10.917263507843018, 4012
10.918261051177979, 4011
11.006280660629272, 4010
11.01716947555542, 4009
11.034826755523682, 4008
11.065404891967773, 4007
11.065404891967773, 4006
11.08264708518982, 4005
11.083524703979492, 4004
11.085551500320435, 4003
11.085551500320435, 4002
11.095985651016235, 4001
11.114777088165283, 4000
11.114777088165283, 3999
11.115952730178833, 3998
11.118258953094482, 3997
11.15160870552063, 3996
11.156033515930176, 3995
11.185224294662476, 3994
11.195288896560669, 3993
11.195578575134277, 3992
11.22339916229248, 3991
11.2577223777771, 3990
11.292853593826294, 3989
11.305223941802979, 3988
11.31226897239685, 3987
11.315447330474854, 3986
11.315447330474854, 3985
11.337767124176025, 3984
11.341299295425415, 3983
11.35061264038086, 3982
11.354131937026978, 3981
11.378426790237427, 3980
11.404563426971436, 3979
11.416545152664185, 3978
11.423502683639526, 3977
11.432345867156982, 3976
11.436574935913086, 3975
11.437571287155151, 3974
11.437571287155151, 3973
11.464009046554565, 3972
11.470184803009033, 3971
11.471201181411743, 3970
11.474193096160889, 3969
11.477783203125, 3968
11.486047506332397, 3967
11.486047506332397, 3966
11.489463567733765, 3965
11.505025148391724, 3964
11.505462884902954, 3963
11.523093700408936, 3962
11.52556324005127, 3961
11.540081262588501, 3960
11.54107928276062, 3959
11.569021940231323, 3958
11.587284088134766, 3957
11.587284088134766, 3956
11.652794361114502, 3955
11.652794361114502, 3954
11.65837836265564, 3953
11.658996820449829, 3952
11.667983531951904, 3951
11.68382978439331, 3950
11.68382978439331, 3949
11.699671268463135, 3948
11.726023197174072, 3947
11.733620166778564, 3946
11.734612703323364, 3945
11.734612703323364, 3944
11.740647554397583, 3943
11.747602701187134, 3942
11.783592700958252, 3941
11.802065134048462, 3940
11.802065134048462, 3939
11.80806589126587, 3938
11.830322504043579, 3937
11.862079858779907, 3936
11.86307668685913, 3935
11.870579242706299, 3934
11.878684043884277, 3933
11.906925439834595, 3932
11.92442774772644, 3931
11.92442774772644, 3930
11.966034889221191, 3929
11.968526601791382, 3928
11.986199855804443, 3927
11.99743390083313, 3926
11.998459815979004, 3925
12.017661333084106, 3924
12.017661333084106, 3923
12.029656887054443, 3922
12.030653953552246, 3921
12.03176212310791, 3920
12.085743427276611, 3919
12.10640549659729, 3918
12.129690408706665, 3917
12.13185429573059, 3916
12.137170314788818, 3915
12.142878293991089, 3914
12.147775888442993, 3913
12.152649641036987, 3912
12.152649641036987, 3911
12.155052185058594, 3910
12.212599039077759, 3909
12.224329471588135, 3908
12.224329471588135, 3907
12.249620199203491, 3906
12.266679048538208, 3905
12.284948348999023, 3904
12.284948348999023, 3903
12.301804542541504, 3902
12.302802324295044, 3901
12.303938388824463, 3900
12.322691917419434, 3899
12.323414325714111, 3898
12.350742816925049, 3897
12.405540943145752, 3896
12.448994636535645, 3895
12.456480979919434, 3894
12.456480979919434, 3893
12.464574098587036, 3892
12.464574098587036, 3891
12.471910953521729, 3890
12.473221778869629, 3889
12.473221778869629, 3888
12.502811193466187, 3887
12.502811193466187, 3886
12.513831377029419, 3885
12.523573398590088, 3884
12.537895202636719, 3883
12.54828143119812, 3882
12.571402311325073, 3881
12.572963953018188, 3880
12.572963953018188, 3879
12.582563877105713, 3878
12.631043672561646, 3877
12.631043672561646, 3876
12.668739557266235, 3875
12.671337127685547, 3874
12.698132276535034, 3873
12.71558427810669, 3872
12.71558427810669, 3871
12.729244709014893, 3870
12.734230995178223, 3869
12.741560935974121, 3868
12.751159191131592, 3867
12.755872249603271, 3866
12.755872249603271, 3865
12.769060850143433, 3864
12.769060850143433, 3863
12.774585962295532, 3862
12.774585962295532, 3861
12.805711507797241, 3860
12.805711507797241, 3859
12.805711507797241, 3858
12.824774980545044, 3857
12.824774980545044, 3856
12.839060306549072, 3855
12.840056657791138, 3854
12.841014385223389, 3853
12.862789630889893, 3852
12.863789558410645, 3851
12.864566802978516, 3850
12.880836009979248, 3849
12.918025732040405, 3848
12.922676801681519, 3847
12.929830312728882, 3846
12.956085920333862, 3845
12.987848997116089, 3844
12.987848997116089, 3843
12.998844146728516, 3842
12.999873399734497, 3841
13.013877391815186, 3840
13.053454399108887, 3839
13.053454399108887, 3838
13.095519781112671, 3837
13.095519781112671, 3836
13.10783863067627, 3835
13.115511417388916, 3834
13.137157917022705, 3833
13.13724660873413, 3832
13.14840292930603, 3831
13.170795202255249, 3830
13.193658351898193, 3829
13.194892168045044, 3828
13.226022005081177, 3827
13.260138988494873, 3826
13.260138988494873, 3825
13.26727819442749, 3824
13.26727819442749, 3823
13.282707452774048, 3822
13.2837073802948, 3821
13.290386199951172, 3820
13.292381286621094, 3819
13.300717830657959, 3818
13.308905363082886, 3817
13.325233697891235, 3816
13.329224586486816, 3815
13.366504907608032, 3814
13.394814014434814, 3813
13.439187049865723, 3812
13.439635753631592, 3811
13.440743207931519, 3810
13.459316730499268, 3809
13.459316730499268, 3808
13.480304718017578, 3807
13.49840784072876, 3806
13.505596160888672, 3805
13.52842116355896, 3804
13.53249716758728, 3803
13.53249716758728, 3802
13.535486936569214, 3801
13.552889823913574, 3800
13.552889823913574, 3799
13.557230949401855, 3798
13.566267728805542, 3797
13.584804058074951, 3796
13.59062910079956, 3795
13.591635465621948, 3794
13.615320205688477, 3793
13.639083623886108, 3792
13.640082597732544, 3791
13.640705585479736, 3790
13.67048954963684, 3789
13.683806419372559, 3788
13.708935022354126, 3787
13.716478824615479, 3786
13.716478824615479, 3785
13.746994733810425, 3784
13.74799132347107, 3783
13.764941930770874, 3782
13.77797269821167, 3781
13.784000635147095, 3780
13.784997701644897, 3779
13.791228294372559, 3778
13.801110029220581, 3777
13.820894956588745, 3776
13.820894956588745, 3775
13.830554246902466, 3774
13.830554246902466, 3773
13.835022687911987, 3772
13.845829010009766, 3771
13.866272926330566, 3770
13.890191316604614, 3769
13.89877462387085, 3768
13.923456907272339, 3767
13.924453973770142, 3766
13.943809747695923, 3765
13.98375940322876, 3764
13.990889549255371, 3763
14.023778200149536, 3762
14.023778200149536, 3761
14.032474994659424, 3760
14.038315534591675, 3759
14.067042589187622, 3758
14.085073232650757, 3757
14.169220924377441, 3756
14.171215534210205, 3755
14.178544282913208, 3754
14.184239387512207, 3753
14.186084270477295, 3752
14.248148202896118, 3751
14.249146223068237, 3750
14.251621723175049, 3749
14.25261926651001, 3748
14.25261926651001, 3747
14.290343999862671, 3746
14.318100690841675, 3745
14.31837797164917, 3744
14.320955753326416, 3743
14.320955753326416, 3742
14.3382089138031, 3741
14.415701389312744, 3740
14.498294353485107, 3739
14.522900342941284, 3738
14.531587839126587, 3737
14.535592555999756, 3736
14.54542064666748, 3735
14.564599752426147, 3734
14.588736534118652, 3733
14.588736534118652, 3732
14.61264944076538, 3731
14.61368179321289, 3730
14.64876651763916, 3729
14.678467035293579, 3728
14.678467035293579, 3727
14.678467035293579, 3726
14.678467035293579, 3725
14.682530164718628, 3724
14.682530164718628, 3723
14.694692373275757, 3722
14.696685314178467, 3721
14.715403318405151, 3720
14.715403318405151, 3719
14.740647554397583, 3718
14.741644620895386, 3717
14.747185707092285, 3716
14.752596378326416, 3715
14.752726554870605, 3714
14.759513854980469, 3713
14.765555620193481, 3712
14.765555620193481, 3711
14.777685403823853, 3710
14.884839057922363, 3709
14.884839057922363, 3708
14.884839057922363, 3707
14.90779972076416, 3706
14.938750505447388, 3705
14.940228462219238, 3704
14.94718337059021, 3703
14.949212789535522, 3702
14.96725058555603, 3701
15.082948923110962, 3700
15.082948923110962, 3699
15.082948923110962, 3698
15.09503722190857, 3697
15.09503722190857, 3696
15.102583646774292, 3695
15.102583646774292, 3694
15.116746664047241, 3693
15.117777824401855, 3692
15.130099534988403, 3691
15.133688926696777, 3690
15.133688926696777, 3689
15.14708924293518, 3688
15.155611991882324, 3687
15.164916038513184, 3686
15.19988203048706, 3685
15.19988203048706, 3684
15.204305171966553, 3683
15.210667848587036, 3682
15.213489770889282, 3681
15.214603424072266, 3680
15.21873927116394, 3679
15.21873927116394, 3678
15.23537802696228, 3677
15.26502013206482, 3676
15.277847528457642, 3675
15.285532474517822, 3674
15.285532474517822, 3673
15.285532474517822, 3672
15.285532474517822, 3671
15.285532474517822, 3670
15.371429204940796, 3669
15.371429204940796, 3668
15.375767946243286, 3667
15.385498762130737, 3666
15.385498762130737, 3665
15.385498762130737, 3664
15.39088487625122, 3663
15.464399337768555, 3662
15.465426206588745, 3661
15.465426206588745, 3660
15.487665176391602, 3659
15.532886981964111, 3658
15.550660848617554, 3657
15.55266523361206, 3656
15.562517642974854, 3655
15.566351175308228, 3654
15.578253269195557, 3653
15.58248782157898, 3652
15.58351755142212, 3651
15.585317611694336, 3650
15.60497760772705, 3649
15.60497760772705, 3648
15.613502740859985, 3647
15.632951021194458, 3646
15.632951021194458, 3645
15.652774810791016, 3644
15.66875433921814, 3643
15.671744585037231, 3642
15.690616607666016, 3641
15.703994274139404, 3640
15.705028057098389, 3639
15.712859630584717, 3638
15.713857412338257, 3637
15.714224100112915, 3636
15.724320650100708, 3635
15.763995885848999, 3634
15.763995885848999, 3633
15.78800892829895, 3632
15.789007186889648, 3631
15.79700231552124, 3630
15.79700231552124, 3629
15.79700231552124, 3628
15.79700231552124, 3627
15.799880981445312, 3626
15.799880981445312, 3625
15.799880981445312, 3624
15.799880981445312, 3623
15.855248212814331, 3622
15.865356922149658, 3621
15.865356922149658, 3620
15.898353099822998, 3619
15.898353099822998, 3618
15.898353099822998, 3617
15.910425186157227, 3616
15.920035362243652, 3615
15.928053379058838, 3614
15.94481611251831, 3613
15.94481611251831, 3612
15.94481611251831, 3611
15.955346584320068, 3610
15.955346584320068, 3609
16.00292706489563, 3608
16.01529836654663, 3607
16.01529836654663, 3606
16.01529836654663, 3605
16.01529836654663, 3604
16.032934427261353, 3603
16.077494144439697, 3602
16.077951192855835, 3601
16.092818021774292, 3600
16.09332823753357, 3599
16.094544410705566, 3598
16.096353769302368, 3597
16.09739661216736, 3596
16.104479551315308, 3595
16.1269850730896, 3594
16.127978324890137, 3593
16.158950090408325, 3592
16.17873787879944, 3591
16.17873787879944, 3590
16.17873787879944, 3589
16.182791471481323, 3588
16.182791471481323, 3587
16.22796893119812, 3586
16.22896718978882, 3585
16.229008197784424, 3584
16.24467658996582, 3583
16.249849319458008, 3582
16.27997088432312, 3581
16.28529691696167, 3580
16.30548071861267, 3579
16.30548071861267, 3578
16.30653977394104, 3577
16.317098379135132, 3576
16.33509874343872, 3575
16.33509874343872, 3574
16.338398218154907, 3573
16.344541311264038, 3572
16.345539808273315, 3571
16.345539808273315, 3570
16.345539808273315, 3569
16.35702109336853, 3568
16.361390352249146, 3567
16.370059728622437, 3566
16.37488079071045, 3565
16.377349376678467, 3564
16.39046335220337, 3563
16.39346480369568, 3562
16.411662340164185, 3561
16.41623091697693, 3560
16.417228937149048, 3559
16.417228937149048, 3558
16.445387601852417, 3557
16.45305299758911, 3556
16.45405101776123, 3555
16.456077098846436, 3554
16.47011685371399, 3553
16.476181507110596, 3552
16.481834888458252, 3551
16.483654260635376, 3550
16.488776922225952, 3549
16.488776922225952, 3548
16.488776922225952, 3547
16.494524717330933, 3546
16.49751591682434, 3545
16.49751591682434, 3544
16.522574424743652, 3543
16.554414749145508, 3542
16.554414749145508, 3541
16.585196018218994, 3540
16.585196018218994, 3539
16.585196018218994, 3538
16.597118616104126, 3537
16.597118616104126, 3536
16.617398023605347, 3535
16.617398023605347, 3534
16.617398023605347, 3533
16.623358964920044, 3532
16.661995887756348, 3531
16.662458181381226, 3530
16.662458181381226, 3529
16.66474938392639, 3528
16.66474938392639, 3527
16.73525881767273, 3526
16.74424982070923, 3525
16.74424982070923, 3524
16.88545250892639, 3523
16.88545250892639, 3522
16.88545250892639, 3521
16.927414655685425, 3520
16.94508957862854, 3519
16.94508957862854, 3518
16.94508957862854, 3517
16.99885368347168, 3516
17.033260345458984, 3515
17.035320281982422, 3514
17.04887580871582, 3513
17.04887580871582, 3512
17.055110454559326, 3511
17.056071519851685, 3510
17.056071519851685, 3509
17.056071519851685, 3508
17.09684658050537, 3507
17.09684658050537, 3506
17.157251834869385, 3505
17.199893474578857, 3504
17.199893474578857, 3503
17.2226824760437, 3502
17.284471035003662, 3501
17.285467863082886, 3500
17.315449476242065, 3499
17.36156964302063, 3498
17.36256718635559, 3497
17.37713360786438, 3496
17.41624164581299, 3495
17.428996562957764, 3494
17.448439359664917, 3493
17.450435161590576, 3492
17.46465826034546, 3491
17.479509830474854, 3490
17.48631477355957, 3489
17.50609540939331, 3488
17.5136821269989, 3487
17.522589206695557, 3486
17.527573347091675, 3485
17.527573347091675, 3484
17.527573347091675, 3483
17.535318613052368, 3482
17.535318613052368, 3481
17.535318613052368, 3480
17.541395664215088, 3479
17.54531717300415, 3478
17.54531717300415, 3477
17.54531717300415, 3476
17.552921295166016, 3475
17.565388917922974, 3474
17.565388917922974, 3473
17.565388917922974, 3472
17.586323738098145, 3471
17.586323738098145, 3470
17.586323738098145, 3469
17.615391731262207, 3468
17.615391731262207, 3467
17.652570486068726, 3466
17.654436826705933, 3465
17.654436826705933, 3464
17.664727449417114, 3463
17.664727449417114, 3462
17.68262553215027, 3461
17.687663555145264, 3460
17.695061206817627, 3459
17.715985774993896, 3458
17.715985774993896, 3457
17.735390424728394, 3456
17.779921770095825, 3455
17.785199403762817, 3454
17.785199403762817, 3453
17.785199403762817, 3452
17.836541414260864, 3451
17.85510754585266, 3450
17.85510754585266, 3449
17.856104135513306, 3448
17.886128664016724, 3447
17.983752727508545, 3446
17.983752727508545, 3445
17.983752727508545, 3444
17.990525722503662, 3443
18.11815905570984, 3442
18.122491598129272, 3441
18.1440007686615, 3440
18.161581993103027, 3439
18.170196771621704, 3438
18.197274446487427, 3437
18.42048168182373, 3436
18.421478509902954, 3435
18.421478509902954, 3434
18.46535062789917, 3433
18.46535062789917, 3432
18.46535062789917, 3431
18.49249267578125, 3430
18.49358606338501, 3429
18.496388912200928, 3428
18.496388912200928, 3427
18.496388912200928, 3426
18.515065670013428, 3425
18.515065670013428, 3424
18.61441731452942, 3423
18.65519952774048, 3422
18.715352058410645, 3421
18.715352058410645, 3420
18.715352058410645, 3419
18.715352058410645, 3418
18.72974395751953, 3417
18.755322217941284, 3416
18.763135194778442, 3415
18.7653865814209, 3414
18.799893140792847, 3413
18.799893140792847, 3412
18.81810212135315, 3411
18.81810212135315, 3410
18.83264660835266, 3409
18.8425509929657, 3408
18.844910144805908, 3407
18.878438711166382, 3406
18.895509004592896, 3405
18.903748989105225, 3404
18.947213172912598, 3403
18.96895146369934, 3402
18.97832942008972, 3401
18.979326248168945, 3400
18.986122846603394, 3399
18.986122846603394, 3398
18.99649214744568, 3397
19.02757692337036, 3396
19.028255462646484, 3395
19.03495168685913, 3394
19.03495168685913, 3393
19.05111312866211, 3392
19.053118228912354, 3391
19.085458278656006, 3390
19.085458278656006, 3389
19.11537790298462, 3388
19.12948250770569, 3387
19.153169631958008, 3386
19.163280487060547, 3385
19.163280487060547, 3384
19.17557144165039, 3383
19.199899435043335, 3382
19.199899435043335, 3381
19.282151222229004, 3380
19.283704042434692, 3379
19.481383800506592, 3378
19.75181245803833, 3377
19.75281071662903, 3376
19.75281071662903, 3375
19.755017518997192, 3374
19.764026641845703, 3373
19.835904836654663, 3372
19.842533826828003, 3371
19.882670402526855, 3370
19.892818927764893, 3369
19.91623568534851, 3368
19.979263305664062, 3367
19.985504150390625, 3366
20.132546424865723, 3365
20.135465383529663, 3364
20.182209491729736, 3363
20.182209491729736, 3362
20.21527910232544, 3361
20.26626443862915, 3360
20.268359661102295, 3359
20.38751196861267, 3358
32.6638400554657, 3357
32.9827024936676, 3356
32.99541640281677, 3355
33.03787112236023, 3354
34.02379274368286, 3353
34.75928497314453, 3352
37.2364821434021, 3351
37.455174922943115, 3350
37.55638074874878, 3349
37.98758006095886, 3348
38.08854842185974, 3347
39.154035568237305, 3346
39.91533184051514, 3345
41.78522300720215, 3344
41.945839405059814, 3343
42.42280578613281, 3342
43.92396068572998, 3341
44.94507050514221, 3340
46.88606286048889, 3339
47.18293046951294, 3338
49.464712142944336, 3337
50.25537943840027, 3336
50.48433709144592, 3335
52.685324907302856, 3334
53.45461678504944, 3333
53.54982900619507, 3332
53.762550354003906, 3331
54.32412648200989, 3330
61.67917323112488, 3329
64.44281196594238, 3328
65.74429130554199, 3327
65.75698256492615, 3326
65.82747745513916, 3325
69.3211259841919, 3324
72.08661842346191, 3323
72.17525148391724, 3322
75.55109453201294, 3321
78.58881568908691, 3320
79.01408123970032, 3319
80.53768229484558, 3318
84.86725878715515, 3317
86.17608213424683, 3316
86.49385929107666, 3315
91.13890266418457, 3314
97.50103235244751, 3313
