0.0, 3323
0.27978014945983887, 3322
1.3301079273223877, 3321
1.4474105834960938, 3320
2.308401584625244, 3319
2.3436808586120605, 3318
3.3196218013763428, 3317
3.6424007415771484, 3316
4.789775848388672, 3315
5.435088396072388, 3314
6.12920618057251, 3313
6.50628137588501, 3312
7.4792821407318115, 3311
8.77142596244812, 3310
9.599390029907227, 3309
11.662149667739868, 3308
14.699661016464233, 3307
17.32443928718567, 3306
19.02946448326111, 3305
20.320884943008423, 3304
21.585476636886597, 3303
