6.018555164337158, 5687
6.018555164337158, 5686
6.018555164337158, 5685
6.018555164337158, 5684
6.030378818511963, 5683
6.030378818511963, 5682
6.030378818511963, 5681
6.030378818511963, 5680
6.030378818511963, 5679
6.030378818511963, 5678
6.030378818511963, 5677
6.030378818511963, 5676
6.030378818511963, 5675
6.030378818511963, 5674
6.030378818511963, 5673
6.030378818511963, 5672
6.030378818511963, 5671
6.030378818511963, 5670
6.036991357803345, 5669
6.038223505020142, 5668
6.03922176361084, 5667
6.03922176361084, 5666
6.03922176361084, 5665
6.03922176361084, 5664
6.047046184539795, 5663
6.0495710372924805, 5662
6.053162336349487, 5661
6.053162336349487, 5660
6.054159164428711, 5659
6.054159164428711, 5658
6.054159164428711, 5657
6.054159164428711, 5656
6.059702396392822, 5655
6.059702396392822, 5654
6.060731887817383, 5653
6.060731887817383, 5652
6.060731887817383, 5651
6.060731887817383, 5650
6.060731887817383, 5649
6.0720860958099365, 5648
6.073083400726318, 5647
6.0741286277771, 5646
6.075125455856323, 5645
6.075125455856323, 5644
6.075125455856323, 5643
6.075125455856323, 5642
6.078120946884155, 5641
6.07915186882019, 5640
6.07915186882019, 5639
6.07915186882019, 5638
6.07915186882019, 5637
6.07915186882019, 5636
6.07915186882019, 5635
6.092524766921997, 5634
6.09352445602417, 5633
6.09352445602417, 5632
6.09352445602417, 5631
6.09352445602417, 5630
6.1035590171813965, 5629
6.1035590171813965, 5628
6.104588270187378, 5627
6.105583906173706, 5626
6.105583906173706, 5625
6.105583906173706, 5624
6.10659122467041, 5623
6.10659122467041, 5622
6.10713529586792, 5621
6.10713529586792, 5620
6.10713529586792, 5619
6.10713529586792, 5618
6.10713529586792, 5617
6.10713529586792, 5616
6.10713529586792, 5615
6.10713529586792, 5614
6.10713529586792, 5613
6.117175579071045, 5612
6.118386507034302, 5611
6.118386507034302, 5610
6.118386507034302, 5609
6.119383811950684, 5608
6.119383811950684, 5607
6.12038254737854, 5606
6.120847702026367, 5605
6.121849060058594, 5604
6.122842311859131, 5603
6.122842311859131, 5602
6.125503301620483, 5601
6.129590034484863, 5600
6.129590034484863, 5599
6.129590034484863, 5598
6.137200355529785, 5597
6.137200355529785, 5596
6.137200355529785, 5595
6.138061285018921, 5594
6.138061285018921, 5593
6.139058351516724, 5592
6.141607999801636, 5591
6.141607999801636, 5590
6.142604112625122, 5589
6.142604112625122, 5588
6.142604112625122, 5587
6.147163152694702, 5586
6.147163152694702, 5585
6.148718595504761, 5584
6.148718595504761, 5583
6.150748252868652, 5582
6.158569097518921, 5581
6.158569097518921, 5580
6.159566640853882, 5579
6.160562753677368, 5578
6.171330451965332, 5577
6.171330451965332, 5576
6.1723573207855225, 5575
6.172784805297852, 5574
6.173804044723511, 5573
6.1756370067596436, 5572
6.1756370067596436, 5571
6.1756370067596436, 5570
6.178256988525391, 5569
6.178256988525391, 5568
6.179255723953247, 5567
6.179255723953247, 5566
6.179255723953247, 5565
6.189158916473389, 5564
6.189158916473389, 5563
6.189158916473389, 5562
6.189158916473389, 5561
6.189158916473389, 5560
6.189158916473389, 5559
6.202375173568726, 5558
6.204743146896362, 5557
6.206769704818726, 5556
6.207324743270874, 5555
6.207324743270874, 5554
6.209320306777954, 5553
6.209320306777954, 5552
6.209320306777954, 5551
6.209320306777954, 5550
6.209320306777954, 5549
6.211223125457764, 5548
6.211223125457764, 5547
6.211223125457764, 5546
6.212219953536987, 5545
6.2124924659729, 5544
6.2124924659729, 5543
6.213522672653198, 5542
6.213522672653198, 5541
6.217087507247925, 5540
6.219398021697998, 5539
6.220396280288696, 5538
6.220396280288696, 5537
6.227247714996338, 5536
6.228121519088745, 5535
6.262079954147339, 5534
6.262079954147339, 5533
6.262079954147339, 5532
6.323136329650879, 5531
6.331536293029785, 5530
6.331536293029785, 5529
6.331536293029785, 5528
6.331536293029785, 5527
6.331536293029785, 5526
6.331536293029785, 5525
6.349087953567505, 5524
6.349087953567505, 5523
6.349087953567505, 5522
6.353434324264526, 5521
6.354432821273804, 5520
6.35925817489624, 5519
6.35925817489624, 5518
6.35925817489624, 5517
6.3732218742370605, 5516
6.414130687713623, 5515
6.434345483779907, 5514
6.437270402908325, 5513
6.437270402908325, 5512
6.459042072296143, 5511
6.459042072296143, 5510
6.459042072296143, 5509
6.459042072296143, 5508
6.467140197753906, 5507
6.467140197753906, 5506
6.467140197753906, 5505
6.468217611312866, 5504
6.4692535400390625, 5503
6.473116874694824, 5502
6.5797178745269775, 5501
6.5797178745269775, 5500
6.598942995071411, 5499
6.598942995071411, 5498
6.603328227996826, 5497
6.603328227996826, 5496
6.608491897583008, 5495
6.608491897583008, 5494
6.608491897583008, 5493
6.612248182296753, 5492
6.612248182296753, 5491
6.612248182296753, 5490
6.612248182296753, 5489
6.61874794960022, 5488
6.61874794960022, 5487
6.621233224868774, 5486
6.629562854766846, 5485
6.629562854766846, 5484
6.64451265335083, 5483
6.64451265335083, 5482
6.64451265335083, 5481
6.649245738983154, 5480
6.649245738983154, 5479
6.649245738983154, 5478
6.649245738983154, 5477
6.653353929519653, 5476
6.654573678970337, 5475
6.655571699142456, 5474
6.659208297729492, 5473
6.659208297729492, 5472
6.659208297729492, 5471
6.659208297729492, 5470
6.66826319694519, 5469
6.669264554977417, 5468
6.679090261459351, 5467
6.68942928314209, 5466
6.68942928314209, 5465
6.707051038742065, 5464
6.709426403045654, 5463
6.709426403045654, 5462
6.709426403045654, 5461
6.709426403045654, 5460
6.709426403045654, 5459
6.709426403045654, 5458
6.729252099990845, 5457
6.729252099990845, 5456
6.729252099990845, 5455
6.740189075469971, 5454
6.740189075469971, 5453
6.740189075469971, 5452
6.740189075469971, 5451
6.740189075469971, 5450
6.747772216796875, 5449
6.7487711906433105, 5448
6.7487711906433105, 5447
6.7604310512542725, 5446
6.7604310512542725, 5445
6.7604310512542725, 5444
6.7604310512542725, 5443
6.7604310512542725, 5442
6.7604310512542725, 5441
6.7604310512542725, 5440
6.7604310512542725, 5439
6.7604310512542725, 5438
6.7604310512542725, 5437
6.7604310512542725, 5436
6.768449783325195, 5435
6.768449783325195, 5434
6.76947021484375, 5433
6.77146577835083, 5432
6.77146577835083, 5431
6.77146577835083, 5430
6.777027368545532, 5429
6.779689788818359, 5428
6.779689788818359, 5427
6.789266586303711, 5426
6.789266586303711, 5425
6.789266586303711, 5424
6.789266586303711, 5423
6.789266586303711, 5422
6.789266586303711, 5421
6.789266586303711, 5420
6.789266586303711, 5419
6.79810905456543, 5418
6.79810905456543, 5417
6.799138307571411, 5416
6.799138307571411, 5415
6.810071706771851, 5414
6.8171608448028564, 5413
6.821360111236572, 5412
6.822356939315796, 5411
6.822356939315796, 5410
6.8233561515808105, 5409
6.827938079833984, 5408
6.827938079833984, 5407
6.82893705368042, 5406
6.82893705368042, 5405
6.82893705368042, 5404
6.82893705368042, 5403
6.82893705368042, 5402
6.841830492019653, 5401
6.841830492019653, 5400
6.843484878540039, 5399
6.843484878540039, 5398
6.843484878540039, 5397
6.843484878540039, 5396
6.844517230987549, 5395
6.844517230987549, 5394
6.844517230987549, 5393
6.844517230987549, 5392
6.844517230987549, 5391
6.847066879272461, 5390
6.847066879272461, 5389
6.847066879272461, 5388
6.848100662231445, 5387
6.848100662231445, 5386
6.848100662231445, 5385
6.849105358123779, 5384
6.849105358123779, 5383
6.849105358123779, 5382
6.849105358123779, 5381
6.853224754333496, 5380
6.854215383529663, 5379
6.854215383529663, 5378
6.854215383529663, 5377
6.8573009967803955, 5376
6.8573009967803955, 5375
6.8573009967803955, 5374
6.8623106479644775, 5373
6.8623106479644775, 5372
6.8623106479644775, 5371
6.8623106479644775, 5370
6.867357969284058, 5369
6.879098892211914, 5368
6.879098892211914, 5367
6.887099266052246, 5366
6.8927695751190186, 5365
6.8927695751190186, 5364
6.8927695751190186, 5363
6.89737343788147, 5362
6.908565044403076, 5361
6.909564733505249, 5360
6.909564733505249, 5359
6.909564733505249, 5358
6.909564733505249, 5357
6.909564733505249, 5356
6.909564733505249, 5355
6.909564733505249, 5354
6.920511960983276, 5353
6.920511960983276, 5352
6.922117710113525, 5351
6.9279398918151855, 5350
6.929633855819702, 5349
6.93119478225708, 5348
6.935184478759766, 5347
6.935184478759766, 5346
6.936765670776367, 5345
6.937290668487549, 5344
6.937290668487549, 5343
6.9385480880737305, 5342
6.939579725265503, 5341
6.939579725265503, 5340
6.939579725265503, 5339
6.939579725265503, 5338
6.947157859802246, 5337
6.947157859802246, 5336
6.947938680648804, 5335
6.947938680648804, 5334
6.954389810562134, 5333
6.955387592315674, 5332
6.957965135574341, 5331
6.957965135574341, 5330
6.957965135574341, 5329
6.957965135574341, 5328
6.967788457870483, 5327
6.968787670135498, 5326
6.968787670135498, 5325
6.968787670135498, 5324
6.968787670135498, 5323
6.968787670135498, 5322
6.968787670135498, 5321
6.968787670135498, 5320
6.975816488265991, 5319
6.976814031600952, 5318
6.977811336517334, 5317
6.977811336517334, 5316
6.977811336517334, 5315
6.977811336517334, 5314
6.982360124588013, 5313
6.982360124588013, 5312
6.982360124588013, 5311
6.990098714828491, 5310
6.990098714828491, 5309
6.990098714828491, 5308
6.990098714828491, 5307
6.990098714828491, 5306
6.990098714828491, 5305
6.990098714828491, 5304
6.998941421508789, 5303
6.998941421508789, 5302
6.998941421508789, 5301
7.009440898895264, 5300
7.010436773300171, 5299
7.010436773300171, 5298
7.010436773300171, 5297
7.010436773300171, 5296
7.010436773300171, 5295
7.010436773300171, 5294
7.017009973526001, 5293
7.017009973526001, 5292
7.018008470535278, 5291
7.0186543464660645, 5290
7.020649433135986, 5289
7.020649433135986, 5288
7.021646738052368, 5287
7.021646738052368, 5286
7.021646738052368, 5285
7.021646738052368, 5284
7.021646738052368, 5283
7.03023362159729, 5282
7.03023362159729, 5281
7.03023362159729, 5280
7.03023362159729, 5279
7.03023362159729, 5278
7.039396047592163, 5277
7.0403923988342285, 5276
7.0403923988342285, 5275
7.0403923988342285, 5274
7.0403923988342285, 5273
7.0403923988342285, 5272
7.043688535690308, 5271
7.044685125350952, 5270
7.044685125350952, 5269
7.044685125350952, 5268
7.044685125350952, 5267
7.044685125350952, 5266
7.044685125350952, 5265
7.049626350402832, 5264
7.049626350402832, 5263
7.049626350402832, 5262
7.049626350402832, 5261
7.049626350402832, 5260
7.049626350402832, 5259
7.049626350402832, 5258
7.049626350402832, 5257
7.049626350402832, 5256
7.061500787734985, 5255
7.061500787734985, 5254
7.061500787734985, 5253
7.061500787734985, 5252
7.061500787734985, 5251
7.061500787734985, 5250
7.061500787734985, 5249
7.079076766967773, 5248
7.079076766967773, 5247
7.079076766967773, 5246
7.079076766967773, 5245
7.087182283401489, 5244
7.087182283401489, 5243
7.087182283401489, 5242
7.088271617889404, 5241
7.089274168014526, 5240
7.0917980670928955, 5239
7.0917980670928955, 5238
7.0917980670928955, 5237
7.092833042144775, 5236
7.098468780517578, 5235
7.099465608596802, 5234
7.099465608596802, 5233
7.099465608596802, 5232
7.099465608596802, 5231
7.099465608596802, 5230
7.099465608596802, 5229
7.099465608596802, 5228
7.099465608596802, 5227
7.099465608596802, 5226
7.099465608596802, 5225
7.104241371154785, 5224
7.104241371154785, 5223
7.104241371154785, 5222
7.107302188873291, 5221
7.107302188873291, 5220
7.107302188873291, 5219
7.108322381973267, 5218
7.108322381973267, 5217
7.109351634979248, 5216
7.109351634979248, 5215
7.109351634979248, 5214
7.109351634979248, 5213
7.109351634979248, 5212
7.1305811405181885, 5211
7.1305811405181885, 5210
7.138816595077515, 5209
7.142344236373901, 5208
7.142344236373901, 5207
7.149101734161377, 5206
7.149101734161377, 5205
7.159209251403809, 5204
7.159209251403809, 5203
7.159209251403809, 5202
7.170449733734131, 5201
7.170449733734131, 5200
7.175934314727783, 5199
7.175934314727783, 5198
7.175934314727783, 5197
7.179097890853882, 5196
7.179097890853882, 5195
7.179097890853882, 5194
7.1898393630981445, 5193
7.1898393630981445, 5192
7.1898393630981445, 5191
7.1898393630981445, 5190
7.1898393630981445, 5189
7.1898393630981445, 5188
7.1898393630981445, 5187
7.1898393630981445, 5186
7.1898393630981445, 5185
7.196929454803467, 5184
7.196929454803467, 5183
7.196929454803467, 5182
7.196929454803467, 5181
7.196929454803467, 5180
7.198553800582886, 5179
7.198553800582886, 5178
7.199552774429321, 5177
7.199552774429321, 5176
7.199552774429321, 5175
7.199552774429321, 5174
7.199552774429321, 5173
7.20621132850647, 5172
7.20621132850647, 5171
7.20621132850647, 5170
7.209203243255615, 5169
7.209203243255615, 5168
7.209203243255615, 5167
7.209203243255615, 5166
7.209203243255615, 5165
7.219500541687012, 5164
7.233508586883545, 5163
7.233508586883545, 5162
7.24314546585083, 5161
7.250255584716797, 5160
7.251254081726074, 5159
7.252250909805298, 5158
7.253346681594849, 5157
7.254375457763672, 5156
7.254375457763672, 5155
7.2551374435424805, 5154
7.259380578994751, 5153
7.259380578994751, 5152
7.259380578994751, 5151
7.259380578994751, 5150
7.259380578994751, 5149
7.259380578994751, 5148
7.259380578994751, 5147
7.269998550415039, 5146
7.2709972858428955, 5145
7.273181915283203, 5144
7.274178504943848, 5143
7.274178504943848, 5142
7.274178504943848, 5141
7.274178504943848, 5140
7.274178504943848, 5139
7.274178504943848, 5138
7.274178504943848, 5137
7.277270317077637, 5136
7.278228044509888, 5135
7.278228044509888, 5134
7.278228044509888, 5133
7.278228044509888, 5132
7.27922511100769, 5131
7.27922511100769, 5130
7.27922511100769, 5129
7.27922511100769, 5128
7.27922511100769, 5127
7.27922511100769, 5126
7.27922511100769, 5125
7.27922511100769, 5124
7.288280963897705, 5123
7.288280963897705, 5122
7.288280963897705, 5121
7.288280963897705, 5120
7.288280963897705, 5119
7.288280963897705, 5118
7.288280963897705, 5117
7.288280963897705, 5116
7.297121047973633, 5115
7.299150466918945, 5114
7.299150466918945, 5113
7.30533504486084, 5112
7.307137966156006, 5111
7.30814003944397, 5110
7.30814003944397, 5109
7.309639930725098, 5108
7.309639930725098, 5107
7.309639930725098, 5106
7.309639930725098, 5105
7.309639930725098, 5104
7.309639930725098, 5103
7.317183017730713, 5102
7.3172078132629395, 5101
7.318547248840332, 5100
7.318547248840332, 5099
7.321067810058594, 5098
7.323093891143799, 5097
7.323093891143799, 5096
7.323093891143799, 5095
7.329074144363403, 5094
7.329074144363403, 5093
7.329074144363403, 5092
7.329074144363403, 5091
7.329074144363403, 5090
7.329074144363403, 5089
7.329074144363403, 5088
7.338267803192139, 5087
7.342578172683716, 5086
7.342578172683716, 5085
7.342578172683716, 5084
7.342578172683716, 5083
7.342578172683716, 5082
7.342578172683716, 5081
7.342578172683716, 5080
7.342578172683716, 5079
7.347175121307373, 5078
7.347175121307373, 5077
7.348172426223755, 5076
7.349202394485474, 5075
7.349202394485474, 5074
7.349202394485474, 5073
7.349202394485474, 5072
7.357191324234009, 5071
7.358938694000244, 5070
7.358938694000244, 5069
7.358938694000244, 5068
7.358938694000244, 5067
7.367058277130127, 5066
7.368527889251709, 5065
7.370877265930176, 5064
7.370877265930176, 5063
7.3718743324279785, 5062
7.372874021530151, 5061
7.372874021530151, 5060
7.372874021530151, 5059
7.372874021530151, 5058
7.372874021530151, 5057
7.372874021530151, 5056
7.376976490020752, 5055
7.376976490020752, 5054
7.377976417541504, 5053
7.3780906200408936, 5052
7.379091739654541, 5051
7.379091739654541, 5050
7.379091739654541, 5049
7.379091739654541, 5048
7.379091739654541, 5047
7.379091739654541, 5046
7.379091739654541, 5045
7.379091739654541, 5044
7.379091739654541, 5043
7.387130260467529, 5042
7.387941837310791, 5041
7.388956785202026, 5040
7.3914265632629395, 5039
7.3914265632629395, 5038
7.3914265632629395, 5037
7.398076057434082, 5036
7.398416757583618, 5035
7.3994460105896, 5034
7.3994460105896, 5033
7.3994460105896, 5032
7.409152507781982, 5031
7.409152507781982, 5030
7.409152507781982, 5029
7.409152507781982, 5028
7.409152507781982, 5027
7.409152507781982, 5026
7.418506145477295, 5025
7.418506145477295, 5024
7.418506145477295, 5023
7.418506145477295, 5022
7.418506145477295, 5021
7.42490553855896, 5020
7.426960706710815, 5019
7.427992343902588, 5018
7.436892032623291, 5017
7.437909841537476, 5016
7.438907861709595, 5015
7.438907861709595, 5014
7.438907861709595, 5013
7.439905405044556, 5012
7.439905405044556, 5011
7.439905405044556, 5010
7.439905405044556, 5009
7.439905405044556, 5008
7.439905405044556, 5007
7.439905405044556, 5006
7.439905405044556, 5005
7.447055816650391, 5004
7.448053598403931, 5003
7.459036588668823, 5002
7.459036588668823, 5001
7.459036588668823, 5000
7.459036588668823, 4999
7.459036588668823, 4998
7.459036588668823, 4997
7.459036588668823, 4996
7.459036588668823, 4995
7.459036588668823, 4994
7.459036588668823, 4993
7.459036588668823, 4992
7.459036588668823, 4991
7.459036588668823, 4990
7.459036588668823, 4989
7.459036588668823, 4988
7.459036588668823, 4987
7.4671971797943115, 4986
7.4671971797943115, 4985
7.4671971797943115, 4984
7.468196868896484, 4983
7.468196868896484, 4982
7.468196868896484, 4981
7.46911883354187, 4980
7.470116138458252, 4979
7.470116138458252, 4978
7.470116138458252, 4977
7.470116138458252, 4976
7.477206468582153, 4975
7.479404449462891, 4974
7.479404449462891, 4973
7.479404449462891, 4972
7.479404449462891, 4971
7.479404449462891, 4970
7.479404449462891, 4969
7.479404449462891, 4968
7.479404449462891, 4967
7.479404449462891, 4966
7.479404449462891, 4965
7.479404449462891, 4964
7.479404449462891, 4963
7.479404449462891, 4962
7.4869384765625, 4961
7.4879310131073, 4960
7.489960193634033, 4959
7.489960193634033, 4958
7.489960193634033, 4957
7.489960193634033, 4956
7.489960193634033, 4955
7.489960193634033, 4954
7.497034072875977, 4953
7.497873306274414, 4952
7.498902082443237, 4951
7.498902082443237, 4950
7.498902082443237, 4949
7.509739875793457, 4948
7.509739875793457, 4947
7.509739875793457, 4946
7.509739875793457, 4945
7.509739875793457, 4944
7.509739875793457, 4943
7.520170211791992, 4942
7.520265102386475, 4941
7.521263122558594, 4940
7.521263122558594, 4939
7.521263122558594, 4938
7.521263122558594, 4937
7.521263122558594, 4936
7.521263122558594, 4935
7.521263122558594, 4934
7.521263122558594, 4933
7.5273401737213135, 4932
7.5273401737213135, 4931
7.5273401737213135, 4930
7.5273401737213135, 4929
7.5273401737213135, 4928
7.5273401737213135, 4927
7.5273401737213135, 4926
7.532346487045288, 4925
7.532346487045288, 4924
7.537882566452026, 4923
7.538879871368408, 4922
7.540205717086792, 4921
7.541203737258911, 4920
7.541203737258911, 4919
7.541203737258911, 4918
7.541203737258911, 4917
7.541203737258911, 4916
7.541203737258911, 4915
7.54853367805481, 4914
7.549532890319824, 4913
7.549532890319824, 4912
7.549532890319824, 4911
7.549532890319824, 4910
7.549532890319824, 4909
7.549532890319824, 4908
7.549532890319824, 4907
7.549532890319824, 4906
7.549532890319824, 4905
7.549532890319824, 4904
7.559535980224609, 4903
7.559535980224609, 4902
7.561210870742798, 4901
7.562209367752075, 4900
7.562209367752075, 4899
7.562209367752075, 4898
7.562209367752075, 4897
7.562209367752075, 4896
7.562209367752075, 4895
7.572509288787842, 4894
7.572509288787842, 4893
7.5735085010528564, 4892
7.5735085010528564, 4891
7.578353404998779, 4890
7.579351186752319, 4889
7.582242250442505, 4888
7.5832414627075195, 4887
7.5832414627075195, 4886
7.592966556549072, 4885
7.598803758621216, 4884
7.598803758621216, 4883
7.598803758621216, 4882
7.598803758621216, 4881
7.598803758621216, 4880
7.598803758621216, 4879
7.6039204597473145, 4878
7.60491681098938, 4877
7.6096031665802, 4876
7.6096031665802, 4875
7.6096031665802, 4874
7.6195385456085205, 4873
7.620713233947754, 4872
7.621743440628052, 4871
7.622737407684326, 4870
7.622737407684326, 4869
7.622737407684326, 4868
7.622737407684326, 4867
7.622737407684326, 4866
7.622737407684326, 4865
7.62777304649353, 4864
7.62777304649353, 4863
7.62777304649353, 4862
7.62777304649353, 4861
7.628805160522461, 4860
7.628805160522461, 4859
7.628805160522461, 4858
7.628805160522461, 4857
7.628805160522461, 4856
7.628805160522461, 4855
7.628805160522461, 4854
7.628805160522461, 4853
7.628805160522461, 4852
7.628805160522461, 4851
7.628805160522461, 4850
7.628805160522461, 4849
7.628805160522461, 4848
7.628805160522461, 4847
7.628805160522461, 4846
7.628805160522461, 4845
7.628805160522461, 4844
7.628805160522461, 4843
7.628805160522461, 4842
7.637153387069702, 4841
7.637153387069702, 4840
7.638338565826416, 4839
7.639372110366821, 4838
7.64104962348938, 4837
7.642046928405762, 4836
7.642046928405762, 4835
7.642046928405762, 4834
7.643507242202759, 4833
7.6445043087005615, 4832
7.6445043087005615, 4831
7.645501136779785, 4830
7.645501136779785, 4829
7.64705491065979, 4828
7.64705491065979, 4827
7.648099660873413, 4826
7.649098634719849, 4825
7.649098634719849, 4824
7.649098634719849, 4823
7.649098634719849, 4822
7.649098634719849, 4821
7.649098634719849, 4820
7.649098634719849, 4819
7.649098634719849, 4818
7.649098634719849, 4817
7.649098634719849, 4816
7.649098634719849, 4815
7.649098634719849, 4814
7.6529459953308105, 4813
7.653945207595825, 4812
7.654094219207764, 4811
7.656088829040527, 4810
7.657132863998413, 4809
7.657132863998413, 4808
7.658131837844849, 4807
7.658131837844849, 4806
7.658131837844849, 4805
7.658131837844849, 4804
7.658131837844849, 4803
7.658131837844849, 4802
7.658131837844849, 4801
7.658131837844849, 4800
7.658131837844849, 4799
7.658131837844849, 4798
7.658131837844849, 4797
7.658131837844849, 4796
7.666168689727783, 4795
7.6691734790802, 4794
7.6691734790802, 4793
7.6691734790802, 4792
7.6691734790802, 4791
7.6770265102386475, 4790
7.6770265102386475, 4789
7.6770265102386475, 4788
7.678023338317871, 4787
7.678023338317871, 4786
7.678566217422485, 4785
7.678566217422485, 4784
7.678566217422485, 4783
7.678566217422485, 4782
7.679563522338867, 4781
7.679563522338867, 4780
7.679563522338867, 4779
7.679563522338867, 4778
7.679563522338867, 4777
7.679563522338867, 4776
7.679563522338867, 4775
7.679563522338867, 4774
7.679563522338867, 4773
7.679563522338867, 4772
7.679563522338867, 4771
7.679563522338867, 4770
7.679563522338867, 4769
7.679563522338867, 4768
7.679563522338867, 4767
7.679563522338867, 4766
7.686249256134033, 4765
7.6872923374176025, 4764
7.6872923374176025, 4763
7.6872923374176025, 4762
7.6882922649383545, 4761
7.689321279525757, 4760
7.689321279525757, 4759
7.689321279525757, 4758
7.689321279525757, 4757
7.689321279525757, 4756
7.689321279525757, 4755
7.689321279525757, 4754
7.689321279525757, 4753
7.689321279525757, 4752
7.689321279525757, 4751
7.689321279525757, 4750
7.689321279525757, 4749
7.689321279525757, 4748
7.695337533950806, 4747
7.69633674621582, 4746
7.69633674621582, 4745
7.698095083236694, 4744
7.699093818664551, 4743
7.699093818664551, 4742
7.699093818664551, 4741
7.699093818664551, 4740
7.699093818664551, 4739
7.699093818664551, 4738
7.699093818664551, 4737
7.704092502593994, 4736
7.705089807510376, 4735
7.705089807510376, 4734
7.7060863971710205, 4733
7.7060863971710205, 4732
7.70712947845459, 4731
7.708127975463867, 4730
7.708778619766235, 4729
7.708778619766235, 4728
7.708778619766235, 4727
7.708778619766235, 4726
7.708778619766235, 4725
7.708778619766235, 4724
7.708778619766235, 4723
7.708778619766235, 4722
7.708778619766235, 4721
7.708778619766235, 4720
7.708778619766235, 4719
7.708778619766235, 4718
7.717334270477295, 4717
7.718364477157593, 4716
7.718364477157593, 4715
7.718364477157593, 4714
7.718364477157593, 4713
7.722875118255615, 4712
7.724797010421753, 4711
7.724797010421753, 4710
7.724797010421753, 4709
7.725804090499878, 4708
7.725804090499878, 4707
7.725804090499878, 4706
7.725804090499878, 4705
7.725804090499878, 4704
7.725804090499878, 4703
7.727366209030151, 4702
7.727366209030151, 4701
7.727366209030151, 4700
7.728365182876587, 4699
7.728365182876587, 4698
7.728365182876587, 4697
7.728365182876587, 4696
7.728365182876587, 4695
7.728365182876587, 4694
7.728365182876587, 4693
7.728365182876587, 4692
7.728365182876587, 4691
7.728365182876587, 4690
7.728365182876587, 4689
7.728365182876587, 4688
7.728365182876587, 4687
7.735755681991577, 4686
7.738273859024048, 4685
7.740996360778809, 4684
7.742314100265503, 4683
7.7433106899261475, 4682
7.7433106899261475, 4681
7.744596719741821, 4680
7.744596719741821, 4679
7.744596719741821, 4678
7.744596719741821, 4677
7.745594263076782, 4676
7.745594263076782, 4675
7.747133255004883, 4674
7.747182369232178, 4673
7.747182369232178, 4672
7.748180389404297, 4671
7.748180389404297, 4670
7.748180389404297, 4669
7.748180389404297, 4668
7.748180389404297, 4667
7.748180389404297, 4666
7.748180389404297, 4665
7.748180389404297, 4664
7.748180389404297, 4663
7.748180389404297, 4662
7.748180389404297, 4661
7.748180389404297, 4660
7.748180389404297, 4659
7.748180389404297, 4658
7.748180389404297, 4657
7.752964973449707, 4656
7.753964424133301, 4655
7.753964424133301, 4654
7.753964424133301, 4653
7.75586199760437, 4652
7.75586199760437, 4651
7.75586199760437, 4650
7.75586199760437, 4649
7.757369518280029, 4648
7.757369518280029, 4647
7.7582080364227295, 4646
7.7582080364227295, 4645
7.759207010269165, 4644
7.760114669799805, 4643
7.761152505874634, 4642
7.762917518615723, 4641
7.763914108276367, 4640
7.763914108276367, 4639
7.763914108276367, 4638
7.763914108276367, 4637
7.763914108276367, 4636
7.7670042514801025, 4635
7.7670042514801025, 4634
7.768397092819214, 4633
7.768397092819214, 4632
7.769593715667725, 4631
7.7705910205841064, 4630
7.7705910205841064, 4629
7.7705910205841064, 4628
7.7705910205841064, 4627
7.7705910205841064, 4626
7.7705910205841064, 4625
7.7705910205841064, 4624
7.7705910205841064, 4623
7.7705910205841064, 4622
7.7705910205841064, 4621
7.7705910205841064, 4620
7.7705910205841064, 4619
7.7705910205841064, 4618
7.7705910205841064, 4617
7.7705910205841064, 4616
7.7705910205841064, 4615
7.7705910205841064, 4614
7.7705910205841064, 4613
7.7705910205841064, 4612
7.7705910205841064, 4611
7.7705910205841064, 4610
7.779544353485107, 4609
7.779544353485107, 4608
7.779544353485107, 4607
7.779544353485107, 4606
7.779544353485107, 4605
7.779544353485107, 4604
7.779544353485107, 4603
7.779544353485107, 4602
7.779544353485107, 4601
7.779544353485107, 4600
7.779544353485107, 4599
7.779544353485107, 4598
7.779544353485107, 4597
7.779544353485107, 4596
7.788105249404907, 4595
7.789102077484131, 4594
7.789102077484131, 4593
7.789102077484131, 4592
7.789102077484131, 4591
7.789102077484131, 4590
7.789102077484131, 4589
7.789102077484131, 4588
7.789102077484131, 4587
7.789102077484131, 4586
7.789102077484131, 4585
7.789102077484131, 4584
7.789102077484131, 4583
7.789102077484131, 4582
7.797200918197632, 4581
7.797200918197632, 4580
7.798236846923828, 4579
7.798590183258057, 4578
7.798590183258057, 4577
7.7996203899383545, 4576
7.7996203899383545, 4575
7.7996203899383545, 4574
7.807337522506714, 4573
7.807955980300903, 4572
7.808952808380127, 4571
7.808952808380127, 4570
7.808952808380127, 4569
7.808952808380127, 4568
7.81700325012207, 4567
7.818274021148682, 4566
7.818274021148682, 4565
7.819276332855225, 4564
7.819505453109741, 4563
7.820501089096069, 4562
7.821497678756714, 4561
7.821497678756714, 4560
7.821497678756714, 4559
7.821497678756714, 4558
7.821497678756714, 4557
7.829204082489014, 4556
7.829204082489014, 4555
7.829204082489014, 4554
7.829204082489014, 4553
7.829204082489014, 4552
7.829204082489014, 4551
7.829204082489014, 4550
7.829204082489014, 4549
7.844530820846558, 4548
7.847092628479004, 4547
7.848109483718872, 4546
7.84910774230957, 4545
7.84910774230957, 4544
7.84910774230957, 4543
7.84910774230957, 4542
7.84910774230957, 4541
7.84910774230957, 4540
7.84910774230957, 4539
7.852856159210205, 4538
7.853885650634766, 4537
7.856954336166382, 4536
7.856954336166382, 4535
7.856954336166382, 4534
7.8585524559021, 4533
7.859550952911377, 4532
7.859550952911377, 4531
7.859550952911377, 4530
7.859550952911377, 4529
7.859550952911377, 4528
7.859550952911377, 4527
7.859550952911377, 4526
7.859550952911377, 4525
7.859550952911377, 4524
7.867170333862305, 4523
7.868167400360107, 4522
7.869165658950806, 4521
7.871160984039307, 4520
7.872189044952393, 4519
7.874063730239868, 4518
7.874063730239868, 4517
7.87893533706665, 4516
7.87893533706665, 4515
7.87893533706665, 4514
7.87893533706665, 4513
7.87893533706665, 4512
7.87893533706665, 4511
7.87893533706665, 4510
7.87893533706665, 4509
7.886975049972534, 4508
7.888083457946777, 4507
7.889082193374634, 4506
7.891408205032349, 4505
7.891408205032349, 4504
7.896937608718872, 4503
7.896937608718872, 4502
7.896937608718872, 4501
7.898407220840454, 4500
7.8994059562683105, 4499
7.8994059562683105, 4498
7.8994059562683105, 4497
7.8994059562683105, 4496
7.902850151062012, 4495
7.9038496017456055, 4494
7.904844284057617, 4493
7.904844284057617, 4492
7.905848026275635, 4491
7.905848026275635, 4490
7.905848026275635, 4489
7.905848026275635, 4488
7.907010316848755, 4487
7.907010316848755, 4486
7.907010316848755, 4485
7.907010316848755, 4484
7.9080095291137695, 4483
7.9080095291137695, 4482
7.908555746078491, 4481
7.909067153930664, 4480
7.9100916385650635, 4479
7.9100916385650635, 4478
7.9100916385650635, 4477
7.9100916385650635, 4476
7.9100916385650635, 4475
7.9100916385650635, 4474
7.9100916385650635, 4473
7.9100916385650635, 4472
7.9100916385650635, 4471
7.9100916385650635, 4470
7.9100916385650635, 4469
7.917275667190552, 4468
7.918274641036987, 4467
7.919219970703125, 4466
7.920249938964844, 4465
7.920249938964844, 4464
7.920249938964844, 4463
7.920249938964844, 4462
7.920249938964844, 4461
7.921740293502808, 4460
7.921740293502808, 4459
7.922762155532837, 4458
7.924436807632446, 4457
7.924436807632446, 4456
7.924436807632446, 4455
7.925467014312744, 4454
7.925467014312744, 4453
7.925467014312744, 4452
7.9264304637908936, 4451
7.9264304637908936, 4450
7.9264304637908936, 4449
7.9264304637908936, 4448
7.927426815032959, 4447
7.927426815032959, 4446
7.928098678588867, 4445
7.928098678588867, 4444
7.92909574508667, 4443
7.92909574508667, 4442
7.92909574508667, 4441
7.92909574508667, 4440
7.92909574508667, 4439
7.92909574508667, 4438
7.92909574508667, 4437
7.92909574508667, 4436
7.92909574508667, 4435
7.92909574508667, 4434
7.92909574508667, 4433
7.92909574508667, 4432
7.92909574508667, 4431
7.92909574508667, 4430
7.92909574508667, 4429
7.92909574508667, 4428
7.92909574508667, 4427
7.92909574508667, 4426
7.92909574508667, 4425
7.92909574508667, 4424
7.92909574508667, 4423
7.92909574508667, 4422
7.92909574508667, 4421
7.92909574508667, 4420
7.936164855957031, 4419
7.937192916870117, 4418
7.9377381801605225, 4417
7.9377381801605225, 4416
7.938271522521973, 4415
7.938271522521973, 4414
7.938271522521973, 4413
7.938271522521973, 4412
7.939301013946533, 4411
7.939301013946533, 4410
7.939301013946533, 4409
7.939301013946533, 4408
7.939301013946533, 4407
7.939301013946533, 4406
7.939301013946533, 4405
7.939301013946533, 4404
7.939301013946533, 4403
7.939301013946533, 4402
7.939301013946533, 4401
7.939301013946533, 4400
7.939301013946533, 4399
7.939301013946533, 4398
7.939301013946533, 4397
7.939301013946533, 4396
7.939301013946533, 4395
7.939301013946533, 4394
7.939301013946533, 4393
7.939301013946533, 4392
7.939301013946533, 4391
7.939301013946533, 4390
7.939301013946533, 4389
7.939301013946533, 4388
7.939301013946533, 4387
7.939301013946533, 4386
7.939301013946533, 4385
7.947336196899414, 4384
7.947336196899414, 4383
7.947336196899414, 4382
7.9479289054870605, 4381
7.9479289054870605, 4380
7.9479289054870605, 4379
7.948958158493042, 4378
7.948958158493042, 4377
7.948958158493042, 4376
7.948958158493042, 4375
7.950841665267944, 4374
7.95186972618103, 4373
7.95186972618103, 4372
7.952836990356445, 4371
7.952836990356445, 4370
7.954079627990723, 4369
7.954079627990723, 4368
7.955076694488525, 4367
7.95607328414917, 4366
7.95607328414917, 4365
7.957117557525635, 4364
7.957117557525635, 4363
7.958277225494385, 4362
7.958277225494385, 4361
7.959276437759399, 4360
7.959276437759399, 4359
7.959276437759399, 4358
7.959276437759399, 4357
7.959276437759399, 4356
7.959276437759399, 4355
7.959276437759399, 4354
7.959276437759399, 4353
7.959276437759399, 4352
7.959276437759399, 4351
7.959276437759399, 4350
7.966641664505005, 4349
7.967198610305786, 4348
7.967198610305786, 4347
7.967198610305786, 4346
7.967198610305786, 4345
7.9682557582855225, 4344
7.9682557582855225, 4343
7.9692542552948, 4342
7.9692542552948, 4341
7.9692542552948, 4340
7.9692542552948, 4339
7.9745190143585205, 4338
7.9745190143585205, 4337
7.975516319274902, 4336
7.976513385772705, 4335
7.9770591259002686, 4334
7.977104425430298, 4333
7.9781036376953125, 4332
7.9781036376953125, 4331
7.9781036376953125, 4330
7.9781036376953125, 4329
7.9781036376953125, 4328
7.9781036376953125, 4327
7.9781036376953125, 4326
7.9781036376953125, 4325
7.982145309448242, 4324
7.982145309448242, 4323
7.982145309448242, 4322
7.982145309448242, 4321
7.982145309448242, 4320
7.982145309448242, 4319
7.9859459400177, 4318
7.9879679679870605, 4317
7.988972902297974, 4316
7.988972902297974, 4315
7.988972902297974, 4314
7.988972902297974, 4313
7.988972902297974, 4312
7.988972902297974, 4311
7.988972902297974, 4310
7.988972902297974, 4309
7.988972902297974, 4308
7.988972902297974, 4307
7.988972902297974, 4306
7.988972902297974, 4305
7.988972902297974, 4304
7.988972902297974, 4303
7.988972902297974, 4302
7.988972902297974, 4301
7.988972902297974, 4300
7.988972902297974, 4299
7.988972902297974, 4298
7.988972902297974, 4297
7.988972902297974, 4296
7.988972902297974, 4295
7.988972902297974, 4294
7.988972902297974, 4293
7.988972902297974, 4292
7.988972902297974, 4291
7.988972902297974, 4290
7.988972902297974, 4289
7.997279644012451, 4288
7.997279644012451, 4287
7.998492002487183, 4286
7.998492002487183, 4285
7.999491453170776, 4284
7.999491453170776, 4283
7.999491453170776, 4282
8.00033950805664, 4281
8.001337766647339, 4280
8.001337766647339, 4279
8.001337766647339, 4278
8.002975463867188, 4277
8.003968238830566, 4276
8.004841089248657, 4275
8.008186101913452, 4274
8.009907484054565, 4273
8.0109384059906, 4272
8.0109384059906, 4271
8.0109384059906, 4270
8.0109384059906, 4269
8.0109384059906, 4268
8.0109384059906, 4267
8.01701021194458, 4266
8.019494533538818, 4265
8.020752429962158, 4264
8.02174973487854, 4263
8.02174973487854, 4262
8.02174973487854, 4261
8.027356147766113, 4260
8.028354167938232, 4259
8.028354167938232, 4258
8.028354167938232, 4257
8.028354167938232, 4256
8.036205053329468, 4255
8.03878116607666, 4254
8.039781332015991, 4253
8.039781332015991, 4252
8.04370927810669, 4251
8.044738292694092, 4250
8.044738292694092, 4249
8.044738292694092, 4248
8.044738292694092, 4247
8.044738292694092, 4246
8.044738292694092, 4245
8.044738292694092, 4244
8.044738292694092, 4243
8.044738292694092, 4242
8.044738292694092, 4241
8.0472891330719, 4240
8.0472891330719, 4239
8.0472891330719, 4238
8.0472891330719, 4237
8.048274517059326, 4236
8.048274517059326, 4235
8.049272298812866, 4234
8.049272298812866, 4233
8.049272298812866, 4232
8.049272298812866, 4231
8.049272298812866, 4230
8.049272298812866, 4229
8.049272298812866, 4228
8.049272298812866, 4227
8.052366733551025, 4226
8.052400588989258, 4225
8.053399085998535, 4224
8.053399085998535, 4223
8.054396867752075, 4222
8.055393934249878, 4221
8.055393934249878, 4220
8.05639100074768, 4219
8.056921243667603, 4218
8.057935953140259, 4217
8.05924916267395, 4216
8.060245513916016, 4215
8.06124210357666, 4214
8.06124210357666, 4213
8.0622398853302, 4212
8.0622398853302, 4211
8.0622398853302, 4210
8.0622398853302, 4209
8.0622398853302, 4208
8.0622398853302, 4207
8.0622398853302, 4206
8.0622398853302, 4205
8.0622398853302, 4204
8.067329168319702, 4203
8.068042278289795, 4202
8.068042278289795, 4201
8.069040298461914, 4200
8.069040298461914, 4199
8.070038318634033, 4198
8.070966243743896, 4197
8.071962594985962, 4196
8.071962594985962, 4195
8.072990417480469, 4194
8.072990417480469, 4193
8.07399034500122, 4192
8.07399034500122, 4191
8.07399034500122, 4190
8.074986457824707, 4189
8.079217672348022, 4188
8.091926097869873, 4187
8.092954158782959, 4186
8.111002922058105, 4185
8.111002922058105, 4184
8.117067575454712, 4183
8.129269123077393, 4182
8.129269123077393, 4181
8.129269123077393, 4180
8.142215967178345, 4179
8.149267196655273, 4178
8.207876443862915, 4177
8.209844589233398, 4176
8.209844589233398, 4175
8.225146532058716, 4174
8.247087240219116, 4173
8.258166790008545, 4172
8.259176254272461, 4171
8.279099464416504, 4170
8.279099464416504, 4169
8.279099464416504, 4168
8.279099464416504, 4167
8.292081356048584, 4166
8.30379056930542, 4165
8.323843955993652, 4164
8.343257904052734, 4163
8.343257904052734, 4162
8.354171991348267, 4161
8.354171991348267, 4160
8.369401454925537, 4159
8.369401454925537, 4158
8.370977401733398, 4157
8.410114049911499, 4156
8.417193412780762, 4155
8.420218229293823, 4154
8.420218229293823, 4153
8.455707550048828, 4152
8.458330154418945, 4151
8.458330154418945, 4150
8.469509363174438, 4149
8.469509363174438, 4148
8.488930702209473, 4147
8.520777463912964, 4146
8.564343214035034, 4145
8.564343214035034, 4144
8.566869020462036, 4143
8.566869020462036, 4142
8.57075572013855, 4141
8.572749376296997, 4140
8.579374074935913, 4139
8.603565692901611, 4138
8.608043432235718, 4137
8.629276990890503, 4136
8.629276990890503, 4135
8.641750574111938, 4134
8.687865257263184, 4133
8.711469173431396, 4132
8.712468385696411, 4131
8.727051734924316, 4130
8.7290940284729, 4129
8.7290940284729, 4128
8.739373922348022, 4127
8.739373922348022, 4126
8.758922815322876, 4125
8.778383731842041, 4124
8.778383731842041, 4123
8.808310747146606, 4122
8.808310747146606, 4121
8.887153625488281, 4120
8.887153625488281, 4119
8.888174533843994, 4118
8.889195203781128, 4117
8.908276557922363, 4116
8.928099632263184, 4115
8.928099632263184, 4114
8.935765743255615, 4113
8.942611932754517, 4112
8.952500104904175, 4111
9.019325971603394, 4110
9.019325971603394, 4109
9.04893684387207, 4108
9.04893684387207, 4107
9.074148416519165, 4106
9.079137802124023, 4105
9.079137802124023, 4104
9.079137802124023, 4103
9.086960792541504, 4102
9.102368831634521, 4101
9.102368831634521, 4100
9.129611253738403, 4099
9.14154577255249, 4098
9.14154577255249, 4097
9.199188947677612, 4096
9.224696636199951, 4095
9.224696636199951, 4094
9.229031085968018, 4093
9.237053871154785, 4092
9.2380530834198, 4091
9.239049434661865, 4090
9.26190447807312, 4089
9.270463228225708, 4088
9.288251638412476, 4087
9.31217098236084, 4086
9.31217098236084, 4085
9.322379112243652, 4084
9.341726541519165, 4083
9.341726541519165, 4082
9.347333431243896, 4081
9.357043504714966, 4080
9.362047910690308, 4079
9.362047910690308, 4078
9.37248706817627, 4077
9.377039909362793, 4076
9.387152433395386, 4075
9.392047643661499, 4074
9.409242153167725, 4073
9.421480417251587, 4072
9.422494411468506, 4071
9.424085140228271, 4070
9.437154531478882, 4069
9.437154531478882, 4068
9.45921778678894, 4067
9.45921778678894, 4066
9.45921778678894, 4065
9.4746835231781, 4064
9.47919487953186, 4063
9.488126516342163, 4062
9.499033212661743, 4061
9.523420810699463, 4060
9.549548387527466, 4059
9.55216360092163, 4058
9.572237253189087, 4057
9.579449653625488, 4056
9.58612322807312, 4055
9.618436813354492, 4054
9.61890983581543, 4053
9.619871377944946, 4052
9.629270792007446, 4051
9.629270792007446, 4050
9.629270792007446, 4049
9.629270792007446, 4048
9.629270792007446, 4047
9.629270792007446, 4046
9.629270792007446, 4045
9.646997928619385, 4044
9.66920256614685, 4043
9.66920256614685, 4042
9.67584490776062, 4041
9.67584490776062, 4040
9.67930293083191, 4039
9.67930293083191, 4038
9.67930293083191, 4037
9.686482906341553, 4036
9.689519882202148, 4035
9.690244436264038, 4034
9.690244436264038, 4033
9.71235966682434, 4032
9.724825143814087, 4031
9.724825143814087, 4030
9.724825143814087, 4029
9.72686767578125, 4028
9.739428520202637, 4027
9.749272584915161, 4026
9.749272584915161, 4025
9.759461402893066, 4024
9.76980209350586, 4023
9.76980209350586, 4022
9.792173385620117, 4021
9.798928260803223, 4020
9.822284698486328, 4019
9.822284698486328, 4018
9.842536926269531, 4017
9.843505620956421, 4016
9.857056856155396, 4015
9.859094142913818, 4014
9.867133140563965, 4013
9.875503301620483, 4012
9.877145290374756, 4011
9.879456281661987, 4010
9.891931533813477, 4009
9.905364036560059, 4008
9.905364036560059, 4007
9.929097414016724, 4006
9.939314842224121, 4005
9.94933819770813, 4004
9.94933819770813, 4003
9.954129934310913, 4002
9.959269285202026, 4001
9.959269285202026, 4000
9.987895727157593, 3999
10.01294469833374, 3998
10.02877950668335, 3997
10.02877950668335, 3996
10.02877950668335, 3995
10.077372789382935, 3994
10.078798055648804, 3993
10.078798055648804, 3992
10.08787751197815, 3991
10.113025665283203, 3990
10.113025665283203, 3989
10.120564222335815, 3988
10.121559858322144, 3987
10.129225969314575, 3986
10.138243675231934, 3985
10.139296293258667, 3984
10.14875340461731, 3983
10.158930540084839, 3982
10.171119928359985, 3981
10.173845767974854, 3980
10.178210735321045, 3979
10.189554452896118, 3978
10.199226379394531, 3977
10.208550691604614, 3976
10.213144063949585, 3975
10.213144063949585, 3974
10.213144063949585, 3973
10.22460150718689, 3972
10.229068279266357, 3971
10.229068279266357, 3970
10.235278129577637, 3969
10.239460945129395, 3968
10.239460945129395, 3967
10.239460945129395, 3966
10.252676010131836, 3965
10.258115291595459, 3964
10.258115291595459, 3963
10.270240068435669, 3962
10.279040336608887, 3961
10.279040336608887, 3960
10.317978382110596, 3959
10.321879386901855, 3958
10.331542015075684, 3957
10.334877014160156, 3956
10.338037252426147, 3955
10.357008457183838, 3954
10.372094631195068, 3953
10.379569053649902, 3952
10.399341583251953, 3951
10.40285348892212, 3950
10.40907597541809, 3949
10.40907597541809, 3948
10.418243646621704, 3947
10.424822807312012, 3946
10.429071187973022, 3945
10.449035167694092, 3944
10.459100246429443, 3943
10.474732398986816, 3942
10.486963987350464, 3941
10.486963987350464, 3940
10.497226476669312, 3939
10.509083271026611, 3938
10.509083271026611, 3937
10.520731687545776, 3936
10.549247980117798, 3935
10.558133363723755, 3934
10.558133363723755, 3933
10.582199335098267, 3932
10.582199335098267, 3931
10.594691038131714, 3930
10.594691038131714, 3929
10.60176157951355, 3928
10.618134021759033, 3927
10.628924369812012, 3926
10.67946171760559, 3925
10.701251745223999, 3924
10.701251745223999, 3923
10.70490050315857, 3922
10.709261417388916, 3921
10.718251466751099, 3920
10.75844955444336, 3919
10.813388109207153, 3918
10.828212022781372, 3917
10.841462850570679, 3916
10.847048997879028, 3915
10.850234746932983, 3914
10.879096984863281, 3913
10.879096984863281, 3912
10.930328369140625, 3911
10.930328369140625, 3910
10.954824447631836, 3909
10.95879864692688, 3908
10.97394871711731, 3907
10.97394871711731, 3906
10.977006673812866, 3905
10.989403247833252, 3904
10.997021198272705, 3903
11.024343252182007, 3902
11.029460430145264, 3901
11.029460430145264, 3900
11.049792051315308, 3899
11.049792051315308, 3898
11.058286428451538, 3897
11.059289455413818, 3896
11.079209089279175, 3895
11.102596759796143, 3894
11.102596759796143, 3893
11.102596759796143, 3892
11.109305620193481, 3891
11.137398481369019, 3890
11.157077550888062, 3889
11.159202575683594, 3888
11.178347110748291, 3887
11.189071655273438, 3886
11.189071655273438, 3885
11.202837467193604, 3884
11.206916332244873, 3883
11.217086553573608, 3882
11.217086553573608, 3881
11.217722654342651, 3880
11.224299907684326, 3879
11.224299907684326, 3878
11.234857559204102, 3877
11.236109972000122, 3876
11.258545875549316, 3875
11.277204036712646, 3874
11.307013034820557, 3873
11.307013034820557, 3872
11.321298837661743, 3871
11.322297096252441, 3870
11.327353715896606, 3869
11.327353715896606, 3868
11.34180736541748, 3867
11.348276376724243, 3866
11.349275350570679, 3865
11.350271940231323, 3864
11.35921311378479, 3863
11.35921311378479, 3862
11.35921311378479, 3861
11.371421337127686, 3860
11.371421337127686, 3859
11.377014636993408, 3858
11.403951644897461, 3857
11.42316484451294, 3856
11.44721245765686, 3855
11.453879833221436, 3854
11.458094835281372, 3853
11.459093809127808, 3852
11.479250431060791, 3851
11.479250431060791, 3850
11.488465070724487, 3849
11.489500761032104, 3848
11.489500761032104, 3847
11.489500761032104, 3846
11.519409418106079, 3845
11.549429655075073, 3844
11.549429655075073, 3843
11.571945190429688, 3842
11.571945190429688, 3841
11.614483833312988, 3840
11.629090547561646, 3839
11.659025192260742, 3838
11.668612957000732, 3837
11.673983097076416, 3836
11.688194274902344, 3835
11.688194274902344, 3834
11.696228265762329, 3833
11.70924711227417, 3832
11.70924711227417, 3831
11.714309930801392, 3830
11.714309930801392, 3829
11.739808082580566, 3828
11.739808082580566, 3827
11.747441291809082, 3826
11.78210973739624, 3825
11.789839744567871, 3824
11.798752307891846, 3823
11.809596538543701, 3822
11.841589450836182, 3821
11.841589450836182, 3820
11.852232933044434, 3819
11.868690729141235, 3818
11.875474214553833, 3817
11.941509008407593, 3816
11.941509008407593, 3815
11.974059104919434, 3814
11.978105068206787, 3813
11.985994338989258, 3812
11.98910665512085, 3811
12.000961780548096, 3810
12.00824785232544, 3809
12.00824785232544, 3808
12.00824785232544, 3807
12.013862609863281, 3806
12.018381118774414, 3805
12.027946472167969, 3804
12.034606218338013, 3803
12.0479896068573, 3802
12.048530578613281, 3801
12.048530578613281, 3800
12.058093786239624, 3799
12.059126377105713, 3798
12.059199571609497, 3797
12.059199571609497, 3796
12.092091083526611, 3795
12.109691381454468, 3794
12.109691381454468, 3793
12.119132280349731, 3792
12.120129346847534, 3791
12.121125936508179, 3790
12.210539102554321, 3789
12.22819471359253, 3788
12.251799821853638, 3787
12.251799821853638, 3786
12.251799821853638, 3785
12.251799821853638, 3784
12.253540515899658, 3783
12.269269227981567, 3782
12.278360366821289, 3781
12.301504135131836, 3780
12.317170858383179, 3779
12.31773591041565, 3778
12.31773591041565, 3777
12.31873345375061, 3776
12.320726871490479, 3775
12.341049194335938, 3774
12.341049194335938, 3773
12.42732286453247, 3772
12.436938285827637, 3771
12.438538551330566, 3770
12.447137355804443, 3769
12.447315692901611, 3768
12.458381652832031, 3767
12.459378480911255, 3766
12.459378480911255, 3765
12.46959662437439, 3764
12.498264789581299, 3763
12.499261140823364, 3762
12.499261140823364, 3761
12.509255409240723, 3760
12.558525800704956, 3759
12.558525800704956, 3758
12.570762157440186, 3757
12.613685607910156, 3756
12.62909984588623, 3755
12.659353494644165, 3754
12.660350799560547, 3753
12.660350799560547, 3752
12.660350799560547, 3751
12.660350799560547, 3750
12.688031435012817, 3749
12.688031435012817, 3748
12.688031435012817, 3747
12.723593711853027, 3746
12.738733291625977, 3745
12.738733291625977, 3744
12.750654220581055, 3743
12.750654220581055, 3742
12.797871112823486, 3741
12.79887080192566, 3740
12.938028573989868, 3739
12.959092855453491, 3738
12.969583511352539, 3737
12.970602989196777, 3736
12.972357749938965, 3735
12.989511728286743, 3734
12.989511728286743, 3733
13.00594687461853, 3732
13.027362585067749, 3731
13.036805629730225, 3730
13.037349939346313, 3729
13.051789999008179, 3728
13.051789999008179, 3727
13.073006868362427, 3726
13.079257726669312, 3725
13.079257726669312, 3724
13.079257726669312, 3723
13.092261552810669, 3722
13.121668100357056, 3721
13.141830682754517, 3720
13.150365352630615, 3719
13.159489631652832, 3718
13.159489631652832, 3717
13.169204235076904, 3716
13.169204235076904, 3715
13.179129123687744, 3714
13.188764810562134, 3713
13.219268083572388, 3712
13.223255634307861, 3711
13.223255634307861, 3710
13.223255634307861, 3709
13.239485263824463, 3708
13.251416683197021, 3707
13.251416683197021, 3706
13.268219709396362, 3705
13.269218444824219, 3704
13.269218444824219, 3703
13.279346227645874, 3702
13.289575815200806, 3701
13.297899723052979, 3700
13.32726502418518, 3699
13.32726502418518, 3698
13.328262567520142, 3697
13.328262567520142, 3696
13.358100652694702, 3695
13.359097957611084, 3694
13.359097957611084, 3693
13.359097957611084, 3692
13.359097957611084, 3691
13.37908387184143, 3690
13.409271001815796, 3689
13.414327383041382, 3688
13.438798189163208, 3687
13.457060098648071, 3686
13.457060098648071, 3685
13.458061933517456, 3684
13.469595909118652, 3683
13.470672130584717, 3682
13.472323656082153, 3681
13.472323656082153, 3680
13.472323656082153, 3679
13.472323656082153, 3678
13.47335171699524, 3677
13.488963603973389, 3676
13.488963603973389, 3675
13.498125553131104, 3674
13.498125553131104, 3673
13.499122858047485, 3672
13.50559663772583, 3671
13.506592750549316, 3670
13.508179664611816, 3669
13.519366979598999, 3668
13.519366979598999, 3667
13.519366979598999, 3666
13.526899814605713, 3665
13.529365539550781, 3664
13.534389019012451, 3663
13.539261817932129, 3662
13.539261817932129, 3661
13.539261817932129, 3660
13.54976224899292, 3659
13.54976224899292, 3658
13.559383630752563, 3657
13.559383630752563, 3656
13.559383630752563, 3655
13.559383630752563, 3654
13.559383630752563, 3653
13.589980125427246, 3652
13.589980125427246, 3651
13.60208773612976, 3650
13.60208773612976, 3649
13.629196882247925, 3648
13.629196882247925, 3647
13.629196882247925, 3646
13.659026384353638, 3645
13.659026384353638, 3644
13.667126417160034, 3643
13.677133560180664, 3642
13.68442153930664, 3641
13.688766956329346, 3640
13.700100183486938, 3639
13.705509424209595, 3638
13.709585905075073, 3637
13.723292827606201, 3636
13.723292827606201, 3635
13.728964567184448, 3634
13.740595817565918, 3633
13.753669023513794, 3632
13.759425640106201, 3631
13.767199516296387, 3630
13.778542757034302, 3629
13.779545068740845, 3628
13.779545068740845, 3627
13.80924105644226, 3626
13.821432113647461, 3625
13.821432113647461, 3624
13.829074144363403, 3623
13.829074144363403, 3622
13.829074144363403, 3621
13.841282844543457, 3620
13.856979370117188, 3619
13.856979370117188, 3618
13.870280504226685, 3617
13.870280504226685, 3616
13.870280504226685, 3615
13.870280504226685, 3614
13.870280504226685, 3613
13.876868724822998, 3612
13.876868724822998, 3611
13.890732049942017, 3610
13.890732049942017, 3609
13.90317702293396, 3608
13.90317702293396, 3607
13.92428994178772, 3606
13.92428994178772, 3605
13.927336692810059, 3604
13.938796758651733, 3603
13.95357632637024, 3602
13.958761215209961, 3601
13.966773748397827, 3600
13.97903823852539, 3599
13.97903823852539, 3598
14.009158372879028, 3597
14.009158372879028, 3596
14.019259929656982, 3595
14.019259929656982, 3594
14.03820013999939, 3593
14.047314167022705, 3592
14.076504468917847, 3591
14.092952489852905, 3590
14.092952489852905, 3589
14.098974466323853, 3588
14.115078687667847, 3587
14.140528440475464, 3586
14.169052362442017, 3585
14.17331838607788, 3584
14.179574251174927, 3583
14.208927631378174, 3582
14.237231016159058, 3581
14.237231016159058, 3580
14.237231016159058, 3579
14.249372005462646, 3578
14.25091290473938, 3577
14.251927614212036, 3576
14.273262977600098, 3575
14.301875591278076, 3574
14.302942752838135, 3573
14.303957462310791, 3572
14.331396579742432, 3571
14.331396579742432, 3570
14.3402099609375, 3569
14.341207265853882, 3568
14.350269079208374, 3567
14.450743436813354, 3566
14.450743436813354, 3565
14.46939754486084, 3564
14.471407413482666, 3563
14.479951858520508, 3562
14.479951858520508, 3561
14.580377340316772, 3560
14.580377340316772, 3559
14.591200590133667, 3558
14.62951111793518, 3557
14.640439510345459, 3556
14.640439510345459, 3555
14.709185361862183, 3554
14.733104705810547, 3553
14.74543833732605, 3552
14.74543833732605, 3551
14.74543833732605, 3550
14.767135858535767, 3549
14.777103662490845, 3548
14.789310216903687, 3547
14.789310216903687, 3546
14.789310216903687, 3545
14.811456203460693, 3544
14.819202184677124, 3543
14.856085777282715, 3542
14.856085777282715, 3541
14.856983661651611, 3540
14.856983661651611, 3539
14.87039303779602, 3538
14.87039303779602, 3537
14.889577865600586, 3536
14.898385047912598, 3535
14.898385047912598, 3534
14.913381338119507, 3533
14.919600009918213, 3532
14.92215347290039, 3531
14.95255994796753, 3530
14.958097696304321, 3529
14.959094285964966, 3528
14.959094285964966, 3527
15.023200273513794, 3526
15.023200273513794, 3525
15.024195671081543, 3524
15.027271509170532, 3523
15.027271509170532, 3522
15.027271509170532, 3521
15.027271509170532, 3520
15.04103946685791, 3519
15.068238973617554, 3518
15.06997799873352, 3517
15.06997799873352, 3516
15.06997799873352, 3515
15.0801842212677, 3514
15.08948302268982, 3513
15.08948302268982, 3512
15.08948302268982, 3511
15.09884786605835, 3510
15.09884786605835, 3509
15.09884786605835, 3508
15.108108282089233, 3507
15.10910677909851, 3506
15.10910677909851, 3505
15.12021541595459, 3504
15.12021541595459, 3503
15.12021541595459, 3502
15.12993049621582, 3501
15.149445533752441, 3500
15.149445533752441, 3499
15.150444269180298, 3498
15.157131433486938, 3497
15.162205934524536, 3496
15.162205934524536, 3495
15.19703197479248, 3494
15.19826865196228, 3493
15.19826865196228, 3492
15.218390703201294, 3491
15.218390703201294, 3490
15.218390703201294, 3489
15.22878122329712, 3488
15.239102125167847, 3487
15.25922179222107, 3486
15.25922179222107, 3485
15.25922179222107, 3484
15.272659540176392, 3483
15.272659540176392, 3482
15.272659540176392, 3481
15.277937412261963, 3480
15.328011274337769, 3479
15.329040765762329, 3478
15.339461326599121, 3477
15.339461326599121, 3476
15.339461326599121, 3475
15.347047328948975, 3474
15.347047328948975, 3473
15.347047328948975, 3472
15.366536617279053, 3471
15.37164831161499, 3470
15.372645378112793, 3469
15.372645378112793, 3468
15.389621257781982, 3467
15.458358526229858, 3466
15.479248046875, 3465
15.483142137527466, 3464
15.483142137527466, 3463
15.484175205230713, 3462
15.519901275634766, 3461
15.519901275634766, 3460
15.521621704101562, 3459
15.521621704101562, 3458
15.52995753288269, 3457
15.54695725440979, 3456
15.568109035491943, 3455
15.60990595817566, 3454
15.60990595817566, 3453
15.620067834854126, 3452
15.670055627822876, 3451
15.678925514221191, 3450
15.678925514221191, 3449
15.692186832427979, 3448
15.710255146026611, 3447
15.722471714019775, 3446
15.722471714019775, 3445
15.73361611366272, 3444
15.752848386764526, 3443
16.15907096862793, 3442
16.189873695373535, 3441
16.229095697402954, 3440
16.229095697402954, 3439
16.23879623413086, 3438
16.312160968780518, 3437
16.338765382766724, 3436
16.338765382766724, 3435
16.338765382766724, 3434
16.338765382766724, 3433
16.358060359954834, 3432
16.38966464996338, 3431
16.419042348861694, 3430
16.45097255706787, 3429
16.467207431793213, 3428
16.50833535194397, 3427
16.58914566040039, 3426
16.58914566040039, 3425
16.669240951538086, 3424
16.669240951538086, 3423
16.697075605392456, 3422
16.702476024627686, 3421
16.819676160812378, 3420
16.83853554725647, 3419
16.83853554725647, 3418
16.854366540908813, 3417
16.889642477035522, 3416
16.900193691253662, 3415
16.918246746063232, 3414
16.919246196746826, 3413
16.919246196746826, 3412
16.92939591407776, 3411
16.961974620819092, 3410
16.97736668586731, 3409
16.977768421173096, 3408
17.02215838432312, 3407
17.029372692108154, 3406
17.047343969345093, 3405
17.07925510406494, 3404
17.120317220687866, 3403
17.25166082382202, 3402
17.266931772232056, 3401
17.2723286151886, 3400
17.301335334777832, 3399
17.304660081863403, 3398
17.33805227279663, 3397
17.359172105789185, 3396
17.501487731933594, 3395
17.547396183013916, 3394
17.558053016662598, 3393
17.56208872795105, 3392
17.589081048965454, 3391
17.589081048965454, 3390
17.969210386276245, 3389
18.022215127944946, 3388
18.03461718559265, 3387
18.108768939971924, 3386
18.138465881347656, 3385
18.138465881347656, 3384
18.289068460464478, 3383
18.309125661849976, 3382
18.339213371276855, 3381
18.339213371276855, 3380
18.369179010391235, 3379
18.369179010391235, 3378
18.398924112319946, 3377
18.73287582397461, 3376
18.739414930343628, 3375
18.739414930343628, 3374
18.759437084197998, 3373
18.770355463027954, 3372
18.91995644569397, 3371
18.91995644569397, 3370
18.979244232177734, 3369
19.061039209365845, 3368
19.15947198867798, 3367
19.16803503036499, 3366
19.16953730583191, 3365
19.354113578796387, 3364
19.476879835128784, 3363
19.508759021759033, 3362
19.589582204818726, 3361
19.706904649734497, 3360
19.744316816329956, 3359
19.858755111694336, 3358
19.883479356765747, 3357
19.92116689682007, 3356
30.111716747283936, 3355
30.531325578689575, 3354
30.81135869026184, 3353
30.86361312866211, 3352
31.522083282470703, 3351
31.869075059890747, 3350
31.919381141662598, 3349
34.079530239105225, 3348
34.41866946220398, 3347
35.314741373062134, 3346
35.328040599823, 3345
35.56349062919617, 3344
36.44458889961243, 3343
37.4613516330719, 3342
38.219367265701294, 3341
39.44060969352722, 3340
