10.775674104690552, 5687
10.776674747467041, 5686
10.793400287628174, 5685
10.795392274856567, 5684
10.795392274856567, 5683
10.795392274856567, 5682
10.795392274856567, 5681
10.795392274856567, 5680
10.795392274856567, 5679
10.795392274856567, 5678
10.810904026031494, 5677
10.812926054000854, 5676
10.812926054000854, 5675
10.812926054000854, 5674
10.812926054000854, 5673
10.812926054000854, 5672
10.829802751541138, 5671
10.829802751541138, 5670
10.829802751541138, 5669
10.829802751541138, 5668
10.829802751541138, 5667
10.846538305282593, 5666
10.846538305282593, 5665
10.846538305282593, 5664
10.846538305282593, 5663
10.862210988998413, 5662
10.862210988998413, 5661
10.862210988998413, 5660
10.862210988998413, 5659
10.862210988998413, 5658
10.862210988998413, 5657
10.862210988998413, 5656
10.894553184509277, 5655
10.894553184509277, 5654
10.894553184509277, 5653
10.894553184509277, 5652
10.894553184509277, 5651
10.894553184509277, 5650
10.894553184509277, 5649
10.894553184509277, 5648
10.894553184509277, 5647
10.894553184509277, 5646
10.894553184509277, 5645
10.894553184509277, 5644
10.894553184509277, 5643
10.894553184509277, 5642
10.917099714279175, 5641
10.920126914978027, 5640
10.921156883239746, 5639
10.922153949737549, 5638
10.922595262527466, 5637
10.924209594726562, 5636
10.924209594726562, 5635
10.924209594726562, 5634
10.925236940383911, 5633
10.926235914230347, 5632
10.927953243255615, 5631
10.929979801177979, 5630
10.946425914764404, 5629
10.947428703308105, 5628
10.948424816131592, 5627
10.948424816131592, 5626
10.948424816131592, 5625
10.949735641479492, 5624
10.949735641479492, 5623
10.950764656066895, 5622
10.951762199401855, 5621
10.953831434249878, 5620
10.955059051513672, 5619
10.955059051513672, 5618
10.956084728240967, 5617
10.956084728240967, 5616
10.959798097610474, 5615
10.959798097610474, 5614
10.959798097610474, 5613
10.963341474533081, 5612
10.964340448379517, 5611
10.966126203536987, 5610
10.966126203536987, 5609
10.967153072357178, 5608
10.968149900436401, 5607
10.968149900436401, 5606
10.969116449356079, 5605
10.98016905784607, 5604
10.98016905784607, 5603
10.98016905784607, 5602
10.98016905784607, 5601
10.98016905784607, 5600
10.98016905784607, 5599
10.98016905784607, 5598
10.98016905784607, 5597
10.999885082244873, 5596
11.000915288925171, 5595
11.000915288925171, 5594
11.000915288925171, 5593
11.000915288925171, 5592
11.016583681106567, 5591
11.017743110656738, 5590
11.018772840499878, 5589
11.018772840499878, 5588
11.021847486495972, 5587
11.023056268692017, 5586
11.026715993881226, 5585
11.046463012695312, 5584
11.046463012695312, 5583
11.046463012695312, 5582
11.046463012695312, 5581
11.046463012695312, 5580
11.046463012695312, 5579
11.046463012695312, 5578
11.046463012695312, 5577
11.046463012695312, 5576
11.06069040298462, 5575
11.06069040298462, 5574
11.061973810195923, 5573
11.061973810195923, 5572
11.061973810195923, 5571
11.063002586364746, 5570
11.064000844955444, 5569
11.064000844955444, 5568
11.079833507537842, 5567
11.079833507537842, 5566
11.138625621795654, 5565
11.138625621795654, 5564
11.161128044128418, 5563
11.166152238845825, 5562
11.246768712997437, 5561
11.246768712997437, 5560
11.246768712997437, 5559
11.246768712997437, 5558
11.246768712997437, 5557
11.262428998947144, 5556
11.262428998947144, 5555
11.262428998947144, 5554
11.262428998947144, 5553
11.262428998947144, 5552
11.282269954681396, 5551
11.282269954681396, 5550
11.28329610824585, 5549
11.607881546020508, 5548
11.608911275863647, 5547
11.609158277511597, 5546
11.618433952331543, 5545
11.618433952331543, 5544
11.619462251663208, 5543
11.62045931816101, 5542
11.622350454330444, 5541
11.632118701934814, 5540
11.633152723312378, 5539
11.633152723312378, 5538
11.633152723312378, 5537
11.633152723312378, 5536
11.639414310455322, 5535
11.639414310455322, 5534
11.639414310455322, 5533
11.670072317123413, 5532
11.670072317123413, 5531
11.670072317123413, 5530
11.670072317123413, 5529
11.679436206817627, 5528
11.680457592010498, 5527
11.680457592010498, 5526
11.681491613388062, 5525
11.681491613388062, 5524
11.681491613388062, 5523
11.688613176345825, 5522
11.715094804763794, 5521
11.716092348098755, 5520
11.717089176177979, 5519
11.718087434768677, 5518
11.719083547592163, 5517
11.72008228302002, 5516
11.741201162338257, 5515
11.759425401687622, 5514
11.759425401687622, 5513
11.79196548461914, 5512
11.792025089263916, 5511
11.792025089263916, 5510
11.792025089263916, 5509
11.792025089263916, 5508
11.792025089263916, 5507
11.80215072631836, 5506
11.80215072631836, 5505
11.812753438949585, 5504
11.813751697540283, 5503
11.81684136390686, 5502
11.83364987373352, 5501
11.83364987373352, 5500
11.836949110031128, 5499
11.836949110031128, 5498
11.836949110031128, 5497
11.844157218933105, 5496
11.844157218933105, 5495
11.844157218933105, 5494
11.844157218933105, 5493
11.851251125335693, 5492
11.851251125335693, 5491
11.854342937469482, 5490
11.859808683395386, 5489
11.873637914657593, 5488
11.881659507751465, 5487
11.881659507751465, 5486
11.88371229171753, 5485
11.88371229171753, 5484
11.88371229171753, 5483
11.88371229171753, 5482
11.88371229171753, 5481
11.88371229171753, 5480
11.893845081329346, 5479
11.893845081329346, 5478
11.893845081329346, 5477
11.893845081329346, 5476
11.893845081329346, 5475
11.901913404464722, 5474
11.901913404464722, 5473
11.903944730758667, 5472
11.924224853515625, 5471
11.924224853515625, 5470
11.924224853515625, 5469
11.924224853515625, 5468
11.924224853515625, 5467
11.924224853515625, 5466
11.924224853515625, 5465
11.924224853515625, 5464
11.924224853515625, 5463
11.924224853515625, 5462
11.932323217391968, 5461
11.932323217391968, 5460
11.934375286102295, 5459
11.94458532333374, 5458
11.945581912994385, 5457
11.958147287368774, 5456
11.958710670471191, 5455
11.95973539352417, 5454
11.962799787521362, 5453
11.962799787521362, 5452
11.962799787521362, 5451
11.96485161781311, 5450
11.96485161781311, 5449
11.96485161781311, 5448
11.96485161781311, 5447
11.972957134246826, 5446
11.972957134246826, 5445
11.972957134246826, 5444
11.975984811782837, 5443
11.983039140701294, 5442
11.996280670166016, 5441
11.996280670166016, 5440
11.996280670166016, 5439
11.996280670166016, 5438
11.996280670166016, 5437
11.996280670166016, 5436
11.996280670166016, 5435
12.003376007080078, 5434
12.003376007080078, 5433
12.003376007080078, 5432
12.005428075790405, 5431
12.005428075790405, 5430
12.005428075790405, 5429
12.005428075790405, 5428
12.005428075790405, 5427
12.005428075790405, 5426
12.005428075790405, 5425
12.005428075790405, 5424
12.005428075790405, 5423
12.015541791915894, 5422
12.016538619995117, 5421
12.016538619995117, 5420
12.016538619995117, 5419
12.016538619995117, 5418
12.016538619995117, 5417
12.023635625839233, 5416
12.025688648223877, 5415
12.025688648223877, 5414
12.025688648223877, 5413
12.03491473197937, 5412
12.035911798477173, 5411
12.035911798477173, 5410
12.043282508850098, 5409
12.044875860214233, 5408
12.046924829483032, 5407
12.046924829483032, 5406
12.066161870956421, 5405
12.066161870956421, 5404
12.066161870956421, 5403
12.066161870956421, 5402
12.076333284378052, 5401
12.086459159851074, 5400
12.094568490982056, 5399
12.095593929290771, 5398
12.104699850082397, 5397
12.124871969223022, 5396
12.124871969223022, 5395
12.126924753189087, 5394
12.126924753189087, 5393
12.137056827545166, 5392
12.137056827545166, 5391
12.137056827545166, 5390
12.145129680633545, 5389
12.146127939224243, 5388
12.146127939224243, 5387
12.146127939224243, 5386
12.146127939224243, 5385
12.157262802124023, 5384
12.157262802124023, 5383
12.157262802124023, 5382
12.157262802124023, 5381
12.157262802124023, 5380
12.175437927246094, 5379
12.185543775558472, 5378
12.187597274780273, 5377
12.187597274780273, 5376
12.187597274780273, 5375
12.187597274780273, 5374
12.187597274780273, 5373
12.197725772857666, 5372
12.197725772857666, 5371
12.197725772857666, 5370
12.205780506134033, 5369
12.205780506134033, 5368
12.205780506134033, 5367
12.205780506134033, 5366
12.205780506134033, 5365
12.215858459472656, 5364
12.217916011810303, 5363
12.217916011810303, 5362
12.228022336959839, 5361
12.228022336959839, 5360
12.228022336959839, 5359
12.228022336959839, 5358
12.228022336959839, 5357
12.236073732376099, 5356
12.238126754760742, 5355
12.238126754760742, 5354
12.238126754760742, 5353
12.238126754760742, 5352
12.238126754760742, 5351
12.238126754760742, 5350
12.246179103851318, 5349
12.247052669525146, 5348
12.248077392578125, 5347
12.248629093170166, 5346
12.248629093170166, 5345
12.248629093170166, 5344
12.248629093170166, 5343
12.248629093170166, 5342
12.248629093170166, 5341
12.248629093170166, 5340
12.248629093170166, 5339
12.258253574371338, 5338
12.258253574371338, 5337
12.258253574371338, 5336
12.258253574371338, 5335
12.258253574371338, 5334
12.258253574371338, 5333
12.258253574371338, 5332
12.266312599182129, 5331
12.268364667892456, 5330
12.278955221176147, 5329
12.279954433441162, 5328
12.279954433441162, 5327
12.279954433441162, 5326
12.287021160125732, 5325
12.299286365509033, 5324
12.299286365509033, 5323
12.307405233383179, 5322
12.307405233383179, 5321
12.309467792510986, 5320
12.309467792510986, 5319
12.309467792510986, 5318
12.319578647613525, 5317
12.319578647613525, 5316
12.319578647613525, 5315
12.319578647613525, 5314
12.327648401260376, 5313
12.329710483551025, 5312
12.329710483551025, 5311
12.329710483551025, 5310
12.329710483551025, 5309
12.329710483551025, 5308
12.329710483551025, 5307
12.337773561477661, 5306
12.337773561477661, 5305
12.339839935302734, 5304
12.339839935302734, 5303
12.339839935302734, 5302
12.34790325164795, 5301
12.349428415298462, 5300
12.349971771240234, 5299
12.350935697555542, 5298
12.358062982559204, 5297
12.360125541687012, 5296
12.360125541687012, 5295
12.360125541687012, 5294
12.370261192321777, 5293
12.370261192321777, 5292
12.370261192321777, 5291
12.370261192321777, 5290
12.370261192321777, 5289
12.370261192321777, 5288
12.370261192321777, 5287
12.388439655303955, 5286
12.388439655303955, 5285
12.39049220085144, 5284
12.39049220085144, 5283
12.39049220085144, 5282
12.39049220085144, 5281
12.398614645004272, 5280
12.398614645004272, 5279
12.39961314201355, 5278
12.400664567947388, 5277
12.400664567947388, 5276
12.400664567947388, 5275
12.40169644355774, 5274
12.40169644355774, 5273
12.40169644355774, 5272
12.40169644355774, 5271
12.40169644355774, 5270
12.40169644355774, 5269
12.408752679824829, 5268
12.408752679824829, 5267
12.408752679824829, 5266
12.408752679824829, 5265
12.408752679824829, 5264
12.408752679824829, 5263
12.408752679824829, 5262
12.418856620788574, 5261
12.420908212661743, 5260
12.420908212661743, 5259
12.420908212661743, 5258
12.431015014648438, 5257
12.431015014648438, 5256
12.431015014648438, 5255
12.431015014648438, 5254
12.431015014648438, 5253
12.431015014648438, 5252
12.431015014648438, 5251
12.43907904624939, 5250
12.43907904624939, 5249
12.44113302230835, 5248
12.44113302230835, 5247
12.44113302230835, 5246
12.44113302230835, 5245
12.44113302230835, 5244
12.44113302230835, 5243
12.44113302230835, 5242
12.449192523956299, 5241
12.452851057052612, 5240
12.46149492263794, 5239
12.471603870391846, 5238
12.471603870391846, 5237
12.481720685958862, 5236
12.48977255821228, 5235
12.49182391166687, 5234
12.49182391166687, 5233
12.49182391166687, 5232
12.49989628791809, 5231
12.501954317092896, 5230
12.512058019638062, 5229
12.530516147613525, 5228
12.530516147613525, 5227
12.530516147613525, 5226
12.542670249938965, 5225
12.542670249938965, 5224
12.542670249938965, 5223
12.542670249938965, 5222
12.542670249938965, 5221
12.542670249938965, 5220
12.542670249938965, 5219
12.562969207763672, 5218
12.563995361328125, 5217
12.563995361328125, 5216
12.563995361328125, 5215
12.563995361328125, 5214
12.563995361328125, 5213
12.563995361328125, 5212
12.563995361328125, 5211
12.563995361328125, 5210
12.571056127548218, 5209
12.571056127548218, 5208
12.571056127548218, 5207
12.571056127548218, 5206
12.571056127548218, 5205
12.571056127548218, 5204
12.58109736442566, 5203
12.582121849060059, 5202
12.583125829696655, 5201
12.584127187728882, 5200
12.584127187728882, 5199
12.584127187728882, 5198
12.584127187728882, 5197
12.584127187728882, 5196
12.593251466751099, 5195
12.593251466751099, 5194
12.593251466751099, 5193
12.603380918502808, 5192
12.603380918502808, 5191
12.603380918502808, 5190
12.611433267593384, 5189
12.613484859466553, 5188
12.613484859466553, 5187
12.63167667388916, 5186
12.651978969573975, 5185
12.654033660888672, 5184
12.654033660888672, 5183
12.654033660888672, 5182
12.658708095550537, 5181
12.658708095550537, 5180
12.658708095550537, 5179
12.658708095550537, 5178
12.664327383041382, 5177
12.664327383041382, 5176
12.664327383041382, 5175
12.664327383041382, 5174
12.664327383041382, 5173
12.664327383041382, 5172
12.672380924224854, 5171
12.672380924224854, 5170
12.672380924224854, 5169
12.674447536468506, 5168
12.674447536468506, 5167
12.674447536468506, 5166
12.674447536468506, 5165
12.674447536468506, 5164
12.674447536468506, 5163
12.684560298919678, 5162
12.684560298919678, 5161
12.684560298919678, 5160
12.684560298919678, 5159
12.684560298919678, 5158
12.684560298919678, 5157
12.684560298919678, 5156
12.694686651229858, 5155
12.694686651229858, 5154
12.694686651229858, 5153
12.694686651229858, 5152
12.694686651229858, 5151
12.702747106552124, 5150
12.702747106552124, 5149
12.702747106552124, 5148
12.704801559448242, 5147
12.704801559448242, 5146
12.704801559448242, 5145
12.704801559448242, 5144
12.714936017990112, 5143
12.714936017990112, 5142
12.714936017990112, 5141
12.714936017990112, 5140
12.714936017990112, 5139
12.714936017990112, 5138
12.714936017990112, 5137
12.722990274429321, 5136
12.722990274429321, 5135
12.722990274429321, 5134
12.735162019729614, 5133
12.743227005004883, 5132
12.743227005004883, 5131
12.743227005004883, 5130
12.74527907371521, 5129
12.74527907371521, 5128
12.74527907371521, 5127
12.74527907371521, 5126
12.74527907371521, 5125
12.74527907371521, 5124
12.74527907371521, 5123
12.74527907371521, 5122
12.74527907371521, 5121
12.74527907371521, 5120
12.756373167037964, 5119
12.756373167037964, 5118
12.756373167037964, 5117
12.756373167037964, 5116
12.763464212417603, 5115
12.763464212417603, 5114
12.765516757965088, 5113
12.765516757965088, 5112
12.765516757965088, 5111
12.765516757965088, 5110
12.765516757965088, 5109
12.765516757965088, 5108
12.765516757965088, 5107
12.765516757965088, 5106
12.765516757965088, 5105
12.773766279220581, 5104
12.773766279220581, 5103
12.783909320831299, 5102
12.796159744262695, 5101
12.796159744262695, 5100
12.797160148620605, 5099
12.797160148620605, 5098
12.797160148620605, 5097
12.797160148620605, 5096
12.797160148620605, 5095
12.80426287651062, 5094
12.80426287651062, 5093
12.80426287651062, 5092
12.806315183639526, 5091
12.806315183639526, 5090
12.806315183639526, 5089
12.806315183639526, 5088
12.806315183639526, 5087
12.806315183639526, 5086
12.806315183639526, 5085
12.816429615020752, 5084
12.824483394622803, 5083
12.82653546333313, 5082
12.82653546333313, 5081
12.82653546333313, 5080
12.82653546333313, 5079
12.82653546333313, 5078
12.82653546333313, 5077
12.82653546333313, 5076
12.82653546333313, 5075
12.82653546333313, 5074
12.82653546333313, 5073
12.82653546333313, 5072
12.82653546333313, 5071
12.834772825241089, 5070
12.834772825241089, 5069
12.835771322250366, 5068
12.83676815032959, 5067
12.83676815032959, 5066
12.83676815032959, 5065
12.83676815032959, 5064
12.844834566116333, 5063
12.844834566116333, 5062
12.844834566116333, 5061
12.844834566116333, 5060
12.844834566116333, 5059
12.857583284378052, 5058
12.857583284378052, 5057
12.857583284378052, 5056
12.857583284378052, 5055
12.86516284942627, 5054
12.86516284942627, 5053
12.875216007232666, 5052
12.877280712127686, 5051
12.877280712127686, 5050
12.877280712127686, 5049
12.877280712127686, 5048
12.877280712127686, 5047
12.877280712127686, 5046
12.885342836380005, 5045
12.887349605560303, 5044
12.887405157089233, 5043
12.887405157089233, 5042
12.887405157089233, 5041
12.887405157089233, 5040
12.90002155303955, 5039
12.90002155303955, 5038
12.90002155303955, 5037
12.90002155303955, 5036
12.910146951675415, 5035
12.910146951675415, 5034
12.910146951675415, 5033
12.910146951675415, 5032
12.910146951675415, 5031
12.920251607894897, 5030
12.920251607894897, 5029
12.920251607894897, 5028
12.938440084457397, 5027
12.938440084457397, 5026
12.938440084457397, 5025
12.94050669670105, 5024
12.94050669670105, 5023
12.94050669670105, 5022
12.94050669670105, 5021
12.95063066482544, 5020
12.95063066482544, 5019
12.959668397903442, 5018
12.960695266723633, 5017
12.961244583129883, 5016
12.961244583129883, 5015
12.970853567123413, 5014
12.970853567123413, 5013
12.970853567123413, 5012
12.970853567123413, 5011
12.970853567123413, 5010
12.978919982910156, 5009
12.980973243713379, 5008
12.981747388839722, 5007
12.981747388839722, 5006
12.981747388839722, 5005
12.982772588729858, 5004
12.982772588729858, 5003
12.982772588729858, 5002
12.982772588729858, 5001
12.982772588729858, 5000
12.982772588729858, 4999
12.988827228546143, 4998
12.988827228546143, 4997
12.988827228546143, 4996
12.990881204605103, 4995
12.990881204605103, 4994
12.990881204605103, 4993
12.990881204605103, 4992
12.990881204605103, 4991
12.990881204605103, 4990
12.990881204605103, 4989
12.999000787734985, 4988
12.999000787734985, 4987
12.999000787734985, 4986
13.00002908706665, 4985
13.001028299331665, 4984
13.001028299331665, 4983
13.002029180526733, 4982
13.002029180526733, 4981
13.002029180526733, 4980
13.011136531829834, 4979
13.011136531829834, 4978
13.011136531829834, 4977
13.019206762313843, 4976
13.019303798675537, 4975
13.019303798675537, 4974
13.020328998565674, 4973
13.020328998565674, 4972
13.021353721618652, 4971
13.021353721618652, 4970
13.022381782531738, 4969
13.022381782531738, 4968
13.022381782531738, 4967
13.022381782531738, 4966
13.051724433898926, 4965
13.051724433898926, 4964
13.051724433898926, 4963
13.051724433898926, 4962
13.051724433898926, 4961
13.051724433898926, 4960
13.051724433898926, 4959
13.051724433898926, 4958
13.059785604476929, 4957
13.061842203140259, 4956
13.061842203140259, 4955
13.082018375396729, 4954
13.082018375396729, 4953
13.082018375396729, 4952
13.082018375396729, 4951
13.082018375396729, 4950
13.09212327003479, 4949
13.09212327003479, 4948
13.09212327003479, 4947
13.09212327003479, 4946
13.105739831924438, 4945
13.107604026794434, 4944
13.107604026794434, 4943
13.108628511428833, 4942
13.109232664108276, 4941
13.109232664108276, 4940
13.109232664108276, 4939
13.111774206161499, 4938
13.111774206161499, 4937
13.111774206161499, 4936
13.123360395431519, 4935
13.123418807983398, 4934
13.123418807983398, 4933
13.123418807983398, 4932
13.123418807983398, 4931
13.123418807983398, 4930
13.13151240348816, 4929
13.13151240348816, 4928
13.143734455108643, 4927
13.143734455108643, 4926
13.15180492401123, 4925
13.15180492401123, 4924
13.15388035774231, 4923
13.15388035774231, 4922
13.16399598121643, 4921
13.17412281036377, 4920
13.17412281036377, 4919
13.17412281036377, 4918
13.185266494750977, 4917
13.185266494750977, 4916
13.185266494750977, 4915
13.194449186325073, 4914
13.194449186325073, 4913
13.194449186325073, 4912
13.194449186325073, 4911
13.194449186325073, 4910
13.194449186325073, 4909
13.21471118927002, 4908
13.21471118927002, 4907
13.21471118927002, 4906
13.21471118927002, 4905
13.21471118927002, 4904
13.21471118927002, 4903
13.224828243255615, 4902
13.224828243255615, 4901
13.224828243255615, 4900
13.224828243255615, 4899
13.224828243255615, 4898
13.234933376312256, 4897
13.234933376312256, 4896
13.234933376312256, 4895
13.245046854019165, 4894
13.255157470703125, 4893
13.255157470703125, 4892
13.263220071792603, 4891
13.265276670455933, 4890
13.265276670455933, 4889
13.265276670455933, 4888
13.265276670455933, 4887
13.265276670455933, 4886
13.265276670455933, 4885
13.271022081375122, 4884
13.272048711776733, 4883
13.272048711776733, 4882
13.27301812171936, 4881
13.274014472961426, 4880
13.274014472961426, 4879
13.275012016296387, 4878
13.275012016296387, 4877
13.275012016296387, 4876
13.275012016296387, 4875
13.275012016296387, 4874
13.275012016296387, 4873
13.275012016296387, 4872
13.275012016296387, 4871
13.284092426300049, 4870
13.284092426300049, 4869
13.28614616394043, 4868
13.28614616394043, 4867
13.28614616394043, 4866
13.28614616394043, 4865
13.28614616394043, 4864
13.28614616394043, 4863
13.28614616394043, 4862
13.28614616394043, 4861
13.28614616394043, 4860
13.28614616394043, 4859
13.28614616394043, 4858
13.294199466705322, 4857
13.29620361328125, 4856
13.296251773834229, 4855
13.296251773834229, 4854
13.296251773834229, 4853
13.296251773834229, 4852
13.296251773834229, 4851
13.296251773834229, 4850
13.296251773834229, 4849
13.296251773834229, 4848
13.296251773834229, 4847
13.296251773834229, 4846
13.296251773834229, 4845
13.296251773834229, 4844
13.30434536933899, 4843
13.305369853973389, 4842
13.305565357208252, 4841
13.305565357208252, 4840
13.30636715888977, 4839
13.30636715888977, 4838
13.30636715888977, 4837
13.307367086410522, 4836
13.307367086410522, 4835
13.307367086410522, 4834
13.307367086410522, 4833
13.307367086410522, 4832
13.307367086410522, 4831
13.307367086410522, 4830
13.307367086410522, 4829
13.307367086410522, 4828
13.307367086410522, 4827
13.314414024353027, 4826
13.316485166549683, 4825
13.316485166549683, 4824
13.316485166549683, 4823
13.316485166549683, 4822
13.316485166549683, 4821
13.316485166549683, 4820
13.316485166549683, 4819
13.316485166549683, 4818
13.316485166549683, 4817
13.316485166549683, 4816
13.316485166549683, 4815
13.316485166549683, 4814
13.324577331542969, 4813
13.324577331542969, 4812
13.324577331542969, 4811
13.32663083076477, 4810
13.32663083076477, 4809
13.32663083076477, 4808
13.33468246459961, 4807
13.336736917495728, 4806
13.336736917495728, 4805
13.336736917495728, 4804
13.336736917495728, 4803
13.336736917495728, 4802
13.336736917495728, 4801
13.336736917495728, 4800
13.336736917495728, 4799
13.336736917495728, 4798
13.336736917495728, 4797
13.344832420349121, 4796
13.344832420349121, 4795
13.344832420349121, 4794
13.346884965896606, 4793
13.346884965896606, 4792
13.346884965896606, 4791
13.346884965896606, 4790
13.346884965896606, 4789
13.346884965896606, 4788
13.346884965896606, 4787
13.346884965896606, 4786
13.346884965896606, 4785
13.346884965896606, 4784
13.346884965896606, 4783
13.346884965896606, 4782
13.346884965896606, 4781
13.356987714767456, 4780
13.356987714767456, 4779
13.356987714767456, 4778
13.356987714767456, 4777
13.356987714767456, 4776
13.356987714767456, 4775
13.356987714767456, 4774
13.356987714767456, 4773
13.356987714767456, 4772
13.356987714767456, 4771
13.356987714767456, 4770
13.356987714767456, 4769
13.356987714767456, 4768
13.365251064300537, 4767
13.366249561309814, 4766
13.3677978515625, 4765
13.3677978515625, 4764
13.3677978515625, 4763
13.3677978515625, 4762
13.37448525428772, 4761
13.375489711761475, 4760
13.376490354537964, 4759
13.376490354537964, 4758
13.376490354537964, 4757
13.376490354537964, 4756
13.376490354537964, 4755
13.376490354537964, 4754
13.376490354537964, 4753
13.376490354537964, 4752
13.376490354537964, 4751
13.376490354537964, 4750
13.376490354537964, 4749
13.376490354537964, 4748
13.385638952255249, 4747
13.385638952255249, 4746
13.385638952255249, 4745
13.386651039123535, 4744
13.387654542922974, 4743
13.387654542922974, 4742
13.388655185699463, 4741
13.388655185699463, 4740
13.388655185699463, 4739
13.388655185699463, 4738
13.388655185699463, 4737
13.395710229873657, 4736
13.395710229873657, 4735
13.397761106491089, 4734
13.397761106491089, 4733
13.397761106491089, 4732
13.397761106491089, 4731
13.397761106491089, 4730
13.397761106491089, 4729
13.397761106491089, 4728
13.397761106491089, 4727
13.397761106491089, 4726
13.397761106491089, 4725
13.397761106491089, 4724
13.405827760696411, 4723
13.405827760696411, 4722
13.405827760696411, 4721
13.407883405685425, 4720
13.407883405685425, 4719
13.407883405685425, 4718
13.407883405685425, 4717
13.407883405685425, 4716
13.407883405685425, 4715
13.407883405685425, 4714
13.407883405685425, 4713
13.407883405685425, 4712
13.407883405685425, 4711
13.407883405685425, 4710
13.415935754776001, 4709
13.415935754776001, 4708
13.417987585067749, 4707
13.417987585067749, 4706
13.417987585067749, 4705
13.417987585067749, 4704
13.417987585067749, 4703
13.417987585067749, 4702
13.417987585067749, 4701
13.417987585067749, 4700
13.417987585067749, 4699
13.417987585067749, 4698
13.417987585067749, 4697
13.417987585067749, 4696
13.417987585067749, 4695
13.426105976104736, 4694
13.426105976104736, 4693
13.427137851715088, 4692
13.428133964538574, 4691
13.428133964538574, 4690
13.42913269996643, 4689
13.42913269996643, 4688
13.42913269996643, 4687
13.42913269996643, 4686
13.42913269996643, 4685
13.42913269996643, 4684
13.42913269996643, 4683
13.42913269996643, 4682
13.42913269996643, 4681
13.42913269996643, 4680
13.42913269996643, 4679
13.42913269996643, 4678
13.436193466186523, 4677
13.436193466186523, 4676
13.436193466186523, 4675
13.438246488571167, 4674
13.438246488571167, 4673
13.438246488571167, 4672
13.438246488571167, 4671
13.438246488571167, 4670
13.438246488571167, 4669
13.438246488571167, 4668
13.438246488571167, 4667
13.438246488571167, 4666
13.438246488571167, 4665
13.438246488571167, 4664
13.438246488571167, 4663
13.438246488571167, 4662
13.446308374404907, 4661
13.448360443115234, 4660
13.448360443115234, 4659
13.448360443115234, 4658
13.448360443115234, 4657
13.448360443115234, 4656
13.448360443115234, 4655
13.448360443115234, 4654
13.448360443115234, 4653
13.448360443115234, 4652
13.448360443115234, 4651
13.448360443115234, 4650
13.448360443115234, 4649
13.456412315368652, 4648
13.458465337753296, 4647
13.458465337753296, 4646
13.458465337753296, 4645
13.458465337753296, 4644
13.458465337753296, 4643
13.458465337753296, 4642
13.458465337753296, 4641
13.458465337753296, 4640
13.458465337753296, 4639
13.458465337753296, 4638
13.458465337753296, 4637
13.458465337753296, 4636
13.458465337753296, 4635
13.46653413772583, 4634
13.46653413772583, 4633
13.46653413772583, 4632
13.46858811378479, 4631
13.46858811378479, 4630
13.46858811378479, 4629
13.46858811378479, 4628
13.46858811378479, 4627
13.46858811378479, 4626
13.46858811378479, 4625
13.46858811378479, 4624
13.46858811378479, 4623
13.46858811378479, 4622
13.46858811378479, 4621
13.46858811378479, 4620
13.487055540084839, 4619
13.488052368164062, 4618
13.489084959030151, 4617
13.489084959030151, 4616
13.490081071853638, 4615
13.490081071853638, 4614
13.490081071853638, 4613
13.490081071853638, 4612
13.490081071853638, 4611
13.490081071853638, 4610
13.490081071853638, 4609
13.490081071853638, 4608
13.490081071853638, 4607
13.490081071853638, 4606
13.490081071853638, 4605
13.497141361236572, 4604
13.497141361236572, 4603
13.497141361236572, 4602
13.497141361236572, 4601
13.509678840637207, 4600
13.509678840637207, 4599
13.511729955673218, 4598
13.519783020019531, 4597
13.519783020019531, 4596
13.519783020019531, 4595
13.529905080795288, 4594
13.529905080795288, 4593
13.531959772109985, 4592
13.531959772109985, 4591
13.531959772109985, 4590
13.531959772109985, 4589
13.531959772109985, 4588
13.531959772109985, 4587
13.542062282562256, 4586
13.542062282562256, 4585
13.542062282562256, 4584
13.542062282562256, 4583
13.553288459777832, 4582
13.553288459777832, 4581
13.553288459777832, 4580
13.553288459777832, 4579
13.553288459777832, 4578
13.560343980789185, 4577
13.560343980789185, 4576
13.560343980789185, 4575
13.562395572662354, 4574
13.562395572662354, 4573
13.562395572662354, 4572
13.562395572662354, 4571
13.562395572662354, 4570
13.562395572662354, 4569
13.562395572662354, 4568
13.57250690460205, 4567
13.57250690460205, 4566
13.57250690460205, 4565
13.57250690460205, 4564
13.57250690460205, 4563
13.578281879425049, 4562
13.578281879425049, 4561
13.590471744537354, 4560
13.593498468399048, 4559
13.593498468399048, 4558
13.593498468399048, 4557
13.593498468399048, 4556
13.600520133972168, 4555
13.600520133972168, 4554
13.600520133972168, 4553
13.600520133972168, 4552
13.600520133972168, 4551
13.610565662384033, 4550
13.610565662384033, 4549
13.622732162475586, 4548
13.622732162475586, 4547
13.622732162475586, 4546
13.622732162475586, 4545
13.622732162475586, 4544
13.630975246429443, 4543
13.630975246429443, 4542
13.630975246429443, 4541
13.631999254226685, 4540
13.631999254226685, 4539
13.632999181747437, 4538
13.632999181747437, 4537
13.632999181747437, 4536
13.641062259674072, 4535
13.641062259674072, 4534
13.643123149871826, 4533
13.643123149871826, 4532
13.643123149871826, 4531
13.643123149871826, 4530
13.643123149871826, 4529
13.643123149871826, 4528
13.65118932723999, 4527
13.65118932723999, 4526
13.653244018554688, 4525
13.661295652389526, 4524
13.663349390029907, 4523
13.663349390029907, 4522
13.663349390029907, 4521
13.663349390029907, 4520
13.663349390029907, 4519
13.663349390029907, 4518
13.671417236328125, 4517
13.671417236328125, 4516
13.671417236328125, 4515
13.67346978187561, 4514
13.67346978187561, 4513
13.67346978187561, 4512
13.681687593460083, 4511
13.683751344680786, 4510
13.683751344680786, 4509
13.683751344680786, 4508
13.691832065582275, 4507
13.693864345550537, 4506
13.693864345550537, 4505
13.70188045501709, 4504
13.704900026321411, 4503
13.704900026321411, 4502
13.704900026321411, 4501
13.714038610458374, 4500
13.714038610458374, 4499
13.714038610458374, 4498
13.72209119796753, 4497
13.72209119796753, 4496
13.72209119796753, 4495
13.724142074584961, 4494
13.724142074584961, 4493
13.724142074584961, 4492
13.724142074584961, 4491
13.724142074584961, 4490
13.724142074584961, 4489
13.724142074584961, 4488
13.724142074584961, 4487
13.724142074584961, 4486
13.724142074584961, 4485
13.724142074584961, 4484
13.724142074584961, 4483
13.724142074584961, 4482
13.732204675674438, 4481
13.734257221221924, 4480
13.734257221221924, 4479
13.734257221221924, 4478
13.734257221221924, 4477
13.734257221221924, 4476
13.734257221221924, 4475
13.734257221221924, 4474
13.734257221221924, 4473
13.734257221221924, 4472
13.734257221221924, 4471
13.742308855056763, 4470
13.742308855056763, 4469
13.742308855056763, 4468
13.744359731674194, 4467
13.744359731674194, 4466
13.744359731674194, 4465
13.744359731674194, 4464
13.744359731674194, 4463
13.744359731674194, 4462
13.744359731674194, 4461
13.744359731674194, 4460
13.744359731674194, 4459
13.744359731674194, 4458
13.744359731674194, 4457
13.744359731674194, 4456
13.744359731674194, 4455
13.752421855926514, 4454
13.752421855926514, 4453
13.75447416305542, 4452
13.75447416305542, 4451
13.75447416305542, 4450
13.75447416305542, 4449
13.75447416305542, 4448
13.75447416305542, 4447
13.75447416305542, 4446
13.75447416305542, 4445
13.75447416305542, 4444
13.75447416305542, 4443
13.75447416305542, 4442
13.75447416305542, 4441
13.75447416305542, 4440
13.762531518936157, 4439
13.762531518936157, 4438
13.762531518936157, 4437
13.762531518936157, 4436
13.764583587646484, 4435
13.764583587646484, 4434
13.764583587646484, 4433
13.764583587646484, 4432
13.764583587646484, 4431
13.764583587646484, 4430
13.764583587646484, 4429
13.764583587646484, 4428
13.764583587646484, 4427
13.764583587646484, 4426
13.764583587646484, 4425
13.764583587646484, 4424
13.764583587646484, 4423
13.772681474685669, 4422
13.772681474685669, 4421
13.772681474685669, 4420
13.773709774017334, 4419
13.774728059768677, 4418
13.774728059768677, 4417
13.774728059768677, 4416
13.775761842727661, 4415
13.775761842727661, 4414
13.775761842727661, 4413
13.775761842727661, 4412
13.775761842727661, 4411
13.775761842727661, 4410
13.775761842727661, 4409
13.775761842727661, 4408
13.775761842727661, 4407
13.782830238342285, 4406
13.783123254776001, 4405
13.783123254776001, 4404
13.783123254776001, 4403
13.784153461456299, 4402
13.784721374511719, 4401
13.784721374511719, 4400
13.784721374511719, 4399
13.785751342773438, 4398
13.785751342773438, 4397
13.785751342773438, 4396
13.785751342773438, 4395
13.785751342773438, 4394
13.785751342773438, 4393
13.785751342773438, 4392
13.785751342773438, 4391
13.785751342773438, 4390
13.79285717010498, 4389
13.794922590255737, 4388
13.794922590255737, 4387
13.794922590255737, 4386
13.794922590255737, 4385
13.794922590255737, 4384
13.794922590255737, 4383
13.794922590255737, 4382
13.794922590255737, 4381
13.794922590255737, 4380
13.794922590255737, 4379
13.794922590255737, 4378
13.794922590255737, 4377
13.802986145019531, 4376
13.802986145019531, 4375
13.805051326751709, 4374
13.805051326751709, 4373
13.805051326751709, 4372
13.805051326751709, 4371
13.805051326751709, 4370
13.805051326751709, 4369
13.813089847564697, 4368
13.813089847564697, 4367
13.815156936645508, 4366
13.815156936645508, 4365
13.815156936645508, 4364
13.815156936645508, 4363
13.815156936645508, 4362
13.815156936645508, 4361
13.825291395187378, 4360
13.825291395187378, 4359
13.825291395187378, 4358
13.825291395187378, 4357
13.825291395187378, 4356
13.825291395187378, 4355
13.83349061012268, 4354
13.835557699203491, 4353
13.835557699203491, 4352
13.835557699203491, 4351
13.835557699203491, 4350
13.835557699203491, 4349
13.835557699203491, 4348
13.835557699203491, 4347
13.843624353408813, 4346
13.845689058303833, 4345
13.845689058303833, 4344
13.845689058303833, 4343
13.845689058303833, 4342
13.845689058303833, 4341
13.845689058303833, 4340
13.845689058303833, 4339
13.853729248046875, 4338
13.853729248046875, 4337
13.853729248046875, 4336
13.85579538345337, 4335
13.85579538345337, 4334
13.85579538345337, 4333
13.85579538345337, 4332
13.85579538345337, 4331
13.85579538345337, 4330
13.85579538345337, 4329
13.863970518112183, 4328
13.863970518112183, 4327
13.863970518112183, 4326
13.864994764328003, 4325
13.864994764328003, 4324
13.866018295288086, 4323
13.866018295288086, 4322
13.866018295288086, 4321
13.867046356201172, 4320
13.867046356201172, 4319
13.867046356201172, 4318
13.867046356201172, 4317
13.867046356201172, 4316
13.867046356201172, 4315
13.867046356201172, 4314
13.867046356201172, 4313
13.867046356201172, 4312
13.867046356201172, 4311
13.867046356201172, 4310
13.867046356201172, 4309
13.874104022979736, 4308
13.874104022979736, 4307
13.874104022979736, 4306
13.876155138015747, 4305
13.876155138015747, 4304
13.876155138015747, 4303
13.876155138015747, 4302
13.876155138015747, 4301
13.876155138015747, 4300
13.876155138015747, 4299
13.876155138015747, 4298
13.876155138015747, 4297
13.876155138015747, 4296
13.876155138015747, 4295
13.884268760681152, 4294
13.884268760681152, 4293
13.885600805282593, 4292
13.885600805282593, 4291
13.886142015457153, 4290
13.886142015457153, 4289
13.886142015457153, 4288
13.887163639068604, 4287
13.887163639068604, 4286
13.887163639068604, 4285
13.887163639068604, 4284
13.887163639068604, 4283
13.887163639068604, 4282
13.8905348777771, 4281
13.89153265953064, 4280
13.89153265953064, 4279
13.89153265953064, 4278
13.892528533935547, 4277
13.892528533935547, 4276
13.892528533935547, 4275
13.895126342773438, 4274
13.895126342773438, 4273
13.895126342773438, 4272
13.895126342773438, 4271
13.904530763626099, 4270
13.907150506973267, 4269
13.907150506973267, 4268
13.907150506973267, 4267
13.914212465286255, 4266
13.914212465286255, 4265
13.914212465286255, 4264
13.914212465286255, 4263
13.914212465286255, 4262
13.9263277053833, 4261
13.9263277053833, 4260
13.9263277053833, 4259
13.9263277053833, 4258
13.9364173412323, 4257
13.936431169509888, 4256
13.936431169509888, 4255
13.936431169509888, 4254
13.9445059299469, 4253
13.946557998657227, 4252
13.946557998657227, 4251
13.946557998657227, 4250
13.954609870910645, 4249
13.956660509109497, 4248
13.956660509109497, 4247
13.956660509109497, 4246
13.964724779129028, 4245
13.96678113937378, 4244
13.96678113937378, 4243
13.96678113937378, 4242
13.97483777999878, 4241
13.97688913345337, 4240
13.97688913345337, 4239
13.97688913345337, 4238
13.985009670257568, 4237
13.987816333770752, 4236
13.988845348358154, 4235
13.994923830032349, 4234
13.994923830032349, 4233
13.994923830032349, 4232
13.994923830032349, 4231
13.994923830032349, 4230
14.007053136825562, 4229
14.008052110671997, 4228
14.008052110671997, 4227
14.008052110671997, 4226
14.015106916427612, 4225
14.017158031463623, 4224
14.017158031463623, 4223
14.017158031463623, 4222
14.025292873382568, 4221
14.027343988418579, 4220
14.028374433517456, 4219
14.028374433517456, 4218
14.035436630249023, 4217
14.037487983703613, 4216
14.037487983703613, 4215
14.037487983703613, 4214
14.037487983703613, 4213
14.047614574432373, 4212
14.047614574432373, 4211
14.047614574432373, 4210
14.047614574432373, 4209
14.05772352218628, 4208
14.05772352218628, 4207
14.05772352218628, 4206
14.05772352218628, 4205
14.067280292510986, 4204
14.069331169128418, 4203
14.069331169128418, 4202
14.069331169128418, 4201
14.076387882232666, 4200
14.076387882232666, 4199
14.076387882232666, 4198
14.076387882232666, 4197
14.08652949333191, 4196
14.088576316833496, 4195
14.090204954147339, 4194
14.091232538223267, 4193
14.09682321548462, 4192
14.098875045776367, 4191
14.098875045776367, 4190
14.098875045776367, 4189
14.107053279876709, 4188
14.109048128128052, 4187
14.110044717788696, 4186
14.110044717788696, 4185
14.132719039916992, 4184
14.150926351547241, 4183
14.150926351547241, 4182
14.160173892974854, 4181
14.160173892974854, 4180
14.2011239528656, 4179
14.34383225440979, 4178
14.34383225440979, 4177
14.34383225440979, 4176
14.377650260925293, 4175
14.377650260925293, 4174
14.393272161483765, 4173
14.396940231323242, 4172
14.43067717552185, 4171
14.43067717552185, 4170
14.43067717552185, 4169
14.455637216567993, 4168
14.485946416854858, 4167
14.485946416854858, 4166
14.488016128540039, 4165
14.500369787216187, 4164
14.500369787216187, 4163
14.500369787216187, 4162
14.531623840332031, 4161
14.531623840332031, 4160
14.531623840332031, 4159
14.579329252243042, 4158
14.579329252243042, 4157
14.596036434173584, 4156
14.645660161972046, 4155
14.645660161972046, 4154
14.666846752166748, 4153
14.721301317214966, 4152
14.721301317214966, 4151
14.7369225025177, 4150
14.7369225025177, 4149
14.779474258422852, 4148
14.796249866485596, 4147
14.796249866485596, 4146
14.796249866485596, 4145
14.808031797409058, 4144
14.808031797409058, 4143
14.840690851211548, 4142
14.856349229812622, 4141
14.862890243530273, 4140
14.879746675491333, 4139
14.879746675491333, 4138
14.92835545539856, 4137
14.92835545539856, 4136
14.979687690734863, 4135
14.979687690734863, 4134
14.995355606079102, 4133
14.995355606079102, 4132
15.013065576553345, 4131
15.013065576553345, 4130
15.013065576553345, 4129
15.0287184715271, 4128
15.044455289840698, 4127
15.063192367553711, 4126
15.063192367553711, 4125
15.078852653503418, 4124
15.095576763153076, 4123
15.111242771148682, 4122
15.126834630966187, 4121
15.126834630966187, 4120
15.1424560546875, 4119
15.1424560546875, 4118
15.178719758987427, 4117
15.178719758987427, 4116
15.216124534606934, 4115
15.216124534606934, 4114
15.320213794708252, 4113
15.320213794708252, 4112
15.320213794708252, 4111
15.320213794708252, 4110
15.335838556289673, 4109
15.351459741592407, 4108
15.362974405288696, 4107
15.362974405288696, 4106
15.422450065612793, 4105
15.422450065612793, 4104
15.422450065612793, 4103
15.453758716583252, 4102
15.463302850723267, 4101
15.463302850723267, 4100
15.463302850723267, 4099
15.463302850723267, 4098
15.463302850723267, 4097
15.463302850723267, 4096
15.496851921081543, 4095
15.524352312088013, 4094
15.524352312088013, 4093
15.57877492904663, 4092
15.679044008255005, 4091
15.711472272872925, 4090
15.729615449905396, 4089
15.76439905166626, 4088
15.76439905166626, 4087
15.780052185058594, 4086
15.780052185058594, 4085
15.912535190582275, 4084
15.912535190582275, 4083
15.928327798843384, 4082
15.95008635520935, 4081
15.95008635520935, 4080
15.963631391525269, 4079
15.994913339614868, 4078
15.994913339614868, 4077
16.01180934906006, 4076
16.01180934906006, 4075
16.06370997428894, 4074
16.096125841140747, 4073
16.211934089660645, 4072
16.211934089660645, 4071
16.211934089660645, 4070
16.211934089660645, 4069
16.227562189102173, 4068
16.227562189102173, 4067
16.241140604019165, 4066
16.280720233917236, 4065
16.313154935836792, 4064
16.313154935836792, 4063
16.328773021697998, 4062
16.328773021697998, 4061
16.328773021697998, 4060
16.39613389968872, 4059
16.39613389968872, 4058
16.39613389968872, 4057
16.39613389968872, 4056
16.42741847038269, 4055
16.44303798675537, 4054
16.44646191596985, 4053
16.482120990753174, 4052
16.482120990753174, 4051
16.49893069267273, 4050
16.49893069267273, 4049
16.514614582061768, 4048
16.514614582061768, 4047
16.514614582061768, 4046
16.514614582061768, 4045
16.514614582061768, 4044
16.514614582061768, 4043
16.54836392402649, 4042
16.54836392402649, 4041
16.54836392402649, 4040
16.564051389694214, 4039
16.564051389694214, 4038
16.596386671066284, 4037
16.596386671066284, 4036
16.630175352096558, 4035
16.696502447128296, 4034
16.71216630935669, 4033
16.7277889251709, 4032
16.743407011032104, 4031
16.743407011032104, 4030
16.779730796813965, 4029
16.779730796813965, 4028
16.779730796813965, 4027
16.7953519821167, 4026
16.7953519821167, 4025
16.7953519821167, 4024
16.811172008514404, 4023
16.84447407722473, 4022
16.84447407722473, 4021
16.86009454727173, 4020
16.86009454727173, 4019
16.864104509353638, 4018
16.864104509353638, 4017
16.864104509353638, 4016
16.880906105041504, 4015
16.880906105041504, 4014
16.944610834121704, 4013
16.964001417160034, 4012
17.012155294418335, 4011
17.012155294418335, 4010
17.027775287628174, 4009
17.043396711349487, 4008
17.11455464363098, 4007
17.11455464363098, 4006
17.11455464363098, 4005
17.130173444747925, 4004
17.199556350708008, 4003
17.199556350708008, 4002
17.199556350708008, 4001
17.199556350708008, 4000
17.230839729309082, 3999
17.230839729309082, 3998
17.246948719024658, 3997
17.247958421707153, 3996
17.247958421707153, 3995
17.274264097213745, 3994
17.274264097213745, 3993
17.276320457458496, 3992
17.276320457458496, 3991
17.304622173309326, 3990
17.335118532180786, 3989
17.355482578277588, 3988
17.357550859451294, 3987
17.38909077644348, 3986
17.3961501121521, 3985
17.419317960739136, 3984
17.419317960739136, 3983
17.470228672027588, 3982
17.476811408996582, 3981
17.490004062652588, 3980
17.519333839416504, 3979
17.519333839416504, 3978
17.519333839416504, 3977
17.530308485031128, 3976
17.55973744392395, 3975
17.598377466201782, 3974
17.639868021011353, 3973
17.661967515945435, 3972
17.68106436729431, 3971
17.712539196014404, 3970
17.77303457260132, 3969
17.782201290130615, 3968
17.795772314071655, 3967
17.804879665374756, 3966
17.804879665374756, 3965
17.815001249313354, 3964
17.815001249313354, 3963
17.815001249313354, 3962
17.815001249313354, 3961
17.865893840789795, 3960
17.865893840789795, 3959
17.883940935134888, 3958
17.906181573867798, 3957
17.936535358428955, 3956
17.94462275505066, 3955
17.97701859474182, 3954
17.98231816291809, 3953
17.984930753707886, 3952
17.996491193771362, 3951
18.005666732788086, 3950
18.008663415908813, 3949
18.017794609069824, 3948
18.017794609069824, 3947
18.025823831558228, 3946
18.039211988449097, 3945
18.058449029922485, 3944
18.068553924560547, 3943
18.078765153884888, 3942
18.0998055934906, 3941
18.0998055934906, 3940
18.10891628265381, 3939
18.12728977203369, 3938
18.198063135147095, 3937
18.218424081802368, 3936
18.228553771972656, 3935
18.25746178627014, 3934
18.3226318359375, 3933
18.353015661239624, 3932
18.353015661239624, 3931
18.405033588409424, 3930
18.405033588409424, 3929
18.455629587173462, 3928
18.475837230682373, 3927
18.525647163391113, 3926
18.576122999191284, 3925
18.594353437423706, 3924
18.60632634162903, 3923
18.624425888061523, 3922
18.62643551826477, 3921
18.6344633102417, 3920
18.646503448486328, 3919
18.646503448486328, 3918
18.72817826271057, 3917
18.747376203536987, 3916
18.765538454055786, 3915
18.778890132904053, 3914
18.818400382995605, 3913
18.82852530479431, 3912
18.83865261077881, 3911
18.848760843276978, 3910
18.8983633518219, 3909
18.929781198501587, 3908
18.970357179641724, 3907
18.970357179641724, 3906
19.033852338790894, 3905
19.043986797332764, 3904
19.05409002304077, 3903
19.085691213607788, 3902
19.085691213607788, 3901
19.113130807876587, 3900
19.135398626327515, 3899
19.135398626327515, 3898
19.155598878860474, 3897
19.155598878860474, 3896
19.173778533935547, 3895
19.185950756072998, 3894
19.206337928771973, 3893
19.206337928771973, 3892
19.21440315246582, 3891
19.246816873550415, 3890
19.288343906402588, 3889
19.295398712158203, 3888
19.297450304031372, 3887
19.305514812469482, 3886
19.307567834854126, 3885
19.33601474761963, 3884
19.358293533325195, 3883
19.358293533325195, 3882
19.378525733947754, 3881
19.378525733947754, 3880
19.417752265930176, 3879
19.417752265930176, 3878
19.417752265930176, 3877
19.439002513885498, 3876
19.439002513885498, 3875
19.44703221321106, 3874
19.449101448059082, 3873
19.468482732772827, 3872
19.47757911682129, 3871
19.52114248275757, 3870
19.570854425430298, 3869
19.580925703048706, 3868
19.592110633850098, 3867
19.592110633850098, 3866
19.599168300628662, 3865
19.625854969024658, 3864
19.695108890533447, 3863
19.706957578659058, 3862
19.707987308502197, 3861
19.71293067932129, 3860
19.79807758331299, 3859
19.814099550247192, 3858
19.82335925102234, 3857
19.826406717300415, 3856
19.843445539474487, 3855
19.843445539474487, 3854
19.843445539474487, 3853
19.867234706878662, 3852
19.899638414382935, 3851
19.899638414382935, 3850
19.92775297164917, 3849
19.92775297164917, 3848
19.9758403301239, 3847
19.9758403301239, 3846
19.994797229766846, 3845
19.995769023895264, 3844
20.05067753791809, 3843
20.06629776954651, 3842
20.099675178527832, 3841
20.099675178527832, 3840
20.099675178527832, 3839
20.13253879547119, 3838
20.13253879547119, 3837
20.154179096221924, 3836
20.159876346588135, 3835
20.16167426109314, 3834
20.177700757980347, 3833
20.207204580307007, 3832
20.22548532485962, 3831
20.241122484207153, 3830
20.289374828338623, 3829
20.289374828338623, 3828
20.30530285835266, 3827
20.30530285835266, 3826
20.31333017349243, 3825
20.369272232055664, 3824
20.369272232055664, 3823
20.389500379562378, 3822
20.389500379562378, 3821
20.389500379562378, 3820
20.477742433547974, 3819
20.477742433547974, 3818
20.4999783039093, 3817
20.51009774208069, 3816
20.520206689834595, 3815
20.54896354675293, 3814
20.54896354675293, 3813
20.551015377044678, 3812
20.559067964553833, 3811
20.571242332458496, 3810
20.63175892829895, 3809
20.63175892829895, 3808
20.63175892829895, 3807
20.64348554611206, 3806
20.652145862579346, 3805
20.67226243019104, 3804
20.69141674041748, 3803
20.702537775039673, 3802
20.74307680130005, 3801
20.76330041885376, 3800
20.77430033683777, 3799
20.77430033683777, 3798
20.794220685958862, 3797
20.801780939102173, 3796
20.81391954421997, 3795
20.838441848754883, 3794
20.862878561019897, 3793
20.862878561019897, 3792
20.8832528591156, 3791
20.8832528591156, 3790
20.905521869659424, 3789
20.905521869659424, 3788
20.916659593582153, 3787
20.916659593582153, 3786
21.01242232322693, 3785
21.02621030807495, 3784
21.030657291412354, 3783
21.046497583389282, 3782
21.08612060546875, 3781
21.08914613723755, 3780
21.08914613723755, 3779
21.098252534866333, 3778
21.098252534866333, 3777
21.098252534866333, 3776
21.109491109848022, 3775
21.13992691040039, 3774
21.180108547210693, 3773
21.187664270401, 3772
21.187664270401, 3771
21.19980764389038, 3770
21.22007966041565, 3769
21.22007966041565, 3768
21.230191469192505, 3767
21.261346578598022, 3766
21.261346578598022, 3765
21.26845097541809, 3764
21.280027389526367, 3763
21.288811206817627, 3762
21.288811206817627, 3761
21.309141397476196, 3760
21.319204568862915, 3759
21.36310839653015, 3758
21.36310839653015, 3757
21.3822660446167, 3756
21.422749519348145, 3755
21.422749519348145, 3754
21.432852029800415, 3753
21.445419788360596, 3752
21.49600911140442, 3751
21.49600911140442, 3750
21.49600911140442, 3749
21.566192865371704, 3748
21.648231029510498, 3747
21.674138069152832, 3746
21.717779397964478, 3745
21.72039031982422, 3744
21.767895698547363, 3743
21.77784252166748, 3742
21.821553945541382, 3741
21.828578233718872, 3740
21.901735067367554, 3739
21.92196488380432, 3738
21.93323540687561, 3737
21.952470541000366, 3736
21.980830669403076, 3735
22.00328230857849, 3734
22.00328230857849, 3733
22.01338481903076, 3732
22.01338481903076, 3731
22.03467583656311, 3730
22.04178023338318, 3729
22.085165977478027, 3728
22.085165977478027, 3727
22.13593292236328, 3726
22.146071910858154, 3725
22.197759866714478, 3724
22.206868171691895, 3723
22.206868171691895, 3722
22.206868171691895, 3721
22.28608536720276, 3720
22.32857346534729, 3719
22.339941024780273, 3718
22.349058628082275, 3717
22.488665342330933, 3716
22.579774379730225, 3715
22.582852363586426, 3714
22.59108877182007, 3713
22.600197076797485, 3712
22.600372314453125, 3711
22.66333556175232, 3710
22.665398597717285, 3709
22.705970287322998, 3708
22.705970287322998, 3707
22.716076850891113, 3706
22.746398210525513, 3705
22.746398210525513, 3704
22.746398210525513, 3703
22.815446376800537, 3702
22.867252111434937, 3701
22.86827039718628, 3700
22.869300365447998, 3699
22.888548374176025, 3698
22.88954496383667, 3697
22.88954496383667, 3696
22.898626565933228, 3695
22.898626565933228, 3694
22.923733949661255, 3693
22.923733949661255, 3692
22.923733949661255, 3691
22.94055199623108, 3690
22.94055199623108, 3689
22.95621347427368, 3688
22.95621347427368, 3687
22.95621347427368, 3686
22.95621347427368, 3685
22.995024919509888, 3684
22.998332500457764, 3683
23.0077006816864, 3682
23.0077006816864, 3681
23.0077006816864, 3680
23.0077006816864, 3679
23.10888695716858, 3678
23.15909457206726, 3677
23.22259831428528, 3676
23.22259831428528, 3675
23.238219261169434, 3674
23.26946187019348, 3673
23.2862446308136, 3672
23.445491075515747, 3671
23.445491075515747, 3670
23.445491075515747, 3669
23.461145877838135, 3668
23.461145877838135, 3667
23.49351978302002, 3666
23.49351978302002, 3665
23.507059812545776, 3664
23.5396671295166, 3663
23.555288791656494, 3662
23.586527585983276, 3661
23.65774941444397, 3660
23.673415184020996, 3659
23.673415184020996, 3658
23.724595546722412, 3657
23.724595546722412, 3656
23.724595546722412, 3655
23.724595546722412, 3654
23.740275621414185, 3653
23.740275621414185, 3652
23.755897760391235, 3651
23.755897760391235, 3650
23.844964027404785, 3649
23.877354860305786, 3648
23.877354860305786, 3647
23.877354860305786, 3646
23.90811848640442, 3645
23.921337127685547, 3644
23.94346332550049, 3643
23.961217880249023, 3642
24.01026153564453, 3641
24.01026153564453, 3640
24.01026153564453, 3639
24.03257417678833, 3638
24.04824209213257, 3637
24.04824209213257, 3636
24.04824209213257, 3635
24.04824209213257, 3634
24.04824209213257, 3633
24.04824209213257, 3632
24.12782382965088, 3631
24.12782382965088, 3630
24.144662380218506, 3629
24.19378399848938, 3628
24.240901708602905, 3627
24.240901708602905, 3626
24.240901708602905, 3625
24.240901708602905, 3624
24.256564378738403, 3623
24.256564378738403, 3622
24.308444261550903, 3621
24.339696168899536, 3620
24.339696168899536, 3619
24.339696168899536, 3618
24.35531783103943, 3617
24.370939016342163, 3616
24.370939016342163, 3615
24.370939016342163, 3614
24.386560440063477, 3613
24.386560440063477, 3612
24.4424147605896, 3611
24.47192692756653, 3610
24.502700090408325, 3609
24.512784719467163, 3608
24.524903297424316, 3607
24.535414695739746, 3606
24.536438941955566, 3605
24.54608702659607, 3604
24.54608702659607, 3603
24.56538462638855, 3602
24.595741271972656, 3601
24.64653778076172, 3600
24.64653778076172, 3599
24.656675100326538, 3598
24.697160243988037, 3597
24.697160243988037, 3596
24.70732831954956, 3595
24.70732831954956, 3594
24.74800944328308, 3593
24.758113622665405, 3592
24.769360542297363, 3591
24.769360542297363, 3590
24.769360542297363, 3589
24.78854513168335, 3588
24.78854513168335, 3587
24.798648357391357, 3586
24.798648357391357, 3585
24.80899405479431, 3584
24.881216526031494, 3583
24.881216526031494, 3582
24.889360189437866, 3581
24.91059637069702, 3580
24.920703172683716, 3579
24.920703172683716, 3578
24.920703172683716, 3577
24.9825279712677, 3576
24.9825279712677, 3575
24.9825279712677, 3574
25.030186891555786, 3573
25.04827308654785, 3572
25.04827308654785, 3571
25.053341388702393, 3570
25.053341388702393, 3569
25.053341388702393, 3568
25.062461376190186, 3567
25.062461376190186, 3566
25.09557056427002, 3565
25.156327962875366, 3564
25.156327962875366, 3563
25.176695823669434, 3562
25.205033779144287, 3561
25.255675792694092, 3560
25.27786922454834, 3559
25.298118352890015, 3558
25.298118352890015, 3557
25.298118352890015, 3556
25.306180715560913, 3555
25.306441068649292, 3554
25.329832553863525, 3553
25.353212356567383, 3552
25.355607509613037, 3551
25.357653379440308, 3550
25.42041850090027, 3549
25.440646648406982, 3548
25.49236536026001, 3547
25.49236536026001, 3546
25.777350902557373, 3545
25.777350902557373, 3544
25.798739671707153, 3543
25.798739671707153, 3542
25.798739671707153, 3541
25.80784773826599, 3540
25.84643578529358, 3539
25.84643578529358, 3538
25.84643578529358, 3537
25.84643578529358, 3536
25.84643578529358, 3535
25.886987924575806, 3534
25.998275756835938, 3533
26.058727502822876, 3532
26.058727502822876, 3531
26.058727502822876, 3530
26.058727502822876, 3529
26.073254823684692, 3528
26.101260662078857, 3527
26.109293937683105, 3526
26.111348867416382, 3525
26.111348867416382, 3524
26.111348867416382, 3523
26.12146544456482, 3522
26.12977910041809, 3521
26.133804321289062, 3520
26.133804321289062, 3519
26.143667459487915, 3518
26.143667459487915, 3517
26.143667459487915, 3516
26.158674001693726, 3515
26.175610542297363, 3514
26.175610542297363, 3513
26.175610542297363, 3512
26.175610542297363, 3511
26.192900896072388, 3510
26.193732738494873, 3509
26.195727586746216, 3508
26.195727586746216, 3507
26.195727586746216, 3506
26.195727586746216, 3505
26.250739812850952, 3504
26.250739812850952, 3503
26.28202772140503, 3502
26.282232522964478, 3501
26.351900339126587, 3500
26.351900339126587, 3499
26.359952211380005, 3498
26.359952211380005, 3497
26.359952211380005, 3496
26.362013816833496, 3495
26.362013816833496, 3494
26.390026092529297, 3493
26.39208221435547, 3492
26.400182485580444, 3491
26.4123375415802, 3490
26.430962324142456, 3489
26.430962324142456, 3488
26.444096326828003, 3487
26.444096326828003, 3486
26.444096326828003, 3485
26.451151371002197, 3484
26.451151371002197, 3483
26.453208208084106, 3482
26.503649473190308, 3481
26.503649473190308, 3480
26.503649473190308, 3479
26.51171350479126, 3478
26.51171350479126, 3477
26.52381443977356, 3476
26.531898736953735, 3475
26.53395390510559, 3474
26.53395390510559, 3473
26.543896913528442, 3472
26.592588424682617, 3471
26.602702617645264, 3470
26.604757070541382, 3469
26.6432044506073, 3468
26.675655364990234, 3467
26.675655364990234, 3466
26.675655364990234, 3465
26.683699369430542, 3464
26.70684289932251, 3463
26.72705602645874, 3462
26.75632905960083, 3461
26.808026790618896, 3460
26.808026790618896, 3459
26.847386121749878, 3458
26.857444763183594, 3457
26.930140256881714, 3456
26.950323343276978, 3455
26.950323343276978, 3454
26.95838713645935, 3453
26.95838713645935, 3452
26.95838713645935, 3451
26.972973585128784, 3450
26.984251022338867, 3449
26.984251022338867, 3448
26.984251022338867, 3447
26.994662761688232, 3446
26.994662761688232, 3445
27.038524866104126, 3444
27.042089223861694, 3443
27.15677762031555, 3442
27.277561902999878, 3441
27.318287134170532, 3440
27.319283723831177, 3439
27.328399896621704, 3438
27.328399896621704, 3437
27.55324101448059, 3436
27.91775345802307, 3435
27.92783212661743, 3434
27.938918113708496, 3433
27.938918113708496, 3432
28.059340953826904, 3431
28.119868755340576, 3430
28.130005359649658, 3429
28.17301893234253, 3428
28.17301893234253, 3427
28.183130741119385, 3426
28.282221794128418, 3425
28.284282445907593, 3424
28.284282445907593, 3423
28.284282445907593, 3422
28.31465983390808, 3421
28.31465983390808, 3420
28.32273530960083, 3419
28.332717180252075, 3418
28.393407821655273, 3417
28.608513593673706, 3416
28.66856026649475, 3415
28.669557332992554, 3414
28.710002660751343, 3413
28.710002660751343, 3412
28.829949378967285, 3411
28.83200216293335, 3410
28.841331720352173, 3409
28.965456247329712, 3408
28.965456247329712, 3407
28.965456247329712, 3406
29.02490758895874, 3405
29.02490758895874, 3404
29.16657280921936, 3403
29.174626111984253, 3402
29.316566705703735, 3401
29.318618535995483, 3400
40.766217947006226, 3399
41.03254008293152, 3398
41.22437858581543, 3397
41.37731337547302, 3396
42.58619999885559, 3395
44.810686349868774, 3394
45.65697884559631, 3393
46.4252233505249, 3392
46.881152868270874, 3391
47.141380310058594, 3390
47.426025390625, 3389
47.579808950424194, 3388
49.01283860206604, 3387
49.16928052902222, 3386
49.32138919830322, 3385
49.32138919830322, 3384
49.70572853088379, 3383
49.77711796760559, 3382
50.48059296607971, 3381
51.278616428375244, 3380
52.04983401298523, 3379
52.64214539527893, 3378
52.657763957977295, 3377
53.722158908843994, 3376
54.83102011680603, 3375
54.92163133621216, 3374
55.188247203826904, 3373
55.592830657958984, 3372
57.069112062454224, 3371
57.30367851257324, 3370
59.607107400894165, 3369
