8.599910497665405, 5687
8.600899934768677, 5686
8.606672763824463, 5685
8.610342025756836, 5684
8.61056637763977, 5683
8.611565351486206, 5682
8.614218473434448, 5681
8.615216255187988, 5680
8.623411655426025, 5679
8.629881858825684, 5678
8.629881858825684, 5677
8.630878210067749, 5676
8.630878210067749, 5675
8.630878210067749, 5674
8.631987571716309, 5673
8.631987571716309, 5672
8.631987571716309, 5671
8.632984399795532, 5670
8.632984399795532, 5669
8.634470224380493, 5668
8.636040925979614, 5667
8.636040925979614, 5666
8.636040925979614, 5665
8.637163400650024, 5664
8.638161420822144, 5663
8.640055418014526, 5662
8.644390344619751, 5661
8.65940546989441, 5660
8.660027503967285, 5659
8.661025524139404, 5658
8.662076950073242, 5657
8.66307520866394, 5656
8.665393590927124, 5655
8.674386501312256, 5654
8.675382375717163, 5653
8.675382375717163, 5652
8.675382375717163, 5651
8.675382375717163, 5650
8.675382375717163, 5649
8.675382375717163, 5648
8.679936647415161, 5647
8.686126470565796, 5646
8.687606573104858, 5645
8.689008474349976, 5644
8.690054178237915, 5643
8.690054178237915, 5642
8.690054178237915, 5641
8.691053867340088, 5640
8.691053867340088, 5639
8.691053867340088, 5638
8.691053867340088, 5637
8.694512128829956, 5636
8.697352647781372, 5635
8.697352647781372, 5634
8.700136184692383, 5633
8.702420234680176, 5632
8.704401016235352, 5631
8.713212728500366, 5630
8.714210987091064, 5629
8.715464353561401, 5628
8.715464353561401, 5627
8.719540357589722, 5626
8.73540210723877, 5625
8.73540210723877, 5624
8.73540210723877, 5623
8.737138748168945, 5622
8.738169193267822, 5621
8.740240335464478, 5620
8.740240335464478, 5619
8.742080926895142, 5618
8.742080926895142, 5617
8.744077444076538, 5616
8.744077444076538, 5615
8.744941473007202, 5614
8.744941473007202, 5613
8.746934652328491, 5612
8.746934652328491, 5611
8.756871700286865, 5610
8.756871700286865, 5609
8.757901191711426, 5608
8.757901191711426, 5607
8.757901191711426, 5606
8.757901191711426, 5605
8.757901191711426, 5604
8.757901191711426, 5603
8.760388374328613, 5602
8.760388374328613, 5601
8.760388374328613, 5600
8.761375904083252, 5599
8.762408018112183, 5598
8.762593030929565, 5597
8.772088766098022, 5596
8.773081064224243, 5595
8.773943662643433, 5594
8.773943662643433, 5593
8.773943662643433, 5592
8.776205778121948, 5591
8.777518510818481, 5590
8.777518510818481, 5589
8.778517246246338, 5588
8.779515266418457, 5587
8.781956195831299, 5586
8.781956195831299, 5585
8.782961130142212, 5584
8.787109851837158, 5583
8.788724184036255, 5582
8.788724184036255, 5581
8.790018796920776, 5580
8.791008710861206, 5579
8.793293237686157, 5578
8.800169706344604, 5577
8.801940679550171, 5576
8.802939653396606, 5575
8.802939653396606, 5574
8.804012537002563, 5573
8.81217885017395, 5572
8.81217885017395, 5571
8.82210659980774, 5570
8.82210659980774, 5569
8.823109865188599, 5568
8.823109865188599, 5567
8.823109865188599, 5566
8.825103998184204, 5565
8.826100826263428, 5564
8.826100826263428, 5563
8.83076000213623, 5562
8.83188772201538, 5561
8.83188772201538, 5560
8.832884788513184, 5559
8.832884788513184, 5558
8.837087392807007, 5557
8.838085889816284, 5556
8.838932275772095, 5555
8.838932275772095, 5554
8.83992862701416, 5553
8.83992862701416, 5552
8.841960191726685, 5551
8.84299349784851, 5550
8.84299349784851, 5549
8.84299349784851, 5548
8.84299349784851, 5547
8.84299349784851, 5546
8.855422735214233, 5545
8.855422735214233, 5544
8.857017517089844, 5543
8.858015775680542, 5542
8.858015775680542, 5541
8.860442399978638, 5540
8.860442399978638, 5539
8.860442399978638, 5538
8.861536502838135, 5537
8.861536502838135, 5536
8.862533330917358, 5535
8.863531827926636, 5534
8.863531827926636, 5533
8.86452841758728, 5532
8.86452841758728, 5531
8.86452841758728, 5530
8.86452841758728, 5529
8.86452841758728, 5528
8.872734546661377, 5527
8.918766260147095, 5526
8.974536180496216, 5525
9.020994424819946, 5524
9.021772384643555, 5523
9.022814989089966, 5522
9.023813724517822, 5521
9.023813724517822, 5520
9.030489683151245, 5519
9.031631469726562, 5518
9.032625913619995, 5517
9.032625913619995, 5516
9.032625913619995, 5515
9.041908264160156, 5514
9.042940616607666, 5513
9.042940616607666, 5512
9.12391710281372, 5511
9.124915361404419, 5510
9.124915361404419, 5509
9.132335662841797, 5508
9.151573896408081, 5507
9.182892322540283, 5506
9.182892322540283, 5505
9.18473196029663, 5504
9.19189167022705, 5503
9.19189167022705, 5502
9.19189167022705, 5501
9.19189167022705, 5500
9.331133604049683, 5499
9.331133604049683, 5498
9.337880373001099, 5497
9.339044570922852, 5496
9.340396881103516, 5495
9.341617345809937, 5494
9.341617345809937, 5493
9.349339246749878, 5492
9.35134243965149, 5491
9.352330923080444, 5490
9.362898111343384, 5489
9.381723880767822, 5488
9.381723880767822, 5487
9.382716417312622, 5486
9.382716417312622, 5485
9.382716417312622, 5484
9.396232843399048, 5483
9.397229433059692, 5482
9.422735929489136, 5481
9.422735929489136, 5480
9.422735929489136, 5479
9.432936906814575, 5478
9.432936906814575, 5477
9.432936906814575, 5476
9.442181587219238, 5475
9.443176031112671, 5474
9.45502758026123, 5473
9.466132640838623, 5472
9.467130661010742, 5471
9.467130661010742, 5470
9.472983598709106, 5469
9.472983598709106, 5468
9.472983598709106, 5467
9.472983598709106, 5466
9.472983598709106, 5465
9.502974271774292, 5464
9.503981351852417, 5463
9.509143590927124, 5462
9.51003909111023, 5461
9.519951820373535, 5460
9.522111654281616, 5459
9.524246454238892, 5458
9.541730403900146, 5457
9.54490327835083, 5456
9.54490327835083, 5455
9.54490327835083, 5454
9.54490327835083, 5453
9.560265302658081, 5452
9.561265468597412, 5451
9.563293933868408, 5450
9.563293933868408, 5449
9.563293933868408, 5448
9.563293933868408, 5447
9.570226192474365, 5446
9.574685096740723, 5445
9.580522298812866, 5444
9.582563877105713, 5443
9.583601951599121, 5442
9.583601951599121, 5441
9.586423873901367, 5440
9.588460922241211, 5439
9.589491367340088, 5438
9.589491367340088, 5437
9.590686321258545, 5436
9.590686321258545, 5435
9.590686321258545, 5434
9.591684103012085, 5433
9.591684103012085, 5432
9.610016584396362, 5431
9.611005544662476, 5430
9.614389419555664, 5429
9.614389419555664, 5428
9.618419885635376, 5427
9.618419885635376, 5426
9.62348484992981, 5425
9.62348484992981, 5424
9.624480724334717, 5423
9.625478506088257, 5422
9.625478506088257, 5421
9.632672309875488, 5420
9.636833906173706, 5419
9.637837171554565, 5418
9.637837171554565, 5417
9.658007621765137, 5416
9.65859842300415, 5415
9.660191297531128, 5414
9.662187099456787, 5413
9.662187099456787, 5412
9.663183450698853, 5411
9.663183450698853, 5410
9.663183450698853, 5409
9.663183450698853, 5408
9.664495944976807, 5407
9.664495944976807, 5406
9.664495944976807, 5405
9.66549301147461, 5404
9.66549301147461, 5403
9.66629958152771, 5402
9.66629958152771, 5401
9.67589020729065, 5400
9.689026355743408, 5399
9.691984176635742, 5398
9.696003675460815, 5397
9.698156118392944, 5396
9.699933528900146, 5395
9.701481819152832, 5394
9.702964544296265, 5393
9.718132972717285, 5392
9.719053745269775, 5391
9.739156007766724, 5390
9.740473508834839, 5389
9.743957042694092, 5388
9.743957042694092, 5387
9.74495530128479, 5386
9.747474908828735, 5385
9.751389741897583, 5384
9.76002049446106, 5383
9.761010646820068, 5382
9.762202739715576, 5381
9.790977954864502, 5380
9.792372703552246, 5379
9.804217338562012, 5378
9.804217338562012, 5377
9.804217338562012, 5376
9.804217338562012, 5375
9.804217338562012, 5374
9.804217338562012, 5373
9.804217338562012, 5372
9.81102728843689, 5371
9.81102728843689, 5370
9.81102728843689, 5369
9.81102728843689, 5368
9.81102728843689, 5367
9.818953514099121, 5366
9.820040941238403, 5365
9.832592248916626, 5364
9.837895631790161, 5363
9.838893175125122, 5362
9.839895248413086, 5361
9.839895248413086, 5360
9.839895248413086, 5359
9.841949462890625, 5358
9.842947959899902, 5357
9.844941854476929, 5356
9.847390413284302, 5355
9.847390413284302, 5354
9.847390413284302, 5353
9.848387718200684, 5352
9.850001096725464, 5351
9.853087663650513, 5350
9.85536813735962, 5349
9.857647895812988, 5348
9.861268520355225, 5347
9.861268520355225, 5346
9.862291812896729, 5345
9.866445302963257, 5344
9.866445302963257, 5343
9.866445302963257, 5342
9.866445302963257, 5341
9.866445302963257, 5340
9.866445302963257, 5339
9.866445302963257, 5338
9.866445302963257, 5337
9.870084047317505, 5336
9.87145185470581, 5335
9.875980854034424, 5334
9.875980854034424, 5333
9.876980304718018, 5332
9.88016939163208, 5331
9.88113260269165, 5330
9.888721466064453, 5329
9.889719486236572, 5328
9.889719486236572, 5327
9.892786026000977, 5326
9.892786026000977, 5325
9.908717393875122, 5324
9.908717393875122, 5323
9.908717393875122, 5322
9.909714221954346, 5321
9.910711288452148, 5320
9.911710500717163, 5319
9.91273808479309, 5318
9.91273808479309, 5317
9.91273808479309, 5316
9.91273808479309, 5315
9.91273808479309, 5314
9.91273808479309, 5313
9.91273808479309, 5312
9.91273808479309, 5311
9.91273808479309, 5310
9.922390222549438, 5309
9.922390222549438, 5308
9.923393964767456, 5307
9.923393964767456, 5306
9.923393964767456, 5305
9.923393964767456, 5304
9.924857378005981, 5303
9.924890756607056, 5302
9.925889492034912, 5301
9.928881168365479, 5300
9.928881168365479, 5299
9.930298805236816, 5298
9.931297540664673, 5297
9.93165898323059, 5296
9.93165898323059, 5295
9.932657718658447, 5294
9.932657718658447, 5293
9.932657718658447, 5292
9.933707475662231, 5291
9.941398859024048, 5290
9.941829919815063, 5289
9.941829919815063, 5288
9.941829919815063, 5287
9.942827939987183, 5286
9.953297853469849, 5285
9.95445466041565, 5284
9.955451965332031, 5283
9.955451965332031, 5282
9.956449031829834, 5281
9.9574453830719, 5280
9.960027694702148, 5279
9.961349725723267, 5278
9.961349725723267, 5277
9.962347984313965, 5276
9.962347984313965, 5275
9.963348150253296, 5274
9.964342832565308, 5273
9.966344833374023, 5272
9.98090934753418, 5271
9.982239723205566, 5270
9.98345422744751, 5269
9.984761476516724, 5268
9.984761476516724, 5267
9.98574423789978, 5266
9.986754417419434, 5265
9.988348722457886, 5264
9.989344835281372, 5263
9.990342140197754, 5262
9.997157335281372, 5261
9.997157335281372, 5260
9.997157335281372, 5259
9.997157335281372, 5258
10.000200748443604, 5257
10.001200675964355, 5256
10.001200675964355, 5255
10.001200675964355, 5254
10.005210876464844, 5253
10.005210876464844, 5252
10.009905338287354, 5251
10.013031482696533, 5250
10.014028549194336, 5249
10.014028549194336, 5248
10.014028549194336, 5247
10.015025854110718, 5246
10.015526056289673, 5245
10.015526056289673, 5244
10.017263889312744, 5243
10.022929668426514, 5242
10.027733564376831, 5241
10.027733564376831, 5240
10.028731346130371, 5239
10.048749446868896, 5238
10.050934791564941, 5237
10.057287693023682, 5236
10.057287693023682, 5235
10.057287693023682, 5234
10.057287693023682, 5233
10.062469244003296, 5232
10.063620805740356, 5231
10.064651012420654, 5230
10.076191902160645, 5229
10.077207088470459, 5228
10.083373785018921, 5227
10.090330362319946, 5226
10.094998598098755, 5225
10.095995664596558, 5224
10.09699273109436, 5223
10.09699273109436, 5222
10.102275371551514, 5221
10.117758750915527, 5220
10.118748664855957, 5219
10.124200582504272, 5218
10.1251962184906, 5217
10.1251962184906, 5216
10.126192808151245, 5215
10.126192808151245, 5214
10.126192808151245, 5213
10.127190113067627, 5212
10.128188848495483, 5211
10.128188848495483, 5210
10.132126808166504, 5209
10.132126808166504, 5208
10.132126808166504, 5207
10.132126808166504, 5206
10.132126808166504, 5205
10.132126808166504, 5204
10.132126808166504, 5203
10.132126808166504, 5202
10.137889862060547, 5201
10.139887571334839, 5200
10.140881538391113, 5199
10.140896558761597, 5198
10.143558740615845, 5197
10.146583557128906, 5196
10.148667573928833, 5195
10.15442419052124, 5194
10.155453205108643, 5193
10.155453205108643, 5192
10.155453205108643, 5191
10.155453205108643, 5190
10.157692432403564, 5189
10.16352915763855, 5188
10.190133810043335, 5187
10.190133810043335, 5186
10.191123723983765, 5185
10.194876432418823, 5184
10.194876432418823, 5183
10.195873737335205, 5182
10.195873737335205, 5181
10.195873737335205, 5180
10.199894666671753, 5179
10.200440168380737, 5178
10.200440168380737, 5177
10.20193862915039, 5176
10.204035758972168, 5175
10.204230308532715, 5174
10.205228328704834, 5173
10.205228328704834, 5172
10.205228328704834, 5171
10.208962678909302, 5170
10.209959030151367, 5169
10.218775749206543, 5168
10.22037386894226, 5167
10.221363067626953, 5166
10.221363067626953, 5165
10.222359895706177, 5164
10.222359895706177, 5163
10.223097324371338, 5162
10.223097324371338, 5161
10.223097324371338, 5160
10.22409462928772, 5159
10.22682237625122, 5158
10.228133201599121, 5157
10.230127096176147, 5156
10.230127096176147, 5155
10.23112440109253, 5154
10.23166012763977, 5153
10.23166012763977, 5152
10.23166012763977, 5151
10.232657432556152, 5150
10.232980251312256, 5149
10.235007047653198, 5148
10.235007047653198, 5147
10.236517906188965, 5146
10.238053321838379, 5145
10.238053321838379, 5144
10.2400803565979, 5143
10.243770360946655, 5142
10.244767427444458, 5141
10.246203184127808, 5140
10.258359670639038, 5139
10.260732412338257, 5138
10.26261830329895, 5137
10.26261830329895, 5136
10.26261830329895, 5135
10.26261830329895, 5134
10.26261830329895, 5133
10.272361278533936, 5132
10.273357152938843, 5131
10.276491403579712, 5130
10.277755975723267, 5129
10.279364585876465, 5128
10.281517267227173, 5127
10.28670048713684, 5126
10.28978967666626, 5125
10.29198670387268, 5124
10.29438853263855, 5123
10.295419931411743, 5122
10.295419931411743, 5121
10.295419931411743, 5120
10.299981832504272, 5119
10.305587530136108, 5118
10.30661916732788, 5117
10.307612895965576, 5116
10.310169219970703, 5115
10.310169219970703, 5114
10.310169219970703, 5113
10.310169219970703, 5112
10.310169219970703, 5111
10.310169219970703, 5110
10.310169219970703, 5109
10.310169219970703, 5108
10.310169219970703, 5107
10.310169219970703, 5106
10.310169219970703, 5105
10.310169219970703, 5104
10.317521333694458, 5103
10.317521333694458, 5102
10.319060802459717, 5101
10.322955846786499, 5100
10.346609592437744, 5099
10.347579717636108, 5098
10.347579717636108, 5097
10.348576068878174, 5096
10.348576068878174, 5095
10.348576068878174, 5094
10.352434873580933, 5093
10.353465795516968, 5092
10.354596376419067, 5091
10.354596376419067, 5090
10.35662841796875, 5089
10.359019756317139, 5088
10.359543800354004, 5087
10.360089302062988, 5086
10.361050605773926, 5085
10.361661195755005, 5084
10.361661195755005, 5083
10.36465334892273, 5082
10.364881992340088, 5081
10.36799931526184, 5080
10.36799931526184, 5079
10.368995189666748, 5078
10.368995189666748, 5077
10.369807720184326, 5076
10.370558261871338, 5075
10.371983289718628, 5074
10.371983289718628, 5073
10.372982025146484, 5072
10.373311758041382, 5071
10.374309301376343, 5070
10.374309301376343, 5069
10.375306844711304, 5068
10.376304149627686, 5067
10.376304149627686, 5066
10.376304149627686, 5065
10.38163709640503, 5064
10.382633447647095, 5063
10.39001178741455, 5062
10.39001178741455, 5061
10.39398741722107, 5060
10.394985675811768, 5059
10.394985675811768, 5058
10.39598298072815, 5057
10.396979808807373, 5056
10.418262243270874, 5055
10.419291973114014, 5054
10.4204421043396, 5053
10.421484231948853, 5052
10.422512769699097, 5051
10.422512769699097, 5050
10.422512769699097, 5049
10.426748275756836, 5048
10.426748275756836, 5047
10.428423404693604, 5046
10.429986238479614, 5045
10.431976318359375, 5044
10.431976318359375, 5043
10.43314814567566, 5042
10.436142206192017, 5041
10.437140703201294, 5040
10.437140703201294, 5039
10.448121547698975, 5038
10.450123310089111, 5037
10.451492309570312, 5036
10.452444791793823, 5035
10.453484296798706, 5034
10.454481840133667, 5033
10.45551061630249, 5032
10.45551061630249, 5031
10.458521366119385, 5030
10.45951795578003, 5029
10.45951795578003, 5028
10.460106372833252, 5027
10.460106372833252, 5026
10.461750507354736, 5025
10.461750507354736, 5024
10.473669052124023, 5023
10.475761413574219, 5022
10.475761413574219, 5021
10.475761413574219, 5020
10.475761413574219, 5019
10.475761413574219, 5018
10.475761413574219, 5017
10.475761413574219, 5016
10.475761413574219, 5015
10.475761413574219, 5014
10.475761413574219, 5013
10.480464696884155, 5012
10.481364011764526, 5011
10.483371496200562, 5010
10.484356164932251, 5009
10.490183353424072, 5008
10.490183353424072, 5007
10.49118185043335, 5006
10.49137830734253, 5005
10.492377519607544, 5004
10.493216753005981, 5003
10.493216753005981, 5002
10.494218587875366, 5001
10.495211362838745, 5000
10.495211362838745, 4999
10.496243238449097, 4998
10.49723744392395, 4997
10.49723744392395, 4996
10.49723744392395, 4995
10.50410795211792, 4994
10.50410795211792, 4993
10.513197183609009, 4992
10.513197183609009, 4991
10.513197183609009, 4990
10.513197183609009, 4989
10.513197183609009, 4988
10.513197183609009, 4987
10.523179054260254, 4986
10.523179054260254, 4985
10.524176597595215, 4984
10.525173425674438, 4983
10.525331974029541, 4982
10.527631044387817, 4981
10.528003454208374, 4980
10.555883884429932, 4979
10.555883884429932, 4978
10.555883884429932, 4977
10.556881427764893, 4976
10.557878017425537, 4975
10.558888912200928, 4974
10.559918880462646, 4973
10.56188178062439, 4972
10.562880754470825, 4971
10.565082311630249, 4970
10.568328380584717, 4969
10.582465648651123, 4968
10.587793111801147, 4967
10.588005304336548, 4966
10.591615915298462, 4965
10.592614889144897, 4964
10.592614889144897, 4963
10.592614889144897, 4962
10.592614889144897, 4961
10.595212459564209, 4960
10.596242189407349, 4959
10.596242189407349, 4958
10.596242189407349, 4957
10.596242189407349, 4956
10.596242189407349, 4955
10.606848955154419, 4954
10.608211278915405, 4953
10.609209537506104, 4952
10.610003232955933, 4951
10.610003232955933, 4950
10.611205577850342, 4949
10.611205577850342, 4948
10.612754821777344, 4947
10.62327527999878, 4946
10.62327527999878, 4945
10.62430477142334, 4944
10.62430477142334, 4943
10.624821186065674, 4942
10.625849962234497, 4941
10.625849962234497, 4940
10.625849962234497, 4939
10.625849962234497, 4938
10.625849962234497, 4937
10.631953954696655, 4936
10.631953954696655, 4935
10.633124113082886, 4934
10.634122371673584, 4933
10.634122371673584, 4932
10.635157346725464, 4931
10.63615369796753, 4930
10.637155771255493, 4929
10.638147592544556, 4928
10.638147592544556, 4927
10.643752574920654, 4926
10.657574653625488, 4925
10.658572673797607, 4924
10.659085750579834, 4923
10.660083055496216, 4922
10.664369106292725, 4921
10.665363788604736, 4920
10.66636037826538, 4919
10.66688847541809, 4918
10.667884826660156, 4917
10.667884826660156, 4916
10.668884515762329, 4915
10.67698049545288, 4914
10.677973747253418, 4913
10.678967714309692, 4912
10.679964542388916, 4911
10.680962324142456, 4910
10.681513786315918, 4909
10.68251085281372, 4908
10.683510303497314, 4907
10.685097932815552, 4906
10.685097932815552, 4905
10.689120054244995, 4904
10.690145015716553, 4903
10.696059942245483, 4902
10.70017147064209, 4901
10.70017147064209, 4900
10.701170206069946, 4899
10.701170206069946, 4898
10.703603029251099, 4897
10.7070152759552, 4896
10.710722923278809, 4895
10.710722923278809, 4894
10.7130286693573, 4893
10.714676141738892, 4892
10.716681241989136, 4891
10.717673778533936, 4890
10.717673778533936, 4889
10.718698501586914, 4888
10.718698501586914, 4887
10.718698501586914, 4886
10.719705820083618, 4885
10.720239639282227, 4884
10.72121286392212, 4883
10.72221040725708, 4882
10.72221040725708, 4881
10.722593307495117, 4880
10.723592519760132, 4879
10.724589109420776, 4878
10.724589109420776, 4877
10.725588321685791, 4876
10.726595878601074, 4875
10.727593660354614, 4874
10.728106021881104, 4873
10.729103803634644, 4872
10.730104446411133, 4871
10.73401165008545, 4870
10.735008239746094, 4869
10.735008239746094, 4868
10.735008239746094, 4867
10.737088203430176, 4866
10.73800015449524, 4865
10.738997220993042, 4864
10.739994287490845, 4863
10.74086308479309, 4862
10.743634462356567, 4861
10.744162559509277, 4860
10.744162559509277, 4859
10.745442867279053, 4858
10.746472358703613, 4857
10.746472358703613, 4856
10.747473239898682, 4855
10.747473239898682, 4854
10.748435497283936, 4853
10.749495029449463, 4852
10.75010371208191, 4851
10.75132155418396, 4850
10.752351760864258, 4849
10.753316879272461, 4848
10.75431752204895, 4847
10.755389928817749, 4846
10.756388902664185, 4845
10.756388902664185, 4844
10.756388902664185, 4843
10.757384777069092, 4842
10.757384777069092, 4841
10.757384777069092, 4840
10.758381843566895, 4839
10.759044885635376, 4838
10.759044885635376, 4837
10.760042667388916, 4836
10.76103949546814, 4835
10.76103949546814, 4834
10.76103949546814, 4833
10.76103949546814, 4832
10.764032125473022, 4831
10.765029191970825, 4830
10.765339612960815, 4829
10.766336679458618, 4828
10.766336679458618, 4827
10.766336679458618, 4826
10.767333745956421, 4825
10.767333745956421, 4824
10.768053531646729, 4823
10.768053531646729, 4822
10.769050359725952, 4821
10.769507884979248, 4820
10.770106792449951, 4819
10.770106792449951, 4818
10.771103858947754, 4817
10.771103858947754, 4816
10.77435827255249, 4815
10.77435827255249, 4814
10.776129484176636, 4813
10.779997825622559, 4812
10.78099536895752, 4811
10.781660318374634, 4810
10.782662630081177, 4809
10.782662630081177, 4808
10.78456163406372, 4807
10.78555965423584, 4806
10.786292791366577, 4805
10.787896633148193, 4804
10.787896633148193, 4803
10.788891077041626, 4802
10.788891077041626, 4801
10.788891077041626, 4800
10.789888381958008, 4799
10.789888381958008, 4798
10.792644262313843, 4797
10.792644262313843, 4796
10.792644262313843, 4795
10.793642520904541, 4794
10.793977737426758, 4793
10.793977737426758, 4792
10.794975757598877, 4791
10.794975757598877, 4790
10.796008110046387, 4789
10.796008110046387, 4788
10.796008110046387, 4787
10.796008110046387, 4786
10.800070762634277, 4785
10.800070762634277, 4784
10.800070762634277, 4783
10.800070762634277, 4782
10.800070762634277, 4781
10.801546096801758, 4780
10.802574634552002, 4779
10.805005311965942, 4778
10.806009292602539, 4777
10.806009292602539, 4776
10.809603452682495, 4775
10.809603452682495, 4774
10.813611507415771, 4773
10.813611507415771, 4772
10.814639806747437, 4771
10.815292119979858, 4770
10.816330671310425, 4769
10.816330671310425, 4768
10.816330671310425, 4767
10.816330671310425, 4766
10.816330671310425, 4765
10.823137760162354, 4764
10.825224161148071, 4763
10.825312614440918, 4762
10.826312065124512, 4761
10.827181339263916, 4760
10.828421115875244, 4759
10.829421281814575, 4758
10.829421281814575, 4757
10.830179691314697, 4756
10.831166744232178, 4755
10.831166744232178, 4754
10.831166744232178, 4753
10.833948850631714, 4752
10.835718154907227, 4751
10.835718154907227, 4750
10.836789846420288, 4749
10.83778429031372, 4748
10.838314056396484, 4747
10.838314056396484, 4746
10.838314056396484, 4745
10.839311122894287, 4744
10.841354846954346, 4743
10.844223022460938, 4742
10.846607208251953, 4741
10.848957538604736, 4740
10.850034475326538, 4739
10.851041555404663, 4738
10.851853609085083, 4737
10.852923154830933, 4736
10.854100704193115, 4735
10.855098247528076, 4734
10.855417728424072, 4733
10.855417728424072, 4732
10.856447219848633, 4731
10.856447219848633, 4730
10.856447219848633, 4729
10.856447219848633, 4728
10.856447219848633, 4727
10.856447219848633, 4726
10.856447219848633, 4725
10.856447219848633, 4724
10.856447219848633, 4723
10.856447219848633, 4722
10.856447219848633, 4721
10.856447219848633, 4720
10.856447219848633, 4719
10.860619306564331, 4718
10.86161732673645, 4717
10.861934185028076, 4716
10.862962484359741, 4715
10.863960027694702, 4714
10.863960027694702, 4713
10.864957809448242, 4712
10.864957809448242, 4711
10.864957809448242, 4710
10.865855693817139, 4709
10.866854190826416, 4708
10.867466449737549, 4707
10.867466449737549, 4706
10.868464708328247, 4705
10.868464708328247, 4704
10.870471477508545, 4703
10.870471477508545, 4702
10.870471477508545, 4701
10.872159242630005, 4700
10.87315583229065, 4699
10.87315583229065, 4698
10.87315583229065, 4697
10.87315583229065, 4696
10.87315583229065, 4695
10.87315583229065, 4694
10.87315583229065, 4693
10.87315583229065, 4692
10.87315583229065, 4691
10.87315583229065, 4690
10.87315583229065, 4689
10.87315583229065, 4688
10.87315583229065, 4687
10.87315583229065, 4686
10.880746841430664, 4685
10.884148836135864, 4684
10.88499641418457, 4683
10.88599419593811, 4682
10.887253284454346, 4681
10.887495994567871, 4680
10.888524770736694, 4679
10.889491081237793, 4678
10.889491081237793, 4677
10.890488386154175, 4676
10.890488386154175, 4675
10.891627073287964, 4674
10.892625331878662, 4673
10.892625331878662, 4672
10.892625331878662, 4671
10.894636154174805, 4670
10.894636154174805, 4669
10.895664691925049, 4668
10.895664691925049, 4667
10.896634101867676, 4666
10.89741587638855, 4665
10.898445129394531, 4664
10.899440050125122, 4663
10.899440050125122, 4662
10.900604963302612, 4661
10.900604963302612, 4660
10.901860475540161, 4659
10.903944253921509, 4658
10.903944253921509, 4657
10.903944253921509, 4656
10.911313533782959, 4655
10.911313533782959, 4654
10.912342548370361, 4653
10.912342548370361, 4652
10.912342548370361, 4651
10.913340330123901, 4650
10.913340330123901, 4649
10.914613485336304, 4648
10.915616035461426, 4647
10.916728258132935, 4646
10.917738914489746, 4645
10.91871976852417, 4644
10.920284986495972, 4643
10.921284437179565, 4642
10.921608924865723, 4641
10.921608924865723, 4640
10.922860145568848, 4639
10.922860145568848, 4638
10.922860145568848, 4637
10.922860145568848, 4636
10.923891067504883, 4635
10.923891067504883, 4634
10.923891067504883, 4633
10.923891067504883, 4632
10.923891067504883, 4631
10.923891067504883, 4630
10.923891067504883, 4629
10.923891067504883, 4628
10.923891067504883, 4627
10.935407161712646, 4626
10.935407161712646, 4625
10.936444759368896, 4624
10.937442064285278, 4623
10.93850326538086, 4622
10.939928770065308, 4621
10.940629482269287, 4620
10.940629482269287, 4619
10.941694736480713, 4618
10.942691802978516, 4617
10.942827463150024, 4616
10.943951845169067, 4615
10.944294929504395, 4614
10.945293188095093, 4613
10.945293188095093, 4612
10.945293188095093, 4611
10.946290016174316, 4610
10.947287559509277, 4609
10.948285102844238, 4608
10.948578834533691, 4607
10.94958782196045, 4606
10.952642679214478, 4605
10.953895807266235, 4604
10.958055257797241, 4603
10.958055257797241, 4602
10.95905327796936, 4601
10.96015739440918, 4600
10.960681200027466, 4599
10.961680173873901, 4598
10.961680173873901, 4597
10.961680173873901, 4596
10.96270751953125, 4595
10.96270751953125, 4594
10.96270751953125, 4593
10.963707685470581, 4592
10.963707685470581, 4591
10.963707685470581, 4590
10.963707685470581, 4589
10.963707685470581, 4588
10.963707685470581, 4587
10.973470211029053, 4586
10.973470211029053, 4585
10.973470211029053, 4584
10.973470211029053, 4583
10.973470211029053, 4582
10.973470211029053, 4581
10.973470211029053, 4580
10.973470211029053, 4579
10.98539400100708, 4578
10.98639178276062, 4577
10.987391471862793, 4576
10.987391471862793, 4575
10.989384412765503, 4574
10.989384412765503, 4573
10.989384412765503, 4572
10.990382432937622, 4571
10.990382432937622, 4570
10.991594552993774, 4569
10.995543479919434, 4568
10.996541738510132, 4567
10.997538805007935, 4566
10.998892545700073, 4565
10.99989104270935, 4564
11.000235080718994, 4563
11.003657341003418, 4562
11.005184650421143, 4561
11.006181240081787, 4560
11.018762826919556, 4559
11.020589590072632, 4558
11.02171516418457, 4557
11.022860288619995, 4556
11.023888349533081, 4555
11.025852918624878, 4554
11.025852918624878, 4553
11.025852918624878, 4552
11.025852918624878, 4551
11.028908491134644, 4550
11.031708478927612, 4549
11.031708478927612, 4548
11.040485620498657, 4547
11.04148554801941, 4546
11.042865991592407, 4545
11.043895244598389, 4544
11.045011043548584, 4543
11.045011043548584, 4542
11.045011043548584, 4541
11.046043157577515, 4540
11.046043157577515, 4539
11.046043157577515, 4538
11.046043157577515, 4537
11.046043157577515, 4536
11.046043157577515, 4535
11.050129652023315, 4534
11.051164388656616, 4533
11.051868438720703, 4532
11.051868438720703, 4531
11.054738521575928, 4530
11.054738521575928, 4529
11.056731224060059, 4528
11.056731224060059, 4527
11.05772852897644, 4526
11.05772852897644, 4525
11.062294483184814, 4524
11.062372922897339, 4523
11.063369750976562, 4522
11.073319435119629, 4521
11.074315309524536, 4520
11.075564622879028, 4519
11.075564622879028, 4518
11.075564622879028, 4517
11.076561689376831, 4516
11.076561689376831, 4515
11.076561689376831, 4514
11.077558755874634, 4513
11.077558755874634, 4512
11.078316450119019, 4511
11.078316450119019, 4510
11.079602241516113, 4509
11.080127000808716, 4508
11.08680510520935, 4507
11.087804317474365, 4506
11.087804317474365, 4505
11.088800191879272, 4504
11.090118646621704, 4503
11.09111738204956, 4502
11.09111738204956, 4501
11.09111738204956, 4500
11.092604875564575, 4499
11.093637704849243, 4498
11.093637704849243, 4497
11.094600677490234, 4496
11.094600677490234, 4495
11.094600677490234, 4494
11.095615863800049, 4493
11.097288131713867, 4492
11.098287105560303, 4491
11.098287105560303, 4490
11.09871530532837, 4489
11.099714040756226, 4488
11.100366830825806, 4487
11.102065801620483, 4486
11.102065801620483, 4485
11.103083848953247, 4484
11.104081153869629, 4483
11.10552191734314, 4482
11.1065194606781, 4481
11.10685682296753, 4480
11.107888221740723, 4479
11.108917713165283, 4478
11.108917713165283, 4477
11.108917713165283, 4476
11.109947681427002, 4475
11.110913515090942, 4474
11.110913515090942, 4473
11.11180567741394, 4472
11.112804174423218, 4471
11.112804174423218, 4470
11.112804174423218, 4469
11.114531517028809, 4468
11.114531517028809, 4467
11.115986824035645, 4466
11.121156692504883, 4465
11.121605157852173, 4464
11.122602939605713, 4463
11.122602939605713, 4462
11.122602939605713, 4461
11.122602939605713, 4460
11.122602939605713, 4459
11.122602939605713, 4458
11.122602939605713, 4457
11.122602939605713, 4456
11.122602939605713, 4455
11.122602939605713, 4454
11.122602939605713, 4453
11.122602939605713, 4452
11.122602939605713, 4451
11.122602939605713, 4450
11.122602939605713, 4449
11.128991842269897, 4448
11.129982948303223, 4447
11.129982948303223, 4446
11.130979776382446, 4445
11.131976842880249, 4444
11.132072925567627, 4443
11.132072925567627, 4442
11.132072925567627, 4441
11.133069276809692, 4440
11.133069276809692, 4439
11.133701086044312, 4438
11.13469910621643, 4437
11.135696411132812, 4436
11.135696411132812, 4435
11.136721134185791, 4434
11.13771915435791, 4433
11.13771915435791, 4432
11.138731479644775, 4431
11.138731479644775, 4430
11.138731479644775, 4429
11.139732599258423, 4428
11.139732599258423, 4427
11.140765190124512, 4426
11.141764879226685, 4425
11.14199185371399, 4424
11.14199185371399, 4423
11.14199185371399, 4422
11.142989158630371, 4421
11.142989158630371, 4420
11.143685102462769, 4419
11.143685102462769, 4418
11.143685102462769, 4417
11.143685102462769, 4416
11.144877195358276, 4415
11.145874738693237, 4414
11.145874738693237, 4413
11.14687180519104, 4412
11.14687180519104, 4411
11.14687180519104, 4410
11.147868633270264, 4409
11.147868633270264, 4408
11.14827561378479, 4407
11.149287462234497, 4406
11.15027666091919, 4405
11.151267766952515, 4404
11.151267766952515, 4403
11.151267766952515, 4402
11.152265548706055, 4401
11.153264045715332, 4400
11.154261827468872, 4399
11.154261827468872, 4398
11.154884576797485, 4397
11.154884576797485, 4396
11.155883073806763, 4395
11.155883073806763, 4394
11.156879663467407, 4393
11.15787672996521, 4392
11.15787672996521, 4391
11.15895414352417, 4390
11.15895414352417, 4389
11.159952640533447, 4388
11.160889387130737, 4387
11.161887645721436, 4386
11.162179708480835, 4385
11.163178443908691, 4384
11.163610219955444, 4383
11.164679050445557, 4382
11.16567611694336, 4381
11.16567611694336, 4380
11.167702436447144, 4379
11.16818904876709, 4378
11.169187545776367, 4377
11.169187545776367, 4376
11.170185327529907, 4375
11.172629356384277, 4374
11.172629356384277, 4373
11.172629356384277, 4372
11.173627614974976, 4371
11.173627614974976, 4370
11.173627614974976, 4369
11.174883127212524, 4368
11.176716089248657, 4367
11.177714109420776, 4366
11.178043842315674, 4365
11.179073810577393, 4364
11.179478883743286, 4363
11.180023670196533, 4362
11.18105173110962, 4361
11.18105173110962, 4360
11.182376146316528, 4359
11.182376146316528, 4358
11.183253288269043, 4357
11.18426775932312, 4356
11.18426775932312, 4355
11.18524694442749, 4354
11.186233043670654, 4353
11.187412977218628, 4352
11.187412977218628, 4351
11.188212871551514, 4350
11.189244508743286, 4349
11.191585779190063, 4348
11.191585779190063, 4347
11.191585779190063, 4346
11.192582130432129, 4345
11.192868709564209, 4344
11.19386625289917, 4343
11.19386625289917, 4342
11.194862842559814, 4341
11.194862842559814, 4340
11.195860147476196, 4339
11.196857213973999, 4338
11.196857213973999, 4337
11.196857213973999, 4336
11.197980642318726, 4335
11.197980642318726, 4334
11.197980642318726, 4333
11.197980642318726, 4332
11.198977708816528, 4331
11.198977708816528, 4330
11.19961166381836, 4329
11.200160026550293, 4328
11.200160026550293, 4327
11.200160026550293, 4326
11.200160026550293, 4325
11.201117515563965, 4324
11.201639652252197, 4323
11.201639652252197, 4322
11.202820777893066, 4321
11.20381784439087, 4320
11.20381784439087, 4319
11.20381784439087, 4318
11.20381784439087, 4317
11.20381784439087, 4316
11.20381784439087, 4315
11.20381784439087, 4314
11.20381784439087, 4313
11.20381784439087, 4312
11.20381784439087, 4311
11.20381784439087, 4310
11.20381784439087, 4309
11.210377216339111, 4308
11.210377216339111, 4307
11.210377216339111, 4306
11.210377216339111, 4305
11.210377216339111, 4304
11.210377216339111, 4303
11.210377216339111, 4302
11.210377216339111, 4301
11.210377216339111, 4300
11.210377216339111, 4299
11.210377216339111, 4298
11.210377216339111, 4297
11.210377216339111, 4296
11.210377216339111, 4295
11.210377216339111, 4294
11.210377216339111, 4293
11.210377216339111, 4292
11.216798782348633, 4291
11.21787977218628, 4290
11.21887755393982, 4289
11.219874382019043, 4288
11.221118688583374, 4287
11.221118688583374, 4286
11.22229266166687, 4285
11.22229266166687, 4284
11.22229266166687, 4283
11.22394061088562, 4282
11.22394061088562, 4281
11.224939823150635, 4280
11.224939823150635, 4279
11.225935459136963, 4278
11.225935459136963, 4277
11.226935148239136, 4276
11.227158069610596, 4275
11.228156328201294, 4274
11.228156328201294, 4273
11.229154348373413, 4272
11.229154348373413, 4271
11.230182886123657, 4270
11.230726480484009, 4269
11.23222827911377, 4268
11.23322582244873, 4267
11.23322582244873, 4266
11.234531879425049, 4265
11.235528707504272, 4264
11.237476587295532, 4263
11.238473892211914, 4262
11.239998817443848, 4261
11.240992307662964, 4260
11.242014169692993, 4259
11.24512004852295, 4258
11.246694087982178, 4257
11.248440742492676, 4256
11.25135588645935, 4255
11.255815505981445, 4254
11.256844997406006, 4253
11.256844997406006, 4252
11.256844997406006, 4251
11.260540008544922, 4250
11.262535810470581, 4249
11.264394760131836, 4248
11.265992641448975, 4247
11.267566204071045, 4246
11.271170854568481, 4245
11.27443528175354, 4244
11.275461435317993, 4243
11.275461435317993, 4242
11.275461435317993, 4241
11.275461435317993, 4240
11.280022621154785, 4239
11.283210039138794, 4238
11.286453008651733, 4237
11.288413524627686, 4236
11.290307760238647, 4235
11.291269540786743, 4234
11.292805910110474, 4233
11.29830288887024, 4232
11.29930067062378, 4231
11.29930067062378, 4230
11.300310134887695, 4229
11.300310134887695, 4228
11.300310134887695, 4227
11.300310134887695, 4226
11.301310062408447, 4225
11.301523923873901, 4224
11.302555322647095, 4223
11.30276346206665, 4222
11.303761959075928, 4221
11.303761959075928, 4220
11.303761959075928, 4219
11.303761959075928, 4218
11.303761959075928, 4217
11.303761959075928, 4216
11.303761959075928, 4215
11.303761959075928, 4214
11.303761959075928, 4213
11.303761959075928, 4212
11.303761959075928, 4211
11.303761959075928, 4210
11.303761959075928, 4209
11.303761959075928, 4208
11.303761959075928, 4207
11.303761959075928, 4206
11.303761959075928, 4205
11.303761959075928, 4204
11.303761959075928, 4203
11.303761959075928, 4202
11.303761959075928, 4201
11.303761959075928, 4200
11.303761959075928, 4199
11.310364484786987, 4198
11.311663389205933, 4197
11.312661170959473, 4196
11.312661170959473, 4195
11.313657522201538, 4194
11.314656019210815, 4193
11.314656019210815, 4192
11.314656019210815, 4191
11.315906286239624, 4190
11.316903591156006, 4189
11.317898035049438, 4188
11.317898035049438, 4187
11.319074630737305, 4186
11.319893836975098, 4185
11.320890188217163, 4184
11.322653770446777, 4183
11.322653770446777, 4182
11.322653770446777, 4181
11.323651313781738, 4180
11.323651313781738, 4179
11.324828386306763, 4178
11.324828386306763, 4177
11.324828386306763, 4176
11.324828386306763, 4175
11.325825452804565, 4174
11.325825452804565, 4173
11.325825452804565, 4172
11.325825452804565, 4171
11.326831579208374, 4170
11.326831579208374, 4169
11.330134391784668, 4168
11.350144624710083, 4167
11.356613636016846, 4166
11.383088111877441, 4165
11.502902507781982, 4164
11.563299655914307, 4163
11.563299655914307, 4162
11.563299655914307, 4161
11.563299655914307, 4160
11.591020822525024, 4159
11.592048168182373, 4158
11.608198165893555, 4157
11.641969442367554, 4156
11.650210618972778, 4155
11.662425518035889, 4154
11.662425518035889, 4153
11.671281576156616, 4152
11.694758892059326, 4151
11.694758892059326, 4150
11.694758892059326, 4149
11.697142601013184, 4148
11.711547613143921, 4147
11.711547613143921, 4146
11.712578296661377, 4145
11.712578296661377, 4144
11.712578296661377, 4143
11.76383662223816, 4142
11.776833534240723, 4141
11.776833534240723, 4140
11.785892724990845, 4139
11.805954217910767, 4138
11.825889825820923, 4137
11.826916456222534, 4136
11.842049598693848, 4135
11.84307861328125, 4134
11.84307861328125, 4133
11.855817794799805, 4132
11.855817794799805, 4131
11.885439395904541, 4130
11.94298267364502, 4129
11.951371192932129, 4128
11.965688943862915, 4127
11.966633319854736, 4126
11.988912582397461, 4125
11.988912582397461, 4124
12.003596782684326, 4123
12.00459337234497, 4122
12.00559139251709, 4121
12.010295867919922, 4120
12.042963981628418, 4119
12.04396104812622, 4118
12.06411337852478, 4117
12.06411337852478, 4116
12.089578628540039, 4115
12.104482650756836, 4114
12.115894317626953, 4113
12.193760633468628, 4112
12.20307993888855, 4111
12.208031177520752, 4110
12.208031177520752, 4109
12.255650758743286, 4108
12.256681203842163, 4107
12.269093036651611, 4106
12.27158498764038, 4105
12.280351877212524, 4104
12.280351877212524, 4103
12.288899421691895, 4102
12.288899421691895, 4101
12.303575038909912, 4100
12.304571628570557, 4099
12.31091594696045, 4098
12.356603622436523, 4097
12.366347551345825, 4096
12.400017023086548, 4095
12.408819675445557, 4094
12.437340021133423, 4093
12.437340021133423, 4092
12.45114278793335, 4091
12.452139377593994, 4090
12.45316481590271, 4089
12.457155704498291, 4088
12.458152770996094, 4087
12.458152770996094, 4086
12.475885391235352, 4085
12.483953952789307, 4084
12.499912023544312, 4083
12.500900983810425, 4082
12.508069038391113, 4081
12.5682532787323, 4080
12.569395065307617, 4079
12.5993013381958, 4078
12.60029935836792, 4077
12.60029935836792, 4076
12.60145902633667, 4075
12.613224267959595, 4074
12.631110191345215, 4073
12.631110191345215, 4072
12.66697072982788, 4071
12.700884342193604, 4070
12.701952934265137, 4069
12.715262651443481, 4068
12.720417261123657, 4067
12.75692868232727, 4066
12.75792646408081, 4065
12.75792646408081, 4064
12.79027771949768, 4063
12.791823148727417, 4062
12.814927101135254, 4061
12.821619510650635, 4060
12.839606046676636, 4059
12.839606046676636, 4058
12.839606046676636, 4057
12.858027935028076, 4056
12.864983558654785, 4055
12.87642765045166, 4054
12.87642765045166, 4053
12.89357304573059, 4052
12.913433074951172, 4051
12.923107862472534, 4050
12.923107862472534, 4049
12.964299201965332, 4048
12.964299201965332, 4047
12.969762563705444, 4046
12.987085342407227, 4045
12.998700380325317, 4044
12.999698400497437, 4043
13.005643367767334, 4042
13.011021137237549, 4041
13.030987977981567, 4040
13.035419225692749, 4039
13.035419225692749, 4038
13.044680833816528, 4037
13.044680833816528, 4036
13.054939985275269, 4035
13.054939985275269, 4034
13.055968999862671, 4033
13.05696415901184, 4032
13.073683023452759, 4031
13.073683023452759, 4030
13.095784425735474, 4029
13.097265481948853, 4028
13.104018211364746, 4027
13.126069784164429, 4026
13.169350624084473, 4025
13.178262948989868, 4024
13.202847242355347, 4023
13.219655513763428, 4022
13.229920625686646, 4021
13.240131616592407, 4020
13.261245727539062, 4019
13.261245727539062, 4018
13.303533554077148, 4017
13.304563522338867, 4016
13.30556344985962, 4015
13.30556344985962, 4014
13.345049619674683, 4013
13.394502878189087, 4012
13.394502878189087, 4011
13.412458181381226, 4010
13.440938472747803, 4009
13.456095218658447, 4008
13.494481801986694, 4007
13.503779888153076, 4006
13.503779888153076, 4005
13.503779888153076, 4004
13.503779888153076, 4003
13.56635046005249, 4002
13.57416844367981, 4001
13.57416844367981, 4000
13.57416844367981, 3999
13.57416844367981, 3998
13.584046840667725, 3997
13.591614723205566, 3996
13.594617366790771, 3995
13.600236415863037, 3994
13.619591474533081, 3993
13.62011981010437, 3992
13.621838808059692, 3991
13.66114592552185, 3990
13.66114592552185, 3989
13.662146091461182, 3988
13.662146091461182, 3987
13.672240257263184, 3986
13.679850339889526, 3985
13.691766023635864, 3984
13.711816310882568, 3983
13.712848663330078, 3982
13.766268491744995, 3981
13.789678812026978, 3980
13.789678812026978, 3979
13.796944856643677, 3978
13.826980829238892, 3977
13.826980829238892, 3976
13.862465858459473, 3975
13.88823938369751, 3974
13.889270544052124, 3973
13.891234397888184, 3972
13.89327597618103, 3971
13.901137351989746, 3970
13.919516801834106, 3969
13.92816686630249, 3968
13.940287828445435, 3967
13.942531108856201, 3966
13.942531108856201, 3965
13.98447060585022, 3964
13.986237049102783, 3963
13.986595869064331, 3962
13.994452238082886, 3961
13.995450019836426, 3960
14.005221605300903, 3959
14.011609077453613, 3958
14.014174461364746, 3957
14.014174461364746, 3956
14.026044130325317, 3955
14.035457134246826, 3954
14.04676604270935, 3953
14.04776406288147, 3952
14.076045274734497, 3951
14.11165475845337, 3950
14.12340784072876, 3949
14.12340784072876, 3948
14.12340784072876, 3947
14.132246017456055, 3946
14.155403137207031, 3945
14.155403137207031, 3944
14.184007167816162, 3943
14.190266847610474, 3942
14.19985032081604, 3941
14.203279972076416, 3940
14.219970226287842, 3939
14.231792688369751, 3938
14.242631912231445, 3937
14.304923295974731, 3936
14.329135417938232, 3935
14.330132246017456, 3934
14.336759328842163, 3933
14.33775520324707, 3932
14.351297616958618, 3931
14.366153717041016, 3930
14.385731935501099, 3929
14.395817279815674, 3928
14.39726185798645, 3927
14.450963497161865, 3926
14.453636407852173, 3925
14.45462965965271, 3924
14.469894409179688, 3923
14.501781463623047, 3922
14.50277829170227, 3921
14.519995927810669, 3920
14.519995927810669, 3919
14.553292274475098, 3918
14.553292274475098, 3917
14.565348386764526, 3916
14.658326864242554, 3915
14.666259288787842, 3914
14.700239658355713, 3913
14.737191200256348, 3912
14.737191200256348, 3911
14.738191843032837, 3910
14.7449471950531, 3909
14.745944499969482, 3908
14.757738828659058, 3907
14.793198585510254, 3906
14.794195652008057, 3905
14.820976734161377, 3904
14.827413082122803, 3903
14.850354433059692, 3902
14.850354433059692, 3901
14.869996309280396, 3900
14.877089500427246, 3899
14.877089500427246, 3898
14.893043279647827, 3897
14.93529224395752, 3896
14.946305990219116, 3895
14.989902257919312, 3894
15.007702589035034, 3893
15.007702589035034, 3892
15.029972314834595, 3891
15.046184062957764, 3890
15.105332612991333, 3889
15.129647493362427, 3888
15.130643844604492, 3887
15.13721251487732, 3886
15.1400306224823, 3885
15.176834344863892, 3884
15.190403699874878, 3883
15.255023717880249, 3882
15.256400108337402, 3881
15.265920639038086, 3880
15.302164316177368, 3879
15.305183172225952, 3878
15.310222148895264, 3877
15.368010759353638, 3876
15.40842866897583, 3875
15.438010692596436, 3874
15.44293212890625, 3873
15.462553262710571, 3872
15.472872495651245, 3871
15.495630979537964, 3870
15.496626853942871, 3869
15.496626853942871, 3868
15.62098240852356, 3867
15.62098240852356, 3866
15.623973608016968, 3865
15.656293153762817, 3864
15.669268608093262, 3863
15.687653064727783, 3862
15.703194618225098, 3861
15.716156482696533, 3860
15.732066869735718, 3859
15.738571882247925, 3858
15.764211416244507, 3857
15.777749300003052, 3856
15.802151441574097, 3855
15.802151441574097, 3854
15.803148984909058, 3853
15.824442148208618, 3852
15.83114242553711, 3851
15.85483169555664, 3850
15.855735063552856, 3849
15.889061212539673, 3848
15.890066623687744, 3847
15.890066623687744, 3846
15.890066623687744, 3845
15.902308225631714, 3844
15.903305292129517, 3843
15.906444072723389, 3842
15.906444072723389, 3841
15.94588565826416, 3840
15.94588565826416, 3839
15.961589336395264, 3838
15.965447187423706, 3837
15.988924264907837, 3836
15.989927291870117, 3835
15.99372673034668, 3834
16.028014183044434, 3833
16.028014183044434, 3832
16.029011011123657, 3831
16.06116509437561, 3830
16.075512409210205, 3829
16.076545476913452, 3828
16.135154724121094, 3827
16.135154724121094, 3826
16.13767981529236, 3825
16.142175674438477, 3824
16.155245780944824, 3823
16.16487765312195, 3822
16.167967796325684, 3821
16.20281457901001, 3820
16.20281457901001, 3819
16.211814403533936, 3818
16.21756863594055, 3817
16.21756863594055, 3816
16.221972465515137, 3815
16.230393648147583, 3814
16.246397733688354, 3813
16.28718137741089, 3812
16.324179649353027, 3811
16.328868865966797, 3810
16.328868865966797, 3809
16.339089393615723, 3808
16.372778177261353, 3807
16.372778177261353, 3806
16.381986379623413, 3805
16.39174485206604, 3804
16.421502590179443, 3803
16.46313190460205, 3802
16.486555099487305, 3801
16.490248441696167, 3800
16.491208791732788, 3799
16.51683020591736, 3798
16.52287530899048, 3797
16.524712562561035, 3796
16.534469842910767, 3795
16.54521346092224, 3794
16.55474305152893, 3793
16.562021732330322, 3792
16.573883771896362, 3791
16.573883771896362, 3790
16.58759903907776, 3789
16.620112657546997, 3788
16.623140573501587, 3787
16.700817584991455, 3786
16.701820135116577, 3785
16.70717692375183, 3784
16.723479986190796, 3783
16.798277616500854, 3782
16.799275398254395, 3781
16.81104326248169, 3780
16.830159664154053, 3779
16.830411195755005, 3778
16.83176326751709, 3777
16.898268222808838, 3776
16.90569567680359, 3775
16.90669274330139, 3774
16.90669274330139, 3773
16.915542125701904, 3772
16.922597885131836, 3771
16.92362904548645, 3770
16.92957901954651, 3769
16.933079719543457, 3768
16.938455820083618, 3767
16.987315893173218, 3766
16.988191843032837, 3765
17.032963275909424, 3764
17.057102918624878, 3763
17.074588537216187, 3762
17.075735092163086, 3761
17.077443599700928, 3760
17.077443599700928, 3759
17.077443599700928, 3758
17.095900774002075, 3757
17.11134362220764, 3756
17.150040864944458, 3755
17.155490159988403, 3754
17.187947511672974, 3753
17.1909396648407, 3752
17.196985960006714, 3751
17.23498034477234, 3750
17.237316131591797, 3749
17.245659351348877, 3748
17.327208042144775, 3747
17.354503631591797, 3746
17.354503631591797, 3745
17.405650854110718, 3744
17.405650854110718, 3743
17.42537569999695, 3742
17.42537569999695, 3741
17.43419861793518, 3740
17.461981058120728, 3739
17.461981058120728, 3738
17.50279188156128, 3737
17.50279188156128, 3736
17.52619242668152, 3735
17.52718997001648, 3734
17.530390739440918, 3733
17.536314487457275, 3732
17.53641653060913, 3731
17.53641653060913, 3730
17.537445306777954, 3729
17.537445306777954, 3728
17.539440870285034, 3727
17.54271936416626, 3726
17.60301375389099, 3725
17.62567901611328, 3724
17.6803936958313, 3723
17.704100608825684, 3722
17.725099086761475, 3721
17.74039316177368, 3720
17.748455047607422, 3719
17.771159172058105, 3718
17.799647331237793, 3717
17.81729292869568, 3716
17.880247592926025, 3715
17.880800247192383, 3714
17.88710045814514, 3713
17.9055655002594, 3712
17.905730724334717, 3711
17.92150044441223, 3710
17.922497510910034, 3709
17.967883586883545, 3708
17.97179079055786, 3707
17.976194858551025, 3706
17.976194858551025, 3705
17.9923415184021, 3704
18.105013847351074, 3703
18.105013847351074, 3702
18.134358644485474, 3701
18.138633012771606, 3700
18.16277813911438, 3699
18.17484211921692, 3698
18.17484211921692, 3697
18.188658952713013, 3696
18.188658952713013, 3695
18.188658952713013, 3694
18.190218925476074, 3693
18.25006628036499, 3692
18.27040457725525, 3691
18.290019035339355, 3690
18.330397367477417, 3689
18.412877321243286, 3688
18.415547132492065, 3687
18.47267985343933, 3686
18.47267985343933, 3685
18.47267985343933, 3684
18.47267985343933, 3683
18.525862216949463, 3682
18.525862216949463, 3681
18.525862216949463, 3680
18.543827772140503, 3679
18.545002937316895, 3678
18.545002937316895, 3677
18.54601526260376, 3676
18.56040906906128, 3675
18.58525776863098, 3674
18.623668670654297, 3673
18.623668670654297, 3672
18.62887692451477, 3671
18.64029860496521, 3670
18.64129638671875, 3669
18.64129638671875, 3668
18.653823137283325, 3667
18.653823137283325, 3666
18.66304349899292, 3665
18.674668550491333, 3664
18.682089805603027, 3663
18.682089805603027, 3662
18.692450284957886, 3661
18.692450284957886, 3660
18.703046083450317, 3659
18.735647916793823, 3658
18.736085414886475, 3657
18.76168131828308, 3656
18.77006769180298, 3655
18.77542996406555, 3654
18.789278268814087, 3653
18.789278268814087, 3652
18.790276050567627, 3651
18.805826663970947, 3650
18.805826663970947, 3649
18.82716727256775, 3648
18.82716727256775, 3647
18.854300260543823, 3646
18.859938383102417, 3645
18.861505270004272, 3644
18.861505270004272, 3643
18.86250114440918, 3642
18.862842559814453, 3641
18.870198965072632, 3640
18.870198965072632, 3639
18.879430770874023, 3638
18.89171862602234, 3637
18.89271569252014, 3636
18.901132106781006, 3635
18.932163953781128, 3634
18.933307886123657, 3633
18.969331979751587, 3632
18.97014617919922, 3631
18.97014617919922, 3630
18.971136569976807, 3629
18.977948904037476, 3628
18.987694263458252, 3627
18.992650508880615, 3626
19.001262664794922, 3625
19.001262664794922, 3624
19.002112865447998, 3623
19.01636004447937, 3622
19.017362356185913, 3621
19.018356561660767, 3620
19.018356561660767, 3619
19.034026861190796, 3618
19.034026861190796, 3617
19.043160676956177, 3616
19.08469533920288, 3615
19.105554819107056, 3614
19.105554819107056, 3613
19.115002632141113, 3612
19.115002632141113, 3611
19.122806549072266, 3610
19.12869119644165, 3609
19.131457328796387, 3608
19.134450912475586, 3607
19.134450912475586, 3606
19.16033625602722, 3605
19.16033625602722, 3604
19.197853088378906, 3603
19.197853088378906, 3602
19.210881233215332, 3601
19.21187949180603, 3600
19.221876859664917, 3599
19.221876859664917, 3598
19.22290563583374, 3597
19.225898504257202, 3596
19.231037139892578, 3595
19.247950315475464, 3594
19.26736545562744, 3593
19.26736545562744, 3592
19.270427227020264, 3591
19.271666049957275, 3590
19.277403354644775, 3589
19.28040647506714, 3588
19.291982650756836, 3587
19.304155349731445, 3586
19.306015968322754, 3585
19.340181827545166, 3584
19.340181827545166, 3583
19.340181827545166, 3582
19.34291100502014, 3581
19.35579562187195, 3580
19.35782527923584, 3579
19.35782527923584, 3578
19.365423679351807, 3577
19.36652159690857, 3576
19.396915435791016, 3575
19.424505710601807, 3574
19.42588996887207, 3573
19.43097496032715, 3572
19.440196990966797, 3571
19.442220211029053, 3570
19.442220211029053, 3569
19.472389698028564, 3568
19.472389698028564, 3567
19.536895513534546, 3566
19.536895513534546, 3565
19.548738718032837, 3564
19.553672313690186, 3563
19.567817449569702, 3562
19.60992932319641, 3561
19.62250328063965, 3560
19.625892400741577, 3559
19.74273157119751, 3558
19.74273157119751, 3557
19.767646551132202, 3556
19.767646551132202, 3555
19.828221797943115, 3554
19.828221797943115, 3553
19.84316611289978, 3552
19.85193657875061, 3551
19.876716136932373, 3550
19.886427640914917, 3549
19.886427640914917, 3548
19.891653537750244, 3547
19.903372049331665, 3546
19.913668870925903, 3545
19.913668870925903, 3544
19.918365240097046, 3543
19.975168228149414, 3542
19.977885484695435, 3541
19.98461604118347, 3540
19.992921590805054, 3539
20.02168297767639, 3538
20.02168297767639, 3537
20.02271294593811, 3536
20.052749395370483, 3535
20.071030855178833, 3534
20.097374200820923, 3533
20.097374200820923, 3532
20.098849773406982, 3531
20.171393632888794, 3530
20.205245971679688, 3529
20.25028133392334, 3528
20.293657302856445, 3527
20.3256893157959, 3526
20.333241939544678, 3525
20.335195064544678, 3524
20.343015432357788, 3523
20.383066177368164, 3522
20.383066177368164, 3521
20.384063720703125, 3520
20.426623821258545, 3519
20.44691514968872, 3518
20.447940587997437, 3517
20.468304872512817, 3516
20.47242522239685, 3515
20.47242522239685, 3514
20.497432708740234, 3513
20.497432708740234, 3512
20.498429775238037, 3511
20.498751163482666, 3510
20.52638578414917, 3509
20.55606436729431, 3508
20.562822580337524, 3507
20.57667636871338, 3506
20.57667636871338, 3505
20.582284212112427, 3504
20.65057945251465, 3503
20.667800903320312, 3502
20.733500003814697, 3501
20.734497547149658, 3500
20.734497547149658, 3499
20.740077257156372, 3498
20.753909587860107, 3497
20.756019115447998, 3496
20.76871657371521, 3495
20.792941570281982, 3494
20.83721113204956, 3493
20.841546773910522, 3492
20.841546773910522, 3491
20.857544898986816, 3490
20.858540058135986, 3489
20.858540058135986, 3488
20.86763572692871, 3487
20.92501187324524, 3486
20.92501187324524, 3485
20.92501187324524, 3484
20.92501187324524, 3483
20.947815418243408, 3482
20.991974115371704, 3481
20.991974115371704, 3480
20.993006467819214, 3479
20.993006467819214, 3478
20.993006467819214, 3477
21.02395510673523, 3476
21.042714834213257, 3475
21.088768005371094, 3474
21.094336986541748, 3473
21.09534001350403, 3472
21.151948928833008, 3471
21.153752088546753, 3470
21.16055917739868, 3469
21.16055917739868, 3468
21.162206888198853, 3467
21.172348499298096, 3466
21.2266902923584, 3465
21.238547801971436, 3464
21.245746612548828, 3463
21.392433881759644, 3462
21.40710711479187, 3461
21.413673400878906, 3460
21.42505192756653, 3459
21.440163135528564, 3458
21.450254917144775, 3457
21.454599618911743, 3456
21.478394985198975, 3455
21.52471613883972, 3454
21.542750120162964, 3453
21.54776883125305, 3452
21.65579128265381, 3451
21.65579128265381, 3450
21.656787633895874, 3449
21.657880067825317, 3448
21.659377098083496, 3447
21.65987515449524, 3446
21.662433385849, 3445
21.72244119644165, 3444
21.782604455947876, 3443
21.805956840515137, 3442
21.805956840515137, 3441
21.807108640670776, 3440
21.807108640670776, 3439
21.816328287124634, 3438
21.839826345443726, 3437
21.872283220291138, 3436
21.89963173866272, 3435
22.04527258872986, 3434
22.05828070640564, 3433
22.07876181602478, 3432
22.186567306518555, 3431
22.186567306518555, 3430
22.188826084136963, 3429
22.192562103271484, 3428
22.20262598991394, 3427
22.208651781082153, 3426
22.209646463394165, 3425
22.209646463394165, 3424
22.210658073425293, 3423
22.23344087600708, 3422
22.236492156982422, 3421
22.236492156982422, 3420
22.24290895462036, 3419
22.25311303138733, 3418
22.263996601104736, 3417
22.28392243385315, 3416
22.301629781723022, 3415
22.310231685638428, 3414
22.310231685638428, 3413
22.343074083328247, 3412
22.346755266189575, 3411
22.347325086593628, 3410
22.347325086593628, 3409
22.368237733840942, 3408
22.482423782348633, 3407
22.515448570251465, 3406
22.516444444656372, 3405
22.525242567062378, 3404
22.526455879211426, 3403
22.535184860229492, 3402
22.53922200202942, 3401
22.54725408554077, 3400
22.58768343925476, 3399
22.609193801879883, 3398
22.610190868377686, 3397
22.6644446849823, 3396
22.691819190979004, 3395
22.755058765411377, 3394
22.755058765411377, 3393
22.916728019714355, 3392
23.235615491867065, 3391
23.235615491867065, 3390
23.235615491867065, 3389
23.2531156539917, 3388
23.273857355117798, 3387
23.29037833213806, 3386
23.294001579284668, 3385
23.295393705368042, 3384
23.296391487121582, 3383
23.407155513763428, 3382
23.467785835266113, 3381
23.68541646003723, 3380
23.712369680404663, 3379
23.730390548706055, 3378
23.886505126953125, 3377
23.886993646621704, 3376
23.931870222091675, 3375
24.02571988105774, 3374
24.030357360839844, 3373
24.270270347595215, 3372
24.270270347595215, 3371
24.35221219062805, 3370
24.741332054138184, 3369
24.753175258636475, 3368
24.770092487335205, 3367
24.851649045944214, 3366
24.855057954788208, 3365
24.941922664642334, 3364
25.02210783958435, 3363
25.124465703964233, 3362
25.13825011253357, 3361
25.14284062385559, 3360
25.20536732673645, 3359
36.6771924495697, 3358
36.706697940826416, 3357
36.735437631607056, 3356
37.91998648643494, 3355
38.65787220001221, 3354
39.08576846122742, 3353
39.294530391693115, 3352
39.337547063827515, 3351
40.41142988204956, 3350
41.25666570663452, 3349
42.07423186302185, 3348
42.60296940803528, 3347
43.56691265106201, 3346
43.628178119659424, 3345
44.707157373428345, 3344
47.83479905128479, 3343
48.58785700798035, 3342
50.49473810195923, 3341
51.42603349685669, 3340
52.26699161529541, 3339
57.03655171394348, 3338
58.32399106025696, 3337
59.262524127960205, 3336
62.18894362449646, 3335
64.56658554077148, 3334
65.19301652908325, 3333
66.40010023117065, 3332
68.69509410858154, 3331
69.86418509483337, 3330
71.92102384567261, 3329
73.73931813240051, 3328
77.60270667076111, 3327
77.61950922012329, 3326
88.45599222183228, 3325
96.75645112991333, 3324
96.80359935760498, 3323
98.50246953964233, 3322
