9.9310142993927, 5687
9.9310142993927, 5686
9.9310142993927, 5685
9.9310142993927, 5684
9.949103116989136, 5683
9.951170682907104, 5682
9.951170682907104, 5681
9.951170682907104, 5680
9.951170682907104, 5679
9.951170682907104, 5678
9.961296796798706, 5677
9.961296796798706, 5676
9.972515106201172, 5675
9.972515106201172, 5674
9.972515106201172, 5673
9.972515106201172, 5672
9.979631900787354, 5671
9.981695413589478, 5670
9.981695413589478, 5669
9.981695413589478, 5668
9.981695413589478, 5667
9.991834878921509, 5666
9.991834878921509, 5665
9.991834878921509, 5664
9.991834878921509, 5663
9.991834878921509, 5662
9.991834878921509, 5661
10.001972198486328, 5660
10.022234678268433, 5659
10.022234678268433, 5658
10.031385660171509, 5657
10.033379554748535, 5656
10.033379554748535, 5655
10.033379554748535, 5654
10.033379554748535, 5653
10.042428731918335, 5652
10.042428731918335, 5651
10.054980754852295, 5650
10.054980754852295, 5649
10.054980754852295, 5648
10.06304407119751, 5647
10.06304407119751, 5646
10.065095663070679, 5645
10.065095663070679, 5644
10.065095663070679, 5643
10.065095663070679, 5642
10.065095663070679, 5641
10.065095663070679, 5640
10.065095663070679, 5639
10.073225736618042, 5638
10.07622218132019, 5637
10.07622218132019, 5636
10.093388319015503, 5635
10.095456838607788, 5634
10.095456838607788, 5633
10.095456838607788, 5632
10.095456838607788, 5631
10.146811962127686, 5630
10.146811962127686, 5629
10.146811962127686, 5628
10.15388822555542, 5627
10.15388822555542, 5626
10.15388822555542, 5625
10.15595293045044, 5624
10.15595293045044, 5623
10.15595293045044, 5622
10.166082620620728, 5621
10.166082620620728, 5620
10.166082620620728, 5619
10.166082620620728, 5618
10.17417311668396, 5617
10.175171375274658, 5616
10.176168203353882, 5615
10.186146974563599, 5614
10.186146974563599, 5613
10.186146974563599, 5612
10.186146974563599, 5611
10.186146974563599, 5610
10.194334983825684, 5609
10.194334983825684, 5608
10.195360660552979, 5607
10.19638729095459, 5606
10.214548587799072, 5605
10.216604709625244, 5604
10.216604709625244, 5603
10.216604709625244, 5602
10.216604709625244, 5601
10.216604709625244, 5600
10.216604709625244, 5599
10.216604709625244, 5598
10.216604709625244, 5597
10.216604709625244, 5596
10.216604709625244, 5595
10.224659442901611, 5594
10.22671103477478, 5593
10.22671103477478, 5592
10.22671103477478, 5591
10.22671103477478, 5590
10.22671103477478, 5589
10.22671103477478, 5588
10.22671103477478, 5587
10.23483657836914, 5586
10.23586392402649, 5585
10.23586392402649, 5584
10.236900806427002, 5583
10.236900806427002, 5582
10.24821400642395, 5581
10.24821400642395, 5580
10.24821400642395, 5579
10.24821400642395, 5578
10.24821400642395, 5577
10.24821400642395, 5576
10.24821400642395, 5575
10.24821400642395, 5574
10.255394220352173, 5573
10.256393671035767, 5572
10.267646074295044, 5571
10.267646074295044, 5570
10.267646074295044, 5569
10.277811765670776, 5568
10.277811765670776, 5567
10.277811765670776, 5566
10.277811765670776, 5565
10.277811765670776, 5564
10.277811765670776, 5563
10.277811765670776, 5562
10.277811765670776, 5561
10.277811765670776, 5560
10.28589677810669, 5559
10.28589677810669, 5558
10.308143377304077, 5557
10.308143377304077, 5556
10.308143377304077, 5555
10.308143377304077, 5554
10.308143377304077, 5553
10.308143377304077, 5552
10.316215515136719, 5551
10.318272113800049, 5550
10.318272113800049, 5549
10.318272113800049, 5548
10.318272113800049, 5547
10.318272113800049, 5546
10.318272113800049, 5545
10.318272113800049, 5544
10.318272113800049, 5543
10.318272113800049, 5542
10.318272113800049, 5541
10.326328039169312, 5540
10.326328039169312, 5539
10.326328039169312, 5538
10.328387022018433, 5537
10.328387022018433, 5536
10.338512659072876, 5535
10.338512659072876, 5534
10.338512659072876, 5533
10.338512659072876, 5532
10.39930009841919, 5531
10.420611381530762, 5530
10.440911531448364, 5529
10.44796895980835, 5528
10.461102962493896, 5527
10.50886058807373, 5526
10.50886058807373, 5525
10.518932342529297, 5524
10.520986080169678, 5523
10.520986080169678, 5522
10.531095504760742, 5521
10.531095504760742, 5520
10.531095504760742, 5519
10.531095504760742, 5518
10.531095504760742, 5517
10.53917908668518, 5516
10.541237831115723, 5515
10.734934329986572, 5514
10.752166986465454, 5513
10.754244327545166, 5512
10.754244327545166, 5511
10.755243062973022, 5510
10.755243062973022, 5509
10.763566493988037, 5508
11.007980823516846, 5507
11.007980823516846, 5506
11.007980823516846, 5505
11.018003702163696, 5504
11.018003702163696, 5503
11.026071548461914, 5502
11.028132915496826, 5501
11.028132915496826, 5500
11.046351671218872, 5499
11.048414707183838, 5498
11.048414707183838, 5497
11.08860468864441, 5496
11.08860468864441, 5495
11.08860468864441, 5494
11.096634864807129, 5493
11.108827114105225, 5492
11.108827114105225, 5491
11.108827114105225, 5490
11.108827114105225, 5489
11.108827114105225, 5488
11.116893529891968, 5487
11.118959426879883, 5486
11.129083395004272, 5485
11.149349212646484, 5484
11.15947699546814, 5483
11.15947699546814, 5482
11.160475969314575, 5481
11.160475969314575, 5480
11.160475969314575, 5479
11.19804072380066, 5478
11.200117588043213, 5477
11.20111608505249, 5476
11.210280418395996, 5475
11.210280418395996, 5474
11.241812467575073, 5473
11.24887204170227, 5472
11.24887204170227, 5471
11.24887204170227, 5470
11.25903058052063, 5469
11.281620502471924, 5468
11.281620502471924, 5467
11.291727066040039, 5466
11.291727066040039, 5465
11.310152292251587, 5464
11.310152292251587, 5463
11.310152292251587, 5462
11.312203168869019, 5461
11.312203168869019, 5460
11.332460403442383, 5459
11.332460403442383, 5458
11.340522289276123, 5457
11.340522289276123, 5456
11.340522289276123, 5455
11.342578411102295, 5454
11.350633144378662, 5453
11.350633144378662, 5452
11.352685928344727, 5451
11.352685928344727, 5450
11.352685928344727, 5449
11.360810041427612, 5448
11.363861083984375, 5447
11.363861083984375, 5446
11.363861083984375, 5445
11.37242078781128, 5444
11.372963666915894, 5443
11.372963666915894, 5442
11.372963666915894, 5441
11.373924016952515, 5440
11.373924016952515, 5439
11.373924016952515, 5438
11.373924016952515, 5437
11.373924016952515, 5436
11.381030082702637, 5435
11.383033514022827, 5434
11.393190622329712, 5433
11.41344952583313, 5432
11.41344952583313, 5431
11.421558618545532, 5430
11.42255711555481, 5429
11.42406702041626, 5428
11.42406702041626, 5427
11.431583404541016, 5426
11.431583404541016, 5425
11.431583404541016, 5424
11.431583404541016, 5423
11.44368863105774, 5422
11.44368863105774, 5421
11.4537992477417, 5420
11.4537992477417, 5419
11.4537992477417, 5418
11.4537992477417, 5417
11.4537992477417, 5416
11.462028741836548, 5415
11.462028741836548, 5414
11.463025569915771, 5413
11.463025569915771, 5412
11.464080333709717, 5411
11.464080333709717, 5410
11.465080261230469, 5409
11.465080261230469, 5408
11.465080261230469, 5407
11.465080261230469, 5406
11.465080261230469, 5405
11.465080261230469, 5404
11.465080261230469, 5403
11.465080261230469, 5402
11.475764989852905, 5401
11.475764989852905, 5400
11.475764989852905, 5399
11.476762056350708, 5398
11.476762056350708, 5397
11.476762056350708, 5396
11.482363224029541, 5395
11.484418630599976, 5394
11.484418630599976, 5393
11.492471933364868, 5392
11.504624843597412, 5391
11.504624843597412, 5390
11.52485990524292, 5389
11.52485990524292, 5388
11.532928466796875, 5387
11.532928466796875, 5386
11.54304814338684, 5385
11.555230140686035, 5384
11.555230140686035, 5383
11.593984842300415, 5382
11.596024990081787, 5381
11.596024990081787, 5380
11.606155157089233, 5379
11.606155157089233, 5378
11.606155157089233, 5377
11.614224672317505, 5376
11.616296291351318, 5375
11.616296291351318, 5374
11.616296291351318, 5373
11.626428604125977, 5372
11.626428604125977, 5371
11.634509325027466, 5370
11.634509325027466, 5369
11.635508060455322, 5368
11.644556283950806, 5367
11.654619216918945, 5366
11.656685590744019, 5365
11.666810989379883, 5364
11.666810989379883, 5363
11.666810989379883, 5362
11.676944971084595, 5361
11.676944971084595, 5360
11.676944971084595, 5359
11.676944971084595, 5358
11.685017585754395, 5357
11.685017585754395, 5356
11.685017585754395, 5355
11.685017585754395, 5354
11.685017585754395, 5353
11.685017585754395, 5352
11.685017585754395, 5351
11.685017585754395, 5350
11.696202278137207, 5349
11.697220802307129, 5348
11.698248147964478, 5347
11.698248147964478, 5346
11.705305099487305, 5345
11.707362651824951, 5344
11.707362651824951, 5343
11.717909097671509, 5342
11.717909097671509, 5341
11.717909097671509, 5340
11.717909097671509, 5339
11.717909097671509, 5338
11.717909097671509, 5337
11.717909097671509, 5336
11.717909097671509, 5335
11.717909097671509, 5334
11.725963830947876, 5333
11.728017330169678, 5332
11.728017330169678, 5331
11.728017330169678, 5330
11.728017330169678, 5329
11.728017330169678, 5328
11.728017330169678, 5327
11.728017330169678, 5326
11.728017330169678, 5325
11.738183975219727, 5324
11.739184379577637, 5323
11.746273756027222, 5322
11.746273756027222, 5321
11.746273756027222, 5320
11.746273756027222, 5319
11.766623735427856, 5318
11.766623735427856, 5317
11.766623735427856, 5316
11.766623735427856, 5315
11.766623735427856, 5314
11.766623735427856, 5313
11.766623735427856, 5312
11.777763366699219, 5311
11.77881669998169, 5310
11.77881669998169, 5309
11.77881669998169, 5308
11.779817342758179, 5307
11.779817342758179, 5306
11.779817342758179, 5305
11.779817342758179, 5304
11.779817342758179, 5303
11.782790660858154, 5302
11.783787965774536, 5301
11.786881685256958, 5300
11.786881685256958, 5299
11.786881685256958, 5298
11.788933992385864, 5297
11.788933992385864, 5296
11.788933992385864, 5295
11.788933992385864, 5294
11.809157371520996, 5293
11.809157371520996, 5292
11.817341566085815, 5291
11.817341566085815, 5290
11.818339109420776, 5289
11.818339109420776, 5288
11.82745361328125, 5287
11.82745361328125, 5286
11.837535381317139, 5285
11.837796688079834, 5284
11.837796688079834, 5283
11.837796688079834, 5282
11.838826417922974, 5281
11.839843273162842, 5280
11.839843273162842, 5279
11.839843273162842, 5278
11.840875625610352, 5277
11.840875625610352, 5276
11.847933053970337, 5275
11.847933053970337, 5274
11.847933053970337, 5273
11.849970579147339, 5272
11.849984884262085, 5271
11.849984884262085, 5270
11.849984884262085, 5269
11.849984884262085, 5268
11.86821174621582, 5267
11.870266199111938, 5266
11.870266199111938, 5265
11.870266199111938, 5264
11.870266199111938, 5263
11.870266199111938, 5262
11.870266199111938, 5261
11.878350973129272, 5260
11.88848066329956, 5259
11.890534400939941, 5258
11.890534400939941, 5257
11.890534400939941, 5256
11.890534400939941, 5255
11.890534400939941, 5254
11.890534400939941, 5253
11.890534400939941, 5252
11.890534400939941, 5251
11.890534400939941, 5250
11.890534400939941, 5249
11.890534400939941, 5248
11.890534400939941, 5247
11.904242038726807, 5246
11.904242038726807, 5245
11.904242038726807, 5244
11.904242038726807, 5243
11.904242038726807, 5242
11.904242038726807, 5241
11.904242038726807, 5240
11.904242038726807, 5239
11.904242038726807, 5238
11.904242038726807, 5237
11.911296606063843, 5236
11.921414852142334, 5235
11.923469066619873, 5234
11.923469066619873, 5233
11.941632509231567, 5232
11.943694114685059, 5231
11.953815221786499, 5230
11.953815221786499, 5229
11.953815221786499, 5228
11.953815221786499, 5227
11.964032888412476, 5226
11.965030908584595, 5225
11.965030908584595, 5224
11.984330654144287, 5223
11.984330654144287, 5222
11.98788595199585, 5221
12.004628658294678, 5220
12.014743089675903, 5219
12.022841453552246, 5218
12.024905920028687, 5217
12.024905920028687, 5216
12.024905920028687, 5215
12.024905920028687, 5214
12.024905920028687, 5213
12.045164823532104, 5212
12.053228616714478, 5211
12.055290222167969, 5210
12.065377950668335, 5209
12.065377950668335, 5208
12.065377950668335, 5207
12.065377950668335, 5206
12.065377950668335, 5205
12.065377950668335, 5204
12.073511362075806, 5203
12.075573205947876, 5202
12.075573205947876, 5201
12.084720849990845, 5200
12.085717916488647, 5199
12.086268424987793, 5198
12.086268424987793, 5197
12.086268424987793, 5196
12.086268424987793, 5195
12.086268424987793, 5194
12.086268424987793, 5193
12.086268424987793, 5192
12.086268424987793, 5191
12.0938241481781, 5190
12.0938241481781, 5189
12.0938241481781, 5188
12.107098579406738, 5187
12.107098579406738, 5186
12.107098579406738, 5185
12.127392530441284, 5184
12.13444709777832, 5183
12.152517080307007, 5182
12.152517080307007, 5181
12.152517080307007, 5180
12.152517080307007, 5179
12.155110597610474, 5178
12.155110597610474, 5177
12.155110597610474, 5176
12.155110597610474, 5175
12.155110597610474, 5174
12.155110597610474, 5173
12.165243148803711, 5172
12.16827130317688, 5171
12.16827130317688, 5170
12.16827130317688, 5169
12.16827130317688, 5168
12.16827130317688, 5167
12.175326585769653, 5166
12.175326585769653, 5165
12.177383184432983, 5164
12.177383184432983, 5163
12.177383184432983, 5162
12.177383184432983, 5161
12.177383184432983, 5160
12.177383184432983, 5159
12.177383184432983, 5158
12.177383184432983, 5157
12.177383184432983, 5156
12.177383184432983, 5155
12.197626113891602, 5154
12.206769704818726, 5153
12.206769704818726, 5152
12.206769704818726, 5151
12.206769704818726, 5150
12.206769704818726, 5149
12.206769704818726, 5148
12.215855121612549, 5147
12.217911720275879, 5146
12.217911720275879, 5145
12.217911720275879, 5144
12.217911720275879, 5143
12.226082801818848, 5142
12.226082801818848, 5141
12.226082801818848, 5140
12.236166715621948, 5139
12.236166715621948, 5138
12.238217830657959, 5137
12.238217830657959, 5136
12.238217830657959, 5135
12.238217830657959, 5134
12.238217830657959, 5133
12.238217830657959, 5132
12.238217830657959, 5131
12.238217830657959, 5130
12.24832534790039, 5129
12.25637936592102, 5128
12.25637936592102, 5127
12.25637936592102, 5126
12.25843095779419, 5125
12.25843095779419, 5124
12.25843095779419, 5123
12.25843095779419, 5122
12.25843095779419, 5121
12.25843095779419, 5120
12.25843095779419, 5119
12.25843095779419, 5118
12.25843095779419, 5117
12.25843095779419, 5116
12.25843095779419, 5115
12.267601251602173, 5114
12.268615007400513, 5113
12.269649744033813, 5112
12.269649744033813, 5111
12.269649744033813, 5110
12.269649744033813, 5109
12.27670955657959, 5108
12.278770208358765, 5107
12.278770208358765, 5106
12.278770208358765, 5105
12.278770208358765, 5104
12.278770208358765, 5103
12.278770208358765, 5102
12.278770208358765, 5101
12.278770208358765, 5100
12.278770208358765, 5099
12.278770208358765, 5098
12.278770208358765, 5097
12.278770208358765, 5096
12.286834239959717, 5095
12.288886308670044, 5094
12.288886308670044, 5093
12.288886308670044, 5092
12.300026178359985, 5091
12.300026178359985, 5090
12.309157371520996, 5089
12.309157371520996, 5088
12.319262266159058, 5087
12.319262266159058, 5086
12.319262266159058, 5085
12.319262266159058, 5084
12.327420949935913, 5083
12.328455686569214, 5082
12.328455686569214, 5081
12.329451560974121, 5080
12.33044958114624, 5079
12.337515592575073, 5078
12.337515592575073, 5077
12.337515592575073, 5076
12.337515592575073, 5075
12.337515592575073, 5074
12.337515592575073, 5073
12.337515592575073, 5072
12.337515592575073, 5071
12.337515592575073, 5070
12.337515592575073, 5069
12.337515592575073, 5068
12.337515592575073, 5067
12.337515592575073, 5066
12.337515592575073, 5065
12.337515592575073, 5064
12.337515592575073, 5063
12.347755193710327, 5062
12.347755193710327, 5061
12.349836111068726, 5060
12.350867509841919, 5059
12.350867509841919, 5058
12.350867509841919, 5057
12.359981298446655, 5056
12.359981298446655, 5055
12.359981298446655, 5054
12.359981298446655, 5053
12.359981298446655, 5052
12.359981298446655, 5051
12.368132591247559, 5050
12.368132591247559, 5049
12.37067723274231, 5048
12.37067723274231, 5047
12.37067723274231, 5046
12.378233194351196, 5045
12.378233194351196, 5044
12.378233194351196, 5043
12.378233194351196, 5042
12.378233194351196, 5041
12.388308763504028, 5040
12.388308763504028, 5039
12.388308763504028, 5038
12.390362024307251, 5037
12.390362024307251, 5036
12.390362024307251, 5035
12.390362024307251, 5034
12.401506662368774, 5033
12.401506662368774, 5032
12.401506662368774, 5031
12.401506662368774, 5030
12.401506662368774, 5029
12.401506662368774, 5028
12.401506662368774, 5027
12.401506662368774, 5026
12.408575534820557, 5025
12.410627841949463, 5024
12.410627841949463, 5023
12.410627841949463, 5022
12.410627841949463, 5021
12.418680191040039, 5020
12.420820713043213, 5019
12.421851873397827, 5018
12.430037498474121, 5017
12.431071519851685, 5016
12.432069301605225, 5015
12.432069301605225, 5014
12.439105033874512, 5013
12.439105033874512, 5012
12.441131114959717, 5011
12.441131114959717, 5010
12.441131114959717, 5009
12.441131114959717, 5008
12.441131114959717, 5007
12.449172258377075, 5006
12.449172258377075, 5005
12.449172258377075, 5004
12.451215982437134, 5003
12.451215982437134, 5002
12.452214241027832, 5001
12.459246397018433, 5000
12.459246397018433, 4999
12.459246397018433, 4998
12.461273193359375, 4997
12.461273193359375, 4996
12.461273193359375, 4995
12.461273193359375, 4994
12.461273193359375, 4993
12.461273193359375, 4992
12.469338417053223, 4991
12.469338417053223, 4990
12.469338417053223, 4989
12.4703369140625, 4988
12.4703369140625, 4987
12.472381114959717, 4986
12.472381114959717, 4985
12.481443405151367, 4984
12.481443405151367, 4983
12.481443405151367, 4982
12.489480972290039, 4981
12.491546154022217, 4980
12.491546154022217, 4979
12.491546154022217, 4978
12.491546154022217, 4977
12.500830173492432, 4976
12.501888751983643, 4975
12.501888751983643, 4974
12.50288724899292, 4973
12.50288724899292, 4972
12.50288724899292, 4971
12.512656927108765, 4970
12.524865865707397, 4969
12.535038232803345, 4968
12.53606629371643, 4967
12.53606629371643, 4966
12.53606629371643, 4965
12.53606629371643, 4964
12.53606629371643, 4963
12.53606629371643, 4962
12.543126344680786, 4961
12.543126344680786, 4960
12.555254220962524, 4959
12.563308238983154, 4958
12.565360307693481, 4957
12.565360307693481, 4956
12.565360307693481, 4955
12.573503255844116, 4954
12.574502944946289, 4953
12.576560735702515, 4952
12.576560735702515, 4951
12.58366322517395, 4950
12.58366322517395, 4949
12.585724830627441, 4948
12.595820188522339, 4947
12.595820188522339, 4946
12.606893539428711, 4945
12.606893539428711, 4944
12.606893539428711, 4943
12.606893539428711, 4942
12.606893539428711, 4941
12.616193056106567, 4940
12.617191791534424, 4939
12.617191791534424, 4938
12.617191791534424, 4937
12.617191791534424, 4936
12.617191791534424, 4935
12.62637734413147, 4934
12.62637734413147, 4933
12.62637734413147, 4932
12.62637734413147, 4931
12.62637734413147, 4930
12.62637734413147, 4929
12.634583234786987, 4928
12.637640953063965, 4927
12.637640953063965, 4926
12.637640953063965, 4925
12.637640953063965, 4924
12.637640953063965, 4923
12.646808862686157, 4922
12.65691351890564, 4921
12.65691351890564, 4920
12.664978265762329, 4919
12.6670401096344, 4918
12.677233934402466, 4917
12.678232431411743, 4916
12.678232431411743, 4915
12.678232431411743, 4914
12.678232431411743, 4913
12.685341119766235, 4912
12.687402963638306, 4911
12.687402963638306, 4910
12.697501182556152, 4909
12.698499917984009, 4908
12.703928232192993, 4907
12.706557273864746, 4906
12.706557273864746, 4905
12.739010095596313, 4904
12.746067523956299, 4903
12.746067523956299, 4902
12.748121500015259, 4901
12.748121500015259, 4900
12.748121500015259, 4899
12.748121500015259, 4898
12.748121500015259, 4897
12.758257150650024, 4896
12.758257150650024, 4895
12.758257150650024, 4894
12.779574871063232, 4893
12.779574871063232, 4892
12.779574871063232, 4891
12.779574871063232, 4890
12.78668475151062, 4889
12.788747310638428, 4888
12.788747310638428, 4887
12.788747310638428, 4886
12.788747310638428, 4885
12.788747310638428, 4884
12.788747310638428, 4883
12.796820640563965, 4882
12.796820640563965, 4881
12.798884868621826, 4880
12.798884868621826, 4879
12.798884868621826, 4878
12.798884868621826, 4877
12.798884868621826, 4876
12.80622124671936, 4875
12.806758642196655, 4874
12.806763172149658, 4873
12.807788848876953, 4872
12.807788848876953, 4871
12.807788848876953, 4870
12.807788848876953, 4869
12.807788848876953, 4868
12.807788848876953, 4867
12.807788848876953, 4866
12.807788848876953, 4865
12.807788848876953, 4864
12.816954612731934, 4863
12.817973613739014, 4862
12.818995714187622, 4861
12.818995714187622, 4860
12.82002305984497, 4859
12.82002305984497, 4858
12.82002305984497, 4857
12.82002305984497, 4856
12.82002305984497, 4855
12.82002305984497, 4854
12.82002305984497, 4853
12.82002305984497, 4852
12.82002305984497, 4851
12.82002305984497, 4850
12.82002305984497, 4849
12.827080011367798, 4848
12.827080011367798, 4847
12.827080011367798, 4846
12.827080011367798, 4845
12.829131364822388, 4844
12.829131364822388, 4843
12.829131364822388, 4842
12.829131364822388, 4841
12.829131364822388, 4840
12.829131364822388, 4839
12.829131364822388, 4838
12.829131364822388, 4837
12.829131364822388, 4836
12.829131364822388, 4835
12.829131364822388, 4834
12.829131364822388, 4833
12.837380409240723, 4832
12.837380409240723, 4831
12.839446783065796, 4830
12.839446783065796, 4829
12.839446783065796, 4828
12.839446783065796, 4827
12.839446783065796, 4826
12.839446783065796, 4825
12.839446783065796, 4824
12.839446783065796, 4823
12.847519636154175, 4822
12.84958553314209, 4821
12.84958553314209, 4820
12.84958553314209, 4819
12.84958553314209, 4818
12.84958553314209, 4817
12.84958553314209, 4816
12.84958553314209, 4815
12.857649564743042, 4814
12.859712839126587, 4813
12.859712839126587, 4812
12.859712839126587, 4811
12.859712839126587, 4810
12.859712839126587, 4809
12.87092113494873, 4808
12.87092113494873, 4807
12.87092113494873, 4806
12.87092113494873, 4805
12.87092113494873, 4804
12.87092113494873, 4803
12.87092113494873, 4802
12.87092113494873, 4801
12.87092113494873, 4800
12.87092113494873, 4799
12.87092113494873, 4798
12.87092113494873, 4797
12.878028869628906, 4796
12.880090236663818, 4795
12.880090236663818, 4794
12.880090236663818, 4793
12.880090236663818, 4792
12.888427734375, 4791
12.888427734375, 4790
12.888427734375, 4789
12.889426231384277, 4788
12.89042329788208, 4787
12.89042329788208, 4786
12.89042329788208, 4785
12.89042329788208, 4784
12.89042329788208, 4783
12.89042329788208, 4782
12.89042329788208, 4781
12.89849066734314, 4780
12.89849066734314, 4779
12.89849066734314, 4778
12.89849066734314, 4777
12.89849066734314, 4776
12.89849066734314, 4775
12.89849066734314, 4774
12.89849066734314, 4773
12.89849066734314, 4772
12.89849066734314, 4771
12.89849066734314, 4770
12.89849066734314, 4769
12.908604383468628, 4768
12.908604383468628, 4767
12.909629821777344, 4766
12.910653114318848, 4765
12.910653114318848, 4764
12.910653114318848, 4763
12.911686420440674, 4762
12.911686420440674, 4761
12.911686420440674, 4760
12.911686420440674, 4759
12.911686420440674, 4758
12.911686420440674, 4757
12.91874361038208, 4756
12.91874361038208, 4755
12.91874361038208, 4754
12.920795679092407, 4753
12.920795679092407, 4752
12.920795679092407, 4751
12.920795679092407, 4750
12.920795679092407, 4749
12.920795679092407, 4748
12.920795679092407, 4747
12.920795679092407, 4746
12.928879022598267, 4745
12.930947065353394, 4744
12.930947065353394, 4743
12.930947065353394, 4742
12.930947065353394, 4741
12.930947065353394, 4740
12.930947065353394, 4739
12.930947065353394, 4738
12.930947065353394, 4737
12.930947065353394, 4736
12.930947065353394, 4735
12.941055536270142, 4734
12.941055536270142, 4733
12.941055536270142, 4732
12.941055536270142, 4731
12.941055536270142, 4730
12.941055536270142, 4729
12.941055536270142, 4728
12.941055536270142, 4727
12.949145555496216, 4726
12.95119857788086, 4725
12.95119857788086, 4724
12.95119857788086, 4723
12.95119857788086, 4722
12.95119857788086, 4721
12.95119857788086, 4720
12.95119857788086, 4719
12.95119857788086, 4718
12.95119857788086, 4717
12.95119857788086, 4716
12.95119857788086, 4715
12.95119857788086, 4714
12.95119857788086, 4713
12.959251403808594, 4712
12.959251403808594, 4711
12.959251403808594, 4710
12.9612557888031, 4709
12.961304664611816, 4708
12.961304664611816, 4707
12.961304664611816, 4706
12.961304664611816, 4705
12.961304664611816, 4704
12.961304664611816, 4703
12.961304664611816, 4702
12.961304664611816, 4701
12.961304664611816, 4700
12.96947431564331, 4699
12.96947431564331, 4698
12.970471143722534, 4697
12.97152304649353, 4696
12.97152304649353, 4695
12.97152304649353, 4694
12.972523212432861, 4693
12.972523212432861, 4692
12.972523212432861, 4691
12.972523212432861, 4690
12.972523212432861, 4689
12.972523212432861, 4688
12.972523212432861, 4687
12.972523212432861, 4686
12.972523212432861, 4685
12.979612112045288, 4684
12.979612112045288, 4683
12.979612112045288, 4682
12.981663942337036, 4681
12.981663942337036, 4680
12.981663942337036, 4679
12.981663942337036, 4678
12.981663942337036, 4677
12.981663942337036, 4676
12.981663942337036, 4675
12.981663942337036, 4674
12.981663942337036, 4673
12.981663942337036, 4672
12.981663942337036, 4671
12.981663942337036, 4670
12.981663942337036, 4669
12.99028754234314, 4668
12.99128532409668, 4667
12.991883277893066, 4666
12.991883277893066, 4665
12.99288034439087, 4664
12.99288034439087, 4663
12.99288034439087, 4662
12.99288034439087, 4661
12.99288034439087, 4660
12.99288034439087, 4659
12.99288034439087, 4658
12.99288034439087, 4657
12.99288034439087, 4656
12.99288034439087, 4655
12.999979496002197, 4654
12.999979496002197, 4653
13.002032279968262, 4652
13.002032279968262, 4651
13.002032279968262, 4650
13.002032279968262, 4649
13.002032279968262, 4648
13.002032279968262, 4647
13.002032279968262, 4646
13.002032279968262, 4645
13.002032279968262, 4644
13.002032279968262, 4643
13.002032279968262, 4642
13.002032279968262, 4641
13.002032279968262, 4640
13.01028847694397, 4639
13.011267900466919, 4638
13.011993646621704, 4637
13.012535572052002, 4636
13.012535572052002, 4635
13.012535572052002, 4634
13.013497114181519, 4633
13.013497114181519, 4632
13.013497114181519, 4631
13.013497114181519, 4630
13.013497114181519, 4629
13.013497114181519, 4628
13.013497114181519, 4627
13.023024082183838, 4626
13.023024082183838, 4625
13.023024082183838, 4624
13.03057599067688, 4623
13.032631874084473, 4622
13.032631874084473, 4621
13.032631874084473, 4620
13.032631874084473, 4619
13.032631874084473, 4618
13.032631874084473, 4617
13.032631874084473, 4616
13.032631874084473, 4615
13.032631874084473, 4614
13.032631874084473, 4613
13.032631874084473, 4612
13.032631874084473, 4611
13.032631874084473, 4610
13.032631874084473, 4609
13.04068374633789, 4608
13.04273533821106, 4607
13.04273533821106, 4606
13.04273533821106, 4605
13.04273533821106, 4604
13.04273533821106, 4603
13.04273533821106, 4602
13.04273533821106, 4601
13.052849531173706, 4600
13.052849531173706, 4599
13.052849531173706, 4598
13.052849531173706, 4597
13.052849531173706, 4596
13.0629563331604, 4595
13.0629563331604, 4594
13.0629563331604, 4593
13.0629563331604, 4592
13.072170972824097, 4591
13.07313847541809, 4590
13.073617219924927, 4589
13.074616432189941, 4588
13.074616432189941, 4587
13.074616432189941, 4586
13.08122181892395, 4585
13.08122181892395, 4584
13.083286762237549, 4583
13.083286762237549, 4582
13.083286762237549, 4581
13.0914785861969, 4580
13.09356427192688, 4579
13.09356427192688, 4578
13.09356427192688, 4577
13.09356427192688, 4576
13.09356427192688, 4575
13.09356427192688, 4574
13.10162878036499, 4573
13.10162878036499, 4572
13.103689670562744, 4571
13.115387678146362, 4570
13.115387678146362, 4569
13.115387678146362, 4568
13.115387678146362, 4567
13.12250542640686, 4566
13.12456727027893, 4565
13.12456727027893, 4564
13.12456727027893, 4563
13.12456727027893, 4562
13.12456727027893, 4561
13.132688999176025, 4560
13.132688999176025, 4559
13.132688999176025, 4558
13.135685443878174, 4557
13.135685443878174, 4556
13.135685443878174, 4555
13.142750978469849, 4554
13.14481234550476, 4553
13.154048204421997, 4552
13.154048204421997, 4551
13.155044794082642, 4550
13.155044794082642, 4549
13.155044794082642, 4548
13.163153648376465, 4547
13.165216207504272, 4546
13.165216207504272, 4545
13.17540955543518, 4544
13.185578107833862, 4543
13.185578107833862, 4542
13.185578107833862, 4541
13.185578107833862, 4540
13.185578107833862, 4539
13.1936514377594, 4538
13.1936514377594, 4537
13.195717334747314, 4536
13.195717334747314, 4535
13.205844163894653, 4534
13.205844163894653, 4533
13.205844163894653, 4532
13.205844163894653, 4531
13.213910341262817, 4530
13.215813398361206, 4529
13.216805934906006, 4528
13.216805934906006, 4527
13.225988149642944, 4526
13.225988149642944, 4525
13.225988149642944, 4524
13.237170457839966, 4523
13.237170457839966, 4522
13.244232654571533, 4521
13.244232654571533, 4520
13.246278047561646, 4519
13.246278047561646, 4518
13.246278047561646, 4517
13.246278047561646, 4516
13.246278047561646, 4515
13.25434136390686, 4514
13.25434136390686, 4513
13.25434136390686, 4512
13.25434136390686, 4511
13.25434136390686, 4510
13.25434136390686, 4509
13.25434136390686, 4508
13.25434136390686, 4507
13.26440715789795, 4506
13.266472339630127, 4505
13.266472339630127, 4504
13.266472339630127, 4503
13.266472339630127, 4502
13.266472339630127, 4501
13.274615287780762, 4500
13.274615287780762, 4499
13.275614261627197, 4498
13.275614261627197, 4497
13.275614261627197, 4496
13.276611328125, 4495
13.277161121368408, 4494
13.277161121368408, 4493
13.277161121368408, 4492
13.277161121368408, 4491
13.284718751907349, 4490
13.286739826202393, 4489
13.286739826202393, 4488
13.286739826202393, 4487
13.286739826202393, 4486
13.286739826202393, 4485
13.286739826202393, 4484
13.294802188873291, 4483
13.296859979629517, 4482
13.296859979629517, 4481
13.296859979629517, 4480
13.296859979629517, 4479
13.296859979629517, 4478
13.296859979629517, 4477
13.296859979629517, 4476
13.296859979629517, 4475
13.296859979629517, 4474
13.296859979629517, 4473
13.296859979629517, 4472
13.296859979629517, 4471
13.304911613464355, 4470
13.304911613464355, 4469
13.306962728500366, 4468
13.306962728500366, 4467
13.306962728500366, 4466
13.306962728500366, 4465
13.306962728500366, 4464
13.306962728500366, 4463
13.306962728500366, 4462
13.306962728500366, 4461
13.306962728500366, 4460
13.306962728500366, 4459
13.315034627914429, 4458
13.315034627914429, 4457
13.317087411880493, 4456
13.317087411880493, 4455
13.317087411880493, 4454
13.317087411880493, 4453
13.317087411880493, 4452
13.317087411880493, 4451
13.317087411880493, 4450
13.317087411880493, 4449
13.317087411880493, 4448
13.317087411880493, 4447
13.317087411880493, 4446
13.317087411880493, 4445
13.317087411880493, 4444
13.325139999389648, 4443
13.325139999389648, 4442
13.325139999389648, 4441
13.325139999389648, 4440
13.327196836471558, 4439
13.327196836471558, 4438
13.327196836471558, 4437
13.327196836471558, 4436
13.327196836471558, 4435
13.327196836471558, 4434
13.335310935974121, 4433
13.335310935974121, 4432
13.335310935974121, 4431
13.336336374282837, 4430
13.337363958358765, 4429
13.337363958358765, 4428
13.337363958358765, 4427
13.338364124298096, 4426
13.338364124298096, 4425
13.338364124298096, 4424
13.338364124298096, 4423
13.338364124298096, 4422
13.338364124298096, 4421
13.338364124298096, 4420
13.338364124298096, 4419
13.338364124298096, 4418
13.338364124298096, 4417
13.338364124298096, 4416
13.338364124298096, 4415
13.345449924468994, 4414
13.345449924468994, 4413
13.345449924468994, 4412
13.345449924468994, 4411
13.345449924468994, 4410
13.345449924468994, 4409
13.345449924468994, 4408
13.345449924468994, 4407
13.345449924468994, 4406
13.345449924468994, 4405
13.345449924468994, 4404
13.345449924468994, 4403
13.345449924468994, 4402
13.345449924468994, 4401
13.345449924468994, 4400
13.345449924468994, 4399
13.345449924468994, 4398
13.35551929473877, 4397
13.35551929473877, 4396
13.3575758934021, 4395
13.3575758934021, 4394
13.3575758934021, 4393
13.3575758934021, 4392
13.3575758934021, 4391
13.3575758934021, 4390
13.365627765655518, 4389
13.367679595947266, 4388
13.367679595947266, 4387
13.367679595947266, 4386
13.367679595947266, 4385
13.367679595947266, 4384
13.367679595947266, 4383
13.367679595947266, 4382
13.367679595947266, 4381
13.367679595947266, 4380
13.367679595947266, 4379
13.37581491470337, 4378
13.376813411712646, 4377
13.377869367599487, 4376
13.378870487213135, 4375
13.378870487213135, 4374
13.378870487213135, 4373
13.378870487213135, 4372
13.385969877243042, 4371
13.385969877243042, 4370
13.385969877243042, 4369
13.385969877243042, 4368
13.388022422790527, 4367
13.388022422790527, 4366
13.388022422790527, 4365
13.388022422790527, 4364
13.388022422790527, 4363
13.388022422790527, 4362
13.388022422790527, 4361
13.388022422790527, 4360
13.388022422790527, 4359
13.388022422790527, 4358
13.388022422790527, 4357
13.388022422790527, 4356
13.388022422790527, 4355
13.398149728775024, 4354
13.398149728775024, 4353
13.398149728775024, 4352
13.398149728775024, 4351
13.398149728775024, 4350
13.398149728775024, 4349
13.398149728775024, 4348
13.398149728775024, 4347
13.398149728775024, 4346
13.398149728775024, 4345
13.398149728775024, 4344
13.40620231628418, 4343
13.40620231628418, 4342
13.40620231628418, 4341
13.40620231628418, 4340
13.408253908157349, 4339
13.408253908157349, 4338
13.408253908157349, 4337
13.408253908157349, 4336
13.408253908157349, 4335
13.408253908157349, 4334
13.408253908157349, 4333
13.408253908157349, 4332
13.408253908157349, 4331
13.408253908157349, 4330
13.408253908157349, 4329
13.408253908157349, 4328
13.408253908157349, 4327
13.408253908157349, 4326
13.416552543640137, 4325
13.41754961013794, 4324
13.41854977607727, 4323
13.41854977607727, 4322
13.419580221176147, 4321
13.419580221176147, 4320
13.419580221176147, 4319
13.419580221176147, 4318
13.419580221176147, 4317
13.419580221176147, 4316
13.419580221176147, 4315
13.419580221176147, 4314
13.419580221176147, 4313
13.419580221176147, 4312
13.419580221176147, 4311
13.419580221176147, 4310
13.426634788513184, 4309
13.426634788513184, 4308
13.426634788513184, 4307
13.426634788513184, 4306
13.426634788513184, 4305
13.426634788513184, 4304
13.426634788513184, 4303
13.426634788513184, 4302
13.426634788513184, 4301
13.426634788513184, 4300
13.426634788513184, 4299
13.426634788513184, 4298
13.426634788513184, 4297
13.426634788513184, 4296
13.426634788513184, 4295
13.426634788513184, 4294
13.426634788513184, 4293
13.426634788513184, 4292
13.436770677566528, 4291
13.436770677566528, 4290
13.437768459320068, 4289
13.438827276229858, 4288
13.438827276229858, 4287
13.439827680587769, 4286
13.439827680587769, 4285
13.439827680587769, 4284
13.439827680587769, 4283
13.439827680587769, 4282
13.439827680587769, 4281
13.439827680587769, 4280
13.439827680587769, 4279
13.439827680587769, 4278
13.439827680587769, 4277
13.446923732757568, 4276
13.446923732757568, 4275
13.446923732757568, 4274
13.448978900909424, 4273
13.448978900909424, 4272
13.448978900909424, 4271
13.448978900909424, 4270
13.448978900909424, 4269
13.448978900909424, 4268
13.448978900909424, 4267
13.448978900909424, 4266
13.458096504211426, 4265
13.460149049758911, 4264
13.460149049758911, 4263
13.460149049758911, 4262
13.46724009513855, 4261
13.469292640686035, 4260
13.469292640686035, 4259
13.469292640686035, 4258
13.469292640686035, 4257
13.479429483413696, 4256
13.479429483413696, 4255
13.479429483413696, 4254
13.479429483413696, 4253
13.487482070922852, 4252
13.4895339012146, 4251
13.4895339012146, 4250
13.4895339012146, 4249
13.49759316444397, 4248
13.499648809432983, 4247
13.499648809432983, 4246
13.499648809432983, 4245
13.507702350616455, 4244
13.509754419326782, 4243
13.509754419326782, 4242
13.509754419326782, 4241
13.51781153678894, 4240
13.519866466522217, 4239
13.523012161254883, 4238
13.524038314819336, 4237
13.528098583221436, 4236
13.528098583221436, 4235
13.528098583221436, 4234
13.528098583221436, 4233
13.528098583221436, 4232
13.540277004241943, 4231
13.540277004241943, 4230
13.540277004241943, 4229
13.550402402877808, 4228
13.550402402877808, 4227
13.558468103408813, 4226
13.560534715652466, 4225
13.560534715652466, 4224
13.560534715652466, 4223
13.570667743682861, 4222
13.570667743682861, 4221
13.578758716583252, 4220
13.580754280090332, 4219
13.580754280090332, 4218
13.580754280090332, 4217
13.590934753417969, 4216
13.590934753417969, 4215
13.59904432296753, 4214
13.60103988647461, 4213
13.602036952972412, 4212
13.602036952972412, 4211
13.602036952972412, 4210
13.60909104347229, 4209
13.60909104347229, 4208
13.60909104347229, 4207
13.60909104347229, 4206
13.621220111846924, 4205
13.621220111846924, 4204
13.626434803009033, 4203
13.626434803009033, 4202
13.629496574401855, 4201
13.629496574401855, 4200
13.629496574401855, 4199
13.629496574401855, 4198
13.640896558761597, 4197
13.642510175704956, 4196
13.642510175704956, 4195
13.642510175704956, 4194
13.649566173553467, 4193
13.649566173553467, 4192
13.671887874603271, 4191
13.671887874603271, 4190
13.671887874603271, 4189
13.692293882369995, 4188
13.710580825805664, 4187
13.710580825805664, 4186
13.710580825805664, 4185
13.733400583267212, 4184
13.753600358963013, 4183
13.76631760597229, 4182
13.76631760597229, 4181
13.76631760597229, 4180
13.807269811630249, 4179
13.807269811630249, 4178
13.90787959098816, 4177
13.90787959098816, 4176
13.97713041305542, 4175
13.98725962638855, 4174
14.02779245376587, 4173
14.02779245376587, 4172
14.030866384506226, 4171
14.060234785079956, 4170
14.091686010360718, 4169
14.119051456451416, 4168
14.119051456451416, 4167
14.152221202850342, 4166
14.224520921707153, 4165
14.262064218521118, 4164
14.29456639289856, 4163
14.34584665298462, 4162
14.355951070785522, 4161
14.379338026046753, 4160
14.386442184448242, 4159
14.467719078063965, 4158
14.480693340301514, 4157
14.568792581558228, 4156
14.57891058921814, 4155
14.581982135772705, 4154
14.611297369003296, 4153
14.611297369003296, 4152
14.622551202774048, 4151
14.629614114761353, 4150
14.629614114761353, 4149
14.692436456680298, 4148
14.79335904121399, 4147
14.803489685058594, 4146
14.803489685058594, 4145
14.813597440719604, 4144
14.82374358177185, 4143
14.82374358177185, 4142
14.831801414489746, 4141
14.844177484512329, 4140
14.844177484512329, 4139
14.863626956939697, 4138
14.863626956939697, 4137
14.864645719528198, 4136
14.872739553451538, 4135
14.884847164154053, 4134
14.925392150878906, 4133
14.925392150878906, 4132
14.95662260055542, 4131
14.986526012420654, 4130
14.986526012420654, 4129
15.00698733329773, 4128
15.038309812545776, 4127
15.038309812545776, 4126
15.085846424102783, 4125
15.098207473754883, 4124
15.108351469039917, 4123
15.14684247970581, 4122
15.14684247970581, 4121
15.177208185195923, 4120
15.178208112716675, 4119
15.199589490890503, 4118
15.227739572525024, 4117
15.227739572525024, 4116
15.238722324371338, 4115
15.264911651611328, 4114
15.367205381393433, 4113
15.383983373641968, 4112
15.399645805358887, 4111
15.41530466079712, 4110
15.41530466079712, 4109
15.453564167022705, 4108
15.453564167022705, 4107
15.453564167022705, 4106
15.470319271087646, 4105
15.470319271087646, 4104
15.48598861694336, 4103
15.518519401550293, 4102
15.518519401550293, 4101
15.573327779769897, 4100
15.573327779769897, 4099
15.573327779769897, 4098
15.621334552764893, 4097
15.621334552764893, 4096
15.621334552764893, 4095
15.621334552764893, 4094
15.621334552764893, 4093
15.72234582901001, 4092
15.72234582901001, 4091
15.72234582901001, 4090
15.772427558898926, 4089
15.803715944290161, 4088
15.819403171539307, 4087
15.819403171539307, 4086
15.820432901382446, 4085
15.851716041564941, 4084
15.928224802017212, 4083
15.983705282211304, 4082
15.983705282211304, 4081
16.003931283950806, 4080
16.003931283950806, 4079
16.003931283950806, 4078
16.003931283950806, 4077
16.003931283950806, 4076
16.023149490356445, 4075
16.024147033691406, 4074
16.032211303710938, 4073
16.054669857025146, 4072
16.0729558467865, 4071
16.095155239105225, 4070
16.095155239105225, 4069
16.153872966766357, 4068
16.153872966766357, 4067
16.15593457221985, 4066
16.15593457221985, 4065
16.15593457221985, 4064
16.176674604415894, 4063
16.187898874282837, 4062
16.187898874282837, 4061
16.197073459625244, 4060
16.20518136024475, 4059
16.24794912338257, 4058
16.24794912338257, 4057
16.286405563354492, 4056
16.316637992858887, 4055
16.316637992858887, 4054
16.379517555236816, 4053
16.398815393447876, 4052
16.407917499542236, 4051
16.438254356384277, 4050
16.460482597351074, 4049
16.460482597351074, 4048
16.498992443084717, 4047
16.52146005630493, 4046
16.52146005630493, 4045
16.5500431060791, 4044
16.5500431060791, 4043
16.552095413208008, 4042
16.562201261520386, 4041
16.580567121505737, 4040
16.580567121505737, 4039
16.580567121505737, 4038
16.612929105758667, 4037
16.612929105758667, 4036
16.623034954071045, 4035
16.663824319839478, 4034
16.682061910629272, 4033
16.682061910629272, 4032
16.713696479797363, 4031
16.713696479797363, 4030
16.73597550392151, 4029
16.743066549301147, 4028
16.763336420059204, 4027
16.798138856887817, 4026
16.798138856887817, 4025
16.82844114303589, 4024
16.87026834487915, 4023
16.877376317977905, 4022
16.879438400268555, 4021
16.899733066558838, 4020
16.909871578216553, 4019
16.909871578216553, 4018
16.909871578216553, 4017
16.99084734916687, 4016
16.99084734916687, 4015
17.020416498184204, 4014
17.020416498184204, 4013
17.021434783935547, 4012
17.041650772094727, 4011
17.049707174301147, 4010
17.051758527755737, 4009
17.051758527755737, 4008
17.06295943260193, 4007
17.06295943260193, 4006
17.072067499160767, 4005
17.08262062072754, 4004
17.111052751541138, 4003
17.131421089172363, 4002
17.184208869934082, 4001
17.184208869934082, 4000
17.2044894695282, 3999
17.2044894695282, 3998
17.245189666748047, 3997
17.26543354988098, 3996
17.26543354988098, 3995
17.273530960083008, 3994
17.275582790374756, 3993
17.275582790374756, 3992
17.275582790374756, 3991
17.29582142829895, 3990
17.334155321121216, 3989
17.365560054779053, 3988
17.41886043548584, 3987
17.41886043548584, 3986
17.41886043548584, 3985
17.446192026138306, 3984
17.4492666721344, 3983
17.456323385238647, 3982
17.456323385238647, 3981
17.456323385238647, 3980
17.468985557556152, 3979
17.508915185928345, 3978
17.549376010894775, 3977
17.549376010894775, 3976
17.55948781967163, 3975
17.55948781967163, 3974
17.570146560668945, 3973
17.58983063697815, 3972
17.58983063697815, 3971
17.58983063697815, 3970
17.597883224487305, 3969
17.597883224487305, 3968
17.690711498260498, 3967
17.690711498260498, 3966
17.710970401763916, 3965
17.77255082130432, 3964
17.77255082130432, 3963
17.78182315826416, 3962
17.821388483047485, 3961
17.822790384292603, 3960
17.82378840446472, 3959
17.92591619491577, 3958
17.96284008026123, 3957
17.97851014137268, 3956
17.99997591972351, 3955
18.07804298400879, 3954
18.080095529556274, 3953
18.09019947052002, 3952
18.09019947052002, 3951
18.09019947052002, 3950
18.10035228729248, 3949
18.120585918426514, 3948
18.120585918426514, 3947
18.148885488510132, 3946
18.15093684196472, 3945
18.15093684196472, 3944
18.161082983016968, 3943
18.161082983016968, 3942
18.161082983016968, 3941
18.171185731887817, 3940
18.171185731887817, 3939
18.191508769989014, 3938
18.21182131767273, 3937
18.21182131767273, 3936
18.23208451271057, 3935
18.23208451271057, 3934
18.262410402297974, 3933
18.262410402297974, 3932
18.292831897735596, 3931
18.292831897735596, 3930
18.302935361862183, 3929
18.382333517074585, 3928
18.392345666885376, 3927
18.471654415130615, 3926
18.472654819488525, 3925
18.50204849243164, 3924
18.50204849243164, 3923
18.522285223007202, 3922
18.522285223007202, 3921
18.541889190673828, 3920
18.541889190673828, 3919
18.61416006088257, 3918
18.61416006088257, 3917
18.61416006088257, 3916
18.693058013916016, 3915
18.756164073944092, 3914
18.756164073944092, 3913
18.756164073944092, 3912
18.857487678527832, 3911
18.86562418937683, 3910
18.868682861328125, 3909
18.877866983413696, 3908
18.887999534606934, 3907
18.887999534606934, 3906
18.89812660217285, 3905
18.89812660217285, 3904
18.92855191230774, 3903
18.92855191230774, 3902
18.936638832092285, 3901
18.949469566345215, 3900
18.989511251449585, 3899
18.99757695198059, 3898
18.999629974365234, 3897
19.010298490524292, 3896
19.010298490524292, 3895
19.02074146270752, 3894
19.028026819229126, 3893
19.039637088775635, 3892
19.039637088775635, 3891
19.13834547996521, 3890
19.13834547996521, 3889
19.193771839141846, 3888
19.210692405700684, 3887
19.314294815063477, 3886
19.314294815063477, 3885
19.31529426574707, 3884
19.3172869682312, 3883
19.33521056175232, 3882
19.338721752166748, 3881
19.410118341445923, 3880
19.410118341445923, 3879
19.410118341445923, 3878
19.455512523651123, 3877
19.455512523651123, 3876
19.455512523651123, 3875
19.472757577896118, 3874
19.488442420959473, 3873
19.488442420959473, 3872
19.488442420959473, 3871
19.488442420959473, 3870
19.504064559936523, 3869
19.56658101081848, 3868
19.588581562042236, 3867
19.71163058280945, 3866
19.74318504333496, 3865
19.75237536430359, 3864
19.802863121032715, 3863
19.81297516822815, 3862
19.8230619430542, 3861
19.8230619430542, 3860
19.83094596862793, 3859
19.90694761276245, 3858
19.90694761276245, 3857
19.945722579956055, 3856
19.957510232925415, 3855
19.99878478050232, 3854
19.99878478050232, 3853
20.016488790512085, 3852
20.01854181289673, 3851
20.038767337799072, 3850
20.038767337799072, 3849
20.038767337799072, 3848
20.04888391494751, 3847
20.060039520263672, 3846
20.069167852401733, 3845
20.069167852401733, 3844
20.12802028656006, 3843
20.130082607269287, 3842
20.160449743270874, 3841
20.209070444107056, 3840
20.209070444107056, 3839
20.222225666046143, 3838
20.27023673057556, 3837
20.27023673057556, 3836
20.299004316329956, 3835
20.314626216888428, 3834
20.330247402191162, 3833
20.33975648880005, 3832
20.35907769203186, 3831
20.365819454193115, 3830
20.375048875808716, 3829
20.375048875808716, 3828
20.3850154876709, 3827
20.40064287185669, 3826
20.40064287185669, 3825
20.40064287185669, 3824
20.417595863342285, 3823
20.417595863342285, 3822
20.417595863342285, 3821
20.417595863342285, 3820
20.4332275390625, 3819
20.43973207473755, 3818
20.43973207473755, 3817
20.43973207473755, 3816
20.457789182662964, 3815
20.457789182662964, 3814
20.473496675491333, 3813
20.473496675491333, 3812
20.474493980407715, 3811
20.474493980407715, 3810
20.474493980407715, 3809
20.502811193466187, 3808
20.520548820495605, 3807
20.520548820495605, 3806
20.520548820495605, 3805
20.540920734405518, 3804
20.540920734405518, 3803
20.540920734405518, 3802
20.556547164916992, 3801
20.556547164916992, 3800
20.59980821609497, 3799
20.64208674430847, 3798
20.653499126434326, 3797
20.653499126434326, 3796
20.653499126434326, 3795
20.662522792816162, 3794
20.662522792816162, 3793
20.693625926971436, 3792
20.702685594558716, 3791
20.74380111694336, 3790
20.75391149520874, 3789
20.760923862457275, 3788
20.77399730682373, 3787
20.77399730682373, 3786
20.81331157684326, 3785
20.82332706451416, 3784
20.82332706451416, 3783
20.843523263931274, 3782
20.843523263931274, 3781
20.843523263931274, 3780
20.843523263931274, 3779
20.843523263931274, 3778
20.843523263931274, 3777
20.886118412017822, 3776
20.92332696914673, 3775
20.935137510299683, 3774
20.953325510025024, 3773
20.992868661880493, 3772
20.992868661880493, 3771
21.109006643295288, 3770
21.109006643295288, 3769
21.120131731033325, 3768
21.230732202529907, 3767
21.230732202529907, 3766
21.304007291793823, 3765
21.304007291793823, 3764
21.30500626564026, 3763
21.331868171691895, 3762
21.331868171691895, 3761
21.342060565948486, 3760
21.352195024490356, 3759
21.3825044631958, 3758
21.39055609703064, 3757
21.422794103622437, 3756
21.43090510368347, 3755
21.443095445632935, 3754
21.454249382019043, 3753
21.454249382019043, 3752
21.454249382019043, 3751
21.49171257019043, 3750
21.635591506958008, 3749
21.729790210723877, 3748
21.729790210723877, 3747
21.729790210723877, 3746
21.75955557823181, 3745
21.77984881401062, 3744
21.789945602416992, 3743
21.789945602416992, 3742
21.800050735473633, 3741
21.800050735473633, 3740
21.800050735473633, 3739
21.840474128723145, 3738
21.848549127578735, 3737
21.85061478614807, 3736
21.89906620979309, 3735
21.89906620979309, 3734
21.89906620979309, 3733
21.91226029396057, 3732
21.92059326171875, 3731
21.92059326171875, 3730
21.962135314941406, 3729
21.9723117351532, 3728
22.043341636657715, 3727
22.081762313842773, 3726
22.08381700515747, 3725
22.08381700515747, 3724
22.10412049293518, 3723
22.10412049293518, 3722
22.135128021240234, 3721
22.135128021240234, 3720
22.135128021240234, 3719
22.144740104675293, 3718
22.144740104675293, 3717
22.234187126159668, 3716
22.254444360733032, 3715
22.254444360733032, 3714
22.27675461769104, 3713
22.28724765777588, 3712
22.28724765777588, 3711
22.28724765777588, 3710
22.28724765777588, 3709
22.317554712295532, 3708
22.317554712295532, 3707
22.32918882369995, 3706
22.34794592857361, 3705
22.389142274856567, 3704
22.39669966697693, 3703
22.39669966697693, 3702
22.39669966697693, 3701
22.406792879104614, 3700
22.408846378326416, 3699
22.41895842552185, 3698
22.41895842552185, 3697
22.42708706855774, 3696
22.457472562789917, 3695
22.457472562789917, 3694
22.479750633239746, 3693
22.479750633239746, 3692
22.479750633239746, 3691
22.520277738571167, 3690
22.520277738571167, 3689
22.520277738571167, 3688
22.520277738571167, 3687
22.528416872024536, 3686
22.579261779785156, 3685
22.621830940246582, 3684
22.660345554351807, 3683
22.673555612564087, 3682
22.680649042129517, 3681
22.680649042129517, 3680
22.692893505096436, 3679
22.692893505096436, 3678
22.73438787460327, 3677
22.73438787460327, 3676
22.73438787460327, 3675
22.73438787460327, 3674
22.73438787460327, 3673
22.772690296173096, 3672
22.773688554763794, 3671
22.775208234786987, 3670
22.794920444488525, 3669
22.794920444488525, 3668
22.813189268112183, 3667
22.8152437210083, 3666
22.8152437210083, 3665
22.8152437210083, 3664
22.825350999832153, 3663
22.84248685836792, 3662
22.84248685836792, 3661
22.85349464416504, 3660
22.93701171875, 3659
22.93701171875, 3658
22.968841075897217, 3657
22.968841075897217, 3656
22.975948095321655, 3655
22.98663306236267, 3654
22.98763108253479, 3653
23.04926061630249, 3652
23.04926061630249, 3651
23.05942702293396, 3650
23.069526195526123, 3649
23.089712381362915, 3648
23.10993480682373, 3647
23.120039701461792, 3646
23.17193627357483, 3645
23.199392795562744, 3644
23.2127628326416, 3643
23.219817399978638, 3642
23.219817399978638, 3641
23.219817399978638, 3640
23.232060194015503, 3639
23.24213218688965, 3638
23.273517608642578, 3637
23.333329916000366, 3636
23.343434810638428, 3635
23.351494073867798, 3634
23.361411809921265, 3633
23.361411809921265, 3632
23.38174557685852, 3631
23.38174557685852, 3630
23.38174557685852, 3629
23.383798360824585, 3628
23.402076244354248, 3627
23.415329217910767, 3626
23.415329217910767, 3625
23.424468517303467, 3624
23.424468517303467, 3623
23.434588193893433, 3622
23.454198598861694, 3621
23.460501194000244, 3620
23.465015411376953, 3619
23.465015411376953, 3618
23.47263479232788, 3617
23.475661277770996, 3616
23.475661277770996, 3615
23.475661277770996, 3614
23.505006074905396, 3613
23.535767793655396, 3612
23.545875310897827, 3611
23.566154718399048, 3610
23.566154718399048, 3609
23.596564054489136, 3608
23.60462737083435, 3607
23.61682963371277, 3606
23.62695622444153, 3605
23.647191286087036, 3604
23.667262077331543, 3603
23.667262077331543, 3602
23.667262077331543, 3601
23.667262077331543, 3600
23.686492443084717, 3599
23.707814931869507, 3598
23.73936939239502, 3597
23.749761819839478, 3596
23.848419189453125, 3595
23.86059808731079, 3594
23.880610942840576, 3593
23.90084171295166, 3592
23.90084171295166, 3591
23.910945892333984, 3590
23.910945892333984, 3589
23.910945892333984, 3588
23.942426443099976, 3587
23.990034103393555, 3586
23.990034103393555, 3585
23.99208688735962, 3584
23.99208688735962, 3583
24.002200841903687, 3582
24.05284357070923, 3581
24.05284357070923, 3580
24.064029216766357, 3579
24.08333134651184, 3578
24.132326126098633, 3577
24.132326126098633, 3576
24.25469183921814, 3575
24.25469183921814, 3574
24.367552757263184, 3573
24.367552757263184, 3572
24.369614124298096, 3571
24.41032910346985, 3570
24.41032910346985, 3569
24.41032910346985, 3568
24.41032910346985, 3567
24.49045753479004, 3566
24.518821716308594, 3565
24.640328407287598, 3564
24.673959493637085, 3563
24.683138370513916, 3562
24.731846570968628, 3561
24.767290592193604, 3560
24.767290592193604, 3559
24.767290592193604, 3558
24.767290592193604, 3557
24.767290592193604, 3556
24.815765619277954, 3555
24.82603359222412, 3554
24.82603359222412, 3553
24.848403692245483, 3552
24.8585422039032, 3551
24.907330989837646, 3550
24.909392833709717, 3549
24.929655075073242, 3548
24.947803497314453, 3547
24.970008373260498, 3546
24.97810959815979, 3545
24.981106758117676, 3544
24.981106758117676, 3543
25.07217288017273, 3542
25.07217288017273, 3541
25.07217288017273, 3540
25.07217288017273, 3539
25.13271403312683, 3538
25.15188765525818, 3537
25.15994429588318, 3536
25.17009997367859, 3535
25.17009997367859, 3534
25.190308094024658, 3533
25.190308094024658, 3532
25.192366123199463, 3531
25.192366123199463, 3530
25.192366123199463, 3529
25.192366123199463, 3528
25.252951622009277, 3527
25.283395528793335, 3526
25.283395528793335, 3525
25.283395528793335, 3524
25.402418851852417, 3523
25.425877571105957, 3522
25.425877571105957, 3521
25.425877571105957, 3520
25.427932262420654, 3519
25.427932262420654, 3518
25.448232889175415, 3517
25.448232889175415, 3516
25.448232889175415, 3515
25.448232889175415, 3514
25.456339836120605, 3513
25.456339836120605, 3512
25.456339836120605, 3511
25.45733666419983, 3510
25.478636741638184, 3509
25.478636741638184, 3508
25.52003788948059, 3507
25.521724700927734, 3506
25.541598558425903, 3505
25.541598558425903, 3504
25.543835401535034, 3503
25.543835401535034, 3502
25.56054949760437, 3501
25.568897247314453, 3500
25.58264994621277, 3499
25.624966382980347, 3498
25.640079736709595, 3497
25.640079736709595, 3496
25.640079736709595, 3495
25.66280460357666, 3494
25.679659366607666, 3493
25.679659366607666, 3492
25.679659366607666, 3491
25.679659366607666, 3490
25.679659366607666, 3489
25.695323705673218, 3488
25.695323705673218, 3487
25.695323705673218, 3486
25.71094536781311, 3485
25.71094536781311, 3484
25.73367691040039, 3483
25.753905534744263, 3482
25.753905534744263, 3481
25.753905534744263, 3480
25.753905534744263, 3479
25.753905534744263, 3478
25.786332607269287, 3477
25.830055713653564, 3476
25.848804473876953, 3475
25.89598822593689, 3474
25.913837671279907, 3473
25.913888454437256, 3472
25.91488766670227, 3471
25.926316499710083, 3470
25.95940899848938, 3469
25.95940899848938, 3468
25.960406064987183, 3467
25.960406064987183, 3466
25.960406064987183, 3465
25.99283266067505, 3464
25.99283266067505, 3463
26.02411127090454, 3462
26.054812908172607, 3461
26.054812908172607, 3460
26.21637797355652, 3459
26.221943855285645, 3458
26.27493190765381, 3457
26.27493190765381, 3456
26.27493190765381, 3455
26.30619168281555, 3454
26.30619168281555, 3453
26.30619168281555, 3452
26.321813821792603, 3451
26.321813821792603, 3450
26.325031995773315, 3449
26.325031995773315, 3448
26.325031995773315, 3447
26.493367910385132, 3446
26.502743244171143, 3445
26.511425971984863, 3444
26.511425971984863, 3443
26.511425971984863, 3442
26.51348090171814, 3441
26.533766269683838, 3440
26.533766269683838, 3439
26.533766269683838, 3438
26.533766269683838, 3437
26.565436840057373, 3436
26.572521209716797, 3435
26.572521209716797, 3434
26.574573755264282, 3433
26.584676504135132, 3432
26.592735528945923, 3431
26.63540530204773, 3430
26.71657681465149, 3429
26.737836360931396, 3428
26.922850608825684, 3427
26.922850608825684, 3426
27.05845069885254, 3425
27.05845069885254, 3424
27.0894136428833, 3423
27.09288239479065, 3422
27.106128692626953, 3421
27.106597423553467, 3420
27.106597423553467, 3419
27.10788083076477, 3418
27.108880281448364, 3417
27.108880281448364, 3416
27.177934408187866, 3415
27.232719659805298, 3414
27.26628828048706, 3413
27.26628828048706, 3412
27.29757308959961, 3411
27.364556550979614, 3410
27.364556550979614, 3409
27.380237579345703, 3408
27.397193431854248, 3407
27.397193431854248, 3406
27.412922143936157, 3405
27.412922143936157, 3404
27.4139187335968, 3403
27.4139187335968, 3402
27.417429447174072, 3401
27.434192895889282, 3400
27.450992584228516, 3399
27.499043226242065, 3398
27.793174028396606, 3397
28.03907322883606, 3396
28.03907322883606, 3395
28.13817524909973, 3394
28.14022707939148, 3393
28.38258409500122, 3392
28.41132402420044, 3391
28.80996322631836, 3390
29.693127632141113, 3389
29.693127632141113, 3388
29.693127632141113, 3387
