7.123873472213745, 5687
7.123873472213745, 5686
7.131121873855591, 5685
7.133115768432617, 5684
7.133115768432617, 5683
7.133115768432617, 5682
7.133115768432617, 5681
7.133115768432617, 5680
7.1381003856658936, 5679
7.1395087242126465, 5678
7.1400227546691895, 5677
7.1410393714904785, 5676
7.142057418823242, 5675
7.1523051261901855, 5674
7.15371036529541, 5673
7.155487298965454, 5672
7.156481027603149, 5671
7.161194086074829, 5670
7.162811517715454, 5669
7.16426420211792, 5668
7.16426420211792, 5667
7.178225517272949, 5666
7.179220676422119, 5665
7.180235147476196, 5664
7.181235313415527, 5663
7.1822357177734375, 5662
7.1822357177734375, 5661
7.1832311153411865, 5660
7.191161394119263, 5659
7.192168235778809, 5658
7.19316554069519, 5657
7.194162845611572, 5656
7.195159912109375, 5655
7.195159912109375, 5654
7.203118562698364, 5653
7.204115390777588, 5652
7.216627359390259, 5651
7.223283767700195, 5650
7.227427244186401, 5649
7.233127593994141, 5648
7.233127593994141, 5647
7.233127593994141, 5646
7.233127593994141, 5645
7.233127593994141, 5644
7.242398738861084, 5643
7.252163887023926, 5642
7.25493311882019, 5641
7.255922794342041, 5640
7.255922794342041, 5639
7.255922794342041, 5638
7.259995698928833, 5637
7.260796546936035, 5636
7.263308048248291, 5635
7.263308048248291, 5634
7.269862174987793, 5633
7.271272420883179, 5632
7.2732672691345215, 5631
7.274264097213745, 5630
7.276433229446411, 5629
7.282272815704346, 5628
7.282272815704346, 5627
7.290877819061279, 5626
7.290877819061279, 5625
7.294893741607666, 5624
7.306945323944092, 5623
7.307979106903076, 5622
7.308976650238037, 5621
7.309991836547852, 5620
7.312351703643799, 5619
7.322607517242432, 5618
7.333549499511719, 5617
7.333549499511719, 5616
7.339097738265991, 5615
7.340094566345215, 5614
7.341092109680176, 5613
7.342091083526611, 5612
7.343092918395996, 5611
7.343092918395996, 5610
7.343092918395996, 5609
7.343092918395996, 5608
7.343092918395996, 5607
7.343092918395996, 5606
7.354872703552246, 5605
7.3558690547943115, 5604
7.366805791854858, 5603
7.366805791854858, 5602
7.366805791854858, 5601
7.369840145111084, 5600
7.371354341506958, 5599
7.37238621711731, 5598
7.373739242553711, 5597
7.374776840209961, 5596
7.375774383544922, 5595
7.3767712116241455, 5594
7.3767712116241455, 5593
7.391017436981201, 5592
7.392019271850586, 5591
7.392019271850586, 5590
7.394562005996704, 5589
7.395562171936035, 5588
7.395562171936035, 5587
7.395562171936035, 5586
7.396557331085205, 5585
7.396557331085205, 5584
7.397554874420166, 5583
7.398550748825073, 5582
7.398550748825073, 5581
7.398550748825073, 5580
7.399776220321655, 5579
7.399776220321655, 5578
7.402009725570679, 5577
7.402009725570679, 5576
7.402009725570679, 5575
7.402009725570679, 5574
7.402009725570679, 5573
7.405816316604614, 5572
7.406976938247681, 5571
7.406976938247681, 5570
7.406976938247681, 5569
7.4147045612335205, 5568
7.4147045612335205, 5567
7.4147045612335205, 5566
7.4147045612335205, 5565
7.4147045612335205, 5564
7.4147045612335205, 5563
7.419961214065552, 5562
7.424710988998413, 5561
7.4257073402404785, 5560
7.429746627807617, 5559
7.430745840072632, 5558
7.430745840072632, 5557
7.430745840072632, 5556
7.431743144989014, 5555
7.431743144989014, 5554
7.431743144989014, 5553
7.432739496231079, 5552
7.432739496231079, 5551
7.451072931289673, 5550
7.455844402313232, 5549
7.456843852996826, 5548
7.456843852996826, 5547
7.459916591644287, 5546
7.4619128704071045, 5545
7.4619128704071045, 5544
7.4619128704071045, 5543
7.4619128704071045, 5542
7.4619128704071045, 5541
7.4619128704071045, 5540
7.4619128704071045, 5539
7.4619128704071045, 5538
7.4619128704071045, 5537
7.4619128704071045, 5536
7.4619128704071045, 5535
7.4619128704071045, 5534
7.469996452331543, 5533
7.469996452331543, 5532
7.476696014404297, 5531
7.47965407371521, 5530
7.47965407371521, 5529
7.480198621749878, 5528
7.480198621749878, 5527
7.480198621749878, 5526
7.522552728652954, 5525
7.522552728652954, 5524
7.54015326499939, 5523
7.54015326499939, 5522
7.590089797973633, 5521
7.590089797973633, 5520
7.591396808624268, 5519
7.602617502212524, 5518
7.602617502212524, 5517
7.602617502212524, 5516
7.604592561721802, 5515
7.605983734130859, 5514
7.6109349727630615, 5513
7.6109349727630615, 5512
7.611933946609497, 5511
7.611933946609497, 5510
7.612929582595825, 5509
7.612929582595825, 5508
7.619826316833496, 5507
7.621697425842285, 5506
7.621697425842285, 5505
7.67813777923584, 5504
7.694556713104248, 5503
7.750032424926758, 5502
7.751048803329468, 5501
7.752079486846924, 5500
7.758034944534302, 5499
7.759032487869263, 5498
7.760375022888184, 5497
7.760375022888184, 5496
7.760375022888184, 5495
7.761373996734619, 5494
7.86112117767334, 5493
7.86112117767334, 5492
7.880906105041504, 5491
7.880906105041504, 5490
7.887117624282837, 5489
7.891958713531494, 5488
7.891958713531494, 5487
7.891958713531494, 5486
7.891958713531494, 5485
7.891958713531494, 5484
7.901442527770996, 5483
7.902440547943115, 5482
7.903436660766602, 5481
7.937910556793213, 5480
7.939046621322632, 5479
7.939046621322632, 5478
7.939931631088257, 5477
7.941087245941162, 5476
7.941087245941162, 5475
7.942084789276123, 5474
7.942084789276123, 5473
7.944135427474976, 5472
7.944135427474976, 5471
7.953280687332153, 5470
7.954610586166382, 5469
7.959824323654175, 5468
7.959824323654175, 5467
7.960822582244873, 5466
7.960822582244873, 5465
7.980870723724365, 5464
7.980870723724365, 5463
7.988145589828491, 5462
8.007232904434204, 5461
8.007232904434204, 5460
8.008394241333008, 5459
8.008394241333008, 5458
8.008394241333008, 5457
8.009425401687622, 5456
8.011104106903076, 5455
8.013132095336914, 5454
8.013132095336914, 5453
8.013132095336914, 5452
8.02291488647461, 5451
8.042955875396729, 5450
8.044061660766602, 5449
8.051246881484985, 5448
8.05224084854126, 5447
8.05224084854126, 5446
8.055864334106445, 5445
8.05686330795288, 5444
8.05686330795288, 5443
8.057859659194946, 5442
8.057859659194946, 5441
8.059911966323853, 5440
8.080106258392334, 5439
8.080106258392334, 5438
8.081406116485596, 5437
8.081406116485596, 5436
8.081406116485596, 5435
8.083401203155518, 5434
8.083401203155518, 5433
8.091173648834229, 5432
8.092170476913452, 5431
8.092170476913452, 5430
8.092170476913452, 5429
8.092170476913452, 5428
8.092170476913452, 5427
8.096287965774536, 5426
8.097318410873413, 5425
8.100943803787231, 5424
8.111953258514404, 5423
8.111953258514404, 5422
8.111953258514404, 5421
8.111953258514404, 5420
8.111953258514404, 5419
8.111953258514404, 5418
8.111953258514404, 5417
8.111953258514404, 5416
8.118350267410278, 5415
8.119353771209717, 5414
8.119353771209717, 5413
8.120824098587036, 5412
8.12391471862793, 5411
8.133626222610474, 5410
8.136319398880005, 5409
8.137351274490356, 5408
8.138315200805664, 5407
8.139313220977783, 5406
8.142183065414429, 5405
8.142183065414429, 5404
8.142183065414429, 5403
8.144262790679932, 5402
8.144262790679932, 5401
8.144262790679932, 5400
8.144262790679932, 5399
8.144262790679932, 5398
8.149903297424316, 5397
8.152169704437256, 5396
8.155898809432983, 5395
8.164085626602173, 5394
8.164373397827148, 5393
8.165371179580688, 5392
8.165371179580688, 5391
8.165371179580688, 5390
8.165371179580688, 5389
8.165371179580688, 5388
8.165371179580688, 5387
8.165371179580688, 5386
8.165371179580688, 5385
8.165371179580688, 5384
8.165371179580688, 5383
8.165371179580688, 5382
8.169984579086304, 5381
8.169984579086304, 5380
8.169984579086304, 5379
8.173349857330322, 5378
8.173349857330322, 5377
8.175991535186768, 5376
8.175991535186768, 5375
8.175991535186768, 5374
8.175991535186768, 5373
8.180052518844604, 5372
8.181885480880737, 5371
8.181885480880737, 5370
8.181885480880737, 5369
8.181885480880737, 5368
8.189098119735718, 5367
8.191429615020752, 5366
8.192427635192871, 5365
8.192427635192871, 5364
8.192427635192871, 5363
8.200025081634521, 5362
8.215442180633545, 5361
8.215442180633545, 5360
8.216439485549927, 5359
8.217436790466309, 5358
8.222392559051514, 5357
8.2313871383667, 5356
8.232415437698364, 5355
8.232415437698364, 5354
8.255316972732544, 5353
8.259942531585693, 5352
8.259942531585693, 5351
8.260941743850708, 5350
8.260941743850708, 5349
8.260941743850708, 5348
8.260941743850708, 5347
8.260941743850708, 5346
8.266018629074097, 5345
8.266018629074097, 5344
8.266018629074097, 5343
8.266018629074097, 5342
8.270098447799683, 5341
8.272981882095337, 5340
8.275973558425903, 5339
8.286363363265991, 5338
8.286363363265991, 5337
8.288805961608887, 5336
8.289804220199585, 5335
8.291008710861206, 5334
8.292006015777588, 5333
8.292006015777588, 5332
8.292006015777588, 5331
8.292006015777588, 5330
8.299739122390747, 5329
8.300735712051392, 5328
8.302096128463745, 5327
8.306441068649292, 5326
8.306441068649292, 5325
8.309996366500854, 5324
8.309996366500854, 5323
8.313247680664062, 5322
8.313247680664062, 5321
8.316506385803223, 5320
8.316506385803223, 5319
8.316506385803223, 5318
8.322626113891602, 5317
8.323647260665894, 5316
8.323647260665894, 5315
8.324644804000854, 5314
8.324644804000854, 5313
8.324644804000854, 5312
8.324644804000854, 5311
8.324644804000854, 5310
8.326631784439087, 5309
8.326631784439087, 5308
8.327629566192627, 5307
8.328625679016113, 5306
8.328625679016113, 5305
8.328625679016113, 5304
8.331619024276733, 5303
8.331619024276733, 5302
8.33261489868164, 5301
8.33261489868164, 5300
8.33261489868164, 5299
8.33261489868164, 5298
8.33261489868164, 5297
8.33261489868164, 5296
8.336425542831421, 5295
8.336425542831421, 5294
8.338973045349121, 5293
8.346689462661743, 5292
8.346689462661743, 5291
8.349721670150757, 5290
8.351169347763062, 5289
8.352165937423706, 5288
8.354655027389526, 5287
8.356441020965576, 5286
8.357428789138794, 5285
8.357428789138794, 5284
8.360108137130737, 5283
8.36121392250061, 5282
8.362210750579834, 5281
8.362770080566406, 5280
8.364065408706665, 5279
8.365062952041626, 5278
8.365619897842407, 5277
8.366618394851685, 5276
8.366618394851685, 5275
8.366618394851685, 5274
8.369691133499146, 5273
8.369973182678223, 5272
8.374818563461304, 5271
8.374818563461304, 5270
8.375816583633423, 5269
8.375816583633423, 5268
8.375816583633423, 5267
8.375816583633423, 5266
8.382758855819702, 5265
8.382758855819702, 5264
8.382758855819702, 5263
8.382758855819702, 5262
8.382758855819702, 5261
8.382758855819702, 5260
8.389018297195435, 5259
8.389808416366577, 5258
8.390791654586792, 5257
8.390791654586792, 5256
8.390791654586792, 5255
8.390791654586792, 5254
8.405773878097534, 5253
8.405773878097534, 5252
8.405773878097534, 5251
8.406665086746216, 5250
8.406665086746216, 5249
8.406665086746216, 5248
8.40769362449646, 5247
8.409936666488647, 5246
8.411155939102173, 5245
8.41230034828186, 5244
8.413743257522583, 5243
8.413743257522583, 5242
8.421632766723633, 5241
8.42266321182251, 5240
8.425180673599243, 5239
8.425180673599243, 5238
8.425180673599243, 5237
8.425180673599243, 5236
8.425180673599243, 5235
8.425180673599243, 5234
8.425180673599243, 5233
8.429737091064453, 5232
8.429737091064453, 5231
8.429737091064453, 5230
8.429737091064453, 5229
8.43104600906372, 5228
8.43208122253418, 5227
8.43208122253418, 5226
8.43208122253418, 5225
8.43208122253418, 5224
8.43208122253418, 5223
8.43208122253418, 5222
8.43208122253418, 5221
8.43208122253418, 5220
8.43208122253418, 5219
8.43208122253418, 5218
8.43208122253418, 5217
8.43208122253418, 5216
8.437649726867676, 5215
8.438647985458374, 5214
8.439679145812988, 5213
8.439679145812988, 5212
8.439679145812988, 5211
8.440672397613525, 5210
8.440672397613525, 5209
8.442416667938232, 5208
8.449030637741089, 5207
8.449030637741089, 5206
8.450485706329346, 5205
8.451484680175781, 5204
8.451484680175781, 5203
8.462256669998169, 5202
8.462256669998169, 5201
8.462256669998169, 5200
8.462256669998169, 5199
8.471989631652832, 5198
8.471989631652832, 5197
8.47324252128601, 5196
8.481145858764648, 5195
8.481145858764648, 5194
8.506459951400757, 5193
8.50745701789856, 5192
8.50745701789856, 5191
8.511838674545288, 5190
8.511838674545288, 5189
8.51283574104309, 5188
8.525127649307251, 5187
8.525127649307251, 5186
8.525127649307251, 5185
8.525127649307251, 5184
8.530187129974365, 5183
8.533230304718018, 5182
8.533230304718018, 5181
8.533230304718018, 5180
8.533230304718018, 5179
8.533230304718018, 5178
8.533230304718018, 5177
8.533230304718018, 5176
8.533230304718018, 5175
8.533230304718018, 5174
8.533230304718018, 5173
8.54253888130188, 5172
8.54253888130188, 5171
8.54253888130188, 5170
8.54253888130188, 5169
8.544099807739258, 5168
8.544099807739258, 5167
8.544099807739258, 5166
8.545096635818481, 5165
8.545096635818481, 5164
8.54563856124878, 5163
8.545948028564453, 5162
8.546946287155151, 5161
8.547980308532715, 5160
8.547980308532715, 5159
8.547980308532715, 5158
8.547980308532715, 5157
8.550033807754517, 5156
8.550033807754517, 5155
8.552958965301514, 5154
8.554393291473389, 5153
8.557616949081421, 5152
8.561470985412598, 5151
8.561470985412598, 5150
8.562679052352905, 5149
8.563676834106445, 5148
8.563676834106445, 5147
8.573841571807861, 5146
8.57994532585144, 5145
8.585260391235352, 5144
8.591674566268921, 5143
8.597797393798828, 5142
8.597797393798828, 5141
8.597797393798828, 5140
8.598795652389526, 5139
8.601938724517822, 5138
8.601938724517822, 5137
8.602933168411255, 5136
8.604193687438965, 5135
8.607669115066528, 5134
8.608668327331543, 5133
8.609715461730957, 5132
8.610713481903076, 5131
8.611202239990234, 5130
8.612200498580933, 5129
8.612200498580933, 5128
8.612200498580933, 5127
8.612200498580933, 5126
8.612200498580933, 5125
8.612200498580933, 5124
8.621874570846558, 5123
8.622873306274414, 5122
8.623331308364868, 5121
8.623331308364868, 5120
8.629857063293457, 5119
8.629857063293457, 5118
8.631362199783325, 5117
8.631362199783325, 5116
8.632359743118286, 5115
8.632359743118286, 5114
8.632359743118286, 5113
8.632359743118286, 5112
8.637625455856323, 5111
8.641052722930908, 5110
8.64205002784729, 5109
8.64205002784729, 5108
8.64362096786499, 5107
8.64362096786499, 5106
8.64362096786499, 5105
8.644619226455688, 5104
8.645305633544922, 5103
8.649880647659302, 5102
8.650877952575684, 5101
8.650877952575684, 5100
8.651874780654907, 5099
8.651874780654907, 5098
8.6547691822052, 5097
8.655755996704102, 5096
8.655755996704102, 5095
8.655755996704102, 5094
8.655755996704102, 5093
8.655755996704102, 5092
8.655755996704102, 5091
8.6648690700531, 5090
8.6648690700531, 5089
8.6648690700531, 5088
8.6648690700531, 5087
8.6648690700531, 5086
8.67117190361023, 5085
8.67318344116211, 5084
8.674195766448975, 5083
8.677187204360962, 5082
8.677187204360962, 5081
8.679778337478638, 5080
8.679778337478638, 5079
8.679778337478638, 5078
8.681232929229736, 5077
8.682262897491455, 5076
8.682262897491455, 5075
8.682262897491455, 5074
8.682262897491455, 5073
8.682262897491455, 5072
8.682262897491455, 5071
8.687824487686157, 5070
8.68983006477356, 5069
8.692061185836792, 5068
8.692061185836792, 5067
8.692888498306274, 5066
8.693917512893677, 5065
8.694703102111816, 5064
8.694703102111816, 5063
8.695732593536377, 5062
8.695732593536377, 5061
8.695732593536377, 5060
8.695732593536377, 5059
8.695732593536377, 5058
8.695732593536377, 5057
8.699804782867432, 5056
8.70104169845581, 5055
8.70104169845581, 5054
8.702073812484741, 5053
8.702073812484741, 5052
8.710963010787964, 5051
8.71196174621582, 5050
8.71498441696167, 5049
8.71498441696167, 5048
8.718632698059082, 5047
8.719674110412598, 5046
8.726010084152222, 5045
8.726010084152222, 5044
8.7280855178833, 5043
8.729115009307861, 5042
8.730113506317139, 5041
8.731909990310669, 5040
8.731909990310669, 5039
8.731909990310669, 5038
8.731909990310669, 5037
8.731909990310669, 5036
8.731909990310669, 5035
8.731909990310669, 5034
8.731909990310669, 5033
8.731909990310669, 5032
8.731909990310669, 5031
8.731909990310669, 5030
8.731909990310669, 5029
8.731909990310669, 5028
8.738475799560547, 5027
8.7432279586792, 5026
8.743287563323975, 5025
8.743287563323975, 5024
8.746341943740845, 5023
8.75200867652893, 5022
8.75200867652893, 5021
8.754913806915283, 5020
8.756171941757202, 5019
8.769946813583374, 5018
8.770772218704224, 5017
8.77195143699646, 5016
8.77195143699646, 5015
8.77195143699646, 5014
8.77294921875, 5013
8.77294921875, 5012
8.773980617523193, 5011
8.773980617523193, 5010
8.778151035308838, 5009
8.779147148132324, 5008
8.78014087677002, 5007
8.78014087677002, 5006
8.780764818191528, 5005
8.781763553619385, 5004
8.781763553619385, 5003
8.781763553619385, 5002
8.781763553619385, 5001
8.792387247085571, 5000
8.792387247085571, 4999
8.792387247085571, 4998
8.792387247085571, 4997
8.792387247085571, 4996
8.792387247085571, 4995
8.792387247085571, 4994
8.801614761352539, 4993
8.803004026412964, 4992
8.803004026412964, 4991
8.806564331054688, 4990
8.807711124420166, 4989
8.808710098266602, 4988
8.808710098266602, 4987
8.810751914978027, 4986
8.811221837997437, 4985
8.813216924667358, 4984
8.824481964111328, 4983
8.824481964111328, 4982
8.824481964111328, 4981
8.824481964111328, 4980
8.832207918167114, 4979
8.832207918167114, 4978
8.832207918167114, 4977
8.832207918167114, 4976
8.832207918167114, 4975
8.837529420852661, 4974
8.83864426612854, 4973
8.838891744613647, 4972
8.839641571044922, 4971
8.840669870376587, 4970
8.84084415435791, 4969
8.841872930526733, 4968
8.842870235443115, 4967
8.842870235443115, 4966
8.842870235443115, 4965
8.842870235443115, 4964
8.845484256744385, 4963
8.845484256744385, 4962
8.846485376358032, 4961
8.846485376358032, 4960
8.847479820251465, 4959
8.847479820251465, 4958
8.848845481872559, 4957
8.848845481872559, 4956
8.849844217300415, 4955
8.850764274597168, 4954
8.850764274597168, 4953
8.855244874954224, 4952
8.856241464614868, 4951
8.85785722732544, 4950
8.85785722732544, 4949
8.85785722732544, 4948
8.859912157058716, 4947
8.859912157058716, 4946
8.859912157058716, 4945
8.860909938812256, 4944
8.860909938812256, 4943
8.860909938812256, 4942
8.860909938812256, 4941
8.860909938812256, 4940
8.860909938812256, 4939
8.874760866165161, 4938
8.875756025314331, 4937
8.875756025314331, 4936
8.879807233810425, 4935
8.88181757926941, 4934
8.882816314697266, 4933
8.883813381195068, 4932
8.884810209274292, 4931
8.886146783828735, 4930
8.88855504989624, 4929
8.891715049743652, 4928
8.891715049743652, 4927
8.891715049743652, 4926
8.900802373886108, 4925
8.901800870895386, 4924
8.905475854873657, 4923
8.905475854873657, 4922
8.906504392623901, 4921
8.906504392623901, 4920
8.90747356414795, 4919
8.910057067871094, 4918
8.911062479019165, 4917
8.911062479019165, 4916
8.911062479019165, 4915
8.911062479019165, 4914
8.912091970443726, 4913
8.912091970443726, 4912
8.912091970443726, 4911
8.912091970443726, 4910
8.912091970443726, 4909
8.912091970443726, 4908
8.912091970443726, 4907
8.912091970443726, 4906
8.912091970443726, 4905
8.912091970443726, 4904
8.92443561553955, 4903
8.932130813598633, 4902
8.933127641677856, 4901
8.933127641677856, 4900
8.933127641677856, 4899
8.937489032745361, 4898
8.937489032745361, 4897
8.938487529754639, 4896
8.938487529754639, 4895
8.941078662872314, 4894
8.941078662872314, 4893
8.941078662872314, 4892
8.941078662872314, 4891
8.941078662872314, 4890
8.941078662872314, 4889
8.945253372192383, 4888
8.94624662399292, 4887
8.951613426208496, 4886
8.952662467956543, 4885
8.95502495765686, 4884
8.95502495765686, 4883
8.957397699356079, 4882
8.965524673461914, 4881
8.965524673461914, 4880
8.966521978378296, 4879
8.966521978378296, 4878
8.967599391937256, 4877
8.967599391937256, 4876
8.967599391937256, 4875
8.969629049301147, 4874
8.970344305038452, 4873
8.993369340896606, 4872
8.993369340896606, 4871
8.993369340896606, 4870
8.993369340896606, 4869
8.993369340896606, 4868
8.993369340896606, 4867
8.993369340896606, 4866
8.993369340896606, 4865
9.000021696090698, 4864
9.000021696090698, 4863
9.000892877578735, 4862
9.007989168167114, 4861
9.007989168167114, 4860
9.007989168167114, 4859
9.009020805358887, 4858
9.009020805358887, 4857
9.009020805358887, 4856
9.012282848358154, 4855
9.021309852600098, 4854
9.022309064865112, 4853
9.022309064865112, 4852
9.023646831512451, 4851
9.02467966079712, 4850
9.02467966079712, 4849
9.02467966079712, 4848
9.02467966079712, 4847
9.02467966079712, 4846
9.02467966079712, 4845
9.02467966079712, 4844
9.02467966079712, 4843
9.02467966079712, 4842
9.02467966079712, 4841
9.02467966079712, 4840
9.02467966079712, 4839
9.02467966079712, 4838
9.02467966079712, 4837
9.029924392700195, 4836
9.031230449676514, 4835
9.031230449676514, 4834
9.032326221466064, 4833
9.032326221466064, 4832
9.032326221466064, 4831
9.032326221466064, 4830
9.033323287963867, 4829
9.033323287963867, 4828
9.033323287963867, 4827
9.03432035446167, 4826
9.03432035446167, 4825
9.03432035446167, 4824
9.03432035446167, 4823
9.03432035446167, 4822
9.03432035446167, 4821
9.03432035446167, 4820
9.03432035446167, 4819
9.037355899810791, 4818
9.038522958755493, 4817
9.039520502090454, 4816
9.039520502090454, 4815
9.039520502090454, 4814
9.040516376495361, 4813
9.040859699249268, 4812
9.04185938835144, 4811
9.04185938835144, 4810
9.04185938835144, 4809
9.04185938835144, 4808
9.04185938835144, 4807
9.04185938835144, 4806
9.04185938835144, 4805
9.04185938835144, 4804
9.04185938835144, 4803
9.04185938835144, 4802
9.04185938835144, 4801
9.04185938835144, 4800
9.045249223709106, 4799
9.046239614486694, 4798
9.046239614486694, 4797
9.046239614486694, 4796
9.046239614486694, 4795
9.046239614486694, 4794
9.046239614486694, 4793
9.046239614486694, 4792
9.046239614486694, 4791
9.046239614486694, 4790
9.046239614486694, 4789
9.046239614486694, 4788
9.049823760986328, 4787
9.049823760986328, 4786
9.049823760986328, 4785
9.049823760986328, 4784
9.051156282424927, 4783
9.051156282424927, 4782
9.051156282424927, 4781
9.055287837982178, 4780
9.056284189224243, 4779
9.056284189224243, 4778
9.05702018737793, 4777
9.05702018737793, 4776
9.05702018737793, 4775
9.058012962341309, 4774
9.059078931808472, 4773
9.060005187988281, 4772
9.06100058555603, 4771
9.06100058555603, 4770
9.062346458435059, 4769
9.063762664794922, 4768
9.063762664794922, 4767
9.064758777618408, 4766
9.064758777618408, 4765
9.064758777618408, 4764
9.06575608253479, 4763
9.06575608253479, 4762
9.06575608253479, 4761
9.06575608253479, 4760
9.06575608253479, 4759
9.06575608253479, 4758
9.06575608253479, 4757
9.06575608253479, 4756
9.06575608253479, 4755
9.069937944412231, 4754
9.070934295654297, 4753
9.072049856185913, 4752
9.072049856185913, 4751
9.073046922683716, 4750
9.073046922683716, 4749
9.074697732925415, 4748
9.074697732925415, 4747
9.075726747512817, 4746
9.075726747512817, 4745
9.075726747512817, 4744
9.075726747512817, 4743
9.075726747512817, 4742
9.075726747512817, 4741
9.075726747512817, 4740
9.075726747512817, 4739
9.075726747512817, 4738
9.075726747512817, 4737
9.075726747512817, 4736
9.075726747512817, 4735
9.075726747512817, 4734
9.075726747512817, 4733
9.079849481582642, 4732
9.081194162368774, 4731
9.082192659378052, 4730
9.088692903518677, 4729
9.088802099227905, 4728
9.089704751968384, 4727
9.090705156326294, 4726
9.091200590133667, 4725
9.092198610305786, 4724
9.092198610305786, 4723
9.094299077987671, 4722
9.094299077987671, 4721
9.095297574996948, 4720
9.095297574996948, 4719
9.095297574996948, 4718
9.096294164657593, 4717
9.096294164657593, 4716
9.096294164657593, 4715
9.096294164657593, 4714
9.097291231155396, 4713
9.097291231155396, 4712
9.097291231155396, 4711
9.097291231155396, 4710
9.097291231155396, 4709
9.097291231155396, 4708
9.099872827529907, 4707
9.099872827529907, 4706
9.099872827529907, 4705
9.101001739501953, 4704
9.101001739501953, 4703
9.101001739501953, 4702
9.102299213409424, 4701
9.102299213409424, 4700
9.103296518325806, 4699
9.104313135147095, 4698
9.105311393737793, 4697
9.105311393737793, 4696
9.105311393737793, 4695
9.105311393737793, 4694
9.10706639289856, 4693
9.10706639289856, 4692
9.108156681060791, 4691
9.10969066619873, 4690
9.110684394836426, 4689
9.110684394836426, 4688
9.110684394836426, 4687
9.111679077148438, 4686
9.111679077148438, 4685
9.11271047592163, 4684
9.11271047592163, 4683
9.11271047592163, 4682
9.113704442977905, 4681
9.113704442977905, 4680
9.113704442977905, 4679
9.113704442977905, 4678
9.113704442977905, 4677
9.113704442977905, 4676
9.113704442977905, 4675
9.113704442977905, 4674
9.113704442977905, 4673
9.113704442977905, 4672
9.113704442977905, 4671
9.113704442977905, 4670
9.113704442977905, 4669
9.113704442977905, 4668
9.113704442977905, 4667
9.113704442977905, 4666
9.118366956710815, 4665
9.1200852394104, 4664
9.121747493743896, 4663
9.121747493743896, 4662
9.12274718284607, 4661
9.123733758926392, 4660
9.123733758926392, 4659
9.123733758926392, 4658
9.123733758926392, 4657
9.124733924865723, 4656
9.124733924865723, 4655
9.124733924865723, 4654
9.124733924865723, 4653
9.124733924865723, 4652
9.124733924865723, 4651
9.124733924865723, 4650
9.124733924865723, 4649
9.124733924865723, 4648
9.124733924865723, 4647
9.124733924865723, 4646
9.124733924865723, 4645
9.124733924865723, 4644
9.124733924865723, 4643
9.124733924865723, 4642
9.124733924865723, 4641
9.124733924865723, 4640
9.129777431488037, 4639
9.12989854812622, 4638
9.130897045135498, 4637
9.131432294845581, 4636
9.131432294845581, 4635
9.1324303150177, 4634
9.1324303150177, 4633
9.1324303150177, 4632
9.1324303150177, 4631
9.1324303150177, 4630
9.1324303150177, 4629
9.1324303150177, 4628
9.1324303150177, 4627
9.137494564056396, 4626
9.138743877410889, 4625
9.138743877410889, 4624
9.139741897583008, 4623
9.139741897583008, 4622
9.141277551651001, 4621
9.142308235168457, 4620
9.142308235168457, 4619
9.142308235168457, 4618
9.142308235168457, 4617
9.142308235168457, 4616
9.142308235168457, 4615
9.142308235168457, 4614
9.142308235168457, 4613
9.142308235168457, 4612
9.142308235168457, 4611
9.145429611206055, 4610
9.14642882347107, 4609
9.14642882347107, 4608
9.147424936294556, 4607
9.148056983947754, 4606
9.148056983947754, 4605
9.149055480957031, 4604
9.149951696395874, 4603
9.149951696395874, 4602
9.15132761001587, 4601
9.153270244598389, 4600
9.155369758605957, 4599
9.15636682510376, 4598
9.15636682510376, 4597
9.15636682510376, 4596
9.15710735321045, 4595
9.158103704452515, 4594
9.158103704452515, 4593
9.158103704452515, 4592
9.158103704452515, 4591
9.158103704452515, 4590
9.158103704452515, 4589
9.162288904190063, 4588
9.162288904190063, 4587
9.162288904190063, 4586
9.162288904190063, 4585
9.169787406921387, 4584
9.170839071273804, 4583
9.17251443862915, 4582
9.173512697219849, 4581
9.173512697219849, 4580
9.17451000213623, 4579
9.175507307052612, 4578
9.175507307052612, 4577
9.175507307052612, 4576
9.176503658294678, 4575
9.177597999572754, 4574
9.178629875183105, 4573
9.178629875183105, 4572
9.178629875183105, 4571
9.180194616317749, 4570
9.180194616317749, 4569
9.180194616317749, 4568
9.180194616317749, 4567
9.18122148513794, 4566
9.181747674942017, 4565
9.181747674942017, 4564
9.18277645111084, 4563
9.188572645187378, 4562
9.189568758010864, 4561
9.189568758010864, 4560
9.191020965576172, 4559
9.19201922416687, 4558
9.19201922416687, 4557
9.19201922416687, 4556
9.19201922416687, 4555
9.19201922416687, 4554
9.197416305541992, 4553
9.198413848876953, 4552
9.201889753341675, 4551
9.201889753341675, 4550
9.204045057296753, 4549
9.20912790298462, 4548
9.20912790298462, 4547
9.209933280944824, 4546
9.209933280944824, 4545
9.21050477027893, 4544
9.213532209396362, 4543
9.213532209396362, 4542
9.213532209396362, 4541
9.213532209396362, 4540
9.213532209396362, 4539
9.213532209396362, 4538
9.213532209396362, 4537
9.213532209396362, 4536
9.213532209396362, 4535
9.213532209396362, 4534
9.220130681991577, 4533
9.222126722335815, 4532
9.22314190864563, 4531
9.225426197052002, 4530
9.225426197052002, 4529
9.225426197052002, 4528
9.225426197052002, 4527
9.225426197052002, 4526
9.239994287490845, 4525
9.240992069244385, 4524
9.240992069244385, 4523
9.245285749435425, 4522
9.245285749435425, 4521
9.245285749435425, 4520
9.245285749435425, 4519
9.245285749435425, 4518
9.245285749435425, 4517
9.255094528198242, 4516
9.255094528198242, 4515
9.258014917373657, 4514
9.258014917373657, 4513
9.258014917373657, 4512
9.260051012039185, 4511
9.261156558990479, 4510
9.261156558990479, 4509
9.262186050415039, 4508
9.262186050415039, 4507
9.262186050415039, 4506
9.262186050415039, 4505
9.262186050415039, 4504
9.262186050415039, 4503
9.262186050415039, 4502
9.262186050415039, 4501
9.262186050415039, 4500
9.262186050415039, 4499
9.262186050415039, 4498
9.262186050415039, 4497
9.262186050415039, 4496
9.262186050415039, 4495
9.262186050415039, 4494
9.262186050415039, 4493
9.262186050415039, 4492
9.262186050415039, 4491
9.270781993865967, 4490
9.271779775619507, 4489
9.272915601730347, 4488
9.275598049163818, 4487
9.275598049163818, 4486
9.281925916671753, 4485
9.284626722335815, 4484
9.284626722335815, 4483
9.287412405014038, 4482
9.289933443069458, 4481
9.289933443069458, 4480
9.290931701660156, 4479
9.291094541549683, 4478
9.291094541549683, 4477
9.291094541549683, 4476
9.292123079299927, 4475
9.292123079299927, 4474
9.292123079299927, 4473
9.292123079299927, 4472
9.292123079299927, 4471
9.292123079299927, 4470
9.292123079299927, 4469
9.292123079299927, 4468
9.292123079299927, 4467
9.292123079299927, 4466
9.292123079299927, 4465
9.292123079299927, 4464
9.292123079299927, 4463
9.292123079299927, 4462
9.292123079299927, 4461
9.292123079299927, 4460
9.292123079299927, 4459
9.300159454345703, 4458
9.302241802215576, 4457
9.302241802215576, 4456
9.303239345550537, 4455
9.303925275802612, 4454
9.303925275802612, 4453
9.305117130279541, 4452
9.305117130279541, 4451
9.306114196777344, 4450
9.30711030960083, 4449
9.30711030960083, 4448
9.307509660720825, 4447
9.307509660720825, 4446
9.307509660720825, 4445
9.308508396148682, 4444
9.309504747390747, 4443
9.309504747390747, 4442
9.309504747390747, 4441
9.310501337051392, 4440
9.310501337051392, 4439
9.31104063987732, 4438
9.31104063987732, 4437
9.312037944793701, 4436
9.312037944793701, 4435
9.312037944793701, 4434
9.312037944793701, 4433
9.313035011291504, 4432
9.313035011291504, 4431
9.313035011291504, 4430
9.313035011291504, 4429
9.313035011291504, 4428
9.313035011291504, 4427
9.313035011291504, 4426
9.313035011291504, 4425
9.313035011291504, 4424
9.313035011291504, 4423
9.313035011291504, 4422
9.313035011291504, 4421
9.313035011291504, 4420
9.313035011291504, 4419
9.313035011291504, 4418
9.321324348449707, 4417
9.321324348449707, 4416
9.322320938110352, 4415
9.322320938110352, 4414
9.322320938110352, 4413
9.322320938110352, 4412
9.322320938110352, 4411
9.323893308639526, 4410
9.323893308639526, 4409
9.324890375137329, 4408
9.324890375137329, 4407
9.324890375137329, 4406
9.324890375137329, 4405
9.324890375137329, 4404
9.324890375137329, 4403
9.324890375137329, 4402
9.324890375137329, 4401
9.324890375137329, 4400
9.324890375137329, 4399
9.324890375137329, 4398
9.324890375137329, 4397
9.324890375137329, 4396
9.324890375137329, 4395
9.324890375137329, 4394
9.324890375137329, 4393
9.324890375137329, 4392
9.324890375137329, 4391
9.32994294166565, 4390
9.330854415893555, 4389
9.330854415893555, 4388
9.331851720809937, 4387
9.331851720809937, 4386
9.331851720809937, 4385
9.331851720809937, 4384
9.331851720809937, 4383
9.331851720809937, 4382
9.331851720809937, 4381
9.331851720809937, 4380
9.331851720809937, 4379
9.331851720809937, 4378
9.331851720809937, 4377
9.331851720809937, 4376
9.331851720809937, 4375
9.331851720809937, 4374
9.331851720809937, 4373
9.331851720809937, 4372
9.331851720809937, 4371
9.331851720809937, 4370
9.331851720809937, 4369
9.331851720809937, 4368
9.337347984313965, 4367
9.337347984313965, 4366
9.338621377944946, 4365
9.339618682861328, 4364
9.340648412704468, 4363
9.340648412704468, 4362
9.341264486312866, 4361
9.341264486312866, 4360
9.341264486312866, 4359
9.341264486312866, 4358
9.342294454574585, 4357
9.342294454574585, 4356
9.342294454574585, 4355
9.342294454574585, 4354
9.342294454574585, 4353
9.342294454574585, 4352
9.342294454574585, 4351
9.342294454574585, 4350
9.34538459777832, 4349
9.346382856369019, 4348
9.346382856369019, 4347
9.347379207611084, 4346
9.347379207611084, 4345
9.347379207611084, 4344
9.347379207611084, 4343
9.349250316619873, 4342
9.349791049957275, 4341
9.349791049957275, 4340
9.349791049957275, 4339
9.349791049957275, 4338
9.35059905052185, 4337
9.35059905052185, 4336
9.35059905052185, 4335
9.351597547531128, 4334
9.352596282958984, 4333
9.352596282958984, 4332
9.353784084320068, 4331
9.354780435562134, 4330
9.355778217315674, 4329
9.355778217315674, 4328
9.355778217315674, 4327
9.357255458831787, 4326
9.357255458831787, 4325
9.357255458831787, 4324
9.35825252532959, 4323
9.35825252532959, 4322
9.35891079902649, 4321
9.359908103942871, 4320
9.360904693603516, 4319
9.36399221420288, 4318
9.36416244506836, 4317
9.365159749984741, 4316
9.366917371749878, 4315
9.366917371749878, 4314
9.367917776107788, 4313
9.368913650512695, 4312
9.369937896728516, 4311
9.369937896728516, 4310
9.371546030044556, 4309
9.373865365982056, 4308
9.373865365982056, 4307
9.373865365982056, 4306
9.37453007698059, 4305
9.375526666641235, 4304
9.375526666641235, 4303
9.375526666641235, 4302
9.375526666641235, 4301
9.375526666641235, 4300
9.375526666641235, 4299
9.375526666641235, 4298
9.375526666641235, 4297
9.375526666641235, 4296
9.375526666641235, 4295
9.375526666641235, 4294
9.375526666641235, 4293
9.375526666641235, 4292
9.375526666641235, 4291
9.375526666641235, 4290
9.375526666641235, 4289
9.381089925765991, 4288
9.382087230682373, 4287
9.382087230682373, 4286
9.383084535598755, 4285
9.383084535598755, 4284
9.38494086265564, 4283
9.38494086265564, 4282
9.385960578918457, 4281
9.387579202651978, 4280
9.38855528831482, 4279
9.38855528831482, 4278
9.390084743499756, 4277
9.391083717346191, 4276
9.391083717346191, 4275
9.391083717346191, 4274
9.39331579208374, 4273
9.394595384597778, 4272
9.395595788955688, 4271
9.396592617034912, 4270
9.397588968276978, 4269
9.397588968276978, 4268
9.398587703704834, 4267
9.398587703704834, 4266
9.400115489959717, 4265
9.400115489959717, 4264
9.400115489959717, 4263
9.400115489959717, 4262
9.401458740234375, 4261
9.401458740234375, 4260
9.401458740234375, 4259
9.402619123458862, 4258
9.402619123458862, 4257
9.40367579460144, 4256
9.404675245285034, 4255
9.405672550201416, 4254
9.406672954559326, 4253
9.406672954559326, 4252
9.40766453742981, 4251
9.40766453742981, 4250
9.408661603927612, 4249
9.412209272384644, 4248
9.413790941238403, 4247
9.414788007736206, 4246
9.414788007736206, 4245
9.414788007736206, 4244
9.421018362045288, 4243
9.4221510887146, 4242
9.424008846282959, 4241
9.425036907196045, 4240
9.425036907196045, 4239
9.425036907196045, 4238
9.425036907196045, 4237
9.425036907196045, 4236
9.43144679069519, 4235
9.432443857192993, 4234
9.433440923690796, 4233
9.433440923690796, 4232
9.433440923690796, 4231
9.437276124954224, 4230
9.439962387084961, 4229
9.440960168838501, 4228
9.441956996917725, 4227
9.445502996444702, 4226
9.445545673370361, 4225
9.445847034454346, 4224
9.445847034454346, 4223
9.445847034454346, 4222
9.446844100952148, 4221
9.447134017944336, 4220
9.448163270950317, 4219
9.448163270950317, 4218
9.449717283248901, 4217
9.449717283248901, 4216
9.451219081878662, 4215
9.45222282409668, 4214
9.453768253326416, 4213
9.455044746398926, 4212
9.456042289733887, 4211
9.456658363342285, 4210
9.456658363342285, 4209
9.457688093185425, 4208
9.457688093185425, 4207
9.458683013916016, 4206
9.458683013916016, 4205
9.458683013916016, 4204
9.458683013916016, 4203
9.459693670272827, 4202
9.459693670272827, 4201
9.459693670272827, 4200
9.460693359375, 4199
9.460693359375, 4198
9.460693359375, 4197
9.462769985198975, 4196
9.462769985198975, 4195
9.463801383972168, 4194
9.463801383972168, 4193
9.464796304702759, 4192
9.464796304702759, 4191
9.464796304702759, 4190
9.465672969818115, 4189
9.465672969818115, 4188
9.466778993606567, 4187
9.466778993606567, 4186
9.467809200286865, 4185
9.467809200286865, 4184
9.467809200286865, 4183
9.469861030578613, 4182
9.469861030578613, 4181
9.47052788734436, 4180
9.47052788734436, 4179
9.4715256690979, 4178
9.472557306289673, 4177
9.472885131835938, 4176
9.472885131835938, 4175
9.472885131835938, 4174
9.47391653060913, 4173
9.47391653060913, 4172
9.47391653060913, 4171
9.47456169128418, 4170
9.47456169128418, 4169
9.47456169128418, 4168
9.47559118270874, 4167
9.47559118270874, 4166
9.47559118270874, 4165
9.47559118270874, 4164
9.47559118270874, 4163
9.47559118270874, 4162
9.47559118270874, 4161
9.47559118270874, 4160
9.47559118270874, 4159
9.482696294784546, 4158
9.501004934310913, 4157
9.501004934310913, 4156
9.525726079940796, 4155
9.56619930267334, 4154
9.56619930267334, 4153
9.574659824371338, 4152
9.574659824371338, 4151
9.588277578353882, 4150
9.645373821258545, 4149
9.645373821258545, 4148
9.646371364593506, 4147
9.70484972000122, 4146
9.707468271255493, 4145
9.746626615524292, 4144
9.7727952003479, 4143
9.791948080062866, 4142
9.791948080062866, 4141
9.80974555015564, 4140
9.810745239257812, 4139
9.810953617095947, 4138
9.810953617095947, 4137
9.811983346939087, 4136
9.811983346939087, 4135
9.818059206008911, 4134
9.819058179855347, 4133
9.82223105430603, 4132
9.82223105430603, 4131
9.845321416854858, 4130
9.858690738677979, 4129
9.862054586410522, 4128
9.87461233139038, 4127
9.87461233139038, 4126
9.902194023132324, 4125
9.902194023132324, 4124
9.91410756111145, 4123
9.93167233467102, 4122
9.963798999786377, 4121
9.980594158172607, 4120
9.985564708709717, 4119
9.985564708709717, 4118
10.036359071731567, 4117
10.03694486618042, 4116
10.040888786315918, 4115
10.060888528823853, 4114
10.060888528823853, 4113
10.078188419342041, 4112
10.080773115158081, 4111
10.093583345413208, 4110
10.10015320777893, 4109
10.105674982070923, 4108
10.105674982070923, 4107
10.19206714630127, 4106
10.19206714630127, 4105
10.203541278839111, 4104
10.209638357162476, 4103
10.214422464370728, 4102
10.214422464370728, 4101
10.233129024505615, 4100
10.245891332626343, 4099
10.25830888748169, 4098
10.25830888748169, 4097
10.2805016040802, 4096
10.291941404342651, 4095
10.305951118469238, 4094
10.341930150985718, 4093
10.391289710998535, 4092
10.391289710998535, 4091
10.40463662147522, 4090
10.40463662147522, 4089
10.424164295196533, 4088
10.424164295196533, 4087
10.42973518371582, 4086
10.429879426956177, 4085
10.443013429641724, 4084
10.466164588928223, 4083
10.505582332611084, 4082
10.505582332611084, 4081
10.505582332611084, 4080
10.522144079208374, 4079
10.531043767929077, 4078
10.531043767929077, 4077
10.55343246459961, 4076
10.554481983184814, 4075
10.554481983184814, 4074
10.555679082870483, 4073
10.563366889953613, 4072
10.575783491134644, 4071
10.575783491134644, 4070
10.576777458190918, 4069
10.576777458190918, 4068
10.588064432144165, 4067
10.588064432144165, 4066
10.58906102180481, 4065
10.60355257987976, 4064
10.612431287765503, 4063
10.63959264755249, 4062
10.641930341720581, 4061
10.641930341720581, 4060
10.671195983886719, 4059
10.676443099975586, 4058
10.676443099975586, 4057
10.682105779647827, 4056
10.682105779647827, 4055
10.713062286376953, 4054
10.713062286376953, 4053
10.713062286376953, 4052
10.742997646331787, 4051
10.747937679290771, 4050
10.755354404449463, 4049
10.789677858352661, 4048
10.809691190719604, 4047
10.810689926147461, 4046
10.812467575073242, 4045
10.812467575073242, 4044
10.812467575073242, 4043
10.82405710220337, 4042
10.82405710220337, 4041
10.825140714645386, 4040
10.82616925239563, 4039
10.866727113723755, 4038
10.866727113723755, 4037
10.866727113723755, 4036
10.883068323135376, 4035
10.890167713165283, 4034
10.892732620239258, 4033
10.893729448318481, 4032
10.893729448318481, 4031
10.902376890182495, 4030
10.904165029525757, 4029
10.925270080566406, 4028
10.93760061264038, 4027
10.942679405212402, 4026
10.942679405212402, 4025
10.959959030151367, 4024
10.959959030151367, 4023
10.963584184646606, 4022
10.981369256973267, 4021
10.982367277145386, 4020
10.982367277145386, 4019
10.991438388824463, 4018
11.010773181915283, 4017
11.025553703308105, 4016
11.027693510055542, 4015
11.031404495239258, 4014
11.060929298400879, 4013
11.061958312988281, 4012
11.061958312988281, 4011
11.158873081207275, 4010
11.165093660354614, 4009
11.194278001785278, 4008
11.212714910507202, 4007
11.212714910507202, 4006
11.22492241859436, 4005
11.23045825958252, 4004
11.235281705856323, 4003
11.240144491195679, 4002
11.24251127243042, 4001
11.262184858322144, 4000
11.26317834854126, 3999
11.26317834854126, 3998
11.270970821380615, 3997
11.29772663116455, 3996
11.299769878387451, 3995
11.33404016494751, 3994
11.342215061187744, 3993
11.342215061187744, 3992
11.372102975845337, 3991
11.404680252075195, 3990
11.434398174285889, 3989
11.44562029838562, 3988
11.453063488006592, 3987
11.462805271148682, 3986
11.463837385177612, 3985
11.477439165115356, 3984
11.481220006942749, 3983
11.482216835021973, 3982
11.489749431610107, 3981
11.511826038360596, 3980
11.531224727630615, 3979
11.545308351516724, 3978
11.552497625350952, 3977
11.556775093078613, 3976
11.559821367263794, 3975
11.559821367263794, 3974
11.56381106376648, 3973
11.58251953125, 3972
11.586399555206299, 3971
11.587664127349854, 3970
11.591049671173096, 3969
11.592078924179077, 3968
11.592078924179077, 3967
11.592078924179077, 3966
11.6050705909729, 3965
11.611791849136353, 3964
11.613266468048096, 3963
11.632955551147461, 3962
11.637442588806152, 3961
11.64970088005066, 3960
11.64970088005066, 3959
11.67275357246399, 3958
11.687365531921387, 3957
11.688393592834473, 3956
11.731541872024536, 3955
11.732540130615234, 3954
11.73992657661438, 3953
11.73992657661438, 3952
11.747618436813354, 3951
11.759782075881958, 3950
11.760780334472656, 3949
11.776960134506226, 3948
11.796015501022339, 3947
11.806940078735352, 3946
11.808021783828735, 3945
11.808021783828735, 3944
11.814127206802368, 3943
11.817120790481567, 3942
11.843634366989136, 3941
11.860080242156982, 3940
11.860080242156982, 3939
11.860080242156982, 3938
11.885020732879639, 3937
11.906217336654663, 3936
11.906217336654663, 3935
11.91574501991272, 3934
11.921120166778564, 3933
11.951295137405396, 3932
11.97385048866272, 3931
11.97385048866272, 3930
12.009458303451538, 3929
12.011988162994385, 3928
12.027757167816162, 3927
12.040412664413452, 3926
12.040872812271118, 3925
12.058709621429443, 3924
12.058709621429443, 3923
12.072279930114746, 3922
12.073276042938232, 3921
12.074272871017456, 3920
12.121868133544922, 3919
12.142468452453613, 3918
12.159637212753296, 3917
12.159637212753296, 3916
12.17451524734497, 3915
12.175544261932373, 3914
12.175544261932373, 3913
12.180921792984009, 3912
12.180921792984009, 3911
12.182791948318481, 3910
12.242990255355835, 3909
12.247565746307373, 3908
12.250109434127808, 3907
12.278203964233398, 3906
12.298488855361938, 3905
12.312457799911499, 3904
12.312457799911499, 3903
12.326809883117676, 3902
12.326809883117676, 3901
12.326809883117676, 3900
12.346786737442017, 3899
12.347787141799927, 3898
12.379732131958008, 3897
12.426759481430054, 3896
12.472089052200317, 3895
12.480088472366333, 3894
12.48103928565979, 3893
12.48203730583191, 3892
12.48203730583191, 3891
12.490712881088257, 3890
12.491357803344727, 3889
12.491357803344727, 3888
12.527536153793335, 3887
12.527536153793335, 3886
12.538561582565308, 3885
12.549100875854492, 3884
12.564332723617554, 3883
12.572229623794556, 3882
12.598780870437622, 3881
12.598780870437622, 3880
12.59982442855835, 3879
12.610411167144775, 3878
12.657837867736816, 3877
12.658867597579956, 3876
12.70501160621643, 3875
12.710078001022339, 3874
12.744379043579102, 3873
12.76103162765503, 3872
12.76103162765503, 3871
12.77778172492981, 3870
12.782218933105469, 3869
12.789820194244385, 3868
12.79543924331665, 3867
12.81197452545166, 3866
12.812975406646729, 3865
12.81898546218872, 3864
12.820002794265747, 3863
12.824175357818604, 3862
12.824175357818604, 3861
12.842171430587769, 3860
12.842171430587769, 3859
12.842171430587769, 3858
12.851011276245117, 3857
12.851011276245117, 3856
12.862436294555664, 3855
12.862436294555664, 3854
12.862436294555664, 3853
12.883939504623413, 3852
12.883939504623413, 3851
12.884937524795532, 3850
12.89708423614502, 3849
12.924458265304565, 3848
12.924458265304565, 3847
12.937353134155273, 3846
12.96184253692627, 3845
12.992384433746338, 3844
12.992384433746338, 3843
13.005833387374878, 3842
13.005833387374878, 3841
13.012465715408325, 3840
13.060977220535278, 3839
13.061970472335815, 3838
13.097797870635986, 3837
13.097797870635986, 3836
13.115420818328857, 3835
13.123507261276245, 3834
13.141879081726074, 3833
13.141879081726074, 3832
13.147606372833252, 3831
13.165778875350952, 3830
13.19281530380249, 3829
13.19281530380249, 3828
13.22510838508606, 3827
13.24483847618103, 3826
13.24483847618103, 3825
13.254664182662964, 3824
13.254664182662964, 3823
13.273218154907227, 3822
13.274216413497925, 3821
13.28098726272583, 3820
13.282410144805908, 3819
13.292075395584106, 3818
13.292075395584106, 3817
13.312602281570435, 3816
13.321017980575562, 3815
13.356180667877197, 3814
13.38440465927124, 3813
13.426058769226074, 3812
13.427056074142456, 3811
13.427056074142456, 3810
13.445221185684204, 3809
13.445221185684204, 3808
13.464653968811035, 3807
13.492080926895142, 3806
13.492080926895142, 3805
13.514508962631226, 3804
13.515506505966187, 3803
13.521509885787964, 3802
13.525572776794434, 3801
13.537241458892822, 3800
13.5382399559021, 3799
13.543978452682495, 3798
13.549017906188965, 3797
13.564841985702515, 3796
13.572060108184814, 3795
13.573153495788574, 3794
13.593392133712769, 3793
13.621304273605347, 3792
13.622300863265991, 3791
13.622735977172852, 3790
13.649882793426514, 3789
13.672016143798828, 3788
13.68890643119812, 3787
13.691170454025269, 3786
13.691170454025269, 3785
13.721996307373047, 3784
13.721996307373047, 3783
13.73824405670166, 3782
13.745318412780762, 3781
13.751127004623413, 3780
13.758641958236694, 3779
13.762079000473022, 3778
13.771770000457764, 3777
13.791094541549683, 3776
13.791094541549683, 3775
13.804917812347412, 3774
13.809135913848877, 3773
13.812131881713867, 3772
13.826143741607666, 3771
13.846360206604004, 3770
13.877665281295776, 3769
13.889713764190674, 3768
13.91390323638916, 3767
13.91390323638916, 3766
13.94239330291748, 3765
13.973882913589478, 3764
13.981136560440063, 3763
14.010992050170898, 3762
14.010992050170898, 3761
14.011989831924438, 3760
14.023773431777954, 3759
14.055999755859375, 3758
14.063791513442993, 3757
14.154861688613892, 3756
14.15735936164856, 3755
14.162098407745361, 3754
14.171547412872314, 3753
14.173575162887573, 3752
14.22538161277771, 3751
14.22538161277771, 3750
14.22538161277771, 3749
14.22538161277771, 3748
14.229413270950317, 3747
14.256863594055176, 3746
14.281035423278809, 3745
14.281035423278809, 3744
14.286392211914062, 3743
14.287389516830444, 3742
14.306483745574951, 3741
14.373903751373291, 3740
14.4496169090271, 3739
14.472629308700562, 3738
14.472629308700562, 3737
14.481743097305298, 3736
14.492238521575928, 3735
14.507425546646118, 3734
14.52558946609497, 3733
14.52558946609497, 3732
14.541902780532837, 3731
14.541902780532837, 3730
14.567774534225464, 3729
14.592132329940796, 3728
14.592132329940796, 3727
14.592132329940796, 3726
14.592132329940796, 3725
14.604192733764648, 3724
14.604192733764648, 3723
14.612361192703247, 3722
14.616796970367432, 3721
14.642189264297485, 3720
14.642189264297485, 3719
14.65977144241333, 3718
14.65977144241333, 3717
14.66185474395752, 3716
14.66982650756836, 3715
14.67089581489563, 3714
14.678322315216064, 3713
14.68285584449768, 3712
14.68285584449768, 3711
14.68911099433899, 3710
14.773380279541016, 3709
14.773380279541016, 3708
14.773380279541016, 3707
14.787360191345215, 3706
14.812501192092896, 3705
14.812501192092896, 3704
14.81958794593811, 3703
14.82399582862854, 3702
14.836200714111328, 3701
14.93006181716919, 3700
14.931064128875732, 3699
14.931064128875732, 3698
14.942104578018188, 3697
14.942104578018188, 3696
14.953121423721313, 3695
14.953121423721313, 3694
14.965940237045288, 3693
14.965940237045288, 3692
14.98192548751831, 3691
14.984967470169067, 3690
14.986035823822021, 3689
14.9924476146698, 3688
15.003455638885498, 3687
15.015827417373657, 3686
15.047317743301392, 3685
15.047317743301392, 3684
15.049870014190674, 3683
15.054927349090576, 3682
15.056518793106079, 3681
15.056518793106079, 3680
15.063047647476196, 3679
15.06404423713684, 3678
15.079821825027466, 3677
15.106268882751465, 3676
15.11827278137207, 3675
15.122262477874756, 3674
15.122262477874756, 3673
15.122262477874756, 3672
15.122262477874756, 3671
15.122262477874756, 3670
15.197717428207397, 3669
15.198714017868042, 3668
15.20112681388855, 3667
15.204131126403809, 3666
15.204131126403809, 3665
15.204131126403809, 3664
15.211215019226074, 3663
15.274627447128296, 3662
15.282450199127197, 3661
15.282450199127197, 3660
15.291728973388672, 3659
15.336997270584106, 3658
15.35280466079712, 3657
15.354792833328247, 3656
15.362523078918457, 3655
15.364539861679077, 3654
15.372238397598267, 3653
15.380867958068848, 3652
15.381236553192139, 3651
15.385813474655151, 3650
15.403537273406982, 3649
15.406720161437988, 3648
15.408714056015015, 3647
15.425953388214111, 3646
15.425953388214111, 3645
15.44000506401062, 3644
15.455332517623901, 3643
15.456360578536987, 3642
15.47565507888794, 3641
15.486809253692627, 3640
15.486809253692627, 3639
15.491094589233398, 3638
15.492123365402222, 3637
15.492123365402222, 3636
15.508167743682861, 3635
15.54971194267273, 3634
15.54971194267273, 3633
15.571220397949219, 3632
15.57224988937378, 3631
15.57224988937378, 3630
15.57224988937378, 3629
15.57224988937378, 3628
15.57224988937378, 3627
15.581293106079102, 3626
15.581293106079102, 3625
15.581293106079102, 3624
15.581293106079102, 3623
15.631487846374512, 3622
15.642091989517212, 3621
15.642091989517212, 3620
15.668171882629395, 3619
15.669170141220093, 3618
15.669763803482056, 3617
15.680730104446411, 3616
15.688135147094727, 3615
15.693349361419678, 3614
15.713539600372314, 3613
15.713539600372314, 3612
15.713539600372314, 3611
15.719888687133789, 3610
15.719888687133789, 3609
15.770625352859497, 3608
15.772407531738281, 3607
15.772407531738281, 3606
15.772407531738281, 3605
15.772407531738281, 3604
15.788904666900635, 3603
15.822857856750488, 3602
15.822857856750488, 3601
15.842191219329834, 3600
15.842191219329834, 3599
15.842191219329834, 3598
15.842191219329834, 3597
15.842191219329834, 3596
15.852735757827759, 3595
15.869843006134033, 3594
15.870846509933472, 3593
15.892457723617554, 3592
15.915321350097656, 3591
15.915321350097656, 3590
15.915321350097656, 3589
15.915321350097656, 3588
15.92092227935791, 3587
15.953709125518799, 3586
15.954709529876709, 3585
15.954709529876709, 3584
15.970868349075317, 3583
15.973232507705688, 3582
15.998156070709229, 3581
16.006520986557007, 3580
16.021923065185547, 3579
16.021923065185547, 3578
16.021923065185547, 3577
16.03196883201599, 3576
16.052459478378296, 3575
16.053460121154785, 3574
16.056121587753296, 3573
16.056121587753296, 3572
16.06222701072693, 3571
16.06222701072693, 3570
16.06222701072693, 3569
16.072491884231567, 3568
16.076359272003174, 3567
16.089385747909546, 3566
16.09110379219055, 3565
16.094127416610718, 3564
16.10466957092285, 3563
16.111194610595703, 3562
16.126303911209106, 3561
16.134302616119385, 3560
16.134302616119385, 3559
16.134302616119385, 3558
16.180295705795288, 3557
16.180295705795288, 3556
16.18129849433899, 3555
16.185920238494873, 3554
16.192614793777466, 3553
16.203253746032715, 3552
16.207875967025757, 3551
16.211952686309814, 3550
16.21783757209778, 3549
16.21783757209778, 3548
16.218835830688477, 3547
16.221383333206177, 3546
16.228402376174927, 3545
16.229092597961426, 3544
16.253125429153442, 3543
16.280174016952515, 3542
16.280174016952515, 3541
16.304443359375, 3540
16.304443359375, 3539
16.31001853942871, 3538
16.314011573791504, 3537
16.314011573791504, 3536
16.335691928863525, 3535
16.33668804168701, 3534
16.33668804168701, 3533
16.341862201690674, 3532
16.37405037879944, 3531
16.37405037879944, 3530
16.37405037879944, 3529
16.38276171684265, 3528
16.38276171684265, 3527
16.442230939865112, 3526
16.442230939865112, 3525
16.442230939865112, 3524
16.572210788726807, 3523
16.572210788726807, 3522
16.572210788726807, 3521
16.6147940158844, 3520
16.63180184364319, 3519
16.63280177116394, 3518
16.6337993144989, 3517
16.686779260635376, 3516
16.713043212890625, 3515
16.714040756225586, 3514
16.723406553268433, 3513
16.723406553268433, 3512
16.727312088012695, 3511
16.727312088012695, 3510
16.72830843925476, 3509
16.72830843925476, 3508
16.772938013076782, 3507
16.773935556411743, 3506
16.828005075454712, 3505
16.87229061126709, 3504
16.87229061126709, 3503
16.89312505722046, 3502
16.95977807044983, 3501
16.964547395706177, 3500
16.993242740631104, 3499
17.03986167907715, 3498
17.040860414505005, 3497
17.05592632293701, 3496
17.096900939941406, 3495
17.105571269989014, 3494
17.119532108306885, 3493
17.122204065322876, 3492
17.135260105133057, 3491
17.152124404907227, 3490
17.159032344818115, 3489
17.181756496429443, 3488
17.191437482833862, 3487
17.201683044433594, 3486
17.206772327423096, 3485
17.206772327423096, 3484
17.207770347595215, 3483
17.214745044708252, 3482
17.214745044708252, 3481
17.214745044708252, 3480
17.22100281715393, 3479
17.224190950393677, 3478
17.224190950393677, 3477
17.224190950393677, 3476
17.224190950393677, 3475
17.24710249900818, 3474
17.248100757598877, 3473
17.24972176551819, 3472
17.262120723724365, 3471
17.262120723724365, 3470
17.262120723724365, 3469
17.293168306350708, 3468
17.293168306350708, 3467
17.322559356689453, 3466
17.322559356689453, 3465
17.322559356689453, 3464
17.341871976852417, 3463
17.341871976852417, 3462
17.359376668930054, 3461
17.37243127822876, 3460
17.37243127822876, 3459
17.40021800994873, 3458
17.402369260787964, 3457
17.423004388809204, 3456
17.469322443008423, 3455
17.48003911972046, 3454
17.48003911972046, 3453
17.48003911972046, 3452
17.520472764968872, 3451
17.53481435775757, 3450
17.53481435775757, 3449
17.540035247802734, 3448
17.5723717212677, 3447
17.66973900794983, 3446
17.671093940734863, 3445
17.671093940734863, 3444
17.672091245651245, 3443
17.80116844177246, 3442
17.802165746688843, 3441
17.832006216049194, 3440
17.84222412109375, 3439
17.843221426010132, 3438
17.871357440948486, 3437
18.07237958908081, 3436
18.07237958908081, 3435
18.07237958908081, 3434
18.121859788894653, 3433
18.121859788894653, 3432
18.121859788894653, 3431
18.142407417297363, 3430
18.142407417297363, 3429
18.142407417297363, 3428
18.142407417297363, 3427
18.142407417297363, 3426
18.16093111038208, 3425
18.16093111038208, 3424
18.261216640472412, 3423
18.292625427246094, 3422
18.342402458190918, 3421
18.342402458190918, 3420
18.342402458190918, 3419
18.349978923797607, 3418
18.360867738723755, 3417
18.385284900665283, 3416
18.391526460647583, 3415
18.391526460647583, 3414
18.42452573776245, 3413
18.42452573776245, 3412
18.442822456359863, 3411
18.44792079925537, 3410
18.466965913772583, 3409
18.473971366882324, 3408
18.47497010231018, 3407
18.500957489013672, 3406
18.522784948349, 3405
18.531246662139893, 3404
18.56975030899048, 3403
18.58827018737793, 3402
18.592525959014893, 3401
18.600208282470703, 3400
18.606756925582886, 3399
18.611040830612183, 3398
18.618942737579346, 3397
18.642082452774048, 3396
18.642082452774048, 3395
18.655350923538208, 3394
18.655350923538208, 3393
18.6681067943573, 3392
18.671212434768677, 3391
18.700007915496826, 3390
18.702289819717407, 3389
18.732276916503906, 3388
18.740246295928955, 3387
18.75510811805725, 3386
18.763903617858887, 3385
18.764902353286743, 3384
18.77392554283142, 3383
18.80121922492981, 3382
18.802215814590454, 3381
18.862347841262817, 3380
18.874090433120728, 3379
19.06090807914734, 3378
19.32018780708313, 3377
19.321186065673828, 3376
19.321467399597168, 3375
19.323364734649658, 3374
19.328485012054443, 3373
19.400113582611084, 3372
19.401307106018066, 3371
19.43471884727478, 3370
19.442358255386353, 3369
19.467604160308838, 3368
19.51340103149414, 3367
19.52248215675354, 3366
19.672338247299194, 3365
19.672338247299194, 3364
19.719952821731567, 3363
19.719952821731567, 3362
19.761873722076416, 3361
19.811089277267456, 3360
19.81311821937561, 3359
19.93178153038025, 3358
31.08332371711731, 3357
31.332706451416016, 3356
31.348623514175415, 3355
31.390045404434204, 3354
32.312525510787964, 3353
33.00659370422363, 3352
35.124826431274414, 3351
35.37224078178406, 3350
35.47877836227417, 3349
35.91529846191406, 3348
36.019930362701416, 3347
37.103206157684326, 3346
37.85996890068054, 3345
39.752283811569214, 3344
39.91109752655029, 3343
40.4267475605011, 3342
41.900750160217285, 3341
42.70280647277832, 3340
44.61277389526367, 3339
44.84548902511597, 3338
46.66195011138916, 3337
47.28186655044556, 3336
47.464945793151855, 3335
49.424606800079346, 3334
50.18399119377136, 3333
50.29130816459656, 3332
50.482115745544434, 3331
50.99611186981201, 3330
56.734997510910034, 3329
59.125783920288086, 3328
