6.440999746322632, 5687
6.440999746322632, 5686
6.440999746322632, 5685
6.440999746322632, 5684
6.456620931625366, 5683
6.46315860748291, 5682
6.46315860748291, 5681
6.46315860748291, 5680
6.46315860748291, 5679
6.46315860748291, 5678
6.46315860748291, 5677
6.46315860748291, 5676
6.46315860748291, 5675
6.46315860748291, 5674
6.46315860748291, 5673
6.46315860748291, 5672
6.46315860748291, 5671
6.46315860748291, 5670
6.46315860748291, 5669
6.46315860748291, 5668
6.46315860748291, 5667
6.46315860748291, 5666
6.46315860748291, 5665
6.478815317153931, 5664
6.478815317153931, 5663
6.478815317153931, 5662
6.478815317153931, 5661
6.478815317153931, 5660
6.478815317153931, 5659
6.478815317153931, 5658
6.478815317153931, 5657
6.494440793991089, 5656
6.494440793991089, 5655
6.494440793991089, 5654
6.494440793991089, 5653
6.494440793991089, 5652
6.494440793991089, 5651
6.494440793991089, 5650
6.494440793991089, 5649
6.494440793991089, 5648
6.494440793991089, 5647
6.494440793991089, 5646
6.494440793991089, 5645
6.510059833526611, 5644
6.510059833526611, 5643
6.510059833526611, 5642
6.510059833526611, 5641
6.510059833526611, 5640
6.510059833526611, 5639
6.510059833526611, 5638
6.510059833526611, 5637
6.510059833526611, 5636
6.525649070739746, 5635
6.525649070739746, 5634
6.525649070739746, 5633
6.525649070739746, 5632
6.525649070739746, 5631
6.541268825531006, 5630
6.541268825531006, 5629
6.541268825531006, 5628
6.541268825531006, 5627
6.541268825531006, 5626
6.541268825531006, 5625
6.541268825531006, 5624
6.541268825531006, 5623
6.541268825531006, 5622
6.556891441345215, 5621
6.556891441345215, 5620
6.556891441345215, 5619
6.556891441345215, 5618
6.556891441345215, 5617
6.556891441345215, 5616
6.556891441345215, 5615
6.5633978843688965, 5614
6.5633978843688965, 5613
6.5633978843688965, 5612
6.5633978843688965, 5611
6.5633978843688965, 5610
6.5633978843688965, 5609
6.5633978843688965, 5608
6.5633978843688965, 5607
6.5633978843688965, 5606
6.5633978843688965, 5605
6.5633978843688965, 5604
6.5633978843688965, 5603
6.5633978843688965, 5602
6.5633978843688965, 5601
6.5633978843688965, 5600
6.5633978843688965, 5599
6.5633978843688965, 5598
6.5633978843688965, 5597
6.5633978843688965, 5596
6.5790228843688965, 5595
6.5790228843688965, 5594
6.5790228843688965, 5593
6.5790228843688965, 5592
6.5790228843688965, 5591
6.5790228843688965, 5590
6.5790228843688965, 5589
6.5790228843688965, 5588
6.5790228843688965, 5587
6.5790228843688965, 5586
6.5790228843688965, 5585
6.5790228843688965, 5584
6.5790228843688965, 5583
6.5790228843688965, 5582
6.59467625617981, 5581
6.59467625617981, 5580
6.59467625617981, 5579
6.59467625617981, 5578
6.59467625617981, 5577
6.59467625617981, 5576
6.59467625617981, 5575
6.59467625617981, 5574
6.59467625617981, 5573
6.59467625617981, 5572
6.59467625617981, 5571
6.59467625617981, 5570
6.59467625617981, 5569
6.59467625617981, 5568
6.6102986335754395, 5567
6.6102986335754395, 5566
6.6102986335754395, 5565
6.6102986335754395, 5564
6.6102986335754395, 5563
6.6102986335754395, 5562
6.6102986335754395, 5561
6.6102986335754395, 5560
6.6102986335754395, 5559
6.6102986335754395, 5558
6.62588906288147, 5557
6.62588906288147, 5556
6.62588906288147, 5555
6.62588906288147, 5554
6.62588906288147, 5553
6.62588906288147, 5552
6.62588906288147, 5551
6.62588906288147, 5550
6.62588906288147, 5549
6.62588906288147, 5548
6.62588906288147, 5547
6.62588906288147, 5546
6.62588906288147, 5545
6.62588906288147, 5544
6.62588906288147, 5543
6.62588906288147, 5542
6.62588906288147, 5541
6.62588906288147, 5540
6.62588906288147, 5539
6.62588906288147, 5538
6.62588906288147, 5537
6.62588906288147, 5536
6.641541242599487, 5535
6.641541242599487, 5534
6.641541242599487, 5533
6.641541242599487, 5532
6.663703203201294, 5531
6.679356813430786, 5530
6.694980621337891, 5529
6.694980621337891, 5528
6.694980621337891, 5527
6.726223707199097, 5526
6.726223707199097, 5525
6.741844892501831, 5524
6.741844892501831, 5523
6.741844892501831, 5522
6.741844892501831, 5521
6.741844892501831, 5520
6.741844892501831, 5519
6.741844892501831, 5518
6.741844892501831, 5517
6.741844892501831, 5516
6.741844892501831, 5515
6.859908580780029, 5514
6.867904901504517, 5513
6.867904901504517, 5512
6.867904901504517, 5511
6.867904901504517, 5510
6.867904901504517, 5509
6.875897407531738, 5508
6.9993743896484375, 5507
6.9993743896484375, 5506
6.9993743896484375, 5505
6.9993743896484375, 5504
6.9993743896484375, 5503
6.9993743896484375, 5502
6.9993743896484375, 5501
6.9993743896484375, 5500
7.01502799987793, 5499
7.01502799987793, 5498
7.01502799987793, 5497
7.030620098114014, 5496
7.030620098114014, 5495
7.030620098114014, 5494
7.030620098114014, 5493
7.030620098114014, 5492
7.030620098114014, 5491
7.030620098114014, 5490
7.030620098114014, 5489
7.030620098114014, 5488
7.030620098114014, 5487
7.0462446212768555, 5486
7.0462446212768555, 5485
7.0462446212768555, 5484
7.061891555786133, 5483
7.061891555786133, 5482
7.061891555786133, 5481
7.061891555786133, 5480
7.061891555786133, 5479
7.0683979988098145, 5478
7.0683979988098145, 5477
7.0683979988098145, 5476
7.0683979988098145, 5475
7.0683979988098145, 5474
7.084051847457886, 5473
7.084051847457886, 5472
7.084051847457886, 5471
7.084051847457886, 5470
7.099646091461182, 5469
7.099646091461182, 5468
7.099646091461182, 5467
7.115267515182495, 5466
7.115267515182495, 5465
7.115267515182495, 5464
7.115267515182495, 5463
7.115267515182495, 5462
7.115267515182495, 5461
7.130918979644775, 5460
7.146540641784668, 5459
7.146540641784668, 5458
7.146540641784668, 5457
7.146540641784668, 5456
7.146540641784668, 5455
7.146540641784668, 5454
7.146540641784668, 5453
7.146540641784668, 5452
7.146540641784668, 5451
7.162130832672119, 5450
7.162130832672119, 5449
7.162130832672119, 5448
7.162130832672119, 5447
7.168671369552612, 5446
7.168671369552612, 5445
7.168671369552612, 5444
7.168671369552612, 5443
7.168671369552612, 5442
7.168671369552612, 5441
7.168671369552612, 5440
7.168671369552612, 5439
7.168671369552612, 5438
7.168671369552612, 5437
7.168671369552612, 5436
7.168671369552612, 5435
7.168671369552612, 5434
7.168671369552612, 5433
7.184330940246582, 5432
7.184330940246582, 5431
7.184330940246582, 5430
7.184330940246582, 5429
7.184330940246582, 5428
7.184330940246582, 5427
7.199953079223633, 5426
7.199953079223633, 5425
7.199953079223633, 5424
7.199953079223633, 5423
7.199953079223633, 5422
7.199953079223633, 5421
7.215573072433472, 5420
7.215573072433472, 5419
7.215573072433472, 5418
7.217960834503174, 5417
7.217960834503174, 5416
7.217960834503174, 5415
7.217960834503174, 5414
7.217960834503174, 5413
7.217960834503174, 5412
7.217960834503174, 5411
7.217960834503174, 5410
7.217960834503174, 5409
7.217960834503174, 5408
7.217960834503174, 5407
7.217960834503174, 5406
7.217960834503174, 5405
7.225987434387207, 5404
7.225987434387207, 5403
7.225987434387207, 5402
7.225987434387207, 5401
7.225987434387207, 5400
7.225987434387207, 5399
7.225987434387207, 5398
7.225987434387207, 5397
7.225987434387207, 5396
7.2345757484436035, 5395
7.2345757484436035, 5394
7.2345757484436035, 5393
7.2345757484436035, 5392
7.242571592330933, 5391
7.250566244125366, 5390
7.259286880493164, 5389
7.259286880493164, 5388
7.259286880493164, 5387
7.259286880493164, 5386
7.259286880493164, 5385
7.268930912017822, 5384
7.268930912017822, 5383
7.284930229187012, 5382
7.284930229187012, 5381
7.284930229187012, 5380
7.292920351028442, 5379
7.292920351028442, 5378
7.292920351028442, 5377
7.292920351028442, 5376
7.292920351028442, 5375
7.292920351028442, 5374
7.292920351028442, 5373
7.30138087272644, 5372
7.30138087272644, 5371
7.30138087272644, 5370
7.30138087272644, 5369
7.30138087272644, 5368
7.309376955032349, 5367
7.317888498306274, 5366
7.317888498306274, 5365
7.317888498306274, 5364
7.317888498306274, 5363
7.325882911682129, 5362
7.325882911682129, 5361
7.325882911682129, 5360
7.325882911682129, 5359
7.333878040313721, 5358
7.334595680236816, 5357
7.334595680236816, 5356
7.334595680236816, 5355
7.334595680236816, 5354
7.334595680236816, 5353
7.334595680236816, 5352
7.334595680236816, 5351
7.334595680236816, 5350
7.334595680236816, 5349
7.334595680236816, 5348
7.334595680236816, 5347
7.351204872131348, 5346
7.351204872131348, 5345
7.359202146530151, 5344
7.359202146530151, 5343
7.359202146530151, 5342
7.367196083068848, 5341
7.367196083068848, 5340
7.367196083068848, 5339
7.367196083068848, 5338
7.375189304351807, 5337
7.375189304351807, 5336
7.375189304351807, 5335
7.375189304351807, 5334
7.375189304351807, 5333
7.375189304351807, 5332
7.375189304351807, 5331
7.375189304351807, 5330
7.375189304351807, 5329
7.375189304351807, 5328
7.375189304351807, 5327
7.375189304351807, 5326
7.375189304351807, 5325
7.383183240890503, 5324
7.383183240890503, 5323
7.391178607940674, 5322
7.391178607940674, 5321
7.391178607940674, 5320
7.399205446243286, 5319
7.407200574874878, 5318
7.407200574874878, 5317
7.407200574874878, 5316
7.407200574874878, 5315
7.407200574874878, 5314
7.407200574874878, 5313
7.415193796157837, 5312
7.415193796157837, 5311
7.415193796157837, 5310
7.415193796157837, 5309
7.423156976699829, 5308
7.423156976699829, 5307
7.423156976699829, 5306
7.423156976699829, 5305
7.423156976699829, 5304
7.423156976699829, 5303
7.423156976699829, 5302
7.423156976699829, 5301
7.423156976699829, 5300
7.431178569793701, 5299
7.431178569793701, 5298
7.431178569793701, 5297
7.431178569793701, 5296
7.431178569793701, 5295
7.431178569793701, 5294
7.44714093208313, 5293
7.44714093208313, 5292
7.44714093208313, 5291
7.44714093208313, 5290
7.44714093208313, 5289
7.44714093208313, 5288
7.455136299133301, 5287
7.455136299133301, 5286
7.455136299133301, 5285
7.455136299133301, 5284
7.455136299133301, 5283
7.455136299133301, 5282
7.455136299133301, 5281
7.455136299133301, 5280
7.455136299133301, 5279
7.455136299133301, 5278
7.463162899017334, 5277
7.463162899017334, 5276
7.463162899017334, 5275
7.463162899017334, 5274
7.463162899017334, 5273
7.463162899017334, 5272
7.463162899017334, 5271
7.463162899017334, 5270
7.471124887466431, 5269
7.471124887466431, 5268
7.479124546051025, 5267
7.479124546051025, 5266
7.479124546051025, 5265
7.479124546051025, 5264
7.479124546051025, 5263
7.479124546051025, 5262
7.479124546051025, 5261
7.487114429473877, 5260
7.487114429473877, 5259
7.487114429473877, 5258
7.487114429473877, 5257
7.487114429473877, 5256
7.487114429473877, 5255
7.495143175125122, 5254
7.495143175125122, 5253
7.495143175125122, 5252
7.495143175125122, 5251
7.495143175125122, 5250
7.495143175125122, 5249
7.495143175125122, 5248
7.495143175125122, 5247
7.495143175125122, 5246
7.495143175125122, 5245
7.503103971481323, 5244
7.503103971481323, 5243
7.503103971481323, 5242
7.503103971481323, 5241
7.503103971481323, 5240
7.503103971481323, 5239
7.503103971481323, 5238
7.503103971481323, 5237
7.503103971481323, 5236
7.503103971481323, 5235
7.51113486289978, 5234
7.51113486289978, 5233
7.519094705581665, 5232
7.519094705581665, 5231
7.53508996963501, 5230
7.53508996963501, 5229
7.53508996963501, 5228
7.53508996963501, 5227
7.543077230453491, 5226
7.543077230453491, 5225
7.543077230453491, 5224
7.551071643829346, 5223
7.551071643829346, 5222
7.551071643829346, 5221
7.559097528457642, 5220
7.567947626113892, 5219
7.567947626113892, 5218
7.567947626113892, 5217
7.567947626113892, 5216
7.567947626113892, 5215
7.567947626113892, 5214
7.567947626113892, 5213
7.578955173492432, 5212
7.578955173492432, 5211
7.578955173492432, 5210
7.578955173492432, 5209
7.578955173492432, 5208
7.578955173492432, 5207
7.578955173492432, 5206
7.578955173492432, 5205
7.578955173492432, 5204
7.578955173492432, 5203
7.578955173492432, 5202
7.578955173492432, 5201
7.5946125984191895, 5200
7.5946125984191895, 5199
7.5946125984191895, 5198
7.5946125984191895, 5197
7.5946125984191895, 5196
7.5946125984191895, 5195
7.5946125984191895, 5194
7.5946125984191895, 5193
7.5946125984191895, 5192
7.5946125984191895, 5191
7.5946125984191895, 5190
7.5946125984191895, 5189
7.5946125984191895, 5188
7.5946125984191895, 5187
7.5946125984191895, 5186
7.5946125984191895, 5185
7.610203504562378, 5184
7.6258556842803955, 5183
7.6258556842803955, 5182
7.63441014289856, 5181
7.63441014289856, 5180
7.63441014289856, 5179
7.63441014289856, 5178
7.63441014289856, 5177
7.63441014289856, 5176
7.642436265945435, 5175
7.642436265945435, 5174
7.642436265945435, 5173
7.642436265945435, 5172
7.642436265945435, 5171
7.642436265945435, 5170
7.642436265945435, 5169
7.642436265945435, 5168
7.642436265945435, 5167
7.65040135383606, 5166
7.65040135383606, 5165
7.65040135383606, 5164
7.65040135383606, 5163
7.65040135383606, 5162
7.65040135383606, 5161
7.65040135383606, 5160
7.65040135383606, 5159
7.65040135383606, 5158
7.65040135383606, 5157
7.65040135383606, 5156
7.658425331115723, 5155
7.666395425796509, 5154
7.666395425796509, 5153
7.666395425796509, 5152
7.666395425796509, 5151
7.666395425796509, 5150
7.666395425796509, 5149
7.666395425796509, 5148
7.666395425796509, 5147
7.674384117126465, 5146
7.674384117126465, 5145
7.674384117126465, 5144
7.674384117126465, 5143
7.674384117126465, 5142
7.6823883056640625, 5141
7.6823883056640625, 5140
7.690404176712036, 5139
7.690404176712036, 5138
7.690404176712036, 5137
7.690404176712036, 5136
7.690404176712036, 5135
7.690404176712036, 5134
7.690404176712036, 5133
7.690404176712036, 5132
7.690404176712036, 5131
7.690404176712036, 5130
7.706362247467041, 5129
7.706362247467041, 5128
7.714356899261475, 5127
7.714356899261475, 5126
7.714356899261475, 5125
7.714356899261475, 5124
7.714356899261475, 5123
7.714356899261475, 5122
7.714356899261475, 5121
7.714356899261475, 5120
7.714356899261475, 5119
7.714356899261475, 5118
7.714356899261475, 5117
7.72235107421875, 5116
7.72235107421875, 5115
7.72235107421875, 5114
7.72235107421875, 5113
7.72235107421875, 5112
7.72235107421875, 5111
7.730346918106079, 5110
7.730346918106079, 5109
7.730346918106079, 5108
7.730346918106079, 5107
7.730346918106079, 5106
7.730346918106079, 5105
7.730346918106079, 5104
7.730346918106079, 5103
7.730346918106079, 5102
7.730346918106079, 5101
7.730346918106079, 5100
7.738342046737671, 5099
7.738342046737671, 5098
7.738342046737671, 5097
7.738342046737671, 5096
7.738342046737671, 5095
7.738342046737671, 5094
7.738342046737671, 5093
7.738342046737671, 5092
7.754330158233643, 5091
7.754330158233643, 5090
7.762324333190918, 5089
7.762324333190918, 5088
7.770320177078247, 5087
7.770320177078247, 5086
7.770320177078247, 5085
7.770320177078247, 5084
7.770320177078247, 5083
7.770320177078247, 5082
7.770320177078247, 5081
7.770320177078247, 5080
7.77831506729126, 5079
7.7863099575042725, 5078
7.7863099575042725, 5077
7.7863099575042725, 5076
7.7863099575042725, 5075
7.7863099575042725, 5074
7.7863099575042725, 5073
7.7863099575042725, 5072
7.7863099575042725, 5071
7.7863099575042725, 5070
7.7863099575042725, 5069
7.7863099575042725, 5068
7.7863099575042725, 5067
7.7863099575042725, 5066
7.7863099575042725, 5065
7.7863099575042725, 5064
7.7863099575042725, 5063
7.7863099575042725, 5062
7.7863099575042725, 5061
7.7863099575042725, 5060
7.794302701950073, 5059
7.794302701950073, 5058
7.794302701950073, 5057
7.802297830581665, 5056
7.802297830581665, 5055
7.802297830581665, 5054
7.802297830581665, 5053
7.802297830581665, 5052
7.802297830581665, 5051
7.810297966003418, 5050
7.810297966003418, 5049
7.81829571723938, 5048
7.81829571723938, 5047
7.826282978057861, 5046
7.826282978057861, 5045
7.826282978057861, 5044
7.826282978057861, 5043
7.826282978057861, 5042
7.826282978057861, 5041
7.826282978057861, 5040
7.826282978057861, 5039
7.826282978057861, 5038
7.826282978057861, 5037
7.826282978057861, 5036
7.834282159805298, 5035
7.834282159805298, 5034
7.842272996902466, 5033
7.842272996902466, 5032
7.842272996902466, 5031
7.842272996902466, 5030
7.842272996902466, 5029
7.842272996902466, 5028
7.850272178649902, 5027
7.850272178649902, 5026
7.850272178649902, 5025
7.858261585235596, 5024
7.858261585235596, 5023
7.858261585235596, 5022
7.858261585235596, 5021
7.858261585235596, 5020
7.858261585235596, 5019
7.858261585235596, 5018
7.866254568099976, 5017
7.866254568099976, 5016
7.874279260635376, 5015
7.874279260635376, 5014
7.874279260635376, 5013
7.874279260635376, 5012
7.874279260635376, 5011
7.874279260635376, 5010
7.874279260635376, 5009
7.874279260635376, 5008
7.874279260635376, 5007
7.874279260635376, 5006
7.874279260635376, 5005
7.874279260635376, 5004
7.874279260635376, 5003
7.874279260635376, 5002
7.882244110107422, 5001
7.882244110107422, 5000
7.882244110107422, 4999
7.890270948410034, 4998
7.890270948410034, 4997
7.890270948410034, 4996
7.890270948410034, 4995
7.890270948410034, 4994
7.890270948410034, 4993
7.890270948410034, 4992
7.890270948410034, 4991
7.890270948410034, 4990
7.890270948410034, 4989
7.890270948410034, 4988
7.890270948410034, 4987
7.898235082626343, 4986
7.898235082626343, 4985
7.906244277954102, 4984
7.906244277954102, 4983
7.906244277954102, 4982
7.906244277954102, 4981
7.906244277954102, 4980
7.906244277954102, 4979
7.906244277954102, 4978
7.906244277954102, 4977
7.906244277954102, 4976
7.906244277954102, 4975
7.906244277954102, 4974
7.914228200912476, 4973
7.914228200912476, 4972
7.914228200912476, 4971
7.914228200912476, 4970
7.92221736907959, 4969
7.930213689804077, 4968
7.930213689804077, 4967
7.930213689804077, 4966
7.9382078647613525, 4965
7.9382078647613525, 4964
7.9382078647613525, 4963
7.9382078647613525, 4962
7.9382078647613525, 4961
7.946202278137207, 4960
7.946202278137207, 4959
7.954198360443115, 4958
7.962223768234253, 4957
7.962223768234253, 4956
7.970187425613403, 4955
7.970187425613403, 4954
7.970187425613403, 4953
7.970187425613403, 4952
7.970187425613403, 4951
7.970187425613403, 4950
7.978213310241699, 4949
7.978213310241699, 4948
7.978213310241699, 4947
7.978213310241699, 4946
7.986175298690796, 4945
7.986175298690796, 4944
7.986175298690796, 4943
7.986175298690796, 4942
7.986175298690796, 4941
7.994169473648071, 4940
8.002174377441406, 4939
8.002174377441406, 4938
8.002174377441406, 4937
8.002174377441406, 4936
8.002174377441406, 4935
8.002174377441406, 4934
8.002174377441406, 4933
8.002174377441406, 4932
8.002174377441406, 4931
8.002174377441406, 4930
8.002174377441406, 4929
8.002174377441406, 4928
8.010194063186646, 4927
8.010194063186646, 4926
8.010194063186646, 4925
8.010194063186646, 4924
8.010194063186646, 4923
8.018156290054321, 4922
8.026148080825806, 4921
8.026148080825806, 4920
8.026148080825806, 4919
8.026148080825806, 4918
8.034178972244263, 4917
8.035126447677612, 4916
8.035126447677612, 4915
8.035126447677612, 4914
8.035126447677612, 4913
8.035126447677612, 4912
8.035126447677612, 4911
8.035126447677612, 4910
8.043155431747437, 4909
8.043155431747437, 4908
8.043155431747437, 4907
8.05112600326538, 4906
8.05112600326538, 4905
8.059112310409546, 4904
8.067135095596313, 4903
8.067135095596313, 4902
8.067135095596313, 4901
8.067135095596313, 4900
8.07513165473938, 4899
8.07513165473938, 4898
8.07513165473938, 4897
8.07513165473938, 4896
8.07513165473938, 4895
8.083133220672607, 4894
8.091091871261597, 4893
8.091091871261597, 4892
8.091091871261597, 4891
8.091091871261597, 4890
8.091091871261597, 4889
8.091091871261597, 4888
8.091091871261597, 4887
8.091091871261597, 4886
8.091091871261597, 4885
8.091091871261597, 4884
8.091091871261597, 4883
8.091091871261597, 4882
8.091091871261597, 4881
8.091091871261597, 4880
8.099083423614502, 4879
8.099083423614502, 4878
8.099083423614502, 4877
8.099083423614502, 4876
8.099083423614502, 4875
8.099083423614502, 4874
8.099083423614502, 4873
8.099083423614502, 4872
8.099083423614502, 4871
8.099083423614502, 4870
8.099083423614502, 4869
8.099083423614502, 4868
8.099083423614502, 4867
8.099083423614502, 4866
8.099083423614502, 4865
8.099083423614502, 4864
8.099083423614502, 4863
8.107079982757568, 4862
8.107079982757568, 4861
8.107079982757568, 4860
8.107079982757568, 4859
8.107079982757568, 4858
8.107079982757568, 4857
8.107079982757568, 4856
8.107079982757568, 4855
8.107079982757568, 4854
8.107079982757568, 4853
8.107079982757568, 4852
8.107079982757568, 4851
8.107079982757568, 4850
8.107079982757568, 4849
8.115074396133423, 4848
8.115074396133423, 4847
8.115074396133423, 4846
8.115074396133423, 4845
8.117712497711182, 4844
8.117712497711182, 4843
8.117712497711182, 4842
8.117712497711182, 4841
8.117712497711182, 4840
8.117712497711182, 4839
8.117712497711182, 4838
8.117712497711182, 4837
8.117712497711182, 4836
8.117712497711182, 4835
8.117712497711182, 4834
8.117712497711182, 4833
8.117712497711182, 4832
8.117712497711182, 4831
8.117712497711182, 4830
8.117712497711182, 4829
8.117712497711182, 4828
8.117712497711182, 4827
8.117712497711182, 4826
8.117712497711182, 4825
8.117712497711182, 4824
8.117712497711182, 4823
8.117712497711182, 4822
8.117712497711182, 4821
8.117712497711182, 4820
8.117712497711182, 4819
8.117712497711182, 4818
8.117712497711182, 4817
8.117712497711182, 4816
8.117712497711182, 4815
8.117712497711182, 4814
8.117712497711182, 4813
8.117712497711182, 4812
8.117712497711182, 4811
8.117712497711182, 4810
8.117712497711182, 4809
8.117712497711182, 4808
8.117712497711182, 4807
8.117712497711182, 4806
8.117712497711182, 4805
8.117712497711182, 4804
8.117712497711182, 4803
8.117712497711182, 4802
8.133334636688232, 4801
8.133334636688232, 4800
8.133334636688232, 4799
8.133334636688232, 4798
8.133334636688232, 4797
8.133334636688232, 4796
8.133334636688232, 4795
8.133334636688232, 4794
8.133334636688232, 4793
8.133334636688232, 4792
8.133334636688232, 4791
8.133334636688232, 4790
8.133334636688232, 4789
8.133334636688232, 4788
8.133334636688232, 4787
8.133334636688232, 4786
8.133334636688232, 4785
8.133334636688232, 4784
8.133334636688232, 4783
8.133334636688232, 4782
8.133334636688232, 4781
8.133334636688232, 4780
8.133334636688232, 4779
8.133334636688232, 4778
8.133334636688232, 4777
8.133334636688232, 4776
8.133334636688232, 4775
8.133334636688232, 4774
8.133334636688232, 4773
8.133334636688232, 4772
8.133334636688232, 4771
8.133334636688232, 4770
8.133334636688232, 4769
8.133334636688232, 4768
8.133334636688232, 4767
8.133334636688232, 4766
8.133334636688232, 4765
8.133334636688232, 4764
8.133334636688232, 4763
8.133334636688232, 4762
8.133334636688232, 4761
8.133334636688232, 4760
8.133334636688232, 4759
8.14895486831665, 4758
8.14895486831665, 4757
8.14895486831665, 4756
8.14895486831665, 4755
8.14895486831665, 4754
8.14895486831665, 4753
8.14895486831665, 4752
8.14895486831665, 4751
8.14895486831665, 4750
8.14895486831665, 4749
8.14895486831665, 4748
8.14895486831665, 4747
8.14895486831665, 4746
8.14895486831665, 4745
8.14895486831665, 4744
8.14895486831665, 4743
8.14895486831665, 4742
8.14895486831665, 4741
8.14895486831665, 4740
8.14895486831665, 4739
8.14895486831665, 4738
8.14895486831665, 4737
8.14895486831665, 4736
8.14895486831665, 4735
8.14895486831665, 4734
8.14895486831665, 4733
8.14895486831665, 4732
8.14895486831665, 4731
8.14895486831665, 4730
8.164576292037964, 4729
8.164576292037964, 4728
8.164576292037964, 4727
8.164576292037964, 4726
8.164576292037964, 4725
8.164576292037964, 4724
8.164576292037964, 4723
8.164576292037964, 4722
8.164576292037964, 4721
8.164576292037964, 4720
8.164576292037964, 4719
8.164576292037964, 4718
8.164576292037964, 4717
8.164576292037964, 4716
8.164576292037964, 4715
8.164576292037964, 4714
8.164576292037964, 4713
8.164576292037964, 4712
8.164576292037964, 4711
8.164576292037964, 4710
8.164576292037964, 4709
8.164576292037964, 4708
8.164576292037964, 4707
8.164576292037964, 4706
8.164576292037964, 4705
8.180229902267456, 4704
8.180229902267456, 4703
8.180229902267456, 4702
8.180229902267456, 4701
8.180229902267456, 4700
8.180229902267456, 4699
8.180229902267456, 4698
8.180229902267456, 4697
8.180229902267456, 4696
8.180229902267456, 4695
8.180229902267456, 4694
8.180229902267456, 4693
8.180229902267456, 4692
8.180229902267456, 4691
8.180229902267456, 4690
8.180229902267456, 4689
8.180229902267456, 4688
8.180229902267456, 4687
8.180229902267456, 4686
8.180229902267456, 4685
8.180229902267456, 4684
8.180229902267456, 4683
8.180229902267456, 4682
8.180229902267456, 4681
8.180229902267456, 4680
8.180229902267456, 4679
8.180229902267456, 4678
8.195820331573486, 4677
8.195820331573486, 4676
8.195820331573486, 4675
8.195820331573486, 4674
8.195820331573486, 4673
8.199329376220703, 4672
8.199329376220703, 4671
8.199329376220703, 4670
8.199329376220703, 4669
8.199329376220703, 4668
8.200933694839478, 4667
8.200933694839478, 4666
8.200933694839478, 4665
8.200933694839478, 4664
8.200933694839478, 4663
8.200933694839478, 4662
8.200933694839478, 4661
8.200933694839478, 4660
8.200933694839478, 4659
8.200933694839478, 4658
8.200933694839478, 4657
8.200933694839478, 4656
8.208928346633911, 4655
8.208928346633911, 4654
8.208928346633911, 4653
8.208928346633911, 4652
8.208928346633911, 4651
8.208928346633911, 4650
8.208928346633911, 4649
8.208928346633911, 4648
8.208928346633911, 4647
8.208928346633911, 4646
8.208928346633911, 4645
8.208928346633911, 4644
8.208928346633911, 4643
8.208928346633911, 4642
8.208928346633911, 4641
8.216923713684082, 4640
8.216923713684082, 4639
8.216923713684082, 4638
8.216923713684082, 4637
8.216923713684082, 4636
8.216923713684082, 4635
8.216923713684082, 4634
8.216923713684082, 4633
8.216923713684082, 4632
8.216923713684082, 4631
8.216923713684082, 4630
8.216923713684082, 4629
8.216923713684082, 4628
8.216923713684082, 4627
8.232916593551636, 4626
8.232916593551636, 4625
8.232916593551636, 4624
8.232916593551636, 4623
8.232916593551636, 4622
8.232916593551636, 4621
8.232916593551636, 4620
8.232916593551636, 4619
8.232916593551636, 4618
8.232916593551636, 4617
8.232916593551636, 4616
8.232916593551636, 4615
8.240906953811646, 4614
8.240906953811646, 4613
8.240906953811646, 4612
8.240906953811646, 4611
8.240906953811646, 4610
8.240906953811646, 4609
8.240906953811646, 4608
8.240906953811646, 4607
8.240906953811646, 4606
8.240906953811646, 4605
8.240906953811646, 4604
8.240906953811646, 4603
8.248913288116455, 4602
8.248913288116455, 4601
8.248913288116455, 4600
8.248913288116455, 4599
8.248913288116455, 4598
8.248913288116455, 4597
8.256895780563354, 4596
8.256895780563354, 4595
8.256895780563354, 4594
8.256895780563354, 4593
8.256895780563354, 4592
8.256895780563354, 4591
8.256895780563354, 4590
8.256895780563354, 4589
8.256895780563354, 4588
8.264973878860474, 4587
8.264973878860474, 4586
8.264973878860474, 4585
8.264973878860474, 4584
8.272915124893188, 4583
8.272915124893188, 4582
8.272915124893188, 4581
8.272915124893188, 4580
8.272915124893188, 4579
8.272915124893188, 4578
8.272915124893188, 4577
8.272915124893188, 4576
8.272915124893188, 4575
8.272915124893188, 4574
8.272915124893188, 4573
8.272915124893188, 4572
8.272915124893188, 4571
8.28094744682312, 4570
8.28094744682312, 4569
8.28094744682312, 4568
8.288875579833984, 4567
8.288875579833984, 4566
8.288875579833984, 4565
8.288875579833984, 4564
8.288875579833984, 4563
8.288875579833984, 4562
8.288875579833984, 4561
8.288875579833984, 4560
8.288875579833984, 4559
8.288875579833984, 4558
8.296876430511475, 4557
8.296876430511475, 4556
8.296876430511475, 4555
8.296876430511475, 4554
8.304865598678589, 4553
8.304865598678589, 4552
8.304865598678589, 4551
8.304865598678589, 4550
8.304865598678589, 4549
8.304865598678589, 4548
8.304865598678589, 4547
8.304865598678589, 4546
8.304865598678589, 4545
8.312859296798706, 4544
8.32085394859314, 4543
8.32085394859314, 4542
8.32085394859314, 4541
8.32085394859314, 4540
8.32085394859314, 4539
8.32085394859314, 4538
8.32884931564331, 4537
8.32884931564331, 4536
8.32884931564331, 4535
8.336853265762329, 4534
8.336853265762329, 4533
8.336853265762329, 4532
8.336853265762329, 4531
8.336853265762329, 4530
8.336853265762329, 4529
8.336853265762329, 4528
8.336853265762329, 4527
8.336853265762329, 4526
8.344869136810303, 4525
8.344869136810303, 4524
8.352833271026611, 4523
8.352833271026611, 4522
8.352833271026611, 4521
8.352833271026611, 4520
8.352833271026611, 4519
8.352833271026611, 4518
8.360828876495361, 4517
8.360828876495361, 4516
8.360828876495361, 4515
8.360828876495361, 4514
8.360828876495361, 4513
8.360828876495361, 4512
8.360828876495361, 4511
8.36882209777832, 4510
8.36882209777832, 4509
8.36882209777832, 4508
8.36882209777832, 4507
8.36882209777832, 4506
8.36882209777832, 4505
8.36882209777832, 4504
8.36882209777832, 4503
8.36882209777832, 4502
8.36882209777832, 4501
8.376849889755249, 4500
8.376849889755249, 4499
8.376849889755249, 4498
8.376849889755249, 4497
8.376849889755249, 4496
8.376849889755249, 4495
8.376849889755249, 4494
8.376849889755249, 4493
8.376849889755249, 4492
8.376849889755249, 4491
8.384820938110352, 4490
8.384820938110352, 4489
8.384820938110352, 4488
8.384820938110352, 4487
8.384820938110352, 4486
8.384820938110352, 4485
8.384820938110352, 4484
8.384820938110352, 4483
8.384820938110352, 4482
8.384820938110352, 4481
8.384820938110352, 4480
8.384820938110352, 4479
8.384820938110352, 4478
8.384820938110352, 4477
8.384820938110352, 4476
8.384820938110352, 4475
8.384820938110352, 4474
8.384820938110352, 4473
8.384820938110352, 4472
8.384820938110352, 4471
8.384820938110352, 4470
8.384820938110352, 4469
8.384820938110352, 4468
8.3928382396698, 4467
8.3928382396698, 4466
8.3928382396698, 4465
8.3928382396698, 4464
8.3928382396698, 4463
8.3928382396698, 4462
8.3928382396698, 4461
8.3928382396698, 4460
8.3928382396698, 4459
8.3928382396698, 4458
8.3928382396698, 4457
8.3928382396698, 4456
8.3928382396698, 4455
8.3928382396698, 4454
8.3928382396698, 4453
8.3928382396698, 4452
8.3928382396698, 4451
8.3928382396698, 4450
8.3928382396698, 4449
8.3928382396698, 4448
8.3928382396698, 4447
8.3928382396698, 4446
8.3928382396698, 4445
8.3928382396698, 4444
8.3928382396698, 4443
8.3928382396698, 4442
8.3928382396698, 4441
8.3928382396698, 4440
8.3928382396698, 4439
8.400799989700317, 4438
8.400799989700317, 4437
8.400799989700317, 4436
8.400799989700317, 4435
8.400799989700317, 4434
8.400799989700317, 4433
8.400799989700317, 4432
8.400799989700317, 4431
8.400799989700317, 4430
8.400799989700317, 4429
8.400799989700317, 4428
8.400799989700317, 4427
8.400799989700317, 4426
8.400799989700317, 4425
8.408827066421509, 4424
8.408827066421509, 4423
8.408827066421509, 4422
8.408827066421509, 4421
8.408827066421509, 4420
8.408827066421509, 4419
8.408827066421509, 4418
8.408827066421509, 4417
8.408827066421509, 4416
8.408827066421509, 4415
8.408827066421509, 4414
8.416821002960205, 4413
8.416821002960205, 4412
8.416821002960205, 4411
8.416821002960205, 4410
8.416821002960205, 4409
8.416821002960205, 4408
8.416821002960205, 4407
8.416821002960205, 4406
8.416821002960205, 4405
8.416821002960205, 4404
8.416821002960205, 4403
8.416821002960205, 4402
8.416821002960205, 4401
8.416821002960205, 4400
8.424819707870483, 4399
8.424819707870483, 4398
8.424819707870483, 4397
8.424819707870483, 4396
8.424819707870483, 4395
8.424819707870483, 4394
8.424819707870483, 4393
8.424819707870483, 4392
8.424819707870483, 4391
8.424819707870483, 4390
8.424819707870483, 4389
8.424819707870483, 4388
8.424819707870483, 4387
8.424819707870483, 4386
8.424819707870483, 4385
8.424819707870483, 4384
8.424819707870483, 4383
8.424819707870483, 4382
8.424819707870483, 4381
8.424819707870483, 4380
8.424819707870483, 4379
8.424819707870483, 4378
8.424819707870483, 4377
8.432810306549072, 4376
8.432810306549072, 4375
8.432810306549072, 4374
8.432810306549072, 4373
8.432810306549072, 4372
8.432810306549072, 4371
8.432810306549072, 4370
8.432810306549072, 4369
8.432810306549072, 4368
8.432810306549072, 4367
8.432810306549072, 4366
8.432810306549072, 4365
8.432810306549072, 4364
8.432810306549072, 4363
8.432810306549072, 4362
8.432810306549072, 4361
8.440808057785034, 4360
8.440808057785034, 4359
8.440808057785034, 4358
8.440808057785034, 4357
8.440808057785034, 4356
8.440808057785034, 4355
8.440808057785034, 4354
8.440808057785034, 4353
8.440808057785034, 4352
8.440808057785034, 4351
8.440808057785034, 4350
8.44877576828003, 4349
8.44877576828003, 4348
8.44877576828003, 4347
8.44877576828003, 4346
8.44877576828003, 4345
8.44877576828003, 4344
8.44877576828003, 4343
8.44877576828003, 4342
8.44877576828003, 4341
8.44877576828003, 4340
8.44877576828003, 4339
8.44877576828003, 4338
8.45676302909851, 4337
8.45676302909851, 4336
8.45676302909851, 4335
8.45676302909851, 4334
8.45676302909851, 4333
8.45676302909851, 4332
8.45676302909851, 4331
8.45676302909851, 4330
8.45676302909851, 4329
8.45676302909851, 4328
8.45676302909851, 4327
8.45676302909851, 4326
8.45676302909851, 4325
8.45676302909851, 4324
8.45676302909851, 4323
8.45676302909851, 4322
8.45676302909851, 4321
8.45676302909851, 4320
8.45676302909851, 4319
8.45676302909851, 4318
8.45676302909851, 4317
8.45676302909851, 4316
8.45676302909851, 4315
8.45676302909851, 4314
8.45676302909851, 4313
8.45676302909851, 4312
8.45676302909851, 4311
8.45676302909851, 4310
8.45676302909851, 4309
8.464756727218628, 4308
8.464756727218628, 4307
8.464756727218628, 4306
8.464756727218628, 4305
8.464756727218628, 4304
8.464756727218628, 4303
8.464756727218628, 4302
8.464756727218628, 4301
8.464756727218628, 4300
8.464756727218628, 4299
8.464756727218628, 4298
8.464756727218628, 4297
8.464756727218628, 4296
8.464756727218628, 4295
8.464756727218628, 4294
8.464756727218628, 4293
8.464756727218628, 4292
8.464756727218628, 4291
8.472767353057861, 4290
8.472767353057861, 4289
8.472767353057861, 4288
8.472767353057861, 4287
8.472767353057861, 4286
8.472767353057861, 4285
8.472767353057861, 4284
8.472767353057861, 4283
8.472767353057861, 4282
8.472767353057861, 4281
8.472767353057861, 4280
8.472767353057861, 4279
8.472767353057861, 4278
8.472767353057861, 4277
8.472767353057861, 4276
8.472767353057861, 4275
8.472767353057861, 4274
8.472767353057861, 4273
8.472767353057861, 4272
8.472767353057861, 4271
8.472767353057861, 4270
8.472767353057861, 4269
8.472767353057861, 4268
8.480798721313477, 4267
8.480798721313477, 4266
8.480798721313477, 4265
8.480798721313477, 4264
8.488777160644531, 4263
8.488777160644531, 4262
8.488777160644531, 4261
8.488777160644531, 4260
8.488777160644531, 4259
8.488777160644531, 4258
8.488777160644531, 4257
8.496766805648804, 4256
8.496766805648804, 4255
8.496766805648804, 4254
8.496766805648804, 4253
8.496766805648804, 4252
8.496766805648804, 4251
8.504733085632324, 4250
8.504733085632324, 4249
8.504733085632324, 4248
8.504733085632324, 4247
8.504733085632324, 4246
8.504733085632324, 4245
8.504733085632324, 4244
8.504733085632324, 4243
8.512724876403809, 4242
8.512724876403809, 4241
8.517560005187988, 4240
8.517560005187988, 4239
8.517560005187988, 4238
8.517560005187988, 4237
8.517560005187988, 4236
8.517560005187988, 4235
8.517560005187988, 4234
8.517560005187988, 4233
8.517560005187988, 4232
8.517560005187988, 4231
8.517560005187988, 4230
8.517560005187988, 4229
8.517560005187988, 4228
8.517560005187988, 4227
8.533182382583618, 4226
8.536603927612305, 4225
8.536603927612305, 4224
8.536603927612305, 4223
8.536603927612305, 4222
8.536603927612305, 4221
8.536603927612305, 4220
8.536603927612305, 4219
8.544713258743286, 4218
8.544713258743286, 4217
8.544713258743286, 4216
8.544713258743286, 4215
8.544713258743286, 4214
8.544713258743286, 4213
8.544713258743286, 4212
8.544713258743286, 4211
8.544713258743286, 4210
8.544713258743286, 4209
8.56037187576294, 4208
8.56037187576294, 4207
8.56037187576294, 4206
8.56037187576294, 4205
8.56037187576294, 4204
8.56037187576294, 4203
8.56037187576294, 4202
8.56037187576294, 4201
8.56037187576294, 4200
8.56037187576294, 4199
8.56037187576294, 4198
8.56037187576294, 4197
8.575988054275513, 4196
8.575988054275513, 4195
8.575988054275513, 4194
8.575988054275513, 4193
8.575988054275513, 4192
8.591578960418701, 4191
8.591578960418701, 4190
8.591578960418701, 4189
8.607230186462402, 4188
8.612739324569702, 4187
8.612739324569702, 4186
8.612739324569702, 4185
8.628365755081177, 4184
8.628365755081177, 4183
8.644017934799194, 4182
8.644017934799194, 4181
8.644017934799194, 4180
8.835662364959717, 4179
8.835662364959717, 4178
8.92035436630249, 4177
8.92035436630249, 4176
8.95233154296875, 4175
8.95233154296875, 4174
8.976316452026367, 4173
8.976316452026367, 4172
8.984310150146484, 4171
8.992306470870972, 4170
9.01629090309143, 4169
9.04027247428894, 4168
9.04027247428894, 4167
9.064289093017578, 4166
9.096266269683838, 4165
9.12025260925293, 4164
9.136210203170776, 4163
9.16022539138794, 4162
9.16022539138794, 4161
9.1762113571167, 4160
9.1762113571167, 4159
9.224182605743408, 4158
9.232146501541138, 4157
9.288142919540405, 4156
9.288142919540405, 4155
9.29612135887146, 4154
9.304096698760986, 4153
9.304096698760986, 4152
9.320118427276611, 4151
9.320118427276611, 4150
9.320118427276611, 4149
9.352099180221558, 4148
9.42401647567749, 4147
9.42401647567749, 4146
9.42401647567749, 4145
9.432010412216187, 4144
9.440006494522095, 4143
9.440006494522095, 4142
9.448001146316528, 4141
9.456023454666138, 4140
9.456023454666138, 4139
9.47201943397522, 4138
9.47201943397522, 4137
9.47201943397522, 4136
9.48526906967163, 4135
9.500537633895874, 4134
9.533724546432495, 4133
9.533724546432495, 4132
9.558397769927979, 4131
9.583584070205688, 4130
9.583584070205688, 4129
9.591586828231812, 4128
9.61700177192688, 4127
9.61700177192688, 4126
9.65841555595398, 4125
9.65841555595398, 4124
9.674436092376709, 4123
9.706390857696533, 4122
9.706390857696533, 4121
9.722371578216553, 4120
9.722371578216553, 4119
9.738469362258911, 4118
9.754352569580078, 4117
9.754352569580078, 4116
9.77034306526184, 4115
9.778367757797241, 4114
9.842290878295898, 4113
9.85028600692749, 4112
9.86627721786499, 4111
9.874302625656128, 4110
9.874302625656128, 4109
9.890259981155396, 4108
9.890259981155396, 4107
9.890259981155396, 4106
9.898254632949829, 4105
9.898254632949829, 4104
9.906282901763916, 4103
9.922269344329834, 4102
9.922269344329834, 4101
9.954249382019043, 4100
9.954249382019043, 4099
9.954249382019043, 4098
9.986228227615356, 4097
9.986228227615356, 4096
9.986228227615356, 4095
9.986228227615356, 4094
9.986228227615356, 4093
10.034164905548096, 4092
10.034164905548096, 4091
10.034164905548096, 4090
10.066179990768433, 4089
10.074137687683105, 4088
10.08213210105896, 4087
10.090125322341919, 4086
10.090125322341919, 4085
10.106114387512207, 4084
10.146121263504028, 4083
10.162078380584717, 4082
10.162078380584717, 4081
10.170077085494995, 4080
10.170077085494995, 4079
10.170077085494995, 4078
10.170077085494995, 4077
10.170077085494995, 4076
10.178068161010742, 4075
10.178068161010742, 4074
10.186094284057617, 4073
10.202050924301147, 4072
10.202050924301147, 4071
10.218074560165405, 4070
10.218074560165405, 4069
10.242023468017578, 4068
10.242023468017578, 4067
10.242023468017578, 4066
10.242023468017578, 4065
10.242023468017578, 4064
10.250019073486328, 4063
10.258045196533203, 4062
10.258045196533203, 4061
10.258045196533203, 4060
10.258045196533203, 4059
10.282029867172241, 4058
10.282029867172241, 4057
10.306013345718384, 4056
10.321973323822021, 4055
10.321973323822021, 4054
10.345955848693848, 4053
10.35395359992981, 4052
10.361963748931885, 4051
10.377933740615845, 4050
10.385929346084595, 4049
10.385929346084595, 4048
10.40994381904602, 4047
10.425902605056763, 4046
10.425902605056763, 4045
10.433897256851196, 4044
10.441898107528687, 4043
10.441898107528687, 4042
10.449885845184326, 4041
10.457882165908813, 4040
10.457882165908813, 4039
10.457882165908813, 4038
10.473870277404785, 4037
10.473870277404785, 4036
10.481898307800293, 4035
10.505880355834961, 4034
10.513842821121216, 4033
10.513842821121216, 4032
10.52990198135376, 4031
10.52990198135376, 4030
10.545821189880371, 4029
10.55384874343872, 4028
10.56181263923645, 4027
10.577831983566284, 4026
10.577831983566284, 4025
10.59382176399231, 4024
10.617805480957031, 4023
10.617805480957031, 4022
10.625773906707764, 4021
10.633764028549194, 4020
10.641758918762207, 4019
10.641758918762207, 4018
10.641758918762207, 4017
10.689725637435913, 4016
10.689725637435913, 4015
10.697720766067505, 4014
10.705714464187622, 4013
10.705714464187622, 4012
10.71374225616455, 4011
10.721704721450806, 4010
10.721704721450806, 4009
10.721704721450806, 4008
10.729705095291138, 4007
10.729705095291138, 4006
10.737693786621094, 4005
10.737693786621094, 4004
10.75371789932251, 4003
10.761709451675415, 4002
10.785693168640137, 4001
10.793660640716553, 4000
10.793660640716553, 3999
10.793660640716553, 3998
10.817672491073608, 3997
10.833629369735718, 3996
10.833629369735718, 3995
10.84165620803833, 3994
10.84165620803833, 3993
10.84165620803833, 3992
10.84165620803833, 3991
10.849618196487427, 3990
10.873634338378906, 3989
10.889591932296753, 3988
10.921603202819824, 3987
10.921603202819824, 3986
10.929565668106079, 3985
10.93756103515625, 3984
10.93756103515625, 3983
10.945587396621704, 3982
10.945587396621704, 3981
10.945587396621704, 3980
10.95354962348938, 3979
10.97756552696228, 3978
11.001518249511719, 3977
11.001518249511719, 3976
11.001518249511719, 3975
11.001518249511719, 3974
11.00951361656189, 3973
11.025501728057861, 3972
11.025501728057861, 3971
11.025501728057861, 3970
11.025501728057861, 3969
11.025501728057861, 3968
11.073469877243042, 3967
11.073469877243042, 3966
11.081465482711792, 3965
11.11347484588623, 3964
11.11347484588623, 3963
11.11347484588623, 3962
11.129433155059814, 3961
11.129433155059814, 3960
11.129433155059814, 3959
11.177400588989258, 3958
11.193389892578125, 3957
11.201423168182373, 3956
11.209378480911255, 3955
11.257378339767456, 3954
11.257378339767456, 3953
11.265345096588135, 3952
11.265345096588135, 3951
11.27336835861206, 3950
11.27336835861206, 3949
11.281331300735474, 3948
11.281331300735474, 3947
11.305346965789795, 3946
11.305346965789795, 3945
11.305346965789795, 3944
11.313338994979858, 3943
11.313338994979858, 3942
11.313338994979858, 3941
11.313338994979858, 3940
11.321306228637695, 3939
11.329299211502075, 3938
11.337325811386108, 3937
11.337325811386108, 3936
11.34532356262207, 3935
11.34532356262207, 3934
11.36930775642395, 3933
11.36930775642395, 3932
11.385263204574585, 3931
11.385263204574585, 3930
11.385263204574585, 3929
11.441224575042725, 3928
11.441224575042725, 3927
11.489191770553589, 3926
11.489191770553589, 3925
11.51317572593689, 3924
11.51317572593689, 3923
11.521171569824219, 3922
11.521171569824219, 3921
11.53719186782837, 3920
11.53719186782837, 3919
11.569140672683716, 3918
11.569140672683716, 3917
11.569140672683716, 3916
11.617109060287476, 3915
11.665106296539307, 3914
11.665106296539307, 3913
11.665106296539307, 3912
11.721069574356079, 3911
11.721069574356079, 3910
11.721069574356079, 3909
11.729096174240112, 3908
11.737026929855347, 3907
11.737026929855347, 3906
11.737026929855347, 3905
11.737026929855347, 3904
11.75301718711853, 3903
11.75301718711853, 3902
11.75301718711853, 3901
11.76103162765503, 3900
11.79298996925354, 3899
11.79298996925354, 3898
11.79298996925354, 3897
11.800985336303711, 3896
11.800985336303711, 3895
11.800985336303711, 3894
11.808978796005249, 3893
11.817005634307861, 3892
11.817005634307861, 3891
11.87297248840332, 3890
11.87297248840332, 3889
11.880933284759521, 3888
11.88892674446106, 3887
11.920936822891235, 3886
11.920936822891235, 3885
11.920936822891235, 3884
11.920936822891235, 3883
11.928898811340332, 3882
11.928898811340332, 3881
11.952917098999023, 3880
11.960927248001099, 3879
11.960927248001099, 3878
11.968872308731079, 3877
11.968872308731079, 3876
11.976868152618408, 3875
11.984862565994263, 3874
11.984862565994263, 3873
11.984862565994263, 3872
11.992863893508911, 3871
11.992863893508911, 3870
11.992863893508911, 3869
12.040826559066772, 3868
12.048818588256836, 3867
12.112792491912842, 3866
12.128796815872192, 3865
12.128796815872192, 3864
12.160776138305664, 3863
12.160776138305664, 3862
12.168738842010498, 3861
12.168738842010498, 3860
12.176733016967773, 3859
12.216708660125732, 3858
12.224735498428345, 3857
12.24071741104126, 3856
12.248717308044434, 3855
12.264674425125122, 3854
12.264674425125122, 3853
12.280665636062622, 3852
12.280665636062622, 3851
12.288658857345581, 3850
12.288658857345581, 3849
12.296652793884277, 3848
12.296652793884277, 3847
12.304679870605469, 3846
12.304679870605469, 3845
12.312714099884033, 3844
12.336636304855347, 3843
12.336636304855347, 3842
12.352647542953491, 3841
12.384596347808838, 3840
12.384596347808838, 3839
12.392592906951904, 3838
12.424566984176636, 3837
12.432563066482544, 3836
12.44058871269226, 3835
12.448583841323853, 3834
12.456546783447266, 3833
12.464542150497437, 3832
12.472567319869995, 3831
12.480562210083008, 3830
12.496551275253296, 3829
12.496551275253296, 3828
12.496551275253296, 3827
12.512510061264038, 3826
12.512510061264038, 3825
12.520504236221313, 3824
12.536530017852783, 3823
12.536530017852783, 3822
12.544488906860352, 3821
12.544488906860352, 3820
12.552482843399048, 3819
12.552482843399048, 3818
12.560476779937744, 3817
12.560476779937744, 3816
12.576467990875244, 3815
12.576467990875244, 3814
12.58446216583252, 3813
12.58446216583252, 3812
12.592456340789795, 3811
12.592456340789795, 3810
12.592456340789795, 3809
12.616440296173096, 3808
12.624465942382812, 3807
12.632428407669067, 3806
12.632428407669067, 3805
12.65641450881958, 3804
12.664407014846802, 3803
12.664407014846802, 3802
12.688424110412598, 3801
12.688424110412598, 3800
12.744355916976929, 3799
12.792353868484497, 3798
12.80034875869751, 3797
12.80034875869751, 3796
12.80034875869751, 3795
12.816315174102783, 3794
12.824300289154053, 3793
12.856316089630127, 3792
12.87230396270752, 3791
12.928231477737427, 3790
12.952252864837646, 3789
12.952252864837646, 3788
12.968300819396973, 3787
12.968300819396973, 3786
13.032326698303223, 3785
13.040324211120605, 3784
13.040324211120605, 3783
13.072302341461182, 3782
13.072302341461182, 3781
13.072302341461182, 3780
13.08029556274414, 3779
13.08029556274414, 3778
13.08029556274414, 3777
13.120269060134888, 3776
13.152247905731201, 3775
13.160263538360596, 3774
13.176232099533081, 3773
13.200214862823486, 3772
13.200214862823486, 3771
13.280163049697876, 3770
13.280163049697876, 3769
13.288158893585205, 3768
13.33615779876709, 3767
13.33615779876709, 3766
13.368136167526245, 3765
13.368136167526245, 3764
13.368136167526245, 3763
13.39211893081665, 3762
13.39211893081665, 3761
13.40008282661438, 3760
13.40008282661438, 3759
13.424102783203125, 3758
13.424102783203125, 3757
13.448051691055298, 3756
13.448051691055298, 3755
13.456044435501099, 3754
13.472034692764282, 3753
13.472034692764282, 3752
13.472034692764282, 3751
13.496037721633911, 3750
13.583963871002197, 3749
13.647917985916138, 3748
13.647917985916138, 3747
13.647917985916138, 3746
13.663907527923584, 3745
13.671901941299438, 3744
13.679895401000977, 3743
13.679895401000977, 3742
13.68789005279541, 3741
13.68789005279541, 3740
13.68789005279541, 3739
13.703888177871704, 3738
13.711875915527344, 3737
13.711875915527344, 3736
13.735860586166382, 3735
13.735860586166382, 3734
13.735860586166382, 3733
13.751879215240479, 3732
13.751879215240479, 3731
13.751879215240479, 3730
13.77586317062378, 3729
13.783825635910034, 3728
13.815804719924927, 3727
13.831794738769531, 3726
13.831794738769531, 3725
13.831794738769531, 3724
13.84781551361084, 3723
13.84781551361084, 3722
13.87179946899414, 3721
13.87179946899414, 3720
13.87179946899414, 3719
13.87179946899414, 3718
13.87179946899414, 3717
13.927730321884155, 3716
13.93572735786438, 3715
13.93572735786438, 3714
13.959743738174438, 3713
13.959743738174438, 3712
13.959743738174438, 3711
13.959743738174438, 3710
13.959743738174438, 3709
13.983694791793823, 3708
13.983694791793823, 3707
13.991719007492065, 3706
14.007678985595703, 3705
14.031660556793213, 3704
14.039661884307861, 3703
14.039661884307861, 3702
14.039661884307861, 3701
14.039661884307861, 3700
14.039661884307861, 3699
14.05564546585083, 3698
14.05564546585083, 3697
14.05564546585083, 3696
14.07962942123413, 3695
14.07962942123413, 3694
14.087657451629639, 3693
14.087657451629639, 3692
14.087657451629639, 3691
14.111664772033691, 3690
14.111664772033691, 3689
14.111664772033691, 3688
14.111664772033691, 3687
14.119603395462036, 3686
14.159575462341309, 3685
14.175565958023071, 3684
14.199549436569214, 3683
14.207574605941772, 3682
14.21553897857666, 3681
14.21553897857666, 3680
14.223532915115356, 3679
14.223532915115356, 3678
14.255512714385986, 3677
14.255512714385986, 3676
14.255512714385986, 3675
14.255512714385986, 3674
14.255512714385986, 3673
14.279496192932129, 3672
14.279496192932129, 3671
14.279496192932129, 3670
14.287490367889404, 3669
14.287490367889404, 3668
14.2954843044281, 3667
14.2954843044281, 3666
14.2954843044281, 3665
14.30347990989685, 3664
14.30347990989685, 3663
14.311579942703247, 3662
14.311579942703247, 3661
14.319469451904297, 3660
14.359473466873169, 3659
14.359473466873169, 3658
14.375432014465332, 3657
14.375432014465332, 3656
14.375432014465332, 3655
14.383427143096924, 3654
14.383427143096924, 3653
14.407411813735962, 3652
14.407411813735962, 3651
14.415411233901978, 3650
14.423405408859253, 3649
14.431427001953125, 3648
14.447383165359497, 3647
14.447383165359497, 3646
14.47936463356018, 3645
14.495383262634277, 3644
14.503345489501953, 3643
14.51134181022644, 3642
14.51134181022644, 3641
14.51134181022644, 3640
14.51134181022644, 3639
14.527340412139893, 3638
14.543319702148438, 3637
14.583292722702026, 3636
14.583292722702026, 3635
14.591287612915039, 3634
14.599286079406738, 3633
14.599286079406738, 3632
14.61527156829834, 3631
14.61527156829834, 3630
14.61527156829834, 3629
14.61527156829834, 3628
14.623265504837036, 3627
14.639259338378906, 3626
14.639259338378906, 3625
14.647249698638916, 3624
14.647249698638916, 3623
14.65524435043335, 3622
14.663246393203735, 3621
14.671266078948975, 3620
14.671266078948975, 3619
14.671266078948975, 3618
14.671266078948975, 3617
14.679228067398071, 3616
14.679228067398071, 3615
14.679228067398071, 3614
14.695237636566162, 3613
14.711239337921143, 3612
14.719201803207397, 3611
14.735191345214844, 3610
14.735191345214844, 3609
14.751215934753418, 3608
14.751215934753418, 3607
14.751215934753418, 3606
14.759175300598145, 3605
14.767215967178345, 3604
14.783161163330078, 3603
14.783161163330078, 3602
14.783161163330078, 3601
14.783161163330078, 3600
14.799150705337524, 3599
14.807175397872925, 3598
14.823132276535034, 3597
14.831158876419067, 3596
14.887089967727661, 3595
14.903111696243286, 3594
14.9110746383667, 3593
14.927064657211304, 3592
14.927064657211304, 3591
14.935057640075684, 3590
14.935057640075684, 3589
14.935057640075684, 3588
14.959042072296143, 3587
14.99101996421814, 3586
14.99101996421814, 3585
14.99101996421814, 3584
14.99101996421814, 3583
14.999016523361206, 3582
15.022999048233032, 3581
15.022999048233032, 3580
15.030994176864624, 3579
15.039020299911499, 3578
15.054977416992188, 3577
15.054977416992188, 3576
15.118935346603394, 3575
15.118935346603394, 3574
15.166902542114258, 3573
15.166902542114258, 3572
15.166902542114258, 3571
15.182894468307495, 3570
15.182894468307495, 3569
15.182894468307495, 3568
15.190918684005737, 3567
15.230891704559326, 3566
15.246849060058594, 3565
15.318833589553833, 3564
15.334790468215942, 3563
15.334790468215942, 3562
15.358806371688843, 3561
15.374763250350952, 3560
15.374763250350952, 3559
15.374763250350952, 3558
15.374763250350952, 3557
15.374763250350952, 3556
15.406742334365845, 3555
15.406742334365845, 3554
15.406742334365845, 3553
15.414737701416016, 3552
15.422731876373291, 3551
15.438722610473633, 3550
15.438722610473633, 3549
15.454712152481079, 3548
15.462706327438354, 3547
15.470731496810913, 3546
15.478702068328857, 3545
15.478702068328857, 3544
15.478702068328857, 3543
15.518667697906494, 3542
15.518667697906494, 3541
15.518667697906494, 3540
15.518667697906494, 3539
15.574631452560425, 3538
15.590619802474976, 3537
15.590619802474976, 3536
15.5986168384552, 3535
15.5986168384552, 3534
15.614605188369751, 3533
15.614605188369751, 3532
15.614605188369751, 3531
15.614605188369751, 3530
15.622600078582764, 3529
15.622600078582764, 3528
15.654609203338623, 3527
15.69458293914795, 3526
15.69458293914795, 3525
15.69458293914795, 3524
15.782492399215698, 3523
15.790486097335815, 3522
15.790486097335815, 3521
15.798485279083252, 3520
15.798485279083252, 3519
15.798485279083252, 3518
15.81447172164917, 3517
15.81447172164917, 3516
15.81447172164917, 3515
15.81447172164917, 3514
15.81447172164917, 3513
15.81447172164917, 3512
15.81447172164917, 3511
15.81447172164917, 3510
15.8304922580719, 3509
15.8304922580719, 3508
15.854475975036621, 3507
15.854475975036621, 3506
15.870435237884521, 3505
15.870435237884521, 3504
15.870435237884521, 3503
15.870435237884521, 3502
15.878461837768555, 3501
15.878461837768555, 3500
15.88642406463623, 3499
15.902444839477539, 3498
15.91840147972107, 3497
15.91840147972107, 3496
15.91840147972107, 3495
15.934390544891357, 3494
15.94238829612732, 3493
15.94238829612732, 3492
15.94238829612732, 3491
15.950381755828857, 3490
15.950381755828857, 3489
15.950381755828857, 3488
15.950381755828857, 3487
15.950381755828857, 3486
15.958376169204712, 3485
15.958376169204712, 3484
15.966370820999146, 3483
15.982358932495117, 3482
15.982358932495117, 3481
15.982358932495117, 3480
15.982358932495117, 3479
15.982358932495117, 3478
15.998348236083984, 3477
16.014337062835693, 3476
16.030327081680298, 3475
16.046315908432007, 3474
16.05431056022644, 3473
16.05431056022644, 3472
16.05431056022644, 3471
16.062339067459106, 3470
16.086291313171387, 3469
16.086291313171387, 3468
16.086291313171387, 3467
16.094285249710083, 3466
16.094285249710083, 3465
16.110340118408203, 3464
16.110340118408203, 3463
16.126293659210205, 3462
16.13429284095764, 3461
16.13429284095764, 3460
16.222230911254883, 3459
16.230194568634033, 3458
16.25417923927307, 3457
16.25417923927307, 3456
16.262206077575684, 3455
16.278193473815918, 3454
16.278193473815918, 3453
16.278193473815918, 3452
16.278193473815918, 3451
16.278193473815918, 3450
16.28618860244751, 3449
16.28618860244751, 3448
16.28618860244751, 3447
16.374128580093384, 3446
16.374128580093384, 3445
16.38209342956543, 3444
16.38209342956543, 3443
16.38209342956543, 3442
16.38209342956543, 3441
16.398083209991455, 3440
16.398083209991455, 3439
16.398083209991455, 3438
16.398083209991455, 3437
16.41407012939453, 3436
16.422066688537598, 3435
16.422066688537598, 3434
16.422066688537598, 3433
16.43009114265442, 3432
16.43009114265442, 3431
16.462074756622314, 3430
16.510006189346313, 3429
16.518009424209595, 3428
16.621931552886963, 3427
16.62995958328247, 3426
16.7019100189209, 3425
16.7019100189209, 3424
16.717867374420166, 3423
16.717867374420166, 3422
16.72591733932495, 3421
16.72591733932495, 3420
16.72591733932495, 3419
16.72591733932495, 3418
16.72591733932495, 3417
16.733858346939087, 3416
16.765836477279663, 3415
16.789851665496826, 3414
16.805809259414673, 3413
16.805809259414673, 3412
16.829794883728027, 3411
16.869767904281616, 3410
16.869767904281616, 3409
16.869767904281616, 3408
16.88575792312622, 3407
16.88575792312622, 3406
16.88575792312622, 3405
16.88575792312622, 3404
16.88575792312622, 3403
16.88575792312622, 3402
16.88575792312622, 3401
16.90174651145935, 3400
16.90977382659912, 3399
16.93375563621521, 3398
17.11760687828064, 3397
17.245516300201416, 3396
17.245516300201416, 3395
17.293515920639038, 3394
17.301478385925293, 3393
17.421398639678955, 3392
17.429394483566284, 3391
17.62927222251892, 3390
18.10094451904297, 3389
18.10094451904297, 3388
18.10094451904297, 3387
31.918789386749268, 3386
32.156933546066284, 3385
32.65875959396362, 3384
33.41330313682556, 3383
33.55720567703247, 3382
34.03692269325256, 3381
34.17282748222351, 3380
34.3327214717865, 3379
34.59162974357605, 3378
34.676279067993164, 3377
35.2266960144043, 3376
35.936710834503174, 3375
36.00173544883728, 3374
36.13324451446533, 3373
36.36111569404602, 3372
37.358763456344604, 3371
37.5683057308197, 3370
37.85895109176636, 3369
38.481338024139404, 3368
39.23706555366516, 3367
39.79607629776001, 3366
39.820539474487305, 3365
44.10022854804993, 3364
45.052509784698486, 3363
45.86048173904419, 3362
46.30908799171448, 3361
46.560553312301636, 3360
46.62153601646423, 3359
47.049184799194336, 3358
47.166638135910034, 3357
47.19787883758545, 3356
48.0548050403595, 3355
48.93088722229004, 3354
49.79162549972534, 3353
49.93553066253662, 3352
50.82579946517944, 3351
52.682337284088135, 3350
52.7135808467865, 3349
53.57264566421509, 3348
53.88070201873779, 3347
55.851069688797, 3346
56.5136182308197, 3345
56.93454599380493, 3344
58.365578174591064, 3343
58.86107397079468, 3342
59.46504855155945, 3341
