11.501673460006714, 5687
11.501673460006714, 5686
11.52017855644226, 5685
11.52017855644226, 5684
11.52017855644226, 5683
11.52017855644226, 5682
11.52017855644226, 5681
11.52017855644226, 5680
11.52017855644226, 5679
11.52017855644226, 5678
11.52017855644226, 5677
11.538944005966187, 5676
11.53994083404541, 5675
11.53994083404541, 5674
11.53994083404541, 5673
11.53994083404541, 5672
11.53994083404541, 5671
11.53994083404541, 5670
11.53994083404541, 5669
11.555607557296753, 5668
11.555607557296753, 5667
11.555607557296753, 5666
11.555607557296753, 5665
11.555607557296753, 5664
11.555607557296753, 5663
11.572429656982422, 5662
11.586000204086304, 5661
11.586000204086304, 5660
11.586000204086304, 5659
11.586000204086304, 5658
11.586000204086304, 5657
11.586000204086304, 5656
11.601663827896118, 5655
11.601663827896118, 5654
11.617422342300415, 5653
11.617422342300415, 5652
11.618420839309692, 5651
11.618420839309692, 5650
11.618420839309692, 5649
11.618420839309692, 5648
11.618420839309692, 5647
11.618420839309692, 5646
11.618420839309692, 5645
11.618420839309692, 5644
11.618420839309692, 5643
11.634302139282227, 5642
11.642463207244873, 5641
11.642463207244873, 5640
11.642463207244873, 5639
11.642463207244873, 5638
11.642463207244873, 5637
11.642463207244873, 5636
11.642463207244873, 5635
11.642463207244873, 5634
11.642463207244873, 5633
11.642463207244873, 5632
11.642463207244873, 5631
11.673744678497314, 5630
11.673744678497314, 5629
11.673744678497314, 5628
11.673744678497314, 5627
11.673744678497314, 5626
11.673744678497314, 5625
11.673744678497314, 5624
11.673744678497314, 5623
11.673744678497314, 5622
11.673744678497314, 5621
11.673744678497314, 5620
11.673744678497314, 5619
11.673744678497314, 5618
11.673744678497314, 5617
11.686285495758057, 5616
11.686285495758057, 5615
11.686285495758057, 5614
11.686285495758057, 5613
11.686285495758057, 5612
11.686285495758057, 5611
11.686285495758057, 5610
11.686285495758057, 5609
11.686285495758057, 5608
11.686285495758057, 5607
11.686285495758057, 5606
11.686285495758057, 5605
11.71756911277771, 5604
11.71756911277771, 5603
11.71756911277771, 5602
11.71756911277771, 5601
11.71756911277771, 5600
11.71756911277771, 5599
11.71756911277771, 5598
11.71756911277771, 5597
11.735994100570679, 5596
11.735994100570679, 5595
11.735994100570679, 5594
11.735994100570679, 5593
11.735994100570679, 5592
11.735994100570679, 5591
11.735994100570679, 5590
11.735994100570679, 5589
11.735994100570679, 5588
11.735994100570679, 5587
11.752875566482544, 5586
11.752875566482544, 5585
11.78416895866394, 5584
11.78416895866394, 5583
11.786210060119629, 5582
11.786210060119629, 5581
11.786210060119629, 5580
11.786210060119629, 5579
11.786210060119629, 5578
11.786210060119629, 5577
11.786210060119629, 5576
11.786210060119629, 5575
11.786210060119629, 5574
11.786210060119629, 5573
11.786210060119629, 5572
11.786210060119629, 5571
11.786210060119629, 5570
11.786210060119629, 5569
11.786210060119629, 5568
11.801870346069336, 5567
11.801870346069336, 5566
11.861543893814087, 5565
11.861543893814087, 5564
11.877206087112427, 5563
11.886253118515015, 5562
11.971282482147217, 5561
11.971282482147217, 5560
11.971282482147217, 5559
11.98634648323059, 5558
11.98634648323059, 5557
11.98634648323059, 5556
11.98634648323059, 5555
11.98634648323059, 5554
11.98634648323059, 5553
12.001979112625122, 5552
12.01759934425354, 5551
12.01759934425354, 5550
12.01759934425354, 5549
12.392590284347534, 5548
12.392590284347534, 5547
12.392590284347534, 5546
12.41318130493164, 5545
12.41318130493164, 5544
12.41318130493164, 5543
12.41318130493164, 5542
12.426526069641113, 5541
12.426526069641113, 5540
12.431130647659302, 5539
12.431130647659302, 5538
12.433199405670166, 5537
12.433199405670166, 5536
12.447041511535645, 5535
12.448098182678223, 5534
12.449306964874268, 5533
12.471710205078125, 5532
12.471710205078125, 5531
12.471710205078125, 5530
12.471710205078125, 5529
12.484946012496948, 5528
12.484946012496948, 5527
12.484946012496948, 5526
12.484946012496948, 5525
12.484946012496948, 5524
12.492010593414307, 5523
12.492010593414307, 5522
12.524457454681396, 5521
12.524457454681396, 5520
12.524457454681396, 5519
12.524457454681396, 5518
12.524457454681396, 5517
12.524457454681396, 5516
12.554792404174805, 5515
12.565882921218872, 5514
12.565882921218872, 5513
12.60691237449646, 5512
12.60691237449646, 5511
12.60691237449646, 5510
12.60691237449646, 5509
12.60691237449646, 5508
12.60691237449646, 5507
12.61397409439087, 5506
12.616028785705566, 5505
12.616028785705566, 5504
12.616028785705566, 5503
12.62533712387085, 5502
12.647197246551514, 5501
12.647197246551514, 5500
12.647197246551514, 5499
12.647197246551514, 5498
12.647197246551514, 5497
12.654753923416138, 5496
12.654753923416138, 5495
12.654753923416138, 5494
12.664985179901123, 5493
12.667044639587402, 5492
12.668045282363892, 5491
12.668045282363892, 5490
12.675138235092163, 5489
12.69760513305664, 5488
12.705687522888184, 5487
12.70769476890564, 5486
12.707754850387573, 5485
12.707754850387573, 5484
12.707754850387573, 5483
12.71581768989563, 5482
12.71581768989563, 5481
12.717879056930542, 5480
12.728031396865845, 5479
12.728031396865845, 5478
12.728031396865845, 5477
12.736098527908325, 5476
12.736098527908325, 5475
12.738160371780396, 5474
12.738160371780396, 5473
12.738160371780396, 5472
12.768508911132812, 5471
12.768508911132812, 5470
12.776614665985107, 5469
12.778679370880127, 5468
12.778679370880127, 5467
12.778679370880127, 5466
12.778679370880127, 5465
12.778679370880127, 5464
12.786757230758667, 5463
12.786757230758667, 5462
12.786757230758667, 5461
12.788823366165161, 5460
12.788823366165161, 5459
12.806930780410767, 5458
12.806930780410767, 5457
12.819130659103394, 5456
12.819130659103394, 5455
12.830400466918945, 5454
12.830400466918945, 5453
12.830400466918945, 5452
12.830400466918945, 5451
12.830400466918945, 5450
12.839568614959717, 5449
12.847654581069946, 5448
12.847654581069946, 5447
12.848653078079224, 5446
12.849708080291748, 5445
12.849708080291748, 5444
12.857801675796509, 5443
12.857801675796509, 5442
12.870700120925903, 5441
12.870700120925903, 5440
12.870700120925903, 5439
12.870700120925903, 5438
12.877798795700073, 5437
12.877798795700073, 5436
12.879854917526245, 5435
12.879854917526245, 5434
12.879854917526245, 5433
12.879854917526245, 5432
12.879854917526245, 5431
12.879854917526245, 5430
12.879854917526245, 5429
12.879854917526245, 5428
12.879854917526245, 5427
12.879854917526245, 5426
12.879854917526245, 5425
12.879854917526245, 5424
12.889013528823853, 5423
12.891063213348389, 5422
12.891063213348389, 5421
12.891063213348389, 5420
12.891063213348389, 5419
12.891063213348389, 5418
12.898289918899536, 5417
12.900341987609863, 5416
12.900341987609863, 5415
12.900341987609863, 5414
12.910496950149536, 5413
12.910496950149536, 5412
12.910496950149536, 5411
12.918562412261963, 5410
12.920615911483765, 5409
12.920615911483765, 5408
12.920615911483765, 5407
12.930720806121826, 5406
12.94890570640564, 5405
12.95096230506897, 5404
12.95096230506897, 5403
12.95096230506897, 5402
12.95096230506897, 5401
12.962329387664795, 5400
12.96943998336792, 5399
12.96943998336792, 5398
12.981468915939331, 5397
12.999691247940063, 5396
12.999691247940063, 5395
13.001748085021973, 5394
13.001748085021973, 5393
13.011854887008667, 5392
13.011854887008667, 5391
13.011854887008667, 5390
13.011854887008667, 5389
13.011854887008667, 5388
13.011854887008667, 5387
13.011854887008667, 5386
13.019894123077393, 5385
13.021955251693726, 5384
13.021955251693726, 5383
13.021955251693726, 5382
13.03001594543457, 5381
13.03001594543457, 5380
13.042195081710815, 5379
13.052300930023193, 5378
13.052300930023193, 5377
13.060388088226318, 5376
13.062294483184814, 5375
13.063279867172241, 5374
13.064290523529053, 5373
13.070344924926758, 5372
13.074773788452148, 5371
13.074773788452148, 5370
13.075770616531372, 5369
13.075770616531372, 5368
13.075770616531372, 5367
13.075770616531372, 5366
13.075770616531372, 5365
13.08927869796753, 5364
13.090275764465332, 5363
13.091635465621948, 5362
13.100571870803833, 5361
13.101603269577026, 5360
13.101603269577026, 5359
13.101603269577026, 5358
13.101603269577026, 5357
13.10943055152893, 5356
13.110430240631104, 5355
13.118471384048462, 5354
13.118745803833008, 5353
13.120142221450806, 5352
13.121141195297241, 5351
13.121141195297241, 5350
13.121141195297241, 5349
13.121141195297241, 5348
13.121141195297241, 5347
13.121141195297241, 5346
13.121141195297241, 5345
13.121141195297241, 5344
13.121141195297241, 5343
13.121141195297241, 5342
13.121141195297241, 5341
13.136281251907349, 5340
13.137231826782227, 5339
13.138229131698608, 5338
13.138229131698608, 5337
13.138229131698608, 5336
13.138229131698608, 5335
13.138229131698608, 5334
13.138229131698608, 5333
13.146231174468994, 5332
13.146231174468994, 5331
13.155537843704224, 5330
13.155537843704224, 5329
13.155537843704224, 5328
13.155537843704224, 5327
13.155537843704224, 5326
13.155537843704224, 5325
13.171200037002563, 5324
13.171200037002563, 5323
13.171200037002563, 5322
13.171200037002563, 5321
13.186908483505249, 5320
13.187939405441284, 5319
13.187939405441284, 5318
13.187939405441284, 5317
13.187939405441284, 5316
13.187939405441284, 5315
13.187939405441284, 5314
13.187939405441284, 5313
13.187939405441284, 5312
13.187939405441284, 5311
13.187939405441284, 5310
13.187939405441284, 5309
13.187939405441284, 5308
13.187939405441284, 5307
13.200475692749023, 5306
13.200475692749023, 5305
13.200475692749023, 5304
13.200475692749023, 5303
13.200475692749023, 5302
13.200475692749023, 5301
13.200475692749023, 5300
13.200475692749023, 5299
13.200475692749023, 5298
13.200475692749023, 5297
13.200475692749023, 5296
13.200475692749023, 5295
13.218798398971558, 5294
13.220791578292847, 5293
13.220791578292847, 5292
13.220791578292847, 5291
13.220791578292847, 5290
13.220791578292847, 5289
13.220791578292847, 5288
13.220791578292847, 5287
13.236459016799927, 5286
13.236459016799927, 5285
13.236459016799927, 5284
13.236459016799927, 5283
13.25204610824585, 5282
13.25204610824585, 5281
13.25204610824585, 5280
13.25204610824585, 5279
13.25204610824585, 5278
13.25204610824585, 5277
13.25204610824585, 5276
13.25204610824585, 5275
13.25204610824585, 5274
13.267702341079712, 5273
13.267702341079712, 5272
13.267702341079712, 5271
13.267702341079712, 5270
13.267702341079712, 5269
13.278252124786377, 5268
13.278252124786377, 5267
13.278252124786377, 5266
13.278252124786377, 5265
13.278252124786377, 5264
13.278252124786377, 5263
13.278252124786377, 5262
13.278252124786377, 5261
13.278252124786377, 5260
13.278252124786377, 5259
13.278252124786377, 5258
13.295063257217407, 5257
13.295063257217407, 5256
13.295063257217407, 5255
13.295063257217407, 5254
13.300609588623047, 5253
13.300609588623047, 5252
13.300609588623047, 5251
13.300609588623047, 5250
13.300609588623047, 5249
13.300609588623047, 5248
13.300609588623047, 5247
13.300609588623047, 5246
13.300609588623047, 5245
13.300609588623047, 5244
13.300609588623047, 5243
13.300609588623047, 5242
13.300609588623047, 5241
13.316270351409912, 5240
13.316270351409912, 5239
13.331891775131226, 5238
13.331891775131226, 5237
13.347513437271118, 5236
13.347513437271118, 5235
13.347513437271118, 5234
13.347513437271118, 5233
13.347513437271118, 5232
13.363134384155273, 5231
13.363134384155273, 5230
13.379377365112305, 5229
13.401602029800415, 5228
13.401602029800415, 5227
13.401602029800415, 5226
13.401602029800415, 5225
13.401602029800415, 5224
13.401602029800415, 5223
13.401602029800415, 5222
13.401602029800415, 5221
13.417268514633179, 5220
13.417268514633179, 5219
13.432923793792725, 5218
13.432923793792725, 5217
13.432923793792725, 5216
13.432923793792725, 5215
13.432923793792725, 5214
13.432923793792725, 5213
13.432923793792725, 5212
13.432923793792725, 5211
13.432923793792725, 5210
13.432923793792725, 5209
13.432923793792725, 5208
13.44861364364624, 5207
13.44964861869812, 5206
13.44964861869812, 5205
13.44964861869812, 5204
13.44964861869812, 5203
13.44964861869812, 5202
13.44964861869812, 5201
13.44964861869812, 5200
13.44964861869812, 5199
13.44964861869812, 5198
13.44964861869812, 5197
13.44964861869812, 5196
13.465304851531982, 5195
13.465304851531982, 5194
13.465304851531982, 5193
13.465304851531982, 5192
13.485342741012573, 5191
13.485342741012573, 5190
13.485342741012573, 5189
13.485342741012573, 5188
13.485342741012573, 5187
13.501643180847168, 5186
13.517308950424194, 5185
13.517308950424194, 5184
13.517308950424194, 5183
13.517308950424194, 5182
13.532930612564087, 5181
13.532930612564087, 5180
13.532930612564087, 5179
13.532930612564087, 5178
13.532930612564087, 5177
13.532930612564087, 5176
13.532930612564087, 5175
13.532930612564087, 5174
13.532930612564087, 5173
13.548551797866821, 5172
13.548551797866821, 5171
13.548551797866821, 5170
13.548551797866821, 5169
13.548551797866821, 5168
13.548551797866821, 5167
13.548551797866821, 5166
13.548551797866821, 5165
13.548551797866821, 5164
13.548551797866821, 5163
13.567144632339478, 5162
13.567144632339478, 5161
13.567144632339478, 5160
13.567144632339478, 5159
13.567144632339478, 5158
13.583187818527222, 5157
13.583187818527222, 5156
13.5877525806427, 5155
13.5877525806427, 5154
13.5877525806427, 5153
13.5877525806427, 5152
13.5877525806427, 5151
13.5877525806427, 5150
13.5877525806427, 5149
13.5877525806427, 5148
13.5877525806427, 5147
13.5877525806427, 5146
13.5877525806427, 5145
13.5877525806427, 5144
13.601451635360718, 5143
13.601451635360718, 5142
13.601451635360718, 5141
13.617119312286377, 5140
13.617119312286377, 5139
13.617119312286377, 5138
13.617119312286377, 5137
13.617119312286377, 5136
13.617119312286377, 5135
13.617119312286377, 5134
13.632741451263428, 5133
13.632741451263428, 5132
13.64836311340332, 5131
13.64836311340332, 5130
13.64836311340332, 5129
13.64836311340332, 5128
13.64836311340332, 5127
13.64836311340332, 5126
13.64836311340332, 5125
13.64836311340332, 5124
13.64836311340332, 5123
13.64836311340332, 5122
13.64836311340332, 5121
13.64836311340332, 5120
13.666411638259888, 5119
13.666411638259888, 5118
13.666411638259888, 5117
13.666411638259888, 5116
13.68209433555603, 5115
13.68209433555603, 5114
13.68209433555603, 5113
13.68209433555603, 5112
13.68209433555603, 5111
13.68209433555603, 5110
13.68209433555603, 5109
13.68209433555603, 5108
13.68209433555603, 5107
13.68209433555603, 5106
13.69774866104126, 5105
13.700291156768799, 5104
13.700291156768799, 5103
13.715952634811401, 5102
13.715952634811401, 5101
13.715952634811401, 5100
13.715952634811401, 5099
13.715952634811401, 5098
13.715952634811401, 5097
13.731576919555664, 5096
13.731576919555664, 5095
13.731576919555664, 5094
13.731576919555664, 5093
13.731576919555664, 5092
13.731576919555664, 5091
13.731576919555664, 5090
13.731576919555664, 5089
13.731576919555664, 5088
13.731576919555664, 5087
13.731576919555664, 5086
13.731576919555664, 5085
13.748454093933105, 5084
13.748454093933105, 5083
13.748454093933105, 5082
13.748454093933105, 5081
13.748454093933105, 5080
13.748454093933105, 5079
13.76414155960083, 5078
13.76414155960083, 5077
13.76414155960083, 5076
13.76414155960083, 5075
13.76414155960083, 5074
13.76414155960083, 5073
13.76414155960083, 5072
13.76414155960083, 5071
13.76414155960083, 5070
13.76414155960083, 5069
13.76414155960083, 5068
13.76414155960083, 5067
13.76414155960083, 5066
13.76414155960083, 5065
13.76414155960083, 5064
13.76414155960083, 5063
13.76414155960083, 5062
13.76414155960083, 5061
13.76414155960083, 5060
13.77975845336914, 5059
13.79257607460022, 5058
13.79257607460022, 5057
13.800259113311768, 5056
13.801256895065308, 5055
13.801256895065308, 5054
13.801256895065308, 5053
13.801256895065308, 5052
13.801256895065308, 5051
13.801256895065308, 5050
13.816939115524292, 5049
13.816939115524292, 5048
13.816939115524292, 5047
13.816939115524292, 5046
13.816939115524292, 5045
13.816939115524292, 5044
13.816939115524292, 5043
13.816939115524292, 5042
13.816939115524292, 5041
13.816939115524292, 5040
13.835186958312988, 5039
13.835186958312988, 5038
13.835186958312988, 5037
13.835186958312988, 5036
13.835186958312988, 5035
13.835186958312988, 5034
13.835186958312988, 5033
13.835186958312988, 5032
13.850850582122803, 5031
13.850850582122803, 5030
13.850850582122803, 5029
13.850850582122803, 5028
13.866473197937012, 5027
13.866473197937012, 5026
13.866473197937012, 5025
13.866473197937012, 5024
13.866473197937012, 5023
13.866473197937012, 5022
13.866473197937012, 5021
13.882094621658325, 5020
13.882094621658325, 5019
13.882094621658325, 5018
13.882094621658325, 5017
13.882094621658325, 5016
13.894988536834717, 5015
13.912324905395508, 5014
13.912324905395508, 5013
13.912324905395508, 5012
13.912324905395508, 5011
13.912324905395508, 5010
13.920397520065308, 5009
13.922464370727539, 5008
13.922464370727539, 5007
13.922464370727539, 5006
13.922464370727539, 5005
13.922464370727539, 5004
13.922464370727539, 5003
13.930527448654175, 5002
13.932591438293457, 5001
13.932591438293457, 5000
13.932591438293457, 4999
13.932591438293457, 4998
13.940655708312988, 4997
13.940655708312988, 4996
13.94272232055664, 4995
13.94272232055664, 4994
13.94272232055664, 4993
13.950786113739014, 4992
13.952847242355347, 4991
13.952847242355347, 4990
13.952847242355347, 4989
13.952847242355347, 4988
13.952847242355347, 4987
13.952847242355347, 4986
13.960916757583618, 4985
13.960916757583618, 4984
13.960916757583618, 4983
13.963006973266602, 4982
13.963006973266602, 4981
13.963991403579712, 4980
13.98128628730774, 4979
13.98128628730774, 4978
13.982285022735596, 4977
13.982285022735596, 4976
13.983299255371094, 4975
13.98430061340332, 4974
13.98430061340332, 4973
13.98430061340332, 4972
13.98430061340332, 4971
13.98430061340332, 4970
13.98430061340332, 4969
13.98430061340332, 4968
13.99136209487915, 4967
13.99136209487915, 4966
14.014403343200684, 4965
14.014403343200684, 4964
14.014403343200684, 4963
14.014403343200684, 4962
14.014403343200684, 4961
14.014403343200684, 4960
14.014403343200684, 4959
14.021966934204102, 4958
14.021966934204102, 4957
14.021966934204102, 4956
14.032038927078247, 4955
14.044209957122803, 4954
14.044209957122803, 4953
14.054335832595825, 4952
14.054335832595825, 4951
14.062397718429565, 4950
14.064449787139893, 4949
14.064449787139893, 4948
14.064449787139893, 4947
14.064449787139893, 4946
14.07456088066101, 4945
14.07456088066101, 4944
14.07456088066101, 4943
14.07456088066101, 4942
14.07456088066101, 4941
14.07456088066101, 4940
14.082615375518799, 4939
14.084667205810547, 4938
14.084667205810547, 4937
14.09479284286499, 4936
14.09479284286499, 4935
14.098756790161133, 4934
14.098756790161133, 4933
14.099753856658936, 4932
14.099753856658936, 4931
14.099753856658936, 4930
14.099753856658936, 4929
14.099753856658936, 4928
14.104893922805786, 4927
14.104893922805786, 4926
14.112898349761963, 4925
14.112957239151001, 4924
14.112957239151001, 4923
14.112957239151001, 4922
14.115015029907227, 4921
14.125123023986816, 4920
14.125123023986816, 4919
14.125123023986816, 4918
14.135206460952759, 4917
14.135206460952759, 4916
14.135206460952759, 4915
14.135206460952759, 4914
14.135206460952759, 4913
14.135206460952759, 4912
14.135206460952759, 4911
14.143271446228027, 4910
14.143271446228027, 4909
14.155460596084595, 4908
14.155460596084595, 4907
14.155460596084595, 4906
14.155460596084595, 4905
14.163513898849487, 4904
14.163513898849487, 4903
14.165565252304077, 4902
14.165565252304077, 4901
14.165565252304077, 4900
14.165565252304077, 4899
14.165565252304077, 4898
14.176658630371094, 4897
14.176658630371094, 4896
14.176658630371094, 4895
14.185799360275269, 4894
14.196999788284302, 4893
14.204066038131714, 4892
14.204066038131714, 4891
14.204066038131714, 4890
14.206119298934937, 4889
14.206119298934937, 4888
14.206119298934937, 4887
14.206119298934937, 4886
14.206119298934937, 4885
14.206119298934937, 4884
14.206119298934937, 4883
14.206119298934937, 4882
14.206119298934937, 4881
14.206119298934937, 4880
14.214322090148926, 4879
14.214322090148926, 4878
14.21532654762268, 4877
14.21532654762268, 4876
14.21532654762268, 4875
14.21633529663086, 4874
14.217335224151611, 4873
14.217549800872803, 4872
14.219544410705566, 4871
14.221059322357178, 4870
14.221059322357178, 4869
14.221059322357178, 4868
14.221059322357178, 4867
14.224626541137695, 4866
14.224626541137695, 4865
14.224626541137695, 4864
14.22667908668518, 4863
14.22667908668518, 4862
14.22667908668518, 4861
14.22667908668518, 4860
14.22667908668518, 4859
14.22667908668518, 4858
14.22667908668518, 4857
14.22667908668518, 4856
14.22667908668518, 4855
14.234749555587769, 4854
14.234749555587769, 4853
14.236802101135254, 4852
14.236802101135254, 4851
14.236802101135254, 4850
14.236802101135254, 4849
14.236802101135254, 4848
14.236802101135254, 4847
14.236802101135254, 4846
14.236802101135254, 4845
14.236802101135254, 4844
14.236802101135254, 4843
14.236802101135254, 4842
14.236802101135254, 4841
14.236802101135254, 4840
14.244853734970093, 4839
14.244853734970093, 4838
14.244853734970093, 4837
14.24690556526184, 4836
14.24690556526184, 4835
14.24690556526184, 4834
14.24690556526184, 4833
14.24690556526184, 4832
14.24690556526184, 4831
14.24690556526184, 4830
14.24690556526184, 4829
14.24690556526184, 4828
14.24690556526184, 4827
14.24690556526184, 4826
14.255024194717407, 4825
14.25709056854248, 4824
14.25709056854248, 4823
14.25709056854248, 4822
14.25709056854248, 4821
14.25709056854248, 4820
14.25709056854248, 4819
14.25709056854248, 4818
14.25709056854248, 4817
14.25709056854248, 4816
14.25709056854248, 4815
14.25709056854248, 4814
14.25709056854248, 4813
14.265143632888794, 4812
14.265143632888794, 4811
14.265143632888794, 4810
14.267194747924805, 4809
14.267194747924805, 4808
14.275417804718018, 4807
14.275417804718018, 4806
14.276416540145874, 4805
14.277414321899414, 4804
14.277414321899414, 4803
14.277414321899414, 4802
14.277414321899414, 4801
14.277414321899414, 4800
14.277414321899414, 4799
14.2855384349823, 4798
14.2855384349823, 4797
14.287611246109009, 4796
14.287611246109009, 4795
14.287611246109009, 4794
14.287611246109009, 4793
14.295682191848755, 4792
14.295682191848755, 4791
14.295682191848755, 4790
14.297748327255249, 4789
14.297748327255249, 4788
14.297748327255249, 4787
14.301315069198608, 4786
14.301315069198608, 4785
14.301315069198608, 4784
14.302339792251587, 4783
14.302339792251587, 4782
14.302339792251587, 4781
14.305897235870361, 4780
14.305897235870361, 4779
14.305897235870361, 4778
14.305897235870361, 4777
14.305897235870361, 4776
14.305897235870361, 4775
14.305897235870361, 4774
14.305897235870361, 4773
14.305897235870361, 4772
14.305897235870361, 4771
14.305897235870361, 4770
14.305897235870361, 4769
14.305897235870361, 4768
14.305897235870361, 4767
14.305897235870361, 4766
14.318037748336792, 4765
14.318037748336792, 4764
14.318037748336792, 4763
14.318037748336792, 4762
14.328142881393433, 4761
14.328142881393433, 4760
14.328142881393433, 4759
14.328142881393433, 4758
14.328142881393433, 4757
14.328142881393433, 4756
14.328142881393433, 4755
14.328142881393433, 4754
14.328142881393433, 4753
14.328142881393433, 4752
14.336207389831543, 4751
14.33825945854187, 4750
14.33825945854187, 4749
14.33825945854187, 4748
14.33825945854187, 4747
14.33825945854187, 4746
14.33825945854187, 4745
14.33825945854187, 4744
14.33825945854187, 4743
14.33825945854187, 4742
14.33825945854187, 4741
14.346312046051025, 4740
14.348363399505615, 4739
14.348363399505615, 4738
14.348363399505615, 4737
14.348363399505615, 4736
14.348363399505615, 4735
14.348363399505615, 4734
14.348363399505615, 4733
14.356432914733887, 4732
14.356432914733887, 4731
14.358492851257324, 4730
14.358492851257324, 4729
14.358492851257324, 4728
14.358492851257324, 4727
14.358492851257324, 4726
14.358492851257324, 4725
14.358492851257324, 4724
14.358492851257324, 4723
14.358492851257324, 4722
14.358492851257324, 4721
14.358492851257324, 4720
14.358492851257324, 4719
14.358492851257324, 4718
14.366545915603638, 4717
14.366545915603638, 4716
14.366545915603638, 4715
14.36859941482544, 4714
14.36859941482544, 4713
14.36859941482544, 4712
14.36859941482544, 4711
14.36859941482544, 4710
14.36859941482544, 4709
14.36859941482544, 4708
14.36859941482544, 4707
14.36859941482544, 4706
14.376666069030762, 4705
14.376666069030762, 4704
14.378725051879883, 4703
14.378725051879883, 4702
14.378725051879883, 4701
14.378725051879883, 4700
14.378725051879883, 4699
14.378725051879883, 4698
14.378725051879883, 4697
14.378725051879883, 4696
14.378725051879883, 4695
14.378725051879883, 4694
14.378725051879883, 4693
14.378725051879883, 4692
14.378725051879883, 4691
14.386780738830566, 4690
14.386780738830566, 4689
14.386780738830566, 4688
14.388832092285156, 4687
14.388832092285156, 4686
14.388832092285156, 4685
14.388832092285156, 4684
14.388832092285156, 4683
14.388832092285156, 4682
14.388832092285156, 4681
14.388832092285156, 4680
14.388832092285156, 4679
14.388832092285156, 4678
14.388832092285156, 4677
14.388832092285156, 4676
14.388832092285156, 4675
14.396962881088257, 4674
14.396962881088257, 4673
14.396962881088257, 4672
14.397987365722656, 4671
14.397987365722656, 4670
14.399011850357056, 4669
14.399011850357056, 4668
14.4000403881073, 4667
14.4000403881073, 4666
14.4000403881073, 4665
14.4000403881073, 4664
14.4000403881073, 4663
14.4000403881073, 4662
14.4000403881073, 4661
14.4000403881073, 4660
14.4000403881073, 4659
14.4000403881073, 4658
14.4000403881073, 4657
14.4000403881073, 4656
14.407106637954712, 4655
14.407106637954712, 4654
14.407106637954712, 4653
14.407106637954712, 4652
14.407106637954712, 4651
14.407106637954712, 4650
14.407106637954712, 4649
14.421753644943237, 4648
14.421753644943237, 4647
14.422753095626831, 4646
14.422753095626831, 4645
14.422753095626831, 4644
14.422753095626831, 4643
14.422753095626831, 4642
14.422753095626831, 4641
14.422753095626831, 4640
14.422753095626831, 4639
14.422753095626831, 4638
14.422753095626831, 4637
14.422753095626831, 4636
14.429807186126709, 4635
14.429807186126709, 4634
14.429807186126709, 4633
14.429807186126709, 4632
14.429807186126709, 4631
14.429807186126709, 4630
14.429807186126709, 4629
14.429807186126709, 4628
14.429807186126709, 4627
14.429807186126709, 4626
14.429807186126709, 4625
14.429807186126709, 4624
14.429807186126709, 4623
14.429807186126709, 4622
14.429807186126709, 4621
14.429807186126709, 4620
14.452031373977661, 4619
14.452031373977661, 4618
14.452031373977661, 4617
14.452031373977661, 4616
14.452031373977661, 4615
14.452031373977661, 4614
14.452031373977661, 4613
14.452031373977661, 4612
14.452031373977661, 4611
14.452031373977661, 4610
14.452031373977661, 4609
14.452031373977661, 4608
14.460104703903198, 4607
14.460104703903198, 4606
14.460104703903198, 4605
14.462157249450684, 4604
14.462157249450684, 4603
14.462157249450684, 4602
14.462157249450684, 4601
14.462157249450684, 4600
14.462157249450684, 4599
14.472268104553223, 4598
14.472268104553223, 4597
14.472268104553223, 4596
14.472268104553223, 4595
14.48243260383606, 4594
14.48243260383606, 4593
14.49048662185669, 4592
14.49048662185669, 4591
14.49048662185669, 4590
14.492543697357178, 4589
14.492543697357178, 4588
14.492543697357178, 4587
14.50060224533081, 4586
14.502658605575562, 4585
14.502658605575562, 4584
14.502658605575562, 4583
14.510711908340454, 4582
14.512763738632202, 4581
14.512763738632202, 4580
14.512763738632202, 4579
14.512763738632202, 4578
14.512763738632202, 4577
14.512763738632202, 4576
14.512763738632202, 4575
14.520821332931519, 4574
14.522881031036377, 4573
14.522881031036377, 4572
14.522881031036377, 4571
14.522881031036377, 4570
14.522881031036377, 4569
14.522881031036377, 4568
14.53299880027771, 4567
14.53299880027771, 4566
14.53299880027771, 4565
14.53299880027771, 4564
14.53299880027771, 4563
14.53299880027771, 4562
14.53299880027771, 4561
14.551424503326416, 4560
14.553478956222534, 4559
14.553478956222534, 4558
14.553478956222534, 4557
14.553478956222534, 4556
14.563620805740356, 4555
14.563620805740356, 4554
14.563620805740356, 4553
14.563620805740356, 4552
14.563620805740356, 4551
14.571674585342407, 4550
14.571674585342407, 4549
14.584866285324097, 4548
14.584866285324097, 4547
14.584866285324097, 4546
14.584866285324097, 4545
14.584866285324097, 4544
14.584866285324097, 4543
14.584866285324097, 4542
14.584866285324097, 4541
14.591965436935425, 4540
14.591965436935425, 4539
14.591965436935425, 4538
14.594016551971436, 4537
14.594016551971436, 4536
14.594016551971436, 4535
14.594016551971436, 4534
14.594016551971436, 4533
14.594016551971436, 4532
14.602061033248901, 4531
14.604128122329712, 4530
14.604128122329712, 4529
14.605124473571777, 4528
14.605124473571777, 4527
14.605124473571777, 4526
14.605124473571777, 4525
14.614407777786255, 4524
14.615407705307007, 4523
14.615407705307007, 4522
14.615407705307007, 4521
14.615407705307007, 4520
14.62259316444397, 4519
14.62259316444397, 4518
14.623590230941772, 4517
14.623590230941772, 4516
14.624642133712769, 4515
14.624642133712769, 4514
14.6256422996521, 4513
14.6256422996521, 4512
14.632734298706055, 4511
14.634786128997803, 4510
14.634786128997803, 4509
14.634786128997803, 4508
14.644912242889404, 4507
14.645941734313965, 4506
14.645941734313965, 4505
14.653005599975586, 4504
14.65506100654602, 4503
14.65506100654602, 4502
14.65506100654602, 4501
14.665022850036621, 4500
14.666019439697266, 4499
14.666019439697266, 4498
14.666019439697266, 4497
14.673115730285645, 4496
14.673115730285645, 4495
14.673115730285645, 4494
14.673115730285645, 4493
14.673115730285645, 4492
14.673115730285645, 4491
14.673115730285645, 4490
14.673115730285645, 4489
14.673115730285645, 4488
14.673115730285645, 4487
14.673115730285645, 4486
14.673115730285645, 4485
14.673115730285645, 4484
14.673115730285645, 4483
14.673115730285645, 4482
14.683242797851562, 4481
14.684275150299072, 4480
14.684275150299072, 4479
14.68529486656189, 4478
14.68529486656189, 4477
14.68529486656189, 4476
14.6862952709198, 4475
14.6862952709198, 4474
14.6862952709198, 4473
14.6862952709198, 4472
14.6862952709198, 4471
14.6862952709198, 4470
14.6862952709198, 4469
14.6862952709198, 4468
14.693389654159546, 4467
14.693389654159546, 4466
14.693389654159546, 4465
14.693389654159546, 4464
14.693389654159546, 4463
14.693389654159546, 4462
14.693389654159546, 4461
14.693389654159546, 4460
14.693389654159546, 4459
14.693389654159546, 4458
14.693389654159546, 4457
14.693389654159546, 4456
14.693389654159546, 4455
14.693389654159546, 4454
14.693389654159546, 4453
14.693389654159546, 4452
14.693389654159546, 4451
14.703456401824951, 4450
14.703456401824951, 4449
14.703456401824951, 4448
14.705511093139648, 4447
14.705511093139648, 4446
14.705511093139648, 4445
14.705511093139648, 4444
14.705511093139648, 4443
14.705511093139648, 4442
14.705511093139648, 4441
14.705511093139648, 4440
14.705511093139648, 4439
14.705511093139648, 4438
14.705511093139648, 4437
14.705511093139648, 4436
14.705511093139648, 4435
14.713177680969238, 4434
14.713717222213745, 4433
14.713717222213745, 4432
14.713717222213745, 4431
14.714680910110474, 4430
14.715679168701172, 4429
14.715679168701172, 4428
14.716676712036133, 4427
14.716676712036133, 4426
14.716676712036133, 4425
14.716676712036133, 4424
14.716676712036133, 4423
14.716676712036133, 4422
14.716676712036133, 4421
14.716676712036133, 4420
14.716676712036133, 4419
14.716676712036133, 4418
14.716676712036133, 4417
14.716676712036133, 4416
14.723738670349121, 4415
14.724159240722656, 4414
14.724159240722656, 4413
14.724159240722656, 4412
14.725158214569092, 4411
14.725786209106445, 4410
14.725786209106445, 4409
14.726784944534302, 4408
14.726784944534302, 4407
14.726784944534302, 4406
14.733893156051636, 4405
14.733893156051636, 4404
14.733893156051636, 4403
14.733893156051636, 4402
14.733893156051636, 4401
14.733893156051636, 4400
14.733893156051636, 4399
14.733893156051636, 4398
14.74397349357605, 4397
14.746052742004395, 4396
14.746052742004395, 4395
14.746052742004395, 4394
14.746052742004395, 4393
14.746052742004395, 4392
14.746052742004395, 4391
14.746052742004395, 4390
14.754115104675293, 4389
14.756176471710205, 4388
14.756176471710205, 4387
14.756176471710205, 4386
14.756176471710205, 4385
14.756176471710205, 4384
14.756176471710205, 4383
14.756176471710205, 4382
14.756176471710205, 4381
14.756176471710205, 4380
14.756176471710205, 4379
14.764277935028076, 4378
14.764277935028076, 4377
14.764277935028076, 4376
14.766352653503418, 4375
14.766352653503418, 4374
14.766352653503418, 4373
14.767351388931274, 4372
14.767351388931274, 4371
14.767351388931274, 4370
14.767351388931274, 4369
14.767351388931274, 4368
14.767351388931274, 4367
14.774476051330566, 4366
14.774476051330566, 4365
14.77653956413269, 4364
14.77653956413269, 4363
14.77653956413269, 4362
14.77653956413269, 4361
14.77653956413269, 4360
14.784637928009033, 4359
14.784637928009033, 4358
14.784637928009033, 4357
14.78670048713684, 4356
14.78670048713684, 4355
14.78769850730896, 4354
14.78769850730896, 4353
14.78769850730896, 4352
14.78769850730896, 4351
14.794801950454712, 4350
14.794801950454712, 4349
14.796864032745361, 4348
14.796864032745361, 4347
14.796864032745361, 4346
14.796864032745361, 4345
14.796864032745361, 4344
14.796864032745361, 4343
14.804898023605347, 4342
14.805128574371338, 4341
14.806126594543457, 4340
14.807188034057617, 4339
14.808186292648315, 4338
14.808186292648315, 4337
14.808186292648315, 4336
14.808186292648315, 4335
14.808186292648315, 4334
14.813239336013794, 4333
14.814238548278809, 4332
14.815238237380981, 4331
14.816236019134521, 4330
14.817232370376587, 4329
14.817293882369995, 4328
14.818291902542114, 4327
14.818291902542114, 4326
14.818291902542114, 4325
14.818291902542114, 4324
14.818291902542114, 4323
14.818291902542114, 4322
14.82558822631836, 4321
14.82558822631836, 4320
14.82558822631836, 4319
14.826587677001953, 4318
14.826587677001953, 4317
14.827647924423218, 4316
14.828646183013916, 4315
14.828646183013916, 4314
14.828646183013916, 4313
14.828646183013916, 4312
14.828646183013916, 4311
14.828646183013916, 4310
14.835749864578247, 4309
14.835749864578247, 4308
14.837814569473267, 4307
14.837814569473267, 4306
14.837814569473267, 4305
14.837814569473267, 4304
14.837814569473267, 4303
14.837814569473267, 4302
14.837814569473267, 4301
14.845850467681885, 4300
14.847858428955078, 4299
14.847923755645752, 4298
14.848922491073608, 4297
14.848922491073608, 4296
14.848922491073608, 4295
14.848922491073608, 4294
14.85602879524231, 4293
14.85602879524231, 4292
14.858091115951538, 4291
14.858091115951538, 4290
14.858091115951538, 4289
14.858091115951538, 4288
14.858091115951538, 4287
14.858091115951538, 4286
14.866155624389648, 4285
14.866155624389648, 4284
14.866155624389648, 4283
14.868164539337158, 4282
14.868221521377563, 4281
14.868221521377563, 4280
14.868221521377563, 4279
14.868221521377563, 4278
14.868221521377563, 4277
14.868221521377563, 4276
14.876283168792725, 4275
14.878347635269165, 4274
14.878347635269165, 4273
14.886623620986938, 4272
14.88844919204712, 4271
14.88844919204712, 4270
14.896635055541992, 4269
14.898704051971436, 4268
14.898704051971436, 4267
14.90673017501831, 4266
14.908793687820435, 4265
14.908793687820435, 4264
14.917956829071045, 4263
14.918931007385254, 4262
14.918931007385254, 4261
14.927054643630981, 4260
14.929121255874634, 4259
14.929121255874634, 4258
14.938233852386475, 4257
14.940202236175537, 4256
14.940202236175537, 4255
14.947308778762817, 4254
14.949371099472046, 4253
14.949371099472046, 4252
14.959468364715576, 4251
14.967523574829102, 4250
14.967523574829102, 4249
14.967523574829102, 4248
14.967523574829102, 4247
14.977614164352417, 4246
14.977614164352417, 4245
14.979656457901001, 4244
14.980655193328857, 4243
14.980655193328857, 4242
14.980655193328857, 4241
14.987718105316162, 4240
14.989772319793701, 4239
14.989772319793701, 4238
14.989772319793701, 4237
14.99786901473999, 4236
14.999933004379272, 4235
14.999933004379272, 4234
15.010060548782349, 4233
15.010060548782349, 4232
15.010060548782349, 4231
15.020508527755737, 4230
15.020508527755737, 4229
15.020508527755737, 4228
15.028594255447388, 4227
15.030656576156616, 4226
15.030656576156616, 4225
15.038689851760864, 4224
15.042121410369873, 4223
15.042121410369873, 4222
15.04872441291809, 4221
15.05078673362732, 4220
15.05078673362732, 4219
15.060089111328125, 4218
15.063512086868286, 4217
15.064894676208496, 4216
15.066920280456543, 4215
15.068984270095825, 4214
15.068984270095825, 4213
15.068984270095825, 4212
15.068984270095825, 4211
15.079057455062866, 4210
15.081109762191772, 4209
15.081109762191772, 4208
15.081109762191772, 4207
15.089383125305176, 4206
15.092055559158325, 4205
15.094007730484009, 4204
15.094007730484009, 4203
15.099556684494019, 4202
15.100553035736084, 4201
15.100553035736084, 4200
15.108599185943604, 4199
15.11205267906189, 4198
15.11205267906189, 4197
15.11205267906189, 4196
15.121251821517944, 4195
15.125639915466309, 4194
15.126641273498535, 4193
15.12929368019104, 4192
15.12929368019104, 4191
15.137231588363647, 4190
15.140253067016602, 4189
15.142482280731201, 4188
15.142482280731201, 4187
15.142482280731201, 4186
15.149558782577515, 4185
15.161783695220947, 4184
15.182044982910156, 4183
15.182044982910156, 4182
15.194007873535156, 4181
15.195383310317993, 4180
15.232189178466797, 4179
15.392213344573975, 4178
15.392213344573975, 4177
15.392213344573975, 4176
15.42763090133667, 4175
15.428627729415894, 4174
15.444309711456299, 4173
15.444309711456299, 4172
15.475552320480347, 4171
15.475552320480347, 4170
15.492265939712524, 4169
15.508950471878052, 4168
15.533385992050171, 4167
15.533385992050171, 4166
15.533385992050171, 4165
15.549069881439209, 4164
15.549069881439209, 4163
15.549069881439209, 4162
15.564691305160522, 4161
15.564691305160522, 4160
15.564691305160522, 4159
15.597391605377197, 4158
15.597391605377197, 4157
15.597391605377197, 4156
15.649268865585327, 4155
15.649268865585327, 4154
15.666082620620728, 4153
15.71187448501587, 4152
15.71187448501587, 4151
15.737176418304443, 4150
15.738173246383667, 4149
15.771616697311401, 4148
15.788365840911865, 4147
15.788365840911865, 4146
15.804025650024414, 4145
15.81204104423523, 4144
15.81204104423523, 4143
15.904653072357178, 4142
15.904653072357178, 4141
15.92779541015625, 4140
15.944240093231201, 4139
15.944240093231201, 4138
16.046004056930542, 4137
16.046004056930542, 4136
16.115114450454712, 4135
16.13533592224121, 4134
16.147993326187134, 4133
16.147993326187134, 4132
16.166818380355835, 4131
16.166818380355835, 4130
16.166818380355835, 4129
16.18503189086914, 4128
16.18503189086914, 4127
16.207127332687378, 4126
16.208125352859497, 4125
16.21715784072876, 4124
16.234375, 4123
16.236433506011963, 4122
16.257023334503174, 4121
16.257023334503174, 4120
16.26827311515808, 4119
16.275365591049194, 4118
16.297688007354736, 4117
16.297688007354736, 4116
16.34632635116577, 4115
16.346359729766846, 4114
16.448411464691162, 4113
16.448411464691162, 4112
16.460360765457153, 4111
16.461392641067505, 4110
16.468751192092896, 4109
16.479728937149048, 4108
16.496837377548218, 4107
16.496837377548218, 4106
16.557625770568848, 4105
16.557625770568848, 4104
16.57830500602722, 4103
16.595036506652832, 4102
16.61072087287903, 4101
16.61072087287903, 4100
16.61072087287903, 4099
16.61072087287903, 4098
16.626341819763184, 4097
16.626341819763184, 4096
16.641963720321655, 4095
16.67562437057495, 4094
16.67562437057495, 4093
16.725497722625732, 4092
16.822762727737427, 4091
16.878840684890747, 4090
16.878840684890747, 4089
16.951077222824097, 4088
16.951077222824097, 4087
16.951077222824097, 4086
16.96900749206543, 4085
17.162891626358032, 4084
17.1730215549469, 4083
17.1730215549469, 4082
17.211504697799683, 4081
17.211504697799683, 4080
17.22381591796875, 4079
17.254207372665405, 4078
17.254207372665405, 4077
17.264383792877197, 4076
17.27103853225708, 4075
17.325960397720337, 4074
17.364904403686523, 4073
17.45475721359253, 4072
17.45475721359253, 4071
17.45475721359253, 4070
17.45475721359253, 4069
17.47917652130127, 4068
17.487350702285767, 4067
17.49748682975769, 4066
17.53797960281372, 4065
17.56834578514099, 4064
17.576406478881836, 4063
17.586729049682617, 4062
17.586729049682617, 4061
17.586729049682617, 4060
17.660468578338623, 4059
17.669577836990356, 4058
17.669577836990356, 4057
17.669577836990356, 4056
17.70026397705078, 4055
17.70026397705078, 4054
17.71037530899048, 4053
17.74111032485962, 4052
17.751234769821167, 4051
17.77190899848938, 4050
17.77190899848938, 4049
17.784000635147095, 4048
17.784000635147095, 4047
17.784000635147095, 4046
17.793493509292603, 4045
17.793493509292603, 4044
17.793493509292603, 4043
17.812259197235107, 4042
17.812259197235107, 4041
17.812259197235107, 4040
17.832629680633545, 4039
17.842723846435547, 4038
17.873106718063354, 4037
17.883243322372437, 4036
17.91369605064392, 4035
18.003211975097656, 4034
18.013360261917114, 4033
18.013360261917114, 4032
18.035646438598633, 4031
18.04576563835144, 4030
18.073995113372803, 4029
18.088523387908936, 4028
18.088575839996338, 4027
18.096672296524048, 4026
18.096672296524048, 4025
18.096672296524048, 4024
18.10679793357849, 4023
18.1332528591156, 4022
18.1332528591156, 4021
18.137309789657593, 4020
18.137309789657593, 4019
18.150427103042603, 4018
18.150427103042603, 4017
18.150427103042603, 4016
18.16756582260132, 4015
18.16963219642639, 4014
18.23034405708313, 4013
18.25893521308899, 4012
18.299621105194092, 4011
18.311831951141357, 4010
18.321956634521484, 4009
18.354501724243164, 4008
18.421687364578247, 4007
18.421687364578247, 4006
18.421687364578247, 4005
18.433817625045776, 4004
18.501898288726807, 4003
18.505577564239502, 4002
18.505577564239502, 4001
18.51282835006714, 4000
18.543135404586792, 3999
18.543135404586792, 3998
18.54518699645996, 3997
18.555344104766846, 3996
18.565449953079224, 3995
18.57557439804077, 3994
18.57557439804077, 3993
18.57557439804077, 3992
18.57557439804077, 3991
18.606876134872437, 3990
18.6463680267334, 3989
18.666625022888184, 3988
18.666625022888184, 3987
18.708507537841797, 3986
18.708507537841797, 3985
18.74086880683899, 3984
18.74086880683899, 3983
18.801801443099976, 3982
18.801801443099976, 3981
18.822306871414185, 3980
18.85980486869812, 3979
18.86188054084778, 3978
18.862879276275635, 3977
18.87204885482788, 3976
18.902585744857788, 3975
18.95328712463379, 3974
18.976930141448975, 3973
18.993694067001343, 3972
19.01520037651062, 3971
19.035094499588013, 3970
19.08518934249878, 3969
19.095294952392578, 3968
19.095294952392578, 3967
19.10539984703064, 3966
19.10539984703064, 3965
19.11760711669922, 3964
19.11760711669922, 3963
19.11760711669922, 3962
19.125747203826904, 3961
19.176306009292603, 3960
19.176306009292603, 3959
19.19658136367798, 3958
19.21685767173767, 3957
19.25551414489746, 3956
19.267701864242554, 3955
19.310688972473145, 3954
19.310688972473145, 3953
19.318750143051147, 3952
19.32331395149231, 3951
19.330959796905518, 3950
19.330959796905518, 3949
19.34108805656433, 3948
19.34108805656433, 3947
19.349141359329224, 3946
19.371374368667603, 3945
19.389585733413696, 3944
19.391636848449707, 3943
19.401764631271362, 3942
19.433350801467896, 3941
19.433350801467896, 3940
19.442480087280273, 3939
19.47282123565674, 3938
19.52757692337036, 3937
19.544235706329346, 3936
19.56099843978882, 3935
19.58260440826416, 3934
19.623112201690674, 3933
19.63527822494507, 3932
19.63527822494507, 3931
19.666778326034546, 3930
19.666778326034546, 3929
19.70422673225403, 3928
19.716493368148804, 3927
19.746906757354736, 3926
19.768141746520996, 3925
19.775232076644897, 3924
19.787482976913452, 3923
19.805927515029907, 3922
19.808558225631714, 3921
19.808558225631714, 3920
19.828917026519775, 3919
19.828917026519775, 3918
19.939895391464233, 3917
19.95201539993286, 3916
19.96213722229004, 3915
19.980453968048096, 3914
20.01277756690979, 3913
20.02288317680359, 3912
20.03301429748535, 3911
20.043195724487305, 3910
20.09522008895874, 3909
20.13287878036499, 3908
20.176724195480347, 3907
20.176724195480347, 3906
20.236499786376953, 3905
20.25452470779419, 3904
20.266719818115234, 3903
20.307246923446655, 3902
20.315322875976562, 3901
20.34684419631958, 3900
20.36605978012085, 3899
20.36605978012085, 3898
20.388362169265747, 3897
20.388362169265747, 3896
20.399715900421143, 3895
20.416901111602783, 3894
20.44726037979126, 3893
20.44726037979126, 3892
20.448257446289062, 3891
20.47977352142334, 3890
20.52879023551941, 3889
20.531866550445557, 3888
20.54103422164917, 3887
20.549437522888184, 3886
20.552493572235107, 3885
20.581890106201172, 3884
20.622398853302002, 3883
20.622398853302002, 3882
20.640591382980347, 3881
20.64265489578247, 3880
20.69336462020874, 3879
20.69336462020874, 3878
20.694397449493408, 3877
20.71366596221924, 3876
20.71366596221924, 3875
20.71466636657715, 3874
20.721760749816895, 3873
20.733853101730347, 3872
20.754114151000977, 3871
20.794630527496338, 3870
20.83293342590332, 3869
20.835009336471558, 3868
20.845121383666992, 3867
20.845177173614502, 3866
20.845177173614502, 3865
20.863218545913696, 3864
20.936152935028076, 3863
20.947335243225098, 3862
20.947335243225098, 3861
20.95646333694458, 3860
21.065786123275757, 3859
21.067811965942383, 3858
21.086047410964966, 3857
21.098261833190918, 3856
21.118874311447144, 3855
21.119035243988037, 3854
21.119035243988037, 3853
21.149434089660645, 3852
21.183002710342407, 3851
21.190067529678345, 3850
21.210350513458252, 3849
21.210350513458252, 3848
21.25109052658081, 3847
21.25109052658081, 3846
21.263246536254883, 3845
21.263246536254883, 3844
21.325125217437744, 3843
21.33221173286438, 3842
21.354430675506592, 3841
21.36455225944519, 3840
21.36455225944519, 3839
21.393247842788696, 3838
21.393247842788696, 3837
21.40538454055786, 3836
21.415504693984985, 3835
21.415504693984985, 3834
21.443819999694824, 3833
21.466243267059326, 3832
21.476499557495117, 3831
21.497775316238403, 3830
21.538363218307495, 3829
21.538363218307495, 3828
21.545417308807373, 3827
21.545417308807373, 3826
21.555485248565674, 3825
21.606163501739502, 3824
21.606163501739502, 3823
21.63651943206787, 3822
21.6385498046875, 3821
21.6385498046875, 3820
21.730101108551025, 3819
21.732163429260254, 3818
21.752532482147217, 3817
21.763781547546387, 3816
21.78117561340332, 3815
21.801538705825806, 3814
21.801538705825806, 3813
21.801538705825806, 3812
21.813654899597168, 3811
21.83184576034546, 3810
21.884500741958618, 3809
21.884500741958618, 3808
21.884500741958618, 3807
21.89567255973816, 3806
21.902730226516724, 3805
21.91575789451599, 3804
21.92487382888794, 3803
21.943063735961914, 3802
21.975692987442017, 3801
21.995944499969482, 3800
22.00607419013977, 3799
22.00607419013977, 3798
22.036463499069214, 3797
22.036463499069214, 3796
22.05674171447754, 3795
22.08770179748535, 3794
22.115437746047974, 3793
22.115437746047974, 3792
22.135669708251953, 3791
22.137723207473755, 3790
22.157965421676636, 3789
22.157965421676636, 3788
22.176355600357056, 3787
22.17735266685486, 3786
22.269721269607544, 3785
22.293161392211914, 3784
22.301103353500366, 3783
22.320354223251343, 3782
22.363296508789062, 3781
22.373201370239258, 3780
22.374135732650757, 3779
22.38330864906311, 3778
22.38330864906311, 3777
22.38330864906311, 3776
22.39428186416626, 3775
22.423625469207764, 3774
22.472298860549927, 3773
22.482380867004395, 3772
22.482380867004395, 3771
22.494609594345093, 3770
22.502477169036865, 3769
22.502477169036865, 3768
22.51459312438965, 3767
22.544919729232788, 3766
22.544919729232788, 3765
22.555200576782227, 3764
22.556200981140137, 3763
22.565345525741577, 3762
22.5754873752594, 3761
22.595710277557373, 3760
22.597400903701782, 3759
22.646465063095093, 3758
22.646465063095093, 3757
22.666701793670654, 3756
22.70845055580139, 3755
22.70845055580139, 3754
22.716890573501587, 3753
22.72593855857849, 3752
22.774027109146118, 3751
22.774027109146118, 3750
22.789681911468506, 3749
22.841871738433838, 3748
22.945756912231445, 3747
22.94808292388916, 3746
23.01287269592285, 3745
23.02770757675171, 3744
23.075992107391357, 3743
23.091660022735596, 3742
23.15884232521057, 3741
23.15884232521057, 3740
23.246893405914307, 3739
23.269312143325806, 3738
23.279436826705933, 3737
23.309828519821167, 3736
23.34938907623291, 3735
23.37170100212097, 3734
23.37170100212097, 3733
23.390964031219482, 3732
23.391953706741333, 3731
23.411450624465942, 3730
23.411450624465942, 3729
23.462172508239746, 3728
23.473222017288208, 3727
23.52357292175293, 3726
23.533740997314453, 3725
23.59299945831299, 3724
23.6030433177948, 3723
23.605113983154297, 3722
23.605113983154297, 3721
23.665822744369507, 3720
23.72562527656555, 3719
23.734439611434937, 3718
23.734439611434937, 3717
23.86664581298828, 3716
23.934377193450928, 3715
23.952693939208984, 3714
23.96972393989563, 3713
23.96972393989563, 3712
23.96972393989563, 3711
24.03643536567688, 3710
24.03643536567688, 3709
24.083382606506348, 3708
24.083382606506348, 3707
24.083382606506348, 3706
24.11459469795227, 3705
24.11459469795227, 3704
24.11459469795227, 3703
24.21371865272522, 3702
24.258498430252075, 3701
24.258498430252075, 3700
24.2667977809906, 3699
24.288079500198364, 3698
24.288079500198364, 3697
24.288079500198364, 3696
24.30516529083252, 3695
24.30516529083252, 3694
24.335498094558716, 3693
24.335498094558716, 3692
24.335498094558716, 3691
24.340068817138672, 3690
24.340068817138672, 3689
24.357794284820557, 3688
24.357794284820557, 3687
24.369061708450317, 3686
24.369061708450317, 3685
24.39640736579895, 3684
24.39640736579895, 3683
24.409573078155518, 3682
24.409573078155518, 3681
24.409573078155518, 3680
24.409573078155518, 3679
24.50964903831482, 3678
24.560150861740112, 3677
24.618608951568604, 3676
24.62061834335327, 3675
24.630635738372803, 3674
24.650946140289307, 3673
24.661036729812622, 3672
24.806766986846924, 3671
24.806766986846924, 3670
24.806766986846924, 3669
24.81588101387024, 3668
24.81588101387024, 3667
24.846296787261963, 3666
24.846296787261963, 3665
24.86653184890747, 3664
24.896949529647827, 3663
24.90725588798523, 3662
24.937551736831665, 3661
25.037009239196777, 3660
25.03907561302185, 3659
25.049201726913452, 3658
25.101134300231934, 3657
25.101134300231934, 3656
25.108190059661865, 3655
25.108190059661865, 3654
25.12031626701355, 3653
25.12031626701355, 3652
25.12840723991394, 3651
25.12840723991394, 3650
25.21950125694275, 3649
25.241816759109497, 3648
25.241816759109497, 3647
25.241816759109497, 3646
25.272377252578735, 3645
25.292689085006714, 3644
25.3028244972229, 3643
25.331413745880127, 3642
25.396931886672974, 3641
25.396931886672974, 3640
25.396931886672974, 3639
25.427246809005737, 3638
25.437352895736694, 3637
25.437352895736694, 3636
25.437352895736694, 3635
25.44537925720215, 3634
25.44537925720215, 3633
25.447432041168213, 3632
25.518249034881592, 3631
25.518249034881592, 3630
25.53848886489868, 3629
25.579015970230103, 3628
25.639808893203735, 3627
25.639808893203735, 3626
25.649935722351074, 3625
25.649935722351074, 3624
25.649935722351074, 3623
25.649935722351074, 3622
25.700278282165527, 3621
25.730655193328857, 3620
25.730655193328857, 3619
25.730655193328857, 3618
25.740781545639038, 3617
25.75896430015564, 3616
25.76927399635315, 3615
25.76927399635315, 3614
25.770272254943848, 3613
25.773330688476562, 3612
25.822307109832764, 3611
25.8539981842041, 3610
25.891364812850952, 3609
25.903563261032104, 3608
25.923819065093994, 3607
25.933960914611816, 3606
25.933960914611816, 3605
25.95422053337097, 3604
25.95422053337097, 3603
25.974884271621704, 3602
25.997137546539307, 3601
26.03765630722046, 3600
26.03765630722046, 3599
26.045709133148193, 3598
26.088456392288208, 3597
26.088456392288208, 3596
26.088456392288208, 3595
26.088456392288208, 3594
26.12914514541626, 3593
26.140398502349854, 3592
26.14750647544861, 3591
26.14750647544861, 3590
26.15964436531067, 3589
26.17784881591797, 3588
26.179913759231567, 3587
26.190040588378906, 3586
26.190040588378906, 3585
26.20123314857483, 3584
26.26198935508728, 3583
26.26198935508728, 3582
26.281161785125732, 3581
26.291303157806396, 3580
26.302498817443848, 3579
26.302498817443848, 3578
26.302498817443848, 3577
26.38227868080139, 3576
26.38227868080139, 3575
26.38702082633972, 3574
26.443024158477783, 3573
26.46327829360962, 3572
26.46327829360962, 3571
26.48147940635681, 3570
26.48348307609558, 3569
26.483532667160034, 3568
26.483532667160034, 3567
26.483532667160034, 3566
26.513756275177002, 3565
26.57438635826111, 3564
26.57438635826111, 3563
26.59483242034912, 3562
26.617529153823853, 3561
26.668176412582397, 3560
26.68943166732788, 3559
26.709528923034668, 3558
26.709528923034668, 3557
26.709528923034668, 3556
26.709528923034668, 3555
26.716588020324707, 3554
26.747043132781982, 3553
26.779541969299316, 3552
26.787689924240112, 3551
26.787689924240112, 3550
26.858707666397095, 3549
26.870884895324707, 3548
26.931995630264282, 3547
26.931995630264282, 3546
27.23866629600525, 3545
27.23866629600525, 3544
27.25889801979065, 3543
27.25889801979065, 3542
27.25889801979065, 3541
27.269094467163086, 3540
27.310861825942993, 3539
27.310861825942993, 3538
27.310861825942993, 3537
27.310861825942993, 3536
27.310861825942993, 3535
27.35050916671753, 3534
27.482417583465576, 3533
27.53281021118164, 3532
27.53281021118164, 3531
27.53281021118164, 3530
27.53281021118164, 3529
27.542922019958496, 3528
27.5732638835907, 3527
27.5732638835907, 3526
27.58337163925171, 3525
27.58337163925171, 3524
27.58337163925171, 3523
27.594494819641113, 3522
27.594494819641113, 3521
27.594494819641113, 3520
27.594494819641113, 3519
27.61175560951233, 3518
27.61175560951233, 3517
27.612752199172974, 3516
27.632032871246338, 3515
27.642158269882202, 3514
27.644211292266846, 3513
27.644211292266846, 3512
27.652272701263428, 3511
27.654327869415283, 3510
27.654327869415283, 3509
27.664433240890503, 3508
27.664433240890503, 3507
27.674550533294678, 3506
27.67560577392578, 3505
27.716789960861206, 3504
27.725943326950073, 3503
27.754411458969116, 3502
27.754411458969116, 3501
27.84820032119751, 3500
27.84820032119751, 3499
27.84820032119751, 3498
27.84820032119751, 3497
27.84820032119751, 3496
27.858341455459595, 3495
27.858341455459595, 3494
27.888785362243652, 3493
27.898918867111206, 3492
27.898918867111206, 3491
27.923049926757812, 3490
27.93933391571045, 3489
27.93933391571045, 3488
27.959590196609497, 3487
27.959590196609497, 3486
27.9697163105011, 3485
27.9697163105011, 3484
27.9697163105011, 3483
27.980311632156372, 3482
28.021124362945557, 3481
28.021124362945557, 3480
28.021124362945557, 3479
28.028425693511963, 3478
28.030436277389526, 3477
28.030436277389526, 3476
28.04052472114563, 3475
28.050628423690796, 3474
28.050628423690796, 3473
28.050628423690796, 3472
28.09930157661438, 3471
28.10935068130493, 3470
28.10935068130493, 3469
28.141463041305542, 3468
28.171841859817505, 3467
28.171841859817505, 3466
28.171841859817505, 3465
28.171841859817505, 3464
28.19206976890564, 3463
28.202214241027832, 3462
28.212286472320557, 3461
28.242281436920166, 3460
28.24327826499939, 3459
28.263579607009888, 3458
28.263579607009888, 3457
28.334707021713257, 3456
28.35183882713318, 3455
28.353890895843506, 3454
28.353890895843506, 3453
28.353890895843506, 3452
28.361984491348267, 3451
28.374146938323975, 3450
28.385378122329712, 3449
28.385378122329712, 3448
28.39244270324707, 3447
28.39244270324707, 3446
28.404567003250122, 3445
28.44898796081543, 3444
28.44898796081543, 3443
28.569517612457275, 3442
28.721989631652832, 3441
28.75242519378662, 3440
28.76253342628479, 3439
28.7718026638031, 3438
28.772855758666992, 3437
28.966843605041504, 3436
29.25178360939026, 3435
29.25280261039734, 3434
29.25280261039734, 3433
29.25986909866333, 3432
29.355161905288696, 3431
29.424026250839233, 3430
29.444366931915283, 3429
29.484891653060913, 3428
29.484891653060913, 3427
29.50304079055786, 3426
29.59609031677246, 3425
29.59609031677246, 3424
29.59609031677246, 3423
29.59609031677246, 3422
29.6264226436615, 3421
29.63772964477539, 3420
29.63772964477539, 3419
29.64684224128723, 3418
29.706137657165527, 3417
29.9310359954834, 3416
30.001030683517456, 3415
30.003029584884644, 3414
30.052849769592285, 3413
30.052849769592285, 3412
30.18452024459839, 3411
30.190560817718506, 3410
30.193101406097412, 3409
30.298018217086792, 3408
30.298018217086792, 3407
30.298018217086792, 3406
30.358580827713013, 3405
30.358580827713013, 3404
30.51906681060791, 3403
30.521137952804565, 3402
30.684760332107544, 3401
30.691815853118896, 3400
