6.36089301109314, 5687
6.362089395523071, 5686
6.363118886947632, 5685
6.363233327865601, 5684
6.374425411224365, 5683
6.375432729721069, 5682
6.376426458358765, 5681
6.37742280960083, 5680
6.378012180328369, 5679
6.379009962081909, 5678
6.380007743835449, 5677
6.380007743835449, 5676
6.380007743835449, 5675
6.381004810333252, 5674
6.38264274597168, 5673
6.383639097213745, 5672
6.384260177612305, 5671
6.385258674621582, 5670
6.385258674621582, 5669
6.386258602142334, 5668
6.386258602142334, 5667
6.392162322998047, 5666
6.392162322998047, 5665
6.393161058425903, 5664
6.400240421295166, 5663
6.404225587844849, 5662
6.407217502593994, 5661
6.407217502593994, 5660
6.40860915184021, 5659
6.409611225128174, 5658
6.410635948181152, 5657
6.410635948181152, 5656
6.410635948181152, 5655
6.410635948181152, 5654
6.418723106384277, 5653
6.4236369132995605, 5652
6.424666166305542, 5651
6.424666166305542, 5650
6.42563271522522, 5649
6.428799152374268, 5648
6.4298317432403564, 5647
6.4298317432403564, 5646
6.4298317432403564, 5645
6.4298317432403564, 5644
6.4298317432403564, 5643
6.4298317432403564, 5642
6.4298317432403564, 5641
6.438920021057129, 5640
6.439916133880615, 5639
6.439916133880615, 5638
6.440989017486572, 5637
6.443116664886475, 5636
6.447233200073242, 5635
6.45148491859436, 5634
6.45160436630249, 5633
6.452603101730347, 5632
6.456969976425171, 5631
6.457961797714233, 5630
6.469957590103149, 5629
6.469957590103149, 5628
6.469957590103149, 5627
6.469957590103149, 5626
6.469957590103149, 5625
6.469957590103149, 5624
6.469957590103149, 5623
6.469957590103149, 5622
6.469957590103149, 5621
6.469957590103149, 5620
6.469957590103149, 5619
6.475345611572266, 5618
6.476346731185913, 5617
6.476346731185913, 5616
6.479886770248413, 5615
6.479886770248413, 5614
6.481334209442139, 5613
6.489459991455078, 5612
6.490734577178955, 5611
6.490734577178955, 5610
6.4917638301849365, 5609
6.4917638301849365, 5608
6.4917638301849365, 5607
6.492734670639038, 5606
6.493728160858154, 5605
6.494943380355835, 5604
6.494943380355835, 5603
6.495974540710449, 5602
6.498027563095093, 5601
6.509990692138672, 5600
6.510987281799316, 5599
6.510987281799316, 5598
6.510987281799316, 5597
6.510987281799316, 5596
6.510987281799316, 5595
6.510987281799316, 5594
6.510987281799316, 5593
6.510987281799316, 5592
6.510987281799316, 5591
6.510987281799316, 5590
6.510987281799316, 5589
6.517616510391235, 5588
6.517616510391235, 5587
6.518609046936035, 5586
6.519611120223999, 5585
6.519611120223999, 5584
6.519611120223999, 5583
6.522325754165649, 5582
6.52812385559082, 5581
6.528381109237671, 5580
6.528381109237671, 5579
6.530569791793823, 5578
6.5436015129089355, 5577
6.544023752212524, 5576
6.545021057128906, 5575
6.5460169315338135, 5574
6.546149492263794, 5573
6.546149492263794, 5572
6.546149492263794, 5571
6.5471460819244385, 5570
6.547985076904297, 5569
6.547985076904297, 5568
6.553449392318726, 5567
6.553449392318726, 5566
6.555636405944824, 5565
6.5629565715789795, 5564
6.563984632492065, 5563
6.563984632492065, 5562
6.563984632492065, 5561
6.563984632492065, 5560
6.569037437438965, 5559
6.5802202224731445, 5558
6.584999322891235, 5557
6.585995674133301, 5556
6.585995674133301, 5555
6.585995674133301, 5554
6.589076995849609, 5553
6.589761972427368, 5552
6.590503215789795, 5551
6.591500282287598, 5550
6.591849327087402, 5549
6.59284782409668, 5548
6.593845844268799, 5547
6.594842195510864, 5546
6.595839500427246, 5545
6.595839500427246, 5544
6.596836805343628, 5543
6.597883939743042, 5542
6.597883939743042, 5541
6.602738857269287, 5540
6.606191635131836, 5539
6.607187986373901, 5538
6.607187986373901, 5537
6.611454725265503, 5536
6.611454725265503, 5535
6.64388108253479, 5534
6.64388108253479, 5533
6.6479387283325195, 5532
6.729809284210205, 5531
6.736803770065308, 5530
6.737846851348877, 5529
6.738846302032471, 5528
6.7392120361328125, 5527
6.7392120361328125, 5526
6.7392120361328125, 5525
6.7520716190338135, 5524
6.7520716190338135, 5523
6.7520716190338135, 5522
6.7520716190338135, 5521
6.7520716190338135, 5520
6.766328573226929, 5519
6.767324924468994, 5518
6.767846584320068, 5517
6.78032660484314, 5516
6.83007025718689, 5515
6.853643417358398, 5514
6.854410648345947, 5513
6.857617616653442, 5512
6.896008253097534, 5511
6.89700722694397, 5510
6.898002624511719, 5509
6.903090238571167, 5508
6.903090238571167, 5507
6.903090238571167, 5506
6.903090238571167, 5505
6.903090238571167, 5504
6.903090238571167, 5503
6.903090238571167, 5502
7.086446762084961, 5501
7.087445497512817, 5500
7.121070623397827, 5499
7.1220784187316895, 5498
7.1220784187316895, 5497
7.1255903244018555, 5496
7.137543439865112, 5495
7.138543128967285, 5494
7.13953971862793, 5493
7.140596628189087, 5492
7.140596628189087, 5491
7.141851425170898, 5490
7.142850160598755, 5489
7.157559394836426, 5488
7.15890097618103, 5487
7.16070032119751, 5486
7.168860912322998, 5485
7.17855429649353, 5484
7.182567596435547, 5483
7.182567596435547, 5482
7.182567596435547, 5481
7.200833797454834, 5480
7.200833797454834, 5479
7.202061653137207, 5478
7.202061653137207, 5477
7.202061653137207, 5476
7.203057289123535, 5475
7.203057289123535, 5474
7.2112205028533936, 5473
7.21321439743042, 5472
7.21321439743042, 5471
7.21321439743042, 5470
7.219881772994995, 5469
7.220878839492798, 5468
7.240641832351685, 5467
7.244460582733154, 5466
7.244460582733154, 5465
7.27066969871521, 5464
7.273669719696045, 5463
7.273669719696045, 5462
7.273669719696045, 5461
7.274869203567505, 5460
7.277907371520996, 5459
7.28032374382019, 5458
7.3008811473846436, 5457
7.301908493041992, 5456
7.301908493041992, 5455
7.3176305294036865, 5454
7.3188817501068115, 5453
7.319879770278931, 5452
7.321955680847168, 5451
7.325120687484741, 5450
7.329371213912964, 5449
7.335743188858032, 5448
7.335743188858032, 5447
7.338782072067261, 5446
7.339212417602539, 5445
7.339212417602539, 5444
7.339212417602539, 5443
7.340209722518921, 5442
7.340459823608398, 5441
7.341667652130127, 5440
7.342698097229004, 5439
7.3436644077301025, 5438
7.344363212585449, 5437
7.345361709594727, 5436
7.352061748504639, 5435
7.352061748504639, 5434
7.352061748504639, 5433
7.358227729797363, 5432
7.35953164100647, 5431
7.360531330108643, 5430
7.362056493759155, 5429
7.364050388336182, 5428
7.364050388336182, 5427
7.368635177612305, 5426
7.380215406417847, 5425
7.381497859954834, 5424
7.381497859954834, 5423
7.382497310638428, 5422
7.383172035217285, 5421
7.384169816970825, 5420
7.385166883468628, 5419
7.390786647796631, 5418
7.391641616821289, 5417
7.394384384155273, 5416
7.395382881164551, 5415
7.409838676452637, 5414
7.409838676452637, 5413
7.419279098510742, 5412
7.419279098510742, 5411
7.420277118682861, 5410
7.420277118682861, 5409
7.425374746322632, 5408
7.427374839782715, 5407
7.428397178649902, 5406
7.429397821426392, 5405
7.438045501708984, 5404
7.438057899475098, 5403
7.439290761947632, 5402
7.445549964904785, 5401
7.447582721710205, 5400
7.447582721710205, 5399
7.44884467124939, 5398
7.44884467124939, 5397
7.449873924255371, 5396
7.451837062835693, 5395
7.45295262336731, 5394
7.45295262336731, 5393
7.453955173492432, 5392
7.453955173492432, 5391
7.454514980316162, 5390
7.4555346965789795, 5389
7.456654787063599, 5388
7.45753026008606, 5387
7.458526849746704, 5386
7.458875894546509, 5385
7.460870981216431, 5384
7.460870981216431, 5383
7.467047452926636, 5382
7.469583511352539, 5381
7.469583511352539, 5380
7.470844030380249, 5379
7.471869468688965, 5378
7.471869468688965, 5377
7.476042032241821, 5376
7.478663682937622, 5375
7.48036527633667, 5374
7.48036527633667, 5373
7.48036527633667, 5372
7.48036527633667, 5371
7.48036527633667, 5370
7.48036527633667, 5369
7.511157751083374, 5368
7.51215386390686, 5367
7.515910387039185, 5366
7.520153045654297, 5365
7.520153045654297, 5364
7.5261266231536865, 5363
7.53244161605835, 5362
7.543667554855347, 5361
7.545661687850952, 5360
7.551646709442139, 5359
7.553663015365601, 5358
7.55410623550415, 5357
7.555104732513428, 5356
7.555104732513428, 5355
7.55610203742981, 5354
7.564649820327759, 5353
7.564649820327759, 5352
7.565648794174194, 5351
7.568947792053223, 5350
7.568947792053223, 5349
7.568947792053223, 5348
7.577927827835083, 5347
7.578925609588623, 5346
7.579961776733398, 5345
7.5808656215667725, 5344
7.5808656215667725, 5343
7.581892013549805, 5342
7.581892013549805, 5341
7.581892013549805, 5340
7.581892013549805, 5339
7.581892013549805, 5338
7.581892013549805, 5337
7.5901148319244385, 5336
7.592873811721802, 5335
7.593871116638184, 5334
7.599362134933472, 5333
7.600358963012695, 5332
7.601356506347656, 5331
7.601356506347656, 5330
7.6091086864471436, 5329
7.610159873962402, 5328
7.61402440071106, 5327
7.6150221824646, 5326
7.6150221824646, 5325
7.6150221824646, 5324
7.6175758838653564, 5323
7.618573427200317, 5322
7.618573427200317, 5321
7.619243621826172, 5320
7.621306657791138, 5319
7.6236231327056885, 5318
7.6236231327056885, 5317
7.6257665157318115, 5316
7.625945091247559, 5315
7.626974582672119, 5314
7.628918647766113, 5313
7.628918647766113, 5312
7.628918647766113, 5311
7.628918647766113, 5310
7.628918647766113, 5309
7.628918647766113, 5308
7.628918647766113, 5307
7.628918647766113, 5306
7.628918647766113, 5305
7.638795852661133, 5304
7.643468618392944, 5303
7.643468618392944, 5302
7.643468618392944, 5301
7.64961576461792, 5300
7.64961576461792, 5299
7.64961576461792, 5298
7.64961576461792, 5297
7.64961576461792, 5296
7.64961576461792, 5295
7.65269660949707, 5294
7.65269660949707, 5293
7.654272079467773, 5292
7.654272079467773, 5291
7.655269384384155, 5290
7.655269384384155, 5289
7.655269384384155, 5288
7.6569366455078125, 5287
7.657936334609985, 5286
7.659250497817993, 5285
7.660247325897217, 5284
7.660247325897217, 5283
7.663273572921753, 5282
7.663273572921753, 5281
7.663273572921753, 5280
7.663273572921753, 5279
7.663273572921753, 5278
7.670827627182007, 5277
7.670827627182007, 5276
7.672542572021484, 5275
7.672542572021484, 5274
7.673541784286499, 5273
7.674763202667236, 5272
7.675762176513672, 5271
7.676758050918579, 5270
7.677754878997803, 5269
7.678788661956787, 5268
7.679786205291748, 5267
7.679786205291748, 5266
7.679786205291748, 5265
7.683859348297119, 5264
7.685295581817627, 5263
7.686412572860718, 5262
7.687643051147461, 5261
7.690155029296875, 5260
7.691178798675537, 5259
7.692986965179443, 5258
7.692986965179443, 5257
7.693987131118774, 5256
7.697007656097412, 5255
7.697007656097412, 5254
7.699017286300659, 5253
7.699017286300659, 5252
7.700043439865112, 5251
7.700043439865112, 5250
7.700043439865112, 5249
7.710090398788452, 5248
7.710090398788452, 5247
7.710090398788452, 5246
7.710090398788452, 5245
7.710090398788452, 5244
7.710090398788452, 5243
7.710090398788452, 5242
7.710090398788452, 5241
7.710090398788452, 5240
7.710090398788452, 5239
7.718002796173096, 5238
7.718002796173096, 5237
7.723714351654053, 5236
7.727730751037598, 5235
7.728964805603027, 5234
7.728964805603027, 5233
7.729993581771851, 5232
7.729993581771851, 5231
7.729993581771851, 5230
7.729993581771851, 5229
7.729993581771851, 5228
7.729993581771851, 5227
7.729993581771851, 5226
7.729993581771851, 5225
7.729993581771851, 5224
7.729993581771851, 5223
7.729993581771851, 5222
7.729993581771851, 5221
7.729993581771851, 5220
7.737609386444092, 5219
7.7391486167907715, 5218
7.7391486167907715, 5217
7.743410348892212, 5216
7.743410348892212, 5215
7.743410348892212, 5214
7.74795126914978, 5213
7.748349905014038, 5212
7.7694127559661865, 5211
7.770444393157959, 5210
7.774740934371948, 5209
7.776735544204712, 5208
7.777788877487183, 5207
7.780199766159058, 5206
7.780199766159058, 5205
7.801121473312378, 5204
7.810769557952881, 5203
7.810769557952881, 5202
7.810769557952881, 5201
7.810769557952881, 5200
7.810769557952881, 5199
7.810769557952881, 5198
7.8183372020721436, 5197
7.832547426223755, 5196
7.832547426223755, 5195
7.833546161651611, 5194
7.837575197219849, 5193
7.838574409484863, 5192
7.838574409484863, 5191
7.839041471481323, 5190
7.839041471481323, 5189
7.840039253234863, 5188
7.840039253234863, 5187
7.840039253234863, 5186
7.8454835414886475, 5185
7.845959186553955, 5184
7.845959186553955, 5183
7.847246170043945, 5182
7.847792387008667, 5181
7.848754167556763, 5180
7.84909987449646, 5179
7.850096940994263, 5178
7.851094007492065, 5177
7.851382732391357, 5176
7.852380752563477, 5175
7.853377103805542, 5174
7.853377103805542, 5173
7.857404470443726, 5172
7.858402252197266, 5171
7.859556436538696, 5170
7.861022710800171, 5169
7.865790367126465, 5168
7.865790367126465, 5167
7.866787672042847, 5166
7.867825508117676, 5165
7.868915319442749, 5164
7.878052473068237, 5163
7.879146099090576, 5162
7.881170272827148, 5161
7.892328500747681, 5160
7.893358469009399, 5159
7.893358469009399, 5158
7.893358469009399, 5157
7.894564151763916, 5156
7.894564151763916, 5155
7.894564151763916, 5154
7.89758825302124, 5153
7.898139953613281, 5152
7.898139953613281, 5151
7.898790597915649, 5150
7.899826288223267, 5149
7.899826288223267, 5148
7.899826288223267, 5147
7.900817155838013, 5146
7.900817155838013, 5145
7.900817155838013, 5144
7.900817155838013, 5143
7.900817155838013, 5142
7.907865762710571, 5141
7.91046929359436, 5140
7.91046929359436, 5139
7.91046929359436, 5138
7.91046929359436, 5137
7.91046929359436, 5136
7.91046929359436, 5135
7.91046929359436, 5134
7.91046929359436, 5133
7.91046929359436, 5132
7.91046929359436, 5131
7.918827533721924, 5130
7.919856071472168, 5129
7.919856071472168, 5128
7.920696020126343, 5127
7.921735048294067, 5126
7.921735048294067, 5125
7.923349142074585, 5124
7.9256439208984375, 5123
7.926676034927368, 5122
7.929105758666992, 5121
7.930103540420532, 5120
7.930103540420532, 5119
7.9314491748809814, 5118
7.9314491748809814, 5117
7.932478666305542, 5116
7.933133125305176, 5115
7.939295530319214, 5114
7.9402923583984375, 5113
7.941065073013306, 5112
7.942063093185425, 5111
7.943061113357544, 5110
7.944057464599609, 5109
7.944057464599609, 5108
7.944057464599609, 5107
7.944057464599609, 5106
7.944057464599609, 5105
7.952045202255249, 5104
7.95304274559021, 5103
7.959871530532837, 5102
7.961538076400757, 5101
7.961538076400757, 5100
7.962556600570679, 5099
7.96355414390564, 5098
7.96355414390564, 5097
7.96355414390564, 5096
7.967794418334961, 5095
7.969988107681274, 5094
7.974700450897217, 5093
7.9766950607299805, 5092
7.977691888809204, 5091
7.978235244750977, 5090
7.978235244750977, 5089
7.9787328243255615, 5088
7.979729413986206, 5087
7.983039140701294, 5086
7.983039140701294, 5085
7.983039140701294, 5084
7.985147476196289, 5083
7.987141847610474, 5082
7.987658262252808, 5081
7.988661289215088, 5080
7.988661289215088, 5079
7.990434646606445, 5078
7.991475582122803, 5077
7.992486476898193, 5076
7.994276523590088, 5075
7.994276523590088, 5074
7.994276523590088, 5073
7.995305061340332, 5072
8.001598596572876, 5071
8.008673429489136, 5070
8.009931564331055, 5069
8.011927127838135, 5068
8.011927127838135, 5067
8.011927127838135, 5066
8.011927127838135, 5065
8.01924729347229, 5064
8.020445108413696, 5063
8.021510362625122, 5062
8.023502588272095, 5061
8.026495695114136, 5060
8.026495695114136, 5059
8.029692888259888, 5058
8.029692888259888, 5057
8.029692888259888, 5056
8.029692888259888, 5055
8.029692888259888, 5054
8.029692888259888, 5053
8.029692888259888, 5052
8.029692888259888, 5051
8.029692888259888, 5050
8.029692888259888, 5049
8.029692888259888, 5048
8.029692888259888, 5047
8.029692888259888, 5046
8.029692888259888, 5045
8.029692888259888, 5044
8.029692888259888, 5043
8.03969693183899, 5042
8.03969693183899, 5041
8.040690183639526, 5040
8.040690183639526, 5039
8.041955471038818, 5038
8.042953729629517, 5037
8.050170421600342, 5036
8.050170421600342, 5035
8.050170421600342, 5034
8.050170421600342, 5033
8.050170421600342, 5032
8.066966772079468, 5031
8.069952011108398, 5030
8.069952011108398, 5029
8.069952011108398, 5028
8.069952011108398, 5027
8.069952011108398, 5026
8.074665307998657, 5025
8.075664281845093, 5024
8.075664281845093, 5023
8.078757047653198, 5022
8.07978343963623, 5021
8.080782651901245, 5020
8.080782651901245, 5019
8.080782651901245, 5018
8.098854303359985, 5017
8.099851846694946, 5016
8.099851846694946, 5015
8.10064697265625, 5014
8.10064697265625, 5013
8.101682901382446, 5012
8.102627754211426, 5011
8.102627754211426, 5010
8.10722041130066, 5009
8.109213829040527, 5008
8.112609624862671, 5007
8.112609624862671, 5006
8.112609624862671, 5005
8.113637685775757, 5004
8.115226745605469, 5003
8.129163026809692, 5002
8.13016128540039, 5001
8.13016128540039, 5000
8.13016128540039, 4999
8.13016128540039, 4998
8.13016128540039, 4997
8.13016128540039, 4996
8.13016128540039, 4995
8.133105039596558, 4994
8.133105039596558, 4993
8.134129285812378, 4992
8.134129285812378, 4991
8.134129285812378, 4990
8.134129285812378, 4989
8.134129285812378, 4988
8.134129285812378, 4987
8.134129285812378, 4986
8.137691259384155, 4985
8.137691259384155, 4984
8.138960838317871, 4983
8.139986991882324, 4982
8.139986991882324, 4981
8.141247272491455, 4980
8.14224624633789, 4979
8.14224624633789, 4978
8.14224624633789, 4977
8.144279956817627, 4976
8.149754285812378, 4975
8.149754285812378, 4974
8.149754285812378, 4973
8.15481972694397, 4972
8.155809879302979, 4971
8.156743049621582, 4970
8.156743049621582, 4969
8.15788459777832, 4968
8.159252882003784, 4967
8.159252882003784, 4966
8.160249710083008, 4965
8.160249710083008, 4964
8.161069869995117, 4963
8.162067651748657, 4962
8.163561344146729, 4961
8.164559125900269, 4960
8.1702561378479, 4959
8.1702561378479, 4958
8.1702561378479, 4957
8.171253681182861, 4956
8.171253681182861, 4955
8.171253681182861, 4954
8.171253681182861, 4953
8.171253681182861, 4952
8.174659729003906, 4951
8.176714658737183, 4950
8.178651332855225, 4949
8.1947340965271, 4948
8.1947340965271, 4947
8.198267459869385, 4946
8.198267459869385, 4945
8.198965549468994, 4944
8.198965549468994, 4943
8.201504945755005, 4942
8.201504945755005, 4941
8.201504945755005, 4940
8.202502012252808, 4939
8.20293116569519, 4938
8.20293116569519, 4937
8.203929424285889, 4936
8.205922842025757, 4935
8.209095239639282, 4934
8.210129737854004, 4933
8.211146354675293, 4932
8.211146354675293, 4931
8.212143659591675, 4930
8.212143659591675, 4929
8.212143659591675, 4928
8.212143659591675, 4927
8.212143659591675, 4926
8.217588663101196, 4925
8.218585968017578, 4924
8.219024896621704, 4923
8.219024896621704, 4922
8.222024202346802, 4921
8.223623991012573, 4920
8.223623991012573, 4919
8.224658012390137, 4918
8.225655794143677, 4917
8.226654291152954, 4916
8.227585077285767, 4915
8.232761859893799, 4914
8.232761859893799, 4913
8.23351240158081, 4912
8.234510660171509, 4911
8.234510660171509, 4910
8.234510660171509, 4909
8.234510660171509, 4908
8.234510660171509, 4907
8.237648487091064, 4906
8.238646030426025, 4905
8.239333391189575, 4904
8.248779058456421, 4903
8.249780416488647, 4902
8.250775575637817, 4901
8.251773118972778, 4900
8.251773118972778, 4899
8.251773118972778, 4898
8.253701448440552, 4897
8.256844758987427, 4896
8.257858753204346, 4895
8.26396369934082, 4894
8.264230489730835, 4893
8.266226053237915, 4892
8.267824172973633, 4891
8.270076513290405, 4890
8.27207064628601, 4889
8.273428916931152, 4888
8.275150299072266, 4887
8.276146650314331, 4886
8.285309076309204, 4885
8.291167259216309, 4884
8.292571067810059, 4883
8.292571067810059, 4882
8.293601989746094, 4881
8.293601989746094, 4880
8.294450759887695, 4879
8.298384428024292, 4878
8.299790620803833, 4877
8.300863265991211, 4876
8.311441659927368, 4875
8.311441659927368, 4874
8.313434839248657, 4873
8.313434839248657, 4872
8.318023443222046, 4871
8.31896424293518, 4870
8.31896424293518, 4869
8.319962739944458, 4868
8.321995735168457, 4867
8.323266744613647, 4866
8.323266744613647, 4865
8.324471712112427, 4864
8.32556962966919, 4863
8.32556962966919, 4862
8.32556962966919, 4861
8.326597929000854, 4860
8.326597929000854, 4859
8.326597929000854, 4858
8.327568769454956, 4857
8.327568769454956, 4856
8.32856798171997, 4855
8.329565048217773, 4854
8.331860065460205, 4853
8.331860065460205, 4852
8.332857608795166, 4851
8.333854913711548, 4850
8.333854913711548, 4849
8.3348867893219, 4848
8.3348867893219, 4847
8.335880517959595, 4846
8.335880517959595, 4845
8.335880517959595, 4844
8.337936162948608, 4843
8.337936162948608, 4842
8.339236736297607, 4841
8.339236736297607, 4840
8.339236736297607, 4839
8.340269088745117, 4838
8.340269088745117, 4837
8.341166019439697, 4836
8.341166019439697, 4835
8.342164516448975, 4834
8.342164516448975, 4833
8.342164516448975, 4832
8.342164516448975, 4831
8.342164516448975, 4830
8.342164516448975, 4829
8.347929954528809, 4828
8.348928451538086, 4827
8.349925756454468, 4826
8.349925756454468, 4825
8.35092282295227, 4824
8.35192060470581, 4823
8.352564811706543, 4822
8.352564811706543, 4821
8.352564811706543, 4820
8.353575706481934, 4819
8.355579376220703, 4818
8.355579376220703, 4817
8.35657024383545, 4816
8.35657024383545, 4815
8.35657024383545, 4814
8.357598543167114, 4813
8.357815027236938, 4812
8.358928680419922, 4811
8.36092209815979, 4810
8.361919641494751, 4809
8.361919641494751, 4808
8.361919641494751, 4807
8.361919641494751, 4806
8.362948656082153, 4805
8.362948656082153, 4804
8.362948656082153, 4803
8.362948656082153, 4802
8.362948656082153, 4801
8.362948656082153, 4800
8.362948656082153, 4799
8.362948656082153, 4798
8.362948656082153, 4797
8.362948656082153, 4796
8.362948656082153, 4795
8.369978904724121, 4794
8.369978904724121, 4793
8.371079206466675, 4792
8.371079206466675, 4791
8.374490022659302, 4790
8.37548828125, 4789
8.37548828125, 4788
8.37548828125, 4787
8.37548828125, 4786
8.378084659576416, 4785
8.378084659576416, 4784
8.379223108291626, 4783
8.380221366882324, 4782
8.380221366882324, 4781
8.381218433380127, 4780
8.381218433380127, 4779
8.38392186164856, 4778
8.38392186164856, 4777
8.384920597076416, 4776
8.385226488113403, 4775
8.38666033744812, 4774
8.387335062026978, 4773
8.389445304870605, 4772
8.389951705932617, 4771
8.389951705932617, 4770
8.391126871109009, 4769
8.393234491348267, 4768
8.393234491348267, 4767
8.394094228744507, 4766
8.394094228744507, 4765
8.395221710205078, 4764
8.395221710205078, 4763
8.395221710205078, 4762
8.395221710205078, 4761
8.39625334739685, 4760
8.39625334739685, 4759
8.39625334739685, 4758
8.39625334739685, 4757
8.39625334739685, 4756
8.397810220718384, 4755
8.397810220718384, 4754
8.397810220718384, 4753
8.397810220718384, 4752
8.398809432983398, 4751
8.40119743347168, 4750
8.40119743347168, 4749
8.40119743347168, 4748
8.40119743347168, 4747
8.40119743347168, 4746
8.40119743347168, 4745
8.40119743347168, 4744
8.40119743347168, 4743
8.40119743347168, 4742
8.40119743347168, 4741
8.40119743347168, 4740
8.40119743347168, 4739
8.40119743347168, 4738
8.40119743347168, 4737
8.40119743347168, 4736
8.40119743347168, 4735
8.40119743347168, 4734
8.40119743347168, 4733
8.40119743347168, 4732
8.40119743347168, 4731
8.412222385406494, 4730
8.413249731063843, 4729
8.413249731063843, 4728
8.413249731063843, 4727
8.413249731063843, 4726
8.413249731063843, 4725
8.413249731063843, 4724
8.413249731063843, 4723
8.41801118850708, 4722
8.41801118850708, 4721
8.420061588287354, 4720
8.421057939529419, 4719
8.421057939529419, 4718
8.4228835105896, 4717
8.42398190498352, 4716
8.42398190498352, 4715
8.426367998123169, 4714
8.426367998123169, 4713
8.42760705947876, 4712
8.42760705947876, 4711
8.428985118865967, 4710
8.428985118865967, 4709
8.429982662200928, 4708
8.429982662200928, 4707
8.429982662200928, 4706
8.429982662200928, 4705
8.429982662200928, 4704
8.429982662200928, 4703
8.433566331863403, 4702
8.433566331863403, 4701
8.433566331863403, 4700
8.434564113616943, 4699
8.43483567237854, 4698
8.43483567237854, 4697
8.43586540222168, 4696
8.43586540222168, 4695
8.436859607696533, 4694
8.436859607696533, 4693
8.436859607696533, 4692
8.437870502471924, 4691
8.437870502471924, 4690
8.437870502471924, 4689
8.437870502471924, 4688
8.438870429992676, 4687
8.43914008140564, 4686
8.440171718597412, 4685
8.440171718597412, 4684
8.440171718597412, 4683
8.440171718597412, 4682
8.441131353378296, 4681
8.442129850387573, 4680
8.44312596321106, 4679
8.44312596321106, 4678
8.44312596321106, 4677
8.44312596321106, 4676
8.44312596321106, 4675
8.447720766067505, 4674
8.447720766067505, 4673
8.447720766067505, 4672
8.447720766067505, 4671
8.447720766067505, 4670
8.447720766067505, 4669
8.447720766067505, 4668
8.447720766067505, 4667
8.452784538269043, 4666
8.453765153884888, 4665
8.454768657684326, 4664
8.454768657684326, 4663
8.45653510093689, 4662
8.45653510093689, 4661
8.457571744918823, 4660
8.458572387695312, 4659
8.459566354751587, 4658
8.459566354751587, 4657
8.459566354751587, 4656
8.460562944412231, 4655
8.460616111755371, 4654
8.460616111755371, 4653
8.461613655090332, 4652
8.461613655090332, 4651
8.462610483169556, 4650
8.462998390197754, 4649
8.462998390197754, 4648
8.462998390197754, 4647
8.464027166366577, 4646
8.464027166366577, 4645
8.465026378631592, 4644
8.466022729873657, 4643
8.466309785842896, 4642
8.466309785842896, 4641
8.467925071716309, 4640
8.468957424163818, 4639
8.468957424163818, 4638
8.469921350479126, 4637
8.470917463302612, 4636
8.470917463302612, 4635
8.470917463302612, 4634
8.470917463302612, 4633
8.471914529800415, 4632
8.471914529800415, 4631
8.471914529800415, 4630
8.471914529800415, 4629
8.471914529800415, 4628
8.471914529800415, 4627
8.471914529800415, 4626
8.471914529800415, 4625
8.471914529800415, 4624
8.474533081054688, 4623
8.475547075271606, 4622
8.475547075271606, 4621
8.47652816772461, 4620
8.47652816772461, 4619
8.47652816772461, 4618
8.47652816772461, 4617
8.47757887840271, 4616
8.478603839874268, 4615
8.478849411010742, 4614
8.478849411010742, 4613
8.47987985610962, 4612
8.480844497680664, 4611
8.481841802597046, 4610
8.490976095199585, 4609
8.492001295089722, 4608
8.492999792098999, 4607
8.492999792098999, 4606
8.49420714378357, 4605
8.49420714378357, 4604
8.495206356048584, 4603
8.495206356048584, 4602
8.495206356048584, 4601
8.496235609054565, 4600
8.496235609054565, 4599
8.496235609054565, 4598
8.496235609054565, 4597
8.496235609054565, 4596
8.49778413772583, 4595
8.49778413772583, 4594
8.499067544937134, 4593
8.500103235244751, 4592
8.500103235244751, 4591
8.502220630645752, 4590
8.502220630645752, 4589
8.502220630645752, 4588
8.502220630645752, 4587
8.502220630645752, 4586
8.502220630645752, 4585
8.502220630645752, 4584
8.502220630645752, 4583
8.502220630645752, 4582
8.502220630645752, 4581
8.502220630645752, 4580
8.507812261581421, 4579
8.50980806350708, 4578
8.50980806350708, 4577
8.512550830841064, 4576
8.513582229614258, 4575
8.517877578735352, 4574
8.51887559890747, 4573
8.519872426986694, 4572
8.526976108551025, 4571
8.526976108551025, 4570
8.527973413467407, 4569
8.528802156448364, 4568
8.5298011302948, 4567
8.5298011302948, 4566
8.5298011302948, 4565
8.5298011302948, 4564
8.5298011302948, 4563
8.5298011302948, 4562
8.5298011302948, 4561
8.5298011302948, 4560
8.5298011302948, 4559
8.5298011302948, 4558
8.5298011302948, 4557
8.543187379837036, 4556
8.543187379837036, 4555
8.543187379837036, 4554
8.543187379837036, 4553
8.543187379837036, 4552
8.543187379837036, 4551
8.543187379837036, 4550
8.543187379837036, 4549
8.549835920333862, 4548
8.55779480934143, 4547
8.559026002883911, 4546
8.561291217803955, 4545
8.562289476394653, 4544
8.562289476394653, 4543
8.563286542892456, 4542
8.564284324645996, 4541
8.564284324645996, 4540
8.565118551254272, 4539
8.56711459159851, 4538
8.569923877716064, 4537
8.570920705795288, 4536
8.570920705795288, 4535
8.571918249130249, 4534
8.57222604751587, 4533
8.573317766189575, 4532
8.574315309524536, 4531
8.575313091278076, 4530
8.575313091278076, 4529
8.57763147354126, 4528
8.57763147354126, 4527
8.578665494918823, 4526
8.579628229141235, 4525
8.58062481880188, 4524
8.583659887313843, 4523
8.584656000137329, 4522
8.584656000137329, 4521
8.585652828216553, 4520
8.585652828216553, 4519
8.59104609489441, 4518
8.592044830322266, 4517
8.595396280288696, 4516
8.596415519714355, 4515
8.596415519714355, 4514
8.596415519714355, 4513
8.59800124168396, 4512
8.600324392318726, 4511
8.600324392318726, 4510
8.600324392318726, 4509
8.600324392318726, 4508
8.604005575180054, 4507
8.604005575180054, 4506
8.605004787445068, 4505
8.605004787445068, 4504
8.612716674804688, 4503
8.61371397972107, 4502
8.61371397972107, 4501
8.61371397972107, 4500
8.61371397972107, 4499
8.61371397972107, 4498
8.61371397972107, 4497
8.61371397972107, 4496
8.620412111282349, 4495
8.620412111282349, 4494
8.622592687606812, 4493
8.623157024383545, 4492
8.623157024383545, 4491
8.624151229858398, 4490
8.625148057937622, 4489
8.626145124435425, 4488
8.627328872680664, 4487
8.627875804901123, 4486
8.62883448600769, 4485
8.62883448600769, 4484
8.629831790924072, 4483
8.630164384841919, 4482
8.63116192817688, 4481
8.631396293640137, 4480
8.632393836975098, 4479
8.632393836975098, 4478
8.63296389579773, 4477
8.63296389579773, 4476
8.63296389579773, 4475
8.633960247039795, 4474
8.633960247039795, 4473
8.633960247039795, 4472
8.63503360748291, 4471
8.63503360748291, 4470
8.636031866073608, 4469
8.637028694152832, 4468
8.638025999069214, 4467
8.641206741333008, 4466
8.64225721359253, 4465
8.643255949020386, 4464
8.643255949020386, 4463
8.64405345916748, 4462
8.645051956176758, 4461
8.645380020141602, 4460
8.646379709243774, 4459
8.646379709243774, 4458
8.646379709243774, 4457
8.647081136703491, 4456
8.64762568473816, 4455
8.648587226867676, 4454
8.648587226867676, 4453
8.648587226867676, 4452
8.648587226867676, 4451
8.648587226867676, 4450
8.648587226867676, 4449
8.648587226867676, 4448
8.648587226867676, 4447
8.648587226867676, 4446
8.648587226867676, 4445
8.648587226867676, 4444
8.648587226867676, 4443
8.648587226867676, 4442
8.648587226867676, 4441
8.6526780128479, 4440
8.6526780128479, 4439
8.653675317764282, 4438
8.654935121536255, 4437
8.655968189239502, 4436
8.656401872634888, 4435
8.657430410385132, 4434
8.657707691192627, 4433
8.657707691192627, 4432
8.659196376800537, 4431
8.659196376800537, 4430
8.660193681716919, 4429
8.661217212677002, 4428
8.661217212677002, 4427
8.662188053131104, 4426
8.662188053131104, 4425
8.662188053131104, 4424
8.66321349143982, 4423
8.66321349143982, 4422
8.66321349143982, 4421
8.66321349143982, 4420
8.66321349143982, 4419
8.66321349143982, 4418
8.66321349143982, 4417
8.66321349143982, 4416
8.66321349143982, 4415
8.66321349143982, 4414
8.66321349143982, 4413
8.66321349143982, 4412
8.66321349143982, 4411
8.66321349143982, 4410
8.66321349143982, 4409
8.66321349143982, 4408
8.669010639190674, 4407
8.669010639190674, 4406
8.670039415359497, 4405
8.670039415359497, 4404
8.671035766601562, 4403
8.671035766601562, 4402
8.671035766601562, 4401
8.671035766601562, 4400
8.671035766601562, 4399
8.671035766601562, 4398
8.671035766601562, 4397
8.671035766601562, 4396
8.671035766601562, 4395
8.671035766601562, 4394
8.671035766601562, 4393
8.671035766601562, 4392
8.674425840377808, 4391
8.676597595214844, 4390
8.676597595214844, 4389
8.677597522735596, 4388
8.677597522735596, 4387
8.677597522735596, 4386
8.67859148979187, 4385
8.67978572845459, 4384
8.67978572845459, 4383
8.67978572845459, 4382
8.680782794952393, 4381
8.680782794952393, 4380
8.680782794952393, 4379
8.680782794952393, 4378
8.680782794952393, 4377
8.680782794952393, 4376
8.680782794952393, 4375
8.680782794952393, 4374
8.680782794952393, 4373
8.680782794952393, 4372
8.680782794952393, 4371
8.680782794952393, 4370
8.680782794952393, 4369
8.680782794952393, 4368
8.680782794952393, 4367
8.680782794952393, 4366
8.680782794952393, 4365
8.680782794952393, 4364
8.680782794952393, 4363
8.680782794952393, 4362
8.680782794952393, 4361
8.690104007720947, 4360
8.692090034484863, 4359
8.692404747009277, 4358
8.693401336669922, 4357
8.694256067276001, 4356
8.695253610610962, 4355
8.695451021194458, 4354
8.69644808769226, 4353
8.69644808769226, 4352
8.69644808769226, 4351
8.69644808769226, 4350
8.698032855987549, 4349
8.698032855987549, 4348
8.699030637741089, 4347
8.699030637741089, 4346
8.699628114700317, 4345
8.699628114700317, 4344
8.700624942779541, 4343
8.700624942779541, 4342
8.700624942779541, 4341
8.700624942779541, 4340
8.700624942779541, 4339
8.700624942779541, 4338
8.700624942779541, 4337
8.700624942779541, 4336
8.700624942779541, 4335
8.700624942779541, 4334
8.700624942779541, 4333
8.700624942779541, 4332
8.700624942779541, 4331
8.700624942779541, 4330
8.700624942779541, 4329
8.700624942779541, 4328
8.700624942779541, 4327
8.700624942779541, 4326
8.700624942779541, 4325
8.700624942779541, 4324
8.700624942779541, 4323
8.700624942779541, 4322
8.707766056060791, 4321
8.709245443344116, 4320
8.709245443344116, 4319
8.709245443344116, 4318
8.709245443344116, 4317
8.710242509841919, 4316
8.710242509841919, 4315
8.710242509841919, 4314
8.710242509841919, 4313
8.710242509841919, 4312
8.710242509841919, 4311
8.710242509841919, 4310
8.710242509841919, 4309
8.710242509841919, 4308
8.710242509841919, 4307
8.710242509841919, 4306
8.710242509841919, 4305
8.710242509841919, 4304
8.710242509841919, 4303
8.710242509841919, 4302
8.710242509841919, 4301
8.710242509841919, 4300
8.710242509841919, 4299
8.710242509841919, 4298
8.710242509841919, 4297
8.710242509841919, 4296
8.710242509841919, 4295
8.716298341751099, 4294
8.717297315597534, 4293
8.718294382095337, 4292
8.718294382095337, 4291
8.719293117523193, 4290
8.720439910888672, 4289
8.72144103050232, 4288
8.72144103050232, 4287
8.723079442977905, 4286
8.723079442977905, 4285
8.724076986312866, 4284
8.724076986312866, 4283
8.725077390670776, 4282
8.725220203399658, 4281
8.726248025894165, 4280
8.726248025894165, 4279
8.727566003799438, 4278
8.727566003799438, 4277
8.727566003799438, 4276
8.728596687316895, 4275
8.728790283203125, 4274
8.729820251464844, 4273
8.729820251464844, 4272
8.729820251464844, 4271
8.729820251464844, 4270
8.729820251464844, 4269
8.729820251464844, 4268
8.739092111587524, 4267
8.740087985992432, 4266
8.742008447647095, 4265
8.743031024932861, 4264
8.743031024932861, 4263
8.743031024932861, 4262
8.748691082000732, 4261
8.748691082000732, 4260
8.748691082000732, 4259
8.755068302154541, 4258
8.757318496704102, 4257
8.759335041046143, 4256
8.760881662368774, 4255
8.762877225875854, 4254
8.764392852783203, 4253
8.766356945037842, 4252
8.768916130065918, 4251
8.768916130065918, 4250
8.768916130065918, 4249
8.768916130065918, 4248
8.768916130065918, 4247
8.768916130065918, 4246
8.768916130065918, 4245
8.768916130065918, 4244
8.768916130065918, 4243
8.768916130065918, 4242
8.768916130065918, 4241
8.768916130065918, 4240
8.768916130065918, 4239
8.768916130065918, 4238
8.775451421737671, 4237
8.775451421737671, 4236
8.776874780654907, 4235
8.777917861938477, 4234
8.777917861938477, 4233
8.778982877731323, 4232
8.778982877731323, 4231
8.779979944229126, 4230
8.779979944229126, 4229
8.78097653388977, 4228
8.78097653388977, 4227
8.78097653388977, 4226
8.78097653388977, 4225
8.78097653388977, 4224
8.78097653388977, 4223
8.78097653388977, 4222
8.78097653388977, 4221
8.78097653388977, 4220
8.78097653388977, 4219
8.78097653388977, 4218
8.78097653388977, 4217
8.78097653388977, 4216
8.78097653388977, 4215
8.78097653388977, 4214
8.78097653388977, 4213
8.78097653388977, 4212
8.78097653388977, 4211
8.78097653388977, 4210
8.78097653388977, 4209
8.78097653388977, 4208
8.78701138496399, 4207
8.787578821182251, 4206
8.789851903915405, 4205
8.789851903915405, 4204
8.789851903915405, 4203
8.789851903915405, 4202
8.790850162506104, 4201
8.791847705841064, 4200
8.792878150939941, 4199
8.792878150939941, 4198
8.792878150939941, 4197
8.793872594833374, 4196
8.79404902458191, 4195
8.79404902458191, 4194
8.79404902458191, 4193
8.795077800750732, 4192
8.795077800750732, 4191
8.795532941818237, 4190
8.795532941818237, 4189
8.800111055374146, 4188
8.809837818145752, 4187
8.815340280532837, 4186
8.836931943893433, 4185
8.842141389846802, 4184
8.842141389846802, 4183
8.867862701416016, 4182
8.867862701416016, 4181
8.867862701416016, 4180
8.875829458236694, 4179
8.88113284111023, 4178
8.948472261428833, 4177
8.9613938331604, 4176
8.9613938331604, 4175
8.97114896774292, 4174
8.996305704116821, 4173
9.002346992492676, 4172
9.003066778182983, 4171
9.030367374420166, 4170
9.030367374420166, 4169
9.030367374420166, 4168
9.030367374420166, 4167
9.04187297821045, 4166
9.060031175613403, 4165
9.076207160949707, 4164
9.095053672790527, 4163
9.095053672790527, 4162
9.100456953048706, 4161
9.100456953048706, 4160
9.127487659454346, 4159
9.128034114837646, 4158
9.128994941711426, 4157
9.176291942596436, 4156
9.176291942596436, 4155
9.18337869644165, 4154
9.18337869644165, 4153
9.225469589233398, 4152
9.235495805740356, 4151
9.235495805740356, 4150
9.241833686828613, 4149
9.241833686828613, 4148
9.265440702438354, 4147
9.30129885673523, 4146
9.3619863986969, 4145
9.362687110900879, 4144
9.362687110900879, 4143
9.362687110900879, 4142
9.363707780838013, 4141
9.369008541107178, 4140
9.37506628036499, 4139
9.402956485748291, 4138
9.40877890586853, 4137
9.430235385894775, 4136
9.436987161636353, 4135
9.442503690719604, 4134
9.498693466186523, 4133
9.51999020576477, 4132
9.524058818817139, 4131
9.533605337142944, 4130
9.538784503936768, 4129
9.539782285690308, 4128
9.542793035507202, 4127
9.55063509941101, 4126
9.575000762939453, 4125
9.600711107254028, 4124
9.601733684539795, 4123
9.631832361221313, 4122
9.632766723632812, 4121
9.722681999206543, 4120
9.722681999206543, 4119
9.722681999206543, 4118
9.722681999206543, 4117
9.741604566574097, 4116
9.765918731689453, 4115
9.765918731689453, 4114
9.774998903274536, 4113
9.779339075088501, 4112
9.789343357086182, 4111
9.85636305809021, 4110
9.857324123382568, 4109
9.890056371688843, 4108
9.890530824661255, 4107
9.909810066223145, 4106
9.924376726150513, 4105
9.924376726150513, 4104
9.92551589012146, 4103
9.92760682106018, 4102
9.941965818405151, 4101
9.942821264266968, 4100
9.980094194412231, 4099
9.989901304244995, 4098
9.989901304244995, 4097
10.050082206726074, 4096
10.08080005645752, 4095
10.08080005645752, 4094
10.092725276947021, 4093
10.098710060119629, 4092
10.098710060119629, 4091
10.103707075119019, 4090
10.120075702667236, 4089
10.131449937820435, 4088
10.15270209312439, 4087
10.179261445999146, 4086
10.179261445999146, 4085
10.191545009613037, 4084
10.198639631271362, 4083
10.209048748016357, 4082
10.215082883834839, 4081
10.230068445205688, 4080
10.242302894592285, 4079
10.242302894592285, 4078
10.256123542785645, 4077
10.261207342147827, 4076
10.268798828125, 4075
10.268798828125, 4074
10.290797472000122, 4073
10.300981521606445, 4072
10.300981521606445, 4071
10.300981521606445, 4070
10.30985426902771, 4069
10.317894697189331, 4068
10.347887992858887, 4067
10.349915504455566, 4066
10.349915504455566, 4065
10.358237743377686, 4064
10.366809606552124, 4063
10.369786977767944, 4062
10.382781028747559, 4061
10.409907341003418, 4060
10.44232439994812, 4059
10.44232439994812, 4058
10.463573694229126, 4057
10.467250108718872, 4056
10.474720001220703, 4055
10.499914407730103, 4054
10.499914407730103, 4053
10.499914407730103, 4052
10.510257005691528, 4051
10.510257005691528, 4050
10.510257005691528, 4049
10.510257005691528, 4048
10.510257005691528, 4047
10.510257005691528, 4046
10.518229961395264, 4045
10.53319525718689, 4044
10.551355600357056, 4043
10.551355600357056, 4042
10.55768895149231, 4041
10.558680772781372, 4040
10.56170392036438, 4039
10.56170392036438, 4038
10.56678318977356, 4037
10.57024335861206, 4036
10.573601484298706, 4035
10.574599742889404, 4034
10.574599742889404, 4033
10.604915380477905, 4032
10.610166072845459, 4031
10.610166072845459, 4030
10.610166072845459, 4029
10.610166072845459, 4028
10.635216474533081, 4027
10.649292945861816, 4026
10.649292945861816, 4025
10.657360315322876, 4024
10.67464542388916, 4023
10.67464542388916, 4022
10.694461107254028, 4021
10.700653076171875, 4020
10.730464935302734, 4019
10.730464935302734, 4018
10.745206117630005, 4017
10.747762680053711, 4016
10.763822078704834, 4015
10.769652366638184, 4014
10.774768114089966, 4013
10.780118942260742, 4012
10.780118942260742, 4011
10.79319977760315, 4010
10.802438974380493, 4009
10.814822912216187, 4008
10.815842866897583, 4007
10.84865427017212, 4006
10.867445707321167, 4005
10.875467538833618, 4004
10.875467538833618, 4003
10.879226922988892, 4002
10.88522982597351, 4001
10.897761583328247, 4000
10.927531719207764, 3999
10.947606086730957, 3998
10.971039533615112, 3997
10.973498106002808, 3996
10.973498106002808, 3995
11.01228666305542, 3994
11.028048753738403, 3993
11.02904748916626, 3992
11.033035039901733, 3991
11.065326452255249, 3990
11.065326452255249, 3989
11.071584701538086, 3988
11.071584701538086, 3987
11.080078601837158, 3986
11.092318773269653, 3985
11.09323525428772, 3984
11.100000143051147, 3983
11.112519025802612, 3982
11.126375436782837, 3981
11.127403020858765, 3980
11.131993532180786, 3979
11.143765687942505, 3978
11.159091234207153, 3977
11.167571783065796, 3976
11.171692132949829, 3975
11.171692132949829, 3974
11.173364639282227, 3973
11.188862323760986, 3972
11.192992210388184, 3971
11.19811749458313, 3970
11.199114084243774, 3969
11.200111865997314, 3968
11.200111865997314, 3967
11.200111865997314, 3966
11.210753917694092, 3965
11.222929000854492, 3964
11.222929000854492, 3963
11.232921123504639, 3962
11.24120831489563, 3961
11.24120831489563, 3960
11.283023118972778, 3959
11.288913488388062, 3958
11.294200420379639, 3957
11.299794435501099, 3956
11.309815645217896, 3955
11.334370374679565, 3954
11.358097553253174, 3953
11.380463123321533, 3952
11.397660732269287, 3951
11.398463487625122, 3950
11.410033226013184, 3949
11.410033226013184, 3948
11.42008924484253, 3947
11.429240226745605, 3946
11.43419075012207, 3945
11.464399099349976, 3944
11.479949235916138, 3943
11.497814655303955, 3942
11.512804746627808, 3941
11.512804746627808, 3940
11.524772644042969, 3939
11.535542964935303, 3938
11.535542964935303, 3937
11.551100015640259, 3936
11.581448793411255, 3935
11.593857288360596, 3934
11.593857288360596, 3933
11.621049165725708, 3932
11.621049165725708, 3931
11.632199764251709, 3930
11.632199764251709, 3929
11.632199764251709, 3928
11.660139560699463, 3927
11.675168514251709, 3926
11.724372148513794, 3925
11.743605136871338, 3924
11.743605136871338, 3923
11.758711099624634, 3922
11.76302433013916, 3921
11.770242929458618, 3920
11.808438539505005, 3919
11.870392322540283, 3918
11.8797607421875, 3917
11.894053220748901, 3916
11.894053220748901, 3915
11.90099310874939, 3914
11.929790496826172, 3913
11.933444023132324, 3912
11.989355087280273, 3911
11.993343591690063, 3910
12.017707824707031, 3909
12.02976107597351, 3908
12.040192127227783, 3907
12.041444301605225, 3906
12.050196886062622, 3905
12.068013906478882, 3904
12.069011926651001, 3903
12.093938112258911, 3902
12.100348234176636, 3901
12.100348234176636, 3900
12.110383033752441, 3899
12.110383033752441, 3898
12.125119686126709, 3897
12.13161301612854, 3896
12.157747983932495, 3895
12.175136089324951, 3894
12.175136089324951, 3893
12.175136089324951, 3892
12.184958219528198, 3891
12.21293592453003, 3890
12.234602928161621, 3889
12.241312980651855, 3888
12.25980257987976, 3887
12.273925065994263, 3886
12.273925065994263, 3885
12.28754472732544, 3884
12.297872066497803, 3883
12.300153732299805, 3882
12.300153732299805, 3881
12.300153732299805, 3880
12.308014631271362, 3879
12.310082912445068, 3878
12.32290244102478, 3877
12.323996305465698, 3876
12.341341733932495, 3875
12.365748405456543, 3874
12.401805877685547, 3873
12.401805877685547, 3872
12.417867660522461, 3871
12.417867660522461, 3870
12.434001445770264, 3869
12.435060262680054, 3868
12.441442966461182, 3867
12.450074672698975, 3866
12.450074672698975, 3865
12.4563467502594, 3864
12.472760438919067, 3863
12.473728656768799, 3862
12.477816820144653, 3861
12.483343601226807, 3860
12.488028287887573, 3859
12.489027261734009, 3858
12.520293951034546, 3857
12.542176246643066, 3856
12.565285444259644, 3855
12.570072650909424, 3854
12.574883937835693, 3853
12.574883937835693, 3852
12.599252223968506, 3851
12.60028338432312, 3850
12.608475923538208, 3849
12.608475923538208, 3848
12.613073587417603, 3847
12.613073587417603, 3846
12.640024185180664, 3845
12.67908000946045, 3844
12.680112600326538, 3843
12.702235460281372, 3842
12.703234672546387, 3841
12.74807858467102, 3840
12.766372919082642, 3839
12.797627210617065, 3838
12.79982852935791, 3837
12.80811882019043, 3836
12.8286292552948, 3835
12.8286292552948, 3834
12.833225727081299, 3833
12.848950624465942, 3832
12.849948406219482, 3831
12.849948406219482, 3830
12.856029272079468, 3829
12.879950761795044, 3828
12.879950761795044, 3827
12.8903968334198, 3826
12.92579698562622, 3825
12.935255765914917, 3824
12.940949201583862, 3823
12.94803524017334, 3822
12.983232498168945, 3821
12.983232498168945, 3820
13.000712871551514, 3819
13.01007342338562, 3818
13.02204966545105, 3817
13.095157861709595, 3816
13.095157861709595, 3815
13.126710414886475, 3814
13.13021469116211, 3813
13.133438110351562, 3812
13.147539138793945, 3811
13.157537937164307, 3810
13.160526514053345, 3809
13.160526514053345, 3808
13.165092706680298, 3807
13.168637037277222, 3806
13.17020845413208, 3805
13.179847240447998, 3804
13.179847240447998, 3803
13.198776960372925, 3802
13.199774265289307, 3801
13.199774265289307, 3800
13.207692623138428, 3799
13.208799362182617, 3798
13.208799362182617, 3797
13.20982813835144, 3796
13.24236512184143, 3795
13.260568857192993, 3794
13.260568857192993, 3793
13.26995849609375, 3792
13.26995849609375, 3791
13.277547121047974, 3790
13.37783169746399, 3789
13.395966529846191, 3788
13.409767866134644, 3787
13.409767866134644, 3786
13.409767866134644, 3785
13.409767866134644, 3784
13.409767866134644, 3783
13.437655925750732, 3782
13.442629337310791, 3781
13.47006630897522, 3780
13.487772941589355, 3779
13.487772941589355, 3778
13.488770961761475, 3777
13.489769458770752, 3776
13.493413209915161, 3775
13.512291193008423, 3774
13.512291193008423, 3773
13.605776309967041, 3772
13.611786365509033, 3771
13.611786365509033, 3770
13.63076138496399, 3769
13.63076138496399, 3768
13.640754461288452, 3767
13.649870157241821, 3766
13.649870157241821, 3765
13.649870157241821, 3764
13.68104362487793, 3763
13.68104362487793, 3762
13.68104362487793, 3761
13.702891111373901, 3760
13.755117416381836, 3759
13.7556631565094, 3758
13.765877962112427, 3757
13.809190511703491, 3756
13.835037231445312, 3755
13.860530138015747, 3754
13.870546817779541, 3753
13.873300552368164, 3752
13.873300552368164, 3751
13.873300552368164, 3750
13.897708415985107, 3749
13.897708415985107, 3748
13.897708415985107, 3747
13.940454244613647, 3746
13.957630157470703, 3745
13.958618402481079, 3744
13.965408086776733, 3743
13.96646237373352, 3742
14.025326251983643, 3741
14.026322603225708, 3740
14.177826166152954, 3739
14.201934337615967, 3738
14.210559129714966, 3737
14.210559129714966, 3736
14.210559129714966, 3735
14.235355854034424, 3734
14.240920782089233, 3733
14.254874229431152, 3732
14.273165225982666, 3731
14.282051086425781, 3730
14.282051086425781, 3729
14.292946815490723, 3728
14.292946815490723, 3727
14.309514284133911, 3726
14.325243949890137, 3725
14.325243949890137, 3724
14.326242208480835, 3723
14.337903261184692, 3722
14.378947019577026, 3721
14.39903450012207, 3720
14.4020254611969, 3719
14.409564971923828, 3718
14.409564971923828, 3717
14.417760133743286, 3716
14.417760133743286, 3715
14.428788661956787, 3714
14.445713758468628, 3713
14.492398023605347, 3712
14.501408100128174, 3711
14.502403497695923, 3710
14.503400802612305, 3709
14.523646354675293, 3708
14.532778263092041, 3707
14.532778263092041, 3706
14.547652006149292, 3705
14.549235343933105, 3704
14.549235343933105, 3703
14.562086582183838, 3702
14.57718539237976, 3701
14.580228805541992, 3700
14.608907699584961, 3699
14.608907699584961, 3698
14.608907699584961, 3697
14.608907699584961, 3696
14.638867139816284, 3695
14.639865398406982, 3694
14.64807415008545, 3693
14.649116039276123, 3692
14.649116039276123, 3691
14.674006938934326, 3690
14.701395034790039, 3689
14.706356763839722, 3688
14.73475456237793, 3687
14.752296924591064, 3686
14.75393009185791, 3685
14.759777784347534, 3684
14.764794826507568, 3683
14.764794826507568, 3682
14.765792608261108, 3681
14.766291856765747, 3680
14.766291856765747, 3679
14.767289638519287, 3678
14.771962404251099, 3677
14.790647029876709, 3676
14.790647029876709, 3675
14.792855024337769, 3674
14.792855024337769, 3673
14.792855024337769, 3672
14.805442571640015, 3671
14.806440353393555, 3670
14.809030532836914, 3669
14.821137189865112, 3668
14.82770824432373, 3667
14.828706741333008, 3666
14.828706741333008, 3665
14.828706741333008, 3664
14.828706741333008, 3663
14.841862201690674, 3662
14.841862201690674, 3661
14.841862201690674, 3660
14.857893466949463, 3659
14.857893466949463, 3658
14.859939336776733, 3657
14.859939336776733, 3656
14.859939336776733, 3655
14.859939336776733, 3654
14.862489938735962, 3653
14.892770290374756, 3652
14.899841070175171, 3651
14.899841070175171, 3650
14.905302047729492, 3649
14.940048217773438, 3648
14.940048217773438, 3647
14.940048217773438, 3646
14.978996753692627, 3645
14.978996753692627, 3644
14.978996753692627, 3643
14.987378597259521, 3642
14.99274230003357, 3641
15.001652479171753, 3640
15.014786005020142, 3639
15.020771503448486, 3638
15.031965970993042, 3637
15.03754997253418, 3636
15.039475917816162, 3635
15.049587726593018, 3634
15.056150197982788, 3633
15.064640522003174, 3632
15.068697690963745, 3631
15.08108115196228, 3630
15.092559576034546, 3629
15.092559576034546, 3628
15.092559576034546, 3627
15.130282163619995, 3626
15.13793420791626, 3625
15.138937711715698, 3624
15.141556978225708, 3623
15.141556978225708, 3622
15.148637056350708, 3621
15.15715742111206, 3620
15.169249057769775, 3619
15.173572301864624, 3618
15.186827421188354, 3617
15.186827421188354, 3616
15.187855243682861, 3615
15.191542148590088, 3614
15.191542148590088, 3613
15.19253945350647, 3612
15.19253945350647, 3611
15.20827341079712, 3610
15.210301637649536, 3609
15.224846839904785, 3608
15.225844860076904, 3607
15.240408420562744, 3606
15.240408420562744, 3605
15.243736982345581, 3604
15.260937929153442, 3603
15.273342370986938, 3602
15.280386686325073, 3601
15.280386686325073, 3600
15.303712844848633, 3599
15.304710388183594, 3598
15.327965497970581, 3597
15.328020334243774, 3596
15.340348720550537, 3595
15.340348720550537, 3594
15.359203338623047, 3593
15.36974048614502, 3592
15.39965558052063, 3591
15.41420316696167, 3590
15.41420316696167, 3589
15.42392349243164, 3588
15.43830919265747, 3587
15.468646764755249, 3586
15.493791341781616, 3585
15.498046636581421, 3584
15.508864641189575, 3583
15.540873765945435, 3582
15.567637205123901, 3581
15.567637205123901, 3580
15.567637205123901, 3579
15.58099102973938, 3578
15.58099102973938, 3577
15.58099102973938, 3576
15.594676494598389, 3575
15.610102891921997, 3574
15.610102891921997, 3573
15.610102891921997, 3572
15.631056070327759, 3571
15.631056070327759, 3570
15.638784170150757, 3569
15.639780759811401, 3568
15.649022579193115, 3567
15.743104219436646, 3566
15.743104219436646, 3565
15.757405042648315, 3564
15.757405042648315, 3563
15.761186361312866, 3562
15.761186361312866, 3561
15.82677173614502, 3560
15.82677173614502, 3559
15.830217599868774, 3558
15.855810165405273, 3557
15.860217809677124, 3556
15.860217809677124, 3555
15.90945029258728, 3554
15.919620275497437, 3553
15.926374912261963, 3552
15.926374912261963, 3551
15.926374912261963, 3550
15.940035581588745, 3549
15.940035581588745, 3548
15.96415376663208, 3547
15.96415376663208, 3546
15.96415376663208, 3545
15.979442834854126, 3544
15.992372751235962, 3543
16.020642518997192, 3542
16.020642518997192, 3541
16.02368187904358, 3540
16.02368187904358, 3539
16.03341317176819, 3538
16.03341317176819, 3537
16.057881593704224, 3536
16.05932092666626, 3535
16.05932092666626, 3534
16.073423385620117, 3533
16.079949617385864, 3532
16.079949617385864, 3531
16.108932733535767, 3530
16.112807750701904, 3529
16.112807750701904, 3528
16.112807750701904, 3527
16.17924213409424, 3526
16.18027424812317, 3525
16.18027424812317, 3524
16.186606645584106, 3523
16.187634706497192, 3522
16.188602447509766, 3521
16.18963074684143, 3520
16.193430185317993, 3519
16.22263264656067, 3518
16.22434115409851, 3517
16.22533893585205, 3516
16.22533893585205, 3515
16.231273412704468, 3514
16.24020028114319, 3513
16.24564218521118, 3512
16.246670246124268, 3511
16.249818801879883, 3510
16.25053906440735, 3509
16.251569271087646, 3508
16.25997257232666, 3507
16.25997257232666, 3506
16.265239715576172, 3505
16.269360303878784, 3504
16.269360303878784, 3503
16.27319097518921, 3502
16.280702352523804, 3501
16.29311990737915, 3500
16.29311990737915, 3499
16.29311990737915, 3498
16.30271577835083, 3497
16.310085773468018, 3496
16.310085773468018, 3495
16.349066495895386, 3494
16.350095748901367, 3493
16.350095748901367, 3492
16.368003129959106, 3491
16.368003129959106, 3490
16.368003129959106, 3489
16.378634691238403, 3488
16.396708250045776, 3487
16.4102885723114, 3486
16.4102885723114, 3485
16.4102885723114, 3484
16.418346405029297, 3483
16.419594526290894, 3482
16.42058753967285, 3481
16.429073095321655, 3480
16.479321241378784, 3479
16.480319499969482, 3478
16.50188660621643, 3477
16.50188660621643, 3476
16.50188660621643, 3475
16.502883672714233, 3474
16.502883672714233, 3473
16.502883672714233, 3472
16.52544593811035, 3471
16.529798984527588, 3470
16.530797243118286, 3469
16.530797243118286, 3468
16.55318546295166, 3467
16.61394953727722, 3466
16.629467248916626, 3465
16.629467248916626, 3464
16.629467248916626, 3463
16.629467248916626, 3462
16.667596340179443, 3461
16.667596340179443, 3460
16.667596340179443, 3459
16.668699502944946, 3458
16.678747177124023, 3457
16.690876960754395, 3456
16.711721420288086, 3455
16.755548238754272, 3454
16.756577968597412, 3453
16.765897035598755, 3452
16.809860467910767, 3451
16.829704761505127, 3450
16.829704761505127, 3449
16.830702543258667, 3448
16.851459741592407, 3447
16.859841346740723, 3446
16.864047050476074, 3445
16.87307047843933, 3444
16.892196893692017, 3443
17.322202920913696, 3442
17.34449863433838, 3441
17.388800859451294, 3440
17.389829874038696, 3439
17.39999556541443, 3438
17.472841501235962, 3437
17.49994206428528, 3436
17.49994206428528, 3435
17.49994206428528, 3434
17.501949071884155, 3433
17.51010036468506, 3432
17.560824155807495, 3431
17.579938411712646, 3430
17.60978388786316, 3429
17.62505578994751, 3428
17.672781467437744, 3427
17.768736600875854, 3426
17.773759126663208, 3425
17.84030508995056, 3424
17.84030508995056, 3423
17.86767315864563, 3422
17.871676445007324, 3421
17.99143147468567, 3420
18.012349605560303, 3419
18.012349605560303, 3418
18.030141830444336, 3417
18.068977117538452, 3416
18.0809805393219, 3415
18.098912715911865, 3414
18.106027603149414, 3413
18.106027603149414, 3412
18.10981798171997, 3411
18.14322853088379, 3410
18.15997886657715, 3409
18.15997886657715, 3408
18.210360050201416, 3407
18.22459650039673, 3406
18.236656665802002, 3405
18.272173166275024, 3404
18.305392265319824, 3403
18.44004487991333, 3402
18.458868265151978, 3401
18.463481187820435, 3400
18.49125647544861, 3399
18.49125647544861, 3398
18.540282011032104, 3397
18.556627988815308, 3396
18.691277980804443, 3395
18.742722749710083, 3394
18.759891271591187, 3393
18.759891271591187, 3392
18.79659914970398, 3391
18.79763913154602, 3390
19.186406135559082, 3389
19.23990297317505, 3388
19.254713535308838, 3387
19.338960886001587, 3386
19.3629207611084, 3385
19.371089935302734, 3384
19.52786350250244, 3383
19.554412603378296, 3382
19.580127239227295, 3381
19.585002422332764, 3380
19.611626625061035, 3379
19.611626625061035, 3378
19.646969079971313, 3377
19.97701120376587, 3376
19.98488974571228, 3375
19.98862099647522, 3374
20.001644372940063, 3373
20.009763956069946, 3372
20.160365343093872, 3371
20.16850781440735, 3370
20.227585792541504, 3369
20.305134773254395, 3368
20.410244703292847, 3367
20.41559910774231, 3366
20.421833992004395, 3365
20.630829572677612, 3364
20.765311002731323, 3363
20.807896614074707, 3362
20.88115644454956, 3361
21.019258737564087, 3360
21.056657552719116, 3359
21.183000087738037, 3358
21.207868337631226, 3357
21.258625745773315, 3356
31.93760871887207, 3355
32.39993190765381, 3354
32.73139142990112, 3353
32.824751138687134, 3352
33.604867458343506, 3351
33.995288610458374, 3350
34.06999135017395, 3349
36.10005068778992, 3348
36.45620322227478, 3347
37.44490122795105, 3346
37.459418535232544, 3345
37.722169399261475, 3344
38.68323516845703, 3343
39.8142945766449, 3342
40.63987612724304, 3341
41.92924690246582, 3340
44.60127282142639, 3339
45.32354259490967, 3338
52.39886808395386, 3337
53.568997383117676, 3336
55.08981537818909, 3335
55.731849908828735, 3334
59.50964140892029, 3333
59.52891540527344, 3332
62.15238332748413, 3331
62.85272169113159, 3330
62.92083215713501, 3329
63.22026968002319, 3328
64.55301856994629, 3327
