4.8013646602630615, 5687
4.8013646602630615, 5686
4.8013646602630615, 5685
4.8013646602630615, 5684
4.8013646602630615, 5683
4.8013646602630615, 5682
4.8013646602630615, 5681
4.809382915496826, 5680
4.809382915496826, 5679
4.809382915496826, 5678
4.811429262161255, 5677
4.811429262161255, 5676
4.811429262161255, 5675
4.8194732666015625, 5674
4.8194732666015625, 5673
4.8194732666015625, 5672
4.8194732666015625, 5671
4.8215155601501465, 5670
4.8215155601501465, 5669
4.8215155601501465, 5668
4.8215155601501465, 5667
4.831585168838501, 5666
4.831585168838501, 5665
4.831585168838501, 5664
4.831585168838501, 5663
4.831585168838501, 5662
4.831585168838501, 5661
4.831585168838501, 5660
4.831585168838501, 5659
4.831585168838501, 5658
4.83962869644165, 5657
4.83962869644165, 5656
4.83962869644165, 5655
4.8416712284088135, 5654
4.8416712284088135, 5653
4.8416712284088135, 5652
4.851736545562744, 5651
4.851736545562744, 5650
4.851736545562744, 5649
4.859777212142944, 5648
4.859777212142944, 5647
4.859777212142944, 5646
4.861822843551636, 5645
4.861822843551636, 5644
4.861822843551636, 5643
4.869848728179932, 5642
4.871904134750366, 5641
4.871904134750366, 5640
4.871904134750366, 5639
4.871904134750366, 5638
4.871904134750366, 5637
4.871904134750366, 5636
4.871904134750366, 5635
4.879948854446411, 5634
4.879948854446411, 5633
4.879948854446411, 5632
4.879948854446411, 5631
4.881991147994995, 5630
4.881991147994995, 5629
4.881991147994995, 5628
4.881991147994995, 5627
4.89014196395874, 5626
4.89014196395874, 5625
4.89014196395874, 5624
4.892189979553223, 5623
4.892189979553223, 5622
4.892189979553223, 5621
4.892189979553223, 5620
4.900286436080933, 5619
4.902332544326782, 5618
4.912405490875244, 5617
4.912405490875244, 5616
4.912405490875244, 5615
4.912405490875244, 5614
4.912405490875244, 5613
4.912405490875244, 5612
4.912405490875244, 5611
4.912405490875244, 5610
4.912405490875244, 5609
4.912405490875244, 5608
4.912405490875244, 5607
4.912405490875244, 5606
4.920450687408447, 5605
4.920450687408447, 5604
4.922496318817139, 5603
4.922496318817139, 5602
4.922496318817139, 5601
4.922496318817139, 5600
4.922496318817139, 5599
4.930544137954712, 5598
4.930544137954712, 5597
4.930544137954712, 5596
4.932587385177612, 5595
4.932587385177612, 5594
4.932587385177612, 5593
4.942628383636475, 5592
4.942628383636475, 5591
4.942628383636475, 5590
4.942628383636475, 5589
4.942628383636475, 5588
4.942628383636475, 5587
4.95067572593689, 5586
4.95067572593689, 5585
4.95067572593689, 5584
4.952716827392578, 5583
4.952716827392578, 5582
4.952716827392578, 5581
4.952716827392578, 5580
4.952716827392578, 5579
4.952716827392578, 5578
4.952716827392578, 5577
4.952716827392578, 5576
4.952716827392578, 5575
4.960743427276611, 5574
4.960743427276611, 5573
4.96279239654541, 5572
4.96279239654541, 5571
4.96279239654541, 5570
4.96279239654541, 5569
4.970838785171509, 5568
4.972883939743042, 5567
4.972883939743042, 5566
4.972883939743042, 5565
4.972883939743042, 5564
4.972883939743042, 5563
4.972883939743042, 5562
4.972883939743042, 5561
4.9809043407440186, 5560
4.9809043407440186, 5559
4.982949495315552, 5558
4.982949495315552, 5557
4.982949495315552, 5556
4.982949495315552, 5555
4.982949495315552, 5554
4.982949495315552, 5553
4.982949495315552, 5552
4.982949495315552, 5551
4.99303936958313, 5550
5.001068592071533, 5549
5.003110408782959, 5548
5.003110408782959, 5547
5.003110408782959, 5546
5.003110408782959, 5545
5.003110408782959, 5544
5.003110408782959, 5543
5.003110408782959, 5542
5.003110408782959, 5541
5.003110408782959, 5540
5.003110408782959, 5539
5.003110408782959, 5538
5.003110408782959, 5537
5.003110408782959, 5536
5.003110408782959, 5535
5.003110408782959, 5534
5.003110408782959, 5533
5.003110408782959, 5532
5.011150360107422, 5531
5.013189315795898, 5530
5.013189315795898, 5529
5.013189315795898, 5528
5.013189315795898, 5527
5.013189315795898, 5526
5.043462038040161, 5525
5.043462038040161, 5524
5.061569929122925, 5523
5.061569929122925, 5522
5.093876600265503, 5521
5.093876600265503, 5520
5.093876600265503, 5519
5.103945016860962, 5518
5.103945016860962, 5517
5.103945016860962, 5516
5.103945016860962, 5515
5.103945016860962, 5514
5.11403751373291, 5513
5.11403751373291, 5512
5.11403751373291, 5511
5.11403751373291, 5510
5.11403751373291, 5509
5.11403751373291, 5508
5.124107599258423, 5507
5.124107599258423, 5506
5.124107599258423, 5505
5.164457559585571, 5504
5.1745429039001465, 5503
5.214871406555176, 5502
5.214871406555176, 5501
5.214871406555176, 5500
5.214871406555176, 5499
5.214871406555176, 5498
5.214871406555176, 5497
5.214871406555176, 5496
5.223162412643433, 5495
5.223162412643433, 5494
5.275629043579102, 5493
5.275629043579102, 5492
5.293803453445435, 5491
5.293803453445435, 5490
5.295846462249756, 5489
5.303900957107544, 5488
5.303900957107544, 5487
5.303900957107544, 5486
5.303900957107544, 5485
5.303900957107544, 5484
5.305944442749023, 5483
5.305944442749023, 5482
5.305944442749023, 5481
5.326112508773804, 5480
5.326112508773804, 5479
5.326112508773804, 5478
5.326112508773804, 5477
5.326112508773804, 5476
5.326112508773804, 5475
5.326112508773804, 5474
5.326112508773804, 5473
5.326112508773804, 5472
5.326112508773804, 5471
5.336191415786743, 5470
5.336191415786743, 5469
5.336191415786743, 5468
5.336191415786743, 5467
5.346282720565796, 5466
5.346282720565796, 5465
5.356368541717529, 5464
5.356368541717529, 5463
5.356368541717529, 5462
5.374917984008789, 5461
5.374917984008789, 5460
5.374917984008789, 5459
5.3769567012786865, 5458
5.3769567012786865, 5457
5.3769567012786865, 5456
5.3769567012786865, 5455
5.3769567012786865, 5454
5.3769567012786865, 5453
5.3769567012786865, 5452
5.3769567012786865, 5451
5.387051343917847, 5450
5.395092487335205, 5449
5.397131443023682, 5448
5.397131443023682, 5447
5.397131443023682, 5446
5.397131443023682, 5445
5.397131443023682, 5444
5.397131443023682, 5443
5.397131443023682, 5442
5.397131443023682, 5441
5.397131443023682, 5440
5.417307138442993, 5439
5.417307138442993, 5438
5.417307138442993, 5437
5.417307138442993, 5436
5.417307138442993, 5435
5.417307138442993, 5434
5.417307138442993, 5433
5.417307138442993, 5432
5.417307138442993, 5431
5.417307138442993, 5430
5.425358533859253, 5429
5.425358533859253, 5428
5.425358533859253, 5427
5.427397966384888, 5426
5.427397966384888, 5425
5.427397966384888, 5424
5.4374730587005615, 5423
5.4374730587005615, 5422
5.4374730587005615, 5421
5.4374730587005615, 5420
5.4374730587005615, 5419
5.4374730587005615, 5418
5.4374730587005615, 5417
5.4374730587005615, 5416
5.4374730587005615, 5415
5.4374730587005615, 5414
5.4374730587005615, 5413
5.4374730587005615, 5412
5.44757866859436, 5411
5.44757866859436, 5410
5.455615043640137, 5409
5.455615043640137, 5408
5.455615043640137, 5407
5.455615043640137, 5406
5.457653284072876, 5405
5.457653284072876, 5404
5.457653284072876, 5403
5.457653284072876, 5402
5.457653284072876, 5401
5.457653284072876, 5400
5.457653284072876, 5399
5.457653284072876, 5398
5.457653284072876, 5397
5.465707778930664, 5396
5.467750787734985, 5395
5.467750787734985, 5394
5.467750787734985, 5393
5.467750787734985, 5392
5.467750787734985, 5391
5.467750787734985, 5390
5.467750787734985, 5389
5.467750787734985, 5388
5.467750787734985, 5387
5.475784778594971, 5386
5.47579288482666, 5385
5.47579288482666, 5384
5.47579288482666, 5383
5.47579288482666, 5382
5.47579288482666, 5381
5.47579288482666, 5380
5.477831602096558, 5379
5.477831602096558, 5378
5.477831602096558, 5377
5.477831602096558, 5376
5.477831602096558, 5375
5.477831602096558, 5374
5.477831602096558, 5373
5.477831602096558, 5372
5.477831602096558, 5371
5.477831602096558, 5370
5.485880136489868, 5369
5.487922430038452, 5368
5.487922430038452, 5367
5.487922430038452, 5366
5.487922430038452, 5365
5.487922430038452, 5364
5.487922430038452, 5363
5.487922430038452, 5362
5.506045579910278, 5361
5.506045579910278, 5360
5.506045579910278, 5359
5.508085012435913, 5358
5.508085012435913, 5357
5.508085012435913, 5356
5.508085012435913, 5355
5.508085012435913, 5354
5.528278589248657, 5353
5.528278589248657, 5352
5.528278589248657, 5351
5.528278589248657, 5350
5.53632116317749, 5349
5.53632116317749, 5348
5.53632116317749, 5347
5.53632116317749, 5346
5.538359880447388, 5345
5.538359880447388, 5344
5.538359880447388, 5343
5.538359880447388, 5342
5.538359880447388, 5341
5.538359880447388, 5340
5.5484700202941895, 5339
5.5484700202941895, 5338
5.5484700202941895, 5337
5.5484700202941895, 5336
5.556514024734497, 5335
5.556514024734497, 5334
5.558557033538818, 5333
5.558557033538818, 5332
5.558557033538818, 5331
5.558557033538818, 5330
5.558557033538818, 5329
5.566596031188965, 5328
5.575916528701782, 5327
5.576600551605225, 5326
5.576600551605225, 5325
5.584753751754761, 5324
5.586913824081421, 5323
5.586913824081421, 5322
5.586913824081421, 5321
5.586913824081421, 5320
5.586913824081421, 5319
5.586913824081421, 5318
5.586913824081421, 5317
5.586913824081421, 5316
5.586913824081421, 5315
5.586913824081421, 5314
5.586913824081421, 5313
5.586913824081421, 5312
5.586913824081421, 5311
5.586913824081421, 5310
5.597142457962036, 5309
5.597142457962036, 5308
5.597142457962036, 5307
5.597142457962036, 5306
5.597142457962036, 5305
5.597142457962036, 5304
5.597142457962036, 5303
5.597142457962036, 5302
5.597142457962036, 5301
5.597142457962036, 5300
5.597142457962036, 5299
5.597142457962036, 5298
5.597142457962036, 5297
5.597142457962036, 5296
5.605334281921387, 5295
5.605334281921387, 5294
5.605334281921387, 5293
5.605334281921387, 5292
5.605334281921387, 5291
5.605334281921387, 5290
5.605334281921387, 5289
5.605334281921387, 5288
5.605334281921387, 5287
5.605334281921387, 5286
5.605334281921387, 5285
5.605334281921387, 5284
5.605334281921387, 5283
5.605334281921387, 5282
5.605334281921387, 5281
5.605334281921387, 5280
5.605334281921387, 5279
5.605334281921387, 5278
5.605334281921387, 5277
5.605334281921387, 5276
5.605334281921387, 5275
5.605334281921387, 5274
5.605334281921387, 5273
5.620989561080933, 5272
5.620989561080933, 5271
5.620989561080933, 5270
5.620989561080933, 5269
5.620989561080933, 5268
5.620989561080933, 5267
5.620989561080933, 5266
5.620989561080933, 5265
5.620989561080933, 5264
5.620989561080933, 5263
5.620989561080933, 5262
5.620989561080933, 5261
5.620989561080933, 5260
5.620989561080933, 5259
5.620989561080933, 5258
5.620989561080933, 5257
5.620989561080933, 5256
5.620989561080933, 5255
5.620989561080933, 5254
5.620989561080933, 5253
5.620989561080933, 5252
5.620989561080933, 5251
5.620989561080933, 5250
5.636577844619751, 5249
5.636577844619751, 5248
5.636577844619751, 5247
5.636577844619751, 5246
5.641384124755859, 5245
5.641384124755859, 5244
5.641384124755859, 5243
5.641384124755859, 5242
5.6494104862213135, 5241
5.6494104862213135, 5240
5.6494104862213135, 5239
5.6494104862213135, 5238
5.6494104862213135, 5237
5.6494104862213135, 5236
5.6494104862213135, 5235
5.6494104862213135, 5234
5.6494104862213135, 5233
5.6494104862213135, 5232
5.6494104862213135, 5231
5.6494104862213135, 5230
5.6494104862213135, 5229
5.6494104862213135, 5228
5.6494104862213135, 5227
5.6494104862213135, 5226
5.6494104862213135, 5225
5.657582998275757, 5224
5.657582998275757, 5223
5.657582998275757, 5222
5.657582998275757, 5221
5.657582998275757, 5220
5.657582998275757, 5219
5.657582998275757, 5218
5.657582998275757, 5217
5.657582998275757, 5216
5.657582998275757, 5215
5.657582998275757, 5214
5.657582998275757, 5213
5.657582998275757, 5212
5.657582998275757, 5211
5.657582998275757, 5210
5.657582998275757, 5209
5.664845705032349, 5208
5.664845705032349, 5207
5.664845705032349, 5206
5.664845705032349, 5205
5.664845705032349, 5204
5.664845705032349, 5203
5.680467128753662, 5202
5.680467128753662, 5201
5.680467128753662, 5200
5.680467128753662, 5199
5.686971426010132, 5198
5.686971426010132, 5197
5.686971426010132, 5196
5.686971426010132, 5195
5.686971426010132, 5194
5.702596426010132, 5193
5.702596426010132, 5192
5.702596426010132, 5191
5.702596426010132, 5190
5.702596426010132, 5189
5.702596426010132, 5188
5.720638990402222, 5187
5.720638990402222, 5186
5.720638990402222, 5185
5.720638990402222, 5184
5.720638990402222, 5183
5.720638990402222, 5182
5.720638990402222, 5181
5.720638990402222, 5180
5.7362916469573975, 5179
5.7362916469573975, 5178
5.7362916469573975, 5177
5.7362916469573975, 5176
5.7362916469573975, 5175
5.7362916469573975, 5174
5.7362916469573975, 5173
5.7362916469573975, 5172
5.7362916469573975, 5171
5.7362916469573975, 5170
5.7362916469573975, 5169
5.7362916469573975, 5168
5.7362916469573975, 5167
5.7362916469573975, 5166
5.7362916469573975, 5165
5.7362916469573975, 5164
5.7362916469573975, 5163
5.7362916469573975, 5162
5.7362916469573975, 5161
5.7362916469573975, 5160
5.7362916469573975, 5159
5.7362916469573975, 5158
5.7362916469573975, 5157
5.7362916469573975, 5156
5.7362916469573975, 5155
5.7362916469573975, 5154
5.7362916469573975, 5153
5.7362916469573975, 5152
5.751913547515869, 5151
5.751913547515869, 5150
5.751913547515869, 5149
5.751913547515869, 5148
5.751913547515869, 5147
5.751913547515869, 5146
5.767536878585815, 5145
5.767536878585815, 5144
5.767536878585815, 5143
5.767536878585815, 5142
5.767536878585815, 5141
5.767536878585815, 5140
5.767536878585815, 5139
5.783155918121338, 5138
5.783155918121338, 5137
5.783155918121338, 5136
5.783155918121338, 5135
5.783155918121338, 5134
5.787195205688477, 5133
5.787195205688477, 5132
5.787195205688477, 5131
5.787195205688477, 5130
5.787195205688477, 5129
5.787195205688477, 5128
5.787195205688477, 5127
5.787195205688477, 5126
5.787195205688477, 5125
5.787195205688477, 5124
5.787195205688477, 5123
5.787195205688477, 5122
5.787195205688477, 5121
5.787195205688477, 5120
5.787195205688477, 5119
5.787195205688477, 5118
5.787195205688477, 5117
5.787195205688477, 5116
5.787195205688477, 5115
5.787195205688477, 5114
5.787195205688477, 5113
5.787195205688477, 5112
5.787195205688477, 5111
5.802850961685181, 5110
5.802850961685181, 5109
5.802850961685181, 5108
5.802850961685181, 5107
5.802850961685181, 5106
5.802850961685181, 5105
5.802850961685181, 5104
5.802850961685181, 5103
5.802850961685181, 5102
5.802850961685181, 5101
5.802850961685181, 5100
5.802850961685181, 5099
5.802850961685181, 5098
5.802850961685181, 5097
5.802850961685181, 5096
5.802850961685181, 5095
5.802850961685181, 5094
5.802850961685181, 5093
5.802850961685181, 5092
5.802850961685181, 5091
5.802850961685181, 5090
5.818473815917969, 5089
5.818473815917969, 5088
5.818473815917969, 5087
5.818473815917969, 5086
5.818473815917969, 5085
5.818473815917969, 5084
5.818473815917969, 5083
5.818473815917969, 5082
5.818473815917969, 5081
5.818473815917969, 5080
5.818473815917969, 5079
5.818473815917969, 5078
5.818473815917969, 5077
5.818473815917969, 5076
5.818473815917969, 5075
5.818473815917969, 5074
5.818473815917969, 5073
5.818473815917969, 5072
5.818473815917969, 5071
5.818473815917969, 5070
5.818473815917969, 5069
5.834094285964966, 5068
5.834094285964966, 5067
5.834094285964966, 5066
5.834094285964966, 5065
5.834094285964966, 5064
5.834094285964966, 5063
5.834094285964966, 5062
5.834094285964966, 5061
5.834094285964966, 5060
5.834094285964966, 5059
5.834094285964966, 5058
5.834094285964966, 5057
5.834094285964966, 5056
5.834094285964966, 5055
5.834094285964966, 5054
5.834094285964966, 5053
5.834094285964966, 5052
5.8497154712677, 5051
5.8497154712677, 5050
5.8497154712677, 5049
5.8497154712677, 5048
5.8497154712677, 5047
5.8497154712677, 5046
5.8497154712677, 5045
5.8497154712677, 5044
5.8497154712677, 5043
5.8497154712677, 5042
5.8497154712677, 5041
5.8653404712677, 5040
5.8653404712677, 5039
5.8653404712677, 5038
5.8653404712677, 5037
5.8653404712677, 5036
5.8653404712677, 5035
5.8653404712677, 5034
5.8653404712677, 5033
5.8653404712677, 5032
5.8653404712677, 5031
5.8653404712677, 5030
5.8653404712677, 5029
5.8653404712677, 5028
5.8653404712677, 5027
5.8653404712677, 5026
5.8653404712677, 5025
5.8653404712677, 5024
5.8653404712677, 5023
5.8809614181518555, 5022
5.8809614181518555, 5021
5.8809614181518555, 5020
5.8809614181518555, 5019
5.88955283164978, 5018
5.88955283164978, 5017
5.88955283164978, 5016
5.88955283164978, 5015
5.88955283164978, 5014
5.897602796554565, 5013
5.897602796554565, 5012
5.897602796554565, 5011
5.897602796554565, 5010
5.899643898010254, 5009
5.899643898010254, 5008
5.899643898010254, 5007
5.899643898010254, 5006
5.899643898010254, 5005
5.899643898010254, 5004
5.899643898010254, 5003
5.899643898010254, 5002
5.899643898010254, 5001
5.909728050231934, 5000
5.909728050231934, 4999
5.909728050231934, 4998
5.909728050231934, 4997
5.909728050231934, 4996
5.909728050231934, 4995
5.909728050231934, 4994
5.909728050231934, 4993
5.909728050231934, 4992
5.909728050231934, 4991
5.917775392532349, 4990
5.917775392532349, 4989
5.917775392532349, 4988
5.917775392532349, 4987
5.9198157787323, 4986
5.9198157787323, 4985
5.9198157787323, 4984
5.9198157787323, 4983
5.9198157787323, 4982
5.9278552532196045, 4981
5.9278552532196045, 4980
5.929893732070923, 4979
5.929893732070923, 4978
5.929893732070923, 4977
5.929893732070923, 4976
5.929893732070923, 4975
5.929893732070923, 4974
5.929893732070923, 4973
5.929893732070923, 4972
5.929893732070923, 4971
5.929893732070923, 4970
5.929893732070923, 4969
5.929893732070923, 4968
5.929893732070923, 4967
5.929893732070923, 4966
5.929893732070923, 4965
5.929893732070923, 4964
5.929893732070923, 4963
5.929893732070923, 4962
5.929893732070923, 4961
5.929893732070923, 4960
5.929893732070923, 4959
5.929893732070923, 4958
5.929893732070923, 4957
5.937951564788818, 4956
5.937951564788818, 4955
5.937951564788818, 4954
5.939991474151611, 4953
5.939991474151611, 4952
5.939991474151611, 4951
5.939991474151611, 4950
5.939991474151611, 4949
5.939991474151611, 4948
5.939991474151611, 4947
5.939991474151611, 4946
5.939991474151611, 4945
5.939991474151611, 4944
5.939991474151611, 4943
5.939991474151611, 4942
5.939991474151611, 4941
5.948035955429077, 4940
5.948035955429077, 4939
5.950075149536133, 4938
5.950075149536133, 4937
5.950075149536133, 4936
5.958125829696655, 4935
5.960174322128296, 4934
5.960174322128296, 4933
5.960174322128296, 4932
5.960174322128296, 4931
5.960174322128296, 4930
5.960174322128296, 4929
5.960174322128296, 4928
5.9682135581970215, 4927
5.9682135581970215, 4926
5.970252275466919, 4925
5.970252275466919, 4924
5.970252275466919, 4923
5.970252275466919, 4922
5.970252275466919, 4921
5.970252275466919, 4920
5.970252275466919, 4919
5.970252275466919, 4918
5.970252275466919, 4917
5.970252275466919, 4916
5.9783103466033936, 4915
5.9783103466033936, 4914
5.980776071548462, 4913
5.980776071548462, 4912
5.980776071548462, 4911
5.980776071548462, 4910
5.980776071548462, 4909
5.980776071548462, 4908
5.980776071548462, 4907
5.980776071548462, 4906
5.980776071548462, 4905
5.980776071548462, 4904
5.990858793258667, 4903
5.990858793258667, 4902
5.990858793258667, 4901
5.990858793258667, 4900
5.990858793258667, 4899
5.990858793258667, 4898
5.990858793258667, 4897
5.990858793258667, 4896
5.990858793258667, 4895
5.990858793258667, 4894
5.990858793258667, 4893
5.990858793258667, 4892
5.990858793258667, 4891
5.9988744258880615, 4890
5.9988744258880615, 4889
5.9988744258880615, 4888
6.0009191036224365, 4887
6.0009191036224365, 4886
6.0009191036224365, 4885
6.008960008621216, 4884
6.008960008621216, 4883
6.008960008621216, 4882
6.011002779006958, 4881
6.011002779006958, 4880
6.011002779006958, 4879
6.011002779006958, 4878
6.011002779006958, 4877
6.011002779006958, 4876
6.011002779006958, 4875
6.011002779006958, 4874
6.011002779006958, 4873
6.02109432220459, 4872
6.02109432220459, 4871
6.02109432220459, 4870
6.02109432220459, 4869
6.0291407108306885, 4868
6.0291407108306885, 4867
6.031187295913696, 4866
6.031187295913696, 4865
6.031187295913696, 4864
6.031187295913696, 4863
6.031187295913696, 4862
6.041250705718994, 4861
6.041250705718994, 4860
6.041250705718994, 4859
6.041250705718994, 4858
6.041250705718994, 4857
6.041250705718994, 4856
6.041250705718994, 4855
6.0492894649505615, 4854
6.0492894649505615, 4853
6.0492894649505615, 4852
6.0492894649505615, 4851
6.0492894649505615, 4850
6.0492894649505615, 4849
6.0492894649505615, 4848
6.0492894649505615, 4847
6.0492894649505615, 4846
6.0492894649505615, 4845
6.0492894649505615, 4844
6.0492894649505615, 4843
6.0492894649505615, 4842
6.0492894649505615, 4841
6.0492894649505615, 4840
6.0492894649505615, 4839
6.0593037605285645, 4838
6.0593037605285645, 4837
6.061349630355835, 4836
6.061349630355835, 4835
6.061349630355835, 4834
6.061349630355835, 4833
6.061349630355835, 4832
6.061349630355835, 4831
6.061349630355835, 4830
6.061349630355835, 4829
6.061349630355835, 4828
6.061349630355835, 4827
6.069392919540405, 4826
6.069392919540405, 4825
6.069392919540405, 4824
6.069392919540405, 4823
6.071435213088989, 4822
6.071435213088989, 4821
6.071435213088989, 4820
6.071435213088989, 4819
6.071435213088989, 4818
6.071435213088989, 4817
6.071435213088989, 4816
6.071435213088989, 4815
6.071435213088989, 4814
6.071435213088989, 4813
6.071435213088989, 4812
6.071435213088989, 4811
6.071435213088989, 4810
6.071435213088989, 4809
6.0794596672058105, 4808
6.0794596672058105, 4807
6.0794596672058105, 4806
6.0794596672058105, 4805
6.0794596672058105, 4804
6.0794596672058105, 4803
6.081463813781738, 4802
6.081505298614502, 4801
6.081505298614502, 4800
6.081505298614502, 4799
6.081505298614502, 4798
6.081505298614502, 4797
6.081505298614502, 4796
6.081505298614502, 4795
6.081505298614502, 4794
6.081505298614502, 4793
6.081505298614502, 4792
6.081505298614502, 4791
6.081505298614502, 4790
6.089549541473389, 4789
6.089549541473389, 4788
6.089549541473389, 4787
6.091552734375, 4786
6.09159255027771, 4785
6.09159255027771, 4784
6.09159255027771, 4783
6.09159255027771, 4782
6.09159255027771, 4781
6.09159255027771, 4780
6.09159255027771, 4779
6.09159255027771, 4778
6.09159255027771, 4777
6.09159255027771, 4776
6.099611759185791, 4775
6.099611759185791, 4774
6.099611759185791, 4773
6.101656198501587, 4772
6.101656198501587, 4771
6.101656198501587, 4770
6.101656198501587, 4769
6.101656198501587, 4768
6.101656198501587, 4767
6.101656198501587, 4766
6.101656198501587, 4765
6.101656198501587, 4764
6.101656198501587, 4763
6.101656198501587, 4762
6.101656198501587, 4761
6.101656198501587, 4760
6.10970664024353, 4759
6.10970664024353, 4758
6.10970664024353, 4757
6.1117494106292725, 4756
6.1117494106292725, 4755
6.1117494106292725, 4754
6.1117494106292725, 4753
6.1117494106292725, 4752
6.1117494106292725, 4751
6.1117494106292725, 4750
6.1117494106292725, 4749
6.1117494106292725, 4748
6.1117494106292725, 4747
6.1117494106292725, 4746
6.1117494106292725, 4745
6.1117494106292725, 4744
6.119765043258667, 4743
6.119765043258667, 4742
6.119765043258667, 4741
6.119765043258667, 4740
6.119765043258667, 4739
6.119765043258667, 4738
6.119765043258667, 4737
6.121807813644409, 4736
6.121807813644409, 4735
6.121807813644409, 4734
6.121807813644409, 4733
6.121807813644409, 4732
6.121807813644409, 4731
6.121807813644409, 4730
6.121807813644409, 4729
6.121807813644409, 4728
6.121807813644409, 4727
6.121807813644409, 4726
6.129838466644287, 4725
6.129838466644287, 4724
6.129838466644287, 4723
6.129838466644287, 4722
6.129838466644287, 4721
6.129838466644287, 4720
6.129838466644287, 4719
6.129838466644287, 4718
6.129838466644287, 4717
6.129838466644287, 4716
6.129838466644287, 4715
6.129838466644287, 4714
6.129838466644287, 4713
6.129838466644287, 4712
6.129838466644287, 4711
6.129838466644287, 4710
6.129838466644287, 4709
6.129838466644287, 4708
6.129838466644287, 4707
6.129838466644287, 4706
6.129838466644287, 4705
6.129838466644287, 4704
6.129838466644287, 4703
6.129838466644287, 4702
6.129838466644287, 4701
6.129838466644287, 4700
6.129838466644287, 4699
6.139879941940308, 4698
6.139879941940308, 4697
6.139879941940308, 4696
6.139879941940308, 4695
6.139879941940308, 4694
6.141920804977417, 4693
6.141920804977417, 4692
6.141920804977417, 4691
6.141920804977417, 4690
6.141920804977417, 4689
6.141920804977417, 4688
6.141920804977417, 4687
6.141920804977417, 4686
6.141920804977417, 4685
6.141920804977417, 4684
6.141920804977417, 4683
6.141920804977417, 4682
6.141920804977417, 4681
6.141920804977417, 4680
6.141920804977417, 4679
6.141920804977417, 4678
6.141920804977417, 4677
6.141920804977417, 4676
6.141920804977417, 4675
6.141920804977417, 4674
6.141920804977417, 4673
6.141920804977417, 4672
6.141920804977417, 4671
6.141920804977417, 4670
6.141920804977417, 4669
6.141920804977417, 4668
6.141920804977417, 4667
6.141920804977417, 4666
6.141920804977417, 4665
6.141920804977417, 4664
6.1499598026275635, 4663
6.1499598026275635, 4662
6.1499598026275635, 4661
6.1499598026275635, 4660
6.1499598026275635, 4659
6.1499598026275635, 4658
6.1499598026275635, 4657
6.1499598026275635, 4656
6.1499598026275635, 4655
6.1499598026275635, 4654
6.1499598026275635, 4653
6.1499598026275635, 4652
6.1499598026275635, 4651
6.1499598026275635, 4650
6.1499598026275635, 4649
6.1499598026275635, 4648
6.1499598026275635, 4647
6.1499598026275635, 4646
6.1499598026275635, 4645
6.1499598026275635, 4644
6.1499598026275635, 4643
6.1499598026275635, 4642
6.1499598026275635, 4641
6.1499598026275635, 4640
6.1499598026275635, 4639
6.1499598026275635, 4638
6.1499598026275635, 4637
6.1499598026275635, 4636
6.1499598026275635, 4635
6.1499598026275635, 4634
6.1499598026275635, 4633
6.1499598026275635, 4632
6.1499598026275635, 4631
6.1499598026275635, 4630
6.1499598026275635, 4629
6.1499598026275635, 4628
6.1499598026275635, 4627
6.1499598026275635, 4626
6.1599953174591064, 4625
6.1600117683410645, 4624
6.1600117683410645, 4623
6.1600117683410645, 4622
6.162059783935547, 4621
6.162059783935547, 4620
6.162059783935547, 4619
6.162059783935547, 4618
6.162059783935547, 4617
6.162059783935547, 4616
6.162059783935547, 4615
6.162059783935547, 4614
6.162059783935547, 4613
6.162059783935547, 4612
6.162059783935547, 4611
6.162059783935547, 4610
6.162059783935547, 4609
6.162059783935547, 4608
6.162059783935547, 4607
6.162059783935547, 4606
6.162059783935547, 4605
6.162059783935547, 4604
6.162059783935547, 4603
6.162059783935547, 4602
6.162059783935547, 4601
6.162059783935547, 4600
6.162059783935547, 4599
6.162059783935547, 4598
6.162059783935547, 4597
6.162059783935547, 4596
6.162059783935547, 4595
6.162059783935547, 4594
6.17009973526001, 4593
6.17009973526001, 4592
6.17009973526001, 4591
6.17009973526001, 4590
6.17009973526001, 4589
6.172138452529907, 4588
6.172138452529907, 4587
6.172138452529907, 4586
6.172138452529907, 4585
6.172138452529907, 4584
6.172138452529907, 4583
6.172138452529907, 4582
6.172138452529907, 4581
6.172138452529907, 4580
6.172138452529907, 4579
6.172138452529907, 4578
6.172138452529907, 4577
6.172138452529907, 4576
6.180204153060913, 4575
6.180204153060913, 4574
6.180204153060913, 4573
6.180204153060913, 4572
6.180204153060913, 4571
6.180204153060913, 4570
6.180204153060913, 4569
6.180204153060913, 4568
6.182244062423706, 4567
6.182244062423706, 4566
6.182244062423706, 4565
6.182244062423706, 4564
6.182244062423706, 4563
6.182244062423706, 4562
6.182244062423706, 4561
6.182244062423706, 4560
6.182244062423706, 4559
6.182244062423706, 4558
6.182244062423706, 4557
6.182244062423706, 4556
6.182244062423706, 4555
6.182244062423706, 4554
6.190245866775513, 4553
6.190283298492432, 4552
6.192322015762329, 4551
6.192322015762329, 4550
6.192322015762329, 4549
6.192322015762329, 4548
6.192322015762329, 4547
6.192322015762329, 4546
6.192322015762329, 4545
6.192322015762329, 4544
6.200362682342529, 4543
6.200362682342529, 4542
6.200362682342529, 4541
6.202410459518433, 4540
6.202410459518433, 4539
6.202410459518433, 4538
6.202410459518433, 4537
6.202410459518433, 4536
6.202410459518433, 4535
6.202410459518433, 4534
6.202410459518433, 4533
6.210453987121582, 4532
6.210453987121582, 4531
6.212496519088745, 4530
6.212496519088745, 4529
6.212496519088745, 4528
6.212496519088745, 4527
6.212496519088745, 4526
6.222563982009888, 4525
6.222563982009888, 4524
6.222563982009888, 4523
6.222563982009888, 4522
6.222563982009888, 4521
6.230607032775879, 4520
6.230607032775879, 4519
6.232649564743042, 4518
6.232649564743042, 4517
6.240675687789917, 4516
6.240675687789917, 4515
6.240675687789917, 4514
6.242721796035767, 4513
6.242721796035767, 4512
6.242721796035767, 4511
6.242721796035767, 4510
6.242721796035767, 4509
6.242721796035767, 4508
6.242721796035767, 4507
6.242721796035767, 4506
6.242721796035767, 4505
6.242721796035767, 4504
6.242721796035767, 4503
6.242721796035767, 4502
6.242721796035767, 4501
6.250764846801758, 4500
6.250764846801758, 4499
6.250764846801758, 4498
6.250764846801758, 4497
6.252812385559082, 4496
6.252812385559082, 4495
6.252812385559082, 4494
6.252812385559082, 4493
6.252812385559082, 4492
6.252812385559082, 4491
6.252812385559082, 4490
6.252812385559082, 4489
6.252812385559082, 4488
6.2628748416900635, 4487
6.2628748416900635, 4486
6.270921230316162, 4485
6.270921230316162, 4484
6.270921230316162, 4483
6.272964239120483, 4482
6.272964239120483, 4481
6.272964239120483, 4480
6.272964239120483, 4479
6.272964239120483, 4478
6.272964239120483, 4477
6.272964239120483, 4476
6.272964239120483, 4475
6.272964239120483, 4474
6.283050060272217, 4473
6.283050060272217, 4472
6.283050060272217, 4471
6.283050060272217, 4470
6.283050060272217, 4469
6.283050060272217, 4468
6.283050060272217, 4467
6.283050060272217, 4466
6.283050060272217, 4465
6.283050060272217, 4464
6.283050060272217, 4463
6.283050060272217, 4462
6.291096210479736, 4461
6.291096210479736, 4460
6.291096210479736, 4459
6.291096210479736, 4458
6.293138265609741, 4457
6.293138265609741, 4456
6.293138265609741, 4455
6.293138265609741, 4454
6.293138265609741, 4453
6.293138265609741, 4452
6.293138265609741, 4451
6.293138265609741, 4450
6.293138265609741, 4449
6.293138265609741, 4448
6.293138265609741, 4447
6.293138265609741, 4446
6.293138265609741, 4445
6.3011555671691895, 4444
6.3011555671691895, 4443
6.3011555671691895, 4442
6.3011555671691895, 4441
6.3011555671691895, 4440
6.3011555671691895, 4439
6.3011555671691895, 4438
6.303198337554932, 4437
6.303198337554932, 4436
6.303198337554932, 4435
6.303198337554932, 4434
6.303198337554932, 4433
6.303198337554932, 4432
6.303198337554932, 4431
6.303198337554932, 4430
6.303198337554932, 4429
6.303198337554932, 4428
6.303198337554932, 4427
6.303198337554932, 4426
6.303198337554932, 4425
6.303198337554932, 4424
6.303198337554932, 4423
6.303198337554932, 4422
6.303198337554932, 4421
6.303198337554932, 4420
6.303198337554932, 4419
6.303198337554932, 4418
6.303198337554932, 4417
6.303198337554932, 4416
6.303198337554932, 4415
6.303198337554932, 4414
6.303198337554932, 4413
6.311237335205078, 4412
6.311237335205078, 4411
6.311237335205078, 4410
6.311237335205078, 4409
6.311237335205078, 4408
6.311237335205078, 4407
6.311237335205078, 4406
6.311237335205078, 4405
6.313275098800659, 4404
6.313275098800659, 4403
6.313275098800659, 4402
6.313275098800659, 4401
6.313275098800659, 4400
6.313275098800659, 4399
6.313275098800659, 4398
6.313275098800659, 4397
6.313275098800659, 4396
6.313275098800659, 4395
6.313275098800659, 4394
6.313275098800659, 4393
6.313275098800659, 4392
6.313275098800659, 4391
6.313275098800659, 4390
6.313275098800659, 4389
6.313275098800659, 4388
6.313275098800659, 4387
6.313275098800659, 4386
6.313275098800659, 4385
6.313275098800659, 4384
6.313275098800659, 4383
6.313275098800659, 4382
6.313275098800659, 4381
6.313275098800659, 4380
6.313275098800659, 4379
6.313275098800659, 4378
6.313275098800659, 4377
6.313275098800659, 4376
6.313275098800659, 4375
6.313275098800659, 4374
6.313275098800659, 4373
6.321287631988525, 4372
6.321287631988525, 4371
6.321287631988525, 4370
6.321287631988525, 4369
6.321287631988525, 4368
6.321287631988525, 4367
6.321287631988525, 4366
6.321287631988525, 4365
6.323331117630005, 4364
6.323331117630005, 4363
6.323331117630005, 4362
6.323331117630005, 4361
6.323331117630005, 4360
6.323331117630005, 4359
6.323331117630005, 4358
6.323331117630005, 4357
6.323331117630005, 4356
6.323331117630005, 4355
6.323331117630005, 4354
6.323331117630005, 4353
6.323331117630005, 4352
6.323331117630005, 4351
6.323331117630005, 4350
6.323331117630005, 4349
6.323331117630005, 4348
6.323331117630005, 4347
6.323331117630005, 4346
6.323331117630005, 4345
6.323331117630005, 4344
6.323331117630005, 4343
6.323331117630005, 4342
6.323331117630005, 4341
6.323331117630005, 4340
6.323331117630005, 4339
6.331370830535889, 4338
6.331370830535889, 4337
6.331370830535889, 4336
6.331370830535889, 4335
6.331370830535889, 4334
6.331370830535889, 4333
6.331370830535889, 4332
6.331370830535889, 4331
6.333377361297607, 4330
6.333377361297607, 4329
6.333377361297607, 4328
6.333377361297607, 4327
6.333377361297607, 4326
6.333377361297607, 4325
6.333377361297607, 4324
6.333377361297607, 4323
6.333377361297607, 4322
6.333377361297607, 4321
6.333377361297607, 4320
6.333377361297607, 4319
6.333377361297607, 4318
6.333377361297607, 4317
6.333377361297607, 4316
6.333377361297607, 4315
6.333377361297607, 4314
6.333377361297607, 4313
6.333377361297607, 4312
6.333377361297607, 4311
6.333377361297607, 4310
6.333377361297607, 4309
6.333377361297607, 4308
6.333377361297607, 4307
6.333377361297607, 4306
6.333377361297607, 4305
6.341441631317139, 4304
6.341441631317139, 4303
6.341441631317139, 4302
6.341441631317139, 4301
6.341441631317139, 4300
6.341441631317139, 4299
6.341441631317139, 4298
6.343482732772827, 4297
6.343482732772827, 4296
6.343482732772827, 4295
6.343482732772827, 4294
6.343482732772827, 4293
6.343482732772827, 4292
6.343482732772827, 4291
6.343482732772827, 4290
6.343482732772827, 4289
6.343482732772827, 4288
6.343482732772827, 4287
6.343482732772827, 4286
6.343482732772827, 4285
6.343482732772827, 4284
6.343482732772827, 4283
6.343482732772827, 4282
6.343482732772827, 4281
6.343482732772827, 4280
6.343482732772827, 4279
6.343482732772827, 4278
6.343482732772827, 4277
6.343482732772827, 4276
6.343482732772827, 4275
6.343482732772827, 4274
6.343482732772827, 4273
6.343482732772827, 4272
6.343482732772827, 4271
6.343482732772827, 4270
6.343482732772827, 4269
6.343482732772827, 4268
6.351523160934448, 4267
6.351523160934448, 4266
6.351523160934448, 4265
6.351523160934448, 4264
6.351523160934448, 4263
6.351523160934448, 4262
6.351523160934448, 4261
6.351523160934448, 4260
6.3535637855529785, 4259
6.3535637855529785, 4258
6.3535637855529785, 4257
6.3535637855529785, 4256
6.3535637855529785, 4255
6.3535637855529785, 4254
6.3535637855529785, 4253
6.3535637855529785, 4252
6.3535637855529785, 4251
6.3535637855529785, 4250
6.3535637855529785, 4249
6.3535637855529785, 4248
6.3535637855529785, 4247
6.3535637855529785, 4246
6.3535637855529785, 4245
6.3535637855529785, 4244
6.361583709716797, 4243
6.361583709716797, 4242
6.363623380661011, 4241
6.363623380661011, 4240
6.363623380661011, 4239
6.363623380661011, 4238
6.363623380661011, 4237
6.363623380661011, 4236
6.363623380661011, 4235
6.371662139892578, 4234
6.371662139892578, 4233
6.373700141906738, 4232
6.373700141906738, 4231
6.373700141906738, 4230
6.373700141906738, 4229
6.373700141906738, 4228
6.373700141906738, 4227
6.38171911239624, 4226
6.38171911239624, 4225
6.38171911239624, 4224
6.38171911239624, 4223
6.383763074874878, 4222
6.383763074874878, 4221
6.383763074874878, 4220
6.383763074874878, 4219
6.383763074874878, 4218
6.383763074874878, 4217
6.383763074874878, 4216
6.383763074874878, 4215
6.383763074874878, 4214
6.383763074874878, 4213
6.383763074874878, 4212
6.383763074874878, 4211
6.383763074874878, 4210
6.383763074874878, 4209
6.383763074874878, 4208
6.383763074874878, 4207
6.391809463500977, 4206
6.391809463500977, 4205
6.391809463500977, 4204
6.391809463500977, 4203
6.393855094909668, 4202
6.393855094909668, 4201
6.393855094909668, 4200
6.393855094909668, 4199
6.393855094909668, 4198
6.393855094909668, 4197
6.393855094909668, 4196
6.393855094909668, 4195
6.393855094909668, 4194
6.393855094909668, 4193
6.393855094909668, 4192
6.393855094909668, 4191
6.393855094909668, 4190
6.393855094909668, 4189
6.393855094909668, 4188
6.393855094909668, 4187
6.401871919631958, 4186
6.401871919631958, 4185
6.401871919631958, 4184
6.401871919631958, 4183
6.401871919631958, 4182
6.401871919631958, 4181
6.401871919631958, 4180
6.401871919631958, 4179
6.4038755893707275, 4178
6.404366970062256, 4177
6.404366970062256, 4176
6.404366970062256, 4175
6.404366970062256, 4174
6.404366970062256, 4173
6.404366970062256, 4172
6.404366970062256, 4171
6.404366970062256, 4170
6.404366970062256, 4169
6.404366970062256, 4168
6.404366970062256, 4167
6.404366970062256, 4166
6.404366970062256, 4165
6.404366970062256, 4164
6.404366970062256, 4163
6.404366970062256, 4162
6.412409543991089, 4161
6.412409543991089, 4160
6.412409543991089, 4159
6.414452075958252, 4158
6.434722661972046, 4157
6.434722661972046, 4156
6.454842567443848, 4155
6.485104560852051, 4154
6.485104560852051, 4153
6.485104560852051, 4152
6.493159055709839, 4151
6.495200872421265, 4150
6.53550124168396, 4149
6.53550124168396, 4148
6.53550124168396, 4147
6.5875279903411865, 4146
6.595066070556641, 4145
6.610724687576294, 4144
6.641969203948975, 4143
6.641969203948975, 4142
6.641969203948975, 4141
6.65758752822876, 4140
6.65758752822876, 4139
6.65758752822876, 4138
6.65758752822876, 4137
6.65758752822876, 4136
6.65758752822876, 4135
6.673208713531494, 4134
6.673208713531494, 4133
6.673208713531494, 4132
6.673208713531494, 4131
6.695373058319092, 4130
6.697411298751831, 4129
6.707510709762573, 4128
6.717587947845459, 4127
6.717587947845459, 4126
6.727670907974243, 4125
6.727670907974243, 4124
6.7377543449401855, 4123
6.747849464416504, 4122
6.7659831047058105, 4121
6.776062965393066, 4120
6.778101205825806, 4119
6.778101205825806, 4118
6.808407306671143, 4117
6.808407306671143, 4116
6.816446781158447, 4115
6.836608648300171, 4114
6.836608648300171, 4113
6.838649034500122, 4112
6.8487372398376465, 4111
6.858820199966431, 4110
6.858820199966431, 4109
6.858820199966431, 4108
6.858820199966431, 4107
6.919268608093262, 4106
6.919268608093262, 4105
6.929328680038452, 4104
6.937372446060181, 4103
6.939414978027344, 4102
6.939414978027344, 4101
6.949482679367065, 4100
6.959561824798584, 4099
6.969648599624634, 4098
6.969648599624634, 4097
6.977690935134888, 4096
6.989782094955444, 4095
6.999860763549805, 4094
7.020021438598633, 4093
7.048258066177368, 4092
7.050297737121582, 4091
7.06037974357605, 4090
7.06037974357605, 4089
7.070448875427246, 4088
7.070448875427246, 4087
7.078489780426025, 4086
7.078489780426025, 4085
7.0905845165252686, 4084
7.100670337677002, 4083
7.12085223197937, 4082
7.12085223197937, 4081
7.12085223197937, 4080
7.138992786407471, 4079
7.141033172607422, 4078
7.141033172607422, 4077
7.161207437515259, 4076
7.161207437515259, 4075
7.161207437515259, 4074
7.161207437515259, 4073
7.171315670013428, 4072
7.171315670013428, 4071
7.171315670013428, 4070
7.171315670013428, 4069
7.171315670013428, 4068
7.18139910697937, 4067
7.18139910697937, 4066
7.18139910697937, 4065
7.191904783248901, 4064
7.201982498168945, 4063
7.222155332565308, 4062
7.222155332565308, 4061
7.222155332565308, 4060
7.242326498031616, 4059
7.242326498031616, 4058
7.242326498031616, 4057
7.250387668609619, 4056
7.252434253692627, 4055
7.262516975402832, 4054
7.262516975402832, 4053
7.262516975402832, 4052
7.282697916030884, 4051
7.282697916030884, 4050
7.292801141738892, 4049
7.312966585159302, 4048
7.323041200637817, 4047
7.323041200637817, 4046
7.331094741821289, 4045
7.331094741821289, 4044
7.331094741821289, 4043
7.333136081695557, 4042
7.333136081695557, 4041
7.333136081695557, 4040
7.34117579460144, 4039
7.353307008743286, 4038
7.353307008743286, 4037
7.353307008743286, 4036
7.3633873462677, 4035
7.3633873462677, 4034
7.3633873462677, 4033
7.3633873462677, 4032
7.3633873462677, 4031
7.373474359512329, 4030
7.373474359512329, 4029
7.383550643920898, 4028
7.393636226654053, 4027
7.393636226654053, 4026
7.393636226654053, 4025
7.4037134647369385, 4024
7.4037134647369385, 4023
7.4037134647369385, 4022
7.413806200027466, 4021
7.413806200027466, 4020
7.413806200027466, 4019
7.423885822296143, 4018
7.433984756469727, 4017
7.433984756469727, 4016
7.442025184631348, 4015
7.444063425064087, 4014
7.464224100112915, 4013
7.464224100112915, 4012
7.464224100112915, 4011
7.532737970352173, 4010
7.534783363342285, 4009
7.5549609661102295, 4008
7.575127601623535, 4007
7.575127601623535, 4006
7.585214614868164, 4005
7.585214614868164, 4004
7.5932581424713135, 4003
7.595300197601318, 4002
7.595300197601318, 4001
7.605386018753052, 4000
7.605386018753052, 3999
7.605386018753052, 3998
7.613444089889526, 3997
7.635648965835571, 3996
7.635648965835571, 3995
7.655796051025391, 3994
7.663837194442749, 3993
7.665839195251465, 3992
7.675928592681885, 3991
7.696056604385376, 3990
7.7162253856658936, 3989
7.7162253856658936, 3988
7.72426700592041, 3987
7.726306438446045, 3986
7.726306438446045, 3985
7.736389636993408, 3984
7.736389636993408, 3983
7.744426727294922, 3982
7.746464729309082, 3981
7.7566070556640625, 3980
7.766686916351318, 3979
7.7767815589904785, 3978
7.7767815589904785, 3977
7.786862850189209, 3976
7.786862850189209, 3975
7.786862850189209, 3974
7.786862850189209, 3973
7.797370433807373, 3972
7.807450294494629, 3971
7.807450294494629, 3970
7.807450294494629, 3969
7.807450294494629, 3968
7.815506219863892, 3967
7.815506219863892, 3966
7.817545413970947, 3965
7.817545413970947, 3964
7.817545413970947, 3963
7.827625036239624, 3962
7.835671424865723, 3961
7.83771014213562, 3960
7.83771014213562, 3959
7.857871055603027, 3958
7.865909814834595, 3957
7.865909814834595, 3956
7.888127565383911, 3955
7.888127565383911, 3954
7.898218631744385, 3953
7.898218631744385, 3952
7.898218631744385, 3951
7.908302545547485, 3950
7.908302545547485, 3949
7.918369293212891, 3948
7.928411483764648, 3947
7.938462018966675, 3946
7.938462018966675, 3945
7.938462018966675, 3944
7.938462018966675, 3943
7.938462018966675, 3942
7.958547353744507, 3941
7.968579530715942, 3940
7.976630210876465, 3939
7.978669166564941, 3938
7.998867750167847, 3937
8.019039630889893, 3936
8.019039630889893, 3935
8.027081727981567, 3934
8.029120445251465, 3933
8.049294471740723, 3932
8.059380531311035, 3931
8.059380531311035, 3930
8.07957124710083, 3929
8.07957124710083, 3928
8.089659452438354, 3927
8.099721908569336, 3926
8.099721908569336, 3925
8.109808921813965, 3924
8.109808921813965, 3923
8.119871616363525, 3922
8.119871616363525, 3921
8.119871616363525, 3920
8.150099992752075, 3919
8.170259475708008, 3918
8.180331230163574, 3917
8.180331230163574, 3916
8.190412759780884, 3915
8.190412759780884, 3914
8.190412759780884, 3913
8.190412759780884, 3912
8.190412759780884, 3911
8.198469400405884, 3910
8.22871732711792, 3909
8.23075556755066, 3908
8.23075556755066, 3907
8.24887990951538, 3906
8.261026859283447, 3905
8.271108627319336, 3904
8.271108627319336, 3903
8.271108627319336, 3902
8.271108627319336, 3901
8.271108627319336, 3900
8.291300058364868, 3899
8.291300058364868, 3898
8.311500072479248, 3897
8.351839065551758, 3896
8.382065773010254, 3895
8.39215898513794, 3894
8.39215898513794, 3893
8.39215898513794, 3892
8.39215898513794, 3891
8.40262770652771, 3890
8.40262770652771, 3889
8.40262770652771, 3888
8.432986736297607, 3887
8.432986736297607, 3886
8.441033363342285, 3885
8.443079710006714, 3884
8.453162908554077, 3883
8.463241577148438, 3882
8.473336696624756, 3881
8.473336696624756, 3880
8.473336696624756, 3879
8.48342227935791, 3878
8.513690710067749, 3877
8.513690710067749, 3876
8.541932821273804, 3875
8.543971061706543, 3874
8.55407166481018, 3873
8.564152002334595, 3872
8.564152002334595, 3871
8.574239015579224, 3870
8.582286834716797, 3869
8.582286834716797, 3868
8.592336654663086, 3867
8.5943763256073, 3866
8.5943763256073, 3865
8.5943763256073, 3864
8.602415800094604, 3863
8.604456901550293, 3862
8.604456901550293, 3861
8.614550590515137, 3860
8.614550590515137, 3859
8.614550590515137, 3858
8.622594594955444, 3857
8.622594594955444, 3856
8.63267707824707, 3855
8.63267707824707, 3854
8.63267707824707, 3853
8.634719610214233, 3852
8.634719610214233, 3851
8.642758131027222, 3850
8.644797801971436, 3849
8.664958477020264, 3848
8.664958477020264, 3847
8.673015117645264, 3846
8.685131311416626, 3845
8.705313682556152, 3844
8.705313682556152, 3843
8.715402841567993, 3842
8.715402841567993, 3841
8.715402841567993, 3840
8.743613243103027, 3839
8.743613243103027, 3838
8.765816926956177, 3837
8.765816926956177, 3836
8.773878812789917, 3835
8.775922775268555, 3834
8.78600287437439, 3833
8.78600287437439, 3832
8.78600287437439, 3831
8.796122550964355, 3830
8.816237688064575, 3829
8.816237688064575, 3828
8.83638882637024, 3827
8.856543779373169, 3826
8.856543779373169, 3825
8.866630792617798, 3824
8.866630792617798, 3823
8.87672472000122, 3822
8.87672472000122, 3821
8.87672472000122, 3820
8.87672472000122, 3819
8.886802911758423, 3818
8.886802911758423, 3817
8.896896362304688, 3816
8.904935121536255, 3815
8.925106287002563, 3814
8.937242269515991, 3813
8.967438220977783, 3812
8.967438220977783, 3811
8.967438220977783, 3810
8.977503538131714, 3809
8.977503538131714, 3808
8.987590789794922, 3807
9.018200397491455, 3806
9.018200397491455, 3805
9.038345098495483, 3804
9.038345098495483, 3803
9.038345098495483, 3802
9.046375274658203, 3801
9.04839301109314, 3800
9.04839301109314, 3799
9.04839301109314, 3798
9.058443784713745, 3797
9.06852674484253, 3796
9.06852674484253, 3795
9.06852674484253, 3794
9.078632593154907, 3793
9.098793983459473, 3792
9.098793983459473, 3791
9.098793983459473, 3790
9.11692500114441, 3789
9.127007007598877, 3788
9.139132499694824, 3787
9.139132499694824, 3786
9.139132499694824, 3785
9.157251596450806, 3784
9.159293174743652, 3783
9.169374704360962, 3782
9.169374704360962, 3781
9.169374704360962, 3780
9.17947506904602, 3779
9.17947506904602, 3778
9.187514066696167, 3777
9.1996750831604, 3776
9.1996750831604, 3775
9.207718133926392, 3774
9.207718133926392, 3773
9.209841012954712, 3772
9.217893838882446, 3771
9.230016469955444, 3770
9.240118741989136, 3769
9.240118741989136, 3768
9.260289669036865, 3767
9.260289669036865, 3766
9.270366907119751, 3765
9.290513277053833, 3764
9.29857349395752, 3763
9.320852994918823, 3762
9.320852994918823, 3761
9.320852994918823, 3760
9.328895092010498, 3759
9.351039171218872, 3758
9.361130475997925, 3757
9.42965292930603, 3756
9.431695938110352, 3755
9.431695938110352, 3754
9.441762685775757, 3753
9.451847791671753, 3752
9.48203706741333, 3751
9.48203706741333, 3750
9.48203706741333, 3749
9.48203706741333, 3748
9.48203706741333, 3747
9.512304067611694, 3746
9.53246283531189, 3745
9.53246283531189, 3744
9.53246283531189, 3743
9.53246283531189, 3742
9.550613641738892, 3741
9.601350784301758, 3740
9.650748252868652, 3739
9.666403532028198, 3738
9.666403532028198, 3737
9.666403532028198, 3736
9.682024955749512, 3735
9.697645902633667, 3734
9.697645902633667, 3733
9.697645902633667, 3732
9.713269710540771, 3731
9.713269710540771, 3730
9.744516134262085, 3729
9.763200283050537, 3728
9.763200283050537, 3727
9.763200283050537, 3726
9.763200283050537, 3725
9.763200283050537, 3724
9.763200283050537, 3723
9.771238803863525, 3722
9.771238803863525, 3721
9.793437480926514, 3720
9.793437480926514, 3719
9.803517818450928, 3718
9.803517818450928, 3717
9.81155800819397, 3716
9.813596248626709, 3715
9.813596248626709, 3714
9.821617126464844, 3713
9.823631048202515, 3712
9.823631048202515, 3711
9.831644058227539, 3710
9.904352188110352, 3709
9.904352188110352, 3708
9.904352188110352, 3707
9.91450810432434, 3706
9.932637453079224, 3705
9.932637453079224, 3704
9.9346764087677, 3703
9.9346764087677, 3702
9.944755792617798, 3701
10.005271434783936, 3700
10.005271434783936, 3699
10.005271434783936, 3698
10.015371084213257, 3697
10.015371084213257, 3696
10.015371084213257, 3695
10.023411512374878, 3694
10.025449991226196, 3693
10.025449991226196, 3692
10.043548822402954, 3691
10.045562505722046, 3690
10.045562505722046, 3689
10.055610418319702, 3688
10.055610418319702, 3687
10.065670013427734, 3686
10.08582353591919, 3685
10.08582353591919, 3684
10.08582353591919, 3683
10.093889713287354, 3682
10.095929145812988, 3681
10.095929145812988, 3680
10.095929145812988, 3679
10.095929145812988, 3678
10.106006860733032, 3677
10.126176118850708, 3676
10.134231328964233, 3675
10.136270999908447, 3674
10.136270999908447, 3673
10.136270999908447, 3672
10.136270999908447, 3671
10.144311904907227, 3670
10.186665773391724, 3669
10.186665773391724, 3668
10.194710493087769, 3667
10.196749210357666, 3666
10.196749210357666, 3665
10.196749210357666, 3664
10.196749210357666, 3663
10.247614622116089, 3662
10.247614622116089, 3661
10.247614622116089, 3660
10.257702589035034, 3659
10.287968158721924, 3658
10.298082828521729, 3657
10.298082828521729, 3656
10.308163166046143, 3655
10.308163166046143, 3654
10.316218137741089, 3653
10.31826138496399, 3652
10.31826138496399, 3651
10.31826138496399, 3650
10.338430404663086, 3649
10.338430404663086, 3648
10.338430404663086, 3647
10.348510026931763, 3646
10.348510026931763, 3645
10.358591079711914, 3644
10.368673086166382, 3643
10.376726865768433, 3642
10.38884449005127, 3641
10.38884449005127, 3640
10.396900415420532, 3639
10.398942470550537, 3638
10.398942470550537, 3637
10.398942470550537, 3636
10.409021377563477, 3635
10.429301023483276, 3634
10.429301023483276, 3633
10.449480295181274, 3632
10.449480295181274, 3631
10.449480295181274, 3630
10.449480295181274, 3629
10.449480295181274, 3628
10.449480295181274, 3627
10.457526206970215, 3626
10.457526206970215, 3625
10.459562540054321, 3624
10.459562540054321, 3623
10.489774942398071, 3622
10.499851703643799, 3621
10.499851703643799, 3620
10.517975330352783, 3619
10.517975330352783, 3618
10.517975330352783, 3617
10.520013570785522, 3616
10.530259609222412, 3615
10.530259609222412, 3614
10.548198938369751, 3613
10.548198938369751, 3612
10.548198938369751, 3611
10.548198938369751, 3610
10.548198938369751, 3609
10.588454484939575, 3608
10.590492486953735, 3607
10.590492486953735, 3606
10.590492486953735, 3605
10.590492486953735, 3604
10.604284524917603, 3603
10.631149053573608, 3602
10.631149053573608, 3601
10.641249418258667, 3600
10.641249418258667, 3599
10.641249418258667, 3598
10.641249418258667, 3597
10.641249418258667, 3596
10.649287939071655, 3595
10.66142201423645, 3594
10.66142201423645, 3593
10.679550409317017, 3592
10.691668033599854, 3591
10.691668033599854, 3590
10.691668033599854, 3589
10.691668033599854, 3588
10.691668033599854, 3587
10.721920251846313, 3586
10.721920251846313, 3585
10.721920251846313, 3584
10.732755899429321, 3583
10.732755899429321, 3582
10.753030776977539, 3581
10.761099338531494, 3580
10.773218154907227, 3579
10.773218154907227, 3578
10.773218154907227, 3577
10.773218154907227, 3576
10.793458223342896, 3575
10.793458223342896, 3574
10.793458223342896, 3573
10.793458223342896, 3572
10.803537368774414, 3571
10.803537368774414, 3570
10.803537368774414, 3569
10.803537368774414, 3568
10.803537368774414, 3567
10.813552379608154, 3566
10.821575403213501, 3565
10.823614597320557, 3564
10.831655740737915, 3563
10.833694219589233, 3562
10.841726779937744, 3561
10.844168424606323, 3560
10.844168424606323, 3559
10.844168424606323, 3558
10.864338397979736, 3557
10.864338397979736, 3556
10.864338397979736, 3555
10.872379541397095, 3554
10.874419450759888, 3553
10.882473945617676, 3552
10.884482383728027, 3551
10.884482383728027, 3550
10.894495487213135, 3549
10.894495487213135, 3548
10.894495487213135, 3547
10.894495487213135, 3546
10.894495487213135, 3545
10.894495487213135, 3544
10.91454815864563, 3543
10.93459963798523, 3542
10.93459963798523, 3541
10.954747915267944, 3540
10.954747915267944, 3539
10.962768316268921, 3538
10.964812994003296, 3537
10.964812994003296, 3536
10.984957695007324, 3535
10.984957695007324, 3534
10.984957695007324, 3533
10.995043277740479, 3532
11.025274515151978, 3531
11.025274515151978, 3530
11.025274515151978, 3529
11.025274515151978, 3528
11.025274515151978, 3527
11.075727462768555, 3526
11.075727462768555, 3525
11.075727462768555, 3524
11.166443347930908, 3523
11.166443347930908, 3522
11.166443347930908, 3521
11.186622142791748, 3520
11.196701049804688, 3519
11.196701049804688, 3518
11.196701049804688, 3517
11.237035989761353, 3516
11.255411386489868, 3515
11.263402223587036, 3514
11.263402223587036, 3513
11.27142882347107, 3512
11.273504734039307, 3511
11.273504734039307, 3510
11.273504734039307, 3509
11.273504734039307, 3508
11.30184531211853, 3507
11.30184531211853, 3506
11.335253238677979, 3505
11.365705728530884, 3504
11.365705728530884, 3503
11.386101007461548, 3502
11.444482564926147, 3501
11.446959733963013, 3500
11.467148303985596, 3499
11.499305009841919, 3498
11.499305009841919, 3497
11.51529574394226, 3496
11.539277076721191, 3495
11.547271728515625, 3494
11.555298089981079, 3493
11.563292741775513, 3492
11.571290969848633, 3491
11.587247371673584, 3490
11.587247371673584, 3489
11.603311538696289, 3488
11.603311538696289, 3487
11.618964433670044, 3486
11.618964433670044, 3485
11.618964433670044, 3484
11.618964433670044, 3483
11.618964433670044, 3482
11.618964433670044, 3481
11.618964433670044, 3480
11.618964433670044, 3479
11.618964433670044, 3478
11.618964433670044, 3477
11.634586095809937, 3476
11.634586095809937, 3475
11.634586095809937, 3474
11.634586095809937, 3473
11.634586095809937, 3472
11.650177240371704, 3471
11.650177240371704, 3470
11.650177240371704, 3469
11.68141794204712, 3468
11.68141794204712, 3467
11.695420503616333, 3466
11.695420503616333, 3465
11.695420503616333, 3464
11.711044073104858, 3463
11.711044073104858, 3462
11.711044073104858, 3461
11.726665496826172, 3460
11.726665496826172, 3459
11.750292778015137, 3458
11.750292778015137, 3457
11.765913009643555, 3456
11.811440229415894, 3455
11.811440229415894, 3454
11.811440229415894, 3453
11.811440229415894, 3452
11.846253395080566, 3451
11.862244844436646, 3450
11.862244844436646, 3449
11.862244844436646, 3448
11.886448621749878, 3447
11.958009481430054, 3446
11.958009481430054, 3445
11.958009481430054, 3444
11.958009481430054, 3443
12.05826473236084, 3442
12.066267013549805, 3441
12.078820705413818, 3440
12.088867902755737, 3439
12.098952531814575, 3438
12.109045028686523, 3437
12.260335922241211, 3436
12.260335922241211, 3435
12.260335922241211, 3434
12.298529624938965, 3433
12.298529624938965, 3432
12.298529624938965, 3431
12.310631036758423, 3430
12.310631036758423, 3429
12.310631036758423, 3428
12.310631036758423, 3427
12.310631036758423, 3426
12.330819845199585, 3425
12.330819845199585, 3424
12.401418447494507, 3423
12.431793212890625, 3422
12.470086097717285, 3421
12.470086097717285, 3420
12.470086097717285, 3419
12.470086097717285, 3418
12.472124814987183, 3417
12.500386714935303, 3416
12.502426624298096, 3415
12.502426624298096, 3414
12.530633926391602, 3413
12.530633926391602, 3412
12.540734767913818, 3411
12.542775392532349, 3410
12.55285358428955, 3409
12.55285358428955, 3408
12.560873031616211, 3407
12.583077907562256, 3406
12.593155145645142, 3405
12.593155145645142, 3404
12.623432397842407, 3403
12.641559362411499, 3402
12.643598556518555, 3401
12.643598556518555, 3400
12.651636838912964, 3399
12.653674840927124, 3398
12.653674840927124, 3397
12.673861503601074, 3396
12.673861503601074, 3395
12.684366941452026, 3394
12.684366941452026, 3393
12.694445848464966, 3392
12.694445848464966, 3391
12.714656114578247, 3390
12.714656114578247, 3389
12.742890119552612, 3388
12.744929790496826, 3387
12.763078927993774, 3386
12.765123128890991, 3385
12.765123128890991, 3384
12.775197744369507, 3383
12.793384552001953, 3382
12.793384552001953, 3381
12.835693120956421, 3380
12.843736410140991, 3379
12.974846601486206, 3378
13.14852261543274, 3377
13.14852261543274, 3376
13.14852261543274, 3375
13.14852261543274, 3374
13.15656328201294, 3373
13.20895791053772, 3372
13.20895791053772, 3371
13.237141370773315, 3370
13.239179611206055, 3369
13.259345769882202, 3368
13.300134420394897, 3367
13.310194730758667, 3366
13.411012411117554, 3365
13.411012411117554, 3364
13.44125485420227, 3363
13.44125485420227, 3362
13.471524715423584, 3361
13.501739263534546, 3360
13.501739263534546, 3359
13.58234167098999, 3358
20.900431156158447, 3357
21.06347966194153, 3356
21.07354164123535, 3355
21.103787899017334, 3354
21.789786338806152, 3353
22.24427604675293, 3352
23.716232299804688, 3351
23.8575541973114, 3350
23.92011260986328, 3349
24.252764463424683, 3348
24.323809385299683, 3347
25.049316883087158, 3346
25.56627082824707, 3345
26.87862229347229, 3344
26.99961543083191, 3343
27.33291006088257, 3342
28.36177682876587, 3341
28.947089672088623, 3340
30.237083911895752, 3339
30.411035537719727, 3338
31.743491411209106, 3337
32.19777750968933, 3336
32.32681107521057, 3335
34.824201583862305, 3334
36.13568615913391, 3333
36.2910373210907, 3332
36.59142446517944, 3331
37.44282054901123, 3330
