0.0, 746
0.014931201934814453, 745
0.019946813583374023, 744
0.02294135093688965, 743
0.03287935256958008, 742
0.04089522361755371, 741
0.06579327583312988, 740
0.06978273391723633, 739
0.08474302291870117, 738
0.09574627876281738, 737
0.09774160385131836, 736
0.09873628616333008, 735
0.09873628616333008, 734
0.132612943649292, 733
0.1435868740081787, 732
0.1635303497314453, 731
0.17752909660339355, 730
0.2433185577392578, 729
0.3011624813079834, 728
0.3061504364013672, 727
0.3141295909881592, 726
0.33806395530700684, 725
0.4397923946380615, 724
0.444779634475708, 723
0.6034219264984131, 722
0.6173477172851562, 721
0.6502928733825684, 720
0.7191038131713867, 719
0.7619619369506836, 718
0.7709379196166992, 717
0.8377597332000732, 716
0.8786492347717285, 715
1.297529935836792, 714
1.4610929489135742, 713
1.4720630645751953, 712
1.641610860824585, 711
2.4114608764648438, 710
2.6518466472625732, 709
3.0776777267456055, 708
4.696079730987549, 707
8.333501100540161, 706
19.98489022254944, 705
34.66533827781677, 704
