0.008987188339233398, 957
0.008987188339233398, 956
0.008987188339233398, 955
0.008987188339233398, 954
0.008987188339233398, 953
0.009981155395507812, 952
0.009981155395507812, 951
0.009981155395507812, 950
0.009981155395507812, 949
0.009981155395507812, 948
0.009981155395507812, 947
0.009981155395507812, 946
0.01097416877746582, 945
0.01097416877746582, 944
0.01097416877746582, 943
0.011974334716796875, 942
0.011974334716796875, 941
0.011974334716796875, 940
0.011974334716796875, 939
0.012965917587280273, 938
0.012965917587280273, 937
0.012965917587280273, 936
0.012965917587280273, 935
0.012965917587280273, 934
0.012965917587280273, 933
0.013962507247924805, 932
0.013962507247924805, 931
0.013962507247924805, 930
0.013962507247924805, 929
0.013962507247924805, 928
0.013962507247924805, 927
0.014959573745727539, 926
0.014959573745727539, 925
0.014959573745727539, 924
0.014959573745727539, 923
0.01595616340637207, 922
0.01595616340637207, 921
0.01595616340637207, 920
0.01595616340637207, 919
0.01595616340637207, 918
0.01595616340637207, 917
0.016953468322753906, 916
0.016953468322753906, 915
0.016953468322753906, 914
0.016953468322753906, 913
0.016953468322753906, 912
0.016953468322753906, 911
0.016953468322753906, 910
0.016953468322753906, 909
0.016953468322753906, 908
0.017950057983398438, 907
0.017950057983398438, 906
0.017950057983398438, 905
0.017950057983398438, 904
0.017950057983398438, 903
0.017950057983398438, 902
0.017950057983398438, 901
0.017950057983398438, 900
0.017950057983398438, 899
0.017950057983398438, 898
0.018947362899780273, 897
0.018947362899780273, 896
0.018947362899780273, 895
0.018947362899780273, 894
0.018947362899780273, 893
0.018947362899780273, 892
0.018947362899780273, 891
0.019944429397583008, 890
0.019944429397583008, 889
0.019944429397583008, 888
0.019944429397583008, 887
0.019944429397583008, 886
0.019944429397583008, 885
0.020941972732543945, 884
0.020941972732543945, 883
0.020941972732543945, 882
0.020941972732543945, 881
0.020941972732543945, 880
0.020941972732543945, 879
0.020941972732543945, 878
0.020941972732543945, 877
0.021939754486083984, 876
0.021939754486083984, 875
0.021939754486083984, 874
0.021939754486083984, 873
0.021939754486083984, 872
0.021939754486083984, 871
0.021939754486083984, 870
0.021939754486083984, 869
0.022936582565307617, 868
0.022936582565307617, 867
0.022936582565307617, 866
0.022936582565307617, 865
0.022936582565307617, 864
0.022936582565307617, 863
0.022936582565307617, 862
0.022936582565307617, 861
0.022936582565307617, 860
0.023934364318847656, 859
0.023934364318847656, 858
0.023934364318847656, 857
0.023934364318847656, 856
0.023934364318847656, 855
0.023934364318847656, 854
0.023934364318847656, 853
0.023934364318847656, 852
0.023934364318847656, 851
0.024931669235229492, 850
0.024931669235229492, 849
0.024931669235229492, 848
0.024931669235229492, 847
0.025931119918823242, 846
0.025931119918823242, 845
0.026928186416625977, 844
0.026928186416625977, 843
0.026928186416625977, 842
0.026928186416625977, 841
0.027926206588745117, 840
0.027926206588745117, 839
0.02892279624938965, 838
0.02892279624938965, 837
0.02892279624938965, 836
0.029955148696899414, 835
0.029955148696899414, 834
0.029955148696899414, 833
0.029955148696899414, 832
0.029955148696899414, 831
0.029955148696899414, 830
0.029955148696899414, 829
0.029955148696899414, 828
0.029955148696899414, 827
0.029955148696899414, 826
0.030916213989257812, 825
0.030916213989257812, 824
0.030916213989257812, 823
0.030916213989257812, 822
0.030916213989257812, 821
0.030916213989257812, 820
0.030916213989257812, 819
0.03191518783569336, 818
0.03191518783569336, 817
0.03191518783569336, 816
0.03191518783569336, 815
0.0329442024230957, 814
0.0329442024230957, 813
0.0329442024230957, 812
0.0329442024230957, 811
0.0329442024230957, 810
0.0329442024230957, 809
0.033941030502319336, 808
0.033941030502319336, 807
0.033941030502319336, 806
0.033941030502319336, 805
0.033941030502319336, 804
0.033941030502319336, 803
0.033941030502319336, 802
0.033941030502319336, 801
0.03493666648864746, 800
0.03493666648864746, 799
0.03493666648864746, 798
0.03493666648864746, 797
0.03493666648864746, 796
0.03493666648864746, 795
0.03493666648864746, 794
0.03493666648864746, 793
0.035936832427978516, 792
0.035936832427978516, 791
0.035936832427978516, 790
0.035936832427978516, 789
0.035936832427978516, 788
0.035936832427978516, 787
0.035936832427978516, 786
0.03693413734436035, 785
0.03693413734436035, 784
0.03693413734436035, 783
0.03693413734436035, 782
0.03693413734436035, 781
0.037933349609375, 780
0.037933349609375, 779
0.037933349609375, 778
0.037933349609375, 777
0.037933349609375, 776
0.03892707824707031, 775
0.03892707824707031, 774
0.03892707824707031, 773
0.039926767349243164, 772
0.039926767349243164, 771
0.039926767349243164, 770
0.04088926315307617, 769
0.041929006576538086, 768
0.041929006576538086, 767
0.041929006576538086, 766
0.041929006576538086, 765
0.041929006576538086, 764
0.041929006576538086, 763
0.041929006576538086, 762
0.041929006576538086, 761
0.04292011260986328, 760
0.04292011260986328, 759
0.04890108108520508, 758
0.04890108108520508, 757
0.04989814758300781, 756
0.05189394950866699, 755
0.05289101600646973, 754
0.05289101600646973, 753
0.05385756492614746, 752
0.05385756492614746, 751
0.05688071250915527, 750
0.05688071250915527, 749
0.05784463882446289, 748
0.05987119674682617, 747
0.0608367919921875, 746
0.06684994697570801, 745
0.06684994697570801, 744
0.0688467025756836, 743
0.0688467025756836, 742
0.07080936431884766, 741
0.07779550552368164, 740
0.07779550552368164, 739
0.09677290916442871, 738
0.09776973724365234, 737
0.09976434707641602, 736
0.11572146415710449, 735
0.1186821460723877, 734
0.12067627906799316, 733
0.13364076614379883, 732
0.14262175559997559, 731
0.16156840324401855, 730
0.1625652313232422, 729
0.17054319381713867, 728
0.1715397834777832, 727
0.17253708839416504, 726
0.18650293350219727, 725
0.19747257232666016, 724
0.19747257232666016, 723
0.19747257232666016, 722
0.8694231510162354, 721
0.8743770122528076, 720
0.9666733741760254, 719
0.9856243133544922, 718
1.0045764446258545, 717
1.0414423942565918, 716
1.0494213104248047, 715
1.0643794536590576, 714
1.073357343673706, 713
1.1392126083374023, 712
1.15516996383667, 711
1.1591620445251465, 710
1.1641457080841064, 709
1.2688329219818115, 708
1.2718250751495361, 707
1.3476221561431885, 706
2.062269687652588, 705
2.9301936626434326, 704
3.431450605392456, 703
