0.007977724075317383, 957
0.008983612060546875, 956
0.008983612060546875, 955
0.008983612060546875, 954
0.008983612060546875, 953
0.008983612060546875, 952
0.008983612060546875, 951
0.008983612060546875, 950
0.009990930557250977, 949
0.009990930557250977, 948
0.009990930557250977, 947
0.009990930557250977, 946
0.009990930557250977, 945
0.009990930557250977, 944
0.009990930557250977, 943
0.009990930557250977, 942
0.010940790176391602, 941
0.011934518814086914, 940
0.012931346893310547, 939
0.012931346893310547, 938
0.013928413391113281, 937
0.013928413391113281, 936
0.013928413391113281, 935
0.013928413391113281, 934
0.013928413391113281, 933
0.014925718307495117, 932
0.014925718307495117, 931
0.014925718307495117, 930
0.014925718307495117, 929
0.014925718307495117, 928
0.01592230796813965, 927
0.01592230796813965, 926
0.01592230796813965, 925
0.01592230796813965, 924
0.01592230796813965, 923
0.01592230796813965, 922
0.01592230796813965, 921
0.01592230796813965, 920
0.01592230796813965, 919
0.01592230796813965, 918
0.016919374465942383, 917
0.016919374465942383, 916
0.016919374465942383, 915
0.016919374465942383, 914
0.016919374465942383, 913
0.016919374465942383, 912
0.017919063568115234, 911
0.017919063568115234, 910
0.017919063568115234, 909
0.017919063568115234, 908
0.017919063568115234, 907
0.017919063568115234, 906
0.018944263458251953, 905
0.018944263458251953, 904
0.018944263458251953, 903
0.018944263458251953, 902
0.018944263458251953, 901
0.018944263458251953, 900
0.018944263458251953, 899
0.018944263458251953, 898
0.018944263458251953, 897
0.019944190979003906, 896
0.019944190979003906, 895
0.019944190979003906, 894
0.019944190979003906, 893
0.019944190979003906, 892
0.019944190979003906, 891
0.019944190979003906, 890
0.019944190979003906, 889
0.020941972732543945, 888
0.020941972732543945, 887
0.020941972732543945, 886
0.020941972732543945, 885
0.020941972732543945, 884
0.020941972732543945, 883
0.020941972732543945, 882
0.02194952964782715, 881
0.02194952964782715, 880
0.02194952964782715, 879
0.02194952964782715, 878
0.02194952964782715, 877
0.02194952964782715, 876
0.02194952964782715, 875
0.022944211959838867, 874
0.022944211959838867, 873
0.022944211959838867, 872
0.022944211959838867, 871
0.022944211959838867, 870
0.022944211959838867, 869
0.022944211959838867, 868
0.022944211959838867, 867
0.022944211959838867, 866
0.022944211959838867, 865
0.022944211959838867, 864
0.02397322654724121, 863
0.02397322654724121, 862
0.02397322654724121, 861
0.02397322654724121, 860
0.02397322654724121, 859
0.02397322654724121, 858
0.02397322654724121, 857
0.02397322654724121, 856
0.02397322654724121, 855
0.02397322654724121, 854
0.02397322654724121, 853
0.02497100830078125, 852
0.02497100830078125, 851
0.02497100830078125, 850
0.02497100830078125, 849
0.02497100830078125, 848
0.02497100830078125, 847
0.025969982147216797, 846
0.02693343162536621, 845
0.02693343162536621, 844
0.02693343162536621, 843
0.02793407440185547, 842
0.02793407440185547, 841
0.028930187225341797, 840
0.028930187225341797, 839
0.028930187225341797, 838
0.028930187225341797, 837
0.028930187225341797, 836
0.028930187225341797, 835
0.02995920181274414, 834
0.02995920181274414, 833
0.02995920181274414, 832
0.02995920181274414, 831
0.02995920181274414, 830
0.02995920181274414, 829
0.02995920181274414, 828
0.02995920181274414, 827
0.02995920181274414, 826
0.030955076217651367, 825
0.030955076217651367, 824
0.030955076217651367, 823
0.030955076217651367, 822
0.030955076217651367, 821
0.030955076217651367, 820
0.030955076217651367, 819
0.030955076217651367, 818
0.030955076217651367, 817
0.0319521427154541, 816
0.03291726112365723, 815
0.03291726112365723, 814
0.03291726112365723, 813
0.03291726112365723, 812
0.03291726112365723, 811
0.03394651412963867, 810
0.03394651412963867, 809
0.03394651412963867, 808
0.03394651412963867, 807
0.03394651412963867, 806
0.03394651412963867, 805
0.03394651412963867, 804
0.03394651412963867, 803
0.03394651412963867, 802
0.03394651412963867, 801
0.03494596481323242, 800
0.03494596481323242, 799
0.03494596481323242, 798
0.03494596481323242, 797
0.03494596481323242, 796
0.03494596481323242, 795
0.03494596481323242, 794
0.03494596481323242, 793
0.03594064712524414, 792
0.03594064712524414, 791
0.03594064712524414, 790
0.03594064712524414, 789
0.036939382553100586, 788
0.036939382553100586, 787
0.03793668746948242, 786
0.03793668746948242, 785
0.03793668746948242, 784
0.03793668746948242, 783
0.03793668746948242, 782
0.03793668746948242, 781
0.03793668746948242, 780
0.03893423080444336, 779
0.03893423080444336, 778
0.03893423080444336, 777
0.03893423080444336, 776
0.03893423080444336, 775
0.039930105209350586, 774
0.039930105209350586, 773
0.039930105209350586, 772
0.04092836380004883, 771
0.04588198661804199, 770
0.04687976837158203, 769
0.04787921905517578, 768
0.04787921905517578, 767
0.04787921905517578, 766
0.04887580871582031, 765
0.04887580871582031, 764
0.04887580871582031, 763
0.04887580871582031, 762
0.04887580871582031, 761
0.049872636795043945, 760
0.05186605453491211, 759
0.05186605453491211, 758
0.052896976470947266, 757
0.052896976470947266, 756
0.0538942813873291, 755
0.05489063262939453, 754
0.05489063262939453, 753
0.05588841438293457, 752
0.05588841438293457, 751
0.056885719299316406, 750
0.05888223648071289, 749
0.05888223648071289, 748
0.06184101104736328, 747
0.06686162948608398, 746
0.06686162948608398, 745
0.0678553581237793, 744
0.06885290145874023, 743
0.07184505462646484, 742
0.08079147338867188, 741
0.08378171920776367, 740
0.09275627136230469, 739
0.09677886962890625, 738
0.09677886962890625, 737
0.09877538681030273, 736
0.09977078437805176, 735
0.10176610946655273, 734
0.10276317596435547, 733
0.1037604808807373, 732
0.1037604808807373, 731
0.11472582817077637, 730
0.11672616004943848, 729
0.1256709098815918, 728
0.13564372062683105, 727
0.15558958053588867, 726
0.15957927703857422, 725
0.1615746021270752, 724
0.16556143760681152, 723
0.7594912052154541, 722
0.764477014541626, 721
0.7674691677093506, 720
0.7704617977142334, 719
0.7724545001983643, 718
0.7754478454589844, 717
0.8153724670410156, 716
0.8243439197540283, 715
0.8482520580291748, 714
0.8572292327880859, 713
0.9400084018707275, 712
1.0028467178344727, 711
1.1205251216888428, 710
1.3652892112731934, 709
2.1444859504699707, 708
2.2073185443878174, 707
2.245757818222046, 706
2.447054862976074, 705
3.0015721321105957, 704
3.298809051513672, 703
