0.0, 746
0.0069844722747802734, 745
0.013962745666503906, 744
0.0329134464263916, 743
0.0468752384185791, 742
0.06283187866210938, 741
0.07081103324890137, 740
0.07480406761169434, 739
0.07779407501220703, 738
0.11768794059753418, 737
0.12865662574768066, 736
0.21442818641662598, 735
0.2204127311706543, 734
0.24135470390319824, 733
0.26529455184936523, 732
0.26828956604003906, 731
0.32213926315307617, 730
0.34108757972717285, 729
0.34408020973205566, 728
0.353055477142334, 727
0.38999247550964355, 726
0.3919870853424072, 725
0.39394688606262207, 724
0.4168851375579834, 723
0.4468076229095459, 722
0.4886941909790039, 721
0.5655214786529541, 720
0.5944104194641113, 719
0.6203432083129883, 718
0.6821765899658203, 717
0.8153059482574463, 716
0.9469540119171143, 715
0.9938297271728516, 714
1.3848130702972412, 713
1.3997695446014404, 712
1.5214312076568604, 711
1.6431324481964111, 710
1.6441020965576172, 709
1.7867200374603271, 708
2.1956281661987305, 707
2.4110825061798096, 706
3.821052074432373, 705
3.8469834327697754, 704
3.8559606075286865, 703
