0.012961149215698242, 957
0.012961149215698242, 956
0.012961149215698242, 955
0.012961149215698242, 954
0.013959169387817383, 953
0.013959169387817383, 952
0.013959169387817383, 951
0.013959169387817383, 950
0.013959169387817383, 949
0.013959169387817383, 948
0.013959169387817383, 947
0.013959169387817383, 946
0.013959169387817383, 945
0.013959169387817383, 944
0.013959169387817383, 943
0.013959169387817383, 942
0.014955759048461914, 941
0.014955759048461914, 940
0.014955759048461914, 939
0.014955759048461914, 938
0.014955759048461914, 937
0.015954971313476562, 936
0.015954971313476562, 935
0.015954971313476562, 934
0.015954971313476562, 933
0.015954971313476562, 932
0.015954971313476562, 931
0.015954971313476562, 930
0.016952037811279297, 929
0.016952037811279297, 928
0.016952037811279297, 927
0.016952037811279297, 926
0.016952037811279297, 925
0.017948627471923828, 924
0.017948627471923828, 923
0.017948627471923828, 922
0.017948627471923828, 921
0.017948627471923828, 920
0.017948627471923828, 919
0.017948627471923828, 918
0.017948627471923828, 917
0.017948627471923828, 916
0.018944978713989258, 915
0.018944978713989258, 914
0.018944978713989258, 913
0.018944978713989258, 912
0.018944978713989258, 911
0.018944978713989258, 910
0.018944978713989258, 909
0.018944978713989258, 908
0.018944978713989258, 907
0.019943714141845703, 906
0.019943714141845703, 905
0.019943714141845703, 904
0.019943714141845703, 903
0.019943714141845703, 902
0.019943714141845703, 901
0.019943714141845703, 900
0.019943714141845703, 899
0.019943714141845703, 898
0.020940065383911133, 897
0.020940065383911133, 896
0.020940065383911133, 895
0.020940065383911133, 894
0.020940065383911133, 893
0.020940065383911133, 892
0.020940065383911133, 891
0.020940065383911133, 890
0.020940065383911133, 889
0.021936893463134766, 888
0.021936893463134766, 887
0.0229341983795166, 886
0.0229341983795166, 885
0.0229341983795166, 884
0.0229341983795166, 883
0.0229341983795166, 882
0.0229341983795166, 881
0.0229341983795166, 880
0.023931503295898438, 879
0.023931503295898438, 878
0.023931503295898438, 877
0.023931503295898438, 876
0.023931503295898438, 875
0.023931503295898438, 874
0.023931503295898438, 873
0.023931503295898438, 872
0.024929046630859375, 871
0.024929046630859375, 870
0.024929046630859375, 869
0.024929046630859375, 868
0.024929046630859375, 867
0.024929046630859375, 866
0.024929046630859375, 865
0.024929046630859375, 864
0.024929046630859375, 863
0.024929046630859375, 862
0.024929046630859375, 861
0.024929046630859375, 860
0.025927066802978516, 859
0.025927066802978516, 858
0.025927066802978516, 857
0.025927066802978516, 856
0.025927066802978516, 855
0.025927066802978516, 854
0.025927066802978516, 853
0.025927066802978516, 852
0.025927066802978516, 851
0.025927066802978516, 850
0.026923656463623047, 849
0.026923656463623047, 848
0.026923656463623047, 847
0.027920961380004883, 846
0.027920961380004883, 845
0.027920961380004883, 844
0.027920961380004883, 843
0.027920961380004883, 842
0.028919458389282227, 841
0.028919458389282227, 840
0.02991628646850586, 839
0.02991628646850586, 838
0.030913352966308594, 837
0.030913352966308594, 836
0.030913352966308594, 835
0.030913352966308594, 834
0.030913352966308594, 833
0.030913352966308594, 832
0.03191256523132324, 831
0.03191256523132324, 830
0.03290891647338867, 829
0.03290891647338867, 828
0.03290891647338867, 827
0.033905744552612305, 826
0.033905744552612305, 825
0.03490328788757324, 824
0.03490328788757324, 823
0.03490328788757324, 822
0.03490328788757324, 821
0.03589987754821777, 820
0.03589987754821777, 819
0.03589987754821777, 818
0.036897897720336914, 817
0.036897897720336914, 816
0.036897897720336914, 815
0.036897897720336914, 814
0.036897897720336914, 813
0.03789520263671875, 812
0.03789520263671875, 811
0.03789520263671875, 810
0.03789520263671875, 809
0.03889179229736328, 808
0.03889179229736328, 807
0.03889179229736328, 806
0.03889179229736328, 805
0.03889179229736328, 804
0.03889179229736328, 803
0.03889179229736328, 802
0.03988933563232422, 801
0.03988933563232422, 800
0.03988933563232422, 799
0.03988933563232422, 798
0.03988933563232422, 797
0.04088711738586426, 796
0.04088711738586426, 795
0.04088711738586426, 794
0.044876813888549805, 793
0.044876813888549805, 792
0.04587364196777344, 791
0.04587364196777344, 790
0.04786872863769531, 789
0.04886627197265625, 788
0.05185866355895996, 787
0.055846214294433594, 786
0.055846214294433594, 785
0.055846214294433594, 784
0.055846214294433594, 783
0.055846214294433594, 782
0.055846214294433594, 781
0.05684375762939453, 780
0.05684375762939453, 779
0.05684375762939453, 778
0.05684375762939453, 777
0.05784106254577637, 776
0.05784106254577637, 775
0.05784106254577637, 774
0.0588381290435791, 773
0.05983567237854004, 772
0.05983567237854004, 771
0.06183052062988281, 770
0.06183052062988281, 769
0.06183052062988281, 768
0.06183052062988281, 767
0.06183052062988281, 766
0.06183052062988281, 765
0.06183052062988281, 764
0.06183052062988281, 763
0.06183052062988281, 762
0.06183052062988281, 761
0.06183052062988281, 760
0.06482219696044922, 759
0.0698089599609375, 758
0.0698089599609375, 757
0.07280158996582031, 756
0.07379841804504395, 755
0.07778763771057129, 754
0.07778763771057129, 753
0.07878494262695312, 752
0.07878494262695312, 751
0.0807805061340332, 750
0.08177709579467773, 749
0.08177709579467773, 748
0.08377385139465332, 747
0.0857696533203125, 746
0.0857696533203125, 745
0.09274911880493164, 744
0.12067484855651855, 743
0.1276543140411377, 742
0.12865161895751953, 741
0.13164401054382324, 740
0.13962268829345703, 739
0.14261436462402344, 738
0.1446089744567871, 737
0.14660358428955078, 736
0.16056609153747559, 735
0.17054057121276855, 734
0.17153692245483398, 733
0.17951560020446777, 732
0.1825084686279297, 731
0.18649959564208984, 730
0.18749594688415527, 729
0.19248104095458984, 728
0.20843911170959473, 727
0.21242809295654297, 726
0.2134256362915039, 725
0.7859954833984375, 724
0.8168835639953613, 723
0.8268551826477051, 722
0.8348326683044434, 721
0.8428122997283936, 720
0.8837034702301025, 719
0.8857295513153076, 718
0.8857295513153076, 717
0.8937077522277832, 716
0.9056427478790283, 715
0.915616512298584, 714
0.9445388317108154, 713
0.9455361366271973, 712
0.9674782752990723, 711
0.9724640846252441, 710
0.9784481525421143, 709
1.4083003997802734, 708
1.5908432006835938, 707
1.6706347465515137, 706
1.7394492626190186, 705
1.751418113708496, 704
6.2611024379730225, 703
