0.0, 746
0.03491044044494629, 745
0.0877385139465332, 744
0.09770774841308594, 743
0.10716938972473145, 742
0.13010907173156738, 741
0.13210272789001465, 740
0.14806008338928223, 739
0.15404725074768066, 738
0.20191621780395508, 737
0.20590662956237793, 736
0.21687650680541992, 735
0.22585272789001465, 734
0.27771425247192383, 733
0.2876887321472168, 732
0.3245878219604492, 731
0.37744641304016113, 730
0.3904120922088623, 729
0.39140915870666504, 728
0.4472930431365967, 727
0.508608341217041, 726
0.541520357131958, 725
0.5544886589050293, 724
0.6567232608795166, 723
0.721550464630127, 722
0.8053262233734131, 721
0.838238000869751, 720
0.8392355442047119, 719
0.8811230659484863, 718
0.9140355587005615, 717
0.9658958911895752, 716
1.3309204578399658, 715
1.5498785972595215, 714
1.6391141414642334, 713
1.9697206020355225, 712
1.9866747856140137, 711
2.241502523422241, 710
2.3063299655914307, 709
2.379643201828003, 708
4.07992696762085, 707
6.838146924972534, 706
10.506560325622559, 705
24.630411863327026, 704
