0.017953872680664062, 957
0.017953872680664062, 956
0.017953872680664062, 955
0.017953872680664062, 954
0.017953872680664062, 953
0.017953872680664062, 952
0.017953872680664062, 951
0.017953872680664062, 950
0.017953872680664062, 949
0.01894998550415039, 948
0.01894998550415039, 947
0.01894998550415039, 946
0.01894998550415039, 945
0.01894998550415039, 944
0.01894998550415039, 943
0.01894998550415039, 942
0.01894998550415039, 941
0.01894998550415039, 940
0.01894998550415039, 939
0.019947052001953125, 938
0.019947052001953125, 937
0.019947052001953125, 936
0.019947052001953125, 935
0.019947052001953125, 934
0.019947052001953125, 933
0.019947052001953125, 932
0.019947052001953125, 931
0.019947052001953125, 930
0.019947052001953125, 929
0.02094435691833496, 928
0.02094435691833496, 927
0.02094435691833496, 926
0.02094435691833496, 925
0.02094435691833496, 924
0.02094435691833496, 923
0.02094435691833496, 922
0.02094435691833496, 921
0.02094435691833496, 920
0.0219419002532959, 919
0.0219419002532959, 918
0.0219419002532959, 917
0.0219419002532959, 916
0.0219419002532959, 915
0.0219419002532959, 914
0.0219419002532959, 913
0.0219419002532959, 912
0.0219419002532959, 911
0.022939205169677734, 910
0.022939205169677734, 909
0.022939205169677734, 908
0.022939205169677734, 907
0.022939205169677734, 906
0.022939205169677734, 905
0.022939205169677734, 904
0.022939205169677734, 903
0.022939205169677734, 902
0.02393651008605957, 901
0.02393651008605957, 900
0.02393651008605957, 899
0.02393651008605957, 898
0.02393651008605957, 897
0.02393651008605957, 896
0.02393651008605957, 895
0.02393651008605957, 894
0.02393651008605957, 893
0.02393651008605957, 892
0.024933576583862305, 891
0.024933576583862305, 890
0.024933576583862305, 889
0.024933576583862305, 888
0.024933576583862305, 887
0.025931835174560547, 886
0.025931835174560547, 885
0.025931835174560547, 884
0.025931835174560547, 883
0.025931835174560547, 882
0.025931835174560547, 881
0.025931835174560547, 880
0.025931835174560547, 879
0.025931835174560547, 878
0.026927471160888672, 877
0.026927471160888672, 876
0.026927471160888672, 875
0.026927471160888672, 874
0.026927471160888672, 873
0.026927471160888672, 872
0.026927471160888672, 871
0.027926921844482422, 870
0.027926921844482422, 869
0.027926921844482422, 868
0.027926921844482422, 867
0.027926921844482422, 866
0.027926921844482422, 865
0.027926921844482422, 864
0.027926921844482422, 863
0.027926921844482422, 862
0.027926921844482422, 861
0.027926921844482422, 860
0.027926921844482422, 859
0.02892327308654785, 858
0.02892327308654785, 857
0.02892327308654785, 856
0.02892327308654785, 855
0.02892327308654785, 854
0.02892327308654785, 853
0.02892327308654785, 852
0.02992081642150879, 851
0.02992081642150879, 850
0.02992081642150879, 849
0.030919551849365234, 848
0.030919551849365234, 847
0.030919551849365234, 846
0.03191566467285156, 845
0.03191566467285156, 844
0.03191566467285156, 843
0.03191566467285156, 842
0.03191566467285156, 841
0.032912492752075195, 840
0.032912492752075195, 839
0.032912492752075195, 838
0.032912492752075195, 837
0.032912492752075195, 836
0.03391003608703613, 835
0.03391003608703613, 834
0.03391003608703613, 833
0.03391003608703613, 832
0.03391003608703613, 831
0.03391003608703613, 830
0.03391003608703613, 829
0.03391003608703613, 828
0.03391003608703613, 827
0.03490710258483887, 826
0.03490710258483887, 825
0.03490710258483887, 824
0.03490710258483887, 823
0.03490710258483887, 822
0.03490710258483887, 821
0.035904645919799805, 820
0.035904645919799805, 819
0.035904645919799805, 818
0.035904645919799805, 817
0.035904645919799805, 816
0.035904645919799805, 815
0.035904645919799805, 814
0.03790020942687988, 813
0.03790020942687988, 812
0.03790020942687988, 811
0.03790020942687988, 810
0.03790020942687988, 809
0.03790020942687988, 808
0.03889656066894531, 807
0.03889656066894531, 806
0.03989410400390625, 805
0.03989410400390625, 804
0.03989410400390625, 803
0.03989410400390625, 802
0.03989410400390625, 801
0.03989410400390625, 800
0.03989410400390625, 799
0.04089021682739258, 798
0.04089021682739258, 797
0.04089021682739258, 796
0.04089021682739258, 795
0.04089021682739258, 794
0.04089021682739258, 793
0.04089021682739258, 792
0.04089021682739258, 791
0.04188895225524902, 790
0.04188895225524902, 789
0.04188895225524902, 788
0.04188895225524902, 787
0.04188895225524902, 786
0.04188895225524902, 785
0.04188895225524902, 784
0.04288625717163086, 783
0.04288625717163086, 782
0.04288625717163086, 781
0.0438847541809082, 780
0.0438847541809082, 779
0.04488062858581543, 778
0.04587721824645996, 777
0.04587721824645996, 776
0.046877384185791016, 775
0.047872066497802734, 774
0.04886913299560547, 773
0.049866437911987305, 772
0.049866437911987305, 771
0.05186271667480469, 770
0.05186271667480469, 769
0.05285906791687012, 768
0.05285906791687012, 767
0.053856849670410156, 766
0.053856849670410156, 765
0.05485367774963379, 764
0.055850982666015625, 763
0.06383013725280762, 762
0.06383013725280762, 761
0.06482672691345215, 760
0.06482672691345215, 759
0.06682109832763672, 758
0.06881570816040039, 757
0.06981301307678223, 756
0.07280492782592773, 755
0.07380890846252441, 754
0.08377718925476074, 753
0.08676838874816895, 752
0.08876299858093262, 751
0.09075713157653809, 750
0.09075713157653809, 749
0.09275436401367188, 748
0.15757966041564941, 747
0.1715412139892578, 746
0.1715412139892578, 745
0.17253899574279785, 744
0.17453360557556152, 743
0.18251514434814453, 742
0.18550610542297363, 741
0.1875002384185791, 740
0.18849635124206543, 739
0.1904911994934082, 738
0.1904911994934082, 737
0.20046639442443848, 736
0.20245814323425293, 735
0.20545101165771484, 734
0.2094407081604004, 733
0.2094407081604004, 732
0.21941471099853516, 731
0.21941471099853516, 730
0.2403569221496582, 729
0.2652914524078369, 728
0.27426624298095703, 727
0.28822994232177734, 726
0.3151578903198242, 725
0.31815028190612793, 724
0.3570675849914551, 723
0.8881547451019287, 722
0.8941385746002197, 721
0.9021162986755371, 720
0.9170784950256348, 719
0.9180765151977539, 718
0.9489908218383789, 717
0.96095871925354, 716
0.9719293117523193, 715
0.9908788204193115, 714
1.0307731628417969, 713
1.1255238056182861, 712
1.1504571437835693, 711
1.1714026927947998, 710
1.2183096408843994, 709
1.2262828350067139, 708
1.2761220932006836, 707
1.3136157989501953, 706
1.6158115863800049, 705
1.9548718929290771, 704
5.757956266403198, 703
