0.0, 746
0.016954660415649414, 745
0.01795196533203125, 744
0.01795196533203125, 743
0.02293872833251953, 742
0.029920101165771484, 741
0.03091740608215332, 740
0.07480072975158691, 739
0.10272622108459473, 738
0.11269903182983398, 737
0.1186835765838623, 736
0.14461731910705566, 735
0.19348382949829102, 734
0.20844364166259766, 733
0.22839021682739258, 732
0.247847318649292, 731
0.26280808448791504, 730
0.27976250648498535, 729
0.30170440673828125, 728
0.33162450790405273, 727
0.38997840881347656, 726
0.4129161834716797, 725
0.41790246963500977, 724
0.4208948612213135, 723
0.4703023433685303, 722
0.7734584808349609, 721
0.8492558002471924, 720
0.932034969329834, 719
0.9998867511749268, 718
1.0586965084075928, 717
1.0696663856506348, 716
1.1025795936584473, 715
1.2441997528076172, 714
1.3992919921875, 713
1.492051362991333, 712
1.763495683670044, 711
1.813361644744873, 710
1.913640022277832, 709
2.393868923187256, 708
4.432749032974243, 707
6.422847747802734, 706
7.097595691680908, 705
12.494998693466187, 704
