0.010971307754516602, 957
0.010971307754516602, 956
0.011968374252319336, 955
0.011968374252319336, 954
0.011968374252319336, 953
0.011968374252319336, 952
0.011968374252319336, 951
0.012966394424438477, 950
0.012966394424438477, 949
0.012966394424438477, 948
0.012966394424438477, 947
0.012966394424438477, 946
0.012966394424438477, 945
0.012966394424438477, 944
0.012966394424438477, 943
0.012966394424438477, 942
0.012966394424438477, 941
0.012966394424438477, 940
0.013962984085083008, 939
0.013962984085083008, 938
0.013962984085083008, 937
0.014960289001464844, 936
0.014960289001464844, 935
0.014960289001464844, 934
0.014960289001464844, 933
0.014960289001464844, 932
0.014960289001464844, 931
0.014960289001464844, 930
0.015957355499267578, 929
0.015957355499267578, 928
0.015957355499267578, 927
0.015957355499267578, 926
0.015957355499267578, 925
0.015957355499267578, 924
0.015957355499267578, 923
0.01695394515991211, 922
0.01695394515991211, 921
0.01695394515991211, 920
0.01695394515991211, 919
0.01695394515991211, 918
0.01695394515991211, 917
0.01695394515991211, 916
0.01695394515991211, 915
0.017952442169189453, 914
0.017952442169189453, 913
0.017952442169189453, 912
0.017952442169189453, 911
0.018949270248413086, 910
0.018949270248413086, 909
0.018949270248413086, 908
0.018949270248413086, 907
0.018949270248413086, 906
0.018949270248413086, 905
0.019946575164794922, 904
0.019946575164794922, 903
0.019946575164794922, 902
0.019946575164794922, 901
0.019946575164794922, 900
0.019946575164794922, 899
0.02094411849975586, 898
0.02094411849975586, 897
0.02094411849975586, 896
0.02094411849975586, 895
0.02094411849975586, 894
0.021942138671875, 893
0.021942138671875, 892
0.02294015884399414, 891
0.02294015884399414, 890
0.02294015884399414, 889
0.02294015884399414, 888
0.02393627166748047, 887
0.02393627166748047, 886
0.02393627166748047, 885
0.02393627166748047, 884
0.02393627166748047, 883
0.0249330997467041, 882
0.0249330997467041, 881
0.0249330997467041, 880
0.0249330997467041, 879
0.0249330997467041, 878
0.0249330997467041, 877
0.0249330997467041, 876
0.025930166244506836, 875
0.025930166244506836, 874
0.025930166244506836, 873
0.025930166244506836, 872
0.025930166244506836, 871
0.025930166244506836, 870
0.025930166244506836, 869
0.025930166244506836, 868
0.026929855346679688, 867
0.026929855346679688, 866
0.026929855346679688, 865
0.026929855346679688, 864
0.026929855346679688, 863
0.027930259704589844, 862
0.02892470359802246, 861
0.02892470359802246, 860
0.02892470359802246, 859
0.029920339584350586, 858
0.029920339584350586, 857
0.029920339584350586, 856
0.029920339584350586, 855
0.03091740608215332, 854
0.03091740608215332, 853
0.03091740608215332, 852
0.03091740608215332, 851
0.03191423416137695, 850
0.03191423416137695, 849
0.03291130065917969, 848
0.03291130065917969, 847
0.03291130065917969, 846
0.03490638732910156, 845
0.03490638732910156, 844
0.03490638732910156, 843
0.03490638732910156, 842
0.03593778610229492, 841
0.03593778610229492, 840
0.03593778610229492, 839
0.03593778610229492, 838
0.03593778610229492, 837
0.03693413734436035, 836
0.03693413734436035, 835
0.03693413734436035, 834
0.03693413734436035, 833
0.03693413734436035, 832
0.03693413734436035, 831
0.03693413734436035, 830
0.03693413734436035, 829
0.03693413734436035, 828
0.03693413734436035, 827
0.03793072700500488, 826
0.03793072700500488, 825
0.03793072700500488, 824
0.03793072700500488, 823
0.03793072700500488, 822
0.03890252113342285, 821
0.03890252113342285, 820
0.03890252113342285, 819
0.03890252113342285, 818
0.03890252113342285, 817
0.03890252113342285, 816
0.03890252113342285, 815
0.03890252113342285, 814
0.04089045524597168, 813
0.04089045524597168, 812
0.04089045524597168, 811
0.04089045524597168, 810
0.04188895225524902, 809
0.04188895225524902, 808
0.04188895225524902, 807
0.04288530349731445, 806
0.04288530349731445, 805
0.04288530349731445, 804
0.04288530349731445, 803
0.043882131576538086, 802
0.043882131576538086, 801
0.043882131576538086, 800
0.04488015174865723, 799
0.04587817192077637, 798
0.04587817192077637, 797
0.04587817192077637, 796
0.04587817192077637, 795
0.04587817192077637, 794
0.04587817192077637, 793
0.04587817192077637, 792
0.04690861701965332, 791
0.04690861701965332, 790
0.04690861701965332, 789
0.04690861701965332, 788
0.04690861701965332, 787
0.047904014587402344, 786
0.047904014587402344, 785
0.047904014587402344, 784
0.04886984825134277, 783
0.04886984825134277, 782
0.04886984825134277, 781
0.04886984825134277, 780
0.04886984825134277, 779
0.0498661994934082, 778
0.05086541175842285, 777
0.05086541175842285, 776
0.05086541175842285, 775
0.05186295509338379, 774
0.052858591079711914, 773
0.05385565757751465, 772
0.05385565757751465, 771
0.05585050582885742, 770
0.05585050582885742, 769
0.05684781074523926, 768
0.05684781074523926, 767
0.05684781074523926, 766
0.057845354080200195, 765
0.057845354080200195, 764
0.05884218215942383, 763
0.0718076229095459, 762
0.0718076229095459, 761
0.0718076229095459, 760
0.0718076229095459, 759
0.07480049133300781, 758
0.07779312133789062, 757
0.08078384399414062, 756
0.09050726890563965, 755
0.09150004386901855, 754
0.09649252891540527, 753
0.09947800636291504, 752
0.1014719009399414, 751
0.10745620727539062, 750
0.10745620727539062, 749
0.11742997169494629, 748
0.1672961711883545, 747
0.17228269577026367, 746
0.17228269577026367, 745
0.1732800006866455, 744
0.17527461051940918, 743
0.19023585319519043, 742
0.19974589347839355, 741
0.20273756980895996, 740
0.20572948455810547, 739
0.21271181106567383, 738
0.21869540214538574, 737
0.2396397590637207, 736
0.2466259002685547, 735
0.2565932273864746, 734
0.26856231689453125, 733
0.269559383392334, 732
0.28252434730529785, 731
0.28452038764953613, 730
0.3165779113769531, 729
0.33951735496520996, 728
0.35048699378967285, 727
0.3624563217163086, 726
0.38838624954223633, 725
0.3903801441192627, 724
0.42953968048095703, 723
0.9232499599456787, 722
0.9302000999450684, 721
0.9352176189422607, 720
0.9471864700317383, 719
0.9481852054595947, 718
0.9761123657226562, 717
0.9910354614257812, 716
1.0040009021759033, 715
1.0219860076904297, 714
1.0618491172790527, 713
1.1615805625915527, 712
1.1845190525054932, 711
1.205463171005249, 710
1.2513725757598877, 709
1.261317491531372, 708
1.3022356033325195, 707
1.3291335105895996, 706
1.6084520816802979, 705
1.91194486618042, 704
5.478219985961914, 703
