0.008971214294433594, 957
0.008971214294433594, 956
0.008971214294433594, 955
0.009967327117919922, 954
0.009967327117919922, 953
0.009967327117919922, 952
0.009967327117919922, 951
0.009967327117919922, 950
0.009967327117919922, 949
0.009967327117919922, 948
0.010968923568725586, 947
0.010968923568725586, 946
0.010968923568725586, 945
0.010968923568725586, 944
0.010968923568725586, 943
0.010968923568725586, 942
0.010968923568725586, 941
0.010968923568725586, 940
0.010968923568725586, 939
0.011962175369262695, 938
0.011962175369262695, 937
0.011962175369262695, 936
0.011962175369262695, 935
0.011962175369262695, 934
0.011962175369262695, 933
0.012959718704223633, 932
0.012959718704223633, 931
0.012959718704223633, 930
0.012959718704223633, 929
0.012959718704223633, 928
0.012959718704223633, 927
0.012959718704223633, 926
0.012959718704223633, 925
0.012959718704223633, 924
0.012959718704223633, 923
0.013957500457763672, 922
0.013957500457763672, 921
0.013957500457763672, 920
0.013957500457763672, 919
0.013957500457763672, 918
0.013957500457763672, 917
0.013957500457763672, 916
0.013957500457763672, 915
0.014960289001464844, 914
0.014960289001464844, 913
0.014960289001464844, 912
0.014960289001464844, 911
0.014960289001464844, 910
0.014960289001464844, 909
0.015952348709106445, 908
0.015952348709106445, 907
0.01694965362548828, 906
0.01694965362548828, 905
0.01794719696044922, 904
0.01794719696044922, 903
0.01794719696044922, 902
0.01794719696044922, 901
0.01894402503967285, 900
0.01894402503967285, 899
0.01894402503967285, 898
0.01894402503967285, 897
0.01894402503967285, 896
0.019942760467529297, 895
0.019942760467529297, 894
0.019942760467529297, 893
0.019942760467529297, 892
0.020938873291015625, 891
0.020938873291015625, 890
0.020938873291015625, 889
0.020938873291015625, 888
0.02193593978881836, 887
0.022933006286621094, 886
0.023931026458740234, 885
0.023931026458740234, 884
0.023931026458740234, 883
0.023931026458740234, 882
0.024927616119384766, 881
0.024927616119384766, 880
0.024927616119384766, 879
0.024927616119384766, 878
0.0259249210357666, 877
0.0259249210357666, 876
0.0259249210357666, 875
0.026923418045043945, 874
0.026923418045043945, 873
0.026923418045043945, 872
0.026923418045043945, 871
0.026923418045043945, 870
0.026923418045043945, 869
0.026923418045043945, 868
0.026923418045043945, 867
0.026923418045043945, 866
0.026923418045043945, 865
0.026923418045043945, 864
0.027920246124267578, 863
0.027920246124267578, 862
0.027920246124267578, 861
0.027920246124267578, 860
0.027920246124267578, 859
0.027920246124267578, 858
0.028917789459228516, 857
0.028917789459228516, 856
0.028917789459228516, 855
0.028917789459228516, 854
0.028917789459228516, 853
0.028917789459228516, 852
0.028917789459228516, 851
0.028917789459228516, 850
0.029913902282714844, 849
0.029913902282714844, 848
0.029913902282714844, 847
0.030912399291992188, 846
0.030912399291992188, 845
0.030912399291992188, 844
0.030912399291992188, 843
0.030912399291992188, 842
0.030912399291992188, 841
0.03190898895263672, 840
0.03190898895263672, 839
0.03190898895263672, 838
0.03190898895263672, 837
0.03190898895263672, 836
0.03190898895263672, 835
0.03190898895263672, 834
0.03290724754333496, 833
0.03290724754333496, 832
0.03290724754333496, 831
0.0339055061340332, 830
0.0339055061340332, 829
0.0339055061340332, 828
0.0339055061340332, 827
0.0339055061340332, 826
0.03490138053894043, 825
0.03490138053894043, 824
0.03490138053894043, 823
0.03490138053894043, 822
0.03490138053894043, 821
0.03490138053894043, 820
0.03490138053894043, 819
0.03589820861816406, 818
0.03589820861816406, 817
0.03589820861816406, 816
0.03589820861816406, 815
0.0368955135345459, 814
0.0368955135345459, 813
0.0368955135345459, 812
0.0368955135345459, 811
0.0368955135345459, 810
0.03789258003234863, 809
0.03789258003234863, 808
0.03789258003234863, 807
0.03789258003234863, 806
0.03789258003234863, 805
0.03789258003234863, 804
0.03789258003234863, 803
0.03789258003234863, 802
0.03789258003234863, 801
0.03889179229736328, 800
0.03889179229736328, 799
0.03889179229736328, 798
0.03889179229736328, 797
0.03889179229736328, 796
0.03889179229736328, 795
0.03889179229736328, 794
0.03889179229736328, 793
0.03988766670227051, 792
0.03988766670227051, 791
0.03988766670227051, 790
0.03988766670227051, 789
0.03988766670227051, 788
0.03988766670227051, 787
0.040886640548706055, 786
0.040886640548706055, 785
0.0419156551361084, 784
0.0419156551361084, 783
0.0419156551361084, 782
0.0419156551361084, 781
0.0419156551361084, 780
0.04291224479675293, 779
0.04291224479675293, 778
0.04291224479675293, 777
0.04291224479675293, 776
0.04390978813171387, 775
0.04390978813171387, 774
0.04390978813171387, 773
0.04390978813171387, 772
0.04390978813171387, 771
0.04390978813171387, 770
0.04390978813171387, 769
0.04635930061340332, 768
0.04635930061340332, 767
0.04689645767211914, 766
0.04689645767211914, 765
0.04689645767211914, 764
0.04689645767211914, 763
0.04689645767211914, 762
0.04689645767211914, 761
0.04689645767211914, 760
0.04689645767211914, 759
0.052884578704833984, 758
0.05388283729553223, 757
0.05588269233703613, 756
0.057839393615722656, 755
0.05883932113647461, 754
0.05883932113647461, 753
0.059836387634277344, 752
0.059836387634277344, 751
0.061830759048461914, 750
0.06282901763916016, 749
0.06282901763916016, 748
0.06781411170959473, 747
0.06781411170959473, 746
0.07579326629638672, 745
0.07579326629638672, 744
0.07778620719909668, 743
0.07778620719909668, 742
0.07978105545043945, 741
0.08775949478149414, 740
0.08775949478149414, 739
0.10474681854248047, 738
0.10574674606323242, 737
0.10773921012878418, 736
0.12569236755371094, 735
0.12865233421325684, 734
0.13363862037658691, 733
0.14859890937805176, 732
0.1605668067932129, 731
0.188490629196167, 730
0.18948793411254883, 729
0.19646906852722168, 728
0.1974658966064453, 727
0.1974658966064453, 726
0.20644617080688477, 725
0.2602992057800293, 724
0.26129722595214844, 723
0.26129722595214844, 722
0.9094870090484619, 721
0.9174649715423584, 720
1.007258415222168, 719
1.0281705856323242, 718
1.058121919631958, 717
1.0989797115325928, 716
1.1079554557800293, 715
1.1209218502044678, 714
1.1279020309448242, 713
1.1837551593780518, 712
1.2017381191253662, 711
1.2057268619537354, 710
1.2106821537017822, 709
1.331359624862671, 708
1.3383400440216064, 707
1.4166371822357178, 706
2.0728824138641357, 705
2.9571855068206787, 704
3.4360151290893555, 703
