0.0, 746
0.019956111907958984, 745
0.025929689407348633, 744
0.02992105484008789, 743
0.0409235954284668, 742
0.046906471252441406, 741
0.06087136268615723, 740
0.07480072975158691, 739
0.09275197982788086, 738
0.2234029769897461, 737
0.23237991333007812, 736
0.24334955215454102, 735
0.24933385848999023, 734
0.26628708839416504, 733
0.26628708839416504, 732
0.2762610912322998, 731
0.29421234130859375, 730
0.3470723628997803, 729
0.36303043365478516, 728
0.3640275001525879, 727
0.4328434467315674, 726
0.43483805656433105, 725
0.47373414039611816, 724
0.5555155277252197, 723
0.5784547328948975, 722
0.6771893501281738, 721
0.7320432662963867, 720
0.7410204410552979, 719
0.9169411659240723, 718
1.2295730113983154, 717
1.3173394203186035, 716
1.4629490375518799, 715
1.6185333728790283, 714
1.8599591255187988, 713
2.33121919631958, 712
2.6517326831817627, 711
3.041231632232666, 710
3.0621752738952637, 709
3.4570865631103516, 708
4.08146858215332, 707
9.346974849700928, 706
10.088531732559204, 705
13.35156798362732, 704
