0.008942604064941406, 957
0.008942604064941406, 956
0.008942604064941406, 955
0.008942604064941406, 954
0.009939908981323242, 953
0.009939908981323242, 952
0.009939908981323242, 951
0.009939908981323242, 950
0.009939908981323242, 949
0.009939908981323242, 948
0.009939908981323242, 947
0.010970592498779297, 946
0.010970592498779297, 945
0.010970592498779297, 944
0.010970592498779297, 943
0.010970592498779297, 942
0.010970592498779297, 941
0.010970592498779297, 940
0.010970592498779297, 939
0.011935710906982422, 938
0.011935710906982422, 937
0.011935710906982422, 936
0.011935710906982422, 935
0.011935710906982422, 934
0.011935710906982422, 933
0.011935710906982422, 932
0.011935710906982422, 931
0.011935710906982422, 930
0.011935710906982422, 929
0.012974023818969727, 928
0.012974023818969727, 927
0.012974023818969727, 926
0.012974023818969727, 925
0.012974023818969727, 924
0.012974023818969727, 923
0.013973474502563477, 922
0.014930486679077148, 921
0.014930486679077148, 920
0.014930486679077148, 919
0.014930486679077148, 918
0.015925884246826172, 917
0.015925884246826172, 916
0.015925884246826172, 915
0.015925884246826172, 914
0.015925884246826172, 913
0.016921520233154297, 912
0.016921520233154297, 911
0.016921520233154297, 910
0.016921520233154297, 909
0.016921520233154297, 908
0.016921520233154297, 907
0.017921924591064453, 906
0.017921924591064453, 905
0.017921924591064453, 904
0.017921924591064453, 903
0.017921924591064453, 902
0.017921924591064453, 901
0.017921924591064453, 900
0.017921924591064453, 899
0.017921924591064453, 898
0.018950223922729492, 897
0.018950223922729492, 896
0.018950223922729492, 895
0.018950223922729492, 894
0.018950223922729492, 893
0.018950223922729492, 892
0.018950223922729492, 891
0.018950223922729492, 890
0.019914627075195312, 889
0.019914627075195312, 888
0.019914627075195312, 887
0.02094435691833496, 886
0.02094435691833496, 885
0.02094435691833496, 884
0.02094435691833496, 883
0.02094435691833496, 882
0.02094435691833496, 881
0.02094435691833496, 880
0.02094435691833496, 879
0.02094435691833496, 878
0.02094435691833496, 877
0.021941184997558594, 876
0.021941184997558594, 875
0.021941184997558594, 874
0.021941184997558594, 873
0.021941184997558594, 872
0.021941184997558594, 871
0.021941184997558594, 870
0.021941184997558594, 869
0.022936344146728516, 868
0.022936344146728516, 867
0.022936344146728516, 866
0.022936344146728516, 865
0.022936344146728516, 864
0.022936344146728516, 863
0.022936344146728516, 862
0.022936344146728516, 861
0.022936344146728516, 860
0.022936344146728516, 859
0.022936344146728516, 858
0.022936344146728516, 857
0.023935794830322266, 856
0.023935794830322266, 855
0.023935794830322266, 854
0.023935794830322266, 853
0.023935794830322266, 852
0.023935794830322266, 851
0.023935794830322266, 850
0.024933338165283203, 849
0.024933338165283203, 848
0.024933338165283203, 847
0.024933338165283203, 846
0.024933338165283203, 845
0.02589869499206543, 844
0.02589869499206543, 843
0.026895999908447266, 842
0.026895999908447266, 841
0.027892589569091797, 840
0.027892589569091797, 839
0.027892589569091797, 838
0.027892589569091797, 837
0.027892589569091797, 836
0.027892589569091797, 835
0.027892589569091797, 834
0.027892589569091797, 833
0.02888941764831543, 832
0.02888941764831543, 831
0.02888941764831543, 830
0.02888941764831543, 829
0.02888941764831543, 828
0.02888941764831543, 827
0.02888941764831543, 826
0.02888941764831543, 825
0.029886960983276367, 824
0.029886960983276367, 823
0.029886960983276367, 822
0.029886960983276367, 821
0.029886960983276367, 820
0.029886960983276367, 819
0.029886960983276367, 818
0.029886960983276367, 817
0.0308840274810791, 816
0.032012939453125, 815
0.03287982940673828, 814
0.03287982940673828, 813
0.03287982940673828, 812
0.03387713432312012, 811
0.035871267318725586, 810
0.035871267318725586, 809
0.035871267318725586, 808
0.03686809539794922, 807
0.03686809539794922, 806
0.03686809539794922, 805
0.03686809539794922, 804
0.03686809539794922, 803
0.03686809539794922, 802
0.03686809539794922, 801
0.037865400314331055, 800
0.037865400314331055, 799
0.037865400314331055, 798
0.037865400314331055, 797
0.037865400314331055, 796
0.037865400314331055, 795
0.037865400314331055, 794
0.037865400314331055, 793
0.03886246681213379, 792
0.03886246681213379, 791
0.03886246681213379, 790
0.03886246681213379, 789
0.039859771728515625, 788
0.039859771728515625, 787
0.039859771728515625, 786
0.04085707664489746, 785
0.04185819625854492, 784
0.04185819625854492, 783
0.04185819625854492, 782
0.04185819625854492, 781
0.04185819625854492, 780
0.04185819625854492, 779
0.04285454750061035, 778
0.04285454750061035, 777
0.04285454750061035, 776
0.04385089874267578, 775
0.04385089874267578, 774
0.04385089874267578, 773
0.044850826263427734, 772
0.04784226417541504, 771
0.04883742332458496, 770
0.050830841064453125, 769
0.051828861236572266, 768
0.051828861236572266, 767
0.051828861236572266, 766
0.051828861236572266, 765
0.051828861236572266, 764
0.052826642990112305, 763
0.052826642990112305, 762
0.052826642990112305, 761
0.05880904197692871, 760
0.06279921531677246, 759
0.06279921531677246, 758
0.0637965202331543, 757
0.06678915023803711, 756
0.06678915023803711, 755
0.06778550148010254, 754
0.071807861328125, 753
0.10069870948791504, 752
0.10069870948791504, 751
0.11067080497741699, 750
0.11665558815002441, 749
0.12962055206298828, 748
0.13061809539794922, 747
0.15359210968017578, 746
0.16256499290466309, 745
0.1675257682800293, 744
0.17353606224060059, 743
0.1854712963104248, 742
0.19248533248901367, 741
0.19348502159118652, 740
0.19348502159118652, 739
0.21638870239257812, 738
0.22041034698486328, 737
0.22041034698486328, 736
0.2293868064880371, 735
0.2293868064880371, 734
0.2433161735534668, 733
0.24431347846984863, 732
0.24631524085998535, 731
0.25827741622924805, 730
0.2592737674713135, 729
0.2622659206390381, 728
0.26924705505371094, 727
0.295177698135376, 726
0.33008384704589844, 725
0.372969388961792, 724
0.37496376037597656, 723
0.9299886226654053, 722
0.9329833984375, 721
0.9369699954986572, 720
0.9589443206787109, 719
0.961937665939331, 718
0.9978101253509521, 717
1.017754316329956, 716
1.0604925155639648, 715
1.2547128200531006, 714
1.2686755657196045, 713
1.3674321174621582, 712
1.4003233909606934, 711
1.4596741199493408, 710
1.6951327323913574, 709
1.721062421798706, 708
1.9075329303741455, 707
2.0052692890167236, 706
2.0581305027008057, 705
2.1908063888549805, 704
4.519155979156494, 703
