0.0, 746
0.011968135833740234, 745
0.027925491333007812, 744
0.06283187866210938, 743
0.08577561378479004, 742
0.11668825149536133, 741
0.11967968940734863, 740
0.12566399574279785, 739
0.1296529769897461, 738
0.15758180618286133, 737
0.16156911849975586, 736
0.20046401023864746, 735
0.20943975448608398, 734
0.22539710998535156, 733
0.24634122848510742, 732
0.24733853340148926, 731
0.2842421531677246, 730
0.2972068786621094, 729
0.30219292640686035, 728
0.317152738571167, 727
0.361541748046875, 726
0.36553144454956055, 725
0.3695204257965088, 724
0.39844202995300293, 723
0.4223792552947998, 722
0.4692528247833252, 721
0.5580153465270996, 720
0.5909273624420166, 719
0.6128702163696289, 718
0.6557588577270508, 717
0.7505006790161133, 716
0.8662362098693848, 715
0.915107011795044, 714
1.3349826335906982, 713
1.3539326190948486, 712
1.494555950164795, 711
1.6242098808288574, 710
1.6252081394195557, 709
1.7852849960327148, 708
2.2362377643585205, 707
2.483084201812744, 706
4.211310863494873, 705
4.238270044326782, 704
4.249207973480225, 703
