0.012964963912963867, 957
0.013962268829345703, 956
0.013962268829345703, 955
0.013962268829345703, 954
0.013962268829345703, 953
0.013962268829345703, 952
0.013962268829345703, 951
0.013962268829345703, 950
0.013962268829345703, 949
0.013962268829345703, 948
0.013962268829345703, 947
0.013962268829345703, 946
0.014959573745727539, 945
0.014959573745727539, 944
0.014959573745727539, 943
0.014959573745727539, 942
0.014959573745727539, 941
0.014959573745727539, 940
0.014959573745727539, 939
0.014959573745727539, 938
0.015956878662109375, 937
0.015956878662109375, 936
0.015956878662109375, 935
0.015956878662109375, 934
0.015956878662109375, 933
0.015956878662109375, 932
0.015956878662109375, 931
0.015956878662109375, 930
0.015956878662109375, 929
0.015956878662109375, 928
0.015956878662109375, 927
0.015956878662109375, 926
0.016954898834228516, 925
0.016954898834228516, 924
0.016954898834228516, 923
0.016954898834228516, 922
0.016954898834228516, 921
0.016954898834228516, 920
0.016954898834228516, 919
0.016954898834228516, 918
0.016954898834228516, 917
0.017951488494873047, 916
0.017951488494873047, 915
0.017951488494873047, 914
0.017951488494873047, 913
0.017951488494873047, 912
0.018948793411254883, 911
0.018948793411254883, 910
0.018948793411254883, 909
0.018948793411254883, 908
0.018948793411254883, 907
0.018948793411254883, 906
0.018948793411254883, 905
0.019948244094848633, 904
0.019948244094848633, 903
0.019948244094848633, 902
0.019948244094848633, 901
0.020944595336914062, 900
0.020944595336914062, 899
0.020944595336914062, 898
0.020944595336914062, 897
0.020944595336914062, 896
0.020944595336914062, 895
0.020944595336914062, 894
0.020944595336914062, 893
0.020944595336914062, 892
0.022939682006835938, 891
0.022939682006835938, 890
0.022939682006835938, 889
0.022939682006835938, 888
0.022939682006835938, 887
0.024933338165283203, 886
0.024933338165283203, 885
0.024933338165283203, 884
0.025929689407348633, 883
0.025929689407348633, 882
0.025929689407348633, 881
0.025929689407348633, 880
0.025929689407348633, 879
0.025929689407348633, 878
0.025929689407348633, 877
0.026929616928100586, 876
0.026929616928100586, 875
0.026929616928100586, 874
0.026929616928100586, 873
0.026929616928100586, 872
0.026929616928100586, 871
0.026929616928100586, 870
0.027925729751586914, 869
0.027925729751586914, 868
0.027925729751586914, 867
0.027925729751586914, 866
0.027925729751586914, 865
0.027925729751586914, 864
0.027925729751586914, 863
0.027925729751586914, 862
0.027925729751586914, 861
0.027925729751586914, 860
0.027925729751586914, 859
0.027925729751586914, 858
0.028922080993652344, 857
0.028922080993652344, 856
0.028922080993652344, 855
0.028922080993652344, 854
0.028922080993652344, 853
0.028922080993652344, 852
0.028922080993652344, 851
0.028922080993652344, 850
0.02991962432861328, 849
0.02991962432861328, 848
0.02991962432861328, 847
0.02991962432861328, 846
0.03091740608215332, 845
0.03091740608215332, 844
0.03091740608215332, 843
0.03091740608215332, 842
0.03091740608215332, 841
0.031915903091430664, 840
0.031915903091430664, 839
0.031915903091430664, 838
0.031915903091430664, 837
0.031915903091430664, 836
0.031915903091430664, 835
0.031915903091430664, 834
0.031915903091430664, 833
0.031915903091430664, 832
0.032912254333496094, 831
0.032912254333496094, 830
0.032912254333496094, 829
0.032912254333496094, 828
0.032912254333496094, 827
0.032912254333496094, 826
0.032912254333496094, 825
0.03390932083129883, 824
0.03390932083129883, 823
0.03390932083129883, 822
0.03390932083129883, 821
0.03390932083129883, 820
0.03390932083129883, 819
0.03390932083129883, 818
0.03390932083129883, 817
0.03490710258483887, 816
0.035904645919799805, 815
0.035904645919799805, 814
0.035904645919799805, 813
0.03690290451049805, 812
0.03789973258972168, 811
0.03892803192138672, 810
0.03892803192138672, 809
0.03892803192138672, 808
0.03992176055908203, 807
0.03992176055908203, 806
0.03992176055908203, 805
0.03992176055908203, 804
0.03992176055908203, 803
0.03992176055908203, 802
0.04089188575744629, 801
0.04089188575744629, 800
0.04089188575744629, 799
0.04089188575744629, 798
0.04089188575744629, 797
0.04089188575744629, 796
0.04089188575744629, 795
0.04089188575744629, 794
0.04089188575744629, 793
0.04188871383666992, 792
0.04188871383666992, 791
0.04188871383666992, 790
0.042885780334472656, 789
0.043915748596191406, 788
0.043915748596191406, 787
0.043915748596191406, 786
0.04491424560546875, 785
0.04491424560546875, 784
0.04491424560546875, 783
0.04491424560546875, 782
0.04491424560546875, 781
0.04491424560546875, 780
0.04491424560546875, 779
0.04590892791748047, 778
0.04590892791748047, 777
0.04590892791748047, 776
0.04590892791748047, 775
0.046906471252441406, 774
0.046906471252441406, 773
0.046906471252441406, 772
0.04790520668029785, 771
0.048906803131103516, 770
0.048906803131103516, 769
0.049904823303222656, 768
0.049904823303222656, 767
0.049904823303222656, 766
0.049904823303222656, 765
0.049904823303222656, 764
0.049904823303222656, 763
0.049904823303222656, 762
0.049904823303222656, 761
0.05090069770812988, 760
0.05485391616821289, 759
0.05485391616821289, 758
0.05485391616821289, 757
0.05585122108459473, 756
0.05684852600097656, 755
0.0578460693359375, 754
0.058843135833740234, 753
0.05984044075012207, 752
0.05984044075012207, 751
0.061835527420043945, 750
0.06382989883422852, 749
0.06482744216918945, 748
0.06682181358337402, 747
0.07579803466796875, 746
0.07679510116577148, 745
0.07779264450073242, 744
0.08078312873840332, 743
0.0848085880279541, 742
0.09275174140930176, 741
0.09574341773986816, 740
0.10372376441955566, 739
0.10571813583374023, 738
0.10671424865722656, 737
0.10870885848999023, 736
0.10970592498779297, 735
0.11170196533203125, 734
0.11269855499267578, 733
0.11369562149047852, 732
0.11369562149047852, 731
0.1246650218963623, 730
0.12566351890563965, 729
0.129652738571167, 728
0.13962578773498535, 727
0.1601111888885498, 726
0.16606616973876953, 725
0.17005538940429688, 724
0.17806577682495117, 723
0.7371950149536133, 722
0.7401878833770752, 721
0.7451741695404053, 720
0.747169017791748, 719
0.7481670379638672, 718
0.7511594295501709, 717
0.7831017971038818, 716
0.7930452823638916, 715
0.8129923343658447, 714
0.8219690322875977, 713
0.8987984657287598, 712
0.9566409587860107, 711
1.0703372955322266, 710
1.3076708316802979, 709
2.0632433891296387, 708
2.1210744380950928, 707
2.162452459335327, 706
2.3685925006866455, 705
2.8946533203125, 704
3.20279860496521, 703
