0.0, 746
0.023941516876220703, 745
0.028922557830810547, 744
0.03291201591491699, 743
0.04587817192077637, 742
0.054853200912475586, 741
0.06582403182983398, 740
0.07679462432861328, 739
0.09574389457702637, 738
0.14461350440979004, 737
0.15259265899658203, 736
0.16156792640686035, 735
0.16456103324890137, 734
0.173537015914917, 733
0.173537015914917, 732
0.18151473999023438, 731
0.19152331352233887, 730
0.2373666763305664, 729
0.25235795974731445, 728
0.2533588409423828, 727
0.31116795539855957, 726
0.31316232681274414, 725
0.34906840324401855, 724
0.4268159866333008, 723
0.4866659641265869, 722
0.5584990978240967, 721
0.5744211673736572, 720
0.5824012756347656, 719
0.7463715076446533, 718
1.0121746063232422, 717
1.0810177326202393, 716
1.2036640644073486, 715
1.3313205242156982, 714
1.5198163986206055, 713
1.877899408340454, 712
2.133566379547119, 711
2.4697203636169434, 710
2.490628242492676, 709
2.8454430103302, 708
3.6963448524475098, 707
8.497474431991577, 706
9.142422199249268, 705
10.876443147659302, 704
