0.0, 746
0.013962507247924805, 745
0.019948720932006836, 744
0.0219419002532959, 743
0.02892327308654785, 742
0.03789997100830078, 741
0.06087493896484375, 740
0.06386184692382812, 739
0.07583117485046387, 738
0.08377742767333984, 737
0.08480644226074219, 736
0.08580422401428223, 735
0.08676862716674805, 734
0.11472582817077637, 733
0.12470030784606934, 732
0.14561057090759277, 731
0.15861153602600098, 730
0.20149612426757812, 729
0.2299952507019043, 728
0.23494696617126465, 727
0.23793911933898926, 726
0.24295854568481445, 725
0.396517276763916, 724
0.4015038013458252, 723
0.5421261787414551, 722
0.555091381072998, 721
0.5840539932250977, 720
0.6349127292633057, 719
0.6717824935913086, 718
0.6787974834442139, 717
0.7076847553253174, 716
0.7282059192657471, 715
1.4492695331573486, 714
1.7983322143554688, 713
1.8093047142028809, 712
1.9948244094848633, 711
3.287050485610962, 710
3.559325695037842, 709
3.9593160152435303, 708
5.37204647064209, 707
7.437878847122192, 706
21.6148784160614, 705
28.736788511276245, 704
