0.0, 746
0.0169217586517334, 745
0.021941184997558594, 744
0.025897502899169922, 743
0.03789854049682617, 742
0.04587697982788086, 741
0.053856611251831055, 740
0.06578874588012695, 739
0.07875657081604004, 738
0.1306154727935791, 737
0.1385948657989502, 736
0.14757180213928223, 735
0.15159201622009277, 734
0.16153335571289062, 733
0.16153335571289062, 732
0.17050933837890625, 731
0.18247675895690918, 730
0.2632629871368408, 729
0.2852025032043457, 728
0.2881946563720703, 727
0.4038851261138916, 726
0.40587949752807617, 725
0.4567441940307617, 724
0.5315432548522949, 723
0.5524873733520508, 722
0.6228456497192383, 721
0.6467442512512207, 720
0.6537253856658936, 719
0.8636579513549805, 718
1.138131856918335, 717
1.222938060760498, 716
1.347604751586914, 715
1.4862027168273926, 714
1.6866655349731445, 713
2.085114002227783, 712
2.3644022941589355, 711
2.7214808464050293, 710
2.740399122238159, 709
3.0974555015563965, 708
3.7048511505126953, 707
8.882299900054932, 706
9.609896659851074, 705
11.641478061676025, 704
