0.0, 746
0.02593088150024414, 745
0.034906864166259766, 744
0.03789830207824707, 743
0.048868417739868164, 742
0.0608370304107666, 741
0.10875129699707031, 740
0.1186821460723877, 739
0.15259170532226562, 738
0.1795194149017334, 737
0.1875014305114746, 736
0.18949246406555176, 735
0.19248557090759277, 734
0.30219149589538574, 733
0.32413673400878906, 732
0.35205769538879395, 731
0.3859684467315674, 730
0.4822249412536621, 729
0.533095121383667, 728
0.5380816459655762, 727
0.5430681705474854, 726
0.5480551719665527, 725
0.6577627658843994, 724
0.6717233657836914, 723
0.965451717376709, 722
0.9853987693786621, 721
1.034775972366333, 720
1.1215448379516602, 719
1.2108192443847656, 718
1.2392559051513672, 717
1.3030850887298584, 716
1.3349990844726562, 715
1.894503116607666, 714
2.1139156818389893, 713
2.1258838176727295, 712
2.3178787231445312, 711
3.198868989944458, 710
3.49806809425354, 709
3.960090398788452, 708
5.664614200592041, 707
7.665367364883423, 706
17.574124336242676, 705
24.7611563205719, 704
