0.0, 746
0.032909393310546875, 745
0.07878613471984863, 744
0.0887598991394043, 743
0.09574079513549805, 742
0.1136934757232666, 741
0.11469149589538574, 740
0.1246638298034668, 739
0.12965130805969238, 738
0.14760208129882812, 737
0.14859938621520996, 736
0.1575756072998047, 735
0.16356277465820312, 734
0.17552804946899414, 733
0.18550467491149902, 732
0.22440338134765625, 731
0.34607601165771484, 730
0.3640317916870117, 729
0.3670234680175781, 728
0.4348428249359131, 727
0.49966955184936523, 726
0.5295884609222412, 725
0.5425543785095215, 724
0.6248419284820557, 723
0.68522047996521, 722
0.7240865230560303, 721
0.759995698928833, 720
0.7619855403900146, 719
0.8467588424682617, 718
0.8856544494628906, 717
0.94150710105896, 716
1.2786359786987305, 715
1.4750778675079346, 714
1.5528700351715088, 713
1.858543872833252, 712
1.8735041618347168, 711
2.090207815170288, 710
2.1470131874084473, 709
2.2063982486724854, 708
3.6864449977874756, 707
6.2895872592926025, 706
9.809958219528198, 705
