0.0, 746
0.008976936340332031, 745
0.01894974708557129, 744
0.03989362716674805, 743
0.0797872543334961, 742
0.12267327308654785, 741
0.12466788291931152, 740
0.13364362716674805, 739
0.15810513496398926, 738
0.23290610313415527, 737
0.24785876274108887, 736
0.3685758113861084, 735
0.3806183338165283, 734
0.4015636444091797, 733
0.43447422981262207, 732
0.4354715347290039, 731
0.49431920051574707, 730
0.5082943439483643, 729
0.5122716426849365, 728
0.5282289981842041, 727
0.5850796699523926, 726
0.5880692005157471, 725
0.5910606384277344, 724
0.6309537887573242, 723
0.6748361587524414, 722
0.7436525821685791, 721
0.9127132892608643, 720
0.9605846405029297, 719
0.9815294742584229, 718
1.0234181880950928, 717
1.1430974006652832, 716
1.30765962600708, 715
1.3944261074066162, 714
1.9291489124298096, 713
1.9451067447662354, 712
2.0768625736236572, 711
2.216489315032959, 710
2.217487096786499, 709
2.3620667457580566, 708
2.7790002822875977, 707
3.0073912143707275, 706
4.686548233032227, 705
4.725440502166748, 704
4.760344505310059, 703
