0.00900888442993164, 957
0.00997304916381836, 956
0.00997304916381836, 955
0.00997304916381836, 954
0.010972023010253906, 953
0.010972023010253906, 952
0.010972023010253906, 951
0.011968374252319336, 950
0.011968374252319336, 949
0.011968374252319336, 948
0.012968063354492188, 947
0.012968063354492188, 946
0.012968063354492188, 945
0.012968063354492188, 944
0.012968063354492188, 943
0.012968063354492188, 942
0.013962984085083008, 941
0.013962984085083008, 940
0.013962984085083008, 939
0.013962984085083008, 938
0.013962984085083008, 937
0.013962984085083008, 936
0.013962984085083008, 935
0.013962984085083008, 934
0.014962434768676758, 933
0.014962434768676758, 932
0.014962434768676758, 931
0.014962434768676758, 930
0.014962434768676758, 929
0.014962434768676758, 928
0.014962434768676758, 927
0.014962434768676758, 926
0.014962434768676758, 925
0.014962434768676758, 924
0.014962434768676758, 923
0.015956640243530273, 922
0.015956640243530273, 921
0.015956640243530273, 920
0.015956640243530273, 919
0.015956640243530273, 918
0.015956640243530273, 917
0.015956640243530273, 916
0.015956640243530273, 915
0.015956640243530273, 914
0.01695537567138672, 913
0.01695537567138672, 912
0.01695537567138672, 911
0.017953157424926758, 910
0.017953157424926758, 909
0.017953157424926758, 908
0.017953157424926758, 907
0.017953157424926758, 906
0.017953157424926758, 905
0.018950700759887695, 904
0.018950700759887695, 903
0.018950700759887695, 902
0.018950700759887695, 901
0.019948244094848633, 900
0.019948244094848633, 899
0.019948244094848633, 898
0.019948244094848633, 897
0.019948244094848633, 896
0.019948244094848633, 895
0.020945310592651367, 894
0.020945310592651367, 893
0.020945310592651367, 892
0.021942615509033203, 891
0.021942615509033203, 890
0.021942615509033203, 889
0.021942615509033203, 888
0.021942615509033203, 887
0.021942615509033203, 886
0.022939682006835938, 885
0.022939682006835938, 884
0.022939682006835938, 883
0.022939682006835938, 882
0.022939682006835938, 881
0.022939682006835938, 880
0.022939682006835938, 879
0.022939682006835938, 878
0.022939682006835938, 877
0.023936748504638672, 876
0.023936748504638672, 875
0.023936748504638672, 874
0.023936748504638672, 873
0.024934053421020508, 872
0.024934053421020508, 871
0.024934053421020508, 870
0.024934053421020508, 869
0.024934053421020508, 868
0.02593207359313965, 867
0.02593207359313965, 866
0.02593207359313965, 865
0.02593207359313965, 864
0.02593207359313965, 863
0.02593207359313965, 862
0.02593207359313965, 861
0.02593207359313965, 860
0.02593207359313965, 859
0.026929616928100586, 858
0.026929616928100586, 857
0.026929616928100586, 856
0.026929616928100586, 855
0.026929616928100586, 854
0.026929616928100586, 853
0.026929616928100586, 852
0.027959823608398438, 851
0.027959823608398438, 850
0.028922319412231445, 849
0.029925107955932617, 848
0.029925107955932617, 847
0.030919551849365234, 846
0.030919551849365234, 845
0.031916141510009766, 844
0.031916141510009766, 843
0.031916141510009766, 842
0.031916141510009766, 841
0.03291130065917969, 840
0.03291130065917969, 839
0.03291130065917969, 838
0.03291130065917969, 837
0.03291130065917969, 836
0.033942222595214844, 835
0.033942222595214844, 834
0.033942222595214844, 833
0.033942222595214844, 832
0.033942222595214844, 831
0.033942222595214844, 830
0.033942222595214844, 829
0.033942222595214844, 828
0.034908294677734375, 827
0.034908294677734375, 826
0.034908294677734375, 825
0.035904645919799805, 824
0.035904645919799805, 823
0.035904645919799805, 822
0.035904645919799805, 821
0.035904645919799805, 820
0.035904645919799805, 819
0.035904645919799805, 818
0.035904645919799805, 817
0.03693366050720215, 816
0.03693366050720215, 815
0.03693366050720215, 814
0.03693366050720215, 813
0.03793191909790039, 812
0.03793191909790039, 811
0.03793191909790039, 810
0.03793191909790039, 809
0.03892827033996582, 808
0.03892827033996582, 807
0.03892827033996582, 806
0.03892827033996582, 805
0.03892827033996582, 804
0.03892827033996582, 803
0.03892827033996582, 802
0.03892827033996582, 801
0.03892827033996582, 800
0.03892827033996582, 799
0.03892827033996582, 798
0.03892827033996582, 797
0.03992629051208496, 796
0.03992629051208496, 795
0.03992629051208496, 794
0.03992629051208496, 793
0.04188847541809082, 792
0.04188847541809082, 791
0.04288482666015625, 790
0.04288482666015625, 789
0.04288482666015625, 788
0.04288482666015625, 787
0.043882131576538086, 786
0.04588007926940918, 785
0.04588007926940918, 784
0.04588007926940918, 783
0.04588007926940918, 782
0.04687643051147461, 781
0.04687643051147461, 780
0.04787325859069824, 779
0.04787325859069824, 778
0.048874616622924805, 777
0.048874616622924805, 776
0.05089902877807617, 775
0.05089902877807617, 774
0.05089902877807617, 773
0.051894187927246094, 772
0.051894187927246094, 771
0.051894187927246094, 770
0.051894187927246094, 769
0.052890777587890625, 768
0.052890777587890625, 767
0.052890777587890625, 766
0.052890777587890625, 765
0.052890777587890625, 764
0.052890777587890625, 763
0.05388927459716797, 762
0.05388927459716797, 761
0.05388927459716797, 760
0.05388927459716797, 759
0.056880950927734375, 758
0.056880950927734375, 757
0.05887866020202637, 756
0.06086921691894531, 755
0.06183481216430664, 754
0.0628662109375, 753
0.06482911109924316, 752
0.06482911109924316, 751
0.06685614585876465, 750
0.06685614585876465, 749
0.06785106658935547, 748
0.06981325149536133, 747
0.07084274291992188, 746
0.08181381225585938, 745
0.08181381225585938, 744
0.08380913734436035, 743
0.08380913734436035, 742
0.08580374717712402, 741
0.09575867652893066, 740
0.09575867652893066, 739
0.11372828483581543, 738
0.1157231330871582, 737
0.11771869659423828, 736
0.13065767288208008, 735
0.13364434242248535, 734
0.13663601875305176, 733
0.15359044075012207, 732
0.16456103324890137, 731
0.18151545524597168, 730
0.18251276016235352, 729
0.19148755073547363, 728
0.19448208808898926, 727
0.19547772407531738, 726
0.2014937400817871, 725
0.2124309539794922, 724
0.2124309539794922, 723
0.2124309539794922, 722
1.3387067317962646, 721
1.3456895351409912, 720
1.4524023532867432, 719
1.4793322086334229, 718
1.5012729167938232, 717
1.5471503734588623, 716
1.5700881481170654, 715
1.603003740310669, 714
1.6219499111175537, 713
1.859832525253296, 712
1.8979523181915283, 711
1.9208903312683105, 710
1.9428315162658691, 709
2.2576820850372314, 708
2.2866055965423584, 707
2.401414632797241, 706
4.193880319595337, 705
5.562887191772461, 704
6.013235807418823, 703
