0.0, 614
0.041222333908081055, 613
0.053224802017211914, 612
0.060204267501831055, 611
0.06419754028320312, 610
0.06519556045532227, 609
0.07816123962402344, 608
0.11406755447387695, 607
0.11801958084106445, 606
0.15583229064941406, 605
0.17677664756774902, 604
0.24064183235168457, 603
0.249894380569458, 602
0.2905142307281494, 601
0.36133766174316406, 600
0.37529921531677246, 599
0.3992345333099365, 598
0.532132625579834, 597
0.6093719005584717, 596
0.8586475849151611, 595
1.6672282218933105, 594
