0.0, 614
0.11469054222106934, 613
0.2781407833099365, 612
0.29563426971435547, 611
0.2996234893798828, 610
0.3097684383392334, 609
0.342205286026001, 608
0.41600680351257324, 607
0.4289731979370117, 606
0.5207490921020508, 605
0.5626158714294434, 604
0.6932680606842041, 603
0.7317700386047363, 602
0.7636857032775879, 601
0.83150315284729, 600
0.8424737453460693, 599
0.8694031238555908, 598
1.0130178928375244, 597
1.2414073944091797, 596
1.5107181072235107, 595
2.6703007221221924, 594
