0.0, 614
0.014858722686767578, 613
0.054749488830566406, 612
0.06486916542053223, 611
0.0917966365814209, 610
0.11013984680175781, 609
0.1310868263244629, 608
0.13311147689819336, 607
0.14804339408874512, 606
0.14804339408874512, 605
0.1570143699645996, 604
0.1620044708251953, 603
0.21144628524780273, 602
0.21447348594665527, 601
0.26235079765319824, 600
0.33571767807006836, 599
0.49430418014526367, 598
0.5585269927978516, 597
0.8474335670471191, 596
1.0679922103881836, 595
1.2648780345916748, 594
