0.0, 614
0.0189511775970459, 613
0.02692866325378418, 612
0.055853843688964844, 611
0.07280540466308594, 610
0.09374880790710449, 609
0.11173415184020996, 608
0.11968135833740234, 607
0.12865757942199707, 606
0.17752552032470703, 605
0.2014617919921875, 604
0.2263951301574707, 603
0.25033020973205566, 602
0.2622997760772705, 601
0.42685890197753906, 600
0.5530612468719482, 599
0.8271238803863525, 598
0.9418206214904785, 597
0.9747319221496582, 596
1.7028801441192627, 595
3.6146433353424072, 594
