0.014957427978515625, 815
0.04088902473449707, 814
0.04388093948364258, 813
0.04388093948364258, 812
0.04487800598144531, 811
0.04487800598144531, 810
0.04587578773498535, 809
0.07080912590026855, 808
0.0718071460723877, 807
0.07280445098876953, 806
0.07280445098876953, 805
0.07380080223083496, 804
0.07380080223083496, 803
0.0747988224029541, 802
0.08277630805969238, 801
0.08277630805969238, 800
0.08277630805969238, 799
0.08477258682250977, 798
0.0857698917388916, 797
0.0857698917388916, 796
0.0857698917388916, 795
0.0857698917388916, 794
0.08676576614379883, 793
0.08676576614379883, 792
0.08676576614379883, 791
0.08776307106018066, 790
0.08776307106018066, 789
0.08776307106018066, 788
0.08776307106018066, 787
0.09075498580932617, 786
0.09175229072570801, 785
0.09175229072570801, 784
0.09175229072570801, 783
0.09274983406066895, 782
0.09274983406066895, 781
0.09374690055847168, 780
0.09374690055847168, 779
0.09374690055847168, 778
0.09474444389343262, 777
0.09474444389343262, 776
0.09474444389343262, 775
0.09474444389343262, 774
0.09574174880981445, 773
0.09574174880981445, 772
0.09574174880981445, 771
0.09574174880981445, 770
0.09574174880981445, 769
0.09574174880981445, 768
0.09574174880981445, 767
0.09574174880981445, 766
0.09673905372619629, 765
0.09673905372619629, 764
0.09773635864257812, 763
0.09773635864257812, 762
0.09773635864257812, 761
0.09773635864257812, 760
0.09773635864257812, 759
0.09873390197753906, 758
0.09873390197753906, 757
0.09873390197753906, 756
0.09873390197753906, 755
0.09873390197753906, 754
0.0997312068939209, 753
0.0997312068939209, 752
0.0997312068939209, 751
0.0997312068939209, 750
0.0997312068939209, 749
0.0997312068939209, 748
0.0997312068939209, 747
0.0997312068939209, 746
0.10089707374572754, 745
0.10089707374572754, 744
0.10089707374572754, 743
0.10089707374572754, 742
0.10089707374572754, 741
0.10089707374572754, 740
0.10089707374572754, 739
0.10089707374572754, 738
0.10089707374572754, 737
0.10089707374572754, 736
0.10089707374572754, 735
0.10089707374572754, 734
0.10089707374572754, 733
0.10089707374572754, 732
0.10089707374572754, 731
0.10089707374572754, 730
0.10089707374572754, 729
0.10089707374572754, 728
0.10089707374572754, 727
0.10089707374572754, 726
0.10089707374572754, 725
0.10089707374572754, 724
0.10089707374572754, 723
0.10089707374572754, 722
0.10089707374572754, 721
0.10089707374572754, 720
0.10089707374572754, 719
0.10089707374572754, 718
0.10089707374572754, 717
0.10089707374572754, 716
0.10089707374572754, 715
0.10089707374572754, 714
0.11686134338378906, 713
0.1178591251373291, 712
0.11885595321655273, 711
0.11885595321655273, 710
0.11885595321655273, 709
0.11885595321655273, 708
0.11885595321655273, 707
0.11885595321655273, 706
0.11885595321655273, 705
0.11985278129577637, 704
0.11985278129577637, 703
0.11985278129577637, 702
0.11985278129577637, 701
0.11985278129577637, 700
0.1208498477935791, 699
0.1208498477935791, 698
0.1208498477935791, 697
0.12184691429138184, 696
0.12184691429138184, 695
0.12184691429138184, 694
0.12184691429138184, 693
0.12184691429138184, 692
0.12184691429138184, 691
0.12184691429138184, 690
0.12284421920776367, 689
0.1238710880279541, 688
0.1238710880279541, 687
0.1238710880279541, 686
0.12486720085144043, 685
0.12686443328857422, 684
0.12785911560058594, 683
0.12785911560058594, 682
0.13085508346557617, 681
0.13285064697265625, 680
0.13285064697265625, 679
0.13581156730651855, 678
0.1368405818939209, 677
0.13784050941467285, 676
0.13784050941467285, 675
0.13983416557312012, 674
0.14082908630371094, 673
0.142822265625, 672
0.142822265625, 671
0.14382147789001465, 670
0.14382147789001465, 669
0.14382147789001465, 668
0.14382147789001465, 667
0.14382147789001465, 666
0.1477806568145752, 665
0.1477806568145752, 664
0.1477806568145752, 663
0.1477806568145752, 662
0.1507706642150879, 661
0.15176963806152344, 660
0.15279722213745117, 659
0.15379762649536133, 658
0.15379762649536133, 657
0.15379762649536133, 656
0.15479302406311035, 655
0.15479302406311035, 654
0.15575742721557617, 653
0.15678668022155762, 652
0.15877938270568848, 651
0.15877938270568848, 650
0.15977883338928223, 649
0.16077756881713867, 648
0.16077756881713867, 647
0.16077756881713867, 646
0.16177940368652344, 645
0.16177940368652344, 644
0.16373491287231445, 643
0.1757357120513916, 642
0.1777338981628418, 641
0.1777338981628418, 640
0.17873144149780273, 639
0.17873144149780273, 638
0.17972660064697266, 637
0.17972660064697266, 636
0.17972660064697266, 635
0.18172454833984375, 634
0.18467330932617188, 633
0.18467330932617188, 632
0.22242403030395508, 631
0.22342181205749512, 630
0.22741293907165527, 629
0.2423710823059082, 628
0.2423710823059082, 627
0.2453629970550537, 626
0.2453629970550537, 625
0.24735808372497559, 624
0.25433969497680664, 623
0.2583284378051758, 622
0.26749157905578613, 621
0.26749157905578613, 620
0.26749157905578613, 619
0.26749157905578613, 618
0.28566837310791016, 617
0.28766512870788574, 616
0.3165881633758545, 615
0.3175535202026367, 614
0.3195469379425049, 613
0.32652831077575684, 612
0.3365018367767334, 611
0.34049105644226074, 610
0.3474724292755127, 609
0.3507416248321533, 608
0.5395255088806152, 607
0.5485012531280518, 606
0.5575098991394043, 605
0.5575098991394043, 604
0.5943820476531982, 603
0.6243221759796143, 602
0.6392800807952881, 601
0.6941342353820801, 600
0.7160739898681641, 599
0.7200648784637451, 598
0.7200648784637451, 597
0.7649457454681396, 596
0.8505680561065674, 595
1.6563994884490967, 594
