0.0, 614
0.010975122451782227, 613
0.042929649353027344, 612
0.04888153076171875, 611
0.055854082107543945, 610
0.07084536552429199, 609
0.0847787857055664, 608
0.13268542289733887, 607
0.3470776081085205, 606
0.35405778884887695, 605
0.3939509391784668, 604
0.5065746307373047, 603
0.866980791091919, 602
0.9208371639251709, 601
1.0006227493286133, 600
1.0175795555114746, 599
1.032571792602539, 598
1.0953693389892578, 597
2.0525121688842773, 596
2.403573751449585, 595
4.63276219367981, 594
