0.01795220375061035, 815
0.04089212417602539, 814
0.04089212417602539, 813
0.04089212417602539, 812
0.04089212417602539, 811
0.04089212417602539, 810
0.04188871383666992, 809
0.042885780334472656, 808
0.042885780334472656, 807
0.04587721824645996, 806
0.04587721824645996, 805
0.04986715316772461, 804
0.05186200141906738, 803
0.05186200141906738, 802
0.05186200141906738, 801
0.05186200141906738, 800
0.05186200141906738, 799
0.05186200141906738, 798
0.05285906791687012, 797
0.0548551082611084, 796
0.0548551082611084, 795
0.0548551082611084, 794
0.05587911605834961, 793
0.05587911605834961, 792
0.056848764419555664, 791
0.056848764419555664, 790
0.05986809730529785, 789
0.060869693756103516, 788
0.061862945556640625, 787
0.061862945556640625, 786
0.061862945556640625, 785
0.061862945556640625, 784
0.061862945556640625, 783
0.0638570785522461, 782
0.0638570785522461, 781
0.0638570785522461, 780
0.0638570785522461, 779
0.0668494701385498, 778
0.06882095336914062, 777
0.06882095336914062, 776
0.07031989097595215, 775
0.07031989097595215, 774
0.07131338119506836, 773
0.07230925559997559, 772
0.07230925559997559, 771
0.07330656051635742, 770
0.07330656051635742, 769
0.07330656051635742, 768
0.07330656051635742, 767
0.07330656051635742, 766
0.07430362701416016, 765
0.07629823684692383, 764
0.07729530334472656, 763
0.07729530334472656, 762
0.07729530334472656, 761
0.07729530334472656, 760
0.07729530334472656, 759
0.07729530334472656, 758
0.0782926082611084, 757
0.0782926082611084, 756
0.0782926082611084, 755
0.08028817176818848, 754
0.08028817176818848, 753
0.08028817176818848, 752
0.08028817176818848, 751
0.08128499984741211, 750
0.08128499984741211, 749
0.08128499984741211, 748
0.08128499984741211, 747
0.08228230476379395, 746
0.08228230476379395, 745
0.08327984809875488, 744
0.08527398109436035, 743
0.08926224708557129, 742
0.08926224708557129, 741
0.09025907516479492, 740
0.09025907516479492, 739
0.09125661849975586, 738
0.09125661849975586, 737
0.09125661849975586, 736
0.0922539234161377, 735
0.0922539234161377, 734
0.0922539234161377, 733
0.0922539234161377, 732
0.0922539234161377, 731
0.09325098991394043, 730
0.09325098991394043, 729
0.09325098991394043, 728
0.09325098991394043, 727
0.09424829483032227, 726
0.09424829483032227, 725
0.0952458381652832, 724
0.0952458381652832, 723
0.0952458381652832, 722
0.09624290466308594, 721
0.09624290466308594, 720
0.09724020957946777, 719
0.09724020957946777, 718
0.09724020957946777, 717
0.09823775291442871, 716
0.09923553466796875, 715
0.09923553466796875, 714
0.09923553466796875, 713
0.09923553466796875, 712
0.09923553466796875, 711
0.09923553466796875, 710
0.09923553466796875, 709
0.10023236274719238, 708
0.10023236274719238, 707
0.10122966766357422, 706
0.10122966766357422, 705
0.10721373558044434, 704
0.10921239852905273, 703
0.10921239852905273, 702
0.10921239852905273, 701
0.11020874977111816, 700
0.11020874977111816, 699
0.1112055778503418, 698
0.1112055778503418, 697
0.11220288276672363, 696
0.11519455909729004, 695
0.11519455909729004, 694
0.11718893051147461, 693
0.11818623542785645, 692
0.11818623542785645, 691
0.12417030334472656, 690
0.12417030334472656, 689
0.12516999244689941, 688
0.12516999244689941, 687
0.12716197967529297, 686
0.12915706634521484, 685
0.1391286849975586, 684
0.14015960693359375, 683
0.14015960693359375, 682
0.1441504955291748, 681
0.14514803886413574, 680
0.1471095085144043, 679
0.15409302711486816, 678
0.1550886631011963, 677
0.1550886631011963, 676
0.1580793857574463, 675
0.15907526016235352, 674
0.1670534610748291, 673
0.1670534610748291, 672
0.16805171966552734, 671
0.1750345230102539, 670
0.17603158950805664, 669
0.1780261993408203, 668
0.18201375007629395, 667
0.18301129341125488, 666
0.18500542640686035, 665
0.18700337409973145, 664
0.18902826309204102, 663
0.1910228729248047, 662
0.1940147876739502, 661
0.19649791717529297, 660
0.19649791717529297, 659
0.1990046501159668, 658
0.20395803451538086, 657
0.20994114875793457, 656
0.20994114875793457, 655
0.2110145092010498, 654
0.2110145092010498, 653
0.21393156051635742, 652
0.21393156051635742, 651
0.22589826583862305, 650
0.22589826583862305, 649
0.22589826583862305, 648
0.2328779697418213, 647
0.23487281799316406, 646
0.2388622760772705, 645
0.24085712432861328, 644
0.29770636558532715, 643
0.31166839599609375, 642
0.3136632442474365, 641
0.3236358165740967, 640
0.3276243209838867, 639
0.32862162590026855, 638
0.3296191692352295, 637
0.3326115608215332, 636
0.34258508682250977, 635
0.34457874298095703, 634
0.3455770015716553, 633
0.3465735912322998, 632
0.3495657444000244, 631
0.3495657444000244, 630
0.3515603542327881, 629
0.3515603542327881, 628
0.40840864181518555, 627
0.4123983383178711, 626
0.4183824062347412, 625
0.41937971115112305, 624
0.4233691692352295, 623
0.4293544292449951, 622
0.4323461055755615, 621
0.4433162212371826, 620
0.44730544090270996, 619
0.4562826156616211, 618
0.4572784900665283, 617
0.4572784900665283, 616
0.48172760009765625, 615
0.48172760009765625, 614
0.4887101650238037, 613
0.5046689510345459, 612
0.5106492042541504, 611
0.5116467475891113, 610
0.5116467475891113, 609
0.5116467475891113, 608
0.5116467475891113, 607
0.5116467475891113, 606
0.5994119644165039, 605
0.5994119644165039, 604
0.6343185901641846, 603
0.6353216171264648, 602
0.6393077373504639, 601
0.7540009021759033, 600
0.7590205669403076, 599
0.7620103359222412, 598
0.8487792015075684, 597
0.9275343418121338, 596
0.9534671306610107, 595
2.100734233856201, 594
