0.018950223922729492, 815
0.02592945098876953, 814
0.027924299240112305, 813
0.030916690826416016, 812
0.030916690826416016, 811
0.030916690826416016, 810
0.030916690826416016, 809
0.030916690826416016, 808
0.03191351890563965, 807
0.03191351890563965, 806
0.03789830207824707, 805
0.03789830207824707, 804
0.03789830207824707, 803
0.03989267349243164, 802
0.03989267349243164, 801
0.04088950157165527, 800
0.042884111404418945, 799
0.042884111404418945, 798
0.042884111404418945, 797
0.042884111404418945, 796
0.042884111404418945, 795
0.04487895965576172, 794
0.04487895965576172, 793
0.04487895965576172, 792
0.04587602615356445, 791
0.04587602615356445, 790
0.04690861701965332, 789
0.04690861701965332, 788
0.04790472984313965, 787
0.04790472984313965, 786
0.04790472984313965, 785
0.04890155792236328, 784
0.04890155792236328, 783
0.049868106842041016, 782
0.049868106842041016, 781
0.049868106842041016, 780
0.049868106842041016, 779
0.050900936126708984, 778
0.050900936126708984, 777
0.050900936126708984, 776
0.051917076110839844, 775
0.051917076110839844, 774
0.051917076110839844, 773
0.051917076110839844, 772
0.051917076110839844, 771
0.05485224723815918, 770
0.05585122108459473, 769
0.05684852600097656, 768
0.05684852600097656, 767
0.05684852600097656, 766
0.05684852600097656, 765
0.05684852600097656, 764
0.05684852600097656, 763
0.05684852600097656, 762
0.05684852600097656, 761
0.0578460693359375, 760
0.0578460693359375, 759
0.0578460693359375, 758
0.0578460693359375, 757
0.0578460693359375, 756
0.05984091758728027, 755
0.05984091758728027, 754
0.05984091758728027, 753
0.06083869934082031, 752
0.06083869934082031, 751
0.06083869934082031, 750
0.06083869934082031, 749
0.06083869934082031, 748
0.06083869934082031, 747
0.06083869934082031, 746
0.061835527420043945, 745
0.061835527420043945, 744
0.061835527420043945, 743
0.061835527420043945, 742
0.061835527420043945, 741
0.061835527420043945, 740
0.061835527420043945, 739
0.061835527420043945, 738
0.061835527420043945, 737
0.06283259391784668, 736
0.06382966041564941, 735
0.06382966041564941, 734
0.06981611251831055, 733
0.06981611251831055, 732
0.07081079483032227, 731
0.07081079483032227, 730
0.07081079483032227, 729
0.07081079483032227, 728
0.0718071460723877, 727
0.0718071460723877, 726
0.0718071460723877, 725
0.07280445098876953, 724
0.07280445098876953, 723
0.07380151748657227, 722
0.07380151748657227, 721
0.07380151748657227, 720
0.0747988224029541, 719
0.0747988224029541, 718
0.0747988224029541, 717
0.0747988224029541, 716
0.07579612731933594, 715
0.07779073715209961, 714
0.07779073715209961, 713
0.07779073715209961, 712
0.07779073715209961, 711
0.0797872543334961, 710
0.0797872543334961, 709
0.0797872543334961, 708
0.0797872543334961, 707
0.0797872543334961, 706
0.08081603050231934, 705
0.08081603050231934, 704
0.08081603050231934, 703
0.08081603050231934, 702
0.0818181037902832, 701
0.0818181037902832, 700
0.0818181037902832, 699
0.08281493186950684, 698
0.08281493186950684, 697
0.08281493186950684, 696
0.08381199836730957, 695
0.08381199836730957, 694
0.08381199836730957, 693
0.08577442169189453, 692
0.08577442169189453, 691
0.08577442169189453, 690
0.08577442169189453, 689
0.09275293350219727, 688
0.09275293350219727, 687
0.09474682807922363, 686
0.09474682807922363, 685
0.09474682807922363, 684
0.0967416763305664, 683
0.0967416763305664, 682
0.0967416763305664, 681
0.09873652458190918, 680
0.09873652458190918, 679
0.10474801063537598, 678
0.11269760131835938, 677
0.12367010116577148, 676
0.12466716766357422, 675
0.1266617774963379, 674
0.1266617774963379, 673
0.1266617774963379, 672
0.1386280059814453, 671
0.14062285423278809, 670
0.14162015914916992, 669
0.14162015914916992, 668
0.14261722564697266, 667
0.14461207389831543, 666
0.14461207389831543, 665
0.14461207389831543, 664
0.1466066837310791, 663
0.15059733390808105, 662
0.15059733390808105, 661
0.15558481216430664, 660
0.15658187866210938, 659
0.15957212448120117, 658
0.160569429397583, 657
0.1655898094177246, 656
0.17154240608215332, 655
0.17253947257995605, 654
0.1735365390777588, 653
0.17453384399414062, 652
0.17453384399414062, 651
0.1795198917388916, 650
0.18650221824645996, 649
0.18650221824645996, 648
0.1875002384185791, 647
0.19547700881958008, 646
0.19846868515014648, 645
0.21442770957946777, 644
0.22739076614379883, 643
0.2293856143951416, 642
0.2293856143951416, 641
0.2293856143951416, 640
0.23138022422790527, 639
0.2523674964904785, 638
0.2553553581237793, 637
0.25934481620788574, 636
0.25934481620788574, 635
0.25934481620788574, 634
0.25934481620788574, 633
0.26732373237609863, 632
0.26732373237609863, 631
0.26732373237609863, 630
0.26732373237609863, 629
0.26732373237609863, 628
0.2912604808807373, 627
0.29824066162109375, 626
0.2992382049560547, 625
0.2992382049560547, 624
0.30123281478881836, 623
0.30123281478881836, 622
0.31223630905151367, 621
0.32619524002075195, 620
0.3281888961791992, 619
0.3710474967956543, 618
0.38102054595947266, 617
0.3820202350616455, 616
0.3830149173736572, 615
0.3899967670440674, 614
0.42789578437805176, 613
0.42789578437805176, 612
0.44983553886413574, 611
0.45884084701538086, 610
0.4647970199584961, 609
0.4707808494567871, 608
0.4718050956726074, 607
0.4738016128540039, 606
0.47776079177856445, 605
0.6622684001922607, 604
0.6722426414489746, 603
0.6822152137756348, 602
0.710141658782959, 601
0.7141296863555908, 600
0.7540240287780762, 599
0.8208470344543457, 598
0.8228397369384766, 597
0.871708869934082, 596
0.8946459293365479, 595
1.4327178001403809, 594
