0.01695418357849121, 815
0.032911062240600586, 814
0.032911062240600586, 813
0.032911062240600586, 812
0.032911062240600586, 811
0.03390860557556152, 810
0.03390860557556152, 809
0.03390860557556152, 808
0.035902976989746094, 807
0.035902976989746094, 806
0.035902976989746094, 805
0.036901235580444336, 804
0.04068493843078613, 803
0.04068493843078613, 802
0.04068493843078613, 801
0.04068493843078613, 800
0.04068493843078613, 799
0.04068493843078613, 798
0.04068493843078613, 797
0.04068493843078613, 796
0.04068493843078613, 795
0.04068493843078613, 794
0.04068493843078613, 793
0.04068493843078613, 792
0.04068493843078613, 791
0.04068493843078613, 790
0.04068493843078613, 789
0.04068493843078613, 788
0.04068493843078613, 787
0.04068493843078613, 786
0.04068493843078613, 785
0.04068493843078613, 784
0.04068493843078613, 783
0.04068493843078613, 782
0.04068493843078613, 781
0.04068493843078613, 780
0.04068493843078613, 779
0.04068493843078613, 778
0.04068493843078613, 777
0.04068493843078613, 776
0.04068493843078613, 775
0.04068493843078613, 774
0.05630660057067871, 773
0.05630660057067871, 772
0.05734825134277344, 771
0.05834555625915527, 770
0.05834555625915527, 769
0.05834555625915527, 768
0.05834555625915527, 767
0.05834555625915527, 766
0.05834555625915527, 765
0.05834555625915527, 764
0.05834555625915527, 763
0.05834555625915527, 762
0.05834555625915527, 761
0.05834555625915527, 760
0.059342145919799805, 759
0.059342145919799805, 758
0.059342145919799805, 757
0.059342145919799805, 756
0.059342145919799805, 755
0.059342145919799805, 754
0.06033921241760254, 753
0.06033921241760254, 752
0.06133675575256348, 751
0.06133675575256348, 750
0.06133675575256348, 749
0.06133675575256348, 748
0.06133675575256348, 747
0.06233406066894531, 746
0.06233406066894531, 745
0.06233406066894531, 744
0.06233406066894531, 743
0.06432843208312988, 742
0.06432843208312988, 741
0.06432843208312988, 740
0.06432843208312988, 739
0.06432843208312988, 738
0.06432843208312988, 737
0.06432843208312988, 736
0.06432843208312988, 735
0.06532597541809082, 734
0.06532597541809082, 733
0.06532597541809082, 732
0.06732058525085449, 731
0.06732058525085449, 730
0.06732058525085449, 729
0.06831765174865723, 728
0.06831765174865723, 727
0.06831765174865723, 726
0.06931519508361816, 725
0.06931519508361816, 724
0.06931519508361816, 723
0.06931519508361816, 722
0.06931519508361816, 721
0.06931519508361816, 720
0.0703127384185791, 719
0.0703127384185791, 718
0.07130980491638184, 717
0.07130980491638184, 716
0.07130980491638184, 715
0.07130980491638184, 714
0.07130980491638184, 713
0.07230734825134277, 712
0.07230734825134277, 711
0.07330489158630371, 710
0.07330489158630371, 709
0.07330489158630371, 708
0.07530689239501953, 707
0.07530689239501953, 706
0.07633233070373535, 705
0.07633233070373535, 704
0.07732677459716797, 703
0.07932186126708984, 702
0.07932186126708984, 701
0.08031868934631348, 700
0.08031868934631348, 699
0.0812830924987793, 698
0.08727002143859863, 697
0.08727002143859863, 696
0.08727002143859863, 695
0.08727002143859863, 694
0.08727002143859863, 693
0.08972525596618652, 692
0.08972525596618652, 691
0.09125757217407227, 690
0.09125757217407227, 689
0.092254638671875, 688
0.09325122833251953, 687
0.09325122833251953, 686
0.09724044799804688, 685
0.09724044799804688, 684
0.09724044799804688, 683
0.09823775291442871, 682
0.10222721099853516, 681
0.10322713851928711, 680
0.10521912574768066, 679
0.10721397399902344, 678
0.10821223258972168, 677
0.10821223258972168, 676
0.10920858383178711, 675
0.10920858383178711, 674
0.10920858383178711, 673
0.10920858383178711, 672
0.11319780349731445, 671
0.1171870231628418, 670
0.1171870231628418, 669
0.1171870231628418, 668
0.1171870231628418, 667
0.12396121025085449, 666
0.12396121025085449, 665
0.12396121025085449, 664
0.13958382606506348, 663
0.1432485580444336, 662
0.1432485580444336, 661
0.1542191505432129, 660
0.15621328353881836, 659
0.15920758247375488, 658
0.16020417213439941, 657
0.16020417213439941, 656
0.16120171546936035, 655
0.16120171546936035, 654
0.16120171546936035, 653
0.16419339179992676, 652
0.1651904582977295, 651
0.1651904582977295, 650
0.16718554496765137, 649
0.16919302940368652, 648
0.16919302940368652, 647
0.17017841339111328, 646
0.17017841339111328, 645
0.17615962028503418, 644
0.17715692520141602, 643
0.1791517734527588, 642
0.18014907836914062, 641
0.18014907836914062, 640
0.18114614486694336, 639
0.1821444034576416, 638
0.1851356029510498, 637
0.18713045120239258, 636
0.19710373878479004, 635
0.1990981101989746, 634
0.1990981101989746, 633
0.210068941116333, 632
0.210068941116333, 631
0.21106624603271484, 630
0.22016119956970215, 629
0.22016119956970215, 628
0.22016119956970215, 627
0.22393250465393066, 626
0.22592639923095703, 625
0.22692394256591797, 624
0.22692394256591797, 623
0.27582573890686035, 622
0.27682065963745117, 621
0.27682065963745117, 620
0.2778208255767822, 619
0.27881789207458496, 618
0.2798175811767578, 617
0.2798175811767578, 616
0.2897920608520508, 615
0.29057884216308594, 614
0.29057884216308594, 613
0.2990851402282715, 612
0.32082104682922363, 611
0.32181787490844727, 610
0.32680583000183105, 609
0.32979750633239746, 608
0.32979750633239746, 607
0.32979750633239746, 606
0.6080477237701416, 605
0.6983058452606201, 604
0.7012979984283447, 603
0.7062842845916748, 602
0.7092769145965576, 601
0.7521662712097168, 600
0.7621679306030273, 599
0.8003811836242676, 598
0.8003811836242676, 597
0.8798708915710449, 596
1.1970887184143066, 595
1.2529420852661133, 594
