0.01994633674621582, 815
0.0359039306640625, 814
0.0359039306640625, 813
0.0359039306640625, 812
0.0359039306640625, 811
0.0359039306640625, 810
0.03789806365966797, 809
0.03789806365966797, 808
0.03789806365966797, 807
0.042885780334472656, 806
0.043906450271606445, 805
0.04787135124206543, 804
0.04986572265625, 803
0.04986572265625, 802
0.04986572265625, 801
0.04986572265625, 800
0.04986572265625, 799
0.04986572265625, 798
0.05086517333984375, 797
0.05186057090759277, 796
0.05285787582397461, 795
0.05285787582397461, 794
0.05285787582397461, 793
0.05285787582397461, 792
0.053854942321777344, 791
0.05485224723815918, 790
0.05784416198730469, 789
0.05984044075012207, 788
0.06482768058776855, 787
0.06482768058776855, 786
0.06482768058776855, 785
0.06482768058776855, 784
0.06482768058776855, 783
0.06682038307189941, 782
0.06781816482543945, 781
0.06781816482543945, 780
0.06781816482543945, 779
0.07080960273742676, 778
0.07280397415161133, 777
0.07280397415161133, 776
0.07280397415161133, 775
0.07280397415161133, 774
0.07380127906799316, 773
0.07380127906799316, 772
0.07380127906799316, 771
0.07679510116577148, 770
0.07679510116577148, 769
0.07779169082641602, 768
0.07779169082641602, 767
0.07779169082641602, 766
0.07878923416137695, 765
0.0827784538269043, 764
0.08377575874328613, 763
0.08377575874328613, 762
0.08377575874328613, 761
0.08377575874328613, 760
0.08377575874328613, 759
0.08377575874328613, 758
0.08377575874328613, 757
0.08477282524108887, 756
0.08477282524108887, 755
0.0857696533203125, 754
0.0857696533203125, 753
0.08676671981811523, 752
0.08676671981811523, 751
0.08676671981811523, 750
0.08676671981811523, 749
0.08676671981811523, 748
0.08676671981811523, 747
0.08676671981811523, 746
0.08776402473449707, 745
0.08776402473449707, 744
0.08975887298583984, 743
0.09474635124206543, 742
0.09474635124206543, 741
0.09773898124694824, 740
0.09873604774475098, 739
0.09873604774475098, 738
0.09973287582397461, 737
0.09973287582397461, 736
0.09973287582397461, 735
0.10073018074035645, 734
0.10073018074035645, 733
0.10073018074035645, 732
0.10172796249389648, 731
0.10172796249389648, 730
0.10272479057312012, 729
0.10272479057312012, 728
0.10272479057312012, 727
0.10372209548950195, 726
0.10471963882446289, 725
0.10471963882446289, 724
0.10471963882446289, 723
0.10571718215942383, 722
0.10671401023864746, 721
0.10671401023864746, 720
0.11070942878723145, 719
0.11170268058776855, 718
0.11170268058776855, 717
0.11269950866699219, 716
0.11369585990905762, 715
0.11369585990905762, 714
0.11369585990905762, 713
0.11469435691833496, 712
0.11469435691833496, 711
0.11469435691833496, 710
0.11469435691833496, 709
0.11469435691833496, 708
0.11469435691833496, 707
0.11668801307678223, 706
0.11768460273742676, 705
0.12067675590515137, 704
0.12267160415649414, 703
0.12366914749145508, 702
0.12366914749145508, 701
0.12366914749145508, 700
0.12366914749145508, 699
0.1266624927520752, 698
0.12765908241271973, 697
0.12865805625915527, 696
0.1326451301574707, 695
0.13364219665527344, 694
0.13563752174377441, 693
0.13563752174377441, 692
0.13563752174377441, 691
0.15059685707092285, 690
0.15059685707092285, 689
0.15259122848510742, 688
0.15259122848510742, 687
0.15558648109436035, 686
0.15658140182495117, 685
0.1655561923980713, 684
0.16655445098876953, 683
0.16655445098876953, 682
0.1715402603149414, 681
0.17353558540344238, 680
0.1795198917388916, 679
0.18550419807434082, 678
0.18650102615356445, 677
0.18650102615356445, 676
0.18849515914916992, 675
0.18949222564697266, 674
0.20046353340148926, 673
0.20046353340148926, 672
0.20046353340148926, 671
0.20545101165771484, 670
0.20746850967407227, 669
0.2094404697418213, 668
0.2154247760772705, 667
0.2154247760772705, 666
0.2204113006591797, 665
0.22140884399414062, 664
0.22440052032470703, 663
0.22838950157165527, 662
0.23537087440490723, 661
0.23537087440490723, 660
0.23537087440490723, 659
0.23836231231689453, 658
0.24434757232666016, 657
0.24634265899658203, 656
0.24634265899658203, 655
0.24634265899658203, 654
0.24733877182006836, 653
0.2483353614807129, 652
0.24933362007141113, 651
0.2543199062347412, 650
0.2543199062347412, 649
0.2543199062347412, 648
0.26329469680786133, 647
0.26628875732421875, 646
0.2672853469848633, 645
0.26927971839904785, 644
0.30019712448120117, 643
0.30222034454345703, 642
0.30222034454345703, 641
0.3101780414581299, 640
0.3181498050689697, 639
0.3181498050689697, 638
0.3201713562011719, 637
0.3231346607208252, 636
0.33011817932128906, 635
0.3321390151977539, 634
0.33313608169555664, 633
0.3341400623321533, 632
0.3381233215332031, 631
0.3381233215332031, 630
0.34012413024902344, 629
0.3411555290222168, 628
0.3889586925506592, 627
0.39394617080688477, 626
0.39995884895324707, 625
0.4009561538696289, 624
0.4039187431335449, 623
0.411407470703125, 622
0.4143996238708496, 621
0.4263746738433838, 620
0.4283609390258789, 619
0.43237757682800293, 618
0.43237757682800293, 617
0.43237757682800293, 616
0.4473109245300293, 615
0.4473109245300293, 614
0.45129919052124023, 613
0.4622979164123535, 612
0.46825575828552246, 611
0.4692537784576416, 610
0.4692537784576416, 609
0.4692537784576416, 608
0.4692537784576416, 607
0.4692537784576416, 606
0.5699818134307861, 605
0.5699818134307861, 604
0.7205801010131836, 603
0.7225754261016846, 602
0.7345435619354248, 601
0.9473226070404053, 600
0.9523084163665771, 599
0.9553003311157227, 598
1.054037094116211, 597
1.1562714576721191, 596
1.1861920356750488, 595
2.7346181869506836, 594
