0.0, 614
0.05783796310424805, 613
0.1505894660949707, 612
0.16455411911010742, 611
0.17851614952087402, 610
0.20245099067687988, 609
0.20743751525878906, 608
0.23137617111206055, 607
0.2447664737701416, 606
0.2557380199432373, 605
0.3165750503540039, 604
0.3305370807647705, 603
0.41032934188842773, 602
0.4322686195373535, 601
0.43326735496520996, 600
0.6237890720367432, 599
0.7135493755340576, 598
0.8206963539123535, 597
0.9419441223144531, 596
1.0795702934265137, 595
3.993109941482544, 594
