0.01499319076538086, 815
0.02696084976196289, 814
0.02696084976196289, 813
0.02696084976196289, 812
0.02696084976196289, 811
0.02795886993408203, 810
0.028956890106201172, 809
0.028956890106201172, 808
0.028956890106201172, 807
0.03194832801818848, 806
0.03194832801818848, 805
0.035941123962402344, 804
0.036942481994628906, 803
0.036942481994628906, 802
0.036942481994628906, 801
0.036942481994628906, 800
0.036942481994628906, 799
0.036942481994628906, 798
0.03793668746948242, 797
0.03989434242248535, 796
0.03989434242248535, 795
0.03989434242248535, 794
0.040891408920288086, 793
0.040891408920288086, 792
0.04192352294921875, 791
0.04192352294921875, 790
0.04491376876831055, 789
0.04491376876831055, 788
0.04591012001037598, 787
0.04591012001037598, 786
0.04591012001037598, 785
0.04591012001037598, 784
0.04591012001037598, 783
0.047905683517456055, 782
0.047905683517456055, 781
0.047905683517456055, 780
0.047905683517456055, 779
0.0518951416015625, 778
0.05289292335510254, 777
0.05289292335510254, 776
0.05289292335510254, 775
0.05388998985290527, 774
0.05485415458679199, 773
0.05485415458679199, 772
0.05485415458679199, 771
0.05588483810424805, 770
0.05588483810424805, 769
0.05588483810424805, 768
0.05588483810424805, 767
0.05588483810424805, 766
0.05588483810424805, 765
0.0578768253326416, 764
0.0578768253326416, 763
0.0578768253326416, 762
0.05887556076049805, 761
0.05887556076049805, 760
0.05887556076049805, 759
0.05887556076049805, 758
0.05887556076049805, 757
0.05887556076049805, 756
0.05887556076049805, 755
0.059873342514038086, 754
0.060837507247924805, 753
0.060837507247924805, 752
0.060837507247924805, 751
0.060837507247924805, 750
0.060837507247924805, 749
0.060837507247924805, 748
0.060837507247924805, 747
0.06186842918395996, 746
0.06186842918395996, 745
0.06186842918395996, 744
0.06386280059814453, 743
0.06585907936096191, 742
0.06585907936096191, 741
0.06685757637023926, 740
0.0678565502166748, 739
0.0678565502166748, 738
0.0678565502166748, 737
0.0678565502166748, 736
0.06885504722595215, 735
0.06885504722595215, 734
0.06885504722595215, 733
0.06885504722595215, 732
0.06985020637512207, 731
0.06985020637512207, 730
0.06985020637512207, 729
0.06985020637512207, 728
0.07084417343139648, 727
0.07084417343139648, 726
0.07181072235107422, 725
0.07181072235107422, 724
0.07280755043029785, 723
0.07280755043029785, 722
0.07380437850952148, 721
0.07380437850952148, 720
0.07480168342590332, 719
0.07480168342590332, 718
0.07579922676086426, 717
0.07579922676086426, 716
0.07779383659362793, 715
0.07779383659362793, 714
0.07779383659362793, 713
0.07779383659362793, 712
0.07779383659362793, 711
0.07779383659362793, 710
0.07779383659362793, 709
0.07779383659362793, 708
0.07879137992858887, 707
0.08078598976135254, 706
0.08078598976135254, 705
0.08377790451049805, 704
0.08481264114379883, 703
0.08481264114379883, 702
0.08580756187438965, 701
0.08580756187438965, 700
0.08580756187438965, 699
0.0868074893951416, 698
0.0868074893951416, 697
0.0868074893951416, 696
0.08976078033447266, 695
0.09075808525085449, 694
0.09175491333007812, 693
0.09175491333007812, 692
0.09275221824645996, 691
0.09574413299560547, 690
0.09574413299560547, 689
0.0967414379119873, 688
0.0967414379119873, 687
0.09773874282836914, 686
0.09973359107971191, 685
0.10671496391296387, 684
0.10870957374572754, 683
0.10870957374572754, 682
0.11170125007629395, 681
0.11269879341125488, 680
0.11469340324401855, 679
0.12067961692810059, 678
0.12167572975158691, 677
0.12167572975158691, 676
0.12466692924499512, 675
0.12566399574279785, 674
0.1346418857574463, 673
0.1346418857574463, 672
0.1346418857574463, 671
0.13863205909729004, 670
0.13962888717651367, 669
0.14162373542785645, 668
0.14660978317260742, 667
0.14660978317260742, 666
0.15059828758239746, 665
0.15163421630859375, 664
0.15359258651733398, 663
0.1565849781036377, 662
0.16057157516479492, 661
0.16160321235656738, 660
0.16160321235656738, 659
0.16456222534179688, 658
0.16954874992370605, 657
0.17356562614440918, 656
0.17356562614440918, 655
0.17356562614440918, 654
0.17356562614440918, 653
0.17456698417663574, 652
0.17456698417663574, 651
0.1815176010131836, 650
0.1815176010131836, 649
0.1815176010131836, 648
0.18650269508361816, 647
0.1904921531677246, 646
0.19248723983764648, 645
0.19348430633544922, 644
0.21442866325378418, 643
0.21744799613952637, 642
0.21744799613952637, 641
0.2234046459197998, 640
0.2283916473388672, 639
0.2283916473388672, 638
0.2293868064880371, 637
0.23237872123718262, 636
0.23636794090270996, 635
0.23936223983764648, 634
0.24135637283325195, 633
0.2423543930053711, 632
0.24634337425231934, 631
0.24634337425231934, 630
0.2493889331817627, 629
0.2493889331817627, 628
0.2892282009124756, 627
0.2922523021697998, 626
0.29624080657958984, 625
0.2972404956817627, 624
0.29923224449157715, 623
0.30518674850463867, 622
0.30718159675598145, 621
0.3191797733306885, 620
0.3221397399902344, 619
0.3261280059814453, 618
0.3261280059814453, 617
0.3261280059814453, 616
0.33510446548461914, 615
0.336101770401001, 614
0.3400914669036865, 613
0.36302995681762695, 612
0.3839890956878662, 611
0.3859708309173584, 610
0.3869664669036865, 609
0.3869664669036865, 608
0.3869664669036865, 607
0.3869664669036865, 606
0.4707043170928955, 605
0.47170209884643555, 604
0.5006253719329834, 603
0.5016229152679443, 602
0.5036170482635498, 601
0.6103298664093018, 600
0.61531662940979, 599
0.6183085441589355, 598
0.6881225109100342, 597
0.7649517059326172, 596
0.7879209518432617, 595
1.6675527095794678, 594
