0.01695871353149414, 815
0.02293848991394043, 814
0.023938417434692383, 813
0.023938417434692383, 812
0.023938417434692383, 811
0.024938344955444336, 810
0.024938344955444336, 809
0.03188276290893555, 808
0.03188276290893555, 807
0.032906293869018555, 806
0.032906293869018555, 805
0.032906293869018555, 804
0.03387856483459473, 803
0.03387856483459473, 802
0.039927005767822266, 801
0.039927005767822266, 800
0.039927005767822266, 799
0.04092550277709961, 798
0.04192543029785156, 797
0.04192543029785156, 796
0.04192543029785156, 795
0.04192543029785156, 794
0.0429229736328125, 793
0.0429229736328125, 792
0.0429229736328125, 791
0.04391932487487793, 790
0.04391932487487793, 789
0.044918060302734375, 788
0.044918060302734375, 787
0.04789447784423828, 786
0.048905372619628906, 785
0.048905372619628906, 784
0.048905372619628906, 783
0.04990053176879883, 782
0.04990053176879883, 781
0.050898075103759766, 780
0.050898075103759766, 779
0.050898075103759766, 778
0.05189251899719238, 777
0.05189251899719238, 776
0.05189251899719238, 775
0.05189251899719238, 774
0.052892208099365234, 773
0.052892208099365234, 772
0.052892208099365234, 771
0.052892208099365234, 770
0.052892208099365234, 769
0.052892208099365234, 768
0.052892208099365234, 767
0.052892208099365234, 766
0.05389547348022461, 765
0.05389547348022461, 764
0.05389547348022461, 763
0.05488920211791992, 762
0.05488920211791992, 761
0.05488920211791992, 760
0.05488920211791992, 759
0.05588388442993164, 758
0.05588388442993164, 757
0.05588388442993164, 756
0.05588388442993164, 755
0.05588388442993164, 754
0.0568845272064209, 753
0.0568845272064209, 752
0.0568845272064209, 751
0.0568845272064209, 750
0.0568845272064209, 749
0.0568845272064209, 748
0.0568845272064209, 747
0.0568845272064209, 746
0.057883501052856445, 745
0.057883501052856445, 744
0.057883501052856445, 743
0.057883501052856445, 742
0.057883501052856445, 741
0.05884408950805664, 740
0.05884408950805664, 739
0.05884408950805664, 738
0.05884408950805664, 737
0.05884408950805664, 736
0.05884408950805664, 735
0.05988144874572754, 734
0.05988144874572754, 733
0.05988144874572754, 732
0.06087493896484375, 731
0.06087493896484375, 730
0.06087493896484375, 729
0.06087493896484375, 728
0.06087493896484375, 727
0.061876773834228516, 726
0.061876773834228516, 725
0.061876773834228516, 724
0.061876773834228516, 723
0.06283211708068848, 722
0.0648648738861084, 721
0.0648648738861084, 720
0.06682229042053223, 719
0.06682229042053223, 718
0.06682229042053223, 717
0.06682229042053223, 716
0.06682229042053223, 715
0.06682229042053223, 714
0.06682229042053223, 713
0.06781911849975586, 712
0.06781911849975586, 711
0.06781911849975586, 710
0.0688164234161377, 709
0.0688164234161377, 708
0.0688164234161377, 707
0.0688164234161377, 706
0.0688164234161377, 705
0.0688164234161377, 704
0.0688164234161377, 703
0.0688164234161377, 702
0.0688164234161377, 701
0.06981372833251953, 700
0.07081151008605957, 699
0.07081151008605957, 698
0.07081151008605957, 697
0.07081151008605957, 696
0.07081151008605957, 695
0.07081151008605957, 694
0.07081151008605957, 693
0.0718083381652832, 692
0.0718083381652832, 691
0.0718083381652832, 690
0.0718083381652832, 689
0.07380270957946777, 688
0.07380270957946777, 687
0.07380270957946777, 686
0.07380270957946777, 685
0.0767972469329834, 684
0.07779407501220703, 683
0.07779407501220703, 682
0.08278036117553711, 681
0.08477592468261719, 680
0.08477592468261719, 679
0.08876347541809082, 678
0.08876347541809082, 677
0.09175562858581543, 676
0.09175562858581543, 675
0.09377717971801758, 674
0.09478259086608887, 673
0.09773945808410645, 672
0.09773945808410645, 671
0.09773945808410645, 670
0.09773945808410645, 669
0.09773945808410645, 668
0.09873700141906738, 667
0.09873700141906738, 666
0.10172820091247559, 665
0.10172820091247559, 664
0.10172820091247559, 663
0.10172820091247559, 662
0.10372281074523926, 661
0.1047201156616211, 660
0.10571765899658203, 659
0.10571765899658203, 658
0.10571765899658203, 657
0.10571765899658203, 656
0.10871076583862305, 655
0.10871076583862305, 654
0.10970759391784668, 653
0.11170148849487305, 652
0.11469388008117676, 651
0.11469388008117676, 650
0.11572122573852539, 649
0.11572122573852539, 648
0.11572122573852539, 647
0.11572122573852539, 646
0.11672115325927734, 645
0.11672115325927734, 644
0.11868500709533691, 643
0.13065099716186523, 642
0.1326456069946289, 641
0.1326456069946289, 640
0.13364291191101074, 639
0.13364291191101074, 638
0.13464021682739258, 637
0.13464021682739258, 636
0.13464021682739258, 635
0.13863062858581543, 634
0.14361810684204102, 633
0.14361810684204102, 632
0.1795206069946289, 631
0.1795206069946289, 630
0.1835463047027588, 629
0.1925203800201416, 628
0.1925203800201416, 627
0.1945173740386963, 626
0.1945173740386963, 625
0.19551396369934082, 624
0.2004992961883545, 623
0.20349740982055664, 622
0.21343255043029785, 621
0.21343255043029785, 620
0.21343255043029785, 619
0.21545696258544922, 618
0.2224409580230713, 617
0.22539901733398438, 616
0.25655221939086914, 615
0.2575509548187256, 614
0.25954413414001465, 613
0.2674901485443115, 612
0.2765030860900879, 611
0.2824831008911133, 610
0.29245805740356445, 609
0.29744410514831543, 608
0.4814596176147461, 607
0.4894390106201172, 606
0.49741673469543457, 605
0.498384952545166, 604
0.5233180522918701, 603
0.5522398948669434, 602
0.564208984375, 601
0.607093334197998, 600
0.6200606822967529, 599
0.6230831146240234, 598
0.6230831146240234, 597
0.6619818210601807, 596
0.7327902317047119, 595
1.2663319110870361, 594
