0.0, 614
0.016954898834228516, 613
0.0688166618347168, 612
0.07978677749633789, 611
0.11270022392272949, 610
0.16356420516967773, 609
0.245344877243042, 608
0.2513289451599121, 607
0.27426815032958984, 606
0.2752647399902344, 605
0.2862362861633301, 604
0.29421424865722656, 603
0.34906673431396484, 602
0.35205864906311035, 601
0.38098764419555664, 600
0.4158961772918701, 599
0.5999133586883545, 598
0.6876816749572754, 597
1.08262300491333, 596
1.3279993534088135, 595
1.5446605682373047, 594
