0.02493453025817871, 815
0.03889584541320801, 814
0.03889584541320801, 813
0.03889584541320801, 812
0.03889584541320801, 811
0.03889584541320801, 810
0.03889584541320801, 809
0.039893150329589844, 808
0.041887521743774414, 807
0.041887521743774414, 806
0.041887521743774414, 805
0.04488110542297363, 804
0.050864458084106445, 803
0.050864458084106445, 802
0.050864458084106445, 801
0.050864458084106445, 800
0.050864458084106445, 799
0.050864458084106445, 798
0.05186200141906738, 797
0.05286049842834473, 796
0.053856849670410156, 795
0.053856849670410156, 794
0.053856849670410156, 793
0.053856849670410156, 792
0.053856849670410156, 791
0.054854631423950195, 790
0.054854631423950195, 789
0.054854631423950195, 788
0.05585193634033203, 787
0.05585193634033203, 786
0.056849002838134766, 785
0.056849002838134766, 784
0.056849002838134766, 783
0.056849002838134766, 782
0.058844566345214844, 781
0.058844566345214844, 780
0.05984330177307129, 779
0.05984330177307129, 778
0.06083798408508301, 777
0.061835527420043945, 776
0.061835527420043945, 775
0.061835527420043945, 774
0.06382894515991211, 773
0.06482696533203125, 772
0.06482696533203125, 771
0.06582355499267578, 770
0.06582355499267578, 769
0.06582355499267578, 768
0.06582355499267578, 767
0.06582355499267578, 766
0.06582355499267578, 765
0.06582355499267578, 764
0.06582355499267578, 763
0.06582355499267578, 762
0.06582355499267578, 761
0.06582355499267578, 760
0.06582355499267578, 759
0.06682109832763672, 758
0.06682109832763672, 757
0.06682109832763672, 756
0.06682109832763672, 755
0.06682109832763672, 754
0.06781840324401855, 753
0.06781840324401855, 752
0.06881570816040039, 751
0.06881570816040039, 750
0.06881570816040039, 749
0.06881570816040039, 748
0.06881570816040039, 747
0.06981301307678223, 746
0.06981301307678223, 745
0.06981301307678223, 744
0.06981301307678223, 743
0.0718076229095459, 742
0.0718076229095459, 741
0.0718076229095459, 740
0.0718076229095459, 739
0.0718076229095459, 738
0.0718076229095459, 737
0.07280492782592773, 736
0.07280492782592773, 735
0.07280492782592773, 734
0.07280492782592773, 733
0.07280492782592773, 732
0.07931256294250488, 731
0.07931256294250488, 730
0.07931256294250488, 729
0.08029985427856445, 728
0.08029985427856445, 727
0.08029985427856445, 726
0.081298828125, 725
0.081298828125, 724
0.08229541778564453, 723
0.08229541778564453, 722
0.08229541778564453, 721
0.08229541778564453, 720
0.08329248428344727, 719
0.08329248428344727, 718
0.08428955078125, 717
0.08428955078125, 716
0.08428955078125, 715
0.08428955078125, 714
0.08428955078125, 713
0.08528709411621094, 712
0.08628439903259277, 711
0.08628439903259277, 710
0.08628439903259277, 709
0.08628439903259277, 708
0.08728146553039551, 707
0.08827924728393555, 706
0.09027361869812012, 705
0.09027361869812012, 704
0.09226703643798828, 703
0.09426379203796387, 702
0.09526634216308594, 701
0.09626197814941406, 700
0.09626197814941406, 699
0.09725546836853027, 698
0.10423612594604492, 697
0.10423612594604492, 696
0.10423612594604492, 695
0.1062307357788086, 694
0.10722827911376953, 693
0.1092228889465332, 692
0.1092228889465332, 691
0.11121821403503418, 690
0.11121821403503418, 689
0.11420989036560059, 688
0.11520695686340332, 687
0.11520695686340332, 686
0.1201939582824707, 685
0.1201939582824707, 684
0.1201939582824707, 683
0.12218952178955078, 682
0.12617897987365723, 681
0.12917089462280273, 680
0.1311633586883545, 679
0.13315725326538086, 678
0.1341569423675537, 677
0.13515400886535645, 676
0.13615131378173828, 675
0.13615131378173828, 674
0.13615131378173828, 673
0.13615131378173828, 672
0.14113736152648926, 671
0.14712071418762207, 670
0.14712071418762207, 669
0.14712071418762207, 668
0.1481177806854248, 667
0.1640758514404297, 666
0.1640758514404297, 665
0.18103265762329102, 664
0.18601775169372559, 663
0.19100356101989746, 662
0.19100356101989746, 661
0.2139425277709961, 660
0.2338886260986328, 659
0.24685454368591309, 658
0.24885082244873047, 657
0.24885082244873047, 656
0.2498476505279541, 655
0.2498476505279541, 654
0.2498476505279541, 653
0.2528390884399414, 652
0.25383615493774414, 651
0.2548336982727051, 650
0.2558310031890869, 649
0.2578263282775879, 648
0.2578263282775879, 647
0.26181459426879883, 646
0.26281142234802246, 645
0.26779723167419434, 644
0.2687947750091553, 643
0.2717883586883545, 642
0.27378296852111816, 641
0.27577853202819824, 640
0.27677440643310547, 639
0.27876901626586914, 638
0.2827584743499756, 637
0.285750150680542, 636
0.30170655250549316, 635
0.30370116233825684, 634
0.30370116233825684, 633
0.3166682720184326, 632
0.3166682720184326, 631
0.3186628818511963, 630
0.33761143684387207, 629
0.341599702835083, 628
0.341599702835083, 627
0.34559059143066406, 626
0.34758567810058594, 625
0.3485829830169678, 624
0.3485829830169678, 623
0.41440701484680176, 622
0.41440701484680176, 621
0.41440701484680176, 620
0.41640138626098633, 619
0.41739797592163086, 618
0.41939330101013184, 617
0.41939330101013184, 616
0.43138790130615234, 615
0.4353792667388916, 614
0.43637537956237793, 613
0.43737244606018066, 612
0.4543328285217285, 611
0.45632362365722656, 610
0.4592866897583008, 609
0.4652690887451172, 608
0.4652690887451172, 607
0.4652690887451172, 606
0.7246110439300537, 605
0.8233120441436768, 604
0.8312904834747314, 603
0.8352797031402588, 602
0.8372745513916016, 601
0.8891377449035645, 600
0.9040956497192383, 599
0.9440240859985352, 598
0.9490087032318115, 597
1.0407655239105225, 596
1.4521429538726807, 595
1.514436960220337, 594
