0.02507495880126953, 815
0.03504753112792969, 814
0.03604483604431152, 813
0.03604483604431152, 812
0.03604483604431152, 811
0.03604483604431152, 810
0.03704261779785156, 809
0.04302692413330078, 808
0.04302692413330078, 807
0.04402351379394531, 806
0.04402351379394531, 805
0.04402351379394531, 804
0.04502081871032715, 803
0.04502081871032715, 802
0.05399799346923828, 801
0.05399799346923828, 800
0.05399799346923828, 799
0.05698895454406738, 798
0.05698895454406738, 797
0.05698895454406738, 796
0.05698895454406738, 795
0.05798602104187012, 794
0.05798602104187012, 793
0.05798602104187012, 792
0.05798602104187012, 791
0.05898332595825195, 790
0.05898332595825195, 789
0.05898332595825195, 788
0.05998063087463379, 787
0.06696295738220215, 786
0.06795954704284668, 785
0.06895685195922852, 784
0.06895685195922852, 783
0.06995415687561035, 782
0.06995415687561035, 781
0.06995415687561035, 780
0.07095170021057129, 779
0.07095170021057129, 778
0.07194876670837402, 777
0.07194876670837402, 776
0.07194876670837402, 775
0.07194876670837402, 774
0.07294607162475586, 773
0.07294607162475586, 772
0.07294607162475586, 771
0.07294607162475586, 770
0.07294607162475586, 769
0.07294607162475586, 768
0.07294607162475586, 767
0.07294607162475586, 766
0.0739431381225586, 765
0.0739431381225586, 764
0.07494091987609863, 763
0.07494091987609863, 762
0.07494091987609863, 761
0.07494091987609863, 760
0.07494091987609863, 759
0.07593894004821777, 758
0.07693624496459961, 757
0.07693624496459961, 756
0.07693624496459961, 755
0.07693624496459961, 754
0.07793283462524414, 753
0.07793283462524414, 752
0.07793283462524414, 751
0.07793283462524414, 750
0.07793283462524414, 749
0.07793283462524414, 748
0.07793283462524414, 747
0.07793283462524414, 746
0.07793283462524414, 745
0.07893013954162598, 744
0.07893013954162598, 743
0.07893013954162598, 742
0.07893013954162598, 741
0.07893013954162598, 740
0.07893013954162598, 739
0.07893013954162598, 738
0.07893013954162598, 737
0.07992935180664062, 736
0.07992935180664062, 735
0.08092546463012695, 734
0.08192276954650879, 733
0.08192276954650879, 732
0.08292031288146973, 731
0.08292031288146973, 730
0.08292031288146973, 729
0.08391666412353516, 728
0.08391666412353516, 727
0.08391666412353516, 726
0.08391666412353516, 725
0.08391666412353516, 724
0.08391666412353516, 723
0.0849149227142334, 722
0.08890342712402344, 721
0.08890342712402344, 720
0.08990073204040527, 719
0.08990073204040527, 718
0.08990073204040527, 717
0.08990073204040527, 716
0.08990073204040527, 715
0.08990073204040527, 714
0.08990073204040527, 713
0.09089803695678711, 712
0.09189605712890625, 711
0.09189605712890625, 710
0.09189605712890625, 709
0.09189605712890625, 708
0.09189605712890625, 707
0.09189605712890625, 706
0.0928952693939209, 705
0.0928952693939209, 704
0.0928952693939209, 703
0.09389066696166992, 702
0.09389066696166992, 701
0.09488797187805176, 700
0.09588479995727539, 699
0.09688448905944824, 698
0.09688448905944824, 697
0.09688448905944824, 696
0.09688448905944824, 695
0.09688448905944824, 694
0.09788298606872559, 693
0.09788298606872559, 692
0.09788298606872559, 691
0.09887814521789551, 690
0.09887814521789551, 689
0.10087132453918457, 688
0.10087132453918457, 687
0.10087132453918457, 686
0.10186982154846191, 685
0.10437369346618652, 684
0.10836386680603027, 683
0.10836386680603027, 682
0.11534500122070312, 681
0.11833596229553223, 680
0.11833596229553223, 679
0.12232542037963867, 678
0.12232542037963867, 677
0.12631440162658691, 676
0.12631440162658691, 675
0.1314072608947754, 674
0.134293794631958, 673
0.13628792762756348, 672
0.13628792762756348, 671
0.13628792762756348, 670
0.13628792762756348, 669
0.13628792762756348, 668
0.1372849941253662, 667
0.1372849941253662, 666
0.14027690887451172, 665
0.14027690887451172, 664
0.14027690887451172, 663
0.14027690887451172, 662
0.14326906204223633, 661
0.14326906204223633, 660
0.1452639102935791, 659
0.1452639102935791, 658
0.1452639102935791, 657
0.14626598358154297, 656
0.15424036979675293, 655
0.15523934364318848, 654
0.1562349796295166, 653
0.15723180770874023, 652
0.1592264175415039, 651
0.1592264175415039, 650
0.16022396087646484, 649
0.16221952438354492, 648
0.16221952438354492, 647
0.16221952438354492, 646
0.16321587562561035, 645
0.16321587562561035, 644
0.16620898246765137, 643
0.18515872955322266, 642
0.18814921379089355, 641
0.18814921379089355, 640
0.1891489028930664, 639
0.1891489028930664, 638
0.19114303588867188, 637
0.19114303588867188, 636
0.19114303588867188, 635
0.19513225555419922, 634
0.20111536979675293, 633
0.20111536979675293, 632
0.255969762802124, 631
0.255969762802124, 630
0.2609548568725586, 629
0.271925687789917, 628
0.271925687789917, 627
0.27392053604125977, 626
0.27392053604125977, 625
0.2749178409576416, 624
0.28489136695861816, 623
0.2888805866241455, 622
0.3058359622955322, 621
0.3058359622955322, 620
0.3058359622955322, 619
0.30982518196105957, 618
0.32079434394836426, 617
0.32378649711608887, 616
0.36467838287353516, 615
0.3656766414642334, 614
0.3686685562133789, 613
0.3826301097869873, 612
0.3965938091278076, 611
0.40357494354248047, 610
0.41255688667297363, 609
0.41953086853027344, 608
0.6539056301116943, 607
0.6658732891082764, 606
0.6768441200256348, 605
0.6778402328491211, 604
0.7326943874359131, 603
0.7666037082672119, 602
0.7765762805938721, 601
0.8324291706085205, 600
0.8483850955963135, 599
0.8503782749176025, 598
0.8503782749176025, 597
0.9062297344207764, 596
1.0069594383239746, 595
1.8209218978881836, 594
