0.015957355499267578, 815
0.020944595336914062, 814
0.021941184997558594, 813
0.021941184997558594, 812
0.021941184997558594, 811
0.02293872833251953, 810
0.02293872833251953, 809
0.0299530029296875, 808
0.0299530029296875, 807
0.0299530029296875, 806
0.030949115753173828, 805
0.030949115753173828, 804
0.030949115753173828, 803
0.030949115753173828, 802
0.036934852600097656, 801
0.03790116310119629, 800
0.03790116310119629, 799
0.038897037506103516, 798
0.038897037506103516, 797
0.03989410400390625, 796
0.03989410400390625, 795
0.04092288017272949, 794
0.04092288017272949, 793
0.04188799858093262, 792
0.04188799858093262, 791
0.042885541915893555, 790
0.042885541915893555, 789
0.042885541915893555, 788
0.042885541915893555, 787
0.04691004753112793, 786
0.04787278175354004, 785
0.04787278175354004, 784
0.04787278175354004, 783
0.04890155792236328, 782
0.04890155792236328, 781
0.04890155792236328, 780
0.04989814758300781, 779
0.04989814758300781, 778
0.05089426040649414, 777
0.05089426040649414, 776
0.05089426040649414, 775
0.05089426040649414, 774
0.05089426040649414, 773
0.05089426040649414, 772
0.05089426040649414, 771
0.05089426040649414, 770
0.05089426040649414, 769
0.05089426040649414, 768
0.05186104774475098, 767
0.05186104774475098, 766
0.05388951301574707, 765
0.05388951301574707, 764
0.05388951301574707, 763
0.05388951301574707, 762
0.05388951301574707, 761
0.05485367774963379, 760
0.05485367774963379, 759
0.05588531494140625, 758
0.05588531494140625, 757
0.05588531494140625, 756
0.05588531494140625, 755
0.05588531494140625, 754
0.05688071250915527, 753
0.05688071250915527, 752
0.05688071250915527, 751
0.05688071250915527, 750
0.05688071250915527, 749
0.05688071250915527, 748
0.05688071250915527, 747
0.05688071250915527, 746
0.0578460693359375, 745
0.0578460693359375, 744
0.05887794494628906, 743
0.05887794494628906, 742
0.05887794494628906, 741
0.05887794494628906, 740
0.05887794494628906, 739
0.05887794494628906, 738
0.05887794494628906, 737
0.05887794494628906, 736
0.05987238883972168, 735
0.05987238883972168, 734
0.05987238883972168, 733
0.05987238883972168, 732
0.06086921691894531, 731
0.06086921691894531, 730
0.061867475509643555, 729
0.061867475509643555, 728
0.061867475509643555, 727
0.061867475509643555, 726
0.061867475509643555, 725
0.061867475509643555, 724
0.061867475509643555, 723
0.06286358833312988, 722
0.06485915184020996, 721
0.06485915184020996, 720
0.06582427024841309, 719
0.06582427024841309, 718
0.06682205200195312, 717
0.06682205200195312, 716
0.06682205200195312, 715
0.06682205200195312, 714
0.06682205200195312, 713
0.06782007217407227, 712
0.0688474178314209, 711
0.0688474178314209, 710
0.0688474178314209, 709
0.0688474178314209, 708
0.0688474178314209, 707
0.0688474178314209, 706
0.0688474178314209, 705
0.0688474178314209, 704
0.0688474178314209, 703
0.06981348991394043, 702
0.06981348991394043, 701
0.06981348991394043, 700
0.07084393501281738, 699
0.07084393501281738, 698
0.07084393501281738, 697
0.07084393501281738, 696
0.07084393501281738, 695
0.07084393501281738, 694
0.07184028625488281, 693
0.07184028625488281, 692
0.07184028625488281, 691
0.07184028625488281, 690
0.07280588150024414, 689
0.07383441925048828, 688
0.07383441925048828, 687
0.07383441925048828, 686
0.07480168342590332, 685
0.07679414749145508, 684
0.07779121398925781, 683
0.07878899574279785, 682
0.0827784538269043, 681
0.08377552032470703, 680
0.08377552032470703, 679
0.09175539016723633, 678
0.09175539016723633, 677
0.09574413299560547, 676
0.09574413299560547, 675
0.09774327278137207, 674
0.09873533248901367, 673
0.10172796249389648, 672
0.10272598266601562, 671
0.10272598266601562, 670
0.10272598266601562, 669
0.10272598266601562, 668
0.10272598266601562, 667
0.10272598266601562, 666
0.10671496391296387, 665
0.10671496391296387, 664
0.10671496391296387, 663
0.10671496391296387, 662
0.11370038986206055, 661
0.11469411849975586, 660
0.1156930923461914, 659
0.11668920516967773, 658
0.11768579483032227, 657
0.11768579483032227, 656
0.11967968940734863, 655
0.11967968940734863, 654
0.12067651748657227, 653
0.1216738224029541, 652
0.12867236137390137, 651
0.12867236137390137, 650
0.13065528869628906, 649
0.13364315032958984, 648
0.13364315032958984, 647
0.13364315032958984, 646
0.13464021682739258, 645
0.13464021682739258, 644
0.13866448402404785, 643
0.17253804206848145, 642
0.1825120449066162, 641
0.1825120449066162, 640
0.18450927734375, 639
0.18550443649291992, 638
0.18849611282348633, 637
0.18949317932128906, 636
0.18949317932128906, 635
0.1954805850982666, 634
0.21442770957946777, 633
0.21442770957946777, 632
0.3317856788635254, 631
0.3317856788635254, 630
0.34475111961364746, 629
0.3627028465270996, 628
0.3627028465270996, 627
0.36669230461120605, 626
0.36669230461120605, 625
0.3706808090209961, 624
0.3876361846923828, 623
0.391629695892334, 622
0.41257286071777344, 621
0.41257286071777344, 620
0.41257286071777344, 619
0.41655778884887695, 618
0.4310743808746338, 617
0.43406057357788086, 616
0.470961332321167, 615
0.47195887565612793, 614
0.47495222091674805, 613
0.487917423248291, 612
0.5018789768218994, 611
0.5088760852813721, 610
0.5188333988189697, 609
0.5303826332092285, 608
0.8699884414672852, 607
0.8869450092315674, 606
0.8989119529724121, 605
0.8999104499816895, 604
0.9497740268707275, 603
0.9896681308746338, 602
1.0165963172912598, 601
1.0694541931152344, 600
1.0903980731964111, 599
1.0983772277832031, 598
1.0983772277832031, 597
1.1482441425323486, 596
1.2280583381652832, 595
2.0207319259643555, 594
