0.03989362716674805, 815
0.09275341033935547, 814
0.09275341033935547, 813
0.09275341033935547, 812
0.09275341033935547, 811
0.09275341033935547, 810
0.0937497615814209, 809
0.09474754333496094, 808
0.10073113441467285, 807
0.1017296314239502, 806
0.10272598266601562, 805
0.10571837425231934, 804
0.12267160415649414, 803
0.12366867065429688, 802
0.12366867065429688, 801
0.12366867065429688, 800
0.12366867065429688, 799
0.12366867065429688, 798
0.12466597557067871, 797
0.13164901733398438, 796
0.13164901733398438, 795
0.1326448917388916, 794
0.1326448917388916, 793
0.1326448917388916, 792
0.13364219665527344, 791
0.13364219665527344, 790
0.13563776016235352, 789
0.13663554191589355, 788
0.13862991333007812, 787
0.13962674140930176, 786
0.1406242847442627, 785
0.1406242847442627, 784
0.1406242847442627, 783
0.14162206649780273, 782
0.1466081142425537, 781
0.1466081142425537, 780
0.14760494232177734, 779
0.14760494232177734, 778
0.15059709548950195, 777
0.15059709548950195, 776
0.1515941619873047, 775
0.15358877182006836, 774
0.15658164024353027, 773
0.1575779914855957, 772
0.16156864166259766, 771
0.1625678539276123, 770
0.1625678539276123, 769
0.16356253623962402, 768
0.16356253623962402, 767
0.16356253623962402, 766
0.16356253623962402, 765
0.16356253623962402, 764
0.16356253623962402, 763
0.16455984115600586, 762
0.16455984115600586, 761
0.16455984115600586, 760
0.16455984115600586, 759
0.1655588150024414, 758
0.1655588150024414, 757
0.16655492782592773, 756
0.16655492782592773, 755
0.16755199432373047, 754
0.1685490608215332, 753
0.1685490608215332, 752
0.17054390907287598, 751
0.1715412139892578, 750
0.1715412139892578, 749
0.17253875732421875, 748
0.17253875732421875, 747
0.17353606224060059, 746
0.17453289031982422, 745
0.17453289031982422, 744
0.17553091049194336, 743
0.17852258682250977, 742
0.17852258682250977, 741
0.17852258682250977, 740
0.18051743507385254, 739
0.18051743507385254, 738
0.18051743507385254, 737
0.18051743507385254, 736
0.18051743507385254, 735
0.18151450157165527, 734
0.18151450157165527, 733
0.1825118064880371, 732
0.18849611282348633, 731
0.18849611282348633, 730
0.18849611282348633, 729
0.18849611282348633, 728
0.18849611282348633, 727
0.18849611282348633, 726
0.19049072265625, 725
0.19148778915405273, 724
0.19248509407043457, 723
0.19248509407043457, 722
0.19248509407043457, 721
0.1934826374053955, 720
0.19547700881958008, 719
0.19647693634033203, 718
0.19747257232666016, 717
0.19747257232666016, 716
0.19747257232666016, 715
0.19747257232666016, 714
0.198469877243042, 713
0.20046496391296387, 712
0.2014617919921875, 711
0.20245981216430664, 710
0.20245981216430664, 709
0.20245981216430664, 708
0.20545101165771484, 707
0.20545101165771484, 706
0.20844292640686035, 705
0.20844292640686035, 704
0.2124321460723877, 703
0.21642088890075684, 702
0.21642088890075684, 701
0.2184159755706787, 700
0.21941304206848145, 699
0.22240495681762695, 698
0.2343733310699463, 697
0.23537039756774902, 696
0.23537039756774902, 695
0.2373650074005127, 694
0.23836231231689453, 693
0.24135494232177734, 692
0.24135494232177734, 691
0.2433488368988037, 690
0.2433488368988037, 689
0.24634170532226562, 688
0.2483360767364502, 687
0.2483360767364502, 686
0.25831055641174316, 685
0.25831055641174316, 684
0.25831055641174316, 683
0.26130199432373047, 682
0.2712745666503906, 681
0.27526378631591797, 680
0.281247615814209, 679
0.28523683547973633, 678
0.28623437881469727, 677
0.28822970390319824, 676
0.2892286777496338, 675
0.2892286777496338, 674
0.2902238368988037, 673
0.2902238368988037, 672
0.29920053482055664, 671
0.3091747760772705, 670
0.3091747760772705, 669
0.31017136573791504, 668
0.31017136573791504, 667
0.326127290725708, 666
0.326127290725708, 665
0.34906768798828125, 664
0.3540527820587158, 663
0.3590407371520996, 662
0.3590407371520996, 661
0.37898731231689453, 660
0.3829765319824219, 659
0.3889608383178711, 658
0.39095497131347656, 657
0.39095497131347656, 656
0.3919525146484375, 655
0.3919525146484375, 654
0.39294981956481934, 653
0.39893341064453125, 652
0.40192556381225586, 651
0.40192556381225586, 650
0.40491771697998047, 649
0.4089071750640869, 648
0.40990519523620605, 647
0.4118990898132324, 646
0.4118990898132324, 645
0.4258615970611572, 644
0.42686009407043457, 643
0.4328432083129883, 642
0.43483734130859375, 641
0.4368321895599365, 640
0.4388270378112793, 639
0.43982505798339844, 638
0.44880056381225586, 637
0.45478343963623047, 636
0.48969364166259766, 635
0.49567556381225586, 634
0.49567556381225586, 633
0.5495340824127197, 632
0.5545196533203125, 631
0.5585072040557861, 630
0.5984017848968506, 629
0.6043839454650879, 628
0.6043839454650879, 627
0.6073763370513916, 626
0.61934494972229, 625
0.61934494972229, 624
0.61934494972229, 623
0.7250614166259766, 622
0.7250614166259766, 621
0.7250614166259766, 620
0.7310469150543213, 619
0.7330410480499268, 618
0.7340381145477295, 617
0.7350349426269531, 616
0.7529869079589844, 615
0.7599692344665527, 614
0.7629609107971191, 613
0.7659523487091064, 612
0.7908861637115479, 611
0.7968723773956299, 610
0.8018569946289062, 609
0.8048481941223145, 608
0.8048481941223145, 607
0.8048481941223145, 606
1.0871267318725586, 605
1.1838350296020508, 604
1.1888208389282227, 603
1.1948068141937256, 602
1.1968367099761963, 601
1.2476651668548584, 600
1.2586371898651123, 599
1.3154821395874023, 598
1.3214693069458008, 597
1.4212005138397217, 596
1.894284725189209, 595
1.9641025066375732, 594
