0.0, 614
0.030917882919311523, 613
0.04687380790710449, 612
0.06283164024353027, 611
0.06881475448608398, 610
0.07032608985900879, 609
0.09126615524291992, 608
0.18053483963012695, 607
0.19649147987365723, 606
0.24436330795288086, 605
0.272796630859375, 604
0.34859371185302734, 603
0.3755228519439697, 602
0.40045619010925293, 601
0.4453699588775635, 600
0.4573025703430176, 599
0.4812912940979004, 598
0.6428084373474121, 597
0.7784726619720459, 596
1.0586965084075928, 595
1.9749126434326172, 594
