0.0, 614
0.013962984085083008, 613
0.02094292640686035, 612
0.043851613998413086, 611
0.05980801582336426, 610
0.07779216766357422, 609
0.0937504768371582, 608
0.10069775581359863, 607
0.10870862007141113, 606
0.16153764724731445, 605
0.18846368789672852, 604
0.35202956199645996, 603
0.5066134929656982, 602
0.5315475463867188, 601
0.9594032764434814, 600
1.5992016792297363, 599
2.3516504764556885, 598
2.727721929550171, 597
2.794058322906494, 596
3.636319398880005, 595
8.397688150405884, 594
