0.0, 614
0.016954898834228516, 613
0.09477949142456055, 612
0.10871124267578125, 611
0.12067961692810059, 610
0.1401352882385254, 609
0.14512252807617188, 608
0.17208147048950195, 607
0.19199442863464355, 606
0.21293973922729492, 605
0.31617307662963867, 604
0.3311314582824707, 603
0.4198951721191406, 602
0.4418354034423828, 601
0.4418354034423828, 600
0.5904381275177002, 599
0.6802582740783691, 598
0.8528144359588623, 597
0.9864578247070312, 596
1.1440684795379639, 595
4.290148973464966, 594
