0.0, 614
0.006999015808105469, 613
0.006999015808105469, 612
0.04465460777282715, 611
0.06058025360107422, 610
0.07757139205932617, 609
0.09249639511108398, 608
0.09947752952575684, 607
0.10801982879638672, 606
0.14991068840026855, 605
0.1708223819732666, 604
0.19379377365112305, 603
0.214705228805542, 602
0.22670459747314453, 601
0.340207576751709, 600
0.5058269500732422, 599
0.6363677978515625, 598
0.7191214561462402, 597
0.7470710277557373, 596
1.2772159576416016, 595
2.3819971084594727, 594
