0.013962984085083008, 815
0.02094411849975586, 814
0.02293848991394043, 813
0.026949167251586914, 812
0.026949167251586914, 811
0.02792954444885254, 810
0.02792954444885254, 809
0.02792954444885254, 808
0.02792954444885254, 807
0.02892327308654785, 806
0.034906625747680664, 805
0.034906625747680664, 804
0.034906625747680664, 803
0.0359039306640625, 802
0.0359039306640625, 801
0.036901235580444336, 800
0.04139256477355957, 799
0.041889190673828125, 798
0.041889190673828125, 797
0.041889190673828125, 796
0.041889190673828125, 795
0.043883323669433594, 794
0.043883323669433594, 793
0.043883323669433594, 792
0.04488062858581543, 791
0.045877933502197266, 790
0.045877933502197266, 789
0.0468752384185791, 788
0.047872304916381836, 787
0.047872304916381836, 786
0.04886960983276367, 785
0.04886960983276367, 784
0.049866437911987305, 783
0.049866437911987305, 782
0.049866437911987305, 781
0.049866437911987305, 780
0.05086398124694824, 779
0.05086398124694824, 778
0.05186128616333008, 777
0.05186128616333008, 776
0.05186128616333008, 775
0.05186128616333008, 774
0.05186128616333008, 773
0.05186128616333008, 772
0.05186128616333008, 771
0.052858591079711914, 770
0.05385589599609375, 769
0.05385589599609375, 768
0.05385589599609375, 767
0.05385589599609375, 766
0.05385589599609375, 765
0.05485343933105469, 764
0.05485343933105469, 763
0.05485343933105469, 762
0.05485343933105469, 761
0.05485343933105469, 760
0.05485343933105469, 759
0.05485343933105469, 758
0.05485343933105469, 757
0.05585074424743652, 756
0.05684804916381836, 755
0.05684804916381836, 754
0.05684804916381836, 753
0.05684804916381836, 752
0.05684804916381836, 751
0.05684804916381836, 750
0.05684804916381836, 749
0.057845115661621094, 748
0.057845115661621094, 747
0.057845115661621094, 746
0.057845115661621094, 745
0.057845115661621094, 744
0.057845115661621094, 743
0.057845115661621094, 742
0.057845115661621094, 741
0.057845115661621094, 740
0.057845115661621094, 739
0.057845115661621094, 738
0.057845115661621094, 737
0.05884265899658203, 736
0.05884265899658203, 735
0.05884265899658203, 734
0.06283211708068848, 733
0.06283211708068848, 732
0.06283211708068848, 731
0.06283211708068848, 730
0.06283211708068848, 729
0.06283211708068848, 728
0.06447458267211914, 727
0.06447458267211914, 726
0.06447458267211914, 725
0.06447458267211914, 724
0.06447458267211914, 723
0.06447458267211914, 722
0.06447458267211914, 721
0.06447458267211914, 720
0.06447458267211914, 719
0.06447458267211914, 718
0.06447458267211914, 717
0.06447458267211914, 716
0.06447458267211914, 715
0.06447458267211914, 714
0.06447458267211914, 713
0.06447458267211914, 712
0.06447458267211914, 711
0.06447458267211914, 710
0.06447458267211914, 709
0.06447458267211914, 708
0.06447458267211914, 707
0.06447458267211914, 706
0.06447458267211914, 705
0.06447458267211914, 704
0.06447458267211914, 703
0.06447458267211914, 702
0.06447458267211914, 701
0.06447458267211914, 700
0.0789799690246582, 699
0.0789799690246582, 698
0.0789799690246582, 697
0.0789799690246582, 696
0.0789799690246582, 695
0.0789799690246582, 694
0.08116936683654785, 693
0.08116936683654785, 692
0.08116936683654785, 691
0.08116936683654785, 690
0.08116936683654785, 689
0.08515787124633789, 688
0.08515787124633789, 687
0.08715224266052246, 686
0.08715224266052246, 685
0.08715224266052246, 684
0.0881497859954834, 683
0.0881497859954834, 682
0.0881497859954834, 681
0.08914709091186523, 680
0.08914709091186523, 679
0.09313631057739258, 678
0.09812402725219727, 677
0.10809636116027832, 676
0.10809636116027832, 675
0.11010551452636719, 674
0.11010551452636719, 673
0.11109042167663574, 672
0.12006449699401855, 671
0.12205886840820312, 670
0.12305641174316406, 669
0.12305641174316406, 668
0.1240537166595459, 667
0.12604856491088867, 666
0.12604856491088867, 665
0.12604856491088867, 664
0.12804365158081055, 663
0.1320340633392334, 662
0.1320340633392334, 661
0.13602161407470703, 660
0.13602161407470703, 659
0.1380164623260498, 658
0.13901352882385254, 657
0.14300298690795898, 656
0.14499783515930176, 655
0.14499783515930176, 654
0.1459949016571045, 653
0.14699244499206543, 652
0.14699244499206543, 651
0.15098237991333008, 650
0.15796375274658203, 649
0.15796375274658203, 648
0.15896081924438477, 647
0.16594243049621582, 646
0.16796422004699707, 645
0.1759471893310547, 644
0.18093323707580566, 643
0.18289899826049805, 642
0.18289899826049805, 641
0.18289899826049805, 640
0.18489456176757812, 639
0.20483851432800293, 638
0.20782971382141113, 637
0.21082162857055664, 636
0.21082162857055664, 635
0.21082162857055664, 634
0.21181893348693848, 633
0.21883416175842285, 632
0.21883416175842285, 631
0.21883416175842285, 630
0.21883416175842285, 629
0.21883416175842285, 628
0.2386949062347412, 627
0.25173377990722656, 626
0.25372838973999023, 625
0.25372838973999023, 624
0.25672125816345215, 623
0.25672125816345215, 622
0.26772212982177734, 621
0.2826533317565918, 620
0.28368043899536133, 619
0.3235740661621094, 618
0.3369266986846924, 617
0.33895134925842285, 616
0.33895134925842285, 615
0.34191107749938965, 614
0.36385226249694824, 613
0.36385226249694824, 612
0.40587520599365234, 611
0.4153633117675781, 610
0.4183521270751953, 609
0.4233384132385254, 608
0.4243357181549072, 607
0.42533373832702637, 606
0.4293227195739746, 605
0.5642764568328857, 604
0.5819809436798096, 603
0.589958667755127, 602
0.6049540042877197, 601
0.6089093685150146, 600
0.6368350982666016, 599
0.6926915645599365, 598
0.6946790218353271, 597
0.7176549434661865, 596
0.7308869361877441, 595
1.0024693012237549, 594
