0.06682229042053223, 815
0.09375691413879395, 814
0.09474635124206543, 813
0.09474635124206543, 812
0.09474635124206543, 811
0.09574580192565918, 810
0.09873676300048828, 809
0.09973526000976562, 808
0.09973526000976562, 807
0.10870909690856934, 806
0.10970807075500488, 805
0.11768484115600586, 804
0.12067818641662598, 803
0.12167477607727051, 802
0.12167477607727051, 801
0.12765884399414062, 800
0.12865662574768066, 799
0.1296539306640625, 798
0.13065171241760254, 797
0.1341571807861328, 796
0.13614821434020996, 795
0.13714885711669922, 794
0.13814377784729004, 793
0.13914155960083008, 792
0.14113950729370117, 791
0.142134428024292, 790
0.15410566329956055, 789
0.1560955047607422, 788
0.15809106826782227, 787
0.15809106826782227, 786
0.15809106826782227, 785
0.15809106826782227, 784
0.1590867042541504, 783
0.1620800495147705, 782
0.16307687759399414, 781
0.16307687759399414, 780
0.16407370567321777, 779
0.1730501651763916, 778
0.17703771591186523, 777
0.17703771591186523, 776
0.17703771591186523, 775
0.17803478240966797, 774
0.1790323257446289, 773
0.18002963066101074, 772
0.18002963066101074, 771
0.18900656700134277, 770
0.18900656700134277, 769
0.18900656700134277, 768
0.1900036334991455, 767
0.1900036334991455, 766
0.1900036334991455, 765
0.1949915885925293, 764
0.19598793983459473, 763
0.19598793983459473, 762
0.19598793983459473, 761
0.19698834419250488, 760
0.19698834419250488, 759
0.19698834419250488, 758
0.1979825496673584, 757
0.19898009300231934, 756
0.19898009300231934, 755
0.20297002792358398, 754
0.20297002792358398, 753
0.20297002792358398, 752
0.20396685600280762, 751
0.20496702194213867, 750
0.20496702194213867, 749
0.20496702194213867, 748
0.20496702194213867, 747
0.2059612274169922, 746
0.20695829391479492, 745
0.20795583724975586, 744
0.2119450569152832, 743
0.2199244499206543, 742
0.2199244499206543, 741
0.22889995574951172, 740
0.22889995574951172, 739
0.22989940643310547, 738
0.2308948040008545, 737
0.23289132118225098, 736
0.23388671875, 735
0.23388671875, 734
0.23488378524780273, 733
0.2358858585357666, 732
0.2358858585357666, 731
0.2368791103363037, 730
0.2368791103363037, 729
0.23787641525268555, 728
0.23887300491333008, 727
0.23987126350402832, 726
0.241865873336792, 725
0.241865873336792, 724
0.24286580085754395, 723
0.24286580085754395, 722
0.24585485458374023, 721
0.24685359001159668, 720
0.24884653091430664, 719
0.24984478950500488, 718
0.24984478950500488, 717
0.25183916091918945, 716
0.25682497024536133, 715
0.25682497024536133, 714
0.25782322883605957, 713
0.2588198184967041, 712
0.2588198184967041, 711
0.2588198184967041, 710
0.2588198184967041, 709
0.2588198184967041, 708
0.25981760025024414, 707
0.2648048400878906, 706
0.2648048400878906, 705
0.2747766971588135, 704
0.27677202224731445, 703
0.27677202224731445, 702
0.27976369857788086, 701
0.27976369857788086, 700
0.27976369857788086, 699
0.28175902366638184, 698
0.2827572822570801, 697
0.2827572822570801, 696
0.2887413501739502, 695
0.28973841667175293, 694
0.2947261333465576, 693
0.2947261333465576, 692
0.29572248458862305, 691
0.3086864948272705, 690
0.3086864948272705, 689
0.30968356132507324, 688
0.30968356132507324, 687
0.3116776943206787, 686
0.3136725425720215, 685
0.3226494789123535, 684
0.3276350498199463, 683
0.3276350498199463, 682
0.3326294422149658, 681
0.33461833000183105, 680
0.3366117477416992, 679
0.34259629249572754, 678
0.3435969352722168, 677
0.344590425491333, 676
0.3465843200683594, 675
0.3495771884918213, 674
0.361544132232666, 673
0.361544132232666, 672
0.361544132232666, 671
0.37052178382873535, 670
0.3725156784057617, 669
0.3745102882385254, 668
0.37849903106689453, 667
0.37849903106689453, 666
0.38348817825317383, 665
0.38647890090942383, 664
0.38747477531433105, 663
0.38946962356567383, 662
0.3944566249847412, 661
0.39545345306396484, 660
0.39545345306396484, 659
0.39844560623168945, 658
0.40343451499938965, 657
0.4054269790649414, 656
0.4054269790649414, 655
0.4054269790649414, 654
0.40642404556274414, 653
0.407421350479126, 652
0.407421350479126, 651
0.41440439224243164, 650
0.41440439224243164, 649
0.41440439224243164, 648
0.42038774490356445, 647
0.42437744140625, 646
0.4253733158111572, 645
0.42637181282043457, 644
0.45629215240478516, 643
0.4602816104888916, 642
0.4602816104888916, 641
0.4772369861602783, 640
0.4911975860595703, 639
0.4911975860595703, 638
0.49219465255737305, 637
0.49718308448791504, 636
0.5051617622375488, 635
0.5081532001495361, 634
0.5091497898101807, 633
0.5101468563079834, 632
0.5131385326385498, 631
0.5131385326385498, 630
0.5151336193084717, 629
0.5151336193084717, 628
0.571880578994751, 627
0.5758697986602783, 626
0.5808548927307129, 625
0.5808548927307129, 624
0.5868391990661621, 623
0.5918264389038086, 622
0.5948178768157959, 621
0.6027970314025879, 620
0.6047914028167725, 619
0.6077828407287598, 618
0.6087801456451416, 617
0.6087801456451416, 616
0.6207489967346191, 615
0.6207489967346191, 614
0.6247379779815674, 613
0.6307222843170166, 612
0.6367068290710449, 611
0.6377029418945312, 610
0.6377029418945312, 609
0.6377029418945312, 608
0.6377029418945312, 607
0.6377029418945312, 606
0.7683570384979248, 605
0.7693521976470947, 604
0.8371703624725342, 603
0.8371703624725342, 602
0.8391640186309814, 601
0.966336727142334, 600
0.9703249931335449, 599
0.9743146896362305, 598
1.0521061420440674, 597
1.1328916549682617, 596
1.1677980422973633, 595
2.238046646118164, 594
