0.0, 614
0.027924776077270508, 613
0.09275221824645996, 612
0.10172700881958008, 611
0.11369514465332031, 610
0.15957212448120117, 609
0.1877601146697998, 608
0.28321170806884766, 607
0.3430051803588867, 606
0.3571319580078125, 605
0.40146708488464355, 604
0.5046281814575195, 603
0.90370774269104, 602
1.0034418106079102, 601
1.1680018901824951, 600
1.2019126415252686, 599
1.2258470058441162, 598
1.301642894744873, 597
1.8001539707183838, 596
2.238144874572754, 595
5.7008843421936035, 594
