0.0, 614
0.011968135833740234, 613
0.042885541915893555, 612
0.04784274101257324, 611
0.05286216735839844, 610
0.0667884349822998, 609
0.08075737953186035, 608
0.13361144065856934, 607
0.1605396270751953, 606
0.16453170776367188, 605
0.19444894790649414, 604
0.28620195388793945, 603
0.4547848701477051, 602
0.4930448532104492, 601
0.567352294921875, 600
0.5792858600616455, 599
0.5912537574768066, 598
0.6451497077941895, 597
0.9980306625366211, 596
1.289250135421753, 595
3.1879382133483887, 594
