0.09674334526062012, 5605
0.13065052032470703, 5604
0.1466081142425537, 5603
0.16456007957458496, 5602
0.16954660415649414, 5601
0.16954660415649414, 5600
0.16954660415649414, 5599
0.16954660415649414, 5598
0.2842397689819336, 5597
0.32413411140441895, 5596
0.3311147689819336, 5595
0.3570823669433594, 5594
0.3749997615814209, 5593
0.3779892921447754, 5592
0.3779892921447754, 5591
0.39594411849975586, 5590
0.3969402313232422, 5589
0.39893269538879395, 5588
0.39893269538879395, 5587
0.39893269538879395, 5586
0.3999323844909668, 5585
0.3999323844909668, 5584
0.40092945098876953, 5583
0.40192651748657227, 5582
0.4029242992401123, 5581
0.4089066982269287, 5580
0.5081546306610107, 5579
0.5091507434844971, 5578
0.5111541748046875, 5577
0.5121428966522217, 5576
0.5131404399871826, 5575
0.5310912132263184, 5574
0.5699882507324219, 5573
0.572012186050415, 5572
0.5760068893432617, 5571
0.5769691467285156, 5570
0.6697227954864502, 5569
0.6697227954864502, 5568
0.6727135181427002, 5567
0.6757049560546875, 5566
0.6776993274688721, 5565
0.6776993274688721, 5564
0.6776993274688721, 5563
0.6786956787109375, 5562
0.6806910037994385, 5561
0.6836838722229004, 5560
0.6856794357299805, 5559
0.6866753101348877, 5558
0.6946556568145752, 5557
1.080667495727539, 5556
1.1036040782928467, 5555
1.1285738945007324, 5554
1.1295688152313232, 5553
1.1315629482269287, 5552
1.176443099975586, 5551
1.1784336566925049, 5550
1.1784336566925049, 5549
1.1784336566925049, 5548
1.1973555088043213, 5547
1.2023413181304932, 5546
1.2053332328796387, 5545
1.2073616981506348, 5544
1.2083568572998047, 5543
1.2103211879730225, 5542
1.3030726909637451, 5541
1.305068016052246, 5540
1.3419678211212158, 5539
1.3439640998840332, 5538
1.3649077415466309, 5537
1.3659050464630127, 5536
1.3669018745422363, 5535
1.368896722793579, 5534
1.4177658557891846, 5533
1.4197609424591064, 5532
1.4207561016082764, 5531
1.4496791362762451, 5530
1.4526727199554443, 5529
1.4586546421051025, 5528
1.4636414051055908, 5527
1.4636414051055908, 5526
1.4646391868591309, 5525
1.4646391868591309, 5524
1.4646391868591309, 5523
1.4686279296875, 5522
1.4756100177764893, 5521
1.4766080379486084, 5520
1.4776041507720947, 5519
1.4795989990234375, 5518
1.4891133308410645, 5517
1.4901127815246582, 5516
1.49110746383667, 5515
1.49110746383667, 5514
1.4950671195983887, 5513
1.5010488033294678, 5512
1.5020489692687988, 5511
1.5199975967407227, 5510
1.5219933986663818, 5509
1.5269813537597656, 5508
1.5269813537597656, 5507
1.528975248336792, 5506
1.5299725532531738, 5505
1.5329639911651611, 5504
1.5429372787475586, 5503
1.5429372787475586, 5502
1.5459635257720947, 5501
1.5469582080841064, 5500
1.5758543014526367, 5499
1.5768787860870361, 5498
1.5978295803070068, 5497
1.59885835647583, 5496
1.59885835647583, 5495
1.5998620986938477, 5494
1.605839490890503, 5493
1.614816665649414, 5492
1.6267848014831543, 5491
1.6267848014831543, 5490
1.6267848014831543, 5489
1.628746747970581, 5488
1.6297430992126465, 5487
1.6307401657104492, 5486
1.631737470626831, 5485
1.632735013961792, 5484
1.6357300281524658, 5483
1.6427087783813477, 5482
1.645702838897705, 5481
1.6706340312957764, 5480
1.6875910758972168, 5479
1.6885874271392822, 5478
1.6885874271392822, 5477
1.6885874271392822, 5476
1.6896162033081055, 5475
1.691577672958374, 5474
1.7105300426483154, 5473
1.7105300426483154, 5472
1.7115342617034912, 5471
1.7115342617034912, 5470
1.717510461807251, 5469
1.717510461807251, 5468
1.7185380458831787, 5467
1.722496747970581, 5466
1.722496747970581, 5465
1.7235252857208252, 5464
1.7235252857208252, 5463
1.7254881858825684, 5462
1.7254881858825684, 5461
1.7305078506469727, 5460
1.73649001121521, 5459
1.73649001121521, 5458
1.743438720703125, 5457
1.745434284210205, 5456
1.7494227886199951, 5455
1.75441312789917, 5454
1.7584316730499268, 5453
1.759430170059204, 5452
1.7624216079711914, 5451
1.7624216079711914, 5450
1.7634193897247314, 5449
1.7654128074645996, 5448
1.772364854812622, 5447
1.7773818969726562, 5446
1.7783801555633545, 5445
1.7783801555633545, 5444
1.7793750762939453, 5443
1.7803754806518555, 5442
1.7853302955627441, 5441
1.7903151512145996, 5440
1.7913126945495605, 5439
1.8382198810577393, 5438
1.839216947555542, 5437
1.8601288795471191, 5436
1.8611266613006592, 5435
1.8631210327148438, 5434
1.8671412467956543, 5433
1.868107795715332, 5432
1.8691046237945557, 5431
1.8701035976409912, 5430
1.8701035976409912, 5429
1.871098279953003, 5428
1.871098279953003, 5427
1.871098279953003, 5426
1.8820703029632568, 5425
1.8865382671356201, 5424
1.8905584812164307, 5423
1.8925220966339111, 5422
1.8935191631317139, 5421
1.8955142498016357, 5420
1.90053391456604, 5419
1.9095067977905273, 5418
1.9124691486358643, 5417
1.9134678840637207, 5416
1.9134678840637207, 5415
1.9134678840637207, 5414
1.9224417209625244, 5413
1.924436092376709, 5412
1.92643141746521, 5411
1.9284260272979736, 5410
1.9364349842071533, 5409
1.937401294708252, 5408
1.9414219856262207, 5407
1.94242525100708, 5406
1.9484057426452637, 5405
1.9484057426452637, 5404
1.9513955116271973, 5403
1.9513955116271973, 5402
1.959341287612915, 5401
1.959341287612915, 5400
1.959341287612915, 5399
1.9603385925292969, 5398
1.9603385925292969, 5397
1.9613361358642578, 5396
1.9633307456970215, 5395
1.9643290042877197, 5394
1.9693145751953125, 5393
1.9713099002838135, 5392
1.9713099002838135, 5391
1.9723069667816162, 5390
1.9723069667816162, 5389
1.9733054637908936, 5388
1.9762959480285645, 5387
1.9772932529449463, 5386
1.980285406112671, 5385
1.9812824726104736, 5384
1.9842774868011475, 5383
1.991257905960083, 5382
1.9982373714447021, 5381
1.9992344379425049, 5380
2.0012292861938477, 5379
2.013200521469116, 5378
2.0151944160461426, 5377
2.0161919593811035, 5376
2.018186092376709, 5375
2.021178960800171, 5374
2.0251662731170654, 5373
2.0381667613983154, 5372
2.040126085281372, 5371
2.067054271697998, 5370
2.0690512657165527, 5369
2.0690512657165527, 5368
2.0690512657165527, 5367
2.093984365463257, 5366
2.093984365463257, 5365
2.0949816703796387, 5364
2.0959787368774414, 5363
2.0979723930358887, 5362
2.0999672412872314, 5361
2.101961612701416, 5360
2.1039576530456543, 5359
2.109940767288208, 5358
2.1109378337860107, 5357
2.1119349002838135, 5356
2.115924596786499, 5355
2.115924596786499, 5354
2.115924596786499, 5353
2.116921901702881, 5352
2.1189157962799072, 5351
2.1229054927825928, 5350
2.1229054927825928, 5349
2.1239023208618164, 5348
2.1239023208618164, 5347
2.1258978843688965, 5346
2.126894235610962, 5345
2.1288888454437256, 5344
2.1298859119415283, 5343
2.1298859119415283, 5342
2.1308836936950684, 5341
2.1308836936950684, 5340
2.13188099861145, 5339
2.1328794956207275, 5338
2.1368672847747803, 5337
2.1448471546173096, 5336
2.1458442211151123, 5335
2.1478383541107178, 5334
2.164794683456421, 5333
2.165792226791382, 5332
2.1777584552764893, 5331
2.1827454566955566, 5330
2.1857380867004395, 5329
2.1857380867004395, 5328
2.191720724105835, 5327
2.196707010269165, 5326
2.2156598567962646, 5325
2.2166550159454346, 5324
2.2385952472686768, 5323
2.241612434387207, 5322
2.2425854206085205, 5321
2.2465767860412598, 5320
2.2475736141204834, 5319
2.2495687007904053, 5318
2.2495687007904053, 5317
2.2555506229400635, 5316
2.2555506229400635, 5315
2.2575509548187256, 5314
2.271507978439331, 5313
2.272505044937134, 5312
2.272505044937134, 5311
2.282477378845215, 5310
2.2834746837615967, 5309
2.2884764671325684, 5308
2.2894599437713623, 5307
2.2964425086975098, 5306
2.2974398136138916, 5305
2.298436403274536, 5304
2.298436403274536, 5303
2.3004307746887207, 5302
2.3014285564422607, 5301
2.3014285564422607, 5300
2.3014285564422607, 5299
2.307410955429077, 5298
2.30840802192688, 5297
2.3113999366760254, 5296
2.31538987159729, 5295
2.31538987159729, 5294
2.3163866996765137, 5293
2.3183817863464355, 5292
2.324366331100464, 5291
2.324366331100464, 5290
2.325364112854004, 5289
2.325364112854004, 5288
2.325364112854004, 5287
2.326359987258911, 5286
2.326359987258911, 5285
2.326359987258911, 5284
2.327357769012451, 5283
2.327357769012451, 5282
2.327357769012451, 5281
2.3283560276031494, 5280
2.332345485687256, 5279
2.3363354206085205, 5278
2.3393287658691406, 5277
2.3403241634368896, 5276
2.3423190116882324, 5275
2.3493001461029053, 5274
2.3512942790985107, 5273
2.352292060852051, 5272
2.359272003173828, 5271
2.359272003173828, 5270
2.359272003173828, 5269
2.3602700233459473, 5268
2.3602700233459473, 5267
2.371242046356201, 5266
2.374234437942505, 5265
2.3762283325195312, 5264
2.3762283325195312, 5263
2.3772242069244385, 5262
2.3782215118408203, 5261
2.3792197704315186, 5260
2.380216121673584, 5259
2.389192819595337, 5258
2.390191078186035, 5257
2.401160717010498, 5256
2.403155565261841, 5255
2.4091384410858154, 5254
2.414128065109253, 5253
2.4151246547698975, 5252
2.416121244430542, 5251
2.416121244430542, 5250
2.4221057891845703, 5249
2.424098491668701, 5248
2.4250965118408203, 5247
2.4250965118408203, 5246
2.4250965118408203, 5245
2.4410533905029297, 5244
2.4420509338378906, 5243
2.4470374584198, 5242
2.451026439666748, 5241
2.45202374458313, 5240
2.4530222415924072, 5239
2.4540250301361084, 5238
2.4560136795043945, 5237
2.457010507583618, 5236
2.465986490249634, 5235
2.4679813385009766, 5234
2.4869320392608643, 5233
2.487928867340088, 5232
2.4889252185821533, 5231
2.490920066833496, 5230
2.4979021549224854, 5229
2.498898506164551, 5228
2.516850471496582, 5227
2.5387938022613525, 5226
2.5397911071777344, 5225
2.5397911071777344, 5224
2.540788173675537, 5223
2.5447778701782227, 5222
2.548766851425171, 5221
2.5627286434173584, 5220
2.5667171478271484, 5219
2.568711996078491, 5218
2.568711996078491, 5217
2.5707433223724365, 5216
2.5727014541625977, 5215
2.574730634689331, 5214
2.575723886489868, 5213
2.580681800842285, 5212
2.581679105758667, 5211
2.583676338195801, 5210
2.588660478591919, 5209
2.589657783508301, 5208
2.609605312347412, 5207
2.6106011867523193, 5206
2.6195757389068604, 5205
2.6225688457489014, 5204
2.6245641708374023, 5203
2.6255943775177, 5202
2.6265923976898193, 5201
2.6265923976898193, 5200
2.628587007522583, 5199
2.629582643508911, 5198
2.6305482387542725, 5197
2.6315739154815674, 5196
2.6315739154815674, 5195
2.6315739154815674, 5194
2.633540391921997, 5193
2.6385271549224854, 5192
2.641516923904419, 5191
2.641516923904419, 5190
2.64251446723938, 5189
2.6445090770721436, 5188
2.647501230239868, 5187
2.648498296737671, 5186
2.6504929065704346, 5185
2.6514904499053955, 5184
2.654484748840332, 5183
2.656477928161621, 5182
2.6574745178222656, 5181
2.660468101501465, 5180
2.6624622344970703, 5179
2.6644558906555176, 5178
2.6724367141723633, 5177
2.6754279136657715, 5176
2.6754279136657715, 5175
2.6764237880706787, 5174
2.6774210929870605, 5173
2.6774210929870605, 5172
2.687396764755249, 5171
2.694375991821289, 5170
2.705347776412964, 5169
2.7063472270965576, 5168
2.713327169418335, 5167
2.7153217792510986, 5166
2.7213056087493896, 5165
2.723299026489258, 5164
2.726290464401245, 5163
2.726290464401245, 5162
2.7272896766662598, 5161
2.7292823791503906, 5160
2.7352681159973145, 5159
2.7352681159973145, 5158
2.736264228820801, 5157
2.737265110015869, 5156
2.737265110015869, 5155
2.7382586002349854, 5154
2.7382586002349854, 5153
2.7382586002349854, 5152
2.739255666732788, 5151
2.740253210067749, 5150
2.741250514984131, 5149
2.7432491779327393, 5148
2.750227451324463, 5147
2.751225709915161, 5146
2.7522225379943848, 5145
2.7522225379943848, 5144
2.7532196044921875, 5143
2.754220485687256, 5142
2.756211757659912, 5141
2.768179178237915, 5140
2.768179178237915, 5139
2.7691762447357178, 5138
2.7731680870056152, 5137
2.7741646766662598, 5136
2.7741646766662598, 5135
2.7801480293273926, 5134
2.783139228820801, 5133
2.7871298789978027, 5132
2.7881269454956055, 5131
2.7881269454956055, 5130
2.7881269454956055, 5129
2.7891225814819336, 5128
2.7901196479797363, 5127
2.7911171913146973, 5126
2.793117046356201, 5125
2.7946248054504395, 5124
2.800607681274414, 5123
2.8085944652557373, 5122
2.809586763381958, 5121
2.809586763381958, 5120
2.809586763381958, 5119
2.810584306716919, 5118
2.814572334289551, 5117
2.8175649642944336, 5116
2.8205575942993164, 5115
2.8225514888763428, 5114
2.827535629272461, 5113
2.8285348415374756, 5112
2.8454880714416504, 5111
2.846485137939453, 5110
2.8474841117858887, 5109
2.8494770526885986, 5108
2.8504741191864014, 5107
2.857457399368286, 5106
2.8604483604431152, 5105
2.8644375801086426, 5104
2.875408411026001, 5103
2.8764071464538574, 5102
2.87740421295166, 5101
2.87740421295166, 5100
2.8784005641937256, 5099
2.8793976306915283, 5098
2.8793976306915283, 5097
2.880394697189331, 5096
2.89390230178833, 5095
2.8968706130981445, 5094
2.898865222930908, 5093
2.9048495292663574, 5092
2.9058468341827393, 5091
2.9068443775177, 5090
2.909836769104004, 5089
2.9158222675323486, 5088
2.9188151359558105, 5087
2.9198107719421387, 5086
2.924797296524048, 5085
2.925793409347534, 5084
2.925793409347534, 5083
2.925793409347534, 5082
2.926790714263916, 5081
2.9317786693573, 5080
2.9317786693573, 5079
2.933776617050171, 5078
2.935767412185669, 5077
2.94075345993042, 5076
2.9417507648468018, 5075
2.9437458515167236, 5074
2.9447436332702637, 5073
2.946737051010132, 5072
2.960700035095215, 5071
2.9666860103607178, 5070
2.9776546955108643, 5069
2.9776546955108643, 5068
2.9786534309387207, 5067
2.980646848678589, 5066
2.9856348037719727, 5065
2.9916179180145264, 5064
2.9916179180145264, 5063
2.9926211833953857, 5062
3.0006022453308105, 5061
3.0015995502471924, 5060
3.004592180252075, 5059
3.004592180252075, 5058
3.004592180252075, 5057
3.005589246749878, 5056
3.006584882736206, 5055
3.0105743408203125, 5054
3.0115740299224854, 5053
3.012571334838867, 5052
3.012571334838867, 5051
3.014565944671631, 5050
3.016559362411499, 5049
3.018554449081421, 5048
3.02852725982666, 5047
3.030522584915161, 5046
3.033513069152832, 5045
3.0345115661621094, 5044
3.0345115661621094, 5043
3.0394978523254395, 5042
3.0394978523254395, 5041
3.0404953956604004, 5040
3.0414929389953613, 5039
3.042489767074585, 5038
3.043489456176758, 5037
3.045482873916626, 5036
3.0474772453308105, 5035
3.0524635314941406, 5034
3.053461790084839, 5033
3.0554544925689697, 5032
3.056452512741089, 5031
3.056452512741089, 5030
3.064429759979248, 5029
3.0664243698120117, 5028
3.0674216747283936, 5027
3.0684187412261963, 5026
3.069415807723999, 5025
3.071411371231079, 5024
3.0734097957611084, 5023
3.0754005908966064, 5022
3.0823814868927, 5021
3.0833792686462402, 5020
3.0833792686462402, 5019
3.0833792686462402, 5018
3.084376335144043, 5017
3.0873711109161377, 5016
3.094350814819336, 5015
3.1013312339782715, 5014
3.1033270359039307, 5013
3.1033270359039307, 5012
3.1053249835968018, 5011
3.109311819076538, 5010
3.11030912399292, 5009
3.1123034954071045, 5008
3.113302230834961, 5007
3.1152939796447754, 5006
3.1232731342315674, 5005
3.1232731342315674, 5004
3.1242709159851074, 5003
3.1252667903900146, 5002
3.1262640953063965, 5001
3.1312508583068848, 5000
3.134244680404663, 4999
3.136237382888794, 4998
3.137237071990967, 4997
3.1412248611450195, 4996
3.1432204246520996, 4995
3.1472091674804688, 4994
3.1472091674804688, 4993
3.1482064723968506, 4992
3.1691505908966064, 4991
3.170149564743042, 4990
3.1711463928222656, 4989
3.1711463928222656, 4988
3.1721420288085938, 4987
3.1741385459899902, 4986
3.17815899848938, 4985
3.17815899848938, 4984
3.180152654647827, 4983
3.182115316390991, 4982
3.1881322860717773, 4981
3.1891286373138428, 4980
3.1901235580444336, 4979
3.191092014312744, 4978
3.1921210289001465, 4977
3.1950807571411133, 4976
3.1980724334716797, 4975
3.1980724334716797, 4974
3.199070453643799, 4973
3.2000670433044434, 4972
3.2070810794830322, 4971
3.2080795764923096, 4970
3.2100722789764404, 4969
3.2110722064971924, 4968
3.213033676147461, 4967
3.215027093887329, 4966
3.216057538986206, 4965
3.2170562744140625, 4964
3.223008394241333, 4963
3.2250025272369385, 4962
3.226996660232544, 4961
3.2289929389953613, 4960
3.237966537475586, 4959
3.240959644317627, 4958
3.2429873943328857, 4957
3.24597430229187, 4956
3.2489709854125977, 4955
3.250934600830078, 4954
3.252925395965576, 4953
3.2569165229797363, 4952
3.2629315853118896, 4951
3.2629315853118896, 4950
3.264896869659424, 4949
3.2768614292144775, 4948
3.2778584957122803, 4947
3.278855800628662, 4946
3.278855800628662, 4945
3.278855800628662, 4944
3.279853343963623, 4943
3.2838757038116455, 4942
3.285872459411621, 4941
3.2868361473083496, 4940
3.288865327835083, 4939
3.2898597717285156, 4938
3.2908594608306885, 4937
3.2948551177978516, 4936
3.2958476543426514, 4935
3.2958476543426514, 4934
3.2958476543426514, 4933
3.296844005584717, 4932
3.2988388538360596, 4931
3.2998361587524414, 4930
3.306818723678589, 4929
3.307816505432129, 4928
3.3098108768463135, 4927
3.3137998580932617, 4926
3.3137998580932617, 4925
3.3137998580932617, 4924
3.3147969245910645, 4923
3.3147969245910645, 4922
3.3147969245910645, 4921
3.3167905807495117, 4920
3.3227763175964355, 4919
3.3257689476013184, 4918
3.3267970085144043, 4917
3.334742784500122, 4916
3.3487067222595215, 4915
3.3507344722747803, 4914
3.3517303466796875, 4913
3.3546905517578125, 4912
3.3587124347686768, 4911
3.3597097396850586, 4910
3.3597097396850586, 4909
3.3597097396850586, 4908
3.360703468322754, 4907
3.361703634262085, 4906
3.3696823120117188, 4905
3.370647668838501, 4904
3.372643232345581, 4903
3.3766324520111084, 4902
3.3766324520111084, 4901
3.3776283264160156, 4900
3.3776283264160156, 4899
3.378631830215454, 4898
3.379624366760254, 4897
3.38564133644104, 4896
3.38564133644104, 4895
3.38863205909729, 4894
3.389633893966675, 4893
3.389633893966675, 4892
3.3905932903289795, 4891
3.39162278175354, 4890
3.394620656967163, 4889
3.398120403289795, 4888
3.399118661880493, 4887
3.4011449813842773, 4886
3.4041054248809814, 4885
3.4070982933044434, 4884
3.409095048904419, 4883
3.4100897312164307, 4882
3.4150757789611816, 4881
3.4190657138824463, 4880
3.4200618267059326, 4879
3.4210915565490723, 4878
3.4310336112976074, 4877
3.4320309162139893, 4876
3.4320309162139893, 4875
3.4320309162139893, 4874
3.4380245208740234, 4873
3.43904185295105, 4872
3.43904185295105, 4871
3.4400408267974854, 4870
3.4410383701324463, 4869
3.4440321922302246, 4868
3.4449946880340576, 4867
3.4460248947143555, 4866
3.447019577026367, 4865
3.447019577026367, 4864
3.447019577026367, 4863
3.4480199813842773, 4862
3.4480199813842773, 4861
3.4480199813842773, 4860
3.4500162601470947, 4859
3.454970359802246, 4858
3.455998420715332, 4857
3.457960367202759, 4856
3.4589571952819824, 4855
3.460984945297241, 4854
3.4639763832092285, 4853
3.46494197845459, 4852
3.4669363498687744, 4851
3.4679338932037354, 4850
3.4699292182922363, 4849
3.470956563949585, 4848
3.4729201793670654, 4847
3.4749176502227783, 4846
3.4759469032287598, 4845
3.4769415855407715, 4844
3.4789342880249023, 4843
3.496366262435913, 4842
3.496366262435913, 4841
3.4983901977539062, 4840
3.5003883838653564, 4839
3.5013866424560547, 4838
3.5033481121063232, 4837
3.506373882293701, 4836
3.5073702335357666, 4835
3.517310619354248, 4834
3.518307685852051, 4833
3.521300792694092, 4832
3.5222971439361572, 4831
3.524291515350342, 4830
3.525289297103882, 4829
3.542248487472534, 4828
3.5472302436828613, 4827
3.548227548599243, 4826
3.5492258071899414, 4825
3.5512547492980957, 4824
3.553215503692627, 4823
3.5552120208740234, 4822
3.5582022666931152, 4821
3.560199737548828, 4820
3.5671768188476562, 4819
3.568174362182617, 4818
3.5821385383605957, 4817
3.5831360816955566, 4816
3.5831360816955566, 4815
3.5841331481933594, 4814
3.585129499435425, 4813
3.585129499435425, 4812
3.585129499435425, 4811
3.587162494659424, 4810
3.588153839111328, 4809
3.5921106338500977, 4808
3.599093198776245, 4807
3.6030824184417725, 4806
3.604113817214966, 4805
3.604113817214966, 4804
3.6050779819488525, 4803
3.6100645065307617, 4802
3.6120569705963135, 4801
3.6130547523498535, 4800
3.6140520572662354, 4799
3.615049362182617, 4798
3.6180431842803955, 4797
3.6200363636016846, 4796
3.6210670471191406, 4795
3.623063087463379, 4794
3.624025344848633, 4793
3.6250226497650146, 4792
3.627017021179199, 4791
3.628014326095581, 4790
3.629011392593384, 4789
3.6300086975097656, 4788
3.6379880905151367, 4787
3.6389853954315186, 4786
3.640979766845703, 4785
3.641976833343506, 4784
3.6439714431762695, 4783
3.6449689865112305, 4782
3.6469969749450684, 4781
3.647993564605713, 4780
3.649989604949951, 4779
3.6509857177734375, 4778
3.6509857177734375, 4777
3.6509857177734375, 4776
3.6519832611083984, 4775
3.6519832611083984, 4774
3.6539461612701416, 4773
3.6689066886901855, 4772
3.6728954315185547, 4771
3.674891471862793, 4770
3.6759188175201416, 4769
3.676917314529419, 4768
3.677914619445801, 4767
3.6788787841796875, 4766
3.679875612258911, 4765
3.6828677654266357, 4764
3.6828677654266357, 4763
3.6828677654266357, 4762
3.6838653087615967, 4761
3.6838653087615967, 4760
3.6878867149353027, 4759
3.688856363296509, 4758
3.6908481121063232, 4757
3.69982647895813, 4756
3.69982647895813, 4755
3.7008216381073, 4754
3.7018187046051025, 4753
3.7018187046051025, 4752
3.7018187046051025, 4751
3.7028157711029053, 4750
3.703848361968994, 4749
3.703848361968994, 4748
3.704810380935669, 4747
3.704810380935669, 4746
3.7068042755126953, 4745
3.7137861251831055, 4744
3.715780258178711, 4743
3.7187721729278564, 4742
3.7227649688720703, 4741
3.7247564792633057, 4740
3.743705987930298, 4739
3.7447025775909424, 4738
3.745699882507324, 4737
3.746696949005127, 4736
3.747694492340088, 4735
3.7517166137695312, 4734
3.7517166137695312, 4733
3.7517166137695312, 4732
3.7547109127044678, 4731
3.7576701641082764, 4730
3.7586653232574463, 4729
3.7616586685180664, 4728
3.762655735015869, 4727
3.76465106010437, 4726
3.766646146774292, 4725
3.7676424980163574, 4724
3.7706360816955566, 4723
3.774623394012451, 4722
3.774623394012451, 4721
3.774623394012451, 4720
3.7756197452545166, 4719
3.7756197452545166, 4718
3.7756197452545166, 4717
3.777614116668701, 4716
3.7816038131713867, 4715
3.7816038131713867, 4714
3.7816038131713867, 4713
3.7816038131713867, 4712
3.7835981845855713, 4711
3.7845957279205322, 4710
3.7906155586242676, 4709
3.7915773391723633, 4708
3.7935726642608643, 4707
3.794569492340088, 4706
3.795567274093628, 4705
3.797560691833496, 4704
3.813519239425659, 4703
3.8145179748535156, 4702
3.8155150413513184, 4701
3.81754207611084, 4700
3.8205339908599854, 4699
3.8205339908599854, 4698
3.8215296268463135, 4697
3.823967695236206, 4696
3.824491262435913, 4695
3.825488328933716, 4694
3.825488328933716, 4693
3.825488328933716, 4692
3.826486349105835, 4691
3.8274827003479004, 4690
3.8274827003479004, 4689
3.8284800052642822, 4688
3.829477071762085, 4687
3.829477071762085, 4686
3.830474376678467, 4685
3.8314719200134277, 4684
3.8314719200134277, 4683
3.8324692249298096, 4682
3.8334667682647705, 4681
3.8334667682647705, 4680
3.8354618549346924, 4679
3.836458206176758, 4678
3.837456703186035, 4677
3.837456703186035, 4676
3.853414297103882, 4675
3.8873233795166016, 4674
3.8873233795166016, 4673
3.888319969177246, 4672
3.889317035675049, 4671
3.889317035675049, 4670
3.8903145790100098, 4669
3.8903145790100098, 4668
3.9002885818481445, 4667
3.903280019760132, 4666
3.90427565574646, 4665
3.917240858078003, 4664
3.9182381629943848, 4663
3.9212303161621094, 4662
3.929208755493164, 4661
3.9441685676574707, 4660
3.9481585025787354, 4659
3.9481585025787354, 4658
3.9541425704956055, 4657
3.955139636993408, 4656
3.955139636993408, 4655
3.962153434753418, 4654
3.963150978088379, 4653
3.963150978088379, 4652
3.986058473587036, 4651
3.9870545864105225, 4650
3.988051414489746, 4649
3.988051414489746, 4648
4.000019311904907, 4647
4.005006551742554, 4646
4.0060038566589355, 4645
4.02595067024231, 4644
4.028942108154297, 4643
4.029939413070679, 4642
4.046926259994507, 4641
4.295231342315674, 4640
4.297226428985596, 4639
4.338116407394409, 4638
4.342110633850098, 4637
4.363049268722534, 4636
4.3794755935668945, 4635
4.380472421646118, 4634
4.382467269897461, 4633
4.383464336395264, 4632
4.443305015563965, 4631
4.458266496658325, 4630
4.458266496658325, 4629
4.464249610900879, 4628
4.494678735733032, 4627
4.503653049468994, 4626
4.504651308059692, 4625
4.5475358963012695, 4624
4.5585057735443115, 4623
4.559502840042114, 4622
4.588425636291504, 4621
4.593414068222046, 4620
4.596415758132935, 4619
4.5974273681640625, 4618
4.617347717285156, 4617
4.630312919616699, 4616
4.651256799697876, 4615
4.672201633453369, 4614
4.677188396453857, 4613
4.678185939788818, 4612
4.687166690826416, 4611
4.698136329650879, 4610
4.730050563812256, 4609
4.730050563812256, 4608
4.731083154678345, 4607
4.7450456619262695, 4606
4.757977724075317, 4605
4.7679502964019775, 4604
4.7719385623931885, 4603
4.791887044906616, 4602
4.798868179321289, 4601
4.807842493057251, 4600
4.823829889297485, 4599
4.839787244796753, 4598
4.840787410736084, 4597
4.844744682312012, 4596
4.844744682312012, 4595
4.844744682312012, 4594
4.8766937255859375, 4593
4.881677865982056, 4592
4.890660762786865, 4591
4.8966450691223145, 4590
4.8966450691223145, 4589
4.904623985290527, 4588
4.905621528625488, 4587
4.905621528625488, 4586
4.906619071960449, 4585
4.916591644287109, 4584
4.916591644287109, 4583
4.91758918762207, 4582
4.9265666007995605, 4581
4.946544170379639, 4580
4.947540760040283, 4579
4.9744367599487305, 4578
4.9744367599487305, 4577
4.975433588027954, 4576
4.995272874832153, 4575
5.003286838531494, 4574
5.004281282424927, 4573
5.005279541015625, 4572
5.008270263671875, 4571
5.014228582382202, 4570
5.014228582382202, 4569
5.019209861755371, 4568
5.028217315673828, 4567
5.029181957244873, 4566
5.031209468841553, 4565
5.034169673919678, 4564
5.037161350250244, 4563
5.051125526428223, 4562
5.0551135540008545, 4561
5.063091278076172, 4560
5.067083120346069, 4559
5.07505989074707, 4558
5.07505989074707, 4557
5.091524839401245, 4556
5.116458177566528, 4555
5.120481014251709, 4554
5.161370515823364, 4553
5.161370515823364, 4552
5.178293228149414, 4551
5.179290294647217, 4550
5.189802885055542, 4549
5.190802574157715, 4548
5.190802574157715, 4547
5.198747873306274, 4546
5.20576024055481, 4545
5.216730833053589, 4544
5.254597187042236, 4543
5.2675621509552, 4542
5.2675621509552, 4541
5.2675621509552, 4540
5.26855993270874, 4539
5.276538133621216, 4538
5.297992706298828, 4537
5.297992706298828, 4536
5.299987077713013, 4535
5.310959339141846, 4534
5.337886571884155, 4533
5.35185170173645, 4532
5.354843616485596, 4531
5.356869697570801, 4530
5.37379264831543, 4529
5.37379264831543, 4528
5.375784873962402, 4527
5.386755466461182, 4526
5.387753009796143, 4525
5.387753009796143, 4524
5.413684368133545, 4523
5.413684368133545, 4522
5.424654722213745, 4521
5.449586868286133, 4520
5.4556052684783936, 4519
5.479541301727295, 4518
5.4835288524627686, 4517
5.4835288524627686, 4516
5.484527587890625, 4515
5.509460210800171, 4514
5.510456800460815, 4513
5.535360813140869, 4512
5.542339563369751, 4511
5.542339563369751, 4510
5.548356771469116, 4509
5.559307336807251, 4508
5.573257923126221, 4507
5.573257923126221, 4506
5.57827615737915, 4505
5.579272985458374, 4504
5.596195220947266, 4503
5.597193002700806, 4502
5.598190069198608, 4501
5.614160776138306, 4500
5.6151463985443115, 4499
5.659059524536133, 4498
5.665011644363403, 4497
5.674020290374756, 4496
5.674020290374756, 4495
5.682996034622192, 4494
5.693936347961426, 4493
5.696927785873413, 4492
5.697924613952637, 4491
5.734858751296997, 4490
5.734858751296997, 4489
5.735822439193726, 4488
5.735822439193726, 4487
5.735822439193726, 4486
5.741805553436279, 4485
5.745795249938965, 4484
5.746792316436768, 4483
5.771733522415161, 4482
5.772724866867065, 4481
5.772724866867065, 4480
5.773721933364868, 4479
5.7757484912872314, 4478
5.776712656021118, 4477
5.819600820541382, 4476
5.820629835128784, 4475
5.820629835128784, 4474
5.820629835128784, 4473
5.862483263015747, 4472
5.884424686431885, 4471
5.88741660118103, 4470
5.900381565093994, 4469
5.913349390029907, 4468
5.913349390029907, 4467
5.919332265853882, 4466
5.919332265853882, 4465
5.930303335189819, 4464
5.931301593780518, 4463
5.936288595199585, 4462
5.941274404525757, 4461
5.941274404525757, 4460
5.942272663116455, 4459
5.958255767822266, 4458
5.960256814956665, 4457
5.960256814956665, 4456
5.970228433609009, 4455
5.970228433609009, 4454
5.976207256317139, 4453
5.996127367019653, 4452
5.996127367019653, 4451
5.997124910354614, 4450
6.0041375160217285, 4449
6.010120630264282, 4448
6.01610803604126, 4447
6.041009902954102, 4446
6.064974546432495, 4445
6.071923017501831, 4444
6.071923017501831, 4443
6.071923017501831, 4442
6.078904390335083, 4441
6.084890127182007, 4440
6.09489631652832, 4439
6.095896244049072, 4438
6.124781847000122, 4437
6.124781847000122, 4436
6.12877082824707, 4435
6.137779712677002, 4434
6.147721529006958, 4433
6.150712490081787, 4432
6.153704643249512, 4431
6.159688234329224, 4430
6.216054677963257, 4429
6.222037315368652, 4428
6.227024078369141, 4427
6.237996816635132, 4426
6.251956939697266, 4425
6.253957271575928, 4424
6.26093316078186, 4423
6.264923095703125, 4422
6.283905029296875, 4421
6.283905029296875, 4420
6.292850494384766, 4419
6.296842098236084, 4418
6.3118016719818115, 4417
6.332749605178833, 4416
6.337734699249268, 4415
6.344714164733887, 4414
6.361670017242432, 4413
6.502293109893799, 4412
6.503290176391602, 4411
6.5042877197265625, 4410
6.551161527633667, 4409
6.566121339797974, 4408
6.566121339797974, 4407
6.598499536514282, 4406
6.626424789428711, 4405
6.636399030685425, 4404
6.676292419433594, 4403
6.677288293838501, 4402
6.762573957443237, 4401
6.770553112030029, 4400
6.786511182785034, 4399
6.7885048389434814, 4398
6.78950309753418, 4397
6.86381721496582, 4396
6.8668107986450195, 4395
6.867806673049927, 4394
6.868804931640625, 4393
7.054308176040649, 4392
7.0553059577941895, 4391
7.065280437469482, 4390
7.06727409362793, 4389
7.069268703460693, 4388
7.080238342285156, 4387
7.0872204303741455, 4386
7.088217258453369, 4385
7.1051719188690186, 4384
7.14107608795166, 4383
7.181966304779053, 4382
7.1939356327056885, 4381
7.194932222366333, 4380
7.199918031692505, 4379
7.214879035949707, 4378
7.282697916030884, 4377
7.369466066360474, 4376
7.391406059265137, 4375
7.4003822803497314, 4374
7.4003822803497314, 4373
7.407364368438721, 4372
7.41534423828125, 4371
7.442270755767822, 4370
7.443267345428467, 4369
7.5908732414245605, 4368
7.6038384437561035, 4367
7.62378716468811, 4366
7.627774000167847, 4365
7.6337597370147705, 4364
7.6337597370147705, 4363
7.655700922012329, 4362
7.655700922012329, 4361
7.655700922012329, 4360
7.66567325592041, 4359
7.683624267578125, 4358
7.683624267578125, 4357
7.686615943908691, 4356
7.754435062408447, 4355
7.756429672241211, 4354
7.822769641876221, 4353
7.831744909286499, 4352
7.833740949630737, 4351
7.853687524795532, 4350
7.854683876037598, 4349
7.861665725708008, 4348
7.870642185211182, 4347
7.870642185211182, 4346
7.871638059616089, 4345
7.88360595703125, 4344
7.885602951049805, 4343
7.886599063873291, 4342
7.904550075531006, 4341
7.909536838531494, 4340
7.911534070968628, 4339
7.9230170249938965, 4338
7.927004814147949, 4337
7.93398642539978, 4336
7.943992853164673, 4335
7.957921981811523, 4334
7.960913896560669, 4333
7.986844539642334, 4332
7.998812675476074, 4331
8.006791353225708, 4330
8.056659460067749, 4329
8.058652400970459, 4328
8.058652400970459, 4327
8.064637899398804, 4326
8.065635204315186, 4325
8.071619272232056, 4324
8.083587884902954, 4323
8.104530572891235, 4322
8.104530572891235, 4321
8.114508867263794, 4320
8.164373397827148, 4319
8.171358108520508, 4318
8.190304517745972, 4317
8.290036916732788, 4316
8.347883224487305, 4315
8.347883224487305, 4314
8.357855796813965, 4313
8.357855796813965, 4312
8.373813390731812, 4311
8.413709878921509, 4310
8.415176630020142, 4309
8.418165445327759, 4308
8.431130409240723, 4307
8.439107894897461, 4306
8.441102266311646, 4305
8.446122169494629, 4304
8.451092720031738, 4303
8.61083722114563, 4302
8.611833333969116, 4301
8.613830089569092, 4300
8.613830089569092, 4299
8.627089738845825, 4298
8.808578968048096, 4297
8.844425678253174, 4296
8.8494131565094, 4295
8.864373683929443, 4294
8.865370750427246, 4293
8.903268814086914, 4292
8.940171718597412, 4291
8.947152853012085, 4290
8.948151111602783, 4289
9.036913871765137, 4288
9.040902376174927, 4287
9.057856321334839, 4286
9.060847997665405, 4285
9.07580852508545, 4284
9.083786725997925, 4283
9.123679637908936, 4282
9.207456827163696, 4281
9.216431617736816, 4280
9.221419334411621, 4279
9.249343633651733, 4278
9.250340223312378, 4277
9.299211263656616, 4276
9.34808087348938, 4275
9.378001689910889, 4274
9.537574291229248, 4273
9.659249305725098, 4272
9.661242485046387, 4271
9.693158864974976, 4270
9.710111379623413, 4269
9.718092203140259, 4268
9.72806453704834, 4267
9.74202561378479, 4266
9.775936365127563, 4265
9.776933193206787, 4264
9.788901329040527, 4263
9.798875570297241, 4262
9.839766025543213, 4261
9.87168002128601, 4260
9.872677326202393, 4259
9.888633728027344, 4258
9.899604082107544, 4257
9.910574913024902, 4256
9.910574913024902, 4255
9.915562629699707, 4254
9.918553829193115, 4253
10.210787296295166, 4252
10.325780630111694, 4251
10.331755638122559, 4250
10.382621049880981, 4249
10.422512531280518, 4248
10.589577674865723, 4247
10.776078224182129, 4246
10.893766641616821, 4245
10.96856427192688, 4244
11.125144243240356, 4243
11.207953691482544, 4242
11.207953691482544, 4241
11.247817277908325, 4240
11.275743246078491, 4239
11.275743246078491, 4238
11.334117650985718, 4237
11.335096597671509, 4236
11.377981662750244, 4235
11.377981662750244, 4234
11.378978252410889, 4233
11.385993003845215, 4232
11.385993003845215, 4231
11.388983964920044, 4230
11.388983964920044, 4229
11.389981746673584, 4228
11.397928953170776, 4227
11.405905961990356, 4226
11.417906284332275, 4225
11.427879571914673, 4224
11.451791763305664, 4223
11.451791763305664, 4222
11.452789545059204, 4221
11.487694025039673, 4220
11.493678569793701, 4219
11.501656770706177, 4218
11.513626337051392, 4217
11.545548677444458, 4216
11.563499450683594, 4215
11.564496517181396, 4214
11.564496517181396, 4213
11.576464891433716, 4212
11.5784592628479, 4211
11.588432788848877, 4210
11.60139799118042, 4209
11.67121148109436, 4208
11.73404598236084, 4207
11.735053300857544, 4206
11.753002405166626, 4205
11.784916162490845, 4204
11.788936138153076, 4203
11.788936138153076, 4202
11.805858612060547, 4201
11.809847831726074, 4200
11.809847831726074, 4199
11.810844898223877, 4198
11.847956895828247, 4197
11.856930494308472, 4196
11.890809297561646, 4195
11.890809297561646, 4194
11.929735898971558, 4193
11.949167251586914, 4192
11.964125394821167, 4191
11.988063335418701, 4190
11.99803614616394, 4189
11.99803614616394, 4188
11.99903392791748, 4187
12.010035276412964, 4186
12.011037111282349, 4185
12.03493618965149, 4184
12.074339628219604, 4183
12.074339628219604, 4182
12.075336456298828, 4181
12.149533033370972, 4180
12.156508922576904, 4179
12.15950083732605, 4178
12.15950083732605, 4177
12.15950083732605, 4176
12.169474363327026, 4175
12.175426483154297, 4174
12.180413484573364, 4173
12.190385580062866, 4172
12.208370447158813, 4171
12.223299026489258, 4170
12.278949737548828, 4169
12.279951095581055, 4168
12.283972024917603, 4167
12.289921998977661, 4166
12.310866117477417, 4165
12.39663577079773, 4164
12.43553352355957, 4163
12.443511486053467, 4162
12.451489925384521, 4161
12.509333610534668, 4160
12.510331153869629, 4159
12.510331153869629, 4158
12.510331153869629, 4157
12.510331153869629, 4156
12.51132845878601, 4155
12.51132845878601, 4154
12.582139015197754, 4153
12.593110084533691, 4152
12.624061822891235, 4151
12.624061822891235, 4150
12.630011081695557, 4149
12.639984369277954, 4148
12.651954889297485, 4147
12.704813957214355, 4146
12.768640518188477, 4145
12.778613805770874, 4144
12.787622451782227, 4143
12.79161524772644, 4142
12.83945107460022, 4141
12.89282512664795, 4140
12.89781141281128, 4139
12.89781141281128, 4138
12.91975450515747, 4137
13.086317777633667, 4136
13.086317777633667, 4135
13.112249374389648, 4134
13.122220993041992, 4133
13.123218536376953, 4132
13.385026454925537, 4131
13.393006086349487, 4130
13.393006086349487, 4129
13.394003629684448, 4128
13.458338737487793, 4127
13.51721453666687, 4126
13.52120327949524, 4125
13.528152704238892, 4124
13.534136772155762, 4123
13.534136772155762, 4122
13.534136772155762, 4121
13.546610832214355, 4120
13.60645079612732, 4119
13.60744833946228, 4118
13.645347595214844, 4117
13.664804935455322, 4116
13.664804935455322, 4115
13.980959415435791, 4114
13.989935636520386, 4113
13.99093222618103, 4112
13.991929769515991, 4111
14.010879278182983, 4110
14.032822608947754, 4109
14.032822608947754, 4108
14.038805961608887, 4107
14.05974817276001, 4106
14.133585453033447, 4105
14.405822992324829, 4104
14.449705839157104, 4103
14.663644075393677, 4102
14.679601669311523, 4101
14.681596040725708, 4100
14.703568696975708, 4099
14.70456600189209, 4098
14.725479364395142, 4097
14.725479364395142, 4096
14.726476192474365, 4095
14.732460021972656, 4094
14.745424032211304, 4093
14.755873203277588, 4092
14.75687026977539, 4091
14.803745031356812, 4090
14.803745031356812, 4089
14.819702863693237, 4088
14.841643571853638, 4087
14.851618528366089, 4086
14.851618528366089, 4085
15.260544538497925, 4084
15.261541604995728, 4083
15.26253890991211, 4082
15.266562700271606, 4081
15.305458068847656, 4080
15.337341070175171, 4079
15.556302309036255, 4078
15.580238342285156, 4077
15.648025274276733, 4076
15.841507911682129, 4075
15.877409934997559, 4074
15.893368244171143, 4073
15.893368244171143, 4072
15.934291362762451, 4071
15.982131242752075, 4070
15.994128942489624, 4069
16.022025108337402, 4068
16.273858785629272, 4067
16.316742181777954, 4066
16.328710079193115, 4065
16.330704927444458, 4064
16.474326133728027, 4063
16.517211437225342, 4062
18.015169382095337, 4061
18.02014660835266, 4060
18.09616494178772, 4059
18.241776704788208, 4058
18.287685871124268, 4057
18.301648139953613, 4056
18.34450101852417, 4055
18.345497846603394, 4054
18.35945987701416, 4053
18.549952507019043, 4052
18.613183736801147, 4051
18.9837327003479, 4050
18.98672389984131, 4049
19.430810689926147, 4048
19.491648197174072, 4047
19.8213107585907, 4046
19.946957111358643, 4045
19.98186445236206, 4044
20.009788036346436, 4043
20.164345502853394, 4042
20.28601837158203, 4041
20.327905654907227, 4040
20.34785485267639, 4039
20.687944889068604, 4038
20.709884643554688, 4037
20.716866970062256, 4036
20.831560611724854, 4035
20.856492042541504, 4034
20.871454000473022, 4033
20.877437829971313, 4032
20.891398668289185, 4031
20.89439105987549, 4030
20.945254802703857, 4029
20.948246717453003, 4028
20.96121382713318, 4027
20.966232299804688, 4026
20.966232299804688, 4025
21.00210452079773, 4024
21.354737997055054, 4023
21.410587072372437, 4022
21.42754077911377, 4021
21.449993133544922, 4020
21.46395516395569, 4019
21.48789119720459, 4018
21.48789119720459, 4017
21.52978014945984, 4016
21.56468653678894, 4015
21.674394607543945, 4014
21.836958408355713, 4013
22.217938899993896, 4012
22.572526454925537, 4011
22.572526454925537, 4010
22.76362419128418, 4009
22.86605453491211, 4008
23.00718879699707, 4007
23.139347791671753, 4006
23.242260694503784, 4005
24.050128698349, 4004
24.08403968811035, 4003
24.105979681015015, 4002
24.20671272277832, 4001
24.88679313659668, 4000
24.92768359184265, 3999
25.0364248752594, 3998
25.0384202003479, 3997
25.051384449005127, 3996
25.05936336517334, 3995
25.065346717834473, 3994
25.60542583465576, 3993
25.654295921325684, 3992
25.905654907226562, 3991
27.407281637191772, 3990
28.190415382385254, 3989
28.490052223205566, 3988
28.50501275062561, 3987
28.52196764945984, 3986
28.565853118896484, 3985
50.48740768432617, 3984
52.18201422691345, 3983
52.37848877906799, 3982
52.409374952316284, 3981
55.28400492668152, 3980
55.57964086532593, 3979
57.060057163238525, 3978
57.588788747787476, 3977
58.00268363952637, 3976
