0.06383180618286133, 5605
0.0827789306640625, 5604
0.08377957344055176, 5603
0.11868476867675781, 5602
0.11868476867675781, 5601
0.11968183517456055, 5600
0.12167763710021973, 5599
0.13862943649291992, 5598
0.201462984085083, 5597
0.20445561408996582, 5596
0.3702530860900879, 5595
0.3702530860900879, 5594
0.37125134468078613, 5593
0.37125134468078613, 5592
0.3732149600982666, 5591
0.3732149600982666, 5590
0.3951547145843506, 5589
0.5004146099090576, 5588
0.5013792514801025, 5587
0.5024106502532959, 5586
0.5073647499084473, 5585
0.5303046703338623, 5584
0.5323007106781006, 5583
0.536287784576416, 5582
0.5372848510742188, 5581
0.6564879417419434, 5580
1.0731418132781982, 5579
1.074138879776001, 5578
1.074138879776001, 5577
1.0751354694366455, 5576
1.0761322975158691, 5575
1.077131748199463, 5574
1.0811197757720947, 5573
1.0871026515960693, 5572
1.0920913219451904, 5571
1.093087911605835, 5570
1.093087911605835, 5569
1.094085931777954, 5568
1.109044075012207, 5567
1.1978065967559814, 5566
1.2047884464263916, 5565
1.2047884464263916, 5564
1.2057852745056152, 5563
1.2117693424224854, 5562
1.2257328033447266, 5561
1.2257328033447266, 5560
1.252662181854248, 5559
1.252662181854248, 5558
1.2536585330963135, 5557
1.2915570735931396, 5556
1.2935516834259033, 5555
1.3154921531677246, 5554
1.3224756717681885, 5553
1.3234708309173584, 5552
1.334441900253296, 5551
1.3374342918395996, 5550
1.3434174060821533, 5549
1.3434174060821533, 5548
1.3434174060821533, 5547
1.3444161415100098, 5546
1.3504319190979004, 5545
1.3604049682617188, 5544
1.361370325088501, 5543
1.3633718490600586, 5542
1.3653936386108398, 5541
1.3783245086669922, 5540
1.3783245086669922, 5539
1.3803184032440186, 5538
1.3803184032440186, 5537
1.384310245513916, 5536
1.387300729751587, 5535
1.3912889957427979, 5534
1.4242029190063477, 5533
1.4252004623413086, 5532
1.4271948337554932, 5531
1.4281914234161377, 5530
1.4341752529144287, 5529
1.4361705780029297, 5528
1.4361705780029297, 5527
1.4391629695892334, 5526
1.4441487789154053, 5525
1.4451465606689453, 5524
1.4451465606689453, 5523
1.447141408920288, 5522
1.4501328468322754, 5521
1.4501328468322754, 5520
1.4511291980743408, 5519
1.4521291255950928, 5518
1.497009515762329, 5517
1.5099742412567139, 5516
1.5119693279266357, 5515
1.512965440750122, 5514
1.5139620304107666, 5513
1.519946813583374, 5512
1.521942377090454, 5511
1.5269274711608887, 5510
1.5279252529144287, 5509
1.538895845413208, 5508
1.5398924350738525, 5507
1.5398924350738525, 5506
1.540889024734497, 5505
1.5418870449066162, 5504
1.542884111404419, 5503
1.5448791980743408, 5502
1.5498666763305664, 5501
1.552858829498291, 5500
1.5558509826660156, 5499
1.5578436851501465, 5498
1.5648272037506104, 5497
1.5698127746582031, 5496
1.5728087425231934, 5495
1.5738022327423096, 5494
1.5817818641662598, 5493
1.5837764739990234, 5492
1.5877645015716553, 5491
1.590756893157959, 5490
1.5917558670043945, 5489
1.5927534103393555, 5488
1.5947480201721191, 5487
1.59674072265625, 5486
1.6007301807403564, 5485
1.6017279624938965, 5484
1.6027252674102783, 5483
1.6236698627471924, 5482
1.6256651878356934, 5481
1.626661777496338, 5480
1.6286566257476807, 5479
1.6376307010650635, 5478
1.650599718093872, 5477
1.6515944004058838, 5476
1.654587984085083, 5475
1.6655583381652832, 5474
1.669546127319336, 5473
1.6855053901672363, 5472
1.7014610767364502, 5471
1.7044525146484375, 5470
1.7144286632537842, 5469
1.7144286632537842, 5468
1.7184169292449951, 5467
1.7194135189056396, 5466
1.7224054336547852, 5465
1.7253992557525635, 5464
1.7263953685760498, 5463
1.7343735694885254, 5462
1.7343735694885254, 5461
1.7383620738983154, 5460
1.7403578758239746, 5459
1.7423522472381592, 5458
1.7433488368988037, 5457
1.7533230781555176, 5456
1.7543199062347412, 5455
1.7553164958953857, 5454
1.7563135623931885, 5453
1.7612996101379395, 5452
1.7612996101379395, 5451
1.79622220993042, 5450
1.834120750427246, 5449
1.834120750427246, 5448
1.8859808444976807, 5447
1.8879756927490234, 5446
1.8889729976654053, 5445
1.8889729976654053, 5444
1.8899707794189453, 5443
1.890967607498169, 5442
1.890967607498169, 5441
1.890967607498169, 5440
1.903933048248291, 5439
1.9059274196624756, 5438
1.920886754989624, 5437
1.9228835105895996, 5436
1.9238791465759277, 5435
1.9268829822540283, 5434
1.9298646450042725, 5433
1.941831350326538, 5432
1.9428300857543945, 5431
1.9537994861602783, 5430
1.9537994861602783, 5429
1.9537994861602783, 5428
1.9547967910766602, 5427
1.9547967910766602, 5426
1.9547967910766602, 5425
1.9557936191558838, 5424
1.9607815742492676, 5423
1.962775707244873, 5422
1.9657680988311768, 5421
1.9677627086639404, 5420
1.968759536743164, 5419
2.009652853012085, 5418
2.016631841659546, 5417
2.0206212997436523, 5416
2.0206212997436523, 5415
2.0345842838287354, 5414
2.036578893661499, 5413
2.0435597896575928, 5412
2.0505428314208984, 5411
2.0585200786590576, 5410
2.0585200786590576, 5409
2.0585200786590576, 5408
2.059516191482544, 5407
2.059516191482544, 5406
2.060513496398926, 5405
2.0854506492614746, 5404
2.0884387493133545, 5403
2.099109649658203, 5402
2.101102352142334, 5401
2.1040947437286377, 5400
2.1050922870635986, 5399
2.1190550327301025, 5398
2.1190550327301025, 5397
2.162938356399536, 5396
2.1669270992279053, 5395
2.181886672973633, 5394
2.1828835010528564, 5393
2.183881998062134, 5392
2.183881998062134, 5391
2.183881998062134, 5390
2.1848785877227783, 5389
2.187873601913452, 5388
2.187873601913452, 5387
2.201348066329956, 5386
2.2023446559906006, 5385
2.2193005084991455, 5384
2.221294403076172, 5383
2.240243911743164, 5382
2.241241693496704, 5381
2.2442328929901123, 5380
2.2442328929901123, 5379
2.2442328929901123, 5378
2.277146100997925, 5377
2.293102264404297, 5376
2.2941009998321533, 5375
2.2941009998321533, 5374
2.2941009998321533, 5373
2.300083875656128, 5372
2.3010802268981934, 5371
2.3030757904052734, 5370
2.30906081199646, 5369
2.3100574016571045, 5368
2.3110549449920654, 5367
2.3190319538116455, 5366
2.3200294971466064, 5365
2.3200294971466064, 5364
2.333993434906006, 5363
2.3349907398223877, 5362
2.3369851112365723, 5361
2.337982177734375, 5360
2.3389811515808105, 5359
2.3409740924835205, 5358
2.3419718742370605, 5357
2.3429696559906006, 5356
2.3499526977539062, 5355
2.350947856903076, 5354
2.356931686401367, 5353
2.4067986011505127, 5352
2.427741527557373, 5351
2.429736852645874, 5350
2.440706729888916, 5349
2.441704750061035, 5348
2.448685646057129, 5347
2.4576621055603027, 5346
2.4576621055603027, 5345
2.4586589336395264, 5344
2.4616506099700928, 5343
2.4626505374908447, 5342
2.4706270694732666, 5341
2.472623109817505, 5340
2.4835922718048096, 5339
2.4835922718048096, 5338
2.4835922718048096, 5337
2.484590530395508, 5336
2.484590530395508, 5335
2.492570161819458, 5334
2.497558355331421, 5333
2.4995508193969727, 5332
2.515507459640503, 5331
2.515507459640503, 5330
2.5175020694732666, 5329
2.5184988975524902, 5328
2.519495964050293, 5327
2.519495964050293, 5326
2.519495964050293, 5325
2.522488594055176, 5324
2.5244839191436768, 5323
2.5254805088043213, 5322
2.5254805088043213, 5321
2.526477336883545, 5320
2.5274746417999268, 5319
2.535454750061035, 5318
2.5374481678009033, 5317
2.5374481678009033, 5316
2.538445234298706, 5315
2.5414373874664307, 5314
2.5434322357177734, 5313
2.546424150466919, 5312
2.54841947555542, 5311
2.54841947555542, 5310
2.5524144172668457, 5309
2.5534067153930664, 5308
2.55540132522583, 5307
2.5563979148864746, 5306
2.560387372970581, 5305
2.5773427486419678, 5304
2.5783395767211914, 5303
2.5793378353118896, 5302
2.5793378353118896, 5301
2.5793378353118896, 5300
2.580334186553955, 5299
2.580334186553955, 5298
2.581331491470337, 5297
2.582329034805298, 5296
2.582329034805298, 5295
2.5843241214752197, 5294
2.5853211879730225, 5293
2.586318016052246, 5292
2.5883126258850098, 5291
2.5893099308013916, 5290
2.6002821922302246, 5289
2.605268955230713, 5288
2.6072616577148438, 5287
2.609288454055786, 5286
2.6102871894836426, 5285
2.6262433528900146, 5284
2.6272380352020264, 5283
2.6272380352020264, 5282
2.6282384395599365, 5281
2.6302032470703125, 5280
2.6302032470703125, 5279
2.632195234298706, 5278
2.6391775608062744, 5277
2.64117169380188, 5276
2.6551673412323, 5275
2.6561660766601562, 5274
2.6631128787994385, 5273
2.681068181991577, 5272
2.6820616722106934, 5271
2.6820616722106934, 5270
2.688047170639038, 5269
2.68904447555542, 5268
2.712979793548584, 5267
2.7150046825408936, 5266
2.7170019149780273, 5265
2.721957206726074, 5264
2.728942394256592, 5263
2.728942394256592, 5262
2.7299344539642334, 5261
2.7309317588806152, 5260
2.7319319248199463, 5259
2.7329280376434326, 5258
2.736947774887085, 5257
2.7379446029663086, 5256
2.7379446029663086, 5255
2.7548680305480957, 5254
2.757859468460083, 5253
2.8027422428131104, 5252
2.806730270385742, 5251
2.8087291717529297, 5250
2.8177003860473633, 5249
2.8177003860473633, 5248
2.818696975708008, 5247
2.835651159286499, 5246
2.908457040786743, 5245
2.910452127456665, 5244
2.9114491939544678, 5243
2.914440631866455, 5242
2.915438175201416, 5241
2.918429136276245, 5240
2.93738055229187, 5239
2.9503448009490967, 5238
2.9553334712982178, 5237
2.9563300609588623, 5236
2.9573259353637695, 5235
2.960322856903076, 5234
2.964308261871338, 5233
2.9663023948669434, 5232
2.967298984527588, 5231
2.9762749671936035, 5230
2.9762749671936035, 5229
2.9772722721099854, 5228
2.9782702922821045, 5227
2.9802680015563965, 5226
2.9832568168640137, 5225
2.987245798110962, 5224
2.998218297958374, 5223
3.006194829940796, 5222
3.006194829940796, 5221
3.0071921348571777, 5220
3.0071921348571777, 5219
3.0151727199554443, 5218
3.016169548034668, 5217
3.0171661376953125, 5216
3.01816463470459, 5215
3.0261428356170654, 5214
3.0301320552825928, 5213
3.0381104946136475, 5212
3.0381104946136475, 5211
3.0381104946136475, 5210
3.039106845855713, 5209
3.039106845855713, 5208
3.039106845855713, 5207
3.0401039123535156, 5206
3.0401039123535156, 5205
3.0490810871124268, 5204
3.0500776767730713, 5203
3.054067611694336, 5202
3.055065393447876, 5201
3.0580577850341797, 5200
3.0590550899505615, 5199
3.061049461364746, 5198
3.0660364627838135, 5197
3.067033052444458, 5196
3.0680320262908936, 5195
3.069028377532959, 5194
3.069028377532959, 5193
3.0700252056121826, 5192
3.0700252056121826, 5191
3.0710225105285645, 5190
3.0710225105285645, 5189
3.0720200538635254, 5188
3.0730276107788086, 5187
3.076014995574951, 5186
3.0770063400268555, 5185
3.080996036529541, 5184
3.08199405670166, 5183
3.082991361618042, 5182
3.1029367446899414, 5181
3.120889902114868, 5180
3.12388277053833, 5179
3.124878168106079, 5178
3.1258749961853027, 5177
3.1358485221862793, 5176
3.145824432373047, 5175
3.146824359893799, 5174
3.1488146781921387, 5173
3.149811029434204, 5172
3.149811029434204, 5171
3.151806116104126, 5170
3.151806116104126, 5169
3.153801202774048, 5168
3.1547982692718506, 5167
3.1547982692718506, 5166
3.155795097351074, 5165
3.1567931175231934, 5164
3.1567931175231934, 5163
3.1567931175231934, 5162
3.157789707183838, 5161
3.157789707183838, 5160
3.1587870121002197, 5159
3.1607818603515625, 5158
3.1667673587799072, 5157
3.1687610149383545, 5156
3.170755386352539, 5155
3.1717522144317627, 5154
3.173748016357422, 5153
3.1757421493530273, 5152
3.178734302520752, 5151
3.179732084274292, 5150
3.184718608856201, 5149
3.184718608856201, 5148
3.184718608856201, 5147
3.186713457107544, 5146
3.193695545196533, 5145
3.1986806392669678, 5144
3.1986806392669678, 5143
3.1996772289276123, 5142
3.1996772289276123, 5141
3.2006750106811523, 5140
3.2006750106811523, 5139
3.2016727924346924, 5138
3.202669858932495, 5137
3.2036666870117188, 5136
3.2056620121002197, 5135
3.206660509109497, 5134
3.2076566219329834, 5133
3.209651231765747, 5132
3.2166337966918945, 5131
3.219623565673828, 5130
3.2206244468688965, 5129
3.223613739013672, 5128
3.22461199760437, 5127
3.22461199760437, 5126
3.22461199760437, 5125
3.22461199760437, 5124
3.2256078720092773, 5123
3.2256078720092773, 5122
3.2286019325256348, 5121
3.2305948734283447, 5120
3.231593132019043, 5119
3.2385733127593994, 5118
3.2395706176757812, 5117
3.240567922592163, 5116
3.2495439052581787, 5115
3.2535369396209717, 5114
3.2535369396209717, 5113
3.2545325756073, 5112
3.2545325756073, 5111
3.255528450012207, 5110
3.255528450012207, 5109
3.2565255165100098, 5108
3.2565255165100098, 5107
3.2585208415985107, 5106
3.260514497756958, 5105
3.2625112533569336, 5104
3.268494129180908, 5103
3.269491195678711, 5102
3.269491195678711, 5101
3.270488739013672, 5100
3.2714860439300537, 5099
3.2724876403808594, 5098
3.2724876403808594, 5097
3.273482322692871, 5096
3.2814583778381348, 5095
3.282456636428833, 5094
3.283454179763794, 5093
3.2884414196014404, 5092
3.2884414196014404, 5091
3.289438009262085, 5090
3.2904350757598877, 5089
3.2904350757598877, 5088
3.2934277057647705, 5087
3.300407886505127, 5086
3.300407886505127, 5085
3.300407886505127, 5084
3.3014073371887207, 5083
3.3024024963378906, 5082
3.3053267002105713, 5081
3.306323289871216, 5080
3.3073205947875977, 5079
3.3093149662017822, 5078
3.3182919025421143, 5077
3.3192906379699707, 5076
3.3192906379699707, 5075
3.3192906379699707, 5074
3.320286989212036, 5073
3.320286989212036, 5072
3.327299118041992, 5071
3.3282668590545654, 5070
3.3372397422790527, 5069
3.354196786880493, 5068
3.3551924228668213, 5067
3.3551924228668213, 5066
3.356191396713257, 5065
3.356191396713257, 5064
3.3571884632110596, 5063
3.359182596206665, 5062
3.361178398132324, 5061
3.3661646842956543, 5060
3.367161512374878, 5059
3.3910977840423584, 5058
3.3930931091308594, 5057
3.4040634632110596, 5056
3.406057834625244, 5055
3.4100468158721924, 5054
3.413039207458496, 5053
3.4150326251983643, 5052
3.416032075881958, 5051
3.418025493621826, 5050
3.4220149517059326, 5049
3.4250071048736572, 5048
3.4260036945343018, 5047
3.4270005226135254, 5046
3.429992437362671, 5045
3.43198823928833, 5044
3.433983325958252, 5043
3.4379727840423584, 5042
3.4379727840423584, 5041
3.4429585933685303, 5040
3.4479451179504395, 5039
3.448942184448242, 5038
3.448942184448242, 5037
3.448942184448242, 5036
3.449939250946045, 5035
3.449939250946045, 5034
3.452932119369507, 5033
3.453932285308838, 5032
3.454925775527954, 5031
3.4569199085235596, 5030
3.4579169750213623, 5029
3.462904691696167, 5028
3.4648990631103516, 5027
3.478864908218384, 5026
3.4808566570281982, 5025
3.4848484992980957, 5024
3.4848484992980957, 5023
3.485844373703003, 5022
3.485844373703003, 5021
3.4878389835357666, 5020
3.4898340702056885, 5019
3.491828680038452, 5018
3.4968161582946777, 5017
3.5037949085235596, 5016
3.506786346435547, 5015
3.5077834129333496, 5014
3.5087835788726807, 5013
3.513768196105957, 5012
3.513768196105957, 5011
3.514765977859497, 5010
3.5157620906829834, 5009
3.5167598724365234, 5008
3.518754243850708, 5007
3.518754243850708, 5006
3.519752025604248, 5005
3.519752025604248, 5004
3.519752025604248, 5003
3.52074933052063, 5002
3.5217463970184326, 5001
3.5227437019348145, 5000
3.5307230949401855, 4999
3.5307230949401855, 4998
3.5307230949401855, 4997
3.5347135066986084, 4996
3.5357096195220947, 4995
3.5387024879455566, 4994
3.5387024879455566, 4993
3.539698839187622, 4992
3.546679735183716, 4991
3.5476770401000977, 4990
3.5486743450164795, 4989
3.551666259765625, 4988
3.5566556453704834, 4987
3.557683229446411, 4986
3.557683229446411, 4985
3.557683229446411, 4984
3.5596749782562256, 4983
3.562673330307007, 4982
3.564634323120117, 4981
3.567654609680176, 4980
3.5686540603637695, 4979
3.56962251663208, 4978
3.5716135501861572, 4977
3.572617292404175, 4976
3.572617292404175, 4975
3.582585334777832, 4974
3.5835824012756348, 4973
3.5855772495269775, 4972
3.5855772495269775, 4971
3.5875725746154785, 4970
3.588569402694702, 4969
3.5955512523651123, 4968
3.5975453853607178, 4967
3.5995397567749023, 4966
3.609736204147339, 4965
3.6107332706451416, 4964
3.6117310523986816, 4963
3.6117310523986816, 4962
3.6127266883850098, 4961
3.613725423812866, 4960
3.6147236824035645, 4959
3.615720272064209, 4958
3.615720272064209, 4957
3.615720272064209, 4956
3.616717576980591, 4955
3.6177148818969727, 4954
3.6177148818969727, 4953
3.6187117099761963, 4952
3.6197092533111572, 4951
3.6197092533111572, 4950
3.620706558227539, 4949
3.621703624725342, 4948
3.621703624725342, 4947
3.6236987113952637, 4946
3.6256930828094482, 4945
3.6316776275634766, 4944
3.6326773166656494, 4943
3.6326773166656494, 4942
3.6336724758148193, 4941
3.634669780731201, 4940
3.6356654167175293, 4939
3.6356654167175293, 4938
3.6376614570617676, 4937
3.7189650535583496, 4936
3.722949743270874, 4935
3.7259464263916016, 4934
3.736912488937378, 4933
3.74090313911438, 4932
3.7458887100219727, 4931
3.7488832473754883, 4930
3.7678303718566895, 4929
3.7738139629364014, 4928
3.7748117446899414, 4927
3.7778027057647705, 4926
3.7817928791046143, 4925
3.8062477111816406, 4924
3.8102402687072754, 4923
3.81522274017334, 4922
3.820211410522461, 4921
3.8222053050994873, 4920
3.8222053050994873, 4919
3.8232028484344482, 4918
3.8232028484344482, 4917
3.824200391769409, 4916
3.824200391769409, 4915
3.8261961936950684, 4914
3.837162733078003, 4913
3.8421499729156494, 4912
3.8581080436706543, 4911
3.888028621673584, 4910
3.8960063457489014, 4909
3.9408886432647705, 4908
3.941885232925415, 4907
3.945873737335205, 4906
3.966823101043701, 4905
3.9698097705841064, 4904
3.970806121826172, 4903
3.97579288482666, 4902
3.976790428161621, 4901
3.9787850379943848, 4900
3.9797821044921875, 4899
3.9797821044921875, 4898
3.9887588024139404, 4897
3.9887588024139404, 4896
3.990753173828125, 4895
3.9977362155914307, 4894
4.01568603515625, 4893
4.016683578491211, 4892
4.017682790756226, 4891
4.017682790756226, 4890
4.018677711486816, 4889
4.020672559738159, 4888
4.021669864654541, 4887
4.023664236068726, 4886
4.023664236068726, 4885
4.0256593227386475, 4884
4.0256593227386475, 4883
4.028655052185059, 4882
4.058571100234985, 4881
4.064556121826172, 4880
4.067546844482422, 4879
4.070539474487305, 4878
4.078518867492676, 4877
4.082508325576782, 4876
4.086496591567993, 4875
4.100460052490234, 4874
4.101456880569458, 4873
4.106443881988525, 4872
4.107441663742065, 4871
4.127389669418335, 4870
4.129382610321045, 4869
4.135367393493652, 4868
4.147335529327393, 4867
4.148330926895142, 4866
4.15730881690979, 4865
4.1583092212677, 4864
4.163291692733765, 4863
4.166282892227173, 4862
4.17825722694397, 4861
4.184236288070679, 4860
4.188225507736206, 4859
4.189223527908325, 4858
4.190220594406128, 4857
4.195210218429565, 4856
4.197200536727905, 4855
4.198198080062866, 4854
4.199195623397827, 4853
4.200193166732788, 4852
4.206177473068237, 4851
4.2071754932403564, 4850
4.275989770889282, 4849
4.283969163894653, 4848
4.2879579067230225, 4847
4.301933526992798, 4846
4.320873498916626, 4845
4.321867942810059, 4844
4.322866201400757, 4843
4.323862791061401, 4842
4.324859380722046, 4841
4.3258583545684814, 4840
4.3368284702301025, 4839
4.337825298309326, 4838
4.339819669723511, 4837
4.341822862625122, 4836
4.342811107635498, 4835
4.400657892227173, 4834
4.40165376663208, 4833
4.402652025222778, 4832
4.406644821166992, 4831
4.4146199226379395, 4830
4.417612075805664, 4829
4.4216015338897705, 4828
4.441547632217407, 4827
4.459499835968018, 4826
4.467479467391968, 4825
4.472465991973877, 4824
4.5003907680511475, 4823
4.50737452507019, 4822
4.518342733383179, 4821
4.530310153961182, 4820
4.538313627243042, 4819
4.540284633636475, 4818
4.591148853302002, 4817
4.593142747879028, 4816
4.597132444381714, 4815
4.603116035461426, 4814
4.6061084270477295, 4813
4.6090989112854, 4812
4.637538194656372, 4811
4.640528440475464, 4810
4.658488750457764, 4809
4.666461706161499, 4808
4.6754350662231445, 4807
4.6764326095581055, 4806
4.6764326095581055, 4805
4.677434206008911, 4804
4.68241810798645, 4803
4.685410499572754, 4802
4.686409950256348, 4801
4.68740439414978, 4800
4.688401699066162, 4799
4.6913933753967285, 4798
4.6923933029174805, 4797
4.693388223648071, 4796
4.704358816146851, 4795
4.7198851108551025, 4794
4.720882892608643, 4793
4.721879243850708, 4792
4.724871635437012, 4791
4.739831447601318, 4790
4.742823123931885, 4789
4.753795623779297, 4788
4.757784366607666, 4787
4.766763210296631, 4786
4.770747900009155, 4785
4.77374267578125, 4784
4.775735378265381, 4783
4.783714771270752, 4782
4.7867066860198975, 4781
4.7886998653411865, 4780
4.790695428848267, 4779
4.793686866760254, 4778
4.801668405532837, 4777
4.80366063117981, 4776
4.8201634883880615, 4775
4.8201634883880615, 4774
4.83711838722229, 4773
4.838115930557251, 4772
4.839112281799316, 4771
4.841108083724976, 4770
4.848089694976807, 4769
4.8540730476379395, 4768
4.8540730476379395, 4767
4.855069875717163, 4766
4.855069875717163, 4765
4.856066703796387, 4764
4.856066703796387, 4763
4.898954153060913, 4762
4.902941942214966, 4761
4.9069318771362305, 4760
4.9099249839782715, 4759
4.923887014389038, 4758
4.923887014389038, 4757
4.9248857498168945, 4756
4.949818134307861, 4755
4.9518115520477295, 4754
4.952809810638428, 4753
4.9567975997924805, 4752
4.9587931632995605, 4751
4.959791660308838, 4750
4.964777231216431, 4749
4.969763517379761, 4748
4.970762491226196, 4747
4.97275710105896, 4746
4.973753452301025, 4745
4.9757466316223145, 4744
4.976745128631592, 4743
4.988712549209595, 4742
5.000681400299072, 4741
5.003677129745483, 4740
5.006665468215942, 4739
5.008660554885864, 4738
5.016638517379761, 4737
5.026612043380737, 4736
5.036585569381714, 4735
5.039578437805176, 4734
5.040574789047241, 4733
5.042569637298584, 4732
5.053539991378784, 4731
5.055534601211548, 4730
5.057528495788574, 4729
5.068501710891724, 4728
5.0704944133758545, 4727
5.071491003036499, 4726
5.072488784790039, 4725
5.073486566543579, 4724
5.07448410987854, 4723
5.088444709777832, 4722
5.090439081192017, 4721
5.092435359954834, 4720
5.099416494369507, 4719
5.104403972625732, 4718
5.105400800704956, 4717
5.105400800704956, 4716
5.106398582458496, 4715
5.106398582458496, 4714
5.106398582458496, 4713
5.116372108459473, 4712
5.120360612869263, 4711
5.123354911804199, 4710
5.131343364715576, 4709
5.13831353187561, 4708
5.139311075210571, 4707
5.139311075210571, 4706
5.1403114795684814, 4705
5.142302989959717, 4704
5.1433000564575195, 4703
5.153273105621338, 4702
5.1552674770355225, 4701
5.15925669670105, 4700
5.166239023208618, 4699
5.169234275817871, 4698
5.203140020370483, 4697
5.203140020370483, 4696
5.204137325286865, 4695
5.204137325286865, 4694
5.205135822296143, 4693
5.208127021789551, 4692
5.210120916366577, 4691
5.218100309371948, 4690
5.220093488693237, 4689
5.221091032028198, 4688
5.223086357116699, 4687
5.224083662033081, 4686
5.225080728530884, 4685
5.227075576782227, 4684
5.238045930862427, 4683
5.243035554885864, 4682
5.256000280380249, 4681
5.2589898109436035, 4680
5.2699644565582275, 4679
5.272953748703003, 4678
5.2819297313690186, 4677
5.285921096801758, 4676
5.288911581039429, 4675
5.30486798286438, 4674
5.305865049362183, 4673
5.305865049362183, 4672
5.305865049362183, 4671
5.306861877441406, 4670
5.3298118114471436, 4669
5.348750829696655, 4668
5.349748373031616, 4667
5.350745916366577, 4666
5.406595945358276, 4665
5.45845627784729, 4664
5.4664387702941895, 4663
5.468430042266846, 4662
5.470423698425293, 4661
5.475412130355835, 4660
5.476409196853638, 4659
5.487380027770996, 4658
5.552206516265869, 4657
5.553203105926514, 4656
5.554201126098633, 4655
5.557192087173462, 4654
5.605064392089844, 4653
5.6060614585876465, 4652
5.640969514846802, 4651
5.6549317836761475, 4650
5.6549317836761475, 4649
5.655929803848267, 4648
5.66590428352356, 4647
5.709784746170044, 4646
5.769136428833008, 4645
5.769136428833008, 4644
5.785094261169434, 4643
5.79007887840271, 4642
5.80803108215332, 4641
5.809028387069702, 4640
5.848924875259399, 4639
5.851919174194336, 4638
5.885826587677002, 4637
5.910759925842285, 4636
5.938688516616821, 4635
5.939685821533203, 4634
5.959632158279419, 4633
5.967611312866211, 4632
5.982571363449097, 4631
5.983567953109741, 4630
5.983567953109741, 4629
5.98855447769165, 4628
5.98855447769165, 4627
5.997562408447266, 4626
6.003516435623169, 4625
6.003516435623169, 4624
6.004513263702393, 4623
6.006506443023682, 4622
6.025457143783569, 4621
6.02845025062561, 4620
6.03542947769165, 4619
6.065351486206055, 4618
6.070337772369385, 4617
6.071335315704346, 4616
6.1391520500183105, 4615
6.158101558685303, 4614
6.203979015350342, 4613
6.280290126800537, 4612
6.283279180526733, 4611
6.304221153259277, 4610
6.396974563598633, 4609
6.4847400188446045, 4608
6.485735654830933, 4607
6.503688097000122, 4606
6.557544231414795, 4605
6.591452598571777, 4604
6.591452598571777, 4603
6.60242486000061, 4602
6.60342264175415, 4601
6.687198162078857, 4600
6.687198162078857, 4599
6.696204900741577, 4598
6.697171926498413, 4597
6.719114542007446, 4596
6.719114542007446, 4595
6.725096702575684, 4594
6.738062143325806, 4593
6.758008718490601, 4592
6.759005546569824, 4591
6.771972179412842, 4590
6.771972179412842, 4589
6.822834730148315, 4588
6.844776630401611, 4587
6.84876823425293, 4586
6.849763870239258, 4585
6.859737396240234, 4584
6.862729549407959, 4583
6.876693487167358, 4582
6.879685878753662, 4581
6.880681991577148, 4580
6.8846704959869385, 4579
6.886665105819702, 4578
6.93653130531311, 4577
6.93653130531311, 4576
6.938531160354614, 4575
6.942514896392822, 4574
6.967449426651001, 4573
6.969444513320923, 4572
6.983407258987427, 4571
6.983407258987427, 4570
6.98639702796936, 4569
7.017314195632935, 4568
7.017314195632935, 4567
7.036265134811401, 4566
7.037262678146362, 4565
7.046237945556641, 4564
7.12004017829895, 4563
7.139986276626587, 4562
7.173895597457886, 4561
7.179880619049072, 4560
7.1918487548828125, 4559
7.207805395126343, 4558
7.221768617630005, 4557
7.247700929641724, 4556
7.248696565628052, 4555
7.248696565628052, 4554
7.269640207290649, 4553
7.271635293960571, 4552
7.274627685546875, 4551
7.314521312713623, 4550
7.318508863449097, 4549
7.318508863449097, 4548
7.332475900650024, 4547
7.332475900650024, 4546
7.333500385284424, 4545
7.342456579208374, 4544
7.354424238204956, 4543
7.366391658782959, 4542
7.366391658782959, 4541
7.406286001205444, 4540
7.411273241043091, 4539
7.470116138458252, 4538
7.515992641448975, 4537
7.516989469528198, 4536
7.517987012863159, 4535
7.560884475708008, 4534
7.580827951431274, 4533
7.621722221374512, 4532
7.621722221374512, 4531
7.622722387313843, 4530
7.62471342086792, 4529
7.644659996032715, 4528
7.6556315422058105, 4527
7.681560516357422, 4526
7.682558536529541, 4525
7.686547517776489, 4524
7.686547517776489, 4523
7.703526735305786, 4522
7.7045252323150635, 4521
7.7244720458984375, 4520
7.7244720458984375, 4519
7.7244720458984375, 4518
7.725468873977661, 4517
7.782318115234375, 4516
7.809244632720947, 4515
7.822210788726807, 4514
7.847142934799194, 4513
7.93690299987793, 4512
7.9379003047943115, 4511
7.9688193798065186, 4510
7.969817876815796, 4509
7.969817876815796, 4508
7.973804712295532, 4507
7.982780933380127, 4506
7.98776650428772, 4505
7.988763809204102, 4504
8.0057213306427, 4503
8.006717443466187, 4502
8.015693426132202, 4501
8.021676301956177, 4500
8.028658390045166, 4499
8.03962779045105, 4498
8.066557168960571, 4497
8.074535131454468, 4496
8.074535131454468, 4495
8.08650255203247, 4494
8.088499307632446, 4493
8.103459119796753, 4492
8.137367248535156, 4491
8.138364791870117, 4490
8.169281721115112, 4489
8.175266981124878, 4488
8.181249380111694, 4487
8.181249380111694, 4486
8.187235116958618, 4485
8.20518708229065, 4484
8.217167854309082, 4483
8.218156337738037, 4482
8.225133657455444, 4481
8.231128692626953, 4480
8.250069618225098, 4479
8.250069618225098, 4478
8.251063823699951, 4477
8.266027688980103, 4476
8.267021417617798, 4475
8.284972429275513, 4474
8.303921699523926, 4473
8.303921699523926, 4472
8.305915832519531, 4471
8.331848382949829, 4470
8.33284616470337, 4469
8.356780767440796, 4468
8.357811689376831, 4467
8.373734951019287, 4466
8.373734951019287, 4465
8.44654393196106, 4464
8.44753909111023, 4463
8.479454040527344, 4462
8.481447696685791, 4461
8.481447696685791, 4460
8.482446670532227, 4459
8.501396417617798, 4458
8.532312393188477, 4457
8.537298679351807, 4456
8.548269510269165, 4455
8.550263404846191, 4454
8.55624771118164, 4453
8.589158296585083, 4452
8.59913182258606, 4451
8.59913182258606, 4450
8.606113195419312, 4449
8.624065637588501, 4448
8.628054857254028, 4447
8.630049228668213, 4446
8.648001909255981, 4445
8.648999691009521, 4444
8.684902906417847, 4443
8.698864936828613, 4442
8.71383023262024, 4441
8.71383023262024, 4440
8.735770225524902, 4439
8.736767768859863, 4438
8.747737407684326, 4437
8.757710695266724, 4436
8.771673679351807, 4435
8.772672176361084, 4434
8.785636186599731, 4433
8.789625406265259, 4432
8.789625406265259, 4431
8.810570001602173, 4430
8.821540832519531, 4429
8.825530052185059, 4428
8.83051586151123, 4427
8.83051586151123, 4426
8.83051586151123, 4425
8.83151388168335, 4424
8.843482255935669, 4423
8.853455543518066, 4422
8.895343780517578, 4421
8.896342277526855, 4420
8.905316591262817, 4419
8.913295030593872, 4418
8.92526388168335, 4417
8.93623423576355, 4416
8.948202848434448, 4415
8.958174705505371, 4414
8.997070550918579, 4413
9.007442474365234, 4412
9.014427423477173, 4411
9.028492212295532, 4410
9.03038239479065, 4409
9.077256679534912, 4408
9.085234642028809, 4407
9.093215227127075, 4406
9.094211339950562, 4405
9.124407768249512, 4404
9.126402378082275, 4403
9.127399682998657, 4402
9.130390882492065, 4401
9.13338327407837, 4400
9.137373447418213, 4399
9.138370513916016, 4398
9.153331279754639, 4397
9.154327630996704, 4396
9.169286251068115, 4395
9.193223714828491, 4394
9.198244571685791, 4393
9.216193437576294, 4392
9.230123519897461, 4391
9.240096807479858, 4390
9.24109411239624, 4389
9.252068042755127, 4388
9.264034748077393, 4387
9.275038480758667, 4386
9.287004470825195, 4385
9.287004470825195, 4384
9.288996458053589, 4383
9.30296277999878, 4382
9.303928136825562, 4381
9.315929651260376, 4380
9.335841178894043, 4379
9.349838495254517, 4378
9.350833654403687, 4377
9.352797269821167, 4376
9.38773775100708, 4375
9.38773775100708, 4374
9.433581113815308, 4373
9.437604665756226, 4372
9.442555904388428, 4371
9.44355583190918, 4370
9.454525470733643, 4369
9.455554008483887, 4368
9.482449293136597, 4367
9.482449293136597, 4366
9.485440731048584, 4365
9.506385564804077, 4364
9.523340463638306, 4363
9.538299798965454, 4362
9.569217443466187, 4361
9.629061698913574, 4360
9.703857660293579, 4359
9.705851316452026, 4358
9.705851316452026, 4357
9.739761590957642, 4356
9.739761590957642, 4355
9.752728462219238, 4354
9.755717992782593, 4353
9.766689538955688, 4352
9.796610116958618, 4351
9.797606945037842, 4350
9.800598859786987, 4349
9.8065824508667, 4348
9.817553758621216, 4347
9.817553758621216, 4346
9.818551063537598, 4345
9.832525491714478, 4344
9.836502313613892, 4343
9.873403787612915, 4342
9.882380485534668, 4341
9.88836407661438, 4340
9.907312631607056, 4339
9.916290044784546, 4338
9.916290044784546, 4337
9.929256200790405, 4336
9.930252313613892, 4335
9.94022536277771, 4334
9.954188823699951, 4333
9.967154741287231, 4332
9.971142053604126, 4331
9.972140312194824, 4330
9.974134683609009, 4329
9.987100601196289, 4328
9.99906849861145, 4327
10.00006651878357, 4326
10.038960695266724, 4325
10.126245260238647, 4324
10.17012643814087, 4323
10.171123743057251, 4322
10.373584270477295, 4321
10.40350604057312, 4320
10.622435569763184, 4319
10.623432159423828, 4318
10.75761866569519, 4317
10.81854772567749, 4316
10.871406316757202, 4315
10.872402429580688, 4314
10.923266649246216, 4313
10.946205615997314, 4312
10.948200464248657, 4311
10.963159084320068, 4310
10.974130392074585, 4309
10.985100746154785, 4308
10.990087032318115, 4307
11.134701251983643, 4306
11.187591314315796, 4305
11.188589096069336, 4304
11.188589096069336, 4303
11.218511581420898, 4302
11.23842453956604, 4301
11.248396396636963, 4300
11.252386331558228, 4299
11.25637674331665, 4298
11.257374048233032, 4297
11.282340288162231, 4296
11.28333568572998, 4295
11.289319515228271, 4294
11.298263788223267, 4293
11.299260377883911, 4292
11.321234226226807, 4291
11.3222336769104, 4290
11.41694712638855, 4289
11.440914630889893, 4288
11.442895650863647, 4287
11.462960720062256, 4286
11.467811107635498, 4285
11.47080135345459, 4284
11.521665573120117, 4283
11.54061484336853, 4282
11.554579019546509, 4281
11.56554889678955, 4280
11.576534748077393, 4279
11.585494756698608, 4278
11.605441808700562, 4277
11.627382755279541, 4276
11.648327827453613, 4275
11.67329454421997, 4274
11.713155031204224, 4273
11.751052856445312, 4272
11.773991823196411, 4271
11.787955284118652, 4270
11.789981365203857, 4269
11.801949262619019, 4268
11.816877841949463, 4267
11.816877841949463, 4266
11.81986927986145, 4265
11.81986927986145, 4264
11.83287000656128, 4263
11.83287000656128, 4262
11.837822675704956, 4261
11.901682138442993, 4260
11.902681112289429, 4259
11.902681112289429, 4258
11.908634901046753, 4257
11.926466464996338, 4256
12.03514313697815, 4255
12.1787588596344, 4254
12.197741270065308, 4253
12.308417797088623, 4252
12.308417797088623, 4251
12.316394567489624, 4250
12.323375940322876, 4249
12.345892667770386, 4248
12.369828939437866, 4247
12.436979532241821, 4246
12.442962884902954, 4245
12.452937841415405, 4244
12.492831468582153, 4243
12.572615385055542, 4242
12.5975501537323, 4241
12.608520984649658, 4240
12.619491577148438, 4239
12.633452892303467, 4238
12.633452892303467, 4237
12.633452892303467, 4236
12.634450197219849, 4235
12.646417379379272, 4234
12.64741563796997, 4233
12.64741563796997, 4232
12.662375688552856, 4231
12.663373231887817, 4230
12.68232274055481, 4229
12.684316396713257, 4228
12.709252119064331, 4227
12.742164373397827, 4226
12.742164373397827, 4225
12.743160486221313, 4224
12.748146772384644, 4223
12.757121562957764, 4222
12.76111650466919, 4221
12.801006078720093, 4220
12.801006078720093, 4219
12.838904857635498, 4218
12.846882581710815, 4217
12.852886199951172, 4216
12.85486125946045, 4215
12.866829633712769, 4214
12.946617364883423, 4213
12.947613954544067, 4212
12.947613954544067, 4211
13.084248542785645, 4210
13.08524465560913, 4209
13.08524465560913, 4208
13.22287631034851, 4207
13.232852458953857, 4206
13.237836122512817, 4205
13.28072190284729, 4204
13.296679735183716, 4203
13.3236083984375, 4202
13.396660089492798, 4201
13.576805830001831, 4200
13.654919624328613, 4199
13.6938157081604, 4198
13.726810455322266, 4197
13.729801893234253, 4196
13.745824098587036, 4195
13.748816013336182, 4194
14.109835147857666, 4193
14.110832929611206, 4192
14.12884259223938, 4191
14.183346033096313, 4190
14.183868646621704, 4189
14.211808919906616, 4188
14.258830070495605, 4187
14.348806858062744, 4186
14.417810678482056, 4185
14.448829412460327, 4184
14.455841064453125, 4183
14.519813299179077, 4182
14.565937995910645, 4181
14.566937685012817, 4180
14.566937685012817, 4179
14.582892179489136, 4178
14.787842035293579, 4177
14.788838863372803, 4176
14.861757040023804, 4175
14.862754821777344, 4174
14.863836526870728, 4173
14.9017653465271, 4172
14.913820505142212, 4171
14.935781240463257, 4170
14.937774419784546, 4169
14.940767049789429, 4168
14.943282127380371, 4167
14.977765798568726, 4166
14.998019218444824, 4165
15.021955251693726, 4164
15.050828218460083, 4163
15.087730646133423, 4162
15.087730646133423, 4161
15.131874561309814, 4160
15.214652061462402, 4159
15.29288363456726, 4158
15.310835123062134, 4157
15.37466549873352, 4156
15.375683069229126, 4155
15.585102319717407, 4154
15.84591794013977, 4153
15.919720649719238, 4152
15.92670202255249, 4151
16.015464782714844, 4150
16.108217239379883, 4149
16.229891300201416, 4148
16.233880519866943, 4147
16.470248222351074, 4146
16.58793354034424, 4145
16.58893084526062, 4144
16.589929819107056, 4143
16.596909284591675, 4142
16.597907304763794, 4141
16.646776914596558, 4140
16.65874409675598, 4139
16.659741163253784, 4138
16.683677196502686, 4137
16.73454213142395, 4136
16.76745367050171, 4135
16.78041934967041, 4134
17.288061141967773, 4133
17.313992261886597, 4132
17.341917037963867, 4131
17.368844747543335, 4130
17.389790296554565, 4129
17.390788555145264, 4128
17.460598707199097, 4127
17.460598707199097, 4126
17.71392273902893, 4125
17.859533071517944, 4124
17.881473541259766, 4123
17.95478892326355, 4122
17.979721784591675, 4121
17.98071837425232, 4120
17.98071837425232, 4119
17.98171591758728, 4118
18.024603605270386, 4117
18.024603605270386, 4116
18.024603605270386, 4115
18.031583309173584, 4114
18.043066263198853, 4113
18.068992376327515, 4112
18.102900505065918, 4111
18.102900505065918, 4110
18.22358274459839, 4109
18.250511169433594, 4108
18.310351610183716, 4107
18.317331314086914, 4106
18.33727765083313, 4105
18.33727765083313, 4104
18.340270280838013, 4103
18.351240634918213, 4102
18.352239847183228, 4101
18.36021661758423, 4100
18.36021661758423, 4099
18.400110006332397, 4098
18.424046993255615, 4097
18.528766632080078, 4096
18.540735960006714, 4095
18.578633069992065, 4094
18.59558916091919, 4093
18.68685746192932, 4092
18.899290084838867, 4091
18.90028691291809, 4090
18.90128445625305, 4089
18.967108726501465, 4088
18.98007345199585, 4087
18.98107099533081, 4086
19.007002353668213, 4085
19.024955987930298, 4084
19.13565754890442, 4083
19.175550937652588, 4082
19.177545309066772, 4081
19.1815345287323, 4080
19.197492122650146, 4079
19.198489665985107, 4078
19.198489665985107, 4077
19.339113235473633, 4076
19.417903184890747, 4075
19.60440421104431, 4074
19.651278495788574, 4073
19.688189268112183, 4072
19.784929990768433, 4071
19.941296815872192, 4070
19.94428849220276, 4069
19.992160081863403, 4068
19.993157863616943, 4067
