0.05388593673706055, 5605
0.07483530044555664, 5604
0.08879756927490234, 5603
0.10272622108459473, 5602
0.1077127456665039, 5601
0.10870981216430664, 5600
0.10870981216430664, 5599
0.10970664024353027, 5598
0.20448565483093262, 5597
0.23636937141418457, 5596
0.24135565757751465, 5595
0.26429319381713867, 5594
0.28025102615356445, 5593
0.28275585174560547, 5592
0.2837533950805664, 5591
0.297715425491333, 5590
0.29871344566345215, 5589
0.2997100353240967, 5588
0.2997100353240967, 5587
0.2997100353240967, 5586
0.3007075786590576, 5585
0.3007075786590576, 5584
0.3007075786590576, 5583
0.3027026653289795, 5582
0.3027026653289795, 5581
0.30768847465515137, 5580
0.40330052375793457, 5579
0.40330052375793457, 5578
0.4042971134185791, 5577
0.4042971134185791, 5576
0.4042971134185791, 5575
0.4152367115020752, 5574
0.446152925491333, 5573
0.4481511116027832, 5572
0.4521362781524658, 5571
0.45313429832458496, 5570
0.5239830017089844, 5569
0.5249800682067871, 5568
0.5269742012023926, 5567
0.5309638977050781, 5566
0.5319931507110596, 5565
0.5319931507110596, 5564
0.5329878330230713, 5563
0.5339550971984863, 5562
0.538942813873291, 5561
0.540942907333374, 5560
0.5439295768737793, 5559
0.5449268817901611, 5558
0.550940990447998, 5557
1.0808207988739014, 5556
1.1038720607757568, 5555
1.1377813816070557, 5554
1.1427688598632812, 5553
1.1457629203796387, 5552
1.1921472549438477, 5551
1.1931447982788086, 5550
1.1931447982788086, 5549
1.1941421031951904, 5548
1.2111327648162842, 5547
1.2141189575195312, 5546
1.2151193618774414, 5545
1.2171173095703125, 5544
1.2181134223937988, 5543
1.2191104888916016, 5542
1.3058435916900635, 5541
1.3078386783599854, 5540
1.3447396755218506, 5539
1.3447396755218506, 5538
1.362691879272461, 5537
1.362691879272461, 5536
1.3636884689331055, 5535
1.3646867275238037, 5534
1.4185426235198975, 5533
1.4205386638641357, 5532
1.4215359687805176, 5531
1.4554436206817627, 5530
1.466414451599121, 5529
1.474393367767334, 5528
1.4853637218475342, 5527
1.4853637218475342, 5526
1.4853637218475342, 5525
1.4863612651824951, 5524
1.4863612651824951, 5523
1.4903504848480225, 5522
1.4963343143463135, 5521
1.4983296394348145, 5520
1.4993271827697754, 5519
1.501321792602539, 5518
1.5112950801849365, 5517
1.5122919082641602, 5516
1.5132901668548584, 5515
1.5132901668548584, 5514
1.5172784328460693, 5513
1.5242605209350586, 5512
1.5252573490142822, 5511
1.5442075729370117, 5510
1.5452055931091309, 5509
1.5492231845855713, 5508
1.5501909255981445, 5507
1.5512218475341797, 5506
1.5512218475341797, 5505
1.553215503692627, 5504
1.5641546249389648, 5503
1.5651512145996094, 5502
1.5681428909301758, 5501
1.5681428909301758, 5500
1.5940723419189453, 5499
1.5960674285888672, 5498
1.623002290725708, 5497
1.623995304107666, 5496
1.6249935626983643, 5495
1.626985788345337, 5494
1.6329693794250488, 5493
1.6409516334533691, 5492
1.656938076019287, 5491
1.6579370498657227, 5490
1.6579370498657227, 5489
1.6589319705963135, 5488
1.6599295139312744, 5487
1.6618926525115967, 5486
1.6628897190093994, 5485
1.6639232635498047, 5484
1.666912317276001, 5483
1.6728637218475342, 5482
1.6758553981781006, 5481
1.7007899284362793, 5480
1.713754653930664, 5479
1.7147514820098877, 5478
1.7157492637634277, 5477
1.7157492637634277, 5476
1.7157492637634277, 5475
1.7187409400939941, 5474
1.736692190170288, 5473
1.73768949508667, 5472
1.73768949508667, 5471
1.73768949508667, 5470
1.7426769733428955, 5469
1.7426769733428955, 5468
1.7446720600128174, 5467
1.747664213180542, 5466
1.7486610412597656, 5465
1.7486610412597656, 5464
1.7486610412597656, 5463
1.7516529560089111, 5462
1.7516529560089111, 5461
1.764618158340454, 5460
1.7755889892578125, 5459
1.7755889892578125, 5458
1.7855632305145264, 5457
1.790574312210083, 5456
1.7965331077575684, 5455
1.8015201091766357, 5454
1.8055086135864258, 5453
1.8065052032470703, 5452
1.8094978332519531, 5451
1.8094978332519531, 5450
1.8104956150054932, 5449
1.812490701675415, 5448
1.8184735774993896, 5447
1.8244564533233643, 5446
1.8254539966583252, 5445
1.8264515399932861, 5444
1.8284482955932617, 5443
1.8294448852539062, 5442
1.8344306945800781, 5441
1.8394176959991455, 5440
1.8404150009155273, 5439
1.8743247985839844, 5438
1.8753232955932617, 5437
1.8992574214935303, 5436
1.900254249572754, 5435
1.901257038116455, 5434
1.9042439460754395, 5433
1.9052417278289795, 5432
1.9052417278289795, 5431
1.9052417278289795, 5430
1.9062385559082031, 5429
1.9062385559082031, 5428
1.9062385559082031, 5427
1.9072356224060059, 5426
1.9231963157653809, 5425
1.9291777610778809, 5424
1.9351603984832764, 5423
1.9361577033996582, 5422
1.9371552467346191, 5421
1.9391498565673828, 5420
1.944138526916504, 5419
1.9581012725830078, 5418
1.9600956439971924, 5417
1.9610939025878906, 5416
1.9610939025878906, 5415
1.9610939025878906, 5414
1.972062587738037, 5413
1.973059892654419, 5412
1.9740581512451172, 5411
1.9750556945800781, 5410
1.982036828994751, 5409
1.9830329418182373, 5408
1.9870219230651855, 5407
1.9870219230651855, 5406
1.9930064678192139, 5405
1.9930064678192139, 5404
1.9969971179962158, 5403
1.9969971179962158, 5402
2.004974365234375, 5401
2.004974365234375, 5400
2.0059714317321777, 5399
2.0059714317321777, 5398
2.0059714317321777, 5397
2.0079658031463623, 5396
2.008962869644165, 5395
2.009960412979126, 5394
2.0159451961517334, 5393
2.0169806480407715, 5392
2.0179717540740967, 5391
2.0179717540740967, 5390
2.0179717540740967, 5389
2.0179717540740967, 5388
2.022927761077881, 5387
2.022927761077881, 5386
2.026947498321533, 5385
2.0289103984832764, 5384
2.0309042930603027, 5383
2.034893751144409, 5382
2.040879964828491, 5381
2.042905807495117, 5380
2.043900489807129, 5379
2.0518784523010254, 5378
2.0528464317321777, 5377
2.0538759231567383, 5376
2.0548765659332275, 5375
2.055870294570923, 5374
2.060825824737549, 5373
2.0737907886505127, 5372
2.0767831802368164, 5371
2.1077001094818115, 5370
2.109693765640259, 5369
2.109693765640259, 5368
2.109693765640259, 5367
2.1286776065826416, 5366
2.1286776065826416, 5365
2.129673719406128, 5364
2.130638599395752, 5363
2.1326329708099365, 5362
2.133662700653076, 5361
2.1346628665924072, 5360
2.1356260776519775, 5359
2.1406118869781494, 5358
2.141608953475952, 5357
2.141608953475952, 5356
2.144634962081909, 5355
2.144634962081909, 5354
2.145630121231079, 5353
2.145630121231079, 5352
2.1475942134857178, 5351
2.153578281402588, 5350
2.153578281402588, 5349
2.1546075344085693, 5348
2.1546075344085693, 5347
2.1566009521484375, 5346
2.1585991382598877, 5345
2.1605637073516846, 5344
2.161588430404663, 5343
2.162553310394287, 5342
2.163550853729248, 5341
2.163550853729248, 5340
2.1645495891571045, 5339
2.165546417236328, 5338
2.170532703399658, 5337
2.1805062294006348, 5336
2.1815030574798584, 5335
2.1844942569732666, 5334
2.1974589824676514, 5333
2.1974589824676514, 5332
2.2084646224975586, 5331
2.2124533653259277, 5330
2.2154436111450195, 5329
2.2154436111450195, 5328
2.2213971614837646, 5327
2.2273805141448975, 5326
2.2543067932128906, 5325
2.2553045749664307, 5324
2.266274929046631, 5323
2.2682695388793945, 5322
2.2682695388793945, 5321
2.2732582092285156, 5320
2.2742536067962646, 5319
2.2742536067962646, 5318
2.2742536067962646, 5317
2.27724552154541, 5316
2.27724552154541, 5315
2.279240369796753, 5314
2.2882516384124756, 5313
2.2892463207244873, 5312
2.2892463207244873, 5311
2.2974958419799805, 5310
2.2984936237335205, 5309
2.302480697631836, 5308
2.302480697631836, 5307
2.308464765548706, 5306
2.308464765548706, 5305
2.308464765548706, 5304
2.309462070465088, 5303
2.3104605674743652, 5302
2.3104605674743652, 5301
2.3114569187164307, 5300
2.3114569187164307, 5299
2.315446376800537, 5298
2.31644344329834, 5297
2.3194353580474854, 5296
2.3224284648895264, 5295
2.323427200317383, 5294
2.325421094894409, 5293
2.327415704727173, 5292
2.3334004878997803, 5291
2.334397077560425, 5290
2.334397077560425, 5289
2.3353943824768066, 5288
2.3363916873931885, 5287
2.3363916873931885, 5286
2.3373894691467285, 5285
2.3373894691467285, 5284
2.3373894691467285, 5283
2.338386058807373, 5282
2.338386058807373, 5281
2.339383602142334, 5280
2.3413801193237305, 5279
2.343371868133545, 5278
2.3443689346313477, 5277
2.3453660011291504, 5276
2.3463635444641113, 5275
2.3513827323913574, 5274
2.3513827323913574, 5273
2.3523497581481934, 5272
2.3563692569732666, 5271
2.3563692569732666, 5270
2.3563692569732666, 5269
2.3573672771453857, 5268
2.3583321571350098, 5267
2.3673431873321533, 5266
2.3683393001556396, 5265
2.3693342208862305, 5264
2.3693342208862305, 5263
2.3703320026397705, 5262
2.3713300228118896, 5261
2.3713300228118896, 5260
2.372328519821167, 5259
2.3793089389801025, 5258
2.3812735080718994, 5257
2.388251543045044, 5256
2.390246629714966, 5255
2.394235372543335, 5254
2.3982253074645996, 5253
2.3982253074645996, 5252
2.3982253074645996, 5251
2.3992221355438232, 5250
2.40620493888855, 5249
2.407235622406006, 5248
2.4082295894622803, 5247
2.4082295894622803, 5246
2.4082295894622803, 5245
2.4391188621520996, 5244
2.4421164989471436, 5243
2.4530792236328125, 5242
2.457066774368286, 5241
2.458064079284668, 5240
2.458064079284668, 5239
2.459062337875366, 5238
2.46205472946167, 5237
2.464049816131592, 5236
2.4760172367095947, 5235
2.4780120849609375, 5234
2.494967222213745, 5233
2.4969613552093506, 5232
2.4989562034606934, 5231
2.499952793121338, 5230
2.50693416595459, 5229
2.5089285373687744, 5228
2.5258851051330566, 5227
2.5458309650421143, 5226
2.5468273162841797, 5225
2.5468273162841797, 5224
2.5478262901306152, 5223
2.5528125762939453, 5222
2.5558040142059326, 5221
2.571760654449463, 5220
2.5757524967193604, 5219
2.578742504119873, 5218
2.579740524291992, 5217
2.584728479385376, 5216
2.5857245922088623, 5215
2.5877187252044678, 5214
2.5907111167907715, 5213
2.5928287506103516, 5212
2.593820333480835, 5211
2.5958147048950195, 5210
2.599803924560547, 5209
2.6008026599884033, 5208
2.617755174636841, 5207
2.6187543869018555, 5206
2.629725217819214, 5205
2.6307220458984375, 5204
2.63175106048584, 5203
2.6337480545043945, 5202
2.6337480545043945, 5201
2.6347479820251465, 5200
2.63673734664917, 5199
2.637737512588501, 5198
2.6387321949005127, 5197
2.6387321949005127, 5196
2.6387321949005127, 5195
2.639697313308716, 5194
2.6417250633239746, 5193
2.647676706314087, 5192
2.6516664028167725, 5191
2.6516664028167725, 5190
2.6546897888183594, 5189
2.655686616897583, 5188
2.658684253692627, 5187
2.6596765518188477, 5186
2.6616744995117188, 5185
2.663667678833008, 5184
2.6656289100646973, 5183
2.66762375831604, 5182
2.669618606567383, 5181
2.6716129779815674, 5180
2.6736087799072266, 5179
2.674605131149292, 5178
2.6836137771606445, 5177
2.6856093406677246, 5176
2.6856093406677246, 5175
2.687601327896118, 5174
2.687601327896118, 5173
2.687601327896118, 5172
2.695580244064331, 5171
2.702528953552246, 5170
2.708512544631958, 5169
2.708512544631958, 5168
2.7144999504089355, 5167
2.716525077819824, 5166
2.7224767208099365, 5165
2.723505973815918, 5164
2.726498603820801, 5163
2.726498603820801, 5162
2.726498603820801, 5161
2.7284934520721436, 5160
2.7334487438201904, 5159
2.7344460487365723, 5158
2.7344460487365723, 5157
2.7344460487365723, 5156
2.7354423999786377, 5155
2.7354423999786377, 5154
2.7354423999786377, 5153
2.7364413738250732, 5152
2.7364413738250732, 5151
2.7374370098114014, 5150
2.7394320964813232, 5149
2.7404286861419678, 5148
2.7474091053009033, 5147
2.7484395503997803, 5146
2.7484395503997803, 5145
2.7484395503997803, 5144
2.7484395503997803, 5143
2.749438524246216, 5142
2.750401020050049, 5141
2.760376453399658, 5140
2.7614047527313232, 5139
2.7614047527313232, 5138
2.76583194732666, 5137
2.7663915157318115, 5136
2.7663915157318115, 5135
2.7703800201416016, 5134
2.7733747959136963, 5133
2.77636456489563, 5132
2.77636456489563, 5131
2.7773613929748535, 5130
2.7773613929748535, 5129
2.7773613929748535, 5128
2.7783586978912354, 5127
2.7803220748901367, 5126
2.781350612640381, 5125
2.7833452224731445, 5124
2.7912938594818115, 5123
2.803262948989868, 5122
2.80426025390625, 5121
2.8052566051483154, 5120
2.8062515258789062, 5119
2.8062515258789062, 5118
2.807248592376709, 5117
2.80824613571167, 5116
2.8102405071258545, 5115
2.8112380504608154, 5114
2.816258430480957, 5113
2.8172550201416016, 5112
2.8342127799987793, 5111
2.8342127799987793, 5110
2.8342127799987793, 5109
2.835207462310791, 5108
2.835207462310791, 5107
2.8372035026550293, 5106
2.838198661804199, 5105
2.8401622772216797, 5104
2.84614634513855, 5103
2.8471434116363525, 5102
2.8471434116363525, 5101
2.848173141479492, 5100
2.848173141479492, 5099
2.848173141479492, 5098
2.8491692543029785, 5097
2.8491692543029785, 5096
2.8531618118286133, 5095
2.854156970977783, 5094
2.8551535606384277, 5093
2.859110116958618, 5092
2.859110116958618, 5091
2.860107421875, 5090
2.863100051879883, 5089
2.8650968074798584, 5088
2.866093397140503, 5087
2.8680875301361084, 5086
2.873074769973755, 5085
2.873074769973755, 5084
2.8740718364715576, 5083
2.8750691413879395, 5082
2.8760664463043213, 5081
2.8810575008392334, 5080
2.8820512294769287, 5079
2.884045124053955, 5078
2.885042190551758, 5077
2.8910279273986816, 5076
2.8910279273986816, 5075
2.8930203914642334, 5074
2.894016742706299, 5073
2.8950140476226807, 5072
2.904987096786499, 5071
2.9099738597869873, 5070
2.918949842453003, 5069
2.918949842453003, 5068
2.920945882797241, 5067
2.9229416847229004, 5066
2.929922342300415, 5065
2.9339427947998047, 5064
2.9349396228790283, 5063
2.935938835144043, 5062
2.942887306213379, 5061
2.942887306213379, 5060
2.944882392883301, 5059
2.944882392883301, 5058
2.944882392883301, 5057
2.946005344390869, 5056
2.9491782188415527, 5055
2.9598405361175537, 5054
2.9618356227874756, 5053
2.9618356227874756, 5052
2.9618356227874756, 5051
2.96382999420166, 5050
2.9648280143737793, 5049
2.9668219089508057, 5048
2.9748003482818604, 5047
2.9758312702178955, 5046
2.977825164794922, 5045
2.977825164794922, 5044
2.978822708129883, 5043
2.9828133583068848, 5042
2.9828133583068848, 5041
2.9838149547576904, 5040
2.9838149547576904, 5039
2.984806776046753, 5038
2.9868016242980957, 5037
2.9877984523773193, 5036
2.988797903060913, 5035
2.991788625717163, 5034
2.992753267288208, 5033
2.992753267288208, 5032
2.992753267288208, 5031
2.9937825202941895, 5030
3.000732421875, 5029
3.0027267932891846, 5028
3.003723621368408, 5027
3.00472092628479, 5026
3.0057179927825928, 5025
3.0067152976989746, 5024
3.0087099075317383, 5023
3.00970721244812, 5022
3.0177180767059326, 5021
3.018716335296631, 5020
3.018716335296631, 5019
3.018716335296631, 5018
3.020683526992798, 5017
3.0226993560791016, 5016
3.0276920795440674, 5015
3.0336434841156006, 5014
3.035637855529785, 5013
3.035637855529785, 5012
3.037632465362549, 5011
3.0396273136138916, 5010
3.0406246185302734, 5009
3.04162335395813, 5008
3.0426197052001953, 5007
3.043617010116577, 5006
3.0496366024017334, 5005
3.0496366024017334, 5004
3.0496366024017334, 5003
3.0516278743743896, 5002
3.0525946617126465, 5001
3.0566155910491943, 5000
3.0596063137054443, 4999
3.0615718364715576, 4998
3.064563274383545, 4997
3.0675530433654785, 4996
3.068549871444702, 4995
3.0725390911102295, 4994
3.0735371112823486, 4993
3.0735371112823486, 4992
3.0944809913635254, 4991
3.095477819442749, 4990
3.095477819442749, 4989
3.095477819442749, 4988
3.0974748134613037, 4987
3.098470687866211, 4986
3.1034581661224365, 4985
3.10445499420166, 4984
3.1064491271972656, 4983
3.1084439754486084, 4982
3.1164238452911377, 4981
3.1174209117889404, 4980
3.1224069595336914, 4979
3.1234042644500732, 4978
3.1234042644500732, 4977
3.1263949871063232, 4976
3.128390073776245, 4975
3.129387140274048, 4974
3.131383180618286, 4973
3.1333816051483154, 4972
3.1403591632843018, 4971
3.1413559913635254, 4970
3.1433515548706055, 4969
3.144347667694092, 4968
3.147340774536133, 4967
3.14933443069458, 4966
3.150331974029541, 4965
3.1513285636901855, 4964
3.15531849861145, 4963
3.157315254211426, 4962
3.159308910369873, 4961
3.160306453704834, 4960
3.162302017211914, 4959
3.1653242111206055, 4958
3.166321277618408, 4957
3.1673190593719482, 4956
3.169313430786133, 4955
3.170279026031494, 4954
3.1713080406188965, 4953
3.174299716949463, 4952
3.1792869567871094, 4951
3.180253505706787, 4950
3.1822798252105713, 4949
3.193218946456909, 4948
3.1952128410339355, 4947
3.1952128410339355, 4946
3.1962099075317383, 4945
3.1962099075317383, 4944
3.1972062587738037, 4943
3.2011983394622803, 4942
3.2031917572021484, 4941
3.204188585281372, 4940
3.205186128616333, 4939
3.2061831951141357, 4938
3.2081780433654785, 4937
3.212167501449585, 4936
3.213165283203125, 4935
3.213165283203125, 4934
3.2141616344451904, 4933
3.21519136428833, 4932
3.2161879539489746, 4931
3.2171850204467773, 4930
3.223170518875122, 4929
3.2241334915161133, 4928
3.225163698196411, 4927
3.2281577587127686, 4926
3.2281577587127686, 4925
3.2281577587127686, 4924
3.2291531562805176, 4923
3.2291531562805176, 4922
3.2291531562805176, 4921
3.230154514312744, 4920
3.2351410388946533, 4919
3.2371315956115723, 4918
3.2391273975372314, 4917
3.2450783252716064, 4916
3.2550511360168457, 4915
3.2570457458496094, 4914
3.2580432891845703, 4913
3.259040355682373, 4912
3.2620327472686768, 4911
3.2640271186828613, 4910
3.265026569366455, 4909
3.265026569366455, 4908
3.2660233974456787, 4907
3.2670209407806396, 4906
3.275996685028076, 4905
3.276994228363037, 4904
3.2789885997772217, 4903
3.28297758102417, 4902
3.28297758102417, 4901
3.28297758102417, 4900
3.284008741378784, 4899
3.284008741378784, 4898
3.284008741378784, 4897
3.2879958152770996, 4896
3.2889928817749023, 4895
3.2909886837005615, 4894
3.2919869422912598, 4893
3.2919869422912598, 4892
3.2929837703704834, 4891
3.2929837703704834, 4890
3.294977903366089, 4889
3.2979695796966553, 4888
3.2979695796966553, 4887
3.298966646194458, 4886
3.300929546356201, 4885
3.3019611835479736, 4884
3.3029239177703857, 4883
3.303952693939209, 4882
3.3049514293670654, 4881
3.3079445362091064, 4880
3.3079445362091064, 4879
3.309905767440796, 4878
3.315922260284424, 4877
3.31691837310791, 4876
3.31691837310791, 4875
3.317915916442871, 4874
3.3208818435668945, 4873
3.3208818435668945, 4872
3.321906805038452, 4871
3.321906805038452, 4870
3.322870969772339, 4869
3.325863838195801, 4868
3.3268609046936035, 4867
3.3278579711914062, 4866
3.328855276107788, 4865
3.328855276107788, 4864
3.329852819442749, 4863
3.330850601196289, 4862
3.330850601196289, 4861
3.3318474292755127, 4860
3.3338422775268555, 4859
3.337831974029541, 4858
3.3398258686065674, 4857
3.341820240020752, 4856
3.3438165187835693, 4855
3.3458101749420166, 4854
3.348802089691162, 4853
3.350796699523926, 4852
3.3527917861938477, 4851
3.3547861576080322, 4850
3.356781482696533, 4849
3.357778310775757, 4848
3.360769748687744, 4847
3.3617687225341797, 4846
3.3627662658691406, 4845
3.364759683609009, 4844
3.3667540550231934, 4843
3.3837409019470215, 4842
3.384737014770508, 4841
3.385734796524048, 4840
3.387698173522949, 4839
3.38869571685791, 4838
3.3906900882720947, 4837
3.3926851749420166, 4836
3.394679546356201, 4835
3.4056499004364014, 4834
3.40667986869812, 4833
3.40867280960083, 4832
3.4106361865997314, 4831
3.4116671085357666, 4830
3.412630081176758, 4829
3.428586959838867, 4828
3.435568332672119, 4827
3.43656587600708, 4826
3.437563180923462, 4825
3.4385602474212646, 4824
3.4405553340911865, 4823
3.4415528774261475, 4822
3.4425501823425293, 4821
3.444544553756714, 4820
3.4505295753479004, 4819
3.4505295753479004, 4818
3.460503101348877, 4817
3.4615349769592285, 4816
3.4615349769592285, 4815
3.4615349769592285, 4814
3.4624977111816406, 4813
3.463496208190918, 4812
3.464494228363037, 4811
3.467484474182129, 4810
3.4704763889312744, 4809
3.4784553050994873, 4808
3.4914209842681885, 4807
3.500399351119995, 4806
3.500399351119995, 4805
3.501394271850586, 4804
3.5043866634368896, 4803
3.5163536071777344, 4802
3.5193467140197754, 4801
3.5223381519317627, 4800
3.5263278484344482, 4799
3.52832293510437, 4798
3.532310962677002, 4797
3.5343053340911865, 4796
3.537297010421753, 4795
3.541288375854492, 4794
3.5452778339385986, 4793
3.549269199371338, 4792
3.551260471343994, 4791
3.5562469959259033, 4790
3.5592408180236816, 4789
3.563227415084839, 4788
3.5761935710906982, 4787
3.577190637588501, 4786
3.582181692123413, 4785
3.5841727256774902, 4784
3.589158296585083, 4783
3.591153144836426, 4782
3.5931479930877686, 4781
3.5951430797576904, 4780
3.6001288890838623, 4779
3.6011271476745605, 4778
3.6011271476745605, 4777
3.6021244525909424, 4776
3.6031219959259033, 4775
3.604118585586548, 4774
3.606113910675049, 4773
3.6210758686065674, 4772
3.625062942504883, 4771
3.6260600090026855, 4770
3.627056360244751, 4769
3.6290512084960938, 4768
3.6300482749938965, 4767
3.631047010421753, 4766
3.6330416202545166, 4765
3.6380279064178467, 4764
3.6390249729156494, 4763
3.6390249729156494, 4762
3.6400225162506104, 4761
3.6410200595855713, 4760
3.6460063457489014, 4759
3.6480038166046143, 4758
3.6489980220794678, 4757
3.6559791564941406, 4756
3.6559791564941406, 4755
3.6569762229919434, 4754
3.6569762229919434, 4753
3.6569762229919434, 4752
3.657973527908325, 4751
3.657973527908325, 4750
3.657973527908325, 4749
3.6589713096618652, 4748
3.6589713096618652, 4747
3.6589713096618652, 4746
3.660965919494629, 4745
3.6659531593322754, 4744
3.66694974899292, 4743
3.6679470539093018, 4742
3.669942617416382, 4741
3.6709396839141846, 4740
3.6769230365753174, 4739
3.6769230365753174, 4738
3.677920341491699, 4737
3.677920341491699, 4736
3.677920341491699, 4735
3.682908058166504, 4734
3.682908058166504, 4733
3.682908058166504, 4732
3.6839046478271484, 4731
3.6849019527435303, 4730
3.686896562576294, 4729
3.687893867492676, 4728
3.6888911724090576, 4727
3.6908860206604004, 4726
3.691883087158203, 4725
3.692880868911743, 4724
3.6938774585723877, 4723
3.696871757507324, 4722
3.6988656520843506, 4721
3.699862480163574, 4720
3.7008609771728516, 4719
3.7008609771728516, 4718
3.7008609771728516, 4717
3.70322585105896, 4716
3.708211660385132, 4715
3.7092089653015137, 4714
3.7092089653015137, 4713
3.7102067470550537, 4712
3.712200880050659, 4711
3.71319842338562, 4710
3.721177101135254, 4709
3.723173141479492, 4708
3.7241687774658203, 4707
3.7251663208007812, 4706
3.7271604537963867, 4705
3.728158473968506, 4704
3.74311900138855, 4703
3.745112657546997, 4702
3.7461097240448, 4701
3.74810528755188, 4700
3.7510972023010254, 4699
3.7510972023010254, 4698
3.7510972023010254, 4697
3.75209379196167, 4696
3.75209379196167, 4695
3.7530932426452637, 4694
3.7530932426452637, 4693
3.7530932426452637, 4692
3.7540884017944336, 4691
3.7540884017944336, 4690
3.7540884017944336, 4689
3.7550857067108154, 4688
3.7560830116271973, 4687
3.7560830116271973, 4686
3.7560830116271973, 4685
3.757080316543579, 4684
3.757080316543579, 4683
3.757080316543579, 4682
3.7580785751342773, 4681
3.7580785751342773, 4680
3.759075880050659, 4679
3.76007342338562, 4678
3.761073589324951, 4677
3.761073589324951, 4676
3.778024673461914, 4675
3.824899196624756, 4674
3.8258965015411377, 4673
3.8268935680389404, 4672
3.8278911113739014, 4671
3.8288891315460205, 4670
3.8298871517181396, 4669
3.8308844566345215, 4668
3.839859962463379, 4667
3.8438491821289062, 4666
3.844846487045288, 4665
3.8627989292144775, 4664
3.8657913208007812, 4663
3.8717756271362305, 4662
3.887732744216919, 4661
3.9176533222198486, 4660
3.9236361980438232, 4659
3.9246342182159424, 4658
3.9395933151245117, 4657
3.9405908584594727, 4656
3.941589117050171, 4655
3.9605393409729004, 4654
3.9615366458892822, 4653
3.9625329971313477, 4652
4.003422737121582, 4651
4.005417585372925, 4650
4.006415128707886, 4649
4.007412433624268, 4648
4.040324449539185, 4647
4.052292585372925, 4646
4.0532896518707275, 4645
4.102159261703491, 4644
4.110137701034546, 4643
4.110137701034546, 4642
4.146042108535767, 4641
4.232101917266846, 4640
4.232101917266846, 4639
4.254042625427246, 4638
4.255040645599365, 4637
4.265015602111816, 4636
4.276984214782715, 4635
4.277979373931885, 4634
4.283962965011597, 4633
4.286956310272217, 4632
4.32935094833374, 4631
4.340322256088257, 4630
4.340322256088257, 4629
4.343313932418823, 4628
4.364258289337158, 4627
4.370240926742554, 4626
4.371238708496094, 4625
4.397202730178833, 4624
4.407634735107422, 4623
4.40863037109375, 4622
4.430570602416992, 4621
4.436553955078125, 4620
4.437551021575928, 4619
4.437551021575928, 4618
4.4714601039886475, 4617
4.48745059967041, 4616
4.509359359741211, 4615
4.54326868057251, 4614
4.548255443572998, 4613
4.549252986907959, 4612
4.556234121322632, 4611
4.5711939334869385, 4610
4.608094692230225, 4609
4.6090922355651855, 4608
4.6090922355651855, 4607
4.621062278747559, 4606
4.629038333892822, 4605
4.636019706726074, 4604
4.640009641647339, 4603
4.656965017318726, 4602
4.665940523147583, 4601
4.674917936325073, 4600
4.69286847114563, 4599
4.710821866989136, 4598
4.712817430496216, 4597
4.716804504394531, 4596
4.716804504394531, 4595
4.717803478240967, 4594
4.7537055015563965, 4593
4.761686563491821, 4592
4.770661354064941, 4591
4.775647401809692, 4590
4.775647401809692, 4589
4.78462290763855, 4588
4.785619735717773, 4587
4.785619735717773, 4586
4.785619735717773, 4585
4.792601823806763, 4584
4.793600797653198, 4583
4.79459810256958, 4582
4.806565761566162, 4581
4.828505992889404, 4580
4.828505992889404, 4579
4.851445913314819, 4578
4.851445913314819, 4577
4.85244345664978, 4576
4.872389554977417, 4575
4.878373384475708, 4574
4.8793699741363525, 4573
4.880367755889893, 4572
4.8843560218811035, 4571
4.890340089797974, 4570
4.890340089797974, 4569
4.895326375961304, 4568
4.906299114227295, 4567
4.906299114227295, 4566
4.9082934856414795, 4565
4.911285638809204, 4564
4.911285638809204, 4563
4.922257661819458, 4562
4.92524790763855, 4561
4.9322285652160645, 4560
4.93721604347229, 4559
4.945193290710449, 4558
4.945193290710449, 4557
4.964145660400391, 4556
4.992069482803345, 4555
4.997056484222412, 4554
5.0339579582214355, 4553
5.034954786300659, 4552
5.065875053405762, 4551
5.066868543624878, 4550
5.081830263137817, 4549
5.081830263137817, 4548
5.082827568054199, 4547
5.088811159133911, 4546
5.096789121627808, 4545
5.108757257461548, 4544
5.13169527053833, 4543
5.144660234451294, 4542
5.144660234451294, 4541
5.14565896987915, 4540
5.14565896987915, 4539
5.1546337604522705, 4538
5.1765758991241455, 4537
5.177573204040527, 4536
5.180565357208252, 4535
5.188543319702148, 4534
5.210517406463623, 4533
5.220457553863525, 4532
5.221456527709961, 4531
5.222453832626343, 4530
5.24143648147583, 4529
5.24143648147583, 4528
5.243431091308594, 4527
5.256364107131958, 4526
5.257359266281128, 4525
5.258356332778931, 4524
5.302239418029785, 4523
5.302239418029785, 4522
5.313247203826904, 4521
5.36710262298584, 4520
5.375082492828369, 4519
5.453871011734009, 4518
5.468831300735474, 4517
5.469829559326172, 4516
5.470825910568237, 4515
5.522688627243042, 4514
5.523684978485107, 4513
5.563578367233276, 4512
5.574548244476318, 4511
5.575546026229858, 4510
5.590510368347168, 4509
5.611449241638184, 4508
5.641453981399536, 4507
5.642450332641602, 4506
5.6504294872283936, 4505
5.651426076889038, 4504
5.695309162139893, 4503
5.6963067054748535, 4502
5.700297117233276, 4501
5.733720541000366, 4500
5.734716892242432, 4499
5.8319783210754395, 4498
5.839953422546387, 4497
5.849926233291626, 4496
5.850924015045166, 4495
5.861894607543945, 4494
5.871867656707764, 4493
5.874859571456909, 4492
5.875856876373291, 4491
5.905777931213379, 4490
5.905777931213379, 4489
5.905777931213379, 4488
5.906774282455444, 4487
5.906774282455444, 4486
5.911761045455933, 4485
5.9161598682403564, 4484
5.9171576499938965, 4483
5.935113191604614, 4482
5.9361114501953125, 4481
5.937104940414429, 4480
5.9381020069122314, 4479
5.9640326499938965, 4478
5.965030908584595, 4477
6.006917715072632, 4476
6.006917715072632, 4475
6.006917715072632, 4474
6.0079145431518555, 4473
6.053110599517822, 4472
6.076049566268921, 4471
6.0800395011901855, 4470
6.0930047035217285, 4469
6.108961582183838, 4468
6.108961582183838, 4467
6.118450403213501, 4466
6.121442079544067, 4465
6.148369312286377, 4464
6.148369312286377, 4463
6.151361465454102, 4462
6.158342361450195, 4461
6.158342361450195, 4460
6.159339427947998, 4459
6.175297975540161, 4458
6.1772918701171875, 4457
6.1772918701171875, 4456
6.188262701034546, 4455
6.188262701034546, 4454
6.196242094039917, 4453
6.212199449539185, 4452
6.213196039199829, 4451
6.213712215423584, 4450
6.221684694290161, 4449
6.229664325714111, 4448
6.2386391162872314, 4447
6.287508249282837, 4446
6.321417331695557, 4445
6.331390857696533, 4444
6.332387685775757, 4443
6.332387685775757, 4442
6.339368581771851, 4441
6.347347736358643, 4440
6.35732102394104, 4439
6.359317064285278, 4438
6.3962180614471436, 4437
6.397215127944946, 4436
6.401207208633423, 4435
6.410179376602173, 4434
6.424143075942993, 4433
6.427136659622192, 4432
6.433126211166382, 4431
6.452068328857422, 4430
6.5049262046813965, 4429
6.508915662765503, 4428
6.5129053592681885, 4427
6.5129053592681885, 4426
6.525869607925415, 4425
6.5268683433532715, 4424
6.532851696014404, 4423
6.538836240768433, 4422
6.558781623840332, 4421
6.558781623840332, 4420
6.564765930175781, 4419
6.568756341934204, 4418
6.582718849182129, 4417
6.6026647090911865, 4416
6.606653928756714, 4415
6.611640453338623, 4414
6.626633644104004, 4413
6.680457353591919, 4412
6.680457353591919, 4411
6.68145489692688, 4410
6.734344720840454, 4409
6.749274015426636, 4408
6.7502710819244385, 4407
6.777231216430664, 4406
6.79614782333374, 4405
6.800166368484497, 4404
6.8250696659088135, 4403
6.826066732406616, 4402
6.851035118103027, 4401
6.854025840759277, 4400
6.8599770069122314, 4399
6.860974311828613, 4398
6.860974311828613, 4397
6.878926038742065, 4396
6.879923343658447, 4395
6.879923343658447, 4394
6.880922794342041, 4393
6.960708856582642, 4392
6.960708856582642, 4391
6.964730978012085, 4390
6.964730978012085, 4389
6.964730978012085, 4388
6.968719005584717, 4387
6.972675800323486, 4386
6.972675800323486, 4385
6.979689359664917, 4384
6.9976420402526855, 4383
7.021547317504883, 4382
7.027529954910278, 4381
7.027529954910278, 4380
7.033512830734253, 4379
7.0414934158325195, 4378
7.066427230834961, 4377
7.100335359573364, 4376
7.11030912399292, 4375
7.1162919998168945, 4374
7.1172895431518555, 4373
7.121282339096069, 4372
7.125267505645752, 4371
7.1422247886657715, 4370
7.143220901489258, 4369
7.221011638641357, 4368
7.227991819381714, 4367
7.240959882736206, 4366
7.242953062057495, 4365
7.24893593788147, 4364
7.24893593788147, 4363
7.266890525817871, 4362
7.267887592315674, 4361
7.267887592315674, 4360
7.276861906051636, 4359
7.292819261550903, 4358
7.292819261550903, 4357
7.29481315612793, 4356
7.350665807723999, 4355
7.353691577911377, 4354
7.407546281814575, 4353
7.415490627288818, 4352
7.4174888134002686, 4351
7.439688444137573, 4350
7.440686464309692, 4349
7.446670293807983, 4348
7.451655387878418, 4347
7.451655387878418, 4346
7.452653408050537, 4345
7.471604824066162, 4344
7.471604824066162, 4343
7.472602367401123, 4342
7.491552829742432, 4341
7.4955384731292725, 4340
7.498530387878418, 4339
7.5085062980651855, 4338
7.513524532318115, 4337
7.520472049713135, 4336
7.529994010925293, 4335
7.540966749191284, 4334
7.544986963272095, 4333
7.56789231300354, 4332
7.586874723434448, 4331
7.593856573104858, 4330
7.653172731399536, 4329
7.65416955947876, 4328
7.65416955947876, 4327
7.659156322479248, 4326
7.660153865814209, 4325
7.666139364242554, 4324
7.68109917640686, 4323
7.698083400726318, 4322
7.698083400726318, 4321
7.7070300579071045, 4320
7.751908302307129, 4319
7.756894826889038, 4318
7.773852109909058, 4317
7.841669797897339, 4316
7.8855509757995605, 4315
7.886548280715942, 4314
7.8935301303863525, 4313
7.8935301303863525, 4312
7.907524824142456, 4311
7.943429470062256, 4310
7.9444262981414795, 4309
7.957359075546265, 4308
7.969326972961426, 4307
7.974313497543335, 4306
7.976309299468994, 4305
7.982293367385864, 4304
7.986281394958496, 4303
8.120923042297363, 4302
8.120923042297363, 4301
8.122918128967285, 4300
8.122918128967285, 4299
8.129899024963379, 4298
8.22364854812622, 4297
8.251572132110596, 4296
8.255561351776123, 4295
8.265535116195679, 4294
8.26653265953064, 4293
8.284517049789429, 4292
8.310414552688599, 4291
8.315401315689087, 4290
8.316398620605469, 4289
8.360283136367798, 4288
8.362308979034424, 4287
8.375243663787842, 4286
8.383222341537476, 4285
8.397215366363525, 4284
8.404197692871094, 4283
8.425140619277954, 4282
8.475008726119995, 4281
8.48395323753357, 4280
8.485945701599121, 4279
8.502902746200562, 4278
8.503899097442627, 4277
8.520853757858276, 4276
8.527835607528687, 4275
8.533822536468506, 4274
8.587673425674438, 4273
8.61759352684021, 4272
8.618590831756592, 4271
8.643524408340454, 4270
8.658483982086182, 4269
8.662473678588867, 4268
8.665466070175171, 4267
8.674442768096924, 4266
8.733285903930664, 4265
8.733285903930664, 4264
8.74226188659668, 4263
8.74924111366272, 4262
8.781158924102783, 4261
8.799110174179077, 4260
8.8001070022583, 4259
8.8120756149292, 4258
8.826037645339966, 4257
8.837008237838745, 4256
8.838005542755127, 4255
8.842993259429932, 4254
8.849973917007446, 4253
8.988022327423096, 4252
9.055871963500977, 4251
9.0618577003479, 4250
9.10072112083435, 4249
9.120667457580566, 4248
9.182501554489136, 4247
9.27425742149353, 4246
9.37299370765686, 4245
9.444799900054932, 4244
9.577444791793823, 4243
9.663217544555664, 4242
9.66421389579773, 4241
9.696127653121948, 4240
9.72205901145935, 4239
9.72205901145935, 4238
9.793866872787476, 4237
9.793866872787476, 4236
9.829770803451538, 4235
9.829770803451538, 4234
9.829770803451538, 4233
9.834757328033447, 4232
9.834757328033447, 4231
9.837748765945435, 4230
9.837748765945435, 4229
9.838746070861816, 4228
9.845727443695068, 4227
9.852710723876953, 4226
9.867669582366943, 4225
9.88163447380066, 4224
9.905569076538086, 4223
9.905569076538086, 4222
9.906566619873047, 4221
9.954439640045166, 4220
9.962416648864746, 4219
9.972391605377197, 4218
9.98834776878357, 4217
10.021260499954224, 4216
10.037217855453491, 4215
10.038214445114136, 4214
10.039211511611938, 4213
10.056172847747803, 4212
10.058166027069092, 4211
10.071130990982056, 4210
10.091078281402588, 4209
10.157898664474487, 4208
10.216773748397827, 4207
10.216773748397827, 4206
10.227712392807007, 4205
10.267613410949707, 4204
10.272598505020142, 4203
10.272598505020142, 4202
10.290550708770752, 4201
10.295537233352661, 4200
10.295537233352661, 4199
10.296569108963013, 4198
10.332437753677368, 4197
10.341446876525879, 4196
10.372878074645996, 4195
10.372878074645996, 4194
10.423772811889648, 4193
10.449700832366943, 4192
10.468621730804443, 4191
10.49458646774292, 4190
10.501534700393677, 4189
10.502532005310059, 4188
10.502532005310059, 4187
10.51848840713501, 4186
10.51848840713501, 4185
10.548407316207886, 4184
10.60126781463623, 4183
10.60226559638977, 4182
10.60226559638977, 4181
10.68555235862732, 4180
10.692533731460571, 4179
10.696523666381836, 4178
10.696523666381836, 4177
10.696523666381836, 4176
10.706497192382812, 4175
10.7115159034729, 4174
10.716505765914917, 4173
10.731429815292358, 4172
10.752373933792114, 4171
10.766336679458618, 4170
10.814209938049316, 4169
10.81520676612854, 4168
10.819195747375488, 4167
10.825179815292358, 4166
10.843132019042969, 4165
10.961814880371094, 4164
10.994726181030273, 4163
11.000709772109985, 4162
11.005696296691895, 4161
11.078502893447876, 4160
11.082492113113403, 4159
11.083492755889893, 4158
11.083492755889893, 4157
11.084487915039062, 4156
11.084487915039062, 4155
11.085485219955444, 4154
11.16327714920044, 4153
11.177238702774048, 4152
11.202173471450806, 4151
11.202173471450806, 4150
11.210151195526123, 4149
11.219126224517822, 4148
11.234086275100708, 4147
11.292930126190186, 4146
11.34977674484253, 4145
11.359816312789917, 4144
11.368793487548828, 4143
11.372781991958618, 4142
11.456526041030884, 4141
11.514371156692505, 4140
11.521355628967285, 4139
11.521355628967285, 4138
11.542298078536987, 4137
11.714769840240479, 4136
11.71576714515686, 4135
11.752668380737305, 4134
11.765144109725952, 4133
11.765144109725952, 4132
12.044903755187988, 4131
12.052882432937622, 4130
12.052882432937622, 4129
12.052882432937622, 4128
12.116713047027588, 4127
12.168572902679443, 4126
12.172562837600708, 4125
12.179543733596802, 4124
12.185529470443726, 4123
12.186526536941528, 4122
12.186526536941528, 4121
12.203481912612915, 4120
12.26531434059143, 4119
12.26531434059143, 4118
12.304243087768555, 4117
12.319169998168945, 4116
12.319169998168945, 4115
12.57947587966919, 4114
12.587485313415527, 4113
12.589481353759766, 4112
12.589481353759766, 4111
12.610392093658447, 4110
12.626350402832031, 4109
12.626350402832031, 4108
12.630338191986084, 4107
12.647292852401733, 4106
12.715182065963745, 4105
12.994596481323242, 4104
13.033523559570312, 4103
13.250694990158081, 4102
13.263661861419678, 4101
13.2656569480896, 4100
13.306574821472168, 4099
13.307576179504395, 4098
13.332478046417236, 4097
13.333509922027588, 4096
13.333509922027588, 4095
13.338460206985474, 4094
13.352456092834473, 4093
13.362396240234375, 4092
13.362396240234375, 4091
13.407276153564453, 4090
13.407276153564453, 4089
13.425231218338013, 4088
13.454150676727295, 4087
13.466120958328247, 4086
13.466120958328247, 4085
13.958829164505005, 4084
13.96079707145691, 4083
13.961796045303345, 4082
13.966781616210938, 4081
14.011693954467773, 4080
14.03160834312439, 4079
14.186702966690063, 4078
14.224599599838257, 4077
14.316391706466675, 4076
14.708713054656982, 4075
14.772541522979736, 4074
14.789495944976807, 4073
14.789495944976807, 4072
14.828391790390015, 4071
14.879258632659912, 4070
14.905187129974365, 4069
14.936103820800781, 4068
15.135602951049805, 4067
15.17147707939148, 4066
15.187464475631714, 4065
15.188453435897827, 4064
15.338030576705933, 4063
15.373936176300049, 4062
16.573886156082153, 4061
16.580869436264038, 4060
16.656699419021606, 4059
16.78931212425232, 4058
16.831198692321777, 4057
16.84416365623474, 4056
16.890042543411255, 4055
16.89107060432434, 4054
16.90400457382202, 4053
17.09549307823181, 4052
17.152341604232788, 4051
17.26134943962097, 4050
17.265337467193604, 4049
17.443861484527588, 4048
17.5110502243042, 4047
17.630728006362915, 4046
17.747417449951172, 4045
17.776340007781982, 4044
17.799309492111206, 4043
17.93192410469055, 4042
18.02969789505005, 4041
18.065598964691162, 4040
18.092493772506714, 4039
18.389700412750244, 4038
18.405689239501953, 4037
18.410644054412842, 4036
18.506454944610596, 4035
18.52936100959778, 4034
18.54432201385498, 4033
18.54834508895874, 4032
18.562273740768433, 4031
18.56529712677002, 4030
18.637144327163696, 4029
18.642099618911743, 4028
18.66603183746338, 4027
18.669024229049683, 4026
18.6700222492218, 4025
18.724518060684204, 4024
19.018694400787354, 4023
19.068562984466553, 4022
19.09600305557251, 4021
19.1358962059021, 4020
19.18328356742859, 4019
19.24511742591858, 4018
19.24511742591858, 4017
19.28501057624817, 4016
19.32490563392639, 4015
19.45755100250244, 4014
19.609217643737793, 4013
19.785743236541748, 4012
19.97623586654663, 4011
19.97623586654663, 4010
20.100869178771973, 4009
20.19465470314026, 4008
20.335280179977417, 4007
20.376171112060547, 4006
20.431023597717285, 4005
20.941187620162964, 4004
20.970113039016724, 4003
20.989057540893555, 4002
21.05687665939331, 4001
21.567511796951294, 4000
21.646300077438354, 3999
21.75301504135132, 3998
21.7570059299469, 3997
21.772964477539062, 3996
21.781970500946045, 3995
21.787954092025757, 3994
22.352531671524048, 3993
22.42334222793579, 3992
22.57294249534607, 3991
22.971877098083496, 3990
23.171342372894287, 3989
23.279053449630737, 3988
23.284558057785034, 3987
23.291539192199707, 3986
23.308493852615356, 3985
