0.06183338165283203, 5605
0.08676648139953613, 5604
0.10072875022888184, 5603
0.11568808555603027, 5602
0.1216745376586914, 5601
0.1216745376586914, 5600
0.12267136573791504, 5599
0.12366890907287598, 5598
0.20943999290466309, 5597
0.24733877182006836, 5596
0.2543189525604248, 5595
0.2762925624847412, 5594
0.2962069511413574, 5593
0.30019593238830566, 5592
0.30019593238830566, 5591
0.31618475914001465, 5590
0.31618475914001465, 5589
0.318148136138916, 5588
0.318148136138916, 5587
0.318148136138916, 5586
0.31914448738098145, 5585
0.31914448738098145, 5584
0.31914448738098145, 5583
0.3201420307159424, 5582
0.3211405277252197, 5581
0.32512807846069336, 5580
0.42389941215515137, 5579
0.42389941215515137, 5578
0.424893856048584, 5577
0.424893856048584, 5576
0.424893856048584, 5575
0.43486833572387695, 5574
0.4637885093688965, 5573
0.46478819847106934, 5572
0.4687473773956299, 5571
0.4697422981262207, 5570
0.5356009006500244, 5569
0.5365631580352783, 5568
0.5395560264587402, 5567
0.5425498485565186, 5566
0.5435528755187988, 5565
0.5445432662963867, 5564
0.5455429553985596, 5563
0.5465712547302246, 5562
0.5535190105438232, 5561
0.5565099716186523, 5560
0.558537483215332, 5559
0.5595035552978516, 5558
0.5644898414611816, 5557
1.0172779560089111, 5556
1.041213035583496, 5555
1.0701391696929932, 5554
1.0721306800842285, 5553
1.0731279850006104, 5552
1.1210026741027832, 5551
1.1239941120147705, 5550
1.1239941120147705, 5549
1.1249909400939941, 5548
1.1439385414123535, 5547
1.1459331512451172, 5546
1.1469311714172363, 5545
1.1499240398406982, 5544
1.1519191265106201, 5543
1.1539130210876465, 5542
1.2406811714172363, 5541
1.2426753044128418, 5540
1.2745904922485352, 5539
1.275587558746338, 5538
1.2935385704040527, 5537
1.2945387363433838, 5536
1.2945387363433838, 5535
1.2955331802368164, 5534
1.3394184112548828, 5533
1.3404479026794434, 5532
1.3414461612701416, 5531
1.368340015411377, 5530
1.371363639831543, 5529
1.376317024230957, 5528
1.3813040256500244, 5527
1.3823010921478271, 5526
1.3823010921478271, 5525
1.3823010921478271, 5524
1.3823010921478271, 5523
1.3882882595062256, 5522
1.394301414489746, 5521
1.3962972164154053, 5520
1.397296667098999, 5519
1.3982908725738525, 5518
1.4132213592529297, 5517
1.4132213592529297, 5516
1.415215015411377, 5515
1.4162120819091797, 5514
1.421199083328247, 5513
1.4271845817565918, 5512
1.4281814098358154, 5511
1.442141056060791, 5510
1.442141056060791, 5509
1.4451332092285156, 5508
1.4461305141448975, 5507
1.4471282958984375, 5506
1.4471282958984375, 5505
1.4491281509399414, 5504
1.4601261615753174, 5503
1.4611217975616455, 5502
1.464116096496582, 5501
1.464116096496582, 5500
1.4969944953918457, 5499
1.4979920387268066, 5498
1.5199394226074219, 5497
1.5199394226074219, 5496
1.5199394226074219, 5495
1.5209310054779053, 5494
1.5259170532226562, 5493
1.5358929634094238, 5492
1.5538437366485596, 5491
1.5548419952392578, 5490
1.5558385848999023, 5489
1.5588300228118896, 5488
1.5618219375610352, 5487
1.563816785812378, 5486
1.5688047409057617, 5485
1.56980299949646, 5484
1.5727953910827637, 5483
1.5808091163635254, 5482
1.584761142730713, 5481
1.6136846542358398, 5480
1.6406121253967285, 5479
1.6416082382202148, 5478
1.6426055431365967, 5477
1.6436026096343994, 5476
1.6446001529693604, 5475
1.6525795459747314, 5474
1.7423410415649414, 5473
1.7453317642211914, 5472
1.748323678970337, 5471
1.7543079853057861, 5470
1.7612888813018799, 5469
1.7622861862182617, 5468
1.7632834911346436, 5467
1.7722601890563965, 5466
1.7732570171356201, 5465
1.7752516269683838, 5464
1.7762491703033447, 5463
1.7802391052246094, 5462
1.7802391052246094, 5461
1.7882177829742432, 5460
1.7932024002075195, 5459
1.7932024002075195, 5458
1.8051764965057373, 5457
1.8081645965576172, 5456
1.8141469955444336, 5455
1.8231239318847656, 5454
1.8301069736480713, 5453
1.8311021327972412, 5452
1.8370893001556396, 5451
1.8370893001556396, 5450
1.838083267211914, 5449
1.8440678119659424, 5448
1.8540408611297607, 5447
1.858029842376709, 5446
1.8590269088745117, 5445
1.8590269088745117, 5444
1.8600249290466309, 5443
1.8630166053771973, 5442
1.8690013885498047, 5441
1.8739862442016602, 5440
1.8739862442016602, 5439
1.913879632949829, 5438
1.9148776531219482, 5437
1.9428369998931885, 5436
1.9428369998931885, 5435
1.9448304176330566, 5434
1.9477927684783936, 5433
1.9488205909729004, 5432
1.9488205909729004, 5431
1.9488205909729004, 5430
1.9498167037963867, 5429
1.9498167037963867, 5428
1.950782060623169, 5427
1.950782060623169, 5426
1.9597594738006592, 5425
1.9627811908721924, 5424
1.9687349796295166, 5423
1.9707283973693848, 5422
1.9727239608764648, 5421
1.976715087890625, 5420
1.9816999435424805, 5419
1.992701530456543, 5418
1.9937007427215576, 5417
1.9946963787078857, 5416
1.9946963787078857, 5415
1.9946963787078857, 5414
2.0026440620422363, 5413
2.0036404132843018, 5412
2.0066325664520264, 5411
2.008627414703369, 5410
2.0146446228027344, 5409
2.0146446228027344, 5408
2.020594596862793, 5407
2.020594596862793, 5406
2.026578426361084, 5405
2.026578426361084, 5404
2.029571533203125, 5403
2.029571533203125, 5402
2.0365846157073975, 5401
2.0365846157073975, 5400
2.0375819206237793, 5399
2.0375819206237793, 5398
2.0375819206237793, 5397
2.039578676223755, 5396
2.0405735969543457, 5395
2.041571617126465, 5394
2.0475239753723145, 5393
2.048553228378296, 5392
2.04952073097229, 5391
2.04952073097229, 5390
2.0525131225585938, 5389
2.05350923538208, 5388
2.0565311908721924, 5387
2.0575289726257324, 5386
2.060520648956299, 5385
2.0615181922912598, 5384
2.064509868621826, 5383
2.0694642066955566, 5382
2.0784411430358887, 5381
2.0804362297058105, 5380
2.0814342498779297, 5379
2.091439962387085, 5378
2.093432664871216, 5377
2.094430446624756, 5376
2.0954270362854004, 5375
2.096424102783203, 5374
2.099385976791382, 5373
2.1083614826202393, 5372
2.109358787536621, 5371
2.1303038597106934, 5370
2.1332945823669434, 5369
2.1332945823669434, 5368
2.1342923641204834, 5367
2.153280735015869, 5366
2.153280735015869, 5365
2.154270648956299, 5364
2.1552696228027344, 5363
2.156264305114746, 5362
2.1572625637054443, 5361
2.1592273712158203, 5360
2.1602237224578857, 5359
2.1652092933654785, 5358
2.1662065982818604, 5357
2.167203426361084, 5356
2.1721911430358887, 5355
2.173187732696533, 5354
2.173187732696533, 5353
2.1741855144500732, 5352
2.1771771907806396, 5351
2.181166648864746, 5350
2.182163953781128, 5349
2.1831612586975098, 5348
2.1841588020324707, 5347
2.1871497631073, 5346
2.1881487369537354, 5345
2.191171884536743, 5344
2.191171884536743, 5343
2.1921682357788086, 5342
2.1931662559509277, 5341
2.1931662559509277, 5340
2.1931662559509277, 5339
2.195162773132324, 5338
2.1971561908721924, 5337
2.2060983180999756, 5336
2.2071008682250977, 5335
2.2090907096862793, 5334
2.2230541706085205, 5333
2.2240538597106934, 5332
2.265939712524414, 5331
2.274918794631958, 5330
2.280416250228882, 5329
2.2814135551452637, 5328
2.2933807373046875, 5327
2.3023576736450195, 5326
2.325295925140381, 5325
2.327291250228882, 5324
2.340256929397583, 5323
2.342249631881714, 5322
2.342249631881714, 5321
2.345242500305176, 5320
2.3462393283843994, 5319
2.3462393283843994, 5318
2.3462393283843994, 5317
2.349231481552124, 5316
2.350229263305664, 5315
2.3512589931488037, 5314
2.3592374324798584, 5313
2.360236883163452, 5312
2.360236883163452, 5311
2.3681819438934326, 5310
2.3691787719726562, 5309
2.3721699714660645, 5308
2.3721699714660645, 5307
2.3781542778015137, 5306
2.3781542778015137, 5305
2.3791518211364746, 5304
2.3791518211364746, 5303
2.3801498413085938, 5302
2.3801498413085938, 5301
2.38114595413208, 5300
2.38114595413208, 5299
2.385136127471924, 5298
2.3861324787139893, 5297
2.389125347137451, 5296
2.3921170234680176, 5295
2.393148422241211, 5294
2.394144296646118, 5293
2.395138740539551, 5292
2.400097370147705, 5291
2.4011263847351074, 5290
2.4011263847351074, 5289
2.4011263847351074, 5288
2.4021224975585938, 5287
2.4021224975585938, 5286
2.4021224975585938, 5285
2.403087854385376, 5284
2.403087854385376, 5283
2.403087854385376, 5282
2.4040849208831787, 5281
2.4040849208831787, 5280
2.4050819873809814, 5279
2.412064790725708, 5278
2.4160561561584473, 5277
2.4210407733917236, 5276
2.4240334033966064, 5275
2.43001651763916, 5274
2.43001651763916, 5273
2.432011127471924, 5272
2.437997341156006, 5271
2.4389939308166504, 5270
2.4389939308166504, 5269
2.4389939308166504, 5268
2.4399912357330322, 5267
2.451958179473877, 5266
2.4539530277252197, 5265
2.4569454193115234, 5264
2.4569454193115234, 5263
2.457941770553589, 5262
2.4589385986328125, 5261
2.4599366188049316, 5260
2.460932970046997, 5259
2.469911575317383, 5258
2.4719040393829346, 5257
2.480881929397583, 5256
2.483875274658203, 5255
2.490856647491455, 5254
2.494845151901245, 5253
2.495842456817627, 5252
2.496839761734009, 5251
2.496839761734009, 5250
2.5028233528137207, 5249
2.5038211345672607, 5248
2.504819631576538, 5247
2.504819631576538, 5246
2.504819631576538, 5245
2.521772623062134, 5244
2.5227699279785156, 5243
2.5277585983276367, 5242
2.5327436923980713, 5241
2.5357367992401123, 5240
2.536733865737915, 5239
2.536733865737915, 5238
2.538727045059204, 5237
2.5397260189056396, 5236
2.551694631576538, 5235
2.5536885261535645, 5234
2.5736336708068848, 5233
2.5746312141418457, 5232
2.575629472732544, 5231
2.5776238441467285, 5230
2.5856056213378906, 5229
2.588594913482666, 5228
2.6035549640655518, 5227
2.625497817993164, 5226
2.6264939308166504, 5225
2.6264939308166504, 5224
2.6274943351745605, 5223
2.6314797401428223, 5222
2.6354706287384033, 5221
2.651427984237671, 5220
2.65840744972229, 5219
2.6604018211364746, 5218
2.661400079727173, 5217
2.66339373588562, 5216
2.66439151763916, 5215
2.669379472732544, 5214
2.6723711490631104, 5213
2.6753625869750977, 5212
2.6763596534729004, 5211
2.6773574352264404, 5210
2.6806724071502686, 5209
2.6816694736480713, 5208
2.6966304779052734, 5207
2.6966304779052734, 5206
2.7056057453155518, 5205
2.706603527069092, 5204
2.7086007595062256, 5203
2.71059250831604, 5202
2.71059250831604, 5201
2.71059250831604, 5200
2.7135848999023438, 5199
2.7135848999023438, 5198
2.7155797481536865, 5197
2.7155797481536865, 5196
2.7175776958465576, 5195
2.7185733318328857, 5194
2.7195703983306885, 5193
2.723557472229004, 5192
2.7265493869781494, 5191
2.7265493869781494, 5190
2.728545904159546, 5189
2.730539083480835, 5188
2.7335338592529297, 5187
2.7365238666534424, 5186
2.7375214099884033, 5185
2.7385177612304688, 5184
2.7405123710632324, 5183
2.7415096759796143, 5182
2.7435073852539062, 5181
2.7445034980773926, 5180
2.7464969158172607, 5179
2.7494893074035645, 5178
2.757467031478882, 5177
2.7604598999023438, 5176
2.7604598999023438, 5175
2.7624542713165283, 5174
2.76345157623291, 5173
2.764448881149292, 5172
2.775419235229492, 5171
2.7809128761291504, 5170
2.7888922691345215, 5169
2.7898902893066406, 5168
2.794875144958496, 5167
2.7988646030426025, 5166
2.8058459758758545, 5165
2.8078420162200928, 5164
2.812828779220581, 5163
2.812828779220581, 5162
2.8138248920440674, 5161
2.8148226737976074, 5160
2.823798656463623, 5159
2.823798656463623, 5158
2.8247954845428467, 5157
2.8247954845428467, 5156
2.8247954845428467, 5155
2.8257927894592285, 5154
2.826791286468506, 5153
2.827792167663574, 5152
2.8287863731384277, 5151
2.830780029296875, 5150
2.8327744007110596, 5149
2.835767984390259, 5148
2.8407533168792725, 5147
2.8407533168792725, 5146
2.841750383377075, 5145
2.8427484035491943, 5144
2.8427484035491943, 5143
2.843745231628418, 5142
2.8457396030426025, 5141
2.8587050437927246, 5140
2.8587050437927246, 5139
2.859703302383423, 5138
2.8616976737976074, 5137
2.8616976737976074, 5136
2.8616976737976074, 5135
2.8686792850494385, 5134
2.8726673126220703, 5133
2.919055461883545, 5132
2.9200525283813477, 5131
2.921049118041992, 5130
2.9220473766326904, 5129
2.923043966293335, 5128
2.926042318344116, 5127
2.937012195587158, 5126
2.9380054473876953, 5125
2.9409966468811035, 5124
2.955956220626831, 5123
2.961939573287964, 5122
2.961939573287964, 5121
2.961939573287964, 5120
2.9629368782043457, 5119
2.9629368782043457, 5118
2.9639358520507812, 5117
2.965928554534912, 5116
2.971914529800415, 5115
2.972910165786743, 5114
2.9769022464752197, 5113
2.9788947105407715, 5112
2.9923694133758545, 5111
2.9933667182922363, 5110
2.9933667182922363, 5109
2.994364023208618, 5108
2.994364023208618, 5107
2.996358871459961, 5106
2.997356414794922, 5105
2.9993515014648438, 5104
3.007331371307373, 5103
3.007331371307373, 5102
3.008328676223755, 5101
3.0093255043029785, 5100
3.0093255043029785, 5099
3.010322093963623, 5098
3.011319637298584, 5097
3.011319637298584, 5096
3.0212934017181396, 5095
3.0222904682159424, 5094
3.023286819458008, 5093
3.028275489807129, 5092
3.028275489807129, 5091
3.0292723178863525, 5090
3.0322625637054443, 5089
3.03525710105896, 5088
3.036252975463867, 5087
3.037249803543091, 5086
3.041238784790039, 5085
3.041238784790039, 5084
3.042236089706421, 5083
3.042236089706421, 5082
3.043234348297119, 5081
3.048222064971924, 5080
3.0502166748046875, 5079
3.052210569381714, 5078
3.053208351135254, 5077
3.057197093963623, 5076
3.058194637298584, 5075
3.059192419052124, 5074
3.060189723968506, 5073
3.062183380126953, 5072
3.075147867202759, 5071
3.081134080886841, 5070
3.0911056995391846, 5069
3.0921037197113037, 5068
3.093100070953369, 5067
3.0940980911254883, 5066
3.0990848541259766, 5065
3.1040706634521484, 5064
3.1050679683685303, 5063
3.1050679683685303, 5062
3.1120498180389404, 5061
3.1120498180389404, 5060
3.114043951034546, 5059
3.114043951034546, 5058
3.114043951034546, 5057
3.1150412559509277, 5056
3.1160385608673096, 5055
3.121025562286377, 5054
3.1220226287841797, 5053
3.1220226287841797, 5052
3.1230199337005615, 5051
3.124018907546997, 5050
3.1260128021240234, 5049
3.1280083656311035, 5048
3.137979745864868, 5047
3.1389777660369873, 5046
3.1409718990325928, 5045
3.1409718990325928, 5044
3.141970157623291, 5043
3.144961357116699, 5042
3.144961357116699, 5041
3.145958662033081, 5040
3.145958662033081, 5039
3.147963047027588, 5038
3.150947093963623, 5037
3.152940034866333, 5036
3.1539385318756104, 5035
3.157926559448242, 5034
3.157926559448242, 5033
3.1589245796203613, 5032
3.1589245796203613, 5031
3.1589245796203613, 5030
3.1659061908721924, 5029
3.1698968410491943, 5028
3.1698968410491943, 5027
3.170893430709839, 5026
3.173884868621826, 5025
3.175882339477539, 5024
3.17687726020813, 5023
3.178872585296631, 5022
3.187851905822754, 5021
3.187851905822754, 5020
3.1888465881347656, 5019
3.189842939376831, 5018
3.190845012664795, 5017
3.1938326358795166, 5016
3.1988189220428467, 5015
3.212780714035034, 5014
3.2147772312164307, 5013
3.215772867202759, 5012
3.2177679538726807, 5011
3.221756935119629, 5010
3.221756935119629, 5009
3.2227532863616943, 5008
3.224747896194458, 5007
3.2257461547851562, 5006
3.2317306995391846, 5005
3.232727527618408, 5004
3.232727527618408, 5003
3.233724355697632, 5002
3.2347211837768555, 5001
3.239708423614502, 5000
3.2427010536193848, 4999
3.2436981201171875, 4998
3.2446954250335693, 4997
3.2486860752105713, 4996
3.2496821880340576, 4995
3.2536706924438477, 4994
3.2536706924438477, 4993
3.2546679973602295, 4992
3.273618459701538, 4991
3.273618459701538, 4990
3.27461576461792, 4989
3.27461576461792, 4988
3.2756118774414062, 4987
3.276609182357788, 4986
3.2805991172790527, 4985
3.2805991172790527, 4984
3.2825937271118164, 4983
3.2835934162139893, 4982
3.2885780334472656, 4981
3.2885780334472656, 4980
3.2905728816986084, 4979
3.291569709777832, 4978
3.291569709777832, 4977
3.2945611476898193, 4976
3.296555995941162, 4975
3.2975542545318604, 4974
3.298551082611084, 4973
3.299548387527466, 4972
3.304535150527954, 4971
3.305532217025757, 4970
3.3065292835235596, 4969
3.3085248470306396, 4968
3.3095226287841797, 4967
3.310518741607666, 4966
3.312513589859009, 4965
3.3135106563568115, 4964
3.3145079612731934, 4963
3.316502809524536, 4962
3.317500352859497, 4961
3.3184971809387207, 4960
3.319495439529419, 4959
3.3214893341064453, 4958
3.322486400604248, 4957
3.323483943939209, 4956
3.32448148727417, 4955
3.3264763355255127, 4954
3.3284738063812256, 4953
3.331462860107422, 4952
3.336449146270752, 4951
3.337446689605713, 4950
3.3384439945220947, 4949
3.3474202156066895, 4948
3.34842586517334, 4947
3.349416732788086, 4946
3.349416732788086, 4945
3.350412130355835, 4944
3.350412130355835, 4943
3.354401111602783, 4942
3.356396198272705, 4941
3.356396198272705, 4940
3.357393741607666, 4939
3.359388589859009, 4938
3.3603856563568115, 4937
3.363377809524536, 4936
3.363377809524536, 4935
3.363377809524536, 4934
3.364374876022339, 4933
3.3653719425201416, 4932
3.3663692474365234, 4931
3.3693628311157227, 4930
3.377340793609619, 4929
3.3783371448516846, 4928
3.3803319931030273, 4927
3.3833250999450684, 4926
3.3843226432800293, 4925
3.3843226432800293, 4924
3.385319709777832, 4923
3.385319709777832, 4922
3.385319709777832, 4921
3.3873143196105957, 4920
3.3922998905181885, 4919
3.3942947387695312, 4918
3.395291805267334, 4917
3.402275800704956, 4916
3.418231725692749, 4915
3.4192302227020264, 4914
3.4202260971069336, 4913
3.423218011856079, 4912
3.427208185195923, 4911
3.4292023181915283, 4910
3.4302008152008057, 4909
3.4302008152008057, 4908
3.431196928024292, 4907
3.4321937561035156, 4906
3.442167282104492, 4905
3.443164587020874, 4904
3.445159435272217, 4903
3.4491491317749023, 4902
3.4511451721191406, 4901
3.452141523361206, 4900
3.453138828277588, 4899
3.4541354179382324, 4898
3.455132246017456, 4897
3.4641082286834717, 4896
3.4651057720184326, 4895
3.4710893630981445, 4894
3.4710893630981445, 4893
3.4720864295959473, 4892
3.473083734512329, 4891
3.473083734512329, 4890
3.475078821182251, 4889
3.479069948196411, 4888
3.479069948196411, 4887
3.4820618629455566, 4886
3.4850549697875977, 4885
3.4870476722717285, 4884
3.489041566848755, 4883
3.491036891937256, 4882
3.4920341968536377, 4881
3.497021198272705, 4880
3.497021198272705, 4879
3.5000131130218506, 4878
3.536914587020874, 4877
3.5409040451049805, 4876
3.543896198272705, 4875
3.5478856563568115, 4874
3.5578603744506836, 4873
3.5588572025299072, 4872
3.559854030609131, 4871
3.560851573944092, 4870
3.5648412704467773, 4869
3.570824146270752, 4868
3.571821451187134, 4867
3.5917680263519287, 4866
3.5927655696868896, 4865
3.593761920928955, 4864
3.595757007598877, 4863
3.596754312515259, 4862
3.5977511405944824, 4861
3.5987484455108643, 4860
3.6117148399353027, 4859
3.6246800422668457, 4858
3.6306638717651367, 4857
3.6446259021759033, 4856
3.647618532180786, 4855
3.652606725692749, 4854
3.655597686767578, 4853
3.6585886478424072, 4852
3.6615803241729736, 4851
3.6645729541778564, 4850
3.671555519104004, 4849
3.673548936843872, 4848
3.676539897918701, 4847
3.679532289505005, 4846
3.6825242042541504, 4845
3.6865174770355225, 4844
3.688509702682495, 4843
3.714439630508423, 4842
3.715437650680542, 4841
3.7214243412017822, 4840
3.722418785095215, 4839
3.724412679672241, 4838
3.726407289505005, 4837
3.7293992042541504, 4836
3.731393575668335, 4835
3.7473511695861816, 4834
3.752338409423828, 4833
3.7563276290893555, 4832
3.760317087173462, 4831
3.7633087635040283, 4830
3.7683024406433105, 4829
3.80021071434021, 4828
3.8131752014160156, 4827
3.816166877746582, 4826
3.820157051086426, 4825
3.823148727416992, 4824
3.8271381855010986, 4823
3.8301303386688232, 4822
3.8331222534179688, 4821
3.838108777999878, 4820
3.8520710468292236, 4819
3.853069305419922, 4818
3.8780014514923096, 4817
3.8789985179901123, 4816
3.8809964656829834, 4815
3.8809964656829834, 4814
3.882988691329956, 4813
3.8839869499206543, 4812
3.884983777999878, 4811
3.888972759246826, 4810
3.8919641971588135, 4809
3.9034457206726074, 4808
3.9154129028320312, 4807
3.9233925342559814, 4806
3.9243907928466797, 4805
3.925386428833008, 4804
3.9283792972564697, 4803
3.9483249187469482, 4802
3.951317071914673, 4801
3.9543087482452393, 4800
3.9573004245758057, 4799
3.9602935314178467, 4798
3.963284492492676, 4797
3.9682722091674805, 4796
3.9712657928466797, 4795
3.9742555618286133, 4794
3.977247714996338, 4793
3.9802393913269043, 4792
3.984229803085327, 4791
3.9872219562530518, 4790
3.99021315574646, 4789
3.9932048320770264, 4788
4.009162187576294, 4787
4.010159254074097, 4786
4.01414942741394, 4785
4.017141580581665, 4784
4.0241217613220215, 4783
4.026116847991943, 4782
4.030107021331787, 4781
4.033100843429565, 4780
4.039081811904907, 4779
4.040079593658447, 4778
4.041077375411987, 4777
4.042074203491211, 4776
4.043071746826172, 4775
4.0440685749053955, 4774
4.045065879821777, 4773
4.076980829238892, 4772
4.083966493606567, 4771
4.086953401565552, 4770
4.089946508407593, 4769
4.092938423156738, 4768
4.095930814743042, 4767
4.098923206329346, 4766
4.101915597915649, 4765
4.107898712158203, 4764
4.108896732330322, 4763
4.109893083572388, 4762
4.110890865325928, 4761
4.11188817024231, 4760
4.12289571762085, 4759
4.12589168548584, 4758
4.128930330276489, 4757
4.146865367889404, 4756
4.146865367889404, 4755
4.147862195968628, 4754
4.148380756378174, 4753
4.15088415145874, 4752
4.151881217956543, 4751
4.152878284454346, 4750
4.15387487411499, 4749
4.155869722366333, 4748
4.156866550445557, 4747
4.157865047454834, 4746
4.162881135940552, 4745
4.173894166946411, 4744
4.177883863449097, 4743
4.180904865264893, 4742
4.1848955154418945, 4741
4.188884019851685, 4740
4.20387077331543, 4739
4.204868316650391, 4738
4.205865144729614, 4737
4.206862449645996, 4736
4.208378553390503, 4735
4.214869260787964, 4734
4.216869115829468, 4733
4.218384027481079, 4732
4.220887184143066, 4731
4.223886013031006, 4730
4.228377342224121, 4729
4.233853578567505, 4728
4.236844778060913, 4727
4.239837169647217, 4726
4.242829084396362, 4725
4.24582052230835, 4724
4.248812913894653, 4723
4.255794525146484, 4722
4.256791591644287, 4721
4.25778865814209, 4720
4.258786916732788, 4719
4.2597832679748535, 4718
4.260780334472656, 4717
4.265767335891724, 4716
4.275741815567017, 4715
4.276738166809082, 4714
4.277736186981201, 4713
4.278732776641846, 4712
4.28172492980957, 4711
4.285715103149414, 4710
4.298678874969482, 4709
4.302670955657959, 4708
4.305660247802734, 4707
4.30865478515625, 4706
4.311645269393921, 4705
4.314636945724487, 4704
4.345555067062378, 4703
4.3485472202301025, 4702
4.352536201477051, 4701
4.355529069900513, 4700
4.363505840301514, 4699
4.363505840301514, 4698
4.364502668380737, 4697
4.366501092910767, 4696
4.368494033813477, 4695
4.369491100311279, 4694
4.370494365692139, 4693
4.370494365692139, 4692
4.371485471725464, 4691
4.372482061386108, 4690
4.373479604721069, 4689
4.3744776248931885, 4688
4.375473499298096, 4687
4.376471519470215, 4686
4.377468585968018, 4685
4.37846565246582, 4684
4.379462957382202, 4683
4.380460262298584, 4682
4.381457805633545, 4681
4.3824546337127686, 4680
4.385448455810547, 4679
4.3874430656433105, 4678
4.388439416885376, 4677
4.389437198638916, 4676
4.419357538223267, 4675
4.48218846321106, 4674
4.483186960220337, 4673
4.4851813316345215, 4672
4.486178398132324, 4671
4.487176895141602, 4670
4.488173007965088, 4669
4.48917031288147, 4668
4.509117603302002, 4667
4.5141026973724365, 4666
4.5151002407073975, 4665
4.543025970458984, 4664
4.544023036956787, 4663
4.551005840301514, 4662
4.564967393875122, 4661
4.5948872566223145, 4660
4.600871324539185, 4659
4.601868152618408, 4658
4.609847068786621, 4657
4.609847068786621, 4656
4.609847068786621, 4655
4.6198225021362305, 4654
4.6198225021362305, 4653
4.620818614959717, 4652
4.643756151199341, 4651
4.644753456115723, 4650
4.6457507610321045, 4649
4.6457507610321045, 4648
4.673677206039429, 4647
4.679660320281982, 4646
4.68065881729126, 4645
4.706588268280029, 4644
4.710578441619873, 4643
4.711575031280518, 4642
4.731523275375366, 4641
4.831269025802612, 4640
4.832267999649048, 4639
4.8532116413116455, 4638
4.8532116413116455, 4637
4.86369514465332, 4636
4.878654718399048, 4635
4.879652500152588, 4634
4.882644176483154, 4633
4.88464093208313, 4632
4.928521633148193, 4631
4.959954261779785, 4630
4.9609434604644775, 4629
4.968927383422852, 4628
5.007818698883057, 4627
5.015796184539795, 4626
5.01978611946106, 4625
5.072156190872192, 4624
5.087116241455078, 4623
5.087116241455078, 4622
5.114043951034546, 4621
5.120027542114258, 4620
5.1210243701934814, 4619
5.1220221519470215, 4618
5.146956443786621, 4617
5.163427352905273, 4616
5.197338342666626, 4615
5.223266839981079, 4614
5.228255033493042, 4613
5.229252099990845, 4612
5.2372307777404785, 4611
5.250196218490601, 4610
5.289091348648071, 4609
5.289091348648071, 4608
5.290088891983032, 4607
5.305049419403076, 4606
5.314024209976196, 4605
5.320009469985962, 4604
5.323997497558594, 4603
5.342947483062744, 4602
5.351923704147339, 4601
5.360901117324829, 4600
5.376856565475464, 4599
5.392814874649048, 4598
5.393811225891113, 4597
5.39680290222168, 4596
5.39680290222168, 4595
5.39680290222168, 4594
5.427721738815308, 4593
5.432707786560059, 4592
5.4446752071380615, 4591
5.450663328170776, 4590
5.450663328170776, 4589
5.467619895935059, 4588
5.468614101409912, 4587
5.468614101409912, 4586
5.469608783721924, 4585
5.478585481643677, 4584
5.479582071304321, 4583
5.479582071304321, 4582
5.489555835723877, 4581
5.512494087219238, 4580
5.512494087219238, 4579
5.541418075561523, 4578
5.542415142059326, 4577
5.542415142059326, 4576
5.562361478805542, 4575
5.5723350048065186, 4574
5.574329853057861, 4573
5.575327396392822, 4572
5.580312252044678, 4571
5.587294101715088, 4570
5.587294101715088, 4569
5.592280626296997, 4568
5.603250741958618, 4567
5.603250741958618, 4566
5.606242656707764, 4565
5.608240127563477, 4564
5.609235048294067, 4563
5.623199224472046, 4562
5.626191139221191, 4561
5.640153169631958, 4560
5.646137714385986, 4559
5.65610933303833, 4558
5.65610933303833, 4557
5.687028169631958, 4556
5.720938444137573, 4555
5.7249250411987305, 4554
5.77279806137085, 4553
5.7737953662872314, 4552
5.789752244949341, 4551
5.790749788284302, 4550
5.803715229034424, 4549
5.804712533950806, 4548
5.804712533950806, 4547
5.8126912117004395, 4546
5.820669174194336, 4545
5.832638740539551, 4544
5.875523567199707, 4543
5.895469903945923, 4542
5.8964667320251465, 4541
5.8964667320251465, 4540
5.8974645137786865, 4539
5.911427021026611, 4538
5.968276262283325, 4537
5.969273567199707, 4536
5.972264289855957, 4535
5.990216016769409, 4534
6.031107187271118, 4533
6.05005955696106, 4532
6.0520524978637695, 4531
6.054046630859375, 4530
6.095934867858887, 4529
6.095934867858887, 4528
6.099925756454468, 4527
6.119871139526367, 4526
6.124857425689697, 4525
6.125855207443237, 4524
6.191677570343018, 4523
6.191677570343018, 4522
6.2046425342559814, 4521
6.235562086105347, 4520
6.240546703338623, 4519
6.263485908508301, 4518
6.27046799659729, 4517
6.27046799659729, 4516
6.27046799659729, 4515
6.302382946014404, 4514
6.303411483764648, 4513
6.336326837539673, 4512
6.344270944595337, 4511
6.345268249511719, 4510
6.354275703430176, 4509
6.364216566085815, 4508
6.38331413269043, 4507
6.384313106536865, 4506
6.390294790267944, 4505
6.391291618347168, 4504
6.4192235469818115, 4503
6.4192235469818115, 4502
6.420220136642456, 4501
6.442157030105591, 4500
6.443153142929077, 4499
6.518272399902344, 4498
6.526250839233398, 4497
6.543207168579102, 4496
6.543207168579102, 4495
6.5601606369018555, 4494
6.577348470687866, 4493
6.584328889846802, 4492
6.585325717926025, 4491
6.63219952583313, 4490
6.63219952583313, 4489
6.633197546005249, 4488
6.633197546005249, 4487
6.633197546005249, 4486
6.655141115188599, 4485
6.684573650360107, 4484
6.684573650360107, 4483
6.783825397491455, 4482
6.784824371337891, 4481
6.785819053649902, 4480
6.787814617156982, 4479
6.790804386138916, 4478
6.790804386138916, 4477
6.831694841384888, 4476
6.832694053649902, 4475
6.833691120147705, 4474
6.834688901901245, 4473
6.88467812538147, 4472
6.908613681793213, 4471
6.911604642868042, 4470
6.922606468200684, 4469
6.930553436279297, 4468
6.93360710144043, 4467
6.944516897201538, 4466
6.94551420211792, 4465
6.960472822189331, 4464
6.961469650268555, 4463
6.969449758529663, 4462
6.978425025939941, 4461
6.979421854019165, 4460
6.980419158935547, 4459
7.011336803436279, 4458
7.0163233280181885, 4457
7.01732063293457, 4456
7.0442492961883545, 4455
7.045246124267578, 4454
7.061207294464111, 4453
7.0951149463653564, 4452
7.09611177444458, 4451
7.09611177444458, 4450
7.1080803871154785, 4449
7.119048833847046, 4448
7.12603235244751, 4447
7.1768958568573, 4446
7.230749130249023, 4445
7.249706983566284, 4444
7.2507004737854, 4443
7.251696586608887, 4442
7.263663291931152, 4441
7.279620885848999, 4440
7.3035569190979, 4439
7.305550575256348, 4438
7.37736439704895, 4437
7.37736439704895, 4436
7.38533878326416, 4435
7.4082770347595215, 4434
7.438196659088135, 4433
7.444178819656372, 4432
7.450166940689087, 4431
7.467118978500366, 4430
7.544909477233887, 4429
7.551892518997192, 4428
7.556879997253418, 4427
7.556879997253418, 4426
7.571840286254883, 4425
7.5728349685668945, 4424
7.576825141906738, 4423
7.582810401916504, 4422
7.60874080657959, 4421
7.60874080657959, 4420
7.6137261390686035, 4419
7.61971116065979, 4418
7.640654563903809, 4417
7.661598205566406, 4416
7.665588617324829, 4415
7.67556095123291, 4414
7.692516565322876, 4413
7.767314910888672, 4412
7.767314910888672, 4411
7.768314838409424, 4410
7.810200929641724, 4409
7.832143545150757, 4408
7.833139657974243, 4407
7.892232656478882, 4406
7.926143169403076, 4405
7.930132150650024, 4404
7.960051536560059, 4403
7.960051536560059, 4402
7.981992721557617, 4401
7.985982179641724, 4400
7.9929633140563965, 4399
7.993959903717041, 4398
7.993959903717041, 4397
8.012911081314087, 4396
8.01390814781189, 4395
8.014905452728271, 4394
8.014905452728271, 4393
8.100711107254028, 4392
8.100711107254028, 4391
8.104668378829956, 4390
8.104668378829956, 4389
8.104668378829956, 4388
8.10968828201294, 4387
8.112679481506348, 4386
8.112679481506348, 4385
8.120633363723755, 4384
8.14359736442566, 4383
8.169496297836304, 4382
8.176478147506714, 4381
8.176478147506714, 4380
8.17946743965149, 4379
8.187447309494019, 4378
8.209388256072998, 4377
8.250310897827148, 4376
8.259254693984985, 4375
8.26524043083191, 4374
8.266269445419312, 4373
8.271224021911621, 4372
8.275245904922485, 4371
8.28958511352539, 4370
8.28958511352539, 4369
8.386481761932373, 4368
8.394428491592407, 4367
8.412383317947388, 4366
8.417371988296509, 4365
8.424349784851074, 4364
8.424349784851074, 4363
8.454271793365479, 4362
8.455268621444702, 4361
8.456265687942505, 4360
8.479743957519531, 4359
8.524607419967651, 4358
8.525604009628296, 4357
8.532585382461548, 4356
8.705160140991211, 4355
8.712136030197144, 4354
8.8218412399292, 4353
8.839794874191284, 4352
8.84178900718689, 4351
8.876694679260254, 4350
8.877692937850952, 4349
8.887671709060669, 4348
8.905619621276855, 4347
8.905619621276855, 4346
8.907613039016724, 4345
8.933543682098389, 4344
8.933543682098389, 4343
8.936988115310669, 4342
8.97146487236023, 4341
8.979443788528442, 4340
8.986425638198853, 4339
9.000389337539673, 4338
9.005380868911743, 4337
9.021330833435059, 4336
9.040282011032104, 4335
9.06920337677002, 4334
9.07518744468689, 4333
9.135055780410767, 4332
9.16398024559021, 4331
9.181931018829346, 4330
9.274689674377441, 4329
9.276684045791626, 4328
9.277681589126587, 4327
9.285661697387695, 4326
9.290647268295288, 4325
9.322115659713745, 4324
9.354031324386597, 4323
9.384948492050171, 4322
9.385945796966553, 4321
9.402899980545044, 4320
9.470231294631958, 4319
9.481200695037842, 4318
9.5011465549469, 4317
9.569963216781616, 4316
9.657728672027588, 4315
9.658728122711182, 4314
9.67667841911316, 4313
9.677675247192383, 4312
9.69263482093811, 4311
9.736517667770386, 4310
9.736517667770386, 4309
9.739508867263794, 4308
9.756463289260864, 4307
9.761451482772827, 4306
9.764445781707764, 4305
9.769429445266724, 4304
9.774416208267212, 4303
9.883158445358276, 4302
9.883158445358276, 4301
9.88515305519104, 4300
9.88515305519104, 4299
9.891139268875122, 4298
9.973918199539185, 4297
9.996829986572266, 4296
10.000842809677124, 4295
10.008821487426758, 4294
10.00978708267212, 4293
10.026740789413452, 4292
10.062645435333252, 4291
10.068631172180176, 4290
10.068631172180176, 4289
10.109519720077515, 4288
10.1115140914917, 4287
10.120490074157715, 4286
10.122484922409058, 4285
10.134452819824219, 4284
10.140436887741089, 4283
10.15739393234253, 4282
10.197317361831665, 4281
10.204299449920654, 4280
10.205296277999878, 4279
10.22025728225708, 4278
10.22025728225708, 4277
10.231226444244385, 4276
10.237210750579834, 4275
10.241201162338257, 4274
10.272117137908936, 4273
10.296052932739258, 4272
10.298018455505371, 4271
10.323979377746582, 4270
10.33893871307373, 4269
10.341933012008667, 4268
10.344923496246338, 4267
10.353898286819458, 4266
10.37481164932251, 4265
10.37481164932251, 4264
10.383787870407104, 4263
10.393793106079102, 4262
10.423712968826294, 4261
10.437332391738892, 4260
10.437332391738892, 4259
10.445310831069946, 4258
10.455249547958374, 4257
10.46721887588501, 4256
10.46721887588501, 4255
10.470209836959839, 4254
10.472204208374023, 4253
10.582940816879272, 4252
10.638760566711426, 4251
10.644744634628296, 4250
10.680679321289062, 4249
10.699629545211792, 4248
10.744634628295898, 4247
10.827411890029907, 4246
10.905501127243042, 4245
10.976786136627197, 4244
11.116955995559692, 4243
11.203724145889282, 4242
11.203724145889282, 4241
11.238667726516724, 4240
11.266558170318604, 4239
11.267554759979248, 4238
11.323406457901001, 4237
11.323406457901001, 4236
11.36030626296997, 4235
11.361303567886353, 4234
11.361303567886353, 4233
11.368285894393921, 4232
11.368285894393921, 4231
11.371278285980225, 4230
11.371278285980225, 4229
11.372273683547974, 4228
11.378290176391602, 4227
11.388233184814453, 4226
11.401200532913208, 4225
11.412167310714722, 4224
11.43513536453247, 4223
11.43513536453247, 4222
11.43513536453247, 4221
11.465057373046875, 4220
11.473006010055542, 4219
11.48297929763794, 4218
11.494977951049805, 4217
11.524867296218872, 4216
11.54680871963501, 4215
11.54680871963501, 4214
11.547807931900024, 4213
11.5578134059906, 4212
11.560802698135376, 4211
11.57174015045166, 4210
11.588695764541626, 4209
11.655517578125, 4208
11.723336458206177, 4207
11.723336458206177, 4206
11.737329721450806, 4205
11.765259027481079, 4204
11.769214391708374, 4203
11.769214391708374, 4202
11.785201787948608, 4201
11.788162231445312, 4200
11.789196014404297, 4199
11.790189266204834, 4198
11.835038185119629, 4197
11.848002910614014, 4196
11.88191270828247, 4195
11.88191270828247, 4194
11.926790475845337, 4193
11.951725006103516, 4192
11.968682527542114, 4191
12.003586530685425, 4190
12.021541118621826, 4189
12.021541118621826, 4188
12.021541118621826, 4187
12.044477701187134, 4186
12.044477701187134, 4185
12.101325273513794, 4184
12.158172607421875, 4183
12.159169673919678, 4182
12.159169673919678, 4181
12.279848575592041, 4180
12.303786039352417, 4179
12.309767246246338, 4178
12.309767246246338, 4177
12.309767246246338, 4176
12.323731184005737, 4175
12.331709861755371, 4174
12.338691234588623, 4173
12.351655960083008, 4172
12.369608640670776, 4171
12.38057827949524, 4170
12.434435367584229, 4169
12.434435367584229, 4168
12.43746018409729, 4167
12.440447330474854, 4166
12.456404685974121, 4165
12.5331711769104, 4164
12.573064088821411, 4163
12.582041501998901, 4162
12.587026357650757, 4161
12.637921571731567, 4160
12.637921571731567, 4159
12.637921571731567, 4158
12.637921571731567, 4157
12.638887405395508, 4156
12.638887405395508, 4155
12.638887405395508, 4154
12.705707788467407, 4153
12.716678380966187, 4152
12.739619255065918, 4151
12.740616083145142, 4150
12.750099897384644, 4149
12.766063213348389, 4148
12.781018257141113, 4147
12.844846487045288, 4146
12.905809879302979, 4145
12.916779041290283, 4144
12.92575716972351, 4143
12.931739807128906, 4142
12.975622177124023, 4141
13.026488542556763, 4140
13.033468246459961, 4139
13.034465789794922, 4138
13.057474136352539, 4137
13.210034370422363, 4136
13.210034370422363, 4135
13.239954710006714, 4134
13.251920223236084, 4133
13.251920223236084, 4132
13.527692556381226, 4131
13.537659645080566, 4130
13.537659645080566, 4129
13.537659645080566, 4128
13.603485107421875, 4127
13.646401405334473, 4126
13.649360656738281, 4125
13.659334659576416, 4124
13.665350675582886, 4123
13.665350675582886, 4122
13.665350675582886, 4121
13.677287340164185, 4120
13.741151332855225, 4119
13.741151332855225, 4118
13.782038927078247, 4117
13.804946422576904, 4116
13.805944681167603, 4115
14.096166133880615, 4114
14.10414457321167, 4113
14.105141878128052, 4112
14.105141878128052, 4111
14.12509036064148, 4110
14.141078472137451, 4109
14.142078161239624, 4108
14.14506483078003, 4107
14.163986921310425, 4106
14.249757051467896, 4105
14.516438961029053, 4104
14.557329177856445, 4103
14.827613115310669, 4102
14.85154914855957, 4101
14.855539321899414, 4100
14.889448881149292, 4099
14.890444993972778, 4098
14.909687042236328, 4097
14.910683631896973, 4096
14.911680459976196, 4095
14.916667938232422, 4094
14.929632663726807, 4093
14.937963962554932, 4092
14.937963962554932, 4091
14.997451543807983, 4090
14.998448610305786, 4089
15.020388841629028, 4088
15.067264556884766, 4087
15.077237606048584, 4086
15.077237606048584, 4085
15.552966833114624, 4084
15.55396318435669, 4083
15.555957794189453, 4082
15.561941623687744, 4081
15.599841833114624, 4080
15.618789911270142, 4079
15.76041054725647, 4078
15.784377574920654, 4077
15.84718132019043, 4076
16.010645866394043, 4075
16.043527364730835, 4074
16.060513257980347, 4073
16.060513257980347, 4072
16.1033673286438, 4071
16.151269912719727, 4070
16.162240505218506, 4069
16.186176776885986, 4068
16.366515159606934, 4067
16.40145492553711, 4066
16.414422035217285, 4065
16.4184091091156, 4064
16.57097029685974, 4063
16.61684775352478, 4062
18.59894108772278, 4061
18.611905813217163, 4060
18.75352668762207, 4059
18.922075510025024, 4058
18.965471744537354, 4057
18.98043179512024, 4056
19.020357847213745, 4055
19.021353244781494, 4054
19.03927755355835, 4053
19.27165460586548, 4052
19.383354902267456, 4051
19.540933847427368, 4050
19.545921802520752, 4049
19.76038146018982, 4048
19.881023406982422, 4047
