0.056850433349609375, 5605
0.068817138671875, 5604
0.13663673400878906, 5603
0.15259289741516113, 5602
0.19698739051818848, 5601
0.1979846954345703, 5600
0.1979846954345703, 5599
0.19997930526733398, 5598
0.30225038528442383, 5597
0.30324816703796387, 5596
0.3961300849914551, 5595
0.3971271514892578, 5594
0.41408395767211914, 5593
0.4150838851928711, 5592
0.4160783290863037, 5591
0.4160783290863037, 5590
0.4160783290863037, 5589
0.41707611083984375, 5588
0.42487120628356934, 5587
0.42505311965942383, 5586
0.4270477294921875, 5585
0.4270477294921875, 5584
0.4320335388183594, 5583
0.519827127456665, 5582
0.519827127456665, 5581
0.519827127456665, 5580
0.520829439163208, 5579
0.5596954822540283, 5578
0.5652573108673096, 5577
0.5672848224639893, 5576
0.6929171085357666, 5575
0.6998984813690186, 5574
0.7008957862854004, 5573
0.7008957862854004, 5572
0.7078762054443359, 5571
0.713860034942627, 5570
0.7198441028594971, 5569
0.7198441028594971, 5568
0.7208409309387207, 5567
1.3269026279449463, 5566
1.353832483291626, 5565
1.3697881698608398, 5564
1.3827564716339111, 5563
1.388737678527832, 5562
1.388737678527832, 5561
1.4027040004730225, 5560
1.4027040004730225, 5559
1.406689167022705, 5558
1.467527151107788, 5557
1.5263848304748535, 5556
1.5293712615966797, 5555
1.5303597450256348, 5554
1.5313596725463867, 5553
1.5313596725463867, 5552
1.5822219848632812, 5551
1.5842156410217285, 5550
1.5852129459381104, 5549
1.5892021656036377, 5548
1.6001718044281006, 5547
1.661010503768921, 5546
1.6640024185180664, 5545
1.6659958362579346, 5544
1.6719801425933838, 5543
1.6729772090911865, 5542
1.6739745140075684, 5541
1.6869401931762695, 5540
1.6879372596740723, 5539
1.7457833290100098, 5538
1.7457833290100098, 5537
1.7457833290100098, 5536
1.758782148361206, 5535
1.779723882675171, 5534
1.7826859951019287, 5533
1.7836830615997314, 5532
1.8026320934295654, 5531
1.8086462020874023, 5530
1.8175928592681885, 5529
1.818619728088379, 5528
1.818619728088379, 5527
1.818619728088379, 5526
1.8236074447631836, 5525
1.8305904865264893, 5524
1.8305904865264893, 5523
1.8305904865264893, 5522
1.831554889678955, 5521
1.8325507640838623, 5520
1.8395326137542725, 5519
1.8435235023498535, 5518
1.846513271331787, 5517
1.8505024909973145, 5516
1.8514997959136963, 5515
1.8524980545043945, 5514
1.8534948825836182, 5513
1.8564867973327637, 5512
1.8684546947479248, 5511
1.8684546947479248, 5510
1.869452714920044, 5509
1.8764331340789795, 5508
1.8794262409210205, 5507
1.8804240226745605, 5506
1.8814201354980469, 5505
1.8884024620056152, 5504
1.898376226425171, 5503
1.9003705978393555, 5502
1.9203166961669922, 5501
1.9243075847625732, 5500
1.925306797027588, 5499
1.926302433013916, 5498
1.9322857856750488, 5497
1.9412627220153809, 5496
2.0070853233337402, 5495
2.058945655822754, 5494
2.059947967529297, 5493
2.0609445571899414, 5492
2.1093292236328125, 5491
2.12030291557312, 5490
2.1222951412200928, 5489
2.124291181564331, 5488
2.135261058807373, 5487
2.154212474822998, 5486
2.1552066802978516, 5485
2.1691718101501465, 5484
2.171165943145752, 5483
2.2035796642303467, 5482
2.2045764923095703, 5481
2.2055728435516357, 5480
2.207571268081665, 5479
2.209564447402954, 5478
2.2195401191711426, 5477
2.2225329875946045, 5476
2.2364985942840576, 5475
2.2384865283966064, 5474
2.257436752319336, 5473
2.257436752319336, 5472
2.268406867980957, 5471
2.29134464263916, 5470
2.3412113189697266, 5469
2.3422083854675293, 5468
2.353179693222046, 5467
2.403046131134033, 5466
2.405040979385376, 5465
2.4060378074645996, 5464
2.407034397125244, 5463
2.409031867980957, 5462
2.5067691802978516, 5461
2.507765531539917, 5460
2.507765531539917, 5459
2.518737316131592, 5458
2.519732713699341, 5457
2.5406782627105713, 5456
2.5416758060455322, 5455
2.5476598739624023, 5454
2.5506649017333984, 5453
2.5863499641418457, 5452
2.5883424282073975, 5451
2.6082897186279297, 5450
2.6352181434631348, 5449
2.639209032058716, 5448
2.6591532230377197, 5447
2.6701254844665527, 5446
2.6711227893829346, 5445
2.672118902206421, 5444
2.6751115322113037, 5443
2.6860809326171875, 5442
2.6910672187805176, 5441
2.6920647621154785, 5440
2.718993902206421, 5439
2.756894588470459, 5438
2.76985764503479, 5437
2.7708539962768555, 5436
2.7728497982025146, 5435
2.785815477371216, 5434
2.787808895111084, 5433
2.7908008098602295, 5432
3.025174140930176, 5431
3.035149574279785, 5430
3.036147117614746, 5429
3.038142204284668, 5428
3.038142204284668, 5427
3.039137840270996, 5426
3.0401341915130615, 5425
3.0401341915130615, 5424
3.0401341915130615, 5423
3.041131019592285, 5422
3.050110101699829, 5421
3.0560920238494873, 5420
3.057089328765869, 5419
3.069058895111084, 5418
3.072049140930176, 5417
3.0750420093536377, 5416
3.0840182304382324, 5415
3.087012767791748, 5414
3.107954263687134, 5413
3.1089513301849365, 5412
3.1209192276000977, 5411
3.121915817260742, 5410
3.121915817260742, 5409
3.1229140758514404, 5408
3.123910903930664, 5407
3.123910903930664, 5406
3.123910903930664, 5405
3.1259050369262695, 5404
3.132899045944214, 5403
3.134880542755127, 5402
3.1368772983551025, 5401
3.151843547821045, 5400
3.1548283100128174, 5399
3.1677939891815186, 5398
3.168790578842163, 5397
3.1757724285125732, 5396
3.1827549934387207, 5395
3.1847481727600098, 5394
3.1857447624206543, 5393
3.192725896835327, 5392
3.192725896835327, 5391
3.1937239170074463, 5390
3.1957342624664307, 5389
3.200704336166382, 5388
3.2017018795013428, 5387
3.202700138092041, 5386
3.203697443008423, 5385
3.2056918144226074, 5384
3.2066891193389893, 5383
3.209681510925293, 5382
3.2106785774230957, 5381
3.215665817260742, 5380
3.223644733428955, 5379
3.2246415615081787, 5378
3.2266361713409424, 5377
3.2276341915130615, 5376
3.2296266555786133, 5375
3.233616828918457, 5374
3.233616828918457, 5373
3.233616828918457, 5372
3.233616828918457, 5371
3.2346153259277344, 5370
3.2346153259277344, 5369
3.2356128692626953, 5368
3.2356128692626953, 5367
3.2356128692626953, 5366
3.2366082668304443, 5365
3.2366082668304443, 5364
3.2446203231811523, 5363
3.245586395263672, 5362
3.2465827465057373, 5361
3.2465827465057373, 5360
3.2725446224212646, 5359
3.2725446224212646, 5358
3.304429531097412, 5357
3.304429531097412, 5356
3.305424451828003, 5355
3.305424451828003, 5354
3.3064231872558594, 5353
3.308417320251465, 5352
3.3134067058563232, 5351
3.316399097442627, 5350
3.323378324508667, 5349
3.324373722076416, 5348
3.3353469371795654, 5347
3.3363430500030518, 5346
3.3373403549194336, 5345
3.338369846343994, 5344
3.349311113357544, 5343
3.355292558670044, 5342
3.356290102005005, 5341
3.356290102005005, 5340
3.357285737991333, 5339
3.357285737991333, 5338
3.360278606414795, 5337
3.367260217666626, 5336
3.3682568073272705, 5335
3.370250940322876, 5334
3.370250940322876, 5333
3.371248722076416, 5332
3.372246503829956, 5331
3.372246503829956, 5330
3.373244285583496, 5329
3.375239133834839, 5328
3.375239133834839, 5327
3.3792355060577393, 5326
3.3852121829986572, 5325
3.4061553478240967, 5324
3.4131367206573486, 5323
3.434080123901367, 5322
3.437072277069092, 5321
3.437072277069092, 5320
3.4460482597351074, 5319
3.4470460414886475, 5318
3.4470460414886475, 5317
3.454026937484741, 5316
3.4550273418426514, 5315
3.4590141773223877, 5314
3.4610095024108887, 5313
3.4630043506622314, 5312
3.4739749431610107, 5311
3.4759697914123535, 5310
3.4789605140686035, 5309
3.4799580574035645, 5308
3.4799580574035645, 5307
3.4799580574035645, 5306
3.482950210571289, 5305
3.484945297241211, 5304
3.484945297241211, 5303
3.4929237365722656, 5302
3.493922710418701, 5301
3.493922710418701, 5300
3.493922710418701, 5299
3.495915174484253, 5298
3.4989068508148193, 5297
3.4999043941497803, 5296
3.502896785736084, 5295
3.5048906803131104, 5294
3.5048906803131104, 5293
3.507884979248047, 5292
3.5089118480682373, 5291
3.5108754634857178, 5290
3.5118722915649414, 5289
3.512869358062744, 5288
3.512869358062744, 5287
3.512869358062744, 5286
3.515861988067627, 5285
3.5178580284118652, 5284
3.5268640518188477, 5283
3.5278613567352295, 5282
3.5378355979919434, 5281
3.5398294925689697, 5280
3.5408267974853516, 5279
3.542790412902832, 5278
3.5447919368743896, 5277
3.5467798709869385, 5276
3.548774242401123, 5275
3.5507686138153076, 5274
3.5587472915649414, 5273
3.5607423782348633, 5272
3.5607423782348633, 5271
3.561739444732666, 5270
3.561739444732666, 5269
3.564732074737549, 5268
3.565728187561035, 5267
3.5727100372314453, 5266
3.573706865310669, 5265
3.586672782897949, 5264
3.586672782897949, 5263
3.5936543941497803, 5262
3.595649003982544, 5261
3.5966460704803467, 5260
3.600635290145874, 5259
3.602631092071533, 5258
3.6076161861419678, 5257
3.6175901889801025, 5256
3.6185872554779053, 5255
3.6205828189849854, 5254
3.636540174484253, 5253
3.638533353805542, 5252
3.6455166339874268, 5251
3.6465134620666504, 5250
3.6485066413879395, 5249
3.6554887294769287, 5248
3.658480644226074, 5247
3.6614747047424316, 5246
3.672443389892578, 5245
3.6734402179718018, 5244
3.690396308898926, 5243
3.698373556137085, 5242
3.7043588161468506, 5241
3.706352472305298, 5240
3.7073495388031006, 5239
3.7073495388031006, 5238
3.7073495388031006, 5237
3.7083468437194824, 5236
3.7083468437194824, 5235
3.7093443870544434, 5234
3.7173240184783936, 5233
3.735276699066162, 5232
3.7362728118896484, 5231
3.7362728118896484, 5230
3.7412588596343994, 5229
3.745249032974243, 5228
3.7542247772216797, 5227
3.756220817565918, 5226
3.758213520050049, 5225
3.7592105865478516, 5224
3.7612059116363525, 5223
3.771178722381592, 5222
3.772177219390869, 5221
3.7731733322143555, 5220
3.7731733322143555, 5219
3.7741708755493164, 5218
3.776167154312134, 5217
3.7771637439727783, 5216
3.778160810470581, 5215
3.7801551818847656, 5214
3.7801551818847656, 5213
3.7811520099639893, 5212
3.7851428985595703, 5211
3.790128469467163, 5210
3.791125774383545, 5209
3.793120861053467, 5208
3.793120861053467, 5207
3.793120861053467, 5206
3.7951159477233887, 5205
3.7971112728118896, 5204
3.7971112728118896, 5203
3.799105644226074, 5202
3.801100015640259, 5201
3.8020975589752197, 5200
3.803102731704712, 5199
3.8050918579101562, 5198
3.8060872554779053, 5197
3.807084560394287, 5196
3.807084560394287, 5195
3.807084560394287, 5194
3.80808162689209, 5193
3.813068151473999, 5192
3.8160603046417236, 5191
3.8160603046417236, 5190
3.8170883655548096, 5189
3.8170883655548096, 5188
3.8180880546569824, 5187
3.8180880546569824, 5186
3.8180880546569824, 5185
3.8190855979919434, 5184
3.8190855979919434, 5183
3.8190855979919434, 5182
3.820080518722534, 5181
3.820080518722534, 5180
3.820080518722534, 5179
3.821078300476074, 5178
3.821078300476074, 5177
3.8220441341400146, 5176
3.824037790298462, 5175
3.824037790298462, 5174
3.824037790298462, 5173
3.824037790298462, 5172
3.827061891555786, 5171
3.8310511112213135, 5170
3.8340113162994385, 5169
3.8360376358032227, 5168
3.8380324840545654, 5167
3.8389971256256104, 5166
3.840027332305908, 5165
3.8419909477233887, 5164
3.843985080718994, 5163
3.846010446548462, 5162
3.846010446548462, 5161
3.846010446548462, 5160
3.848006248474121, 5159
3.849004030227661, 5158
3.850996971130371, 5157
3.8519959449768066, 5156
3.8529930114746094, 5155
3.8529930114746094, 5154
3.8529930114746094, 5153
3.8529930114746094, 5152
3.853989601135254, 5151
3.853989601135254, 5150
3.853989601135254, 5149
3.8549578189849854, 5148
3.855985641479492, 5147
3.8569514751434326, 5146
3.8609719276428223, 5145
3.8609719276428223, 5144
3.8609719276428223, 5143
3.8619678020477295, 5142
3.8619678020477295, 5141
3.8619678020477295, 5140
3.8649604320526123, 5139
3.8649604320526123, 5138
3.8649604320526123, 5137
3.867953300476074, 5136
3.867953300476074, 5135
3.867953300476074, 5134
3.870944023132324, 5133
3.870944023132324, 5132
3.871910333633423, 5131
3.880887031555176, 5130
3.881883382797241, 5129
3.882882595062256, 5128
3.882882595062256, 5127
3.882882595062256, 5126
3.8848772048950195, 5125
3.885873794555664, 5124
3.8868706226348877, 5123
3.893852710723877, 5122
3.9018306732177734, 5121
3.9038259983062744, 5120
3.9058191776275635, 5119
3.9078147411346436, 5118
3.9088120460510254, 5117
3.9108083248138428, 5116
3.911804437637329, 5115
3.9137988090515137, 5114
3.919782876968384, 5113
3.9237732887268066, 5112
3.924771308898926, 5111
3.924771308898926, 5110
3.9287588596343994, 5109
3.9287588596343994, 5108
3.930753707885742, 5107
3.950700044631958, 5106
3.951698064804077, 5105
3.951698064804077, 5104
3.952694892883301, 5103
3.953693151473999, 5102
3.953693151473999, 5101
3.95668363571167, 5100
3.9577128887176514, 5099
3.958709478378296, 5098
3.9686505794525146, 5097
3.9696829319000244, 5096
3.9696829319000244, 5095
3.9696829319000244, 5094
3.9706780910491943, 5093
3.9706780910491943, 5092
3.9706780910491943, 5091
3.971644639968872, 5090
3.971644639968872, 5089
3.971644639968872, 5088
3.9766316413879395, 5087
3.9766316413879395, 5086
3.977628231048584, 5085
3.9796230792999268, 5084
3.982614517211914, 5083
3.9836127758026123, 5082
3.988783597946167, 5081
3.9917752742767334, 5080
3.9927732944488525, 5079
3.9927732944488525, 5078
3.9927732944488525, 5077
3.994767665863037, 5076
3.9957659244537354, 5075
3.997760057449341, 5074
3.9987568855285645, 5073
4.010725021362305, 5072
4.0127198696136475, 5071
4.0127198696136475, 5070
4.013717174530029, 5069
4.015743017196655, 5068
4.025684356689453, 5067
4.026681900024414, 5066
4.026681900024414, 5065
4.026681900024414, 5064
4.032665729522705, 5063
4.043637275695801, 5062
4.0446343421936035, 5061
4.046632766723633, 5060
4.048623323440552, 5059
4.050620794296265, 5058
4.056602478027344, 5057
4.058595895767212, 5056
4.064587116241455, 5055
4.065578460693359, 5054
4.066575527191162, 5053
4.091029405593872, 5052
4.091029405593872, 5051
4.091029405593872, 5050
4.092026710510254, 5049
4.1039934158325195, 5048
4.105988025665283, 5047
4.105988025665283, 5046
4.105988025665283, 5045
4.105988025665283, 5044
4.1089794635772705, 5043
4.112969636917114, 5042
4.1159656047821045, 5041
4.119959831237793, 5040
4.148874521255493, 5039
4.149872303009033, 5038
4.154861688613892, 5037
4.166835308074951, 5036
4.17081618309021, 5035
4.17081618309021, 5034
4.1728127002716064, 5033
4.1728127002716064, 5032
4.173807382583618, 5031
4.1758036613464355, 5030
4.177796840667725, 5029
4.1787941455841064, 5028
4.180788516998291, 5027
4.181787014007568, 5026
4.1897666454315186, 5025
4.1897666454315186, 5024
4.190763235092163, 5023
4.1917595863342285, 5022
4.198740243911743, 5021
4.200735092163086, 5020
4.200735092163086, 5019
4.205723285675049, 5018
4.205723285675049, 5017
4.205723285675049, 5016
4.20672082901001, 5015
4.207716703414917, 5014
4.20871376991272, 5013
4.212702989578247, 5012
4.212702989578247, 5011
4.214705467224121, 5010
4.215694904327393, 5009
4.229657173156738, 5008
4.23065447807312, 5007
4.233647108078003, 5006
4.234643936157227, 5005
4.23564887046814, 5004
4.23564887046814, 5003
4.236639738082886, 5002
4.2376368045806885, 5001
4.241639852523804, 5000
4.241639852523804, 4999
4.242623329162598, 4998
4.24362325668335, 4997
4.24362325668335, 4996
4.24362325668335, 4995
4.2446184158325195, 4994
4.245615482330322, 4993
4.24963641166687, 4992
4.253665447235107, 4991
4.254592657089233, 4990
4.256587266921997, 4989
4.259580135345459, 4988
4.261573791503906, 4987
4.2675557136535645, 4986
4.2675557136535645, 4985
4.268553018569946, 4984
4.268553018569946, 4983
4.268553018569946, 4982
4.270547866821289, 4981
4.27852725982666, 4980
4.279524326324463, 4979
4.283514499664307, 4978
4.286508083343506, 4977
4.287503480911255, 4976
4.2885003089904785, 4975
4.289496898651123, 4974
4.292489767074585, 4973
4.294484853744507, 4972
4.296482086181641, 4971
4.304458379745483, 4970
4.305455207824707, 4969
4.307450294494629, 4968
4.318421125411987, 4967
4.318421125411987, 4966
4.3194169998168945, 4965
4.3194169998168945, 4964
4.3194169998168945, 4963
4.3204145431518555, 4962
4.321412801742554, 4961
4.3224101066589355, 4960
4.323407411575317, 4959
4.32540225982666, 4958
4.327397346496582, 4957
4.329391002655029, 4956
4.331384897232056, 4955
4.341360569000244, 4954
4.34435510635376, 4953
4.34435510635376, 4952
4.34435510635376, 4951
4.345348596572876, 4950
4.345348596572876, 4949
4.345348596572876, 4948
4.346344947814941, 4947
4.346344947814941, 4946
4.346344947814941, 4945
4.347342252731323, 4944
4.347342252731323, 4943
4.347342252731323, 4942
4.348340272903442, 4941
4.348340272903442, 4940
4.348340272903442, 4939
4.34933876991272, 4938
4.350334644317627, 4937
4.350334644317627, 4936
4.351332426071167, 4935
4.355322599411011, 4934
4.355322599411011, 4933
4.356319427490234, 4932
4.356319427490234, 4931
4.356319427490234, 4930
4.357316017150879, 4929
4.359310865402222, 4928
4.3623046875, 4927
4.3642988204956055, 4926
4.368287563323975, 4925
4.369284152984619, 4924
4.37127947807312, 4923
4.37127947807312, 4922
4.372276306152344, 4921
4.373272657394409, 4920
4.374270915985107, 4919
4.375270843505859, 4918
4.37626576423645, 4917
4.378260374069214, 4916
4.391226053237915, 4915
4.391226053237915, 4914
4.391226053237915, 4913
4.393220663070679, 4912
4.394220590591431, 4911
4.396212339401245, 4910
4.397209405899048, 4909
4.3982062339782715, 4908
4.405189752578735, 4907
4.40618634223938, 4906
4.408209323883057, 4905
4.4311182498931885, 4904
4.43510890007019, 4903
4.436138153076172, 4902
4.436138153076172, 4901
4.437136650085449, 4900
4.438131809234619, 4899
4.44607949256897, 4898
4.449085474014282, 4897
4.450071096420288, 4896
4.451066732406616, 4895
4.451066732406616, 4894
4.452063798904419, 4893
4.45306134223938, 4892
4.45306134223938, 4891
4.457051038742065, 4890
4.458048343658447, 4889
4.465061187744141, 4888
4.466026782989502, 4887
4.46805214881897, 4886
4.469051837921143, 4885
4.469051837921143, 4884
4.473039388656616, 4883
4.473039388656616, 4882
4.4760308265686035, 4881
4.47699761390686, 4880
4.478020429611206, 4879
4.482980489730835, 4878
4.484010934829712, 4877
4.4879961013793945, 4876
4.4879961013793945, 4875
4.488996744155884, 4874
4.4899938106536865, 4873
4.491987943649292, 4872
4.492954969406128, 4871
4.4999353885650635, 4870
4.4999353885650635, 4869
4.500932693481445, 4868
4.516890525817871, 4867
4.517887830734253, 4866
4.5198822021484375, 4865
4.5208799839019775, 4864
4.551796913146973, 4863
4.558778762817383, 4862
4.565762042999268, 4861
4.576731204986572, 4860
4.579722881317139, 4859
4.584709405899048, 4858
4.594681739807129, 4857
4.595681428909302, 4856
4.597673654556274, 4855
4.598670959472656, 4854
4.599668502807617, 4853
4.599668502807617, 4852
4.6036577224731445, 4851
4.606648921966553, 4850
4.613631963729858, 4849
4.616655111312866, 4848
4.63258171081543, 4847
4.638564586639404, 4846
4.640561580657959, 4845
4.641558647155762, 4844
4.647540092468262, 4843
4.6485373973846436, 4842
4.649535417556763, 4841
4.651531934738159, 4840
4.653529405593872, 4839
4.6625075340271, 4838
4.678457975387573, 4837
4.684445858001709, 4836
4.685439348220825, 4835
4.686436653137207, 4834
4.6914238929748535, 4833
4.70239520072937, 4832
4.707381010055542, 4831
4.718356609344482, 4830
4.722341060638428, 4829
4.733311891555786, 4828
4.737301588058472, 4827
4.749269485473633, 4826
4.752264022827148, 4825
4.757248401641846, 4824
4.771209478378296, 4823
4.77320408821106, 4822
4.775200366973877, 4821
4.798137664794922, 4820
4.7991344928741455, 4819
4.800133466720581, 4818
4.804123163223267, 4817
4.817089796066284, 4816
4.817089796066284, 4815
4.818086385726929, 4814
4.820079326629639, 4813
4.830053091049194, 4812
4.83105206489563, 4811
4.83304500579834, 4810
4.835039854049683, 4809
4.835039854049683, 4808
4.8360395431518555, 4807
4.837036371231079, 4806
4.839028835296631, 4805
4.846010446548462, 4804
4.847007989883423, 4803
4.847007989883423, 4802
4.848008632659912, 4801
4.864961385726929, 4800
4.866954803466797, 4799
4.867952823638916, 4798
4.86994743347168, 4797
4.88091778755188, 4796
4.882911205291748, 4795
4.884905576705933, 4794
4.886902332305908, 4793
4.888895273208618, 4792
4.890890121459961, 4791
4.8948798179626465, 4790
4.898872137069702, 4789
4.900863885879517, 4788
4.906847238540649, 4787
4.913829565048218, 4786
4.916822910308838, 4785
4.919814586639404, 4784
4.920811653137207, 4783
4.930783748626709, 4782
4.939761161804199, 4781
4.956714391708374, 4780
4.957711219787598, 4779
4.97167444229126, 4778
4.972671985626221, 4777
4.977659225463867, 4776
4.980652093887329, 4775
4.984639406204224, 4774
5.016116619110107, 4773
5.017113447189331, 4772
5.018111228942871, 4771
5.019108057022095, 4770
5.020106315612793, 4769
5.025091886520386, 4768
5.049028635025024, 4767
5.060995817184448, 4766
5.07895302772522, 4765
5.079945802688599, 4764
5.0819408893585205, 4763
5.083935260772705, 4762
5.084932327270508, 4761
5.087924480438232, 4760
5.090916395187378, 4759
5.098938941955566, 4758
5.113990068435669, 4757
5.116962194442749, 4756
5.136994123458862, 4755
5.161923408508301, 4754
5.162921667098999, 4753
5.1639180183410645, 4752
5.1649158000946045, 4751
5.165913343429565, 4750
5.166910648345947, 4749
5.168905735015869, 4748
5.168905735015869, 4747
5.177881240844727, 4746
5.190847873687744, 4745
5.191843509674072, 4744
5.193837881088257, 4743
5.1988255977630615, 4742
5.199822187423706, 4741
5.207801342010498, 4740
5.211801052093506, 4739
5.217774868011475, 4738
5.218774318695068, 4737
5.219769239425659, 4736
5.249157905578613, 4735
5.250141620635986, 4734
5.253133296966553, 4733
5.256126642227173, 4732
5.259118318557739, 4731
5.262109279632568, 4730
5.2710840702056885, 4729
5.275075435638428, 4728
5.279063940048218, 4727
5.286045074462891, 4726
5.287048578262329, 4725
5.288039922714233, 4724
5.2900390625, 4723
5.294023513793945, 4722
5.294023513793945, 4721
5.296019792556763, 4720
5.30100417137146, 4719
5.302002906799316, 4718
5.303002595901489, 4717
5.303997755050659, 4716
5.3049938678741455, 4715
5.313971519470215, 4714
5.315964937210083, 4713
5.316961288452148, 4712
5.317959308624268, 4711
5.319953203201294, 4710
5.3209521770477295, 4709
5.331921815872192, 4708
5.335913181304932, 4707
5.339900970458984, 4706
5.348876714706421, 4705
5.350873231887817, 4704
5.35286545753479, 4703
5.353862285614014, 4702
5.3598480224609375, 4701
5.361841678619385, 4700
5.363837957382202, 4699
5.364836692810059, 4698
5.36782693862915, 4697
5.370818376541138, 4696
5.37779974937439, 4695
5.3787970542907715, 4694
5.379794359207153, 4693
5.381789922714233, 4692
5.383784294128418, 4691
5.385779857635498, 4690
5.388771057128906, 4689
5.3907647132873535, 4688
5.398745536804199, 4687
5.398745536804199, 4686
5.398745536804199, 4685
5.399740934371948, 4684
5.399740934371948, 4683
5.499473571777344, 4682
5.505456924438477, 4681
5.5064544677734375, 4680
5.5204176902771, 4679
5.5214149951934814, 4678
5.5214149951934814, 4677
5.5214149951934814, 4676
5.585247755050659, 4675
5.588238477706909, 4674
5.590231657028198, 4673
5.597212791442871, 4672
5.647080183029175, 4671
5.649073600769043, 4670
5.650070667266846, 4669
5.66901969909668, 4668
5.720881462097168, 4667
5.744818687438965, 4666
5.745817184448242, 4665
5.78072190284729, 4664
5.78072190284729, 4663
5.782716989517212, 4662
5.807650566101074, 4661
5.850534677505493, 4660
5.879458665847778, 4659
5.905388355255127, 4658
5.9153642654418945, 4657
5.9173572063446045, 4656
5.935309886932373, 4655
5.963233947753906, 4654
5.964231014251709, 4653
5.973207235336304, 4652
5.9971418380737305, 4651
5.998140335083008, 4650
6.015100717544556, 4649
6.059978008270264, 4648
6.060972690582275, 4647
6.061970472335815, 4646
6.062971830368042, 4645
6.065958738327026, 4644
6.07194185256958, 4643
6.07194185256958, 4642
6.077931642532349, 4641
6.078927516937256, 4640
6.084909200668335, 4639
6.086902141571045, 4638
6.102860927581787, 4637
6.106849193572998, 4636
6.118817567825317, 4635
6.118817567825317, 4634
6.129796266555786, 4633
6.132780075073242, 4632
6.132780075073242, 4631
6.191136837005615, 4630
6.196124076843262, 4629
6.197121858596802, 4628
6.197121858596802, 4627
6.202108383178711, 4626
6.241004228591919, 4625
6.257958173751831, 4624
6.26892876625061, 4623
6.2893898487091064, 4622
6.290387392044067, 4621
6.294379234313965, 4620
6.313326597213745, 4619
6.323300123214722, 4618
6.335279941558838, 4617
6.339257478713989, 4616
6.34623908996582, 4615
6.354217529296875, 4614
6.3552162647247314, 4613
6.359204530715942, 4612
6.363193511962891, 4611
6.367182016372681, 4610
6.392115592956543, 4609
6.40807318687439, 4608
6.454948902130127, 4607
6.457940101623535, 4606
6.457940101623535, 4605
6.507809638977051, 4604
6.507809638977051, 4603
6.507809638977051, 4602
6.514791488647461, 4601
6.516786336898804, 4600
6.527757167816162, 4599
6.534740447998047, 4598
6.535736322402954, 4597
6.543715000152588, 4596
6.543715000152588, 4595
6.544710874557495, 4594
6.552690744400024, 4593
6.553686857223511, 4592
6.56565523147583, 4591
6.56565523147583, 4590
6.572637557983398, 4589
6.589590787887573, 4588
6.60155987739563, 4587
6.60155987739563, 4586
6.60355544090271, 4585
6.6105358600616455, 4584
6.620509147644043, 4583
6.621506214141846, 4582
6.621506214141846, 4581
6.630483388900757, 4580
6.640456438064575, 4579
6.640456438064575, 4578
6.6454432010650635, 4577
6.665390253067017, 4576
6.666387319564819, 4575
6.676361560821533, 4574
6.688328504562378, 4573
6.689324378967285, 4572
6.689324378967285, 4571
6.70029616355896, 4570
6.706282615661621, 4569
6.707277297973633, 4568
6.758140802383423, 4567
6.759137868881226, 4566
6.760134935379028, 4565
6.760134935379028, 4564
6.760134935379028, 4563
6.788531064987183, 4562
6.7895283699035645, 4561
6.801496505737305, 4560
6.801496505737305, 4559
6.801496505737305, 4558
6.807479619979858, 4557
6.812467336654663, 4556
6.812467336654663, 4555
6.826430559158325, 4554
6.849369049072266, 4553
6.849369049072266, 4552
6.850366830825806, 4551
6.8593432903289795, 4550
6.871309995651245, 4549
6.886704683303833, 4548
6.902663946151733, 4547
6.903660774230957, 4546
6.903660774230957, 4545
6.909646511077881, 4544
6.909646511077881, 4543
6.916659832000732, 4542
6.916659832000732, 4541
6.921612977981567, 4540
6.931583881378174, 4539
6.936573028564453, 4538
6.949568510055542, 4537
6.9654951095581055, 4536
6.967488527297974, 4535
6.970479965209961, 4534
6.971477031707764, 4533
6.9794886112213135, 4532
6.993581056594849, 4531
6.993581056594849, 4530
6.996574640274048, 4529
7.010569334030151, 4528
7.010569334030151, 4527
7.0135626792907715, 4526
7.020541667938232, 4525
7.0215089321136475, 4524
7.031480073928833, 4523
7.034476041793823, 4522
7.046473741531372, 4521
7.067418813705444, 4520
7.067418813705444, 4519
7.068413496017456, 4518
7.069379806518555, 4517
7.0734007358551025, 4516
7.078387975692749, 4515
7.078387975692749, 4514
7.090828895568848, 4513
7.100834608078003, 4512
7.147706985473633, 4511
7.147706985473633, 4510
7.149690628051758, 4509
7.1507041454315186, 4508
7.185608863830566, 4507
7.217491865158081, 4506
7.238469362258911, 4505
7.242424488067627, 4504
7.2434210777282715, 4503
7.249437570571899, 4502
7.249437570571899, 4501
7.2504353523254395, 4500
7.265363454818726, 4499
7.269353151321411, 4498
7.305288791656494, 4497
7.334179878234863, 4496
7.347143173217773, 4495
7.349138021469116, 4494
7.349138021469116, 4493
7.354124546051025, 4492
7.381052732467651, 4491
7.382051229476929, 4490
7.3870368003845215, 4489
7.391026258468628, 4488
7.391026258468628, 4487
7.403991937637329, 4486
7.4109742641448975, 4485
7.433913469314575, 4484
7.433913469314575, 4483
7.467822074890137, 4482
7.467822074890137, 4481
7.467822074890137, 4480
7.467822074890137, 4479
7.526666879653931, 4478
7.527661561965942, 4477
7.596477508544922, 4476
7.598473787307739, 4475
7.603459358215332, 4474
7.612436056137085, 4473
7.6194167137146, 4472
7.620413541793823, 4471
7.646344184875488, 4470
7.646344184875488, 4469
7.646344184875488, 4468
7.654322147369385, 4467
7.705190896987915, 4466
7.711171388626099, 4465
7.729121923446655, 4464
7.7420878410339355, 4463
7.745079278945923, 4462
7.766023874282837, 4461
7.774002313613892, 4460
7.775000810623169, 4459
7.781984329223633, 4458
7.788961887359619, 4457
7.789959192276001, 4456
7.794949054718018, 4455
7.794949054718018, 4454
7.811900854110718, 4453
7.874735355377197, 4452
7.876728296279907, 4451
7.895678520202637, 4450
7.91266393661499, 4449
7.93457293510437, 4448
7.937565088272095, 4447
7.949532747268677, 4446
7.960535526275635, 4445
7.997406244277954, 4444
8.016355037689209, 4443
8.035304069519043, 4442
8.035304069519043, 4441
8.038329601287842, 4440
8.045309066772461, 4439
8.06123399734497, 4438
8.094147205352783, 4437
8.104120254516602, 4436
8.110103368759155, 4435
8.110103368759155, 4434
8.113095998764038, 4433
8.154985904693604, 4432
8.157975912094116, 4431
8.159970998764038, 4430
8.175928831100464, 4429
8.178919792175293, 4428
8.183907508850098, 4427
8.183907508850098, 4426
8.186898708343506, 4425
8.19986867904663, 4424
8.19986867904663, 4423
8.211836099624634, 4422
8.222808599472046, 4421
8.222808599472046, 4420
8.2257981300354, 4419
8.230815887451172, 4418
8.251728057861328, 4417
8.256714344024658, 4416
8.256714344024658, 4415
8.257744312286377, 4414
8.269709587097168, 4413
8.30758023262024, 4412
8.34548568725586, 4411
8.348469734191895, 4410
8.369412899017334, 4409
8.369412899017334, 4408
8.369412899017334, 4407
8.37938642501831, 4406
8.452191829681396, 4405
8.456181764602661, 4404
8.468149662017822, 4403
8.468149662017822, 4402
8.47114086151123, 4401
8.488096237182617, 4400
8.49009084701538, 4399
8.496304512023926, 4398
8.497301578521729, 4397
8.50930142402649, 4396
8.50930142402649, 4395
8.52126932144165, 4394
8.525259494781494, 4393
8.529250860214233, 4392
8.532238721847534, 4391
8.546170711517334, 4390
8.546170711517334, 4389
8.551156759262085, 4388
8.553186893463135, 4387
8.566149711608887, 4386
8.566149711608887, 4385
8.56814432144165, 4384
8.571131467819214, 4383
8.571131467819214, 4382
8.587061166763306, 4381
8.587061166763306, 4380
8.625532865524292, 4379
8.626532077789307, 4378
8.628492593765259, 4377
8.628492593765259, 4376
8.628492593765259, 4375
8.634475946426392, 4374
8.638466596603394, 4373
8.699843168258667, 4372
8.70283579826355, 4371
8.70586085319519, 4370
8.706857919692993, 4369
8.72378134727478, 4368
8.745754718780518, 4367
8.745754718780518, 4366
8.746749877929688, 4365
8.749743461608887, 4364
8.75672459602356, 4363
8.767693281173706, 4362
8.768691062927246, 4361
8.768691062927246, 4360
8.770686388015747, 4359
8.770686388015747, 4358
8.773677349090576, 4357
8.773677349090576, 4356
8.773677349090576, 4355
8.781625986099243, 4354
8.78365182876587, 4353
8.78564739227295, 4352
8.794591426849365, 4351
8.794591426849365, 4350
8.795591354370117, 4349
8.807555913925171, 4348
8.807555913925171, 4347
8.814536571502686, 4346
8.817561864852905, 4345
8.820552110671997, 4344
8.855429649353027, 4343
8.856425762176514, 4342
8.92028546333313, 4341
8.930228471755981, 4340
8.948179721832275, 4339
8.949177503585815, 4338
8.96314001083374, 4337
8.977101802825928, 4336
8.98906946182251, 4335
8.98906946182251, 4334
8.98906946182251, 4333
8.997050285339355, 4332
9.015998363494873, 4331
9.022981643676758, 4330
9.048943519592285, 4329
9.097811460494995, 4328
9.097811460494995, 4327
9.116730213165283, 4326
9.118725061416626, 4325
9.16961932182312, 4324
9.16961932182312, 4323
9.170619010925293, 4322
9.174574375152588, 4321
9.175573348999023, 4320
9.21347165107727, 4319
9.216462850570679, 4318
9.217460632324219, 4317
9.22244644165039, 4316
9.246382474899292, 4315
9.355093479156494, 4314
9.407949686050415, 4313
9.411938905715942, 4312
9.415928363800049, 4311
9.443854093551636, 4310
9.45785117149353, 4309
9.45785117149353, 4308
9.468816041946411, 4307
9.472809553146362, 4306
9.480786561965942, 4305
9.494718551635742, 4304
9.501700401306152, 4303
9.502697467803955, 4302
9.521678924560547, 4301
9.656287908554077, 4300
9.665263414382935, 4299
9.666261911392212, 4298
9.67822813987732, 4297
9.7350754737854, 4296
9.7350754737854, 4295
9.793949604034424, 4294
9.794915199279785, 4293
9.794915199279785, 4292
9.80785870552063, 4291
9.80785870552063, 4290
9.814843893051147, 4289
9.820860862731934, 4288
9.831795930862427, 4287
9.840771913528442, 4286
9.840771913528442, 4285
9.841800212860107, 4284
9.868697166442871, 4283
9.874680995941162, 4282
9.875679969787598, 4281
9.880697965621948, 4280
9.895625829696655, 4279
9.895625829696655, 4278
9.899646043777466, 4277
9.918566226959229, 4276
9.92454981803894, 4275
9.959487676620483, 4274
9.986381530761719, 4273
9.990373849868774, 4272
10.020295143127441, 4271
10.021290063858032, 4270
10.022286176681519, 4269
10.025292158126831, 4268
10.040237665176392, 4267
10.064174175262451, 4266
10.084121942520142, 4265
10.085122108459473, 4264
10.1314697265625, 4263
10.145432233810425, 4262
10.146429300308228, 4261
10.16537880897522, 4260
10.168370962142944, 4259
10.168370962142944, 4258
10.17036509513855, 4257
10.191310167312622, 4256
10.195300102233887, 4255
10.254141807556152, 4254
10.254141807556152, 4253
10.260125637054443, 4252
10.263118505477905, 4251
10.27509093284607, 4250
10.278077125549316, 4249
10.278077125549316, 4248
10.278077125549316, 4247
10.310989141464233, 4246
10.324952840805054, 4245
10.392772197723389, 4244
10.441172122955322, 4243
10.528937816619873, 4242
10.57082462310791, 4241
10.649614572525024, 4240
10.891966104507446, 4239
10.938841581344604, 4238
10.938841581344604, 4237
10.95280408859253, 4236
10.986713647842407, 4235
10.986713647842407, 4234
10.993693590164185, 4233
11.036579608917236, 4232
11.178202390670776, 4231
11.199144840240479, 4230
11.199144840240479, 4229
11.355637788772583, 4228
11.355637788772583, 4227
11.358630180358887, 4226
11.493270874023438, 4225
11.569580316543579, 4224
11.74816346168518, 4223
11.772098064422607, 4222
11.798029661178589, 4221
11.957602977752686, 4220
11.95859980583191, 4219
12.037388801574707, 4218
12.037388801574707, 4217
12.046364784240723, 4216
12.098226308822632, 4215
12.119170427322388, 4214
12.119170427322388, 4213
12.180008172988892, 4212
12.205941438674927, 4211
12.220897674560547, 4210
12.221895933151245, 4209
12.22289490699768, 4208
12.314648151397705, 4207
12.331602096557617, 4206
12.366509675979614, 4205
12.38246774673462, 4204
12.580935716629028, 4203
12.614360094070435, 4202
12.615358591079712, 4201
12.616353988647461, 4200
12.68018364906311, 4199
12.68018364906311, 4198
12.766952514648438, 4197
12.773967504501343, 4196
12.812421798706055, 4195
12.828381061553955, 4194
12.862289667129517, 4193
12.880270719528198, 4192
12.912156581878662, 4191
12.912156581878662, 4190
12.924123287200928, 4189
12.934096574783325, 4188
12.93509578704834, 4187
12.980972051620483, 4186
12.980972051620483, 4185
12.982966184616089, 4184
12.997957468032837, 4183
13.01488208770752, 4182
13.016874313354492, 4181
13.025882482528687, 4180
13.06777048110962, 4179
13.19101071357727, 4178
13.20596981048584, 4177
13.20596981048584, 4176
13.207964420318604, 4175
13.314875841140747, 4174
13.314875841140747, 4173
13.319862842559814, 4172
13.337815284729004, 4171
13.358757495880127, 4170
13.359754800796509, 4169
13.378736972808838, 4168
13.37973690032959, 4167
13.407628297805786, 4166
13.408624410629272, 4165
13.420313358306885, 4164
13.435588121414185, 4163
13.446523427963257, 4162
13.460518836975098, 4161
13.50636601448059, 4160
13.628037691116333, 4159
13.628037691116333, 4158
13.700843811035156, 4157
13.709820032119751, 4156
13.710816860198975, 4155
13.715803146362305, 4154
13.715803146362305, 4153
13.753702163696289, 4152
13.809552192687988, 4151
13.809552192687988, 4150
13.837478637695312, 4149
13.838476657867432, 4148
13.849447250366211, 4147
13.86440658569336, 4146
13.866401195526123, 4145
13.900312185287476, 4144
13.931227207183838, 4143
13.937211513519287, 4142
13.943196773529053, 4141
13.946187257766724, 4140
13.961147546768188, 4139
13.971122026443481, 4138
14.016002178192139, 4137
14.016002178192139, 4136
14.047914743423462, 4135
14.049909591674805, 4134
14.057888269424438, 4133
14.137675523757935, 4132
14.137675523757935, 4131
14.159615993499756, 4130
14.164604663848877, 4129
14.204496383666992, 4128
14.224445104598999, 4127
14.236412763595581, 4126
14.303771257400513, 4125
14.303771257400513, 4124
14.34961748123169, 4123
14.356598854064941, 4122
14.368566513061523, 4121
14.433425426483154, 4120
14.433425426483154, 4119
14.448418140411377, 4118
14.449383735656738, 4117
14.463346481323242, 4116
14.47132420539856, 4115
14.480300188064575, 4114
14.487281560897827, 4113
14.487281560897827, 4112
14.504236459732056, 4111
14.598018646240234, 4110
14.63388967514038, 4109
14.898006916046143, 4108
14.898006916046143, 4107
14.899006128311157, 4106
14.929890871047974, 4105
14.940861940383911, 4104
14.956849813461304, 4103
14.967790365219116, 4102
14.96878695487976, 4101
14.989730834960938, 4100
15.035609006881714, 4099
15.037630558013916, 4098
15.047574758529663, 4097
15.06057858467102, 4096
15.090460062026978, 4095
15.090460062026978, 4094
15.103428363800049, 4093
15.103428363800049, 4092
15.103428363800049, 4091
15.143321514129639, 4090
15.170246362686157, 4089
15.221144199371338, 4088
15.229122638702393, 4087
15.269981622695923, 4086
15.304888725280762, 4085
15.339793682098389, 4084
15.439527988433838, 4083
15.473437070846558, 4082
15.479420900344849, 4081
15.520345449447632, 4080
15.520345449447632, 4079
15.571175336837769, 4078
15.578188419342041, 4077
15.595111846923828, 4076
15.620050191879272, 4075
15.661932468414307, 4074
15.661932468414307, 4073
15.688862085342407, 4072
15.688862085342407, 4071
15.694844722747803, 4070
15.69786810874939, 4069
15.776625394821167, 4068
15.954150915145874, 4067
16.136662244796753, 4066
16.151655912399292, 4065
16.269307374954224, 4064
16.31772470474243, 4063
16.356590509414673, 4062
16.401468753814697, 4061
16.444862127304077, 4060
16.484755992889404, 4059
16.494728565216064, 4058
16.49772024154663, 4057
16.514182806015015, 4056
16.540113925933838, 4055
16.571030855178833, 4054
16.57502293586731, 4053
16.611921548843384, 4052
16.678743362426758, 4051
16.67974066734314, 4050
16.692705869674683, 4049
16.741607904434204, 4048
16.776514291763306, 4047
16.780503034591675, 4046
16.879239320755005, 4045
16.941041231155396, 4044
17.28711724281311, 4043
17.36490821838379, 4042
17.396824598312378, 4041
17.433239698410034, 4040
17.477124214172363, 4039
17.486133098602295, 4038
17.50707507133484, 4037
17.51202917098999, 4036
17.636474132537842, 4035
17.679358959197998, 4034
17.79704475402832, 4033
17.868852138519287, 4032
17.916725635528564, 4031
17.941656827926636, 4030
17.958611488342285, 4029
18.01845145225525, 4028
18.01845145225525, 4027
18.094250679016113, 4026
18.178537607192993, 4025
18.234388828277588, 4024
18.249348878860474, 4023
18.268298149108887, 4022
18.28329086303711, 4021
18.295228481292725, 4020
18.314175128936768, 4019
18.316170692443848, 4018
18.407925844192505, 4017
18.41790008544922, 4016
18.42237901687622, 4015
18.511093139648438, 4014
18.581932067871094, 4013
18.591872930526733, 4012
18.7434663772583, 4011
19.45104718208313, 4010
20.36611270904541, 4009
20.88472628593445, 4008
20.887717723846436, 4007
21.36732530593872, 4006
21.795181274414062, 4005
21.815128087997437, 4004
22.08761167526245, 4003
22.34891176223755, 4002
22.41373872756958, 4001
22.57788372039795, 4000
23.096696615219116, 3999
23.11365056037903, 3998
23.14855980873108, 3997
23.16152262687683, 3996
23.306599617004395, 3995
23.310588121414185, 3994
23.311585187911987, 3993
23.46803593635559, 3992
44.814647912979126, 3991
45.596683502197266, 3990
45.93577861785889, 3989
48.27003359794617, 3988
49.979875564575195, 3987
51.25360631942749, 3986
53.15306639671326, 3985
53.847909450531006, 3984
56.33104586601257, 3983
56.69905996322632, 3982
59.444552421569824, 3981
60.70665907859802, 3980
61.64672088623047, 3979
64.4222764968872, 3978
65.56095218658447, 3977
65.89820003509521, 3976
66.78719735145569, 3975
67.54834365844727, 3974
68.75055074691772, 3973
72.14301800727844, 3972
73.2790515422821, 3971
73.38374376296997, 3970
73.63051390647888, 3969
76.28130865097046, 3968
76.47977924346924, 3967
77.50765562057495, 3966
77.58547949790955, 3965
77.58647894859314, 3964
79.15754890441895, 3963
