0.0528559684753418, 5605
0.07280278205871582, 5604
0.08477091789245605, 5603
0.09773612022399902, 5602
0.1047201156616211, 5601
0.10571646690368652, 5600
0.10671424865722656, 5599
0.1077125072479248, 5598
0.18853235244750977, 5597
0.22343754768371582, 5596
0.22939133644104004, 5595
0.255352258682251, 5594
0.27726221084594727, 5593
0.28228068351745605, 5592
0.28228068351745605, 5591
0.2982051372528076, 5590
0.2982051372528076, 5589
0.29920363426208496, 5588
0.3001999855041504, 5587
0.3001999855041504, 5586
0.3001999855041504, 5585
0.3001999855041504, 5584
0.3011970520019531, 5583
0.30219435691833496, 5582
0.30219435691833496, 5581
0.3081800937652588, 5580
0.4026052951812744, 5579
0.40360307693481445, 5578
0.40360307693481445, 5577
0.40360307693481445, 5576
0.404599666595459, 5575
0.41457223892211914, 5574
0.4415762424468994, 5573
0.44257330894470215, 5572
0.44653987884521484, 5571
0.44753098487854004, 5570
0.5113840103149414, 5569
0.5113840103149414, 5568
0.5133523941040039, 5567
0.5193374156951904, 5566
0.5213320255279541, 5565
0.5213320255279541, 5564
0.5223298072814941, 5563
0.5223298072814941, 5562
0.5253198146820068, 5561
0.5313096046447754, 5560
0.5343294143676758, 5559
0.5343294143676758, 5558
0.5403997898101807, 5557
0.9109187126159668, 5556
0.9328606128692627, 5555
0.9587948322296143, 5554
0.9627799987792969, 5553
0.964775562286377, 5552
1.010652780532837, 5551
1.012646198272705, 5550
1.012646198272705, 5549
1.012646198272705, 5548
1.029601812362671, 5547
1.0315957069396973, 5546
1.032593011856079, 5545
1.0345876216888428, 5544
1.0355851650238037, 5543
1.0365827083587646, 5542
1.1193616390228271, 5541
1.1203596591949463, 5540
1.1595604419708252, 5539
1.1595604419708252, 5538
1.1785447597503662, 5537
1.1785447597503662, 5536
1.1795084476470947, 5535
1.1805362701416016, 5534
1.2313690185546875, 5533
1.2333948612213135, 5532
1.2333948612213135, 5531
1.2652771472930908, 5530
1.2682690620422363, 5529
1.2732555866241455, 5528
1.2802371978759766, 5527
1.2812347412109375, 5526
1.2812347412109375, 5525
1.2812347412109375, 5524
1.282231092453003, 5523
1.2852232456207275, 5522
1.2912070751190186, 5521
1.2932024002075195, 5520
1.294198989868164, 5519
1.296194314956665, 5518
1.3061671257019043, 5517
1.3071656227111816, 5516
1.3081631660461426, 5515
1.3081631660461426, 5514
1.3121509552001953, 5513
1.3161406517028809, 5512
1.3171379566192627, 5511
1.330103874206543, 5510
1.330103874206543, 5509
1.3330950736999512, 5508
1.334092617034912, 5507
1.3350896835327148, 5506
1.3350896835327148, 5505
1.3370845317840576, 5504
1.348088264465332, 5503
1.348088264465332, 5502
1.3520774841308594, 5501
1.3520774841308594, 5500
1.378974437713623, 5499
1.380002498626709, 5498
1.3999500274658203, 5497
1.3999500274658203, 5496
1.4009466171264648, 5495
1.4019439220428467, 5494
1.4068984985351562, 5493
1.4149093627929688, 5492
1.425879716873169, 5491
1.4268465042114258, 5490
1.4268465042114258, 5489
1.428870439529419, 5488
1.429872751235962, 5487
1.4308662414550781, 5486
1.4318640232086182, 5485
1.4328608512878418, 5484
1.4358530044555664, 5483
1.4408397674560547, 5482
1.4428346157073975, 5481
1.4617509841918945, 5480
1.4777100086212158, 5479
1.4787075519561768, 5478
1.4797053337097168, 5477
1.4797053337097168, 5476
1.4797053337097168, 5475
1.4826974868774414, 5474
1.507629632949829, 5473
1.508657455444336, 5472
1.508657455444336, 5471
1.508657455444336, 5470
1.5126476287841797, 5469
1.5136480331420898, 5468
1.5146105289459229, 5467
1.517601728439331, 5466
1.517601728439331, 5465
1.518599271774292, 5464
1.518599271774292, 5463
1.5225896835327148, 5462
1.5235860347747803, 5461
1.5286073684692383, 5460
1.5345900058746338, 5459
1.5345900058746338, 5458
1.5415713787078857, 5457
1.543565273284912, 5456
1.547522783279419, 5455
1.5515110492706299, 5454
1.556497573852539, 5453
1.556497573852539, 5452
1.559490442276001, 5451
1.5604875087738037, 5450
1.5604875087738037, 5449
1.563478946685791, 5448
1.5684666633605957, 5447
1.5734522342681885, 5446
1.5734522342681885, 5445
1.5734522342681885, 5444
1.5744497776031494, 5443
1.576444387435913, 5442
1.5804340839385986, 5441
1.5854203701019287, 5440
1.5854203701019287, 5439
1.6233570575714111, 5438
1.6243185997009277, 5437
1.6442980766296387, 5436
1.6452934741973877, 5435
1.6472604274749756, 5434
1.6502480506896973, 5433
1.6502480506896973, 5432
1.6512775421142578, 5431
1.6512775421142578, 5430
1.6512775421142578, 5429
1.6522769927978516, 5428
1.6522769927978516, 5427
1.6522769927978516, 5426
1.6622490882873535, 5425
1.6652395725250244, 5424
1.6692306995391846, 5423
1.6712238788604736, 5422
1.6721892356872559, 5421
1.6731855869293213, 5420
1.6782052516937256, 5419
1.6861846446990967, 5418
1.6891436576843262, 5417
1.6901435852050781, 5416
1.6901435852050781, 5415
1.6901435852050781, 5414
1.6971545219421387, 5413
1.6981515884399414, 5412
1.6991171836853027, 5411
1.7001447677612305, 5410
1.7061305046081543, 5409
1.7070965766906738, 5408
1.7121148109436035, 5407
1.7121148109436035, 5406
1.7180986404418945, 5405
1.7180986404418945, 5404
1.7220876216888428, 5403
1.7220876216888428, 5402
1.729036808013916, 5401
1.7300686836242676, 5400
1.7300686836242676, 5399
1.7300686836242676, 5398
1.7310645580291748, 5397
1.7320582866668701, 5396
1.7330591678619385, 5395
1.735053300857544, 5394
1.741004467010498, 5393
1.7420017719268799, 5392
1.7420017719268799, 5391
1.7429990768432617, 5390
1.7429990768432617, 5389
1.7440295219421387, 5388
1.7480344772338867, 5387
1.7480344772338867, 5386
1.7510485649108887, 5385
1.7535228729248047, 5384
1.7560064792633057, 5383
1.7610247135162354, 5382
1.767974853515625, 5381
1.7689709663391113, 5380
1.7709665298461914, 5379
1.7809386253356934, 5378
1.781968355178833, 5377
1.7839624881744385, 5376
1.7849595546722412, 5375
1.7859594821929932, 5374
1.789947509765625, 5373
1.7998898029327393, 5372
1.8018834590911865, 5371
1.8228256702423096, 5370
1.8248205184936523, 5369
1.8248205184936523, 5368
1.825817584991455, 5367
1.8437719345092773, 5366
1.8437719345092773, 5365
1.844768762588501, 5364
1.8467659950256348, 5363
1.8483445644378662, 5362
1.85030198097229, 5361
1.8522961139678955, 5360
1.8542909622192383, 5359
1.8623011112213135, 5358
1.8632662296295166, 5357
1.8642644882202148, 5356
1.8662571907043457, 5355
1.8672547340393066, 5354
1.8672547340393066, 5353
1.8672547340393066, 5352
1.8692498207092285, 5351
1.8732385635375977, 5350
1.8742356300354004, 5349
1.8742356300354004, 5348
1.8742356300354004, 5347
1.8772289752960205, 5346
1.878225326538086, 5345
1.880220651626587, 5344
1.8812179565429688, 5343
1.8812179565429688, 5342
1.882214069366455, 5341
1.8832123279571533, 5340
1.8832123279571533, 5339
1.884209156036377, 5338
1.8882009983062744, 5337
1.8981728553771973, 5336
1.899169921875, 5335
1.9021954536437988, 5334
1.9161567687988281, 5333
1.9171555042266846, 5332
1.928093433380127, 5331
1.9321174621582031, 5330
1.9351060390472412, 5329
1.9351060390472412, 5328
1.942087173461914, 5327
1.9480407238006592, 5326
1.9690167903900146, 5325
1.9699814319610596, 5324
1.9849398136138916, 5323
1.9879333972930908, 5322
1.9879333972930908, 5321
1.9909567832946777, 5320
1.9909567832946777, 5319
1.9919555187225342, 5318
1.9919555187225342, 5317
1.9979074001312256, 5316
1.9989361763000488, 5315
1.999901294708252, 5314
2.0098748207092285, 5313
2.0108745098114014, 5312
2.0118699073791504, 5311
2.0228400230407715, 5310
2.0228400230407715, 5309
2.0288565158843994, 5308
2.0288565158843994, 5307
2.0348403453826904, 5306
2.0348403453826904, 5305
2.0358364582061768, 5304
2.0358364582061768, 5303
2.036834955215454, 5302
2.036834955215454, 5301
2.0378315448760986, 5300
2.0378315448760986, 5299
2.041823625564575, 5298
2.042818546295166, 5297
2.0458106994628906, 5296
2.049802303314209, 5295
2.049802303314209, 5294
2.050764322280884, 5293
2.05275821685791, 5292
2.056748390197754, 5291
2.0577452182769775, 5290
2.0577452182769775, 5289
2.0577452182769775, 5288
2.0587422847747803, 5287
2.0587422847747803, 5286
2.0597400665283203, 5285
2.0597400665283203, 5284
2.0597400665283203, 5283
2.060737133026123, 5282
2.060737133026123, 5281
2.060737133026123, 5280
2.061734437942505, 5279
2.0637292861938477, 5278
2.0647265911102295, 5277
2.0657236576080322, 5276
2.0677199363708496, 5275
2.0727391242980957, 5274
2.0727391242980957, 5273
2.073737859725952, 5272
2.0786893367767334, 5271
2.0786893367767334, 5270
2.0786893367767334, 5269
2.0796871185302734, 5268
2.0796871185302734, 5267
2.09165620803833, 5266
2.093651056289673, 5265
2.0956454277038574, 5264
2.0966432094573975, 5263
2.0976402759552, 5262
2.098670721054077, 5261
2.0996670722961426, 5260
2.1006641387939453, 5259
2.1106059551239014, 5258
2.112603187561035, 5257
2.1275599002838135, 5256
2.128556489944458, 5255
2.1345415115356445, 5254
2.1405246257781982, 5253
2.1405246257781982, 5252
2.141521453857422, 5251
2.141521453857422, 5250
2.149510383605957, 5249
2.1505377292633057, 5248
2.1515331268310547, 5247
2.1515331268310547, 5246
2.1515331268310547, 5245
2.167459726333618, 5244
2.1684889793395996, 5243
2.1734743118286133, 5242
2.177469253540039, 5241
2.179426431655884, 5240
2.179426431655884, 5239
2.1804563999176025, 5238
2.181453227996826, 5237
2.182448387145996, 5236
2.1934168338775635, 5235
2.194413423538208, 5234
2.210376501083374, 5233
2.2113683223724365, 5232
2.2123656272888184, 5231
2.213367462158203, 5230
2.2213475704193115, 5229
2.222342014312744, 5228
2.234307050704956, 5227
2.2547340393066406, 5226
2.2547340393066406, 5225
2.2557308673858643, 5224
2.2557308673858643, 5223
2.259725570678711, 5222
2.2617478370666504, 5221
2.2796669006347656, 5220
2.2846548557281494, 5219
2.287647247314453, 5218
2.288644313812256, 5217
2.291635751724243, 5216
2.2936315536499023, 5215
2.2956252098083496, 5214
2.2976198196411133, 5213
2.2996129989624023, 5212
2.300612449645996, 5211
2.3026063442230225, 5210
2.3076019287109375, 5209
2.308590888977051, 5208
2.319559335708618, 5207
2.320591926574707, 5206
2.327540874481201, 5205
2.327540874481201, 5204
2.3295350074768066, 5203
2.332526922225952, 5202
2.333524227142334, 5201
2.3345210552215576, 5200
2.3375132083892822, 5199
2.338510274887085, 5198
2.3395087718963623, 5197
2.3405051231384277, 5196
2.3405051231384277, 5195
2.3415021896362305, 5194
2.3434958457946777, 5193
2.346487283706665, 5192
2.3509902954101562, 5191
2.3519880771636963, 5190
2.353982448577881, 5189
2.3559770584106445, 5188
2.3599979877471924, 5187
2.360995054244995, 5186
2.362989664077759, 5185
2.362989664077759, 5184
2.3659772872924805, 5183
2.3679447174072266, 5182
2.369968891143799, 5181
2.3709681034088135, 5180
2.371965169906616, 5179
2.37395977973938, 5178
2.379944324493408, 5177
2.3819386959075928, 5176
2.3829383850097656, 5175
2.38393497467041, 5174
2.38393497467041, 5173
2.384931802749634, 5172
2.3928775787353516, 5171
2.3978967666625977, 5170
2.4038796424865723, 5169
2.4038796424865723, 5168
2.4108617305755615, 5167
2.4118599891662598, 5166
2.4168131351470947, 5165
2.4188408851623535, 5164
2.420834541320801, 5163
2.4218318462371826, 5162
2.4218318462371826, 5161
2.422832489013672, 5160
2.4287824630737305, 5159
2.4297828674316406, 5158
2.4297828674316406, 5157
2.430811643600464, 5156
2.431774377822876, 5155
2.431774377822876, 5154
2.431774377822876, 5153
2.432771682739258, 5152
2.432771682739258, 5151
2.434799909591675, 5150
2.4377899169921875, 5149
2.440782308578491, 5148
2.465214967727661, 5147
2.466217279434204, 5146
2.4671943187713623, 5145
2.4671943187713623, 5144
2.4671943187713623, 5143
2.4681897163391113, 5142
2.469186305999756, 5141
2.481153964996338, 5140
2.481153964996338, 5139
2.481153964996338, 5138
2.4831485748291016, 5137
2.4841461181640625, 5136
2.4841461181640625, 5135
2.489133358001709, 5134
2.4921250343322754, 5133
2.4961142539978027, 5132
2.4961142539978027, 5131
2.4961142539978027, 5130
2.4971115589141846, 5129
2.4971115589141846, 5128
2.4991095066070557, 5127
2.5001060962677, 5126
2.5020997524261475, 5125
2.5040948390960693, 5124
2.5121045112609863, 5123
2.5180881023406982, 5122
2.5180881023406982, 5121
2.5180881023406982, 5120
2.5190553665161133, 5119
2.5190553665161133, 5118
2.520082712173462, 5117
2.522075653076172, 5116
2.523042678833008, 5115
2.525069236755371, 5114
2.529061794281006, 5113
2.530055046081543, 5112
2.5419914722442627, 5111
2.5429890155792236, 5110
2.5429890155792236, 5109
2.5439860820770264, 5108
2.5439860820770264, 5107
2.54598069190979, 5106
2.54697847366333, 5105
2.5479798316955566, 5104
2.554957151412964, 5103
2.554957151412964, 5102
2.554957151412964, 5101
2.5559542179107666, 5100
2.5559542179107666, 5099
2.5559542179107666, 5098
2.556952714920044, 5097
2.556952714920044, 5096
2.5619382858276367, 5095
2.5629360675811768, 5094
2.563966751098633, 5093
2.568952798843384, 5092
2.5699472427368164, 5091
2.5709471702575684, 5090
2.5729410648345947, 5089
2.574939727783203, 5088
2.576899766921997, 5087
2.577925682067871, 5086
2.581918716430664, 5085
2.581918716430664, 5084
2.5829179286956787, 5083
2.5829179286956787, 5082
2.5829179286956787, 5081
2.5878708362579346, 5080
2.5878708362579346, 5079
2.5898966789245605, 5078
2.5908963680267334, 5077
2.5948519706726074, 5076
2.5958492755889893, 5075
2.597843647003174, 5074
2.598841905593872, 5073
2.6008362770080566, 5072
2.6147983074188232, 5071
2.62676739692688, 5070
2.636775493621826, 5069
2.636775493621826, 5068
2.637768507003784, 5067
2.6397664546966553, 5066
2.64475417137146, 5065
2.6516990661621094, 5064
2.6516990661621094, 5063
2.652695655822754, 5062
2.6596779823303223, 5061
2.6606757640838623, 5060
2.6626696586608887, 5059
2.6636996269226074, 5058
2.6636996269226074, 5057
2.6636996269226074, 5056
2.66569185256958, 5055
2.6696832180023193, 5054
2.670682907104492, 5053
2.6716785430908203, 5052
2.6716785430908203, 5051
2.672675132751465, 5050
2.6746695041656494, 5049
2.6756670475006104, 5048
2.6846423149108887, 5047
2.686640501022339, 5046
2.689628839492798, 5045
2.689628839492798, 5044
2.6906299591064453, 5043
2.694586992263794, 5042
2.694586992263794, 5041
2.695582389831543, 5040
2.696579694747925, 5039
2.6985743045806885, 5038
2.7005698680877686, 5037
2.701566696166992, 5036
2.7035610675811768, 5035
2.7095770835876465, 5034
2.7095770835876465, 5033
2.7105767726898193, 5032
2.7115719318389893, 5031
2.712568759918213, 5030
2.7205471992492676, 5029
2.722541570663452, 5028
2.7235403060913086, 5027
2.7245359420776367, 5026
2.7255334854125977, 5025
2.72749662399292, 5024
2.7294912338256836, 5023
2.730520009994507, 5022
2.7384989261627197, 5021
2.7384989261627197, 5020
2.739464521408081, 5019
2.739464521408081, 5018
2.740492820739746, 5017
2.742490291595459, 5016
2.7484779357910156, 5015
2.7544562816619873, 5014
2.756417989730835, 5013
2.757415771484375, 5012
2.7584125995635986, 5011
2.76143479347229, 5010
2.76143479347229, 5009
2.7634334564208984, 5008
2.7644336223602295, 5007
2.765427589416504, 5006
2.7723770141601562, 5005
2.773374319076538, 5004
2.773374319076538, 5003
2.7753689289093018, 5002
2.7773923873901367, 5001
2.7813844680786133, 5000
2.784376621246338, 4999
2.785371780395508, 4998
2.7873375415802, 4997
2.79036283493042, 4996
2.7923500537872314, 4995
2.7963483333587646, 4994
2.7963483333587646, 4993
2.7963483333587646, 4992
2.821246385574341, 4991
2.8222436904907227, 4990
2.8222436904907227, 4989
2.8232409954071045, 4988
2.8252363204956055, 4987
2.8262650966644287, 4986
2.831218957901001, 4985
2.831218957901001, 4984
2.833242416381836, 4983
2.8342432975769043, 4982
2.8391971588134766, 4981
2.8402273654937744, 4980
2.841221809387207, 4979
2.841221809387207, 4978
2.841221809387207, 4977
2.8452138900756836, 4976
2.8481760025024414, 4975
2.8491716384887695, 4974
2.8502001762390137, 4973
2.851165771484375, 4972
2.8561840057373047, 4971
2.8581788539886475, 4970
2.8591766357421875, 4969
2.8611397743225098, 4968
2.8631341457366943, 4967
2.865128993988037, 4966
2.8671233654022217, 4965
2.869117259979248, 4964
2.8701493740081787, 4963
2.872141122817993, 4962
2.8731372356414795, 4961
2.874135971069336, 4960
2.8760993480682373, 4959
2.8780953884124756, 4958
2.8801205158233643, 4957
2.881114959716797, 4956
2.882114887237549, 4955
2.8831119537353516, 4954
2.885106086730957, 4953
2.8880999088287354, 4952
2.895048141479492, 4951
2.8960788249969482, 4950
2.8970723152160645, 4949
2.907017946243286, 4948
2.9080145359039307, 4947
2.909010648727417, 4946
2.909010648727417, 4945
2.9100427627563477, 4944
2.9100427627563477, 4943
2.914029121398926, 4942
2.9160234928131104, 4941
2.9160234928131104, 4940
2.9170217514038086, 4939
2.9189858436584473, 4938
2.920013427734375, 4937
2.923006057739258, 4936
2.923006057739258, 4935
2.923006057739258, 4934
2.924006938934326, 4933
2.9250004291534424, 4932
2.926964521408081, 4931
2.9289567470550537, 4930
2.933943271636963, 4929
2.9349403381347656, 4928
2.9359378814697266, 4927
2.938930034637451, 4926
2.938930034637451, 4925
2.9399280548095703, 4924
2.9399280548095703, 4923
2.9399280548095703, 4922
2.940924644470215, 4921
2.941922426223755, 4920
2.946908950805664, 4919
2.948904037475586, 4918
2.9499006271362305, 4917
2.9558844566345215, 4916
2.965857982635498, 4915
2.9678544998168945, 4914
2.968881368637085, 4913
2.9708774089813232, 4912
2.975350856781006, 4911
2.9778292179107666, 4910
2.978825807571411, 4909
2.978825807571411, 4908
2.978825807571411, 4907
2.979823112487793, 4906
2.9897944927215576, 4905
2.9907915592193604, 4904
2.991788625717163, 4903
2.9947807788848877, 4902
2.9958038330078125, 4901
2.9977784156799316, 4900
2.9987709522247314, 4899
2.9987709522247314, 4898
2.999767541885376, 4897
3.003756523132324, 4896
3.003756523132324, 4895
3.006748676300049, 4894
3.0077478885650635, 4893
3.0077478885650635, 4892
3.0097415447235107, 4891
3.0107383728027344, 4890
3.011735200881958, 4889
3.0147271156311035, 4888
3.0147271156311035, 4887
3.0157246589660645, 4886
3.0167219638824463, 4885
3.017719030380249, 4884
3.019714593887329, 4883
3.0207111835479736, 4882
3.0217084884643555, 4881
3.02470064163208, 4880
3.02470064163208, 4879
3.026695728302002, 4878
3.0336766242980957, 4877
3.0336766242980957, 4876
3.0336766242980957, 4875
3.0346739292144775, 4874
3.0376663208007812, 4873
3.0376663208007812, 4872
3.038663148880005, 4871
3.038663148880005, 4870
3.039661169052124, 4869
3.0426526069641113, 4868
3.0426526069641113, 4867
3.043649911880493, 4866
3.043649911880493, 4865
3.044647216796875, 4864
3.044647216796875, 4863
3.044647216796875, 4862
3.045644521713257, 4861
3.045644521713257, 4860
3.047640085220337, 4859
3.050631284713745, 4858
3.051628589630127, 4857
3.052625894546509, 4856
3.0536234378814697, 4855
3.0556182861328125, 4854
3.0586097240448, 4853
3.059607744216919, 4852
3.0606048107147217, 4851
3.06160306930542, 4850
3.063596487045288, 4849
3.064594030380249, 4848
3.0655910968780518, 4847
3.0665886402130127, 4846
3.068584442138672, 4845
3.0695831775665283, 4844
3.07157564163208, 4843
3.082545757293701, 4842
3.083544969558716, 4841
3.084540367126465, 4840
3.085538625717163, 4839
3.088531732559204, 4838
3.0905258655548096, 4837
3.092520236968994, 4836
3.0945146083831787, 4835
3.104487180709839, 4834
3.1054842472076416, 4833
3.1074817180633545, 4832
3.109475612640381, 4831
3.1114695072174072, 4830
3.114461660385132, 4829
3.135404348373413, 4828
3.1463751792907715, 4827
3.1473729610443115, 4826
3.149367570877075, 4825
3.150364637374878, 4824
3.1513617038726807, 4823
3.1533565521240234, 4822
3.1543538570404053, 4821
3.155351161956787, 4820
3.161334991455078, 4819
3.161334991455078, 4818
3.1713085174560547, 4817
3.1723062992095947, 4816
3.1723062992095947, 4815
3.1723062992095947, 4814
3.1733031272888184, 4813
3.1733031272888184, 4812
3.1733031272888184, 4811
3.175297737121582, 4810
3.176295280456543, 4809
3.1802847385406494, 4808
3.1852710247039795, 4807
3.1882636547088623, 4806
3.1882636547088623, 4805
3.189260721206665, 4804
3.1902589797973633, 4803
3.197240114212036, 4802
3.199235200881958, 4801
3.20023250579834, 4800
3.202226400375366, 4799
3.20422101020813, 4798
3.2062156200408936, 4797
3.2082111835479736, 4796
3.2092084884643555, 4795
3.2102062702178955, 4794
3.2121999263763428, 4793
3.2141945362091064, 4792
3.2161920070648193, 4791
3.2181873321533203, 4790
3.220179557800293, 4789
3.221177101135254, 4788
3.230154275894165, 4787
3.231149435043335, 4786
3.2331435680389404, 4785
3.235138416290283, 4784
3.238130807876587, 4783
3.2391276359558105, 4782
3.2401254177093506, 4781
3.2411587238311768, 4780
3.2441468238830566, 4779
3.2451510429382324, 4778
3.2451510429382324, 4777
3.2451510429382324, 4776
3.246140956878662, 4775
3.246140956878662, 4774
3.2501137256622314, 4773
3.2670540809631348, 4772
3.271043539047241, 4771
3.273038387298584, 4770
3.274035692214966, 4769
3.279021739959717, 4768
3.2810256481170654, 4767
3.2830114364624023, 4766
3.2860021591186523, 4765
3.290989637374878, 4764
3.2929844856262207, 4763
3.2939815521240234, 4762
3.2939815521240234, 4761
3.2939815521240234, 4760
3.2979695796966553, 4759
3.2989673614501953, 4758
3.30096173286438, 4757
3.306946039199829, 4756
3.3079442977905273, 4755
3.3079442977905273, 4754
3.3079442977905273, 4753
3.308940887451172, 4752
3.308940887451172, 4751
3.3099803924560547, 4750
3.3109774589538574, 4749
3.3129384517669678, 4748
3.3129384517669678, 4747
3.3139610290527344, 4746
3.3159544467926025, 4745
3.32094144821167, 4744
3.321938991546631, 4743
3.3229355812072754, 4742
3.324932813644409, 4741
3.3258957862854004, 4740
3.3329131603240967, 4739
3.33390736579895, 4738
3.33390736579895, 4737
3.33390736579895, 4736
3.334904432296753, 4735
3.3368682861328125, 4734
3.3378958702087402, 4733
3.3378958702087402, 4732
3.338871479034424, 4731
3.3398914337158203, 4730
3.340890407562256, 4729
3.342883825302124, 4728
3.3448774814605713, 4727
3.345843553543091, 4726
3.3478705883026123, 4725
3.348869800567627, 4724
3.3498644828796387, 4723
3.352856159210205, 4722
3.352856159210205, 4721
3.352856159210205, 4720
3.353853464126587, 4719
3.353853464126587, 4718
3.353853464126587, 4717
3.3558475971221924, 4716
3.359379768371582, 4715
3.360409736633301, 4714
3.3613758087158203, 4713
3.3613758087158203, 4712
3.3624072074890137, 4711
3.363401174545288, 4710
3.3693861961364746, 4709
3.3713507652282715, 4708
3.372347116470337, 4707
3.3743414878845215, 4706
3.3763346672058105, 4705
3.3773319721221924, 4704
3.390296697616577, 4703
3.39229154586792, 4702
3.394287586212158, 4701
3.396282434463501, 4700
3.4002718925476074, 4699
3.4012691974639893, 4698
3.4012691974639893, 4697
3.402266502380371, 4696
3.403263568878174, 4695
3.403263568878174, 4694
3.4042608737945557, 4693
3.4052581787109375, 4692
3.4052581787109375, 4691
3.4062557220458984, 4690
3.407254457473755, 4689
3.407254457473755, 4688
3.4082515239715576, 4687
3.4082515239715576, 4686
3.4092464447021484, 4685
3.410280466079712, 4684
3.410280466079712, 4683
3.410280466079712, 4682
3.4112415313720703, 4681
3.4112415313720703, 4680
3.4122731685638428, 4679
3.4132680892944336, 4678
3.4132680892944336, 4677
3.4132680892944336, 4676
3.4242401123046875, 4675
3.4501731395721436, 4674
3.4501731395721436, 4673
3.4501731395721436, 4672
3.4511663913726807, 4671
3.4511663913726807, 4670
3.4511663913726807, 4669
3.4521660804748535, 4668
3.4591522216796875, 4667
3.4611804485321045, 4666
3.4611804485321045, 4665
3.475141763687134, 4664
3.477138042449951, 4663
3.4801292419433594, 4662
3.489072561264038, 4661
3.5040338039398193, 4660
3.508023500442505, 4659
3.508023500442505, 4658
3.516998767852783, 4657
3.516998767852783, 4656
3.517996311187744, 4655
3.5279765129089355, 4654
3.5279765129089355, 4653
3.5279765129089355, 4652
3.5529024600982666, 4651
3.5548970699310303, 4650
3.5548970699310303, 4649
3.555894613265991, 4648
3.5758419036865234, 4647
3.5878093242645264, 4646
3.5888049602508545, 4645
3.610746383666992, 4644
3.614738702774048, 4643
3.6157381534576416, 4642
3.6366770267486572, 4641
3.686544418334961, 4640
3.686544418334961, 4639
3.6975157260894775, 4638
3.6975157260894775, 4637
3.7034997940063477, 4636
3.716464042663574, 4635
3.7174625396728516, 4634
3.7204532623291016, 4633
3.7214503288269043, 4632
3.751370429992676, 4631
3.7595181465148926, 4630
3.7595181465148926, 4629
3.762535810470581, 4628
3.7834792137145996, 4627
3.790461301803589, 4626
3.7914581298828125, 4625
3.8233418464660645, 4624
3.8323493003845215, 4623
3.8333489894866943, 4622
3.8562543392181396, 4621
3.861272096633911, 4620
3.8622689247131348, 4619
3.8622689247131348, 4618
3.88318133354187, 4617
3.8961782455444336, 4616
3.921081066131592, 4615
3.945016622543335, 4614
3.9500041007995605, 4613
3.951998233795166, 4612
3.958977699279785, 4611
3.96795654296875, 4610
4.002862215042114, 4609
4.002862215042114, 4608
4.003859043121338, 4607
4.018819570541382, 4606
4.0287933349609375, 4605
4.036772727966309, 4604
4.040760517120361, 4603
4.0597100257873535, 4602
4.0676939487457275, 4601
4.076664447784424, 4600
4.094615459442139, 4599
4.111569404602051, 4598
4.112566709518433, 4597
4.115558624267578, 4596
4.115558624267578, 4595
4.115558624267578, 4594
4.151463508605957, 4593
4.155454158782959, 4592
4.163431882858276, 4591
4.1674230098724365, 4590
4.1674230098724365, 4589
4.173404216766357, 4588
4.17440128326416, 4587
4.17440128326416, 4586
4.17440128326416, 4585
4.181382656097412, 4584
4.182379961013794, 4583
4.182379961013794, 4582
4.195345401763916, 4581
4.218285799026489, 4580
4.218285799026489, 4579
4.242222309112549, 4578
4.243247985839844, 4577
4.243247985839844, 4576
4.261170148849487, 4575
4.267156362533569, 4574
4.269150495529175, 4573
4.269150495529175, 4572
4.273137092590332, 4571
4.2791218757629395, 4570
4.280120611190796, 4569
4.284108638763428, 4568
4.29308557510376, 4567
4.294082403182983, 4566
4.296076536178589, 4565
4.298071384429932, 4564
4.298071384429932, 4563
4.308045387268066, 4562
4.310071229934692, 4561
4.318049907684326, 4560
4.322007656097412, 4559
4.329020977020264, 4558
4.329020977020264, 4557
4.344977855682373, 4556
4.366887807846069, 4555
4.36991286277771, 4554
4.403788089752197, 4553
4.404786825180054, 4552
4.426727771759033, 4551
4.426727771759033, 4550
4.440690994262695, 4549
4.440690994262695, 4548
4.442690372467041, 4547
4.4486682415008545, 4546
4.453654527664185, 4545
4.464625120162964, 4544
4.4865663051605225, 4543
4.503523111343384, 4542
4.504520654678345, 4541
4.504520654678345, 4540
4.505517482757568, 4539
4.517485857009888, 4538
4.546408176422119, 4537
4.547406196594238, 4536
4.549401044845581, 4535
4.562365770339966, 4534
4.596349239349365, 4533
4.606292486190796, 4532
4.607288837432861, 4531
4.609281301498413, 4530
4.635244607925415, 4529
4.635244607925415, 4528
4.6372389793396, 4527
4.6492087841033936, 4526
4.650202035903931, 4525
4.650202035903931, 4524
4.68308424949646, 4523
4.68408203125, 4522
4.701035737991333, 4521
4.728994846343994, 4520
4.733980178833008, 4519
4.753925323486328, 4518
4.757916212081909, 4517
4.757916212081909, 4516
4.757916212081909, 4515
4.78384804725647, 4514
4.7848451137542725, 4513
4.8137359619140625, 4512
4.8207480907440186, 4511
4.8217456340789795, 4510
4.82869815826416, 4509
4.84468412399292, 4508
4.861639976501465, 4507
4.861639976501465, 4506
4.867591619491577, 4505
4.867591619491577, 4504
4.8875768184661865, 4503
4.8875768184661865, 4502
4.888606071472168, 4501
4.903569221496582, 4500
4.904563903808594, 4499
4.951436281204224, 4498
4.9563939571380615, 4497
4.96736478805542, 4496
4.96736478805542, 4495
4.977370738983154, 4494
4.991298675537109, 4493
4.9973156452178955, 4492
4.9973156452178955, 4491
5.030227899551392, 4490
5.031192779541016, 4489
5.031192779541016, 4488
5.031192779541016, 4487
5.032221794128418, 4486
5.036178350448608, 4485
5.041200160980225, 4484
5.041200160980225, 4483
5.056157827377319, 4482
5.056157827377319, 4481
5.05715799331665, 4480
5.05715799331665, 4479
5.059117555618286, 4478
5.060114145278931, 4477
5.096056699752808, 4476
5.096056699752808, 4475
5.097053289413452, 4474
5.097053289413452, 4473
5.131961822509766, 4472
5.152937412261963, 4471
5.15493106842041, 4470
5.164905071258545, 4469
5.175418853759766, 4468
5.175418853759766, 4467
5.178410768508911, 4466
5.179375886917114, 4465
5.188352823257446, 4464
5.189350366592407, 4463
5.19237494468689, 4462
5.1963629722595215, 4461
5.1963629722595215, 4460
5.1963629722595215, 4459
5.210325002670288, 4458
5.212319850921631, 4457
5.212319850921631, 4456
5.221298456192017, 4455
5.221298456192017, 4454
5.226282358169556, 4453
5.240242004394531, 4452
5.241237640380859, 4451
5.241237640380859, 4450
5.245234489440918, 4449
5.251216650009155, 4448
5.25716757774353, 4447
5.281610727310181, 4446
5.302587509155273, 4445
5.30856990814209, 4444
5.30856990814209, 4443
5.309535503387451, 4442
5.315558195114136, 4441
5.321535348892212, 4440
5.334468603134155, 4439
5.336463451385498, 4438
5.370802879333496, 4437
5.371797323226929, 4436
5.374789714813232, 4435
5.387723207473755, 4434
5.399691343307495, 4433
5.40268349647522, 4432
5.407670497894287, 4431
5.416646718978882, 4430
5.45856785774231, 4429
5.462554693222046, 4428
5.466511964797974, 4427
5.466511964797974, 4426
5.479478120803833, 4425
5.480508327484131, 4424
5.485489845275879, 4423
5.490451812744141, 4422
5.507403373718262, 4421
5.507403373718262, 4420
5.51438307762146, 4419
5.5173749923706055, 4418
5.532336235046387, 4417
5.550320625305176, 4416
5.553311824798584, 4415
5.559264421463013, 4414
5.571267604827881, 4413
5.61810827255249, 4412
5.61810827255249, 4411
5.619105339050293, 4410
5.654009819030762, 4409
5.673991918563843, 4408
5.674954175949097, 4407
5.70487380027771, 4406
5.721830129623413, 4405
5.725817680358887, 4404
5.749756336212158, 4403
5.750752687454224, 4402
5.776682376861572, 4401
5.779709577560425, 4400
5.787653923034668, 4399
5.788650274276733, 4398
5.788650274276733, 4397
5.80959415435791, 4396
5.810591220855713, 4395
5.810591220855713, 4394
5.811588525772095, 4393
5.893369674682617, 4392
5.894366979598999, 4391
5.897359609603882, 4390
5.898356676101685, 4389
5.898356676101685, 4388
5.902373552322388, 4387
5.90437388420105, 4386
5.905372381210327, 4385
5.91231894493103, 4384
5.929274797439575, 4383
5.952214241027832, 4382
5.958198070526123, 4381
5.959195852279663, 4380
5.9621875286102295, 4379
5.971163511276245, 4378
5.991108417510986, 4377
6.026050567626953, 4376
6.0359883308410645, 4375
6.042969703674316, 4374
6.042969703674316, 4373
6.047957420349121, 4372
6.051945686340332, 4371
6.063946962356567, 4370
6.063946962356567, 4369
6.139575004577637, 4368
6.148719787597656, 4367
6.160689830780029, 4366
6.16364860534668, 4365
6.1736204624176025, 4364
6.174617767333984, 4363
6.1926047801971436, 4362
6.193599700927734, 4361
6.193599700927734, 4360
6.205536842346191, 4359
6.225483655929565, 4358
6.225483655929565, 4357
6.228473901748657, 4356
6.287320137023926, 4355
6.291306018829346, 4354
6.338212966918945, 4353
6.346191644668579, 4352
6.347156763076782, 4351
6.362151384353638, 4350
6.363142967224121, 4349
6.36710524559021, 4348
6.373124837875366, 4347
6.373124837875366, 4346
6.374085187911987, 4345
6.385091066360474, 4344
6.3860883712768555, 4343
6.387089014053345, 4342
6.402079105377197, 4341
6.406065225601196, 4340
6.408030986785889, 4339
6.417040586471558, 4338
6.421027660369873, 4337
6.428009510040283, 4336
6.434993028640747, 4335
6.447924613952637, 4334
6.4509172439575195, 4333
6.480870008468628, 4332
6.491838216781616, 4331
6.497824430465698, 4330
6.544699192047119, 4329
6.54569411277771, 4328
6.546682834625244, 4327
6.551678419113159, 4326
6.551678419113159, 4325
6.556634426116943, 4324
6.571593999862671, 4323
6.586587429046631, 4322
6.586587429046631, 4321
6.594566106796265, 4320
6.642403841018677, 4319
6.648387670516968, 4318
6.66637396812439, 4317
6.741228818893433, 4316
6.795423269271851, 4315
6.795423269271851, 4314
6.803407192230225, 4313
6.803407192230225, 4312
6.818336009979248, 4311
6.859227180480957, 4310
6.860223293304443, 4309
6.863248586654663, 4308
6.878174781799316, 4307
6.885663032531738, 4306
6.888655424118042, 4305
6.89763331413269, 4304
6.909599781036377, 4303
7.023636817932129, 4302
7.023636817932129, 4301
7.025602102279663, 4300
7.026597261428833, 4299
7.033611536026001, 4298
7.111910104751587, 4297
7.137094259262085, 4296
7.142158031463623, 4295
7.1508049964904785, 4294
7.151803255081177, 4293
7.169756650924683, 4292
7.195685148239136, 4291
7.200670957565308, 4290
7.200670957565308, 4289
7.241529226303101, 4288
7.243523597717285, 4287
7.255492210388184, 4286
7.258517026901245, 4285
7.270485162734985, 4284
7.277433156967163, 4283
7.294420480728149, 4282
7.333316326141357, 4281
7.340299606323242, 4280
7.34229302406311, 4279
7.357220888137817, 4278
7.357220888137817, 4277
7.369223594665527, 4276
7.375205755233765, 4275
7.379161596298218, 4274
7.421048879623413, 4273
7.45499324798584, 4272
7.455988645553589, 4271
7.483883380889893, 4270
7.503829479217529, 4269
7.508814573287964, 4268
7.512803554534912, 4267
7.520817995071411, 4266
7.540730714797974, 4265
7.541727781295776, 4264
7.550736427307129, 4263
7.557716608047485, 4262
7.585641384124756, 4261
7.60060453414917, 4260
7.60060453414917, 4259
7.609579086303711, 4258
7.623540163040161, 4257
7.636474370956421, 4256
7.636474370956421, 4255
7.641462087631226, 4254
7.645450830459595, 4253
7.774107217788696, 4252
7.836970329284668, 4251
7.842921018600464, 4250
7.886803388595581, 4249
7.906752109527588, 4248
7.9576146602630615, 4247
8.046889066696167, 4246
8.136993408203125, 4245
8.21151614189148, 4244
8.345158338546753, 4243
8.414940118789673, 4242
8.415937900543213, 4241
8.446854591369629, 4240
8.483788967132568, 4239
8.483788967132568, 4238
8.542665004730225, 4237
8.543662309646606, 4236
8.579566717147827, 4235
8.579566717147827, 4234
8.580564022064209, 4233
8.586548089981079, 4232
8.586548089981079, 4231
8.589573621749878, 4230
8.589573621749878, 4229
8.590568542480469, 4228
8.597517490386963, 4227
8.605495929718018, 4226
8.626441955566406, 4225
8.64838433265686, 4224
8.678300619125366, 4223
8.67929983139038, 4222
8.67929983139038, 4221
8.71520209312439, 4220
8.723215818405151, 4219
8.732156753540039, 4218
8.745121955871582, 4217
8.788008451461792, 4216
8.808953285217285, 4215
8.808953285217285, 4214
8.809948682785034, 4213
8.820919275283813, 4212
8.823911428451538, 4211
8.834882020950317, 4210
8.848878860473633, 4209
8.914668560028076, 4208
8.984482526779175, 4207
8.984482526779175, 4206
8.997448205947876, 4205
9.025373220443726, 4204
9.02936315536499, 4203
9.02936315536499, 4202
9.05030608177185, 4201
9.055323123931885, 4200
9.055323123931885, 4199
9.056322574615479, 4198
9.098178148269653, 4197
9.107154607772827, 4196
9.144062757492065, 4195
9.144062757492065, 4194
9.179966688156128, 4193
9.194928169250488, 4192
9.213843822479248, 4191
9.240773677825928, 4190
9.250778913497925, 4189
9.250778913497925, 4188
9.251773357391357, 4187
9.267699480056763, 4186
9.267699480056763, 4185
9.296621799468994, 4184
9.34748649597168, 4183
9.34748649597168, 4182
9.34748649597168, 4181
9.454199314117432, 4180
9.46317720413208, 4179
9.468163967132568, 4178
9.468163967132568, 4177
9.469159841537476, 4176
9.484119415283203, 4175
9.490103483200073, 4174
9.501075983047485, 4173
9.51307487487793, 4172
9.532023906707764, 4171
9.54598879814148, 4170
9.599876403808594, 4169
9.599876403808594, 4168
9.602874279022217, 4167
9.605863094329834, 4166
9.632758378982544, 4165
9.709553241729736, 4164
9.743463277816772, 4163
9.751444101333618, 4162
9.760419368743896, 4161
9.816269159317017, 4160
9.816269159317017, 4159
9.81726622581482, 4158
9.81726622581482, 4157
9.818263530731201, 4156
9.818263530731201, 4155
9.819261312484741, 4154
9.934459686279297, 4153
9.962384939193726, 4152
9.996294260025024, 4151
9.997291803359985, 4150
10.003783702850342, 4149
10.013756513595581, 4148
10.023731231689453, 4147
10.071634292602539, 4146
10.144688844680786, 4145
10.157651901245117, 4144
10.16762661933899, 4143
10.171614408493042, 4142
10.21170711517334, 4141
10.265530109405518, 4140
10.271514415740967, 4139
10.271514415740967, 4138
10.290496587753296, 4137
10.467990398406982, 4136
10.467990398406982, 4135
10.510875701904297, 4134
10.523843765258789, 4133
10.523843765258789, 4132
10.841024398803711, 4131
10.853958129882812, 4130
10.853958129882812, 4129
10.854954242706299, 4128
10.927759885787964, 4127
10.980618000030518, 4126
10.984607219696045, 4125
10.994581699371338, 4124
10.999568939208984, 4123
10.999568939208984, 4122
10.999568939208984, 4121
11.015555143356323, 4120
11.08035135269165, 4119
11.081348657608032, 4118
11.128223657608032, 4117
11.15119218826294, 4116
11.15119218826294, 4115
11.507823944091797, 4114
11.518677711486816, 4113
11.520673751831055, 4112
11.520673751831055, 4111
11.548597574234009, 4110
11.575528144836426, 4109
11.575528144836426, 4108
11.581510782241821, 4107
11.604448080062866, 4106
11.688225030899048, 4105
12.187888622283936, 4104
12.253711938858032, 4103
12.5259850025177, 4102
12.540943622589111, 4101
12.542938232421875, 4100
12.563883304595947, 4099
12.564879655838013, 4098
12.584859132766724, 4097
12.585858583450317, 4096
12.585858583450317, 4095
12.592805862426758, 4094
12.609761238098145, 4093
12.625267744064331, 4092
12.626232385635376, 4091
12.71898365020752, 4090
12.71998119354248, 4089
12.742918729782104, 4088
12.768849849700928, 4087
12.78081727027893, 4086
12.78081727027893, 4085
13.369699954986572, 4084
13.373656034469604, 4083
13.374653577804565, 4082
13.378674268722534, 4081
13.420562744140625, 4080
13.440476655960083, 4079
13.727709531784058, 4078
13.757628202438354, 4077
13.839410781860352, 4076
14.037911653518677, 4075
14.07481336593628, 4074
14.090738773345947, 4073
14.093743324279785, 4072
14.134533882141113, 4071
14.187987804412842, 4070
14.199957132339478, 4069
14.233900547027588, 4068
14.785906314849854, 4067
14.927797317504883, 4066
14.993621349334717, 4065
15.007588624954224, 4064
15.770058631896973, 4063
15.883754014968872, 4062
20.04422116279602, 4061
20.077133893966675, 4060
20.44269824028015, 4059
20.795681715011597, 4058
20.866490602493286, 4057
20.897408485412598, 4056
20.967223644256592, 4055
20.97520160675049, 4054
20.993152379989624, 4053
21.218095302581787, 4052
21.310811758041382, 4051
21.430490970611572, 4050
21.433483123779297, 4049
21.63793706893921, 4048
21.693820238113403, 4047
21.811473846435547, 4046
21.91918683052063, 4045
21.950103282928467, 4044
21.974070072174072, 4043
22.09671115875244, 4042
22.16588282585144, 4041
22.19580364227295, 4040
22.215059518814087, 4039
22.672114372253418, 4038
22.692059755325317, 4037
22.697046279907227, 4036
22.813734531402588, 4035
22.838667392730713, 4034
22.863598108291626, 4033
22.870582342147827, 4032
22.885542154312134, 4031
22.89152479171753, 4030
22.96133780479431, 4029
22.964329719543457, 4028
22.977295875549316, 4027
22.982283353805542, 4026
22.982283353805542, 4025
23.014230966567993, 4024
23.189762830734253, 4023
23.21665620803833, 4022
23.227626085281372, 4021
23.251562118530273, 4020
23.263529062271118, 4019
23.29245400428772, 4018
23.29345154762268, 4017
23.336333990097046, 4016
23.37423276901245, 4015
23.493912935256958, 4014
23.64055061340332, 4013
23.80112385749817, 4012
23.98778247833252, 4011
23.98778247833252, 4010
24.18112587928772, 4009
24.287809371948242, 4008
24.43341875076294, 4007
24.472315788269043, 4006
24.532156467437744, 4005
25.56293797492981, 4004
25.600837230682373, 4003
25.624204397201538, 4002
25.6980082988739, 4001
26.102442741394043, 4000
26.143805980682373, 3999
26.255472421646118, 3998
26.258497714996338, 3997
26.271430015563965, 3996
26.282400608062744, 3995
26.28738808631897, 3994
26.63545846939087, 3993
26.667372941970825, 3992
26.776116609573364, 3991
27.125675201416016, 3990
27.321930170059204, 3989
27.413876056671143, 3988
27.41786551475525, 3987
27.423848390579224, 3986
27.437326192855835, 3985
48.90197968482971, 3984
51.10872006416321, 3983
51.3485894203186, 3982
51.3795063495636, 3981
56.85121417045593, 3980
57.17335271835327, 3979
58.39305353164673, 3978
58.763065814971924, 3977
59.508312940597534, 3976
63.26349639892578, 3975
64.45543265342712, 3974
64.5112853050232, 3973
66.14369106292725, 3972
67.05281066894531, 3971
68.59581112861633, 3970
71.46354079246521, 3969
71.94229936599731, 3968
74.92303490638733, 3967
74.92403221130371, 3966
76.74571061134338, 3965
77.57298159599304, 3964
77.79538893699646, 3963
79.69271802902222, 3962
