0.047872066497802734, 5605
0.06383013725280762, 5604
0.06383013725280762, 5603
0.09175634384155273, 5602
0.09175634384155273, 5601
0.09278440475463867, 5600
0.09375119209289551, 5599
0.1127314567565918, 5598
0.16356444358825684, 5597
0.1655590534210205, 5596
0.3061864376068115, 5595
0.3061864376068115, 5594
0.30718064308166504, 5593
0.30817747116088867, 5592
0.3091752529144287, 5591
0.31020069122314453, 5590
0.32117605209350586, 5589
0.40993833541870117, 5588
0.4109361171722412, 5587
0.4109361171722412, 5586
0.4159219264984131, 5585
0.4358682632446289, 5584
0.4378318786621094, 5583
0.4418201446533203, 5582
0.4438149929046631, 5581
0.5515270233154297, 5580
0.9399569034576416, 5579
0.9409539699554443, 5578
0.9419512748718262, 5577
0.9429488182067871, 5576
0.9449431896209717, 5575
0.9449431896209717, 5574
0.9479355812072754, 5573
0.9559144973754883, 5572
0.9589056968688965, 5571
0.959902286529541, 5570
0.959902286529541, 5569
0.960899829864502, 5568
0.9718704223632812, 5567
1.047668218612671, 5566
1.0546529293060303, 5565
1.0546529293060303, 5564
1.0556471347808838, 5563
1.0626282691955566, 5562
1.0716030597686768, 5561
1.0726003646850586, 5560
1.0988574028015137, 5559
1.0988574028015137, 5558
1.1015920639038086, 5557
1.141740083694458, 5556
1.1437349319458008, 5555
1.1626839637756348, 5554
1.1686680316925049, 5553
1.1696655750274658, 5552
1.1791486740112305, 5551
1.1821403503417969, 5550
1.188124418258667, 5549
1.188124418258667, 5548
1.188124418258667, 5547
1.189121961593628, 5546
1.194108486175537, 5545
1.20108962059021, 5544
1.20108962059021, 5543
1.2030847072601318, 5542
1.2040841579437256, 5541
1.2140560150146484, 5540
1.2150533199310303, 5539
1.2160494327545166, 5538
1.2160494327545166, 5537
1.2170484066009521, 5536
1.2180445194244385, 5535
1.2210419178009033, 5534
1.2499592304229736, 5533
1.2509565353393555, 5532
1.2519538402557373, 5531
1.25295090675354, 5530
1.2569410800933838, 5529
1.2579376697540283, 5528
1.2579376697540283, 5527
1.260929822921753, 5526
1.2639222145080566, 5525
1.2639222145080566, 5524
1.2649188041687012, 5523
1.2669148445129395, 5522
1.2689085006713867, 5521
1.2689085006713867, 5520
1.2699060440063477, 5519
1.2699060440063477, 5518
1.306091547012329, 5517
1.3150670528411865, 5516
1.316063642501831, 5515
1.316063642501831, 5514
1.317061424255371, 5513
1.3210501670837402, 5512
1.322047233581543, 5511
1.3260369300842285, 5510
1.3280315399169922, 5509
1.336010456085205, 5508
1.3370082378387451, 5507
1.3380048274993896, 5506
1.3390026092529297, 5505
1.3399996757507324, 5504
1.3409967422485352, 5503
1.341994047164917, 5502
1.3449876308441162, 5501
1.3469810485839844, 5500
1.347978115081787, 5499
1.3499727249145508, 5498
1.3549606800079346, 5497
1.3599460124969482, 5496
1.361940860748291, 5495
1.362938642501831, 5494
1.3679249286651611, 5493
1.3689227104187012, 5492
1.3729112148284912, 5491
1.3759040832519531, 5490
1.3769030570983887, 5489
1.3774173259735107, 5488
1.3784053325653076, 5487
1.3794023990631104, 5486
1.383392095565796, 5485
1.383392095565796, 5484
1.383392095565796, 5483
1.3963580131530762, 5482
1.397355318069458, 5481
1.3983521461486816, 5480
1.3993494510650635, 5479
1.4053678512573242, 5478
1.410353183746338, 5477
1.4113519191741943, 5476
1.4123470783233643, 5475
1.4173331260681152, 5474
1.4193308353424072, 5473
1.430267572402954, 5472
1.438246488571167, 5471
1.4402410984039307, 5470
1.444230079650879, 5469
1.444230079650879, 5468
1.4462268352508545, 5467
1.4472215175628662, 5466
1.4502134323120117, 5465
1.454204797744751, 5464
1.4552013874053955, 5463
1.4591891765594482, 5462
1.46018648147583, 5461
1.4611835479736328, 5460
1.4621808528900146, 5459
1.4631783962249756, 5458
1.4641757011413574, 5457
1.467167854309082, 5456
1.4681649208068848, 5455
1.4691622257232666, 5454
1.4701602458953857, 5453
1.4741499423980713, 5452
1.4741499423980713, 5451
1.4941034317016602, 5450
1.520026683807373, 5449
1.521024465560913, 5448
1.5449917316436768, 5447
1.545990228652954, 5446
1.546989917755127, 5445
1.546989917755127, 5444
1.546989917755127, 5443
1.546989917755127, 5442
1.5479836463928223, 5441
1.5479836463928223, 5440
1.5549349784851074, 5439
1.5569629669189453, 5438
1.565903663635254, 5437
1.5669341087341309, 5436
1.5679287910461426, 5435
1.5689287185668945, 5434
1.56992506980896, 5433
1.580864667892456, 5432
1.581862211227417, 5431
1.594827651977539, 5430
1.5958569049835205, 5429
1.5958569049835205, 5428
1.5958569049835205, 5427
1.5968561172485352, 5426
1.5968561172485352, 5425
1.5968561172485352, 5424
1.5998430252075195, 5423
1.6008429527282715, 5422
1.6018400192260742, 5421
1.6028411388397217, 5420
1.6038024425506592, 5419
1.6267414093017578, 5418
1.6287355422973633, 5417
1.630730390548706, 5416
1.631727695465088, 5415
1.637711763381958, 5414
1.6387090682983398, 5413
1.645691156387329, 5412
1.6476848125457764, 5411
1.651674747467041, 5410
1.651674747467041, 5409
1.6526715755462646, 5408
1.6526715755462646, 5407
1.6526715755462646, 5406
1.6536686420440674, 5405
1.6656367778778076, 5404
1.6676313877105713, 5403
1.6726188659667969, 5402
1.6736156940460205, 5401
1.6756114959716797, 5400
1.6766080856323242, 5399
1.6855850219726562, 5398
1.6855850219726562, 5397
1.7085225582122803, 5396
1.70955228805542, 5395
1.7155382633209229, 5394
1.716500997543335, 5393
1.716500997543335, 5392
1.716500997543335, 5391
1.7175309658050537, 5390
1.7175309658050537, 5389
1.7185227870941162, 5388
1.7185227870941162, 5387
1.7284705638885498, 5386
1.7284705638885498, 5385
1.741441011428833, 5384
1.7424638271331787, 5383
1.7504427433013916, 5382
1.752408504486084, 5381
1.7544012069702148, 5380
1.7544012069702148, 5379
1.7553989887237549, 5378
1.7733502388000488, 5377
1.7843201160430908, 5376
1.7843201160430908, 5375
1.7853167057037354, 5374
1.7853167057037354, 5373
1.7863140106201172, 5372
1.7883107662200928, 5371
1.7893078327178955, 5370
1.7962901592254639, 5369
1.7972872257232666, 5368
1.7972872257232666, 5367
1.8022730350494385, 5366
1.8032705783843994, 5365
1.8032705783843994, 5364
1.8132433891296387, 5363
1.8132433891296387, 5362
1.814241647720337, 5361
1.8152389526367188, 5360
1.8152389526367188, 5359
1.8182306289672852, 5358
1.8182306289672852, 5357
1.8202252388000488, 5356
1.8222196102142334, 5355
1.8232169151306152, 5354
1.825211763381958, 5353
1.845158576965332, 5352
1.864107608795166, 5351
1.866103172302246, 5350
1.8760764598846436, 5349
1.8780701160430908, 5348
1.8860502243041992, 5347
1.8950257301330566, 5346
1.896022081375122, 5345
1.8970191478729248, 5344
1.900010108947754, 5343
1.900010108947754, 5342
1.904996633529663, 5341
1.905994176864624, 5340
1.9149751663208008, 5339
1.9159736633300781, 5338
1.9159736633300781, 5337
1.9159736633300781, 5336
1.9169666767120361, 5335
1.9229495525360107, 5334
1.925940990447998, 5333
1.9269399642944336, 5332
1.9369134902954102, 5331
1.9369134902954102, 5330
1.9389069080352783, 5329
1.9399042129516602, 5328
1.940901517868042, 5327
1.940901517868042, 5326
1.940901517868042, 5325
1.9438936710357666, 5324
1.9448914527893066, 5323
1.9458880424499512, 5322
1.9458880424499512, 5321
1.94691801071167, 5320
1.9479167461395264, 5319
1.9548683166503906, 5318
1.9558610916137695, 5317
1.9558610916137695, 5316
1.9568920135498047, 5315
1.9598827362060547, 5314
1.9608795642852783, 5313
1.963874101638794, 5312
1.9658663272857666, 5311
1.9658663272857666, 5310
1.9688611030578613, 5309
1.9698584079742432, 5308
1.9708526134490967, 5307
1.9718523025512695, 5306
1.9778029918670654, 5305
1.9957900047302246, 5304
1.9957900047302246, 5303
1.9967539310455322, 5302
1.9967539310455322, 5301
1.9967539310455322, 5300
1.9967539310455322, 5299
1.9977846145629883, 5298
1.9977846145629883, 5297
1.9977846145629883, 5296
1.9987759590148926, 5295
1.9997758865356445, 5294
2.000772714614868, 5293
2.001772880554199, 5292
2.002767562866211, 5291
2.003767251968384, 5290
2.010714292526245, 5289
2.014706611633301, 5288
2.0157010555267334, 5287
2.0166990756988525, 5286
2.017695426940918, 5285
2.03066086769104, 5284
2.03066086769104, 5283
2.031658172607422, 5282
2.031658172607422, 5281
2.0326552391052246, 5280
2.0326552391052246, 5279
2.0336525440216064, 5278
2.0396368503570557, 5277
2.0406341552734375, 5276
2.048612594604492, 5275
2.050607204437256, 5274
2.054598808288574, 5273
2.0645699501037598, 5272
2.0655672550201416, 5271
2.0655672550201416, 5270
2.069556474685669, 5269
2.07055401802063, 5268
2.0875089168548584, 5267
2.0885074138641357, 5266
2.089503526687622, 5265
2.0944912433624268, 5264
2.098491907119751, 5263
2.098491907119751, 5262
2.10092830657959, 5261
2.10092830657959, 5260
2.10092830657959, 5259
2.10092830657959, 5258
2.10092830657959, 5257
2.108794689178467, 5256
2.108794689178467, 5255
2.1134400367736816, 5254
2.1154356002807617, 5253
2.138373374938965, 5252
2.142364025115967, 5251
2.1433603763580322, 5250
2.1443581581115723, 5249
2.1443581581115723, 5248
2.1443581581115723, 5247
2.151338577270508, 5246
2.175279140472412, 5245
2.1762735843658447, 5244
2.1762735843658447, 5243
2.1772701740264893, 5242
2.178267478942871, 5241
2.18026065826416, 5240
2.1902353763580322, 5239
2.19924259185791, 5238
2.201239585876465, 5237
2.2022347450256348, 5236
2.2032339572906494, 5235
2.205226421356201, 5234
2.2061922550201416, 5233
2.207221031188965, 5232
2.2091851234436035, 5231
2.2181594371795654, 5230
2.2191567420959473, 5229
2.2191567420959473, 5228
2.220154047012329, 5227
2.220154047012329, 5226
2.221151351928711, 5225
2.2231457233428955, 5224
2.229130268096924, 5223
2.2351157665252686, 5222
2.2351157665252686, 5221
2.236111640930176, 5220
2.236111640930176, 5219
2.240100622177124, 5218
2.241098165512085, 5217
2.2420976161956787, 5216
2.243095874786377, 5215
2.247084140777588, 5214
2.2490780353546143, 5213
2.252070188522339, 5212
2.2530677318573, 5211
2.2530677318573, 5210
2.25406551361084, 5209
2.25406551361084, 5208
2.25406551361084, 5207
2.2550628185272217, 5206
2.256058692932129, 5205
2.2630410194396973, 5204
2.2630410194396973, 5203
2.266033411026001, 5202
2.266033411026001, 5201
2.267031192779541, 5200
2.2680277824401855, 5199
2.2690250873565674, 5198
2.2690250873565674, 5197
2.27002215385437, 5196
2.271019697189331, 5195
2.272017240524292, 5194
2.272017240524292, 5193
2.272017240524292, 5192
2.272017240524292, 5191
2.2730140686035156, 5190
2.2740120887756348, 5189
2.2750110626220703, 5188
2.2770047187805176, 5187
2.278001070022583, 5186
2.278001070022583, 5185
2.2799954414367676, 5184
2.2809925079345703, 5183
2.2819900512695312, 5182
2.292473793029785, 5181
2.3054392337799072, 5180
2.3074681758880615, 5179
2.3084630966186523, 5178
2.3094592094421387, 5177
2.315413236618042, 5176
2.321396827697754, 5175
2.3223929405212402, 5174
2.3233909606933594, 5173
2.3233909606933594, 5172
2.3243885040283203, 5171
2.325385332107544, 5170
2.325385332107544, 5169
2.326383352279663, 5168
2.326383352279663, 5167
2.327380418777466, 5166
2.327380418777466, 5165
2.327380418777466, 5164
2.3283770084381104, 5163
2.3283770084381104, 5162
2.3283770084381104, 5161
2.3293752670288086, 5160
2.3293752670288086, 5159
2.330371618270874, 5158
2.335360050201416, 5157
2.3363571166992188, 5156
2.337352991104126, 5155
2.338350772857666, 5154
2.3403449058532715, 5153
2.3413431644439697, 5152
2.343336820602417, 5151
2.344334602355957, 5150
2.3463287353515625, 5149
2.34732723236084, 5148
2.34732723236084, 5147
2.3483238220214844, 5146
2.351315498352051, 5145
2.353311061859131, 5144
2.3543097972869873, 5143
2.3543097972869873, 5142
2.35530686378479, 5141
2.35530686378479, 5140
2.35530686378479, 5139
2.3563039302825928, 5138
2.357299566268921, 5137
2.358297348022461, 5136
2.359295129776001, 5135
2.3602917194366455, 5134
2.3612890243530273, 5133
2.3622868061065674, 5132
2.36328387260437, 5131
2.3653101921081543, 5130
2.3653101921081543, 5129
2.3683032989501953, 5128
2.3683032989501953, 5127
2.3693037033081055, 5126
2.3693037033081055, 5125
2.3693037033081055, 5124
2.3702967166900635, 5123
2.3702967166900635, 5122
2.3712966442108154, 5121
2.3722915649414062, 5120
2.374255418777466, 5119
2.3772823810577393, 5118
2.3772823810577393, 5117
2.378243923187256, 5116
2.38226318359375, 5115
2.3852672576904297, 5114
2.3852672576904297, 5113
2.3852672576904297, 5112
2.386293888092041, 5111
2.386293888092041, 5110
2.38729190826416, 5109
2.38729190826416, 5108
2.38729190826416, 5107
2.389286994934082, 5106
2.390286445617676, 5105
2.392277717590332, 5104
2.3962349891662598, 5103
2.3972666263580322, 5102
2.3972666263580322, 5101
2.3972666263580322, 5100
2.3982303142547607, 5099
2.3982303142547607, 5098
2.3982303142547607, 5097
2.399259090423584, 5096
2.4052107334136963, 5095
2.4062085151672363, 5094
2.407205581665039, 5093
2.4111950397491455, 5092
2.4111950397491455, 5091
2.4111950397491455, 5090
2.4121921062469482, 5089
2.4121921062469482, 5088
2.414187431335449, 5087
2.4201724529266357, 5086
2.4211695194244385, 5085
2.4211695194244385, 5084
2.4211695194244385, 5083
2.4231648445129395, 5082
2.425158977508545, 5081
2.427154064178467, 5080
2.4281511306762695, 5079
2.430145740509033, 5078
2.4361283779144287, 5077
2.4361283779144287, 5076
2.4371259212493896, 5075
2.4371259212493896, 5074
2.4371259212493896, 5073
2.438122510910034, 5072
2.4421122074127197, 5071
2.4431095123291016, 5070
2.4480960369110107, 5069
2.4590673446655273, 5068
2.460063934326172, 5067
2.460063934326172, 5066
2.460063934326172, 5065
2.4610612392425537, 5064
2.4610612392425537, 5063
2.4620585441589355, 5062
2.4630563259124756, 5061
2.4670474529266357, 5060
2.4670474529266357, 5059
2.4790151119232178, 5058
2.4810094833374023, 5057
2.4909827709198, 5056
2.4929776191711426, 5055
2.4979631900787354, 5054
2.498960256576538, 5053
2.499957323074341, 5052
2.5009546279907227, 5051
2.5029492378234863, 5050
2.50594162940979, 5049
2.5079357624053955, 5048
2.5089333057403564, 5047
2.5099306106567383, 5046
2.51092791557312, 5045
2.5129542350769043, 5044
2.5139217376708984, 5043
2.5169146060943604, 5042
2.5169146060943604, 5041
2.5209314823150635, 5040
2.5248966217041016, 5039
2.525888204574585, 5038
2.526885747909546, 5037
2.526885747909546, 5036
2.527916193008423, 5035
2.527916193008423, 5034
2.528881072998047, 5033
2.5308754444122314, 5032
2.532871723175049, 5031
2.533867597579956, 5030
2.5348658561706543, 5029
2.538886785507202, 5028
2.5398848056793213, 5027
2.547863483428955, 5026
2.548858880996704, 5025
2.5518505573272705, 5024
2.5518505573272705, 5023
2.5518505573272705, 5022
2.5528454780578613, 5021
2.553814649581909, 5020
2.554812431335449, 5019
2.556806802749634, 5018
2.5597987174987793, 5017
2.564784288406372, 5016
2.5677762031555176, 5015
2.5687732696533203, 5014
2.5687732696533203, 5013
2.573761463165283, 5012
2.5747592449188232, 5011
2.5747592449188232, 5010
2.5767526626586914, 5009
2.5777523517608643, 5008
2.579746723175049, 5007
2.579746723175049, 5006
2.579746723175049, 5005
2.580746650695801, 5004
2.580746650695801, 5003
2.580746650695801, 5002
2.5817413330078125, 5001
2.5827689170837402, 5000
2.588752508163452, 4999
2.588752508163452, 4998
2.588752508163452, 4997
2.591714382171631, 4996
2.5927109718322754, 4995
2.5966994762420654, 4994
2.5966994762420654, 4993
2.5986952781677246, 4992
2.6056761741638184, 4991
2.607670783996582, 4990
2.609665632247925, 4989
2.6136550903320312, 4988
2.619638681411743, 4987
2.620635986328125, 4986
2.6216342449188232, 4985
2.6216342449188232, 4984
2.624626874923706, 4983
2.627617120742798, 4982
2.628645896911621, 4981
2.6326324939727783, 4980
2.6326324939727783, 4979
2.634598970413208, 4978
2.6365931034088135, 4977
2.637624979019165, 4976
2.637624979019165, 4975
2.646566390991211, 4974
2.646566390991211, 4973
2.648594856262207, 4972
2.648594856262207, 4971
2.6495893001556396, 4970
2.6505866050720215, 4969
2.65653920173645, 4968
2.65856671333313, 4967
2.6595656871795654, 4966
2.6665127277374268, 4965
2.668508291244507, 4964
2.668508291244507, 4963
2.668508291244507, 4962
2.6695055961608887, 4961
2.6695055961608887, 4960
2.6705026626586914, 4959
2.6715002059936523, 4958
2.6715002059936523, 4957
2.672497510910034, 4956
2.673494815826416, 4955
2.673494815826416, 4954
2.674494504928589, 4953
2.675489902496338, 4952
2.675489902496338, 4951
2.6764864921569824, 4950
2.6764864921569824, 4949
2.677483558654785, 4948
2.6785128116607666, 4947
2.6795098781585693, 4946
2.680504560470581, 4945
2.6844961643218994, 4944
2.6854960918426514, 4943
2.6854960918426514, 4942
2.6854960918426514, 4941
2.6854960918426514, 4940
2.686939239501953, 4939
2.686939239501953, 4938
2.68896222114563, 4937
2.690958261489868, 4936
2.690958261489868, 4935
2.691953659057617, 4934
2.692950963973999, 4933
2.6949141025543213, 4932
2.695943832397461, 4931
2.69694185256958, 4930
2.7009291648864746, 4929
2.7009291648864746, 4928
2.7009291648864746, 4927
2.7029237747192383, 4926
2.7038893699645996, 4925
2.718848943710327, 4924
2.719846248626709, 4923
2.7218408584594727, 4922
2.724832773208618, 4921
2.72682785987854, 4920
2.72682785987854, 4919
2.72682785987854, 4918
2.7278270721435547, 4917
2.7278270721435547, 4916
2.7278270721435547, 4915
2.7298195362091064, 4914
2.731813907623291, 4913
2.733808755874634, 4912
2.734806537628174, 4911
2.738795280456543, 4910
2.7407901287078857, 4909
2.744779348373413, 4908
2.745776891708374, 4907
2.746774435043335, 4906
2.751760721206665, 4905
2.752758026123047, 4904
2.752758026123047, 4903
2.754753589630127, 4902
2.754753589630127, 4901
2.754753589630127, 4900
2.7557501792907715, 4899
2.7557501792907715, 4898
2.7617344856262207, 4897
2.7617344856262207, 4896
2.7627315521240234, 4895
2.7637288570404053, 4894
2.7677180767059326, 4893
2.7687153816223145, 4892
2.7687153816223145, 4891
2.7687153816223145, 4890
2.7697126865386963, 4889
2.771707534790039, 4888
2.771707534790039, 4887
2.7737019062042236, 4886
2.774702548980713, 4885
2.7766945362091064, 4884
2.7766945362091064, 4883
2.778688669204712, 4882
2.7836754322052, 4881
2.784672498703003, 4880
2.785670042037964, 4879
2.786667585372925, 4878
2.7872092723846436, 4877
2.788170576095581, 4876
2.789167642593384, 4875
2.7931582927703857, 4874
2.7931582927703857, 4873
2.7941548824310303, 4872
2.795159101486206, 4871
2.7981438636779785, 4870
2.7991414070129395, 4869
2.7991414070129395, 4868
2.801135778427124, 4867
2.802133083343506, 4866
2.802133083343506, 4865
2.802133083343506, 4864
2.8031303882598877, 4863
2.8041279315948486, 4862
2.8061225414276123, 4861
2.8061225414276123, 4860
2.8071200847625732, 4859
2.808117628097534, 4858
2.808117628097534, 4857
2.808117628097534, 4856
2.809114456176758, 4855
2.809114456176758, 4854
2.809114456176758, 4853
2.8101117610931396, 4852
2.8121066093444824, 4851
2.8121066093444824, 4850
2.8231112957000732, 4849
2.824108123779297, 4848
2.825101613998413, 4847
2.8261020183563232, 4846
2.8300940990448, 4845
2.8310883045196533, 4844
2.8310883045196533, 4843
2.8310883045196533, 4842
2.832085609436035, 4841
2.832085609436035, 4840
2.832085609436035, 4839
2.833080530166626, 4838
2.833080530166626, 4837
2.833080530166626, 4836
2.8340492248535156, 4835
2.8410587310791016, 4834
2.8410587310791016, 4833
2.842059373855591, 4832
2.8430562019348145, 4831
2.844022274017334, 4830
2.846017360687256, 4829
2.8480327129364014, 4828
2.8520009517669678, 4827
2.853029251098633, 4826
2.8549935817718506, 4825
2.855990171432495, 4824
2.8620078563690186, 4823
2.8630027770996094, 4822
2.864000082015991, 4821
2.8659963607788086, 4820
2.866992235183716, 4819
2.8679914474487305, 4818
2.879957437515259, 4817
2.8809521198272705, 4816
2.8809521198272705, 4815
2.882951259613037, 4814
2.883915662765503, 4813
2.884944200515747, 4812
2.8915040493011475, 4811
2.8925013542175293, 4810
2.897488832473755, 4809
2.899477005004883, 4808
2.9044387340545654, 4807
2.905435562133789, 4806
2.905435562133789, 4805
2.906433343887329, 4804
2.907431125640869, 4803
2.907431125640869, 4802
2.9084274768829346, 4801
2.9094247817993164, 4800
2.9094247817993164, 4799
2.91141939163208, 4798
2.91141939163208, 4797
2.912416696548462, 4796
2.914411783218384, 4795
2.9223902225494385, 4794
2.923387289047241, 4793
2.924384593963623, 4792
2.925381898880005, 4791
2.9293715953826904, 4790
2.931365966796875, 4789
2.9333608150482178, 4788
2.9353575706481934, 4787
2.9363536834716797, 4786
2.938347339630127, 4785
2.9403421878814697, 4784
2.9413394927978516, 4783
2.9433343410491943, 4782
2.945328712463379, 4781
2.9473235607147217, 4780
2.9483206272125244, 4779
2.9493184089660645, 4778
2.951312780380249, 4777
2.952310085296631, 4776
2.9602885246276855, 4775
2.9612860679626465, 4774
2.967270851135254, 4773
2.9682674407958984, 4772
2.9692647457122803, 4771
2.971259117126465, 4770
2.972256660461426, 4769
2.9752495288848877, 4768
2.9752495288848877, 4767
2.9762473106384277, 4766
2.9762473106384277, 4765
2.9772443771362305, 4764
2.9772443771362305, 4763
2.9882142543792725, 4762
2.9892117977142334, 4761
2.991205930709839, 4760
2.9932007789611816, 4759
2.9961931705474854, 4758
2.9961931705474854, 4757
2.9971909523010254, 4756
3.004171371459961, 4755
3.004171371459961, 4754
3.004171371459961, 4753
3.00616717338562, 4752
3.007164239883423, 4751
3.0081608295440674, 4750
3.010155439376831, 4749
3.012148857116699, 4748
3.012148857116699, 4747
3.013145685195923, 4746
3.014143228530884, 4745
3.015141010284424, 4744
3.017136335372925, 4743
3.0211243629455566, 4742
3.024116277694702, 4741
3.025113582611084, 4740
3.027109146118164, 4739
3.0281057357788086, 4738
3.0291030406951904, 4737
3.0340921878814697, 4736
3.036085367202759, 4735
3.0370819568634033, 4734
3.038079023361206, 4733
3.039076805114746, 4732
3.0420684814453125, 4731
3.0430667400360107, 4730
3.0440633296966553, 4729
3.0480523109436035, 4728
3.0480523109436035, 4727
3.0480523109436035, 4726
3.0490496158599854, 4725
3.0490496158599854, 4724
3.0490496158599854, 4723
3.05204176902771, 4722
3.0530388355255127, 4721
3.0540363788604736, 4720
3.0550341606140137, 4719
3.058027505874634, 4718
3.0590250492095947, 4717
3.0600221157073975, 4716
3.0600221157073975, 4715
3.0610191822052, 4714
3.062016725540161, 4713
3.0650086402893066, 4712
3.0670032501220703, 4711
3.068000555038452, 4710
3.068997621536255, 4709
3.0729880332946777, 4708
3.0729880332946777, 4707
3.0739846229553223, 4706
3.0749824047088623, 4705
3.0769753456115723, 4704
3.0779731273651123, 4703
3.078969955444336, 4702
3.0799670219421387, 4701
3.0809645652770996, 4700
3.0819618701934814, 4699
3.083956241607666, 4698
3.0969560146331787, 4697
3.0969560146331787, 4696
3.0969560146331787, 4695
3.097954034805298, 4694
3.0989205837249756, 4693
3.0989205837249756, 4692
3.0989205837249756, 4691
3.1015875339508057, 4690
3.1015875339508057, 4689
3.104902505874634, 4688
3.1058998107910156, 4687
3.106895685195923, 4686
3.1078927516937256, 4685
3.1098873615264893, 4684
3.110884666442871, 4683
3.111881732940674, 4682
3.1128792762756348, 4681
3.1138763427734375, 4680
3.1148743629455566, 4679
3.1158714294433594, 4678
3.1168689727783203, 4677
3.117865800857544, 4676
3.118863105773926, 4675
3.1218550205230713, 4674
3.1218550205230713, 4673
3.1218550205230713, 4672
3.1228525638580322, 4671
3.1228525638580322, 4670
3.1268422603607178, 4669
3.130831003189087, 4668
3.130831003189087, 4667
3.130831003189087, 4666
3.148782968521118, 4665
3.169729232788086, 4664
3.1717236042022705, 4663
3.173718214035034, 4662
3.1747164726257324, 4661
3.1787047386169434, 4660
3.1787047386169434, 4659
3.181696653366089, 4658
3.202641010284424, 4657
3.202641010284424, 4656
3.202641010284424, 4655
3.2036380767822266, 4654
3.2265753746032715, 4653
3.2275729179382324, 4652
3.236548900604248, 4651
3.2395403385162354, 4650
3.2395403385162354, 4649
3.2395403385162354, 4648
3.2435314655303955, 4647
3.271456718444824, 4646
3.2884111404418945, 4645
3.2894086837768555, 4644
3.3003792762756348, 4643
3.3083581924438477, 4642
3.3233180046081543, 4641
3.3243155479431152, 4640
3.3562307357788086, 4639
3.3612165451049805, 4638
3.389141798019409, 4637
3.414074182510376, 4636
3.431063413619995, 4635
3.4320621490478516, 4634
3.445023536682129, 4633
3.4529712200164795, 4632
3.47092342376709, 4631
3.47092342376709, 4630
3.471919536590576, 4629
3.4759087562561035, 4628
3.4769065380096436, 4627
3.4828896522521973, 4626
3.4888737201690674, 4625
3.4888737201690674, 4624
3.489871025085449, 4623
3.491865634918213, 4622
3.5008416175842285, 4621
3.502836227416992, 4620
3.504830837249756, 4619
3.514805555343628, 4618
3.5198233127593994, 4617
3.520822525024414, 4616
3.5397679805755615, 4615
3.5437381267547607, 4614
3.5606818199157715, 4613
3.584618330001831, 4612
3.585615634918213, 4611
3.596587896347046, 4610
3.632491111755371, 4609
3.669423818588257, 4608
3.669423818588257, 4607
3.6753783226013184, 4606
3.6923296451568604, 4605
3.7052948474884033, 4604
3.7052948474884033, 4603
3.708291530609131, 4602
3.708291530609131, 4601
3.7431936264038086, 4600
3.7431936264038086, 4599
3.746185541152954, 4598
3.746185541152954, 4597
3.7522056102752686, 4596
3.7522056102752686, 4595
3.756161689758301, 4594
3.7621753215789795, 4593
3.7711493968963623, 4592
3.7711493968963623, 4591
3.7761406898498535, 4590
3.7761406898498535, 4589
3.7920644283294678, 4588
3.804032564163208, 4587
3.8050296306610107, 4586
3.8050296306610107, 4585
3.8140063285827637, 4584
3.815004825592041, 4583
3.820985794067383, 4582
3.8219833374023438, 4581
3.8229801654815674, 4580
3.8239781856536865, 4579
3.824977397918701, 4578
3.837941884994507, 4577
3.837941884994507, 4576
3.8399362564086914, 4575
3.844923257827759, 4574
3.849940538406372, 4573
3.850935459136963, 4572
3.8558928966522217, 4571
3.8558928966522217, 4570
3.8578884601593018, 4569
3.871849536895752, 4568
3.871849536895752, 4567
3.8818228244781494, 4566
3.8818228244781494, 4565
3.884814977645874, 4564
3.9008047580718994, 4563
3.905791997909546, 4562
3.9187567234039307, 4561
3.9197561740875244, 4560
3.923712730407715, 4559
3.9326884746551514, 4558
3.9407050609588623, 4557
3.9506709575653076, 4556
3.9506709575653076, 4555
3.9506709575653076, 4554
3.96560001373291, 4553
3.9675939083099365, 4552
3.9685921669006348, 4551
4.01047945022583, 4550
4.0179736614227295, 4549
4.0179736614227295, 4548
4.033932685852051, 4547
4.034930229187012, 4546
4.034930229187012, 4545
4.075819253921509, 4544
4.084794521331787, 4543
4.099756240844727, 4542
4.100752592086792, 4541
4.147137880325317, 4540
4.148134469985962, 4539
4.154119491577148, 4538
4.160102844238281, 4537
4.161099910736084, 4536
4.161099910736084, 4535
4.181046724319458, 4534
4.18802809715271, 4533
4.2159624099731445, 4532
4.216958999633789, 4531
4.216958999633789, 4530
4.217955827713013, 4529
4.232915878295898, 4528
4.238900184631348, 4527
4.263833045959473, 4526
4.2648303508758545, 4525
4.268819570541382, 4524
4.268819570541382, 4523
4.284777402877808, 4522
4.285810708999634, 4521
4.30771541595459, 4520
4.30771541595459, 4519
4.308712959289551, 4518
4.309710741043091, 4517
4.351596355438232, 4516
4.369548559188843, 4515
4.379523992538452, 4514
4.401463031768799, 4513
4.437367677688599, 4512
4.438364505767822, 4511
4.449335098266602, 4510
4.449335098266602, 4509
4.449335098266602, 4508
4.451329946517944, 4507
4.4583117961883545, 4506
4.463298320770264, 4505
4.464296340942383, 4504
4.471277952194214, 4503
4.472274541854858, 4502
4.47526741027832, 4501
4.481250286102295, 4500
4.4862377643585205, 4499
4.493219614028931, 4498
4.509207725524902, 4497
4.51619815826416, 4496
4.51619815826416, 4495
4.5222084522247314, 4494
4.524174213409424, 4493
4.531187534332275, 4492
4.555093288421631, 4491
4.555093288421631, 4490
4.581021308898926, 4489
4.585011005401611, 4488
4.5899977684021, 4487
4.5909974575042725, 4486
4.594986200332642, 4485
4.607951402664185, 4484
4.619434118270874, 4483
4.620462417602539, 4482
4.627411365509033, 4481
4.630403995513916, 4480
4.640377044677734, 4479
4.640377044677734, 4478
4.640377044677734, 4477
4.655372142791748, 4476
4.655372142791748, 4475
4.667304754257202, 4474
4.68226432800293, 4473
4.683261871337891, 4472
4.6842591762542725, 4471
4.7042059898376465, 4470
4.7042059898376465, 4469
4.718742847442627, 4468
4.7197394371032715, 4467
4.732672691345215, 4466
4.733670473098755, 4465
4.767611980438232, 4464
4.767611980438232, 4463
4.7865307331085205, 4462
4.787527561187744, 4461
4.787527561187744, 4460
4.788525342941284, 4459
4.792514324188232, 4458
4.8084716796875, 4457
4.811463832855225, 4456
4.816664218902588, 4455
4.818620204925537, 4454
4.8256003856658936, 4453
4.8525285720825195, 4452
4.861504316329956, 4451
4.862501621246338, 4450
4.870480298995972, 4449
4.888432502746582, 4448
4.89242148399353, 4447
4.895414113998413, 4446
4.913397789001465, 4445
4.913397789001465, 4444
4.941289901733398, 4443
4.951263427734375, 4442
4.962233304977417, 4441
4.962233304977417, 4440
4.979223251342773, 4439
4.979223251342773, 4438
4.988165378570557, 4437
4.999136686325073, 4436
5.011104345321655, 4435
5.012101650238037, 4434
5.02506685256958, 4433
5.029089689254761, 4432
5.029089689254761, 4431
5.047038793563843, 4430
5.055018901824951, 4429
5.059009313583374, 4428
5.061999320983887, 4427
5.06299614906311, 4426
5.06299614906311, 4425
5.06299614906311, 4424
5.071974992752075, 4423
5.079920291900635, 4422
5.117819309234619, 4421
5.118816614151001, 4420
5.130784034729004, 4419
5.139760255813599, 4418
5.152726173400879, 4417
5.1636962890625, 4416
5.177659749984741, 4415
5.186633825302124, 4414
5.216556072235107, 4413
5.22951865196228, 4412
5.2365028858184814, 4411
5.251461744308472, 4410
5.252458810806274, 4409
5.290356159210205, 4408
5.2933478355407715, 4407
5.297337770462036, 4406
5.298334836959839, 4405
5.322305917739868, 4404
5.323300361633301, 4403
5.32426643371582, 4402
5.325295448303223, 4401
5.327287435531616, 4400
5.32928466796875, 4399
5.330284118652344, 4398
5.342249631881714, 4397
5.344213485717773, 4396
5.362165689468384, 4395
5.390090703964233, 4394
5.396073818206787, 4393
5.417019605636597, 4392
5.433973550796509, 4391
5.44693922996521, 4390
5.44693922996521, 4389
5.458906888961792, 4388
5.469877243041992, 4387
5.483839988708496, 4386
5.499795913696289, 4385
5.499795913696289, 4384
5.501790523529053, 4383
5.51176381111145, 4382
5.51176381111145, 4381
5.5227344036102295, 4380
5.540686368942261, 4379
5.553653001785278, 4378
5.554650068283081, 4377
5.555647134780884, 4376
5.587596893310547, 4375
5.587596893310547, 4374
5.627490520477295, 4373
5.630476951599121, 4372
5.63543438911438, 4371
5.63543438911438, 4370
5.642414331436157, 4369
5.643411874771118, 4368
5.6573755741119385, 4367
5.6573755741119385, 4366
5.661364316940308, 4365
5.676325082778931, 4364
5.687294960021973, 4363
5.69726824760437, 4362
5.716219425201416, 4361
5.751124143600464, 4360
5.800991773605347, 4359
5.80398416519165, 4358
5.804981231689453, 4357
5.824928283691406, 4356
5.824928283691406, 4355
5.831419229507446, 4354
5.83341383934021, 4353
5.838400840759277, 4352
5.85635232925415, 4351
5.85635232925415, 4350
5.859343767166138, 4349
5.863333225250244, 4348
5.867323160171509, 4347
5.867323160171509, 4346
5.868319511413574, 4345
5.87530255317688, 4344
5.878293037414551, 4343
5.900234222412109, 4342
5.903226137161255, 4341
5.90721583366394, 4340
5.917189121246338, 4339
5.921231269836426, 4338
5.921231269836426, 4337
5.930207014083862, 4336
5.930207014083862, 4335
5.937188386917114, 4334
5.944169521331787, 4333
5.949156284332275, 4332
5.9531779289245605, 4331
5.954143524169922, 4330
5.955170631408691, 4329
5.960161447525024, 4328
5.967142343521118, 4327
5.967142343521118, 4326
5.984097957611084, 4325
6.0160133838653564, 4324
6.054876089096069, 4323
6.055871486663818, 4322
6.140644311904907, 4321
6.144634246826172, 4320
6.2894368171691895, 4319
6.2894368171691895, 4318
6.387369394302368, 4317
6.426507949829102, 4316
6.460441589355469, 4315
6.460441589355469, 4314
6.495319128036499, 4313
6.51725959777832, 4312
6.520251750946045, 4311
6.535722255706787, 4310
6.548686742782593, 4309
6.560687303543091, 4308
6.5646748542785645, 4307
6.705776929855347, 4306
6.758668899536133, 4305
6.759664297103882, 4304
6.759664297103882, 4303
6.785595655441284, 4302
6.802518129348755, 4301
6.810497999191284, 4300
6.814487457275391, 4299
6.818506479263306, 4298
6.818506479263306, 4297
6.837456226348877, 4296
6.838455438613892, 4295
6.846400260925293, 4294
6.852416753768921, 4293
6.853381156921387, 4292
6.8773193359375, 4291
6.87831449508667, 4290
6.933169364929199, 4289
6.953115940093994, 4288
6.954112529754639, 4287
6.969073295593262, 4286
6.974059820175171, 4285
6.978049278259277, 4284
7.024922132492065, 4283
7.038884878158569, 4282
7.045866250991821, 4281
7.057834148406982, 4280
7.067808389663696, 4279
7.075788497924805, 4278
7.090746164321899, 4277
7.123658657073975, 4276
7.138618469238281, 4275
7.156570672988892, 4274
7.182500600814819, 4273
7.208465337753296, 4272
7.225386381149292, 4271
7.2363574504852295, 4270
7.238383769989014, 4269
7.2463319301605225, 4268
7.260294675827026, 4267
7.260294675827026, 4266
7.263286590576172, 4265
7.263286590576172, 4264
7.274256229400635, 4263
7.274256229400635, 4262
7.278246641159058, 4261
7.3281450271606445, 4260
7.3281450271606445, 4259
7.3281450271606445, 4258
7.331136703491211, 4257
7.347064256668091, 4256
7.426849126815796, 4255
7.520596742630005, 4254
7.536587476730347, 4253
7.635324478149414, 4252
7.635324478149414, 4251
7.642304420471191, 4250
7.649285078048706, 4249
7.669233083724976, 4248
7.689147233963013, 4247
7.742037057876587, 4246
7.747024059295654, 4245
7.753973960876465, 4244
7.7859206199646, 4243
7.856698751449585, 4242
7.8796706199646, 4241
7.887647867202759, 4240
7.895627021789551, 4239
7.905600547790527, 4238
7.905600547790527, 4237
7.905600547790527, 4236
7.905600547790527, 4235
7.9175355434417725, 4234
7.9175355434417725, 4233
7.9175355434417725, 4232
7.923554182052612, 4231
7.923554182052612, 4230
7.940508842468262, 4229
7.941503286361694, 4228
7.9624152183532715, 4227
7.98535418510437, 4226
7.986351490020752, 4225
7.986351490020752, 4224
7.9893434047698975, 4223
7.997322082519531, 4222
7.997322082519531, 4221
8.018316745758057, 4220
8.019350290298462, 4219
8.038263082504272, 4218
8.040286540985107, 4217
8.043280839920044, 4216
8.045278310775757, 4215
8.049264907836914, 4214
8.077697038650513, 4213
8.077697038650513, 4212
8.077697038650513, 4211
8.153463125228882, 4210
8.154459953308105, 4209
8.154459953308105, 4208
8.199458360671997, 4207
8.203447580337524, 4206
8.205442428588867, 4205
8.22043251991272, 4204
8.230409145355225, 4203
8.239385604858398, 4202
8.258300542831421, 4201
8.324124574661255, 4200
8.353075742721558, 4199
8.36601209640503, 4198
8.371034145355225, 4197
8.371034145355225, 4196
8.377981901168823, 4195
8.377981901168823, 4194
8.431867837905884, 4193
8.431867837905884, 4192
8.43585753440857, 4191
8.449787378311157, 4190
8.449787378311157, 4189
8.456769943237305, 4188
8.468769073486328, 4187
8.496661901473999, 4186
8.51661205291748, 4185
8.52262830734253, 4184
8.523592710494995, 4183
8.527612924575806, 4182
8.536556482315063, 4181
8.536556482315063, 4180
8.537586212158203, 4179
8.540578365325928, 4178
8.564512968063354, 4177
8.564512968063354, 4176
8.592406511306763, 4175
8.592406511306763, 4174
8.593403816223145, 4173
8.608363389968872, 4172
8.6123526096344, 4171
8.624322891235352, 4170
8.626316785812378, 4169
8.62831163406372, 4168
8.63030481338501, 4167
8.642272710800171, 4166
8.648256540298462, 4165
8.657232761383057, 4164
8.67219352722168, 4163
8.685158014297485, 4162
8.685158014297485, 4161
8.708096504211426, 4160
8.758960962295532, 4159
8.79689645767212, 4158
8.805837154388428, 4157
8.844732999801636, 4156
8.845730066299438, 4155
8.933495283126831, 4154
9.012315273284912, 4153
9.038215637207031, 4152
9.041207551956177, 4151
9.06916356086731, 4150
9.094066619873047, 4149
9.132993698120117, 4148
9.132993698120117, 4147
9.198388576507568, 4146
9.244268894195557, 4145
9.244268894195557, 4144
9.244268894195557, 4143
9.247260808944702, 4142
9.247260808944702, 4141
9.264215230941772, 4140
9.26820421218872, 4139
9.26820421218872, 4138
9.277180910110474, 4137
9.294138193130493, 4136
9.309099674224854, 4135
9.317078590393066, 4134
9.472984313964844, 4133
9.478970766067505, 4132
9.48794436454773, 4131
9.498914957046509, 4130
9.504899024963379, 4129
9.504899024963379, 4128
9.544792890548706, 4127
9.544792890548706, 4126
9.665472269058228, 4125
9.766472816467285, 4124
9.780434608459473, 4123
9.825855731964111, 4122
9.842808485031128, 4121
9.842808485031128, 4120
9.84378457069397, 4119
9.84378457069397, 4118
9.870702505111694, 4117
9.871700286865234, 4116
9.872697353363037, 4115
9.879709005355835, 4114
9.8856942653656, 4113
9.90165114402771, 4112
9.945501804351807, 4111
9.94649887084961, 4110
10.282273054122925, 4109
10.360064029693604, 4108
10.524004697799683, 4107
10.551929950714111, 4106
10.588833093643188, 4105
10.59082579612732, 4104
10.601797103881836, 4103
10.646676301956177, 4102
10.647674322128296, 4101
10.669615507125854, 4100
10.670612812042236, 4099
10.740425825119019, 4098
10.765358924865723, 4097
10.862189769744873, 4096
10.868211269378662, 4095
10.901121139526367, 4094
10.917076826095581, 4093
10.975919246673584, 4092
11.16840386390686, 4091
11.169401168823242, 4090
11.169401168823242, 4089
11.220266103744507, 4088
11.229241609573364, 4087
11.229241609573364, 4086
11.245199918746948, 4085
11.256171226501465, 4084
11.347434759140015, 4083
11.376358270645142, 4082
11.378352165222168, 4081
11.383341550827026, 4080
11.39887285232544, 4079
11.39887285232544, 4078
11.399871349334717, 4077
11.49657917022705, 4076
11.55143141746521, 4075
11.75488805770874, 4074
11.830687999725342, 4073
11.893517255783081, 4072
12.023170232772827, 4071
12.15082836151123, 4070
12.152823209762573, 4069
12.19870114326477, 4068
12.199697732925415, 4067
12.221640348434448, 4066
12.570099115371704, 4065
12.74562931060791, 4064
13.025251150131226, 4063
13.027247190475464, 4062
13.163885354995728, 4061
13.23568868637085, 4060
13.607645988464355, 4059
13.659670114517212, 4058
13.660666465759277, 4057
14.295616388320923, 4056
14.344487428665161, 4055
14.347477912902832, 4054
14.619019031524658, 4053
14.620016813278198, 4052
14.64295506477356, 4051
14.721254587173462, 4050
14.850419998168945, 4049
14.95813250541687, 4048
14.990047693252563, 4047
15.019967317581177, 4046
15.054875135421753, 4045
15.17654824256897, 4044
15.181535482406616, 4043
15.198489665985107, 4042
15.22242546081543, 4041
15.230404376983643, 4040
15.330138206481934, 4039
15.399571418762207, 4038
15.413223505020142, 4037
15.933703660964966, 4036
15.93769359588623, 4035
15.954656600952148, 4034
15.95564341545105, 4033
16.23660135269165, 4032
16.251585721969604, 4031
16.282471418380737, 4030
16.29842758178711, 4029
16.30045485496521, 4028
16.37039875984192, 4027
16.389349699020386, 4026
16.39234161376953, 4025
16.418272256851196, 4024
16.436738967895508, 4023
16.45468759536743, 4022
16.565579414367676, 4021
16.571561813354492, 4020
16.572558879852295, 4019
16.577550649642944, 4018
16.599488258361816, 4017
16.691243171691895, 4016
16.788982629776, 4015
17.43824529647827, 4014
18.132350206375122, 4013
18.28294825553894, 4012
18.3397958278656, 4011
18.340792894363403, 4010
18.340792894363403, 4009
18.483031034469604, 4008
18.607818365097046, 4007
18.635743618011475, 4006
18.731044054031372, 4005
18.86220622062683, 4004
19.15941047668457, 4003
19.20030117034912, 4002
19.305168628692627, 4001
19.339510202407837, 4000
19.476650953292847, 3999
34.78420329093933, 3998
36.1365864276886, 3997
36.50904655456543, 3996
36.598809003829956, 3995
36.69059371948242, 3994
36.70153450965881, 3993
36.82819604873657, 3992
36.84614586830139, 3991
37.20370817184448, 3990
37.65044689178467, 3989
38.43132972717285, 3988
40.37958788871765, 3987
40.478323459625244, 3986
42.94041562080383, 3985
43.06009554862976, 3984
43.30241298675537, 3983
44.00352644920349, 3982
44.56830310821533, 3981
44.62312173843384, 3980
44.85154128074646, 3979
44.89439654350281, 3978
45.05001211166382, 3977
46.351545333862305, 3976
46.592902421951294, 3975
47.66124510765076, 3974
48.64361071586609, 3973
49.50989818572998, 3972
50.23393392562866, 3971
52.00178003311157, 3970
53.17699337005615, 3969
54.39364767074585, 3968
54.477455854415894, 3967
54.48743152618408, 3966
55.38789486885071, 3965
55.546469926834106, 3964
56.19135308265686, 3963
56.667513608932495, 3962
56.70376515388489, 3961
56.73468279838562, 3960
56.925172328948975, 3959
57.74797487258911, 3958
59.71844816207886, 3957
