0.06482911109924316, 5605
0.13766741752624512, 5604
0.13766741752624512, 5603
0.13866186141967773, 5602
0.18852639198303223, 5601
0.2184162139892578, 5600
0.2184162139892578, 5599
0.22041058540344238, 5598
0.2458968162536621, 5597
0.24689674377441406, 5596
0.3156778812408447, 5595
0.3176727294921875, 5594
0.3316664695739746, 5593
0.3316664695739746, 5592
0.33263468742370605, 5591
0.3336615562438965, 5590
0.3336615562438965, 5589
0.3336615562438965, 5588
0.33466148376464844, 5587
0.33466148376464844, 5586
0.33565640449523926, 5585
0.33565640449523926, 5584
0.34064459800720215, 5583
0.5853486061096191, 5582
0.5883407592773438, 5581
0.5913324356079102, 5580
0.5953221321105957, 5579
0.5963201522827148, 5578
0.6003084182739258, 5577
0.6013057231903076, 5576
0.6033003330230713, 5575
0.9991977214813232, 5574
1.0041837692260742, 5573
1.0999536514282227, 5572
1.1019220352172852, 5571
1.1019220352172852, 5570
1.1079375743865967, 5569
1.1148874759674072, 5568
1.116884469985962, 5567
1.1228976249694824, 5566
1.1278536319732666, 5565
1.1298465728759766, 5564
1.1687426567077637, 5563
1.1807119846343994, 5562
1.198662519454956, 5561
1.199659824371338, 5560
1.199659824371338, 5559
1.2355659008026123, 5558
1.2644891738891602, 5557
1.2694730758666992, 5556
1.270470380783081, 5555
1.270470380783081, 5554
1.270470380783081, 5553
1.2714674472808838, 5552
1.2714674472808838, 5551
1.2714674472808838, 5550
1.2814769744873047, 5549
1.325326919555664, 5548
1.3263225555419922, 5547
1.3273210525512695, 5546
1.3552453517913818, 5545
1.3622286319732666, 5544
1.377185583114624, 5543
1.377185583114624, 5542
1.3781843185424805, 5541
1.381206750869751, 5540
1.388185977935791, 5539
1.388185977935791, 5538
1.388185977935791, 5537
1.3891849517822266, 5536
1.3901832103729248, 5535
1.3981289863586426, 5534
1.3991262912750244, 5533
1.4001235961914062, 5532
1.4001235961914062, 5531
1.4061081409454346, 5530
1.4121220111846924, 5529
1.4141192436218262, 5528
1.4141192436218262, 5527
1.4191055297851562, 5526
1.4300756454467773, 5525
1.4310765266418457, 5524
1.4320709705352783, 5523
1.4330363273620605, 5522
1.437058687210083, 5521
1.437058687210083, 5520
1.4390549659729004, 5519
1.4420442581176758, 5518
1.4469985961914062, 5517
1.4469985961914062, 5516
1.4489929676055908, 5515
1.4519848823547363, 5514
1.4519848823547363, 5513
1.454977035522461, 5512
1.4829585552215576, 5511
1.4849560260772705, 5510
1.4859507083892822, 5509
1.5029375553131104, 5508
1.5029375553131104, 5507
1.5029375553131104, 5506
1.503903865814209, 5505
1.5049331188201904, 5504
1.5288364887237549, 5503
1.5298333168029785, 5502
1.5308306217193604, 5501
1.531827688217163, 5500
1.5328254699707031, 5499
1.5388402938842773, 5498
1.5408363342285156, 5497
1.5418386459350586, 5496
1.5418386459350586, 5495
1.5447959899902344, 5494
1.5488152503967285, 5493
1.5687618255615234, 5492
1.5697593688964844, 5491
1.586681842803955, 5490
1.5886759757995605, 5489
1.5896732807159424, 5488
1.5906705856323242, 5487
1.591667652130127, 5486
1.5936636924743652, 5485
1.6086230278015137, 5484
1.610619068145752, 5483
1.6136417388916016, 5482
1.6136417388916016, 5481
1.6136417388916016, 5480
1.617631196975708, 5479
1.617631196975708, 5478
1.6196255683898926, 5477
1.6226179599761963, 5476
1.6226179599761963, 5475
1.625610589981079, 5474
1.6325907707214355, 5473
1.647554874420166, 5472
1.6485257148742676, 5471
1.6495459079742432, 5470
1.6505405902862549, 5469
1.6535353660583496, 5468
1.6565287113189697, 5467
1.6565287113189697, 5466
1.6575243473052979, 5465
1.6585192680358887, 5464
1.6604845523834229, 5463
1.6624805927276611, 5462
1.6634767055511475, 5461
1.6644744873046875, 5460
1.6664702892303467, 5459
1.6674668788909912, 5458
1.6714580059051514, 5457
1.6714580059051514, 5456
1.6724534034729004, 5455
1.6814296245574951, 5454
1.6824266910552979, 5453
1.6864161491394043, 5452
1.687413215637207, 5451
1.6904053688049316, 5450
1.6914036273956299, 5449
1.6943941116333008, 5448
1.7023718357086182, 5447
1.7023718357086182, 5446
1.7203238010406494, 5445
1.7233171463012695, 5444
1.7243163585662842, 5443
1.751241683959961, 5442
1.751241683959961, 5441
1.7522382736206055, 5440
1.7522382736206055, 5439
1.7522382736206055, 5438
1.7532360553741455, 5437
1.7542634010314941, 5436
1.7542634010314941, 5435
1.7542634010314941, 5434
1.7602190971374512, 5433
1.7632114887237549, 5432
1.7681987285614014, 5431
1.7691950798034668, 5430
1.771221399307251, 5429
1.7841544151306152, 5428
1.7841544151306152, 5427
1.7901699542999268, 5426
1.7921645641326904, 5425
1.794128179550171, 5424
1.794128179550171, 5423
1.79612135887146, 5422
1.7971196174621582, 5421
1.7991135120391846, 5420
1.8001105785369873, 5419
1.80110764503479, 5418
1.8080894947052002, 5417
1.809086799621582, 5416
1.817068099975586, 5415
1.817068099975586, 5414
1.8230509757995605, 5413
1.8250470161437988, 5412
1.8280365467071533, 5411
1.8300321102142334, 5410
1.8340380191802979, 5409
1.8360166549682617, 5408
1.8360166549682617, 5407
1.8360166549682617, 5406
1.8370451927185059, 5405
1.8390417098999023, 5404
1.8400366306304932, 5403
1.841033935546875, 5402
1.8460216522216797, 5401
1.847017765045166, 5400
1.8480150699615479, 5399
1.8490123748779297, 5398
1.853999376296997, 5397
1.853999376296997, 5396
1.857987403869629, 5395
1.8669321537017822, 5394
1.867929458618164, 5393
1.8689265251159668, 5392
1.8729157447814941, 5391
1.873913049697876, 5390
1.873913049697876, 5389
1.874912977218628, 5388
1.874912977218628, 5387
1.8759076595306396, 5386
1.8769068717956543, 5385
1.8769068717956543, 5384
1.8779041767120361, 5383
1.8789377212524414, 5382
1.8789377212524414, 5381
1.8838870525360107, 5380
1.8879084587097168, 5379
1.8889062404632568, 5378
1.9078562259674072, 5377
1.940772533416748, 5376
1.941770076751709, 5375
1.941770076751709, 5374
1.9427664279937744, 5373
1.9447636604309082, 5372
1.9457907676696777, 5371
1.9467883110046387, 5370
1.947784423828125, 5369
1.955732822418213, 5368
1.9567301273345947, 5367
1.9567301273345947, 5366
1.960719108581543, 5365
1.960719108581543, 5364
1.960719108581543, 5363
1.961747407913208, 5362
1.9627454280853271, 5361
1.9667351245880127, 5360
1.9677324295043945, 5359
1.9677324295043945, 5358
1.9686989784240723, 5357
1.9686989784240723, 5356
1.9747135639190674, 5355
1.9756779670715332, 5354
1.9767076969146729, 5353
1.9787027835845947, 5352
1.9787027835845947, 5351
1.9806954860687256, 5350
1.9806954860687256, 5349
1.983661413192749, 5348
1.9906702041625977, 5347
1.992633581161499, 5346
1.9956574440002441, 5345
1.9976515769958496, 5344
1.9976515769958496, 5343
1.9986486434936523, 5342
1.9996469020843506, 5341
2.0046017169952393, 5340
2.015570878982544, 5339
2.0245490074157715, 5338
2.0305631160736084, 5337
2.038569211959839, 5336
2.038569211959839, 5335
2.0425260066986084, 5334
2.0425260066986084, 5333
2.055492401123047, 5332
2.0594825744628906, 5331
2.0604801177978516, 5330
2.0734434127807617, 5329
2.0744407176971436, 5328
2.0764365196228027, 5327
2.0804247856140137, 5326
2.0943875312805176, 5325
2.0953845977783203, 5324
2.097411870956421, 5323
2.103365659713745, 5322
2.103365659713745, 5321
2.114366292953491, 5320
2.1163623332977295, 5319
2.1193501949310303, 5318
2.1213490962982178, 5317
2.1233112812042236, 5316
2.127332925796509, 5315
2.127332925796509, 5314
2.131321430206299, 5313
2.132289171218872, 5312
2.132289171218872, 5311
2.1332905292510986, 5310
2.1332905292510986, 5309
2.1343138217926025, 5308
2.1383023262023926, 5307
2.145284414291382, 5306
2.1492760181427, 5305
2.151268243789673, 5304
2.153231143951416, 5303
2.1552574634552, 5302
2.1572210788726807, 5301
2.1592156887054443, 5300
2.162207841873169, 5299
2.165200710296631, 5298
2.167194366455078, 5297
2.1701862812042236, 5296
2.1722116470336914, 5295
2.1781957149505615, 5294
2.1791930198669434, 5293
2.1791930198669434, 5292
2.1791930198669434, 5291
2.180190324783325, 5290
2.183152198791504, 5289
2.186142921447754, 5288
2.1881394386291504, 5287
2.1921274662017822, 5286
2.2040951251983643, 5285
2.2060906887054443, 5284
2.2101118564605713, 5283
2.2101118564605713, 5282
2.216062545776367, 5281
2.216062545776367, 5280
2.217092275619507, 5279
2.2340195178985596, 5278
2.2450032234191895, 5277
2.2571423053741455, 5276
2.270934820175171, 5275
2.2719645500183105, 5274
2.275919198989868, 5273
2.285893201828003, 5272
2.286890745162964, 5271
2.2968645095825195, 5270
2.3108627796173096, 5269
2.3118550777435303, 5268
2.314846992492676, 5267
2.3168423175811768, 5266
2.3168423175811768, 5265
2.3178396224975586, 5264
2.3178396224975586, 5263
2.3178396224975586, 5262
2.33479380607605, 5261
2.336791515350342, 5260
2.3537116050720215, 5259
2.3537116050720215, 5258
2.354740619659424, 5257
2.354740619659424, 5256
2.354740619659424, 5255
2.359727382659912, 5254
2.3667051792144775, 5253
2.380671262741089, 5252
2.3816683292388916, 5251
2.3836312294006348, 5250
2.385659694671631, 5249
2.385659694671631, 5248
2.3876497745513916, 5247
2.3886172771453857, 5246
2.400617837905884, 5245
2.409590005874634, 5244
2.4105920791625977, 5243
2.4105920791625977, 5242
2.411586046218872, 5241
2.4205644130706787, 5240
2.4205644130706787, 5239
2.421562910079956, 5238
2.421562910079956, 5237
2.421562910079956, 5236
2.4225590229034424, 5235
2.4235246181488037, 5234
2.4235246181488037, 5233
2.424522876739502, 5232
2.4255197048187256, 5231
2.4285123348236084, 5230
2.4424755573272705, 5229
2.4434728622436523, 5228
2.4434728622436523, 5227
2.446495771408081, 5226
2.447460889816284, 5225
2.4484848976135254, 5224
2.4494881629943848, 5223
2.4514803886413574, 5222
2.4514803886413574, 5221
2.4514803886413574, 5220
2.4524803161621094, 5219
2.4524803161621094, 5218
2.4524803161621094, 5217
2.4534456729888916, 5216
2.4534456729888916, 5215
2.4534456729888916, 5214
2.4554388523101807, 5213
2.458462953567505, 5212
2.4604580402374268, 5211
2.4604580402374268, 5210
2.463418960571289, 5209
2.4644172191619873, 5208
2.4644172191619873, 5207
2.465444803237915, 5206
2.465444803237915, 5205
2.4664108753204346, 5204
2.4664108753204346, 5203
2.4664108753204346, 5202
2.467407703399658, 5201
2.467407703399658, 5200
2.468432664871216, 5199
2.471423864364624, 5198
2.473423719406128, 5197
2.473423719406128, 5196
2.473423719406128, 5195
2.4814019203186035, 5194
2.482398748397827, 5193
2.4873545169830322, 5192
2.49037766456604, 5191
2.492339849472046, 5190
2.4943718910217285, 5189
2.4943718910217285, 5188
2.502345561981201, 5187
2.502345561981201, 5186
2.502345561981201, 5185
2.503314733505249, 5184
2.503314733505249, 5183
2.503314733505249, 5182
2.5043087005615234, 5181
2.5043087005615234, 5180
2.5053396224975586, 5179
2.509321928024292, 5178
2.510319471359253, 5177
2.5123143196105957, 5176
2.5132863521575928, 5175
2.5143139362335205, 5174
2.5212950706481934, 5173
2.5222935676574707, 5172
2.5232596397399902, 5171
2.5282793045043945, 5170
2.5282793045043945, 5169
2.5282793045043945, 5168
2.530271053314209, 5167
2.531266689300537, 5166
2.532233238220215, 5165
2.53725266456604, 5164
2.538217067718506, 5163
2.538217067718506, 5162
2.538217067718506, 5161
2.5392448902130127, 5160
2.540245294570923, 5159
2.5412421226501465, 5158
2.545232057571411, 5157
2.545232057571411, 5156
2.546229124069214, 5155
2.5482242107391357, 5154
2.557168960571289, 5153
2.5591635704040527, 5152
2.5591635704040527, 5151
2.5601603984832764, 5150
2.56215500831604, 5149
2.565147876739502, 5148
2.5661444664001465, 5147
2.5731253623962402, 5146
2.575120687484741, 5145
2.5831000804901123, 5144
2.5850932598114014, 5143
2.5871188640594482, 5142
2.588117837905884, 5141
2.589113712310791, 5140
2.5901107788085938, 5139
2.5911083221435547, 5138
2.5940699577331543, 5137
2.5970611572265625, 5136
2.602046489715576, 5135
2.603043794631958, 5134
2.6050400733947754, 5133
2.620997190475464, 5132
2.6219937801361084, 5131
2.6229922771453857, 5130
2.6249876022338867, 5129
2.626981258392334, 5128
2.6279802322387695, 5127
2.628976821899414, 5126
2.6299731731414795, 5125
2.6379525661468506, 5124
2.6379525661468506, 5123
2.6389806270599365, 5122
2.63997745513916, 5121
2.641972780227661, 5120
2.642937660217285, 5119
2.6449337005615234, 5118
2.6479239463806152, 5117
2.6489226818084717, 5116
2.6519131660461426, 5115
2.6519131660461426, 5114
2.652911424636841, 5113
2.654905319213867, 5112
2.65590238571167, 5111
2.656899929046631, 5110
2.6678731441497803, 5109
2.6678731441497803, 5108
2.6678731441497803, 5107
2.6688690185546875, 5106
2.6768481731414795, 5105
2.677844762802124, 5104
2.677844762802124, 5103
2.677844762802124, 5102
2.6908113956451416, 5101
2.7057719230651855, 5100
2.7057719230651855, 5099
2.7067971229553223, 5098
2.707796812057495, 5097
2.714745283126831, 5096
2.715742826461792, 5095
2.7177371978759766, 5094
2.7217283248901367, 5093
2.7217283248901367, 5092
2.7217283248901367, 5091
2.741673231124878, 5090
2.745664596557617, 5089
2.747657299041748, 5088
2.748654842376709, 5087
2.750649929046631, 5086
2.75763201713562, 5085
2.7586278915405273, 5084
2.7596263885498047, 5083
2.7606253623962402, 5082
2.7616219520568848, 5081
2.764613389968872, 5080
2.766608238220215, 5079
2.7695987224578857, 5078
2.774585723876953, 5077
2.7755846977233887, 5076
2.7795727252960205, 5075
2.7855563163757324, 5074
2.7855563163757324, 5073
2.7865538597106934, 5072
2.7875559329986572, 5071
2.7955305576324463, 5070
2.7975261211395264, 5069
2.799520254135132, 5068
2.8045122623443604, 5067
2.8124847412109375, 5066
2.8134827613830566, 5065
2.8134827613830566, 5064
2.814479351043701, 5063
2.8164730072021484, 5062
2.8164730072021484, 5061
2.8214616775512695, 5060
2.830437183380127, 5059
2.8314340114593506, 5058
2.832432270050049, 5057
2.832432270050049, 5056
2.8334288597106934, 5055
2.8334288597106934, 5054
2.834425926208496, 5053
2.835422992706299, 5052
2.8374178409576416, 5051
2.8394131660461426, 5050
2.841407060623169, 5049
2.8434019088745117, 5048
2.8593595027923584, 5047
2.8593595027923584, 5046
2.869344711303711, 5045
2.869344711303711, 5044
2.8713271617889404, 5043
2.8713271617889404, 5042
2.8733222484588623, 5041
2.8793206214904785, 5040
2.8803045749664307, 5039
2.8803045749664307, 5038
2.881300687789917, 5037
2.8822977542877197, 5036
2.8822977542877197, 5035
2.8822977542877197, 5034
2.8842930793762207, 5033
2.885291576385498, 5032
2.8872838020324707, 5031
2.891273260116577, 5030
2.891273260116577, 5029
2.8972573280334473, 5028
2.8982553482055664, 5027
2.9012467861175537, 5026
2.9022438526153564, 5025
2.9032411575317383, 5024
2.9062342643737793, 5023
2.917207956314087, 5022
2.919199228286743, 5021
2.920196294784546, 5020
2.9411404132843018, 5019
2.9461281299591064, 5018
2.947124719619751, 5017
2.9481213092803955, 5016
2.9531078338623047, 5015
2.9561004638671875, 5014
2.9580953121185303, 5013
2.962085247039795, 5012
2.966073989868164, 5011
2.9670708179473877, 5010
2.9680683612823486, 5009
2.971059799194336, 5008
2.9720571041107178, 5007
2.9740524291992188, 5006
2.979039430618286, 5005
2.9800360202789307, 5004
2.9810335636138916, 5003
2.9860243797302246, 5002
2.9880146980285645, 5001
2.9959943294525146, 5000
2.996992349624634, 4999
2.998985767364502, 4998
2.999983310699463, 4997
3.0019776821136475, 4996
3.0049705505371094, 4995
3.006964921951294, 4994
3.0089597702026367, 4993
3.010953664779663, 4992
3.012948751449585, 4991
3.0149433612823486, 4990
3.016937494277954, 4989
3.018933057785034, 4988
3.019930601119995, 4987
3.0219244956970215, 4986
3.022921562194824, 4985
3.0249173641204834, 4984
3.0289065837860107, 4983
3.03189754486084, 4982
3.03189754486084, 4981
3.03489089012146, 4980
3.0358877182006836, 4979
3.036884069442749, 4978
3.0378811359405518, 4977
3.0398759841918945, 4976
3.0478546619415283, 4975
3.050848960876465, 4974
3.0518455505371094, 4973
3.0528414249420166, 4972
3.0528414249420166, 4971
3.0538392066955566, 4970
3.055833339691162, 4969
3.0648109912872314, 4968
3.0658087730407715, 4967
3.0658087730407715, 4966
3.066804885864258, 4965
3.066804885864258, 4964
3.0678014755249023, 4963
3.068798780441284, 4962
3.069795846939087, 4961
3.071791410446167, 4960
3.080766439437866, 4959
3.080766439437866, 4958
3.080766439437866, 4957
3.0827620029449463, 4956
3.0837602615356445, 4955
3.084757089614868, 4954
3.086751699447632, 4953
3.0877480506896973, 4952
3.089743137359619, 4951
3.097722053527832, 4950
3.0997166633605957, 4949
3.102708339691162, 4948
3.103706121444702, 4947
3.1106882095336914, 4946
3.1136834621429443, 4945
3.1296370029449463, 4944
3.131632089614868, 4943
3.131632089614868, 4942
3.1326284408569336, 4941
3.1326284408569336, 4940
3.1336252689361572, 4939
3.1336252689361572, 4938
3.1366171836853027, 4937
3.138612747192383, 4936
3.138612747192383, 4935
3.138612747192383, 4934
3.1396098136901855, 4933
3.1396098136901855, 4932
3.140606164932251, 4931
3.140606164932251, 4930
3.1426031589508057, 4929
3.1465916633605957, 4928
3.1505796909332275, 4927
3.1505796909332275, 4926
3.1525745391845703, 4925
3.1535732746124268, 4924
3.155566692352295, 4923
3.163546562194824, 4922
3.1655471324920654, 4921
3.169529914855957, 4920
3.169529914855957, 4919
3.1705262660980225, 4918
3.1715238094329834, 4917
3.1785078048706055, 4916
3.181507110595703, 4915
3.182495594024658, 4914
3.1884782314300537, 4913
3.1884782314300537, 4912
3.1884782314300537, 4911
3.1894757747650146, 4910
3.190474510192871, 4909
3.192471742630005, 4908
3.1964590549468994, 4907
3.1994497776031494, 4906
3.203439712524414, 4905
3.203439712524414, 4904
3.204437017440796, 4903
3.2064311504364014, 4902
3.207427978515625, 4901
3.207427978515625, 4900
3.207427978515625, 4899
3.2114181518554688, 4898
3.2144103050231934, 4897
3.219395875930786, 4896
3.220393180847168, 4895
3.220393180847168, 4894
3.2223877906799316, 4893
3.2223877906799316, 4892
3.223385810852051, 4891
3.223385810852051, 4890
3.2243833541870117, 4889
3.2243833541870117, 4888
3.2243833541870117, 4887
3.2253806591033936, 4886
3.2273762226104736, 4885
3.228372812271118, 4884
3.2333590984344482, 4883
3.2343556880950928, 4882
3.236356496810913, 4881
3.2373483180999756, 4880
3.238345146179199, 4879
3.240339756011963, 4878
3.2448554039001465, 4877
3.2468574047088623, 4876
3.2468574047088623, 4875
3.2498295307159424, 4874
3.2498295307159424, 4873
3.252427816390991, 4872
3.252427816390991, 4871
3.2549428939819336, 4870
3.2549428939819336, 4869
3.2687790393829346, 4868
3.2687790393829346, 4867
3.2697761058807373, 4866
3.2707736492156982, 4865
3.27276873588562, 4864
3.274764060974121, 4863
3.2787532806396484, 4862
3.280750036239624, 4861
3.2837400436401367, 4860
3.285733699798584, 4859
3.286731004714966, 4858
3.2957088947296143, 4857
3.2957088947296143, 4856
3.296706199645996, 4855
3.2986996173858643, 4854
3.300693988800049, 4853
3.3036868572235107, 4852
3.305680990219116, 4851
3.307675838470459, 4850
3.309671401977539, 4849
3.327622175216675, 4848
3.3296167850494385, 4847
3.331611394882202, 4846
3.3365986347198486, 4845
3.337595224380493, 4844
3.3395895957946777, 4843
3.3405869007110596, 4842
3.3555471897125244, 4841
3.3565456867218018, 4840
3.3575408458709717, 4839
3.358538866043091, 4838
3.3615310192108154, 4837
3.3615310192108154, 4836
3.3615310192108154, 4835
3.3625288009643555, 4834
3.3625288009643555, 4833
3.3625288009643555, 4832
3.363525629043579, 4831
3.3655214309692383, 4830
3.368513345718384, 4829
3.368513345718384, 4828
3.369509696960449, 4827
3.377488374710083, 4826
3.3794827461242676, 4825
3.3794827461242676, 4824
3.3804802894592285, 4823
3.3814773559570312, 4822
3.386465311050415, 4821
3.3884589672088623, 4820
3.389456272125244, 4819
3.390454053878784, 4818
3.3924498558044434, 4817
3.3934473991394043, 4816
3.3954405784606934, 4815
3.39643931388855, 4814
3.398432493209839, 4813
3.4004275798797607, 4812
3.40242338180542, 4811
3.404416799545288, 4810
3.40641188621521, 4809
3.4084064960479736, 4808
3.4094042778015137, 4807
3.4143905639648438, 4806
3.4143905639648438, 4805
3.4193766117095947, 4804
3.4203741550445557, 4803
3.4283530712127686, 4802
3.4303479194641113, 4801
3.431344747543335, 4800
3.4333391189575195, 4799
3.441317319869995, 4798
3.441317319869995, 4797
3.4423155784606934, 4796
3.4423155784606934, 4795
3.444314479827881, 4794
3.4572815895080566, 4793
3.4592764377593994, 4792
3.460275650024414, 4791
3.4622673988342285, 4790
3.4672560691833496, 4789
3.4672560691833496, 4788
3.4672560691833496, 4787
3.468254327774048, 4786
3.4722414016723633, 4785
3.4732391834259033, 4784
3.4732391834259033, 4783
3.4742369651794434, 4782
3.476231098175049, 4781
3.478224992752075, 4780
3.479222297668457, 4779
3.480219602584839, 4778
3.4812169075012207, 4777
3.4832143783569336, 4776
3.484210252761841, 4775
3.4852073192596436, 4774
3.4862048625946045, 4773
3.489196538925171, 4772
3.4961769580841064, 4771
3.4971742630004883, 4770
3.4981727600097656, 4769
3.5011634826660156, 4768
3.5011634826660156, 4767
3.5021610260009766, 4766
3.5021610260009766, 4765
3.511138677597046, 4764
3.5121347904205322, 4763
3.513134717941284, 4762
3.513134717941284, 4761
3.5151278972625732, 4760
3.517122745513916, 4759
3.5211453437805176, 4758
3.5221400260925293, 4757
3.5241034030914307, 4756
3.5280935764312744, 4755
3.5300865173339844, 4754
3.532080888748169, 4753
3.533078193664551, 4752
3.5340757369995117, 4751
3.5340757369995117, 4750
3.5350759029388428, 4749
3.5360705852508545, 4748
3.5380971431732178, 4747
3.539097547531128, 4746
3.5400922298431396, 4745
3.547041177749634, 4744
3.5480384826660156, 4743
3.5480384826660156, 4742
3.550034284591675, 4741
3.5510318279266357, 4740
3.5530245304107666, 4739
3.554023027420044, 4738
3.555020570755005, 4737
3.557013988494873, 4736
3.5590107440948486, 4735
3.5659916400909424, 4734
3.570976734161377, 4733
3.576962947845459, 4732
3.5789566040039062, 4731
3.580950975418091, 4730
3.5819475650787354, 4729
3.5869343280792236, 4728
3.5879318714141846, 4727
3.5879318714141846, 4726
3.588928699493408, 4725
3.588928699493408, 4724
3.588928699493408, 4723
3.589926242828369, 4722
3.589926242828369, 4721
3.589926242828369, 4720
3.590923547744751, 4719
3.590923547744751, 4718
3.590923547744751, 4717
3.591921091079712, 4716
3.5929198265075684, 4715
3.59391713142395, 4714
3.594914436340332, 4713
3.5959112644195557, 4712
3.5959112644195557, 4711
3.5959112644195557, 4710
3.596907615661621, 4709
3.596907615661621, 4708
3.597905397415161, 4707
3.597905397415161, 4706
3.5989022254943848, 4705
3.5989022254943848, 4704
3.5989022254943848, 4703
3.636800765991211, 4702
3.6378014087677, 4701
3.6378014087677, 4700
3.6378014087677, 4699
3.6544952392578125, 4698
3.6544952392578125, 4697
3.6654672622680664, 4696
3.6744420528411865, 4695
3.6754391193389893, 4694
3.6754391193389893, 4693
3.6784307956695557, 4692
3.689401388168335, 4691
3.696383476257324, 4690
3.696383476257324, 4689
3.696383476257324, 4688
3.704362392425537, 4687
3.7073543071746826, 4686
3.7083792686462402, 4685
3.7233126163482666, 4684
3.7233126163482666, 4683
3.7780444622039795, 4682
3.780038833618164, 4681
3.7820355892181396, 4680
3.784029483795166, 4679
3.7860519886016846, 4678
3.796992301940918, 4677
3.8209633827209473, 4676
3.821958065032959, 4675
3.821958065032959, 4674
3.8329286575317383, 4673
3.8723340034484863, 4672
3.8732974529266357, 4671
3.8743298053741455, 4670
3.8782858848571777, 4669
3.914188861846924, 4668
3.914188861846924, 4667
3.9231653213500977, 4666
3.9241621494293213, 4665
3.942115545272827, 4664
3.9431135654449463, 4663
3.9486563205718994, 4662
3.9635825157165527, 4661
3.9825313091278076, 4660
3.987549066543579, 4659
3.997490167617798, 4658
4.004473686218262, 4657
4.030434608459473, 4656
4.034424781799316, 4655
4.035422325134277, 4654
4.053881883621216, 4653
4.054879665374756, 4652
4.06186056137085, 4651
4.076824903488159, 4650
4.080811023712158, 4649
4.096737623214722, 4648
4.097733736038208, 4647
4.098761081695557, 4646
4.099759340286255, 4645
4.116683483123779, 4644
4.135661363601685, 4643
4.152616262435913, 4642
4.1585705280303955, 4641
4.178552865982056, 4640
4.178552865982056, 4639
4.183504581451416, 4638
4.187492609024048, 4637
4.1905128955841064, 4636
4.208436727523804, 4635
4.209438323974609, 4634
4.216448068618774, 4633
4.226391792297363, 4632
4.227388143539429, 4631
4.228383779525757, 4630
4.2722978591918945, 4629
4.289252758026123, 4628
4.290219068527222, 4627
4.325127601623535, 4626
4.328117609024048, 4625
4.349064826965332, 4624
4.352051734924316, 4623
4.353049278259277, 4622
4.362029314041138, 4621
4.369007349014282, 4620
4.370004177093506, 4619
4.370004177093506, 4618
4.378987550735474, 4617
4.382969379425049, 4616
4.382969379425049, 4615
4.389983177185059, 4614
4.395936012268066, 4613
4.412890195846558, 4612
4.413888216018677, 4611
4.430842161178589, 4610
4.447797536849976, 4609
4.447797536849976, 4608
4.449791193008423, 4607
4.449791193008423, 4606
4.454780340194702, 4605
4.487689733505249, 4604
4.488686561584473, 4603
4.510629653930664, 4602
4.531572580337524, 4601
4.53656005859375, 4600
4.549524545669556, 4599
4.5535149574279785, 4598
4.554510831832886, 4597
4.554510831832886, 4596
4.563487529754639, 4595
4.581439733505249, 4594
4.620335340499878, 4593
4.622329950332642, 4592
4.699124574661255, 4591
4.713088750839233, 4590
4.72904896736145, 4589
4.75497579574585, 4588
4.756970167160034, 4587
4.771929740905762, 4586
4.781902551651001, 4585
4.788885116577148, 4584
4.796862840652466, 4583
4.805840015411377, 4582
4.806836843490601, 4581
4.807833671569824, 4580
4.862691640853882, 4579
4.872666120529175, 4578
4.874659776687622, 4577
4.874659776687622, 4576
4.875657558441162, 4575
4.87665581703186, 4574
4.888622522354126, 4573
4.898596286773682, 4572
4.9623003005981445, 4571
4.9623003005981445, 4570
4.978256464004517, 4569
4.978256464004517, 4568
4.979252815246582, 4567
5.017151832580566, 4566
5.017151832580566, 4565
5.018149137496948, 4564
5.026129484176636, 4563
5.05804443359375, 4562
5.05804443359375, 4561
5.061034202575684, 4560
5.085968732833862, 4559
5.089987516403198, 4558
5.100957870483398, 4557
5.105915546417236, 4556
5.105915546417236, 4555
5.110935926437378, 4554
5.126893520355225, 4553
5.135835886001587, 4552
5.135835886001587, 4551
5.138859033584595, 4550
5.148835182189941, 4549
5.1548168659210205, 4548
5.164720773696899, 4547
5.164720773696899, 4546
5.170736312866211, 4545
5.222595453262329, 4544
5.229548215866089, 4543
5.235530614852905, 4542
5.240549325942993, 4541
5.244507312774658, 4540
5.24553656578064, 4539
5.260496377944946, 4538
5.271461725234985, 4537
5.274426698684692, 4536
5.285430192947388, 4535
5.289388179779053, 4534
5.289388179779053, 4533
5.300388813018799, 4532
5.309365510940552, 4531
5.309365510940552, 4530
5.323297500610352, 4529
5.324297666549683, 4528
5.341249227523804, 4527
5.356240272521973, 4526
5.356240272521973, 4525
5.39114785194397, 4524
5.3941075801849365, 4523
5.415051698684692, 4522
5.420075416564941, 4521
5.420075416564941, 4520
5.445013046264648, 4519
5.45698094367981, 4518
5.466988801956177, 4517
5.480952262878418, 4516
5.491887331008911, 4515
5.491887331008911, 4514
5.493881940841675, 4513
5.497871160507202, 4512
5.511866569519043, 4511
5.512867212295532, 4510
5.519812345504761, 4509
5.531812906265259, 4508
5.531812906265259, 4507
5.538797378540039, 4506
5.5397913455963135, 4505
5.5477375984191895, 4504
5.556714296340942, 4503
5.556714296340942, 4502
5.560703277587891, 4501
5.561700344085693, 4500
5.58962607383728, 4499
5.596608638763428, 4498
5.605585098266602, 4497
5.610570192337036, 4496
5.6155571937561035, 4495
5.620545387268066, 4494
5.64949893951416, 4493
5.64949893951416, 4492
5.655482053756714, 4491
5.658478736877441, 4490
5.693350076675415, 4489
5.717284679412842, 4488
5.726261615753174, 4487
5.7322447299957275, 4486
5.743215084075928, 4485
5.756181001663208, 4484
5.756181001663208, 4483
5.760169506072998, 4482
5.776128530502319, 4481
5.799066066741943, 4480
5.800064563751221, 4479
5.8239991664886475, 4478
5.838958978652954, 4477
5.846938848495483, 4476
5.846938848495483, 4475
5.85491681098938, 4474
5.859904766082764, 4473
5.8848395347595215, 4472
5.886832237243652, 4471
5.895811080932617, 4470
5.895811080932617, 4469
5.903786897659302, 4468
5.903786897659302, 4467
5.9048171043396, 4466
5.9207422733306885, 4465
5.9396913051605225, 4464
5.944678783416748, 4463
5.944678783416748, 4462
5.94966459274292, 4461
5.969644546508789, 4460
5.969644546508789, 4459
5.969644546508789, 4458
5.978585720062256, 4457
5.979582786560059, 4456
6.009502649307251, 4455
6.010500192642212, 4454
6.021470785140991, 4453
6.024463891983032, 4452
6.043414115905762, 4451
6.044412136077881, 4450
6.045409917831421, 4449
6.056379795074463, 4448
6.060370445251465, 4447
6.06136679649353, 4446
6.064877033233643, 4445
6.0977818965911865, 4444
6.0977818965911865, 4443
6.101771116256714, 4442
6.116731882095337, 4441
6.116731882095337, 4440
6.116731882095337, 4439
6.126706838607788, 4438
6.126706838607788, 4437
6.137678146362305, 4436
6.137678146362305, 4435
6.146651268005371, 4434
6.169626712799072, 4433
6.169626712799072, 4432
6.17061972618103, 4431
6.172612190246582, 4430
6.174577474594116, 4429
6.18554949760437, 4428
6.2224812507629395, 4427
6.240432977676392, 4426
6.247381687164307, 4425
6.26433801651001, 4424
6.314204692840576, 4423
6.315201997756958, 4422
6.321185827255249, 4421
6.337143898010254, 4420
6.3411335945129395, 4419
6.350106954574585, 4418
6.350106954574585, 4417
6.380060434341431, 4416
6.398012161254883, 4415
6.432920932769775, 4414
6.439868450164795, 4413
6.443857431411743, 4412
6.479760408401489, 4411
6.479760408401489, 4410
6.490760326385498, 4409
6.491732835769653, 4408
6.503697156906128, 4407
6.518658399581909, 4406
6.518658399581909, 4405
6.52763557434082, 4404
6.531621694564819, 4403
6.592967510223389, 4402
6.6009838581085205, 4401
6.611950635910034, 4400
6.611950635910034, 4399
6.612913131713867, 4398
6.612913131713867, 4397
6.616903305053711, 4396
6.622887372970581, 4395
6.638873338699341, 4394
6.638873338699341, 4393
6.639873266220093, 4392
6.640847206115723, 4391
6.646822929382324, 4390
6.646822929382324, 4389
6.653803586959839, 4388
6.653803586959839, 4387
6.6637773513793945, 4386
6.6637773513793945, 4385
6.6637773513793945, 4384
6.700189828872681, 4383
6.7141523361206055, 4382
6.715149164199829, 4381
6.718141078948975, 4380
6.736093282699585, 4379
6.737090587615967, 4378
6.773507356643677, 4377
6.7994384765625, 4376
6.800435543060303, 4375
6.8014326095581055, 4374
6.802429914474487, 4373
6.803426504135132, 4372
6.8094117641448975, 4371
6.8104088306427, 4370
6.840328931808472, 4369
6.843320846557617, 4368
6.879224538803101, 4367
6.894183874130249, 4366
6.912135362625122, 4365
6.971975564956665, 4364
6.971975564956665, 4363
6.971975564956665, 4362
6.995912790298462, 4361
7.001896858215332, 4360
7.002894163131714, 4359
7.014876365661621, 4358
7.017853260040283, 4357
7.033811807632446, 4356
7.033811807632446, 4355
7.046812057495117, 4354
7.0582544803619385, 4353
7.061246395111084, 4352
7.077203989028931, 4351
7.0841851234436035, 4350
7.099145174026489, 4349
7.129065752029419, 4348
7.154000520706177, 4347
7.335514068603516, 4346
7.340503215789795, 4345
7.3415000438690186, 4344
7.343492031097412, 4343
7.37241530418396, 4342
7.410313844680786, 4341
7.48212194442749, 4340
7.541961669921875, 4339
7.586843252182007, 4338
7.598811864852905, 4337
7.672612428665161, 4336
7.690564155578613, 4335
7.702532052993774, 4334
7.7284626960754395, 4333
7.750406265258789, 4332
7.764367341995239, 4331
7.7873053550720215, 4330
7.7873053550720215, 4329
7.792322158813477, 4328
7.797314167022705, 4327
7.855123519897461, 4326
7.855123519897461, 4325
7.917956113815308, 4324
7.933946132659912, 4323
7.933946132659912, 4322
7.983780860900879, 4321
8.001765489578247, 4320
8.001765489578247, 4319
8.063568115234375, 4318
8.063568115234375, 4317
8.06858229637146, 4316
8.069579124450684, 4315
8.109443426132202, 4314
8.133381366729736, 4313
8.133381366729736, 4312
8.184247493743896, 4311
8.190229654312134, 4310
8.192222356796265, 4309
8.1932213306427, 4308
8.19664740562439, 4307
8.205189228057861, 4306
8.211172342300415, 4305
8.214163303375244, 4304
8.216160535812378, 4303
8.227129459381104, 4302
8.245081901550293, 4301
8.246078491210938, 4300
8.27001404762268, 4299
8.298871517181396, 4298
8.307846784591675, 4297
8.307846784591675, 4296
8.307846784591675, 4295
8.307846784591675, 4294
8.308843612670898, 4293
8.330784797668457, 4292
8.340758085250854, 4291
8.341754674911499, 4290
8.38215708732605, 4289
8.388142824172974, 4288
8.410083293914795, 4287
8.425044059753418, 4286
8.429064512252808, 4285
8.505980491638184, 4284
8.517947673797607, 4283
8.526959657669067, 4282
8.537923336029053, 4281
8.553851842880249, 4280
8.55484914779663, 4279
8.55484914779663, 4278
8.562827825546265, 4277
8.600003480911255, 4276
8.605986833572388, 4275
8.628926992416382, 4274
8.628926992416382, 4273
8.760123014450073, 4272
8.781434297561646, 4271
8.885157585144043, 4270
8.886155128479004, 4269
8.924055099487305, 4268
8.934025049209595, 4267
8.96195125579834, 4266
9.08861255645752, 4265
9.09060788154602, 4264
9.107562065124512, 4263
9.170424699783325, 4262
9.248187780380249, 4261
9.313046932220459, 4260
9.313046932220459, 4259
9.33598279953003, 4258
9.368896484375, 4257
9.368896484375, 4256
9.369861841201782, 4255
9.41374135017395, 4254
9.447651386260986, 4253
9.447651386260986, 4252
9.460648536682129, 4251
9.467627048492432, 4250
9.478604316711426, 4249
9.478604316711426, 4248
9.508521318435669, 4247
9.531427145004272, 4246
9.582327127456665, 4245
9.586281299591064, 4244
9.591273307800293, 4243
9.594260454177856, 4242
9.625176906585693, 4241
9.727903604507446, 4240
9.744857788085938, 4239
9.751872301101685, 4238
9.75682544708252, 4237
9.782787561416626, 4236
9.806692361831665, 4235
9.8136727809906, 4234
9.878498554229736, 4233
9.878498554229736, 4232
9.878498554229736, 4231
9.89448881149292, 4230
9.902467012405396, 4229
10.00216794013977, 4228
10.016130685806274, 4227
10.017128229141235, 4226
10.065001964569092, 4225
10.065001964569092, 4224
10.06600022315979, 4223
10.098916292190552, 4222
10.11091923713684, 4221
10.14678955078125, 4220
10.160751819610596, 4219
10.168729782104492, 4218
10.2086501121521, 4217
10.227571249008179, 4216
10.23255729675293, 4215
10.236546993255615, 4214
10.267466068267822, 4213
10.268463373184204, 4212
10.294855117797852, 4211
10.314801454544067, 4210
10.341760396957397, 4209
10.434483528137207, 4208
10.529227018356323, 4207
10.534214735031128, 4206
10.534214735031128, 4205
10.565132141113281, 4204
10.573109865188599, 4203
10.638933181762695, 4202
10.647911548614502, 4201
10.682817935943604, 4200
10.687804937362671, 4199
10.687804937362671, 4198
10.741691589355469, 4197
10.78255009651184, 4196
10.784546136856079, 4195
10.837404489517212, 4194
10.90623164176941, 4193
10.929189682006836, 4192
10.929189682006836, 4191
10.937169075012207, 4190
10.937169075012207, 4189
10.94411849975586, 4188
10.971045017242432, 4187
11.007946491241455, 4186
11.048836946487427, 4185
11.054821014404297, 4184
11.060804843902588, 4183
11.062799453735352, 4182
11.105685710906982, 4181
11.114661693572998, 4180
11.114661693572998, 4179
11.114661693572998, 4178
11.127626419067383, 4177
11.20592474937439, 4176
11.252799987792969, 4175
11.320616722106934, 4174
11.362504959106445, 4173
11.369488000869751, 4172
11.378462314605713, 4171
11.391460180282593, 4170
11.392459630966187, 4169
11.392459630966187, 4168
11.459246158599854, 4167
11.491163969039917, 4166
11.491163969039917, 4165
11.536042213439941, 4164
11.541027545928955, 4163
11.57496953010559, 4162
11.594883680343628, 4161
11.597875833511353, 4160
11.597875833511353, 4159
11.597875833511353, 4158
11.602862358093262, 4157
11.618821382522583, 4156
11.639799118041992, 4155
11.653758525848389, 4154
11.65675163269043, 4153
11.683647155761719, 4152
11.715765476226807, 4151
11.715765476226807, 4150
11.733719110488892, 4149
11.744689702987671, 4148
11.744689702987671, 4147
11.747681140899658, 4146
11.762646913528442, 4145
11.776636600494385, 4144
11.836951732635498, 4143
11.862847566604614, 4142
11.899261951446533, 4141
11.90923523902893, 4140
11.917213678359985, 4139
11.95910358428955, 4138
11.97805142402649, 4137
12.004978895187378, 4136
12.004978895187378, 4135
12.089751482009888, 4134
12.090749502182007, 4133
12.117677450180054, 4132
12.240349531173706, 4131
12.377981901168823, 4130
12.393938541412354, 4129
12.495666742324829, 4128
12.511623620986938, 4127
12.51361870765686, 4126
12.547528505325317, 4125
12.783897399902344, 4124
12.803844213485718, 4123
12.815811395645142, 4122
12.821794509887695, 4121
12.82778024673462, 4120
12.867671489715576, 4119
12.868668794631958, 4118
12.86966586112976, 4117
12.87664794921875, 4116
12.89360237121582, 4115
13.554534673690796, 4114
13.555530786514282, 4113
13.569494724273682, 4112
13.569494724273682, 4111
13.575476884841919, 4110
14.014476537704468, 4109
14.025414943695068, 4108
14.036415815353394, 4107
14.44728708267212, 4106
14.500145196914673, 4105
14.517100811004639, 4104
14.781394243240356, 4103
14.782394170761108, 4102
14.890103816986084, 4101
14.919024467468262, 4100
14.955926895141602, 4099
14.956926345825195, 4098
14.97387957572937, 4097
14.981857299804688, 4096
14.995819568634033, 4095
15.000807523727417, 4094
15.032991170883179, 4093
15.059921979904175, 4092
15.137224912643433, 4091
15.138222217559814, 4090
15.138222217559814, 4089
15.210029363632202, 4088
15.218196153640747, 4087
15.219194412231445, 4086
15.274047374725342, 4085
15.289007186889648, 4084
15.564625263214111, 4083
15.579617261886597, 4082
15.689321041107178, 4081
15.705249786376953, 4080
15.706278324127197, 4079
15.708242416381836, 4078
15.709238529205322, 4077
15.709238529205322, 4076
15.709238529205322, 4075
15.759104251861572, 4074
15.7630934715271, 4073
15.764098405838013, 4072
15.781047582626343, 4071
15.830912351608276, 4070
16.559966802597046, 4069
16.869136571884155, 4068
16.8741238117218, 4067
16.8751220703125, 4066
16.87711524963379, 4065
16.87811279296875, 4064
17.125452041625977, 4063
17.332896947860718, 4062
17.337883472442627, 4061
17.33987808227539, 4060
17.34087562561035, 4059
17.52194094657898, 4058
17.53291153907776, 4057
17.747846841812134, 4056
17.905948400497437, 4055
17.921900987625122, 4054
17.923895359039307, 4053
17.93586254119873, 4052
17.974758863449097, 4051
18.007957935333252, 4050
18.13014554977417, 4049
18.144107818603516, 4048
18.17203640937805, 4047
18.17303156852722, 4046
18.192976474761963, 4045
18.200954914093018, 4044
18.206973552703857, 4043
18.298693656921387, 4042
18.298693656921387, 4041
18.315648317337036, 4040
18.61385202407837, 4039
18.628841161727905, 4038
18.629842519760132, 4037
18.633832454681396, 4036
18.644771814346313, 4035
18.690678358078003, 4034
18.708627700805664, 4033
18.72259283065796, 4032
18.875185012817383, 4031
18.939014434814453, 4030
19.00979208946228, 4029
19.150415897369385, 4028
19.61909055709839, 4027
19.62008762359619, 4026
19.836978435516357, 4025
