0.054819583892822266, 5605
0.07277059555053711, 5604
0.07277059555053711, 5603
0.10870599746704102, 5602
0.10970783233642578, 5601
0.10970783233642578, 5600
0.11070132255554199, 5599
0.12765908241271973, 5598
0.17851686477661133, 5597
0.1804821491241455, 5596
0.32509660720825195, 5595
0.3260931968688965, 5594
0.3260931968688965, 5593
0.32712578773498535, 5592
0.32811999320983887, 5591
0.32811999320983887, 5590
0.3400881290435791, 5589
0.44976353645324707, 5588
0.45175814628601074, 5587
0.45175814628601074, 5586
0.45774197578430176, 5585
0.48769378662109375, 5584
0.4886903762817383, 5583
0.49068474769592285, 5582
0.4916822910308838, 5581
0.6203422546386719, 5580
1.0003583431243896, 5579
1.0003583431243896, 5578
1.0003583431243896, 5577
1.0013554096221924, 5576
1.0023529529571533, 5575
1.0033180713653564, 5574
1.006317377090454, 5573
1.0123262405395508, 5572
1.017282485961914, 5571
1.0182790756225586, 5570
1.0192766189575195, 5569
1.0212712287902832, 5568
1.0372614860534668, 5567
1.133970022201538, 5566
1.1429455280303955, 5565
1.1439435482025146, 5564
1.1439435482025146, 5563
1.152919054031372, 5562
1.1668827533721924, 5561
1.167879581451416, 5560
1.198796272277832, 5559
1.1997935771942139, 5558
1.2017886638641357, 5557
1.2492656707763672, 5556
1.2522578239440918, 5555
1.2712786197662354, 5554
1.2825171947479248, 5553
1.2835142612457275, 5552
1.2954833507537842, 5551
1.2994720935821533, 5550
1.307450294494629, 5549
1.3084466457366943, 5548
1.3084466457366943, 5547
1.3084466457366943, 5546
1.3134329319000244, 5545
1.3214116096496582, 5544
1.3214116096496582, 5543
1.32240891456604, 5542
1.323406457901001, 5541
1.3353753089904785, 5540
1.3353753089904785, 5539
1.3363723754882812, 5538
1.3373689651489258, 5537
1.3383662700653076, 5536
1.3383662700653076, 5535
1.3403608798980713, 5534
1.3633005619049072, 5533
1.3662934303283691, 5532
1.3672895431518555, 5531
1.3682861328125, 5530
1.3722753524780273, 5529
1.3732731342315674, 5528
1.3732731342315674, 5527
1.3752689361572266, 5526
1.380255937576294, 5525
1.3812532424926758, 5524
1.3812532424926758, 5523
1.3842456340789795, 5522
1.3872392177581787, 5521
1.3872392177581787, 5520
1.3872392177581787, 5519
1.388235330581665, 5518
1.43168044090271, 5517
1.441652536392212, 5516
1.4426486492156982, 5515
1.4426486492156982, 5514
1.4436438083648682, 5513
1.4486305713653564, 5512
1.4496285915374756, 5511
1.453587532043457, 5510
1.4555792808532715, 5509
1.4625930786132812, 5508
1.4645874500274658, 5507
1.4645874500274658, 5506
1.4655542373657227, 5505
1.4665863513946533, 5504
1.4675800800323486, 5503
1.468576431274414, 5502
1.472566843032837, 5501
1.4745619297027588, 5500
1.4755268096923828, 5499
1.477553129196167, 5498
1.482537031173706, 5497
1.4875264167785645, 5496
1.4905204772949219, 5495
1.4905204772949219, 5494
1.4974689483642578, 5493
1.4994633197784424, 5492
1.505446434020996, 5491
1.508439540863037, 5490
1.5104334354400635, 5489
1.5124294757843018, 5488
1.5154352188110352, 5487
1.5164499282836914, 5486
1.5204381942749023, 5485
1.5204381942749023, 5484
1.5204381942749023, 5483
1.5373640060424805, 5482
1.5393567085266113, 5481
1.541351556777954, 5480
1.5433449745178223, 5479
1.5523219108581543, 5478
1.5603008270263672, 5477
1.5612993240356445, 5476
1.5652873516082764, 5475
1.572267770767212, 5474
1.574263095855713, 5473
1.5842349529266357, 5472
1.5922133922576904, 5471
1.596205234527588, 5470
1.6001944541931152, 5469
1.6011912822723389, 5468
1.6041834354400635, 5467
1.6061780452728271, 5466
1.6101675033569336, 5465
1.613159418106079, 5464
1.6141576766967773, 5463
1.6171486377716064, 5462
1.6171486377716064, 5461
1.6191437244415283, 5460
1.6211378574371338, 5459
1.6231327056884766, 5458
1.6241297721862793, 5457
1.6281473636627197, 5456
1.6291429996490479, 5455
1.6301403045654297, 5454
1.6311368942260742, 5453
1.6380913257598877, 5452
1.6390891075134277, 5451
1.6590347290039062, 5450
1.6849684715270996, 5449
1.6849684715270996, 5448
1.714888572692871, 5447
1.7158856391906738, 5446
1.7158856391906738, 5445
1.7168822288513184, 5444
1.717879295349121, 5443
1.717879295349121, 5442
1.718876600265503, 5441
1.718876600265503, 5440
1.7288818359375, 5439
1.7298760414123535, 5438
1.7388215065002441, 5437
1.739819049835205, 5436
1.7408161163330078, 5435
1.7428107261657715, 5434
1.7438082695007324, 5433
1.752784013748169, 5432
1.752784013748169, 5431
1.759765863418579, 5430
1.760763168334961, 5429
1.760763168334961, 5428
1.760763168334961, 5427
1.760763168334961, 5426
1.7617602348327637, 5425
1.7617602348327637, 5424
1.7647521495819092, 5423
1.766749382019043, 5422
1.767745018005371, 5421
1.7687418460845947, 5420
1.7697386741638184, 5419
1.792677402496338, 5418
1.7946736812591553, 5417
1.7976641654968262, 5416
1.7976641654968262, 5415
1.804645299911499, 5414
1.8056426048278809, 5413
1.811659812927246, 5412
1.8136236667633057, 5411
1.8186407089233398, 5410
1.8186407089233398, 5409
1.8196382522583008, 5408
1.8196382522583008, 5407
1.8196382522583008, 5406
1.8206355571746826, 5405
1.8385581970214844, 5404
1.8425443172454834, 5403
1.847564697265625, 5402
1.8485608100891113, 5401
1.850555658340454, 5400
1.8515527248382568, 5399
1.8585033416748047, 5398
1.8585033416748047, 5397
1.8824379444122314, 5396
1.8834357261657715, 5395
1.8934118747711182, 5394
1.8954060077667236, 5393
1.8964016437530518, 5392
1.8973991870880127, 5391
1.8983972072601318, 5390
1.8993935585021973, 5389
1.900390386581421, 5388
1.901388168334961, 5387
1.920337438583374, 5386
1.9213342666625977, 5385
1.931307077407837, 5384
1.933302640914917, 5383
1.945270299911499, 5382
1.9472661018371582, 5381
1.9492604732513428, 5380
1.9492604732513428, 5379
1.9502568244934082, 5378
1.969205379486084, 5377
1.9781813621520996, 5376
1.9781813621520996, 5375
1.9781813621520996, 5374
1.9791789054870605, 5373
1.9801759719848633, 5372
1.9811735153198242, 5371
1.9821715354919434, 5370
1.9881558418273926, 5369
1.989152431488037, 5368
1.989152431488037, 5367
1.9961345195770264, 5366
1.9961345195770264, 5365
1.9971318244934082, 5364
2.0051095485687256, 5363
2.0061094760894775, 5362
2.0061094760894775, 5361
2.007105827331543, 5360
2.0081021785736084, 5359
2.012091636657715, 5358
2.012091636657715, 5357
2.014087677001953, 5356
2.0160813331604004, 5355
2.0160813331604004, 5354
2.0180747509002686, 5353
2.0430092811584473, 5352
2.08390474319458, 5351
2.091878652572632, 5350
2.1612188816070557, 5349
2.171191453933716, 5348
2.2081332206726074, 5347
2.313570261001587, 5346
2.3155641555786133, 5345
2.3215489387512207, 5344
2.33750581741333, 5343
2.339505672454834, 5342
2.358452796936035, 5341
2.3754050731658936, 5340
2.423276662826538, 5339
2.423276662826538, 5338
2.424273729324341, 5337
2.425271511077881, 5336
2.431256055831909, 5335
2.4551937580108643, 5334
2.464167833328247, 5333
2.466165781021118, 5332
2.4821181297302246, 5331
2.4821181297302246, 5330
2.485110282897949, 5329
2.486110210418701, 5328
2.487107038497925, 5327
2.488103151321411, 5326
2.4890997409820557, 5325
2.4960830211639404, 5324
2.5030856132507324, 5323
2.5040621757507324, 5322
2.5040621757507324, 5321
2.506054639816284, 5320
2.5080502033233643, 5319
2.520017147064209, 5318
2.5210139751434326, 5317
2.5220112800598145, 5316
2.523009777069092, 5315
2.5299904346466064, 5314
2.5329837799072266, 5313
2.536972761154175, 5312
2.5399632453918457, 5311
2.5409605503082275, 5310
2.545950174331665, 5309
2.5469470024108887, 5308
2.5479421615600586, 5307
2.549936532974243, 5306
2.554924726486206, 5305
2.5728752613067627, 5304
2.5738754272460938, 5303
2.5738754272460938, 5302
2.57487154006958, 5301
2.57487154006958, 5300
2.57487154006958, 5299
2.575868844985962, 5298
2.575868844985962, 5297
2.5768649578094482, 5296
2.5768649578094482, 5295
2.577861785888672, 5294
2.5798568725585938, 5293
2.5808539390563965, 5292
2.5818512439727783, 5291
2.5838465690612793, 5290
2.5948190689086914, 5289
2.5988070964813232, 5288
2.5998034477233887, 5287
2.6008007526397705, 5286
2.6027958393096924, 5285
2.619751214981079, 5284
2.619751214981079, 5283
2.6207480430603027, 5282
2.6207480430603027, 5281
2.621744394302368, 5280
2.6227424144744873, 5279
2.6237399578094482, 5278
2.633753776550293, 5277
2.634751558303833, 5276
2.6467208862304688, 5275
2.6487131118774414, 5274
2.6536993980407715, 5273
2.665670394897461, 5272
2.6666994094848633, 5271
2.6666994094848633, 5270
2.671651601791382, 5269
2.671651601791382, 5268
2.690633535385132, 5267
2.6925954818725586, 5266
2.694592237472534, 5265
2.6995766162872314, 5264
2.7045633792877197, 5263
2.7055611610412598, 5262
2.7085530757904053, 5261
2.7085530757904053, 5260
2.7095510959625244, 5259
2.7095510959625244, 5258
2.7105472087860107, 5257
2.7115445137023926, 5256
2.7115445137023926, 5255
2.7155344486236572, 5254
2.716531991958618, 5253
2.741466522216797, 5252
2.745455026626587, 5251
2.7474491596221924, 5250
2.7474491596221924, 5249
2.7474491596221924, 5248
2.748445987701416, 5247
2.753436803817749, 5246
2.7773685455322266, 5245
2.7773685455322266, 5244
2.7783658504486084, 5243
2.7793641090393066, 5242
2.780360460281372, 5241
2.781357765197754, 5240
2.7923285961151123, 5239
2.801337718963623, 5238
2.803300142288208, 5237
2.8052940368652344, 5236
2.8052940368652344, 5235
2.808286190032959, 5234
2.809283494949341, 5233
2.8112778663635254, 5232
2.8122751712799072, 5231
2.820255756378174, 5230
2.8212530612945557, 5229
2.8212530612945557, 5228
2.8232479095458984, 5227
2.8232479095458984, 5226
2.825242280960083, 5225
2.828235626220703, 5224
2.834219455718994, 5223
2.8411996364593506, 5222
2.8421969413757324, 5221
2.8431942462921143, 5220
2.8431942462921143, 5219
2.8482141494750977, 5218
2.849209785461426, 5217
2.850175380706787, 5216
2.8511717319488525, 5215
2.854170083999634, 5214
2.855160713195801, 5213
2.8571553230285645, 5212
2.858152389526367, 5211
2.858152389526367, 5210
2.85915207862854, 5209
2.85915207862854, 5208
2.85915207862854, 5207
2.860180377960205, 5206
2.860180377960205, 5205
2.8671302795410156, 5204
2.8681273460388184, 5203
2.871119976043701, 5202
2.871119976043701, 5201
2.8721156120300293, 5200
2.8731136322021484, 5199
2.8741109371185303, 5198
2.875108242034912, 5197
2.876105785369873, 5196
2.877102851867676, 5195
2.8780996799468994, 5194
2.8790974617004395, 5193
2.880094528198242, 5192
2.881092071533203, 5191
2.882089138031006, 5190
2.8830864429473877, 5189
2.8840839862823486, 5188
2.887077808380127, 5187
2.890068531036377, 5186
2.8910655975341797, 5185
2.8920626640319824, 5184
2.893059730529785, 5183
2.897049903869629, 5182
2.9070234298706055, 5181
2.9210174083709717, 5180
2.924975872039795, 5179
2.924975872039795, 5178
2.926971435546875, 5177
2.935948610305786, 5176
2.943925619125366, 5175
2.9449222087860107, 5174
2.946916341781616, 5173
2.946916341781616, 5172
2.9479153156280518, 5171
2.949908971786499, 5170
2.949908971786499, 5169
2.9519033432006836, 5168
2.9529008865356445, 5167
2.9538984298706055, 5166
2.9538984298706055, 5165
2.9538984298706055, 5164
2.9548959732055664, 5163
2.9558935165405273, 5162
2.9558935165405273, 5161
2.956890344619751, 5160
2.9578874111175537, 5159
2.9598827362060547, 5158
2.9658658504486084, 5157
2.9678614139556885, 5156
2.969855546951294, 5155
2.970853328704834, 5154
2.9728469848632812, 5153
2.9748411178588867, 5152
2.9768378734588623, 5151
2.978832483291626, 5150
2.982820749282837, 5149
2.982820749282837, 5148
2.983818292617798, 5147
2.9848153591156006, 5146
2.989802122116089, 5145
2.9927945137023926, 5144
2.993792772293091, 5143
2.993792772293091, 5142
2.994791269302368, 5141
2.995786666870117, 5140
2.995786666870117, 5139
2.996783494949341, 5138
2.9987781047821045, 5137
3.0007731914520264, 5136
3.00177001953125, 5135
3.0037648677825928, 5134
3.004762887954712, 5133
3.00675630569458, 5132
3.0087521076202393, 5131
3.0117437839508057, 5130
3.0117437839508057, 5129
3.0157337188720703, 5128
3.0167312622070312, 5127
3.0167312622070312, 5126
3.0167312622070312, 5125
3.017727851867676, 5124
3.017727851867676, 5123
3.0187251567840576, 5122
3.020719528198242, 5121
3.0227129459381104, 5120
3.0247087478637695, 5119
3.028698444366455, 5118
3.029695987701416, 5117
3.0306930541992188, 5116
3.035680055618286, 5115
3.040666341781616, 5114
3.040666341781616, 5113
3.041663408279419, 5112
3.041663408279419, 5111
3.041663408279419, 5110
3.042661428451538, 5109
3.0436582565307617, 5108
3.0446553230285645, 5107
3.0476479530334473, 5106
3.048644781112671, 5105
3.0506393909454346, 5104
3.056624412536621, 5103
3.0576212406158447, 5102
3.0576212406158447, 5101
3.0586183071136475, 5100
3.0596158504486084, 5099
3.0596158504486084, 5098
3.0596158504486084, 5097
3.0606133937835693, 5096
3.068591594696045, 5095
3.0695888996124268, 5094
3.070585250854492, 5093
3.075573682785034, 5092
3.076569080352783, 5091
3.076569080352783, 5090
3.0775680541992188, 5089
3.0775680541992188, 5088
3.0795609951019287, 5087
3.084547519683838, 5086
3.084547519683838, 5085
3.0855448246002197, 5084
3.0855448246002197, 5083
3.0875403881073, 5082
3.0885369777679443, 5081
3.089533567428589, 5080
3.090531587600708, 5079
3.0925285816192627, 5078
3.0995092391967773, 5077
3.10050630569458, 5076
3.10050630569458, 5075
3.101503372192383, 5074
3.1025006771087646, 5073
3.1025006771087646, 5072
3.1104793548583984, 5071
3.1114768981933594, 5070
3.1184580326080322, 5069
3.1374075412750244, 5068
3.1384048461914062, 5067
3.1384048461914062, 5066
3.139402151107788, 5065
3.140399217605591, 5064
3.140399217605591, 5063
3.1423940658569336, 5062
3.1443889141082764, 5061
3.1483774185180664, 5060
3.1483774185180664, 5059
3.1633379459381104, 5058
3.1663296222686768, 5057
3.1773011684417725, 5056
3.179295539855957, 5055
3.1822876930236816, 5054
3.1842823028564453, 5053
3.1862759590148926, 5052
3.1882715225219727, 5051
3.1902663707733154, 5050
3.1953206062316895, 5049
3.19824481010437, 5048
3.200239419937134, 5047
3.2012367248535156, 5046
3.2032310962677, 5045
3.205226182937622, 5044
3.2072222232818604, 5043
3.212207555770874, 5042
3.212207555770874, 5041
3.217193841934204, 5040
3.2231786251068115, 5039
3.2231786251068115, 5038
3.2231786251068115, 5037
3.2241759300231934, 5036
3.225172996520996, 5035
3.226170301437378, 5034
3.227167844772339, 5033
3.228163957595825, 5032
3.229161262512207, 5031
3.2311573028564453, 5030
3.2321534156799316, 5029
3.2361435890197754, 5028
3.2381370067596436, 5027
3.2471139430999756, 5026
3.24811053276062, 5025
3.2511017322540283, 5024
3.2511017322540283, 5023
3.25209903717041, 5022
3.25209903717041, 5021
3.253096342086792, 5020
3.254094362258911, 5019
3.256088972091675, 5018
3.2580831050872803, 5017
3.2640669345855713, 5016
3.268056631088257, 5015
3.268056631088257, 5014
3.2690536975860596, 5013
3.273043394088745, 5012
3.274042844772339, 5011
3.274042844772339, 5010
3.275038957595825, 5009
3.276036262512207, 5008
3.278029680252075, 5007
3.279027223587036, 5006
3.279027223587036, 5005
3.279027223587036, 5004
3.280024290084839, 5003
3.280024290084839, 5002
3.2810215950012207, 5001
3.2820191383361816, 5000
3.2890005111694336, 4999
3.2890005111694336, 4998
3.2899978160858154, 4997
3.2919921875, 4996
3.29398775100708, 4995
3.295982599258423, 4994
3.2969791889190674, 4993
3.29797625541687, 4992
3.3039634227752686, 4991
3.3059563636779785, 4990
3.3079512119293213, 4989
3.3119406700134277, 4988
3.317924737930298, 4987
3.3189220428466797, 4986
3.3199195861816406, 4985
3.3199195861816406, 4984
3.3219144344329834, 4983
3.32590389251709, 4982
3.327899932861328, 4981
3.331887722015381, 4980
3.332885265350342, 4979
3.3348798751831055, 4978
3.3378713130950928, 4977
3.3378713130950928, 4976
3.338869094848633, 4975
3.349839210510254, 4974
3.350836992263794, 4973
3.351834297180176, 4972
3.3528316020965576, 4971
3.353830337524414, 4970
3.3548266887664795, 4969
3.3618075847625732, 4968
3.363802433013916, 4967
3.365795850753784, 4966
3.372776985168457, 4965
3.3747751712799072, 4964
3.375770330429077, 4963
3.375770330429077, 4962
3.375770330429077, 4961
3.3767664432525635, 4960
3.3767664432525635, 4959
3.3767664432525635, 4958
3.377763509750366, 4957
3.377763509750366, 4956
3.377763509750366, 4955
3.378760814666748, 4954
3.378760814666748, 4953
3.378760814666748, 4952
3.379758358001709, 4951
3.379758358001709, 4950
3.379758358001709, 4949
3.380756378173828, 4948
3.3817543983459473, 4947
3.382751941680908, 4946
3.3837485313415527, 4945
3.38973331451416, 4944
3.390730381011963, 4943
3.390730381011963, 4942
3.3917276859283447, 4941
3.3927249908447266, 4940
3.3927249908447266, 4939
3.3927249908447266, 4938
3.3957149982452393, 4937
3.398707389831543, 4936
3.398707389831543, 4935
3.400705337524414, 4934
3.4016997814178467, 4933
3.4026968479156494, 4932
3.4036953449249268, 4931
3.405688762664795, 4930
3.409679412841797, 4929
3.409679412841797, 4928
3.409679412841797, 4927
3.4116735458374023, 4926
3.412670373916626, 4925
3.426635503768921, 4924
3.427631139755249, 4923
3.42862868309021, 4922
3.433617115020752, 4921
3.4356095790863037, 4920
3.4356095790863037, 4919
3.4356095790863037, 4918
3.4366073608398438, 4917
3.4366073608398438, 4916
3.4366073608398438, 4915
3.438601016998291, 4914
3.440596342086792, 4913
3.4425911903381348, 4912
3.4435884952545166, 4911
3.4485743045806885, 4910
3.4495725631713867, 4909
3.4555561542510986, 4908
3.4555561542510986, 4907
3.456585168838501, 4906
3.462571382522583, 4905
3.463567018508911, 4904
3.4645638465881348, 4903
3.4655585289001465, 4902
3.4655585289001465, 4901
3.466529607772827, 4900
3.466529607772827, 4899
3.466529607772827, 4898
3.4725425243377686, 4897
3.473508358001709, 4896
3.4745378494262695, 4895
3.475501775741577, 4894
3.4795241355895996, 4893
3.4805209636688232, 4892
3.4805209636688232, 4891
3.481525421142578, 4890
3.481525421142578, 4889
3.483513355255127, 4888
3.4845118522644043, 4887
3.4864766597747803, 4886
3.4864766597747803, 4885
3.4875030517578125, 4884
3.488499402999878, 4883
3.4894943237304688, 4882
3.500436782836914, 4881
3.501433849334717, 4880
3.5034284591674805, 4879
3.5054221153259277, 4878
3.5074174404144287, 4877
3.509413957595825, 4876
3.5114383697509766, 4875
3.5143983364105225, 4874
3.515394926071167, 4873
3.516392707824707, 4872
3.516392707824707, 4871
3.5203816890716553, 4870
3.5203816890716553, 4869
3.5203816890716553, 4868
3.523374080657959, 4867
3.523374080657959, 4866
3.5243709087371826, 4865
3.5243709087371826, 4864
3.5263671875, 4863
3.5273663997650146, 4862
3.5303566455841064, 4861
3.531353712081909, 4860
3.533348321914673, 4859
3.533348321914673, 4858
3.5343472957611084, 4857
3.535343885421753, 4856
3.535343885421753, 4855
3.5363407135009766, 4854
3.5373380184173584, 4853
3.5373380184173584, 4852
3.5403318405151367, 4851
3.5413272380828857, 4850
3.556288242340088, 4849
3.558281660079956, 4848
3.559279203414917, 4847
3.5612738132476807, 4846
3.567258834838867, 4845
3.5682554244995117, 4844
3.5682554244995117, 4843
3.5692527294158936, 4842
3.5702500343322754, 4841
3.5702500343322754, 4840
3.571247100830078, 4839
3.57224440574646, 4838
3.57224440574646, 4837
3.573241710662842, 4836
3.574239492416382, 4835
3.5832157135009766, 4834
3.5842125415802, 4833
3.585209846496582, 4832
3.587205410003662, 4831
3.5891995429992676, 4830
3.5911941528320312, 4829
3.593188524246216, 4828
3.599170684814453, 4827
3.6011669635772705, 4826
3.6021957397460938, 4825
3.604191780090332, 4824
3.6101431846618652, 4823
3.612138032913208, 4822
3.614132881164551, 4821
3.6161277294158936, 4820
3.618121862411499, 4819
3.620116710662842, 4818
3.6355950832366943, 4817
3.637589693069458, 4816
3.6385867595672607, 4815
3.6395843029022217, 4814
3.6415789127349854, 4813
3.6425764560699463, 4812
3.651552200317383, 4811
3.654545307159424, 4810
3.6605284214019775, 4809
3.663520097732544, 4808
3.671499013900757, 4807
3.6724965572357178, 4806
3.6724965572357178, 4805
3.6724965572357178, 4804
3.6724965572357178, 4803
3.6734936237335205, 4802
3.674492120742798, 4801
3.674492120742798, 4800
3.675488233566284, 4799
3.6764862537384033, 4798
3.677483558654785, 4797
3.677483558654785, 4796
3.678478956222534, 4795
3.6874561309814453, 4794
3.6874561309814453, 4793
3.6884524822235107, 4792
3.6894495487213135, 4791
3.693443536758423, 4790
3.6944384574890137, 4789
3.6964309215545654, 4788
3.697427988052368, 4787
3.69842529296875, 4786
3.6994223594665527, 4785
3.701417922973633, 4784
3.7024149894714355, 4783
3.7034122943878174, 4782
3.705406427383423, 4781
3.706404209136963, 4780
3.7083988189697266, 4779
3.7093963623046875, 4778
3.711390733718872, 4777
3.712387800216675, 4776
3.7193691730499268, 4775
3.7193691730499268, 4774
3.724355697631836, 4773
3.724355697631836, 4772
3.725353717803955, 4771
3.7273502349853516, 4770
3.7283473014831543, 4769
3.7313387393951416, 4768
3.7323362827301025, 4767
3.7323362827301025, 4766
3.7323362827301025, 4765
3.7333338260650635, 4764
3.7333338260650635, 4763
3.7453081607818604, 4762
3.746304988861084, 4761
3.748300313949585, 4760
3.749297618865967, 4759
3.7532870769500732, 4758
3.7532870769500732, 4757
3.7542836666107178, 4756
3.761265516281128, 4755
3.761265516281128, 4754
3.7622628211975098, 4753
3.7642574310302734, 4752
3.7652549743652344, 4751
3.7672505378723145, 4750
3.769244909286499, 4749
3.7702417373657227, 4748
3.7722363471984863, 4747
3.7752280235290527, 4746
3.7762258052825928, 4745
3.777221918106079, 4744
3.778219699859619, 4743
3.7832067012786865, 4742
3.7871973514556885, 4741
3.7881932258605957, 4740
3.7891902923583984, 4739
3.791184663772583, 4738
3.792182683944702, 4737
3.797168493270874, 4736
3.799163341522217, 4735
3.8001604080200195, 4734
3.8011579513549805, 4733
3.8031532764434814, 4732
3.8061554431915283, 4731
3.807143449783325, 4730
3.8081393241882324, 4729
3.8121285438537598, 4728
3.8121285438537598, 4727
3.8121285438537598, 4726
3.8131258487701416, 4725
3.8131258487701416, 4724
3.8131258487701416, 4723
3.8161191940307617, 4722
3.818112373352051, 4721
3.8191099166870117, 4720
3.821103811264038, 4719
3.823098659515381, 4718
3.823098659515381, 4717
3.824096202850342, 4716
3.824096202850342, 4715
3.824096202850342, 4714
3.8250930309295654, 4713
3.82808518409729, 4712
3.829082489013672, 4711
3.830080032348633, 4710
3.8310773372650146, 4709
3.8330719470977783, 4708
3.8340702056884766, 4707
3.8340702056884766, 4706
3.8340702056884766, 4705
3.8350675106048584, 4704
3.8370614051818848, 4703
3.8380584716796875, 4702
3.8390557765960693, 4701
3.8400533199310303, 4700
3.841050386428833, 4699
3.843045234680176, 4698
3.8560123443603516, 4697
3.8570077419281006, 4696
3.8570077419281006, 4695
3.8570077419281006, 4694
3.8580052852630615, 4693
3.860001564025879, 4692
3.8609988689422607, 4691
3.8629934787750244, 4690
3.8639910221099854, 4689
3.8669848442077637, 4688
3.8689780235290527, 4687
3.8719682693481445, 4686
3.8749611377716064, 4685
3.876955270767212, 4684
3.8779520988464355, 4683
3.8789498805999756, 4682
3.8799476623535156, 4681
3.8809449672698975, 4680
3.882941246032715, 4679
3.884934425354004, 4678
3.8879263401031494, 4677
3.8909189701080322, 4676
3.8949079513549805, 4675
3.8978989124298096, 4674
3.8988959789276123, 4673
3.8988959789276123, 4672
3.8988959789276123, 4671
3.8998959064483643, 4670
3.9039130210876465, 4669
3.9088706970214844, 4668
3.909900188446045, 4667
3.909900188446045, 4666
3.9547483921051025, 4665
3.999628782272339, 4664
4.001622200012207, 4663
4.004614353179932, 4662
4.008603811264038, 4661
4.016582727432251, 4660
4.017579793930054, 4659
4.021569013595581, 4658
4.065457105636597, 4657
4.066450595855713, 4656
4.066450595855713, 4655
4.068443059921265, 4654
4.090384244918823, 4653
4.091381311416626, 4652
4.10434627532959, 4651
4.107342958450317, 4650
4.107342958450317, 4649
4.108339309692383, 4648
4.111330509185791, 4647
4.15431809425354, 4646
4.170276165008545, 4645
4.170276165008545, 4644
4.180248975753784, 4643
4.186234474182129, 4642
4.202235698699951, 4641
4.203232765197754, 4640
4.237085580825806, 4639
4.241076231002808, 4638
4.2650110721588135, 4637
4.289944887161255, 4636
4.312882900238037, 4635
4.313880443572998, 4634
4.328357934951782, 4633
4.336338043212891, 4632
4.35029935836792, 4631
4.35029935836792, 4630
4.351296424865723, 4629
4.356284141540527, 4628
4.356284141540527, 4627
4.364262819290161, 4626
4.369248628616333, 4625
4.369248628616333, 4624
4.370246171951294, 4623
4.372240304946899, 4622
4.386203765869141, 4621
4.389197587966919, 4620
4.393186569213867, 4619
4.409143924713135, 4618
4.414130926132202, 4617
4.416125297546387, 4616
4.444048881530762, 4615
4.4500322341918945, 4614
4.4699790477752686, 4613
4.504887580871582, 4612
4.505884647369385, 4611
4.517851114273071, 4610
4.550763130187988, 4609
4.589660882949829, 4608
4.589660882949829, 4607
4.5956456661224365, 4606
4.617585182189941, 4605
4.636533737182617, 4604
4.636533737182617, 4603
4.639525651931763, 4602
4.639525651931763, 4601
4.676427364349365, 4600
4.676427364349365, 4599
4.679419040679932, 4598
4.680416107177734, 4597
4.6864025592803955, 4596
4.6874001026153564, 4595
4.690390586853027, 4594
4.698369264602661, 4593
4.711336135864258, 4592
4.711336135864258, 4591
4.716322183609009, 4590
4.716322183609009, 4589
4.7322776317596436, 4588
4.742251634597778, 4587
4.743249177932739, 4586
4.743249177932739, 4585
4.751261234283447, 4584
4.751261234283447, 4583
4.756247520446777, 4582
4.756247520446777, 4581
4.757246017456055, 4580
4.757246017456055, 4579
4.757246017456055, 4578
4.770210027694702, 4577
4.770210027694702, 4576
4.771210193634033, 4575
4.775164365768433, 4574
4.781147003173828, 4573
4.78214430809021, 4572
4.787132024765015, 4571
4.787132024765015, 4570
4.78912615776062, 4569
4.804085731506348, 4568
4.804085731506348, 4567
4.816054344177246, 4566
4.816054344177246, 4565
4.819045543670654, 4564
4.840988397598267, 4563
4.846973180770874, 4562
4.870907545089722, 4561
4.872902154922485, 4560
4.880882740020752, 4559
4.890855312347412, 4558
4.902823448181152, 4557
4.916784286499023, 4556
4.916784286499023, 4555
4.916784286499023, 4554
4.9297497272491455, 4553
4.930747032165527, 4552
4.93174409866333, 4551
4.952687978744507, 4550
4.955681562423706, 4549
4.955681562423706, 4548
4.966654539108276, 4547
4.966654539108276, 4546
4.966654539108276, 4545
4.973632097244263, 4544
4.979616165161133, 4543
4.9885923862457275, 4542
4.9885923862457275, 4541
5.011530876159668, 4540
5.012528419494629, 4539
5.017515659332275, 4538
5.0244972705841064, 4537
5.0244972705841064, 4536
5.025494813919067, 4535
5.039457082748413, 4534
5.047435998916626, 4533
5.068413734436035, 4532
5.068413734436035, 4531
5.068413734436035, 4530
5.069409132003784, 4529
5.0803468227386475, 4528
5.084336042404175, 4527
5.102320909500122, 4526
5.102320909500122, 4525
5.105280637741089, 4524
5.106281518936157, 4523
5.122236967086792, 4522
5.123234033584595, 4521
5.145233392715454, 4520
5.146172285079956, 4519
5.146172285079956, 4518
5.146172285079956, 4517
5.201056957244873, 4516
5.220970869064331, 4515
5.2309441566467285, 4514
5.251923561096191, 4513
5.30075740814209, 4512
5.301754951477051, 4511
5.316717624664307, 4510
5.317714691162109, 4509
5.318710803985596, 4508
5.321704626083374, 4507
5.328682899475098, 4506
5.331674814224243, 4505
5.331674814224243, 4504
5.337658882141113, 4503
5.337658882141113, 4502
5.339653253555298, 4501
5.3476340770721436, 4500
5.354615926742554, 4499
5.362594842910767, 4498
5.384533405303955, 4497
5.391514778137207, 4496
5.391514778137207, 4495
5.398496150970459, 4494
5.400491952896118, 4493
5.40946888923645, 4492
5.438398361206055, 4491
5.438398361206055, 4490
5.466326713562012, 4489
5.470312833786011, 4488
5.476298570632935, 4487
5.476298570632935, 4486
5.483279466629028, 4485
5.495246648788452, 4484
5.504257678985596, 4483
5.504257678985596, 4482
5.511202573776245, 4481
5.515194416046143, 4480
5.5221734046936035, 4479
5.5221734046936035, 4478
5.5221734046936035, 4477
5.534143447875977, 4476
5.534143447875977, 4475
5.553098917007446, 4474
5.573045492172241, 4473
5.573045492172241, 4472
5.575040578842163, 4471
5.59697961807251, 4470
5.59797739982605, 4469
5.613943815231323, 4468
5.613943815231323, 4467
5.624905347824097, 4466
5.624905347824097, 4465
5.656819820404053, 4464
5.656819820404053, 4463
5.67277717590332, 4462
5.67277717590332, 4461
5.67277717590332, 4460
5.673775672912598, 4459
5.676766633987427, 4458
5.687737464904785, 4457
5.688734531402588, 4456
5.693721055984497, 4455
5.694719076156616, 4454
5.700704097747803, 4453
5.729626655578613, 4452
5.735609292984009, 4451
5.735609292984009, 4450
5.741595029830933, 4449
5.759546279907227, 4448
5.762537240982056, 4447
5.764531850814819, 4446
5.7815186977386475, 4445
5.7815186977386475, 4444
5.819386720657349, 4443
5.832351207733154, 4442
5.844827890396118, 4441
5.845826864242554, 4440
5.863778829574585, 4439
5.863778829574585, 4438
5.8717615604400635, 4437
5.882729768753052, 4436
5.892700672149658, 4435
5.893699645996094, 4434
5.907660484313965, 4433
5.916637659072876, 4432
5.9176342487335205, 4431
5.94008207321167, 4430
5.952050447463989, 4429
5.957036972045898, 4428
5.961026191711426, 4427
5.961026191711426, 4426
5.961026191711426, 4425
5.961026191711426, 4424
5.970999479293823, 4423
5.9779815673828125, 4422
6.010892868041992, 4421
6.010892868041992, 4420
6.019868850708008, 4419
6.026852607727051, 4418
6.037821054458618, 4417
6.046799421310425, 4416
6.055773496627808, 4415
6.068740606307983, 4414
6.10962986946106, 4413
6.1205995082855225, 4412
6.1265857219696045, 4411
6.140546798706055, 4410
6.142541170120239, 4409
6.188420057296753, 4408
6.19240927696228, 4407
6.1983935832977295, 4406
6.1983935832977295, 4405
6.232302665710449, 4404
6.23429799079895, 4403
6.236292362213135, 4402
6.237289190292358, 4401
6.241277694702148, 4400
6.244269371032715, 4399
6.245269060134888, 4398
6.262221574783325, 4397
6.264218330383301, 4396
6.282167434692383, 4395
6.309096336364746, 4394
6.314085006713867, 4393
6.3320348262786865, 4392
6.3489885330200195, 4391
6.3609843254089355, 4390
6.3609843254089355, 4389
6.370930194854736, 4388
6.379905939102173, 4387
6.395864009857178, 4386
6.413817405700684, 4385
6.4148499965667725, 4384
6.416840553283691, 4383
6.427810430526733, 4382
6.428809642791748, 4381
6.439778566360474, 4380
6.460724353790283, 4379
6.47465443611145, 4378
6.475650310516357, 4377
6.47664737701416, 4376
6.5075671672821045, 4375
6.508563995361328, 4374
6.554440975189209, 4373
6.5594587326049805, 4372
6.5644471645355225, 4371
6.5644471645355225, 4370
6.572425842285156, 4369
6.574387788772583, 4368
6.588382959365845, 4367
6.588382959365845, 4366
6.590378522872925, 4365
6.6033101081848145, 4364
6.61132025718689, 4363
6.621293544769287, 4362
6.637251138687134, 4361
6.663149118423462, 4360
6.709028720855713, 4359
6.713016986846924, 4358
6.713016986846924, 4357
6.736953496932983, 4356
6.73795223236084, 4355
6.745927810668945, 4354
6.748952865600586, 4353
6.7539074420928955, 4352
6.776875019073486, 4351
6.777845859527588, 4350
6.780867099761963, 4349
6.784853219985962, 4348
6.789846181869507, 4347
6.790809392929077, 4346
6.790809392929077, 4345
6.797788619995117, 4344
6.800780773162842, 4343
6.830703258514404, 4342
6.836686611175537, 4341
6.846659898757935, 4340
6.8596577644348145, 4339
6.863613605499268, 4338
6.863613605499268, 4337
6.882563352584839, 4336
6.8835608959198, 4335
6.892567873001099, 4334
6.902510404586792, 4333
6.909525394439697, 4332
6.915475130081177, 4331
6.918467044830322, 4330
6.920461416244507, 4329
6.928442001342773, 4328
6.937417030334473, 4327
6.937417030334473, 4326
6.961358547210693, 4325
7.008233070373535, 4324
7.031171798706055, 4323
7.0321691036224365, 4322
7.109963893890381, 4321
7.114951848983765, 4320
7.257570743560791, 4319
7.257570743560791, 4318
7.367821216583252, 4317
7.424637079238892, 4316
7.460083961486816, 4315
7.461076974868774, 4314
7.501937627792358, 4313
7.5258729457855225, 4312
7.527868032455444, 4311
7.542827367782593, 4310
7.5551533699035645, 4309
7.565123558044434, 4308
7.570109605789185, 4307
7.7326765060424805, 4306
7.778552293777466, 4305
7.779549598693848, 4304
7.779549598693848, 4303
7.80648136138916, 4302
7.823464632034302, 4301
7.832440614700317, 4300
7.836430788040161, 4299
7.839421987533569, 4298
7.840388059616089, 4297
7.860333442687988, 4296
7.861330986022949, 4295
7.868313550949097, 4294
7.872302293777466, 4293
7.873300075531006, 4292
7.895242691040039, 4291
7.897237300872803, 4290
7.9690446853637695, 4289
7.98699688911438, 4288
7.98699688911438, 4287
8.009934663772583, 4286
8.015919208526611, 4285
8.018909692764282, 4284
8.058802843093872, 4283
8.072765588760376, 4282
8.082740545272827, 4281
8.094709157943726, 4280
8.105679750442505, 4279
8.115652084350586, 4278
8.131609916687012, 4277
8.15258526802063, 4276
8.169540643692017, 4275
8.189486980438232, 4274
8.22336483001709, 4273
8.256309032440186, 4272
8.271267652511597, 4271
8.282207250595093, 4270
8.285199403762817, 4269
8.294181108474731, 4268
8.304146766662598, 4267
8.30514407157898, 4266
8.307172060012817, 4265
8.307172060012817, 4264
8.31515121459961, 4263
8.31515121459961, 4262
8.319139957427979, 4261
8.372963428497314, 4260
8.372963428497314, 4259
8.373961925506592, 4258
8.37698483467102, 4257
8.399924755096436, 4256
8.494640827178955, 4255
8.601353645324707, 4254
8.622297525405884, 4253
8.780873537063599, 4252
8.781870603561401, 4251
8.79982304573059, 4250
8.819769859313965, 4249
8.88659119606018, 4248
8.916509628295898, 4247
8.983845949172974, 4246
8.993821144104004, 4245
9.00279426574707, 4244
9.041690111160278, 4243
9.136946678161621, 4242
9.164958477020264, 4241
9.177923917770386, 4240
9.189892053604126, 4239
9.207842350006104, 4238
9.207842350006104, 4237
9.207842350006104, 4236
9.207842350006104, 4235
9.219809770584106, 4234
9.219809770584106, 4233
9.219809770584106, 4232
9.22679328918457, 4231
9.22679328918457, 4230
9.247738122940063, 4229
9.248734712600708, 4228
9.27486538887024, 4227
9.30275821685791, 4226
9.303755521774292, 4225
9.304753065109253, 4224
9.307774066925049, 4223
9.315721988677979, 4222
9.316719055175781, 4221
9.340655326843262, 4220
9.340655326843262, 4219
9.365589141845703, 4218
9.368582248687744, 4217
9.373568058013916, 4216
9.375561714172363, 4215
9.380548477172852, 4214
9.412462949752808, 4213
9.413460493087769, 4212
9.413460493087769, 4211
9.485270261764526, 4210
9.486267328262329, 4209
9.486267328262329, 4208
9.536134719848633, 4207
9.541152715682983, 4206
9.543115854263306, 4205
9.557076930999756, 4204
9.562063694000244, 4203
9.570043087005615, 4202
9.58998990058899, 4201
9.662795782089233, 4200
9.699696779251099, 4199
9.717647075653076, 4198
9.722633361816406, 4197
9.722633361816406, 4196
9.727620840072632, 4195
9.728617668151855, 4194
9.79846477508545, 4193
9.79846477508545, 4192
9.8034508228302, 4191
9.818377494812012, 4190
9.819374799728394, 4189
9.826358079910278, 4188
9.837327003479004, 4187
9.872267723083496, 4186
9.904181241989136, 4185
9.91115689277649, 4184
9.91115689277649, 4183
9.918114423751831, 4182
9.93010926246643, 4181
9.93010926246643, 4180
9.931109428405762, 4179
9.935101509094238, 4178
9.960031509399414, 4177
9.960031509399414, 4176
9.986928701400757, 4175
9.986928701400757, 4174
9.987925052642822, 4173
10.00391435623169, 4172
10.008867979049683, 4171
10.015851259231567, 4170
10.016848802566528, 4169
10.018842935562134, 4168
10.019840002059937, 4167
10.033802032470703, 4166
10.040784358978271, 4165
10.049789190292358, 4164
10.066715002059937, 4163
10.080711364746094, 4162
10.080711364746094, 4161
10.0996253490448, 4160
10.152483940124512, 4159
10.189385414123535, 4158
10.198363065719604, 4157
10.246689796447754, 4156
10.24723219871521, 4155
10.326526880264282, 4154
10.413328886032104, 4153
10.436300277709961, 4152
10.438292503356934, 4151
10.463228225708008, 4150
10.49001669883728, 4149
10.53489899635315, 4148
10.53489899635315, 4147
10.622663021087646, 4146
10.668014764785767, 4145
10.66901183128357, 4144
10.66901183128357, 4143
10.673999547958374, 4142
10.673999547958374, 4141
10.697932958602905, 4140
10.701922416687012, 4139
10.702919721603394, 4138
10.713894367218018, 4137
10.737828016281128, 4136
10.758771896362305, 4135
10.769256591796875, 4134
10.942302703857422, 4133
10.951278924942017, 4132
10.965242624282837, 4131
10.981199979782104, 4130
10.989178895950317, 4129
10.989178895950317, 4128
11.032063484191895, 4127
11.033060550689697, 4126
11.151742219924927, 4125
11.241502523422241, 4124
11.255465030670166, 4123
11.302339553833008, 4122
11.32228684425354, 4121
11.323284387588501, 4120
11.323284387588501, 4119
11.323284387588501, 4118
11.352243185043335, 4117
11.352243185043335, 4116
11.353236675262451, 4115
11.359220743179321, 4114
11.367199897766113, 4113
11.38315725326538, 4112
11.419061422348022, 4111
11.420058488845825, 4110
11.51078200340271, 4109
11.525745868682861, 4108
11.569624900817871, 4107
11.575610637664795, 4106
11.58860468864441, 4105
11.58860468864441, 4104
11.590601444244385, 4103
11.602538347244263, 4102
11.602538347244263, 4101
11.610517024993896, 4100
11.610517024993896, 4099
11.634453773498535, 4098
11.648446321487427, 4097
11.683320760726929, 4096
11.685317754745483, 4095
11.703267574310303, 4094
11.710248708724976, 4093
11.746156454086304, 4092
11.871819734573364, 4091
11.872815132141113, 4090
11.873813152313232, 4089
11.925676107406616, 4088
11.932655811309814, 4087
11.932655811309814, 4086
11.946622610092163, 4085
11.954596519470215, 4084
12.03338623046875, 4083
12.06430196762085, 4082
12.06529951095581, 4081
12.07028603553772, 4080
12.083251237869263, 4079
12.083251237869263, 4078
12.083251237869263, 4077
12.184183835983276, 4076
12.234050273895264, 4075
12.353729248046875, 4074
12.39362382888794, 4073
12.425536870956421, 4072
12.502331018447876, 4071
12.614033937454224, 4070
12.616062879562378, 4069
12.648939371109009, 4068
12.649936437606812, 4067
12.662901639938354, 4066
12.951165914535522, 4065
12.988032817840576, 4064
13.080819845199585, 4063
13.08181118965149, 4062
13.127236127853394, 4061
13.144190788269043, 4060
13.235459089279175, 4059
13.25440788269043, 4058
13.25541067123413, 4057
13.446907758712769, 4056
13.466850757598877, 4055
13.467847347259521, 4054
13.65036416053772, 4053
13.65036416053772, 4052
13.671305894851685, 4051
13.75163459777832, 4050
13.846837043762207, 4049
13.905677556991577, 4048
13.91967248916626, 4047
13.942578554153442, 4046
13.968509435653687, 4045
14.072232007980347, 4044
14.076221942901611, 4043
14.091182708740234, 4042
14.116148948669434, 4041
14.123096704483032, 4040
14.230807781219482, 4039
14.28666067123413, 4038
14.306607484817505, 4037
14.774354934692383, 4036
14.776349306106567, 4035
14.790311574935913, 4034
14.790311574935913, 4033
15.076058387756348, 4032
15.095007419586182, 4031
15.127920866012573, 4030
15.149861812591553, 4029
15.152853727340698, 4028
15.226385354995728, 4027
15.246330976486206, 4026
15.249324083328247, 4025
15.26827335357666, 4024
15.282235860824585, 4023
15.307239294052124, 4022
15.402490615844727, 4021
15.408474922180176, 4020
15.408474922180176, 4019
15.412462949752808, 4018
15.429417848587036, 4017
15.52337121963501, 4016
15.581216096878052, 4015
15.893383979797363, 4014
16.05096197128296, 4013
16.123766899108887, 4012
16.17562747001648, 4011
16.17562747001648, 4010
16.17562747001648, 4009
16.306278467178345, 4008
16.437925815582275, 4007
16.46186375617981, 4006
16.51472783088684, 4005
16.549668788909912, 4004
16.726163864135742, 4003
16.762065649032593, 4002
16.845844984054565, 4001
16.879751920700073, 4000
17.01142168045044, 3999
28.692864179611206, 3998
29.240398406982422, 3997
29.54006814956665, 3996
29.6218478679657, 3995
29.703663110733032, 3994
29.716627597808838, 3993
29.794389724731445, 3992
29.811341047286987, 3991
30.099603176116943, 3990
30.52942156791687, 3989
30.916386365890503, 3988
32.544307231903076, 3987
32.61009907722473, 3986
34.48265600204468, 3985
34.624245405197144, 3984
34.84166359901428, 3983
35.64997720718384, 3982
36.39358711242676, 3981
36.45841360092163, 3980
36.72669744491577, 3979
36.77856397628784, 3978
36.959081411361694, 3977
38.374716997146606, 3976
38.80704379081726, 3975
42.60506010055542, 3974
44.17480754852295, 3973
45.94847631454468, 3972
47.58176255226135, 3971
49.31614875793457, 3970
50.44539976119995, 3969
51.4741370677948, 3968
51.55696487426758, 3967
51.56590819358826, 3966
52.43056917190552, 3965
52.58120012283325, 3964
53.19658184051514, 3963
53.66001558303833, 3962
53.69289779663086, 3961
53.72282004356384, 3960
53.92630195617676, 3959
54.75082540512085, 3958
56.36743521690369, 3957
56.62079668045044, 3956
57.7126202583313, 3955
59.23633790016174, 3954
60.2473087310791, 3953
62.11367845535278, 3952
62.11667203903198, 3951
64.66636109352112, 3950
68.11136078834534, 3949
69.58620309829712, 3948
74.36735773086548, 3947
77.43548727035522, 3946
