0.05594658851623535, 5605
0.1252422332763672, 5604
0.1252422332763672, 5603
0.12723660469055176, 5602
0.1751394271850586, 5601
0.21134328842163086, 5600
0.21230173110961914, 5599
0.2142963409423828, 5598
0.24421477317810059, 5597
0.24421477317810059, 5596
0.30106306076049805, 5595
0.3020603656768799, 5594
0.3155331611633301, 5593
0.3155331611633301, 5592
0.3165304660797119, 5591
0.3165304660797119, 5590
0.3165304660797119, 5589
0.31752800941467285, 5588
0.31752800941467285, 5587
0.31752800941467285, 5586
0.3185253143310547, 5585
0.3195230960845947, 5584
0.32451415061950684, 5583
0.5678598880767822, 5582
0.5718486309051514, 5581
0.5738422870635986, 5580
0.5768344402313232, 5579
0.577831506729126, 5578
0.5818221569061279, 5577
0.5818221569061279, 5576
0.5828180313110352, 5575
0.9288938045501709, 5574
0.9358742237091064, 5573
1.011672019958496, 5572
1.0136661529541016, 5571
1.0136661529541016, 5570
1.0186541080474854, 5569
1.02463698387146, 5568
1.0256340503692627, 5567
1.031618595123291, 5566
1.0346102714538574, 5565
1.0366051197052002, 5564
1.0715124607086182, 5563
1.0814850330352783, 5562
1.0954475402832031, 5561
1.0954475402832031, 5560
1.0954475402832031, 5559
1.1233727931976318, 5558
1.137336015701294, 5557
1.144317626953125, 5556
1.144317626953125, 5555
1.1453146934509277, 5554
1.1463119983673096, 5553
1.1463119983673096, 5552
1.1473093032836914, 5551
1.1483092308044434, 5550
1.1602756977081299, 5549
1.2101426124572754, 5548
1.2101426124572754, 5547
1.2111389636993408, 5546
1.2400634288787842, 5545
1.2460453510284424, 5544
1.2630088329315186, 5543
1.2630088329315186, 5542
1.2640056610107422, 5541
1.2689931392669678, 5540
1.2779743671417236, 5539
1.2779743671417236, 5538
1.2779743671417236, 5537
1.278970718383789, 5536
1.2809791564941406, 5535
1.290956974029541, 5534
1.290956974029541, 5533
1.2919549942016602, 5532
1.2929515838623047, 5531
1.2989442348480225, 5530
1.302959680557251, 5529
1.3049499988555908, 5528
1.3059477806091309, 5527
1.311901330947876, 5526
1.320875883102417, 5525
1.3218727111816406, 5524
1.3228697776794434, 5523
1.3248646259307861, 5522
1.3278570175170898, 5521
1.3288540840148926, 5520
1.3308486938476562, 5519
1.3338408470153809, 5518
1.3368325233459473, 5517
1.3368325233459473, 5516
1.339904546737671, 5515
1.3428850173950195, 5514
1.3428850173950195, 5513
1.3458762168884277, 5512
1.370854139328003, 5511
1.3728485107421875, 5510
1.3738455772399902, 5509
1.3908028602600098, 5508
1.3917999267578125, 5507
1.3917999267578125, 5506
1.3927967548370361, 5505
1.3947913646697998, 5504
1.4147710800170898, 5503
1.4167680740356445, 5502
1.4177610874176025, 5501
1.4187278747558594, 5500
1.420724868774414, 5499
1.4257404804229736, 5498
1.4267380237579346, 5497
1.428731918334961, 5496
1.428731918334961, 5495
1.430696725845337, 5494
1.4356820583343506, 5493
1.458620548248291, 5492
1.4606170654296875, 5491
1.4766037464141846, 5490
1.4785661697387695, 5489
1.480567216873169, 5488
1.4815917015075684, 5487
1.4825878143310547, 5486
1.4835824966430664, 5485
1.4965527057647705, 5484
1.4975483417510986, 5483
1.5005388259887695, 5482
1.5005388259887695, 5481
1.5005388259887695, 5480
1.5045323371887207, 5479
1.5045323371887207, 5478
1.506523847579956, 5477
1.5095162391662598, 5476
1.5095162391662598, 5475
1.5125110149383545, 5474
1.5174944400787354, 5473
1.5304608345031738, 5472
1.5314257144927979, 5471
1.5324547290802002, 5470
1.5334515571594238, 5469
1.5364460945129395, 5468
1.539405345916748, 5467
1.540403127670288, 5466
1.540403127670288, 5465
1.5433943271636963, 5464
1.5433943271636963, 5463
1.5453886985778809, 5462
1.5473833084106445, 5461
1.5483806133270264, 5460
1.5513715744018555, 5459
1.5513715744018555, 5458
1.5563595294952393, 5457
1.5563595294952393, 5456
1.557356595993042, 5455
1.5673303604125977, 5454
1.5673303604125977, 5453
1.5713183879852295, 5452
1.572317361831665, 5451
1.5753087997436523, 5450
1.5763061046600342, 5449
1.5802960395812988, 5448
1.5907797813415527, 5447
1.5907797813415527, 5446
1.6117241382598877, 5445
1.6157126426696777, 5444
1.6157126426696777, 5443
1.6446356773376465, 5442
1.6446356773376465, 5441
1.6456327438354492, 5440
1.6466302871704102, 5439
1.6466302871704102, 5438
1.647627353668213, 5437
1.6486246585845947, 5436
1.6496222019195557, 5435
1.6496222019195557, 5434
1.6556060314178467, 5433
1.6595964431762695, 5432
1.6655797958374023, 5431
1.667574167251587, 5430
1.6685712337493896, 5429
1.6835312843322754, 5428
1.6845290660858154, 5427
1.6935100555419922, 5426
1.6965019702911377, 5425
1.6965019702911377, 5424
1.6974992752075195, 5423
1.7004990577697754, 5422
1.701495885848999, 5421
1.7034902572631836, 5420
1.7044878005981445, 5419
1.706482172012329, 5418
1.7154626846313477, 5417
1.7164602279663086, 5416
1.7224509716033936, 5415
1.7234485149383545, 5414
1.7294337749481201, 5413
1.7314865589141846, 5412
1.732483148574829, 5411
1.7344779968261719, 5410
1.7404603958129883, 5409
1.7414581775665283, 5408
1.742455244064331, 5407
1.742455244064331, 5406
1.742455244064331, 5405
1.7454469203948975, 5404
1.7454469203948975, 5403
1.7464444637298584, 5402
1.7494361400604248, 5401
1.7504618167877197, 5400
1.7514522075653076, 5399
1.7524480819702148, 5398
1.7574353218078613, 5397
1.7584328651428223, 5396
1.7624750137329102, 5395
1.7684590816497803, 5394
1.769456386566162, 5393
1.7704541683197021, 5392
1.777435302734375, 5391
1.777435302734375, 5390
1.7784335613250732, 5389
1.7784335613250732, 5388
1.779433012008667, 5387
1.779980182647705, 5386
1.779980182647705, 5385
1.7804968357086182, 5384
1.7814836502075195, 5383
1.7824804782867432, 5382
1.7824804782867432, 5381
1.7874670028686523, 5380
1.7915103435516357, 5379
1.7925069332122803, 5378
1.8100030422210693, 5377
1.8335163593292236, 5376
1.8335163593292236, 5375
1.8335163593292236, 5374
1.8345158100128174, 5373
1.8355116844177246, 5372
1.8374760150909424, 5371
1.8384714126586914, 5370
1.8404760360717773, 5369
1.847454309463501, 5368
1.847454309463501, 5367
1.848451852798462, 5366
1.8514447212219238, 5365
1.8514447212219238, 5364
1.8514447212219238, 5363
1.8514447212219238, 5362
1.853438377380371, 5361
1.8574275970458984, 5360
1.8574275970458984, 5359
1.8574275970458984, 5358
1.8584251403808594, 5357
1.8584251403808594, 5356
1.8644428253173828, 5355
1.8644428253173828, 5354
1.8664402961730957, 5353
1.8674333095550537, 5352
1.8684329986572266, 5351
1.8694281578063965, 5350
1.8694281578063965, 5349
1.872420072555542, 5348
1.8783721923828125, 5347
1.8803715705871582, 5346
1.8833916187286377, 5345
1.886350393295288, 5344
1.886350393295288, 5343
1.886350393295288, 5342
1.8873474597930908, 5341
1.8913378715515137, 5340
1.9033050537109375, 5339
1.9082915782928467, 5338
1.9152727127075195, 5337
1.9222540855407715, 5336
1.9232518672943115, 5335
1.9262433052062988, 5334
1.9262433052062988, 5333
1.9422008991241455, 5332
1.945192813873291, 5331
1.9461901187896729, 5330
1.9561634063720703, 5329
1.9561634063720703, 5328
1.958158254623413, 5327
1.961150884628296, 5326
1.9721214771270752, 5325
1.9731183052062988, 5324
1.9741156101226807, 5323
1.978104829788208, 5322
1.978104829788208, 5321
1.9890756607055664, 5320
1.99107027053833, 5319
1.9940621852874756, 5318
1.9950594902038574, 5317
1.9990496635437012, 5316
2.001044273376465, 5315
2.001044273376465, 5314
2.005032777786255, 5313
2.005032777786255, 5312
2.006030321121216, 5311
2.0070273876190186, 5310
2.0070273876190186, 5309
2.0070273876190186, 5308
2.012014865875244, 5307
2.017998218536377, 5306
2.0209908485412598, 5305
2.023982524871826, 5304
2.024979591369629, 5303
2.0269742012023926, 5302
2.0289688110351562, 5301
2.029966115951538, 5300
2.031961441040039, 5299
2.0339553356170654, 5298
2.0359511375427246, 5297
2.0389435291290283, 5296
2.040937900543213, 5295
2.0479180812835693, 5294
2.0479180812835693, 5293
2.0479180812835693, 5292
2.0489165782928467, 5291
2.0489165782928467, 5290
2.0519089698791504, 5289
2.054899215698242, 5288
2.0558974742889404, 5287
2.059887170791626, 5286
2.068862199783325, 5285
2.069859504699707, 5284
2.0728516578674316, 5283
2.0728516578674316, 5282
2.077838182449341, 5281
2.078835964202881, 5280
2.079836368560791, 5279
2.0937955379486084, 5278
2.0977866649627686, 5277
2.100778579711914, 5276
2.1077589988708496, 5275
2.1087565422058105, 5274
2.112745523452759, 5273
2.123716354370117, 5272
2.123716354370117, 5271
2.1297006607055664, 5270
2.1475002765655518, 5269
2.1484975814819336, 5268
2.152487277984619, 5267
2.15448260307312, 5266
2.1554791927337646, 5265
2.1554791927337646, 5264
2.1554791927337646, 5263
2.1554791927337646, 5262
2.1764230728149414, 5261
2.1784186363220215, 5260
2.200359582901001, 5259
2.2013566493988037, 5258
2.2013566493988037, 5257
2.2023534774780273, 5256
2.2033510208129883, 5255
2.2103323936462402, 5254
2.216315984725952, 5253
2.2332708835601807, 5252
2.2352657318115234, 5251
2.238257646560669, 5250
2.239267349243164, 5249
2.239267349243164, 5248
2.241533041000366, 5247
2.243485689163208, 5246
2.2584457397460938, 5245
2.2694787979125977, 5244
2.2714734077453613, 5243
2.272472381591797, 5242
2.272472381591797, 5241
2.2844808101654053, 5240
2.285478353500366, 5239
2.285478353500366, 5238
2.286475896835327, 5237
2.28747296333313, 5236
2.28747296333313, 5235
2.2884697914123535, 5234
2.2894675731658936, 5233
2.2894675731658936, 5232
2.2904653549194336, 5231
2.293456792831421, 5230
2.306469440460205, 5229
2.307466745376587, 5228
2.307466745376587, 5227
2.3104586601257324, 5226
2.311457633972168, 5225
2.3124537467956543, 5224
2.313450813293457, 5223
2.314448118209839, 5222
2.3154454231262207, 5221
2.3154454231262207, 5220
2.3164427280426025, 5219
2.3164427280426025, 5218
2.3164427280426025, 5217
2.3164427280426025, 5216
2.3174400329589844, 5215
2.3174400329589844, 5214
2.3204381465911865, 5213
2.3254189491271973, 5212
2.326416254043579, 5211
2.326416254043579, 5210
2.329408645629883, 5209
2.3304054737091064, 5208
2.3314037322998047, 5207
2.3314037322998047, 5206
2.3314037322998047, 5205
2.332400321960449, 5204
2.332400321960449, 5203
2.332400321960449, 5202
2.333397626876831, 5201
2.333397626876831, 5200
2.334394693374634, 5199
2.337419271469116, 5198
2.3393828868865967, 5197
2.3393828868865967, 5196
2.340379238128662, 5195
2.3473925590515137, 5194
2.3483924865722656, 5193
2.3533775806427, 5192
2.356370687484741, 5191
2.3573663234710693, 5190
2.360358715057373, 5189
2.360358715057373, 5188
2.3693015575408936, 5187
2.3693015575408936, 5186
2.3693015575408936, 5185
2.3693015575408936, 5184
2.3702986240386963, 5183
2.3702986240386963, 5182
2.3712966442108154, 5181
2.3712966442108154, 5180
2.372293472290039, 5179
2.3762826919555664, 5178
2.3772799968719482, 5177
2.378277540206909, 5176
2.379276752471924, 5175
2.3832669258117676, 5174
2.392241954803467, 5173
2.392241954803467, 5172
2.3942368030548096, 5171
2.4002199172973633, 5170
2.4012176990509033, 5169
2.402214288711548, 5168
2.4032115936279297, 5167
2.4042088985443115, 5166
2.4052062034606934, 5165
2.410226821899414, 5164
2.410226821899414, 5163
2.411222219467163, 5162
2.411222219467163, 5161
2.411222219467163, 5160
2.413217544555664, 5159
2.413217544555664, 5158
2.417205810546875, 5157
2.4181714057922363, 5156
2.4181714057922363, 5155
2.420203447341919, 5154
2.4271795749664307, 5153
2.4291744232177734, 5152
2.4291744232177734, 5151
2.430171251296997, 5150
2.4311373233795166, 5149
2.432166337966919, 5148
2.4331631660461426, 5147
2.4381179809570312, 5146
2.44014573097229, 5145
2.4460983276367188, 5144
2.4470951557159424, 5143
2.448124885559082, 5142
2.4491212368011475, 5141
2.450119972229004, 5140
2.4510841369628906, 5139
2.4521164894104004, 5138
2.4531102180480957, 5137
2.45510196685791, 5136
2.458064556121826, 5135
2.460094928741455, 5134
2.461057186126709, 5133
2.469069480895996, 5132
2.469069480895996, 5131
2.470064640045166, 5130
2.470064640045166, 5129
2.4710311889648438, 5128
2.4710311889648438, 5127
2.4710311889648438, 5126
2.4710311889648438, 5125
2.4760522842407227, 5124
2.4760522842407227, 5123
2.4760522842407227, 5122
2.477046251296997, 5121
2.480013847351074, 5120
2.4810056686401367, 5119
2.4820022583007812, 5118
2.4849939346313477, 5117
2.4869885444641113, 5116
2.4909772872924805, 5115
2.4920096397399902, 5114
2.4920096397399902, 5113
2.493007183074951, 5112
2.494004487991333, 5111
2.49599552154541, 5110
2.503969430923462, 5109
2.5049729347229004, 5108
2.5049729347229004, 5107
2.5059709548950195, 5106
2.512950897216797, 5105
2.512950897216797, 5104
2.5139496326446533, 5103
2.5139496326446533, 5102
2.5258827209472656, 5101
2.5338613986968994, 5100
2.5338613986968994, 5099
2.535856008529663, 5098
2.536853313446045, 5097
2.5398459434509277, 5096
2.5408432483673096, 5095
2.5418405532836914, 5094
2.5448319911956787, 5093
2.5458295345306396, 5092
2.5458295345306396, 5091
2.5528106689453125, 5090
2.5538082122802734, 5089
2.554805278778076, 5088
2.556800365447998, 5087
2.557797431945801, 5086
2.56378173828125, 5085
2.5647788047790527, 5084
2.5647788047790527, 5083
2.5657758712768555, 5082
2.5657758712768555, 5081
2.5667734146118164, 5080
2.5677707195281982, 5079
2.569765329360962, 5078
2.5727574825286865, 5077
2.5727574825286865, 5076
2.57475209236145, 5075
2.579739570617676, 5074
2.579739570617676, 5073
2.5807361602783203, 5072
2.5807361602783203, 5071
2.5817337036132812, 5070
2.583728313446045, 5069
2.5847253799438477, 5068
2.5857226848602295, 5067
2.588715076446533, 5066
2.588715076446533, 5065
2.589712142944336, 5064
2.589712142944336, 5063
2.589712142944336, 5062
2.590709686279297, 5061
2.594698905944824, 5060
2.5976908206939697, 5059
2.5986886024475098, 5058
2.5996861457824707, 5057
2.5996861457824707, 5056
2.5996861457824707, 5055
2.6006839275360107, 5054
2.6006839275360107, 5053
2.6006839275360107, 5052
2.602677345275879, 5051
2.6046721935272217, 5050
2.6066668033599854, 5049
2.607664108276367, 5048
2.6216273307800293, 5047
2.622624158859253, 5046
2.6256163120269775, 5045
2.6266133785247803, 5044
2.627610683441162, 5043
2.627610683441162, 5042
2.628607988357544, 5041
2.630603313446045, 5040
2.6316006183624268, 5039
2.6316006183624268, 5038
2.6316006183624268, 5037
2.6325974464416504, 5036
2.6325974464416504, 5035
2.6325974464416504, 5034
2.6335947513580322, 5033
2.634592056274414, 5032
2.635589361190796, 5031
2.6395795345306396, 5030
2.6395795345306396, 5029
2.642570734024048, 5028
2.643568277359009, 5027
2.6465601921081543, 5026
2.6465601921081543, 5025
2.648555278778076, 5024
2.649552583694458, 5023
2.654538869857788, 5022
2.65553617477417, 5021
2.6565332412719727, 5020
2.6724908351898193, 5019
2.673488140106201, 5018
2.674485445022583, 5017
2.675482749938965, 5016
2.6794726848602295, 5015
2.681467294692993, 5014
2.6834616661071777, 5013
2.6844587326049805, 5012
2.687450647354126, 5011
2.6894454956054688, 5010
2.6894454956054688, 5009
2.6924374103546143, 5008
2.693434715270996, 5007
2.694432020187378, 5006
2.6974241733551025, 5005
2.6974241733551025, 5004
2.6994197368621826, 5003
2.7034082412719727, 5002
2.7044053077697754, 5001
2.7083945274353027, 5000
2.7093923091888428, 4999
2.7113871574401855, 4998
2.712383985519409, 4997
2.713381290435791, 4996
2.714378833770752, 4995
2.715376138687134, 4994
2.7173707485198975, 4993
2.7183680534362793, 4992
2.7193682193756104, 4991
2.7203638553619385, 4990
2.721360206604004, 4989
2.7223575115203857, 4988
2.7243521213531494, 4987
2.7253494262695312, 4986
2.726346731185913, 4985
2.727344036102295, 4984
2.7283413410186768, 4983
2.7313342094421387, 4982
2.7313342094421387, 4981
2.733327865600586, 4980
2.734325408935547, 4979
2.7353227138519287, 4978
2.7363200187683105, 4977
2.7373175621032715, 4976
2.7423040866851807, 4975
2.7433013916015625, 4974
2.7442986965179443, 4973
2.7442986965179443, 4972
2.745296001434326, 4971
2.746293306350708, 4970
2.74729061126709, 4969
2.752277374267578, 4968
2.75327467918396, 4967
2.75327467918396, 4966
2.75327467918396, 4965
2.7542717456817627, 4964
2.7552692890167236, 4963
2.7552692890167236, 4962
2.7562665939331055, 4961
2.7582614421844482, 4960
2.7632501125335693, 4959
2.7642476558685303, 4958
2.765244722366333, 4957
2.7672390937805176, 4956
2.7682361602783203, 4955
2.770231246948242, 4954
2.771228551864624, 4953
2.7732229232788086, 4952
2.7752180099487305, 4951
2.779207944869995, 4950
2.7812016010284424, 4949
2.784193992614746, 4948
2.7861900329589844, 4947
2.792172431945801, 4946
2.794167995452881, 4945
2.8061351776123047, 4944
2.8081295490264893, 4943
2.80912709236145, 4942
2.80912709236145, 4941
2.810124635696411, 4940
2.811121702194214, 4939
2.811121702194214, 4938
2.8141136169433594, 4937
2.816108226776123, 4936
2.817105770111084, 4935
2.817105770111084, 4934
2.818103075027466, 4933
2.819101572036743, 4932
2.819101572036743, 4931
2.820098638534546, 4930
2.8220930099487305, 4929
2.823090076446533, 4928
2.8270835876464844, 4927
2.8270835876464844, 4926
2.829073429107666, 4925
2.831068515777588, 4924
2.832066297531128, 4923
2.8380496501922607, 4922
2.839048147201538, 4921
2.843036413192749, 4920
2.844033718109131, 4919
2.8460285663604736, 4918
2.8460285663604736, 4917
2.8510138988494873, 4916
2.8530097007751465, 4915
2.8540072441101074, 4914
2.859992265701294, 4913
2.859992265701294, 4912
2.8609888553619385, 4911
2.8609888553619385, 4910
2.862982988357544, 4909
2.864978075027466, 4908
2.8669724464416504, 4907
2.869964122772217, 4906
2.8739535808563232, 4905
2.8739535808563232, 4904
2.8749523162841797, 4903
2.8779430389404297, 4902
2.878941059112549, 4901
2.878941059112549, 4900
2.878941059112549, 4899
2.8809361457824707, 4898
2.882930040359497, 4897
2.889909267425537, 4896
2.889909267425537, 4895
2.890907049179077, 4894
2.89190411567688, 4893
2.89190411567688, 4892
2.8929011821746826, 4891
2.8929011821746826, 4890
2.8938984870910645, 4889
2.8938984870910645, 4888
2.8938984870910645, 4887
2.8948960304260254, 4886
2.8948960304260254, 4885
2.8948960304260254, 4884
2.9008829593658447, 4883
2.9028759002685547, 4882
2.9048709869384766, 4881
2.9058680534362793, 4880
2.907862663269043, 4879
2.9098575115203857, 4878
2.9128828048706055, 4877
2.9138779640197754, 4876
2.9148778915405273, 4875
2.915872573852539, 4874
2.917865037918091, 4873
2.918833017349243, 4872
2.919863700866699, 4871
2.92185640335083, 4870
2.9308013916015625, 4869
2.942769765853882, 4868
2.9437673091888428, 4867
2.9437673091888428, 4866
2.9457616806030273, 4865
2.947756290435791, 4864
2.949751377105713, 4863
2.951746702194214, 4862
2.953740358352661, 4861
2.9567325115203857, 4860
2.9587273597717285, 4859
2.960724353790283, 4858
2.967703104019165, 4857
2.967703104019165, 4856
2.9696977138519287, 4855
2.9716947078704834, 4854
2.9726898670196533, 4853
2.9756815433502197, 4852
2.9776763916015625, 4851
2.979670763015747, 4850
2.9806666374206543, 4849
2.9926352500915527, 4848
2.9966259002685547, 4847
2.9986205101013184, 4846
3.0006141662597656, 4845
3.0026097297668457, 4844
3.0046043395996094, 4843
3.006598949432373, 4842
3.021559476852417, 4841
3.0225565433502197, 4840
3.0235538482666016, 4839
3.0255486965179443, 4838
3.0295376777648926, 4837
3.0295376777648926, 4836
3.0305352210998535, 4835
3.0315330028533936, 4834
3.0315330028533936, 4833
3.032529592514038, 4832
3.03352689743042, 4831
3.0345242023468018, 4830
3.0365188121795654, 4829
3.0375161170959473, 4828
3.0395123958587646, 4827
3.0484867095947266, 4826
3.0504822731018066, 4825
3.0504822731018066, 4824
3.0514791011810303, 4823
3.0524752140045166, 4822
3.0564651489257812, 4821
3.057462215423584, 4820
3.0584590435028076, 4819
3.060455560684204, 4818
3.0614521503448486, 4817
3.0624494552612305, 4816
3.064443349838257, 4815
3.0654406547546387, 4814
3.0664379596710205, 4813
3.0674352645874023, 4812
3.0684335231781006, 4811
3.070427179336548, 4810
3.0714259147644043, 4809
3.0724220275878906, 4808
3.0734193325042725, 4807
3.0774085521698, 4806
3.0774085521698, 4805
3.081397533416748, 4804
3.081397533416748, 4803
3.0873827934265137, 4802
3.0893776416778564, 4801
3.0903749465942383, 4800
3.092369556427002, 4799
3.0993518829345703, 4798
3.0993518829345703, 4797
3.0993518829345703, 4796
3.100348472595215, 4795
3.1023430824279785, 4794
3.119298219680786, 4793
3.120372772216797, 4792
3.1222894191741943, 4791
3.1232872009277344, 4790
3.1272764205932617, 4789
3.1272764205932617, 4788
3.1282734870910645, 4787
3.1292707920074463, 4786
3.1342577934265137, 4785
3.1352548599243164, 4784
3.1352548599243164, 4783
3.137249708175659, 4782
3.1392455101013184, 4781
3.140242338180542, 4780
3.1422362327575684, 4779
3.144231081008911, 4778
3.145228147506714, 4777
3.147223472595215, 4776
3.1482203006744385, 4775
3.150214910507202, 4774
3.152209520339966, 4773
3.1561989784240723, 4772
3.1621828079223633, 4771
3.1621828079223633, 4770
3.1631805896759033, 4769
3.1671693325042725, 4768
3.1681671142578125, 4767
3.1681671142578125, 4766
3.1691641807556152, 4765
3.17814040184021, 4764
3.1791398525238037, 4763
3.1791398525238037, 4762
3.1791398525238037, 4761
3.181135892868042, 4760
3.1821296215057373, 4759
3.1871161460876465, 4758
3.1891117095947266, 4757
3.190108060836792, 4756
3.1911046504974365, 4755
3.193100690841675, 4754
3.196092367172241, 4753
3.197089672088623, 4752
3.197089672088623, 4751
3.198086738586426, 4750
3.1990842819213867, 4749
3.1990842819213867, 4748
3.2030739784240723, 4747
3.2050681114196777, 4746
3.2060656547546387, 4745
3.212049961090088, 4744
3.212049961090088, 4743
3.2130470275878906, 4742
3.2150416374206543, 4741
3.217036724090576, 4740
3.2180335521698, 4739
3.220029354095459, 4738
3.2210261821746826, 4737
3.223020553588867, 4736
3.224017858505249, 4735
3.2319960594177246, 4734
3.2395334243774414, 4733
3.2444751262664795, 4732
3.246469736099243, 4731
3.2484633922576904, 4730
3.249974250793457, 4729
3.25495982170105, 4728
3.25495982170105, 4727
3.2559566497802734, 4726
3.2559566497802734, 4725
3.2569539546966553, 4724
3.257951498031616, 4723
3.2589478492736816, 4722
3.2589478492736816, 4721
3.2589478492736816, 4720
3.2599964141845703, 4719
3.260950803756714, 4718
3.260950803756714, 4717
3.261948585510254, 4716
3.2629451751708984, 4715
3.2629451751708984, 4714
3.2639424800872803, 4713
3.264940023422241, 4712
3.264940023422241, 4711
3.265937089920044, 4710
3.266934394836426, 4709
3.266934394836426, 4708
3.2689290046691895, 4707
3.2699248790740967, 4706
3.270922899246216, 4705
3.270922899246216, 4704
3.270922899246216, 4703
3.3048384189605713, 4702
3.3058359622955322, 4701
3.3058359622955322, 4700
3.3058359622955322, 4699
3.319801092147827, 4698
3.319801092147827, 4697
3.327777147293091, 4696
3.338750123977661, 4695
3.339747905731201, 4694
3.339747905731201, 4693
3.3427391052246094, 4692
3.3597259521484375, 4691
3.3666954040527344, 4690
3.3676934242248535, 4689
3.3686904907226562, 4688
3.379678726196289, 4687
3.3836629390716553, 4686
3.3846607208251953, 4685
3.404606819152832, 4684
3.404606819152832, 4683
3.452483892440796, 4682
3.4534809589385986, 4681
3.4544782638549805, 4680
3.4554755687713623, 4679
3.456474542617798, 4678
3.4664454460144043, 4677
3.4853947162628174, 4676
3.4853947162628174, 4675
3.4853947162628174, 4674
3.494370937347412, 4673
3.52728271484375, 4672
3.528280258178711, 4671
3.5292773246765137, 4670
3.5312728881835938, 4669
3.553213596343994, 4668
3.554210901260376, 4667
3.5591983795166016, 4666
3.5601961612701416, 4665
3.5751547813415527, 4664
3.5751547813415527, 4663
3.5791447162628174, 4662
3.5921099185943604, 4661
3.6090643405914307, 4660
3.61405086517334, 4659
3.621032238006592, 4658
3.6280133724212646, 4657
3.654512882232666, 4656
3.658501625061035, 4655
3.658501625061035, 4654
3.674459934234619, 4653
3.674459934234619, 4652
3.6844329833984375, 4651
3.7043797969818115, 4650
3.7103636264801025, 4649
3.7313075065612793, 4648
3.7323057651519775, 4647
3.734299659729004, 4646
3.735297679901123, 4645
3.7597453594207764, 4644
3.7757012844085693, 4643
3.7916579246520996, 4642
3.7976410388946533, 4641
3.8145956993103027, 4640
3.8145956993103027, 4639
3.820580244064331, 4638
3.8235719203948975, 4637
3.828559160232544, 4636
3.8465449810028076, 4635
3.8465449810028076, 4634
3.8505332469940186, 4633
3.8585126399993896, 4632
3.859510898590088, 4631
3.8605425357818604, 4630
3.8844783306121826, 4629
3.8994033336639404, 4628
3.9004013538360596, 4627
3.9273295402526855, 4626
3.929324150085449, 4625
3.9422876834869385, 4624
3.9442827701568604, 4623
3.945279836654663, 4622
3.9502663612365723, 4621
3.953291177749634, 4620
3.953291177749634, 4619
3.953291177749634, 4618
3.9592432975769043, 4617
3.9622693061828613, 4616
3.9622693061828613, 4615
3.9672510623931885, 4614
3.970247507095337, 4613
3.983213186264038, 4612
3.983213186264038, 4611
3.991187334060669, 4610
4.005121469497681, 4609
4.005121469497681, 4608
4.007116079330444, 4607
4.008113145828247, 4606
4.014097452163696, 4605
4.0330469608306885, 4604
4.035041570663452, 4603
4.052029609680176, 4602
4.067986488342285, 4601
4.069979667663574, 4600
4.0749664306640625, 4599
4.078923940658569, 4598
4.078923940658569, 4597
4.079954624176025, 4596
4.085936546325684, 4595
4.099902868270874, 4594
4.131817102432251, 4593
4.1328113079071045, 4592
4.1856369972229, 4591
4.194612979888916, 4590
4.203589200973511, 4589
4.217996597290039, 4588
4.218549489974976, 4587
4.227524995803833, 4586
4.234506368637085, 4585
4.238495588302612, 4584
4.244480133056641, 4583
4.250988245010376, 4582
4.251967906951904, 4581
4.252964735031128, 4580
4.294334650039673, 4579
4.303229093551636, 4578
4.304227113723755, 4577
4.304227113723755, 4576
4.3052239418029785, 4575
4.3062217235565186, 4574
4.316161870956421, 4573
4.323143482208252, 4572
4.372361660003662, 4571
4.372361660003662, 4570
4.384331464767456, 4569
4.384331464767456, 4568
4.385328054428101, 4567
4.426374435424805, 4566
4.426374435424805, 4565
4.427371978759766, 4564
4.437431335449219, 4563
4.476552486419678, 4562
4.477550029754639, 4561
4.480542898178101, 4560
4.505474805831909, 4559
4.509464502334595, 4558
4.523427248001099, 4557
4.5294129848480225, 4556
4.530409336090088, 4555
4.536392450332642, 4554
4.561596393585205, 4553
4.574561834335327, 4552
4.574561834335327, 4551
4.5785510540008545, 4550
4.587526082992554, 4549
4.594508647918701, 4548
4.608473539352417, 4547
4.609468460083008, 4546
4.615450620651245, 4545
4.6664159297943115, 4544
4.6743621826171875, 4543
4.680346250534058, 4542
4.685365438461304, 4541
4.6893556118011475, 4540
4.690351963043213, 4539
4.695340156555176, 4538
4.705420970916748, 4537
4.709410190582275, 4536
4.716358661651611, 4535
4.720348358154297, 4534
4.721345901489258, 4533
4.731351375579834, 4532
4.740330696105957, 4531
4.740330696105957, 4530
4.754290580749512, 4529
4.7552876472473145, 4528
4.772244930267334, 4527
4.7881669998168945, 4526
4.7881669998168945, 4525
4.815127849578857, 4524
4.8171226978302, 4523
4.837212800979614, 4522
4.8412024974823, 4521
4.8412024974823, 4520
4.873116731643677, 4519
4.888079881668091, 4518
4.901073455810547, 4517
4.914005279541016, 4516
4.923979043960571, 4515
4.923979043960571, 4514
4.924976587295532, 4513
4.935947895050049, 4512
4.958886384963989, 4511
4.959885597229004, 4510
4.968860149383545, 4509
4.9848175048828125, 4508
4.985814809799194, 4507
4.994791030883789, 4506
4.994791030883789, 4505
5.005762100219727, 4504
5.0167317390441895, 4503
5.0167317390441895, 4502
5.021717309951782, 4501
5.021717309951782, 4500
5.050639867782593, 4499
5.05562686920166, 4498
5.06460428237915, 4497
5.069591045379639, 4496
5.075575113296509, 4495
5.0805604457855225, 4494
5.106491327285767, 4493
5.106491327285767, 4492
5.114469051361084, 4491
5.116464138031006, 4490
5.1473822593688965, 4489
5.171319246292114, 4488
5.179297924041748, 4487
5.1842827796936035, 4486
5.188272714614868, 4485
5.199244499206543, 4484
5.199244499206543, 4483
5.202234745025635, 4482
5.214202642440796, 4481
5.231157541275024, 4480
5.231157541275024, 4479
5.255093336105347, 4478
5.2690558433532715, 4477
5.275039911270142, 4476
5.276037216186523, 4475
5.282021999359131, 4474
5.286010503768921, 4473
5.309948205947876, 4472
5.31294059753418, 4471
5.323911190032959, 4470
5.324908494949341, 4469
5.332885265350342, 4468
5.333882808685303, 4467
5.333882808685303, 4466
5.345850467681885, 4465
5.359813928604126, 4464
5.363802671432495, 4463
5.363802671432495, 4462
5.365797281265259, 4461
5.381789207458496, 4460
5.381789207458496, 4459
5.382785081863403, 4458
5.391728162765503, 4457
5.392725229263306, 4456
5.42962646484375, 4455
5.431621551513672, 4454
5.444586515426636, 4453
5.447578430175781, 4452
5.461542129516602, 4451
5.461542129516602, 4450
5.462538480758667, 4449
5.46951961517334, 4448
5.473509311676025, 4447
5.473509311676025, 4446
5.476500988006592, 4445
5.5044262409210205, 4444
5.5044262409210205, 4443
5.507418394088745, 4442
5.522378444671631, 4441
5.523376226425171, 4440
5.523376226425171, 4439
5.532351732254028, 4438
5.532351732254028, 4437
5.540331602096558, 4436
5.54132866859436, 4435
5.550305604934692, 4434
5.573276519775391, 4433
5.573276519775391, 4432
5.573276519775391, 4431
5.5762670040130615, 4430
5.57726526260376, 4429
5.585245370864868, 4428
5.613135814666748, 4427
5.628095865249634, 4426
5.633082389831543, 4425
5.647045612335205, 4424
5.704893589019775, 4423
5.704893589019775, 4422
5.70987868309021, 4421
5.7228429317474365, 4420
5.726833343505859, 4419
5.735809803009033, 4418
5.736806392669678, 4417
5.760757684707642, 4416
5.776711463928223, 4415
5.804638624191284, 4414
5.811624765396118, 4413
5.814616441726685, 4412
5.8535380363464355, 4411
5.854535341262817, 4410
5.864516496658325, 4409
5.865513801574707, 4408
5.8784825801849365, 4407
5.892962694168091, 4406
5.892962694168091, 4405
5.89794921875, 4404
5.901939153671265, 4403
5.9608001708984375, 4402
5.969820499420166, 4401
5.9807562828063965, 4400
5.9807562828063965, 4399
5.9807562828063965, 4398
5.981755256652832, 4397
5.984745979309082, 4396
5.98973274230957, 4395
6.002707004547119, 4394
6.002707004547119, 4393
6.003704309463501, 4392
6.003704309463501, 4391
6.007693290710449, 4390
6.007693290710449, 4389
6.014674663543701, 4388
6.014674663543701, 4387
6.022653579711914, 4386
6.023650884628296, 4385
6.023650884628296, 4384
6.046589612960815, 4383
6.059557199478149, 4382
6.060552597045898, 4381
6.063576936721802, 4380
6.069563150405884, 4379
6.070525646209717, 4378
6.085487127304077, 4377
6.09845232963562, 4376
6.0994508266448975, 4375
6.0994508266448975, 4374
6.0994508266448975, 4373
6.0994508266448975, 4372
6.101444721221924, 4371
6.102441787719727, 4370
6.1243815422058105, 4369
6.125378847122192, 4368
6.1553003787994385, 4367
6.170260667800903, 4366
6.191204786300659, 4365
6.237079858779907, 4364
6.237079858779907, 4363
6.237079858779907, 4362
6.261017799377441, 4361
6.266004323959351, 4360
6.266004323959351, 4359
6.276975154876709, 4358
6.279968023300171, 4357
6.291935443878174, 4356
6.291935443878174, 4355
6.304900407791138, 4354
6.314873695373535, 4353
6.320856332778931, 4352
6.332824945449829, 4351
6.340802907943726, 4350
6.350776195526123, 4349
6.371720552444458, 4348
6.383687973022461, 4347
6.414638519287109, 4346
6.415632963180542, 4345
6.415632963180542, 4344
6.416632652282715, 4343
6.42560887336731, 4342
6.448514699935913, 4341
6.496386766433716, 4340
6.542263984680176, 4339
6.579165697097778, 4338
6.5901360511779785, 4337
6.655960559844971, 4336
6.673912763595581, 4335
6.682888746261597, 4334
6.70483136177063, 4333
6.726778030395508, 4332
6.738746166229248, 4331
6.754703044891357, 4330
6.75570011138916, 4329
6.760687828063965, 4328
6.765673637390137, 4327
6.815053701400757, 4326
6.81605076789856, 4325
6.861415147781372, 4324
6.872413873672485, 4323
6.872413873672485, 4322
6.915605306625366, 4321
6.936556100845337, 4320
6.937553405761719, 4319
7.002476930618286, 4318
7.003473997116089, 4317
7.008460521697998, 4316
7.009458065032959, 4315
7.0575103759765625, 4314
7.075465202331543, 4313
7.076465129852295, 4312
7.127295255661011, 4311
7.132282018661499, 4310
7.134275913238525, 4309
7.134275913238525, 4308
7.134275913238525, 4307
7.14125657081604, 4306
7.145245552062988, 4305
7.148238182067871, 4304
7.150232315063477, 4303
7.158717632293701, 4302
7.170685768127441, 4301
7.170685768127441, 4300
7.192628383636475, 4299
7.222548246383667, 4298
7.231525182723999, 4297
7.231525182723999, 4296
7.231525182723999, 4295
7.231525182723999, 4294
7.2325217723846436, 4293
7.257454872131348, 4292
7.271416425704956, 4291
7.273412466049194, 4290
7.310312032699585, 4289
7.315298795700073, 4288
7.331257104873657, 4287
7.342226505279541, 4286
7.346249103546143, 4285
7.4050586223602295, 4284
7.421019077301025, 4283
7.427999019622803, 4282
7.442959308624268, 4281
7.4609129428863525, 4280
7.4609129428863525, 4279
7.461909055709839, 4278
7.4698872566223145, 4277
7.506788492202759, 4276
7.51077675819397, 4275
7.522745609283447, 4274
7.522745609283447, 4273
7.6484081745147705, 4272
7.667356967926025, 4271
7.753127813339233, 4270
7.753127813339233, 4269
7.783047914505005, 4268
7.790029048919678, 4267
7.806983947753906, 4266
7.914697647094727, 4265
7.916692018508911, 4264
7.9356396198272705, 4263
7.9825146198272705, 4262
8.046343803405762, 4261
8.10319185256958, 4260
8.10319185256958, 4259
8.120146751403809, 4258
8.15006709098816, 4257
8.15006709098816, 4256
8.151065111160278, 4255
8.196943044662476, 4254
8.233843803405762, 4253
8.234841108322144, 4252
8.251796245574951, 4251
8.259775876998901, 4250
8.272740125656128, 4249
8.272740125656128, 4248
8.307653188705444, 4247
8.330591917037964, 4246
8.386442422866821, 4245
8.388436794281006, 4244
8.392426013946533, 4243
8.39641523361206, 4242
8.427044868469238, 4241
8.543733596801758, 4240
8.562682867050171, 4239
8.571659088134766, 4238
8.576645612716675, 4237
8.600582599639893, 4236
8.622523546218872, 4235
8.630501985549927, 4234
8.693294525146484, 4233
8.694291830062866, 4232
8.694291830062866, 4231
8.703271865844727, 4230
8.709255933761597, 4229
8.788734912872314, 4228
8.802697658538818, 4227
8.802697658538818, 4226
8.83860158920288, 4225
8.839599609375, 4224
8.839599609375, 4223
8.866559743881226, 4222
8.877530097961426, 4221
8.913469076156616, 4220
8.926401138305664, 4219
8.93441104888916, 4218
8.964331865310669, 4217
8.98136591911316, 4216
8.986352682113647, 4215
8.990340948104858, 4214
9.015276193618774, 4213
9.015276193618774, 4212
9.035220623016357, 4211
9.053142309188843, 4210
9.075325727462769, 4209
9.145137310028076, 4208
9.192517757415771, 4207
9.19750428199768, 4206
9.19750428199768, 4205
9.224432468414307, 4204
9.231414079666138, 4203
9.294245719909668, 4202
9.302224397659302, 4201
9.339126825332642, 4200
9.342118501663208, 4199
9.34311556816101, 4198
9.392981767654419, 4197
9.429882764816284, 4196
9.430880546569824, 4195
9.483738899230957, 4194
9.532608032226562, 4193
9.552555561065674, 4192
9.552555561065674, 4191
9.561532258987427, 4190
9.56252908706665, 4189
9.570512294769287, 4188
9.603420972824097, 4187
9.649297952651978, 4186
9.691184759140015, 4185
9.697168111801147, 4184
9.702154874801636, 4183
9.7041494846344, 4182
9.748064517974854, 4181
9.75704050064087, 4180
9.75704050064087, 4179
9.75704050064087, 4178
9.769975662231445, 4177
9.856741428375244, 4176
9.889653444290161, 4175
9.966449737548828, 4174
10.02030611038208, 4173
10.027287244796753, 4172
10.035265684127808, 4171
10.049259424209595, 4170
10.050256252288818, 4169
10.050256252288818, 4168
10.105621099472046, 4167
10.136536598205566, 4166
10.136536598205566, 4165
10.171443700790405, 4164
10.174435377120972, 4163
10.210350275039673, 4162
10.234317302703857, 4161
10.23631501197815, 4160
10.23631501197815, 4159
10.23631501197815, 4158
10.241266965866089, 4157
10.25426983833313, 4156
10.279167652130127, 4155
10.296127796173096, 4154
10.299121618270874, 4153
10.329038381576538, 4152
10.361950874328613, 4151
10.361950874328613, 4150
10.372920751571655, 4149
10.377907276153564, 4148
10.377907276153564, 4147
10.379902839660645, 4146
10.394861936569214, 4145
10.400846719741821, 4144
10.452707529067993, 4143
10.472655534744263, 4142
10.496599435806274, 4141
10.498594760894775, 4140
10.500589847564697, 4139
10.51953911781311, 4138
10.536492586135864, 4137
10.549457788467407, 4136
10.550455093383789, 4135
10.605594635009766, 4134
10.606589794158936, 4133
10.620530128479004, 4132
10.690397024154663, 4131
10.760453462600708, 4130
10.767433643341064, 4129
10.78846549987793, 4128
10.792455196380615, 4127
10.793452501296997, 4126
10.797439813613892, 4125
10.845313549041748, 4124
10.85827898979187, 4123
10.869250059127808, 4122
10.873239040374756, 4121
10.875233888626099, 4120
10.912639856338501, 4119
10.912639856338501, 4118
10.913637161254883, 4117
10.918624639511108, 4116
10.92859697341919, 4115
11.530986547470093, 4114
11.530986547470093, 4113
11.541991710662842, 4112
11.542956829071045, 4111
11.547973871231079, 4110
11.917463302612305, 4109
11.930647373199463, 4108
11.941445589065552, 4107
12.312419652938843, 4106
12.348869323730469, 4105
12.358808517456055, 4104
12.514935493469238, 4103
12.514935493469238, 4102
12.595196008682251, 4101
12.615142583847046, 4100
12.641611337661743, 4099
12.642608880996704, 4098
12.65258264541626, 4097
12.660561323165894, 4096
12.669539451599121, 4095
12.673526287078857, 4094
12.696463108062744, 4093
12.71741271018982, 4092
12.777248620986938, 4091
12.777248620986938, 4090
12.777248620986938, 4089
12.835098266601562, 4088
12.84207558631897, 4087
12.843076705932617, 4086
12.883930921554565, 4085
12.894901514053345, 4084
13.185127019882202, 4083
13.201084852218628, 4082
13.322758913040161, 4081
13.343703508377075, 4080
13.344700574874878, 4079
13.346695184707642, 4078
13.346695184707642, 4077
13.347692489624023, 4076
13.347692489624023, 4075
13.39456844329834, 4074
13.400550603866577, 4073
13.40154767036438, 4072
13.415510177612305, 4071
13.467372179031372, 4070
13.691771268844604, 4069
13.746623992919922, 4068
13.746623992919922, 4067
13.747621536254883, 4066
13.747621536254883, 4065
13.747621536254883, 4064
13.791504383087158, 4063
13.82746696472168, 4062
13.82846450805664, 4061
13.82946252822876, 4060
13.830460548400879, 4059
13.872924327850342, 4058
13.876913785934448, 4057
13.95068621635437, 4056
13.998557090759277, 4055
14.008531093597412, 4054
14.010525941848755, 4053
14.023524522781372, 4052
14.056402683258057, 4051
14.082331657409668, 4050
14.172338724136353, 4049
14.183305978775024, 4048
14.204216957092285, 4047
14.204216957092285, 4046
14.221171855926514, 4045
14.22915005683899, 4044
14.231145143508911, 4043
14.293486595153809, 4042
14.293486595153809, 4041
14.308446884155273, 4040
14.575732231140137, 4039
14.587699890136719, 4038
14.589694499969482, 4037
14.592686653137207, 4036
14.603657484054565, 4035
14.644547939300537, 4034
14.65751338005066, 4033
14.671476602554321, 4032
14.791160821914673, 4031
14.848005533218384, 4030
14.90787410736084, 4029
15.016553163528442, 4028
15.156179904937744, 4027
15.156179904937744, 4026
15.239469289779663, 4025
15.550158262252808, 4024
15.667843341827393, 4023
15.823889970779419, 4022
15.824451684951782, 4021
15.92377758026123, 4020
16.037981748580933, 4019
16.097310781478882, 4018
16.098307371139526, 4017
16.100302934646606, 4016
16.341166019439697, 4015
16.399012804031372, 4014
16.399012804031372, 4013
16.41496729850769, 4012
16.41596484184265, 4011
16.9725079536438, 4010
16.98946475982666, 4009
17.096145153045654, 4008
17.096145153045654, 4007
17.299619674682617, 4006
17.299619674682617, 4005
17.332536935806274, 4004
17.373427152633667, 4003
17.425288200378418, 4002
17.935903310775757, 4001
18.050627946853638, 4000
18.082509756088257, 3999
18.082509756088257, 3998
18.313892602920532, 3997
18.423598527908325, 3996
18.431577682495117, 3995
18.445539474487305, 3994
18.495405435562134, 3993
18.514354705810547, 3992
18.67193579673767, 3991
18.710829973220825, 3990
18.719807386398315, 3989
18.728783130645752, 3988
18.784631967544556, 3987
18.81056308746338, 3986
31.736262559890747, 3985
32.2444167137146, 3984
32.261372804641724, 3983
34.34320402145386, 3982
34.55064797401428, 3981
35.37057566642761, 3980
36.36914396286011, 3979
36.40604567527771, 3978
37.20594525337219, 3977
37.63453531265259, 3976
40.09210658073425, 3975
41.43510460853577, 3974
42.359673500061035, 3973
44.052180767059326, 3972
44.05516839027405, 3971
44.152875661849976, 3970
44.55246043205261, 3969
44.585371017456055, 3968
44.874629497528076, 3967
46.84007978439331, 3966
46.89194178581238, 3965
48.158201694488525, 3964
48.289849042892456, 3963
49.56201910972595, 3962
50.432650089263916, 3961
50.62413835525513, 3960
51.05402064323425, 3959
52.51462769508362, 3958
52.844253063201904, 3957
56.29016876220703, 3956
57.702895402908325, 3955
58.53559756278992, 3954
59.39965748786926, 3953
60.31880712509155, 3952
61.23887085914612, 3951
68.1470901966095, 3950
68.25089955329895, 3949
68.72056865692139, 3948
68.95394444465637, 3947
71.87079763412476, 3946
