0.05186104774475098, 5605
0.06084036827087402, 5604
0.06579136848449707, 5603
0.07177567481994629, 5602
0.10668349266052246, 5601
0.1076807975769043, 5600
0.1076807975769043, 5599
0.10967469215393066, 5598
0.19148755073547363, 5597
0.19248461723327637, 5596
0.2782249450683594, 5595
0.28025078773498535, 5594
0.2931840419769287, 5593
0.29418063163757324, 5592
0.2951781749725342, 5591
0.2951781749725342, 5590
0.2951781749725342, 5589
0.2951781749725342, 5588
0.2961752414703369, 5587
0.2961752414703369, 5586
0.29717302322387695, 5585
0.29717302322387695, 5584
0.30215907096862793, 5583
0.3819730281829834, 5582
0.3819730281829834, 5581
0.38297128677368164, 5580
0.38297128677368164, 5579
0.42087411880493164, 5578
0.42386722564697266, 5577
0.42486143112182617, 5576
0.4996354579925537, 5575
0.4996354579925537, 5574
0.5006303787231445, 5573
0.5016276836395264, 5572
0.50362229347229, 5571
0.5076117515563965, 5570
0.5096065998077393, 5569
0.5106363296508789, 5568
0.5106363296508789, 5567
0.8836381435394287, 5566
0.8920900821685791, 5565
0.899071216583252, 5564
0.905055046081543, 5563
0.9090442657470703, 5562
0.9100441932678223, 5561
0.9160263538360596, 5560
0.9170234203338623, 5559
0.921013355255127, 5558
0.9469435214996338, 5557
0.9778621196746826, 5556
0.9788579940795898, 5555
0.9788579940795898, 5554
0.979856014251709, 5553
0.979856014251709, 5552
1.0013408660888672, 5551
1.003335952758789, 5550
1.0043306350708008, 5549
1.0063221454620361, 5548
1.0152688026428223, 5547
1.0681602954864502, 5546
1.070152759552002, 5545
1.0721514225006104, 5544
1.0790984630584717, 5543
1.0810935497283936, 5542
1.082122564315796, 5541
1.0901014804840088, 5540
1.0901014804840088, 5539
1.1489434242248535, 5538
1.1489434242248535, 5537
1.149911880493164, 5536
1.165867805480957, 5535
1.1908032894134521, 5534
1.1977839469909668, 5533
1.1987783908843994, 5532
1.2277333736419678, 5531
1.2366771697998047, 5530
1.245652675628662, 5529
1.2466590404510498, 5528
1.2486672401428223, 5527
1.2486672401428223, 5526
1.2546286582946777, 5525
1.2626097202301025, 5524
1.2636067867279053, 5523
1.2636067867279053, 5522
1.2646048069000244, 5521
1.2656011581420898, 5520
1.2725825309753418, 5519
1.2785673141479492, 5518
1.2825558185577393, 5517
1.2865772247314453, 5516
1.2875735759735107, 5515
1.2885730266571045, 5514
1.2885730266571045, 5513
1.2905688285827637, 5512
1.300506353378296, 5511
1.300506353378296, 5510
1.3015036582946777, 5509
1.305492639541626, 5508
1.3064899444580078, 5507
1.3074874877929688, 5506
1.3074874877929688, 5505
1.3104803562164307, 5504
1.3134713172912598, 5503
1.3134713172912598, 5502
1.3174612522125244, 5501
1.3174612522125244, 5500
1.3184587955474854, 5499
1.3184587955474854, 5498
1.3184587955474854, 5497
1.32045316696167, 5496
1.3434247970581055, 5495
1.3593504428863525, 5494
1.3603482246398926, 5493
1.3613455295562744, 5492
1.375307321548462, 5491
1.3763055801391602, 5490
1.3763055801391602, 5489
1.3763055801391602, 5488
1.3773019313812256, 5487
1.3842835426330566, 5486
1.3842835426330566, 5485
1.3882725238800049, 5484
1.3912646770477295, 5483
1.4002749919891357, 5482
1.4002749919891357, 5481
1.401268720626831, 5480
1.4032323360443115, 5479
1.404231071472168, 5478
1.4062247276306152, 5477
1.4072222709655762, 5476
1.4142036437988281, 5475
1.4161982536315918, 5474
1.4241769313812256, 5473
1.4241769313812256, 5472
1.4261722564697266, 5471
1.4351472854614258, 5470
1.447115421295166, 5469
1.4481120109558105, 5468
1.4491097927093506, 5467
1.4650673866271973, 5466
1.467061996459961, 5465
1.4680595397949219, 5464
1.470055341720581, 5463
1.4710514545440674, 5462
1.500971794128418, 5461
1.5019686222076416, 5460
1.5029661655426025, 5459
1.5079529285430908, 5458
1.5079529285430908, 5457
1.5159306526184082, 5456
1.5159306526184082, 5455
1.5159306526184082, 5454
1.5169270038604736, 5453
1.5249061584472656, 5452
1.526904582977295, 5451
1.5338819026947021, 5450
1.540863275527954, 5449
1.542858600616455, 5448
1.548841953277588, 5447
1.5498404502868652, 5446
1.5498404502868652, 5445
1.5508372783660889, 5444
1.5518341064453125, 5443
1.5528314113616943, 5442
1.554825782775879, 5441
1.5558230876922607, 5440
1.5618090629577637, 5439
1.5717825889587402, 5438
1.5747742652893066, 5437
1.575770616531372, 5436
1.5767691135406494, 5435
1.5817556381225586, 5434
1.584747314453125, 5433
1.5877397060394287, 5432
1.648576021194458, 5431
1.6505718231201172, 5430
1.6515679359436035, 5429
1.6515679359436035, 5428
1.6515679359436035, 5427
1.6525650024414062, 5426
1.6525650024414062, 5425
1.6525650024414062, 5424
1.6535634994506836, 5423
1.6535634994506836, 5422
1.65555739402771, 5421
1.6595473289489746, 5420
1.66054368019104, 5419
1.6635351181030273, 5418
1.6645326614379883, 5417
1.6665270328521729, 5416
1.667525053024292, 5415
1.6685221195220947, 5414
1.674506664276123, 5413
1.6755039691925049, 5412
1.6794931888580322, 5411
1.6794931888580322, 5410
1.6804919242858887, 5409
1.6804919242858887, 5408
1.6804919242858887, 5407
1.6814894676208496, 5406
1.6814894676208496, 5405
1.6814894676208496, 5404
1.6814894676208496, 5403
1.684190034866333, 5402
1.6867058277130127, 5401
1.695450782775879, 5400
1.696448564529419, 5399
1.7018678188323975, 5398
1.702432632446289, 5397
1.7064213752746582, 5396
1.7074193954467773, 5395
1.7094130516052246, 5394
1.7104432582855225, 5393
1.7164232730865479, 5392
1.7164232730865479, 5391
1.7164232730865479, 5390
1.7173924446105957, 5389
1.722409963607788, 5388
1.722409963607788, 5387
1.7234077453613281, 5386
1.7244021892547607, 5385
1.727400302886963, 5384
1.7283954620361328, 5383
1.7313549518585205, 5382
1.7323524951934814, 5381
1.7383689880371094, 5380
1.745351791381836, 5379
1.746347427368164, 5378
1.7473127841949463, 5377
1.7493083477020264, 5376
1.7533185482025146, 5375
1.757286548614502, 5374
1.7583155632019043, 5373
1.7583155632019043, 5372
1.7592799663543701, 5371
1.7602810859680176, 5370
1.7602810859680176, 5369
1.7612757682800293, 5368
1.762272596359253, 5367
1.762272596359253, 5366
1.763270378112793, 5365
1.7642674446105957, 5364
1.7702524662017822, 5363
1.7702524662017822, 5362
1.7712490558624268, 5361
1.7712490558624268, 5360
1.7922234535217285, 5359
1.7931902408599854, 5358
1.822113275527954, 5357
1.8231441974639893, 5356
1.8231441974639893, 5355
1.8231441974639893, 5354
1.8241386413574219, 5353
1.826101541519165, 5352
1.8271000385284424, 5351
1.829094648361206, 5350
1.8380696773529053, 5349
1.8380696773529053, 5348
1.8450541496276855, 5347
1.8450541496276855, 5346
1.846048355102539, 5345
1.846048355102539, 5344
1.8490748405456543, 5343
1.8530631065368652, 5342
1.8530631065368652, 5341
1.8530631065368652, 5340
1.8540585041046143, 5339
1.8540585041046143, 5338
1.856053352355957, 5337
1.8570184707641602, 5336
1.8580162525177002, 5335
1.8610079288482666, 5334
1.8610079288482666, 5333
1.8610079288482666, 5332
1.862037181854248, 5331
1.863036870956421, 5330
1.863036870956421, 5329
1.8640315532684326, 5328
1.8650310039520264, 5327
1.8660261631011963, 5326
1.8689861297607422, 5325
1.884979486465454, 5324
1.88993239402771, 5323
1.901411771774292, 5322
1.905400037765503, 5321
1.905400037765503, 5320
1.916369915008545, 5319
1.916369915008545, 5318
1.916369915008545, 5317
1.9263432025909424, 5316
1.9263432025909424, 5315
1.9283370971679688, 5314
1.9303317070007324, 5313
1.9313302040100098, 5312
1.940340518951416, 5311
1.9423003196716309, 5310
1.945324182510376, 5309
1.945324182510376, 5308
1.945324182510376, 5307
1.946321964263916, 5306
1.9483182430267334, 5305
1.9493136405944824, 5304
1.9493136405944824, 5303
1.9572601318359375, 5302
1.9572601318359375, 5301
1.9572601318359375, 5300
1.9582586288452148, 5299
1.9592554569244385, 5298
1.9622464179992676, 5297
1.9642412662506104, 5296
1.9672350883483887, 5295
1.9692277908325195, 5294
1.9702258110046387, 5293
1.972219705581665, 5292
1.9732179641723633, 5291
1.9752116203308105, 5290
1.9772076606750488, 5289
1.9782049655914307, 5288
1.9782049655914307, 5287
1.979203224182129, 5286
1.9821932315826416, 5285
1.9841926097869873, 5284
1.9941940307617188, 5283
1.9951908588409424, 5282
2.0042049884796143, 5281
2.005202531814575, 5280
2.007194995880127, 5279
2.0091605186462402, 5278
2.0111563205718994, 5277
2.01318097114563, 5276
2.0141782760620117, 5275
2.0161731243133545, 5274
2.0241518020629883, 5273
2.0241518020629883, 5272
2.0251529216766357, 5271
2.026146411895752, 5270
2.026146411895752, 5269
2.0291073322296143, 5268
2.0301363468170166, 5267
2.0351240634918213, 5266
2.0370864868164062, 5265
2.046093225479126, 5264
2.047058343887329, 5263
2.053041696548462, 5262
2.0550365447998047, 5261
2.0560338497161865, 5260
2.060030221939087, 5259
2.0610220432281494, 5258
2.067004680633545, 5257
2.072988510131836, 5256
2.0739858150482178, 5255
2.0749833583831787, 5254
2.0889475345611572, 5253
2.0899453163146973, 5252
2.0959293842315674, 5251
2.0979244709014893, 5250
2.0999250411987305, 5249
2.1059086322784424, 5248
2.1098971366882324, 5247
2.110895872116089, 5246
2.119875431060791, 5245
2.120868682861328, 5244
2.134831428527832, 5243
2.1438076496124268, 5242
2.146799087524414, 5241
2.149789810180664, 5240
2.150789499282837, 5239
2.150789499282837, 5238
2.150789499282837, 5237
2.1517860889434814, 5236
2.1517860889434814, 5235
2.153780460357666, 5234
2.164750337600708, 5233
2.1847317218780518, 5232
2.1847317218780518, 5231
2.1857266426086426, 5230
2.190682888031006, 5229
2.1936724185943604, 5228
2.2046430110931396, 5227
2.2076356410980225, 5226
2.2096312046051025, 5225
2.210660934448242, 5224
2.213651657104492, 5223
2.2245914936065674, 5222
2.2265846729278564, 5221
2.2265846729278564, 5220
2.227581739425659, 5219
2.228578805923462, 5218
2.22957706451416, 5217
2.230574131011963, 5216
2.2315709590911865, 5215
2.23356556892395, 5214
2.234562873840332, 5213
2.235560178756714, 5212
2.239550828933716, 5211
2.2455663681030273, 5210
2.2455663681030273, 5209
2.247563123703003, 5208
2.247563123703003, 5207
2.247563123703003, 5206
2.248560667037964, 5205
2.2495250701904297, 5204
2.2505526542663574, 5203
2.2515480518341064, 5202
2.2535462379455566, 5201
2.2535462379455566, 5200
2.2535462379455566, 5199
2.2565391063690186, 5198
2.2575035095214844, 5197
2.2575035095214844, 5196
2.258533239364624, 5195
2.2594969272613525, 5194
2.2594969272613525, 5193
2.2634854316711426, 5192
2.2655129432678223, 5191
2.2655129432678223, 5190
2.266510248184204, 5189
2.266510248184204, 5188
2.2674758434295654, 5187
2.268475294113159, 5186
2.268475294113159, 5185
2.2694711685180664, 5184
2.2705042362213135, 5183
2.2705042362213135, 5182
2.2705042362213135, 5181
2.2714970111846924, 5180
2.2714970111846924, 5179
2.2714970111846924, 5178
2.272495985031128, 5177
2.273491382598877, 5176
2.274491786956787, 5175
2.274491786956787, 5174
2.275453805923462, 5173
2.275453805923462, 5172
2.2794435024261475, 5171
2.2844295501708984, 5170
2.286424160003662, 5169
2.2904155254364014, 5168
2.2924091815948486, 5167
2.294402837753296, 5166
2.295400381088257, 5165
2.2973954677581787, 5164
2.3001315593719482, 5163
2.302125930786133, 5162
2.302125930786133, 5161
2.3031227588653564, 5160
2.305117607116699, 5159
2.307112693786621, 5158
2.310105085372925, 5157
2.312098979949951, 5156
2.312098979949951, 5155
2.313096284866333, 5154
2.316528558731079, 5153
2.3170855045318604, 5152
2.3170855045318604, 5151
2.3170855045318604, 5150
2.318089008331299, 5149
2.318089008331299, 5148
2.3190791606903076, 5147
2.3201093673706055, 5146
2.3240978717803955, 5145
2.3240978717803955, 5144
2.3250951766967773, 5143
2.3250951766967773, 5142
2.3260934352874756, 5141
2.3260934352874756, 5140
2.329052448272705, 5139
2.329052448272705, 5138
2.329052448272705, 5137
2.3310790061950684, 5136
2.33207631111145, 5135
2.33207631111145, 5134
2.335068464279175, 5133
2.335068464279175, 5132
2.3360655307769775, 5131
2.3420474529266357, 5130
2.3420474529266357, 5129
2.3430426120758057, 5128
2.3430426120758057, 5127
2.3430426120758057, 5126
2.3440446853637695, 5125
2.3460073471069336, 5124
2.3470046520233154, 5123
2.3509931564331055, 5122
2.3569796085357666, 5121
2.358973503112793, 5120
2.360966920852661, 5119
2.3619637489318848, 5118
2.3629612922668457, 5117
2.3639585971832275, 5116
2.3649559020996094, 5115
2.3659534454345703, 5114
2.369943380355835, 5113
2.3719372749328613, 5112
2.3719372749328613, 5111
2.3719372749328613, 5110
2.373932123184204, 5109
2.373932123184204, 5108
2.374929189682007, 5107
2.3869006633758545, 5106
2.3869006633758545, 5105
2.3869006633758545, 5104
2.387927293777466, 5103
2.387927293777466, 5102
2.38889217376709, 5101
2.389923095703125, 5100
2.3909194469451904, 5099
2.3928823471069336, 5098
2.397869110107422, 5097
2.397869110107422, 5096
2.397869110107422, 5095
2.3988656997680664, 5094
2.3988656997680664, 5093
2.3988656997680664, 5092
2.3998634815216064, 5091
2.3998634815216064, 5090
2.3998634815216064, 5089
2.40086030960083, 5088
2.4038517475128174, 5087
2.4048492908477783, 5086
2.4048492908477783, 5085
2.40584659576416, 5084
2.408839464187622, 5083
2.409837245941162, 5082
2.413825273513794, 5081
2.4158198833465576, 5080
2.4158198833465576, 5079
2.4158198833465576, 5078
2.4168171882629395, 5077
2.417816400527954, 5076
2.4198098182678223, 5075
2.420806646347046, 5074
2.421804189682007, 5073
2.431779146194458, 5072
2.4327781200408936, 5071
2.4337737560272217, 5070
2.4357681274414062, 5069
2.436765432357788, 5068
2.4497344493865967, 5067
2.450728416442871, 5066
2.450728416442871, 5065
2.451725721359253, 5064
2.4597039222717285, 5063
2.469677209854126, 5062
2.469677209854126, 5061
2.47070574760437, 5060
2.471703052520752, 5059
2.473665475845337, 5058
2.4756622314453125, 5057
2.477656126022339, 5056
2.4786882400512695, 5055
2.479649782180786, 5054
2.480679750442505, 5053
2.485666275024414, 5052
2.485666275024414, 5051
2.485666275024414, 5050
2.486630916595459, 5049
2.4906206130981445, 5048
2.491617441177368, 5047
2.491617441177368, 5046
2.492615222930908, 5045
2.492615222930908, 5044
2.4956064224243164, 5043
2.4966039657592773, 5042
2.4976015090942383, 5041
2.4985992908477783, 5040
2.514066219329834, 5039
2.515063524246216, 5038
2.5170586109161377, 5037
2.522078275680542, 5036
2.522078275680542, 5035
2.522078275680542, 5034
2.523078441619873, 5033
2.5240745544433594, 5032
2.5240745544433594, 5031
2.5240745544433594, 5030
2.527031660079956, 5029
2.5300240516662598, 5028
2.5320184230804443, 5027
2.534014940261841, 5026
2.539001226425171, 5025
2.53999924659729, 5024
2.5409958362579346, 5023
2.5419933795928955, 5022
2.5489747524261475, 5021
2.550969362258911, 5020
2.550969362258911, 5019
2.552963972091675, 5018
2.5539610385894775, 5017
2.5539610385894775, 5016
2.5549585819244385, 5015
2.5569534301757812, 5014
2.5579521656036377, 5013
2.5619711875915527, 5012
2.5619711875915527, 5011
2.5629703998565674, 5010
2.563965320587158, 5009
2.5729410648345947, 5008
2.5729410648345947, 5007
2.5759336948394775, 5006
2.5769357681274414, 5005
2.577897071838379, 5004
2.5789318084716797, 5003
2.579922914505005, 5002
2.58088755607605, 5001
2.583913564682007, 5000
2.584909200668335, 4999
2.584909200668335, 4998
2.584909200668335, 4997
2.585906505584717, 4996
2.585906505584717, 4995
2.585906505584717, 4994
2.586871385574341, 4993
2.5879030227661133, 4992
2.5908939838409424, 4991
2.5908939838409424, 4990
2.5938854217529297, 4989
2.5958800315856934, 4988
2.597844123840332, 4987
2.603062868118286, 4986
2.603062868118286, 4985
2.604034423828125, 4984
2.604034423828125, 4983
2.604034423828125, 4982
2.6060283184051514, 4981
2.6120107173919678, 4980
2.6120107173919678, 4979
2.6150050163269043, 4978
2.617997884750366, 4977
2.617997884750366, 4976
2.6199915409088135, 4975
2.620988130569458, 4974
2.6249778270721436, 4973
2.62896728515625, 4972
2.6299636363983154, 4971
2.635946750640869, 4970
2.635946750640869, 4969
2.6379425525665283, 4968
2.6449549198150635, 4967
2.6459226608276367, 4966
2.6459226608276367, 4965
2.6459226608276367, 4964
2.646918535232544, 4963
2.647947311401367, 4962
2.647947311401367, 4961
2.6489131450653076, 4960
2.649911642074585, 4959
2.650939464569092, 4958
2.6519386768341064, 4957
2.6549301147460938, 4956
2.655926465988159, 4955
2.6638739109039307, 4954
2.6658682823181152, 4953
2.666865825653076, 4952
2.666865825653076, 4951
2.667862892150879, 4950
2.667862892150879, 4949
2.667862892150879, 4948
2.6688601970672607, 4947
2.669858694076538, 4946
2.669858694076538, 4945
2.6708550453186035, 4944
2.6708550453186035, 4943
2.6718523502349854, 4942
2.672849655151367, 4941
2.672849655151367, 4940
2.673847198486328, 4939
2.67484450340271, 4938
2.6758694648742676, 4937
2.6768381595611572, 4936
2.6778366565704346, 4935
2.681826591491699, 4934
2.681826591491699, 4933
2.681826591491699, 4932
2.681826591491699, 4931
2.681826591491699, 4930
2.681826591491699, 4929
2.6844093799591064, 4928
2.6844093799591064, 4927
2.6898033618927, 4926
2.692809581756592, 4925
2.6938252449035645, 4924
2.6948230266571045, 4923
2.6948230266571045, 4922
2.69581937789917, 4921
2.69581937789917, 4920
2.6968188285827637, 4919
2.6968188285827637, 4918
2.698812246322632, 4917
2.7007761001586914, 4916
2.7067904472351074, 4915
2.7067904472351074, 4914
2.707789897918701, 4913
2.7087528705596924, 4912
2.709782600402832, 4911
2.710780143737793, 4910
2.7117762565612793, 4909
2.712775945663452, 4908
2.716731309890747, 4907
2.7177295684814453, 4906
2.719756841659546, 4905
2.730726480484009, 4904
2.7347161769866943, 4903
2.7347161769866943, 4902
2.7347161769866943, 4901
2.735713005065918, 4900
2.73671293258667, 4899
2.743692398071289, 4898
2.7446911334991455, 4897
2.7446911334991455, 4896
2.7446911334991455, 4895
2.7456860542297363, 4894
2.7456860542297363, 4893
2.746652841567993, 4892
2.746652841567993, 4891
2.7496752738952637, 4890
2.750673770904541, 4889
2.753664255142212, 4888
2.754662036895752, 4887
2.7566256523132324, 4886
2.757626533508301, 4885
2.757626533508301, 4884
2.7626097202301025, 4883
2.7636072635650635, 4882
2.766599178314209, 4881
2.767596483230591, 4880
2.7685935497283936, 4879
2.7755753993988037, 4878
2.7775707244873047, 4877
2.7825562953948975, 4876
2.7825562953948975, 4875
2.7835536003112793, 4874
2.785548448562622, 4873
2.790536880493164, 4872
2.790536880493164, 4871
2.794555425643921, 4870
2.7955541610717773, 4869
2.7955541610717773, 4868
2.798546552658081, 4867
2.798546552658081, 4866
2.798546552658081, 4865
2.7995095252990723, 4864
2.7995095252990723, 4863
2.800541639328003, 4862
2.801539421081543, 4861
2.8044984340667725, 4860
2.8044984340667725, 4859
2.8054935932159424, 4858
2.8064913749694824, 4857
2.8064913749694824, 4856
2.8064913749694824, 4855
2.807488441467285, 4854
2.807488441467285, 4853
2.807488441467285, 4852
2.811511278152466, 4851
2.813504695892334, 4850
2.8154990673065186, 4849
2.8164987564086914, 4848
2.818460702896118, 4847
2.822460651397705, 4846
2.8234784603118896, 4845
2.8254411220550537, 4844
2.826437473297119, 4843
2.827434778213501, 4842
2.8284318447113037, 4841
2.8304271697998047, 4840
2.8314239978790283, 4839
2.8324215412139893, 4838
2.839402914047241, 4837
2.8434269428253174, 4836
2.8434269428253174, 4835
2.8434269428253174, 4834
2.845418930053711, 4833
2.8464176654815674, 4832
2.847414016723633, 4831
2.849377155303955, 4830
2.851404905319214, 4829
2.8543965816497803, 4828
2.8553924560546875, 4827
2.8613760471343994, 4826
2.863372564315796, 4825
2.8643717765808105, 4824
2.8673293590545654, 4823
2.8683578968048096, 4822
2.870353937149048, 4821
2.8813230991363525, 4820
2.88331937789917, 4819
2.884315013885498, 4818
2.885312080383301, 4817
2.8932600021362305, 4816
2.8932600021362305, 4815
2.8942558765411377, 4814
2.8952534198760986, 4813
2.8992435932159424, 4812
2.8992435932159424, 4811
2.8992435932159424, 4810
2.8992435932159424, 4809
2.9002726078033447, 4808
2.9002726078033447, 4807
2.9002726078033447, 4806
2.901271343231201, 4805
2.9022698402404785, 4804
2.9022698402404785, 4803
2.9022698402404785, 4802
2.9032680988311768, 4801
2.9102470874786377, 4800
2.912243604660034, 4799
2.912243604660034, 4798
2.913238286972046, 4797
2.9171957969665527, 4796
2.9192230701446533, 4795
2.920222043991089, 4794
2.9212164878845215, 4793
2.9231815338134766, 4792
2.924208402633667, 4791
2.9251859188079834, 4790
2.927168369293213, 4789
2.9282002449035645, 4788
2.9316420555114746, 4787
2.933152198791504, 4786
2.9341495037078857, 4785
2.9351465702056885, 4784
2.9361438751220703, 4783
2.938159227371216, 4782
2.944122791290283, 4781
2.9481120109558105, 4780
2.9481120109558105, 4779
2.952101230621338, 4778
2.952101230621338, 4777
2.9530985355377197, 4776
2.9540958404541016, 4775
2.9550933837890625, 4774
2.964069366455078, 4773
2.964069366455078, 4772
2.964069366455078, 4771
2.965066909790039, 4770
2.965066909790039, 4769
2.966063976287842, 4768
2.9760732650756836, 4767
2.9790303707122803, 4766
2.9820547103881836, 4765
2.983051061630249, 4764
2.983051061630249, 4763
2.9840505123138428, 4762
2.9840505123138428, 4761
2.9850456714630127, 4760
2.986011028289795, 4759
2.9880082607269287, 4758
2.9930248260498047, 4757
2.9940218925476074, 4756
2.995020627975464, 4755
2.9999752044677734, 4754
3.000973701477051, 4753
3.0019707679748535, 4752
3.0019707679748535, 4751
3.00296688079834, 4750
3.00296688079834, 4749
3.00396466255188, 4748
3.0049617290496826, 4747
3.0099637508392334, 4746
3.0149333477020264, 4745
3.0149333477020264, 4744
3.0149333477020264, 4743
3.015930652618408, 4742
3.015930652618408, 4741
3.0189244747161865, 4740
3.0189244747161865, 4739
3.019920825958252, 4738
3.019920825958252, 4737
3.019920825958252, 4736
3.024906635284424, 4735
3.0259056091308594, 4734
3.026901960372925, 4733
3.0288963317871094, 4732
3.0298938751220703, 4731
3.030890941619873, 4730
3.0338826179504395, 4729
3.0348799228668213, 4728
3.035877227783203, 4727
3.038870096206665, 4726
3.0398669242858887, 4725
3.0408642292022705, 4724
3.0408642292022705, 4723
3.0408642292022705, 4722
3.0418615341186523, 4721
3.0438880920410156, 4720
3.0478806495666504, 4719
3.048875093460083, 4718
3.048875093460083, 4717
3.0498433113098145, 4716
3.0508713722229004, 4715
3.0548267364501953, 4714
3.055824041366577, 4713
3.056821823120117, 4712
3.058818817138672, 4711
3.060811996459961, 4710
3.061809778213501, 4709
3.068790912628174, 4708
3.071781635284424, 4707
3.0727789402008057, 4706
3.0767695903778076, 4705
3.0777699947357178, 4704
3.0797622203826904, 4703
3.080758810043335, 4702
3.0827536582946777, 4701
3.0847482681274414, 4700
3.0867738723754883, 4699
3.087773561477661, 4698
3.088768243789673, 4697
3.089766025543213, 4696
3.0907649993896484, 4695
3.0917606353759766, 4694
3.0927278995513916, 4693
3.094721794128418, 4692
3.095752239227295, 4691
3.0977134704589844, 4690
3.0987486839294434, 4689
3.0997071266174316, 4688
3.1037302017211914, 4687
3.1037302017211914, 4686
3.1037302017211914, 4685
3.1047263145446777, 4684
3.1047263145446777, 4683
3.135645866394043, 4682
3.1376078128814697, 4681
3.1386375427246094, 4680
3.1445865631103516, 4679
3.1445865631103516, 4678
3.1445865631103516, 4677
3.1445865631103516, 4676
3.158550500869751, 4675
3.159548044204712, 4674
3.159548044204712, 4673
3.159548044204712, 4672
3.1695220470428467, 4671
3.1705188751220703, 4670
3.172513246536255, 4669
3.18052339553833, 4668
3.193488359451294, 4667
3.200437307357788, 4666
3.200437307357788, 4665
3.211411237716675, 4664
3.2124392986297607, 4663
3.2134361267089844, 4662
3.215397357940674, 4661
3.2264018058776855, 4660
3.245317220687866, 4659
3.2612762451171875, 4658
3.2672603130340576, 4657
3.2682573795318604, 4656
3.2812535762786865, 4655
3.293189287185669, 4654
3.294186592102051, 4653
3.2981765270233154, 4652
3.3081493377685547, 4651
3.309180736541748, 4650
3.3191232681274414, 4649
3.3470458984375, 4648
3.3470458984375, 4647
3.3480448722839355, 4646
3.3480448722839355, 4645
3.3510351181030273, 4644
3.358018159866333, 4643
3.358018159866333, 4642
3.3620049953460693, 4641
3.3620049953460693, 4640
3.364997148513794, 4639
3.365994930267334, 4638
3.3789615631103516, 4637
3.3829498291015625, 4636
3.3909285068511963, 4635
3.3919262886047363, 4634
3.397911787033081, 4633
3.3999054431915283, 4632
3.400902032852173, 4631
3.4517650604248047, 4630
3.455754518508911, 4629
3.455754518508911, 4628
3.455754518508911, 4627
3.4607412815093994, 4626
3.487668991088867, 4625
3.499638795852661, 4624
3.507615804672241, 4623
3.5205821990966797, 4622
3.5205821990966797, 4621
3.523573160171509, 4620
3.5375373363494873, 4619
3.5445170402526855, 4618
3.5524957180023193, 4617
3.555488348007202, 4616
3.561472177505493, 4615
3.568453311920166, 4614
3.568453311920166, 4613
3.573439836502075, 4612
3.575434923171997, 4611
3.5794246196746826, 4610
3.604357957839966, 4609
3.621718168258667, 4608
3.645653247833252, 4607
3.6476480960845947, 4606
3.6476480960845947, 4605
3.6945226192474365, 4604
3.6955201625823975, 4603
3.6955201625823975, 4602
3.698512554168701, 4601
3.7005085945129395, 4600
3.707488775253296, 4599
3.713685989379883, 4598
3.7146835327148438, 4597
3.7226626873016357, 4596
3.7226626873016357, 4595
3.7236592769622803, 4594
3.732635498046875, 4593
3.733633041381836, 4592
3.7446048259735107, 4591
3.7456018924713135, 4590
3.7515859603881836, 4589
3.765580654144287, 4588
3.7745566368103027, 4587
3.7755210399627686, 4586
3.778547525405884, 4585
3.7825353145599365, 4584
3.791499614715576, 4583
3.791499614715576, 4582
3.792511224746704, 4581
3.802449941635132, 4580
3.8126766681671143, 4579
3.8126766681671143, 4578
3.815670967102051, 4577
3.834589958190918, 4576
3.8355872631073, 4575
3.8455605506896973, 4574
3.856531858444214, 4573
3.856531858444214, 4572
3.857529640197754, 4571
3.865507125854492, 4570
3.868499517440796, 4569
3.868499517440796, 4568
3.8994481563568115, 4567
3.900442123413086, 4566
3.900442123413086, 4565
3.901441812515259, 4564
3.901441812515259, 4563
3.923640727996826, 4562
3.9246065616607666, 4561
3.932584762573242, 4560
3.932584762573242, 4559
3.933582067489624, 4558
3.937572956085205, 4557
3.9435553550720215, 4556
3.9435553550720215, 4555
3.9505369663238525, 4554
3.9694881439208984, 4553
3.9704856872558594, 4552
3.9704856872558594, 4551
3.976469039916992, 4550
3.9904322624206543, 4549
4.005391597747803, 4548
4.020553112030029, 4547
4.020553112030029, 4546
4.021549224853516, 4545
4.02656888961792, 4544
4.02656888961792, 4543
4.030555248260498, 4542
4.030555248260498, 4541
4.034546852111816, 4540
4.043488502502441, 4539
4.047477960586548, 4538
4.0554563999176025, 4537
4.065462827682495, 4536
4.067457437515259, 4535
4.070448875427246, 4534
4.071446180343628, 4533
4.079394340515137, 4532
4.091362953186035, 4531
4.092390298843384, 4530
4.094353437423706, 4529
4.108578443527222, 4528
4.108578443527222, 4527
4.111600160598755, 4526
4.11858057975769, 4525
4.11858057975769, 4524
4.129517555236816, 4523
4.131512641906738, 4522
4.144479274749756, 4521
4.173435926437378, 4520
4.173435926437378, 4519
4.175397157669067, 4518
4.176392316818237, 4517
4.1813805103302, 4516
4.18736457824707, 4515
4.18736457824707, 4514
4.201325416564941, 4513
4.210301637649536, 4512
4.255215883255005, 4511
4.255215883255005, 4510
4.2591729164123535, 4509
4.2591729164123535, 4508
4.303054571151733, 4507
4.334012269973755, 4506
4.354983329772949, 4505
4.360934495925903, 4504
4.360934495925903, 4503
4.367948055267334, 4502
4.368946313858032, 4501
4.368946313858032, 4500
4.38290810585022, 4499
4.386897802352905, 4498
4.417783260345459, 4497
4.448732137680054, 4496
4.45970344543457, 4495
4.461665630340576, 4494
4.462662220001221, 4493
4.466651678085327, 4492
4.496573209762573, 4491
4.497570753097534, 4490
4.504551649093628, 4489
4.509977340698242, 4488
4.509977340698242, 4487
4.52297043800354, 4486
4.531947135925293, 4485
4.545876502990723, 4484
4.546874046325684, 4483
4.566822528839111, 4482
4.566822528839111, 4481
4.566822528839111, 4480
4.567819595336914, 4479
4.589761972427368, 4478
4.589761972427368, 4477
4.630197525024414, 4476
4.631197214126587, 4475
4.632191896438599, 4474
4.63714599609375, 4473
4.643131494522095, 4472
4.643131494522095, 4471
4.655098915100098, 4470
4.6560959815979, 4469
4.6560959815979, 4468
4.6650731563568115, 4467
4.7000110149383545, 4466
4.702005386352539, 4465
4.7144834995269775, 4464
4.726414918899536, 4463
4.7284095287323, 4462
4.7513813972473145, 4461
4.761321544647217, 4460
4.761321544647217, 4459
4.766308069229126, 4458
4.773289203643799, 4457
4.774287462234497, 4456
4.7782769203186035, 4455
4.7782769203186035, 4454
4.792273283004761, 4453
4.8490869998931885, 4452
4.851081609725952, 4451
4.86703896522522, 4450
4.881035804748535, 4449
4.901977777481079, 4448
4.903974533081055, 4447
4.9089272022247314, 4446
4.9208948612213135, 4445
4.9567999839782715, 4444
4.976777791976929, 4443
4.987748622894287, 4442
4.98874306678772, 4441
4.9917402267456055, 4440
4.996692895889282, 4439
5.006668329238892, 4438
5.029605150222778, 4437
5.033628940582275, 4436
5.036613464355469, 4435
5.037584066390991, 4434
5.040607929229736, 4433
5.0784759521484375, 4432
5.080470085144043, 4431
5.082464694976807, 4430
5.099419593811035, 4429
5.1024110317230225, 4428
5.109391450881958, 4427
5.110390663146973, 4426
5.114379405975342, 4425
5.129339694976807, 4424
5.129339694976807, 4423
5.140309810638428, 4422
5.152276039123535, 4421
5.153273105621338, 4420
5.156265497207642, 4419
5.16125226020813, 4418
5.179204702377319, 4417
5.1832275390625, 4416
5.1832275390625, 4415
5.1832275390625, 4414
5.198156118392944, 4413
5.223086595535278, 4412
5.2540037631988525, 4411
5.255998611450195, 4410
5.277940511703491, 4409
5.278970718383789, 4408
5.278970718383789, 4407
5.286916732788086, 4406
5.350746154785156, 4405
5.353737115859985, 4404
5.370694160461426, 4403
5.370694160461426, 4402
5.374683618545532, 4401
5.391637086868286, 4400
5.39263391494751, 4399
5.39762282371521, 4398
5.39762282371521, 4397
5.4075939655303955, 4396
5.4075939655303955, 4395
5.4205591678619385, 4394
5.423550605773926, 4393
5.427540063858032, 4392
5.430532217025757, 4391
5.439510822296143, 4390
5.439510822296143, 4389
5.443498134613037, 4388
5.446490049362183, 4387
5.4545018672943115, 4386
5.4545018672943115, 4385
5.4554972648620605, 4384
5.46045446395874, 4383
5.46045446395874, 4382
5.474414348602295, 4381
5.475413799285889, 4380
5.519294500350952, 4379
5.519294500350952, 4378
5.522286415100098, 4377
5.522286415100098, 4376
5.523283958435059, 4375
5.528270959854126, 4374
5.532259941101074, 4373
5.580132246017456, 4372
5.5821263790130615, 4371
5.585118770599365, 4370
5.586115598678589, 4369
5.6000800132751465, 4368
5.625523328781128, 4367
5.625523328781128, 4366
5.627518653869629, 4365
5.630511045455933, 4364
5.6424782276153564, 4363
5.659433841705322, 4362
5.660431385040283, 4361
5.660431385040283, 4360
5.66541600227356, 4359
5.66541600227356, 4358
5.668411493301392, 4357
5.668411493301392, 4356
5.669406175613403, 4355
5.6863603591918945, 4354
5.694339036941528, 4353
5.701320171356201, 4352
5.730247974395752, 4351
5.732245922088623, 4350
5.73324179649353, 4349
5.781116962432861, 4348
5.782105922698975, 4347
5.821000814437866, 4346
5.8319761753082275, 4345
5.850921154022217, 4344
5.962623357772827, 4343
5.964617729187012, 4342
6.079697847366333, 4341
6.089674472808838, 4340
6.108621120452881, 4339
6.1106157302856445, 4338
6.131557941436768, 4337
6.15250301361084, 4336
6.1824235916137695, 4335
6.183419942855835, 4334
6.184419631958008, 4333
6.198380708694458, 4332
6.262213945388794, 4331
6.286146640777588, 4330
6.375906705856323, 4329
6.523509740829468, 4328
6.530492067337036, 4327
6.579362392425537, 4326
6.580359697341919, 4325
6.63022518157959, 4324
6.631222248077393, 4323
6.631222248077393, 4322
6.635211229324341, 4321
6.637218952178955, 4320
6.669120788574219, 4319
6.671114921569824, 4318
6.671114921569824, 4317
6.676103830337524, 4316
6.713005065917969, 4315
6.841692209243774, 4314
6.900535345077515, 4313
6.901531219482422, 4312
6.905524969100952, 4311
6.932420015335083, 4310
6.966328382492065, 4309
6.967328786849976, 4308
6.98527717590332, 4307
7.0002381801605225, 4306
7.0211827754974365, 4305
7.076033592224121, 4304
7.10795521736145, 4303
7.114930868148804, 4302
7.2036919593811035, 4301
7.47057032585144, 4300
7.486523628234863, 4299
7.487522125244141, 4298
7.4984941482543945, 4297
7.563349723815918, 4296
7.563349723815918, 4295
7.626179456710815, 4294
7.626179456710815, 4293
7.626179456710815, 4292
7.64011287689209, 4291
7.641111373901367, 4290
7.651082754135132, 4289
7.65606951713562, 4288
7.6670403480529785, 4287
7.67801308631897, 4286
7.67801308631897, 4285
7.679044723510742, 4284
7.714912414550781, 4283
7.721894025802612, 4282
7.721894025802612, 4281
7.727877378463745, 4280
7.7408812046051025, 4279
7.7408812046051025, 4278
7.744832754135132, 4277
7.75380802154541, 4276
7.758796691894531, 4275
7.77974009513855, 4274
7.804704666137695, 4273
7.808694124221802, 4272
7.833594799041748, 4271
7.834592342376709, 4270
7.834592342376709, 4269
7.839611768722534, 4268
7.850551605224609, 4267
7.87349009513855, 4266
7.8884499073028564, 4265
7.889446020126343, 4264
7.927345037460327, 4263
7.9363532066345215, 4262
7.938317537307739, 4261
7.954304933547974, 4260
7.958263397216797, 4259
7.958263397216797, 4258
7.961283206939697, 4257
7.9812352657318115, 4256
7.984224557876587, 4255
8.039046049118042, 4254
8.040045022964478, 4253
8.043036937713623, 4252
8.044069290161133, 4251
8.055034875869751, 4250
8.059991598129272, 4249
8.059991598129272, 4248
8.060988187789917, 4247
8.096920728683472, 4246
8.109889030456543, 4245
8.178675889968872, 4244
8.221589803695679, 4243
8.2823965549469, 4242
8.303340196609497, 4241
8.365175485610962, 4240
8.494072437286377, 4239
8.524991273880005, 4238
8.525989294052124, 4237
8.53596019744873, 4236
8.561892986297607, 4235
8.561892986297607, 4234
8.565882444381714, 4233
8.595800399780273, 4232
8.675621509552002, 4231
8.69357442855835, 4230
8.69357442855835, 4229
8.745439052581787, 4228
8.745439052581787, 4227
8.745439052581787, 4226
8.771369695663452, 4225
8.79826831817627, 4224
8.856618881225586, 4223
8.867590427398682, 4222
8.873575210571289, 4221
8.982768535614014, 4220
8.982768535614014, 4219
9.034630537033081, 4218
9.035629987716675, 4217
9.042612314224243, 4216
9.101451635360718, 4215
9.119403600692749, 4214
9.120400428771973, 4213
9.208168268203735, 4212
9.24806022644043, 4211
9.26002812385559, 4210
9.26002812385559, 4209
9.26002812385559, 4208
9.343804359436035, 4207
9.353777885437012, 4206
9.414613485336304, 4205
9.446528673171997, 4204
9.648986339569092, 4203
9.710829734802246, 4202
9.711819410324097, 4201
9.712815999984741, 4200
9.790609121322632, 4199
9.790609121322632, 4198
9.880367994308472, 4197
9.886351585388184, 4196
9.92228627204895, 4195
9.935257196426392, 4194
9.968690156936646, 4193
9.986610412597656, 4192
10.01553463935852, 4191
10.01553463935852, 4190
10.0235116481781, 4189
10.030493021011353, 4188
10.030493021011353, 4187
10.075379133224487, 4186
10.075379133224487, 4185
10.077376365661621, 4184
10.09436321258545, 4183
10.115304231643677, 4182
10.118299961090088, 4181
10.127240896224976, 4180
10.165139436721802, 4179
10.252903699874878, 4178
10.268874645233154, 4177
10.268874645233154, 4176
10.270888328552246, 4175
10.37657356262207, 4174
10.377571105957031, 4173
10.381559610366821, 4172
10.400512456893921, 4171
10.422450542449951, 4170
10.42444658279419, 4169
10.454479217529297, 4168
10.454479217529297, 4167
10.487359046936035, 4166
10.487359046936035, 4165
10.50132155418396, 4164
10.513290166854858, 4163
10.525258779525757, 4162
10.541215658187866, 4161
10.581618070602417, 4160
10.712521314620972, 4159
10.713518619537354, 4158
10.762894630432129, 4157
10.770874738693237, 4156
10.771871089935303, 4155
10.777856826782227, 4154
10.777856826782227, 4153
10.810766696929932, 4152
10.846670627593994, 4151
10.846670627593994, 4150
10.86961054801941, 4149
10.86961054801941, 4148
10.875594139099121, 4147
10.886564493179321, 4146
10.888559103012085, 4145
10.911499977111816, 4144
10.94341230392456, 4143
10.950395107269287, 4142
10.955380201339722, 4141
10.959369897842407, 4140
10.974329233169556, 4139
10.981310606002808, 4138
11.020209074020386, 4137
11.020209074020386, 4136
11.053118705749512, 4135
11.055113315582275, 4134
11.062094688415527, 4133
11.130942583084106, 4132
11.130942583084106, 4131
11.152852773666382, 4130
11.157840013504028, 4129
11.205713510513306, 4128
11.225657224655151, 4127
11.235630750656128, 4126
11.287524700164795, 4125
11.287524700164795, 4124
11.33140778541565, 4123
11.335397481918335, 4122
11.345340013504028, 4121
11.403215646743774, 4120
11.403215646743774, 4119
11.41515040397644, 4118
11.41515040397644, 4117
11.431109428405762, 4116
11.440088033676147, 4115
11.451056003570557, 4114
11.459176540374756, 4113
11.459176540374756, 4112
11.479979038238525, 4111
11.566745281219482, 4110
11.608665704727173, 4109
11.973664999008179, 4108
11.974664211273193, 4107
11.974664211273193, 4106
11.998600721359253, 4105
12.009570360183716, 4104
12.023564338684082, 4103
12.03350567817688, 4102
12.03350567817688, 4101
12.053486108779907, 4100
12.087361812591553, 4099
12.091352701187134, 4098
12.100327730178833, 4097
12.116284132003784, 4096
12.15318489074707, 4095
12.154183149337769, 4094
12.169651985168457, 4093
12.169651985168457, 4092
12.170652389526367, 4091
12.210543632507324, 4090
12.240464925765991, 4089
12.295647859573364, 4088
12.306618213653564, 4087
12.352495431900024, 4086
12.382922410964966, 4085
12.411876916885376, 4084
12.476179838180542, 4083
12.506101608276367, 4082
12.513081073760986, 4081
12.560476303100586, 4080
12.560476303100586, 4079
12.614352703094482, 4078
12.622333288192749, 4077
12.636295795440674, 4076
12.642277956008911, 4075
12.676189422607422, 4074
12.676189422607422, 4073
12.7220618724823, 4072
12.7220618724823, 4071
12.728046178817749, 4070
12.731043577194214, 4069
12.803849458694458, 4068
13.08306884765625, 4067
13.480521440505981, 4066
13.503457069396973, 4065
13.762657403945923, 4064
13.84044885635376, 4063
13.91524887084961, 4062
14.069915056228638, 4061
14.155675649642944, 4060
14.282900333404541, 4059
14.299854755401611, 4058
14.301848649978638, 4057
14.3267822265625, 4056
14.356703519821167, 4055
14.415546655654907, 4054
14.422527551651001, 4053
14.486356973648071, 4052
14.586088180541992, 4051
14.586088180541992, 4050
14.598058223724365, 4049
14.65091586112976, 4048
14.696792602539062, 4047
14.70280909538269, 4046
14.799519538879395, 4045
14.858362913131714, 4044
15.158114433288574, 4043
15.226457834243774, 4042
15.250375747680664, 4041
15.284316778182983, 4040
15.355095863342285, 4039
15.364103555679321, 4038
15.388007879257202, 4037
15.39601993560791, 4036
15.516663312911987, 4035
15.557554483413696, 4034
15.629555463790894, 4033
15.710883140563965, 4032
15.769690990447998, 4031
15.80659532546997, 4030
15.833520412445068, 4029
15.932255744934082, 4028
15.933252334594727, 4027
16.015034675598145, 4026
16.08484697341919, 4025
16.13072443008423, 4024
16.145684003829956, 4023
16.16762638092041, 4022
16.1875741481781, 4021
16.205524444580078, 4020
16.225471258163452, 4019
16.22646999359131, 4018
16.33318281173706, 4017
16.345152616500854, 4016
16.345152616500854, 4015
16.414000511169434, 4014
16.462871551513672, 4013
16.471814155578613, 4012
16.599504709243774, 4011
16.771045446395874, 4010
17.722352504730225, 4009
18.3402578830719, 4008
18.343249797821045, 4007
18.735573053359985, 4006
19.096707820892334, 4005
19.151143312454224, 4004
19.364124298095703, 4003
19.582539319992065, 4002
19.60946822166443, 4001
19.650359392166138, 4000
19.804945707321167, 3999
19.81691265106201, 3998
19.84384036064148, 3997
19.85082173347473, 3996
19.92661952972412, 3995
19.93061113357544, 3994
19.93061113357544, 3993
19.957536935806274, 3992
