0.08274531364440918, 5605
0.09770798683166504, 5604
0.10368967056274414, 5603
0.12563133239746094, 5602
0.12862324714660645, 5601
0.13361144065856934, 5600
0.13460731506347656, 5599
0.1435854434967041, 5598
0.14757442474365234, 5597
0.14757442474365234, 5596
0.14857149124145508, 5595
0.15056514739990234, 5594
0.2213764190673828, 5593
0.27324533462524414, 5592
0.2982051372528076, 5591
0.3061833381652832, 5590
0.4816892147064209, 5589
0.5046262741088867, 5588
0.5106079578399658, 5587
0.5195987224578857, 5586
0.5225837230682373, 5585
0.9698929786682129, 5584
0.9728851318359375, 5583
0.9758758544921875, 5582
0.979865550994873, 5581
0.9828586578369141, 5580
0.9848537445068359, 5579
2.0849156379699707, 5578
2.107849597930908, 5577
2.110839605331421, 5576
2.11283540725708, 5575
2.115827798843384, 5574
2.1208128929138184, 5573
2.1277945041656494, 5572
2.134777069091797, 5571
2.2045915126800537, 5570
2.2095768451690674, 5569
2.2145638465881348, 5568
2.215559959411621, 5567
2.226531744003296, 5566
2.226531744003296, 5565
2.230520725250244, 5564
2.2325150966644287, 5563
2.2394955158233643, 5562
2.2394955158233643, 5561
2.2644340991973877, 5560
2.265460252761841, 5559
2.265460252761841, 5558
2.2933554649353027, 5557
2.3003334999084473, 5556
2.3003334999084473, 5555
2.30232834815979, 5554
2.30332612991333, 5553
2.30332612991333, 5552
2.304323434829712, 5551
2.312302350997925, 5550
2.312302350997925, 5549
2.312302350997925, 5548
2.319282293319702, 5547
2.319282293319702, 5546
2.3412551879882812, 5545
2.3412551879882812, 5544
2.3432202339172363, 5543
2.349238872528076, 5542
2.3502328395843506, 5541
2.357182025909424, 5540
2.357182025909424, 5539
2.357182025909424, 5538
2.3582119941711426, 5537
2.359210252761841, 5536
2.359210252761841, 5535
2.3641655445098877, 5534
2.373142719268799, 5533
2.373142719268799, 5532
2.3741698265075684, 5531
2.375133514404297, 5530
2.376166820526123, 5529
2.380153179168701, 5528
2.3821470737457275, 5527
2.3831450939178467, 5526
2.3861401081085205, 5525
2.3881311416625977, 5524
2.3901262283325195, 5523
2.3960769176483154, 5522
2.3970744609832764, 5521
2.3970744609832764, 5520
2.416025161743164, 5519
2.4170212745666504, 5518
2.4190168380737305, 5517
2.4190168380737305, 5516
2.4190168380737305, 5515
2.421011447906494, 5514
2.422008752822876, 5513
2.422008752822876, 5512
2.422008752822876, 5511
2.4359710216522217, 5510
2.4359710216522217, 5509
2.4369678497314453, 5508
2.4390149116516113, 5507
2.447939157485962, 5506
2.452927589416504, 5505
2.452927589416504, 5504
2.4539268016815186, 5503
2.454930305480957, 5502
2.456925392150879, 5501
2.494814872741699, 5500
2.4988036155700684, 5499
2.5865678787231445, 5498
2.588562250137329, 5497
2.589559555053711, 5496
2.636434316635132, 5495
2.63743257522583, 5494
2.63743257522583, 5493
2.63743257522583, 5492
2.6384289264678955, 5491
2.6394262313842773, 5490
2.653395652770996, 5489
2.6543867588043213, 5488
2.671341896057129, 5487
2.6872987747192383, 5486
2.7207260131835938, 5485
2.7207260131835938, 5484
2.7217230796813965, 5483
2.7267251014709473, 5482
2.731696844100952, 5481
2.732694149017334, 5480
2.736682891845703, 5479
2.7386765480041504, 5478
2.7476534843444824, 5477
2.7506463527679443, 5476
2.75264048576355, 5475
2.768596649169922, 5474
2.782560348510742, 5473
2.782560348510742, 5472
2.7855520248413086, 5471
2.818010091781616, 5470
2.818010091781616, 5469
2.819007158279419, 5468
2.819007158279419, 5467
2.820004940032959, 5466
2.82499361038208, 5465
2.845935106277466, 5464
2.849923849105835, 5463
2.858900785446167, 5462
2.859898090362549, 5461
2.8608951568603516, 5460
2.8838343620300293, 5459
2.8848326206207275, 5458
2.8983070850372314, 5457
2.8983070850372314, 5456
2.8993046283721924, 5455
2.905290126800537, 5454
2.9162609577178955, 5453
2.919252395629883, 5452
2.919252395629883, 5451
2.920250177383423, 5450
2.9222450256347656, 5449
2.9262337684631348, 5448
2.9302234649658203, 5447
2.933216094970703, 5446
2.9352097511291504, 5445
2.9391989707946777, 5444
2.9421911239624023, 5443
2.9421911239624023, 5442
2.943188190460205, 5441
2.9491710662841797, 5440
2.9491710662841797, 5439
2.9501688480377197, 5438
2.9531619548797607, 5437
2.95415997505188, 5436
2.95914626121521, 5435
2.9611408710479736, 5434
2.9651308059692383, 5433
2.9661271572113037, 5432
2.9671247005462646, 5431
2.969118595123291, 5430
2.969118595123291, 5429
2.9701154232025146, 5428
2.976099967956543, 5427
2.9770960807800293, 5426
3.0090129375457764, 5425
3.0130016803741455, 5424
3.048905849456787, 5423
3.0499026775360107, 5422
3.0533313751220703, 5421
3.0533313751220703, 5420
3.0533313751220703, 5419
3.0563600063323975, 5418
3.059877395629883, 5417
3.060875654220581, 5416
3.061871290206909, 5415
3.061871290206909, 5414
3.061871290206909, 5413
3.082814931869507, 5412
3.084810495376587, 5411
3.085806131362915, 5410
3.087800979614258, 5409
3.098773241043091, 5408
3.0997705459594727, 5407
3.0997705459594727, 5406
3.1097445487976074, 5405
3.11074161529541, 5404
3.11074161529541, 5403
3.1117398738861084, 5402
3.113731861114502, 5401
3.1147303581237793, 5400
3.116724967956543, 5399
3.1177215576171875, 5398
3.1217117309570312, 5397
3.1241934299468994, 5396
3.1257009506225586, 5395
3.132683515548706, 5394
3.133683443069458, 5393
3.1406610012054443, 5392
3.142655372619629, 5391
3.1496360301971436, 5390
3.1496360301971436, 5389
3.1506333351135254, 5388
3.1506333351135254, 5387
3.153625965118408, 5386
3.1596105098724365, 5385
3.164597511291504, 5384
3.1685867309570312, 5383
3.1685867309570312, 5382
3.1695830821990967, 5381
3.1695830821990967, 5380
3.1715803146362305, 5379
3.172576427459717, 5378
3.175567865371704, 5377
3.1775615215301514, 5376
3.1785595417022705, 5375
3.1995019912719727, 5374
3.2004995346069336, 5373
3.2024943828582764, 5372
3.2044904232025146, 5371
3.2074806690216064, 5370
3.2084784507751465, 5369
3.2084784507751465, 5368
3.2084784507751465, 5367
3.20947527885437, 5366
3.20947527885437, 5365
3.210472583770752, 5364
3.210472583770752, 5363
3.2114715576171875, 5362
3.2114715576171875, 5361
3.217486619949341, 5360
3.2194814682006836, 5359
3.2194814682006836, 5358
3.231417417526245, 5357
3.231417417526245, 5356
3.237400770187378, 5355
3.2403926849365234, 5354
3.263331651687622, 5353
3.2643322944641113, 5352
3.2643322944641113, 5351
3.2653274536132812, 5350
3.2653274536132812, 5349
3.2663235664367676, 5348
3.2673206329345703, 5347
3.269315481185913, 5346
3.270312547683716, 5345
3.271310329437256, 5344
3.2822823524475098, 5343
3.283278465270996, 5342
3.283278465270996, 5341
3.2912588119506836, 5340
3.2942821979522705, 5339
3.2942821979522705, 5338
3.2942821979522705, 5337
3.301264524459839, 5336
3.3042562007904053, 5335
3.3052525520324707, 5334
3.3052525520324707, 5333
3.306246519088745, 5332
3.306246519088745, 5331
3.308244228363037, 5330
3.310239315032959, 5329
3.3142309188842773, 5328
3.3152263164520264, 5327
3.3152263164520264, 5326
3.3162238597869873, 5325
3.3171885013580322, 5324
3.319216251373291, 5323
3.3211803436279297, 5322
3.322208881378174, 5321
3.3251733779907227, 5320
3.327195882797241, 5319
3.3311524391174316, 5318
3.3311524391174316, 5317
3.3331451416015625, 5316
3.3371338844299316, 5315
3.3510994911193848, 5314
3.3560848236083984, 5313
3.3580777645111084, 5312
3.368083953857422, 5311
3.3710455894470215, 5310
3.374037742614746, 5309
3.375035285949707, 5308
3.375035285949707, 5307
3.379055976867676, 5306
3.379055976867676, 5305
3.3810510635375977, 5304
3.383013963699341, 5303
3.393984079360962, 5302
3.3999674320220947, 5301
3.400995969772339, 5300
3.400995969772339, 5299
3.4159233570098877, 5298
3.4219088554382324, 5297
3.422905921936035, 5296
3.4239044189453125, 5295
3.4268972873687744, 5294
3.444847345352173, 5293
3.446868896484375, 5292
3.446868896484375, 5291
3.4478654861450195, 5290
3.4478654861450195, 5289
3.448864459991455, 5288
3.4608376026153564, 5287
3.4628326892852783, 5286
3.4628326892852783, 5285
3.4648263454437256, 5284
3.475764036178589, 5283
3.475764036178589, 5282
3.475764036178589, 5281
3.4807515144348145, 5280
3.481748342514038, 5279
3.4857380390167236, 5278
3.4857380390167236, 5277
3.4867351055145264, 5276
3.4867351055145264, 5275
3.4867351055145264, 5274
3.49272084236145, 5273
3.493715763092041, 5272
3.493715763092041, 5271
3.497706413269043, 5270
3.501695394515991, 5269
3.504687786102295, 5268
3.505683660507202, 5267
3.5076797008514404, 5266
3.5086781978607178, 5265
3.5106704235076904, 5264
3.5126659870147705, 5263
3.5136640071868896, 5262
3.5156569480895996, 5261
3.5166540145874023, 5260
3.517651081085205, 5259
3.5316154956817627, 5258
3.5326128005981445, 5257
3.534609794616699, 5256
3.534609794616699, 5255
3.5356054306030273, 5254
3.542588472366333, 5253
3.5445823669433594, 5252
3.5515635013580322, 5251
3.5745010375976562, 5250
3.5764944553375244, 5249
3.578488826751709, 5248
3.579486131668091, 5247
3.584474802017212, 5246
3.5854709148406982, 5245
3.6044228076934814, 5244
3.611403465270996, 5243
3.6173863410949707, 5242
3.6183879375457764, 5241
3.6193807125091553, 5240
3.6193807125091553, 5239
3.6233694553375244, 5238
3.626361846923828, 5237
3.6333422660827637, 5236
3.6343414783477783, 5235
3.6562812328338623, 5234
3.6562812328338623, 5233
3.657278537750244, 5232
3.657278537750244, 5231
3.657278537750244, 5230
3.659273862838745, 5229
3.67124080657959, 5228
3.673236608505249, 5227
3.688194990158081, 5226
3.6921865940093994, 5225
3.701162099838257, 5224
3.7021596431732178, 5223
3.7031571865081787, 5222
3.7031571865081787, 5221
3.704153299331665, 5220
3.7101387977600098, 5219
3.7171523571014404, 5218
3.7380950450897217, 5217
3.7490651607513428, 5216
3.7500669956207275, 5215
3.7510294914245605, 5214
3.752025604248047, 5213
3.752025604248047, 5212
3.7540524005889893, 5211
3.7540524005889893, 5210
3.7560484409332275, 5209
3.7689809799194336, 5208
3.780949354171753, 5207
3.780949354171753, 5206
3.7819461822509766, 5205
3.7909538745880127, 5204
3.7919199466705322, 5203
3.7919199466705322, 5202
3.7929155826568604, 5201
3.7939138412475586, 5200
3.794910430908203, 5199
3.7959072589874268, 5198
3.7988991737365723, 5197
3.8073840141296387, 5196
3.8093786239624023, 5195
3.8093786239624023, 5194
3.810378313064575, 5193
3.8153645992279053, 5192
3.817359209060669, 5191
3.818356990814209, 5190
3.8193864822387695, 5189
3.8253419399261475, 5188
3.8253419399261475, 5187
3.8263354301452637, 5186
3.8273324966430664, 5185
3.831321954727173, 5184
3.831321954727173, 5183
3.831321954727173, 5182
3.832318067550659, 5181
3.832318067550659, 5180
3.832318067550659, 5179
3.83331561088562, 5178
3.8442866802215576, 5177
3.8452842235565186, 5176
3.846313238143921, 5175
3.8472774028778076, 5174
3.848278045654297, 5173
3.849273681640625, 5172
3.849273681640625, 5171
3.850270986557007, 5170
3.851268768310547, 5169
3.851268768310547, 5168
3.852267265319824, 5167
3.852267265319824, 5166
3.8532652854919434, 5165
3.8532652854919434, 5164
3.854292154312134, 5163
3.854292154312134, 5162
3.8562533855438232, 5161
3.8562533855438232, 5160
3.8582491874694824, 5159
3.859245777130127, 5158
3.859245777130127, 5157
3.859245777130127, 5156
3.8642354011535645, 5155
3.8672263622283936, 5154
3.872213840484619, 5153
3.8742079734802246, 5152
3.878230094909668, 5151
3.8802225589752197, 5150
3.882216691970825, 5149
3.8841819763183594, 5148
3.8861753940582275, 5147
3.8871724605560303, 5146
3.8871724605560303, 5145
3.890164375305176, 5144
3.895150899887085, 5143
3.8971455097198486, 5142
3.8981432914733887, 5141
3.8981432914733887, 5140
3.8981432914733887, 5139
3.8991403579711914, 5138
3.9001379013061523, 5137
3.901134967803955, 5136
3.9021799564361572, 5135
3.908123016357422, 5134
3.9121127128601074, 5133
3.913109302520752, 5132
3.913109302520752, 5131
3.9151041507720947, 5130
3.919092893600464, 5129
3.9210875034332275, 5128
3.925077438354492, 5127
3.925077438354492, 5126
3.9260735511779785, 5125
3.9270710945129395, 5124
3.9280688762664795, 5123
3.9360458850860596, 5122
3.9360458850860596, 5121
3.9360458850860596, 5120
3.9370436668395996, 5119
3.9370436668395996, 5118
3.939038038253784, 5117
3.951007843017578, 5116
3.95200514793396, 5115
3.95200514793396, 5114
3.9539995193481445, 5113
3.965968370437622, 5112
3.966963529586792, 5111
3.9679629802703857, 5110
3.9679629802703857, 5109
3.9679629802703857, 5108
3.9689598083496094, 5107
3.970954656600952, 5106
3.972949504852295, 5105
3.974942684173584, 5104
3.9799294471740723, 5103
3.9809277057647705, 5102
3.9948902130126953, 5101
3.99588680267334, 5100
3.99588680267334, 5099
3.99588680267334, 5098
3.99688458442688, 5097
3.99688458442688, 5096
3.9978811740875244, 5095
3.999876022338867, 5094
4.000874757766724, 5093
4.001871585845947, 5092
4.008859395980835, 5091
4.009856224060059, 5090
4.009856224060059, 5089
4.009856224060059, 5088
4.010853052139282, 5087
4.011850357055664, 5086
4.011850357055664, 5085
4.012849807739258, 5084
4.013845920562744, 5083
4.021824359893799, 5082
4.02282190322876, 5081
4.02282190322876, 5080
4.024816036224365, 5079
4.026811122894287, 5078
4.0278074741363525, 5077
4.0278074741363525, 5076
4.028804779052734, 5075
4.032796621322632, 5074
4.033792734146118, 5073
4.033792734146118, 5072
4.034789562225342, 5071
4.035786151885986, 5070
4.037781238555908, 5069
4.045759439468384, 5068
4.045759439468384, 5067
4.046756267547607, 5066
4.046756267547607, 5065
4.067701578140259, 5064
4.067701578140259, 5063
4.068700075149536, 5062
4.079669952392578, 5061
4.086649656295776, 5060
4.102609395980835, 5059
4.102609395980835, 5058
4.104603052139282, 5057
4.105599403381348, 5056
4.1085920333862305, 5055
4.109589099884033, 5054
4.111583948135376, 5053
4.115572929382324, 5052
4.116569995880127, 5051
4.116569995880127, 5050
4.118566274642944, 5049
4.132528066635132, 5048
4.144495964050293, 5047
4.145492315292358, 5046
4.147486686706543, 5045
4.147486686706543, 5044
4.148483991622925, 5043
4.1494810581207275, 5042
4.152473211288452, 5041
4.1545045375823975, 5040
4.155498504638672, 5039
4.155498504638672, 5038
4.157493829727173, 5037
4.158491373062134, 5036
4.160485506057739, 5035
4.162451982498169, 5034
4.163447141647339, 5033
4.1644439697265625, 5032
4.171456336975098, 5031
4.174415349960327, 5030
4.175414800643921, 5029
4.176409959793091, 5028
4.182396411895752, 5027
4.183391571044922, 5026
4.183391571044922, 5025
4.185418128967285, 5024
4.189409255981445, 5023
4.189409255981445, 5022
4.190374374389648, 5021
4.191370248794556, 5020
4.1923668384552, 5019
4.193364143371582, 5018
4.194361925125122, 5017
4.195359468460083, 5016
4.200345516204834, 5015
4.201344013214111, 5014
4.202340841293335, 5013
4.2043373584747314, 5012
4.20533299446106, 5011
4.208324193954468, 5010
4.20932149887085, 5009
4.211316108703613, 5008
4.212313175201416, 5007
4.219329595565796, 5006
4.224285364151001, 5005
4.225281000137329, 5004
4.227275371551514, 5003
4.227275371551514, 5002
4.229271173477173, 5001
4.237249135971069, 5000
4.237249135971069, 4999
4.23824667930603, 4998
4.239243030548096, 4997
4.2402403354644775, 4996
4.242234945297241, 4995
4.245229244232178, 4994
4.251211404800415, 4993
4.252241134643555, 4992
4.2542033195495605, 4991
4.259190797805786, 4990
4.260187149047852, 4989
4.262182235717773, 4988
4.2671685218811035, 4987
4.268165588378906, 4986
4.273152828216553, 4985
4.2761452198028564, 4984
4.277141809463501, 4983
4.287115097045898, 4982
4.292133092880249, 4981
4.2950921058654785, 4980
4.2950921058654785, 4979
4.297088861465454, 4978
4.3036048412323, 4977
4.3036048412323, 4976
4.306618928909302, 4975
4.308614253997803, 4974
4.3155927658081055, 4973
4.3155927658081055, 4972
4.316592216491699, 4971
4.319579124450684, 4970
4.325533390045166, 4969
4.325533390045166, 4968
4.327529668807983, 4967
4.328526258468628, 4966
4.33550763130188, 4965
4.337502479553223, 4964
4.3394975662231445, 4963
4.348473310470581, 4962
4.350467681884766, 4961
4.351465463638306, 4960
4.351465463638306, 4959
4.352462530136108, 4958
4.352462530136108, 4957
4.352462530136108, 4956
4.3534605503082275, 4955
4.3534605503082275, 4954
4.357449531555176, 4953
4.357449531555176, 4952
4.357449531555176, 4951
4.358447074890137, 4950
4.358447074890137, 4949
4.358447074890137, 4948
4.35944390296936, 4947
4.35944390296936, 4946
4.35944390296936, 4945
4.360440969467163, 4944
4.36143684387207, 4943
4.363437652587891, 4942
4.363437652587891, 4941
4.365428686141968, 4940
4.367422342300415, 4939
4.369417190551758, 4938
4.371412754058838, 4937
4.3724095821380615, 4936
4.374404430389404, 4935
4.375401496887207, 4934
4.379390716552734, 4933
4.381385803222656, 4932
4.382383346557617, 4931
4.383379697799683, 4930
4.384383678436279, 4929
4.38537335395813, 4928
4.386372327804565, 4927
4.3883655071258545, 4926
4.392354726791382, 4925
4.392354726791382, 4924
4.393354177474976, 4923
4.393354177474976, 4922
4.395346403121948, 4921
4.395346403121948, 4920
4.396343231201172, 4919
4.3983378410339355, 4918
4.411820411682129, 4917
4.4128172397613525, 4916
4.4128172397613525, 4915
4.4128172397613525, 4914
4.41381573677063, 4913
4.4158101081848145, 4912
4.416807413101196, 4911
4.41780424118042, 4910
4.418802261352539, 4909
4.4197986125946045, 4908
4.421795606613159, 4907
4.427777528762817, 4906
4.428775310516357, 4905
4.430770397186279, 4904
4.446726560592651, 4903
4.448720455169678, 4902
4.449717998504639, 4901
4.45370888710022, 4900
4.454704761505127, 4899
4.45570182800293, 4898
4.4576990604400635, 4897
4.4576990604400635, 4896
4.45872688293457, 4895
4.45872688293457, 4894
4.45872688293457, 4893
4.459723949432373, 4892
4.460690259933472, 4891
4.462717294692993, 4890
4.466706037521362, 4889
4.4676713943481445, 4888
4.4686973094940186, 4887
4.469700336456299, 4886
4.471696376800537, 4885
4.472689390182495, 4884
4.475649356842041, 4883
4.475649356842041, 4882
4.476646900177002, 4881
4.477643251419067, 4880
4.478640556335449, 4879
4.478640556335449, 4878
4.482635498046875, 4877
4.484628200531006, 4876
4.487618446350098, 4875
4.487618446350098, 4874
4.4886155128479, 4873
4.489613771438599, 4872
4.4916064739227295, 4871
4.492603302001953, 4870
4.494598865509033, 4869
4.498587369918823, 4868
4.498587369918823, 4867
4.502578496932983, 4866
4.504104375839233, 4865
4.504104375839233, 4864
4.504104375839233, 4863
4.505085468292236, 4862
4.507080316543579, 4861
4.508077144622803, 4860
4.515089750289917, 4859
4.516056299209595, 4858
4.517082214355469, 4857
4.517082214355469, 4856
4.518081903457642, 4855
4.518081903457642, 4854
4.518081903457642, 4853
4.518081903457642, 4852
4.519078254699707, 4851
4.524036407470703, 4850
4.526055335998535, 4849
4.527054309844971, 4848
4.529022455215454, 4847
4.5300188064575195, 4846
4.532013416290283, 4845
4.536003351211548, 4844
4.539025545120239, 4843
4.542983055114746, 4842
4.544977903366089, 4841
4.5469725131988525, 4840
4.548967599868774, 4839
4.550962448120117, 4838
4.552956819534302, 4837
4.554982900619507, 4836
4.565921783447266, 4835
4.567952394485474, 4834
4.569945573806763, 4833
4.570909261703491, 4832
4.5799171924591064, 4831
4.582878112792969, 4830
4.584902763366699, 4829
4.586864471435547, 4828
4.592849969863892, 4827
4.594876289367676, 4826
4.6039369106292725, 4825
4.605919122695923, 4824
4.6099090576171875, 4823
4.611903190612793, 4822
4.615924835205078, 4821
4.6189165115356445, 4820
4.620880365371704, 4819
4.631849527359009, 4818
4.634843111038208, 4817
4.635839939117432, 4816
4.6378350257873535, 4815
4.6398606300354, 4814
4.641824722290039, 4813
4.645812034606934, 4812
4.645812034606934, 4811
4.70365834236145, 4810
4.717134952545166, 4809
4.718132734298706, 4808
4.718132734298706, 4807
4.718132734298706, 4806
4.719133377075195, 4805
4.739076375961304, 4804
4.740074157714844, 4803
4.754048585891724, 4802
4.755043983459473, 4801
4.76201605796814, 4800
4.810400724411011, 4799
4.8123939037323, 4798
4.8123939037323, 4797
4.8123939037323, 4796
4.814389944076538, 4795
4.822369337081909, 4794
4.824362516403198, 4793
4.827356338500977, 4792
4.829349756240845, 4791
4.831344366073608, 4790
4.832341432571411, 4789
4.8383259773254395, 4788
4.840320348739624, 4787
4.843311309814453, 4786
4.8473005294799805, 4785
4.84929633140564, 4784
4.850292682647705, 4783
4.85228705406189, 4782
4.853285789489746, 4781
4.856280326843262, 4780
4.858271598815918, 4779
4.860266208648682, 4778
4.871237277984619, 4777
4.887194871902466, 4776
4.887194871902466, 4775
4.892180919647217, 4774
4.8931779861450195, 4773
4.895172119140625, 4772
4.896169185638428, 4771
4.899170398712158, 4770
4.902154445648193, 4769
4.902154445648193, 4768
4.903151273727417, 4767
4.904152154922485, 4766
4.90514612197876, 4765
4.909135341644287, 4764
4.9211039543151855, 4763
4.9211039543151855, 4762
4.92210054397583, 4761
4.923098087310791, 4760
4.925092935562134, 4759
4.926090478897095, 4758
4.928084373474121, 4757
4.930079221725464, 4756
4.931076765060425, 4755
4.93307089805603, 4754
4.934068918228149, 4753
4.9380576610565186, 4752
4.943045616149902, 4751
4.947033882141113, 4750
4.95501184463501, 4749
4.956009387969971, 4748
4.956009387969971, 4747
4.956009387969971, 4746
4.957006216049194, 4745
4.958004951477051, 4744
4.958004951477051, 4743
4.959002733230591, 4742
4.959002733230591, 4741
4.964986085891724, 4740
4.966979742050171, 4739
4.967977046966553, 4738
4.971966028213501, 4737
4.973961353302002, 4736
4.976953983306885, 4735
4.978949069976807, 4734
4.984934329986572, 4733
4.985929727554321, 4732
4.985929727554321, 4731
4.986926317214966, 4730
5.002899169921875, 4729
5.003883600234985, 4728
5.003883600234985, 4727
5.0058770179748535, 4726
5.007871627807617, 4725
5.010863304138184, 4724
5.0128583908081055, 4723
5.013855218887329, 4722
5.0158491134643555, 4721
5.016846179962158, 4720
5.025823354721069, 4719
5.027817726135254, 4718
5.028814315795898, 4717
5.0298120975494385, 4716
5.031806230545044, 4715
5.032803535461426, 4714
5.034799575805664, 4713
5.042779207229614, 4712
5.04377555847168, 4711
5.0587358474731445, 4710
5.059732675552368, 4709
5.060731410980225, 4708
5.062725782394409, 4707
5.0647218227386475, 4706
5.06671667098999, 4705
5.0687096118927, 4704
5.070704221725464, 4703
5.073697090148926, 4702
5.075690984725952, 4701
5.086660146713257, 4700
5.088656663894653, 4699
5.095636367797852, 4698
5.097631931304932, 4697
5.098628997802734, 4696
5.103617191314697, 4695
5.103617191314697, 4694
5.104614496231079, 4693
5.104614496231079, 4692
5.104614496231079, 4691
5.105611085891724, 4690
5.105611085891724, 4689
5.1066083908081055, 4688
5.107605934143066, 4687
5.10860276222229, 4686
5.10860276222229, 4685
5.10860276222229, 4684
5.109599590301514, 4683
5.109599590301514, 4682
5.110596418380737, 4681
5.110596418380737, 4680
5.1115944385528564, 4679
5.112591028213501, 4678
5.114589691162109, 4677
5.116581439971924, 4676
5.117579221725464, 4675
5.119573354721069, 4674
5.128549098968506, 4673
5.133534908294678, 4672
5.134533405303955, 4671
5.134533405303955, 4670
5.134533405303955, 4669
5.1355297565460205, 4668
5.140516519546509, 4667
5.141514301300049, 4666
5.141514301300049, 4665
5.165452241897583, 4664
5.181409120559692, 4663
5.182406902313232, 4662
5.199363708496094, 4661
5.201355457305908, 4660
5.202353239059448, 4659
5.202353239059448, 4658
5.207338333129883, 4657
5.208335638046265, 4656
5.2093329429626465, 4655
5.210330247879028, 4654
5.211330413818359, 4653
5.2502241134643555, 4652
5.251219272613525, 4651
5.262192010879517, 4650
5.273160934448242, 4649
5.277151346206665, 4648
5.303083419799805, 4647
5.320071220397949, 4646
5.343976259231567, 4645
5.343976259231567, 4644
5.345999240875244, 4643
5.349955797195435, 4642
5.350953578948975, 4641
5.351950168609619, 4640
5.361928701400757, 4639
5.378881216049194, 4638
5.428746938705444, 4637
5.4347312450408936, 4636
5.4347312450408936, 4635
5.436725378036499, 4634
5.437722444534302, 4633
5.45068621635437, 4632
5.45068621635437, 4631
5.456670045852661, 4630
5.458667278289795, 4629
5.472627639770508, 4628
5.472627639770508, 4627
5.475623846054077, 4626
5.4766175746917725, 4625
5.478611469268799, 4624
5.483600378036499, 4623
5.489582777023315, 4622
5.493573427200317, 4621
5.500566720962524, 4620
5.530473947525024, 4619
5.531471014022827, 4618
5.532467603683472, 4617
5.536457777023315, 4616
5.55141806602478, 4615
5.556403398513794, 4614
5.604276895523071, 4613
5.609263181686401, 4612
5.612254619598389, 4611
5.613251686096191, 4610
5.679076433181763, 4609
5.688051462173462, 4608
5.698026180267334, 4607
5.69902229309082, 4606
5.69902229309082, 4605
5.713982343673706, 4604
5.717971324920654, 4603
5.717971324920654, 4602
5.729940176010132, 4601
5.733438730239868, 4600
5.745406627655029, 4599
5.751390218734741, 4598
5.759369134902954, 4597
5.760365962982178, 4596
5.777348518371582, 4595
5.785332918167114, 4594
5.788325548171997, 4593
5.796269655227661, 4592
5.807241201400757, 4591
5.80824089050293, 4590
5.816250801086426, 4589
5.816250801086426, 4588
5.817246913909912, 4587
5.830212354660034, 4586
5.8391945362091064, 4585
5.840191841125488, 4584
5.845176935195923, 4583
5.87011194229126, 4582
5.871109247207642, 4581
5.871109247207642, 4580
5.87808895111084, 4579
5.87808895111084, 4578
5.879086971282959, 4577
5.881083250045776, 4576
5.882079839706421, 4575
5.9040207862854, 4574
5.913029432296753, 4573
5.918015956878662, 4572
5.92995023727417, 4571
5.934937477111816, 4570
5.939924478530884, 4569
5.940922021865845, 4568
5.9469382762908936, 4567
5.961866855621338, 4566
5.966853141784668, 4565
5.971839904785156, 4564
5.980816125869751, 4563
5.980816125869751, 4562
5.9858012199401855, 4561
5.996771574020386, 4560
5.996771574020386, 4559
6.003754615783691, 4558
6.008739471435547, 4557
6.027721643447876, 4556
6.028719425201416, 4555
6.030681848526001, 4554
6.045643329620361, 4553
6.046640634536743, 4552
6.046640634536743, 4551
6.047637939453125, 4550
6.062636137008667, 4549
6.073566436767578, 4548
6.077555418014526, 4547
6.081545352935791, 4546
6.100494146347046, 4545
6.15736198425293, 4544
6.15736198425293, 4543
6.1583592891693115, 4542
6.162348031997681, 4541
6.163345098495483, 4540
6.210251569747925, 4539
6.211247205734253, 4538
6.217234373092651, 4537
6.225212097167969, 4536
6.252653121948242, 4535
6.279581308364868, 4534
6.280579328536987, 4533
6.2965357303619385, 4532
6.29853081703186, 4531
6.302520990371704, 4530
6.304516553878784, 4529
6.322501182556152, 4528
6.33247447013855, 4527
6.333439588546753, 4526
6.342417240142822, 4525
6.342417240142822, 4524
6.342417240142822, 4523
6.359402179718018, 4522
6.38829231262207, 4521
6.417243003845215, 4520
6.420239448547363, 4519
6.421205997467041, 4518
6.431209564208984, 4517
6.439187526702881, 4516
6.493024826049805, 4515
6.494043588638306, 4514
6.571802377700806, 4513
6.577816963195801, 4512
6.587791442871094, 4511
6.6027512550354, 4510
6.6027512550354, 4509
6.630642652511597, 4508
6.652585744857788, 4507
6.65557861328125, 4506
6.6655497550964355, 4505
6.687522888183594, 4504
6.691514492034912, 4503
6.703449010848999, 4502
6.768276214599609, 4501
6.782240152359009, 4500
6.784233570098877, 4499
6.798227548599243, 4498
6.802186489105225, 4497
6.813190937042236, 4496
6.814152956008911, 4495
6.819138526916504, 4494
6.8241260051727295, 4493
6.8241260051727295, 4492
6.833103179931641, 4491
6.836094856262207, 4490
6.863022565841675, 4489
6.863022565841675, 4488
6.8949384689331055, 4487
6.89892578125, 4486
6.899923086166382, 4485
6.948791742324829, 4484
6.948791742324829, 4483
7.009630441665649, 4482
7.038552522659302, 4481
7.0834362506866455, 4480
7.0834362506866455, 4479
7.0864245891571045, 4478
7.098392486572266, 4477
7.107369422912598, 4476
7.107369422912598, 4475
7.111357688903809, 4474
7.111357688903809, 4473
7.1173412799835205, 4472
7.135294437408447, 4471
7.162225246429443, 4470
7.163219690322876, 4469
7.218072175979614, 4468
7.22405743598938, 4467
7.230039834976196, 4466
7.2465126514434814, 4465
7.2465126514434814, 4464
7.264465570449829, 4463
7.270447254180908, 4462
7.27742862701416, 4461
7.2914252281188965, 4460
7.314330339431763, 4459
7.314330339431763, 4458
7.315327167510986, 4457
7.315327167510986, 4456
7.331317901611328, 4455
7.349238157272339, 4454
7.350267648696899, 4453
7.370182275772095, 4452
7.37118124961853, 4451
7.380184173583984, 4450
7.393119812011719, 4449
7.449007511138916, 4448
7.468924522399902, 4447
7.468924522399902, 4446
7.474907398223877, 4445
7.499876499176025, 4444
7.507821798324585, 4443
7.526769638061523, 4442
7.5297605991363525, 4441
7.5297605991363525, 4440
7.5656657218933105, 4439
7.566662788391113, 4438
7.58062481880188, 4437
7.603565692901611, 4436
7.6085524559021, 4435
7.609548568725586, 4434
7.617525815963745, 4433
7.621527671813965, 4432
7.6275012493133545, 4431
7.66540002822876, 4430
7.685345888137817, 4429
7.685345888137817, 4428
7.697311878204346, 4427
7.704294919967651, 4426
7.704294919967651, 4425
7.704294919967651, 4424
7.7574944496154785, 4423
7.767467737197876, 4422
7.781430006027222, 4421
7.786417245864868, 4420
7.7904112339019775, 4419
7.7914042472839355, 4418
7.804370880126953, 4417
7.811349630355835, 4416
7.812346935272217, 4415
7.822322130203247, 4414
7.823319911956787, 4413
7.866235256195068, 4412
7.87617826461792, 4411
7.892135143280029, 4410
7.893132925033569, 4409
7.936016082763672, 4408
7.937013387680054, 4407
7.943997144699097, 4406
7.947983980178833, 4405
7.955964803695679, 4404
7.956995248794556, 4403
7.958987712860107, 4402
7.981895446777344, 4401
8.003836870193481, 4400
8.024779796600342, 4399
8.024779796600342, 4398
8.030762910842896, 4397
8.031759977340698, 4396
8.04173493385315, 4395
8.05070948600769, 4394
8.070655822753906, 4393
8.086613178253174, 4392
8.114539623260498, 4391
8.11952519416809, 4390
8.132490396499634, 4389
8.144460678100586, 4388
8.153437614440918, 4387
8.162410974502563, 4386
8.191333532333374, 4385
8.20729112625122, 4384
8.225244283676147, 4383
8.233222723007202, 4382
8.233222723007202, 4381
8.246187448501587, 4380
8.251173734664917, 4379
8.302041053771973, 4378
8.302041053771973, 4377
8.311015605926514, 4376
8.323014497756958, 4375
8.323980569839478, 4374
8.348917722702026, 4373
8.350937604904175, 4372
8.375872611999512, 4371
8.377870798110962, 4370
8.382853031158447, 4369
8.39578652381897, 4368
8.41178035736084, 4367
8.418725728988647, 4366
8.41972303390503, 4365
8.427701234817505, 4364
8.427701234817505, 4363
8.429695844650269, 4362
8.436705589294434, 4361
8.436705589294434, 4360
8.436705589294434, 4359
8.44668197631836, 4358
8.450673341751099, 4357
8.46563720703125, 4356
8.550374507904053, 4355
8.656091213226318, 4354
8.693990707397461, 4353
8.708949089050293, 4352
8.708949089050293, 4351
8.713937520980835, 4350
8.724907636642456, 4349
8.738869905471802, 4348
8.738869905471802, 4347
8.743856191635132, 4346
8.745851039886475, 4345
8.745851039886475, 4344
8.748842477798462, 4343
8.763015985488892, 4342
8.770961999893188, 4341
8.788912057876587, 4340
8.789909839630127, 4339
8.854736804962158, 4338
8.918567419052124, 4337
8.943498611450195, 4336
8.959455490112305, 4335
8.960453033447266, 4334
8.968433141708374, 4333
8.98342752456665, 4332
9.008357763290405, 4331
9.022289276123047, 4330
9.034255981445312, 4329
9.03824496269226, 4328
9.042266130447388, 4327
9.106065511703491, 4326
9.171887636184692, 4325
9.172887563705444, 4324
9.185850381851196, 4323
9.194826364517212, 4322
9.196820735931396, 4321
9.20180869102478, 4320
9.246687412261963, 4319
9.264342069625854, 4318
9.280298471450806, 4317
9.33715009689331, 4316
9.374562501907349, 4315
9.383538246154785, 4314
9.4124596118927, 4313
9.448391675949097, 4312
9.459880590438843, 4311
9.494787454605103, 4310
9.511707544326782, 4309
9.520683765411377, 4308
9.527663230895996, 4307
9.528660535812378, 4306
9.537636518478394, 4305
9.540628671646118, 4304
9.540628671646118, 4303
9.550636768341064, 4302
9.578761577606201, 4301
9.578761577606201, 4300
9.584747791290283, 4299
9.641561031341553, 4298
9.64555048942566, 4297
9.646547555923462, 4296
9.67298698425293, 4295
9.67398452758789, 4294
9.692933559417725, 4293
9.742802619934082, 4292
9.767923831939697, 4291
9.775900602340698, 4290
9.79385256767273, 4289
9.794852018356323, 4288
9.872642755508423, 4287
9.872642755508423, 4286
9.894583702087402, 4285
9.899569749832153, 4284
9.90857982635498, 4283
9.917521715164185, 4282
9.927495956420898, 4281
9.93248176574707, 4280
10.133943319320679, 4279
10.238665103912354, 4278
10.38826298713684, 4277
10.389261722564697, 4276
10.41818356513977, 4275
10.527894020080566, 4274
10.550829410552979, 4273
10.76229476928711, 4272
10.76229476928711, 4271
10.785226345062256, 4270
10.86002492904663, 4269
10.861022710800171, 4268
10.871994018554688, 4267
10.894932746887207, 4266
10.908895254135132, 4265
10.916873931884766, 4264
10.931833028793335, 4263
11.013621091842651, 4262
11.013621091842651, 4261
11.017609357833862, 4260
11.021598815917969, 4259
11.022598505020142, 4258
11.031572580337524, 4257
11.094405889511108, 4256
11.104380369186401, 4255
11.131305456161499, 4254
11.136291980743408, 4253
11.136291980743408, 4252
11.155243396759033, 4251
11.161226987838745, 4250
11.16222858428955, 4249
11.164223432540894, 4248
11.235033512115479, 4247
11.2460036277771, 4246
11.256974458694458, 4245
11.261961698532104, 4244
11.307852029800415, 4243
11.356720924377441, 4242
11.369234561920166, 4241
11.375186443328857, 4240
11.44499921798706, 4239
11.512336015701294, 4238
11.594118118286133, 4237
11.61605954170227, 4236
11.63603949546814, 4235
11.638999462127686, 4234
11.673903703689575, 4233
11.674901008605957, 4232
11.674901008605957, 4231
11.69783902168274, 4230
11.79956865310669, 4229
11.834475994110107, 4228
11.85142993927002, 4227
11.861402034759521, 4226
11.898302793502808, 4225
11.9132661819458, 4224
11.919249296188354, 4223
11.961135387420654, 4222
11.979087114334106, 4221
11.979087114334106, 4220
12.015990495681763, 4219
12.021974086761475, 4218
12.037930011749268, 4217
12.042919397354126, 4216
12.048927307128906, 4215
12.048927307128906, 4214
12.048927307128906, 4213
12.134670972824097, 4212
12.13866400718689, 4211
12.145641803741455, 4210
12.14763617515564, 4209
12.14963150024414, 4208
12.151625394821167, 4207
12.17655873298645, 4206
12.252388954162598, 4205
12.289257526397705, 4204
12.292249202728271, 4203
12.313193798065186, 4202
12.314192295074463, 4201
12.314192295074463, 4200
12.323169708251953, 4199
12.324166059494019, 4198
12.419912815093994, 4197
12.42293667793274, 4196
12.424934387207031, 4195
12.433875560760498, 4194
12.441856861114502, 4193
12.460803508758545, 4192
12.48477578163147, 4191
12.495744466781616, 4190
12.495744466781616, 4189
12.507747173309326, 4188
12.534645318984985, 4187
12.552594423294067, 4186
12.574533700942993, 4185
12.583510875701904, 4184
12.588529348373413, 4183
12.588529348373413, 4182
12.591521739959717, 4181
12.591521739959717, 4180
12.594513654708862, 4179
12.594513654708862, 4178
12.59551215171814, 4177
12.61545729637146, 4176
12.61545729637146, 4175
12.61545729637146, 4174
12.616456508636475, 4173
12.635371208190918, 4172
12.635371208190918, 4171
12.639360427856445, 4170
12.719807386398315, 4169
12.719807386398315, 4168
12.77761960029602, 4167
12.797566175460815, 4166
12.806572675704956, 4165
12.81352710723877, 4164
12.820504903793335, 4163
12.858437299728394, 4162
12.858437299728394, 4161
12.859436273574829, 4160
12.86043095588684, 4159
12.970104932785034, 4158
12.970104932785034, 4157
12.99806022644043, 4156
12.99806022644043, 4155
13.0199716091156, 4154
13.032974243164062, 4153
13.122697591781616, 4152
13.122697591781616, 4151
13.125689506530762, 4150
13.127685308456421, 4149
13.357070207595825, 4148
13.369070529937744, 4147
13.371034622192383, 4146
13.405972242355347, 4145
13.405972242355347, 4144
13.41990351676941, 4143
13.450819969177246, 4142
13.469768524169922, 4141
13.558563947677612, 4140
13.607402324676514, 4139
13.611391067504883, 4138
13.61241865158081, 4137
13.635326147079468, 4136
13.63632321357727, 4135
13.646296977996826, 4134
13.646296977996826, 4133
13.647294044494629, 4132
13.677214622497559, 4131
13.732067346572876, 4130
13.836302280426025, 4129
13.880184888839722, 4128
13.885176420211792, 4127
13.885176420211792, 4126
13.888168573379517, 4125
13.900135517120361, 4124
13.901133060455322, 4123
13.901133060455322, 4122
13.902132749557495, 4121
13.921083450317383, 4120
13.943055868148804, 4119
13.944019794464111, 4118
13.96297025680542, 4117
14.091634273529053, 4116
14.100600957870483, 4115
14.106583833694458, 4114
14.548239707946777, 4113
14.554224491119385, 4112
14.554224491119385, 4111
14.734776258468628, 4110
14.745713949203491, 4109
14.762667894363403, 4108
14.788598537445068, 4107
14.793583869934082, 4106
14.806550741195679, 4105
14.943193674087524, 4104
14.971110343933105, 4103
15.085803747177124, 4102
15.105750799179077, 4101
15.172571420669556, 4100
15.40848159790039, 4099
15.542097568511963, 4098
15.542097568511963, 4097
15.54309606552124, 4096
15.605929374694824, 4095
15.618894100189209, 4094
15.718626976013184, 4093
15.980441570281982, 4092
15.995908737182617, 4091
16.053755283355713, 4090
16.09764051437378, 4089
16.101629972457886, 4088
16.124568223953247, 4087
16.133543252944946, 4086
16.160473108291626, 4085
16.274165391921997, 4084
16.297104597091675, 4083
16.327025175094604, 4082
16.354949474334717, 4081
17.0391263961792, 4080
17.077025175094604, 4079
17.094977378845215, 4078
17.121922731399536, 4077
17.121922731399536, 4076
17.130894422531128, 4075
17.130894422531128, 4074
17.42862319946289, 4073
17.429619073867798, 4072
17.587709188461304, 4071
17.61016583442688, 4070
17.61016583442688, 4069
17.63908839225769, 4068
17.640085697174072, 4067
17.643078565597534, 4066
17.661030292510986, 4065
17.712892293930054, 4064
17.757771253585815, 4063
17.807671546936035, 4062
17.831573963165283, 4061
17.85850191116333, 4060
17.85850191116333, 4059
17.86049723625183, 4058
17.861494779586792, 4057
17.869472980499268, 4056
17.89540386199951, 4055
17.89540386199951, 4054
17.896402835845947, 4053
17.916347980499268, 4052
17.928348064422607, 4051
17.929344177246094, 4050
17.968242168426514, 4049
17.971201181411743, 4048
17.976186990737915, 4047
17.993142127990723, 4046
17.99517011642456, 4045
17.99915885925293, 4044
18.005144119262695, 4043
18.012124061584473, 4042
18.070934295654297, 4041
18.236490964889526, 4040
18.24945592880249, 4039
18.37711501121521, 4038
18.37711501121521, 4037
18.380106925964355, 4036
18.512753009796143, 4035
18.515744924545288, 4034
18.71820569038391, 4033
18.93471336364746, 4032
18.97261118888855, 4031
18.979592323303223, 4030
19.00053858757019, 4029
19.14704203605652, 4028
19.195911407470703, 4027
19.202893495559692, 4026
19.210871696472168, 4025
19.210871696472168, 4024
19.21485996246338, 4023
19.243783950805664, 4022
19.364466428756714, 4021
19.73247742652893, 4020
19.740455865859985, 4019
19.740455865859985, 4018
19.862133264541626, 4017
19.961865186691284, 4016
19.98081374168396, 4015
19.992781162261963, 4014
20.251904010772705, 4013
20.261876106262207, 4012
31.06519317626953, 4011
31.070210218429565, 4010
31.982764720916748, 4009
32.34045100212097, 4008
32.36638069152832, 4007
32.73665165901184, 4006
32.773520946502686, 4005
32.864280462265015, 4004
33.04180359840393, 4003
33.19941568374634, 4002
33.42777061462402, 4001
33.96533989906311, 4000
34.15575361251831, 3999
34.173675775527954, 3998
34.701398849487305, 3997
34.72433805465698, 3996
35.269877433776855, 3995
35.28882670402527, 3994
35.868868827819824, 3993
36.21693658828735, 3992
36.64180326461792, 3991
36.67570972442627, 3990
37.17481088638306, 3989
37.20476222038269, 3988
37.683475732803345, 3987
37.86399245262146, 3986
38.00062704086304, 3985
38.001625776290894, 3984
38.00963854789734, 3983
38.10209393501282, 3982
38.17393255233765, 3981
38.3753604888916, 3980
38.38134503364563, 3979
39.082595348358154, 3978
39.13245940208435, 3977
39.430662393569946, 3976
39.46357488632202, 3975
39.48352408409119, 3974
39.567301511764526, 3973
40.04102945327759, 3972
41.51483488082886, 3971
42.44506049156189, 3970
42.450045585632324, 3969
42.5178656578064, 3968
43.56629991531372, 3967
43.59821534156799, 3966
43.76500415802002, 3965
43.91760277748108, 3964
44.926446199417114, 3963
45.46819090843201, 3962
45.76942300796509, 3961
45.810280561447144, 3960
45.83122277259827, 3959
45.94542598724365, 3958
47.576632022857666, 3957
49.12499141693115, 3956
49.91943430900574, 3955
51.11933898925781, 3954
52.464812994003296, 3953
53.60155439376831, 3952
55.35734009742737, 3951
55.75443410873413, 3950
56.75975465774536, 3949
58.58454895019531, 3948
64.6246030330658, 3947
68.73858737945557, 3946
71.95310306549072, 3945
71.95410108566284, 3944
79.40055108070374, 3943
81.01725840568542, 3942
83.4619767665863, 3941
84.97644376754761, 3940
85.09896397590637, 3939
88.48417234420776, 3938
91.23266983032227, 3937
93.78034901618958, 3936
