0.06678915023803711, 5605
0.07576632499694824, 5604
0.08275747299194336, 5603
0.09272074699401855, 5602
0.13061881065368652, 5601
0.13161659240722656, 5600
0.1326146125793457, 5599
0.13361096382141113, 5598
0.21841740608215332, 5597
0.21941328048706055, 5596
0.31017303466796875, 5595
0.3121657371520996, 5594
0.3281235694885254, 5593
0.3281235694885254, 5592
0.32912135124206543, 5591
0.32912135124206543, 5590
0.33011722564697266, 5589
0.33011722564697266, 5588
0.33011722564697266, 5587
0.3311142921447754, 5586
0.33211231231689453, 5585
0.33211231231689453, 5584
0.33806610107421875, 5583
0.4308490753173828, 5582
0.43181395530700684, 5581
0.43181395530700684, 5580
0.43181395530700684, 5579
0.4667518138885498, 5578
0.4717073440551758, 5577
0.47370195388793945, 5576
0.554485559463501, 5575
0.555487871170044, 5574
0.555487871170044, 5573
0.5565152168273926, 5572
0.5584757328033447, 5571
0.5614733695983887, 5570
0.5644912719726562, 5569
0.5644912719726562, 5568
0.5644912719726562, 5567
1.1977927684783936, 5566
1.249654769897461, 5565
1.2995235919952393, 5564
1.3234589099884033, 5563
1.3364231586456299, 5562
1.3374247550964355, 5561
1.355372667312622, 5560
1.3573663234710693, 5559
1.36771559715271, 5558
1.4135823249816895, 5557
1.4983563423156738, 5556
1.5003504753112793, 5555
1.5013482570648193, 5554
1.502345323562622, 5553
1.5063340663909912, 5552
1.6000897884368896, 5551
1.605069875717163, 5550
1.6080617904663086, 5549
1.6250169277191162, 5548
1.6878485679626465, 5547
1.9149518013000488, 5546
1.9189398288726807, 5545
1.9239275455474854, 5544
1.9338996410369873, 5543
1.9378890991210938, 5542
1.9408812522888184, 5541
1.954843282699585, 5540
1.955840826034546, 5539
2.0545766353607178, 5538
2.056572437286377, 5537
2.05757212638855, 5536
2.1124231815338135, 5535
2.1712639331817627, 5534
2.1812376976013184, 5533
2.1822350025177, 5532
2.241079330444336, 5531
2.251056671142578, 5530
2.2630186080932617, 5529
2.2630186080932617, 5528
2.2640156745910645, 5527
2.2650134563446045, 5526
2.271995782852173, 5525
2.2839646339416504, 5524
2.2849619388580322, 5523
2.2859578132629395, 5522
2.2859578132629395, 5521
2.287951707839966, 5520
2.300917863845825, 5519
2.305903673171997, 5518
2.309893846511841, 5517
2.313883066177368, 5516
2.315882682800293, 5515
2.31687593460083, 5514
2.3178725242614746, 5513
2.323857307434082, 5512
2.337819814682007, 5511
2.337819814682007, 5510
2.3388161659240723, 5509
2.344801425933838, 5508
2.346795082092285, 5507
2.346795082092285, 5506
2.346795082092285, 5505
2.3517820835113525, 5504
2.3547756671905518, 5503
2.355771780014038, 5502
2.361754894256592, 5501
2.3627536296844482, 5500
2.3627536296844482, 5499
2.363748788833618, 5498
2.364746570587158, 5497
2.3707308769226074, 5496
2.398655414581299, 5495
2.425584316253662, 5494
2.4275805950164795, 5493
2.4285757541656494, 5492
2.448524236679077, 5491
2.449519157409668, 5490
2.450517416000366, 5489
2.4515137672424316, 5488
2.453509569168091, 5487
2.46348237991333, 5486
2.46348237991333, 5485
2.467472553253174, 5484
2.4694676399230957, 5483
2.4854249954223633, 5482
2.4854249954223633, 5481
2.4864211082458496, 5480
2.488416910171509, 5479
2.4904110431671143, 5478
2.4934027194976807, 5477
2.4963955879211426, 5476
2.511354446411133, 5475
2.5123519897460938, 5474
2.5183355808258057, 5473
2.5193331241607666, 5472
2.5213308334350586, 5471
2.532301425933838, 5470
2.5542404651641846, 5469
2.555238962173462, 5468
2.5572335720062256, 5467
2.5861589908599854, 5466
2.58815336227417, 5465
2.5901451110839844, 5464
2.5921406745910645, 5463
2.59413480758667, 5462
2.643002986907959, 5461
2.644000768661499, 5460
2.6449966430664062, 5459
2.6519784927368164, 5458
2.6529757976531982, 5457
2.6669399738311768, 5456
2.6669399738311768, 5455
2.667936086654663, 5454
2.668933391571045, 5453
2.6848905086517334, 5452
2.686885118484497, 5451
2.6988537311553955, 5450
2.710822582244873, 5449
2.716806411743164, 5448
2.733760118484497, 5447
2.7387475967407227, 5446
2.7407429218292236, 5445
2.7417402267456055, 5444
2.7447311878204346, 5443
2.7467257976531982, 5442
2.752713918685913, 5441
2.7537100315093994, 5440
2.760688304901123, 5439
2.769662857055664, 5438
2.7726547718048096, 5437
2.7736518383026123, 5436
2.7746505737304688, 5435
2.7796361446380615, 5434
2.781630754470825, 5433
2.78462290763855, 5432
2.857429265975952, 5431
2.861421823501587, 5430
2.861421823501587, 5429
2.8624179363250732, 5428
2.8624179363250732, 5427
2.8634192943573, 5426
2.8644118309020996, 5425
2.8644118309020996, 5424
2.8644118309020996, 5423
2.8654072284698486, 5422
2.867401361465454, 5421
2.870394229888916, 5420
2.8723878860473633, 5419
2.8763809204101562, 5418
2.8783740997314453, 5417
2.8803672790527344, 5416
2.882361888885498, 5415
2.8843564987182617, 5414
2.892336845397949, 5413
2.8933334350585938, 5412
2.8973228931427, 5411
2.898319721221924, 5410
2.898319721221924, 5409
2.898319721221924, 5408
2.89931583404541, 5407
2.89931583404541, 5406
2.89931583404541, 5405
2.901310682296753, 5404
2.9023079872131348, 5403
2.9033052921295166, 5402
2.9043023586273193, 5401
2.9122815132141113, 5400
2.913278818130493, 5399
2.918774127960205, 5398
2.918774127960205, 5397
2.924757957458496, 5396
2.925755262374878, 5395
2.927751302719116, 5394
2.9287474155426025, 5393
2.93572998046875, 5392
2.936727285385132, 5391
2.936727285385132, 5390
2.936727285385132, 5389
2.9427099227905273, 5388
2.9427099227905273, 5387
2.943707227706909, 5386
2.945702075958252, 5385
2.946699380874634, 5384
2.9486947059631348, 5383
2.9516875743865967, 5382
2.953681468963623, 5381
2.958667516708374, 5380
2.9696390628814697, 5379
2.9706363677978516, 5378
2.972630262374878, 5377
2.9746251106262207, 5376
2.97662091255188, 5375
2.980609178543091, 5374
2.9816064834594727, 5373
2.98260498046875, 5372
2.9836018085479736, 5371
2.9836018085479736, 5370
2.9846014976501465, 5369
2.985595941543579, 5368
2.98659348487854, 5367
2.98659348487854, 5366
2.9875903129577637, 5365
2.9875903129577637, 5364
2.9955742359161377, 5363
2.9955742359161377, 5362
2.998563289642334, 5361
2.998563289642334, 5360
3.0195083618164062, 5359
3.0195083618164062, 5358
3.0424435138702393, 5357
3.0434412956237793, 5356
3.0444388389587402, 5355
3.0454373359680176, 5354
3.046433448791504, 5353
3.0484282970428467, 5352
3.049424648284912, 5351
3.050421953201294, 5350
3.058401107788086, 5349
3.0593996047973633, 5348
3.0693726539611816, 5347
3.073361396789551, 5346
3.0863263607025146, 5345
3.0893189907073975, 5344
3.098297595977783, 5343
3.120237112045288, 5342
3.120237112045288, 5341
3.1222307682037354, 5340
3.1242268085479736, 5339
3.1272177696228027, 5338
3.136204719543457, 5337
3.1371946334838867, 5336
3.141181707382202, 5335
3.148163080215454, 5334
3.1491589546203613, 5333
3.1501569747924805, 5332
3.154146194458008, 5331
3.1551480293273926, 5330
3.156141757965088, 5329
3.1601312160491943, 5328
3.1601312160491943, 5327
3.1621246337890625, 5326
3.1691055297851562, 5325
3.2528815269470215, 5324
3.2668449878692627, 5323
3.283799409866333, 5322
3.287787675857544, 5321
3.287787675857544, 5320
3.2977638244628906, 5319
3.2987585067749023, 5318
3.2987585067749023, 5317
3.307736873626709, 5316
3.307736873626709, 5315
3.313720464706421, 5314
3.314716339111328, 5313
3.316713809967041, 5312
3.330674648284912, 5311
3.3316702842712402, 5310
3.3346614837646484, 5309
3.3346614837646484, 5308
3.335660219192505, 5307
3.335660219192505, 5306
3.339651346206665, 5305
3.340646266937256, 5304
3.340646266937256, 5303
3.349621534347534, 5302
3.350619316101074, 5301
3.350619316101074, 5300
3.350619316101074, 5299
3.352613687515259, 5298
3.35760235786438, 5297
3.3585989475250244, 5296
3.363584280014038, 5295
3.3655803203582764, 5294
3.3665764331817627, 5293
3.3695693016052246, 5292
3.3715639114379883, 5291
3.3735580444335938, 5290
3.3775508403778076, 5289
3.3785459995269775, 5288
3.3785459995269775, 5287
3.379542112350464, 5286
3.3825342655181885, 5285
3.3855271339416504, 5284
3.396497964859009, 5283
3.3974945545196533, 5282
3.40746808052063, 5281
3.410460948944092, 5280
3.412454605102539, 5279
3.4144482612609863, 5278
3.4179625511169434, 5277
3.4199471473693848, 5276
3.42094349861145, 5275
3.4229393005371094, 5274
3.4339094161987305, 5273
3.434906244277954, 5272
3.434906244277954, 5271
3.435908555984497, 5270
3.435908555984497, 5269
3.4388957023620605, 5268
3.4398927688598633, 5267
3.448899984359741, 5266
3.449899673461914, 5265
3.4608700275421143, 5264
3.4608700275421143, 5263
3.468848943710327, 5262
3.4708445072174072, 5261
3.4718401432037354, 5260
3.476797342300415, 5259
3.485771894454956, 5258
3.5221893787384033, 5257
3.5321617126464844, 5256
3.534156084060669, 5255
3.53515362739563, 5254
3.547121286392212, 5253
3.549116373062134, 5252
3.554103136062622, 5251
3.555100440979004, 5250
3.557095527648926, 5249
3.5620813369750977, 5248
3.5650734901428223, 5247
3.567068338394165, 5246
3.575047731399536, 5245
3.5770435333251953, 5244
3.5900070667266846, 5243
3.597986936569214, 5242
3.600978136062622, 5241
3.6039693355560303, 5240
3.6039693355560303, 5239
3.6039693355560303, 5238
3.604966402053833, 5237
3.604966402053833, 5236
3.604966402053833, 5235
3.606961250305176, 5234
3.620011329650879, 5233
3.643864154815674, 5232
3.6448607444763184, 5231
3.6448607444763184, 5230
3.650844097137451, 5229
3.653836727142334, 5228
3.6648077964782715, 5227
3.665804624557495, 5226
3.668797492980957, 5225
3.6697938442230225, 5224
3.6727852821350098, 5223
3.6847870349884033, 5222
3.685786724090576, 5221
3.686781167984009, 5220
3.686781167984009, 5219
3.6877453327178955, 5218
3.68877911567688, 5217
3.6907713413238525, 5216
3.69176983833313, 5215
3.6957249641418457, 5214
3.6967244148254395, 5213
3.698718786239624, 5212
3.705698251724243, 5211
3.7256457805633545, 5210
3.7266433238983154, 5209
3.73362398147583, 5208
3.7346203327178955, 5207
3.7346203327178955, 5206
3.7356183528900146, 5205
3.737614631652832, 5204
3.737614631652832, 5203
3.738612651824951, 5202
3.7406039237976074, 5201
3.7406039237976074, 5200
3.7416021823883057, 5199
3.745591640472412, 5198
3.747586727142334, 5197
3.747586727142334, 5196
3.747586727142334, 5195
3.7485835552215576, 5194
3.749580144882202, 5193
3.753570079803467, 5192
3.7555651664733887, 5191
3.756563901901245, 5190
3.756563901901245, 5189
3.756563901901245, 5188
3.7585575580596924, 5187
3.7585575580596924, 5186
3.759554147720337, 5185
3.760552406311035, 5184
3.760552406311035, 5183
3.761549711227417, 5182
3.761549711227417, 5181
3.762545347213745, 5180
3.762545347213745, 5179
3.762545347213745, 5178
3.763542652130127, 5177
3.764539957046509, 5176
3.7655391693115234, 5175
3.7655391693115234, 5174
3.766535997390747, 5173
3.766535997390747, 5172
3.769526720046997, 5171
3.77651047706604, 5170
3.7814950942993164, 5169
3.7844882011413574, 5168
3.7864832878112793, 5167
3.7884788513183594, 5166
3.7904727458953857, 5165
3.793464422225952, 5164
3.795459747314453, 5163
3.7984824180603027, 5162
3.7984824180603027, 5161
3.7984824180603027, 5160
3.800473928451538, 5159
3.801442861557007, 5158
3.8044333457946777, 5157
3.8054306507110596, 5156
3.8054306507110596, 5155
3.8064279556274414, 5154
3.8064279556274414, 5153
3.8074264526367188, 5152
3.8074264526367188, 5151
3.8084237575531006, 5150
3.8084237575531006, 5149
3.8084237575531006, 5148
3.810418128967285, 5147
3.8124144077301025, 5146
3.8174009323120117, 5145
3.8183979988098145, 5144
3.8183979988098145, 5143
3.8183979988098145, 5142
3.819395065307617, 5141
3.819395065307617, 5140
3.822387218475342, 5139
3.8233847618103027, 5138
3.8243818283081055, 5137
3.8273773193359375, 5136
3.828371047973633, 5135
3.828371047973633, 5134
3.833357572555542, 5133
3.833357572555542, 5132
3.834355115890503, 5131
3.8403682708740234, 5130
3.8403682708740234, 5129
3.8413679599761963, 5128
3.8413679599761963, 5127
3.8413679599761963, 5126
3.84336519241333, 5125
3.845324754714966, 5124
3.8463215827941895, 5123
3.850311279296875, 5122
3.8572921752929688, 5121
3.8592875003814697, 5120
3.8602864742279053, 5119
3.8622803688049316, 5118
3.8642752170562744, 5117
3.8652725219726562, 5116
3.867266893386841, 5115
3.8692619800567627, 5114
3.8752458095550537, 5113
3.877239942550659, 5112
3.878267765045166, 5111
3.8802313804626465, 5110
3.8832244873046875, 5109
3.8842217922210693, 5108
3.885218858718872, 5107
3.899181604385376, 5106
3.900179147720337, 5105
3.9011764526367188, 5104
3.9011764526367188, 5103
3.9021737575531006, 5102
3.9031708240509033, 5101
3.906162977218628, 5100
3.908158540725708, 5099
3.9091551303863525, 5098
3.915137529373169, 5097
3.915137529373169, 5096
3.916137933731079, 5095
3.916137933731079, 5094
3.9171335697174072, 5093
3.9171335697174072, 5092
3.9171335697174072, 5091
3.9181294441223145, 5090
3.9181294441223145, 5089
3.9181294441223145, 5088
3.9231159687042236, 5087
3.9231159687042236, 5086
3.9231159687042236, 5085
3.9241132736206055, 5084
3.9300990104675293, 5083
3.932095766067505, 5082
3.937079906463623, 5081
3.940073251724243, 5080
3.941068649291992, 5079
3.942065715789795, 5078
3.943068504333496, 5077
3.947056531906128, 5076
3.9490489959716797, 5075
3.9500467777252197, 5074
3.9520418643951416, 5073
3.9670004844665527, 5072
3.9709889888763428, 5071
3.9719886779785156, 5070
3.9739816188812256, 5069
3.9789679050445557, 5068
3.9999122619628906, 5067
4.000908851623535, 5066
4.000908851623535, 5065
4.000908851623535, 5064
4.01088809967041, 5063
4.027837753295898, 5062
4.027837753295898, 5061
4.029831171035767, 5060
4.032824277877808, 5059
4.035815238952637, 5058
4.039806127548218, 5057
4.0418009757995605, 5056
4.045791387557983, 5055
4.048780679702759, 5054
4.050777435302734, 5053
4.065736532211304, 5052
4.065736532211304, 5051
4.066735029220581, 5050
4.0677313804626465, 5049
4.072720289230347, 5048
4.073713064193726, 5047
4.074711322784424, 5046
4.074711322784424, 5045
4.074711322784424, 5044
4.078701019287109, 5043
4.080695390701294, 5042
4.081691741943359, 5041
4.082689046859741, 5040
4.10163950920105, 5039
4.104631423950195, 5038
4.107624053955078, 5037
4.115602016448975, 5036
4.115602016448975, 5035
4.1165995597839355, 5034
4.117597818374634, 5033
4.117597818374634, 5032
4.117597818374634, 5031
4.11859393119812, 5030
4.119590520858765, 5029
4.1205878257751465, 5028
4.121585369110107, 5027
4.123579740524292, 5026
4.128567934036255, 5025
4.128567934036255, 5024
4.129564523696899, 5023
4.1315600872039795, 5022
4.138540744781494, 5021
4.139537334442139, 5020
4.140535593032837, 5019
4.141531705856323, 5018
4.141531705856323, 5017
4.141531705856323, 5016
4.142532825469971, 5015
4.144524812698364, 5014
4.145521879196167, 5013
4.149510383605957, 5012
4.149510383605957, 5011
4.150508642196655, 5010
4.1515052318573, 5009
4.16347336769104, 5008
4.16347336769104, 5007
4.1664650440216064, 5006
4.1664650440216064, 5005
4.167462587356567, 5004
4.1684606075286865, 5003
4.169456958770752, 5002
4.17045521736145, 5001
4.174443960189819, 5000
4.174443960189819, 4999
4.174443960189819, 4998
4.175441265106201, 4997
4.175441265106201, 4996
4.1764397621154785, 4995
4.177436590194702, 4994
4.178433418273926, 4993
4.1794304847717285, 4992
4.182422637939453, 4991
4.182422637939453, 4990
4.184417009353638, 4989
4.187410593032837, 4988
4.189404487609863, 4987
4.194391250610352, 4986
4.195390224456787, 4985
4.195390224456787, 4984
4.1963865756988525, 4983
4.1963865756988525, 4982
4.197383165359497, 4981
4.202369213104248, 4980
4.202369213104248, 4979
4.204363584518433, 4978
4.206359148025513, 4977
4.206359148025513, 4976
4.209351301193237, 4975
4.210348606109619, 4974
4.212343215942383, 4973
4.214337348937988, 4972
4.21533465385437, 4971
4.221318483352661, 4970
4.221318483352661, 4969
4.223314046859741, 4968
4.230295181274414, 4967
4.231291770935059, 4966
4.231291770935059, 4965
4.231291770935059, 4964
4.231291770935059, 4963
4.233286619186401, 4962
4.233286619186401, 4961
4.234283685684204, 4960
4.23628044128418, 4959
4.237277030944824, 4958
4.238274335861206, 4957
4.241265058517456, 4956
4.243261814117432, 4955
4.249276399612427, 4954
4.250276565551758, 4953
4.250276565551758, 4952
4.251241207122803, 4951
4.251241207122803, 4950
4.251241207122803, 4949
4.252237558364868, 4948
4.253235816955566, 4947
4.253235816955566, 4946
4.254232168197632, 4945
4.255228757858276, 4944
4.256227016448975, 4943
4.256227016448975, 4942
4.256227016448975, 4941
4.257256507873535, 4940
4.257256507873535, 4939
4.257256507873535, 4938
4.259217739105225, 4937
4.259217739105225, 4936
4.261245250701904, 4935
4.264236927032471, 4934
4.264236927032471, 4933
4.265202283859253, 4932
4.265202283859253, 4931
4.265202283859253, 4930
4.266233682632446, 4929
4.268193960189819, 4928
4.26922345161438, 4927
4.270220756530762, 4926
4.273212432861328, 4925
4.273212432861328, 4924
4.27421236038208, 4923
4.275207281112671, 4922
4.276172637939453, 4921
4.277203321456909, 4920
4.2781994342803955, 4919
4.2781994342803955, 4918
4.279194116592407, 4917
4.28119158744812, 4916
4.291132688522339, 4915
4.291132688522339, 4914
4.2921302318573, 4913
4.2931272983551025, 4912
4.294124126434326, 4911
4.295121192932129, 4910
4.296119451522827, 4909
4.2981133460998535, 4908
4.301105260848999, 4907
4.302102327346802, 4906
4.3040971755981445, 4905
4.317065000534058, 4904
4.322050094604492, 4903
4.322050094604492, 4902
4.323079347610474, 4901
4.324079513549805, 4900
4.324079513549805, 4899
4.333022594451904, 4898
4.33401894569397, 4897
4.335016489028931, 4896
4.336015462875366, 4895
4.336015462875366, 4894
4.336015462875366, 4893
4.3370115756988525, 4892
4.3370115756988525, 4891
4.341000080108643, 4890
4.342995882034302, 4889
4.347980499267578, 4888
4.348979234695435, 4887
4.351970911026001, 4886
4.352967977523804, 4885
4.353965520858765, 4884
4.3599488735198975, 4883
4.360945463180542, 4882
4.361942291259766, 4881
4.362939834594727, 4880
4.363937139511108, 4879
4.3699212074279785, 4878
4.37091851234436, 4877
4.374907732009888, 4876
4.374907732009888, 4875
4.375906229019165, 4874
4.376906156539917, 4873
4.380891799926758, 4872
4.380891799926758, 4871
4.384881019592285, 4870
4.384881019592285, 4869
4.385878562927246, 4868
4.38887095451355, 4867
4.38887095451355, 4866
4.38887095451355, 4865
4.3898680210113525, 4864
4.3898680210113525, 4863
4.390865325927734, 4862
4.391862392425537, 4861
4.394854545593262, 4860
4.394854545593262, 4859
4.3958518505096436, 4858
4.396849870681763, 4857
4.396849870681763, 4856
4.396849870681763, 4855
4.396849870681763, 4854
4.397846698760986, 4853
4.397846698760986, 4852
4.400838613510132, 4851
4.403830289840698, 4850
4.404827833175659, 4849
4.406822443008423, 4848
4.4078209400177, 4847
4.409816026687622, 4846
4.41184401512146, 4845
4.412838935852051, 4844
4.413804054260254, 4843
4.414801359176636, 4842
4.416797637939453, 4841
4.417793035507202, 4840
4.4187912940979, 4839
4.420785188674927, 4838
4.427810192108154, 4837
4.428839921951294, 4836
4.429835081100464, 4835
4.429835081100464, 4834
4.430830001831055, 4833
4.432827472686768, 4832
4.433828353881836, 4831
4.435791015625, 4830
4.438783884048462, 4829
4.442768812179565, 4828
4.4437665939331055, 4827
4.449749231338501, 4826
4.450746536254883, 4825
4.4527411460876465, 4824
4.455733299255371, 4823
4.457728147506714, 4822
4.458725214004517, 4821
4.470692873001099, 4820
4.47169041633606, 4819
4.472687721252441, 4818
4.474682569503784, 4817
4.483658313751221, 4816
4.4846556186676025, 4815
4.4856531620025635, 4814
4.486650466918945, 4813
4.488645553588867, 4812
4.489642858505249, 4811
4.489642858505249, 4810
4.490639686584473, 4809
4.490639686584473, 4808
4.490639686584473, 4807
4.4916369915008545, 4806
4.4916369915008545, 4805
4.4926347732543945, 4804
4.493632555007935, 4803
4.493632555007935, 4802
4.49462890625, 4801
4.502607822418213, 4800
4.503605127334595, 4799
4.503605127334595, 4798
4.5046021938323975, 4797
4.509589910507202, 4796
4.510586977005005, 4795
4.51258111000061, 4794
4.5135791301727295, 4793
4.514575719833374, 4792
4.516571760177612, 4791
4.517569541931152, 4790
4.518565654754639, 4789
4.520559787750244, 4788
4.521557092666626, 4787
4.522554874420166, 4786
4.5245490074157715, 4785
4.525546312332153, 4784
4.5275421142578125, 4783
4.528538942337036, 4782
4.534522294998169, 4781
4.5385119915008545, 4780
4.5385119915008545, 4779
4.542501449584961, 4778
4.543501138687134, 4777
4.5444958209991455, 4776
4.545493125915527, 4775
4.546490430831909, 4774
4.555467128753662, 4773
4.555467128753662, 4772
4.555467128753662, 4771
4.556466817855835, 4770
4.556466817855835, 4769
4.557462453842163, 4768
4.566437005996704, 4767
4.569429159164429, 4766
4.573418378829956, 4765
4.573418378829956, 4764
4.574415683746338, 4763
4.574415683746338, 4762
4.574415683746338, 4761
4.576411962509155, 4760
4.577408075332642, 4759
4.578405141830444, 4758
4.58139705657959, 4757
4.582394361495972, 4756
4.5833916664123535, 4755
4.58937668800354, 4754
4.58937668800354, 4753
4.590374231338501, 4752
4.591371059417725, 4751
4.591371059417725, 4750
4.592368125915527, 4749
4.593365907669067, 4748
4.593365907669067, 4747
4.595359802246094, 4746
4.600346565246582, 4745
4.601343870162964, 4744
4.601343870162964, 4743
4.601343870162964, 4742
4.602341175079346, 4741
4.605333089828491, 4740
4.605333089828491, 4739
4.605333089828491, 4738
4.606330156326294, 4737
4.606330156326294, 4736
4.6123151779174805, 4735
4.613312721252441, 4734
4.614309787750244, 4733
4.617302417755127, 4732
4.618300676345825, 4731
4.619296073913574, 4730
4.623286008834839, 4729
4.625282287597656, 4728
4.626278400421143, 4727
4.630266904830933, 4726
4.630266904830933, 4725
4.631263494491577, 4724
4.631263494491577, 4723
4.631263494491577, 4722
4.632261753082275, 4721
4.633258819580078, 4720
4.638246297836304, 4719
4.639242887496948, 4718
4.639242887496948, 4717
4.640239715576172, 4716
4.641236782073975, 4715
4.646223783493042, 4714
4.64722204208374, 4713
4.648219585418701, 4712
4.649215936660767, 4711
4.651210784912109, 4710
4.652207612991333, 4709
4.658192157745361, 4708
4.660187721252441, 4707
4.661184072494507, 4706
4.666172027587891, 4705
4.667167663574219, 4704
4.668165922164917, 4703
4.669162750244141, 4702
4.670160293579102, 4701
4.671156883239746, 4700
4.672154188156128, 4699
4.67315149307251, 4698
4.674149036407471, 4697
4.676146030426025, 4696
4.67714262008667, 4695
4.678138971328735, 4694
4.680133819580078, 4693
4.681130886077881, 4692
4.6821277141571045, 4691
4.683124780654907, 4690
4.684122323989868, 4689
4.685120105743408, 4688
4.689145803451538, 4687
4.689145803451538, 4686
4.690139293670654, 4685
4.690139293670654, 4684
4.690139293670654, 4683
4.7309980392456055, 4682
4.734987020492554, 4681
4.734987020492554, 4680
4.742966890335083, 4679
4.743963956832886, 4678
4.743963956832886, 4677
4.743963956832886, 4676
4.7609171867370605, 4675
4.7609171867370605, 4674
4.7609171867370605, 4673
4.7609171867370605, 4672
4.769893407821655, 4671
4.770890235900879, 4670
4.77188777923584, 4669
4.779866933822632, 4668
4.798817157745361, 4667
4.808790445327759, 4666
4.808790445327759, 4665
4.818762302398682, 4664
4.818762302398682, 4663
4.818762302398682, 4662
4.821754217147827, 4661
4.833722114562988, 4660
4.8536694049835205, 4659
4.875611066818237, 4658
4.880596876144409, 4657
4.881595611572266, 4656
4.898550033569336, 4655
4.91550350189209, 4654
4.916501998901367, 4653
4.920490264892578, 4652
4.931460857391357, 4651
4.932458400726318, 4650
4.940438747406006, 4649
4.971354246139526, 4648
4.971354246139526, 4647
4.972351789474487, 4646
4.972351789474487, 4645
4.975343704223633, 4644
4.981327772140503, 4643
4.981327772140503, 4642
4.984319686889648, 4641
4.984319686889648, 4640
4.987345457077026, 4639
4.988311052322388, 4638
4.998283386230469, 4637
5.001307010650635, 4636
5.010251522064209, 4635
5.011248826980591, 4634
5.018230438232422, 4633
5.021221399307251, 4632
5.021221399307251, 4631
5.0770769119262695, 4630
5.080063581466675, 4629
5.081061124801636, 4628
5.081061124801636, 4627
5.092032432556152, 4626
5.121951580047607, 4625
5.135916471481323, 4624
5.146917104721069, 4623
5.161879539489746, 4622
5.161879539489746, 4621
5.164866924285889, 4620
5.178836345672607, 4619
5.185815811157227, 4618
5.194758653640747, 4617
5.197781562805176, 4616
5.202767610549927, 4615
5.210742950439453, 4614
5.210742950439453, 4613
5.215704917907715, 4612
5.21872615814209, 4611
5.222683668136597, 4610
5.241633415222168, 4609
5.25263237953186, 4608
5.276546478271484, 4607
5.2805304527282715, 4606
5.2805304527282715, 4605
5.323412895202637, 4604
5.323412895202637, 4603
5.323412895202637, 4602
5.327402353286743, 4601
5.328399896621704, 4600
5.333386421203613, 4599
5.33837366104126, 4598
5.33837366104126, 4597
5.34438943862915, 4596
5.34438943862915, 4595
5.345356464385986, 4594
5.354331731796265, 4593
5.354331731796265, 4592
5.363340139389038, 4591
5.364333868026733, 4590
5.369325399398804, 4589
5.382255554199219, 4588
5.391232252120972, 4587
5.392229318618774, 4586
5.395221710205078, 4585
5.40020751953125, 4584
5.40921950340271, 4583
5.40921950340271, 4582
5.40921950340271, 4581
5.417204141616821, 4580
5.425143003463745, 4579
5.426171541213989, 4578
5.4291322231292725, 4577
5.450106620788574, 4576
5.450106620788574, 4575
5.459051132202148, 4574
5.467061758041382, 4573
5.467061758041382, 4572
5.467061758041382, 4571
5.477007865905762, 4570
5.4790332317352295, 4569
5.480026721954346, 4568
5.513935804367065, 4567
5.5149335861206055, 4566
5.516929626464844, 4565
5.516929626464844, 4564
5.516929626464844, 4563
5.540863752365112, 4562
5.540863752365112, 4561
5.549839973449707, 4560
5.550806999206543, 4559
5.550806999206543, 4558
5.556790828704834, 4557
5.562773942947388, 4556
5.562773942947388, 4555
5.570784330368042, 4554
5.588735818862915, 4553
5.588735818862915, 4552
5.588735818862915, 4551
5.594687223434448, 4550
5.604687929153442, 4549
5.622649431228638, 4548
5.634613037109375, 4547
5.635581016540527, 4546
5.635581016540527, 4545
5.639599800109863, 4544
5.639599800109863, 4543
5.643561601638794, 4542
5.645557641983032, 4541
5.650537967681885, 4540
5.658516883850098, 4539
5.662506103515625, 4538
5.6714818477630615, 4537
5.682485580444336, 4536
5.6844801902771, 4535
5.68647837638855, 4534
5.687472820281982, 4533
5.696417331695557, 4532
5.708384275436401, 4531
5.709383487701416, 4530
5.712374448776245, 4529
5.732320785522461, 4528
5.733349323272705, 4527
5.736832141876221, 4526
5.743802309036255, 4525
5.743802309036255, 4524
5.753775119781494, 4523
5.755770206451416, 4522
5.766740798950195, 4521
5.782698154449463, 4520
5.783695220947266, 4519
5.784692764282227, 4518
5.785690069198608, 4517
5.788681983947754, 4516
5.793701410293579, 4515
5.794703483581543, 4514
5.805637836456299, 4513
5.814648866653442, 4512
5.860503435134888, 4511
5.860503435134888, 4510
5.862497568130493, 4509
5.863494873046875, 4508
5.897438287734985, 4507
5.923367261886597, 4506
5.942290782928467, 4505
5.946280002593994, 4504
5.947277307510376, 4503
5.953261375427246, 4502
5.954259157180786, 4501
5.954259157180786, 4500
5.965229511260986, 4499
5.970254421234131, 4498
5.997178554534912, 4497
6.02506947517395, 4496
6.036041259765625, 4495
6.038069248199463, 4494
6.038069248199463, 4493
6.043054580688477, 4492
6.082916975021362, 4491
6.0839149951934814, 4490
6.090895175933838, 4489
6.098906755447388, 4488
6.099902629852295, 4487
6.1158287525177, 4486
6.121812343597412, 4485
6.141766309738159, 4484
6.142762660980225, 4483
6.161712408065796, 4482
6.161712408065796, 4481
6.162709951400757, 4480
6.162709951400757, 4479
6.1816582679748535, 4478
6.182655572891235, 4477
6.220554351806641, 4476
6.221551418304443, 4475
6.222548723220825, 4474
6.227536678314209, 4473
6.232523441314697, 4472
6.232523441314697, 4471
6.250987768173218, 4470
6.250987768173218, 4469
6.251983404159546, 4468
6.259965181350708, 4467
6.280908107757568, 4466
6.282902956008911, 4465
6.302847862243652, 4464
6.322794675827026, 4463
6.3277809619903564, 4462
6.3598480224609375, 4461
6.371815204620361, 4460
6.371815204620361, 4459
6.378796100616455, 4458
6.385777473449707, 4457
6.386775255203247, 4456
6.391762733459473, 4455
6.391762733459473, 4454
6.408716917037964, 4453
6.475048303604126, 4452
6.478042364120483, 4451
6.49699068069458, 4450
6.513955593109131, 4449
6.536884784698486, 4448
6.539389610290527, 4447
6.548365592956543, 4446
6.570307731628418, 4445
6.6052117347717285, 4444
6.633136749267578, 4443
6.645399808883667, 4442
6.6463963985443115, 4441
6.648392200469971, 4440
6.654376029968262, 4439
6.664381504058838, 4438
6.689282178878784, 4437
6.696265459060669, 4436
6.69925594329834, 4435
6.7002527713775635, 4434
6.703245401382446, 4433
6.753619194030762, 4432
6.755614519119263, 4431
6.756612777709961, 4430
6.773566007614136, 4429
6.778554439544678, 4428
6.784536838531494, 4427
6.784536838531494, 4426
6.787529468536377, 4425
6.804484128952026, 4424
6.804484128952026, 4423
6.8144567012786865, 4422
6.826426029205322, 4421
6.826426029205322, 4420
6.830414533615112, 4419
6.8344035148620605, 4418
6.854351043701172, 4417
6.859338045120239, 4416
6.860335350036621, 4415
6.860335350036621, 4414
6.8732993602752686, 4413
6.894243955612183, 4412
6.933146238327026, 4411
6.936133623123169, 4410
6.957077264785767, 4409
6.957077264785767, 4408
6.957077264785767, 4407
6.96704888343811, 4406
7.029881715774536, 4405
7.035866737365723, 4404
7.051822662353516, 4403
7.05281925201416, 4402
7.05581521987915, 4401
7.072766065597534, 4400
7.073763370513916, 4399
7.079747438430786, 4398
7.0807459354400635, 4397
7.1056811809539795, 4396
7.106680393218994, 4395
7.146569728851318, 4394
7.156543731689453, 4393
7.168511629104614, 4392
7.177486896514893, 4391
7.20042610168457, 4390
7.201423168182373, 4389
7.2173802852630615, 4388
7.219380855560303, 4387
7.2343339920043945, 4386
7.2343339920043945, 4385
7.237332582473755, 4384
7.240318059921265, 4383
7.240318059921265, 4382
7.257275342941284, 4381
7.258271217346191, 4380
7.30913519859314, 4379
7.30913519859314, 4378
7.312127351760864, 4377
7.313125371932983, 4376
7.313125371932983, 4375
7.325093984603882, 4374
7.328083515167236, 4373
7.39490532875061, 4372
7.398894786834717, 4371
7.403881311416626, 4370
7.404878616333008, 4369
7.420835971832275, 4368
7.44976019859314, 4367
7.450757026672363, 4366
7.452751636505127, 4365
7.455744504928589, 4364
7.46372127532959, 4363
7.477683782577515, 4362
7.477683782577515, 4361
7.478680849075317, 4360
7.480675458908081, 4359
7.481672525405884, 4358
7.483668565750122, 4357
7.484666585922241, 4356
7.484666585922241, 4355
7.493641376495361, 4354
7.49663519859314, 4353
7.498629570007324, 4352
7.506606578826904, 4351
7.506606578826904, 4350
7.5076048374176025, 4349
7.5186076164245605, 4348
7.5186076164245605, 4347
7.525556564331055, 4346
7.52958083152771, 4345
7.531572341918945, 4344
7.564481735229492, 4343
7.565481424331665, 4342
7.642245292663574, 4341
7.651724815368652, 4340
7.664722681045532, 4339
7.665688753128052, 4338
7.675666332244873, 4337
7.689656496047974, 4336
7.700626850128174, 4335
7.701592922210693, 4334
7.701592922210693, 4333
7.706578254699707, 4332
7.727522134780884, 4331
7.735501050949097, 4330
7.7734081745147705, 4329
7.81928563117981, 4328
7.820282697677612, 4327
7.8412253856658936, 4326
7.842223167419434, 4325
7.888102293014526, 4324
7.888102293014526, 4323
7.88909912109375, 4322
7.894084453582764, 4321
7.895081281661987, 4320
7.9300220012664795, 4319
7.9359753131866455, 4318
7.936971664428711, 4317
7.939974308013916, 4316
7.966926097869873, 4315
8.087575674057007, 4314
8.152648687362671, 4313
8.154674053192139, 4312
8.158665657043457, 4311
8.1806058883667, 4310
8.195536136627197, 4309
8.195536136627197, 4308
8.206536769866943, 4307
8.211524486541748, 4306
8.219468355178833, 4305
8.235426187515259, 4304
8.24243974685669, 4303
8.243439674377441, 4302
8.265889644622803, 4301
8.402790069580078, 4300
8.410799264907837, 4299
8.41179895401001, 4298
8.421737432479858, 4297
8.47111463546753, 4296
8.47111463546753, 4295
8.530987024307251, 4294
8.530987024307251, 4293
8.531984329223633, 4292
8.544421434402466, 4291
8.544421434402466, 4290
8.55289602279663, 4289
8.55891489982605, 4288
8.5728440284729, 4287
8.585809469223022, 4286
8.585809469223022, 4285
8.586806535720825, 4284
8.626730918884277, 4283
8.632715225219727, 4282
8.632715225219727, 4281
8.63969898223877, 4280
8.654625415802002, 4279
8.654625415802002, 4278
8.659643173217773, 4277
8.672578573226929, 4276
8.677563428878784, 4275
8.701531648635864, 4274
8.727431535720825, 4273
8.733413696289062, 4272
8.765329599380493, 4271
8.765329599380493, 4270
8.765329599380493, 4269
8.76832127571106, 4268
8.77929139137268, 4267
8.801231622695923, 4266
8.814197063446045, 4265
8.815194368362427, 4264
8.85109829902649, 4263
8.861071825027466, 4262
8.862068891525269, 4261
8.8800208568573, 4260
8.883013010025024, 4259
8.883013010025024, 4258
8.885007619857788, 4257
8.905951499938965, 4256
8.909940719604492, 4255
8.961802244186401, 4254
8.961802244186401, 4253
8.964794158935547, 4252
8.967787504196167, 4251
8.982748031616211, 4250
8.986736059188843, 4249
8.986736059188843, 4248
8.987734079360962, 4247
9.032613277435303, 4246
9.049567937850952, 4245
9.123371124267578, 4244
9.16924786567688, 4243
9.227092742919922, 4242
9.246042728424072, 4241
9.310901641845703, 4240
9.452490091323853, 4239
9.484440326690674, 4238
9.484440326690674, 4237
9.4973726272583, 4236
9.525329828262329, 4235
9.526326656341553, 4234
9.529317617416382, 4233
9.56223201751709, 4232
9.650992631912231, 4231
9.65866494178772, 4230
9.659662246704102, 4229
9.70952820777893, 4228
9.70952820777893, 4227
9.71052861213684, 4226
9.739449501037598, 4225
9.770333528518677, 4224
9.828179359436035, 4223
9.837155103683472, 4222
9.842141389846802, 4221
9.909961462020874, 4220
9.909961462020874, 4219
9.959147691726685, 4218
9.960172891616821, 4217
9.966126441955566, 4216
9.999040603637695, 4215
10.014995813369751, 4214
10.015994548797607, 4213
10.065375804901123, 4212
10.093300580978394, 4211
10.101279020309448, 4210
10.10227656364441, 4209
10.10327434539795, 4208
10.159124612808228, 4207
10.167101860046387, 4206
10.189043045043945, 4205
10.202040910720825, 4204
10.314727306365967, 4203
10.344659805297852, 4202
10.345625162124634, 4201
10.346621751785278, 4200
10.40848994255066, 4199
10.409453868865967, 4198
10.478272914886475, 4197
10.485252618789673, 4196
10.52115511894226, 4195
10.533159494400024, 4194
10.562082052230835, 4193
10.579999446868896, 4192
10.614906311035156, 4191
10.614906311035156, 4190
10.624880075454712, 4189
10.632858037948608, 4188
10.63385534286499, 4187
10.67075514793396, 4186
10.671752452850342, 4185
10.672749757766724, 4184
10.685714960098267, 4183
10.702669620513916, 4182
10.705661535263062, 4181
10.71267557144165, 4180
10.75256896018982, 4179
10.84030294418335, 4178
10.854264497756958, 4177
10.854264497756958, 4176
10.856259822845459, 4175
10.95300030708313, 4174
10.95300030708313, 4173
10.957989692687988, 4172
10.980958223342896, 4171
11.002867221832275, 4170
11.003864526748657, 4169
11.034783363342285, 4168
11.034783363342285, 4167
11.064702033996582, 4166
11.064702033996582, 4165
11.077667713165283, 4164
11.09562063217163, 4163
11.107588291168213, 4162
11.12753438949585, 4161
11.174444198608398, 4160
11.289134740829468, 4159
11.290099620819092, 4158
11.352963924407959, 4157
11.359911918640137, 4156
11.360909461975098, 4155
11.365930080413818, 4154
11.365930080413818, 4153
11.391865491867065, 4152
11.429731845855713, 4151
11.430763006210327, 4150
11.447685956954956, 4149
11.447685956954956, 4148
11.452701091766357, 4147
11.458686351776123, 4146
11.460685014724731, 4145
11.483132600784302, 4144
11.513052225112915, 4143
11.520033836364746, 4142
11.52901005744934, 4141
11.531999826431274, 4140
11.545962572097778, 4139
11.554938793182373, 4138
11.590294599533081, 4137
11.590294599533081, 4136
11.627197504043579, 4135
11.629222393035889, 4134
11.63617205619812, 4133
11.703534126281738, 4132
11.703534126281738, 4131
11.722448825836182, 4130
11.7284677028656, 4129
11.840647220611572, 4128
11.904473543167114, 4127
11.926448583602905, 4126
11.986255407333374, 4125
11.986255407333374, 4124
12.03213357925415, 4123
12.040111064910889, 4122
12.048121929168701, 4121
12.142837047576904, 4120
12.143834114074707, 4119
12.180734634399414, 4118
12.180734634399414, 4117
12.196692943572998, 4116
12.203673601150513, 4115
12.218634366989136, 4114
12.227610111236572, 4113
12.227610111236572, 4112
12.245561122894287, 4111
12.329337120056152, 4110
12.37421727180481, 4109
12.677420854568481, 4108
12.678437232971191, 4107
12.678437232971191, 4106
12.699383974075317, 4105
12.706362009048462, 4104
12.71833062171936, 4103
12.731261730194092, 4102
12.732259511947632, 4101
12.748250722885132, 4100
12.780131101608276, 4099
12.784121751785278, 4098
12.792099237442017, 4097
12.803105592727661, 4096
12.833989143371582, 4095
12.833989143371582, 4094
12.846954345703125, 4093
12.847952127456665, 4092
12.847952127456665, 4091
12.8898766040802, 4090
12.918828964233398, 4089
12.969661712646484, 4088
12.979635238647461, 4087
13.0225191116333, 4086
13.051441431045532, 4085
13.078370094299316, 4084
13.15117597579956, 4083
13.189519166946411, 4082
13.203482389450073, 4081
13.253347396850586, 4080
13.253347396850586, 4079
13.305724859237671, 4078
13.312736511230469, 4077
13.329659938812256, 4076
13.337667226791382, 4075
13.373540878295898, 4074
13.373540878295898, 4073
13.403493404388428, 4072
13.403493404388428, 4071
13.412439346313477, 4070
13.418421745300293, 4069
13.485244035720825, 4068
13.676733493804932, 4067
13.869216918945312, 4066
13.884175539016724, 4065
14.003855466842651, 4064
14.048735857009888, 4063
14.088630199432373, 4062
14.14248538017273, 4061
14.179896354675293, 4060
14.223779916763306, 4059
14.238739728927612, 4058
14.240734100341797, 4057
14.257689237594604, 4056
14.278091430664062, 4055
14.329951524734497, 4054
14.335937023162842, 4053
14.3798246383667, 4052
14.445649147033691, 4051
14.445649147033691, 4050
14.4596107006073, 4049
14.514499425888062, 4048
14.554357290267944, 4047
14.560341358184814, 4046
14.684011697769165, 4045
14.76080870628357, 4044
15.208608865737915, 4043
15.28540325164795, 4042
15.31432557106018, 4041
15.340256690979004, 4040
15.386133670806885, 4039
15.395109415054321, 4038
15.414059162139893, 4037
15.419044971466064, 4036
15.505847454071045, 4035
15.529750108718872, 4034
15.602587938308716, 4033
15.671372652053833, 4032
15.717758655548096, 4031
15.740695476531982, 4030
15.760640382766724, 4029
15.819552659988403, 4028
15.819552659988403, 4027
15.89531660079956, 4026
15.96812105178833, 4025
16.011005878448486, 4024
16.02496862411499, 4023
16.043917417526245, 4022
16.056884288787842, 4021
16.067854404449463, 4020
16.090283155441284, 4019
16.09127926826477, 4018
16.200567960739136, 4017
16.210508823394775, 4016
16.210508823394775, 4015
16.2823166847229, 4014
16.330800771713257, 4013
16.338780164718628, 4012
16.517270803451538, 4011
16.697790145874023, 4010
17.199445486068726, 4009
17.41091251373291, 4008
17.413904190063477, 4007
17.59888482093811, 4006
17.74001669883728, 4005
17.758965969085693, 4004
17.860207319259644, 4003
18.01878523826599, 4002
18.032747983932495, 4001
18.073638916015625, 4000
18.223235845565796, 3999
18.23420786857605, 3998
18.26811718940735, 3997
18.274134397506714, 3996
18.34890055656433, 3995
18.35189199447632, 3994
18.35189199447632, 3993
18.388793468475342, 3992
33.68947100639343, 3991
34.42815923690796, 3990
34.75331521034241, 3989
36.63218140602112, 3988
37.890341997146606, 3987
38.92729353904724, 3986
40.34976100921631, 3985
40.90830159187317, 3984
42.656580209732056, 3983
42.88644337654114, 3982
45.06185817718506, 3981
46.52243661880493, 3980
47.39710068702698, 3979
49.878684520721436, 3978
50.715075731277466, 3977
51.01076793670654, 3976
51.82959866523743, 3975
52.819796085357666, 3974
54.35187220573425, 3973
57.49347424507141, 3972
58.66237998008728, 3971
58.801010847091675, 3970
59.102630615234375, 3969
