0.008013248443603516, 183
0.008013248443603516, 182
0.008013248443603516, 181
0.008013248443603516, 180
0.008013248443603516, 179
0.009007453918457031, 178
0.009007453918457031, 177
0.009007453918457031, 176
0.009007453918457031, 175
0.009007453918457031, 174
0.009007453918457031, 173
0.009007453918457031, 172
0.009007453918457031, 171
0.009007453918457031, 170
0.009007453918457031, 169
0.009007453918457031, 168
0.010006904602050781, 167
0.010006904602050781, 166
0.011002540588378906, 165
0.011002540588378906, 164
0.011999368667602539, 163
0.014991283416748047, 162
0.015992164611816406, 161
0.016985654830932617, 160
0.022938013076782227, 159
0.02394270896911621, 158
