0.005983829498291016, 183
0.005983829498291016, 182
0.005983829498291016, 181
0.005983829498291016, 180
0.005983829498291016, 179
0.005983829498291016, 178
0.005983829498291016, 177
0.005983829498291016, 176
0.005983829498291016, 175
0.005983829498291016, 174
0.006980419158935547, 173
0.006980419158935547, 172
0.006980419158935547, 171
0.006980419158935547, 170
0.006980419158935547, 169
0.006980419158935547, 168
0.007977724075317383, 167
0.00897526741027832, 166
0.00897526741027832, 165
0.00897526741027832, 164
0.009972572326660156, 163
0.009972572326660156, 162
0.010970354080200195, 161
0.011966943740844727, 160
0.01695418357849121, 159
0.01695418357849121, 158
