0.018948793411254883, 183
0.018948793411254883, 182
0.019946813583374023, 181
0.019946813583374023, 180
0.019946813583374023, 179
0.019946813583374023, 178
0.019946813583374023, 177
0.019946813583374023, 176
0.019946813583374023, 175
0.019946813583374023, 174
0.019946813583374023, 173
0.019946813583374023, 172
0.019946813583374023, 171
0.019946813583374023, 170
0.020943880081176758, 169
0.020943880081176758, 168
0.022939205169677734, 167
0.024933338165283203, 166
0.025931119918823242, 165
0.027927160263061523, 164
0.02892327308654785, 163
0.034906864166259766, 162
0.03590726852416992, 161
0.04188871383666992, 160
0.08676838874816895, 159
0.0927572250366211, 158
