0.013963460922241211, 183
0.013963460922241211, 182
0.013963460922241211, 181
0.013963460922241211, 180
0.013963460922241211, 179
0.014961957931518555, 178
0.014961957931518555, 177
0.014961957931518555, 176
0.014961957931518555, 175
0.014961957931518555, 174
0.014961957931518555, 173
0.014961957931518555, 172
0.01595759391784668, 171
0.01595759391784668, 170
0.01595759391784668, 169
0.01595759391784668, 168
0.017957687377929688, 167
0.017957687377929688, 166
0.018950223922729492, 165
0.01994800567626953, 164
0.01994800567626953, 163
0.021942138671875, 162
0.021942138671875, 161
0.02593231201171875, 160
0.03291177749633789, 159
0.03490614891052246, 158
