0.012961387634277344, 183
0.012961387634277344, 182
0.012961387634277344, 181
0.012961387634277344, 180
0.012961387634277344, 179
0.012961387634277344, 178
0.012961387634277344, 177
0.012961387634277344, 176
0.012961387634277344, 175
0.012961387634277344, 174
0.012961387634277344, 173
0.012961387634277344, 172
0.012961387634277344, 171
0.013957977294921875, 170
0.013957977294921875, 169
0.013957977294921875, 168
0.013957977294921875, 167
0.013957977294921875, 166
0.015950918197631836, 165
0.019941329956054688, 164
0.022932052612304688, 163
0.02492666244506836, 162
0.03490114212036133, 161
0.03589749336242676, 160
0.07180213928222656, 159
0.07579231262207031, 158
