0.005982875823974609, 183
0.005982875823974609, 182
0.005982875823974609, 181
0.005982875823974609, 180
0.005982875823974609, 179
0.005982875823974609, 178
0.005982875823974609, 177
0.005982875823974609, 176
0.005982875823974609, 175
0.005982875823974609, 174
0.005982875823974609, 173
0.005982875823974609, 172
0.006981372833251953, 171
0.006981372833251953, 170
0.007981300354003906, 169
0.007981300354003906, 168
0.007981300354003906, 167
0.008977651596069336, 166
0.009972810745239258, 165
0.010970115661621094, 164
0.01196742057800293, 163
0.018948793411254883, 162
0.01994633674621582, 161
0.01994633674621582, 160
0.022938013076782227, 159
0.024934053421020508, 158
