0.008975982666015625, 183
0.008975982666015625, 182
0.008975982666015625, 181
0.008975982666015625, 180
0.008975982666015625, 179
0.008975982666015625, 178
0.008975982666015625, 177
0.008975982666015625, 176
0.008975982666015625, 175
0.008975982666015625, 174
0.009974956512451172, 173
0.009974956512451172, 172
0.009974956512451172, 171
0.009974956512451172, 170
0.009974956512451172, 169
0.009974956512451172, 168
0.010972023010253906, 167
0.010972023010253906, 166
0.011968612670898438, 165
0.012964010238647461, 164
0.013962030410766602, 163
0.017951488494873047, 162
0.018984079360961914, 161
0.018984079360961914, 160
0.021972179412841797, 159
0.021972179412841797, 158
