0.009970903396606445, 183
0.009970903396606445, 182
0.009970903396606445, 181
0.009970903396606445, 180
0.009970903396606445, 179
0.009970903396606445, 178
0.009970903396606445, 177
0.009970903396606445, 176
0.009970903396606445, 175
0.009970903396606445, 174
0.009970903396606445, 173
0.010968685150146484, 172
0.010968685150146484, 171
0.010968685150146484, 170
0.010968685150146484, 169
0.010968685150146484, 168
0.015967607498168945, 167
0.016952991485595703, 166
0.016952991485595703, 165
0.01794886589050293, 164
0.01794886589050293, 163
0.01994776725769043, 162
0.01994776725769043, 161
0.021940946578979492, 160
0.025927305221557617, 159
0.026924610137939453, 158
