0.006979942321777344, 183
0.006979942321777344, 182
0.006979942321777344, 181
0.007979631423950195, 180
0.007979631423950195, 179
0.007979631423950195, 178
0.007979631423950195, 177
0.007979631423950195, 176
0.007979631423950195, 175
0.007979631423950195, 174
0.007979631423950195, 173
0.007979631423950195, 172
0.007979631423950195, 171
0.007979631423950195, 170
0.007979631423950195, 169
0.007979631423950195, 168
0.008976459503173828, 167
0.008976459503173828, 166
0.009973287582397461, 165
0.011968851089477539, 164
0.013962268829345703, 163
0.013962268829345703, 162
0.014960050582885742, 161
0.015956640243530273, 160
0.018948078155517578, 159
0.02692890167236328, 158
