0.004986286163330078, 183
0.004986286163330078, 182
0.004986286163330078, 181
0.004986286163330078, 180
0.004986286163330078, 179
0.004986286163330078, 178
0.004986286163330078, 177
0.004986286163330078, 176
0.004986286163330078, 175
0.004986286163330078, 174
0.004986286163330078, 173
0.004986286163330078, 172
0.005983829498291016, 171
0.005983829498291016, 170
0.005983829498291016, 169
0.005983829498291016, 168
0.005983829498291016, 167
0.005983829498291016, 166
0.006981372833251953, 165
0.006981372833251953, 164
0.007978439331054688, 163
0.011003971099853516, 162
0.012000322341918945, 161
0.012000322341918945, 160
0.015990257263183594, 159
0.01698756217956543, 158
