0.006981849670410156, 183
0.006981849670410156, 182
0.006981849670410156, 181
0.006981849670410156, 180
0.006981849670410156, 179
0.006981849670410156, 178
0.006981849670410156, 177
0.006981849670410156, 176
0.006981849670410156, 175
0.006981849670410156, 174
0.00797891616821289, 173
0.00797891616821289, 172
0.00797891616821289, 171
0.00797891616821289, 170
0.00797891616821289, 169
0.00797891616821289, 168
0.008979320526123047, 167
0.008979320526123047, 166
0.008979320526123047, 165
0.0109710693359375, 164
0.012965917587280273, 163
0.013962984085083008, 162
0.01795220375061035, 161
0.018950462341308594, 160
0.04488015174865723, 159
0.05086517333984375, 158
