0.005984783172607422, 183
0.005984783172607422, 182
0.005984783172607422, 181
0.005984783172607422, 180
0.005984783172607422, 179
0.005984783172607422, 178
0.005984783172607422, 177
0.005984783172607422, 176
0.005984783172607422, 175
0.005984783172607422, 174
0.0069806575775146484, 173
0.0069806575775146484, 172
0.0069806575775146484, 171
0.0069806575775146484, 170
0.0069806575775146484, 169
0.0069806575775146484, 168
0.007977962493896484, 167
0.008976221084594727, 166
0.008976221084594727, 165
0.008976221084594727, 164
0.009972810745239258, 163
0.009972810745239258, 162
0.011004209518432617, 161
0.012000799179077148, 160
0.015958070755004883, 159
0.015958070755004883, 158
