0.0059816837310791016, 183
0.0059816837310791016, 182
0.0059816837310791016, 181
0.0059816837310791016, 180
0.0059816837310791016, 179
0.0059816837310791016, 178
0.0059816837310791016, 177
0.0059816837310791016, 176
0.0059816837310791016, 175
0.0059816837310791016, 174
0.0059816837310791016, 173
0.0059816837310791016, 172
0.0059816837310791016, 171
0.0059816837310791016, 170
0.0059816837310791016, 169
0.006979227066040039, 168
0.006979227066040039, 167
0.006979227066040039, 166
0.007978439331054688, 165
0.009973287582397461, 164
0.010936260223388672, 163
0.010936260223388672, 162
0.011934995651245117, 161
0.012932062149047852, 160
0.016921281814575195, 159
0.023901700973510742, 158
