0.014960527420043945, 183
0.014960527420043945, 182
0.014960527420043945, 181
0.014960527420043945, 180
0.014960527420043945, 179
0.014960527420043945, 178
0.014960527420043945, 177
0.014960527420043945, 176
0.014960527420043945, 175
0.014960527420043945, 174
0.01595783233642578, 173
0.01595783233642578, 172
0.01595783233642578, 171
0.01595783233642578, 170
0.016955137252807617, 169
0.016955137252807617, 168
0.016955137252807617, 167
0.016955137252807617, 166
0.017954349517822266, 165
0.017954349517822266, 164
0.02294015884399414, 163
0.026927947998046875, 162
0.027924537658691406, 161
0.02892327308654785, 160
0.04089045524597168, 159
0.04188799858093262, 158
