0.005984306335449219, 183
0.006981611251831055, 182
0.006981611251831055, 181
0.006981611251831055, 180
0.006981611251831055, 179
0.006981611251831055, 178
0.006981611251831055, 177
0.006981611251831055, 176
0.006981611251831055, 175
0.006981611251831055, 174
0.006981611251831055, 173
0.006981611251831055, 172
0.007979631423950195, 171
0.007979631423950195, 170
0.007979631423950195, 169
0.007979631423950195, 168
0.007979631423950195, 167
0.007979631423950195, 166
0.008975505828857422, 165
0.009973287582397461, 164
0.010970115661621094, 163
0.015958786010742188, 162
0.015958786010742188, 161
0.015958786010742188, 160
0.017952919006347656, 159
0.019946813583374023, 158
