0.010010957717895508, 183
0.010010957717895508, 182
0.010010957717895508, 181
0.010010957717895508, 180
0.010010957717895508, 179
0.010010957717895508, 178
0.010010957717895508, 177
0.010010957717895508, 176
0.0109710693359375, 175
0.0109710693359375, 174
0.0109710693359375, 173
0.0109710693359375, 172
0.0109710693359375, 171
0.0109710693359375, 170
0.0109710693359375, 169
0.0109710693359375, 168
0.01196742057800293, 167
0.01196742057800293, 166
0.012964725494384766, 165
0.014960050582885742, 164
0.015958309173583984, 163
0.019946575164794922, 162
0.019946575164794922, 161
0.020944595336914062, 160
0.02345752716064453, 159
0.02444601058959961, 158
