0.014962196350097656, 183
0.014962196350097656, 182
0.014962196350097656, 181
0.014962196350097656, 180
0.014962196350097656, 179
0.014962196350097656, 178
0.014962196350097656, 177
0.014962196350097656, 176
0.014962196350097656, 175
0.014962196350097656, 174
0.014962196350097656, 173
0.014962196350097656, 172
0.01595926284790039, 171
0.01595926284790039, 170
0.01595926284790039, 169
0.01595926284790039, 168
0.016956806182861328, 167
0.016956806182861328, 166
0.017954349517822266, 165
0.018950939178466797, 164
0.01994943618774414, 163
0.024934768676757812, 162
0.025953054428100586, 161
0.025953054428100586, 160
0.028924942016601562, 159
0.029921531677246094, 158
