0.012967348098754883, 1213
0.015991926193237305, 1212
0.015991926193237305, 1211
0.015991926193237305, 1210
0.02393794059753418, 1209
0.024935007095336914, 1208
0.024935007095336914, 1207
0.024935007095336914, 1206
0.029920101165771484, 1205
0.029920101165771484, 1204
0.029920101165771484, 1203
0.029920101165771484, 1202
0.029920101165771484, 1201
0.030950546264648438, 1200
0.030950546264648438, 1199
0.030950546264648438, 1198
0.031915903091430664, 1197
0.03292107582092285, 1196
0.03292107582092285, 1195
0.03292107582092285, 1194
0.04089164733886719, 1193
0.04089164733886719, 1192
0.04188895225524902, 1191
0.042886972427368164, 1190
0.043886423110961914, 1189
0.04687762260437012, 1188
0.04687762260437012, 1187
0.047873497009277344, 1186
0.047873497009277344, 1185
0.047873497009277344, 1184
0.05685138702392578, 1183
0.05788087844848633, 1182
0.05984091758728027, 1181
0.0608675479888916, 1180
0.0608675479888916, 1179
0.0608675479888916, 1178
0.0608675479888916, 1177
0.0608675479888916, 1176
0.0628347396850586, 1175
0.0628347396850586, 1174
0.0628347396850586, 1173
0.06482911109924316, 1172
0.06482911109924316, 1171
0.06482911109924316, 1170
0.06482911109924316, 1169
0.0658268928527832, 1168
0.0658268928527832, 1167
0.0658268928527832, 1166
0.06685423851013184, 1165
0.06685423851013184, 1164
0.06685423851013184, 1163
0.06685423851013184, 1162
0.06782174110412598, 1161
0.08078527450561523, 1160
0.08178567886352539, 1159
0.08278059959411621, 1158
0.08377671241760254, 1157
0.08377671241760254, 1156
0.08577227592468262, 1155
0.08677244186401367, 1154
0.08776593208312988, 1153
0.08776593208312988, 1152
0.08876395225524902, 1151
0.08876395225524902, 1150
0.09574460983276367, 1149
0.09874916076660156, 1148
0.09975123405456543, 1147
0.09975123405456543, 1146
0.09975123405456543, 1145
0.09975123405456543, 1144
0.10074663162231445, 1143
0.10074663162231445, 1142
0.10074663162231445, 1141
0.10074663162231445, 1140
0.1017293930053711, 1139
0.10272693634033203, 1138
0.10272693634033203, 1137
0.10372495651245117, 1136
0.10372495651245117, 1135
0.10372495651245117, 1134
0.1047220230102539, 1133
0.10571813583374023, 1132
0.10671663284301758, 1131
0.10671663284301758, 1130
0.10671663284301758, 1129
0.10671663284301758, 1128
0.10970807075500488, 1127
0.10970807075500488, 1126
0.11070442199707031, 1125
0.11170220375061035, 1124
0.11170220375061035, 1123
0.11269950866699219, 1122
0.11469388008117676, 1121
0.11469388008117676, 1120
0.11469388008117676, 1119
0.11769556999206543, 1118
0.1186835765838623, 1117
0.1186835765838623, 1116
0.11968111991882324, 1115
0.12067890167236328, 1114
0.1216745376586914, 1113
0.1216745376586914, 1112
0.1216745376586914, 1111
0.12267327308654785, 1110
0.12267327308654785, 1109
0.12267327308654785, 1108
0.12466764450073242, 1107
0.12566423416137695, 1106
0.12566423416137695, 1105
0.12766027450561523, 1104
0.12766027450561523, 1103
0.12766027450561523, 1102
0.12865662574768066, 1101
0.1296544075012207, 1100
0.1296544075012207, 1099
0.13065147399902344, 1098
0.13065147399902344, 1097
0.13164806365966797, 1096
0.13563942909240723, 1095
0.1366417407989502, 1094
0.1376349925994873, 1093
0.142622709274292, 1092
0.142622709274292, 1091
0.1436171531677246, 1090
0.1545882225036621, 1089
0.15857648849487305, 1088
0.16755223274230957, 1087
0.16954827308654785, 1086
0.1705458164215088, 1085
0.17752623558044434, 1084
0.179520845413208, 1083
0.18151545524597168, 1082
0.18151545524597168, 1081
0.18151545524597168, 1080
0.18350958824157715, 1079
0.1845078468322754, 1078
0.18550443649291992, 1077
0.18949413299560547, 1076
0.18949413299560547, 1075
0.18949413299560547, 1074
0.18949413299560547, 1073
0.18949413299560547, 1072
0.1904911994934082, 1071
0.19148850440979004, 1070
0.19248676300048828, 1069
0.19248676300048828, 1068
0.19248676300048828, 1067
0.19248676300048828, 1066
0.19348359107971191, 1065
0.19348359107971191, 1064
0.19348359107971191, 1063
0.1954796314239502, 1062
0.19647789001464844, 1061
0.19747257232666016, 1060
0.1994776725769043, 1059
0.21741914749145508, 1058
0.22140884399414062, 1057
0.22140884399414062, 1056
0.22240638732910156, 1055
0.2234044075012207, 1054
0.2234044075012207, 1053
0.22440123558044434, 1052
0.22440123558044434, 1051
0.22539782524108887, 1050
0.2403571605682373, 1049
0.2403571605682373, 1048
0.2403571605682373, 1047
0.2403571605682373, 1046
0.24235224723815918, 1045
0.24235224723815918, 1044
0.25033068656921387, 1043
0.2513284683227539, 1042
0.2513284683227539, 1041
0.2533245086669922, 1040
0.2533245086669922, 1039
0.2533245086669922, 1038
0.2543203830718994, 1037
0.2543203830718994, 1036
0.2543203830718994, 1035
0.2543203830718994, 1034
0.2543203830718994, 1033
0.2543203830718994, 1032
0.2543203830718994, 1031
0.25531840324401855, 1030
0.25531840324401855, 1029
0.2573118209838867, 1028
0.2573118209838867, 1027
0.25830936431884766, 1026
0.25830936431884766, 1025
0.25830936431884766, 1024
0.2613034248352051, 1023
0.2622990608215332, 1022
0.2622990608215332, 1021
0.2622990608215332, 1020
0.2622990608215332, 1019
0.26329684257507324, 1018
0.26329684257507324, 1017
0.26329684257507324, 1016
0.26329684257507324, 1015
0.26329684257507324, 1014
0.26429319381713867, 1013
0.26429319381713867, 1012
0.2652907371520996, 1011
0.2652907371520996, 1010
0.2652907371520996, 1009
0.2732713222503662, 1008
0.27426743507385254, 1007
0.27725863456726074, 1006
0.27725863456726074, 1005
0.27725863456726074, 1004
0.27725863456726074, 1003
0.2792532444000244, 1002
0.2792532444000244, 1001
0.2792532444000244, 1000
0.28025054931640625, 999
0.28025054931640625, 998
0.2812480926513672, 997
0.2812480926513672, 996
0.2812480926513672, 995
0.282245397567749, 994
0.282245397567749, 993
0.282245397567749, 992
0.282245397567749, 991
0.2842400074005127, 990
0.286236047744751, 989
0.286236047744751, 988
0.2872326374053955, 987
0.2892277240753174, 986
0.2892277240753174, 985
0.2892277240753174, 984
0.2892277240753174, 983
0.2892277240753174, 982
0.2892277240753174, 981
0.2892277240753174, 980
0.2902240753173828, 979
0.29720520973205566, 978
0.2982025146484375, 977
0.3001973628997803, 976
0.3001973628997803, 975
0.30717992782592773, 974
0.3311159610748291, 973
0.3311159610748291, 972
0.3420872688293457, 971
0.3420872688293457, 970
0.34308314323425293, 969
0.3450779914855957, 968
0.3480722904205322, 967
0.34906744956970215, 966
0.34906744956970215, 965
0.34906744956970215, 964
0.34906744956970215, 963
0.3510613441467285, 962
0.3590400218963623, 961
0.3590400218963623, 960
0.3670191764831543, 959
0.3690156936645508, 958
0.37100863456726074, 957
0.3730041980743408, 956
0.3730041980743408, 955
0.3730041980743408, 954
0.38197946548461914, 953
0.39095640182495117, 952
0.3939483165740967, 951
0.3939483165740967, 950
0.4079091548919678, 949
0.4089071750640869, 948
0.4089071750640869, 947
0.40990400314331055, 946
0.40990400314331055, 945
0.4109013080596924, 944
0.41791558265686035, 943
0.41988062858581543, 942
0.42087554931640625, 941
0.42885470390319824, 940
0.43985676765441895, 939
0.4438157081604004, 938
0.4488675594329834, 937
0.4498305320739746, 936
0.45082759857177734, 935
0.4797172546386719, 934
0.4837064743041992, 933
0.48769569396972656, 932
0.48769569396972656, 931
0.5056490898132324, 930
0.506645679473877, 929
0.5096373558044434, 928
0.5156512260437012, 927
0.5156512260437012, 926
0.5345714092254639, 925
0.5475661754608154, 924
0.5634932518005371, 923
0.5734670162200928, 922
0.5746736526489258, 921
0.5796604156494141, 920
0.5866410732269287, 919
0.5896332263946533, 918
0.5896332263946533, 917
0.6310267448425293, 916
0.6852989196777344, 915
0.6975383758544922, 914
0.7374153137207031, 913
0.7374153137207031, 912
0.7559905052185059, 911
0.8593065738677979, 910
0.8593065738677979, 909
0.8593065738677979, 908
0.8593065738677979, 907
0.8622667789459229, 906
1.020317554473877, 905
1.058215856552124, 904
1.173076868057251, 903
1.7949573993682861, 902
1.874917984008789, 901
2.02146315574646, 900
2.2001986503601074, 899
