0.015926361083984375, 1213
0.01894998550415039, 1212
0.028888940811157227, 1211
0.028888940811157227, 1210
0.028888940811157227, 1209
0.028888940811157227, 1208
0.029886245727539062, 1207
0.029886245727539062, 1206
0.0308835506439209, 1205
0.0308835506439209, 1204
0.031881093978881836, 1203
0.031881093978881836, 1202
0.031881093978881836, 1201
0.031881093978881836, 1200
0.03287839889526367, 1199
0.03287839889526367, 1198
0.036867618560791016, 1197
0.036867618560791016, 1196
0.036867618560791016, 1195
0.036867618560791016, 1194
0.03786492347717285, 1193
0.03886246681213379, 1192
0.03886246681213379, 1191
0.03886246681213379, 1190
0.03886246681213379, 1189
0.03886246681213379, 1188
0.04494881629943848, 1187
0.04694318771362305, 1186
0.047940731048583984, 1185
0.04893827438354492, 1184
0.049935340881347656, 1183
0.049935340881347656, 1182
0.049935340881347656, 1181
0.05096435546875, 1180
0.051958322525024414, 1179
0.051958322525024414, 1178
0.051958322525024414, 1177
0.052958011627197266, 1176
0.05495429039001465, 1175
0.05495429039001465, 1174
0.05495429039001465, 1173
0.05495429039001465, 1172
0.055950164794921875, 1171
0.055950164794921875, 1170
0.055950164794921875, 1169
0.05695033073425293, 1168
0.05695033073425293, 1167
0.05695033073425293, 1166
0.05695033073425293, 1165
0.05695033073425293, 1164
0.05695033073425293, 1163
0.05994129180908203, 1162
0.05994129180908203, 1161
0.06093716621398926, 1160
0.06093716621398926, 1159
0.061922550201416016, 1158
0.061922550201416016, 1157
0.061922550201416016, 1156
0.061922550201416016, 1155
0.061922550201416016, 1154
0.061922550201416016, 1153
0.06389713287353516, 1152
0.06489396095275879, 1151
0.06689023971557617, 1150
0.06689023971557617, 1149
0.06689023971557617, 1148
0.06689023971557617, 1147
0.06689023971557617, 1146
0.06791543960571289, 1145
0.06791543960571289, 1144
0.06791543960571289, 1143
0.06791543960571289, 1142
0.06791543960571289, 1141
0.06791543960571289, 1140
0.06891536712646484, 1139
0.06891536712646484, 1138
0.06891536712646484, 1137
0.06891536712646484, 1136
0.06891536712646484, 1135
0.06891536712646484, 1134
0.06991267204284668, 1133
0.06991267204284668, 1132
0.06991267204284668, 1131
0.06991267204284668, 1130
0.06991267204284668, 1129
0.06991267204284668, 1128
0.07091140747070312, 1127
0.07091140747070312, 1126
0.07091140747070312, 1125
0.07500505447387695, 1124
0.07500505447387695, 1123
0.07500505447387695, 1122
0.07700109481811523, 1121
0.07799839973449707, 1120
0.07799839973449707, 1119
0.07799839973449707, 1118
0.0789957046508789, 1117
0.07999277114868164, 1116
0.07999277114868164, 1115
0.07999277114868164, 1114
0.08099031448364258, 1113
0.08108663558959961, 1112
0.08108663558959961, 1111
0.08308291435241699, 1110
0.08308291435241699, 1109
0.08408045768737793, 1108
0.08408045768737793, 1107
0.08408045768737793, 1106
0.0860748291015625, 1105
0.08707213401794434, 1104
0.08707213401794434, 1103
0.08707213401794434, 1102
0.08806943893432617, 1101
0.08806943893432617, 1100
0.08906674385070801, 1099
0.08906674385070801, 1098
0.08906674385070801, 1097
0.09106206893920898, 1096
0.09106206893920898, 1095
0.09106206893920898, 1094
0.09205913543701172, 1093
0.09405350685119629, 1092
0.09405350685119629, 1091
0.09405350685119629, 1090
0.09816813468933105, 1089
0.10016083717346191, 1088
0.11440300941467285, 1087
0.11440300941467285, 1086
0.11540007591247559, 1085
0.11639738082885742, 1084
0.11739516258239746, 1083
0.11739516258239746, 1082
0.11739516258239746, 1081
0.11739516258239746, 1080
0.1183919906616211, 1079
0.1183919906616211, 1078
0.1183919906616211, 1077
0.12038683891296387, 1076
0.12038683891296387, 1075
0.12148237228393555, 1074
0.12248110771179199, 1073
0.12347841262817383, 1072
0.12447571754455566, 1071
0.12447571754455566, 1070
0.1254727840423584, 1069
0.1254727840423584, 1068
0.1254727840423584, 1067
0.12647008895874023, 1066
0.12746763229370117, 1065
0.12746763229370117, 1064
0.128464937210083, 1063
0.12946224212646484, 1062
0.12946224212646484, 1061
0.12946224212646484, 1060
0.12946224212646484, 1059
0.12946224212646484, 1058
0.12946224212646484, 1057
0.13245439529418945, 1056
0.13444924354553223, 1055
0.13444924354553223, 1054
0.13544631004333496, 1053
0.13544631004333496, 1052
0.13754916191101074, 1051
0.1385478973388672, 1050
0.1385478973388672, 1049
0.13954520225524902, 1048
0.13954520225524902, 1047
0.13954520225524902, 1046
0.14054250717163086, 1045
0.1415395736694336, 1044
0.1415395736694336, 1043
0.15967869758605957, 1042
0.1607670783996582, 1041
0.1607670783996582, 1040
0.16176605224609375, 1039
0.16276335716247559, 1038
0.1687469482421875, 1037
0.17273616790771484, 1036
0.17273616790771484, 1035
0.17273616790771484, 1034
0.17273616790771484, 1033
0.17273616790771484, 1032
0.17273616790771484, 1031
0.1737687587738037, 1030
0.1737687587738037, 1029
0.1737687587738037, 1028
0.1737687587738037, 1027
0.1737687587738037, 1026
0.1737687587738037, 1025
0.1737687587738037, 1024
0.17476415634155273, 1023
0.17575931549072266, 1022
0.17775392532348633, 1021
0.17875123023986816, 1020
0.17875123023986816, 1019
0.17875123023986816, 1018
0.17875123023986816, 1017
0.1797494888305664, 1016
0.1797494888305664, 1015
0.18074631690979004, 1014
0.18074631690979004, 1013
0.18171191215515137, 1012
0.18171191215515137, 1011
0.1827106475830078, 1010
0.1827106475830078, 1009
0.1827106475830078, 1008
0.18370580673217773, 1007
0.18370580673217773, 1006
0.18370580673217773, 1005
0.18370580673217773, 1004
0.1847374439239502, 1003
0.1847374439239502, 1002
0.1847374439239502, 1001
0.1847374439239502, 1000
0.18672966957092285, 999
0.18872451782226562, 998
0.18972206115722656, 997
0.1907198429107666, 996
0.1907198429107666, 995
0.1907198429107666, 994
0.19171810150146484, 993
0.1927168369293213, 992
0.1927168369293213, 991
0.1927168369293213, 990
0.1927168369293213, 989
0.1937108039855957, 988
0.1937108039855957, 987
0.19467782974243164, 986
0.19467782974243164, 985
0.19467782974243164, 984
0.19467782974243164, 983
0.19467782974243164, 982
0.1966710090637207, 981
0.1966710090637207, 980
0.1966710090637207, 979
0.1966710090637207, 978
0.19766807556152344, 977
0.19766807556152344, 976
0.19766807556152344, 975
0.19766807556152344, 974
0.19866538047790527, 973
0.19866538047790527, 972
0.19866538047790527, 971
0.20077204704284668, 970
0.20077204704284668, 969
0.20077204704284668, 968
0.2097492218017578, 967
0.21174407005310059, 966
0.21174407005310059, 965
0.21174407005310059, 964
0.21274161338806152, 963
0.24070024490356445, 962
0.24070024490356445, 961
0.242692232131958, 960
0.2456521987915039, 959
0.2456521987915039, 958
0.24664878845214844, 957
0.24664878845214844, 956
0.2516500949859619, 955
0.2526671886444092, 954
0.26859259605407715, 953
0.27866578102111816, 952
0.2796630859375, 951
0.2796630859375, 950
0.2856781482696533, 949
0.2936241626739502, 948
0.2936241626739502, 947
0.2936241626739502, 946
0.29561853408813477, 945
0.29561853408813477, 944
0.29561853408813477, 943
0.29761338233947754, 942
0.30263423919677734, 941
0.30362987518310547, 940
0.3046295642852783, 939
0.30573034286499023, 938
0.3107180595397949, 937
0.3107180595397949, 936
0.3128321170806885, 935
0.3158245086669922, 934
0.3198127746582031, 933
0.32280492782592773, 932
0.32882118225097656, 931
0.3782484531402588, 930
0.38323545455932617, 929
0.38979101181030273, 928
0.38979101181030273, 927
0.42111921310424805, 926
0.4506034851074219, 925
0.484891414642334, 924
0.4938986301422119, 923
0.49489355087280273, 922
0.4998819828033447, 921
0.5108215808868408, 920
0.5267758369445801, 919
0.6172752380371094, 918
0.638218879699707, 917
0.6432054042816162, 916
0.6491894721984863, 915
0.7640821933746338, 914
0.7640821933746338, 913
0.854395866394043, 912
0.8936271667480469, 911
0.922914981842041, 910
0.926903486251831, 909
0.9308931827545166, 908
0.9744629859924316, 907
1.1194820404052734, 906
1.2493975162506104, 905
1.2534196376800537, 904
1.2534196376800537, 903
1.399839162826538, 902
1.4157979488372803, 901
1.6432502269744873, 900
1.6734745502471924, 899
