0.012076854705810547, 1213
0.014070987701416016, 1212
0.014070987701416016, 1211
0.014070987701416016, 1210
0.02014303207397461, 1209
0.02014303207397461, 1208
0.021140098571777344, 1207
0.021140098571777344, 1206
0.021140098571777344, 1205
0.02213764190673828, 1204
0.02213764190673828, 1203
0.023134946823120117, 1202
0.023134946823120117, 1201
0.024132251739501953, 1200
0.024132251739501953, 1199
0.025130748748779297, 1198
0.026129961013793945, 1197
0.026129961013793945, 1196
0.027127504348754883, 1195
0.029120206832885742, 1194
0.030148983001708984, 1193
0.030148983001708984, 1192
0.030148983001708984, 1191
0.031149625778198242, 1190
0.032113075256347656, 1189
0.032113075256347656, 1188
0.03410696983337402, 1187
0.03410696983337402, 1186
0.03410696983337402, 1185
0.03909420967102051, 1184
0.03909420967102051, 1183
0.03909420967102051, 1182
0.04308366775512695, 1181
0.04308366775512695, 1180
0.04308366775512695, 1179
0.04308366775512695, 1178
0.044080495834350586, 1177
0.052059173583984375, 1176
0.052059173583984375, 1175
0.05305671691894531, 1174
0.05708026885986328, 1173
0.05708026885986328, 1172
0.05708026885986328, 1171
0.05708026885986328, 1170
0.05708026885986328, 1169
0.05903983116149902, 1168
0.05903983116149902, 1167
0.05903983116149902, 1166
0.05903983116149902, 1165
0.05903983116149902, 1164
0.05903983116149902, 1163
0.06505537033081055, 1162
0.06505537033081055, 1161
0.06505537033081055, 1160
0.06505537033081055, 1159
0.06505537033081055, 1158
0.06602263450622559, 1157
0.06602263450622559, 1156
0.06602263450622559, 1155
0.06602263450622559, 1154
0.06602263450622559, 1153
0.06602263450622559, 1152
0.06602263450622559, 1151
0.06705355644226074, 1150
0.0690157413482666, 1149
0.07100772857666016, 1148
0.07100772857666016, 1147
0.07100772857666016, 1146
0.07100772857666016, 1145
0.07200455665588379, 1144
0.07200455665588379, 1143
0.07200455665588379, 1142
0.07200455665588379, 1141
0.07200455665588379, 1140
0.07200455665588379, 1139
0.07300162315368652, 1138
0.07300162315368652, 1137
0.07300162315368652, 1136
0.07300162315368652, 1135
0.07400083541870117, 1134
0.07400083541870117, 1133
0.0749971866607666, 1132
0.07602739334106445, 1131
0.07602739334106445, 1130
0.07602739334106445, 1129
0.07602739334106445, 1128
0.07602739334106445, 1127
0.0770258903503418, 1126
0.0770258903503418, 1125
0.0770258903503418, 1124
0.0770258903503418, 1123
0.0770258903503418, 1122
0.07898545265197754, 1121
0.07998323440551758, 1120
0.07998323440551758, 1119
0.08098006248474121, 1118
0.08098006248474121, 1117
0.08098006248474121, 1116
0.08098006248474121, 1115
0.08098006248474121, 1114
0.08197760581970215, 1113
0.08197760581970215, 1112
0.08197760581970215, 1111
0.08197760581970215, 1110
0.08197760581970215, 1109
0.08297491073608398, 1108
0.08397507667541504, 1107
0.08696436882019043, 1106
0.08696436882019043, 1105
0.08696436882019043, 1104
0.08696436882019043, 1103
0.0889592170715332, 1102
0.08995842933654785, 1101
0.08995842933654785, 1100
0.09095597267150879, 1099
0.09095597267150879, 1098
0.09294891357421875, 1097
0.09294891357421875, 1096
0.09394621849060059, 1095
0.09594202041625977, 1094
0.09594202041625977, 1093
0.10092830657958984, 1092
0.10295414924621582, 1091
0.1049489974975586, 1090
0.10791134834289551, 1089
0.10890722274780273, 1088
0.10990405082702637, 1087
0.11192798614501953, 1086
0.11192798614501953, 1085
0.11192798614501953, 1084
0.11292719841003418, 1083
0.11292719841003418, 1082
0.11389398574829102, 1081
0.11492562294006348, 1080
0.11492562294006348, 1079
0.11688470840454102, 1078
0.11688470840454102, 1077
0.11688470840454102, 1076
0.11788177490234375, 1075
0.11788177490234375, 1074
0.11887884140014648, 1073
0.11887884140014648, 1072
0.11887884140014648, 1071
0.11887884140014648, 1070
0.11987638473510742, 1069
0.11987638473510742, 1068
0.11987638473510742, 1067
0.11987638473510742, 1066
0.11987638473510742, 1065
0.12087368965148926, 1064
0.12087368965148926, 1063
0.12087368965148926, 1062
0.12087368965148926, 1061
0.12198710441589355, 1060
0.12398219108581543, 1059
0.12498068809509277, 1058
0.12697482109069824, 1057
0.12797331809997559, 1056
0.12797331809997559, 1055
0.1309659481048584, 1054
0.13196110725402832, 1053
0.13196110725402832, 1052
0.13295745849609375, 1051
0.13295745849609375, 1050
0.15094208717346191, 1049
0.15094208717346191, 1048
0.15094208717346191, 1047
0.15194082260131836, 1046
0.15194082260131836, 1045
0.1539020538330078, 1044
0.1539020538330078, 1043
0.15789127349853516, 1042
0.15991926193237305, 1041
0.15991926193237305, 1040
0.1618824005126953, 1039
0.16287970542907715, 1038
0.16287970542907715, 1037
0.16287970542907715, 1036
0.16287970542907715, 1035
0.16287970542907715, 1034
0.16287970542907715, 1033
0.16287970542907715, 1032
0.16387629508972168, 1031
0.16387629508972168, 1030
0.16387629508972168, 1029
0.16487360000610352, 1028
0.16886210441589355, 1027
0.16886210441589355, 1026
0.16886210441589355, 1025
0.1698918342590332, 1024
0.1698918342590332, 1023
0.1728835105895996, 1022
0.1728835105895996, 1021
0.1728835105895996, 1020
0.1728835105895996, 1019
0.17484664916992188, 1018
0.17484664916992188, 1017
0.17484664916992188, 1016
0.17484664916992188, 1015
0.17584490776062012, 1014
0.17584490776062012, 1013
0.17584490776062012, 1012
0.17584490776062012, 1011
0.17584490776062012, 1010
0.17584490776062012, 1009
0.17684197425842285, 1008
0.17684197425842285, 1007
0.17883539199829102, 1006
0.18083429336547852, 1005
0.18581771850585938, 1004
0.1868150234222412, 1003
0.18781232833862305, 1002
0.18781232833862305, 1001
0.18781232833862305, 1000
0.19080400466918945, 999
0.1918015480041504, 998
0.1918015480041504, 997
0.19283008575439453, 996
0.19283008575439453, 995
0.19283008575439453, 994
0.19283008575439453, 993
0.19382739067077637, 992
0.19382739067077637, 991
0.19382739067077637, 990
0.19382739067077637, 989
0.19382739067077637, 988
0.1948246955871582, 987
0.1948246955871582, 986
0.19582200050354004, 985
0.19582200050354004, 984
0.19678783416748047, 983
0.19678783416748047, 982
0.19678783416748047, 981
0.19678783416748047, 980
0.1977846622467041, 979
0.1977846622467041, 978
0.19878196716308594, 977
0.19977903366088867, 976
0.2007761001586914, 975
0.21274590492248535, 974
0.2137763500213623, 973
0.21477150917053223, 972
0.21477150917053223, 971
0.21477150917053223, 970
0.2167658805847168, 969
0.2167658805847168, 968
0.22075581550598145, 967
0.22674202919006348, 966
0.23767757415771484, 965
0.23767757415771484, 964
0.23767757415771484, 963
0.23967194557189941, 962
0.24665498733520508, 961
0.24765276908874512, 960
0.24964618682861328, 959
0.25164008140563965, 958
0.2556619644165039, 957
0.25965213775634766, 956
0.2616434097290039, 955
0.27058935165405273, 954
0.27058935165405273, 953
0.2725844383239746, 952
0.27660703659057617, 951
0.2776055335998535, 950
0.27860069274902344, 949
0.27860069274902344, 948
0.27860069274902344, 947
0.28757667541503906, 946
0.2895393371582031, 945
0.29053711891174316, 944
0.29053711891174316, 943
0.294558048248291, 942
0.2995455265045166, 941
0.3025045394897461, 940
0.3025045394897461, 939
0.30353474617004395, 938
0.3074936866760254, 937
0.3114814758300781, 936
0.31247925758361816, 935
0.3134763240814209, 934
0.3224506378173828, 933
0.32647228240966797, 932
0.33145904541015625, 931
0.3364133834838867, 930
0.36234450340270996, 929
0.38727760314941406, 928
0.3902716636657715, 927
0.39528822898864746, 926
0.39528822898864746, 925
0.440173864364624, 924
0.45612597465515137, 923
0.45908570289611816, 922
0.465069055557251, 921
0.46706724166870117, 920
0.4680945873260498, 919
0.48105955123901367, 918
0.5104615688323975, 917
0.5813064575195312, 916
0.5862581729888916, 915
0.6022486686706543, 914
0.6133127212524414, 913
0.6133127212524414, 912
0.6379058361053467, 911
0.6468813419342041, 910
0.6518669128417969, 909
0.7506036758422852, 908
0.7506036758422852, 907
0.7506036758422852, 906
0.7506036758422852, 905
0.8543274402618408, 904
0.9657230377197266, 903
1.127288579940796, 902
1.1434171199798584, 901
1.2441542148590088, 900
4.249650478363037, 899
