0.010546445846557617, 1213
0.012509346008300781, 1212
0.01353907585144043, 1211
0.01353907585144043, 1210
0.019642114639282227, 1209
0.019642114639282227, 1208
0.019642114639282227, 1207
0.019642114639282227, 1206
0.021604537963867188, 1205
0.021604537963867188, 1204
0.021604537963867188, 1203
0.021604537963867188, 1202
0.021604537963867188, 1201
0.021604537963867188, 1200
0.021604537963867188, 1199
0.02263498306274414, 1198
0.02263498306274414, 1197
0.023707151412963867, 1196
0.023707151412963867, 1195
0.023707151412963867, 1194
0.028696537017822266, 1193
0.029694795608520508, 1192
0.029694795608520508, 1191
0.029694795608520508, 1190
0.030691146850585938, 1189
0.03277945518493652, 1188
0.03277945518493652, 1187
0.03277945518493652, 1186
0.03277945518493652, 1185
0.03277945518493652, 1184
0.03879594802856445, 1183
0.04040217399597168, 1182
0.04139542579650879, 1181
0.04242587089538574, 1180
0.04242587089538574, 1179
0.04242587089538574, 1178
0.04242587089538574, 1177
0.04242587089538574, 1176
0.044419288635253906, 1175
0.044419288635253906, 1174
0.044419288635253906, 1173
0.04641127586364746, 1172
0.04641127586364746, 1171
0.04641127586364746, 1170
0.04641127586364746, 1169
0.047379255294799805, 1168
0.047379255294799805, 1167
0.047379255294799805, 1166
0.04840898513793945, 1165
0.04840898513793945, 1164
0.04840898513793945, 1163
0.04840898513793945, 1162
0.04840898513793945, 1161
0.05339527130126953, 1160
0.05339527130126953, 1159
0.05339527130126953, 1158
0.05438995361328125, 1157
0.05438995361328125, 1156
0.05438995361328125, 1155
0.05438995361328125, 1154
0.0553898811340332, 1153
0.0553898811340332, 1152
0.0553898811340332, 1151
0.0553898811340332, 1150
0.057486534118652344, 1149
0.061461448669433594, 1148
0.061461448669433594, 1147
0.061461448669433594, 1146
0.06245899200439453, 1145
0.06245899200439453, 1144
0.06245899200439453, 1143
0.06245899200439453, 1142
0.06345558166503906, 1141
0.06345558166503906, 1140
0.0644524097442627, 1139
0.0644524097442627, 1138
0.0644524097442627, 1137
0.06545019149780273, 1136
0.06545019149780273, 1135
0.06545019149780273, 1134
0.06644725799560547, 1133
0.0674428939819336, 1132
0.0674428939819336, 1131
0.0674428939819336, 1130
0.06844067573547363, 1129
0.06844067573547363, 1128
0.06943750381469727, 1127
0.06943750381469727, 1126
0.06943750381469727, 1125
0.06943750381469727, 1124
0.0704350471496582, 1123
0.0704350471496582, 1122
0.07243180274963379, 1121
0.07243180274963379, 1120
0.07342886924743652, 1119
0.07442593574523926, 1118
0.07442593574523926, 1117
0.07542181015014648, 1116
0.07542181015014648, 1115
0.07641863822937012, 1114
0.07741641998291016, 1113
0.07741641998291016, 1112
0.07741641998291016, 1111
0.07741641998291016, 1110
0.0784158706665039, 1109
0.0784158706665039, 1108
0.08140707015991211, 1107
0.08140707015991211, 1106
0.08240485191345215, 1105
0.08439779281616211, 1104
0.08439779281616211, 1103
0.08439779281616211, 1102
0.08439779281616211, 1101
0.08539485931396484, 1100
0.08539485931396484, 1099
0.08639216423034668, 1098
0.08639216423034668, 1097
0.08639216423034668, 1096
0.08738970756530762, 1095
0.08838701248168945, 1094
0.08838701248168945, 1093
0.08938407897949219, 1092
0.08938407897949219, 1091
0.08938407897949219, 1090
0.09340643882751465, 1089
0.09648823738098145, 1088
0.09951281547546387, 1087
0.09951281547546387, 1086
0.09951281547546387, 1085
0.10147571563720703, 1084
0.10250520706176758, 1083
0.10250520706176758, 1082
0.10250520706176758, 1081
0.10250520706176758, 1080
0.10356450080871582, 1079
0.10356450080871582, 1078
0.10459399223327637, 1077
0.10658955574035645, 1076
0.10755443572998047, 1075
0.10755443572998047, 1074
0.10755443572998047, 1073
0.10755443572998047, 1072
0.10755443572998047, 1071
0.10755443572998047, 1070
0.10858845710754395, 1069
0.10858845710754395, 1068
0.10858845710754395, 1067
0.10858845710754395, 1066
0.10858845710754395, 1065
0.10858845710754395, 1064
0.10858845710754395, 1063
0.10958242416381836, 1062
0.10958242416381836, 1061
0.11058187484741211, 1060
0.11058187484741211, 1059
0.11264610290527344, 1058
0.11367583274841309, 1057
0.11467337608337402, 1056
0.11467337608337402, 1055
0.11467337608337402, 1054
0.11467337608337402, 1053
0.11567115783691406, 1052
0.11567115783691406, 1051
0.1166677474975586, 1050
0.12528491020202637, 1049
0.12628388404846191, 1048
0.12628388404846191, 1047
0.12628388404846191, 1046
0.12727928161621094, 1045
0.12827658653259277, 1044
0.13525819778442383, 1043
0.13641595840454102, 1042
0.13641595840454102, 1041
0.13844561576843262, 1040
0.13844561576843262, 1039
0.13844561576843262, 1038
0.13844561576843262, 1037
0.13844561576843262, 1036
0.13844561576843262, 1035
0.13844561576843262, 1034
0.13844561576843262, 1033
0.13844561576843262, 1032
0.13844561576843262, 1031
0.13944005966186523, 1030
0.13944005966186523, 1029
0.1414031982421875, 1028
0.1414031982421875, 1027
0.14243221282958984, 1026
0.14243221282958984, 1025
0.14243221282958984, 1024
0.1455211639404297, 1023
0.1455211639404297, 1022
0.1455211639404297, 1021
0.14651894569396973, 1020
0.14651894569396973, 1019
0.14651894569396973, 1018
0.14651894569396973, 1017
0.14651894569396973, 1016
0.14751577377319336, 1015
0.14751577377319336, 1014
0.14751577377319336, 1013
0.14751577377319336, 1012
0.1485152244567871, 1011
0.1485152244567871, 1010
0.1485152244567871, 1009
0.1536085605621338, 1008
0.1536085605621338, 1007
0.1566007137298584, 1006
0.1566007137298584, 1005
0.1566007137298584, 1004
0.1566007137298584, 1003
0.15756964683532715, 1002
0.15859532356262207, 1001
0.15859532356262207, 1000
0.15964937210083008, 999
0.15964937210083008, 998
0.15964937210083008, 997
0.15964937210083008, 996
0.16019153594970703, 995
0.16019153594970703, 994
0.16019153594970703, 993
0.16019153594970703, 992
0.16121721267700195, 991
0.1622161865234375, 990
0.16321229934692383, 989
0.16321229934692383, 988
0.16420984268188477, 987
0.1652069091796875, 986
0.1652069091796875, 985
0.1652069091796875, 984
0.1652069091796875, 983
0.1652069091796875, 982
0.1652069091796875, 981
0.16620421409606934, 980
0.16620421409606934, 979
0.1731855869293213, 978
0.17418265342712402, 977
0.17626619338989258, 976
0.17626619338989258, 975
0.18028855323791504, 974
0.19241881370544434, 973
0.19241881370544434, 972
0.19843220710754395, 971
0.19843220710754395, 970
0.1994915008544922, 969
0.20042991638183594, 968
0.20242547988891602, 967
0.20242547988891602, 966
0.20342373847961426, 965
0.20342373847961426, 964
0.20342373847961426, 963
0.20441842079162598, 962
0.2094097137451172, 961
0.2104034423828125, 960
0.21850323677062988, 959
0.21950101852416992, 958
0.22049808502197266, 957
0.22146344184875488, 956
0.22146344184875488, 955
0.22249650955200195, 954
0.2285757064819336, 953
0.23366856575012207, 952
0.23466897010803223, 951
0.23466897010803223, 950
0.24327707290649414, 949
0.24327707290649414, 948
0.24327707290649414, 947
0.24427247047424316, 946
0.245269775390625, 945
0.245269775390625, 944
0.24926018714904785, 943
0.2502560615539551, 942
0.25125646591186523, 941
0.2532482147216797, 940
0.26131629943847656, 939
0.2634105682373047, 938
0.266434907913208, 937
0.268430233001709, 936
0.268430233001709, 935
0.2924313545227051, 934
0.2954576015472412, 933
0.2984447479248047, 932
0.2984447479248047, 931
0.30838823318481445, 930
0.3093852996826172, 929
0.3124098777770996, 928
0.3183619976043701, 927
0.3183619976043701, 926
0.33046865463256836, 925
0.3415193557739258, 924
0.35877442359924316, 923
0.3687129020690918, 922
0.36971020698547363, 921
0.37769079208374023, 920
0.38669776916503906, 919
0.38869500160217285, 918
0.38869500160217285, 917
0.42755651473999023, 916
0.48355650901794434, 915
0.49552202224731445, 914
0.5292844772338867, 913
0.5292844772338867, 912
0.5495295524597168, 911
0.6601660251617432, 910
0.6601660251617432, 909
0.6601660251617432, 908
0.6601660251617432, 907
0.6631581783294678, 906
0.8264119625091553, 905
0.8635661602020264, 904
0.9754509925842285, 903
1.566265344619751, 902
1.6452033519744873, 901
1.7837440967559814, 900
1.9894218444824219, 899
