0.015049934387207031, 1213
0.017043590545654297, 1212
0.02804422378540039, 1211
0.02804422378540039, 1210
0.02804422378540039, 1209
0.02804422378540039, 1208
0.03203630447387695, 1207
0.03203630447387695, 1206
0.03203630447387695, 1205
0.03203630447387695, 1204
0.03203630447387695, 1203
0.0330355167388916, 1202
0.0330355167388916, 1201
0.0330355167388916, 1200
0.0330355167388916, 1199
0.03403019905090332, 1198
0.03403019905090332, 1197
0.03403019905090332, 1196
0.04098057746887207, 1195
0.04098057746887207, 1194
0.04098057746887207, 1193
0.04098057746887207, 1192
0.04197835922241211, 1191
0.04397273063659668, 1190
0.04397273063659668, 1189
0.04397273063659668, 1188
0.04497075080871582, 1187
0.04497075080871582, 1186
0.05195140838623047, 1185
0.053946733474731445, 1184
0.05494332313537598, 1183
0.05594015121459961, 1182
0.05693674087524414, 1181
0.05693674087524414, 1180
0.05793642997741699, 1179
0.05793642997741699, 1178
0.058933258056640625, 1177
0.06192469596862793, 1176
0.06192469596862793, 1175
0.06292080879211426, 1174
0.06391787528991699, 1173
0.06391787528991699, 1172
0.06391787528991699, 1171
0.06391787528991699, 1170
0.06491518020629883, 1169
0.06591248512268066, 1168
0.06591248512268066, 1167
0.06591248512268066, 1166
0.06591248512268066, 1165
0.06591248512268066, 1164
0.06591248512268066, 1163
0.06591248512268066, 1162
0.06890439987182617, 1161
0.06890439987182617, 1160
0.06890439987182617, 1159
0.06890439987182617, 1158
0.06990170478820801, 1157
0.06990170478820801, 1156
0.06990170478820801, 1155
0.07090044021606445, 1154
0.07090044021606445, 1153
0.0718996524810791, 1152
0.07688474655151367, 1151
0.07688474655151367, 1150
0.07688474655151367, 1149
0.07791399955749512, 1148
0.07791399955749512, 1147
0.07891225814819336, 1146
0.07891225814819336, 1145
0.07990837097167969, 1144
0.07990837097167969, 1143
0.07990837097167969, 1142
0.07990837097167969, 1141
0.08087348937988281, 1140
0.08087348937988281, 1139
0.08087348937988281, 1138
0.08087348937988281, 1137
0.08087348937988281, 1136
0.08190226554870605, 1135
0.08190226554870605, 1134
0.08190226554870605, 1133
0.08190226554870605, 1132
0.08190226554870605, 1131
0.08289933204650879, 1130
0.08289933204650879, 1129
0.08289933204650879, 1128
0.08289933204650879, 1127
0.08289933204650879, 1126
0.08289933204650879, 1125
0.08389449119567871, 1124
0.08389449119567871, 1123
0.08489441871643066, 1122
0.08489441871643066, 1121
0.08489441871643066, 1120
0.08685827255249023, 1119
0.08888649940490723, 1118
0.08888649940490723, 1117
0.08888649940490723, 1116
0.08888649940490723, 1115
0.08988094329833984, 1114
0.08988094329833984, 1113
0.08988094329833984, 1112
0.08988094329833984, 1111
0.09087920188903809, 1110
0.09087920188903809, 1109
0.09187817573547363, 1108
0.09187817573547363, 1107
0.09287381172180176, 1106
0.09483695030212402, 1105
0.0968317985534668, 1104
0.0968317985534668, 1103
0.09782934188842773, 1102
0.0998232364654541, 1101
0.10082221031188965, 1100
0.10181736946105957, 1099
0.10381197929382324, 1098
0.10484457015991211, 1097
0.10484457015991211, 1096
0.10580801963806152, 1095
0.10680341720581055, 1094
0.1078028678894043, 1093
0.1078028678894043, 1092
0.11481451988220215, 1091
0.11677694320678711, 1090
0.11877298355102539, 1089
0.11977005004882812, 1088
0.12177276611328125, 1087
0.12279725074768066, 1086
0.12378787994384766, 1085
0.12378787994384766, 1084
0.12478780746459961, 1083
0.12478780746459961, 1082
0.12974166870117188, 1081
0.12974166870117188, 1080
0.13273358345031738, 1079
0.13273358345031738, 1078
0.13373112678527832, 1077
0.13373112678527832, 1076
0.13472843170166016, 1075
0.13472843170166016, 1074
0.13472843170166016, 1073
0.13472843170166016, 1072
0.13472843170166016, 1071
0.13472843170166016, 1070
0.13472843170166016, 1069
0.135725736618042, 1068
0.135725736618042, 1067
0.135725736618042, 1066
0.135725736618042, 1065
0.13672351837158203, 1064
0.13672351837158203, 1063
0.13672351837158203, 1062
0.13672351837158203, 1061
0.13971495628356934, 1060
0.13971495628356934, 1059
0.14071249961853027, 1058
0.14270710945129395, 1057
0.14270710945129395, 1056
0.14270710945129395, 1055
0.14370441436767578, 1054
0.14370441436767578, 1053
0.14370441436767578, 1052
0.14470171928405762, 1051
0.14470171928405762, 1050
0.14569902420043945, 1049
0.16465020179748535, 1048
0.16564726829528809, 1047
0.16564726829528809, 1046
0.1686394214630127, 1045
0.16963672637939453, 1044
0.17362451553344727, 1043
0.1746218204498291, 1042
0.17561936378479004, 1041
0.17661643028259277, 1040
0.1776142120361328, 1039
0.1776142120361328, 1038
0.1776142120361328, 1037
0.1776142120361328, 1036
0.1776142120361328, 1035
0.1776142120361328, 1034
0.1776142120361328, 1033
0.1776142120361328, 1032
0.1776142120361328, 1031
0.1776142120361328, 1030
0.17864346504211426, 1029
0.18263530731201172, 1028
0.18263530731201172, 1027
0.18263530731201172, 1026
0.18263530731201172, 1025
0.1856250762939453, 1024
0.1856250762939453, 1023
0.1856250762939453, 1022
0.1856250762939453, 1021
0.18659090995788574, 1020
0.18659090995788574, 1019
0.18659090995788574, 1018
0.18659090995788574, 1017
0.18659090995788574, 1016
0.18659090995788574, 1015
0.18659090995788574, 1014
0.18659090995788574, 1013
0.18659090995788574, 1012
0.1876225471496582, 1011
0.1876225471496582, 1010
0.1876225471496582, 1009
0.19160914421081543, 1008
0.19260859489440918, 1007
0.193603515625, 1006
0.193603515625, 1005
0.193603515625, 1004
0.19559574127197266, 1003
0.19559574127197266, 1002
0.1965630054473877, 1001
0.1965630054473877, 1000
0.1965630054473877, 999
0.1965630054473877, 998
0.19756197929382324, 997
0.19756197929382324, 996
0.19756197929382324, 995
0.19756197929382324, 994
0.20055389404296875, 993
0.20055389404296875, 992
0.20055389404296875, 991
0.20254898071289062, 990
0.20354461669921875, 989
0.20354461669921875, 988
0.20354461669921875, 987
0.20354461669921875, 986
0.20354461669921875, 985
0.20354461669921875, 984
0.20354461669921875, 983
0.20653653144836426, 982
0.21152305603027344, 981
0.21152305603027344, 980
0.2135176658630371, 979
0.2135176658630371, 978
0.21451497077941895, 977
0.21451497077941895, 976
0.2185060977935791, 975
0.22648358345031738, 974
0.24098587036132812, 973
0.24198317527770996, 972
0.24796724319458008, 971
0.24796724319458008, 970
0.2489643096923828, 969
0.24996161460876465, 968
0.24996161460876465, 967
0.2519564628601074, 966
0.2599673271179199, 965
0.26096606254577637, 964
0.2619636058807373, 963
0.267946720123291, 962
0.2699418067932129, 961
0.2699418067932129, 960
0.273897647857666, 959
0.2749323844909668, 958
0.28490185737609863, 957
0.30507683753967285, 956
0.3071763515472412, 955
0.3071763515472412, 954
0.3071763515472412, 953
0.30817317962646484, 952
0.3091707229614258, 951
0.31116509437561035, 950
0.31615209579467773, 949
0.31714940071105957, 948
0.31714940071105957, 947
0.31714940071105957, 946
0.31714940071105957, 945
0.31714940071105957, 944
0.31914234161376953, 943
0.321138858795166, 942
0.3292422294616699, 941
0.33336544036865234, 940
0.347841739654541, 939
0.365825891494751, 938
0.3688199520111084, 937
0.3909571170806885, 936
0.3969409465789795, 935
0.4080355167388916, 934
0.4100918769836426, 933
0.4110903739929199, 932
0.41507911682128906, 931
0.4160764217376709, 930
0.4160764217376709, 929
0.4684255123138428, 928
0.47042179107666016, 927
0.4898345470428467, 926
0.4988579750061035, 925
0.5018510818481445, 924
0.5018510818481445, 923
0.5198328495025635, 922
0.5347933769226074, 921
0.6085648536682129, 920
0.6205337047576904, 919
0.6245203018188477, 918
0.6325006484985352, 917
0.6624550819396973, 916
0.6684374809265137, 915
0.6845121383666992, 914
0.6884677410125732, 913
0.6884677410125732, 912
0.6915717124938965, 911
0.692568302154541, 910
0.7917940616607666, 909
0.7917940616607666, 908
0.7947866916656494, 907
0.7947866916656494, 906
0.7977466583251953, 905
1.0185556411743164, 904
1.0185556411743164, 903
1.0185556411743164, 902
1.3740777969360352, 901
1.376072645187378, 900
1.5961825847625732, 899
