0.011967897415161133, 1213
0.014058351516723633, 1212
0.023936033248901367, 1211
0.023936033248901367, 1210
0.023936033248901367, 1209
0.023936033248901367, 1208
0.024931669235229492, 1207
0.024931669235229492, 1206
0.025928974151611328, 1205
0.026926279067993164, 1204
0.026926279067993164, 1203
0.0279233455657959, 1202
0.0279233455657959, 1201
0.0279233455657959, 1200
0.0279233455657959, 1199
0.0279233455657959, 1198
0.031999826431274414, 1197
0.03299689292907715, 1196
0.03299689292907715, 1195
0.03299689292907715, 1194
0.03299689292907715, 1193
0.03399467468261719, 1192
0.03399467468261719, 1191
0.03499174118041992, 1190
0.03499174118041992, 1189
0.03499174118041992, 1188
0.04005312919616699, 1187
0.04105496406555176, 1186
0.042049407958984375, 1185
0.042049407958984375, 1184
0.04304695129394531, 1183
0.04304695129394531, 1182
0.04304695129394531, 1181
0.04304695129394531, 1180
0.04404425621032715, 1179
0.045041561126708984, 1178
0.045041561126708984, 1177
0.045041561126708984, 1176
0.04803156852722168, 1175
0.04803156852722168, 1174
0.04803156852722168, 1173
0.04803156852722168, 1172
0.049028635025024414, 1171
0.049028635025024414, 1170
0.05002593994140625, 1169
0.05002593994140625, 1168
0.05002593994140625, 1167
0.05002593994140625, 1166
0.05002593994140625, 1165
0.05002593994140625, 1164
0.05002593994140625, 1163
0.0545506477355957, 1162
0.05506157875061035, 1161
0.05506157875061035, 1160
0.05605578422546387, 1159
0.057053327560424805, 1158
0.05805039405822754, 1157
0.05805039405822754, 1156
0.05805039405822754, 1155
0.059047698974609375, 1154
0.059047698974609375, 1153
0.0621185302734375, 1152
0.06311559677124023, 1151
0.0651090145111084, 1150
0.0651090145111084, 1149
0.0651090145111084, 1148
0.0651090145111084, 1147
0.0651090145111084, 1146
0.0651090145111084, 1145
0.0651090145111084, 1144
0.06610631942749023, 1143
0.06610631942749023, 1142
0.06610631942749023, 1141
0.06610631942749023, 1140
0.06610631942749023, 1139
0.06710362434387207, 1138
0.06710362434387207, 1137
0.06710362434387207, 1136
0.06710362434387207, 1135
0.06710362434387207, 1134
0.06810164451599121, 1133
0.06810164451599121, 1132
0.06810164451599121, 1131
0.06810164451599121, 1130
0.06810164451599121, 1129
0.06810164451599121, 1128
0.06909823417663574, 1127
0.06909823417663574, 1126
0.06909823417663574, 1125
0.07216811180114746, 1124
0.07216811180114746, 1123
0.07216811180114746, 1122
0.07416296005249023, 1121
0.07516193389892578, 1120
0.07516193389892578, 1119
0.07516193389892578, 1118
0.07516193389892578, 1117
0.0761575698852539, 1116
0.0761575698852539, 1115
0.0761575698852539, 1114
0.0761575698852539, 1113
0.0761575698852539, 1112
0.07715487480163574, 1111
0.07821226119995117, 1110
0.07821226119995117, 1109
0.07921123504638672, 1108
0.08020663261413574, 1107
0.08020663261413574, 1106
0.08120346069335938, 1105
0.08120346069335938, 1104
0.08120346069335938, 1103
0.08220100402832031, 1102
0.08220100402832031, 1101
0.08319830894470215, 1100
0.08319830894470215, 1099
0.08319830894470215, 1098
0.08319830894470215, 1097
0.08519268035888672, 1096
0.08519268035888672, 1095
0.08519268035888672, 1094
0.08519268035888672, 1093
0.08818626403808594, 1092
0.08918333053588867, 1091
0.08918333053588867, 1090
0.09516787528991699, 1089
0.09716129302978516, 1088
0.10713601112365723, 1087
0.10713601112365723, 1086
0.10813379287719727, 1085
0.109130859375, 1084
0.109130859375, 1083
0.109130859375, 1082
0.11019086837768555, 1081
0.11019086837768555, 1080
0.11019086837768555, 1079
0.11019086837768555, 1078
0.11019086837768555, 1077
0.1111900806427002, 1076
0.11218714714050293, 1075
0.11218714714050293, 1074
0.11318278312683105, 1073
0.11318278312683105, 1072
0.11417961120605469, 1071
0.11517739295959473, 1070
0.11517739295959473, 1069
0.11517739295959473, 1068
0.11517739295959473, 1067
0.11617493629455566, 1066
0.11617493629455566, 1065
0.1171720027923584, 1064
0.11816883087158203, 1063
0.11825275421142578, 1062
0.11825275421142578, 1061
0.11825275421142578, 1060
0.11825275421142578, 1059
0.11825275421142578, 1058
0.11825275421142578, 1057
0.12024855613708496, 1056
0.121246337890625, 1055
0.121246337890625, 1054
0.12224340438842773, 1053
0.12224340438842773, 1052
0.12423825263977051, 1051
0.12523531913757324, 1050
0.12523531913757324, 1049
0.12523531913757324, 1048
0.12523531913757324, 1047
0.12623262405395508, 1046
0.12623262405395508, 1045
0.12722992897033691, 1044
0.12722992897033691, 1043
0.15035176277160645, 1042
0.15035176277160645, 1041
0.151350736618042, 1040
0.15234708786010742, 1039
0.15234708786010742, 1038
0.15742230415344238, 1037
0.1604161262512207, 1036
0.1604161262512207, 1035
0.1604161262512207, 1034
0.1604161262512207, 1033
0.1604161262512207, 1032
0.16141319274902344, 1031
0.16141319274902344, 1030
0.16141319274902344, 1029
0.16141319274902344, 1028
0.16141319274902344, 1027
0.16141319274902344, 1026
0.16141319274902344, 1025
0.16141319274902344, 1024
0.16240882873535156, 1023
0.16440725326538086, 1022
0.16639995574951172, 1021
0.16739726066589355, 1020
0.16739726066589355, 1019
0.16739726066589355, 1018
0.1683943271636963, 1017
0.1683943271636963, 1016
0.1683943271636963, 1015
0.16939187049865723, 1014
0.17038893699645996, 1013
0.17038893699645996, 1012
0.1713864803314209, 1011
0.1713864803314209, 1010
0.1713864803314209, 1009
0.1713864803314209, 1008
0.17238378524780273, 1007
0.17238378524780273, 1006
0.17238378524780273, 1005
0.17342567443847656, 1004
0.17347097396850586, 1003
0.17347097396850586, 1002
0.17347097396850586, 1001
0.1744701862335205, 1000
0.17546701431274414, 999
0.17845940589904785, 998
0.17945456504821777, 997
0.1804518699645996, 996
0.1804518699645996, 995
0.1804518699645996, 994
0.1825246810913086, 993
0.1825246810913086, 992
0.18352150917053223, 991
0.18352150917053223, 990
0.18352150917053223, 989
0.18451929092407227, 988
0.18451929092407227, 987
0.18451929092407227, 986
0.18451929092407227, 985
0.185516357421875, 984
0.185516357421875, 983
0.185516357421875, 982
0.18651413917541504, 981
0.18751072883605957, 980
0.18751072883605957, 979
0.18751072883605957, 978
0.1885082721710205, 977
0.1885082721710205, 976
0.1885082721710205, 975
0.1885082721710205, 974
0.1885082721710205, 973
0.1885082721710205, 972
0.1885082721710205, 971
0.19058489799499512, 970
0.19058489799499512, 969
0.19058489799499512, 968
0.19764041900634766, 967
0.19963645935058594, 966
0.19963645935058594, 965
0.19963645935058594, 964
0.20063400268554688, 963
0.2218005657196045, 962
0.2218005657196045, 961
0.22280144691467285, 960
0.22678756713867188, 959
0.22678756713867188, 958
0.2277848720550537, 957
0.2277848720550537, 956
0.23086810111999512, 955
0.23086810111999512, 954
0.24692630767822266, 953
0.25403547286987305, 952
0.2550654411315918, 951
0.2550654411315918, 950
0.2600517272949219, 949
0.26812243461608887, 948
0.26812243461608887, 947
0.26812243461608887, 946
0.2691001892089844, 945
0.2691001892089844, 944
0.27017974853515625, 943
0.27220654487609863, 942
0.27725839614868164, 941
0.2782886028289795, 940
0.27928805351257324, 939
0.28028345108032227, 938
0.2832756042480469, 937
0.2842702865600586, 936
0.2862355709075928, 935
0.2892274856567383, 934
0.29527902603149414, 933
0.3002653121948242, 932
0.30537986755371094, 931
0.36763906478881836, 930
0.3716280460357666, 929
0.37761378288269043, 928
0.37761378288269043, 927
0.41880321502685547, 926
0.4470632076263428, 925
0.47615671157836914, 924
0.48623013496398926, 923
0.48623013496398926, 922
0.49430298805236816, 921
0.5062718391418457, 920
0.5264053344726562, 919
0.6079549789428711, 918
0.6321661472320557, 917
0.6412374973297119, 916
0.6502137184143066, 915
0.7850961685180664, 914
0.7850961685180664, 913
0.8736767768859863, 912
0.9200127124786377, 911
0.9421789646148682, 910
0.9461686611175537, 909
0.9502735137939453, 908
0.9945428371429443, 907
1.1142897605895996, 906
1.21067476272583, 905
1.2147579193115234, 904
1.2147579193115234, 903
1.3376083374023438, 902
1.3476688861846924, 901
1.6507983207702637, 900
1.6830477714538574, 899
