0.012236595153808594, 1213
0.0218505859375, 1212
0.0218505859375, 1211
0.0218505859375, 1210
0.0218505859375, 1209
0.02284836769104004, 1208
0.02384185791015625, 1207
0.02384185791015625, 1206
0.024842500686645508, 1205
0.024842500686645508, 1204
0.024842500686645508, 1203
0.025839805603027344, 1202
0.025839805603027344, 1201
0.026838302612304688, 1200
0.026838302612304688, 1199
0.026838302612304688, 1198
0.026838302612304688, 1197
0.027835369110107422, 1196
0.02980351448059082, 1195
0.03079533576965332, 1194
0.03079533576965332, 1193
0.03079533576965332, 1192
0.03079533576965332, 1191
0.03182554244995117, 1190
0.03182554244995117, 1189
0.0328218936920166, 1188
0.0328218936920166, 1187
0.0328218936920166, 1186
0.037933349609375, 1185
0.037933349609375, 1184
0.03893089294433594, 1183
0.03992581367492676, 1182
0.04092574119567871, 1181
0.04192328453063965, 1180
0.04198741912841797, 1179
0.04198741912841797, 1178
0.04198741912841797, 1177
0.04501461982727051, 1176
0.04797220230102539, 1175
0.04797220230102539, 1174
0.04797220230102539, 1173
0.049001216888427734, 1172
0.050060272216796875, 1171
0.050060272216796875, 1170
0.05105876922607422, 1169
0.05105876922607422, 1168
0.05105876922607422, 1167
0.05105876922607422, 1166
0.05105876922607422, 1165
0.05408215522766113, 1164
0.05408215522766113, 1163
0.05408215522766113, 1162
0.05408215522766113, 1161
0.055078744888305664, 1160
0.055078744888305664, 1159
0.05607795715332031, 1158
0.05607795715332031, 1157
0.05607795715332031, 1156
0.05607795715332031, 1155
0.05906844139099121, 1154
0.05906844139099121, 1153
0.061063289642333984, 1152
0.061063289642333984, 1151
0.061063289642333984, 1150
0.061063289642333984, 1149
0.06206178665161133, 1148
0.06206178665161133, 1147
0.06206178665161133, 1146
0.06305742263793945, 1145
0.06305742263793945, 1144
0.0640556812286377, 1143
0.0640556812286377, 1142
0.0640556812286377, 1141
0.0640556812286377, 1140
0.0640556812286377, 1139
0.0640556812286377, 1138
0.0640556812286377, 1137
0.0640556812286377, 1136
0.0640556812286377, 1135
0.0640556812286377, 1134
0.0640556812286377, 1133
0.06505584716796875, 1132
0.06505584716796875, 1131
0.06505584716796875, 1130
0.06605005264282227, 1129
0.06605005264282227, 1128
0.06605005264282227, 1127
0.06605005264282227, 1126
0.06605005264282227, 1125
0.06704831123352051, 1124
0.06804227828979492, 1123
0.06804227828979492, 1122
0.06804227828979492, 1121
0.06904196739196777, 1120
0.06904196739196777, 1119
0.06904196739196777, 1118
0.06904196739196777, 1117
0.07000732421875, 1116
0.07000732421875, 1115
0.07000732421875, 1114
0.07000732421875, 1113
0.07103610038757324, 1112
0.07103610038757324, 1111
0.07203459739685059, 1110
0.07203459739685059, 1109
0.07303452491760254, 1108
0.07402825355529785, 1107
0.07402825355529785, 1106
0.07402825355529785, 1105
0.0751028060913086, 1104
0.07613253593444824, 1103
0.07613253593444824, 1102
0.07812666893005371, 1101
0.07812666893005371, 1100
0.07812666893005371, 1099
0.07912421226501465, 1098
0.07912421226501465, 1097
0.08008956909179688, 1096
0.08008956909179688, 1095
0.08111977577209473, 1094
0.08111977577209473, 1093
0.08335113525390625, 1092
0.08933520317077637, 1091
0.09136223793029785, 1090
0.09235835075378418, 1089
0.09235835075378418, 1088
0.09435439109802246, 1087
0.09534883499145508, 1086
0.09534883499145508, 1085
0.09634828567504883, 1084
0.0983426570892334, 1083
0.0983426570892334, 1082
0.0983426570892334, 1081
0.09934020042419434, 1080
0.09934020042419434, 1079
0.1003408432006836, 1078
0.1003408432006836, 1077
0.1003408432006836, 1076
0.10133528709411621, 1075
0.10133528709411621, 1074
0.10133528709411621, 1073
0.10233235359191895, 1072
0.10233235359191895, 1071
0.10233235359191895, 1070
0.10332775115966797, 1069
0.10332775115966797, 1068
0.10332775115966797, 1067
0.10332775115966797, 1066
0.10433077812194824, 1065
0.10433077812194824, 1064
0.10433077812194824, 1063
0.10433077812194824, 1062
0.10433077812194824, 1061
0.10632729530334473, 1060
0.10731887817382812, 1059
0.10731887817382812, 1058
0.10834097862243652, 1057
0.11127877235412598, 1056
0.11127877235412598, 1055
0.11227536201477051, 1054
0.11227536201477051, 1053
0.11227536201477051, 1052
0.11327219009399414, 1051
0.11327219009399414, 1050
0.11426925659179688, 1049
0.11526656150817871, 1048
0.13572311401367188, 1047
0.13572311401367188, 1046
0.13572311401367188, 1045
0.1367204189300537, 1044
0.13771772384643555, 1043
0.1397111415863037, 1042
0.14070820808410645, 1041
0.14270424842834473, 1040
0.14270424842834473, 1039
0.1447298526763916, 1038
0.1447298526763916, 1037
0.1447298526763916, 1036
0.1447298526763916, 1035
0.1447298526763916, 1034
0.1447298526763916, 1033
0.1447298526763916, 1032
0.1447298526763916, 1031
0.1447298526763916, 1030
0.1447298526763916, 1029
0.14672183990478516, 1028
0.1497185230255127, 1027
0.1497185230255127, 1026
0.1497185230255127, 1025
0.1497185230255127, 1024
0.15071392059326172, 1023
0.1527092456817627, 1022
0.15370607376098633, 1021
0.15370607376098633, 1020
0.15370607376098633, 1019
0.15370607376098633, 1018
0.15470027923583984, 1017
0.15470027923583984, 1016
0.15470027923583984, 1015
0.15470027923583984, 1014
0.15470027923583984, 1013
0.15470027923583984, 1012
0.15470027923583984, 1011
0.1556689739227295, 1010
0.1556689739227295, 1009
0.1646440029144287, 1008
0.1646440029144287, 1007
0.16564178466796875, 1006
0.16663885116577148, 1005
0.16663885116577148, 1004
0.16663885116577148, 1003
0.16763615608215332, 1002
0.16763615608215332, 1001
0.16863369941711426, 1000
0.16863369941711426, 999
0.16863369941711426, 998
0.169630765914917, 997
0.17162609100341797, 996
0.17162609100341797, 995
0.17262625694274902, 994
0.17262625694274902, 993
0.17362213134765625, 992
0.17362213134765625, 991
0.17362213134765625, 990
0.17871546745300293, 989
0.17871546745300293, 988
0.17926549911499023, 987
0.1802225112915039, 986
0.18121933937072754, 985
0.18121933937072754, 984
0.18121933937072754, 983
0.18121933937072754, 982
0.18221664428710938, 981
0.18221664428710938, 980
0.18221664428710938, 979
0.18421149253845215, 978
0.1941831111907959, 977
0.1963355541229248, 976
0.19832921028137207, 975
0.20740389823913574, 974
0.21549391746520996, 973
0.2211151123046875, 972
0.2211151123046875, 971
0.2241060733795166, 970
0.22510552406311035, 969
0.22610092163085938, 968
0.2270982265472412, 967
0.23707342147827148, 966
0.23903536796569824, 965
0.24904131889343262, 964
0.2510037422180176, 963
0.2510037422180176, 962
0.256990909576416, 961
0.256990909576416, 960
0.25801539421081543, 959
0.2649650573730469, 958
0.2659943103790283, 957
0.26695942878723145, 956
0.26995348930358887, 955
0.2709846496582031, 954
0.273972749710083, 953
0.27907896041870117, 952
0.27907896041870117, 951
0.2800750732421875, 950
0.2800750732421875, 949
0.2800750732421875, 948
0.28203797340393066, 947
0.2830355167388916, 946
0.28702330589294434, 945
0.2910454273223877, 944
0.2970292568206787, 943
0.29802775382995605, 942
0.30101919174194336, 941
0.30401086807250977, 940
0.30401086807250977, 939
0.3099696636199951, 938
0.31504154205322266, 937
0.3438713550567627, 936
0.34586620330810547, 935
0.36091017723083496, 934
0.36589765548706055, 933
0.3730471134185791, 932
0.3730471134185791, 931
0.38897204399108887, 930
0.38897204399108887, 929
0.4248790740966797, 928
0.44304656982421875, 927
0.47102999687194824, 926
0.4929695129394531, 925
0.5569419860839844, 924
0.5569419860839844, 923
0.5629944801330566, 922
0.5710840225219727, 921
0.6189193725585938, 920
0.6209425926208496, 919
0.6219420433044434, 918
0.6288895606994629, 917
0.6598057746887207, 916
0.7018821239471436, 915
0.7018821239471436, 914
0.7148468494415283, 913
0.7158441543579102, 912
0.7158441543579102, 911
0.7188363075256348, 910
0.7198336124420166, 909
0.7208311557769775, 908
0.8071706295013428, 907
0.8071706295013428, 906
0.8358540534973145, 905
0.8538076877593994, 904
0.8933887481689453, 903
1.05224609375, 902
1.1077358722686768, 901
1.4316723346710205, 900
1.5350217819213867, 899
