0.010092735290527344, 1213
0.01215052604675293, 1212
0.01215052604675293, 1211
0.01215052604675293, 1210
0.01717066764831543, 1209
0.01717066764831543, 1208
0.01717066764831543, 1207
0.018166542053222656, 1206
0.01916360855102539, 1205
0.01916360855102539, 1204
0.01916360855102539, 1203
0.01916360855102539, 1202
0.01916360855102539, 1201
0.020142078399658203, 1200
0.020142078399658203, 1199
0.020142078399658203, 1198
0.020142078399658203, 1197
0.021161317825317383, 1196
0.021161317825317383, 1195
0.021161317825317383, 1194
0.025117158889770508, 1193
0.025117158889770508, 1192
0.025117158889770508, 1191
0.025117158889770508, 1190
0.025117158889770508, 1189
0.026144981384277344, 1188
0.027142047882080078, 1187
0.027142047882080078, 1186
0.027142047882080078, 1185
0.027142047882080078, 1184
0.0331265926361084, 1183
0.0331265926361084, 1182
0.035125732421875, 1181
0.03614163398742676, 1180
0.03614163398742676, 1179
0.03614163398742676, 1178
0.03614163398742676, 1177
0.03614163398742676, 1176
0.03717374801635742, 1175
0.03717374801635742, 1174
0.03816986083984375, 1173
0.039168357849121094, 1172
0.04016304016113281, 1171
0.04016304016113281, 1170
0.04016304016113281, 1169
0.04016304016113281, 1168
0.04016304016113281, 1167
0.04116106033325195, 1166
0.04116106033325195, 1165
0.04116106033325195, 1164
0.04116106033325195, 1163
0.04116106033325195, 1162
0.04116106033325195, 1161
0.045238494873046875, 1160
0.04623579978942871, 1159
0.04623579978942871, 1158
0.04623579978942871, 1157
0.04623579978942871, 1156
0.04723334312438965, 1155
0.04723334312438965, 1154
0.04723334312438965, 1153
0.04723334312438965, 1152
0.04723334312438965, 1151
0.04723334312438965, 1150
0.050225257873535156, 1149
0.05277705192565918, 1148
0.05277705192565918, 1147
0.05277705192565918, 1146
0.05277705192565918, 1145
0.05277705192565918, 1144
0.05380392074584961, 1143
0.05380392074584961, 1142
0.05380392074584961, 1141
0.05380392074584961, 1140
0.05380392074584961, 1139
0.05480360984802246, 1138
0.05480360984802246, 1137
0.05480360984802246, 1136
0.05480360984802246, 1135
0.05480360984802246, 1134
0.05480360984802246, 1133
0.055802345275878906, 1132
0.055802345275878906, 1131
0.055802345275878906, 1130
0.055802345275878906, 1129
0.055802345275878906, 1128
0.05779576301574707, 1127
0.05779576301574707, 1126
0.05779576301574707, 1125
0.05779576301574707, 1124
0.05779576301574707, 1123
0.05779576301574707, 1122
0.05979037284851074, 1121
0.05979037284851074, 1120
0.05979037284851074, 1119
0.06078767776489258, 1118
0.06078767776489258, 1117
0.06078767776489258, 1116
0.06078767776489258, 1115
0.06078767776489258, 1114
0.0617828369140625, 1113
0.0617828369140625, 1112
0.0617828369140625, 1111
0.0617828369140625, 1110
0.0617828369140625, 1109
0.06278324127197266, 1108
0.06378006935119629, 1107
0.06378006935119629, 1106
0.06477904319763184, 1105
0.06577444076538086, 1104
0.06577444076538086, 1103
0.06577444076538086, 1102
0.06677484512329102, 1101
0.06677484512329102, 1100
0.06677484512329102, 1099
0.06776928901672363, 1098
0.06776928901672363, 1097
0.06776928901672363, 1096
0.06882643699645996, 1095
0.06882643699645996, 1094
0.06985640525817871, 1093
0.07085347175598145, 1092
0.07085347175598145, 1091
0.07085347175598145, 1090
0.07384586334228516, 1089
0.0758969783782959, 1088
0.07892203330993652, 1087
0.07892203330993652, 1086
0.07892203330993652, 1085
0.08091592788696289, 1084
0.08091592788696289, 1083
0.08191370964050293, 1082
0.08191370964050293, 1081
0.08191370964050293, 1080
0.08291244506835938, 1079
0.08291244506835938, 1078
0.08396553993225098, 1077
0.0849921703338623, 1076
0.08599328994750977, 1075
0.08599328994750977, 1074
0.08599328994750977, 1073
0.08599328994750977, 1072
0.08599328994750977, 1071
0.08599328994750977, 1070
0.08695816993713379, 1069
0.08695816993713379, 1068
0.08695816993713379, 1067
0.08695816993713379, 1066
0.08695816993713379, 1065
0.08695816993713379, 1064
0.08695816993713379, 1063
0.08799004554748535, 1062
0.08799004554748535, 1061
0.08799004554748535, 1060
0.08898544311523438, 1059
0.09097909927368164, 1058
0.09197616577148438, 1057
0.09203028678894043, 1056
0.09203028678894043, 1055
0.09203028678894043, 1054
0.0929715633392334, 1053
0.0929715633392334, 1052
0.0929715633392334, 1051
0.09397101402282715, 1050
0.10194969177246094, 1049
0.10194969177246094, 1048
0.10294723510742188, 1047
0.10294723510742188, 1046
0.10394692420959473, 1045
0.10494160652160645, 1044
0.11101150512695312, 1043
0.11101150512695312, 1042
0.11101150512695312, 1041
0.11297607421875, 1040
0.11397361755371094, 1039
0.11397361755371094, 1038
0.11397361755371094, 1037
0.11397361755371094, 1036
0.11397361755371094, 1035
0.11397361755371094, 1034
0.11397361755371094, 1033
0.11497044563293457, 1032
0.11497044563293457, 1031
0.1159677505493164, 1030
0.1159677505493164, 1029
0.11905479431152344, 1028
0.11905479431152344, 1027
0.11905479431152344, 1026
0.12005186080932617, 1025
0.12005186080932617, 1024
0.12404179573059082, 1023
0.12509584426879883, 1022
0.12509584426879883, 1021
0.12509584426879883, 1020
0.12609481811523438, 1019
0.12609481811523438, 1018
0.12609481811523438, 1017
0.127091646194458, 1016
0.127091646194458, 1015
0.127091646194458, 1014
0.12808918952941895, 1013
0.12808918952941895, 1012
0.12908673286437988, 1011
0.12908673286437988, 1010
0.12908673286437988, 1009
0.1351628303527832, 1008
0.1351628303527832, 1007
0.13915228843688965, 1006
0.14014959335327148, 1005
0.14014959335327148, 1004
0.14014959335327148, 1003
0.14214420318603516, 1002
0.14214420318603516, 1001
0.14214420318603516, 1000
0.14413905143737793, 999
0.14413905143737793, 998
0.14413905143737793, 997
0.14413905143737793, 996
0.14513659477233887, 995
0.14513659477233887, 994
0.14513659477233887, 993
0.1461334228515625, 992
0.1461334228515625, 991
0.1492173671722412, 990
0.15021443367004395, 989
0.15021443367004395, 988
0.15121150016784668, 987
0.15320634841918945, 986
0.15320634841918945, 985
0.15320634841918945, 984
0.15320634841918945, 983
0.15320634841918945, 982
0.1542036533355713, 981
0.1542036533355713, 980
0.15520095825195312, 979
0.1632671356201172, 978
0.16535162925720215, 977
0.16834330558776855, 976
0.16834330558776855, 975
0.17432761192321777, 974
0.19336581230163574, 973
0.19336581230163574, 972
0.2034306526184082, 971
0.2034306526184082, 970
0.20450973510742188, 969
0.20650601387023926, 968
0.20949769020080566, 967
0.2104952335357666, 966
0.2104952335357666, 965
0.2104952335357666, 964
0.21149253845214844, 963
0.2134873867034912, 962
0.22046875953674316, 961
0.2214658260345459, 960
0.23152494430541992, 959
0.23451709747314453, 958
0.23551416397094727, 957
0.2367234230041504, 956
0.2367234230041504, 955
0.23772215843200684, 954
0.24778246879577637, 953
0.2537660598754883, 952
0.2547638416290283, 951
0.2547638416290283, 950
0.2677290439605713, 949
0.2677290439605713, 948
0.2687859535217285, 947
0.26981496810913086, 946
0.2708117961883545, 945
0.27180957794189453, 944
0.2778811454772949, 943
0.27887821197509766, 942
0.27887821197509766, 941
0.28187036514282227, 940
0.29093170166015625, 939
0.2949211597442627, 938
0.29891014099121094, 937
0.3009049892425537, 936
0.3009049892425537, 935
0.3330826759338379, 934
0.33806896209716797, 933
0.3410611152648926, 932
0.3420584201812744, 931
0.3531069755554199, 930
0.3551013469696045, 929
0.3581821918487549, 928
0.3652656078338623, 927
0.3652656078338623, 926
0.38330674171447754, 925
0.3974950313568115, 924
0.4166245460510254, 923
0.4286801815032959, 922
0.42967915534973145, 921
0.43674182891845703, 920
0.4448099136352539, 919
0.44880056381225586, 918
0.44880056381225586, 917
0.4890456199645996, 916
0.5370714664459229, 915
0.5470445156097412, 914
0.5782318115234375, 913
0.5782318115234375, 912
0.5942952632904053, 911
0.6747441291809082, 910
0.6747441291809082, 909
0.6759045124053955, 908
0.6759045124053955, 907
0.6779286861419678, 906
0.8044648170471191, 905
0.8385930061340332, 904
0.9532051086425781, 903
1.4802453517913818, 902
1.5536129474639893, 901
1.6687328815460205, 900
1.8224854469299316, 899
