0.014089822769165039, 1213
0.017081499099731445, 1212
0.017081499099731445, 1211
0.017081499099731445, 1210
0.026301860809326172, 1209
0.026301860809326172, 1208
0.02733159065246582, 1207
0.02733159065246582, 1206
0.02832937240600586, 1205
0.02832937240600586, 1204
0.02832937240600586, 1203
0.02832937240600586, 1202
0.02832937240600586, 1201
0.02933025360107422, 1200
0.02933025360107422, 1199
0.03032374382019043, 1198
0.03032374382019043, 1197
0.03032374382019043, 1196
0.03132343292236328, 1195
0.03132343292236328, 1194
0.03531050682067871, 1193
0.03531050682067871, 1192
0.03531050682067871, 1191
0.03531050682067871, 1190
0.036309003829956055, 1189
0.03730630874633789, 1188
0.03730630874633789, 1187
0.03730630874633789, 1186
0.03730630874633789, 1185
0.03730630874633789, 1184
0.04528546333312988, 1183
0.04628181457519531, 1182
0.04728126525878906, 1181
0.049273014068603516, 1180
0.049273014068603516, 1179
0.049273014068603516, 1178
0.049273014068603516, 1177
0.049273014068603516, 1176
0.050276756286621094, 1175
0.050276756286621094, 1174
0.05127120018005371, 1173
0.05326366424560547, 1172
0.05326366424560547, 1171
0.05326366424560547, 1170
0.05326366424560547, 1169
0.05326366424560547, 1168
0.054260969161987305, 1167
0.054260969161987305, 1166
0.05525994300842285, 1165
0.05525994300842285, 1164
0.05525994300842285, 1163
0.05525994300842285, 1162
0.05525994300842285, 1161
0.060243844985961914, 1160
0.060243844985961914, 1159
0.06124258041381836, 1158
0.06124258041381836, 1157
0.06124258041381836, 1156
0.062238216400146484, 1155
0.062238216400146484, 1154
0.062238216400146484, 1153
0.062238216400146484, 1152
0.062238216400146484, 1151
0.062238216400146484, 1150
0.06536102294921875, 1149
0.06738805770874023, 1148
0.06738805770874023, 1147
0.06738805770874023, 1146
0.06838512420654297, 1145
0.06838512420654297, 1144
0.06838512420654297, 1143
0.06838512420654297, 1142
0.06838512420654297, 1141
0.06838512420654297, 1140
0.06938028335571289, 1139
0.06938028335571289, 1138
0.06938028335571289, 1137
0.07038021087646484, 1136
0.07038021087646484, 1135
0.07038021087646484, 1134
0.07038021087646484, 1133
0.07134580612182617, 1132
0.07134580612182617, 1131
0.07134580612182617, 1130
0.07134580612182617, 1129
0.07134580612182617, 1128
0.07337188720703125, 1127
0.07337188720703125, 1126
0.07337188720703125, 1125
0.07337188720703125, 1124
0.07337188720703125, 1123
0.07433748245239258, 1122
0.07633161544799805, 1121
0.07633161544799805, 1120
0.07732844352722168, 1119
0.07732844352722168, 1118
0.07732844352722168, 1117
0.07832574844360352, 1116
0.07832574844360352, 1115
0.07832574844360352, 1114
0.07932329177856445, 1113
0.07932329177856445, 1112
0.07932329177856445, 1111
0.07932329177856445, 1110
0.07932329177856445, 1109
0.07932329177856445, 1108
0.08131766319274902, 1107
0.08131766319274902, 1106
0.08231520652770996, 1105
0.0833125114440918, 1104
0.0833125114440918, 1103
0.0833125114440918, 1102
0.08430981636047363, 1101
0.08530855178833008, 1100
0.08530855178833008, 1099
0.08530855178833008, 1098
0.08530855178833008, 1097
0.08630561828613281, 1096
0.08733463287353516, 1095
0.08733463287353516, 1094
0.08733463287353516, 1093
0.08945107460021973, 1092
0.08945107460021973, 1091
0.08945107460021973, 1090
0.09244275093078613, 1089
0.09543466567993164, 1088
0.09855055809020996, 1087
0.0995476245880127, 1086
0.0995476245880127, 1085
0.10154247283935547, 1084
0.10154247283935547, 1083
0.1025395393371582, 1082
0.1025395393371582, 1081
0.1025395393371582, 1080
0.10453248023986816, 1079
0.10453248023986816, 1078
0.1056666374206543, 1077
0.1086583137512207, 1076
0.1086583137512207, 1075
0.1086583137512207, 1074
0.1086583137512207, 1073
0.1086583137512207, 1072
0.1086583137512207, 1071
0.10965561866760254, 1070
0.10965561866760254, 1069
0.10965561866760254, 1068
0.10965561866760254, 1067
0.10965561866760254, 1066
0.10965561866760254, 1065
0.10965561866760254, 1064
0.10965561866760254, 1063
0.11065268516540527, 1062
0.11165022850036621, 1061
0.11165022850036621, 1060
0.11165022850036621, 1059
0.11475038528442383, 1058
0.11574721336364746, 1057
0.11574721336364746, 1056
0.1167447566986084, 1055
0.1167447566986084, 1054
0.11774158477783203, 1053
0.11774158477783203, 1052
0.11873912811279297, 1051
0.11873912811279297, 1050
0.1307356357574463, 1049
0.1307356357574463, 1048
0.13173675537109375, 1047
0.13173675537109375, 1046
0.13273382186889648, 1045
0.13373303413391113, 1044
0.14171171188354492, 1043
0.14270567893981934, 1042
0.14270567893981934, 1041
0.144669771194458, 1040
0.144669771194458, 1039
0.144669771194458, 1038
0.144669771194458, 1037
0.14569902420043945, 1036
0.14569902420043945, 1035
0.14569902420043945, 1034
0.14569902420043945, 1033
0.14569902420043945, 1032
0.146697998046875, 1031
0.146697998046875, 1030
0.146697998046875, 1029
0.14869046211242676, 1028
0.14869046211242676, 1027
0.1496899127960205, 1026
0.1496899127960205, 1025
0.1496899127960205, 1024
0.15367627143859863, 1023
0.15464377403259277, 1022
0.15464377403259277, 1021
0.15464377403259277, 1020
0.15567231178283691, 1019
0.15567231178283691, 1018
0.15567231178283691, 1017
0.15567231178283691, 1016
0.15567231178283691, 1015
0.15666961669921875, 1014
0.15666961669921875, 1013
0.15666961669921875, 1012
0.15763378143310547, 1011
0.15866351127624512, 1010
0.15866351127624512, 1009
0.16265034675598145, 1008
0.1636192798614502, 1007
0.16760921478271484, 1006
0.16860604286193848, 1005
0.16860604286193848, 1004
0.16860604286193848, 1003
0.17159628868103027, 1002
0.17159628868103027, 1001
0.1725935935974121, 1000
0.1745893955230713, 999
0.1745893955230713, 998
0.17558813095092773, 997
0.17558813095092773, 996
0.17558813095092773, 995
0.17658782005310059, 994
0.1775815486907959, 993
0.1775815486907959, 992
0.1775815486907959, 991
0.1805734634399414, 990
0.1825714111328125, 989
0.1825714111328125, 988
0.1825714111328125, 987
0.18755626678466797, 986
0.18755626678466797, 985
0.18755626678466797, 984
0.18755626678466797, 983
0.18755626678466797, 982
0.18755626678466797, 981
0.18755626678466797, 980
0.18954968452453613, 979
0.1965312957763672, 978
0.19852614402770996, 977
0.20151638984680176, 976
0.20151638984680176, 975
0.20554089546203613, 974
0.22345900535583496, 973
0.22345900535583496, 972
0.2324662208557129, 971
0.2324662208557129, 970
0.23343181610107422, 969
0.23442959785461426, 968
0.23645520210266113, 967
0.23745512962341309, 966
0.23745512962341309, 965
0.23745512962341309, 964
0.23745512962341309, 963
0.238450288772583, 962
0.2444016933441162, 961
0.2444016933441162, 960
0.251415491104126, 959
0.25341272354125977, 958
0.2544083595275879, 957
0.25540709495544434, 956
0.25540709495544434, 955
0.25640201568603516, 954
0.2663733959197998, 953
0.27036499977111816, 952
0.2713644504547119, 951
0.2713644504547119, 950
0.2832973003387451, 949
0.2832973003387451, 948
0.2832973003387451, 947
0.285292387008667, 946
0.285292387008667, 945
0.28632378578186035, 944
0.2894258499145508, 943
0.29142045974731445, 942
0.29142045974731445, 941
0.29441285133361816, 940
0.3025078773498535, 939
0.3056058883666992, 938
0.30959486961364746, 937
0.3105926513671875, 936
0.31158971786499023, 935
0.34363293647766113, 934
0.3476221561431885, 933
0.3506145477294922, 932
0.3506145477294922, 931
0.3625493049621582, 930
0.36354660987854004, 929
0.36657261848449707, 928
0.37152576446533203, 927
0.37152576446533203, 926
0.3875155448913574, 925
0.3984863758087158, 924
0.41544175148010254, 923
0.42641472816467285, 922
0.42740845680236816, 921
0.433361291885376, 920
0.4423365592956543, 919
0.4453604221343994, 918
0.4453604221343994, 917
0.4817385673522949, 916
0.5341892242431641, 915
0.5472776889801025, 914
0.5824410915374756, 913
0.5824410915374756, 912
0.6015560626983643, 911
0.6926841735839844, 910
0.6926841735839844, 909
0.6926841735839844, 908
0.6926841735839844, 907
0.6966736316680908, 906
0.8715229034423828, 905
0.9104502201080322, 904
1.0330214500427246, 903
1.6459155082702637, 902
1.7394397258758545, 901
1.8758156299591064, 900
2.081160068511963, 899
