0.018940448760986328, 1213
0.020934343338012695, 1212
0.020934343338012695, 1211
0.020934343338012695, 1210
0.027915477752685547, 1209
0.027915477752685547, 1208
0.028913259506225586, 1207
0.02991771697998047, 1206
0.03290438652038574, 1205
0.03290438652038574, 1204
0.03290438652038574, 1203
0.034898996353149414, 1202
0.03589820861816406, 1201
0.03689169883728027, 1200
0.03689169883728027, 1199
0.03689169883728027, 1198
0.03788900375366211, 1197
0.03888869285583496, 1196
0.03888869285583496, 1195
0.04088115692138672, 1194
0.04187822341918945, 1193
0.04187822341918945, 1192
0.04187822341918945, 1191
0.04287576675415039, 1190
0.043872833251953125, 1189
0.04487133026123047, 1188
0.047876596450805664, 1187
0.049859046936035156, 1186
0.049859046936035156, 1185
0.0568385124206543, 1184
0.0568385124206543, 1183
0.0568385124206543, 1182
0.05883288383483887, 1181
0.059830665588378906, 1180
0.059830665588378906, 1179
0.059830665588378906, 1178
0.059830665588378906, 1177
0.06681346893310547, 1176
0.06681346893310547, 1175
0.0678091049194336, 1174
0.06980347633361816, 1173
0.06980347633361816, 1172
0.06980347633361816, 1171
0.06980347633361816, 1170
0.0708014965057373, 1169
0.0708014965057373, 1168
0.07179832458496094, 1167
0.07179832458496094, 1166
0.07179832458496094, 1165
0.07179832458496094, 1164
0.07179832458496094, 1163
0.07778239250183105, 1162
0.07778239250183105, 1161
0.07877969741821289, 1160
0.07877969741821289, 1159
0.07877969741821289, 1158
0.07977795600891113, 1157
0.07977795600891113, 1156
0.08077526092529297, 1155
0.08077526092529297, 1154
0.08077526092529297, 1153
0.08077526092529297, 1152
0.08077526092529297, 1151
0.08077526092529297, 1150
0.08276891708374023, 1149
0.08476400375366211, 1148
0.08476400375366211, 1147
0.08576178550720215, 1146
0.08576178550720215, 1145
0.08576178550720215, 1144
0.08576178550720215, 1143
0.08576178550720215, 1142
0.08576178550720215, 1141
0.08576178550720215, 1140
0.08675837516784668, 1139
0.08675837516784668, 1138
0.08675837516784668, 1137
0.08675837516784668, 1136
0.08675837516784668, 1135
0.08775615692138672, 1134
0.08775615692138672, 1133
0.08775615692138672, 1132
0.08875298500061035, 1131
0.08875298500061035, 1130
0.08875298500061035, 1129
0.08875298500061035, 1128
0.08875298500061035, 1127
0.08975028991699219, 1126
0.08975028991699219, 1125
0.08975028991699219, 1124
0.08975028991699219, 1123
0.09074759483337402, 1122
0.09174513816833496, 1121
0.09174513816833496, 1120
0.0927422046661377, 1119
0.0927422046661377, 1118
0.0927422046661377, 1117
0.0927422046661377, 1116
0.09373950958251953, 1115
0.09373950958251953, 1114
0.09373950958251953, 1113
0.09373950958251953, 1112
0.09373950958251953, 1111
0.09473705291748047, 1110
0.09473705291748047, 1109
0.09473705291748047, 1108
0.09772968292236328, 1107
0.10072135925292969, 1106
0.10072135925292969, 1105
0.10171890258789062, 1104
0.10171890258789062, 1103
0.1037135124206543, 1102
0.10471081733703613, 1101
0.10471081733703613, 1100
0.10570836067199707, 1099
0.10570836067199707, 1098
0.10670614242553711, 1097
0.10770320892333984, 1096
0.10770320892333984, 1095
0.1107797622680664, 1094
0.11177730560302734, 1093
0.11886000633239746, 1092
0.12085461616516113, 1091
0.12584233283996582, 1090
0.13325166702270508, 1089
0.13325166702270508, 1088
0.1342475414276123, 1087
0.13624334335327148, 1086
0.13624334335327148, 1085
0.13723993301391602, 1084
0.13723993301391602, 1083
0.13823676109313965, 1082
0.13923430442810059, 1081
0.13923430442810059, 1080
0.13923430442810059, 1079
0.14122867584228516, 1078
0.14423131942749023, 1077
0.14423131942749023, 1076
0.14621615409851074, 1075
0.14621615409851074, 1074
0.14621615409851074, 1073
0.14721465110778809, 1072
0.14721465110778809, 1071
0.14821243286132812, 1070
0.14920926094055176, 1069
0.14920926094055176, 1068
0.1502056121826172, 1067
0.1502056121826172, 1066
0.1502056121826172, 1065
0.1502056121826172, 1064
0.1502056121826172, 1063
0.1502056121826172, 1062
0.1502056121826172, 1061
0.15219950675964355, 1060
0.1531972885131836, 1059
0.1531972885131836, 1058
0.15519189834594727, 1057
0.15519189834594727, 1056
0.1561901569366455, 1055
0.1561901569366455, 1054
0.1561901569366455, 1053
0.15718722343444824, 1052
0.15919137001037598, 1051
0.16019344329833984, 1050
0.18012547492980957, 1049
0.1811237335205078, 1048
0.1811237335205078, 1047
0.18212080001831055, 1046
0.18563580513000488, 1045
0.18710660934448242, 1044
0.18710660934448242, 1043
0.19109630584716797, 1042
0.1920928955078125, 1041
0.1920928955078125, 1040
0.19510531425476074, 1039
0.19510531425476074, 1038
0.19510531425476074, 1037
0.19709038734436035, 1036
0.19709038734436035, 1035
0.19807791709899902, 1034
0.19807791709899902, 1033
0.19807791709899902, 1032
0.19807791709899902, 1031
0.19807791709899902, 1030
0.19807791709899902, 1029
0.2000732421875, 1028
0.20406246185302734, 1027
0.20406246185302734, 1026
0.20406246185302734, 1025
0.20505833625793457, 1024
0.20505833625793457, 1023
0.20904779434204102, 1022
0.20904779434204102, 1021
0.21004533767700195, 1020
0.21004533767700195, 1019
0.2110426425933838, 1018
0.2110426425933838, 1017
0.2110426425933838, 1016
0.2110426425933838, 1015
0.2110426425933838, 1014
0.21203923225402832, 1013
0.21203923225402832, 1012
0.21203923225402832, 1011
0.21203923225402832, 1010
0.21203923225402832, 1009
0.21203923225402832, 1008
0.21304035186767578, 1007
0.22201323509216309, 1006
0.22400736808776855, 1005
0.2279961109161377, 1004
0.22899389266967773, 1003
0.2329854965209961, 1002
0.2329854965209961, 1001
0.2329854965209961, 1000
0.235975980758667, 999
0.23697280883789062, 998
0.23697280883789062, 997
0.23697280883789062, 996
0.23697280883789062, 995
0.23796987533569336, 994
0.23796987533569336, 993
0.23796987533569336, 992
0.23796987533569336, 991
0.2389674186706543, 990
0.2389674186706543, 989
0.2389674186706543, 988
0.23996472358703613, 987
0.23996472358703613, 986
0.24096250534057617, 985
0.24096250534057617, 984
0.2419593334197998, 983
0.2419593334197998, 982
0.2419593334197998, 981
0.2419593334197998, 980
0.24295854568481445, 979
0.24295854568481445, 978
0.24295854568481445, 977
0.24395394325256348, 976
0.25093674659729004, 975
0.25991177558898926, 974
0.26190710067749023, 973
0.26190710067749023, 972
0.26190710067749023, 971
0.26290464401245117, 970
0.26789069175720215, 969
0.2688877582550049, 968
0.27287864685058594, 967
0.28086042404174805, 966
0.294818639755249, 965
0.294818639755249, 964
0.294818639755249, 963
0.2968142032623291, 962
0.30179929733276367, 961
0.3027966022491455, 960
0.30379366874694824, 959
0.3057887554168701, 958
0.3107762336730957, 957
0.313767671585083, 956
0.31775665283203125, 955
0.32872724533081055, 954
0.32872724533081055, 953
0.3307230472564697, 952
0.3337137699127197, 951
0.3337137699127197, 950
0.33670759201049805, 949
0.33670759201049805, 948
0.33670759201049805, 947
0.3496720790863037, 946
0.3516659736633301, 945
0.3526632785797119, 944
0.3526632785797119, 943
0.3576498031616211, 942
0.36463141441345215, 941
0.3676259517669678, 940
0.3676259517669678, 939
0.3686208724975586, 938
0.37260985374450684, 937
0.3766322135925293, 936
0.3766322135925293, 935
0.3786323070526123, 934
0.3875696659088135, 933
0.3915598392486572, 932
0.401073694229126, 931
0.40805482864379883, 930
0.43897199630737305, 929
0.46689820289611816, 928
0.4688913822174072, 927
0.47288060188293457, 926
0.47288060188293457, 925
0.524834394454956, 924
0.5438151359558105, 923
0.5457768440246582, 922
0.5537879467010498, 921
0.5557503700256348, 920
0.557746410369873, 919
0.5748264789581299, 918
0.6091480255126953, 917
0.6799633502960205, 916
0.6859753131866455, 915
0.7054808139801025, 914
0.7194442749023438, 913
0.7194442749023438, 912
0.753385066986084, 911
0.7613637447357178, 910
0.7723381519317627, 909
0.9073207378387451, 908
0.9073207378387451, 907
0.9073207378387451, 906
0.9073207378387451, 905
1.073781967163086, 904
1.23335599899292, 903
1.3965563774108887, 902
1.4127087593078613, 901
1.5079283714294434, 900
5.2296342849731445, 899
