0.013108253479003906, 1213
0.02272653579711914, 1212
0.02272653579711914, 1211
0.02272653579711914, 1210
0.02272653579711914, 1209
0.023723125457763672, 1208
0.024722814559936523, 1207
0.024722814559936523, 1206
0.025685787200927734, 1205
0.025685787200927734, 1204
0.025685787200927734, 1203
0.0267183780670166, 1202
0.0267183780670166, 1201
0.02771306037902832, 1200
0.02771306037902832, 1199
0.02771306037902832, 1198
0.02771306037902832, 1197
0.02771306037902832, 1196
0.030786991119384766, 1195
0.030786991119384766, 1194
0.030786991119384766, 1193
0.031816720962524414, 1192
0.031816720962524414, 1191
0.03281664848327637, 1190
0.03281664848327637, 1189
0.03281664848327637, 1188
0.03381156921386719, 1187
0.03381156921386719, 1186
0.037862300872802734, 1185
0.03889203071594238, 1184
0.03889203071594238, 1183
0.03988933563232422, 1182
0.041887521743774414, 1181
0.041887521743774414, 1180
0.041887521743774414, 1179
0.041887521743774414, 1178
0.042881011962890625, 1177
0.044877052307128906, 1176
0.04997134208679199, 1175
0.050972700119018555, 1174
0.050972700119018555, 1173
0.050972700119018555, 1172
0.05197000503540039, 1171
0.05197000503540039, 1170
0.05296802520751953, 1169
0.05296802520751953, 1168
0.05296802520751953, 1167
0.05296802520751953, 1166
0.05296802520751953, 1165
0.05556154251098633, 1164
0.05556154251098633, 1163
0.0565950870513916, 1162
0.0565950870513916, 1161
0.0565950870513916, 1160
0.05758857727050781, 1159
0.05758857727050781, 1158
0.05758857727050781, 1157
0.05758857727050781, 1156
0.05758857727050781, 1155
0.06058025360107422, 1154
0.06157541275024414, 1153
0.0625760555267334, 1152
0.0625760555267334, 1151
0.06357336044311523, 1150
0.06357336044311523, 1149
0.06357336044311523, 1148
0.06357336044311523, 1147
0.06357336044311523, 1146
0.06553411483764648, 1145
0.06653285026550293, 1144
0.06653285026550293, 1143
0.06653285026550293, 1142
0.06653285026550293, 1141
0.06653285026550293, 1140
0.06653285026550293, 1139
0.06653285026550293, 1138
0.06653285026550293, 1137
0.06653285026550293, 1136
0.06653285026550293, 1135
0.06653285026550293, 1134
0.06756281852722168, 1133
0.06756281852722168, 1132
0.06756281852722168, 1131
0.06756281852722168, 1130
0.06856179237365723, 1129
0.06856179237365723, 1128
0.06856179237365723, 1127
0.06856179237365723, 1126
0.06856179237365723, 1125
0.06955337524414062, 1124
0.07064175605773926, 1123
0.07064175605773926, 1122
0.07064175605773926, 1121
0.07167291641235352, 1120
0.07167291641235352, 1119
0.07167291641235352, 1118
0.07167291641235352, 1117
0.07267141342163086, 1116
0.07267141342163086, 1115
0.07267141342163086, 1114
0.07267141342163086, 1113
0.07267141342163086, 1112
0.0736689567565918, 1111
0.07466316223144531, 1110
0.07466316223144531, 1109
0.07566213607788086, 1108
0.07566213607788086, 1107
0.07665824890136719, 1106
0.07665824890136719, 1105
0.07768559455871582, 1104
0.07771825790405273, 1103
0.0787506103515625, 1102
0.0817406177520752, 1101
0.0817406177520752, 1100
0.0817406177520752, 1099
0.0817406177520752, 1098
0.0817406177520752, 1097
0.08373451232910156, 1096
0.08373451232910156, 1095
0.08373451232910156, 1094
0.08373451232910156, 1093
0.08569788932800293, 1092
0.08868861198425293, 1091
0.08968639373779297, 1090
0.0906834602355957, 1089
0.09168076515197754, 1088
0.09367537498474121, 1087
0.09367537498474121, 1086
0.09367537498474121, 1085
0.09567022323608398, 1084
0.09670209884643555, 1083
0.09769749641418457, 1082
0.09769749641418457, 1081
0.09869694709777832, 1080
0.09869694709777832, 1079
0.09969329833984375, 1078
0.09969329833984375, 1077
0.09969329833984375, 1076
0.10069012641906738, 1075
0.10069012641906738, 1074
0.10069012641906738, 1073
0.10069012641906738, 1072
0.10168838500976562, 1071
0.10168838500976562, 1070
0.10268497467041016, 1069
0.10268497467041016, 1068
0.10268497467041016, 1067
0.10268497467041016, 1066
0.10268497467041016, 1065
0.10268497467041016, 1064
0.10368132591247559, 1063
0.10368132591247559, 1062
0.10368132591247559, 1061
0.10564398765563965, 1060
0.1066429615020752, 1059
0.1066429615020752, 1058
0.1066429615020752, 1057
0.10763978958129883, 1056
0.10863709449768066, 1055
0.10863709449768066, 1054
0.1096343994140625, 1053
0.1096343994140625, 1052
0.1096343994140625, 1051
0.11063170433044434, 1050
0.11166000366210938, 1049
0.1126258373260498, 1048
0.13067936897277832, 1047
0.13067936897277832, 1046
0.13067936897277832, 1045
0.13067936897277832, 1044
0.13167667388916016, 1043
0.13367152214050293, 1042
0.13466858863830566, 1041
0.13666367530822754, 1040
0.13666367530822754, 1039
0.13766074180603027, 1038
0.138657808303833, 1037
0.138657808303833, 1036
0.138657808303833, 1035
0.138657808303833, 1034
0.138657808303833, 1033
0.138657808303833, 1032
0.138657808303833, 1031
0.138657808303833, 1030
0.138657808303833, 1029
0.14065265655517578, 1028
0.1436448097229004, 1027
0.1436448097229004, 1026
0.1436448097229004, 1025
0.14464211463928223, 1024
0.14464211463928223, 1023
0.14763426780700684, 1022
0.14863133430480957, 1021
0.14863133430480957, 1020
0.14863133430480957, 1019
0.14863133430480957, 1018
0.14863133430480957, 1017
0.1496286392211914, 1016
0.1496286392211914, 1015
0.1496286392211914, 1014
0.1496286392211914, 1013
0.1496286392211914, 1012
0.1496286392211914, 1011
0.1496286392211914, 1010
0.15073394775390625, 1009
0.15475797653198242, 1008
0.15475797653198242, 1007
0.15575313568115234, 1006
0.15675044059753418, 1005
0.15675044059753418, 1004
0.15675044059753418, 1003
0.15781092643737793, 1002
0.15781092643737793, 1001
0.15884065628051758, 1000
0.15884065628051758, 999
0.15884065628051758, 998
0.1598351001739502, 997
0.16183257102966309, 996
0.16183257102966309, 995
0.16183257102966309, 994
0.16183257102966309, 993
0.16279840469360352, 992
0.16279840469360352, 991
0.16279840469360352, 990
0.16685748100280762, 989
0.16689252853393555, 988
0.16689252853393555, 987
0.1679224967956543, 986
0.16891980171203613, 985
0.16891980171203613, 984
0.16891980171203613, 983
0.16891980171203613, 982
0.16891980171203613, 981
0.16891980171203613, 980
0.16891980171203613, 979
0.1709117889404297, 978
0.17653107643127441, 977
0.1794886589050293, 976
0.18151211738586426, 975
0.19253897666931152, 974
0.20667409896850586, 973
0.21365666389465332, 972
0.21474695205688477, 971
0.21773982048034668, 970
0.21973514556884766, 969
0.22172951698303223, 968
0.2237241268157959, 967
0.2297065258026123, 966
0.23278069496154785, 965
0.2457444667816162, 964
0.24773859977722168, 963
0.24873590469360352, 962
0.2527637481689453, 961
0.2527637481689453, 960
0.25375843048095703, 959
0.2637455463409424, 958
0.2647264003753662, 957
0.2647264003753662, 956
0.26868414878845215, 955
0.2706787586212158, 954
0.2726736068725586, 953
0.28168201446533203, 952
0.28267526626586914, 951
0.28267526626586914, 950
0.28267526626586914, 949
0.28267526626586914, 948
0.2836751937866211, 947
0.28467226028442383, 946
0.28975677490234375, 945
0.29175376892089844, 944
0.2987339496612549, 943
0.2997314929962158, 942
0.30272579193115234, 941
0.3047189712524414, 940
0.3047189712524414, 939
0.3097047805786133, 938
0.31465888023376465, 937
0.3454141616821289, 936
0.3484063148498535, 935
0.3675804138183594, 934
0.3715705871582031, 933
0.37638139724731445, 932
0.37638139724731445, 931
0.3938775062561035, 930
0.3938775062561035, 929
0.4290952682495117, 928
0.4543423652648926, 927
0.4875340461730957, 926
0.5045983791351318, 925
0.571533203125, 924
0.571533203125, 923
0.5816094875335693, 922
0.5906963348388672, 921
0.6501157283782959, 920
0.6521103382110596, 919
0.6531095504760742, 918
0.6590917110443115, 917
0.687424898147583, 916
0.729705810546875, 915
0.729705810546875, 914
0.7427337169647217, 913
0.7447268962860107, 912
0.7447268962860107, 911
0.7507123947143555, 910
0.7517104148864746, 909
0.7517104148864746, 908
0.8414688110351562, 907
0.8424661159515381, 906
0.8793683052062988, 905
0.8993463516235352, 904
0.9417417049407959, 903
1.105623722076416, 902
1.1605143547058105, 901
1.4517357349395752, 900
1.5594005584716797, 899
