0.030918121337890625, 1213
0.0329129695892334, 1212
0.07480311393737793, 1211
0.07480311393737793, 1210
0.07579922676086426, 1209
0.07579922676086426, 1208
0.08178305625915527, 1207
0.08178305625915527, 1206
0.08178305625915527, 1205
0.0827794075012207, 1204
0.0827794075012207, 1203
0.0827794075012207, 1202
0.0848090648651123, 1201
0.08878827095031738, 1200
0.09175705909729004, 1199
0.09275317192077637, 1198
0.0937504768371582, 1197
0.09474682807922363, 1196
0.10970902442932129, 1195
0.10970902442932129, 1194
0.10970902442932129, 1193
0.10970902442932129, 1192
0.11070466041564941, 1191
0.11369824409484863, 1190
0.11369824409484863, 1189
0.11369824409484863, 1188
0.11469411849975586, 1187
0.11469411849975586, 1186
0.12865757942199707, 1185
0.13065218925476074, 1184
0.1326465606689453, 1183
0.1406257152557373, 1182
0.14162254333496094, 1181
0.14162254333496094, 1180
0.142622709274292, 1179
0.142622709274292, 1178
0.1436171531677246, 1177
0.14660906791687012, 1176
0.14660906791687012, 1175
0.1486036777496338, 1174
0.1486036777496338, 1173
0.14960122108459473, 1172
0.15459513664245605, 1171
0.1565842628479004, 1170
0.15857720375061035, 1169
0.1595754623413086, 1168
0.16057205200195312, 1167
0.16156935691833496, 1166
0.16156935691833496, 1165
0.16156935691833496, 1164
0.16156935691833496, 1163
0.16156935691833496, 1162
0.17553114891052246, 1161
0.17553114891052246, 1160
0.17553114891052246, 1159
0.17553114891052246, 1158
0.1765305995941162, 1157
0.17752742767333984, 1156
0.17852282524108887, 1155
0.1795201301574707, 1154
0.1795201301574707, 1153
0.18051743507385254, 1152
0.19448089599609375, 1151
0.19647526741027832, 1150
0.19647526741027832, 1149
0.19747257232666016, 1148
0.1984708309173584, 1147
0.2060399055480957, 1146
0.2060399055480957, 1145
0.20702242851257324, 1144
0.20801949501037598, 1143
0.20801949501037598, 1142
0.2090158462524414, 1141
0.21001291275024414, 1140
0.21101021766662598, 1139
0.21101021766662598, 1138
0.21200799942016602, 1137
0.21200799942016602, 1136
0.21300578117370605, 1135
0.21300578117370605, 1134
0.21300578117370605, 1133
0.21300578117370605, 1132
0.21300578117370605, 1131
0.21400213241577148, 1130
0.21400213241577148, 1129
0.21400213241577148, 1128
0.21400213241577148, 1127
0.21400213241577148, 1126
0.21400213241577148, 1125
0.21599698066711426, 1124
0.21599698066711426, 1123
0.21599698066711426, 1122
0.21599698066711426, 1121
0.22297906875610352, 1120
0.22996044158935547, 1119
0.2309577465057373, 1118
0.23195624351501465, 1117
0.23195624351501465, 1116
0.23295235633850098, 1115
0.23695945739746094, 1114
0.23793911933898926, 1113
0.24094557762145996, 1112
0.24193072319030762, 1111
0.24193072319030762, 1110
0.24292564392089844, 1109
0.24691414833068848, 1108
0.24691414833068848, 1107
0.24791193008422852, 1106
0.2578859329223633, 1105
0.25988078117370605, 1104
0.2608776092529297, 1103
0.2608776092529297, 1102
0.2618746757507324, 1101
0.2618746757507324, 1100
0.2618746757507324, 1099
0.2638695240020752, 1098
0.26486706733703613, 1097
0.26486706733703613, 1096
0.26486706733703613, 1095
0.266862154006958, 1094
0.26787590980529785, 1093
0.2688758373260498, 1092
0.2808248996734619, 1091
0.2917964458465576, 1090
0.2967832088470459, 1089
0.297778844833374, 1088
0.29877686500549316, 1087
0.3063178062438965, 1086
0.30831408500671387, 1085
0.3093101978302002, 1084
0.3093101978302002, 1083
0.31130385398864746, 1082
0.3152923583984375, 1081
0.31629133224487305, 1080
0.3262631893157959, 1079
0.3262631893157959, 1078
0.32726144790649414, 1077
0.32726144790649414, 1076
0.32825756072998047, 1075
0.32825756072998047, 1074
0.32825756072998047, 1073
0.32825756072998047, 1072
0.32825756072998047, 1071
0.32825756072998047, 1070
0.32825756072998047, 1069
0.3292546272277832, 1068
0.33025360107421875, 1067
0.33025360107421875, 1066
0.33025360107421875, 1065
0.3312535285949707, 1064
0.3312535285949707, 1063
0.3312535285949707, 1062
0.3322474956512451, 1061
0.342226505279541, 1060
0.342226505279541, 1059
0.3432183265686035, 1058
0.3462100028991699, 1057
0.3462100028991699, 1056
0.3462100028991699, 1055
0.34720659255981445, 1054
0.34720659255981445, 1053
0.34720659255981445, 1052
0.3482036590576172, 1051
0.3482036590576172, 1050
0.3571813106536865, 1049
0.3950798511505127, 1048
0.3960764408111572, 1047
0.3960764408111572, 1046
0.39906883239746094, 1045
0.40309762954711914, 1044
0.40804505348205566, 1043
0.409041166305542, 1042
0.41003847122192383, 1041
0.41103577613830566, 1040
0.41103577613830566, 1039
0.41103577613830566, 1038
0.41103577613830566, 1037
0.41103577613830566, 1036
0.41103577613830566, 1035
0.41103577613830566, 1034
0.41103577613830566, 1033
0.41103577613830566, 1032
0.4120333194732666, 1031
0.4120333194732666, 1030
0.41303062438964844, 1029
0.4170205593109131, 1028
0.4170205593109131, 1027
0.4180171489715576, 1026
0.4180171489715576, 1025
0.4200117588043213, 1024
0.4200117588043213, 1023
0.4200117588043213, 1022
0.4210090637207031, 1021
0.422011137008667, 1020
0.422011137008667, 1019
0.422011137008667, 1018
0.422011137008667, 1017
0.422011137008667, 1016
0.422011137008667, 1015
0.422011137008667, 1014
0.422011137008667, 1013
0.422011137008667, 1012
0.4230046272277832, 1011
0.4230046272277832, 1010
0.42400336265563965, 1009
0.4289889335632324, 1008
0.43198060989379883, 1007
0.43198060989379883, 1006
0.43297791481018066, 1005
0.4339759349822998, 1004
0.43596911430358887, 1003
0.43596911430358887, 1002
0.4369676113128662, 1001
0.43796634674072266, 1000
0.43796634674072266, 999
0.43796634674072266, 998
0.43796634674072266, 997
0.43796634674072266, 996
0.438962459564209, 995
0.438962459564209, 994
0.4419548511505127, 993
0.4419548511505127, 992
0.4419548511505127, 991
0.44295191764831543, 990
0.44394898414611816, 989
0.44394898414611816, 988
0.44394898414611816, 987
0.44394898414611816, 986
0.44394898414611816, 985
0.4449460506439209, 984
0.4449460506439209, 983
0.44694066047668457, 982
0.4609034061431885, 981
0.461902379989624, 980
0.46289944648742676, 979
0.4638969898223877, 978
0.4638969898223877, 977
0.4648935794830322, 976
0.46888113021850586, 975
0.47685980796813965, 974
0.4978048801422119, 973
0.4978048801422119, 972
0.506807804107666, 971
0.506807804107666, 970
0.5078048706054688, 969
0.5088043212890625, 968
0.5088043212890625, 967
0.5107715129852295, 966
0.518749475479126, 965
0.5207433700561523, 964
0.5217399597167969, 963
0.5317163467407227, 962
0.5327131748199463, 961
0.5337095260620117, 960
0.5376975536346436, 959
0.5386946201324463, 958
0.5496683120727539, 957
0.5805866718292236, 956
0.5825803279876709, 955
0.5825803279876709, 954
0.5825803279876709, 953
0.5845737457275391, 952
0.5875639915466309, 951
0.5895595550537109, 950
0.5945451259613037, 949
0.5945451259613037, 948
0.5955426692962646, 947
0.5955426692962646, 946
0.5955426692962646, 945
0.5955426692962646, 944
0.5975372791290283, 943
0.5985348224639893, 942
0.606515645980835, 941
0.6115028858184814, 940
0.6274576187133789, 939
0.6464073657989502, 938
0.650397539138794, 937
0.6793205738067627, 936
0.6882948875427246, 935
0.7072439193725586, 934
0.7082417011260986, 933
0.7092385292053223, 932
0.7172191143035889, 931
0.7182154655456543, 930
0.7182154655456543, 929
0.801990270614624, 928
0.8039853572845459, 927
0.8398897647857666, 926
0.864823579788208, 925
0.87380051612854, 924
0.8747968673706055, 923
0.9126949310302734, 922
0.9456081390380859, 921
1.1411159038543701, 920
1.1769888401031494, 919
1.1819751262664795, 918
1.2079060077667236, 917
1.2812228202819824, 916
1.2991759777069092, 915
1.341984748840332, 914
1.3469703197479248, 913
1.3469703197479248, 912
1.3579413890838623, 911
1.358938455581665, 910
1.5803484916687012, 909
1.5803484916687012, 908
1.5943083763122559, 907
1.5943083763122559, 906
1.5963027477264404, 905
2.0120596885681152, 904
2.0120596885681152, 903
2.0120596885681152, 902
2.9221949577331543, 901
2.9251739978790283, 900
3.241407871246338, 899
