0.011062383651733398, 1213
0.01218271255493164, 1212
0.0207977294921875, 1211
0.0207977294921875, 1210
0.0207977294921875, 1209
0.0207977294921875, 1208
0.02382183074951172, 1207
0.02382183074951172, 1206
0.02382183074951172, 1205
0.02382183074951172, 1204
0.02382183074951172, 1203
0.02481865882873535, 1202
0.02481865882873535, 1201
0.02481865882873535, 1200
0.025815963745117188, 1199
0.025815963745117188, 1198
0.025815963745117188, 1197
0.025815963745117188, 1196
0.029903888702392578, 1195
0.030869483947753906, 1194
0.030869483947753906, 1193
0.030869483947753906, 1192
0.03189802169799805, 1191
0.032895565032958984, 1190
0.032895565032958984, 1189
0.032895565032958984, 1188
0.032895565032958984, 1187
0.032895565032958984, 1186
0.03788185119628906, 1185
0.03788185119628906, 1184
0.03987622261047363, 1183
0.03987622261047363, 1182
0.040840864181518555, 1181
0.040840864181518555, 1180
0.040840864181518555, 1179
0.040840864181518555, 1178
0.040840864181518555, 1177
0.043953657150268555, 1176
0.043953657150268555, 1175
0.045949697494506836, 1174
0.045949697494506836, 1173
0.04694700241088867, 1172
0.04694700241088867, 1171
0.04694700241088867, 1170
0.048941612243652344, 1169
0.04993891716003418, 1168
0.04993891716003418, 1167
0.04993891716003418, 1166
0.04993891716003418, 1165
0.04993891716003418, 1164
0.04993891716003418, 1163
0.05093526840209961, 1162
0.0540776252746582, 1161
0.0540776252746582, 1160
0.0540776252746582, 1159
0.0540776252746582, 1158
0.0540776252746582, 1157
0.05507469177246094, 1156
0.05507469177246094, 1155
0.05507469177246094, 1154
0.05507469177246094, 1153
0.05606985092163086, 1152
0.059032440185546875, 1151
0.059032440185546875, 1150
0.059032440185546875, 1149
0.06012320518493652, 1148
0.06012320518493652, 1147
0.06012320518493652, 1146
0.061150312423706055, 1145
0.061150312423706055, 1144
0.061150312423706055, 1143
0.061150312423706055, 1142
0.062151432037353516, 1141
0.062151432037353516, 1140
0.062151432037353516, 1139
0.062151432037353516, 1138
0.062151432037353516, 1137
0.06314778327941895, 1136
0.06314778327941895, 1135
0.06314778327941895, 1134
0.06314778327941895, 1133
0.06314778327941895, 1132
0.06414675712585449, 1131
0.06414675712585449, 1130
0.06414675712585449, 1129
0.06414675712585449, 1128
0.06414675712585449, 1127
0.06414675712585449, 1126
0.06414675712585449, 1125
0.06514334678649902, 1124
0.06614184379577637, 1123
0.06614184379577637, 1122
0.06614184379577637, 1121
0.06614184379577637, 1120
0.06823086738586426, 1119
0.06922602653503418, 1118
0.06922602653503418, 1117
0.06922602653503418, 1116
0.07022333145141602, 1115
0.07118940353393555, 1114
0.07118940353393555, 1113
0.07118940353393555, 1112
0.07118940353393555, 1111
0.07220077514648438, 1110
0.07220077514648438, 1109
0.07321500778198242, 1108
0.07321500778198242, 1107
0.07421612739562988, 1106
0.07620930671691895, 1105
0.07720470428466797, 1104
0.07720470428466797, 1103
0.07720470428466797, 1102
0.0782022476196289, 1101
0.0782022476196289, 1100
0.0782022476196289, 1099
0.08019757270812988, 1098
0.08019757270812988, 1097
0.08019757270812988, 1096
0.08119416236877441, 1095
0.08119416236877441, 1094
0.08219456672668457, 1093
0.08219456672668457, 1092
0.08729362487792969, 1091
0.08925557136535645, 1090
0.09125161170959473, 1089
0.09125161170959473, 1088
0.09235358238220215, 1087
0.0933830738067627, 1086
0.09438085556030273, 1085
0.09537863731384277, 1084
0.09537863731384277, 1083
0.09637594223022461, 1082
0.0994265079498291, 1081
0.0994265079498291, 1080
0.10244870185852051, 1079
0.10244870185852051, 1078
0.10344791412353516, 1077
0.10344791412353516, 1076
0.1044466495513916, 1075
0.1044466495513916, 1074
0.1044466495513916, 1073
0.1044466495513916, 1072
0.1044466495513916, 1071
0.1044466495513916, 1070
0.1044466495513916, 1069
0.10544300079345703, 1068
0.10544300079345703, 1067
0.10544300079345703, 1066
0.10544300079345703, 1065
0.10544300079345703, 1064
0.10544300079345703, 1063
0.10544300079345703, 1062
0.10544300079345703, 1061
0.10853767395019531, 1060
0.10853767395019531, 1059
0.10953879356384277, 1058
0.11049985885620117, 1057
0.11049985885620117, 1056
0.11152958869934082, 1055
0.11152958869934082, 1054
0.11152958869934082, 1053
0.11249375343322754, 1052
0.11249375343322754, 1051
0.11249375343322754, 1050
0.1135246753692627, 1049
0.12760400772094727, 1048
0.12860369682312012, 1047
0.12860369682312012, 1046
0.13057875633239746, 1045
0.13164329528808594, 1044
0.13367056846618652, 1043
0.13466477394104004, 1042
0.1356651782989502, 1041
0.13666296005249023, 1040
0.13666296005249023, 1039
0.13666296005249023, 1038
0.13666296005249023, 1037
0.13666296005249023, 1036
0.13666296005249023, 1035
0.13766169548034668, 1034
0.13766169548034668, 1033
0.13766169548034668, 1032
0.13766169548034668, 1031
0.13766169548034668, 1030
0.13871550559997559, 1029
0.14164972305297852, 1028
0.14164972305297852, 1027
0.14164972305297852, 1026
0.14264822006225586, 1025
0.14464116096496582, 1024
0.14464116096496582, 1023
0.14464116096496582, 1022
0.14464116096496582, 1021
0.14563989639282227, 1020
0.14563989639282227, 1019
0.14563989639282227, 1018
0.14563989639282227, 1017
0.14563989639282227, 1016
0.14563989639282227, 1015
0.14563989639282227, 1014
0.14563989639282227, 1013
0.14563989639282227, 1012
0.1466357707977295, 1011
0.1466357707977295, 1010
0.1466357707977295, 1009
0.15069341659545898, 1008
0.15169000625610352, 1007
0.15268707275390625, 1006
0.15268707275390625, 1005
0.15268707275390625, 1004
0.15468144416809082, 1003
0.15468144416809082, 1002
0.15567898750305176, 1001
0.15567898750305176, 1000
0.15567898750305176, 999
0.15567898750305176, 998
0.15567898750305176, 997
0.1566762924194336, 996
0.1566762924194336, 995
0.1566762924194336, 994
0.15767359733581543, 993
0.15867114067077637, 992
0.15867114067077637, 991
0.1596684455871582, 990
0.1596684455871582, 989
0.1596684455871582, 988
0.1596684455871582, 987
0.1596684455871582, 986
0.1596684455871582, 985
0.16066575050354004, 984
0.16066575050354004, 983
0.16166329383850098, 982
0.1667616367340088, 981
0.16775918006896973, 980
0.16875362396240234, 979
0.1697533130645752, 978
0.1697533130645752, 977
0.1697533130645752, 976
0.1728496551513672, 975
0.17888903617858887, 974
0.19351935386657715, 973
0.19351935386657715, 972
0.2004995346069336, 971
0.2004995346069336, 970
0.2004995346069336, 969
0.20149874687194824, 968
0.20149874687194824, 967
0.20349597930908203, 966
0.20859241485595703, 965
0.20959711074829102, 964
0.20959711074829102, 963
0.21666860580444336, 962
0.21766877174377441, 961
0.21766877174377441, 960
0.22166037559509277, 959
0.22166037559509277, 958
0.230696439743042, 957
0.24377036094665527, 956
0.24576449394226074, 955
0.24576449394226074, 954
0.24576449394226074, 953
0.2467639446258545, 952
0.24875831604003906, 951
0.25075292587280273, 950
0.25481581687927246, 949
0.2558128833770752, 948
0.2558128833770752, 947
0.25681018829345703, 946
0.25681018829345703, 945
0.25681018829345703, 944
0.2598569393157959, 943
0.26085567474365234, 942
0.2679014205932617, 941
0.2728893756866455, 940
0.29044294357299805, 939
0.3045947551727295, 938
0.3076777458190918, 937
0.3278214931488037, 936
0.33188509941101074, 935
0.3435521125793457, 934
0.34455156326293945, 933
0.34654712677001953, 932
0.35061001777648926, 931
0.3516082763671875, 930
0.3516082763671875, 929
0.4080774784088135, 928
0.41007161140441895, 927
0.4272596836090088, 926
0.4382312297821045, 925
0.44222068786621094, 924
0.44222068786621094, 923
0.45828986167907715, 922
0.471407413482666, 921
0.5607781410217285, 920
0.5699076652526855, 919
0.5730006694793701, 918
0.5806376934051514, 917
0.6139512062072754, 916
0.6226010322570801, 915
0.6435141563415527, 914
0.6484994888305664, 913
0.6484994888305664, 912
0.6514909267425537, 911
0.652519941329956, 910
0.7417407035827637, 909
0.7417407035827637, 908
0.7456982135772705, 907
0.7456982135772705, 906
0.7477898597717285, 905
0.9556362628936768, 904
0.9556362628936768, 903
0.9556362628936768, 902
1.2549972534179688, 901
1.2569918632507324, 900
1.4757301807403564, 899
