0.011199235916137695, 1213
0.013193845748901367, 1212
0.022284746170043945, 1211
0.022284746170043945, 1210
0.022284746170043945, 1209
0.022284746170043945, 1208
0.023282766342163086, 1207
0.023282766342163086, 1206
0.0242764949798584, 1205
0.025276899337768555, 1204
0.025276899337768555, 1203
0.025276899337768555, 1202
0.02627396583557129, 1201
0.02627396583557129, 1200
0.02627396583557129, 1199
0.02627396583557129, 1198
0.03434252738952637, 1197
0.03434252738952637, 1196
0.03434252738952637, 1195
0.035341501235961914, 1194
0.035341501235961914, 1193
0.03733563423156738, 1192
0.03733563423156738, 1191
0.03733563423156738, 1190
0.03833341598510742, 1189
0.03833341598510742, 1188
0.04731106758117676, 1187
0.04930472373962402, 1186
0.05129861831665039, 1185
0.05129861831665039, 1184
0.05229640007019043, 1183
0.05229640007019043, 1182
0.05329322814941406, 1181
0.05329322814941406, 1180
0.0542905330657959, 1179
0.055288076400756836, 1178
0.055288076400756836, 1177
0.05628514289855957, 1176
0.0602726936340332, 1175
0.0602726936340332, 1174
0.0602726936340332, 1173
0.0602726936340332, 1172
0.0602726936340332, 1171
0.06127023696899414, 1170
0.06127023696899414, 1169
0.06127023696899414, 1168
0.06127023696899414, 1167
0.06226754188537598, 1166
0.06226754188537598, 1165
0.06226754188537598, 1164
0.06226754188537598, 1163
0.06625866889953613, 1162
0.06725573539733887, 1161
0.06725573539733887, 1160
0.06725573539733887, 1159
0.06924891471862793, 1158
0.06924891471862793, 1157
0.06924891471862793, 1156
0.06924891471862793, 1155
0.06924891471862793, 1154
0.06924891471862793, 1153
0.0712435245513916, 1152
0.0712435245513916, 1151
0.0743551254272461, 1150
0.0743551254272461, 1149
0.0743551254272461, 1148
0.0743551254272461, 1147
0.07535171508789062, 1146
0.07535171508789062, 1145
0.07535171508789062, 1144
0.07535171508789062, 1143
0.07535171508789062, 1142
0.07535171508789062, 1141
0.07635116577148438, 1140
0.07635116577148438, 1139
0.07635116577148438, 1138
0.07734823226928711, 1137
0.07734823226928711, 1136
0.07834577560424805, 1135
0.07834577560424805, 1134
0.07934308052062988, 1133
0.07934308052062988, 1132
0.07934308052062988, 1131
0.07934308052062988, 1130
0.07934308052062988, 1129
0.08033895492553711, 1128
0.08033895492553711, 1127
0.08133792877197266, 1126
0.08133792877197266, 1125
0.08542871475219727, 1124
0.08542871475219727, 1123
0.08642578125, 1122
0.08941769599914551, 1121
0.08941769599914551, 1120
0.08941769599914551, 1119
0.08941769599914551, 1118
0.08941769599914551, 1117
0.09041714668273926, 1116
0.09041714668273926, 1115
0.09041714668273926, 1114
0.09141397476196289, 1113
0.09141397476196289, 1112
0.09141397476196289, 1111
0.09340739250183105, 1110
0.09340739250183105, 1109
0.09340739250183105, 1108
0.09540224075317383, 1107
0.09540224075317383, 1106
0.0973958969116211, 1105
0.0973958969116211, 1104
0.0973958969116211, 1103
0.09839248657226562, 1102
0.09839248657226562, 1101
0.09938979148864746, 1100
0.09938979148864746, 1099
0.09938979148864746, 1098
0.09938979148864746, 1097
0.1003868579864502, 1096
0.1003868579864502, 1095
0.10138440132141113, 1094
0.10138440132141113, 1093
0.10238170623779297, 1092
0.10238170623779297, 1091
0.10238170623779297, 1090
0.10643649101257324, 1089
0.10836648941040039, 1088
0.11834049224853516, 1087
0.11834049224853516, 1086
0.1193690299987793, 1085
0.12036752700805664, 1084
0.12036752700805664, 1083
0.12136435508728027, 1082
0.12136435508728027, 1081
0.12136435508728027, 1080
0.12136435508728027, 1079
0.12136435508728027, 1078
0.1223604679107666, 1077
0.1223604679107666, 1076
0.12335920333862305, 1075
0.12335920333862305, 1074
0.12435626983642578, 1073
0.12435626983642578, 1072
0.12535548210144043, 1071
0.12535548210144043, 1070
0.12535548210144043, 1069
0.12635040283203125, 1068
0.12635040283203125, 1067
0.12635040283203125, 1066
0.12734746932983398, 1065
0.12734746932983398, 1064
0.12831354141235352, 1063
0.12934184074401855, 1062
0.12934184074401855, 1061
0.12934184074401855, 1060
0.12934184074401855, 1059
0.12934184074401855, 1058
0.12934184074401855, 1057
0.13133835792541504, 1056
0.13233399391174316, 1055
0.13333439826965332, 1054
0.13432931900024414, 1053
0.13432931900024414, 1052
0.13632512092590332, 1051
0.13632512092590332, 1050
0.13632512092590332, 1049
0.13732051849365234, 1048
0.13732051849365234, 1047
0.13732051849365234, 1046
0.13732051849365234, 1045
0.13828706741333008, 1044
0.13931679725646973, 1043
0.15327835083007812, 1042
0.15327835083007812, 1041
0.15327835083007812, 1040
0.1542813777923584, 1039
0.1552736759185791, 1038
0.15926289558410645, 1037
0.16225457191467285, 1036
0.16225457191467285, 1035
0.16225457191467285, 1034
0.16225457191467285, 1033
0.1632523536682129, 1032
0.1632523536682129, 1031
0.1632523536682129, 1030
0.1632523536682129, 1029
0.1632523536682129, 1028
0.1632523536682129, 1027
0.1632523536682129, 1026
0.16421842575073242, 1025
0.16421842575073242, 1024
0.16521596908569336, 1023
0.16720986366271973, 1022
0.17032098770141602, 1021
0.17032098770141602, 1020
0.17032098770141602, 1019
0.17032098770141602, 1018
0.17134809494018555, 1017
0.17134809494018555, 1016
0.17134809494018555, 1015
0.1723482608795166, 1014
0.17334532737731934, 1013
0.17334532737731934, 1012
0.1743459701538086, 1011
0.1743459701538086, 1010
0.1743459701538086, 1009
0.1743459701538086, 1008
0.1753396987915039, 1007
0.1753396987915039, 1006
0.1753396987915039, 1005
0.1753396987915039, 1004
0.17634010314941406, 1003
0.17634010314941406, 1002
0.17634010314941406, 1001
0.17634010314941406, 1000
0.1773984432220459, 999
0.1803913116455078, 998
0.18138766288757324, 997
0.18238472938537598, 996
0.18238472938537598, 995
0.18338227272033691, 994
0.18437957763671875, 993
0.18437957763671875, 992
0.18437957763671875, 991
0.18537688255310059, 990
0.18537688255310059, 989
0.18537688255310059, 988
0.18537688255310059, 987
0.18637394905090332, 986
0.18637394905090332, 985
0.18637394905090332, 984
0.18637394905090332, 983
0.18637394905090332, 982
0.18837499618530273, 981
0.18837499618530273, 980
0.18837499618530273, 979
0.18936800956726074, 978
0.19036507606506348, 977
0.19036507606506348, 976
0.19036507606506348, 975
0.19036507606506348, 974
0.19036507606506348, 973
0.1913623809814453, 972
0.1913623809814453, 971
0.19335699081420898, 970
0.19335699081420898, 969
0.19335699081420898, 968
0.20048213005065918, 967
0.20147967338562012, 966
0.20147967338562012, 965
0.20147967338562012, 964
0.20259833335876465, 963
0.22279644012451172, 962
0.22279644012451172, 961
0.22379636764526367, 960
0.2277829647064209, 959
0.2277829647064209, 958
0.2287886142730713, 957
0.2287886142730713, 956
0.23077797889709473, 955
0.23177504539489746, 954
0.24596285820007324, 953
0.2530539035797119, 952
0.25405359268188477, 951
0.25405359268188477, 950
0.25820422172546387, 949
0.26621484756469727, 948
0.26621484756469727, 947
0.26621484756469727, 946
0.26817774772644043, 945
0.26817774772644043, 944
0.26817774772644043, 943
0.2702054977416992, 942
0.2753148078918457, 941
0.27631402015686035, 940
0.2773091793060303, 939
0.278275728225708, 938
0.281369686126709, 937
0.28239917755126953, 936
0.28339672088623047, 935
0.2843973636627197, 934
0.2893507480621338, 933
0.2924351692199707, 932
0.2974214553833008, 931
0.3448004722595215, 930
0.3477902412414551, 929
0.35590291023254395, 928
0.35590291023254395, 927
0.3962860107421875, 926
0.4235410690307617, 925
0.44976210594177246, 924
0.4567756652832031, 923
0.4567756652832031, 922
0.4668753147125244, 921
0.47897887229919434, 920
0.4960777759552002, 919
0.5748419761657715, 918
0.5928266048431396, 917
0.5988118648529053, 916
0.6049180030822754, 915
0.717583179473877, 914
0.717583179473877, 913
0.8001120090484619, 912
0.8313796520233154, 911
0.8546350002288818, 910
0.8587193489074707, 909
0.8636996746063232, 908
0.912010669708252, 907
1.037043809890747, 906
1.141610860824585, 905
1.1456000804901123, 904
1.1456000804901123, 903
1.266547441482544, 902
1.2766273021697998, 901
1.47890043258667, 900
1.5011513233184814, 899
