0.02496623992919922, 3721
0.02496623992919922, 3720
0.028955459594726562, 3719
0.028955459594726562, 3718
0.028955459594726562, 3717
0.0299532413482666, 3716
0.0299532413482666, 3715
0.0299532413482666, 3714
0.03191542625427246, 3713
0.03191542625427246, 3712
0.03294515609741211, 3711
0.03294515609741211, 3710
0.03391003608703613, 3709
0.03391003608703613, 3708
0.03391003608703613, 3707
0.03391003608703613, 3706
0.03391003608703613, 3705
0.03493976593017578, 3704
0.03493976593017578, 3703
0.03493976593017578, 3702
0.03593635559082031, 3701
0.03593635559082031, 3700
0.03593635559082031, 3699
0.03593635559082031, 3698
0.03593635559082031, 3697
0.03693413734436035, 3696
0.03693413734436035, 3695
0.037930965423583984, 3694
0.037930965423583984, 3693
0.037930965423583984, 3692
0.037930965423583984, 3691
0.03892874717712402, 3690
0.03892874717712402, 3689
0.03892874717712402, 3688
0.03992605209350586, 3687
0.03992605209350586, 3686
0.03992605209350586, 3685
0.03992605209350586, 3684
0.03992605209350586, 3683
0.03992605209350586, 3682
0.040923118591308594, 3681
0.040923118591308594, 3680
0.040923118591308594, 3679
0.041918277740478516, 3678
0.041918277740478516, 3677
0.041918277740478516, 3676
0.041918277740478516, 3675
0.042917728424072266, 3674
0.042917728424072266, 3673
0.04388260841369629, 3672
0.04491281509399414, 3671
0.04491281509399414, 3670
0.04587912559509277, 3669
0.04587912559509277, 3668
0.04587912559509277, 3667
0.04587912559509277, 3666
0.04587912559509277, 3665
0.04587912559509277, 3664
0.04691052436828613, 3663
0.04691052436828613, 3662
0.04691052436828613, 3661
0.048871755599975586, 3660
0.048871755599975586, 3659
0.048871755599975586, 3658
0.04990124702453613, 3657
0.04990124702453613, 3656
0.050896406173706055, 3655
0.050896406173706055, 3654
0.050896406173706055, 3653
0.053856611251831055, 3652
0.053856611251831055, 3651
0.0548861026763916, 3650
0.0548861026763916, 3649
0.0548861026763916, 3648
0.0548861026763916, 3647
0.0548861026763916, 3646
0.0548861026763916, 3645
0.05588340759277344, 3644
0.05588340759277344, 3643
0.05588340759277344, 3642
0.05588340759277344, 3641
0.05588340759277344, 3640
0.05688071250915527, 3639
0.05887603759765625, 3638
0.05887603759765625, 3637
0.05987262725830078, 3636
0.05987262725830078, 3635
0.05987262725830078, 3634
0.05987262725830078, 3633
0.05987262725830078, 3632
0.06086993217468262, 3631
0.06086993217468262, 3630
0.06086993217468262, 3629
0.06086993217468262, 3628
0.06086993217468262, 3627
0.06086993217468262, 3626
0.06086993217468262, 3625
0.06086993217468262, 3624
0.06086993217468262, 3623
0.06382942199707031, 3622
0.06382942199707031, 3621
0.06382942199707031, 3620
0.06482768058776855, 3619
0.06482768058776855, 3618
0.06585502624511719, 3617
0.06884908676147461, 3616
0.06884908676147461, 3615
0.06884908676147461, 3614
0.06984639167785645, 3613
0.07084321975708008, 3612
0.07184052467346191, 3611
0.07184052467346191, 3610
0.07184052467346191, 3609
0.07283759117126465, 3608
0.07283759117126465, 3607
0.07380318641662598, 3606
0.0747995376586914, 3605
0.07583069801330566, 3604
0.07583069801330566, 3603
0.07583069801330566, 3602
0.07583069801330566, 3601
0.07583069801330566, 3600
0.0768275260925293, 3599
0.0768275260925293, 3598
0.07882475852966309, 3597
0.07982063293457031, 3596
0.07982063293457031, 3595
0.07982063293457031, 3594
0.07982063293457031, 3593
0.07982063293457031, 3592
0.08178329467773438, 3591
0.08178329467773438, 3590
0.08281111717224121, 3589
0.08281111717224121, 3588
0.08281111717224121, 3587
0.08480620384216309, 3586
0.08480620384216309, 3585
0.08480620384216309, 3584
0.08480620384216309, 3583
0.08580279350280762, 3582
0.08580279350280762, 3581
0.08680057525634766, 3580
0.08680057525634766, 3579
0.08779764175415039, 3578
0.08779764175415039, 3577
0.08779764175415039, 3576
0.08779764175415039, 3575
0.08779764175415039, 3574
0.08779764175415039, 3573
0.08879566192626953, 3572
0.08979058265686035, 3571
0.08979058265686035, 3570
0.08979058265686035, 3569
0.08979058265686035, 3568
0.08979058265686035, 3567
0.0907895565032959, 3566
0.0907895565032959, 3565
0.09278488159179688, 3564
0.09278488159179688, 3563
0.0937495231628418, 3562
0.0937495231628418, 3561
0.0937495231628418, 3560
0.09474635124206543, 3559
0.09474635124206543, 3558
0.09474635124206543, 3557
0.09474635124206543, 3556
0.09574365615844727, 3555
0.0967409610748291, 3554
0.0967409610748291, 3553
0.0967409610748291, 3552
0.0967409610748291, 3551
0.09773826599121094, 3550
0.09873747825622559, 3549
0.09873747825622559, 3548
0.09873747825622559, 3547
0.09873747825622559, 3546
0.09976601600646973, 3545
0.09976601600646973, 3544
0.10076332092285156, 3543
0.10076332092285156, 3542
0.1017603874206543, 3541
0.1017603874206543, 3540
0.1017603874206543, 3539
0.10275769233703613, 3538
0.10275769233703613, 3537
0.10372328758239746, 3536
0.10372328758239746, 3535
0.10475301742553711, 3534
0.10475301742553711, 3533
0.10475301742553711, 3532
0.10774445533752441, 3531
0.10774445533752441, 3530
0.10774445533752441, 3529
0.10874295234680176, 3528
0.10974001884460449, 3527
0.10974001884460449, 3526
0.11073637008666992, 3525
0.11073637008666992, 3524
0.11073637008666992, 3523
0.11073637008666992, 3522
0.11173367500305176, 3521
0.11173367500305176, 3520
0.11173367500305176, 3519
0.11173367500305176, 3518
0.1127312183380127, 3517
0.1127312183380127, 3516
0.11369633674621582, 3515
0.11369633674621582, 3514
0.11469459533691406, 3513
0.11469459533691406, 3512
0.11469459533691406, 3511
0.11572432518005371, 3510
0.11572432518005371, 3509
0.11771750450134277, 3508
0.11871910095214844, 3507
0.11871910095214844, 3506
0.11871910095214844, 3505
0.12367558479309082, 3504
0.12367558479309082, 3503
0.12367558479309082, 3502
0.12367558479309082, 3501
0.12469935417175293, 3500
0.12469935417175293, 3499
0.12569642066955566, 3498
0.1266939640045166, 3497
0.1266939640045166, 3496
0.1286916732788086, 3495
0.1286916732788086, 3494
0.1286916732788086, 3493
0.1286916732788086, 3492
0.12968659400939941, 3491
0.12968659400939941, 3490
0.12968659400939941, 3489
0.13068294525146484, 3488
0.13068294525146484, 3487
0.13164901733398438, 3486
0.1346416473388672, 3485
0.1346416473388672, 3484
0.13563847541809082, 3483
0.13563847541809082, 3482
0.13663601875305176, 3481
0.13663601875305176, 3480
0.13663601875305176, 3479
0.1376333236694336, 3478
0.13863086700439453, 3477
0.13962817192077637, 3476
0.14261984825134277, 3475
0.14261984825134277, 3474
0.1436176300048828, 3473
0.14461493492126465, 3472
0.14561200141906738, 3471
0.14660954475402832, 3470
0.14760661125183105, 3469
0.14860320091247559, 3468
0.14960002899169922, 3467
0.14960002899169922, 3466
0.15059709548950195, 3465
0.1515941619873047, 3464
0.15359091758728027, 3463
0.15458893775939941, 3462
0.15458893775939941, 3461
0.15458893775939941, 3460
0.15458893775939941, 3459
0.15458893775939941, 3458
0.15558552742004395, 3457
0.15558552742004395, 3456
0.15658259391784668, 3455
0.1595745086669922, 3454
0.1595745086669922, 3453
0.16156935691833496, 3452
0.16156935691833496, 3451
0.16156935691833496, 3450
0.1625666618347168, 3449
0.1625666618347168, 3448
0.16357111930847168, 3447
0.16357111930847168, 3446
0.1645646095275879, 3445
0.1645646095275879, 3444
0.16556334495544434, 3443
0.16556334495544434, 3442
0.16656160354614258, 3441
0.16656160354614258, 3440
0.1675584316253662, 3439
0.1675584316253662, 3438
0.1675584316253662, 3437
0.16855549812316895, 3436
0.1705489158630371, 3435
0.1705489158630371, 3434
0.17154550552368164, 3433
0.17154550552368164, 3432
0.17354035377502441, 3431
0.17453789710998535, 3430
0.17453789710998535, 3429
0.1755352020263672, 3428
0.1755352020263672, 3427
0.17653226852416992, 3426
0.17653226852416992, 3425
0.17752957344055176, 3424
0.18052172660827637, 3423
0.18451237678527832, 3422
0.18451237678527832, 3421
0.18550896644592285, 3420
0.18550896644592285, 3419
0.1865062713623047, 3418
0.18850064277648926, 3417
0.18850064277648926, 3416
0.1894981861114502, 3415
0.1894981861114502, 3414
0.19149255752563477, 3413
0.19149255752563477, 3412
0.1924903392791748, 3411
0.19348812103271484, 3410
0.19448471069335938, 3409
0.19448471069335938, 3408
0.19448471069335938, 3407
0.1954817771911621, 3406
0.19647932052612305, 3405
0.19647932052612305, 3404
0.19647932052612305, 3403
0.19647932052612305, 3402
0.19647932052612305, 3401
0.19950413703918457, 3400
0.19950413703918457, 3399
0.19950413703918457, 3398
0.2005009651184082, 3397
0.2005009651184082, 3396
0.2005009651184082, 3395
0.2005009651184082, 3394
0.2005009651184082, 3393
0.20149946212768555, 3392
0.20149946212768555, 3391
0.20149946212768555, 3390
0.20149946212768555, 3389
0.20149946212768555, 3388
0.20249676704406738, 3387
0.20249676704406738, 3386
0.20249676704406738, 3385
0.20349335670471191, 3384
0.20449161529541016, 3383
0.20449161529541016, 3382
0.20449161529541016, 3381
0.20545554161071777, 3380
0.20545554161071777, 3379
0.20545554161071777, 3378
0.20545554161071777, 3377
0.20545554161071777, 3376
0.20648765563964844, 3375
0.20648765563964844, 3374
0.20648765563964844, 3373
0.20648765563964844, 3372
0.20748353004455566, 3371
0.20844793319702148, 3370
0.21047425270080566, 3369
0.21047425270080566, 3368
0.21047425270080566, 3367
0.2114715576171875, 3366
0.2114715576171875, 3365
0.2114715576171875, 3364
0.21246957778930664, 3363
0.21246957778930664, 3362
0.21346616744995117, 3361
0.21346616744995117, 3360
0.21346616744995117, 3359
0.2144327163696289, 3358
0.21543049812316895, 3357
0.21645903587341309, 3356
0.21645903587341309, 3355
0.21645903587341309, 3354
0.21745657920837402, 3353
0.21845316886901855, 3352
0.21845316886901855, 3351
0.21845316886901855, 3350
0.21845316886901855, 3349
0.2194507122039795, 3348
0.2194507122039795, 3347
0.22340774536132812, 3346
0.22340774536132812, 3345
0.22340774536132812, 3344
0.22340774536132812, 3343
0.22340774536132812, 3342
0.22443747520446777, 3341
0.22543549537658691, 3340
0.22543549537658691, 3339
0.22742962837219238, 3338
0.22942423820495605, 3337
0.2304239273071289, 3336
0.2304239273071289, 3335
0.2313859462738037, 3334
0.23238611221313477, 3333
0.2333824634552002, 3332
0.23438000679016113, 3331
0.2363741397857666, 3330
0.24335551261901855, 3329
0.24335551261901855, 3328
0.24335551261901855, 3327
0.24535059928894043, 3326
0.2473452091217041, 3325
0.24834299087524414, 3324
0.24834299087524414, 3323
0.24933981895446777, 3322
0.24933981895446777, 3321
0.2503371238708496, 3320
0.25133419036865234, 3319
0.25133419036865234, 3318
0.25731825828552246, 3317
0.25731825828552246, 3316
0.2583155632019043, 3315
0.2583155632019043, 3314
0.2583155632019043, 3313
0.25931262969970703, 3312
0.25931262969970703, 3311
0.2613077163696289, 3310
0.2613077163696289, 3309
0.26230502128601074, 3308
0.26230502128601074, 3307
0.2633023262023926, 3306
0.2643415927886963, 3305
0.2653017044067383, 3304
0.26633238792419434, 3303
0.26633238792419434, 3302
0.26633238792419434, 3301
0.26732611656188965, 3300
0.26732611656188965, 3299
0.26732611656188965, 3298
0.2683250904083252, 3297
0.2683250904083252, 3296
0.26932191848754883, 3295
0.26932191848754883, 3294
0.26932191848754883, 3293
0.26932191848754883, 3292
0.2703206539154053, 3291
0.2703206539154053, 3290
0.2703206539154053, 3289
0.2713162899017334, 3288
0.2713162899017334, 3287
0.27231454849243164, 3286
0.27231454849243164, 3285
0.27231454849243164, 3284
0.2742772102355957, 3283
0.27530717849731445, 3282
0.27530717849731445, 3281
0.2763030529022217, 3280
0.2763030529022217, 3279
0.2763030529022217, 3278
0.27829909324645996, 3277
0.27829909324645996, 3276
0.2792952060699463, 3275
0.2792952060699463, 3274
0.2792952060699463, 3273
0.2792952060699463, 3272
0.28029322624206543, 3271
0.28029322624206543, 3270
0.28029322624206543, 3269
0.28125929832458496, 3268
0.28125929832458496, 3267
0.2822577953338623, 3266
0.28325438499450684, 3265
0.28425168991088867, 3264
0.28425168991088867, 3263
0.28425168991088867, 3262
0.2852485179901123, 3261
0.28624558448791504, 3260
0.28624558448791504, 3259
0.287243127822876, 3258
0.287243127822876, 3257
0.2882406711578369, 3256
0.28923773765563965, 3255
0.28923773765563965, 3254
0.28923773765563965, 3253
0.2902350425720215, 3252
0.2902350425720215, 3251
0.2912325859069824, 3250
0.2912325859069824, 3249
0.2912325859069824, 3248
0.29222965240478516, 3247
0.29222965240478516, 3246
0.29222965240478516, 3245
0.293226957321167, 3244
0.293226957321167, 3243
0.29422473907470703, 3242
0.29422473907470703, 3241
0.29522204399108887, 3240
0.29522204399108887, 3239
0.29522204399108887, 3238
0.29522204399108887, 3237
0.2962188720703125, 3236
0.2962188720703125, 3235
0.29721617698669434, 3234
0.2982149124145508, 3233
0.30223560333251953, 3232
0.30323123931884766, 3231
0.30323123931884766, 3230
0.3041970729827881, 3229
0.3041970729827881, 3228
0.3041970729827881, 3227
0.3041970729827881, 3226
0.3041970729827881, 3225
0.3041970729827881, 3224
0.3071889877319336, 3223
0.3071889877319336, 3222
0.30821776390075684, 3221
0.30821776390075684, 3220
0.30821776390075684, 3219
0.30821776390075684, 3218
0.30821776390075684, 3217
0.30821776390075684, 3216
0.3102138042449951, 3215
0.31121110916137695, 3214
0.3122076988220215, 3213
0.3122076988220215, 3212
0.3132054805755615, 3211
0.3132054805755615, 3210
0.3151681423187256, 3209
0.3161966800689697, 3208
0.31719422340393066, 3207
0.31719422340393066, 3206
0.31719422340393066, 3205
0.31719422340393066, 3204
0.31719422340393066, 3203
0.31819748878479004, 3202
0.31919288635253906, 3201
0.31919288635253906, 3200
0.31919288635253906, 3199
0.32018613815307617, 3198
0.32018613815307617, 3197
0.32018613815307617, 3196
0.3211843967437744, 3195
0.32218122482299805, 3194
0.32218122482299805, 3193
0.3231801986694336, 3192
0.3231801986694336, 3191
0.3241753578186035, 3190
0.32517266273498535, 3189
0.32517266273498535, 3188
0.3261713981628418, 3187
0.3261713981628418, 3186
0.327167272567749, 3185
0.327167272567749, 3184
0.32816457748413086, 3183
0.32816457748413086, 3182
0.32816457748413086, 3181
0.3291630744934082, 3180
0.3291630744934082, 3179
0.3291630744934082, 3178
0.3291630744934082, 3177
0.3291630744934082, 3176
0.33015966415405273, 3175
0.3321242332458496, 3174
0.33312034606933594, 3173
0.3341183662414551, 3172
0.3341183662414551, 3171
0.3341183662414551, 3170
0.3351151943206787, 3169
0.33611249923706055, 3168
0.33611249923706055, 3167
0.33611249923706055, 3166
0.3371422290802002, 3165
0.3371422290802002, 3164
0.3401331901550293, 3163
0.3401331901550293, 3162
0.34112977981567383, 3161
0.34112977981567383, 3160
0.34112977981567383, 3159
0.34112977981567383, 3158
0.3421287536621094, 3157
0.3431248664855957, 3156
0.34412240982055664, 3155
0.34412240982055664, 3154
0.3451201915740967, 3153
0.3451201915740967, 3152
0.3461167812347412, 3151
0.3461167812347412, 3150
0.3461167812347412, 3149
0.3461167812347412, 3148
0.34711670875549316, 3147
0.3480813503265381, 3146
0.3480813503265381, 3145
0.34911012649536133, 3144
0.34911012649536133, 3143
0.34911012649536133, 3142
0.35007548332214355, 3141
0.35007548332214355, 3140
0.35007548332214355, 3139
0.3511037826538086, 3138
0.3511037826538086, 3137
0.35210132598876953, 3136
0.35210132598876953, 3135
0.35309910774230957, 3134
0.3540961742401123, 3133
0.3540961742401123, 3132
0.3540961742401123, 3131
0.3540961742401123, 3130
0.35608959197998047, 3129
0.35608959197998047, 3128
0.35608959197998047, 3127
0.35608959197998047, 3126
0.3570873737335205, 3125
0.3570873737335205, 3124
0.35808587074279785, 3123
0.35808587074279785, 3122
0.35808587074279785, 3121
0.3590819835662842, 3120
0.3590819835662842, 3119
0.36107754707336426, 3118
0.36107754707336426, 3117
0.3620750904083252, 3116
0.3620750904083252, 3115
0.36706042289733887, 3114
0.3680276870727539, 3113
0.3680276870727539, 3112
0.3680276870727539, 3111
0.36902451515197754, 3110
0.3700218200683594, 3109
0.3700218200683594, 3108
0.3700218200683594, 3107
0.3760056495666504, 3106
0.3770012855529785, 3105
0.3780021667480469, 3104
0.378997802734375, 3103
0.378997802734375, 3102
0.378997802734375, 3101
0.37999510765075684, 3100
0.3839836120605469, 3099
0.3839836120605469, 3098
0.39096570014953613, 3097
0.39096570014953613, 3096
0.39196300506591797, 3095
0.39196300506591797, 3094
0.39196300506591797, 3093
0.39994168281555176, 3092
0.39994168281555176, 3091
0.39994168281555176, 3090
0.4009392261505127, 3089
0.40293359756469727, 3088
0.40293359756469727, 3087
0.40293359756469727, 3086
0.4039316177368164, 3085
0.40492820739746094, 3084
0.40492820739746094, 3083
0.4059257507324219, 3082
0.4099152088165283, 3081
0.4119095802307129, 3080
0.41290712356567383, 3079
0.41290712356567383, 3078
0.41589856147766113, 3077
0.41589856147766113, 3076
0.41689562797546387, 3075
0.4178943634033203, 3074
0.4178943634033203, 3073
0.41888999938964844, 3072
0.4198875427246094, 3071
0.4198875427246094, 3070
0.4208850860595703, 3069
0.42188143730163574, 3068
0.4288628101348877, 3067
0.4288628101348877, 3066
0.4288628101348877, 3065
0.4288628101348877, 3064
0.4288628101348877, 3063
0.42986059188842773, 3062
0.42986059188842773, 3061
0.42986059188842773, 3060
0.42986059188842773, 3059
0.42986059188842773, 3058
0.4318556785583496, 3057
0.4318556785583496, 3056
0.43285441398620605, 3055
0.43285441398620605, 3054
0.43484926223754883, 3053
0.43484926223754883, 3052
0.43484926223754883, 3051
0.4398348331451416, 3050
0.44884371757507324, 3049
0.44884371757507324, 3048
0.44884371757507324, 3047
0.44983911514282227, 3046
0.45479321479797363, 3045
0.4567880630493164, 3044
0.4567880630493164, 3043
0.4567880630493164, 3042
0.4567880630493164, 3041
0.4567880630493164, 3040
0.4567880630493164, 3039
0.4587826728820801, 3038
0.4597799777984619, 3037
0.4597799777984619, 3036
0.46077728271484375, 3035
0.46077728271484375, 3034
0.46077728271484375, 3033
0.4617748260498047, 3032
0.4617748260498047, 3031
0.4617748260498047, 3030
0.4647674560546875, 3029
0.4647674560546875, 3028
0.46579766273498535, 3027
0.46579766273498535, 3026
0.4667966365814209, 3025
0.4677908420562744, 3024
0.4677908420562744, 3023
0.4697873592376709, 3022
0.4777657985687256, 3021
0.4787616729736328, 3020
0.4787616729736328, 3019
0.4787616729736328, 3018
0.4787616729736328, 3017
0.4787616729736328, 3016
0.4787616729736328, 3015
0.47975969314575195, 3014
0.47975969314575195, 3013
0.47975969314575195, 3012
0.480757474899292, 3011
0.480757474899292, 3010
0.4817225933074951, 3009
0.48272061347961426, 3008
0.4837181568145752, 3007
0.4837181568145752, 3006
0.4837181568145752, 3005
0.48471522331237793, 3004
0.4867098331451416, 3003
0.4867098331451416, 3002
0.4926934242248535, 3001
0.49369168281555176, 3000
0.4946885108947754, 2999
0.4956855773925781, 2998
0.49668312072753906, 2997
0.4976801872253418, 2996
0.49867749214172363, 2995
0.5036954879760742, 2994
0.5036954879760742, 2993
0.5036954879760742, 2992
0.5036954879760742, 2991
0.5046608448028564, 2990
0.505657434463501, 2989
0.5076518058776855, 2988
0.5076518058776855, 2987
0.5076518058776855, 2986
0.5076518058776855, 2985
0.5086493492126465, 2984
0.5086493492126465, 2983
0.5096466541290283, 2982
0.5096466541290283, 2981
0.5096466541290283, 2980
0.5096466541290283, 2979
0.5096466541290283, 2978
0.5106439590454102, 2977
0.5106439590454102, 2976
0.5106439590454102, 2975
0.5106439590454102, 2974
0.5106439590454102, 2973
0.511641263961792, 2972
0.511641263961792, 2971
0.5136358737945557, 2970
0.5146338939666748, 2969
0.5146338939666748, 2968
0.5156636238098145, 2967
0.5166606903076172, 2966
0.5166606903076172, 2965
0.5166606903076172, 2964
0.5166606903076172, 2963
0.5166606903076172, 2962
0.5186557769775391, 2961
0.5206525325775146, 2960
0.5206525325775146, 2959
0.5216488838195801, 2958
0.5216488838195801, 2957
0.5216488838195801, 2956
0.5216488838195801, 2955
0.5216488838195801, 2954
0.5226471424102783, 2953
0.5226471424102783, 2952
0.5226471424102783, 2951
0.5236108303070068, 2950
0.5236108303070068, 2949
0.5236108303070068, 2948
0.5246410369873047, 2947
0.5246410369873047, 2946
0.5246410369873047, 2945
0.5246410369873047, 2944
0.5246410369873047, 2943
0.5256378650665283, 2942
0.5256378650665283, 2941
0.5256378650665283, 2940
0.5266339778900146, 2939
0.5276310443878174, 2938
0.5286295413970947, 2937
0.5286295413970947, 2936
0.5286295413970947, 2935
0.529625654220581, 2934
0.529625654220581, 2933
0.529625654220581, 2932
0.529625654220581, 2931
0.530625581741333, 2930
0.530625581741333, 2929
0.530625581741333, 2928
0.5315914154052734, 2927
0.5325875282287598, 2926
0.5325875282287598, 2925
0.5325875282287598, 2924
0.5335862636566162, 2923
0.5335862636566162, 2922
0.5345821380615234, 2921
0.5355789661407471, 2920
0.5355789661407471, 2919
0.536576509475708, 2918
0.536576509475708, 2917
0.536576509475708, 2916
0.5375735759735107, 2915
0.5385711193084717, 2914
0.5405654907226562, 2913
0.5405654907226562, 2912
0.5415627956390381, 2911
0.5425601005554199, 2910
0.5435576438903809, 2909
0.5435576438903809, 2908
0.5435576438903809, 2907
0.5445551872253418, 2906
0.5465493202209473, 2905
0.5465493202209473, 2904
0.5465493202209473, 2903
0.5475468635559082, 2902
0.5475468635559082, 2901
0.5485439300537109, 2900
0.5495738983154297, 2899
0.5495738983154297, 2898
0.5495738983154297, 2897
0.5515673160552979, 2896
0.5515673160552979, 2895
0.5515673160552979, 2894
0.5515673160552979, 2893
0.5525667667388916, 2892
0.5525667667388916, 2891
0.5525667667388916, 2890
0.5525667667388916, 2889
0.5525667667388916, 2888
0.5535621643066406, 2887
0.5535621643066406, 2886
0.5535621643066406, 2885
0.5535621643066406, 2884
0.5545620918273926, 2883
0.5545620918273926, 2882
0.5545620918273926, 2881
0.5555565357208252, 2880
0.5555565357208252, 2879
0.5565540790557861, 2878
0.5565540790557861, 2877
0.5565540790557861, 2876
0.5565540790557861, 2875
0.5565540790557861, 2874
0.5595462322235107, 2873
0.5595462322235107, 2872
0.5605440139770508, 2871
0.5605440139770508, 2870
0.5605440139770508, 2869
0.5615403652191162, 2868
0.5635030269622803, 2867
0.5645010471343994, 2866
0.5675249099731445, 2865
0.5675249099731445, 2864
0.5685226917266846, 2863
0.5685226917266846, 2862
0.5685226917266846, 2861
0.5685226917266846, 2860
0.5695197582244873, 2859
0.5715141296386719, 2858
0.5715141296386719, 2857
0.5725114345550537, 2856
0.573509931564331, 2855
0.573509931564331, 2854
0.573509931564331, 2853
0.5755033493041992, 2852
0.5765016078948975, 2851
0.5774979591369629, 2850
0.5774979591369629, 2849
0.5784633159637451, 2848
0.5784633159637451, 2847
0.5794599056243896, 2846
0.5814590454101562, 2845
0.5814590454101562, 2844
0.5814590454101562, 2843
0.5824542045593262, 2842
0.5864765644073486, 2841
0.5874719619750977, 2840
0.5874719619750977, 2839
0.5884687900543213, 2838
0.5884687900543213, 2837
0.5894341468811035, 2836
0.5904631614685059, 2835
0.5914616584777832, 2834
0.592458963394165, 2833
0.592458963394165, 2832
0.592458963394165, 2831
0.5934562683105469, 2830
0.5934562683105469, 2829
0.5954535007476807, 2828
0.596447229385376, 2827
0.596447229385376, 2826
0.596447229385376, 2825
0.5984182357788086, 2824
0.5984182357788086, 2823
0.5994088649749756, 2822
0.5994088649749756, 2821
0.5994088649749756, 2820
0.601402997970581, 2819
0.601402997970581, 2818
0.6024003028869629, 2817
0.6024003028869629, 2816
0.6033976078033447, 2815
0.6043968200683594, 2814
0.6063897609710693, 2813
0.6083858013153076, 2812
0.6093816757202148, 2811
0.6093816757202148, 2810
0.6103787422180176, 2809
0.6103787422180176, 2808
0.6103787422180176, 2807
0.6113760471343994, 2806
0.6113760471343994, 2805
0.6133711338043213, 2804
0.6133711338043213, 2803
0.6133711338043213, 2802
0.6143667697906494, 2801
0.6163947582244873, 2800
0.6163947582244873, 2799
0.6163947582244873, 2798
0.6163947582244873, 2797
0.6213819980621338, 2796
0.6213819980621338, 2795
0.6223781108856201, 2794
0.6223781108856201, 2793
0.6223781108856201, 2792
0.623375654220581, 2791
0.6243734359741211, 2790
0.6283309459686279, 2789
0.6303260326385498, 2788
0.6303260326385498, 2787
0.6313221454620361, 2786
0.6313221454620361, 2785
0.6373050212860107, 2784
0.6373050212860107, 2783
0.6373050212860107, 2782
0.6383025646209717, 2781
0.6383025646209717, 2780
0.6383025646209717, 2779
0.6383025646209717, 2778
0.6383025646209717, 2777
0.6383025646209717, 2776
0.6392998695373535, 2775
0.6392998695373535, 2774
0.6402971744537354, 2773
0.6402971744537354, 2772
0.6402971744537354, 2771
0.6412947177886963, 2770
0.6412947177886963, 2769
0.6412947177886963, 2768
0.642291784286499, 2767
0.642291784286499, 2766
0.64328932762146, 2765
0.6442866325378418, 2764
0.6452839374542236, 2763
0.6462821960449219, 2762
0.6503052711486816, 2761
0.6503052711486816, 2760
0.6513004302978516, 2759
0.6522982120513916, 2758
0.6582839488983154, 2757
0.6612749099731445, 2756
0.6632683277130127, 2755
0.6662282943725586, 2754
0.6662282943725586, 2753
0.6672251224517822, 2752
0.6682226657867432, 2751
0.6682226657867432, 2750
0.6682226657867432, 2749
0.669219970703125, 2748
0.669219970703125, 2747
0.669219970703125, 2746
0.6702172756195068, 2745
0.6702172756195068, 2744
0.6702172756195068, 2743
0.6712145805358887, 2742
0.6712145805358887, 2741
0.6712145805358887, 2740
0.6722116470336914, 2739
0.6756951808929443, 2738
0.6762344837188721, 2737
0.6762344837188721, 2736
0.6772322654724121, 2735
0.6772322654724121, 2734
0.6772322654724121, 2733
0.6772322654724121, 2732
0.6782281398773193, 2731
0.6782281398773193, 2730
0.6782281398773193, 2729
0.6792263984680176, 2728
0.6792263984680176, 2727
0.6792263984680176, 2726
0.6802244186401367, 2725
0.6821880340576172, 2724
0.6821880340576172, 2723
0.6821880340576172, 2722
0.6831843852996826, 2721
0.6841824054718018, 2720
0.6851787567138672, 2719
0.6881716251373291, 2718
0.6881716251373291, 2717
0.6891682147979736, 2716
0.6911628246307373, 2715
0.6951520442962646, 2714
0.6951520442962646, 2713
0.6961498260498047, 2712
0.6981451511383057, 2711
0.6981451511383057, 2710
0.6981451511383057, 2709
0.6981451511383057, 2708
0.700169563293457, 2707
0.700169563293457, 2706
0.700169563293457, 2705
0.700169563293457, 2704
0.700169563293457, 2703
0.7011680603027344, 2702
0.7011680603027344, 2701
0.7011680603027344, 2700
0.7021651268005371, 2699
0.7021651268005371, 2698
0.7041270732879639, 2697
0.70615553855896, 2696
0.707150936126709, 2695
0.707150936126709, 2694
0.707150936126709, 2693
0.7091469764709473, 2692
0.7091469764709473, 2691
0.7101433277130127, 2690
0.7111403942108154, 2689
0.7111403942108154, 2688
0.7121384143829346, 2687
0.7121384143829346, 2686
0.7121384143829346, 2685
0.7131357192993164, 2684
0.7131357192993164, 2683
0.7150983810424805, 2682
0.7150983810424805, 2681
0.7160952091217041, 2680
0.7160952091217041, 2679
0.7160952091217041, 2678
0.7160952091217041, 2677
0.7160952091217041, 2676
0.7170917987823486, 2675
0.7170917987823486, 2674
0.7180893421173096, 2673
0.7190866470336914, 2672
0.7190866470336914, 2671
0.7190866470336914, 2670
0.7190866470336914, 2669
0.7190866470336914, 2668
0.7200837135314941, 2667
0.721081018447876, 2666
0.7220785617828369, 2665
0.7220785617828369, 2664
0.7230758666992188, 2663
0.7230758666992188, 2662
0.7230758666992188, 2661
0.7230758666992188, 2660
0.7240731716156006, 2659
0.7240731716156006, 2658
0.7240731716156006, 2657
0.7240731716156006, 2656
0.7240731716156006, 2655
0.7250704765319824, 2654
0.7250704765319824, 2653
0.7250704765319824, 2652
0.7260677814483643, 2651
0.7260677814483643, 2650
0.7260677814483643, 2649
0.7260677814483643, 2648
0.7280623912811279, 2647
0.73404860496521, 2646
0.7440218925476074, 2645
0.7500364780426025, 2644
0.7520318031311035, 2643
0.7520318031311035, 2642
0.7600104808807373, 2641
0.7948856353759766, 2640
0.7999041080474854, 2639
0.8019001483917236, 2638
0.8088791370391846, 2637
0.8088791370391846, 2636
0.8118724822998047, 2635
0.8188526630401611, 2634
0.8188526630401611, 2633
0.8228416442871094, 2632
0.8228416442871094, 2631
0.8238074779510498, 2630
0.828826904296875, 2629
0.8347771167755127, 2628
0.8357744216918945, 2627
0.8357744216918945, 2626
0.8367719650268555, 2625
0.8367719650268555, 2624
0.8737082481384277, 2623
0.8737082481384277, 2622
0.8757016658782959, 2621
0.8757016658782959, 2620
0.8757016658782959, 2619
0.8896303176879883, 2618
0.8966119289398193, 2617
0.9025974273681641, 2616
0.9025974273681641, 2615
0.9125709533691406, 2614
0.9125709533691406, 2613
0.9165592193603516, 2612
0.9175558090209961, 2611
0.9285264015197754, 2610
0.9285264015197754, 2609
0.935509443283081, 2608
0.9385018348693848, 2607
0.9414939880371094, 2606
0.9514985084533691, 2605
0.9514985084533691, 2604
0.9514985084533691, 2603
0.9554870128631592, 2602
0.957482099533081, 2601
0.957482099533081, 2600
0.9584786891937256, 2599
0.9604742527008057, 2598
0.9604742527008057, 2597
0.962468147277832, 2596
0.962468147277832, 2595
0.962468147277832, 2594
0.9654285907745361, 2593
0.9654285907745361, 2592
0.9684197902679443, 2591
0.970414400100708, 2590
0.988368034362793, 2589
0.9953491687774658, 2588
0.9983422756195068, 2587
1.0003669261932373, 2586
1.0173234939575195, 2585
1.0173234939575195, 2584
1.0212810039520264, 2583
1.0232746601104736, 2582
1.0232746601104736, 2581
1.0292587280273438, 2580
1.035240888595581, 2579
1.0502336025238037, 2578
1.0572175979614258, 2577
1.0622012615203857, 2576
1.0691502094268799, 2575
1.0801210403442383, 2574
1.0801210403442383, 2573
1.0801210403442383, 2572
1.0811192989349365, 2571
1.0811192989349365, 2570
1.0841124057769775, 2569
1.0890986919403076, 2568
1.096081018447876, 2567
1.0980758666992188, 2566
1.1010973453521729, 2565
1.1040904521942139, 2564
1.1050889492034912, 2563
1.120046854019165, 2562
1.120046854019165, 2561
1.121046781539917, 2560
1.1260309219360352, 2559
1.137967824935913, 2558
1.1619353294372559, 2557
1.165924072265625, 2556
1.165924072265625, 2555
1.1818501949310303, 2554
1.1888298988342285, 2553
1.1918556690216064, 2552
1.1978070735931396, 2551
1.1978070735931396, 2550
1.2028262615203857, 2549
1.2048237323760986, 2548
1.2058231830596924, 2547
1.2127680778503418, 2546
1.213766098022461, 2545
1.2187831401824951, 2544
1.2197821140289307, 2543
1.2287566661834717, 2542
1.2327148914337158, 2541
1.2406935691833496, 2540
1.2416908740997314, 2539
1.2467098236083984, 2538
1.2496678829193115, 2537
1.2626667022705078, 2536
1.2676537036895752, 2535
1.2676537036895752, 2534
1.2706480026245117, 2533
1.274674415588379, 2532
1.274674415588379, 2531
1.2756671905517578, 2530
1.2886052131652832, 2529
1.2905988693237305, 2528
1.2965829372406006, 2527
1.3055906295776367, 2526
1.3085823059082031, 2525
1.3105812072753906, 2524
1.3105812072753906, 2523
1.3175585269927979, 2522
1.3294949531555176, 2521
1.3334829807281494, 2520
1.3334829807281494, 2519
1.3334829807281494, 2518
1.335477352142334, 2517
1.3444857597351074, 2516
1.3584158420562744, 2515
1.3594129085540771, 2514
1.3624050617218018, 2513
1.3624050617218018, 2512
1.3734219074249268, 2511
1.3803937435150146, 2510
1.390366554260254, 2509
1.390366554260254, 2508
1.3913638591766357, 2507
1.3913638591766357, 2506
1.3913638591766357, 2505
1.3923609256744385, 2504
1.3933584690093994, 2503
1.4003722667694092, 2502
1.4003722667694092, 2501
1.4003722667694092, 2500
1.4183242321014404, 2499
1.4183242321014404, 2498
1.4203197956085205, 2497
1.428267240524292, 2496
1.428267240524292, 2495
1.4292628765106201, 2494
1.4342494010925293, 2493
1.4432578086853027, 2492
1.4462528228759766, 2491
1.4602129459381104, 2490
1.4612107276916504, 2489
1.475172519683838, 2488
1.4791617393493652, 2487
1.4841179847717285, 2486
1.4901015758514404, 2485
1.4910986423492432, 2484
1.5021028518676758, 2483
1.532987356185913, 2482
1.5379736423492432, 2481
1.5439574718475342, 2480
1.5509696006774902, 2479
1.5509696006774902, 2478
1.5559570789337158, 2477
1.5559570789337158, 2476
1.558948040008545, 2475
1.559946060180664, 2474
1.587479591369629, 2473
1.591501235961914, 2472
1.592498540878296, 2471
1.6074597835540771, 2470
1.6094515323638916, 2469
1.6094515323638916, 2468
1.6154375076293945, 2467
1.6154375076293945, 2466
1.6154375076293945, 2465
1.6234183311462402, 2464
1.6274056434631348, 2463
1.6423335075378418, 2462
1.6433627605438232, 2461
1.646357536315918, 2460
1.6503441333770752, 2459
1.6572928428649902, 2458
1.6682982444763184, 2457
1.6772396564483643, 2456
1.678236961364746, 2455
1.6852185726165771, 2454
1.6852185726165771, 2453
1.6902048587799072, 2452
1.6902048587799072, 2451
1.6931967735290527, 2450
1.6931967735290527, 2449
1.6971862316131592, 2448
1.6991808414459229, 2447
1.7091543674468994, 2446
1.7161366939544678, 2445
1.724114179611206, 2444
1.724114179611206, 2443
1.7271063327789307, 2442
1.7271063327789307, 2441
1.732095718383789, 2440
1.7340898513793945, 2439
1.7380785942077637, 2438
1.773982048034668, 2437
1.7749793529510498, 2436
1.7749793529510498, 2435
1.7760083675384521, 2434
1.7760083675384521, 2433
1.7869784832000732, 2432
1.7869784832000732, 2431
1.7899730205535889, 2430
1.7979180812835693, 2429
1.7979180812835693, 2428
1.7979180812835693, 2427
1.8049309253692627, 2426
1.8099174499511719, 2425
1.8099174499511719, 2424
1.8328537940979004, 2423
1.836845874786377, 2422
1.867764949798584, 2421
1.8697600364685059, 2420
1.9026694297790527, 2419
1.9046614170074463, 2418
1.9056615829467773, 2417
1.9176318645477295, 2416
1.9176318645477295, 2415
1.9275717735290527, 2414
1.9325575828552246, 2413
1.935549020767212, 2412
1.960512638092041, 2411
1.960512638092041, 2410
1.9884397983551025, 2409
1.9884397983551025, 2408
2.0552613735198975, 2407
2.0552613735198975, 2406
2.0612475872039795, 2405
2.0612475872039795, 2404
2.246718645095825, 2403
2.246718645095825, 2402
2.247744083404541, 2401
2.250706195831299, 2400
2.2517032623291016, 2399
2.255692720413208, 2398
2.2596821784973145, 2397
2.313538074493408, 2396
2.3185572624206543, 2395
2.3195230960845947, 2394
2.3225488662719727, 2393
2.3354811668395996, 2392
2.339470624923706, 2391
2.3494744300842285, 2390
2.359445571899414, 2389
2.3843812942504883, 2388
2.3843812942504883, 2387
2.386378288269043, 2386
2.3973159790039062, 2385
2.400341510772705, 2384
2.400341510772705, 2383
2.4102795124053955, 2382
2.412274122238159, 2381
2.416264772415161, 2380
2.4671287536621094, 2379
2.5060582160949707, 2378
2.5140061378479004, 2377
2.5140061378479004, 2376
2.517026662826538, 2375
2.5200202465057373, 2374
2.5210163593292236, 2373
2.523010730743408, 2372
2.5269980430603027, 2371
2.52899432182312, 2370
2.530958652496338, 2369
2.5469143390655518, 2368
2.5489420890808105, 2367
2.55688738822937, 2366
2.55688738822937, 2365
2.5598795413970947, 2364
2.5608768463134766, 2363
2.5608768463134766, 2362
2.5618739128112793, 2361
2.573843002319336, 2360
2.5927927494049072, 2359
2.6137382984161377, 2358
2.6137382984161377, 2357
2.6217470169067383, 2356
2.623741388320923, 2355
2.6376731395721436, 2354
2.6386704444885254, 2353
2.640665054321289, 2352
2.6675913333892822, 2351
2.6675913333892822, 2350
2.6845457553863525, 2349
2.689532995223999, 2348
2.700505018234253, 2347
2.721447467803955, 2346
2.721447467803955, 2345
2.7264339923858643, 2344
2.7294259071350098, 2343
2.7294259071350098, 2342
2.7633705139160156, 2341
2.805255651473999, 2340
2.902996063232422, 2339
2.9049911499023438, 2338
2.9159626960754395, 2337
2.9298901557922363, 2336
2.931917667388916, 2335
2.9329144954681396, 2334
2.9329144954681396, 2333
2.935906171798706, 2332
2.960808753967285, 2331
2.9677884578704834, 2330
2.980755567550659, 2329
3.015019178390503, 2328
3.0179755687713623, 2327
3.0219645500183105, 2326
3.0239593982696533, 2325
3.0479283332824707, 2324
3.0618906021118164, 2323
3.076819896697998, 2322
3.077815294265747, 2321
3.0818047523498535, 2320
3.0828020572662354, 2319
3.0853049755096436, 2318
3.08829665184021, 2317
3.154120922088623, 2316
3.161102056503296, 2315
3.161102056503296, 2314
3.1770920753479004, 2313
3.178091526031494, 2312
3.210481882095337, 2311
3.2114789485931396, 2310
3.2244462966918945, 2309
3.2244462966918945, 2308
3.226440668106079, 2307
3.240403652191162, 2306
3.3102476596832275, 2305
3.3122446537017822, 2304
3.315201759338379, 2303
3.3181936740875244, 2302
3.326172351837158, 2301
3.345123291015625, 2300
3.345123291015625, 2299
3.3511388301849365, 2298
3.3929953575134277, 2297
3.425905704498291, 2296
3.449876546859741, 2295
3.4538638591766357, 2294
3.4538638591766357, 2293
3.4588510990142822, 2292
3.5007359981536865, 2291
3.5017361640930176, 2290
3.5136728286743164, 2289
6.6292724609375, 2288
6.67913818359375, 2287
6.785853624343872, 2286
6.7898430824279785, 2285
6.870625019073486, 2284
6.914509296417236, 2283
6.9873456954956055, 2282
7.071089506149292, 2281
7.08708119392395, 2280
7.117963552474976, 2279
7.163872957229614, 2278
7.479032039642334, 2277
7.8649678230285645, 2276
7.937803506851196, 2275
7.93880295753479, 2274
8.148241519927979, 2273
8.20010232925415, 2272
8.498304605484009, 2271
8.89823842048645, 2270
8.946109771728516, 2269
8.954088687896729, 2268
8.995973825454712, 2267
9.076725482940674, 2266
9.177491426467896, 2265
9.21635389328003, 2264
9.26625108718872, 2263
9.29414439201355, 2262
9.30015778541565, 2261
9.396901845932007, 2260
9.731005668640137, 2259
10.095038414001465, 2258
10.212689638137817, 2257
10.232667446136475, 2256
10.278513669967651, 2255
10.337384223937988, 2254
10.340380668640137, 2253
10.857000827789307, 2252
10.939775705337524, 2251
11.18409013748169, 2250
11.26088809967041, 2249
11.343663692474365, 2248
11.530197381973267, 2247
11.917160034179688, 2246
12.000908851623535, 2245
12.01786208152771, 2244
12.063738584518433, 2243
12.427795171737671, 2242
12.537503957748413, 2241
12.539495468139648, 2240
12.728991508483887, 2239
12.816725969314575, 2238
12.83969783782959, 2237
13.003225564956665, 2236
13.030186176300049, 2235
13.565757751464844, 2234
14.635892152786255, 2233
14.728646278381348, 2232
14.837356090545654, 2231
14.845329761505127, 2230
15.887512683868408, 2229
16.780158281326294, 2228
17.16911792755127, 2227
18.153488397598267, 2226
19.099923849105835, 2225
19.63966131210327, 2224
20.214123487472534, 2223
20.35973572731018, 2222
21.12771248817444, 2221
23.053531646728516, 2220
23.114367723464966, 2219
25.07711935043335, 2218
25.74533224105835, 2217
26.343764305114746, 2216
26.814475059509277, 2215
27.48966956138611, 2214
28.68347692489624, 2213
29.026590824127197, 2212
29.107374668121338, 2211
29.28885817527771, 2210
31.74931263923645, 2209
32.33773899078369, 2208
35.51224422454834, 2207
42.34995937347412, 2206
50.642788887023926, 2205
53.78538250923157, 2204
