0.032878875732421875, 3721
0.03391075134277344, 3720
0.040039777755737305, 3719
0.040039777755737305, 3718
0.042037248611450195, 3717
0.04303240776062012, 3716
0.04402899742126465, 3715
0.04502749443054199, 3714
0.04502749443054199, 3713
0.04703664779663086, 3712
0.048020124435424805, 3711
0.048020124435424805, 3710
0.049016475677490234, 3709
0.05001497268676758, 3708
0.05001497268676758, 3707
0.05001497268676758, 3706
0.05200815200805664, 3705
0.05200815200805664, 3704
0.05200815200805664, 3703
0.05300641059875488, 3702
0.05300641059875488, 3701
0.05400419235229492, 3700
0.055001258850097656, 3699
0.055001258850097656, 3698
0.05699586868286133, 3697
0.057993412017822266, 3696
0.057993412017822266, 3695
0.057993412017822266, 3694
0.0589907169342041, 3693
0.0589907169342041, 3692
0.060983896255493164, 3691
0.06198239326477051, 3690
0.06198239326477051, 3689
0.06297850608825684, 3688
0.06397628784179688, 3687
0.06397628784179688, 3686
0.06497311592102051, 3685
0.06597089767456055, 3684
0.06696963310241699, 3683
0.06796741485595703, 3682
0.06796741485595703, 3681
0.06896471977233887, 3680
0.06896471977233887, 3679
0.0699617862701416, 3678
0.07095885276794434, 3677
0.07195591926574707, 3676
0.07195591926574707, 3675
0.07394933700561523, 3674
0.07494616508483887, 3673
0.07494616508483887, 3672
0.07494616508483887, 3671
0.0759437084197998, 3670
0.0759437084197998, 3669
0.0759437084197998, 3668
0.0759437084197998, 3667
0.0759437084197998, 3666
0.0759437084197998, 3665
0.07694077491760254, 3664
0.07893657684326172, 3663
0.07893657684326172, 3662
0.07993483543395996, 3661
0.0809636116027832, 3660
0.0809636116027832, 3659
0.08196043968200684, 3658
0.08196043968200684, 3657
0.08196043968200684, 3656
0.08392214775085449, 3655
0.08591699600219727, 3654
0.08591699600219727, 3653
0.08591699600219727, 3652
0.08591699600219727, 3651
0.08591699600219727, 3650
0.0869147777557373, 3649
0.0869147777557373, 3648
0.0869147777557373, 3647
0.0869147777557373, 3646
0.0869147777557373, 3645
0.08791160583496094, 3644
0.08791160583496094, 3643
0.08791160583496094, 3642
0.09190702438354492, 3641
0.09289956092834473, 3640
0.09289956092834473, 3639
0.09289956092834473, 3638
0.09389567375183105, 3637
0.09389567375183105, 3636
0.09489727020263672, 3635
0.09791755676269531, 3634
0.09891295433044434, 3633
0.09891295433044434, 3632
0.0999138355255127, 3631
0.0999138355255127, 3630
0.10090994834899902, 3629
0.10090994834899902, 3628
0.10187506675720215, 3627
0.10187506675720215, 3626
0.10187506675720215, 3625
0.10187506675720215, 3624
0.10290408134460449, 3623
0.10290408134460449, 3622
0.10486745834350586, 3621
0.10686302185058594, 3620
0.10985302925109863, 3619
0.1108558177947998, 3618
0.1108558177947998, 3617
0.11378860473632812, 3616
0.11581635475158691, 3615
0.11681318283081055, 3614
0.11681318283081055, 3613
0.11681318283081055, 3612
0.11780953407287598, 3611
0.1187751293182373, 3610
0.1187751293182373, 3609
0.12085986137390137, 3608
0.12185907363891602, 3607
0.12185907363891602, 3606
0.12285637855529785, 3605
0.12285637855529785, 3604
0.12285637855529785, 3603
0.12285637855529785, 3602
0.12385177612304688, 3601
0.13083291053771973, 3600
0.13183021545410156, 3599
0.13183021545410156, 3598
0.13183021545410156, 3597
0.13183021545410156, 3596
0.1328272819519043, 3595
0.13386011123657227, 3594
0.13386011123657227, 3593
0.13386011123657227, 3592
0.13485503196716309, 3591
0.13485503196716309, 3590
0.13585257530212402, 3589
0.13585257530212402, 3588
0.13585257530212402, 3587
0.13585257530212402, 3586
0.13685059547424316, 3585
0.13685059547424316, 3584
0.1378462314605713, 3583
0.1378462314605713, 3582
0.13884425163269043, 3581
0.13884425163269043, 3580
0.13884425163269043, 3579
0.13884425163269043, 3578
0.13884425163269043, 3577
0.13984227180480957, 3576
0.140838623046875, 3575
0.140838623046875, 3574
0.140838623046875, 3573
0.14183855056762695, 3572
0.14183855056762695, 3571
0.14183855056762695, 3570
0.14283323287963867, 3569
0.14283323287963867, 3568
0.14679241180419922, 3567
0.14778828620910645, 3566
0.14778828620910645, 3565
0.14778828620910645, 3564
0.14778828620910645, 3563
0.14878535270690918, 3562
0.14878535270690918, 3561
0.1497821807861328, 3560
0.1497821807861328, 3559
0.15077924728393555, 3558
0.15077924728393555, 3557
0.1517784595489502, 3556
0.1517784595489502, 3555
0.15277433395385742, 3554
0.15277433395385742, 3553
0.15277433395385742, 3552
0.15377140045166016, 3551
0.15377140045166016, 3550
0.15377140045166016, 3549
0.154768705368042, 3548
0.154768705368042, 3547
0.15576601028442383, 3546
0.15576601028442383, 3545
0.15576601028442383, 3544
0.15676355361938477, 3543
0.15676355361938477, 3542
0.1577625274658203, 3541
0.1597588062286377, 3540
0.1597588062286377, 3539
0.1597588062286377, 3538
0.16375088691711426, 3537
0.16375088691711426, 3536
0.16477537155151367, 3535
0.16876602172851562, 3534
0.16976237297058105, 3533
0.16976237297058105, 3532
0.16976237297058105, 3531
0.17175698280334473, 3530
0.17175698280334473, 3529
0.17175698280334473, 3528
0.17275333404541016, 3527
0.17275333404541016, 3526
0.17275333404541016, 3525
0.1737532615661621, 3524
0.1737532615661621, 3523
0.1737532615661621, 3522
0.1737532615661621, 3521
0.1737532615661621, 3520
0.17474842071533203, 3519
0.1767129898071289, 3518
0.1767129898071289, 3517
0.1767129898071289, 3516
0.1797029972076416, 3515
0.1797029972076416, 3514
0.18069982528686523, 3513
0.1826951503753662, 3512
0.18571853637695312, 3511
0.18571853637695312, 3510
0.18571853637695312, 3509
0.18571853637695312, 3508
0.1897115707397461, 3507
0.1907057762145996, 3506
0.1907057762145996, 3505
0.1907057762145996, 3504
0.19170260429382324, 3503
0.19170260429382324, 3502
0.19369721412658691, 3501
0.19466328620910645, 3500
0.19765472412109375, 3499
0.19765472412109375, 3498
0.1986854076385498, 3497
0.19965028762817383, 3496
0.19965028762817383, 3495
0.19965028762817383, 3494
0.19965028762817383, 3493
0.2016434669494629, 3492
0.20267391204833984, 3491
0.20267391204833984, 3490
0.20367145538330078, 3489
0.20367145538330078, 3488
0.20367145538330078, 3487
0.20367145538330078, 3486
0.20710349082946777, 3485
0.20710349082946777, 3484
0.2076711654663086, 3483
0.20867514610290527, 3482
0.21563935279846191, 3481
0.21663761138916016, 3480
0.21763348579406738, 3479
0.21863126754760742, 3478
0.21863126754760742, 3477
0.21962904930114746, 3476
0.2206258773803711, 3475
0.22159123420715332, 3474
0.22159123420715332, 3473
0.22258758544921875, 3472
0.22258758544921875, 3471
0.22461605072021484, 3470
0.22757506370544434, 3469
0.22757506370544434, 3468
0.22857379913330078, 3467
0.2295701503753662, 3466
0.2295701503753662, 3465
0.2295701503753662, 3464
0.2295701503753662, 3463
0.23059940338134766, 3462
0.23059940338134766, 3461
0.23271417617797852, 3460
0.23374652862548828, 3459
0.2347412109375, 3458
0.2347412109375, 3457
0.2347412109375, 3456
0.2347412109375, 3455
0.2347412109375, 3454
0.23573923110961914, 3453
0.23573923110961914, 3452
0.23573923110961914, 3451
0.23573923110961914, 3450
0.23573923110961914, 3449
0.2367382049560547, 3448
0.2377011775970459, 3447
0.2377011775970459, 3446
0.23873329162597656, 3445
0.23873329162597656, 3444
0.23873329162597656, 3443
0.23969674110412598, 3442
0.23969674110412598, 3441
0.23969674110412598, 3440
0.24073123931884766, 3439
0.24073123931884766, 3438
0.2417299747467041, 3437
0.24272489547729492, 3436
0.24272489547729492, 3435
0.24272489547729492, 3434
0.24272489547729492, 3433
0.24272489547729492, 3432
0.24371671676635742, 3431
0.24371671676635742, 3430
0.25066614151000977, 3429
0.25066614151000977, 3428
0.25066614151000977, 3427
0.2516958713531494, 3426
0.2516958713531494, 3425
0.2516958713531494, 3424
0.25269556045532227, 3423
0.25269556045532227, 3422
0.25269556045532227, 3421
0.25269556045532227, 3420
0.253690242767334, 3419
0.253690242767334, 3418
0.253690242767334, 3417
0.25468969345092773, 3416
0.25568509101867676, 3415
0.25568509101867676, 3414
0.25568509101867676, 3413
0.2566831111907959, 3412
0.2566831111907959, 3411
0.2566831111907959, 3410
0.2576773166656494, 3409
0.2576773166656494, 3408
0.25864458084106445, 3407
0.26064109802246094, 3406
0.26363134384155273, 3405
0.26363134384155273, 3404
0.2646310329437256, 3403
0.2646310329437256, 3402
0.265627384185791, 3401
0.265627384185791, 3400
0.265627384185791, 3399
0.265627384185791, 3398
0.265627384185791, 3397
0.265627384185791, 3396
0.26662564277648926, 3395
0.26662564277648926, 3394
0.26662564277648926, 3393
0.26662564277648926, 3392
0.26862025260925293, 3391
0.26961708068847656, 3390
0.2706141471862793, 3389
0.2706141471862793, 3388
0.27161121368408203, 3387
0.27161121368408203, 3386
0.27161121368408203, 3385
0.27260875701904297, 3384
0.27260875701904297, 3383
0.2736060619354248, 3382
0.2736060619354248, 3381
0.27460360527038574, 3380
0.27460360527038574, 3379
0.2756011486053467, 3378
0.279590368270874, 3377
0.279590368270874, 3376
0.2815835475921631, 3375
0.28357768058776855, 3374
0.2845749855041504, 3373
0.2845749855041504, 3372
0.2845749855041504, 3371
0.28557276725769043, 3370
0.28557276725769043, 3369
0.28557276725769043, 3368
0.28656983375549316, 3367
0.28656983375549316, 3366
0.28656983375549316, 3365
0.287567138671875, 3364
0.287567138671875, 3363
0.28856492042541504, 3362
0.28856492042541504, 3361
0.2895619869232178, 3360
0.2905619144439697, 3359
0.2905619144439697, 3358
0.2905619144439697, 3357
0.2905619144439697, 3356
0.29155683517456055, 3355
0.29155683517456055, 3354
0.2925536632537842, 3353
0.293550968170166, 3352
0.29953527450561523, 3351
0.300534725189209, 3350
0.300534725189209, 3349
0.300534725189209, 3348
0.3015315532684326, 3347
0.3035259246826172, 3346
0.3045237064361572, 3345
0.3055236339569092, 3344
0.30751538276672363, 3343
0.3144185543060303, 3342
0.3144185543060303, 3341
0.3144185543060303, 3340
0.3154153823852539, 3339
0.3154153823852539, 3338
0.31641268730163574, 3337
0.31641268730163574, 3336
0.3184356689453125, 3335
0.3255589008331299, 3334
0.3255589008331299, 3333
0.326552152633667, 3332
0.33055877685546875, 3331
0.3325331211090088, 3330
0.3354916572570801, 3329
0.3354916572570801, 3328
0.3364887237548828, 3327
0.3364887237548828, 3326
0.3364887237548828, 3325
0.33748602867126465, 3324
0.33748602867126465, 3323
0.33948230743408203, 3322
0.34051060676574707, 3321
0.3415076732635498, 3320
0.34250879287719727, 3319
0.34250879287719727, 3318
0.34250879287719727, 3317
0.3435027599334717, 3316
0.34550023078918457, 3315
0.3464629650115967, 3314
0.3474593162536621, 3313
0.3474593162536621, 3312
0.3474593162536621, 3311
0.34845638275146484, 3310
0.34845638275146484, 3309
0.3504517078399658, 3308
0.3504517078399658, 3307
0.35144853591918945, 3306
0.35144853591918945, 3305
0.35144853591918945, 3304
0.3524458408355713, 3303
0.3524458408355713, 3302
0.3524458408355713, 3301
0.3524458408355713, 3300
0.3524458408355713, 3299
0.353442907333374, 3298
0.353442907333374, 3297
0.353442907333374, 3296
0.35444045066833496, 3295
0.35444045066833496, 3294
0.35444045066833496, 3293
0.3554375171661377, 3292
0.3554375171661377, 3291
0.35643482208251953, 3290
0.35643482208251953, 3289
0.35944032669067383, 3288
0.36243271827697754, 3287
0.36342716217041016, 3286
0.36342716217041016, 3285
0.36441564559936523, 3284
0.36541295051574707, 3283
0.36740732192993164, 3282
0.3694021701812744, 3281
0.3694021701812744, 3280
0.3694021701812744, 3279
0.37039899826049805, 3278
0.3713955879211426, 3277
0.3713955879211426, 3276
0.3713955879211426, 3275
0.37242555618286133, 3274
0.37242555618286133, 3273
0.37242555618286133, 3272
0.37342286109924316, 3271
0.37342286109924316, 3270
0.3744235038757324, 3269
0.3753852844238281, 3268
0.37638330459594727, 3267
0.37638330459594727, 3266
0.37638330459594727, 3265
0.3774127960205078, 3264
0.3774127960205078, 3263
0.37837743759155273, 3262
0.3803722858428955, 3261
0.38136911392211914, 3260
0.38136911392211914, 3259
0.3823659420013428, 3258
0.3833656311035156, 3257
0.3833656311035156, 3256
0.38436079025268555, 3255
0.38436079025268555, 3254
0.3853578567504883, 3253
0.3853578567504883, 3252
0.3853578567504883, 3251
0.3853578567504883, 3250
0.3853578567504883, 3249
0.386354923248291, 3248
0.386354923248291, 3247
0.386354923248291, 3246
0.38735246658325195, 3245
0.38735246658325195, 3244
0.38735246658325195, 3243
0.38735246658325195, 3242
0.38735246658325195, 3241
0.38934969902038574, 3240
0.38934969902038574, 3239
0.40035343170166016, 3238
0.40233635902404785, 3237
0.40233635902404785, 3236
0.4033396244049072, 3235
0.4033396244049072, 3234
0.4043397903442383, 3233
0.4043397903442383, 3232
0.4053373336791992, 3231
0.40630197525024414, 3230
0.40829896926879883, 3229
0.41128969192504883, 3228
0.41234827041625977, 3227
0.41431689262390137, 3226
0.4153101444244385, 3225
0.4153101444244385, 3224
0.41631007194519043, 3223
0.42026472091674805, 3222
0.4212617874145508, 3221
0.4212617874145508, 3220
0.4222588539123535, 3219
0.4222588539123535, 3218
0.4222588539123535, 3217
0.4222588539123535, 3216
0.42325615882873535, 3215
0.4242537021636963, 3214
0.4242537021636963, 3213
0.4242537021636963, 3212
0.4252510070800781, 3211
0.4252510070800781, 3210
0.4252510070800781, 3209
0.4252510070800781, 3208
0.42624831199645996, 3207
0.42624831199645996, 3206
0.42624831199645996, 3205
0.42624831199645996, 3204
0.42624831199645996, 3203
0.42624831199645996, 3202
0.42824649810791016, 3201
0.4292411804199219, 3200
0.4302401542663574, 3199
0.4302401542663574, 3198
0.43123698234558105, 3197
0.4323451519012451, 3196
0.43334412574768066, 3195
0.4343411922454834, 3194
0.43533849716186523, 3193
0.4373342990875244, 3192
0.43833088874816895, 3191
0.439328670501709, 3190
0.4404144287109375, 3189
0.44141459465026855, 3188
0.442415714263916, 3187
0.442415714263916, 3186
0.4434077739715576, 3185
0.4434077739715576, 3184
0.44440460205078125, 3183
0.44440460205078125, 3182
0.44541072845458984, 3181
0.44541072845458984, 3180
0.4483942985534668, 3179
0.45038866996765137, 3178
0.45038866996765137, 3177
0.4513866901397705, 3176
0.4513866901397705, 3175
0.4513866901397705, 3174
0.45241785049438477, 3173
0.45241785049438477, 3172
0.45241785049438477, 3171
0.45241785049438477, 3170
0.4534118175506592, 3169
0.45840001106262207, 3168
0.45840001106262207, 3167
0.45840001106262207, 3166
0.4593961238861084, 3165
0.4593961238861084, 3164
0.46039652824401855, 3163
0.4613611698150635, 3162
0.4623558521270752, 3161
0.46634578704833984, 3160
0.467343807220459, 3159
0.467343807220459, 3158
0.467343807220459, 3157
0.46933960914611816, 3156
0.46933960914611816, 3155
0.46933960914611816, 3154
0.4703359603881836, 3153
0.4703359603881836, 3152
0.47133326530456543, 3151
0.47133326530456543, 3150
0.47133326530456543, 3149
0.47233033180236816, 3148
0.4733278751373291, 3147
0.4733278751373291, 3146
0.47432518005371094, 3145
0.47432518005371094, 3144
0.4753224849700928, 3143
0.4753224849700928, 3142
0.4753224849700928, 3141
0.4763195514678955, 3140
0.4763195514678955, 3139
0.47731566429138184, 3138
0.47731566429138184, 3137
0.4783148765563965, 3136
0.4783148765563965, 3135
0.4793107509613037, 3134
0.4793107509613037, 3133
0.48034167289733887, 3132
0.4813354015350342, 3131
0.4813354015350342, 3130
0.4813354015350342, 3129
0.4813354015350342, 3128
0.4833335876464844, 3127
0.4833335876464844, 3126
0.48529601097106934, 3125
0.48529601097106934, 3124
0.4872887134552002, 3123
0.4902815818786621, 3122
0.4913172721862793, 3121
0.4913172721862793, 3120
0.49231648445129395, 3119
0.4932737350463867, 3118
0.49528074264526367, 3117
0.49627137184143066, 3116
0.5022842884063721, 3115
0.5022842884063721, 3114
0.5032784938812256, 3113
0.5042765140533447, 3112
0.5042765140533447, 3111
0.5042765140533447, 3110
0.5042765140533447, 3109
0.5072681903839111, 3108
0.5072681903839111, 3107
0.5092308521270752, 3106
0.5138485431671143, 3105
0.5138485431671143, 3104
0.5148463249206543, 3103
0.5148463249206543, 3102
0.5158743858337402, 3101
0.5158743858337402, 3100
0.5158743858337402, 3099
0.5199813842773438, 3098
0.5199813842773438, 3097
0.5210130214691162, 3096
0.522007942199707, 3095
0.5230059623718262, 3094
0.5230059623718262, 3093
0.5230059623718262, 3092
0.5239715576171875, 3091
0.5249683856964111, 3090
0.5259814262390137, 3089
0.5259814262390137, 3088
0.5319497585296631, 3087
0.5339436531066895, 3086
0.5339436531066895, 3085
0.5339436531066895, 3084
0.5349411964416504, 3083
0.5349411964416504, 3082
0.5349411964416504, 3081
0.5359385013580322, 3080
0.5359385013580322, 3079
0.5359385013580322, 3078
0.5369358062744141, 3077
0.5369358062744141, 3076
0.5369358062744141, 3075
0.5379335880279541, 3074
0.5449163913726807, 3073
0.5449163913726807, 3072
0.5459165573120117, 3071
0.5459165573120117, 3070
0.5459165573120117, 3069
0.5469424724578857, 3068
0.5469424724578857, 3067
0.5469424724578857, 3066
0.5469424724578857, 3065
0.5469424724578857, 3064
0.5479075908660889, 3063
0.5479075908660889, 3062
0.5489375591278076, 3061
0.5489375591278076, 3060
0.5489375591278076, 3059
0.5489375591278076, 3058
0.549933671951294, 3057
0.5509302616119385, 3056
0.5529277324676514, 3055
0.5529277324676514, 3054
0.5578863620758057, 3053
0.5608723163604736, 3052
0.5608723163604736, 3051
0.5648946762084961, 3050
0.5668878555297852, 3049
0.5688507556915283, 3048
0.5688507556915283, 3047
0.5688507556915283, 3046
0.5688507556915283, 3045
0.5688507556915283, 3044
0.5688507556915283, 3043
0.569880485534668, 3042
0.569880485534668, 3041
0.5708777904510498, 3040
0.5708777904510498, 3039
0.5708777904510498, 3038
0.5708777904510498, 3037
0.5718724727630615, 3036
0.5718724727630615, 3035
0.5728733539581299, 3034
0.5728733539581299, 3033
0.5778274536132812, 3032
0.5788278579711914, 3031
0.5788278579711914, 3030
0.5788278579711914, 3029
0.5798232555389404, 3028
0.5798232555389404, 3027
0.5798232555389404, 3026
0.5808510780334473, 3025
0.5828399658203125, 3024
0.5888257026672363, 3023
0.5897974967956543, 3022
0.5897974967956543, 3021
0.5897974967956543, 3020
0.5907933712005615, 3019
0.5907933712005615, 3018
0.5917894840240479, 3017
0.5917894840240479, 3016
0.5927865505218506, 3015
0.5937860012054443, 3014
0.5937860012054443, 3013
0.5947825908660889, 3012
0.5947825908660889, 3011
0.5957791805267334, 3010
0.5968091487884521, 3009
0.5968091487884521, 3008
0.5968091487884521, 3007
0.5968091487884521, 3006
0.5977740287780762, 3005
0.5987708568572998, 3004
0.5997998714447021, 3003
0.600799560546875, 3002
0.6027922630310059, 3001
0.6027922630310059, 3000
0.6037871837615967, 2999
0.6037871837615967, 2998
0.6047868728637695, 2997
0.6047868728637695, 2996
0.6057839393615723, 2995
0.6067500114440918, 2994
0.6137304306030273, 2993
0.6137304306030273, 2992
0.6137304306030273, 2991
0.6147277355194092, 2990
0.6147277355194092, 2989
0.6187453269958496, 2988
0.6187453269958496, 2987
0.6187453269958496, 2986
0.6187453269958496, 2985
0.6197452545166016, 2984
0.6197452545166016, 2983
0.6197452545166016, 2982
0.6207451820373535, 2981
0.6207451820373535, 2980
0.6207451820373535, 2979
0.6207451820373535, 2978
0.6207451820373535, 2977
0.6217412948608398, 2976
0.6217412948608398, 2975
0.6217412948608398, 2974
0.6227431297302246, 2973
0.6257007122039795, 2972
0.6266975402832031, 2971
0.6266975402832031, 2970
0.6296887397766113, 2969
0.6296887397766113, 2968
0.6296887397766113, 2967
0.6296887397766113, 2966
0.6306850910186768, 2965
0.6306850910186768, 2964
0.6368145942687988, 2963
0.6398072242736816, 2962
0.6408157348632812, 2961
0.6418085098266602, 2960
0.6427993774414062, 2959
0.6427993774414062, 2958
0.6438040733337402, 2957
0.6438040733337402, 2956
0.6447937488555908, 2955
0.6447937488555908, 2954
0.646808385848999, 2953
0.646808385848999, 2952
0.646808385848999, 2951
0.646808385848999, 2950
0.646808385848999, 2949
0.6478192806243896, 2948
0.6478192806243896, 2947
0.6478192806243896, 2946
0.6478192806243896, 2945
0.6487834453582764, 2944
0.6487834453582764, 2943
0.6498124599456787, 2942
0.6498124599456787, 2941
0.6498124599456787, 2940
0.650806188583374, 2939
0.650806188583374, 2938
0.650806188583374, 2937
0.650806188583374, 2936
0.6518068313598633, 2935
0.6518068313598633, 2934
0.6518068313598633, 2933
0.6518068313598633, 2932
0.6528034210205078, 2931
0.6528034210205078, 2930
0.6528034210205078, 2929
0.6528034210205078, 2928
0.6538045406341553, 2927
0.6538045406341553, 2926
0.6547985076904297, 2925
0.6547985076904297, 2924
0.6547985076904297, 2923
0.6557979583740234, 2922
0.6557979583740234, 2921
0.6557979583740234, 2920
0.6567931175231934, 2919
0.6567931175231934, 2918
0.6577904224395752, 2917
0.6577904224395752, 2916
0.6577904224395752, 2915
0.6587851047515869, 2914
0.6597855091094971, 2913
0.6597855091094971, 2912
0.6597855091094971, 2911
0.6597855091094971, 2910
0.6637418270111084, 2909
0.6637418270111084, 2908
0.6647391319274902, 2907
0.6647391319274902, 2906
0.6657366752624512, 2905
0.6667358875274658, 2904
0.6677329540252686, 2903
0.6677329540252686, 2902
0.6687312126159668, 2901
0.6707248687744141, 2900
0.6717214584350586, 2899
0.6717214584350586, 2898
0.6727190017700195, 2897
0.6727190017700195, 2896
0.6737170219421387, 2895
0.6737170219421387, 2894
0.6747133731842041, 2893
0.6747133731842041, 2892
0.6747133731842041, 2891
0.675745964050293, 2890
0.675745964050293, 2889
0.675745964050293, 2888
0.6767401695251465, 2887
0.6767401695251465, 2886
0.6767401695251465, 2885
0.6777088642120361, 2884
0.6777088642120361, 2883
0.6797008514404297, 2882
0.6797008514404297, 2881
0.6797008514404297, 2880
0.680729866027832, 2879
0.680729866027832, 2878
0.6837208271026611, 2877
0.6837208271026611, 2876
0.6837208271026611, 2875
0.6847198009490967, 2874
0.686680793762207, 2873
0.6876778602600098, 2872
0.6876778602600098, 2871
0.6896727085113525, 2870
0.6976523399353027, 2869
0.701641321182251, 2868
0.701641321182251, 2867
0.7026388645172119, 2866
0.7026388645172119, 2865
0.7026388645172119, 2864
0.7046334743499756, 2863
0.7056293487548828, 2862
0.706629753112793, 2861
0.7076578140258789, 2860
0.708625316619873, 2859
0.7137739658355713, 2858
0.7167656421661377, 2857
0.7177629470825195, 2856
0.7177629470825195, 2855
0.7197582721710205, 2854
0.7207553386688232, 2853
0.7207553386688232, 2852
0.7237470149993896, 2851
0.7247612476348877, 2850
0.7257516384124756, 2849
0.7257516384124756, 2848
0.7347187995910645, 2847
0.7347187995910645, 2846
0.7357184886932373, 2845
0.7357184886932373, 2844
0.7357184886932373, 2843
0.7357184886932373, 2842
0.7367138862609863, 2841
0.7367138862609863, 2840
0.7367138862609863, 2839
0.7377102375030518, 2838
0.7377102375030518, 2837
0.7387070655822754, 2836
0.7397067546844482, 2835
0.7417008876800537, 2834
0.7417008876800537, 2833
0.7426989078521729, 2832
0.7426989078521729, 2831
0.7446954250335693, 2830
0.7456896305084229, 2829
0.7466869354248047, 2828
0.7466869354248047, 2827
0.7476842403411865, 2826
0.7496776580810547, 2825
0.7496776580810547, 2824
0.7496776580810547, 2823
0.750676155090332, 2822
0.750676155090332, 2821
0.750676155090332, 2820
0.7536678314208984, 2819
0.7546641826629639, 2818
0.7546641826629639, 2817
0.7556614875793457, 2816
0.7566592693328857, 2815
0.7606489658355713, 2814
0.7636439800262451, 2813
0.7636439800262451, 2812
0.7646384239196777, 2811
0.7666339874267578, 2810
0.7666339874267578, 2809
0.7676296234130859, 2808
0.7676296234130859, 2807
0.7736148834228516, 2806
0.7736148834228516, 2805
0.7746117115020752, 2804
0.7746117115020752, 2803
0.781592607498169, 2802
0.783588171005249, 2801
0.7845864295959473, 2800
0.7845864295959473, 2799
0.7845864295959473, 2798
0.7845864295959473, 2797
0.7855827808380127, 2796
0.7875781059265137, 2795
0.7885754108428955, 2794
0.7995460033416748, 2793
0.8015387058258057, 2792
0.8015387058258057, 2791
0.8025355339050293, 2790
0.8025355339050293, 2789
0.809518575668335, 2788
0.809518575668335, 2787
0.8105151653289795, 2786
0.8125262260437012, 2785
0.813513994216919, 2784
0.813513994216919, 2783
0.8145041465759277, 2782
0.8145041465759277, 2781
0.8145041465759277, 2780
0.8145041465759277, 2779
0.8145041465759277, 2778
0.8145041465759277, 2777
0.8155009746551514, 2776
0.8164982795715332, 2775
0.8164982795715332, 2774
0.8164982795715332, 2773
0.8174958229064941, 2772
0.8174958229064941, 2771
0.8174958229064941, 2770
0.818493127822876, 2769
0.818493127822876, 2768
0.8194904327392578, 2767
0.8194904327392578, 2766
0.8204874992370605, 2765
0.8244779109954834, 2764
0.8284695148468018, 2763
0.8294649124145508, 2762
0.8294649124145508, 2761
0.8314590454101562, 2760
0.8314590454101562, 2759
0.8324556350708008, 2758
0.8334534168243408, 2757
0.8394379615783691, 2756
0.840437650680542, 2755
0.8424344062805176, 2754
0.8434278964996338, 2753
0.8434278964996338, 2752
0.8444247245788574, 2751
0.845426082611084, 2750
0.845426082611084, 2749
0.845426082611084, 2748
0.8464233875274658, 2747
0.8474156856536865, 2746
0.8474156856536865, 2745
0.8474156856536865, 2744
0.8484129905700684, 2743
0.8484129905700684, 2742
0.8484129905700684, 2741
0.850407600402832, 2740
0.850407600402832, 2739
0.8514049053192139, 2738
0.8514049053192139, 2737
0.8524034023284912, 2736
0.8524034023284912, 2735
0.8524034023284912, 2734
0.853400468826294, 2733
0.853400468826294, 2732
0.8543975353240967, 2731
0.8553950786590576, 2730
0.8563926219940186, 2729
0.8563926219940186, 2728
0.8563926219940186, 2727
0.8583953380584717, 2726
0.8593888282775879, 2725
0.8603856563568115, 2724
0.8603856563568115, 2723
0.8623805046081543, 2722
0.8633773326873779, 2721
0.8653717041015625, 2720
0.8703596591949463, 2719
0.8703596591949463, 2718
0.8713560104370117, 2717
0.8723533153533936, 2716
0.8723533153533936, 2715
0.8743476867675781, 2714
0.8743476867675781, 2713
0.8763422966003418, 2712
0.8763422966003418, 2711
0.8763422966003418, 2710
0.8763422966003418, 2709
0.8763422966003418, 2708
0.8803324699401855, 2707
0.8803324699401855, 2706
0.8803324699401855, 2705
0.8803324699401855, 2704
0.8813290596008301, 2703
0.8813290596008301, 2702
0.8813290596008301, 2701
0.8813290596008301, 2700
0.8823263645172119, 2699
0.883324384689331, 2698
0.8853182792663574, 2697
0.8873131275177002, 2696
0.8873131275177002, 2695
0.8873131275177002, 2694
0.8873131275177002, 2693
0.8883101940155029, 2692
0.8913223743438721, 2691
0.8913223743438721, 2690
0.8932969570159912, 2689
0.8972904682159424, 2688
0.8972904682159424, 2687
0.8982846736907959, 2686
0.899282693862915, 2685
0.9002797603607178, 2684
0.9012806415557861, 2683
0.9032711982727051, 2682
0.9032711982727051, 2681
0.9042682647705078, 2680
0.9042682647705078, 2679
0.9052655696868896, 2678
0.9052655696868896, 2677
0.9052655696868896, 2676
0.9062628746032715, 2675
0.9062628746032715, 2674
0.9082574844360352, 2673
0.9092555046081543, 2672
0.9102520942687988, 2671
0.9102520942687988, 2670
0.9112513065338135, 2669
0.9132452011108398, 2668
0.9132452011108398, 2667
0.9142413139343262, 2666
0.9142413139343262, 2665
0.9152383804321289, 2664
0.9162366390228271, 2663
0.9162366390228271, 2662
0.9162366390228271, 2661
0.917233943939209, 2660
0.917233943939209, 2659
0.917233943939209, 2658
0.917233943939209, 2657
0.9182312488555908, 2656
0.9182312488555908, 2655
0.9192287921905518, 2654
0.9202256202697754, 2653
0.9202256202697754, 2652
0.9212231636047363, 2651
0.9212231636047363, 2650
0.9212231636047363, 2649
0.9222202301025391, 2648
0.9302027225494385, 2647
0.9331903457641602, 2646
0.9331903457641602, 2645
0.9421660900115967, 2644
0.9501461982727051, 2643
1.0020062923431396, 2642
1.0049991607666016, 2641
1.0179643630981445, 2640
1.031926155090332, 2639
1.035996913909912, 2638
1.035996913909912, 2637
1.035996913909912, 2636
1.035996913909912, 2635
1.049203634262085, 2634
1.049203634262085, 2633
1.0611727237701416, 2632
1.0701470375061035, 2631
1.0701470375061035, 2630
1.0701470375061035, 2629
1.072141408920288, 2628
1.1102383136749268, 2627
1.1112360954284668, 2626
1.1112360954284668, 2625
1.1122322082519531, 2624
1.1261935234069824, 2623
1.139160394668579, 2622
1.1481351852416992, 2621
1.1491327285766602, 2620
1.1491327285766602, 2619
1.1491327285766602, 2618
1.1521241664886475, 2617
1.1551175117492676, 2616
1.164093017578125, 2615
1.164093017578125, 2614
1.1670849323272705, 2613
1.1720707416534424, 2612
1.1850366592407227, 2611
1.1850366592407227, 2610
1.1880288124084473, 2609
1.1989991664886475, 2608
1.2039856910705566, 2607
1.215986967086792, 2606
1.215986967086792, 2605
1.2169835567474365, 2604
1.2199757099151611, 2603
1.220973014831543, 2602
1.2239649295806885, 2601
1.2239649295806885, 2600
1.2279255390167236, 2599
1.229949951171875, 2598
1.2319433689117432, 2597
1.2349028587341309, 2596
1.2638258934020996, 2595
1.2708067893981934, 2594
1.2708067893981934, 2593
1.2747962474822998, 2592
1.2757933139801025, 2591
1.2847695350646973, 2590
1.2867660522460938, 2589
1.293745756149292, 2588
1.294750452041626, 2587
1.2977359294891357, 2586
1.2987327575683594, 2585
1.3027215003967285, 2584
1.3107020854949951, 2583
1.311699628829956, 2582
1.3147764205932617, 2581
1.3147764205932617, 2580
1.319762945175171, 2579
1.319762945175171, 2578
1.3208346366882324, 2577
1.3218321800231934, 2576
1.331805944442749, 2575
1.331805944442749, 2574
1.331805944442749, 2573
1.3377890586853027, 2572
1.3377890586853027, 2571
1.3557422161102295, 2570
1.3557422161102295, 2569
1.3577396869659424, 2568
1.373697280883789, 2567
1.373697280883789, 2566
1.3766889572143555, 2565
1.377687692642212, 2564
1.3876614570617676, 2563
1.3906524181365967, 2562
1.3976340293884277, 2561
1.420572280883789, 2560
1.420572280883789, 2559
1.4325408935546875, 2558
1.449495553970337, 2557
1.453484296798706, 2556
1.454481601715088, 2555
1.4564764499664307, 2554
1.4774222373962402, 2553
1.4806337356567383, 2552
1.4856534004211426, 2551
1.4856534004211426, 2550
1.4877393245697021, 2549
1.4877393245697021, 2548
1.5037293434143066, 2547
1.508716344833374, 2546
1.5136713981628418, 2545
1.5156643390655518, 2544
1.5176589488983154, 2543
1.5176589488983154, 2542
1.5436179637908936, 2541
1.5455856323242188, 2540
1.5465822219848633, 2539
1.5465822219848633, 2538
1.5515682697296143, 2537
1.5515682697296143, 2536
1.568340539932251, 2535
1.5723297595977783, 2534
1.5872912406921387, 2533
1.5882887840270996, 2532
1.5882887840270996, 2531
1.592278003692627, 2530
1.592278003692627, 2529
1.5972638130187988, 2528
1.5982627868652344, 2527
1.6002566814422607, 2526
1.6092331409454346, 2525
1.610229730606079, 2524
1.610229730606079, 2523
1.621232271194458, 2522
1.621232271194458, 2521
1.6222302913665771, 2520
1.6242234706878662, 2519
1.6455183029174805, 2518
1.6504595279693604, 2517
1.6722030639648438, 2516
1.6832067966461182, 2515
1.6832067966461182, 2514
1.6842045783996582, 2513
1.6862010955810547, 2512
1.6862010955810547, 2511
1.6862010955810547, 2510
1.6862010955810547, 2509
1.68819260597229, 2508
1.7152462005615234, 2507
1.7152462005615234, 2506
1.7172410488128662, 2505
1.7182416915893555, 2504
1.7254230976104736, 2503
1.7344305515289307, 2502
1.7344305515289307, 2501
1.7354283332824707, 2500
1.7393858432769775, 2499
1.7393858432769775, 2498
1.7393858432769775, 2497
1.7533488273620605, 2496
1.7573509216308594, 2495
1.7573509216308594, 2494
1.7703981399536133, 2493
1.7723925113677979, 2492
1.7723925113677979, 2491
1.7753846645355225, 2490
1.7783756256103516, 2489
1.781367540359497, 2488
1.834615707397461, 2487
1.8356132507324219, 2486
1.8406031131744385, 2485
1.8406031131744385, 2484
1.8516018390655518, 2483
1.8535971641540527, 2482
1.8683841228485107, 2481
1.8783586025238037, 2480
1.8833444118499756, 2479
1.8913345336914062, 2478
1.9012951850891113, 2477
1.9102709293365479, 2476
1.9143717288970947, 2475
1.9173636436462402, 2474
1.9173636436462402, 2473
1.9204318523406982, 2472
1.9234271049499512, 2471
1.9264171123504639, 2470
1.9314041137695312, 2469
1.9314041137695312, 2468
1.932401180267334, 2467
1.937387228012085, 2466
1.9383840560913086, 2465
1.940378189086914, 2464
1.940378189086914, 2463
1.9463646411895752, 2462
1.9463646411895752, 2461
1.9513490200042725, 2460
1.9513490200042725, 2459
1.9606633186340332, 2458
1.9626593589782715, 2457
1.9626593589782715, 2456
1.968639850616455, 2455
1.9736263751983643, 2454
1.99257493019104, 2453
1.9965670108795166, 2452
1.9975948333740234, 2451
2.000554084777832, 2450
2.0015509128570557, 2449
2.0065388679504395, 2448
2.0175416469573975, 2447
2.018540143966675, 2446
2.0195045471191406, 2445
2.0195045471191406, 2444
2.030474901199341, 2443
2.031505584716797, 2442
2.069809675216675, 2441
2.069809675216675, 2440
2.0747945308685303, 2439
2.075793504714966, 2438
2.081775188446045, 2437
2.0847673416137695, 2436
2.1097333431243896, 2435
2.1097333431243896, 2434
2.124885082244873, 2433
2.1258795261383057, 2432
2.1299004554748535, 2431
2.138875961303711, 2430
2.138875961303711, 2429
2.1398754119873047, 2428
2.1398754119873047, 2427
2.179736375808716, 2426
2.179736375808716, 2425
2.1817286014556885, 2424
2.184720754623413, 2423
2.1897075176239014, 2422
2.190704584121704, 2421
2.1936984062194824, 2420
2.195693016052246, 2419
2.20566463470459, 2418
2.2325944900512695, 2417
2.2325944900512695, 2416
2.235586166381836, 2415
2.2385783195495605, 2414
2.27602219581604, 2413
2.2799766063690186, 2412
2.2811174392700195, 2411
2.284109115600586, 2410
2.302234172821045, 2409
2.3520681858062744, 2408
2.3540637493133545, 2407
2.3550608158111572, 2406
2.368027448654175, 2405
2.370020866394043, 2404
2.4243404865264893, 2403
2.4273362159729004, 2402
2.4472789764404297, 2401
2.46622896194458, 2400
2.4811887741088867, 2399
2.4821858406066895, 2398
2.4821858406066895, 2397
2.4881696701049805, 2396
2.5210824012756348, 2395
2.55599308013916, 2394
2.5819194316864014, 2393
2.582916259765625, 2392
2.6169557571411133, 2391
2.6199471950531006, 2390
2.694763422012329, 2389
2.707745313644409, 2388
2.7178680896759033, 2387
2.731942653656006, 2386
2.836773157119751, 2385
2.9879064559936523, 2384
2.9898998737335205, 2383
3.0009031295776367, 2382
3.0009031295776367, 2381
3.0028975009918213, 2380
3.0477452278137207, 2379
3.0677244663238525, 2378
3.0677244663238525, 2377
3.071711778640747, 2376
3.0746753215789795, 2375
3.0969226360321045, 2374
3.10190749168396, 2373
3.10190749168396, 2372
3.1079227924346924, 2371
3.109886407852173, 2370
3.110888719558716, 2369
3.1417996883392334, 2368
3.1417996883392334, 2367
3.1926636695861816, 2366
3.1956889629364014, 2365
3.2006752490997314, 2364
3.205629587173462, 2363
3.232710599899292, 2362
3.2357356548309326, 2361
3.244971752166748, 2360
3.2459652423858643, 2359
3.3170368671417236, 2358
3.3539695739746094, 2357
3.4348082542419434, 2356
3.4348082542419434, 2355
3.4579555988311768, 2354
3.4869132041931152, 2353
3.504863739013672, 2352
3.5139591693878174, 2351
3.531017303466797, 2350
3.5399935245513916, 2349
3.592851400375366, 2348
3.5998647212982178, 2347
3.6048202514648438, 2346
3.6048202514648438, 2345
3.650899648666382, 2344
3.6528913974761963, 2343
3.666853904724121, 2342
3.667818784713745, 2341
3.668815851211548, 2340
3.673802137374878, 2339
3.70076322555542, 2338
3.706746816635132, 2337
3.712819814682007, 2336
3.717806100845337, 2335
3.7378475666046143, 2334
3.7398738861083984, 2333
3.764808177947998, 2332
3.764808177947998, 2331
3.7807328701019287, 2330
3.7827274799346924, 2329
3.790706157684326, 2328
3.8116512298583984, 2327
3.8655078411102295, 2326
3.8695292472839355, 2325
4.069669485092163, 2324
4.072661399841309, 2323
4.074656248092651, 2322
4.086624622344971, 2321
4.090614080429077, 2320
4.090614080429077, 2319
4.119536638259888, 2318
4.124522686004639, 2317
4.126518964767456, 2316
4.149457693099976, 2315
4.15643835067749, 2314
4.167409658432007, 2313
4.169404983520508, 2312
4.169404983520508, 2311
4.1704018115997314, 2310
4.1704018115997314, 2309
4.19034743309021, 2308
4.2043092250823975, 2307
4.239216089248657, 2306
4.239216089248657, 2305
7.34554386138916, 2304
7.403385162353516, 2303
7.44351601600647, 2302
7.463456869125366, 2301
7.469441652297974, 2300
7.489907264709473, 2299
7.521821975708008, 2298
7.528804063796997, 2297
7.5367820262908936, 2296
7.57368278503418, 2295
7.5866475105285645, 2294
7.613715648651123, 2293
7.63765287399292, 2292
7.6496522426605225, 2291
7.751887321472168, 2290
7.7538816928863525, 2289
7.8077051639556885, 2288
7.812694072723389, 2287
7.815683841705322, 2286
7.822665214538574, 2285
7.824661016464233, 2284
8.053290843963623, 2283
8.067260503768921, 2282
8.086202383041382, 2281
8.118390083312988, 2280
8.311488151550293, 2279
8.336389064788818, 2278
8.33941388130188, 2277
8.369300842285156, 2276
8.422568559646606, 2275
8.436499118804932, 2274
8.492350339889526, 2273
8.69825530052185, 2272
8.789012432098389, 2271
8.800981760025024, 2270
9.046069622039795, 2269
9.255523681640625, 2268
9.281485080718994, 2267
9.281485080718994, 2266
9.426799058914185, 2265
9.428796529769897, 2264
9.438769102096558, 2263
9.452765941619873, 2262
9.527531623840332, 2261
9.67541217803955, 2260
9.70838975906372, 2259
9.750280618667603, 2258
9.822370529174805, 2257
9.858271837234497, 2256
9.987059354782104, 2255
10.062859296798706, 2254
10.133667469024658, 2253
10.401446104049683, 2252
10.539191007614136, 2251
10.838002443313599, 2250
10.848979473114014, 2249
10.994974613189697, 2248
11.228253602981567, 2247
11.790000915527344, 2246
11.846879005432129, 2245
12.03147029876709, 2244
12.052374601364136, 2243
13.929084539413452, 2242
14.436744928359985, 2241
14.630585670471191, 2240
14.749735355377197, 2239
14.851728916168213, 2238
15.024854183197021, 2237
15.284475326538086, 2236
15.650669813156128, 2235
15.660643815994263, 2234
15.84560489654541, 2233
16.318299293518066, 2232
16.42525005340576, 2231
16.76405954360962, 2230
16.887457609176636, 2229
18.32724404335022, 2228
19.54247546195984, 2227
19.608298778533936, 2226
19.89341711997986, 2225
