0.03889632225036621, 3721
0.039893388748168945, 3720
0.04787421226501465, 3719
0.048871755599975586, 3718
0.049875497817993164, 3717
0.05086994171142578, 3716
0.05086994171142578, 3715
0.05186319351196289, 3714
0.05186319351196289, 3713
0.05186319351196289, 3712
0.05285906791687012, 3711
0.05385589599609375, 3710
0.05385589599609375, 3709
0.05385589599609375, 3708
0.05385589599609375, 3707
0.05385589599609375, 3706
0.054853200912475586, 3705
0.054853200912475586, 3704
0.054853200912475586, 3703
0.05585074424743652, 3702
0.05585074424743652, 3701
0.05585074424743652, 3700
0.05585074424743652, 3699
0.05684804916381836, 3698
0.05684804916381836, 3697
0.057845115661621094, 3696
0.057845115661621094, 3695
0.057845115661621094, 3694
0.057845115661621094, 3693
0.05884265899658203, 3692
0.05884265899658203, 3691
0.05884265899658203, 3690
0.05983996391296387, 3689
0.05983996391296387, 3688
0.05983996391296387, 3687
0.05983996391296387, 3686
0.05983996391296387, 3685
0.0608370304107666, 3684
0.0608370304107666, 3683
0.0608370304107666, 3682
0.06183457374572754, 3681
0.06183457374572754, 3680
0.06283402442932129, 3679
0.06283402442932129, 3678
0.06383275985717773, 3677
0.06383275985717773, 3676
0.06482887268066406, 3675
0.06482887268066406, 3674
0.06682372093200684, 3673
0.06682372093200684, 3672
0.06682372093200684, 3671
0.06781935691833496, 3670
0.06781935691833496, 3669
0.06881880760192871, 3668
0.06881880760192871, 3667
0.06881880760192871, 3666
0.06881880760192871, 3665
0.06881880760192871, 3664
0.06981587409973145, 3663
0.07180976867675781, 3662
0.07280707359313965, 3661
0.07280707359313965, 3660
0.07480192184448242, 3659
0.07480192184448242, 3658
0.07679510116577148, 3657
0.07679510116577148, 3656
0.07679510116577148, 3655
0.0827784538269043, 3654
0.0827784538269043, 3653
0.08377623558044434, 3652
0.08377623558044434, 3651
0.08377623558044434, 3650
0.08377623558044434, 3649
0.08377623558044434, 3648
0.08477330207824707, 3647
0.08477330207824707, 3646
0.08477330207824707, 3645
0.08477330207824707, 3644
0.08477330207824707, 3643
0.08577084541320801, 3642
0.08577084541320801, 3641
0.08876347541809082, 3640
0.08876347541809082, 3639
0.08976006507873535, 3638
0.08976006507873535, 3637
0.08976006507873535, 3636
0.09075736999511719, 3635
0.09075736999511719, 3634
0.09075736999511719, 3633
0.09175467491149902, 3632
0.09175467491149902, 3631
0.09175467491149902, 3630
0.09175467491149902, 3629
0.09175467491149902, 3628
0.09275197982788086, 3627
0.09275197982788086, 3626
0.09275197982788086, 3625
0.0937495231628418, 3624
0.0937495231628418, 3623
0.0937495231628418, 3622
0.09474658966064453, 3621
0.0967550277709961, 3620
0.09773945808410645, 3619
0.10073089599609375, 3618
0.10073089599609375, 3617
0.10172820091247559, 3616
0.10272574424743652, 3615
0.10571718215942383, 3614
0.10671591758728027, 3613
0.10671591758728027, 3612
0.1077127456665039, 3611
0.10870981216430664, 3610
0.10970735549926758, 3609
0.10970735549926758, 3608
0.11370086669921875, 3607
0.11370086669921875, 3606
0.11370086669921875, 3605
0.11469411849975586, 3604
0.11469411849975586, 3603
0.11569476127624512, 3602
0.11569476127624512, 3601
0.11768865585327148, 3600
0.12067723274230957, 3599
0.12267184257507324, 3598
0.12267184257507324, 3597
0.12366914749145508, 3596
0.12366914749145508, 3595
0.12366914749145508, 3594
0.12466645240783691, 3593
0.12466645240783691, 3592
0.12466645240783691, 3591
0.12566399574279785, 3590
0.12566399574279785, 3589
0.12765884399414062, 3588
0.12865591049194336, 3587
0.12865591049194336, 3586
0.12965655326843262, 3585
0.12965655326843262, 3584
0.13065433502197266, 3583
0.13164877891540527, 3582
0.13164877891540527, 3581
0.1326460838317871, 3580
0.1326460838317871, 3579
0.1326460838317871, 3578
0.1326460838317871, 3577
0.1326460838317871, 3576
0.13364338874816895, 3575
0.13464093208312988, 3574
0.13563847541809082, 3573
0.13563847541809082, 3572
0.13663530349731445, 3571
0.13663530349731445, 3570
0.13763165473937988, 3569
0.13863015174865723, 3568
0.13962793350219727, 3567
0.14162182807922363, 3566
0.14261913299560547, 3565
0.14261913299560547, 3564
0.14261913299560547, 3563
0.1436164379119873, 3562
0.1436164379119873, 3561
0.14762377738952637, 3560
0.1486039161682129, 3559
0.1486039161682129, 3558
0.14960026741027832, 3557
0.15259265899658203, 3556
0.15259265899658203, 3555
0.15259265899658203, 3554
0.15259265899658203, 3553
0.15359234809875488, 3552
0.15359234809875488, 3551
0.15359234809875488, 3550
0.1545877456665039, 3549
0.1545877456665039, 3548
0.15658211708068848, 3547
0.15658211708068848, 3546
0.15757989883422852, 3545
0.15857648849487305, 3544
0.15957427024841309, 3543
0.16057109832763672, 3542
0.16057109832763672, 3541
0.16057109832763672, 3540
0.16156840324401855, 3539
0.16356396675109863, 3538
0.16356396675109863, 3537
0.16356396675109863, 3536
0.16456055641174316, 3535
0.16456055641174316, 3534
0.16456055641174316, 3533
0.1655571460723877, 3532
0.1655571460723877, 3531
0.16954851150512695, 3530
0.16954851150512695, 3529
0.1705458164215088, 3528
0.17154192924499512, 3527
0.1735367774963379, 3526
0.17453384399414062, 3525
0.17553114891052246, 3524
0.17553114891052246, 3523
0.1765291690826416, 3522
0.1765291690826416, 3521
0.17752599716186523, 3520
0.17852306365966797, 3519
0.17952179908752441, 3518
0.1805248260498047, 3517
0.18152475357055664, 3516
0.18251276016235352, 3515
0.18350982666015625, 3514
0.1845076084136963, 3513
0.1845076084136963, 3512
0.18550467491149902, 3511
0.18550467491149902, 3510
0.18550467491149902, 3509
0.18650197982788086, 3508
0.18949317932128906, 3507
0.18949317932128906, 3506
0.18949317932128906, 3505
0.18949317932128906, 3504
0.19447970390319824, 3503
0.19447970390319824, 3502
0.19447970390319824, 3501
0.19647598266601562, 3500
0.1984696388244629, 3499
0.20046424865722656, 3498
0.20445609092712402, 3497
0.20545244216918945, 3496
0.20844459533691406, 3495
0.20844459533691406, 3494
0.20844459533691406, 3493
0.20844459533691406, 3492
0.21043872833251953, 3491
0.21043872833251953, 3490
0.21043872833251953, 3489
0.21043872833251953, 3488
0.21043872833251953, 3487
0.21343231201171875, 3486
0.21642470359802246, 3485
0.2174210548400879, 3484
0.2174210548400879, 3483
0.2184162139892578, 3482
0.2184162139892578, 3481
0.21941399574279785, 3480
0.21941399574279785, 3479
0.2204132080078125, 3478
0.2204132080078125, 3477
0.22140979766845703, 3476
0.2234041690826416, 3475
0.22539901733398438, 3474
0.2263948917388916, 3473
0.22739315032958984, 3472
0.22739315032958984, 3471
0.23038625717163086, 3470
0.23038625717163086, 3469
0.23138189315795898, 3468
0.23237895965576172, 3467
0.23337602615356445, 3466
0.23337602615356445, 3465
0.2343740463256836, 3464
0.23736572265625, 3463
0.23836374282836914, 3462
0.23836374282836914, 3461
0.23836374282836914, 3460
0.23836374282836914, 3459
0.23836374282836914, 3458
0.23936080932617188, 3457
0.23936080932617188, 3456
0.23936080932617188, 3455
0.24135541915893555, 3454
0.24135541915893555, 3453
0.2423534393310547, 3452
0.2423534393310547, 3451
0.24335050582885742, 3450
0.24335050582885742, 3449
0.24335050582885742, 3448
0.24335050582885742, 3447
0.24434781074523926, 3446
0.24434781074523926, 3445
0.2453444004058838, 3444
0.2463536262512207, 3443
0.247344970703125, 3442
0.2483377456665039, 3441
0.2483377456665039, 3440
0.24933338165283203, 3439
0.25033044815063477, 3438
0.25033044815063477, 3437
0.25033044815063477, 3436
0.2513277530670166, 3435
0.2513277530670166, 3434
0.2513277530670166, 3433
0.25232791900634766, 3432
0.25232791900634766, 3431
0.25232791900634766, 3430
0.2533245086669922, 3429
0.2533245086669922, 3428
0.2543215751647949, 3427
0.2543215751647949, 3426
0.25531888008117676, 3425
0.25531888008117676, 3424
0.25731396675109863, 3423
0.26030635833740234, 3422
0.26130151748657227, 3421
0.26130151748657227, 3420
0.26130151748657227, 3419
0.26130151748657227, 3418
0.26329755783081055, 3417
0.26329755783081055, 3416
0.26329755783081055, 3415
0.26329755783081055, 3414
0.26429319381713867, 3413
0.26429319381713867, 3412
0.26429319381713867, 3411
0.2652907371520996, 3410
0.26628828048706055, 3409
0.26628828048706055, 3408
0.2672855854034424, 3407
0.26928162574768066, 3406
0.2702794075012207, 3405
0.2702794075012207, 3404
0.2702794075012207, 3403
0.2702794075012207, 3402
0.2702794075012207, 3401
0.27426838874816895, 3400
0.2752659320831299, 3399
0.2752659320831299, 3398
0.2762629985809326, 3397
0.27726078033447266, 3396
0.27726078033447266, 3395
0.2782578468322754, 3394
0.2782578468322754, 3393
0.27925539016723633, 3392
0.28025388717651367, 3391
0.28025388717651367, 3390
0.2812530994415283, 3389
0.28224825859069824, 3388
0.2832458019256592, 3387
0.2832458019256592, 3386
0.28523802757263184, 3385
0.2862367630004883, 3384
0.2872340679168701, 3383
0.2872340679168701, 3382
0.28823089599609375, 3381
0.28823089599609375, 3380
0.2892282009124756, 3379
0.2892282009124756, 3378
0.2902255058288574, 3377
0.2902255058288574, 3376
0.2902255058288574, 3375
0.29122304916381836, 3374
0.29122304916381836, 3373
0.2922208309173584, 3372
0.29421472549438477, 3371
0.29421472549438477, 3370
0.2972087860107422, 3369
0.30219388008117676, 3368
0.30219388008117676, 3367
0.30219388008117676, 3366
0.3031899929046631, 3365
0.304187536239624, 3364
0.304187536239624, 3363
0.304187536239624, 3362
0.304187536239624, 3361
0.30518436431884766, 3360
0.30518436431884766, 3359
0.30518436431884766, 3358
0.30518436431884766, 3357
0.30717992782592773, 3356
0.30717992782592773, 3355
0.30817699432373047, 3354
0.30817699432373047, 3353
0.30817699432373047, 3352
0.3091740608215332, 3351
0.3091740608215332, 3350
0.3091740608215332, 3349
0.31017136573791504, 3348
0.31017136573791504, 3347
0.31615686416625977, 3346
0.3171536922454834, 3345
0.3171536922454834, 3344
0.3171536922454834, 3343
0.31815075874328613, 3342
0.31914830207824707, 3341
0.32114291191101074, 3340
0.32114291191101074, 3339
0.32413482666015625, 3338
0.32712721824645996, 3337
0.3281242847442627, 3336
0.33011841773986816, 3335
0.33111572265625, 3334
0.33111572265625, 3333
0.33211231231689453, 3332
0.33310914039611816, 3331
0.3341064453125, 3330
0.33510398864746094, 3329
0.34108972549438477, 3328
0.34108972549438477, 3327
0.34308600425720215, 3326
0.34607791900634766, 3325
0.3470742702484131, 3324
0.3480701446533203, 3323
0.3480701446533203, 3322
0.3480701446533203, 3321
0.34906721115112305, 3320
0.34906721115112305, 3319
0.34906721115112305, 3318
0.3510620594024658, 3317
0.35205960273742676, 3316
0.35205960273742676, 3315
0.3540537357330322, 3314
0.35505175590515137, 3313
0.35505175590515137, 3312
0.3560497760772705, 3311
0.35704636573791504, 3310
0.35704636573791504, 3309
0.3580434322357178, 3308
0.3580434322357178, 3307
0.3580434322357178, 3306
0.3590402603149414, 3305
0.3590402603149414, 3304
0.361034631729126, 3303
0.361034631729126, 3302
0.361034631729126, 3301
0.361034631729126, 3300
0.36303138732910156, 3299
0.36303138732910156, 3298
0.364152193069458, 3297
0.364152193069458, 3296
0.364152193069458, 3295
0.36502885818481445, 3294
0.36502885818481445, 3293
0.36502885818481445, 3292
0.36602258682250977, 3291
0.36602258682250977, 3290
0.3670198917388916, 3289
0.3670198917388916, 3288
0.3670198917388916, 3287
0.36801648139953613, 3286
0.36801648139953613, 3285
0.36801648139953613, 3284
0.3700127601623535, 3283
0.37100839614868164, 3282
0.3720057010650635, 3281
0.3720057010650635, 3280
0.3730032444000244, 3279
0.37400054931640625, 3278
0.3749990463256836, 3277
0.3749990463256836, 3276
0.3749990463256836, 3275
0.3749990463256836, 3274
0.3760073184967041, 3273
0.3760073184967041, 3272
0.3760073184967041, 3271
0.3769984245300293, 3270
0.3779900074005127, 3269
0.3779900074005127, 3268
0.3779900074005127, 3267
0.37998533248901367, 3266
0.3809814453125, 3265
0.3809814453125, 3264
0.3809814453125, 3263
0.3809814453125, 3262
0.38197851181030273, 3261
0.3829765319824219, 3260
0.3829765319824219, 3259
0.3839735984802246, 3258
0.3839735984802246, 3257
0.38497114181518555, 3256
0.3859691619873047, 3255
0.3859691619873047, 3254
0.3869655132293701, 3253
0.3869655132293701, 3252
0.3869655132293701, 3251
0.38796257972717285, 3250
0.38796257972717285, 3249
0.3889596462249756, 3248
0.3889596462249756, 3247
0.3899569511413574, 3246
0.39095473289489746, 3245
0.39095473289489746, 3244
0.3919517993927002, 3243
0.3919517993927002, 3242
0.39394664764404297, 3241
0.39394664764404297, 3240
0.3949437141418457, 3239
0.3949437141418457, 3238
0.3949437141418457, 3237
0.3949437141418457, 3236
0.3969395160675049, 3235
0.3969395160675049, 3234
0.4029574394226074, 3233
0.4029574394226074, 3232
0.4029574394226074, 3231
0.4029574394226074, 3230
0.4029574394226074, 3229
0.40392136573791504, 3228
0.40392136573791504, 3227
0.40392136573791504, 3226
0.40392136573791504, 3225
0.40491795539855957, 3224
0.4059147834777832, 3223
0.40691208839416504, 3222
0.4089064598083496, 3221
0.4089064598083496, 3220
0.4089064598083496, 3219
0.40990376472473145, 3218
0.40990376472473145, 3217
0.41489338874816895, 3216
0.41588854789733887, 3215
0.41788244247436523, 3214
0.4188802242279053, 3213
0.4188802242279053, 3212
0.4198775291442871, 3211
0.42087459564208984, 3210
0.4218719005584717, 3209
0.4228692054748535, 3208
0.4228692054748535, 3207
0.4228692054748535, 3206
0.4228692054748535, 3205
0.42386627197265625, 3204
0.42386627197265625, 3203
0.42386627197265625, 3202
0.42386627197265625, 3201
0.4248635768890381, 3200
0.4248635768890381, 3199
0.4248635768890381, 3198
0.4248635768890381, 3197
0.4248635768890381, 3196
0.425861120223999, 3195
0.42685866355895996, 3194
0.4278557300567627, 3193
0.42885327339172363, 3192
0.42986083030700684, 3191
0.4308500289916992, 3190
0.43184685707092285, 3189
0.43184685707092285, 3188
0.4328441619873047, 3187
0.4338407516479492, 3186
0.4348921775817871, 3185
0.4358687400817871, 3184
0.43686723709106445, 3183
0.43786191940307617, 3182
0.43786191940307617, 3181
0.43786191940307617, 3180
0.43786191940307617, 3179
0.4388594627380371, 3178
0.4388594627380371, 3177
0.4388594627380371, 3176
0.4388594627380371, 3175
0.4388594627380371, 3174
0.4408566951751709, 3173
0.44185638427734375, 3172
0.44185638427734375, 3171
0.44185638427734375, 3170
0.44185638427734375, 3169
0.44285058975219727, 3168
0.4438149929046631, 3167
0.4438149929046631, 3166
0.4438149929046631, 3165
0.4438149929046631, 3164
0.44681358337402344, 3163
0.45378780364990234, 3162
0.4548165798187256, 3161
0.4548165798187256, 3160
0.4548165798187256, 3159
0.4548165798187256, 3158
0.4558112621307373, 3157
0.45681190490722656, 3156
0.4578084945678711, 3155
0.4608032703399658, 3154
0.46179771423339844, 3153
0.46179771423339844, 3152
0.46475744247436523, 3151
0.46475744247436523, 3150
0.46575450897216797, 3149
0.46575450897216797, 3148
0.4667518138885498, 3147
0.4667518138885498, 3146
0.4687469005584717, 3145
0.4698941707611084, 3144
0.47074341773986816, 3143
0.47276854515075684, 3142
0.47276854515075684, 3141
0.47276854515075684, 3140
0.4737668037414551, 3139
0.4737668037414551, 3138
0.4737668037414551, 3137
0.4737668037414551, 3136
0.4737668037414551, 3135
0.4747653007507324, 3134
0.4747653007507324, 3133
0.4747653007507324, 3132
0.4747653007507324, 3131
0.4747653007507324, 3130
0.47576093673706055, 3129
0.47576093673706055, 3128
0.4767603874206543, 3127
0.4767603874206543, 3126
0.4767603874206543, 3125
0.477755069732666, 3124
0.477755069732666, 3123
0.4817206859588623, 3122
0.4817206859588623, 3121
0.48370838165283203, 3120
0.48470592498779297, 3119
0.48669862747192383, 3118
0.48969030380249023, 3117
0.4906892776489258, 3116
0.4917182922363281, 3115
0.4917182922363281, 3114
0.49271607398986816, 3113
0.49271607398986816, 3112
0.49271607398986816, 3111
0.4996640682220459, 3110
0.5006651878356934, 3109
0.501659631729126, 3108
0.501659631729126, 3107
0.5026581287384033, 3106
0.5056495666503906, 3105
0.5056495666503906, 3104
0.5066800117492676, 3103
0.5066800117492676, 3102
0.5086750984191895, 3101
0.5106675624847412, 3100
0.5106675624847412, 3099
0.5126328468322754, 3098
0.5126328468322754, 3097
0.513634204864502, 3096
0.5146312713623047, 3095
0.5146312713623047, 3094
0.5196409225463867, 3093
0.5206406116485596, 3092
0.5206406116485596, 3091
0.5226044654846191, 3090
0.5226044654846191, 3089
0.5226044654846191, 3088
0.5236012935638428, 3087
0.5236012935638428, 3086
0.5236012935638428, 3085
0.5245983600616455, 3084
0.5275907516479492, 3083
0.5325758457183838, 3082
0.5335733890533447, 3081
0.5335733890533447, 3080
0.5345706939697266, 3079
0.5365660190582275, 3078
0.537564754486084, 3077
0.537564754486084, 3076
0.5385620594024658, 3075
0.5385620594024658, 3074
0.5385620594024658, 3073
0.5395591259002686, 3072
0.5395591259002686, 3071
0.541553258895874, 3070
0.5525228977203369, 3069
0.5525228977203369, 3068
0.5535197257995605, 3067
0.5535197257995605, 3066
0.5545177459716797, 3065
0.5545177459716797, 3064
0.5545177459716797, 3063
0.5545177459716797, 3062
0.5545177459716797, 3061
0.5555157661437988, 3060
0.5555157661437988, 3059
0.5555157661437988, 3058
0.5565478801727295, 3057
0.5565478801727295, 3056
0.5565478801727295, 3055
0.5575103759765625, 3054
0.5585391521453857, 3053
0.5585391521453857, 3052
0.5585391521453857, 3051
0.5605340003967285, 3050
0.5605340003967285, 3049
0.56549072265625, 3048
0.5664856433868408, 3047
0.5664856433868408, 3046
0.575462818145752, 3045
0.575462818145752, 3044
0.5764601230621338, 3043
0.5764601230621338, 3042
0.5774574279785156, 3041
0.5774574279785156, 3040
0.5814871788024902, 3039
0.5824766159057617, 3038
0.583479642868042, 3037
0.583479642868042, 3036
0.5844380855560303, 3035
0.5854673385620117, 3034
0.5864357948303223, 3033
0.5874314308166504, 3032
0.5874314308166504, 3031
0.5874314308166504, 3030
0.5874314308166504, 3029
0.5914201736450195, 3028
0.5914201736450195, 3027
0.5964064598083496, 3026
0.5964064598083496, 3025
0.5974032878875732, 3024
0.5983996391296387, 3023
0.5983996391296387, 3022
0.6043844223022461, 3021
0.6103677749633789, 3020
0.6103677749633789, 3019
0.6103677749633789, 3018
0.6113662719726562, 3017
0.6113662719726562, 3016
0.6113662719726562, 3015
0.6123645305633545, 3014
0.6143898963928223, 3013
0.6153571605682373, 3012
0.6163613796234131, 3011
0.6163613796234131, 3010
0.6163613796234131, 3009
0.6173741817474365, 3008
0.6183483600616455, 3007
0.6183483600616455, 3006
0.6193451881408691, 3005
0.6193451881408691, 3004
0.6193451881408691, 3003
0.6193451881408691, 3002
0.6193451881408691, 3001
0.6213712692260742, 3000
0.622368335723877, 2999
0.6233632564544678, 2998
0.6243314743041992, 2997
0.6253602504730225, 2996
0.6263306140899658, 2995
0.6263306140899658, 2994
0.6273550987243652, 2993
0.6283547878265381, 2992
0.6372959613800049, 2991
0.6382935047149658, 2990
0.6382935047149658, 2989
0.6412849426269531, 2988
0.6412849426269531, 2987
0.6422827243804932, 2986
0.6422827243804932, 2985
0.6432805061340332, 2984
0.6432805061340332, 2983
0.6432805061340332, 2982
0.6432805061340332, 2981
0.6432805061340332, 2980
0.6442770957946777, 2979
0.6442770957946777, 2978
0.6442770957946777, 2977
0.6442770957946777, 2976
0.6452744007110596, 2975
0.6462733745574951, 2974
0.648296594619751, 2973
0.6502633094787598, 2972
0.6512613296508789, 2971
0.6512613296508789, 2970
0.6532530784606934, 2969
0.6532530784606934, 2968
0.6532530784606934, 2967
0.6542503833770752, 2966
0.6542503833770752, 2965
0.6542503833770752, 2964
0.6572425365447998, 2963
0.6592373847961426, 2962
0.6592373847961426, 2961
0.6592373847961426, 2960
0.6602349281311035, 2959
0.6602349281311035, 2958
0.6602349281311035, 2957
0.6602349281311035, 2956
0.6602349281311035, 2955
0.661231517791748, 2954
0.661231517791748, 2953
0.6622304916381836, 2952
0.6622304916381836, 2951
0.6632306575775146, 2950
0.6642241477966309, 2949
0.6642241477966309, 2948
0.6652209758758545, 2947
0.6652209758758545, 2946
0.6662187576293945, 2945
0.6662187576293945, 2944
0.6672160625457764, 2943
0.6692109107971191, 2942
0.6692109107971191, 2941
0.6702089309692383, 2940
0.6702089309692383, 2939
0.6712055206298828, 2938
0.6712055206298828, 2937
0.6712055206298828, 2936
0.6722023487091064, 2935
0.6722023487091064, 2934
0.6722023487091064, 2933
0.6722023487091064, 2932
0.6722023487091064, 2931
0.6731996536254883, 2930
0.6731996536254883, 2929
0.6731996536254883, 2928
0.6731996536254883, 2927
0.6741969585418701, 2926
0.6741969585418701, 2925
0.6741969585418701, 2924
0.675194263458252, 2923
0.675194263458252, 2922
0.6761915683746338, 2921
0.6761915683746338, 2920
0.6761915683746338, 2919
0.6771891117095947, 2918
0.6771891117095947, 2917
0.6791858673095703, 2916
0.6791858673095703, 2915
0.6801838874816895, 2914
0.6811788082122803, 2913
0.683178186416626, 2912
0.683178186416626, 2911
0.683178186416626, 2910
0.683178186416626, 2909
0.6851699352264404, 2908
0.6861674785614014, 2907
0.6861674785614014, 2906
0.687164306640625, 2905
0.687164306640625, 2904
0.6881613731384277, 2903
0.6881613731384277, 2902
0.6881613731384277, 2901
0.6891589164733887, 2900
0.6901562213897705, 2899
0.6911532878875732, 2898
0.6911532878875732, 2897
0.6921505928039551, 2896
0.6921505928039551, 2895
0.6921505928039551, 2894
0.6931478977203369, 2893
0.6931478977203369, 2892
0.6941454410552979, 2891
0.6941454410552979, 2890
0.6941454410552979, 2889
0.6951427459716797, 2888
0.6961405277252197, 2887
0.6961405277252197, 2886
0.697136640548706, 2885
0.697136640548706, 2884
0.697136640548706, 2883
0.6981332302093506, 2882
0.6981332302093506, 2881
0.6991307735443115, 2880
0.6991307735443115, 2879
0.6991307735443115, 2878
0.7001280784606934, 2877
0.7001280784606934, 2876
0.7021563053131104, 2875
0.7031500339508057, 2874
0.7031500339508057, 2873
0.7041499614715576, 2872
0.7041499614715576, 2871
0.7041499614715576, 2870
0.7041499614715576, 2869
0.7061121463775635, 2868
0.7071423530578613, 2867
0.708141565322876, 2866
0.7091362476348877, 2865
0.7101342678070068, 2864
0.7150886058807373, 2863
0.7150886058807373, 2862
0.7160854339599609, 2861
0.7170829772949219, 2860
0.7170829772949219, 2859
0.7210738658905029, 2858
0.7230679988861084, 2857
0.7230679988861084, 2856
0.7240655422210693, 2855
0.7250626087188721, 2854
0.727057933807373, 2853
0.7290513515472412, 2852
0.7290513515472412, 2851
0.730048418045044, 2850
0.7310452461242676, 2849
0.7310452461242676, 2848
0.7320423126220703, 2847
0.7340395450592041, 2846
0.7340395450592041, 2845
0.7370314598083496, 2844
0.7370314598083496, 2843
0.7370314598083496, 2842
0.7380285263061523, 2841
0.7380285263061523, 2840
0.739025354385376, 2839
0.739025354385376, 2838
0.7400226593017578, 2837
0.7410197257995605, 2836
0.7410197257995605, 2835
0.7410197257995605, 2834
0.7420175075531006, 2833
0.7420175075531006, 2832
0.7430145740509033, 2831
0.7430145740509033, 2830
0.7440123558044434, 2829
0.7480001449584961, 2828
0.7480001449584961, 2827
0.7480001449584961, 2826
0.7480001449584961, 2825
0.7509949207305908, 2824
0.7519903182983398, 2823
0.7519903182983398, 2822
0.7529861927032471, 2821
0.753983736038208, 2820
0.753983736038208, 2819
0.7549810409545898, 2818
0.7549810409545898, 2817
0.7559781074523926, 2816
0.75797438621521, 2815
0.7659530639648438, 2814
0.7659530639648438, 2813
0.7669503688812256, 2812
0.7699432373046875, 2811
0.7709391117095947, 2810
0.7709391117095947, 2809
0.7709391117095947, 2808
0.7719357013702393, 2807
0.7719357013702393, 2806
0.7719357013702393, 2805
0.7719357013702393, 2804
0.774928092956543, 2803
0.774928092956543, 2802
0.774928092956543, 2801
0.7759251594543457, 2800
0.7809150218963623, 2799
0.7829070091247559, 2798
0.7829070091247559, 2797
0.7829070091247559, 2796
0.7839047908782959, 2795
0.7839047908782959, 2794
0.7858991622924805, 2793
0.7868959903717041, 2792
0.7868959903717041, 2791
0.7908849716186523, 2790
0.792879581451416, 2789
0.792879581451416, 2788
0.792879581451416, 2787
0.792879581451416, 2786
0.8088452816009521, 2785
0.8088452816009521, 2784
0.8088452816009521, 2783
0.8098368644714355, 2782
0.8098368644714355, 2781
0.8098368644714355, 2780
0.8098368644714355, 2779
0.8098368644714355, 2778
0.8108344078063965, 2777
0.8108344078063965, 2776
0.812828779220581, 2775
0.8138267993927002, 2774
0.8138267993927002, 2773
0.8138267993927002, 2772
0.8148250579833984, 2771
0.8158199787139893, 2770
0.8158199787139893, 2769
0.8168177604675293, 2768
0.8178138732910156, 2767
0.8188121318817139, 2766
0.8198096752166748, 2765
0.8218057155609131, 2764
0.8277873992919922, 2763
0.8307819366455078, 2762
0.8317844867706299, 2761
0.8337712287902832, 2760
0.8357653617858887, 2759
0.8367636203765869, 2758
0.8377597332000732, 2757
0.8407516479492188, 2756
0.8417489528656006, 2755
0.8427462577819824, 2754
0.8427462577819824, 2753
0.8427462577819824, 2752
0.8437440395355225, 2751
0.8437440395355225, 2750
0.8437440395355225, 2749
0.8447411060333252, 2748
0.8447411060333252, 2747
0.8467373847961426, 2746
0.8477332592010498, 2745
0.8487303256988525, 2744
0.8487303256988525, 2743
0.8497273921966553, 2742
0.8497273921966553, 2741
0.8527204990386963, 2740
0.8537187576293945, 2739
0.8537187576293945, 2738
0.8537187576293945, 2737
0.85471510887146, 2736
0.8557124137878418, 2735
0.8557124137878418, 2734
0.8557124137878418, 2733
0.8567099571228027, 2732
0.8567099571228027, 2731
0.8577070236206055, 2730
0.8587043285369873, 2729
0.85970139503479, 2728
0.85970139503479, 2727
0.8627119064331055, 2726
0.863692045211792, 2725
0.864692211151123, 2724
0.864692211151123, 2723
0.8666892051696777, 2722
0.867680549621582, 2721
0.8696749210357666, 2720
0.8726661205291748, 2719
0.8726661205291748, 2718
0.8736636638641357, 2717
0.8746607303619385, 2716
0.8756582736968994, 2715
0.8776528835296631, 2714
0.8796567916870117, 2713
0.8796567916870117, 2712
0.8806459903717041, 2711
0.8806459903717041, 2710
0.8826398849487305, 2709
0.8826398849487305, 2708
0.8826398849487305, 2707
0.8836371898651123, 2706
0.8836371898651123, 2705
0.8836371898651123, 2704
0.884636640548706, 2703
0.884636640548706, 2702
0.8856327533721924, 2701
0.886629581451416, 2700
0.890618085861206, 2699
0.890618085861206, 2698
0.8916163444519043, 2697
0.8916163444519043, 2696
0.892613410949707, 2695
0.8936104774475098, 2694
0.8936104774475098, 2693
0.8986003398895264, 2692
0.8995952606201172, 2691
0.9005916118621826, 2690
0.9025862216949463, 2689
0.9025862216949463, 2688
0.9035842418670654, 2687
0.9045822620391846, 2686
0.9045822620391846, 2685
0.9065754413604736, 2684
0.9065754413604736, 2683
0.907573938369751, 2682
0.907573938369751, 2681
0.9085710048675537, 2680
0.9085710048675537, 2679
0.9085710048675537, 2678
0.9095680713653564, 2677
0.9105656147003174, 2676
0.9135584831237793, 2675
0.9145567417144775, 2674
0.9145567417144775, 2673
0.9155516624450684, 2672
0.9155516624450684, 2671
0.9175474643707275, 2670
0.9185450077056885, 2669
0.9195423126220703, 2668
0.920539140701294, 2667
0.9215357303619385, 2666
0.9215357303619385, 2665
0.9215357303619385, 2664
0.9215357303619385, 2663
0.9215357303619385, 2662
0.9225330352783203, 2661
0.9225330352783203, 2660
0.9235305786132812, 2659
0.9235305786132812, 2658
0.924527645111084, 2657
0.924527645111084, 2656
0.924527645111084, 2655
0.924527645111084, 2654
0.924527645111084, 2653
0.9255249500274658, 2652
0.9255249500274658, 2651
0.9295163154602051, 2650
0.9404854774475098, 2649
0.95145583152771, 2648
0.9584379196166992, 2647
0.9584379196166992, 2646
0.9873602390289307, 2645
0.9923462867736816, 2644
1.0033183097839355, 2643
1.0272533893585205, 2642
1.043210744857788, 2641
1.0501930713653564, 2640
1.05118989944458, 2639
1.05118989944458, 2638
1.05118989944458, 2637
1.05118989944458, 2636
1.0601654052734375, 2635
1.0601654052734375, 2634
1.0621616840362549, 2633
1.0711357593536377, 2632
1.0711357593536377, 2631
1.0771195888519287, 2630
1.0801138877868652, 2629
1.085099220275879, 2628
1.0870938301086426, 2627
1.1060426235198975, 2626
1.1429436206817627, 2625
1.1429436206817627, 2624
1.1479308605194092, 2623
1.1569068431854248, 2622
1.1579043865203857, 2621
1.1589014530181885, 2620
1.164888620376587, 2619
1.164888620376587, 2618
1.164888620376587, 2617
1.1668798923492432, 2616
1.167876958847046, 2615
1.1808431148529053, 2614
1.1808431148529053, 2613
1.1848335266113281, 2612
1.1858305931091309, 2611
1.1898188591003418, 2610
1.1898188591003418, 2609
1.1968109607696533, 2608
1.1987946033477783, 2607
1.2027835845947266, 2606
1.2067739963531494, 2605
1.2067739963531494, 2604
1.2077715396881104, 2603
1.2187414169311523, 2602
1.2237279415130615, 2601
1.2267203330993652, 2600
1.2337007522583008, 2599
1.2436740398406982, 2598
1.24467134475708, 2597
1.2616260051727295, 2596
1.2646229267120361, 2595
1.2751195430755615, 2594
1.2761173248291016, 2593
1.2771153450012207, 2592
1.279111623764038, 2591
1.2801153659820557, 2590
1.281104564666748, 2589
1.2870879173278809, 2588
1.2910773754119873, 2587
1.2910773754119873, 2586
1.3010506629943848, 2585
1.3040440082550049, 2584
1.315014123916626, 2583
1.315014123916626, 2582
1.3170084953308105, 2581
1.3209967613220215, 2580
1.3259835243225098, 2579
1.328977346420288, 2578
1.3299803733825684, 2577
1.3329651355743408, 2576
1.3349618911743164, 2575
1.3559057712554932, 2574
1.3588974475860596, 2573
1.3694267272949219, 2572
1.3694267272949219, 2571
1.3993160724639893, 2570
1.405299186706543, 2569
1.4112813472747803, 2568
1.4122822284698486, 2567
1.4182651042938232, 2566
1.4322285652160645, 2565
1.4322285652160645, 2564
1.4322285652160645, 2563
1.4751124382019043, 2562
1.478104591369629, 2561
1.48409104347229, 2560
1.4850859642028809, 2559
1.5110163688659668, 2558
1.5120131969451904, 2557
1.5140068531036377, 2556
1.5200238227844238, 2555
1.5220201015472412, 2554
1.5220201015472412, 2553
1.5240106582641602, 2552
1.5519084930419922, 2551
1.5558972358703613, 2550
1.5578913688659668, 2549
1.5598857402801514, 2548
1.5649306774139404, 2547
1.5649306774139404, 2546
1.5808284282684326, 2545
1.5868148803710938, 2544
1.5868148803710938, 2543
1.6147372722625732, 2542
1.6147372722625732, 2541
1.6147372722625732, 2540
1.6307001113891602, 2539
1.6336877346038818, 2538
1.6516404151916504, 2537
1.664646863937378, 2536
1.6865465641021729, 2535
1.6935594081878662, 2534
1.6935594081878662, 2533
1.6965243816375732, 2532
1.697542428970337, 2531
1.697542428970337, 2530
1.7264387607574463, 2529
1.7354164123535156, 2528
1.7354164123535156, 2527
1.7354164123535156, 2526
1.7433948516845703, 2525
1.7443923950195312, 2524
1.7523696422576904, 2523
1.7613451480865479, 2522
1.765336513519287, 2521
1.7693257331848145, 2520
1.7793047428131104, 2519
1.7802975177764893, 2518
1.7902696132659912, 2517
1.792264461517334, 2516
1.7992463111877441, 2515
1.8022379875183105, 2514
1.8022379875183105, 2513
1.8042306900024414, 2512
1.8171977996826172, 2511
1.81819486618042, 2510
1.8491106033325195, 2509
1.8570899963378906, 2508
1.8630757331848145, 2507
1.867063045501709, 2506
1.8760385513305664, 2505
1.8890047073364258, 2504
1.8959898948669434, 2503
1.897981882095337, 2502
1.9079556465148926, 2501
1.9149348735809326, 2500
1.9149348735809326, 2499
1.919922113418579, 2498
1.9219162464141846, 2497
1.9229133129119873, 2496
1.9229133129119873, 2495
1.9359126091003418, 2494
1.9388706684112549, 2493
1.9408659934997559, 2492
1.9408659934997559, 2491
1.949842929840088, 2490
1.9518375396728516, 2489
1.9518375396728516, 2488
1.9897675514221191, 2487
2.023682117462158, 2486
2.023682117462158, 2485
2.023682117462158, 2484
2.031625747680664, 2483
2.031625747680664, 2482
2.0346171855926514, 2481
2.0425949096679688, 2480
2.0505728721618652, 2479
2.0665299892425537, 2478
2.0665299892425537, 2477
2.1004385948181152, 2476
2.126371145248413, 2475
2.127368450164795, 2474
2.1293699741363525, 2473
2.1293699741363525, 2472
2.1313586235046387, 2471
2.135347604751587, 2470
2.135347604751587, 2469
2.152301073074341, 2468
2.154297351837158, 2467
2.1682586669921875, 2466
2.1742427349090576, 2465
2.1742427349090576, 2464
2.1742427349090576, 2463
2.1792290210723877, 2462
2.183217763900757, 2461
2.1842172145843506, 2460
2.186211109161377, 2459
2.186211109161377, 2458
2.201169490814209, 2457
2.207155466079712, 2456
2.207155466079712, 2455
2.22114896774292, 2454
2.226137638092041, 2453
2.2490415573120117, 2452
2.2510368824005127, 2451
2.25303053855896, 2450
2.25303053855896, 2449
2.2550251483917236, 2448
2.2669944763183594, 2447
2.267991781234741, 2446
2.291926383972168, 2445
2.291926383972168, 2444
2.30888295173645, 2443
2.3407962322235107, 2442
2.3407962322235107, 2441
2.3437883853912354, 2440
2.353761911392212, 2439
2.353761911392212, 2438
2.3557562828063965, 2437
2.3617427349090576, 2436
2.418100357055664, 2435
2.4380457401275635, 2434
2.439044952392578, 2433
2.439044952392578, 2432
2.4520087242126465, 2431
2.479933977127075, 2430
2.481928586959839, 2429
2.4879138469696045, 2428
2.491901397705078, 2427
2.496891498565674, 2426
2.504868268966675, 2425
2.5068628787994385, 2424
2.5597198009490967, 2423
2.573683500289917, 2422
2.575683355331421, 2421
2.5766804218292236, 2420
2.5766804218292236, 2419
2.5766804218292236, 2418
2.616572856903076, 2417
2.61856746673584, 2416
2.622555732727051, 2415
2.6255476474761963, 2414
2.6395134925842285, 2413
2.6395134925842285, 2412
2.6474928855895996, 2411
2.6644835472106934, 2410
2.8883562088012695, 2409
2.901322364807129, 2408
2.90331768989563, 2407
2.9182772636413574, 2406
2.933237075805664, 2405
2.933237075805664, 2404
2.935232400894165, 2403
2.959167718887329, 2402
2.971135139465332, 2401
2.971135139465332, 2400
3.0095412731170654, 2399
3.0155248641967773, 2398
3.0215084552764893, 2397
3.0215084552764893, 2396
3.023503303527832, 2395
3.0344746112823486, 2394
3.0544207096099854, 2393
3.056415557861328, 2392
3.0828537940979004, 2391
3.0858452320098877, 2390
3.086843490600586, 2389
3.090832233428955, 2388
3.091829776763916, 2387
3.103797197341919, 2386
3.108783483505249, 2385
3.108783483505249, 2384
3.108783483505249, 2383
3.1197547912597656, 2382
3.1207516193389893, 2381
3.1207516193389893, 2380
3.145686626434326, 2379
3.1466829776763916, 2378
3.1476802825927734, 2377
3.199697256088257, 2376
3.200695037841797, 2375
3.2126638889312744, 2374
3.2206404209136963, 2373
3.22263503074646, 2372
3.2410459518432617, 2371
3.2455742359161377, 2370
3.2465708255767822, 2369
3.254549741744995, 2368
3.254549741744995, 2367
3.299428939819336, 2366
3.3024232387542725, 2365
3.3054146766662598, 2364
3.310401439666748, 2363
3.318502187728882, 2362
3.3193776607513428, 2361
3.3213717937469482, 2360
3.32236909866333, 2359
3.32236909866333, 2358
3.3572754859924316, 2357
3.3752267360687256, 2356
3.3752267360687256, 2355
3.386198043823242, 2354
3.4320740699768066, 2353
3.512859344482422, 2352
3.512859344482422, 2351
3.5138561725616455, 2350
3.5527536869049072, 2349
3.5527536869049072, 2348
3.5597333908081055, 2347
3.5697062015533447, 2346
3.576687812805176, 2345
3.576687812805176, 2344
3.6056106090545654, 2343
3.6125922203063965, 2342
3.6125922203063965, 2341
3.6175789833068848, 2340
3.621567487716675, 2339
3.638522148132324, 2338
3.6784167289733887, 2337
3.7143197059631348, 2336
4.025486946105957, 2335
4.026485443115234, 2334
4.026485443115234, 2333
4.026485443115234, 2332
4.0304834842681885, 2331
4.040447235107422, 2330
4.040447235107422, 2329
4.048428058624268, 2328
4.055407285690308, 2327
4.055407285690308, 2326
4.0564048290252686, 2325
4.065382480621338, 2324
4.105273962020874, 2323
4.113255262374878, 2322
4.121232986450195, 2321
4.122230291366577, 2320
4.122230291366577, 2319
4.122230291366577, 2318
4.134198904037476, 2317
4.13718843460083, 2316
4.1411778926849365, 2315
4.146164894104004, 2314
4.16910457611084, 2313
4.198026895523071, 2312
7.824993133544922, 2311
7.844940662384033, 2310
7.856909513473511, 2309
7.99852991104126, 2308
8.018508672714233, 2307
8.156108379364014, 2306
8.357568979263306, 2305
8.400455713272095, 2304
8.406438827514648, 2303
8.43137264251709, 2302
8.60590672492981, 2301
8.611889123916626, 2300
8.701650381088257, 2299
8.779954433441162, 2298
8.850766658782959, 2297
8.957480430603027, 2296
9.157058715820312, 2295
9.163044929504395, 2294
9.416809320449829, 2293
9.421792268753052, 2292
9.469664096832275, 2291
9.650196075439453, 2290
9.678122282028198, 2289
9.723999261856079, 2288
9.755941390991211, 2287
9.855647087097168, 2286
9.88756251335144, 2285
10.104979991912842, 2284
10.267549276351929, 2283
10.364287376403809, 2282
10.400190830230713, 2281
10.487956523895264, 2280
10.631171464920044, 2279
10.719966888427734, 2278
11.293040037155151, 2277
11.371824741363525, 2276
11.623315572738647, 2275
11.981909275054932, 2274
12.013821125030518, 2273
12.49852466583252, 2272
12.643138408660889, 2271
12.75387716293335, 2270
12.788748502731323, 2269
12.868048667907715, 2268
12.922902345657349, 2267
13.142904996871948, 2266
13.426147699356079, 2265
13.572266101837158, 2264
13.958234548568726, 2263
14.435956001281738, 2262
14.992430686950684, 2261
15.169150114059448, 2260
15.621938705444336, 2259
15.668845891952515, 2258
15.821435928344727, 2257
16.186946153640747, 2256
16.625959396362305, 2255
16.688083171844482, 2254
16.688083171844482, 2253
16.747922897338867, 2252
17.94574284553528, 2251
18.30088186264038, 2250
18.709722757339478, 2249
19.72473907470703, 2248
19.795605421066284, 2247
19.92855739593506, 2246
20.461548805236816, 2245
20.617132902145386, 2244
21.361181259155273, 2243
21.696558713912964, 2242
21.819741010665894, 2241
21.893543243408203, 2240
22.12292981147766, 2239
22.278513193130493, 2238
23.814598083496094, 2237
24.105824947357178, 2236
24.39105725288391, 2235
24.546175956726074, 2234
25.440566301345825, 2233
26.062902688980103, 2232
28.136858224868774, 2231
28.229610919952393, 2230
28.854326009750366, 2229
29.426783084869385, 2228
29.576383590698242, 2227
29.944399118423462, 2226
29.944399118423462, 2225
32.233154296875, 2224
32.53733801841736, 2223
34.176942348480225, 2222
35.14692258834839, 2221
36.745797634124756, 2220
38.523494720458984, 2219
38.694029331207275, 2218
39.103930950164795, 2217
40.34735321998596, 2216
40.435145139694214, 2215
44.42154026031494, 2214
45.33479690551758, 2213
48.259586334228516, 2212
48.66550350189209, 2211
54.90179133415222, 2210
55.92904615402222, 2209
57.0241494178772, 2208
