0.031017065048217773, 3721
0.032027244567871094, 3720
0.0429840087890625, 3719
0.0429840087890625, 3718
0.0429840087890625, 3717
0.04398155212402344, 3716
0.04398155212402344, 3715
0.04398155212402344, 3714
0.04398155212402344, 3713
0.04398155212402344, 3712
0.04497861862182617, 3711
0.04497861862182617, 3710
0.04612588882446289, 3709
0.04612588882446289, 3708
0.04612588882446289, 3707
0.04612588882446289, 3706
0.04612588882446289, 3705
0.047159433364868164, 3704
0.047159433364868164, 3703
0.047159433364868164, 3702
0.047159433364868164, 3701
0.04812145233154297, 3700
0.04812145233154297, 3699
0.04812145233154297, 3698
0.04812145233154297, 3697
0.049152374267578125, 3696
0.049152374267578125, 3695
0.05014848709106445, 3694
0.05014848709106445, 3693
0.05014848709106445, 3692
0.05014848709106445, 3691
0.05114579200744629, 3690
0.05114579200744629, 3689
0.05114579200744629, 3688
0.05114579200744629, 3687
0.05114579200744629, 3686
0.05211019515991211, 3685
0.05211019515991211, 3684
0.05211019515991211, 3683
0.05211019515991211, 3682
0.05310702323913574, 3681
0.05310702323913574, 3680
0.05310702323913574, 3679
0.05310702323913574, 3678
0.05310702323913574, 3677
0.05420088768005371, 3676
0.055199623107910156, 3675
0.056197404861450195, 3674
0.058191776275634766, 3673
0.0591893196105957, 3672
0.0591893196105957, 3671
0.060186147689819336, 3670
0.06118416786193848, 3669
0.06218099594116211, 3668
0.06317806243896484, 3667
0.06417560577392578, 3666
0.06517338752746582, 3665
0.06517338752746582, 3664
0.06816983222961426, 3663
0.06919336318969727, 3662
0.07018852233886719, 3661
0.07018852233886719, 3660
0.07118725776672363, 3659
0.07118725776672363, 3658
0.07218527793884277, 3657
0.07315206527709961, 3656
0.07315206527709961, 3655
0.07714104652404785, 3654
0.07813858985900879, 3653
0.07913589477539062, 3652
0.07913589477539062, 3651
0.07913589477539062, 3650
0.08013296127319336, 3649
0.08013296127319336, 3648
0.0811300277709961, 3647
0.0811300277709961, 3646
0.08212757110595703, 3645
0.08212757110595703, 3644
0.08212757110595703, 3643
0.08312487602233887, 3642
0.08312487602233887, 3641
0.08711457252502441, 3640
0.08711457252502441, 3639
0.08811211585998535, 3638
0.08811211585998535, 3637
0.08910942077636719, 3636
0.08910942077636719, 3635
0.09010696411132812, 3634
0.09110283851623535, 3633
0.09110283851623535, 3632
0.0921015739440918, 3631
0.0921015739440918, 3630
0.0921015739440918, 3629
0.0921015739440918, 3628
0.09309840202331543, 3627
0.09309840202331543, 3626
0.09309840202331543, 3625
0.09409546852111816, 3624
0.0950934886932373, 3623
0.0950934886932373, 3622
0.09609031677246094, 3621
0.09708762168884277, 3620
0.09808492660522461, 3619
0.10007977485656738, 3618
0.10007977485656738, 3617
0.10107684135437012, 3616
0.10207414627075195, 3615
0.10411334037780762, 3614
0.10507082939147949, 3613
0.10606813430786133, 3612
0.10606813430786133, 3611
0.10806131362915039, 3610
0.10905933380126953, 3609
0.10905933380126953, 3608
0.11108565330505371, 3607
0.11108565330505371, 3606
0.11108565330505371, 3605
0.11208534240722656, 3604
0.11208534240722656, 3603
0.11208534240722656, 3602
0.11208534240722656, 3601
0.11308026313781738, 3600
0.1160886287689209, 3599
0.1160886287689209, 3598
0.1160886287689209, 3597
0.11706995964050293, 3596
0.11706995964050293, 3595
0.11706995964050293, 3594
0.11806654930114746, 3593
0.1190638542175293, 3592
0.1190638542175293, 3591
0.1190638542175293, 3590
0.1190638542175293, 3589
0.12006139755249023, 3588
0.12006139755249023, 3587
0.12006139755249023, 3586
0.12105941772460938, 3585
0.12105941772460938, 3584
0.12105941772460938, 3583
0.12205696105957031, 3582
0.12302398681640625, 3581
0.12409663200378418, 3580
0.12502169609069824, 3579
0.12601375579833984, 3578
0.12601375579833984, 3577
0.1270132064819336, 3576
0.1270132064819336, 3575
0.12800955772399902, 3574
0.12800955772399902, 3573
0.12800955772399902, 3572
0.12900662422180176, 3571
0.12900662422180176, 3570
0.1300041675567627, 3569
0.13100123405456543, 3568
0.13100123405456543, 3567
0.1330270767211914, 3566
0.1330270767211914, 3565
0.1330270767211914, 3564
0.1330270767211914, 3563
0.13402390480041504, 3562
0.13402390480041504, 3561
0.13498973846435547, 3560
0.13498973846435547, 3559
0.13498973846435547, 3558
0.1359877586364746, 3557
0.1359877586364746, 3556
0.13698434829711914, 3555
0.13698434829711914, 3554
0.13698434829711914, 3553
0.13698434829711914, 3552
0.13798189163208008, 3551
0.13798189163208008, 3550
0.13798189163208008, 3549
0.13798189163208008, 3548
0.13897919654846191, 3547
0.13997840881347656, 3546
0.1409761905670166, 3545
0.14197111129760742, 3544
0.14197111129760742, 3543
0.14197111129760742, 3542
0.14296793937683105, 3541
0.143967866897583, 3540
0.14496517181396484, 3539
0.14496517181396484, 3538
0.14496517181396484, 3537
0.14596247673034668, 3536
0.14596247673034668, 3535
0.14596247673034668, 3534
0.14895248413085938, 3533
0.14895248413085938, 3532
0.14895248413085938, 3531
0.14895248413085938, 3530
0.14895248413085938, 3529
0.14995265007019043, 3528
0.15194463729858398, 3527
0.15294265747070312, 3526
0.15294265747070312, 3525
0.15294265747070312, 3524
0.15294265747070312, 3523
0.15294265747070312, 3522
0.15393900871276855, 3521
0.15393900871276855, 3520
0.154937744140625, 3519
0.154937744140625, 3518
0.154937744140625, 3517
0.154937744140625, 3516
0.15593385696411133, 3515
0.15793824195861816, 3514
0.15793824195861816, 3513
0.15892577171325684, 3512
0.1599292755126953, 3511
0.1599292755126953, 3510
0.1599292755126953, 3509
0.16092228889465332, 3508
0.16291522979736328, 3507
0.16291522979736328, 3506
0.16391253471374512, 3505
0.16391253471374512, 3504
0.1688992977142334, 3503
0.1688992977142334, 3502
0.16989636421203613, 3501
0.16989636421203613, 3500
0.17089366912841797, 3499
0.17289209365844727, 3498
0.17289209365844727, 3497
0.17588138580322266, 3496
0.17588138580322266, 3495
0.17588138580322266, 3494
0.1768779754638672, 3493
0.1768779754638672, 3492
0.1768779754638672, 3491
0.1768779754638672, 3490
0.17787504196166992, 3489
0.17887306213378906, 3488
0.1798698902130127, 3487
0.18086719512939453, 3486
0.18086719512939453, 3485
0.18086719512939453, 3484
0.18086719512939453, 3483
0.18086719512939453, 3482
0.18086719512939453, 3481
0.18186426162719727, 3480
0.18186426162719727, 3479
0.1828622817993164, 3478
0.1848602294921875, 3477
0.18588685989379883, 3476
0.18588685989379883, 3475
0.18688035011291504, 3474
0.18688035011291504, 3473
0.1878800392150879, 3472
0.1878800392150879, 3471
0.18984436988830566, 3470
0.19184374809265137, 3469
0.1938326358795166, 3468
0.19682621955871582, 3467
0.19782185554504395, 3466
0.19984841346740723, 3465
0.19984841346740723, 3464
0.19984841346740723, 3463
0.19984841346740723, 3462
0.19984841346740723, 3461
0.19984841346740723, 3460
0.20084571838378906, 3459
0.20084571838378906, 3458
0.20084571838378906, 3457
0.20280766487121582, 3456
0.20280766487121582, 3455
0.20380473136901855, 3454
0.2048022747039795, 3453
0.2048022747039795, 3452
0.20580005645751953, 3451
0.20679879188537598, 3450
0.2077956199645996, 3449
0.2077956199645996, 3448
0.20879530906677246, 3447
0.20879530906677246, 3446
0.20879530906677246, 3445
0.20879530906677246, 3444
0.209822416305542, 3443
0.209822416305542, 3442
0.21081805229187012, 3441
0.21081805229187012, 3440
0.21081805229187012, 3439
0.21081805229187012, 3438
0.21181678771972656, 3437
0.21181678771972656, 3436
0.21181678771972656, 3435
0.21181678771972656, 3434
0.2128133773803711, 3433
0.2128133773803711, 3432
0.2128133773803711, 3431
0.2128133773803711, 3430
0.21381068229675293, 3429
0.21381068229675293, 3428
0.21381068229675293, 3427
0.21381068229675293, 3426
0.21677112579345703, 3425
0.21776938438415527, 3424
0.21776938438415527, 3423
0.2187960147857666, 3422
0.2187960147857666, 3421
0.2187960147857666, 3420
0.21979570388793945, 3419
0.21979570388793945, 3418
0.21979570388793945, 3417
0.22079229354858398, 3416
0.22079229354858398, 3415
0.22079229354858398, 3414
0.22178983688354492, 3413
0.22178983688354492, 3412
0.22275519371032715, 3411
0.22375273704528809, 3410
0.22375273704528809, 3409
0.22574877738952637, 3408
0.22574877738952637, 3407
0.22574877738952637, 3406
0.22574877738952637, 3405
0.2267458438873291, 3404
0.2267458438873291, 3403
0.22877073287963867, 3402
0.22877073287963867, 3401
0.22877073287963867, 3400
0.2297680377960205, 3399
0.2297680377960205, 3398
0.2297680377960205, 3397
0.2297680377960205, 3396
0.2297680377960205, 3395
0.23076581954956055, 3394
0.23076581954956055, 3393
0.23076581954956055, 3392
0.23076581954956055, 3391
0.23076581954956055, 3390
0.2317335605621338, 3389
0.2317335605621338, 3388
0.2327287197113037, 3387
0.23372578620910645, 3386
0.23372578620910645, 3385
0.23372578620910645, 3384
0.23472237586975098, 3383
0.23472237586975098, 3382
0.23472237586975098, 3381
0.23472237586975098, 3380
0.23472237586975098, 3379
0.23571991920471191, 3378
0.23571991920471191, 3377
0.23571991920471191, 3376
0.23571991920471191, 3375
0.23571991920471191, 3374
0.23771429061889648, 3373
0.23771429061889648, 3372
0.24071884155273438, 3371
0.24270343780517578, 3370
0.24370121955871582, 3369
0.24469804763793945, 3368
0.2456951141357422, 3367
0.2456951141357422, 3366
0.2456951141357422, 3365
0.24669241905212402, 3364
0.24669241905212402, 3363
0.24768924713134766, 3362
0.24768924713134766, 3361
0.2486867904663086, 3360
0.2486867904663086, 3359
0.24971866607666016, 3358
0.24971866607666016, 3357
0.24971866607666016, 3356
0.25070953369140625, 3355
0.25070953369140625, 3354
0.25070953369140625, 3353
0.25070953369140625, 3352
0.2517104148864746, 3351
0.2517104148864746, 3350
0.2517104148864746, 3349
0.2537040710449219, 3348
0.25470519065856934, 3347
0.256664514541626, 3346
0.256664514541626, 3345
0.256664514541626, 3344
0.2576639652252197, 3343
0.25866055488586426, 3342
0.25866055488586426, 3341
0.2646443843841553, 3340
0.2646443843841553, 3339
0.2676393985748291, 3338
0.26863718032836914, 3337
0.26863718032836914, 3336
0.26963067054748535, 3335
0.26963067054748535, 3334
0.26963067054748535, 3333
0.2706279754638672, 3332
0.27362704277038574, 3331
0.2816295623779297, 3330
0.2816295623779297, 3329
0.2826244831085205, 3328
0.2826244831085205, 3327
0.28362441062927246, 3326
0.2846236228942871, 3325
0.28561878204345703, 3324
0.28561878204345703, 3323
0.28561878204345703, 3322
0.28561878204345703, 3321
0.2866175174713135, 3320
0.2866175174713135, 3319
0.28957676887512207, 3318
0.28957676887512207, 3317
0.2905740737915039, 3316
0.29157161712646484, 3315
0.2925679683685303, 3314
0.2925679683685303, 3313
0.2925679683685303, 3312
0.293565034866333, 3311
0.293565034866333, 3310
0.29456233978271484, 3309
0.29456233978271484, 3308
0.2955598831176758, 3307
0.2955598831176758, 3306
0.2965571880340576, 3305
0.29758715629577637, 3304
0.2985837459564209, 3303
0.2985837459564209, 3302
0.2985837459564209, 3301
0.2985837459564209, 3300
0.29958176612854004, 3299
0.29958176612854004, 3298
0.29958176612854004, 3297
0.29958176612854004, 3296
0.29958176612854004, 3295
0.30057859420776367, 3294
0.30057859420776367, 3293
0.30057859420776367, 3292
0.30057859420776367, 3291
0.30158090591430664, 3290
0.30158090591430664, 3289
0.30257320404052734, 3288
0.30257320404052734, 3287
0.30257320404052734, 3286
0.3035705089569092, 3285
0.30518317222595215, 3284
0.3071777820587158, 3283
0.3091723918914795, 3282
0.3091723918914795, 3281
0.31116628646850586, 3280
0.3121640682220459, 3279
0.31316113471984863, 3278
0.31415843963623047, 3277
0.31415843963623047, 3276
0.31415843963623047, 3275
0.31516027450561523, 3274
0.31516027450561523, 3273
0.31615638732910156, 3272
0.3171505928039551, 3271
0.3171505928039551, 3270
0.3181476593017578, 3269
0.3181476593017578, 3268
0.3201425075531006, 3267
0.3201425075531006, 3266
0.3201425075531006, 3265
0.3211395740509033, 3264
0.32213711738586426, 3263
0.32314133644104004, 3262
0.32314133644104004, 3261
0.32314133644104004, 3260
0.3241429328918457, 3259
0.326127290725708, 3258
0.326127290725708, 3257
0.326127290725708, 3256
0.32715749740600586, 3255
0.32715749740600586, 3254
0.32715749740600586, 3253
0.32814979553222656, 3252
0.32814979553222656, 3251
0.3291490077972412, 3250
0.3291490077972412, 3249
0.33014798164367676, 3248
0.3311126232147217, 3247
0.3311126232147217, 3246
0.33214259147644043, 3245
0.33214259147644043, 3244
0.3351013660430908, 3243
0.3351013660430908, 3242
0.3351013660430908, 3241
0.33612895011901855, 3240
0.33612895011901855, 3239
0.33612895011901855, 3238
0.33612895011901855, 3237
0.3371284008026123, 3236
0.3420839309692383, 3235
0.3420839309692383, 3234
0.3420839309692383, 3233
0.34308338165283203, 3232
0.34308338165283203, 3231
0.34308338165283203, 3230
0.34308338165283203, 3229
0.34308338165283203, 3228
0.34407854080200195, 3227
0.34407854080200195, 3226
0.3450753688812256, 3225
0.34610438346862793, 3224
0.3480987548828125, 3223
0.34910154342651367, 3222
0.34910154342651367, 3221
0.3500657081604004, 3220
0.3500657081604004, 3219
0.35209012031555176, 3218
0.3540511131286621, 3217
0.35504817962646484, 3216
0.3560457229614258, 3215
0.3560457229614258, 3214
0.3571033477783203, 3213
0.3590373992919922, 3212
0.36003661155700684, 3211
0.36103343963623047, 3210
0.36103343963623047, 3209
0.36103343963623047, 3208
0.3620305061340332, 3207
0.3620305061340332, 3206
0.36302757263183594, 3205
0.36302757263183594, 3204
0.36302757263183594, 3203
0.3640258312225342, 3202
0.3650205135345459, 3201
0.3650205135345459, 3200
0.36605072021484375, 3199
0.36605072021484375, 3198
0.36605072021484375, 3197
0.3670480251312256, 3196
0.36804747581481934, 3195
0.36804747581481934, 3194
0.36904311180114746, 3193
0.36904311180114746, 3192
0.370039701461792, 3191
0.370039701461792, 3190
0.37103724479675293, 3189
0.37103724479675293, 3188
0.37203526496887207, 3187
0.3730008602142334, 3186
0.37402915954589844, 3185
0.37402915954589844, 3184
0.37402915954589844, 3183
0.3750283718109131, 3182
0.3750283718109131, 3181
0.3750283718109131, 3180
0.3750283718109131, 3179
0.3750283718109131, 3178
0.3750283718109131, 3177
0.3760225772857666, 3176
0.37702131271362305, 3175
0.37702131271362305, 3174
0.37702131271362305, 3173
0.3780200481414795, 3172
0.3780200481414795, 3171
0.3780200481414795, 3170
0.3780200481414795, 3169
0.3780200481414795, 3168
0.3790161609649658, 3167
0.3790161609649658, 3166
0.3790161609649658, 3165
0.38001322746276855, 3164
0.38001322746276855, 3163
0.38297438621520996, 3162
0.3839738368988037, 3161
0.3839738368988037, 3160
0.3839738368988037, 3159
0.38497471809387207, 3158
0.3869638442993164, 3157
0.3869638442993164, 3156
0.38796114921569824, 3155
0.38895678520202637, 3154
0.3929483890533447, 3153
0.3929483890533447, 3152
0.3949747085571289, 3151
0.3949747085571289, 3150
0.39594078063964844, 3149
0.39594078063964844, 3148
0.39594078063964844, 3147
0.39594078063964844, 3146
0.39693737030029297, 3145
0.3979344367980957, 3144
0.39893150329589844, 3143
0.4009265899658203, 3142
0.40192365646362305, 3141
0.40192365646362305, 3140
0.4029209613800049, 3139
0.4029209613800049, 3138
0.4039185047149658, 3137
0.4039185047149658, 3136
0.4039185047149658, 3135
0.40492916107177734, 3134
0.40492916107177734, 3133
0.40592098236083984, 3132
0.40592098236083984, 3131
0.4069204330444336, 3130
0.40792131423950195, 3129
0.40792131423950195, 3128
0.4089164733886719, 3127
0.409909725189209, 3126
0.409909725189209, 3125
0.409909725189209, 3124
0.4109072685241699, 3123
0.41190433502197266, 3122
0.41190433502197266, 3121
0.4129016399383545, 3120
0.41389894485473633, 3119
0.41489624977111816, 3118
0.4178884029388428, 3117
0.4178884029388428, 3116
0.4188857078552246, 3115
0.4188857078552246, 3114
0.41988372802734375, 3113
0.41988372802734375, 3112
0.41988372802734375, 3111
0.42586755752563477, 3110
0.42786192893981934, 3109
0.42885923385620117, 3108
0.4298567771911621, 3107
0.4298567771911621, 3106
0.4298567771911621, 3105
0.43085360527038574, 3104
0.43384838104248047, 3103
0.43384838104248047, 3102
0.43683743476867676, 3101
0.43683743476867676, 3100
0.4378349781036377, 3099
0.43883228302001953, 3098
0.43883228302001953, 3097
0.439833402633667, 3096
0.4418337345123291, 3095
0.4418337345123291, 3094
0.4488379955291748, 3093
0.4488379955291748, 3092
0.44983792304992676, 3091
0.44983792304992676, 3090
0.4508328437805176, 3089
0.4508328437805176, 3088
0.4508328437805176, 3087
0.4508328437805176, 3086
0.4518299102783203, 3085
0.4518299102783203, 3084
0.45282435417175293, 3083
0.4548227787017822, 3082
0.456784725189209, 3081
0.456784725189209, 3080
0.45778369903564453, 3079
0.45878076553344727, 3078
0.45878076553344727, 3077
0.45878076553344727, 3076
0.45977783203125, 3075
0.45977783203125, 3074
0.45977783203125, 3073
0.46077537536621094, 3072
0.46077537536621094, 3071
0.46077537536621094, 3070
0.4627697467803955, 3069
0.4717442989349365, 3068
0.47274303436279297, 3067
0.47274303436279297, 3066
0.47274303436279297, 3065
0.47374677658081055, 3064
0.47374677658081055, 3063
0.47374677658081055, 3062
0.474743127822876, 3061
0.47573399543762207, 3060
0.47573399543762207, 3059
0.47573399543762207, 3058
0.4767310619354248, 3057
0.4767310619354248, 3056
0.4767310619354248, 3055
0.4767310619354248, 3054
0.47772836685180664, 3053
0.4787638187408447, 3052
0.47975659370422363, 3051
0.48075246810913086, 3050
0.48570942878723145, 3049
0.48570942878723145, 3048
0.48570942878723145, 3047
0.49468517303466797, 3046
0.49468517303466797, 3045
0.4956824779510498, 3044
0.4956824779510498, 3043
0.49667882919311523, 3042
0.49667882919311523, 3041
0.49667882919311523, 3040
0.4976766109466553, 3039
0.4986739158630371, 3038
0.49967122077941895, 3037
0.49967122077941895, 3036
0.49967122077941895, 3035
0.5006682872772217, 3034
0.5016655921936035, 3033
0.5026631355285645, 3032
0.5026631355285645, 3031
0.5071620941162109, 3030
0.5081586837768555, 3029
0.5091557502746582, 3028
0.51015305519104, 3027
0.511150598526001, 3026
0.511150598526001, 3025
0.5121479034423828, 3024
0.5121479034423828, 3023
0.5131454467773438, 3022
0.5171360969543457, 3021
0.5281412601470947, 3020
0.5291345119476318, 3019
0.5291345119476318, 3018
0.5291345119476318, 3017
0.5291345119476318, 3016
0.5291345119476318, 3015
0.5291345119476318, 3014
0.5301342010498047, 3013
0.5301342010498047, 3012
0.5301342010498047, 3011
0.5311288833618164, 3010
0.5311288833618164, 3009
0.5321269035339355, 3008
0.5321269035339355, 3007
0.5321269035339355, 3006
0.5321269035339355, 3005
0.5331213474273682, 3004
0.5331213474273682, 3003
0.5331213474273682, 3002
0.5350890159606934, 3001
0.536085844039917, 3000
0.5380799770355225, 2999
0.542100191116333, 2998
0.5440981388092041, 2997
0.5450601577758789, 2996
0.5460922718048096, 2995
0.5470874309539795, 2994
0.5470874309539795, 2993
0.5480842590332031, 2992
0.5480842590332031, 2991
0.554069995880127, 2990
0.554069995880127, 2989
0.554069995880127, 2988
0.555065393447876, 2987
0.5560312271118164, 2986
0.5600202083587646, 2985
0.5610170364379883, 2984
0.5610170364379883, 2983
0.5610170364379883, 2982
0.5620143413543701, 2981
0.5620143413543701, 2980
0.5620143413543701, 2979
0.5630114078521729, 2978
0.5630114078521729, 2977
0.5630114078521729, 2976
0.5630114078521729, 2975
0.5630114078521729, 2974
0.5630114078521729, 2973
0.5640089511871338, 2972
0.5640089511871338, 2971
0.5640089511871338, 2970
0.5650064945220947, 2969
0.5670030117034912, 2968
0.5670030117034912, 2967
0.5679998397827148, 2966
0.5689973831176758, 2965
0.5699944496154785, 2964
0.5699944496154785, 2963
0.5699944496154785, 2962
0.5709917545318604, 2961
0.5709917545318604, 2960
0.5759789943695068, 2959
0.5769762992858887, 2958
0.5789704322814941, 2957
0.5799679756164551, 2956
0.5809652805328369, 2955
0.5829591751098633, 2954
0.5849554538726807, 2953
0.5859520435333252, 2952
0.586949348449707, 2951
0.586949348449707, 2950
0.5889434814453125, 2949
0.5899448394775391, 2948
0.5909426212310791, 2947
0.5909426212310791, 2946
0.5919466018676758, 2945
0.5919466018676758, 2944
0.5919466018676758, 2943
0.5919466018676758, 2942
0.5919466018676758, 2941
0.5929338932037354, 2940
0.5929338932037354, 2939
0.5949289798736572, 2938
0.5949289798736572, 2937
0.5959258079528809, 2936
0.5959258079528809, 2935
0.5969228744506836, 2934
0.5969228744506836, 2933
0.5979199409484863, 2932
0.5989174842834473, 2931
0.5989174842834473, 2930
0.5989174842834473, 2929
0.5999143123626709, 2928
0.5999143123626709, 2927
0.5999143123626709, 2926
0.6009120941162109, 2925
0.6019091606140137, 2924
0.6019091606140137, 2923
0.6029064655303955, 2922
0.6029064655303955, 2921
0.6039047241210938, 2920
0.6049025058746338, 2919
0.605414867401123, 2918
0.605414867401123, 2917
0.6064093112945557, 2916
0.6064093112945557, 2915
0.6074070930480957, 2914
0.6074070930480957, 2913
0.6084346771240234, 2912
0.6084346771240234, 2911
0.6094315052032471, 2910
0.610429048538208, 2909
0.610429048538208, 2908
0.611426591873169, 2907
0.611426591873169, 2906
0.611426591873169, 2905
0.6124234199523926, 2904
0.6133930683135986, 2903
0.6133930683135986, 2902
0.6143875122070312, 2901
0.6143875122070312, 2900
0.6154165267944336, 2899
0.6154165267944336, 2898
0.6164133548736572, 2897
0.6164133548736572, 2896
0.6174139976501465, 2895
0.6184072494506836, 2894
0.6184072494506836, 2893
0.6184072494506836, 2892
0.6184072494506836, 2891
0.6184072494506836, 2890
0.6194047927856445, 2889
0.6194047927856445, 2888
0.6194047927856445, 2887
0.6194047927856445, 2886
0.6194047927856445, 2885
0.6194047927856445, 2884
0.6204020977020264, 2883
0.6204020977020264, 2882
0.6204020977020264, 2881
0.6214017868041992, 2880
0.6214017868041992, 2879
0.6214017868041992, 2878
0.6223652362823486, 2877
0.6233634948730469, 2876
0.6233634948730469, 2875
0.6233634948730469, 2874
0.6233634948730469, 2873
0.6243593692779541, 2872
0.6263542175292969, 2871
0.6263542175292969, 2870
0.6263542175292969, 2869
0.6273834705352783, 2868
0.6273834705352783, 2867
0.6273834705352783, 2866
0.6283817291259766, 2865
0.6293802261352539, 2864
0.6293802261352539, 2863
0.634373664855957, 2862
0.6353306770324707, 2861
0.6353306770324707, 2860
0.6353306770324707, 2859
0.6363604068756104, 2858
0.6363604068756104, 2857
0.6363604068756104, 2856
0.6393201351165771, 2855
0.6423115730285645, 2854
0.6423115730285645, 2853
0.6433103084564209, 2852
0.6433103084564209, 2851
0.6453039646148682, 2850
0.64630126953125, 2849
0.6472983360290527, 2848
0.6472983360290527, 2847
0.6482954025268555, 2846
0.6482954025268555, 2845
0.6492927074432373, 2844
0.6502895355224609, 2843
0.6512868404388428, 2842
0.6512868404388428, 2841
0.6512868404388428, 2840
0.6532821655273438, 2839
0.6532821655273438, 2838
0.6532821655273438, 2837
0.6532821655273438, 2836
0.6532821655273438, 2835
0.6542789936065674, 2834
0.6542789936065674, 2833
0.6542789936065674, 2832
0.6552767753601074, 2831
0.6563067436218262, 2830
0.657304048538208, 2829
0.657304048538208, 2828
0.657304048538208, 2827
0.6583008766174316, 2826
0.6602954864501953, 2825
0.6602954864501953, 2824
0.6602954864501953, 2823
0.6602954864501953, 2822
0.6612949371337891, 2821
0.6622598171234131, 2820
0.6622598171234131, 2819
0.6622598171234131, 2818
0.6622598171234131, 2817
0.6632564067840576, 2816
0.6632564067840576, 2815
0.6632564067840576, 2814
0.6642539501190186, 2813
0.6642539501190186, 2812
0.6652512550354004, 2811
0.6692392826080322, 2810
0.670236349105835, 2809
0.670236349105835, 2808
0.6712336540222168, 2807
0.6712336540222168, 2806
0.6712336540222168, 2805
0.6722316741943359, 2804
0.6732304096221924, 2803
0.6732304096221924, 2802
0.6752276420593262, 2801
0.6752276420593262, 2800
0.6762206554412842, 2799
0.6762206554412842, 2798
0.678215503692627, 2797
0.678215503692627, 2796
0.678215503692627, 2795
0.6792142391204834, 2794
0.6832032203674316, 2793
0.6851985454559326, 2792
0.6851985454559326, 2791
0.6851985454559326, 2790
0.6861958503723145, 2789
0.6861958503723145, 2788
0.6881897449493408, 2787
0.6881897449493408, 2786
0.6891868114471436, 2785
0.6943216323852539, 2784
0.6953513622283936, 2783
0.6953513622283936, 2782
0.6963176727294922, 2781
0.6963176727294922, 2780
0.7014298439025879, 2779
0.7014298439025879, 2778
0.7014298439025879, 2777
0.7014298439025879, 2776
0.7024593353271484, 2775
0.7024593353271484, 2774
0.7024593353271484, 2773
0.7024593353271484, 2772
0.7024593353271484, 2771
0.7024593353271484, 2770
0.7034587860107422, 2769
0.7034587860107422, 2768
0.7034587860107422, 2767
0.704453706741333, 2766
0.704453706741333, 2765
0.705327033996582, 2764
0.705327033996582, 2763
0.706322431564331, 2762
0.706322431564331, 2761
0.706322431564331, 2760
0.7073180675506592, 2759
0.7083156108856201, 2758
0.709313154220581, 2757
0.7113096714019775, 2756
0.7123067378997803, 2755
0.7143011093139648, 2754
0.7162983417510986, 2753
0.7172930240631104, 2752
0.7182903289794922, 2751
0.7252798080444336, 2750
0.7292919158935547, 2749
0.7322835922241211, 2748
0.7342784404754639, 2747
0.7342784404754639, 2746
0.7352783679962158, 2745
0.7362730503082275, 2744
0.7362730503082275, 2743
0.7362730503082275, 2742
0.7372715473175049, 2741
0.7372715473175049, 2740
0.7372715473175049, 2739
0.7382690906524658, 2738
0.7382690906524658, 2737
0.7392337322235107, 2736
0.7402377128601074, 2735
0.7402377128601074, 2734
0.7402377128601074, 2733
0.7422246932983398, 2732
0.7422246932983398, 2731
0.7422246932983398, 2730
0.7432224750518799, 2729
0.7432224750518799, 2728
0.7432224750518799, 2727
0.7432224750518799, 2726
0.7442195415496826, 2725
0.7442195415496826, 2724
0.7442195415496826, 2723
0.7452170848846436, 2722
0.7462151050567627, 2721
0.7462151050567627, 2720
0.7472119331359863, 2719
0.7482097148895264, 2718
0.7492072582244873, 2717
0.7502086162567139, 2716
0.7502086162567139, 2715
0.7512028217315674, 2714
0.7521979808807373, 2713
0.7521979808807373, 2712
0.7572381496429443, 2711
0.7582054138183594, 2710
0.7582054138183594, 2709
0.7601792812347412, 2708
0.7641680240631104, 2707
0.7641680240631104, 2706
0.7651646137237549, 2705
0.7671599388122559, 2704
0.7671599388122559, 2703
0.7681570053100586, 2702
0.7681570053100586, 2701
0.7701523303985596, 2700
0.7701523303985596, 2699
0.7711491584777832, 2698
0.7711491584777832, 2697
0.772146463394165, 2696
0.772146463394165, 2695
0.7731447219848633, 2694
0.7731447219848633, 2693
0.7741410732269287, 2692
0.7751400470733643, 2691
0.779127836227417, 2690
0.779127836227417, 2689
0.7801251411437988, 2688
0.7801251411437988, 2687
0.7811226844787598, 2686
0.7841179370880127, 2685
0.7851181030273438, 2684
0.786109447479248, 2683
0.7871065139770508, 2682
0.7871065139770508, 2681
0.7881038188934326, 2680
0.7901124954223633, 2679
0.7911059856414795, 2678
0.7920939922332764, 2677
0.7930908203125, 2676
0.7950835227966309, 2675
0.7950835227966309, 2674
0.7960824966430664, 2673
0.7960824966430664, 2672
0.7960824966430664, 2671
0.7960824966430664, 2670
0.7970800399780273, 2669
0.7980761528015137, 2668
0.7980761528015137, 2667
0.7990732192993164, 2666
0.7990732192993164, 2665
0.7990732192993164, 2664
0.7990732192993164, 2663
0.80007004737854, 2662
0.8010678291320801, 2661
0.8010678291320801, 2660
0.8020648956298828, 2659
0.8030622005462646, 2658
0.8040595054626465, 2657
0.8040595054626465, 2656
0.8040595054626465, 2655
0.8040595054626465, 2654
0.8040595054626465, 2653
0.8050568103790283, 2652
0.8050568103790283, 2651
0.8055782318115234, 2650
0.8055782318115234, 2649
0.8075652122497559, 2648
0.8075652122497559, 2647
0.8075652122497559, 2646
0.808560848236084, 2645
0.808560848236084, 2644
0.808560848236084, 2643
0.808560848236084, 2642
0.8105554580688477, 2641
0.8165392875671387, 2640
0.8175363540649414, 2639
0.8185334205627441, 2638
0.8255152702331543, 2637
0.8385128974914551, 2636
0.8574624061584473, 2635
0.8694000244140625, 2634
0.8734009265899658, 2633
0.8923685550689697, 2632
0.8965492248535156, 2631
0.8985753059387207, 2630
0.9005675315856934, 2629
0.9026899337768555, 2628
0.9096393585205078, 2627
0.9096393585205078, 2626
0.9106359481811523, 2625
0.9116332530975342, 2624
0.9735002517700195, 2623
0.9754958152770996, 2622
0.9754958152770996, 2621
0.9824438095092773, 2620
0.9834470748901367, 2619
0.9994316101074219, 2618
1.0024235248565674, 2617
1.003420352935791, 2616
1.0176875591278076, 2615
1.019679307937622, 2614
1.0227794647216797, 2613
1.0267682075500488, 2612
1.0277926921844482, 2611
1.0297889709472656, 2610
1.0297889709472656, 2609
1.0337498188018799, 2608
1.0337498188018799, 2607
1.0337498188018799, 2606
1.0357458591461182, 2605
1.0377397537231445, 2604
1.0417327880859375, 2603
1.047743558883667, 2602
1.053727388381958, 2601
1.0567207336425781, 2600
1.0597138404846191, 2599
1.060708999633789, 2598
1.0617060661315918, 2597
1.0776333808898926, 2596
1.0776333808898926, 2595
1.0796279907226562, 2594
1.0866093635559082, 2593
1.0876061916351318, 2592
1.090599536895752, 2591
1.0916295051574707, 2590
1.0947699546813965, 2589
1.098759651184082, 2588
1.098759651184082, 2587
1.098759651184082, 2586
1.098759651184082, 2585
1.1098113059997559, 2584
1.1118388175964355, 2583
1.1118388175964355, 2582
1.1118388175964355, 2581
1.1197865009307861, 2580
1.1297905445098877, 2579
1.1307880878448486, 2578
1.137770652770996, 2577
1.1487395763397217, 2576
1.1487395763397217, 2575
1.1766631603240967, 2574
1.1786611080169678, 2573
1.1796607971191406, 2572
1.1896004676818848, 2571
1.1966118812561035, 2570
1.201598882675171, 2569
1.2075507640838623, 2568
1.2092957496643066, 2567
1.2112891674041748, 2566
1.215453863143921, 2565
1.2353990077972412, 2564
1.236396074295044, 2563
1.2404401302337646, 2562
1.2433786392211914, 2561
1.244375467300415, 2560
1.2483651638031006, 2559
1.2613623142242432, 2558
1.2643542289733887, 2557
1.2842698097229004, 2556
1.2852675914764404, 2555
1.286264419555664, 2554
1.289257526397705, 2553
1.2902538776397705, 2552
1.3033840656280518, 2551
1.332310676574707, 2550
1.3452415466308594, 2549
1.3452415466308594, 2548
1.3542170524597168, 2547
1.3781886100769043, 2546
1.3811779022216797, 2545
1.3881618976593018, 2544
1.3951077461242676, 2543
1.4100699424743652, 2542
1.4150550365447998, 2541
1.4160518646240234, 2540
1.418046236038208, 2539
1.418046236038208, 2538
1.419043779373169, 2537
1.4350008964538574, 2536
1.4489648342132568, 2535
1.4499645233154297, 2534
1.450958490371704, 2533
1.450958490371704, 2532
1.4758930206298828, 2531
1.4758930206298828, 2530
1.4768893718719482, 2529
1.4908545017242432, 2528
1.4968681335449219, 2527
1.5058164596557617, 2526
1.5128259658813477, 2525
1.5128259658813477, 2524
1.5167872905731201, 2523
1.5317778587341309, 2522
1.5347354412078857, 2521
1.5556797981262207, 2520
1.5596702098846436, 2519
1.5596702098846436, 2518
1.560666799545288, 2517
1.5706403255462646, 2516
1.574629783630371, 2515
1.5776216983795166, 2514
1.5985643863677979, 2513
1.6015911102294922, 2512
1.6015911102294922, 2511
1.607666254043579, 2510
1.6415958404541016, 2509
1.6455647945404053, 2508
1.6465611457824707, 2507
1.6465611457824707, 2506
1.6685352325439453, 2505
1.6705307960510254, 2504
1.6764798164367676, 2503
1.682464361190796, 2502
1.682464361190796, 2501
1.6834616661071777, 2500
1.6874516010284424, 2499
1.6974256038665771, 2498
1.7004175186157227, 2497
1.7014148235321045, 2496
1.7024121284484863, 2495
1.7173714637756348, 2494
1.7183682918548584, 2493
1.7393128871917725, 2492
1.7393128871917725, 2491
1.7433032989501953, 2490
1.7452986240386963, 2489
1.7682671546936035, 2488
1.771259069442749, 2487
1.7911767959594727, 2486
1.796194076538086, 2485
1.796194076538086, 2484
1.8011813163757324, 2483
1.8011813163757324, 2482
1.8041725158691406, 2481
1.8051362037658691, 2480
1.8082590103149414, 2479
1.8082590103149414, 2478
1.8082590103149414, 2477
1.810256004333496, 2476
1.810256004333496, 2475
1.8381507396697998, 2474
1.8840279579162598, 2473
1.895995855331421, 2472
1.9020109176635742, 2471
1.9049715995788574, 2470
1.9049715995788574, 2469
1.9089946746826172, 2468
1.909989595413208, 2467
1.9119868278503418, 2466
1.9119868278503418, 2465
1.9169387817382812, 2464
1.9189329147338867, 2463
1.9199302196502686, 2462
1.9209275245666504, 2461
1.9508483409881592, 2460
1.9598252773284912, 2459
1.9608550071716309, 2458
1.9737863540649414, 2457
1.9817650318145752, 2456
1.995760202407837, 2455
2.006911039352417, 2454
2.011898994445801, 2453
2.0598857402801514, 2452
2.060882806777954, 2451
2.068861484527588, 2450
2.077838182449341, 2449
2.080829620361328, 2448
2.0838215351104736, 2447
2.0927977561950684, 2446
2.1478030681610107, 2445
2.1478030681610107, 2444
2.1478030681610107, 2443
2.179717540740967, 2442
2.19866681098938, 2441
2.212233066558838, 2440
2.222320795059204, 2439
2.222320795059204, 2438
2.2233171463012695, 2437
2.224313974380493, 2436
2.2253122329711914, 2435
2.2253122329711914, 2434
2.2253122329711914, 2433
2.2492804527282715, 2432
2.254267454147339, 2431
2.254267454147339, 2430
2.2602505683898926, 2429
2.2602505683898926, 2428
2.2602505683898926, 2427
2.2681984901428223, 2426
2.2871789932250977, 2425
2.289144277572632, 2424
2.3033370971679688, 2423
2.3172976970672607, 2422
2.3182952404022217, 2421
2.3252780437469482, 2420
2.3312931060791016, 2419
2.3322877883911133, 2418
2.334285020828247, 2417
2.361180305480957, 2416
2.3791325092315674, 2415
2.3841192722320557, 2414
2.437211036682129, 2413
2.437211036682129, 2412
2.438209056854248, 2411
2.44917893409729, 2410
2.4511756896972656, 2409
2.4521725177764893, 2408
2.4941773414611816, 2407
2.5191986560821533, 2406
2.5341579914093018, 2405
2.540142297744751, 2404
2.540142297744751, 2403
2.5421366691589355, 2402
2.545131206512451, 2401
2.5551035404205322, 2400
2.558227777481079, 2399
2.569065809249878, 2398
2.5820610523223877, 2397
2.6019766330718994, 2396
2.6019766330718994, 2395
2.6019766330718994, 2394
2.6019766330718994, 2393
2.6019766330718994, 2392
2.607961893081665, 2391
2.608959197998047, 2390
2.6109533309936523, 2389
2.614942789077759, 2388
2.614942789077759, 2387
2.614942789077759, 2386
2.6328964233398438, 2385
2.6338932514190674, 2384
2.647857666015625, 2383
2.7726340293884277, 2382
2.7816078662872314, 2381
2.782606840133667, 2380
2.79756498336792, 2379
2.846890687942505, 2378
2.8768129348754883, 2377
2.89479660987854, 2376
2.9007492065429688, 2375
2.9017446041107178, 2374
2.9207258224487305, 2373
2.937648057937622, 2372
2.937648057937622, 2371
2.9964914321899414, 2370
2.997488021850586, 2369
3.001478433609009, 2368
3.0114505290985107, 2367
3.024815082550049, 2366
3.0278074741363525, 2365
3.0278074741363525, 2364
3.028804063796997, 2363
3.035784959793091, 2362
3.0627126693725586, 2361
3.0846548080444336, 2360
3.0846548080444336, 2359
3.0856523513793945, 2358
3.0926342010498047, 2357
3.1795387268066406, 2356
3.19649338722229, 2355
3.19649338722229, 2354
3.198488235473633, 2353
3.227417230606079, 2352
3.227417230606079, 2351
3.227417230606079, 2350
3.230410099029541, 2349
3.233400583267212, 2348
3.241379499435425, 2347
3.2543439865112305, 2346
3.260327100753784, 2345
3.261324405670166, 2344
3.261324405670166, 2343
3.293239116668701, 2342
3.3352296352386475, 2341
3.4010872840881348, 2340
3.421523094177246, 2339
3.445458173751831, 2338
3.4703919887542725, 2337
3.475379228591919, 2336
3.4774043560028076, 2335
3.490338087081909, 2334
3.494412422180176, 2333
3.4994003772735596, 2332
3.4994003772735596, 2331
3.5104739665985107, 2330
3.622647285461426, 2329
3.6306309700012207, 2328
3.8210692405700684, 2327
3.826090097427368, 2326
3.830044984817505, 2325
3.833035945892334, 2324
3.834033250808716, 2323
3.834033250808716, 2322
3.842012643814087, 2321
3.846001625061035, 2320
3.851020336151123, 2319
3.8559744358062744, 2318
3.892876386642456, 2317
3.9019885063171387, 2316
3.966930389404297, 2315
4.259279251098633, 2314
4.281252145767212, 2313
4.282252788543701, 2312
4.284245252609253, 2311
4.364997148513794, 2310
4.372011661529541, 2309
4.379991769790649, 2308
4.383944988250732, 2307
4.38494348526001, 2306
4.389936208724976, 2305
4.407880544662476, 2304
4.435479164123535, 2303
4.447448492050171, 2302
4.496458053588867, 2301
4.566269397735596, 2300
4.568264007568359, 2299
4.572288513183594, 2298
4.574280500411987, 2297
4.622223854064941, 2296
4.622223854064941, 2295
4.658162355422974, 2294
4.661152124404907, 2293
4.676083326339722, 2292
4.708223819732666, 2291
4.710218191146851, 2290
4.714209794998169, 2289
4.741136074066162, 2288
4.7949934005737305, 2287
4.800975561141968, 2286
4.8029701709747314, 2285
4.809121131896973, 2284
4.814206838607788, 2283
4.818097114562988, 2282
4.823082208633423, 2281
4.835052251815796, 2280
4.956005096435547, 2279
4.965973377227783, 2278
5.111774206161499, 2277
9.654131889343262, 2276
9.901253700256348, 2275
9.926187515258789, 2274
10.258110284805298, 2273
10.328754901885986, 2272
10.707363367080688, 2271
10.714344501495361, 2270
10.794130325317383, 2269
10.806257247924805, 2268
10.846225023269653, 2267
11.007731437683105, 2266
11.00972604751587, 2265
11.176259279251099, 2264
11.177256345748901, 2263
11.257575273513794, 2262
11.556707382202148, 2261
11.75505542755127, 2260
11.75505542755127, 2259
12.064883708953857, 2258
12.107895135879517, 2257
12.254751205444336, 2256
12.377657651901245, 2255
12.581472396850586, 2254
12.599424839019775, 2253
12.789997100830078, 2252
12.8470618724823, 2251
12.979937076568604, 2250
13.232635974884033, 2249
13.244309425354004, 2248
13.518455028533936, 2247
13.864584684371948, 2246
13.946685314178467, 2245
14.271472215652466, 2244
14.44971776008606, 2243
14.677650213241577, 2242
14.691612720489502, 2241
15.29470682144165, 2240
15.657445669174194, 2239
16.330790042877197, 2238
16.49187731742859, 2237
17.07607078552246, 2236
17.754095792770386, 2235
17.76008367538452, 2234
19.192880630493164, 2233
19.878661632537842, 2232
21.723127365112305, 2231
22.080607891082764, 2230
22.46366786956787, 2229
22.85165548324585, 2228
23.582568407058716, 2227
24.0298912525177, 2226
24.078792095184326, 2225
24.145615577697754, 2224
24.95168685913086, 2223
25.29074478149414, 2222
25.800546407699585, 2221
27.359035968780518, 2220
27.456466674804688, 2219
30.74694037437439, 2218
34.088077545166016, 2217
37.3306028842926, 2216
38.579538106918335, 2215
