0.03989243507385254, 3721
0.04088997840881348, 3720
0.05285811424255371, 3719
0.05285811424255371, 3718
0.05385541915893555, 3717
0.05385541915893555, 3716
0.05385541915893555, 3715
0.05385541915893555, 3714
0.05385541915893555, 3713
0.05385541915893555, 3712
0.05485248565673828, 3711
0.05585002899169922, 3710
0.05585002899169922, 3709
0.05585002899169922, 3708
0.05585002899169922, 3707
0.05585002899169922, 3706
0.05585002899169922, 3705
0.056847333908081055, 3704
0.056847333908081055, 3703
0.056847333908081055, 3702
0.05784463882446289, 3701
0.05784463882446289, 3700
0.05784463882446289, 3699
0.058843135833740234, 3698
0.058843135833740234, 3697
0.05984020233154297, 3696
0.0608365535736084, 3695
0.0608365535736084, 3694
0.0608365535736084, 3693
0.0608365535736084, 3692
0.0608365535736084, 3691
0.061833858489990234, 3690
0.061833858489990234, 3689
0.061833858489990234, 3688
0.061833858489990234, 3687
0.06283140182495117, 3686
0.06283140182495117, 3685
0.06283140182495117, 3684
0.06283140182495117, 3683
0.06283140182495117, 3682
0.06382870674133301, 3681
0.06382870674133301, 3680
0.06382870674133301, 3679
0.06382870674133301, 3678
0.06482601165771484, 3677
0.06482601165771484, 3676
0.06591081619262695, 3675
0.06693816184997559, 3674
0.0699009895324707, 3673
0.071929931640625, 3672
0.071929931640625, 3671
0.071929931640625, 3670
0.07302451133728027, 3669
0.07302451133728027, 3668
0.07302451133728027, 3667
0.07302451133728027, 3666
0.07302451133728027, 3665
0.07405471801757812, 3664
0.07405471801757812, 3663
0.07601642608642578, 3662
0.07601642608642578, 3661
0.07601642608642578, 3660
0.07701349258422852, 3659
0.07701349258422852, 3658
0.07801079750061035, 3657
0.07801079750061035, 3656
0.07801079750061035, 3655
0.08000564575195312, 3654
0.08100295066833496, 3653
0.08100295066833496, 3652
0.08100295066833496, 3651
0.08100295066833496, 3650
0.08100295066833496, 3649
0.08100295066833496, 3648
0.08213376998901367, 3647
0.08213376998901367, 3646
0.08213376998901367, 3645
0.08313298225402832, 3644
0.08313298225402832, 3643
0.08413004875183105, 3642
0.08413004875183105, 3641
0.0881190299987793, 3640
0.0881190299987793, 3639
0.08911705017089844, 3638
0.0902249813079834, 3637
0.0902249813079834, 3636
0.0902249813079834, 3635
0.09122228622436523, 3634
0.09222149848937988, 3633
0.09222149848937988, 3632
0.09222149848937988, 3631
0.09222149848937988, 3630
0.09321832656860352, 3629
0.09321832656860352, 3628
0.09421563148498535, 3627
0.09421563148498535, 3626
0.09521317481994629, 3625
0.09621047973632812, 3624
0.09720730781555176, 3623
0.09720730781555176, 3622
0.0982048511505127, 3621
0.09920215606689453, 3620
0.10020065307617188, 3619
0.10219430923461914, 3618
0.10219430923461914, 3617
0.10319018363952637, 3616
0.10319018363952637, 3615
0.1053154468536377, 3614
0.10631442070007324, 3613
0.10731148719787598, 3612
0.10731148719787598, 3611
0.10830903053283691, 3610
0.10830903053283691, 3609
0.10930609703063965, 3608
0.11130118370056152, 3607
0.11229825019836426, 3606
0.11340951919555664, 3605
0.11340951919555664, 3604
0.11440873146057129, 3603
0.11440873146057129, 3602
0.11440873146057129, 3601
0.11640357971191406, 3600
0.11942815780639648, 3599
0.12150120735168457, 3598
0.12150120735168457, 3597
0.12250018119812012, 3596
0.12250018119812012, 3595
0.12250018119812012, 3594
0.12449336051940918, 3593
0.1254899501800537, 3592
0.1254899501800537, 3591
0.12648773193359375, 3590
0.12648773193359375, 3589
0.12848353385925293, 3588
0.12848353385925293, 3587
0.12848353385925293, 3586
0.12947940826416016, 3585
0.12960124015808105, 3584
0.12960124015808105, 3583
0.13159751892089844, 3582
0.13259458541870117, 3581
0.13259458541870117, 3580
0.13359308242797852, 3579
0.13359308242797852, 3578
0.13462066650390625, 3577
0.13462066650390625, 3576
0.1356182098388672, 3575
0.1366128921508789, 3574
0.1366128921508789, 3573
0.1366128921508789, 3572
0.13761258125305176, 3571
0.13761258125305176, 3570
0.13761258125305176, 3569
0.1386098861694336, 3568
0.1386098861694336, 3567
0.13960957527160645, 3566
0.14057207107543945, 3565
0.14057207107543945, 3564
0.14157319068908691, 3563
0.14157319068908691, 3562
0.14260149002075195, 3561
0.1445629596710205, 3560
0.1445629596710205, 3559
0.14556002616882324, 3558
0.1465587615966797, 3557
0.14855432510375977, 3556
0.1495494842529297, 3555
0.1495494842529297, 3554
0.15054655075073242, 3553
0.15054655075073242, 3552
0.15154457092285156, 3551
0.15154457092285156, 3550
0.15154457092285156, 3549
0.15154457092285156, 3548
0.15353870391845703, 3547
0.15353870391845703, 3546
0.15353870391845703, 3545
0.15453624725341797, 3544
0.15656232833862305, 3543
0.15656232833862305, 3542
0.15656232833862305, 3541
0.1575613021850586, 3540
0.15853261947631836, 3539
0.15853261947631836, 3538
0.15952372550964355, 3537
0.15952372550964355, 3536
0.16051936149597168, 3535
0.16051936149597168, 3534
0.16151833534240723, 3533
0.16251492500305176, 3532
0.16351604461669922, 3531
0.16550493240356445, 3530
0.1665349006652832, 3529
0.1665349006652832, 3528
0.1665349006652832, 3527
0.16753220558166504, 3526
0.16852712631225586, 3525
0.1694953441619873, 3524
0.1694953441619873, 3523
0.1694953441619873, 3522
0.1694953441619873, 3521
0.17049217224121094, 3520
0.17049217224121094, 3519
0.1715240478515625, 3518
0.1715240478515625, 3517
0.1715240478515625, 3516
0.1715240478515625, 3515
0.17251896858215332, 3514
0.17251896858215332, 3513
0.17251896858215332, 3512
0.17251896858215332, 3511
0.17251896858215332, 3510
0.17351961135864258, 3509
0.17351961135864258, 3508
0.17647671699523926, 3507
0.1774747371673584, 3506
0.17847180366516113, 3505
0.17947006225585938, 3504
0.2193617820739746, 3503
0.2193617820739746, 3502
0.2193617820739746, 3501
0.2233588695526123, 3500
0.22735810279846191, 3499
0.22933554649353027, 3498
0.24529266357421875, 3497
0.24529266357421875, 3496
0.24728703498840332, 3495
0.24828386306762695, 3494
0.24828386306762695, 3493
0.24828386306762695, 3492
0.2492809295654297, 3491
0.2492809295654297, 3490
0.25027966499328613, 3489
0.25027966499328613, 3488
0.25027966499328613, 3487
0.2522730827331543, 3486
0.25626206398010254, 3485
0.2572598457336426, 3484
0.2572598457336426, 3483
0.2582581043243408, 3482
0.25925588607788086, 3481
0.2602529525756836, 3480
0.2602529525756836, 3479
0.2612497806549072, 3478
0.2612497806549072, 3477
0.2632453441619873, 3476
0.2682313919067383, 3475
0.2712235450744629, 3474
0.27621030807495117, 3473
0.28022170066833496, 3472
0.2821941375732422, 3471
0.285186767578125, 3470
0.28618335723876953, 3469
0.28818202018737793, 3468
0.28917527198791504, 3467
0.29416346549987793, 3466
0.2961564064025879, 3465
0.29815173149108887, 3464
0.30613040924072266, 3463
0.30613040924072266, 3462
0.30812549591064453, 3461
0.31111788749694824, 3460
0.3121147155761719, 3459
0.31511497497558594, 3458
0.3171043395996094, 3457
0.3171043395996094, 3456
0.3190956115722656, 3455
0.32208991050720215, 3454
0.32308506965637207, 3453
0.329068660736084, 3452
0.3300654888153076, 3451
0.3300654888153076, 3450
0.33106279373168945, 3449
0.3320603370666504, 3448
0.3320603370666504, 3447
0.33305788040161133, 3446
0.33405590057373047, 3445
0.3350527286529541, 3444
0.3350527286529541, 3443
0.33605003356933594, 3442
0.33605003356933594, 3441
0.3370475769042969, 3440
0.33904409408569336, 3439
0.33904409408569336, 3438
0.3400382995605469, 3437
0.3400382995605469, 3436
0.34203338623046875, 3435
0.3430328369140625, 3434
0.3430328369140625, 3433
0.3430328369140625, 3432
0.34402918815612793, 3431
0.34402918815612793, 3430
0.34402918815612793, 3429
0.34402918815612793, 3428
0.34402918815612793, 3427
0.34502696990966797, 3426
0.34502696990966797, 3425
0.34502696990966797, 3424
0.34702181816101074, 3423
0.35001301765441895, 3422
0.3510100841522217, 3421
0.3510100841522217, 3420
0.3520064353942871, 3419
0.3520064353942871, 3418
0.3540010452270508, 3417
0.3560144901275635, 3416
0.35999536514282227, 3415
0.36098551750183105, 3414
0.3619823455810547, 3413
0.3619823455810547, 3412
0.3629777431488037, 3411
0.3629777431488037, 3410
0.3649721145629883, 3409
0.3659694194793701, 3408
0.3659694194793701, 3407
0.36996030807495117, 3406
0.37096476554870605, 3405
0.3739497661590576, 3404
0.37793898582458496, 3403
0.37793898582458496, 3402
0.3789362907409668, 3401
0.38392210006713867, 3400
0.38392210006713867, 3399
0.3849201202392578, 3398
0.38890933990478516, 3397
0.3899056911468506, 3396
0.3899056911468506, 3395
0.39090466499328613, 3394
0.39190220832824707, 3393
0.39290833473205566, 3392
0.39489221572875977, 3391
0.39489221572875977, 3390
0.395892858505249, 3389
0.3978853225708008, 3388
0.39888429641723633, 3387
0.39888429641723633, 3386
0.4008774757385254, 3385
0.40287327766418457, 3384
0.40486669540405273, 3383
0.4058647155761719, 3382
0.4058647155761719, 3381
0.4068603515625, 3380
0.40785813331604004, 3379
0.4088568687438965, 3378
0.4098525047302246, 3377
0.4098525047302246, 3376
0.41085028648376465, 3375
0.41085028648376465, 3374
0.4118468761444092, 3373
0.412844181060791, 3372
0.4148390293121338, 3371
0.4148390293121338, 3370
0.41883039474487305, 3369
0.42481279373168945, 3368
0.42582201957702637, 3367
0.42780470848083496, 3366
0.4288055896759033, 3365
0.43079614639282227, 3364
0.4317934513092041, 3363
0.4317934513092041, 3362
0.43279170989990234, 3361
0.4337894916534424, 3360
0.43478965759277344, 3359
0.4507582187652588, 3358
0.45174574851989746, 3357
0.45473337173461914, 3356
0.45572996139526367, 3355
0.45572996139526367, 3354
0.46370840072631836, 3353
0.4647057056427002, 3352
0.4647057056427002, 3351
0.46570277214050293, 3350
0.46570277214050293, 3349
0.4676976203918457, 3348
0.4676976203918457, 3347
0.4836561679840088, 3346
0.4846525192260742, 3345
0.48564982414245605, 3344
0.48564982414245605, 3343
0.4866466522216797, 3342
0.4876439571380615, 3341
0.49063611030578613, 3340
0.4916348457336426, 3339
0.4946255683898926, 3338
0.4976179599761963, 3337
0.49961280822753906, 3336
0.5055968761444092, 3335
0.5085909366607666, 3334
0.515570878982544, 3333
0.5195755958557129, 3332
0.5225515365600586, 3331
0.5275390148162842, 3330
0.5275390148162842, 3329
0.5335218906402588, 3328
0.5335218906402588, 3327
0.5355174541473389, 3326
0.5375113487243652, 3325
0.5395054817199707, 3324
0.5405025482177734, 3323
0.5415010452270508, 3322
0.5415010452270508, 3321
0.5424983501434326, 3320
0.5434966087341309, 3319
0.5434966087341309, 3318
0.5454902648925781, 3317
0.5464870929718018, 3316
0.5474846363067627, 3315
0.5494792461395264, 3314
0.550478458404541, 3313
0.550478458404541, 3312
0.550478458404541, 3311
0.5524723529815674, 3310
0.5524723529815674, 3309
0.5544655323028564, 3308
0.5554642677307129, 3307
0.5564613342285156, 3306
0.5584557056427002, 3305
0.5594525337219238, 3304
0.5634419918060303, 3303
0.5634419918060303, 3302
0.5644385814666748, 3301
0.5664334297180176, 3300
0.5684278011322021, 3299
0.5684278011322021, 3298
0.5694260597229004, 3297
0.5704224109649658, 3296
0.5704224109649658, 3295
0.571420431137085, 3294
0.571420431137085, 3293
0.5734145641326904, 3292
0.5744128227233887, 3291
0.5754106044769287, 3290
0.5764081478118896, 3289
0.5774047374725342, 3288
0.5784015655517578, 3287
0.579399585723877, 3286
0.580399751663208, 3285
0.5823919773101807, 3284
0.5843877792358398, 3283
0.5873785018920898, 3282
0.5903699398040771, 3281
0.5913674831390381, 3280
0.5933628082275391, 3279
0.5933628082275391, 3278
0.594362735748291, 3277
0.5953571796417236, 3276
0.5963549613952637, 3275
0.5963549613952637, 3274
0.5973503589630127, 3273
0.5973503589630127, 3272
0.5983495712280273, 3271
0.6003429889678955, 3270
0.6003429889678955, 3269
0.6013402938842773, 3268
0.6013402938842773, 3267
0.6053292751312256, 3266
0.6053292751312256, 3265
0.6063270568847656, 3264
0.6073243618011475, 3263
0.6073243618011475, 3262
0.6083219051361084, 3261
0.6083219051361084, 3260
0.6083219051361084, 3259
0.6093180179595947, 3258
0.6093180179595947, 3257
0.6103169918060303, 3256
0.6103169918060303, 3255
0.6103169918060303, 3254
0.6103169918060303, 3253
0.6113131046295166, 3252
0.6113131046295166, 3251
0.6113131046295166, 3250
0.6123104095458984, 3249
0.6133084297180176, 3248
0.6133084297180176, 3247
0.6143052577972412, 3246
0.616300106048584, 3245
0.618295431137085, 3244
0.6192936897277832, 3243
0.6212902069091797, 3242
0.626274824142456, 3241
0.6272716522216797, 3240
0.6272716522216797, 3239
0.628267765045166, 3238
0.6292648315429688, 3237
0.6292648315429688, 3236
0.6312599182128906, 3235
0.6312599182128906, 3234
0.6372435092926025, 3233
0.6372435092926025, 3232
0.6372435092926025, 3231
0.6372435092926025, 3230
0.6372435092926025, 3229
0.6382410526275635, 3228
0.6382410526275635, 3227
0.6382410526275635, 3226
0.6382410526275635, 3225
0.6382410526275635, 3224
0.6402356624603271, 3223
0.6412341594696045, 3222
0.6442248821258545, 3221
0.6442248821258545, 3220
0.6442248821258545, 3219
0.6442248821258545, 3218
0.6442248821258545, 3217
0.6492147445678711, 3216
0.6492147445678711, 3215
0.6502094268798828, 3214
0.6502094268798828, 3213
0.6502094268798828, 3212
0.6502094268798828, 3211
0.6522037982940674, 3210
0.6532008647918701, 3209
0.6541979312896729, 3208
0.6541979312896729, 3207
0.6541979312896729, 3206
0.6541979312896729, 3205
0.6551954746246338, 3204
0.6551954746246338, 3203
0.6551954746246338, 3202
0.6551954746246338, 3201
0.6561942100524902, 3200
0.6561942100524902, 3199
0.6561942100524902, 3198
0.6561942100524902, 3197
0.6571907997131348, 3196
0.6581885814666748, 3195
0.6581885814666748, 3194
0.6591849327087402, 3193
0.6591849327087402, 3192
0.660181999206543, 3191
0.6611793041229248, 3190
0.6611793041229248, 3189
0.662177324295044, 3188
0.6631741523742676, 3187
0.6641719341278076, 3186
0.6641719341278076, 3185
0.6651687622070312, 3184
0.6661665439605713, 3183
0.6661665439605713, 3182
0.6661665439605713, 3181
0.6671633720397949, 3180
0.6671633720397949, 3179
0.6671633720397949, 3178
0.6671633720397949, 3177
0.6681606769561768, 3176
0.6681606769561768, 3175
0.6681606769561768, 3174
0.6701555252075195, 3173
0.6711537837982178, 3172
0.6711537837982178, 3171
0.6711537837982178, 3170
0.6711537837982178, 3169
0.6721508502960205, 3168
0.6721508502960205, 3167
0.6721508502960205, 3166
0.6731476783752441, 3165
0.6731476783752441, 3164
0.6731476783752441, 3163
0.6771368980407715, 3162
0.6771368980407715, 3161
0.6781342029571533, 3160
0.6781342029571533, 3159
0.6781342029571533, 3158
0.6791336536407471, 3157
0.6801304817199707, 3156
0.6811273097991943, 3155
0.6881084442138672, 3154
0.69010329246521, 3153
0.6911005973815918, 3152
0.6940929889678955, 3151
0.6940929889678955, 3150
0.6940929889678955, 3149
0.6940929889678955, 3148
0.6940929889678955, 3147
0.6950888633728027, 3146
0.6950888633728027, 3145
0.6960885524749756, 3144
0.6970834732055664, 3143
0.6980810165405273, 3142
0.6991114616394043, 3141
0.6991114616394043, 3140
0.6991114616394043, 3139
0.6991114616394043, 3138
0.7001113891601562, 3137
0.7001113891601562, 3136
0.7001113891601562, 3135
0.7001113891601562, 3134
0.7010757923126221, 3133
0.7010757923126221, 3132
0.7010757923126221, 3131
0.7010757923126221, 3130
0.7010757923126221, 3129
0.7021033763885498, 3128
0.7030982971191406, 3127
0.7030982971191406, 3126
0.7030982971191406, 3125
0.7030982971191406, 3124
0.7040982246398926, 3123
0.70522141456604, 3122
0.7062537670135498, 3121
0.7072486877441406, 3120
0.7082459926605225, 3119
0.7092416286468506, 3118
0.7122025489807129, 3117
0.7133541107177734, 3116
0.7133541107177734, 3115
0.7143845558166504, 3114
0.7153849601745605, 3113
0.7153849601745605, 3112
0.7153849601745605, 3111
0.721369743347168, 3110
0.7223629951477051, 3109
0.7223629951477051, 3108
0.7233626842498779, 3107
0.7233626842498779, 3106
0.7263493537902832, 3105
0.7263493537902832, 3104
0.7263493537902832, 3103
0.7263493537902832, 3102
0.729456901550293, 3101
0.7314534187316895, 3100
0.733447790145874, 3099
0.734445333480835, 3098
0.734445333480835, 3097
0.734445333480835, 3096
0.7354423999786377, 3095
0.7354423999786377, 3094
0.7404294013977051, 3093
0.7424221038818359, 3092
0.7424221038818359, 3091
0.743419885635376, 3090
0.7444164752960205, 3089
0.7444164752960205, 3088
0.7444164752960205, 3087
0.7454140186309814, 3086
0.7454140186309814, 3085
0.7464118003845215, 3084
0.7474086284637451, 3083
0.7494034767150879, 3082
0.7504007816314697, 3081
0.7504007816314697, 3080
0.7504007816314697, 3079
0.7513978481292725, 3078
0.7513978481292725, 3077
0.7513978481292725, 3076
0.7523951530456543, 3075
0.7523951530456543, 3074
0.7523951530456543, 3073
0.7534689903259277, 3072
0.7534689903259277, 3071
0.7554657459259033, 3070
0.7684645652770996, 3069
0.7684645652770996, 3068
0.7694606781005859, 3067
0.7704570293426514, 3066
0.7704570293426514, 3065
0.7714564800262451, 3064
0.7714564800262451, 3063
0.7724564075469971, 3062
0.7724564075469971, 3061
0.7734167575836182, 3060
0.7744138240814209, 3059
0.7754127979278564, 3058
0.7784092426300049, 3057
0.7784092426300049, 3056
0.7794005870819092, 3055
0.7794005870819092, 3054
0.7804296016693115, 3053
0.7804296016693115, 3052
0.7804296016693115, 3051
0.7824251651763916, 3050
0.7824251651763916, 3049
0.787412166595459, 3048
0.787412166595459, 3047
0.787412166595459, 3046
0.7953586578369141, 3045
0.7963554859161377, 3044
0.7963554859161377, 3043
0.7963554859161377, 3042
0.7973530292510986, 3041
0.7973530292510986, 3040
0.7983505725860596, 3039
0.7993474006652832, 3038
0.7993474006652832, 3037
0.8003449440002441, 3036
0.8003449440002441, 3035
0.801342248916626, 3034
0.8023395538330078, 3033
0.8033368587493896, 3032
0.8033368587493896, 3031
0.8033368587493896, 3030
0.8043344020843506, 3029
0.8083231449127197, 3028
0.8083231449127197, 3027
0.8143408298492432, 3026
0.8143408298492432, 3025
0.8153362274169922, 3024
0.8153362274169922, 3023
0.8153362274169922, 3022
0.8183293342590332, 3021
0.826301097869873, 3020
0.8272736072540283, 3019
0.8272736072540283, 3018
0.8283202648162842, 3017
0.8293538093566895, 3016
0.8302998542785645, 3015
0.8302998542785645, 3014
0.8312616348266602, 3013
0.8312616348266602, 3012
0.8312616348266602, 3011
0.8322932720184326, 3010
0.8322932720184326, 3009
0.8322932720184326, 3008
0.8332879543304443, 3007
0.8342852592468262, 3006
0.8342852592468262, 3005
0.8342852592468262, 3004
0.8342852592468262, 3003
0.8342852592468262, 3002
0.8352525234222412, 3001
0.8372781276702881, 3000
0.8372781276702881, 2999
0.8382759094238281, 2998
0.8402364253997803, 2997
0.8402364253997803, 2996
0.8442597389221191, 2995
0.8462405204772949, 2994
0.8472297191619873, 2993
0.8482167720794678, 2992
0.8542332649230957, 2991
0.8542332649230957, 2990
0.8552300930023193, 2989
0.8591885566711426, 2988
0.8601856231689453, 2987
0.8601856231689453, 2986
0.8601856231689453, 2985
0.8611822128295898, 2984
0.8611822128295898, 2983
0.8621828556060791, 2982
0.8621828556060791, 2981
0.8631937503814697, 2980
0.8631937503814697, 2979
0.8641974925994873, 2978
0.8651721477508545, 2977
0.8651721477508545, 2976
0.8651721477508545, 2975
0.8651721477508545, 2974
0.8662006855010986, 2973
0.8681948184967041, 2972
0.8681948184967041, 2971
0.8681948184967041, 2970
0.8701906204223633, 2969
0.8701906204223633, 2968
0.8701906204223633, 2967
0.871187686920166, 2966
0.871187686920166, 2965
0.871187686920166, 2964
0.8761749267578125, 2963
0.878169059753418, 2962
0.878169059753418, 2961
0.8791344165802002, 2960
0.8791344165802002, 2959
0.8801381587982178, 2958
0.8811442852020264, 2957
0.8811442852020264, 2956
0.8821258544921875, 2955
0.8821258544921875, 2954
0.8821258544921875, 2953
0.8831219673156738, 2952
0.8831219673156738, 2951
0.8831219673156738, 2950
0.8831219673156738, 2949
0.8831219673156738, 2948
0.8831219673156738, 2947
0.8841192722320557, 2946
0.8841192722320557, 2945
0.8841192722320557, 2944
0.8841192722320557, 2943
0.8851163387298584, 2942
0.8851163387298584, 2941
0.8861136436462402, 2940
0.8871111869812012, 2939
0.8871111869812012, 2938
0.8871111869812012, 2937
0.8871111869812012, 2936
0.8881087303161621, 2935
0.8881087303161621, 2934
0.8881087303161621, 2933
0.8891057968139648, 2932
0.8891057968139648, 2931
0.8891057968139648, 2930
0.8891057968139648, 2929
0.8901031017303467, 2928
0.8901031017303467, 2927
0.8911011219024658, 2926
0.8920993804931641, 2925
0.8920993804931641, 2924
0.8920993804931641, 2923
0.8931000232696533, 2922
0.8931000232696533, 2921
0.8931000232696533, 2920
0.8931000232696533, 2919
0.8940927982330322, 2918
0.8940927982330322, 2917
0.8961234092712402, 2916
0.8971443176269531, 2915
0.8981442451477051, 2914
0.8990802764892578, 2913
0.8990802764892578, 2912
0.8990802764892578, 2911
0.9000766277313232, 2910
0.9000766277313232, 2909
0.9010739326477051, 2908
0.9020712375640869, 2907
0.9020712375640869, 2906
0.9020712375640869, 2905
0.9020712375640869, 2904
0.9030687808990479, 2903
0.9030687808990479, 2902
0.9040660858154297, 2901
0.9040660858154297, 2900
0.9060604572296143, 2899
0.9060604572296143, 2898
0.9060604572296143, 2897
0.9060604572296143, 2896
0.9060604572296143, 2895
0.9070580005645752, 2894
0.9070580005645752, 2893
0.9070580005645752, 2892
0.9080603122711182, 2891
0.9080603122711182, 2890
0.9090535640716553, 2889
0.9090535640716553, 2888
0.9100513458251953, 2887
0.9100513458251953, 2886
0.9110503196716309, 2885
0.9110503196716309, 2884
0.9110503196716309, 2883
0.9120452404022217, 2882
0.9120452404022217, 2881
0.9150638580322266, 2880
0.9160680770874023, 2879
0.9160680770874023, 2878
0.9160680770874023, 2877
0.9170317649841309, 2876
0.9180288314819336, 2875
0.9190261363983154, 2874
0.9190261363983154, 2873
0.9190261363983154, 2872
0.9200229644775391, 2871
0.9200229644775391, 2870
0.9200229644775391, 2869
0.9210202693939209, 2868
0.9230151176452637, 2867
0.9230151176452637, 2866
0.9260096549987793, 2865
0.9270374774932861, 2864
0.9280033111572266, 2863
0.9280033111572266, 2862
0.9280033111572266, 2861
0.9290316104888916, 2860
0.9290316104888916, 2859
0.9339871406555176, 2858
0.9349832534790039, 2857
0.9349832534790039, 2856
0.9349832534790039, 2855
0.9359805583953857, 2854
0.9369776248931885, 2853
0.9389724731445312, 2852
0.9389724731445312, 2851
0.9389724731445312, 2850
0.9409694671630859, 2849
0.9419834613800049, 2848
0.9429631233215332, 2847
0.946953296661377, 2846
0.946953296661377, 2845
0.9519407749176025, 2844
0.9519407749176025, 2843
0.9529383182525635, 2842
0.9529383182525635, 2841
0.9529383182525635, 2840
0.9529383182525635, 2839
0.9539651870727539, 2838
0.9539651870727539, 2837
0.9539651870727539, 2836
0.9549641609191895, 2835
0.9549641609191895, 2834
0.9559283256530762, 2833
0.9559283256530762, 2832
0.9559283256530762, 2831
0.9559283256530762, 2830
0.9569246768951416, 2829
0.9599173069000244, 2828
0.9599173069000244, 2827
0.9609169960021973, 2826
0.9609169960021973, 2825
0.9668982028961182, 2824
0.9668982028961182, 2823
0.9678950309753418, 2822
0.9688918590545654, 2821
0.9698891639709473, 2820
0.9698891639709473, 2819
0.9708881378173828, 2818
0.9708881378173828, 2817
0.9708881378173828, 2816
0.9728813171386719, 2815
0.9789011478424072, 2814
0.9789011478424072, 2813
0.9789011478424072, 2812
0.9818680286407471, 2811
0.982924222946167, 2810
0.9838533401489258, 2809
0.9838533401489258, 2808
0.9848518371582031, 2807
0.9848518371582031, 2806
0.9858489036560059, 2805
0.9858489036560059, 2804
0.98787522315979, 2803
0.98787522315979, 2802
0.98787522315979, 2801
0.9888720512390137, 2800
0.9958217144012451, 2799
1.0018067359924316, 2798
1.0028042793273926, 2797
1.0028042793273926, 2796
1.0038015842437744, 2795
1.0047986507415771, 2794
1.0067944526672363, 2793
1.008786916732788, 2792
1.0097851753234863, 2791
1.0197572708129883, 2790
1.0207536220550537, 2789
1.0217509269714355, 2788
1.0217509269714355, 2787
1.0217509269714355, 2786
1.0297300815582275, 2785
1.0297300815582275, 2784
1.0297300815582275, 2783
1.0307271480560303, 2782
1.0307271480560303, 2781
1.0307271480560303, 2780
1.0307271480560303, 2779
1.0307271480560303, 2778
1.031724452972412, 2777
1.031724452972412, 2776
1.0357146263122559, 2775
1.0357146263122559, 2774
1.0357146263122559, 2773
1.0357146263122559, 2772
1.0357146263122559, 2771
1.0367112159729004, 2770
1.0367112159729004, 2769
1.0367112159729004, 2768
1.0377087593078613, 2767
1.038705825805664, 2766
1.039703369140625, 2765
1.0407004356384277, 2764
1.0516715049743652, 2763
1.052668809890747, 2762
1.053666353225708, 2761
1.0546634197235107, 2760
1.0566580295562744, 2759
1.0566580295562744, 2758
1.0636403560638428, 2757
1.0706202983856201, 2756
1.072615146636963, 2755
1.0786023139953613, 2754
1.0786023139953613, 2753
1.0795977115631104, 2752
1.0795977115631104, 2751
1.0795977115631104, 2750
1.0805943012237549, 2749
1.0805943012237549, 2748
1.0805943012237549, 2747
1.0825896263122559, 2746
1.0825896263122559, 2745
1.0825896263122559, 2744
1.0835864543914795, 2743
1.0835864543914795, 2742
1.0845839977264404, 2741
1.086578369140625, 2740
1.0875756740570068, 2739
1.0875756740570068, 2738
1.0885732173919678, 2737
1.0895707607269287, 2736
1.0895707607269287, 2735
1.0905680656433105, 2734
1.0915896892547607, 2733
1.0935797691345215, 2732
1.0945637226104736, 2731
1.0965521335601807, 2730
1.0975489616394043, 2729
1.098546028137207, 2728
1.0995433330535889, 2727
1.1005406379699707, 2726
1.101538896560669, 2725
1.101538896560669, 2724
1.101538896560669, 2723
1.1035327911376953, 2722
1.1035327911376953, 2721
1.1045305728912354, 2720
1.1135060787200928, 2719
1.1135060787200928, 2718
1.1164989471435547, 2717
1.1174957752227783, 2716
1.1184930801391602, 2715
1.122483730316162, 2714
1.127469778060913, 2713
1.127469778060913, 2712
1.1284658908843994, 2711
1.1284658908843994, 2710
1.1324551105499268, 2709
1.1324551105499268, 2708
1.1334521770477295, 2707
1.1334521770477295, 2706
1.1344497203826904, 2705
1.1344497203826904, 2704
1.1354482173919678, 2703
1.1354482173919678, 2702
1.1384391784667969, 2701
1.1394364833831787, 2700
1.1494100093841553, 2699
1.1504077911376953, 2698
1.1504077911376953, 2697
1.1504077911376953, 2696
1.151404619216919, 2695
1.1533989906311035, 2694
1.1533989906311035, 2693
1.1553945541381836, 2692
1.1563911437988281, 2691
1.1583876609802246, 2690
1.1593844890594482, 2689
1.1603820323944092, 2688
1.1603820323944092, 2687
1.1614320278167725, 2686
1.1614749431610107, 2685
1.1624729633331299, 2684
1.1624729633331299, 2683
1.1634700298309326, 2682
1.1634700298309326, 2681
1.1634700298309326, 2680
1.1634700298309326, 2679
1.1644668579101562, 2678
1.1644668579101562, 2677
1.1654644012451172, 2676
1.1664621829986572, 2675
1.16745924949646, 2674
1.1684560775756836, 2673
1.1684560775756836, 2672
1.1684560775756836, 2671
1.1695423126220703, 2670
1.1695423126220703, 2669
1.171536922454834, 2668
1.171536922454834, 2667
1.172534465789795, 2666
1.173532485961914, 2665
1.173532485961914, 2664
1.173532485961914, 2663
1.173532485961914, 2662
1.174529790878296, 2661
1.174529790878296, 2660
1.174529790878296, 2659
1.174529790878296, 2658
1.1755266189575195, 2657
1.1755266189575195, 2656
1.1765239238739014, 2655
1.1765239238739014, 2654
1.1765239238739014, 2653
1.1775212287902832, 2652
1.1775212287902832, 2651
1.180513620376587, 2650
1.1885831356048584, 2649
1.194633960723877, 2648
1.1996197700500488, 2647
1.1996197700500488, 2646
1.2359094619750977, 2645
1.247877597808838, 2644
1.26084303855896, 2643
1.3027403354644775, 2642
1.3326504230499268, 2641
1.3446214199066162, 2640
1.3446214199066162, 2639
1.3446214199066162, 2638
1.3446214199066162, 2637
1.345616102218628, 2636
1.3825180530548096, 2635
1.3825180530548096, 2634
1.3865077495574951, 2633
1.3994712829589844, 2632
1.3994712829589844, 2631
1.4064533710479736, 2630
1.413435459136963, 2629
1.4214138984680176, 2628
1.4234097003936768, 2627
1.4493381977081299, 2626
1.4992046356201172, 2625
1.4992046356201172, 2624
1.5031940937042236, 2623
1.5161595344543457, 2622
1.5161595344543457, 2621
1.5171566009521484, 2620
1.5211458206176758, 2619
1.5211458206176758, 2618
1.5211458206176758, 2617
1.5231409072875977, 2616
1.528130292892456, 2615
1.5520637035369873, 2614
1.553060531616211, 2613
1.5610458850860596, 2612
1.5610458850860596, 2611
1.5660264492034912, 2610
1.5660264492034912, 2609
1.5690178871154785, 2608
1.5710124969482422, 2607
1.578010082244873, 2606
1.5819830894470215, 2605
1.5819830894470215, 2604
1.5829808712005615, 2603
1.5935416221618652, 2602
1.6005184650421143, 2601
1.6035094261169434, 2600
1.6075003147125244, 2599
1.6164746284484863, 2598
1.6174719333648682, 2597
1.635580062866211, 2596
1.6375749111175537, 2595
1.6496121883392334, 2594
1.6506149768829346, 2593
1.6516070365905762, 2592
1.6526038646697998, 2591
1.6536009311676025, 2590
1.6545989513397217, 2589
1.6649394035339355, 2588
1.6746585369110107, 2587
1.6756556034088135, 2586
1.684631109237671, 2585
1.6876230239868164, 2584
1.7046024799346924, 2583
1.7055749893188477, 2582
1.7065727710723877, 2581
1.7185394763946533, 2580
1.7305092811584473, 2579
1.7344977855682373, 2578
1.7344977855682373, 2577
1.7364916801452637, 2576
1.7384874820709229, 2575
1.7723960876464844, 2574
1.7783806324005127, 2573
1.786360263824463, 2572
1.786360263824463, 2571
1.8252551555633545, 2570
1.8302433490753174, 2569
1.8352272510528564, 2568
1.8362250328063965, 2567
1.8402142524719238, 2566
1.8621578216552734, 2565
1.8621578216552734, 2564
1.863154649734497, 2563
1.9210309982299805, 2562
1.9220290184020996, 2561
1.9349610805511475, 2560
1.9359588623046875, 2559
1.968902826309204, 2558
1.968902826309204, 2557
1.9708950519561768, 2556
1.9828376770019531, 2555
1.9848275184631348, 2554
1.9848275184631348, 2553
1.9868226051330566, 2552
2.0207314491271973, 2551
2.0237314701080322, 2550
2.0287230014801025, 2549
2.030705690383911, 2548
2.0326993465423584, 2547
2.0326993465423584, 2546
2.049654245376587, 2545
2.0526459217071533, 2544
2.0526459217071533, 2543
2.081568717956543, 2542
2.0818164348602295, 2541
2.0818164348602295, 2540
2.0988996028900146, 2539
2.0998969078063965, 2538
2.116056442260742, 2537
2.1250903606414795, 2536
2.14213490486145, 2535
2.1492531299591064, 2534
2.1492531299591064, 2533
2.151245355606079, 2532
2.151245355606079, 2531
2.151245355606079, 2530
2.177516460418701, 2529
2.1844983100891113, 2528
2.1844983100891113, 2527
2.185577392578125, 2526
2.19362473487854, 2525
2.1946237087249756, 2524
2.2006072998046875, 2523
2.212711811065674, 2522
2.2157042026519775, 2521
2.219693183898926, 2520
2.229773759841919, 2519
2.229773759841919, 2518
2.240995407104492, 2517
2.2420244216918945, 2516
2.2450172901153564, 2515
2.2459840774536133, 2514
2.2459840774536133, 2513
2.2489750385284424, 2512
2.263072967529297, 2511
2.2640745639801025, 2510
2.288290500640869, 2509
2.295274496078491, 2508
2.299267530441284, 2507
2.3002614974975586, 2506
2.3113319873809814, 2505
2.326453447341919, 2504
2.3364267349243164, 2503
2.3364267349243164, 2502
2.346400499343872, 2501
2.3573713302612305, 2500
2.3583693504333496, 2499
2.3653485774993896, 2498
2.3663458824157715, 2497
2.3683395385742188, 2496
2.3683395385742188, 2495
2.387289524078369, 2494
2.390282392501831, 2493
2.397263288497925, 2492
2.397263288497925, 2491
2.4112274646759033, 2490
2.414217233657837, 2489
2.415215492248535, 2488
2.4810409545898438, 2487
2.522925615310669, 2486
2.522925615310669, 2485
2.522925615310669, 2484
2.5338969230651855, 2483
2.5348944664001465, 2482
2.5368893146514893, 2481
2.5458648204803467, 2480
2.560826063156128, 2479
2.600717544555664, 2478
2.600717544555664, 2477
2.654573440551758, 2476
2.697460651397705, 2475
2.697460651397705, 2474
2.6984567642211914, 2473
2.6984567642211914, 2472
2.700451612472534, 2471
2.7084813117980957, 2470
2.7094507217407227, 2469
2.72257661819458, 2468
2.7265660762786865, 2467
2.738640546798706, 2466
2.7426297664642334, 2465
2.7426297664642334, 2464
2.7426297664642334, 2463
2.7458324432373047, 2462
2.749821662902832, 2461
2.749821662902832, 2460
2.751816511154175, 2459
2.751816511154175, 2458
2.7640440464019775, 2457
2.7721199989318848, 2456
2.7721199989318848, 2455
2.7871854305267334, 2454
2.7911744117736816, 2453
2.8164193630218506, 2452
2.819410800933838, 2451
2.8214054107666016, 2450
2.8224027156829834, 2449
2.8265504837036133, 2448
2.838585138320923, 2447
2.838585138320923, 2446
2.8587424755096436, 2445
2.8587424755096436, 2444
2.869814157485962, 2443
2.897737503051758, 2442
2.897737503051758, 2441
2.8997318744659424, 2440
2.905717372894287, 2439
2.905717372894287, 2438
2.907711982727051, 2437
2.9156904220581055, 2436
2.9607129096984863, 2435
2.9728000164031982, 2434
2.9728000164031982, 2433
2.9728000164031982, 2432
2.9827723503112793, 2431
3.006042003631592, 2430
3.0080349445343018, 2429
3.0131282806396484, 2428
3.017148971557617, 2427
3.020141839981079, 2426
3.026092529296875, 2425
3.028087615966797, 2424
3.0683507919311523, 2423
3.079444169998169, 2422
3.080538749694824, 2421
3.081568956375122, 2420
3.081568956375122, 2419
3.081568956375122, 2418
3.108941078186035, 2417
3.1099390983581543, 2416
3.1140410900115967, 2415
3.117060899734497, 2414
3.1250407695770264, 2413
3.1250407695770264, 2412
3.1300294399261475, 2411
3.1419942378997803, 2410
3.325613260269165, 2409
3.3317580223083496, 2408
3.3327553272247314, 2407
3.342729091644287, 2406
3.351820230484009, 2405
3.351820230484009, 2404
3.3538153171539307, 2403
3.370769739151001, 2402
3.3787484169006348, 2401
3.3787484169006348, 2400
3.411860466003418, 2399
3.417844533920288, 2398
3.423828601837158, 2397
3.423828601837158, 2396
3.425919771194458, 2395
3.4349863529205322, 2394
3.4561257362365723, 2393
3.4591176509857178, 2392
3.4751086235046387, 2391
3.4771006107330322, 2390
3.4780991077423096, 2389
3.481090545654297, 2388
3.4820871353149414, 2387
3.488071918487549, 2386
3.4921789169311523, 2385
3.4921789169311523, 2384
3.4921789169311523, 2383
3.5011556148529053, 2382
3.5011556148529053, 2381
3.5011556148529053, 2380
3.5193305015563965, 2379
3.520327568054199, 2378
3.521411657333374, 2377
3.5713768005371094, 2376
3.5723764896392822, 2375
3.5843429565429688, 2374
3.593430757522583, 2373
3.597421169281006, 2372
3.609577178955078, 2371
3.612569808959961, 2370
3.612569808959961, 2369
3.619551181793213, 2368
3.619551181793213, 2367
3.6436612606048584, 2366
3.6446585655212402, 2365
3.647651195526123, 2364
3.6496925354003906, 2363
3.6536824703216553, 2362
3.654679775238037, 2361
3.655677080154419, 2360
3.655677080154419, 2359
3.656675338745117, 2358
3.6809096336364746, 2357
3.687994956970215, 2356
3.687994956970215, 2355
3.692110061645508, 2354
3.717294216156006, 2353
3.7688775062561035, 2352
3.7688775062561035, 2351
3.769906759262085, 2350
3.7919912338256836, 2349
3.7930920124053955, 2348
3.7971107959747314, 2347
3.802220106124878, 2346
3.8083245754241943, 2345
3.809356927871704, 2344
3.8263890743255615, 2343
3.8323729038238525, 2342
3.8323729038238525, 2341
3.8374454975128174, 2340
3.842550039291382, 2339
3.8555150032043457, 2338
3.8916914463043213, 2337
3.9188392162323, 2336
4.1568803787231445, 2335
4.1568803787231445, 2334
4.1568803787231445, 2333
4.1568803787231445, 2332
4.15787672996521, 2331
4.167932987213135, 2330
4.167932987213135, 2329
4.174983978271484, 2328
4.183960199356079, 2327
4.183960199356079, 2326
4.183960199356079, 2325
4.190053462982178, 2324
4.226168870925903, 2323
4.2311553955078125, 2322
4.237250089645386, 2321
4.237250089645386, 2320
4.237250089645386, 2319
4.237250089645386, 2318
4.243290901184082, 2317
4.245285511016846, 2316
4.249322891235352, 2315
4.252315521240234, 2314
4.265377759933472, 2313
4.292663335800171, 2312
7.8547117710113525, 2311
7.872770547866821, 2310
7.8839263916015625, 2309
8.006579637527466, 2308
8.023534297943115, 2307
8.14418649673462, 2306
8.285139799118042, 2305
8.310283422470093, 2304
8.315372228622437, 2303
8.338311433792114, 2302
8.467100143432617, 2301
8.471088409423828, 2300
8.543485879898071, 2299
8.621253967285156, 2298
8.667132377624512, 2297
8.753599405288696, 2296
8.899177074432373, 2295
8.901171922683716, 2294
9.103289604187012, 2293
9.108276844024658, 2292
9.151271343231201, 2291
9.32180118560791, 2290
9.347813129425049, 2289
9.393892288208008, 2288
9.424809694290161, 2287
9.506102561950684, 2286
9.535264492034912, 2285
9.739317893981934, 2284
9.858680486679077, 2283
9.933130741119385, 2282
9.959062337875366, 2281
10.01627492904663, 2280
10.11633038520813, 2279
10.171555280685425, 2278
10.685431480407715, 2277
10.756449699401855, 2276
10.980631828308105, 2275
11.326571702957153, 2274
11.355807304382324, 2273
11.648824453353882, 2272
11.774077415466309, 2271
11.87975025177002, 2270
11.91411304473877, 2269
11.979404211044312, 2268
12.020548105239868, 2267
12.183653116226196, 2266
12.4118492603302, 2265
12.526516675949097, 2264
12.808988094329834, 2263
13.127626419067383, 2262
13.488500595092773, 2261
13.609015941619873, 2260
13.89548373222351, 2259
13.929802179336548, 2258
14.032418012619019, 2257
14.275612354278564, 2256
14.541737794876099, 2255
14.58403754234314, 2254
14.58403754234314, 2253
14.623321533203125, 2252
15.406787633895874, 2251
15.680451393127441, 2250
15.941491603851318, 2249
16.599875926971436, 2248
16.648270845413208, 2247
16.733554124832153, 2246
17.08016300201416, 2245
17.1754891872406, 2244
17.667941331863403, 2243
17.88111400604248, 2242
17.962597608566284, 2241
18.00290560722351, 2240
18.14393138885498, 2239
18.259175300598145, 2238
19.4034481048584, 2237
19.616479635238647, 2236
19.826448917388916, 2235
19.91392993927002, 2234
20.783685207366943, 2233
21.490997076034546, 2232
22.673309564590454, 2231
22.71727418899536, 2230
23.125542879104614, 2229
23.477797031402588, 2228
23.54587697982788, 2227
23.77286171913147, 2226
23.77286171913147, 2225
25.18099856376648, 2224
25.434499740600586, 2223
26.629266262054443, 2222
27.3771550655365, 2221
28.720709562301636, 2220
30.057631254196167, 2219
30.185510396957397, 2218
30.622212886810303, 2217
31.882800817489624, 2216
31.95913052558899, 2215
36.04222059249878, 2214
37.11840510368347, 2213
