0.0, 2269
0.10571765899658203, 2268
0.10970735549926758, 2267
0.1516273021697998, 2266
0.1625654697418213, 2265
0.2563471794128418, 2264
0.2952432632446289, 2263
0.3121671676635742, 2262
0.3361337184906006, 2261
0.3839731216430664, 2260
0.4248940944671631, 2259
0.43187856674194336, 2258
0.49172115325927734, 2257
0.526625394821167, 2256
0.5485329627990723, 2255
0.6183786392211914, 2254
0.6921815872192383, 2253
0.7140917778015137, 2252
0.7350344657897949, 2251
0.7849338054656982, 2250
0.7929120063781738, 2249
0.7949106693267822, 2248
0.8118290901184082, 2247
0.8377923965454102, 2246
0.8607330322265625, 2245
0.8896539211273193, 2244
0.8966348171234131, 2243
0.8996264934539795, 2242
0.9395198822021484, 2241
0.9584386348724365, 2240
0.968411922454834, 2239
1.046238660812378, 2238
1.0492265224456787, 2237
1.1798808574676514, 2236
1.198824167251587, 2235
1.2297439575195312, 2234
1.2895534038543701, 2233
1.2955684661865234, 2232
1.494035005569458, 2231
1.5179414749145508, 2230
1.5578362941741943, 2229
1.6515834331512451, 2228
1.840080976486206, 2227
1.8729918003082275, 2226
2.231069803237915, 2225
2.2380478382110596, 2224
2.2519781589508057, 2223
2.329803943634033, 2222
2.366672992706299, 2221
2.4913394451141357, 2220
3.053866386413574, 2219
3.138608932495117, 2218
3.2702903747558594, 2217
3.762937545776367, 2216
3.7928574085235596, 2215
3.8148324489593506, 2214
4.073109149932861, 2213
4.395247459411621, 2212
5.046504974365234, 2211
5.7406487464904785, 2210
5.8972320556640625, 2209
6.207401514053345, 2208
7.725371599197388, 2207
10.14390778541565, 2206
10.95371150970459, 2205
16.63152527809143, 2204
41.223021030426025, 2203
