0.0, 2269
0.11668825149536133, 2268
0.11967825889587402, 2267
0.1575784683227539, 2266
0.16957736015319824, 2265
0.2652904987335205, 2264
0.3061811923980713, 2263
0.32512879371643066, 2262
0.34909701347351074, 2261
0.39693689346313477, 2260
0.4388597011566162, 2259
0.44584012031555176, 2258
0.5096368789672852, 2257
0.545539379119873, 2256
0.5685112476348877, 2255
0.6393213272094727, 2254
0.715118408203125, 2253
0.7380576133728027, 2252
0.7599678039550781, 2251
0.81282639503479, 2250
0.8218357563018799, 2249
0.8248231410980225, 2248
0.8417811393737793, 2247
0.8697092533111572, 2246
0.8946387767791748, 2245
0.9255599975585938, 2244
0.9325370788574219, 2243
0.9355289936065674, 2242
0.9764184951782227, 2241
0.9963357448577881, 2240
1.0073063373565674, 2239
1.0850987434387207, 2238
1.088090419769287, 2237
1.223726511001587, 2236
1.2437050342559814, 2235
1.278611421585083, 2234
1.345400333404541, 2233
1.3503875732421875, 2232
1.5568366050720215, 2231
1.5807712078094482, 2230
1.6187026500701904, 2229
1.717407464981079, 2228
1.914879322052002, 2227
1.9527781009674072, 2226
2.3267765045166016, 2225
2.33375883102417, 2224
2.347752809524536, 2223
2.435518264770508, 2222
2.474416971206665, 2221
2.616004467010498, 2220
3.194457769393921, 2219
3.277266502380371, 2218
3.421849489212036, 2217
3.941493034362793, 2216
3.9714152812957764, 2215
3.994318962097168, 2214
4.263598442077637, 2213
4.658574342727661, 2212
5.341713905334473, 2211
6.097693920135498, 2210
6.232332944869995, 2209
6.541537761688232, 2208
8.207053184509277, 2207
10.494933605194092, 2206
11.365638494491577, 2205
16.842992782592773, 2204
47.56478238105774, 2203
