0.0, 2269
0.04587912559509277, 2268
0.16591739654541016, 2267
0.1778867244720459, 2266
0.20680880546569824, 2265
0.27184581756591797, 2264
0.2808237075805664, 2263
0.3616058826446533, 2262
0.37656593322753906, 2261
0.43441128730773926, 2260
0.4433882236480713, 2259
0.4992377758026123, 2258
0.5191836357116699, 2257
0.5650608539581299, 2256
0.5650608539581299, 2255
0.6491601467132568, 2254
0.6802027225494385, 2253
0.6852200031280518, 2252
0.7345962524414062, 2251
0.7555081844329834, 2250
0.880678653717041, 2249
0.9245662689208984, 2248
0.9465091228485107, 2247
0.9734399318695068, 2246
1.0503756999969482, 2245
1.0663337707519531, 2244
1.1212193965911865, 2243
1.1311590671539307, 2242
1.148249626159668, 2241
1.2542922496795654, 2240
1.3122200965881348, 2239
1.4099581241607666, 2238
1.427910327911377, 2237
1.579730749130249, 2236
1.69618821144104, 2235
1.7281036376953125, 2234
1.8022921085357666, 2233
1.8112683296203613, 2232
1.9692966938018799, 2231
1.9872150421142578, 2230
2.05206298828125, 2229
2.244960069656372, 2228
2.281202793121338, 2227
2.4772753715515137, 2226
2.615122079849243, 2225
2.7281582355499268, 2224
2.7780823707580566, 2223
3.0418577194213867, 2222
3.159571409225464, 2221
3.714247703552246, 2220
4.045245170593262, 2219
4.391775846481323, 2218
4.64728569984436, 2217
4.874256134033203, 2216
5.623213291168213, 2215
5.99819803237915, 2214
6.490165948867798, 2213
7.690676689147949, 2212
8.823277950286865, 2211
9.146417379379272, 2210
9.610268592834473, 2209
10.4852774143219, 2208
11.973190546035767, 2207
12.399195671081543, 2206
17.11447787284851, 2205
