0.02789306640625, 3721
0.028890609741210938, 3720
0.03490757942199707, 3719
0.03490757942199707, 3718
0.03490757942199707, 3717
0.03490757942199707, 3716
0.03490757942199707, 3715
0.03590202331542969, 3714
0.03590202331542969, 3713
0.03690171241760254, 3712
0.03690171241760254, 3711
0.03690171241760254, 3710
0.03690171241760254, 3709
0.03690171241760254, 3708
0.03789877891540527, 3707
0.03789877891540527, 3706
0.03789877891540527, 3705
0.03889870643615723, 3704
0.03889870643615723, 3703
0.03889870643615723, 3702
0.03889870643615723, 3701
0.03889870643615723, 3700
0.039893150329589844, 3699
0.039893150329589844, 3698
0.0408935546875, 3697
0.0408935546875, 3696
0.0408935546875, 3695
0.0408935546875, 3694
0.0408935546875, 3693
0.04188847541809082, 3692
0.04188847541809082, 3691
0.04188847541809082, 3690
0.042885541915893555, 3689
0.042885541915893555, 3688
0.042885541915893555, 3687
0.042885541915893555, 3686
0.042885541915893555, 3685
0.042885541915893555, 3684
0.04388093948364258, 3683
0.04388093948364258, 3682
0.04388093948364258, 3681
0.044879913330078125, 3680
0.044879913330078125, 3679
0.044879913330078125, 3678
0.044879913330078125, 3677
0.04587697982788086, 3676
0.04684329032897949, 3675
0.04887199401855469, 3674
0.04887199401855469, 3673
0.049866676330566406, 3672
0.049866676330566406, 3671
0.049866676330566406, 3670
0.049866676330566406, 3669
0.049866676330566406, 3668
0.049866676330566406, 3667
0.050864458084106445, 3666
0.050864458084106445, 3665
0.050864458084106445, 3664
0.05185890197753906, 3663
0.05185890197753906, 3662
0.052858591079711914, 3661
0.052858591079711914, 3660
0.052858591079711914, 3659
0.05585145950317383, 3658
0.05585145950317383, 3657
0.05585145950317383, 3656
0.0578458309173584, 3655
0.05884265899658203, 3654
0.05884265899658203, 3653
0.05884265899658203, 3652
0.05884265899658203, 3651
0.05884265899658203, 3650
0.05884265899658203, 3649
0.059838294982910156, 3648
0.059838294982910156, 3647
0.059838294982910156, 3646
0.059838294982910156, 3645
0.059838294982910156, 3644
0.059838294982910156, 3643
0.0608370304107666, 3642
0.0628347396850586, 3641
0.06379961967468262, 3640
0.06482911109924316, 3639
0.06482911109924316, 3638
0.06482911109924316, 3637
0.06482911109924316, 3636
0.06482911109924316, 3635
0.06582379341125488, 3634
0.06582379341125488, 3633
0.06582379341125488, 3632
0.06582379341125488, 3631
0.06682157516479492, 3630
0.06682157516479492, 3629
0.06682157516479492, 3628
0.06781649589538574, 3627
0.06781649589538574, 3626
0.06781649589538574, 3625
0.06781649589538574, 3624
0.0688161849975586, 3623
0.0688161849975586, 3622
0.06981348991394043, 3621
0.07081317901611328, 3620
0.07280802726745605, 3619
0.07280802726745605, 3618
0.07280802726745605, 3617
0.07380247116088867, 3616
0.07480120658874512, 3615
0.07579469680786133, 3614
0.07579469680786133, 3613
0.07579469680786133, 3612
0.07679486274719238, 3611
0.07679486274719238, 3610
0.07679486274719238, 3609
0.07779288291931152, 3608
0.07879185676574707, 3607
0.07879185676574707, 3606
0.07879185676574707, 3605
0.07879185676574707, 3604
0.07978677749633789, 3603
0.07978677749633789, 3602
0.08078742027282715, 3601
0.0827784538269043, 3600
0.08377385139465332, 3599
0.08377385139465332, 3598
0.08377385139465332, 3597
0.08477473258972168, 3596
0.08477473258972168, 3595
0.08577084541320801, 3594
0.08577084541320801, 3593
0.08577084541320801, 3592
0.08677077293395996, 3591
0.08677077293395996, 3590
0.08776617050170898, 3589
0.08776617050170898, 3588
0.08776617050170898, 3587
0.08776617050170898, 3586
0.08776617050170898, 3585
0.08876514434814453, 3584
0.08976030349731445, 3583
0.08976030349731445, 3582
0.08976030349731445, 3581
0.08976030349731445, 3580
0.09075760841369629, 3579
0.09075760841369629, 3578
0.09075760841369629, 3577
0.09075760841369629, 3576
0.0917520523071289, 3575
0.0917520523071289, 3574
0.0917520523071289, 3573
0.09275221824645996, 3572
0.09275221824645996, 3571
0.09275221824645996, 3570
0.09275221824645996, 3569
0.0937492847442627, 3568
0.09474945068359375, 3567
0.09474945068359375, 3566
0.09574437141418457, 3565
0.09574437141418457, 3564
0.09574437141418457, 3563
0.0967097282409668, 3562
0.0967097282409668, 3561
0.09770679473876953, 3560
0.09770679473876953, 3559
0.09870338439941406, 3558
0.09870338439941406, 3557
0.09870338439941406, 3556
0.0997006893157959, 3555
0.0997006893157959, 3554
0.10069847106933594, 3553
0.10069847106933594, 3552
0.10069847106933594, 3551
0.10069847106933594, 3550
0.10169553756713867, 3549
0.10169553756713867, 3548
0.10169553756713867, 3547
0.10269284248352051, 3546
0.10369014739990234, 3545
0.10369014739990234, 3544
0.10369014739990234, 3543
0.10468745231628418, 3542
0.10468745231628418, 3541
0.10568475723266602, 3540
0.10568475723266602, 3539
0.10568475723266602, 3538
0.10668206214904785, 3537
0.10668206214904785, 3536
0.10668206214904785, 3535
0.10867691040039062, 3534
0.10967421531677246, 3533
0.10967421531677246, 3532
0.10967421531677246, 3531
0.1106712818145752, 3530
0.11166906356811523, 3529
0.11166906356811523, 3528
0.11166906356811523, 3527
0.11266613006591797, 3526
0.11266613006591797, 3525
0.11366486549377441, 3524
0.11366486549377441, 3523
0.11366486549377441, 3522
0.11469411849975586, 3521
0.1156620979309082, 3520
0.1156620979309082, 3519
0.11765289306640625, 3518
0.11765289306640625, 3517
0.11865019798278809, 3516
0.11964750289916992, 3515
0.11964750289916992, 3514
0.12067961692810059, 3513
0.12067961692810059, 3512
0.12366676330566406, 3511
0.12366676330566406, 3510
0.12366676330566406, 3509
0.12366676330566406, 3508
0.1266639232635498, 3507
0.12762665748596191, 3506
0.12762665748596191, 3505
0.12762665748596191, 3504
0.12865853309631348, 3503
0.12865853309631348, 3502
0.13062024116516113, 3501
0.13062024116516113, 3500
0.1326448917388916, 3499
0.1326448917388916, 3498
0.13364243507385254, 3497
0.1346423625946045, 3496
0.1346423625946045, 3495
0.1346423625946045, 3494
0.1346423625946045, 3493
0.1356372833251953, 3492
0.1356372833251953, 3491
0.13663697242736816, 3490
0.13763165473937988, 3489
0.13763165473937988, 3488
0.13763165473937988, 3487
0.13763165473937988, 3486
0.13763165473937988, 3485
0.13763165473937988, 3484
0.13862895965576172, 3483
0.13862895965576172, 3482
0.1406264305114746, 3481
0.14159083366394043, 3480
0.14159083366394043, 3479
0.14159083366394043, 3478
0.14262127876281738, 3477
0.14361572265625, 3476
0.14361572265625, 3475
0.14461541175842285, 3474
0.14461541175842285, 3473
0.14561080932617188, 3472
0.14561080932617188, 3471
0.1465766429901123, 3470
0.14860248565673828, 3469
0.14860248565673828, 3468
0.14860248565673828, 3467
0.14960026741027832, 3466
0.14960026741027832, 3465
0.14960026741027832, 3464
0.14960026741027832, 3463
0.14960026741027832, 3462
0.15060019493103027, 3461
0.1515951156616211, 3460
0.1515951156616211, 3459
0.15259480476379395, 3458
0.15259480476379395, 3457
0.15359044075012207, 3456
0.15359044075012207, 3455
0.15359044075012207, 3454
0.15359044075012207, 3453
0.15359044075012207, 3452
0.1545865535736084, 3451
0.1545865535736084, 3450
0.1545865535736084, 3449
0.1545865535736084, 3448
0.15558147430419922, 3447
0.15558147430419922, 3446
0.15558147430419922, 3445
0.15658116340637207, 3444
0.15658116340637207, 3443
0.15658116340637207, 3442
0.15658116340637207, 3441
0.157578706741333, 3440
0.157578706741333, 3439
0.157578706741333, 3438
0.15857839584350586, 3437
0.15857839584350586, 3436
0.15857839584350586, 3435
0.15857839584350586, 3434
0.15857839584350586, 3433
0.15857839584350586, 3432
0.15957331657409668, 3431
0.15957331657409668, 3430
0.16256499290466309, 3429
0.16256499290466309, 3428
0.16256499290466309, 3427
0.16256499290466309, 3426
0.16353178024291992, 3425
0.16353178024291992, 3424
0.16456127166748047, 3423
0.16456127166748047, 3422
0.16456127166748047, 3421
0.16456127166748047, 3420
0.1655595302581787, 3419
0.1655595302581787, 3418
0.1655595302581787, 3417
0.16655731201171875, 3416
0.16655731201171875, 3415
0.16755247116088867, 3414
0.16755247116088867, 3413
0.16855263710021973, 3412
0.16855263710021973, 3411
0.16855263710021973, 3410
0.16855263710021973, 3409
0.16855263710021973, 3408
0.16855263710021973, 3407
0.17054390907287598, 3406
0.1715383529663086, 3405
0.1715383529663086, 3404
0.1715383529663086, 3403
0.17253851890563965, 3402
0.17253851890563965, 3401
0.17253851890563965, 3400
0.17253851890563965, 3399
0.17253851890563965, 3398
0.17253851890563965, 3397
0.17353582382202148, 3396
0.17353582382202148, 3395
0.17353582382202148, 3394
0.17353582382202148, 3393
0.17353582382202148, 3392
0.17453598976135254, 3391
0.17453598976135254, 3390
0.17553067207336426, 3389
0.17553067207336426, 3388
0.17553067207336426, 3387
0.1765305995941162, 3386
0.1765305995941162, 3385
0.1765305995941162, 3384
0.1765305995941162, 3383
0.1765305995941162, 3382
0.1765305995941162, 3381
0.17752552032470703, 3380
0.17752552032470703, 3379
0.17752552032470703, 3378
0.1795179843902588, 3377
0.1795179843902588, 3376
0.18148231506347656, 3375
0.1824793815612793, 3374
0.18347668647766113, 3373
0.18347668647766113, 3372
0.18347668647766113, 3371
0.18447422981262207, 3370
0.18447422981262207, 3369
0.18447422981262207, 3368
0.18447422981262207, 3367
0.18447422981262207, 3366
0.1854715347290039, 3365
0.1854715347290039, 3364
0.1854715347290039, 3363
0.18646883964538574, 3362
0.18646883964538574, 3361
0.18746614456176758, 3360
0.18746614456176758, 3359
0.18746614456176758, 3358
0.18846344947814941, 3357
0.18846344947814941, 3356
0.18846344947814941, 3355
0.18846344947814941, 3354
0.18946075439453125, 3353
0.19045805931091309, 3352
0.19245290756225586, 3351
0.19245290756225586, 3350
0.19245290756225586, 3349
0.19245290756225586, 3348
0.1934502124786377, 3347
0.19444727897644043, 3346
0.19444727897644043, 3345
0.19544482231140137, 3344
0.19747281074523926, 3343
0.19946694374084473, 3342
0.19946694374084473, 3341
0.20046663284301758, 3340
0.20046663284301758, 3339
0.20046663284301758, 3338
0.20046663284301758, 3337
0.20046663284301758, 3336
0.2014615535736084, 3335
0.20545053482055664, 3334
0.20545053482055664, 3333
0.20545053482055664, 3332
0.20641589164733887, 3331
0.2074127197265625, 3330
0.20841002464294434, 3329
0.20841002464294434, 3328
0.20841002464294434, 3327
0.20841002464294434, 3326
0.20940756797790527, 3325
0.20940756797790527, 3324
0.20940756797790527, 3323
0.21140193939208984, 3322
0.21140193939208984, 3321
0.21239948272705078, 3320
0.21442914009094238, 3319
0.21442914009094238, 3318
0.21442914009094238, 3317
0.21442914009094238, 3316
0.2154240608215332, 3315
0.2154240608215332, 3314
0.21642398834228516, 3313
0.21642398834228516, 3312
0.217421293258667, 3311
0.217421293258667, 3310
0.21841907501220703, 3309
0.21941041946411133, 3308
0.21941041946411133, 3307
0.21941041946411133, 3306
0.21941041946411133, 3305
0.2204117774963379, 3304
0.2204117774963379, 3303
0.2204117774963379, 3302
0.2204117774963379, 3301
0.22140765190124512, 3300
0.22140765190124512, 3299
0.22140765190124512, 3298
0.22237539291381836, 3297
0.22237539291381836, 3296
0.2233719825744629, 3295
0.2233719825744629, 3294
0.2233719825744629, 3293
0.22436952590942383, 3292
0.22436952590942383, 3291
0.22536659240722656, 3290
0.2263636589050293, 3289
0.22736096382141113, 3288
0.2293555736541748, 3287
0.23038744926452637, 3286
0.23038744926452637, 3285
0.23138117790222168, 3284
0.23138117790222168, 3283
0.23238110542297363, 3282
0.2343730926513672, 3281
0.2343730926513672, 3280
0.2343730926513672, 3279
0.2343730926513672, 3278
0.2343730926513672, 3277
0.2353677749633789, 3276
0.2353677749633789, 3275
0.2353677749633789, 3274
0.2353677749633789, 3273
0.23636794090270996, 3272
0.2373650074005127, 3271
0.2373650074005127, 3270
0.2373650074005127, 3269
0.2373650074005127, 3268
0.23836517333984375, 3267
0.23836517333984375, 3266
0.23836517333984375, 3265
0.23836517333984375, 3264
0.23936057090759277, 3263
0.23936057090759277, 3262
0.24036097526550293, 3261
0.24036097526550293, 3260
0.24036097526550293, 3259
0.24036097526550293, 3258
0.24036097526550293, 3257
0.24036097526550293, 3256
0.24135732650756836, 3255
0.24135732650756836, 3254
0.24235177040100098, 3253
0.24235177040100098, 3252
0.24235177040100098, 3251
0.24235177040100098, 3250
0.24235177040100098, 3249
0.24334716796875, 3248
0.24334716796875, 3247
0.24334716796875, 3246
0.24434709548950195, 3245
0.24434709548950195, 3244
0.24434709548950195, 3243
0.24434709548950195, 3242
0.24434709548950195, 3241
0.2453446388244629, 3240
0.2453446388244629, 3239
0.2513253688812256, 3238
0.25232505798339844, 3237
0.25232505798339844, 3236
0.25232505798339844, 3235
0.25232505798339844, 3234
0.2533223628997803, 3233
0.2533223628997803, 3232
0.2533223628997803, 3231
0.25432252883911133, 3230
0.25531721115112305, 3229
0.2563169002532959, 3228
0.2563169002532959, 3227
0.2573120594024658, 3226
0.2573120594024658, 3225
0.2573120594024658, 3224
0.2573120594024658, 3223
0.2603037357330322, 3222
0.2603037357330322, 3221
0.2603037357330322, 3220
0.26130175590515137, 3219
0.26130175590515137, 3218
0.26130175590515137, 3217
0.26130175590515137, 3216
0.26130175590515137, 3215
0.2632639408111572, 3214
0.2632639408111572, 3213
0.2632639408111572, 3212
0.2642955780029297, 3211
0.2652904987335205, 3210
0.2652904987335205, 3209
0.2652904987335205, 3208
0.2652904987335205, 3207
0.2652904987335205, 3206
0.2652904987335205, 3205
0.26628804206848145, 3204
0.26628804206848145, 3203
0.26628804206848145, 3202
0.26628804206848145, 3201
0.2672886848449707, 3200
0.268282413482666, 3199
0.268282413482666, 3198
0.26928019523620605, 3197
0.26928019523620605, 3196
0.2702796459197998, 3195
0.2702796459197998, 3194
0.2712748050689697, 3193
0.2712748050689697, 3192
0.2722740173339844, 3191
0.2732689380645752, 3190
0.2732689380645752, 3189
0.27426671981811523, 3188
0.27426671981811523, 3187
0.27426671981811523, 3186
0.27426671981811523, 3185
0.27426671981811523, 3184
0.27426671981811523, 3183
0.27526140213012695, 3182
0.27526140213012695, 3181
0.27526140213012695, 3180
0.27725958824157715, 3179
0.27725958824157715, 3178
0.27725958824157715, 3177
0.27725958824157715, 3176
0.2782585620880127, 3175
0.2782585620880127, 3174
0.2782585620880127, 3173
0.2792539596557617, 3172
0.2792539596557617, 3171
0.2792539596557617, 3170
0.28022074699401855, 3169
0.28323984146118164, 3168
0.28323984146118164, 3167
0.28323984146118164, 3166
0.2842395305633545, 3165
0.2842395305633545, 3164
0.28523778915405273, 3163
0.2862374782562256, 3162
0.2872331142425537, 3161
0.289226770401001, 3160
0.2902243137359619, 3159
0.2902243137359619, 3158
0.2902243137359619, 3157
0.29121851921081543, 3156
0.29121851921081543, 3155
0.2922186851501465, 3154
0.2922186851501465, 3153
0.2922186851501465, 3152
0.2922186851501465, 3151
0.2922186851501465, 3150
0.2922186851501465, 3149
0.2932162284851074, 3148
0.2942159175872803, 3147
0.2942159175872803, 3146
0.2942159175872803, 3145
0.2942159175872803, 3144
0.2942159175872803, 3143
0.2952108383178711, 3142
0.2952108383178711, 3141
0.2952108383178711, 3140
0.2952108383178711, 3139
0.2952108383178711, 3138
0.2952108383178711, 3137
0.29621028900146484, 3136
0.29621028900146484, 3135
0.29621028900146484, 3134
0.29717373847961426, 3133
0.2982027530670166, 3132
0.2982027530670166, 3131
0.2982027530670166, 3130
0.2982027530670166, 3129
0.2982027530670166, 3128
0.3001973628997803, 3127
0.3001973628997803, 3126
0.30219435691833496, 3125
0.30219435691833496, 3124
0.30418896675109863, 3123
0.3061816692352295, 3122
0.3071756362915039, 3121
0.3071756362915039, 3120
0.3071756362915039, 3119
0.30817604064941406, 3118
0.30817604064941406, 3117
0.30817604064941406, 3116
0.31116771697998047, 3115
0.3121671676635742, 3114
0.31313014030456543, 3113
0.3141601085662842, 3112
0.3141601085662842, 3111
0.3141601085662842, 3110
0.3151545524597168, 3109
0.3171520233154297, 3108
0.31815195083618164, 3107
0.320145845413208, 3106
0.32114100456237793, 3105
0.32213830947875977, 3104
0.32213830947875977, 3103
0.32213830947875977, 3102
0.32213830947875977, 3101
0.3231329917907715, 3100
0.3231329917907715, 3099
0.32613039016723633, 3098
0.32613039016723633, 3097
0.32712507247924805, 3096
0.328125, 3095
0.3291194438934326, 3094
0.3291194438934326, 3093
0.3291194438934326, 3092
0.3291194438934326, 3091
0.33008694648742676, 3090
0.33008694648742676, 3089
0.3311123847961426, 3088
0.3331105709075928, 3087
0.33510398864746094, 3086
0.33510398864746094, 3085
0.33510398864746094, 3084
0.3361048698425293, 3083
0.3361048698425293, 3082
0.3361048698425293, 3081
0.3370983600616455, 3080
0.3370983600616455, 3079
0.3370983600616455, 3078
0.33809566497802734, 3077
0.33809566497802734, 3076
0.33809566497802734, 3075
0.33909034729003906, 3074
0.3440823554992676, 3073
0.3450767993927002, 3072
0.3450767993927002, 3071
0.3450767993927002, 3070
0.3450767993927002, 3069
0.3450767993927002, 3068
0.3450767993927002, 3067
0.34607481956481934, 3066
0.34607481956481934, 3065
0.34607481956481934, 3064
0.34607481956481934, 3063
0.34704113006591797, 3062
0.3480396270751953, 3061
0.3480396270751953, 3060
0.3480396270751953, 3059
0.34903407096862793, 3058
0.35003137588500977, 3057
0.35003137588500977, 3056
0.35202598571777344, 3055
0.35202598571777344, 3054
0.3560154438018799, 3053
0.3570127487182617, 3052
0.3570127487182617, 3051
0.36000490188598633, 3050
0.36100196838378906, 3049
0.36299681663513184, 3048
0.36299681663513184, 3047
0.36299681663513184, 3046
0.364027738571167, 3045
0.364027738571167, 3044
0.364027738571167, 3043
0.364027738571167, 3042
0.364027738571167, 3041
0.3650238513946533, 3040
0.3650238513946533, 3039
0.3660237789154053, 3038
0.3660237789154053, 3037
0.3660237789154053, 3036
0.3660237789154053, 3035
0.3670217990875244, 3034
0.3670217990875244, 3033
0.3710052967071533, 3032
0.3710052967071533, 3031
0.3710052967071533, 3030
0.3710052967071533, 3029
0.3720064163208008, 3028
0.3720064163208008, 3027
0.3720064163208008, 3026
0.3730030059814453, 3025
0.3749973773956299, 3024
0.3819460868835449, 3023
0.3819460868835449, 3022
0.3819460868835449, 3021
0.3819460868835449, 3020
0.38294315338134766, 3019
0.38294315338134766, 3018
0.38294315338134766, 3017
0.38294315338134766, 3016
0.3839409351348877, 3015
0.3839409351348877, 3014
0.3839409351348877, 3013
0.3839409351348877, 3012
0.3839409351348877, 3011
0.38493800163269043, 3010
0.38493800163269043, 3009
0.38593530654907227, 3008
0.38593530654907227, 3007
0.38593530654907227, 3006
0.38593530654907227, 3005
0.38793015480041504, 3004
0.38793015480041504, 3003
0.3899245262145996, 3002
0.39092206954956055, 3001
0.39092206954956055, 3000
0.3919193744659424, 2999
0.3919193744659424, 2998
0.3929166793823242, 2997
0.3929166793823242, 2996
0.39391422271728516, 2995
0.39391422271728516, 2994
0.39893317222595215, 2993
0.39893317222595215, 2992
0.39893317222595215, 2991
0.399932861328125, 2990
0.399932861328125, 2989
0.4029197692871094, 2988
0.40391969680786133, 2987
0.40391969680786133, 2986
0.40391969680786133, 2985
0.40491771697998047, 2984
0.40491771697998047, 2983
0.40491771697998047, 2982
0.40491771697998047, 2981
0.40491771697998047, 2980
0.40491771697998047, 2979
0.4059169292449951, 2978
0.4059169292449951, 2977
0.4059169292449951, 2976
0.4059169292449951, 2975
0.4059169292449951, 2974
0.40691161155700684, 2973
0.4089062213897705, 2972
0.4089062213897705, 2971
0.4089062213897705, 2970
0.41089844703674316, 2969
0.41089844703674316, 2968
0.41089844703674316, 2967
0.4118673801422119, 2966
0.4118673801422119, 2965
0.4118673801422119, 2964
0.414858341217041, 2963
0.4178497791290283, 2962
0.4178497791290283, 2961
0.4178497791290283, 2960
0.4178497791290283, 2959
0.4178497791290283, 2958
0.41884732246398926, 2957
0.41884732246398926, 2956
0.41884732246398926, 2955
0.41884732246398926, 2954
0.4198446273803711, 2953
0.4198446273803711, 2952
0.4198446273803711, 2951
0.4198446273803711, 2950
0.4198446273803711, 2949
0.4198446273803711, 2948
0.42084193229675293, 2947
0.42084193229675293, 2946
0.42084193229675293, 2945
0.42084193229675293, 2944
0.42084193229675293, 2943
0.42183947563171387, 2942
0.42183947563171387, 2941
0.4228367805480957, 2940
0.4228367805480957, 2939
0.4228367805480957, 2938
0.42383408546447754, 2937
0.42383408546447754, 2936
0.42383408546447754, 2935
0.42383408546447754, 2934
0.4248311519622803, 2933
0.4248311519622803, 2932
0.4248311519622803, 2931
0.4248311519622803, 2930
0.4258289337158203, 2929
0.4258289337158203, 2928
0.4258289337158203, 2927
0.4258289337158203, 2926
0.42682600021362305, 2925
0.4278247356414795, 2924
0.428821325302124, 2923
0.42981910705566406, 2922
0.42981910705566406, 2921
0.4308159351348877, 2920
0.4308159351348877, 2919
0.4308159351348877, 2918
0.4328429698944092, 2917
0.4328429698944092, 2916
0.4328429698944092, 2915
0.4338400363922119, 2914
0.4338400363922119, 2913
0.43483567237854004, 2912
0.43483567237854004, 2911
0.43483567237854004, 2910
0.4358346462249756, 2909
0.4358346462249756, 2908
0.4368319511413574, 2907
0.4368319511413574, 2906
0.4368319511413574, 2905
0.4378316402435303, 2904
0.4378316402435303, 2903
0.4378316402435303, 2902
0.4388265609741211, 2901
0.43982696533203125, 2900
0.43982696533203125, 2899
0.43982696533203125, 2898
0.44082140922546387, 2897
0.44082140922546387, 2896
0.44082140922546387, 2895
0.44082140922546387, 2894
0.44082140922546387, 2893
0.44082140922546387, 2892
0.4418184757232666, 2891
0.4418184757232666, 2890
0.4418184757232666, 2889
0.4418184757232666, 2888
0.4428131580352783, 2887
0.4428131580352783, 2886
0.4428131580352783, 2885
0.4438133239746094, 2884
0.4438133239746094, 2883
0.4438133239746094, 2882
0.4448111057281494, 2881
0.4448111057281494, 2880
0.4448111057281494, 2879
0.4448111057281494, 2878
0.44780516624450684, 2877
0.44780516624450684, 2876
0.44880032539367676, 2875
0.44880032539367676, 2874
0.4497971534729004, 2873
0.4507927894592285, 2872
0.45179200172424316, 2871
0.4527921676635742, 2870
0.45378899574279785, 2869
0.4547851085662842, 2868
0.4547851085662842, 2867
0.4547851085662842, 2866
0.4557833671569824, 2865
0.4557833671569824, 2864
0.4577765464782715, 2863
0.458770751953125, 2862
0.458770751953125, 2861
0.458770751953125, 2860
0.45977091789245605, 2859
0.4607679843902588, 2858
0.46276259422302246, 2857
0.46276259422302246, 2856
0.46276259422302246, 2855
0.4637289047241211, 2854
0.46475720405578613, 2853
0.46475720405578613, 2852
0.4667494297027588, 2851
0.4667494297027588, 2850
0.4667494297027588, 2849
0.4667494297027588, 2848
0.4687464237213135, 2847
0.46974635124206543, 2846
0.46974635124206543, 2845
0.46974635124206543, 2844
0.46974635124206543, 2843
0.46974635124206543, 2842
0.47074174880981445, 2841
0.47074174880981445, 2840
0.47074174880981445, 2839
0.47074174880981445, 2838
0.47074174880981445, 2837
0.47074174880981445, 2836
0.4717409610748291, 2835
0.47373318672180176, 2834
0.47373318672180176, 2833
0.47373318672180176, 2832
0.47373318672180176, 2831
0.4756958484649658, 2830
0.4756958484649658, 2829
0.4756958484649658, 2828
0.4756958484649658, 2827
0.4756958484649658, 2826
0.47669267654418945, 2825
0.47669267654418945, 2824
0.4776902198791504, 2823
0.4776902198791504, 2822
0.4776902198791504, 2821
0.4786872863769531, 2820
0.4807157516479492, 2819
0.48171210289001465, 2818
0.48171210289001465, 2817
0.48270702362060547, 2816
0.4837067127227783, 2815
0.48470425605773926, 2814
0.48470425605773926, 2813
0.48470425605773926, 2812
0.4857039451599121, 2811
0.48669862747192383, 2810
0.48669862747192383, 2809
0.48669862747192383, 2808
0.48669862747192383, 2807
0.4876980781555176, 2806
0.4886939525604248, 2805
0.4886939525604248, 2804
0.4886939525604248, 2803
0.49268412590026855, 2802
0.4936823844909668, 2801
0.4936823844909668, 2800
0.4936823844909668, 2799
0.4946773052215576, 2798
0.4946773052215576, 2797
0.49567699432373047, 2796
0.4966399669647217, 2795
0.4966399669647217, 2794
0.4996650218963623, 2793
0.501662015914917, 2792
0.501662015914917, 2791
0.501662015914917, 2790
0.5026562213897705, 2789
0.5076107978820801, 2788
0.5086073875427246, 2787
0.5086073875427246, 2786
0.5086073875427246, 2785
0.5086073875427246, 2784
0.5086073875427246, 2783
0.5086073875427246, 2782
0.5096049308776855, 2781
0.5096049308776855, 2780
0.5096049308776855, 2779
0.5096049308776855, 2778
0.5096049308776855, 2777
0.5096049308776855, 2776
0.5115993022918701, 2775
0.5115993022918701, 2774
0.5115993022918701, 2773
0.5115993022918701, 2772
0.5115993022918701, 2771
0.512596845626831, 2770
0.513603925704956, 2769
0.513603925704956, 2768
0.5146219730377197, 2767
0.5156209468841553, 2766
0.5166184902191162, 2765
0.5176188945770264, 2764
0.5206077098846436, 2763
0.5206077098846436, 2762
0.5206077098846436, 2761
0.5226004123687744, 2760
0.5235691070556641, 2759
0.5245661735534668, 2758
0.5255637168884277, 2757
0.530550479888916, 2756
0.5315818786621094, 2755
0.5325791835784912, 2754
0.5325791835784912, 2753
0.5325791835784912, 2752
0.5335760116577148, 2751
0.5335760116577148, 2750
0.5335760116577148, 2749
0.5335760116577148, 2748
0.534571647644043, 2747
0.5355706214904785, 2746
0.5355706214904785, 2745
0.5355706214904785, 2744
0.5355706214904785, 2743
0.5365653038024902, 2742
0.5365653038024902, 2741
0.5385575294494629, 2740
0.5385575294494629, 2739
0.5385575294494629, 2738
0.5385575294494629, 2737
0.5395572185516357, 2736
0.5395572185516357, 2735
0.5395572185516357, 2734
0.5395572185516357, 2733
0.5405542850494385, 2732
0.5405542850494385, 2731
0.5405542850494385, 2730
0.5415549278259277, 2729
0.542548656463623, 2728
0.542548656463623, 2727
0.5435500144958496, 2726
0.544543981552124, 2725
0.544543981552124, 2724
0.544543981552124, 2723
0.5455410480499268, 2722
0.5455410480499268, 2721
0.5465068817138672, 2720
0.5495331287384033, 2719
0.5495331287384033, 2718
0.5515282154083252, 2717
0.5525226593017578, 2716
0.5525226593017578, 2715
0.5535204410552979, 2714
0.5545148849487305, 2713
0.5555174350738525, 2712
0.5555174350738525, 2711
0.5555174350738525, 2710
0.5565121173858643, 2709
0.5565121173858643, 2708
0.5575120449066162, 2707
0.5575120449066162, 2706
0.5585064888000488, 2705
0.5585064888000488, 2704
0.5585064888000488, 2703
0.5585064888000488, 2702
0.5585064888000488, 2701
0.5595061779022217, 2700
0.5595061779022217, 2699
0.5605013370513916, 2698
0.5634632110595703, 2697
0.5644912719726562, 2696
0.5644912719726562, 2695
0.5644912719726562, 2694
0.5654909610748291, 2693
0.5654909610748291, 2692
0.5674855709075928, 2691
0.5674855709075928, 2690
0.5684807300567627, 2689
0.569476842880249, 2688
0.5704727172851562, 2687
0.5714719295501709, 2686
0.5714719295501709, 2685
0.5724692344665527, 2684
0.5734691619873047, 2683
0.5744655132293701, 2682
0.5744655132293701, 2681
0.5744655132293701, 2680
0.5754637718200684, 2679
0.5754637718200684, 2678
0.5754637718200684, 2677
0.5754637718200684, 2676
0.5754637718200684, 2675
0.5764584541320801, 2674
0.5764584541320801, 2673
0.5774555206298828, 2672
0.57845139503479, 2671
0.57845139503479, 2670
0.57845139503479, 2669
0.579451322555542, 2668
0.5804176330566406, 2667
0.5814478397369385, 2666
0.5814478397369385, 2665
0.5824427604675293, 2664
0.5824427604675293, 2663
0.5824427604675293, 2662
0.5824427604675293, 2661
0.5834424495697021, 2660
0.5834424495697021, 2659
0.5834424495697021, 2658
0.5834424495697021, 2657
0.5834424495697021, 2656
0.5844385623931885, 2655
0.5854024887084961, 2654
0.5854024887084961, 2653
0.5854024887084961, 2652
0.5854024887084961, 2651
0.5863993167877197, 2650
0.5863993167877197, 2649
0.5863993167877197, 2648
0.5893914699554443, 2647
0.5923831462860107, 2646
0.5923831462860107, 2645
0.6013612747192383, 2644
0.6063470840454102, 2643
0.6343011856079102, 2642
0.636298418045044, 2641
0.6422808170318604, 2640
0.6512258052825928, 2639
0.6552152633666992, 2638
0.6552152633666992, 2637
0.6552152633666992, 2636
0.6552152633666992, 2635
0.6678390502929688, 2634
0.6678390502929688, 2633
0.6798057556152344, 2632
0.6867866516113281, 2631
0.6867866516113281, 2630
0.68778395652771, 2629
0.6887812614440918, 2628
0.719698429107666, 2627
0.719698429107666, 2626
0.720695972442627, 2625
0.720695972442627, 2624
0.732696533203125, 2623
0.7396776676177979, 2622
0.7456591129302979, 2621
0.7466273307800293, 2620
0.7466273307800293, 2619
0.7466273307800293, 2618
0.7496511936187744, 2617
0.7516462802886963, 2616
0.7546384334564209, 2615
0.7546384334564209, 2614
0.7566320896148682, 2613
0.7595920562744141, 2612
0.7695651054382324, 2611
0.7695651054382324, 2610
0.7715599536895752, 2609
0.7785413265228271, 2608
0.7835609912872314, 2607
0.7915401458740234, 2606
0.7915401458740234, 2605
0.7925374507904053, 2604
0.7954976558685303, 2603
0.7964935302734375, 2602
0.7995176315307617, 2601
0.8005151748657227, 2600
0.8035085201263428, 2599
0.8045041561126709, 2598
0.8065016269683838, 2597
0.8094890117645264, 2596
0.8314321041107178, 2595
0.8384160995483398, 2594
0.8384160995483398, 2593
0.843400239944458, 2592
0.843400239944458, 2591
0.85137939453125, 2590
0.8523762226104736, 2589
0.858361005783081, 2588
0.858361005783081, 2587
0.8593573570251465, 2586
0.8593573570251465, 2585
0.8633172512054443, 2584
0.8702957630157471, 2583
0.8702957630157471, 2582
0.8712935447692871, 2581
0.8722906112670898, 2580
0.8752825260162354, 2579
0.8752825260162354, 2578
0.8762800693511963, 2577
0.8762800693511963, 2576
0.8832640647888184, 2575
0.8832640647888184, 2574
0.8842611312866211, 2573
0.8912415504455566, 2572
0.8922388553619385, 2571
0.9101908206939697, 2570
0.9111888408660889, 2569
0.9111888408660889, 2568
0.9241840839385986, 2567
0.9241840839385986, 2566
0.9271764755249023, 2565
0.9271764755249023, 2564
0.9351224899291992, 2563
0.9371170997619629, 2562
0.9411065578460693, 2561
0.9530744552612305, 2560
0.9530744552612305, 2559
0.9590585231781006, 2558
0.9700615406036377, 2557
0.9740543365478516, 2556
0.9740543365478516, 2555
0.975048303604126, 2554
0.993966817855835, 2553
0.9969587326049805, 2552
1.0019762516021729, 2551
1.0019762516021729, 2550
1.004936695098877, 2549
1.004936695098877, 2548
1.0159385204315186, 2547
1.019927740097046, 2546
1.0229201316833496, 2545
1.0249125957489014, 2544
1.0259122848510742, 2543
1.0259122848510742, 2542
1.0518431663513184, 2541
1.052840232849121, 2540
1.0538403987884521, 2539
1.0538403987884521, 2538
1.0578267574310303, 2537
1.0588243007659912, 2536
1.0707600116729736, 2535
1.074749231338501, 2534
1.0857198238372803, 2533
1.086717128753662, 2532
1.0877151489257812, 2531
1.0897095203399658, 2530
1.0897095203399658, 2529
1.0917041301727295, 2528
1.0927011966705322, 2527
1.093698501586914, 2526
1.1007122993469238, 2525
1.1007122993469238, 2524
1.1007122993469238, 2523
1.106696367263794, 2522
1.106696367263794, 2521
1.106696367263794, 2520
1.1086912155151367, 2519
1.1216564178466797, 2518
1.1246485710144043, 2517
1.1445631980895996, 2516
1.1535711288452148, 2515
1.1535711288452148, 2514
1.1535711288452148, 2513
1.1555652618408203, 2512
1.1565632820129395, 2511
1.1565632820129395, 2510
1.1565632820129395, 2509
1.1575629711151123, 2508
1.179469108581543, 2507
1.179469108581543, 2506
1.1814637184143066, 2505
1.1834585666656494, 2504
1.1874477863311768, 2503
1.191437005996704, 2502
1.191437005996704, 2501
1.191437005996704, 2500
1.1954264640808105, 2499
1.1954264640808105, 2498
1.1954264640808105, 2497
1.2074275016784668, 2496
1.2094218730926514, 2495
1.2094218730926514, 2494
1.21836519241333, 2493
1.219362497329712, 2492
1.219362497329712, 2491
1.2213571071624756, 2490
1.2233517169952393, 2489
1.2243492603302002, 2488
1.2622804641723633, 2487
1.2632720470428467, 2486
1.266273021697998, 2485
1.266273021697998, 2484
1.2772431373596191, 2483
1.2782378196716309, 2482
1.2892100811004639, 2481
1.297156810760498, 2480
1.3021738529205322, 2479
1.3061630725860596, 2478
1.3111495971679688, 2477
1.322089433670044, 2476
1.3260786533355713, 2475
1.3300683498382568, 2474
1.3300683498382568, 2473
1.3340556621551514, 2472
1.3360505104064941, 2471
1.337047815322876, 2470
1.3400397300720215, 2469
1.3400397300720215, 2468
1.3400397300720215, 2467
1.3450264930725098, 2466
1.3470251560211182, 2465
1.349015712738037, 2464
1.349015712738037, 2463
1.3530051708221436, 2462
1.3530051708221436, 2461
1.3579916954040527, 2460
1.3579916954040527, 2459
1.3650081157684326, 2458
1.3650081157684326, 2457
1.3660035133361816, 2456
1.3709893226623535, 2455
1.3759737014770508, 2454
1.3909034729003906, 2453
1.3928983211517334, 2452
1.3928983211517334, 2451
1.395890474319458, 2450
1.3979177474975586, 2449
1.4029040336608887, 2448
1.4088890552520752, 2447
1.411848783493042, 2446
1.411848783493042, 2445
1.411848783493042, 2444
1.4307975769042969, 2443
1.4318246841430664, 2442
1.4587550163269043, 2441
1.4597525596618652, 2440
1.4637401103973389, 2439
1.4637401103973389, 2438
1.4687283039093018, 2437
1.4717180728912354, 2436
1.4936614036560059, 2435
1.4936614036560059, 2434
1.5095880031585693, 2433
1.5095880031585693, 2432
1.511582851409912, 2431
1.5205931663513184, 2430
1.5205931663513184, 2429
1.5205931663513184, 2428
1.5205931663513184, 2427
1.5545034408569336, 2426
1.5545034408569336, 2425
1.5564961433410645, 2424
1.558488368988037, 2423
1.5644752979278564, 2422
1.5644752979278564, 2421
1.5674338340759277, 2420
1.569429874420166, 2419
1.5804297924041748, 2418
1.6023385524749756, 2417
1.6023385524749756, 2416
1.6043331623077393, 2415
1.6063275337219238, 2414
1.6372449398040771, 2413
1.6402370929718018, 2412
1.6422314643859863, 2411
1.644226312637329, 2410
1.6582212448120117, 2409
1.6960883140563965, 2408
1.6981146335601807, 2407
1.6981146335601807, 2406
1.7080907821655273, 2405
1.7100849151611328, 2404
1.7509427070617676, 2403
1.7539348602294922, 2402
1.769890308380127, 2401
1.7858800888061523, 2400
1.7988433837890625, 2399
1.7998433113098145, 2398
1.7998433113098145, 2397
1.8058276176452637, 2396
1.8327546119689941, 2395
1.8556609153747559, 2394
1.874610185623169, 2393
1.874610185623169, 2392
1.9025354385375977, 2391
1.9055275917053223, 2390
1.958416223526001, 2389
1.9673945903778076, 2388
1.9763710498809814, 2387
1.9853465557098389, 2386
2.07108473777771, 2385
2.1708505153656006, 2384
2.1718480587005615, 2383
2.179795742034912, 2382
2.179795742034912, 2381
2.1807916164398193, 2380
2.206754684448242, 2379
2.2196874618530273, 2378
2.2196874618530273, 2377
2.2236766815185547, 2376
2.2256720066070557, 2375
2.235677480697632, 2374
2.239666700363159, 2373
2.239666700363159, 2372
2.246616840362549, 2371
2.247645139694214, 2370
2.247645139694214, 2369
2.2655646800994873, 2368
2.2655646800994873, 2367
2.2955174446105957, 2366
2.2975120544433594, 2365
2.3014988899230957, 2364
2.3054919242858887, 2363
2.3224127292633057, 2362
2.325404644012451, 2361
2.3314218521118164, 2360
2.3314218521118164, 2359
2.3733062744140625, 2358
2.3952510356903076, 2357
2.4481139183044434, 2356
2.449106454849243, 2355
2.464034080505371, 2354
2.486008405685425, 2353
2.496980667114258, 2352
2.502962589263916, 2351
2.5148978233337402, 2350
2.522876739501953, 2349
2.5667922496795654, 2348
2.5727736949920654, 2347
2.574770212173462, 2346
2.5757675170898438, 2345
2.602665424346924, 2344
2.603663921356201, 2343
2.6176233291625977, 2342
2.6186206340789795, 2341
2.6196181774139404, 2340
2.6246047019958496, 2339
2.639601945877075, 2338
2.6455492973327637, 2337
2.65153431892395, 2336
2.6575183868408203, 2335
2.6735095977783203, 2334
2.6755011081695557, 2333
2.6964454650878906, 2332
2.6964454650878906, 2331
2.7064192295074463, 2330
2.708411693572998, 2329
2.716390371322632, 2328
2.729326009750366, 2327
2.763234853744507, 2326
2.767223358154297, 2325
2.8919198513031006, 2324
2.894914150238037, 2323
2.8978755474090576, 2322
2.908846139907837, 2321
2.9138638973236084, 2320
2.9138638973236084, 2319
2.9317831993103027, 2318
2.935772657394409, 2317
2.935772657394409, 2316
2.9507646560668945, 2315
2.955749034881592, 2314
2.9627015590667725, 2313
2.963728189468384, 2312
2.963728189468384, 2311
2.963728189468384, 2310
2.963728189468384, 2309
2.9786739349365234, 2308
2.9906275272369385, 2307
3.015559196472168, 2306
3.015559196472168, 2305
5.185296297073364, 2304
5.214188814163208, 2303
5.238160610198975, 2302
5.246139049530029, 2301
5.251123428344727, 2300
5.264088153839111, 2299
5.284038066864014, 2298
5.287028074264526, 2297
5.290018558502197, 2296
5.311929702758789, 2295
5.321933746337891, 2294
5.345838785171509, 2293
5.362824440002441, 2292
5.37076997756958, 2291
5.456571578979492, 2290
5.458568572998047, 2289
5.497464418411255, 2288
5.50142240524292, 2287
5.504415035247803, 2286
5.514386177062988, 2285
5.51538348197937, 2284
5.693906545639038, 2283
5.7028820514678955, 2282
5.713854789733887, 2281
5.742777109146118, 2280
5.878413915634155, 2279
5.894370079040527, 2278
5.897395133972168, 2277
5.918338060379028, 2276
5.957202196121216, 2275
5.967176914215088, 2274
6.017041921615601, 2273
6.1636505126953125, 2272
6.2753520011901855, 2271
6.283329725265503, 2270
6.474817991256714, 2269
6.646358966827393, 2268
6.667303085327148, 2267
6.667303085327148, 2266
6.77202296257019, 2265
6.774019479751587, 2264
6.780001640319824, 2263
6.7919697761535645, 2262
6.847820520401001, 2261
6.960519552230835, 2260
6.985451936721802, 2259
7.017367124557495, 2258
7.06726598739624, 2257
7.09219765663147, 2256
7.204865455627441, 2255
7.26769757270813, 2254
7.319561004638672, 2253
7.588871479034424, 2252
7.756390810012817, 2251
7.9808268547058105, 2250
7.986775636672974, 2249
8.118423223495483, 2248
8.272011756896973, 2247
8.693885803222656, 2246
8.732779502868652, 2245
8.861468076705933, 2244
8.878391027450562, 2243
10.417275190353394, 2242
11.07951045036316, 2241
11.283957481384277, 2240
11.397653579711914, 2239
11.501376152038574, 2238
11.649980783462524, 2237
11.831494092941284, 2236
12.07388162612915, 2235
12.08285665512085, 2234
12.21749758720398, 2233
12.569552183151245, 2232
12.64734411239624, 2231
12.879726648330688, 2230
12.943519830703735, 2229
14.235065937042236, 2228
15.1127188205719, 2227
15.163618326187134, 2226
15.351083993911743, 2225
15.923551321029663, 2224
16.13398790359497, 2223
18.787893056869507, 2222
19.310529708862305, 2221
20.89898109436035, 2220
21.18720841407776, 2219
22.232001066207886, 2218
26.110034465789795, 2217
26.485031127929688, 2216
27.69172215461731, 2215
27.898399829864502, 2214
28.335113525390625, 2213
29.333862781524658, 2212
30.46058940887451, 2211
33.149738788604736, 2210
35.95534038543701, 2209
36.00583338737488, 2208
40.27253842353821, 2207
50.135814905166626, 2206
50.397860050201416, 2205
51.11129975318909, 2204
58.97856569290161, 2203
