0.06283116340637207, 3721
0.06582856178283691, 3720
0.07978653907775879, 3719
0.08878135681152344, 3718
0.08976435661315918, 3717
0.09075927734375, 3716
0.09075927734375, 3715
0.09175443649291992, 3714
0.09275150299072266, 3713
0.09474563598632812, 3712
0.09574747085571289, 3711
0.09674811363220215, 3710
0.09973669052124023, 3709
0.10073113441467285, 3708
0.10172843933105469, 3707
0.10172843933105469, 3706
0.10372185707092285, 3705
0.10471987724304199, 3704
0.10471987724304199, 3703
0.10571694374084473, 3702
0.10671448707580566, 3701
0.10671448707580566, 3700
0.10870885848999023, 3699
0.10870885848999023, 3698
0.11668992042541504, 3697
0.12367129325866699, 3696
0.12466669082641602, 3695
0.12566542625427246, 3694
0.12566542625427246, 3693
0.12765836715698242, 3692
0.1296555995941162, 3691
0.13065099716186523, 3690
0.1326456069946289, 3689
0.1326456069946289, 3688
0.13364243507385254, 3687
0.13463997840881348, 3686
0.13463997840881348, 3685
0.1356372833251953, 3684
0.1356372833251953, 3683
0.13763189315795898, 3682
0.13863325119018555, 3681
0.14064979553222656, 3680
0.14162135124206543, 3679
0.14261817932128906, 3678
0.14461326599121094, 3677
0.1466081142425537, 3676
0.1496109962463379, 3675
0.16156864166259766, 3674
0.16356468200683594, 3673
0.16556215286254883, 3672
0.16655468940734863, 3671
0.1735367774963379, 3670
0.17553091049194336, 3669
0.17752766609191895, 3668
0.1795203685760498, 3667
0.1825118064880371, 3666
0.18450617790222168, 3665
0.18949484825134277, 3664
0.19348454475402832, 3663
0.19448137283325195, 3662
0.19547677040100098, 3661
0.2004845142364502, 3660
0.20146560668945312, 3659
0.21741890907287598, 3658
0.2184162139892578, 3657
0.21941304206848145, 3656
0.2313849925994873, 3655
0.2373671531677246, 3654
0.2373671531677246, 3653
0.23836326599121094, 3652
0.23836326599121094, 3651
0.23935937881469727, 3650
0.23935937881469727, 3649
0.23935937881469727, 3648
0.24035906791687012, 3647
0.24035906791687012, 3646
0.24135541915893555, 3645
0.2423548698425293, 3644
0.2423548698425293, 3643
0.2433483600616455, 3642
0.25232577323913574, 3641
0.2533223628997803, 3640
0.2543189525604248, 3639
0.25531673431396484, 3638
0.2563152313232422, 3637
0.2563152313232422, 3636
0.2573111057281494, 3635
0.25830817222595215, 3634
0.2593057155609131, 3633
0.2603034973144531, 3632
0.2603034973144531, 3631
0.26130104064941406, 3630
0.2622976303100586, 3629
0.26329660415649414, 3628
0.26429319381713867, 3627
0.26429319381713867, 3626
0.2672853469848633, 3625
0.2672853469848633, 3624
0.268282413482666, 3623
0.2702770233154297, 3622
0.2712748050689697, 3621
0.2732686996459961, 3620
0.2792537212371826, 3619
0.28523802757263184, 3618
0.2872316837310791, 3617
0.28822898864746094, 3616
0.2922186851501465, 3615
0.29622817039489746, 3614
0.29720544815063477, 3613
0.2982027530670166, 3612
0.3011960983276367, 3611
0.3011960983276367, 3610
0.30219268798828125, 3609
0.30518388748168945, 3608
0.3061809539794922, 3607
0.30718183517456055, 3606
0.30718183517456055, 3605
0.30817675590515137, 3604
0.30817675590515137, 3603
0.30918240547180176, 3602
0.31116795539855957, 3601
0.3181495666503906, 3600
0.32413315773010254, 3599
0.3251326084136963, 3598
0.3251326084136963, 3597
0.3261287212371826, 3596
0.3261287212371826, 3595
0.32712674140930176, 3594
0.3311150074005127, 3593
0.33211231231689453, 3592
0.33311009407043457, 3591
0.336101770401001, 3590
0.336101770401001, 3589
0.3371002674102783, 3588
0.3371002674102783, 3587
0.33809852600097656, 3586
0.34108805656433105, 3585
0.34108805656433105, 3584
0.342085599899292, 3583
0.342085599899292, 3582
0.34409403800964355, 3581
0.3450908660888672, 3580
0.3510618209838867, 3579
0.3510618209838867, 3578
0.35205960273742676, 3577
0.3530559539794922, 3576
0.3530559539794922, 3575
0.3540534973144531, 3574
0.35505008697509766, 3573
0.35505008697509766, 3572
0.3580455780029297, 3571
0.3590426445007324, 3570
0.3590426445007324, 3569
0.3600473403930664, 3568
0.36205244064331055, 3567
0.36302971839904785, 3566
0.36602163314819336, 3565
0.36602163314819336, 3564
0.37100934982299805, 3563
0.3720083236694336, 3562
0.3720083236694336, 3561
0.3730049133300781, 3560
0.3730049133300781, 3559
0.37699294090270996, 3558
0.37898755073547363, 3557
0.3809814453125, 3556
0.38197898864746094, 3555
0.38796496391296387, 3554
0.38796496391296387, 3553
0.3889627456665039, 3552
0.3899576663970947, 3551
0.3899576663970947, 3550
0.39095544815063477, 3549
0.39594101905822754, 3548
0.3969385623931885, 3547
0.3979365825653076, 3546
0.3999302387237549, 3545
0.4009275436401367, 3544
0.4009275436401367, 3543
0.40391993522644043, 3542
0.40792393684387207, 3541
0.40891098976135254, 3540
0.40891098976135254, 3539
0.4109020233154297, 3538
0.41289758682250977, 3537
0.41489195823669434, 3536
0.41588854789733887, 3535
0.4168856143951416, 3534
0.41788244247436523, 3533
0.4188809394836426, 3532
0.419877290725708, 3531
0.4308478832244873, 3530
0.4308478832244873, 3529
0.43184518814086914, 3528
0.4328434467315674, 3527
0.4328434467315674, 3526
0.4358341693878174, 3525
0.44082093238830566, 3524
0.4438133239746094, 3523
0.4448106288909912, 3522
0.4448106288909912, 3521
0.44580888748168945, 3520
0.4468052387237549, 3519
0.4497976303100586, 3518
0.4497976303100586, 3517
0.45079517364501953, 3516
0.45179152488708496, 3515
0.45179152488708496, 3514
0.4527895450592041, 3513
0.4547841548919678, 3512
0.4557814598083496, 3511
0.4557814598083496, 3510
0.45677971839904785, 3509
0.4577760696411133, 3508
0.4577760696411133, 3507
0.45977020263671875, 3506
0.4687466621398926, 3505
0.4687466621398926, 3504
0.469745397567749, 3503
0.469745397567749, 3502
0.4837062358856201, 3501
0.48470377922058105, 3500
0.48470377922058105, 3499
0.4857020378112793, 3498
0.4896993637084961, 3497
0.5096375942230225, 3496
0.5176165103912354, 3495
0.5226025581359863, 3494
0.5235996246337891, 3493
0.5415525436401367, 3492
0.5425491333007812, 3491
0.5425491333007812, 3490
0.5435459613800049, 3489
0.544543981552124, 3488
0.5455412864685059, 3487
0.5465383529663086, 3486
0.5465383529663086, 3485
0.5495312213897705, 3484
0.5535194873809814, 3483
0.5535194873809814, 3482
0.5559508800506592, 3481
0.5575089454650879, 3480
0.5585062503814697, 3479
0.5585062503814697, 3478
0.5595035552978516, 3477
0.5595035552978516, 3476
0.5605008602142334, 3475
0.5624957084655762, 3474
0.564490556716919, 3473
0.5664846897125244, 3472
0.56947922706604, 3471
0.5714726448059082, 3470
0.5724694728851318, 3469
0.5744645595550537, 3468
0.5784540176391602, 3467
0.5794508457183838, 3466
0.5824422836303711, 3465
0.584437370300293, 3464
0.5884273052215576, 3463
0.5904214382171631, 3462
0.5924155712127686, 3461
0.6013917922973633, 3460
0.6023919582366943, 3459
0.6044011116027832, 3458
0.6053812503814697, 3457
0.6063787937164307, 3456
0.6073756217956543, 3455
0.6073756217956543, 3454
0.6083734035491943, 3453
0.6093719005584717, 3452
0.6123631000518799, 3451
0.6143579483032227, 3450
0.6173496246337891, 3449
0.6183462142944336, 3448
0.6183462142944336, 3447
0.6193439960479736, 3446
0.6203408241271973, 3445
0.6203408241271973, 3444
0.6213386058807373, 3443
0.62233567237854, 3442
0.62233567237854, 3441
0.623333215713501, 3440
0.6243312358856201, 3439
0.6263244152069092, 3438
0.6263244152069092, 3437
0.6283199787139893, 3436
0.6283199787139893, 3435
0.629317045211792, 3434
0.6303145885467529, 3433
0.634310245513916, 3432
0.6353013515472412, 3431
0.6353013515472412, 3430
0.6362988948822021, 3429
0.6402873992919922, 3428
0.641284704208374, 3427
0.6422817707061768, 3426
0.643301248550415, 3425
0.6442861557006836, 3424
0.6452784538269043, 3423
0.6462717056274414, 3422
0.6472687721252441, 3421
0.6572418212890625, 3420
0.6582391262054443, 3419
0.6592369079589844, 3418
0.6602346897125244, 3417
0.6612317562103271, 3416
0.6622300148010254, 3415
0.6642260551452637, 3414
0.6652233600616455, 3413
0.6652233600616455, 3412
0.6662178039550781, 3411
0.6682143211364746, 3410
0.6682143211364746, 3409
0.6702229976654053, 3408
0.6722028255462646, 3407
0.6741971969604492, 3406
0.6751940250396729, 3405
0.6751940250396729, 3404
0.6781859397888184, 3403
0.6791834831237793, 3402
0.6791834831237793, 3401
0.6801807880401611, 3400
0.6811802387237549, 3399
0.6821799278259277, 3398
0.6851682662963867, 3397
0.6881599426269531, 3396
0.6891574859619141, 3395
0.6901543140411377, 3394
0.6911532878875732, 3393
0.6921489238739014, 3392
0.6921489238739014, 3391
0.6931464672088623, 3390
0.6941432952880859, 3389
0.6941432952880859, 3388
0.695141077041626, 3387
0.6961381435394287, 3386
0.6981375217437744, 3385
0.7001285552978516, 3384
0.7011253833770752, 3383
0.702122688293457, 3382
0.7041175365447998, 3381
0.7051153182983398, 3380
0.7061119079589844, 3379
0.7071092128753662, 3378
0.7071092128753662, 3377
0.7081077098846436, 3376
0.7101020812988281, 3375
0.7120983600616455, 3374
0.7120983600616455, 3373
0.7140903472900391, 3372
0.7150883674621582, 3371
0.7150883674621582, 3370
0.716087818145752, 3369
0.7260582447052002, 3368
0.7270562648773193, 3367
0.7290503978729248, 3366
0.7340373992919922, 3365
0.7350349426269531, 3364
0.7360327243804932, 3363
0.7380268573760986, 3362
0.7390239238739014, 3361
0.7400219440460205, 3360
0.7400219440460205, 3359
0.741018533706665, 3358
0.7420158386230469, 3357
0.7420158386230469, 3356
0.744011402130127, 3355
0.7450082302093506, 3354
0.7509939670562744, 3353
0.7519893646240234, 3352
0.7529876232147217, 3351
0.7579734325408936, 3350
0.7579734325408936, 3349
0.7589700222015381, 3348
0.7599673271179199, 3347
0.7599673271179199, 3346
0.7629599571228027, 3345
0.7639575004577637, 3344
0.7689437866210938, 3343
0.7789194583892822, 3342
0.7799162864685059, 3341
0.781916618347168, 3340
0.7829146385192871, 3339
0.785897970199585, 3338
0.7908856868743896, 3337
0.7918822765350342, 3336
0.7998619079589844, 3335
0.8108320236206055, 3334
0.8128259181976318, 3333
0.8168158531188965, 3332
0.8218123912811279, 3331
0.8237977027893066, 3330
0.8267889022827148, 3329
0.8317785263061523, 3328
0.8417494297027588, 3327
0.8676795959472656, 3326
0.8676795959472656, 3325
0.8686773777008057, 3324
0.8716690540313721, 3323
0.8796484470367432, 3322
0.8826396465301514, 3321
0.8836381435394287, 3320
0.8846349716186523, 3319
0.8846349716186523, 3318
0.8886368274688721, 3317
0.8896355628967285, 3316
0.8906185626983643, 3315
0.8995943069458008, 3314
0.9015882015228271, 3313
0.9055790901184082, 3312
0.9115617275238037, 3311
0.9125587940216064, 3310
0.9125587940216064, 3309
0.9135565757751465, 3308
0.9225325584411621, 3307
0.9235310554504395, 3306
0.926522970199585, 3305
0.9275221824645996, 3304
0.9285171031951904, 3303
0.9325065612792969, 3302
0.9335038661956787, 3301
0.9404847621917725, 3300
0.9414825439453125, 3299
0.9454708099365234, 3298
0.9464700222015381, 3297
0.9494612216949463, 3296
0.9504578113555908, 3295
0.9504578113555908, 3294
0.9514553546905518, 3293
0.9534733295440674, 3292
0.9554500579833984, 3291
0.9554500579833984, 3290
0.9574391841888428, 3289
0.9574391841888428, 3288
0.9614291191101074, 3287
0.9624261856079102, 3286
0.9634230136871338, 3285
0.9674131870269775, 3284
0.9684100151062012, 3283
0.9724085330963135, 3282
0.9734015464782715, 3281
0.9783840179443359, 3280
0.9843673706054688, 3279
0.9893665313720703, 3278
0.990375280380249, 3277
0.9923460483551025, 3276
0.9923460483551025, 3275
0.9963359832763672, 3274
1.0023193359375, 3273
1.003316879272461, 3272
1.0063204765319824, 3271
1.0073065757751465, 3270
1.0073065757751465, 3269
1.0083043575286865, 3268
1.010298728942871, 3267
1.011296033859253, 3266
1.0122923851013184, 3265
1.0122923851013184, 3264
1.0172886848449707, 3263
1.0192759037017822, 3262
1.0202794075012207, 3261
1.0223109722137451, 3260
1.0232648849487305, 3259
1.0262560844421387, 3258
1.0262560844421387, 3257
1.0272529125213623, 3256
1.0292479991912842, 3255
1.0342347621917725, 3254
1.0571866035461426, 3253
1.063157081604004, 3252
1.0641553401947021, 3251
1.068145513534546, 3250
1.0701475143432617, 3249
1.0711522102355957, 3248
1.074127435684204, 3247
1.0751252174377441, 3246
1.0771195888519287, 3245
1.0781171321868896, 3244
1.0791172981262207, 3243
1.0791172981262207, 3242
1.083106279373169, 3241
1.0930774211883545, 3240
1.094081163406372, 3239
1.0960683822631836, 3238
1.0960683822631836, 3237
1.0980651378631592, 3236
1.0990607738494873, 3235
1.10005784034729, 3234
1.10105562210083, 3233
1.104093074798584, 3232
1.1050457954406738, 3231
1.121001958847046, 3230
1.1219990253448486, 3229
1.1239964962005615, 3228
1.1249916553497314, 3227
1.1259889602661133, 3226
1.1269865036010742, 3225
1.1279871463775635, 3224
1.128981113433838, 3223
1.1319730281829834, 3222
1.1349647045135498, 3221
1.1389553546905518, 3220
1.14793062210083, 3219
1.148928165435791, 3218
1.149925708770752, 3217
1.1509220600128174, 3216
1.1509220600128174, 3215
1.175856351852417, 3214
1.1918129920959473, 3213
1.1918129920959473, 3212
1.195802927017212, 3211
1.195802927017212, 3210
1.1967990398406982, 3209
1.1977977752685547, 3208
1.1987950801849365, 3207
1.2058000564575195, 3206
1.2087678909301758, 3205
1.2087678909301758, 3204
1.2127575874328613, 3203
1.2127575874328613, 3202
1.213754653930664, 3201
1.2147514820098877, 3200
1.2157492637634277, 3199
1.2157492637634277, 3198
1.217742919921875, 3197
1.2187409400939941, 3196
1.220735788345337, 3195
1.2227320671081543, 3194
1.2307093143463135, 3193
1.2317066192626953, 3192
1.232703685760498, 3191
1.2356963157653809, 3190
1.2356963157653809, 3189
1.2366943359375, 3188
1.2386913299560547, 3187
1.2386913299560547, 3186
1.239685297012329, 3185
1.2426772117614746, 3184
1.2436740398406982, 3183
1.2526507377624512, 3182
1.2536511421203613, 3181
1.2536511421203613, 3180
1.2546446323394775, 3179
1.2556421756744385, 3178
1.2566397190093994, 3177
1.2576372623443604, 3176
1.260629653930664, 3175
1.2616267204284668, 3174
1.2626233100891113, 3173
1.266613245010376, 3172
1.2955358028411865, 3171
1.2975308895111084, 3170
1.2995257377624512, 3169
1.3045110702514648, 3168
1.3055081367492676, 3167
1.3065059185028076, 3166
1.3075075149536133, 3165
1.308513879776001, 3164
1.311493158340454, 3163
1.3134877681732178, 3162
1.3144853115081787, 3161
1.3154828548431396, 3160
1.3164799213409424, 3159
1.3194715976715088, 3158
1.324458360671997, 3157
1.325455665588379, 3156
1.325455665588379, 3155
1.3274645805358887, 3154
1.3290514945983887, 3153
1.330005168914795, 3152
1.3310027122497559, 3151
1.3339946269989014, 3150
1.3349926471710205, 3149
1.3369863033294678, 3148
1.339982509613037, 3147
1.3409779071807861, 3146
1.3409779071807861, 3145
1.3419742584228516, 3144
1.3429734706878662, 3143
1.3429734706878662, 3142
1.3459644317626953, 3141
1.3469605445861816, 3140
1.3479599952697754, 3139
1.3509492874145508, 3138
1.3519465923309326, 3137
1.3529469966888428, 3136
1.3539414405822754, 3135
1.3549389839172363, 3134
1.3549389839172363, 3133
1.356933355331421, 3132
1.3579306602478027, 3131
1.3589446544647217, 3130
1.3609325885772705, 3129
1.3619201183319092, 3128
1.3669064044952393, 3127
1.3669064044952393, 3126
1.3669064044952393, 3125
1.3679172992706299, 3124
1.3709020614624023, 3123
1.3718996047973633, 3122
1.3728969097137451, 3121
1.3728969097137451, 3120
1.3738946914672852, 3119
1.3738946914672852, 3118
1.3769314289093018, 3117
1.3769314289093018, 3116
1.3769314289093018, 3115
1.3769314289093018, 3114
1.3769314289093018, 3113
1.3819191455841064, 3112
1.3819191455841064, 3111
1.3849108219146729, 3110
1.3869049549102783, 3109
1.3908936977386475, 3108
1.393885850906372, 3107
1.3948829174041748, 3106
1.3948829174041748, 3105
1.395880937576294, 3104
1.3968780040740967, 3103
1.397876262664795, 3102
1.3988738059997559, 3101
1.4138333797454834, 3100
1.4158272743225098, 3099
1.417823314666748, 3098
1.417823314666748, 3097
1.4188201427459717, 3096
1.4188201427459717, 3095
1.4238061904907227, 3094
1.4248034954071045, 3093
1.4417600631713867, 3092
1.4417600631713867, 3091
1.4427549839019775, 3090
1.4427549839019775, 3089
1.4437544345855713, 3088
1.4547317028045654, 3087
1.4564497470855713, 3086
1.4564497470855713, 3085
1.4574387073516846, 3084
1.4604299068450928, 3083
1.461428165435791, 3082
1.4624249935150146, 3081
1.4624249935150146, 3080
1.466414213180542, 3079
1.466414213180542, 3078
1.4694092273712158, 3077
1.4733951091766357, 3076
1.4813745021820068, 3075
1.4823708534240723, 3074
1.4823708534240723, 3073
1.4883708953857422, 3072
1.48935866355896, 3071
1.48935866355896, 3070
1.4903502464294434, 3069
1.4903502464294434, 3068
1.4903502464294434, 3067
1.4923443794250488, 3066
1.4933428764343262, 3065
1.4933428764343262, 3064
1.4973316192626953, 3063
1.5162816047668457, 3062
1.5172789096832275, 3061
1.518275260925293, 3060
1.5192725658416748, 3059
1.5192725658416748, 3058
1.520270824432373, 3057
1.5212676525115967, 3056
1.5212676525115967, 3055
1.5222649574279785, 3054
1.523261308670044, 3053
1.524259328842163, 3052
1.527252435684204, 3051
1.5282487869262695, 3050
1.5282487869262695, 3049
1.5292463302612305, 3048
1.5292463302612305, 3047
1.5312461853027344, 3046
1.534235954284668, 3045
1.5362286567687988, 3044
1.5531821250915527, 3043
1.5761206150054932, 3042
1.5761206150054932, 3041
1.577118158340454, 3040
1.5940725803375244, 3039
1.5990591049194336, 3038
1.5990591049194336, 3037
1.6010544300079346, 3036
1.6010544300079346, 3035
1.6020538806915283, 3034
1.6030488014221191, 3033
1.6030488014221191, 3032
1.6040468215942383, 3031
1.6090328693389893, 3030
1.6100304126739502, 3029
1.6110281944274902, 3028
1.6110281944274902, 3027
1.6140210628509521, 3026
1.615020990371704, 3025
1.617011547088623, 3024
1.6200220584869385, 3023
1.6439387798309326, 3022
1.6449363231658936, 3021
1.6459331512451172, 3020
1.6459331512451172, 3019
1.647928237915039, 3018
1.6509201526641846, 3017
1.6618916988372803, 3016
1.70078706741333, 3015
1.7027814388275146, 3014
1.703779935836792, 3013
1.7047767639160156, 3012
1.7057774066925049, 3011
1.7107880115509033, 3010
1.7117578983306885, 3009
1.7127563953399658, 3008
1.7167503833770752, 3007
1.7177422046661377, 3006
1.7187397480010986, 3005
1.7197365760803223, 3004
1.721731185913086, 3003
1.7227284908294678, 3002
1.7237260341644287, 3001
1.7247231006622314, 3000
1.7247231006622314, 2999
1.7257211208343506, 2998
1.7257211208343506, 2997
1.7257211208343506, 2996
1.7299244403839111, 2995
1.7299244403839111, 2994
1.7370984554290771, 2993
1.7380950450897217, 2992
1.73909330368042, 2991
1.7410862445831299, 2990
1.74509859085083, 2989
1.7470712661743164, 2988
1.7520577907562256, 2987
1.7540557384490967, 2986
1.755049705505371, 2985
1.7560479640960693, 2984
1.7580432891845703, 2983
1.7610361576080322, 2982
1.7610361576080322, 2981
1.7610361576080322, 2980
1.7610361576080322, 2979
1.762030839920044, 2978
1.7630298137664795, 2977
1.764028549194336, 2976
1.765023946762085, 2975
1.765023946762085, 2974
1.7660224437713623, 2973
1.7660224437713623, 2972
1.7670183181762695, 2971
1.7670183181762695, 2970
1.7680156230926514, 2969
1.769012451171875, 2968
1.7700107097625732, 2967
1.774998426437378, 2966
1.774998426437378, 2965
1.7759943008422852, 2964
1.781977891921997, 2963
1.781977891921997, 2962
1.783973217010498, 2961
1.7849698066711426, 2960
1.7859666347503662, 2959
1.7859666347503662, 2958
1.7999303340911865, 2957
1.7999303340911865, 2956
1.8039226531982422, 2955
1.8059196472167969, 2954
1.8079092502593994, 2953
1.809903621673584, 2952
1.8118982315063477, 2951
1.8138926029205322, 2950
1.815887451171875, 2949
1.8178822994232178, 2948
1.823866605758667, 2947
1.8248636722564697, 2946
1.8258609771728516, 2945
1.8258609771728516, 2944
1.826857566833496, 2943
1.826857566833496, 2942
1.827855110168457, 2941
1.8288533687591553, 2940
1.8288533687591553, 2939
1.8308477401733398, 2938
1.833838939666748, 2937
1.833838939666748, 2936
1.8358376026153564, 2935
1.8368310928344727, 2934
1.8368310928344727, 2933
1.8378291130065918, 2932
1.8378291130065918, 2931
1.840820550918579, 2930
1.8418173789978027, 2929
1.842815637588501, 2928
1.8438124656677246, 2927
1.8438124656677246, 2926
1.8458068370819092, 2925
1.8468048572540283, 2924
1.847801923751831, 2923
1.8497960567474365, 2922
1.8507940769195557, 2921
1.8507940769195557, 2920
1.852790355682373, 2919
1.852790355682373, 2918
1.8537874221801758, 2917
1.8537874221801758, 2916
1.854783296585083, 2915
1.856778621673584, 2914
1.8577749729156494, 2913
1.860767126083374, 2912
1.861764669418335, 2911
1.861764669418335, 2910
1.8647568225860596, 2909
1.8667521476745605, 2908
1.8667521476745605, 2907
1.8677513599395752, 2906
1.868746280670166, 2905
1.8737328052520752, 2904
1.8737328052520752, 2903
1.8747305870056152, 2902
1.8757269382476807, 2901
1.8757269382476807, 2900
1.8787195682525635, 2899
1.8807144165039062, 2898
1.8817112445831299, 2897
1.8837060928344727, 2896
1.887695074081421, 2895
1.887695074081421, 2894
1.88869309425354, 2893
1.8896958827972412, 2892
1.8926842212677002, 2891
1.8936798572540283, 2890
1.8946764469146729, 2889
1.8956739902496338, 2888
1.8956739902496338, 2887
1.8976714611053467, 2886
1.8976714611053467, 2885
1.8986668586730957, 2884
1.8996636867523193, 2883
1.901658535003662, 2882
1.901658535003662, 2881
1.9026553630828857, 2880
1.9046504497528076, 2879
1.9046504497528076, 2878
1.907641887664795, 2877
1.9086391925811768, 2876
1.9096367359161377, 2875
1.9106338024139404, 2874
1.9106338024139404, 2873
1.9196105003356934, 2872
1.9196105003356934, 2871
1.920607328414917, 2870
1.920607328414917, 2869
1.9235999584197998, 2868
1.9295830726623535, 2867
1.9305810928344727, 2866
1.9375622272491455, 2865
1.9385592937469482, 2864
1.9425489902496338, 2863
1.9435460567474365, 2862
1.9445433616638184, 2861
1.9445433616638184, 2860
1.9455409049987793, 2859
1.9555139541625977, 2858
1.958505392074585, 2857
1.959503173828125, 2856
1.959503173828125, 2855
1.9634928703308105, 2854
1.968480110168457, 2853
1.9714725017547607, 2852
1.9724688529968262, 2851
1.9734654426574707, 2850
1.9764585494995117, 2849
1.9774549007415771, 2848
1.9784555435180664, 2847
1.984436273574829, 2846
1.984436273574829, 2845
1.985436201095581, 2844
1.9864342212677002, 2843
1.9934136867523193, 2842
1.9934136867523193, 2841
1.9944095611572266, 2840
1.9944095611572266, 2839
1.9954075813293457, 2838
1.9964077472686768, 2837
1.9974024295806885, 2836
1.9984025955200195, 2835
1.9984025955200195, 2834
1.999396562576294, 2833
2.000393867492676, 2832
2.0013909339904785, 2831
2.0023884773254395, 2830
2.0073750019073486, 2829
2.0083746910095215, 2828
2.0083746910095215, 2827
2.0093705654144287, 2826
2.013359546661377, 2825
2.013359546661377, 2824
2.014356851577759, 2823
2.014356851577759, 2822
2.0153565406799316, 2821
2.018345594406128, 2820
2.019343852996826, 2819
2.0203404426574707, 2818
2.0203404426574707, 2817
2.0203404426574707, 2816
2.022336006164551, 2815
2.028319835662842, 2814
2.0313119888305664, 2813
2.0333070755004883, 2812
2.034303665161133, 2811
2.0353012084960938, 2810
2.037295341491699, 2809
2.03829288482666, 2808
2.03829288482666, 2807
2.039289951324463, 2806
2.0422823429107666, 2805
2.0432803630828857, 2804
2.044276475906372, 2803
2.045274019241333, 2802
2.051257610321045, 2801
2.052255630493164, 2800
2.052255630493164, 2799
2.053253173828125, 2798
2.0682122707366943, 2797
2.0692100524902344, 2796
2.0692100524902344, 2795
2.0702080726623535, 2794
2.071204423904419, 2793
2.0741970539093018, 2792
2.0761914253234863, 2791
2.0871622562408447, 2790
2.0941460132598877, 2789
2.0951406955718994, 2788
2.1120951175689697, 2787
2.115086793899536, 2786
2.1170830726623535, 2785
2.1190788745880127, 2784
2.1210718154907227, 2783
2.1240644454956055, 2782
2.1270549297332764, 2781
2.129054069519043, 2780
2.135035753250122, 2779
2.137028217315674, 2778
2.1380271911621094, 2777
2.1390233039855957, 2776
2.1420164108276367, 2775
2.144010305404663, 2774
2.1479995250701904, 2773
2.150991678237915, 2772
2.157972574234009, 2771
2.157972574234009, 2770
2.162959337234497, 2769
2.165951728820801, 2768
2.173931121826172, 2767
2.177919387817383, 2766
2.179914712905884, 2765
2.185899019241333, 2764
2.211829423904419, 2763
2.211829423904419, 2762
2.2168161869049072, 2761
2.2178142070770264, 2760
2.2178142070770264, 2759
2.219810724258423, 2758
2.2208046913146973, 2757
2.221811294555664, 2756
2.222799777984619, 2755
2.2257936000823975, 2754
2.2257936000823975, 2753
2.2267911434173584, 2752
2.2277863025665283, 2751
2.2287838459014893, 2750
2.229780435562134, 2749
2.232773780822754, 2748
2.235764265060425, 2747
2.2377593517303467, 2746
2.2377593517303467, 2745
2.2397541999816895, 2744
2.2407515048980713, 2743
2.2407515048980713, 2742
2.241748332977295, 2741
2.242746353149414, 2740
2.243746042251587, 2739
2.2447407245635986, 2738
2.2477340698242188, 2737
2.248730421066284, 2736
2.249727964401245, 2735
2.2527198791503906, 2734
2.2547144889831543, 2733
2.2557125091552734, 2732
2.2567079067230225, 2731
2.2587099075317383, 2730
2.261695384979248, 2729
2.263690233230591, 2728
2.2716684341430664, 2727
2.2726659774780273, 2726
2.273663282394409, 2725
2.2776529788970947, 2724
2.2806451320648193, 2723
2.281641960144043, 2722
2.288623094558716, 2721
2.2916171550750732, 2720
2.2916171550750732, 2719
2.2926125526428223, 2718
2.293609380722046, 2717
2.2976019382476807, 2716
2.2985963821411133, 2715
2.299593448638916, 2714
2.3005917072296143, 2713
2.3005917072296143, 2712
2.301588535308838, 2711
2.301588535308838, 2710
2.303584575653076, 2709
2.3065755367279053, 2708
2.308572292327881, 2707
2.3255274295806885, 2706
2.3255274295806885, 2705
2.3315088748931885, 2704
2.3315088748931885, 2703
2.3335037231445312, 2702
2.337491750717163, 2701
2.337491750717163, 2700
2.341482400894165, 2699
2.3424792289733887, 2698
2.3434762954711914, 2697
2.345470666885376, 2696
2.346468210220337, 2695
2.348463535308838, 2694
2.3494606018066406, 2693
2.351454973220825, 2692
2.3554444313049316, 2691
2.3554444313049316, 2690
2.35644268989563, 2689
2.3574390411376953, 2688
2.3574390411376953, 2687
2.3584365844726562, 2686
2.3584365844726562, 2685
2.3614282608032227, 2684
2.362426280975342, 2683
2.36641526222229, 2682
2.367412805557251, 2681
2.3684096336364746, 2680
2.369408369064331, 2679
2.3704044818878174, 2678
2.3723995685577393, 2677
2.373399496078491, 2676
2.3773880004882812, 2675
2.380378007888794, 2674
2.3823742866516113, 2673
2.3833696842193604, 2672
2.3833696842193604, 2671
2.3843674659729004, 2670
2.3843674659729004, 2669
2.3843674659729004, 2668
2.3883566856384277, 2667
2.3893544673919678, 2666
2.390352249145508, 2665
2.391348361968994, 2664
2.392345428466797, 2663
2.393343210220337, 2662
2.393343210220337, 2661
2.3943448066711426, 2660
2.3943448066711426, 2659
2.3953373432159424, 2658
2.40431547164917, 2657
2.4302444458007812, 2656
2.4471991062164307, 2655
2.4621593952178955, 2654
2.4631569385528564, 2653
2.4691407680511475, 2652
2.4691407680511475, 2651
2.6035587787628174, 2650
2.6347498893737793, 2649
2.6347498893737793, 2648
2.6429507732391357, 2647
2.6439473628997803, 2646
2.6559157371520996, 2645
2.6569132804870605, 2644
2.6609046459198, 2643
2.6617043018341064, 2642
2.6657278537750244, 2641
2.6736977100372314, 2640
2.7137067317962646, 2639
2.740638256072998, 2638
2.762460708618164, 2637
2.7828352451324463, 2636
2.8077666759490967, 2635
2.810758352279663, 2634
2.821730136871338, 2633
2.827714681625366, 2632
2.8287110328674316, 2631
2.8287110328674316, 2630
2.829711675643921, 2629
2.8458211421966553, 2628
2.8458211421966553, 2627
2.8538124561309814, 2626
2.8538124561309814, 2625
2.8940484523773193, 2624
2.9000227451324463, 2623
2.9117846488952637, 2622
2.915776252746582, 2621
2.9267449378967285, 2620
2.9267449378967285, 2619
2.9357211589813232, 2618
2.9407074451446533, 2617
2.9407074451446533, 2616
2.9436991214752197, 2615
2.9566712379455566, 2614
2.9566712379455566, 2613
2.95766282081604, 2612
2.968632698059082, 2611
2.9726223945617676, 2610
2.981799602508545, 2609
3.010831594467163, 2608
3.0876224040985107, 2607
3.0876224040985107, 2606
3.1015853881835938, 2605
3.104578733444214, 2604
3.104578733444214, 2603
3.1215319633483887, 2602
3.1225295066833496, 2601
3.13349986076355, 2600
3.177381753921509, 2599
3.17838191986084, 2598
3.17838191986084, 2597
3.192342758178711, 2596
3.1933395862579346, 2595
3.2003226280212402, 2594
3.201319932937622, 2593
3.2481937408447266, 2592
3.2481937408447266, 2591
3.2491893768310547, 2590
3.2581660747528076, 2589
3.259164333343506, 2588
3.266146421432495, 2587
3.368870496749878, 2586
3.3976192474365234, 2585
3.398620367050171, 2584
3.399613857269287, 2583
3.4036035537719727, 2582
3.4125800132751465, 2581
3.4315290451049805, 2580
3.435518503189087, 2579
3.4365155696868896, 2578
3.4494807720184326, 2577
3.469921827316284, 2576
3.5518808364868164, 2575
3.560856819152832, 2574
3.5638482570648193, 2573
3.566840410232544, 2572
3.574819803237915, 2571
3.580803632736206, 2570
3.5910120010375977, 2569
3.602980852127075, 2568
3.6049749851226807, 2567
3.60996150970459, 2566
3.639881134033203, 2565
3.640878677368164, 2564
3.698725938796997, 2563
3.758563756942749, 2562
3.758563756942749, 2561
3.7615556716918945, 2560
3.853311061859131, 2559
3.859294891357422, 2558
3.8672735691070557, 2557
3.8672735691070557, 2556
3.8672735691070557, 2555
3.8712620735168457, 2554
3.8991870880126953, 2553
3.8991870880126953, 2552
3.900184154510498, 2551
3.931103467941284, 2550
3.932100534439087, 2549
3.932100534439087, 2548
3.9330978393554688, 2547
3.936088800430298, 2546
3.940078020095825, 2545
3.940078020095825, 2544
3.9420723915100098, 2543
3.9590275287628174, 2542
3.9690024852752686, 2541
3.9699997901916504, 2540
3.970996379852295, 2539
3.9819741249084473, 2538
3.9859580993652344, 2537
3.9859580993652344, 2536
3.986953020095825, 2535
4.008894681930542, 2534
4.0188682079315186, 2533
4.025847911834717, 2532
4.055768251419067, 2531
4.058760166168213, 2530
4.060755491256714, 2529
4.062750577926636, 2528
4.100436210632324, 2527
4.115396022796631, 2526
4.1233744621276855, 2525
4.1233744621276855, 2524
4.159279823303223, 2523
4.161273956298828, 2522
4.162271499633789, 2521
4.180224895477295, 2520
4.197177886962891, 2519
4.201167345046997, 2518
4.203161239624023, 2517
4.203161239624023, 2516
4.204159498214722, 2515
4.204159498214722, 2514
4.204159498214722, 2513
4.210145711898804, 2512
4.2151312828063965, 2511
4.228095054626465, 2510
4.229092597961426, 2509
4.234079122543335, 2508
4.234079122543335, 2507
4.236073970794678, 2506
4.244052886962891, 2505
4.253029823303223, 2504
4.253029823303223, 2503
4.268988370895386, 2502
4.284102439880371, 2501
4.303052663803101, 2500
4.30504846572876, 2499
4.311030149459839, 2498
4.316017389297485, 2497
4.320972681045532, 2496
4.320972681045532, 2495
4.325960636138916, 2494
4.3299477100372314, 2493
4.332972288131714, 2492
4.334934711456299, 2491
4.337959289550781, 2490
4.337959289550781, 2489
4.341947555541992, 2488
4.342945575714111, 2487
4.361861705780029, 2486
4.3638904094696045, 2485
4.364854574203491, 2484
4.368873357772827, 2483
4.369872808456421, 2482
4.369872808456421, 2481
4.382075309753418, 2480
4.382075309753418, 2479
4.3880615234375, 2478
4.3880615234375, 2477
4.39899754524231, 2476
4.414954662322998, 2475
4.414954662322998, 2474
4.414954662322998, 2473
4.414954662322998, 2472
4.433905839920044, 2471
4.434902667999268, 2470
4.439889907836914, 2469
4.439889907836914, 2468
4.449861526489258, 2467
4.449861526489258, 2466
4.461950063705444, 2465
4.462948560714722, 2464
4.462948560714722, 2463
4.464942216873169, 2462
4.466936826705933, 2461
4.466936826705933, 2460
4.468963623046875, 2459
4.469963073730469, 2458
4.4719579219818115, 2457
4.476943016052246, 2456
4.476943016052246, 2455
4.4779417514801025, 2454
4.4779417514801025, 2453
4.486885070800781, 2452
4.494863748550415, 2451
4.541939973831177, 2450
4.542941093444824, 2449
4.542941093444824, 2448
4.551912069320679, 2447
4.5529091358184814, 2446
4.566871881484985, 2445
4.570859909057617, 2444
4.598787069320679, 2443
4.601778745651245, 2442
4.607768535614014, 2441
4.619760990142822, 2440
4.619760990142822, 2439
4.619760990142822, 2438
4.619760990142822, 2437
4.642812728881836, 2436
4.655807018280029, 2435
4.656806468963623, 2434
4.656806468963623, 2433
4.674727916717529, 2432
4.677720546722412, 2431
4.703774929046631, 2430
4.773586988449097, 2429
4.785555124282837, 2428
4.785555124282837, 2427
4.798566102981567, 2426
4.85636568069458, 2425
4.8832995891571045, 2424
4.8832995891571045, 2423
4.8922693729400635, 2422
4.893267631530762, 2421
4.893267631530762, 2420
4.8942646980285645, 2419
4.936150789260864, 2418
4.936150789260864, 2417
4.9411375522613525, 2416
4.9411375522613525, 2415
4.983027935028076, 2414
4.999983072280884, 2413
5.003987550735474, 2412
5.006964206695557, 2411
5.01095175743103, 2410
5.018929719924927, 2409
5.0398736000061035, 2408
5.054834604263306, 2407
5.093738555908203, 2406
5.096723318099976, 2405
5.130664348602295, 2404
5.135651111602783, 2403
5.164541244506836, 2402
5.172518730163574, 2401
5.179502725601196, 2400
5.179502725601196, 2399
5.204469680786133, 2398
5.205463409423828, 2397
5.218396425247192, 2396
5.238343000411987, 2395
5.242332220077515, 2394
5.243330001831055, 2393
5.244326829910278, 2392
5.246323108673096, 2391
5.2473225593566895, 2390
5.2473225593566895, 2389
5.2473225593566895, 2388
5.340070724487305, 2387
5.351041316986084, 2386
5.354033470153809, 2385
5.354033470153809, 2384
5.3550310134887695, 2383
5.5087432861328125, 2382
5.509740352630615, 2381
5.51273250579834, 2380
5.522706508636475, 2379
5.53666877746582, 2378
5.549633741378784, 2377
5.550631523132324, 2376
5.550631523132324, 2375
5.550631523132324, 2374
5.551630020141602, 2373
5.57157564163208, 2372
5.57157564163208, 2371
5.575563907623291, 2370
5.631510019302368, 2369
5.682372808456421, 2368
5.683370351791382, 2367
5.753183364868164, 2366
5.756175518035889, 2365
5.897797346115112, 2364
5.917743682861328, 2363
5.918741226196289, 2362
5.922729730606079, 2361
5.929711818695068, 2360
5.929711818695068, 2359
5.930708885192871, 2358
5.9496588706970215, 2357
5.95165491104126, 2356
5.952650308609009, 2355
6.075322866439819, 2354
6.076319694519043, 2353
6.3017168045043945, 2352
6.3306403160095215, 2351
6.358564615249634, 2350
6.359562635421753, 2349
6.359562635421753, 2348
6.382501602172852, 2347
6.406437635421753, 2346
6.4523138999938965, 2345
6.514147996902466, 2344
6.5151450634002686, 2343
6.5231239795684814, 2342
6.543070316314697, 2341
6.559027910232544, 2340
6.584960699081421, 2339
6.5989227294921875, 2338
6.599919557571411, 2337
6.605902433395386, 2336
6.629838705062866, 2335
6.65477180480957, 2334
6.655769348144531, 2333
6.658761024475098, 2332
6.659759283065796, 2331
6.7425377368927, 2330
6.7535080909729, 2329
6.7535080909729, 2328
6.761487007141113, 2327
6.766473293304443, 2326
6.811540126800537, 2325
6.823629856109619, 2324
6.848841190338135, 2323
6.850835084915161, 2322
6.851832151412964, 2321
6.851832151412964, 2320
6.858037710189819, 2319
6.860997200012207, 2318
6.862026929855347, 2317
6.862026929855347, 2316
6.8749589920043945, 2315
6.8749589920043945, 2314
6.877951383590698, 2313
6.877951383590698, 2312
6.880945444107056, 2311
6.887926816940308, 2310
6.896900653839111, 2309
6.901920318603516, 2308
6.9248268604278564, 2307
6.92582368850708, 2306
6.9439098834991455, 2305
6.94587254524231, 2304
6.948864459991455, 2303
6.951888561248779, 2302
6.958871841430664, 2301
10.35047197341919, 2300
10.39631962776184, 2299
10.448606967926025, 2298
10.450601816177368, 2297
10.454593181610107, 2296
10.623650312423706, 2295
10.652542114257812, 2294
10.903868675231934, 2293
11.09535527229309, 2292
11.128269672393799, 2291
11.145309686660767, 2290
11.270785570144653, 2289
11.458283185958862, 2288
11.512140035629272, 2287
11.531280755996704, 2286
11.584696054458618, 2285
11.703252077102661, 2284
11.894722700119019, 2283
12.100214004516602, 2282
12.10815954208374, 2281
12.232861995697021, 2280
12.444262504577637, 2279
12.483313798904419, 2278
12.500300884246826, 2277
12.780865669250488, 2276
12.844695091247559, 2275
12.868628978729248, 2274
12.99529242515564, 2273
13.067131280899048, 2272
13.145063638687134, 2271
13.307634115219116, 2270
13.680825471878052, 2269
13.682848691940308, 2268
13.76195740699768, 2267
13.987272262573242, 2266
14.198938846588135, 2265
14.198938846588135, 2264
14.20093321800232, 2263
14.201929807662964, 2262
14.209909677505493, 2261
14.76542353630066, 2260
15.135434627532959, 2259
15.835715532302856, 2258
15.848712921142578, 2257
15.91001296043396, 2256
15.929957866668701, 2255
16.419665813446045, 2254
16.5563325881958, 2253
16.67165732383728, 2252
16.687614917755127, 2251
16.961366176605225, 2250
16.968348264694214, 2249
17.416304111480713, 2248
17.430327892303467, 2247
17.53572964668274, 2246
17.607045888900757, 2245
18.003913640975952, 2244
18.116751432418823, 2243
18.422132968902588, 2242
18.636132955551147, 2241
18.84483551979065, 2240
19.001747608184814, 2239
19.154163360595703, 2238
19.261069536209106, 2237
19.479529857635498, 2236
19.590262174606323, 2235
19.970788955688477, 2234
20.25814938545227, 2233
20.25814938545227, 2232
20.67028832435608, 2231
21.250561475753784, 2230
21.26572871208191, 2229
22.867766618728638, 2228
23.144883155822754, 2227
24.152618646621704, 2226
24.701101779937744, 2225
26.233156442642212, 2224
26.379953145980835, 2223
26.792113304138184, 2222
28.15542221069336, 2221
28.27731966972351, 2220
28.860877513885498, 2219
30.32754349708557, 2218
34.276180028915405, 2217
35.9040105342865, 2216
36.6026873588562, 2215
36.88717460632324, 2214
37.12274932861328, 2213
37.3762412071228, 2212
38.036189556121826, 2211
38.077630281448364, 2210
42.51952362060547, 2209
43.18695616722107, 2208
44.257811546325684, 2207
55.53224754333496, 2206
58.68581438064575, 2205
