0.06382870674133301, 3721
0.06482672691345215, 3720
0.07080984115600586, 3719
0.07080984115600586, 3718
0.07183361053466797, 3717
0.07779312133789062, 3716
0.07878899574279785, 3715
0.07878899574279785, 3714
0.07978582382202148, 3713
0.07978582382202148, 3712
0.08078241348266602, 3711
0.08178091049194336, 3710
0.0827779769897461, 3709
0.0827779769897461, 3708
0.08377504348754883, 3707
0.08377504348754883, 3706
0.08477354049682617, 3705
0.08477354049682617, 3704
0.08477354049682617, 3703
0.0857701301574707, 3702
0.0857701301574707, 3701
0.08676767349243164, 3700
0.08676767349243164, 3699
0.08776450157165527, 3698
0.09076762199401855, 3697
0.09410405158996582, 3696
0.09501838684082031, 3695
0.09701180458068848, 3694
0.09701180458068848, 3693
0.09800910949707031, 3692
0.09800910949707031, 3691
0.09900665283203125, 3690
0.09900665283203125, 3689
0.10000395774841309, 3688
0.10100317001342773, 3687
0.10100317001342773, 3686
0.10199832916259766, 3685
0.10199832916259766, 3684
0.10199832916259766, 3683
0.10199832916259766, 3682
0.10299515724182129, 3681
0.10299515724182129, 3680
0.10299515724182129, 3679
0.10399246215820312, 3678
0.10399246215820312, 3677
0.10399246215820312, 3676
0.10399246215820312, 3675
0.11000275611877441, 3674
0.11197185516357422, 3673
0.11296892166137695, 3672
0.11396622657775879, 3671
0.11496376991271973, 3670
0.11496376991271973, 3669
0.11596083641052246, 3668
0.11596083641052246, 3667
0.1169588565826416, 3666
0.11795592308044434, 3665
0.11795592308044434, 3664
0.11795592308044434, 3663
0.11795592308044434, 3662
0.11795592308044434, 3661
0.1199498176574707, 3660
0.1199498176574707, 3659
0.1199498176574707, 3658
0.12892675399780273, 3657
0.12892675399780273, 3656
0.1329178810119629, 3655
0.1329178810119629, 3654
0.1329178810119629, 3653
0.1359086036682129, 3652
0.1359086036682129, 3651
0.13690638542175293, 3650
0.13690638542175293, 3649
0.13690638542175293, 3648
0.13790369033813477, 3647
0.1399233341217041, 3646
0.1428978443145752, 3645
0.14390134811401367, 3644
0.14488458633422852, 3643
0.14488458633422852, 3642
0.14588141441345215, 3641
0.14588141441345215, 3640
0.1468791961669922, 3639
0.14887261390686035, 3638
0.1498703956604004, 3637
0.15086817741394043, 3636
0.15086817741394043, 3635
0.15086817741394043, 3634
0.15086817741394043, 3633
0.15186429023742676, 3632
0.15186429023742676, 3631
0.15186429023742676, 3630
0.1528618335723877, 3629
0.1528618335723877, 3628
0.1528618335723877, 3627
0.1528618335723877, 3626
0.15385913848876953, 3625
0.15385913848876953, 3624
0.15385913848876953, 3623
0.1638331413269043, 3622
0.16483211517333984, 3621
0.16483211517333984, 3620
0.1668245792388916, 3619
0.16881895065307617, 3618
0.1698169708251953, 3617
0.18278288841247559, 3616
0.18278288841247559, 3615
0.18378138542175293, 3614
0.18477821350097656, 3613
0.18677282333374023, 3612
0.18677282333374023, 3611
0.19276762008666992, 3610
0.19430780410766602, 3609
0.19628095626831055, 3608
0.19628095626831055, 3607
0.19727706909179688, 3606
0.1982746124267578, 3605
0.19927263259887695, 3604
0.19927263259887695, 3603
0.19927263259887695, 3602
0.19927263259887695, 3601
0.19927263259887695, 3600
0.19927263259887695, 3599
0.200270414352417, 3598
0.2032606601715088, 3597
0.2032606601715088, 3596
0.2032606601715088, 3595
0.2032606601715088, 3594
0.2032606601715088, 3593
0.20425796508789062, 3592
0.2112410068511963, 3591
0.21223783493041992, 3590
0.21223783493041992, 3589
0.21223783493041992, 3588
0.21223783493041992, 3587
0.21522903442382812, 3586
0.21522903442382812, 3585
0.21522903442382812, 3584
0.21522903442382812, 3583
0.21622633934020996, 3582
0.21622633934020996, 3581
0.21822118759155273, 3580
0.21822118759155273, 3579
0.21822118759155273, 3578
0.21921801567077637, 3577
0.21921801567077637, 3576
0.21921801567077637, 3575
0.21921801567077637, 3574
0.21921801567077637, 3573
0.2202153205871582, 3572
0.22121238708496094, 3571
0.2281949520111084, 3570
0.2281949520111084, 3569
0.22919201850891113, 3568
0.22919201850891113, 3567
0.23018860816955566, 3566
0.23018860816955566, 3565
0.23218321800231934, 3564
0.23218321800231934, 3563
0.23218321800231934, 3562
0.23218321800231934, 3561
0.23218321800231934, 3560
0.23318052291870117, 3559
0.23318052291870117, 3558
0.23417973518371582, 3557
0.23417973518371582, 3556
0.2361743450164795, 3555
0.2361743450164795, 3554
0.2361743450164795, 3553
0.23716998100280762, 3552
0.23716998100280762, 3551
0.23716998100280762, 3550
0.2431657314300537, 3549
0.24415302276611328, 3548
0.24515128135681152, 3547
0.24614667892456055, 3546
0.24614667892456055, 3545
0.24614667892456055, 3544
0.24714350700378418, 3543
0.24814105033874512, 3542
0.24814105033874512, 3541
0.24814105033874512, 3540
0.24913787841796875, 3539
0.2501363754272461, 3538
0.25113439559936523, 3537
0.25113439559936523, 3536
0.25113439559936523, 3535
0.25213003158569336, 3534
0.25213003158569336, 3533
0.25213003158569336, 3532
0.26210474967956543, 3531
0.26310133934020996, 3530
0.26310133934020996, 3529
0.26310133934020996, 3528
0.2640981674194336, 3527
0.26509571075439453, 3526
0.26609301567077637, 3525
0.26609301567077637, 3524
0.26609301567077637, 3523
0.26609301567077637, 3522
0.2670905590057373, 3521
0.2670905590057373, 3520
0.2670905590057373, 3519
0.2670905590057373, 3518
0.26808834075927734, 3517
0.26808834075927734, 3516
0.26908445358276367, 3515
0.26908445358276367, 3514
0.26908445358276367, 3513
0.26908445358276367, 3512
0.26908445358276367, 3511
0.2700824737548828, 3510
0.2700824737548828, 3509
0.2810537815093994, 3508
0.2810537815093994, 3507
0.2810537815093994, 3506
0.28205084800720215, 3505
0.28803443908691406, 3504
0.294034481048584, 3503
0.2950162887573242, 3502
0.29601359367370605, 3501
0.29601359367370605, 3500
0.2970099449157715, 3499
0.2970099449157715, 3498
0.29900527000427246, 3497
0.29900527000427246, 3496
0.30199742317199707, 3495
0.30199742317199707, 3494
0.30199742317199707, 3493
0.30199742317199707, 3492
0.3029940128326416, 3491
0.3029940128326416, 3490
0.3029940128326416, 3489
0.3029940128326416, 3488
0.30399107933044434, 3487
0.3109738826751709, 3486
0.3139655590057373, 3485
0.3139655590057373, 3484
0.3139655590057373, 3483
0.31496238708496094, 3482
0.31496238708496094, 3481
0.31496238708496094, 3480
0.3159596920013428, 3479
0.3159596920013428, 3478
0.3169577121734619, 3477
0.31795430183410645, 3476
0.319948673248291, 3475
0.32094597816467285, 3474
0.32094597816467285, 3473
0.32892537117004395, 3472
0.3309195041656494, 3471
0.3329143524169922, 3470
0.3339118957519531, 3469
0.33490967750549316, 3468
0.3359072208404541, 3467
0.33690428733825684, 3466
0.33690428733825684, 3465
0.34290504455566406, 3464
0.34787464141845703, 3463
0.34787464141845703, 3462
0.34887170791625977, 3461
0.34887170791625977, 3460
0.3498690128326416, 3459
0.3498690128326416, 3458
0.35087037086486816, 3457
0.35087037086486816, 3456
0.3518643379211426, 3455
0.35385870933532715, 3454
0.360856294631958, 3453
0.3638312816619873, 3452
0.3638312816619873, 3451
0.36482882499694824, 3450
0.3658261299133301, 3449
0.3658261299133301, 3448
0.3668234348297119, 3447
0.3668234348297119, 3446
0.36782121658325195, 3445
0.36782121658325195, 3444
0.3688185214996338, 3443
0.36981654167175293, 3442
0.36981654167175293, 3441
0.36981654167175293, 3440
0.3758082389831543, 3439
0.37681055068969727, 3438
0.3778645992279053, 3437
0.37879228591918945, 3436
0.3797891139984131, 3435
0.3807861804962158, 3434
0.3807861804962158, 3433
0.38178348541259766, 3432
0.3827807903289795, 3431
0.38377809524536133, 3430
0.3847784996032715, 3429
0.3847784996032715, 3428
0.3857753276824951, 3427
0.3857753276824951, 3426
0.3857753276824951, 3425
0.3857753276824951, 3424
0.39474987983703613, 3423
0.39873790740966797, 3422
0.399735689163208, 3421
0.399735689163208, 3420
0.40073323249816895, 3419
0.40073323249816895, 3418
0.40273022651672363, 3417
0.40273022651672363, 3416
0.40273022651672363, 3415
0.40273022651672363, 3414
0.40372467041015625, 3413
0.40372467041015625, 3412
0.40372467041015625, 3411
0.4057426452636719, 3410
0.41170501708984375, 3409
0.4127020835876465, 3408
0.4127020835876465, 3407
0.41469573974609375, 3406
0.41469573974609375, 3405
0.4156935214996338, 3404
0.4156935214996338, 3403
0.41669130325317383, 3402
0.41669130325317383, 3401
0.41968226432800293, 3400
0.41968226432800293, 3399
0.41968226432800293, 3398
0.42067933082580566, 3397
0.42067933082580566, 3396
0.42865920066833496, 3395
0.42865920066833496, 3394
0.4296555519104004, 3393
0.4296555519104004, 3392
0.430652379989624, 3391
0.430652379989624, 3390
0.430652379989624, 3389
0.430652379989624, 3388
0.430652379989624, 3387
0.430652379989624, 3386
0.43165016174316406, 3385
0.4326472282409668, 3384
0.4326472282409668, 3383
0.43364453315734863, 3382
0.43364453315734863, 3381
0.4346446990966797, 3380
0.4346446990966797, 3379
0.4356403350830078, 3378
0.4356403350830078, 3377
0.4356403350830078, 3376
0.4356403350830078, 3375
0.4356403350830078, 3374
0.43663644790649414, 3373
0.43663644790649414, 3372
0.4446225166320801, 3371
0.4466099739074707, 3370
0.45059943199157715, 3369
0.45059943199157715, 3368
0.45259523391723633, 3367
0.45259523391723633, 3366
0.45259523391723633, 3365
0.45359110832214355, 3364
0.45359110832214355, 3363
0.45359110832214355, 3362
0.4595940113067627, 3361
0.46157097816467285, 3360
0.46157097816467285, 3359
0.4635646343231201, 3358
0.4635646343231201, 3357
0.46655821800231934, 3356
0.46655821800231934, 3355
0.46755480766296387, 3354
0.46954917907714844, 3353
0.47054576873779297, 3352
0.47054576873779297, 3351
0.47054576873779297, 3350
0.47054576873779297, 3349
0.47752809524536133, 3348
0.47752809524536133, 3347
0.48351478576660156, 3346
0.4845108985900879, 3345
0.4845108985900879, 3344
0.4845108985900879, 3343
0.4845108985900879, 3342
0.4855074882507324, 3341
0.48650383949279785, 3340
0.48650383949279785, 3339
0.49947261810302734, 3338
0.5034587383270264, 3337
0.5104415416717529, 3336
0.5114374160766602, 3335
0.5124351978302002, 3334
0.5134320259094238, 3333
0.5144293308258057, 3332
0.5154268741607666, 3331
0.5174221992492676, 3330
0.5303864479064941, 3329
0.5303864479064941, 3328
0.5303864479064941, 3327
0.5313839912414551, 3326
0.5323817729949951, 3325
0.5323817729949951, 3324
0.5333800315856934, 3323
0.5333800315856934, 3322
0.5333800315856934, 3321
0.5343766212463379, 3320
0.5343766212463379, 3319
0.5343766212463379, 3318
0.5463440418243408, 3317
0.5463440418243408, 3316
0.5473411083221436, 3315
0.5483393669128418, 3314
0.5483393669128418, 3313
0.5483393669128418, 3312
0.5483393669128418, 3311
0.5493361949920654, 3310
0.5503342151641846, 3309
0.5513308048248291, 3308
0.5523271560668945, 3307
0.5523271560668945, 3306
0.5523271560668945, 3305
0.5533244609832764, 3304
0.5623047351837158, 3303
0.5632984638214111, 3302
0.5642950534820557, 3301
0.5642950534820557, 3300
0.5662906169891357, 3299
0.5662906169891357, 3298
0.5672876834869385, 3297
0.5672876834869385, 3296
0.5682852268218994, 3295
0.5692832469940186, 3294
0.5692832469940186, 3293
0.5692832469940186, 3292
0.570279598236084, 3291
0.570279598236084, 3290
0.5712766647338867, 3289
0.5732870101928711, 3288
0.5782661437988281, 3287
0.5792603492736816, 3286
0.5802547931671143, 3285
0.5802547931671143, 3284
0.5822489261627197, 3283
0.5832452774047852, 3282
0.5852410793304443, 3281
0.5852410793304443, 3280
0.5852410793304443, 3279
0.5862364768981934, 3278
0.5872335433959961, 3277
0.5952138900756836, 3276
0.5972073078155518, 3275
0.5982048511505127, 3274
0.5982048511505127, 3273
0.5992021560668945, 3272
0.5992021560668945, 3271
0.6001994609832764, 3270
0.6011974811553955, 3269
0.6021966934204102, 3268
0.6021966934204102, 3267
0.6021966934204102, 3266
0.6031918525695801, 3265
0.6041886806488037, 3264
0.6041886806488037, 3263
0.6071999073028564, 3262
0.6091883182525635, 3261
0.6111724376678467, 3260
0.6121687889099121, 3259
0.6121687889099121, 3258
0.6121687889099121, 3257
0.6121687889099121, 3256
0.6131656169891357, 3255
0.6131656169891357, 3254
0.6131656169891357, 3253
0.6131656169891357, 3252
0.6141619682312012, 3251
0.6141619682312012, 3250
0.6151595115661621, 3249
0.6151595115661621, 3248
0.6161575317382812, 3247
0.6171555519104004, 3246
0.6171555519104004, 3245
0.6171555519104004, 3244
0.6181511878967285, 3243
0.6181511878967285, 3242
0.6181511878967285, 3241
0.6191482543945312, 3240
0.6191482543945312, 3239
0.6191482543945312, 3238
0.6191482543945312, 3237
0.6191482543945312, 3236
0.6201457977294922, 3235
0.6201457977294922, 3234
0.6201457977294922, 3233
0.6371016502380371, 3232
0.6421058177947998, 3231
0.6430952548980713, 3230
0.6430952548980713, 3229
0.644087553024292, 3228
0.644087553024292, 3227
0.6450800895690918, 3226
0.6450800895690918, 3225
0.6460781097412109, 3224
0.6490697860717773, 3223
0.6490697860717773, 3222
0.6500675678253174, 3221
0.6500675678253174, 3220
0.6500675678253174, 3219
0.6500675678253174, 3218
0.651064395904541, 3217
0.651064395904541, 3216
0.6530575752258301, 3215
0.661052942276001, 3214
0.6630337238311768, 3213
0.6630337238311768, 3212
0.6630337238311768, 3211
0.6630337238311768, 3210
0.6650261878967285, 3209
0.6660256385803223, 3208
0.6670222282409668, 3207
0.6670222282409668, 3206
0.6670222282409668, 3205
0.6680192947387695, 3204
0.6680192947387695, 3203
0.6690161228179932, 3202
0.6700124740600586, 3201
0.6700124740600586, 3200
0.6710100173950195, 3199
0.6720190048217773, 3198
0.6760067939758301, 3197
0.6779942512512207, 3196
0.678990364074707, 3195
0.6799864768981934, 3194
0.6799864768981934, 3193
0.681981086730957, 3192
0.682978630065918, 3191
0.6839756965637207, 3190
0.6849732398986816, 3189
0.6849732398986816, 3188
0.6859700679779053, 3187
0.686967134475708, 3186
0.6940977573394775, 3185
0.6953914165496826, 3184
0.6963834762573242, 3183
0.6963834762573242, 3182
0.697380781173706, 3181
0.697380781173706, 3180
0.697380781173706, 3179
0.6983776092529297, 3178
0.6983776092529297, 3177
0.6993756294250488, 3176
0.7003722190856934, 3175
0.7023661136627197, 3174
0.7033634185791016, 3173
0.7033634185791016, 3172
0.7033634185791016, 3171
0.7033634185791016, 3170
0.7033634185791016, 3169
0.7103521823883057, 3168
0.7113475799560547, 3167
0.7113475799560547, 3166
0.7123408317565918, 3165
0.7133374214172363, 3164
0.717327356338501, 3163
0.7183239459991455, 3162
0.7183239459991455, 3161
0.7193214893341064, 3160
0.7193214893341064, 3159
0.7203187942504883, 3158
0.7283012866973877, 3157
0.7292947769165039, 3156
0.7302916049957275, 3155
0.7302916049957275, 3154
0.7312893867492676, 3153
0.7322866916656494, 3152
0.7322866916656494, 3151
0.7322866916656494, 3150
0.7322866916656494, 3149
0.7322866916656494, 3148
0.7332851886749268, 3147
0.7342815399169922, 3146
0.7342815399169922, 3145
0.7342815399169922, 3144
0.7342815399169922, 3143
0.7352793216705322, 3142
0.736276388168335, 3141
0.736276388168335, 3140
0.736276388168335, 3139
0.7372732162475586, 3138
0.7402853965759277, 3137
0.7422933578491211, 3136
0.7432751655578613, 3135
0.7432751655578613, 3134
0.7462506294250488, 3133
0.7462506294250488, 3132
0.7472469806671143, 3131
0.7472469806671143, 3130
0.7492411136627197, 3129
0.750239372253418, 3128
0.750239372253418, 3127
0.750239372253418, 3126
0.750239372253418, 3125
0.750239372253418, 3124
0.7522327899932861, 3123
0.7522327899932861, 3122
0.7522327899932861, 3121
0.7522327899932861, 3120
0.7522327899932861, 3119
0.762209415435791, 3118
0.762209415435791, 3117
0.7632043361663818, 3116
0.7642014026641846, 3115
0.7761969566345215, 3114
0.7771692276000977, 3113
0.7791626453399658, 3112
0.7791626453399658, 3111
0.7801587581634521, 3110
0.7811565399169922, 3109
0.7811565399169922, 3108
0.7811565399169922, 3107
0.7941229343414307, 3106
0.7956387996673584, 3105
0.7966265678405762, 3104
0.7976233959197998, 3103
0.7976233959197998, 3102
0.7976233959197998, 3101
0.7976233959197998, 3100
0.8006165027618408, 3099
0.8016126155853271, 3098
0.8145782947540283, 3097
0.8155758380889893, 3096
0.8155758380889893, 3095
0.816572904586792, 3094
0.8175714015960693, 3093
0.829538106918335, 3092
0.829538106918335, 3091
0.829538106918335, 3090
0.829538106918335, 3089
0.8315331935882568, 3088
0.8315331935882568, 3087
0.8315331935882568, 3086
0.8315331935882568, 3085
0.832531213760376, 3084
0.832531213760376, 3083
0.8335294723510742, 3082
0.8365194797515869, 3081
0.8445127010345459, 3080
0.8454971313476562, 3079
0.8454971313476562, 3078
0.8464934825897217, 3077
0.8464934825897217, 3076
0.8464934825897217, 3075
0.8474910259246826, 3074
0.8474910259246826, 3073
0.8484876155853271, 3072
0.8484876155853271, 3071
0.8484876155853271, 3070
0.8494851589202881, 3069
0.8514792919158936, 3068
0.8674371242523193, 3067
0.8684353828430176, 3066
0.8684353828430176, 3065
0.8684353828430176, 3064
0.8684353828430176, 3063
0.8684353828430176, 3062
0.869431734085083, 3061
0.869431734085083, 3060
0.869431734085083, 3059
0.869431734085083, 3058
0.8764228820800781, 3057
0.8774111270904541, 3056
0.878408670425415, 3055
0.878408670425415, 3054
0.8814003467559814, 3053
0.8814003467559814, 3052
0.8814003467559814, 3051
0.8873844146728516, 3050
0.9038505554199219, 3049
0.9038505554199219, 3048
0.9038505554199219, 3047
0.9068541526794434, 3046
0.9178142547607422, 3045
0.9267990589141846, 3044
0.9277896881103516, 3043
0.9287853240966797, 3042
0.9287853240966797, 3041
0.9297826290130615, 3040
0.9297826290130615, 3039
0.9307785034179688, 3038
0.9317758083343506, 3037
0.9317758083343506, 3036
0.9327728748321533, 3035
0.9327728748321533, 3034
0.9337708950042725, 3033
0.9337708950042725, 3032
0.9347677230834961, 3031
0.9347677230834961, 3030
0.9427647590637207, 3029
0.9437460899353027, 3028
0.9437460899353027, 3027
0.94474196434021, 3026
0.9457387924194336, 3025
0.9457387924194336, 3024
0.9467356204986572, 3023
0.9487318992614746, 3022
0.978173017501831, 3021
0.9791615009307861, 3020
0.9791615009307861, 3019
0.9791615009307861, 3018
0.9801585674285889, 3017
0.9801585674285889, 3016
0.9801585674285889, 3015
0.9801585674285889, 3014
0.9811558723449707, 3013
0.9811558723449707, 3012
0.9811558723449707, 3011
0.9811558723449707, 3010
0.9821536540985107, 3009
0.9831514358520508, 3008
0.9831514358520508, 3007
0.9831514358520508, 3006
0.9841475486755371, 3005
0.9841475486755371, 3004
0.9861431121826172, 3003
0.9861431121826172, 3002
0.9971129894256592, 3001
0.9971129894256592, 3000
0.9981105327606201, 2999
0.9991083145141602, 2998
0.9991083145141602, 2997
1.0001068115234375, 2996
1.0011029243469238, 2995
1.0130705833435059, 2994
1.0130705833435059, 2993
1.0130705833435059, 2992
1.014068365097046, 2991
1.0150649547576904, 2990
1.0160644054412842, 2989
1.019054889678955, 2988
1.019054889678955, 2987
1.0200514793395996, 2986
1.0200514793395996, 2985
1.0200514793395996, 2984
1.027601957321167, 2983
1.028599739074707, 2982
1.028599739074707, 2981
1.028599739074707, 2980
1.028599739074707, 2979
1.028599739074707, 2978
1.0295977592468262, 2977
1.0295977592468262, 2976
1.030592918395996, 2975
1.030592918395996, 2974
1.030592918395996, 2973
1.030592918395996, 2972
1.0315899848937988, 2971
1.0335867404937744, 2970
1.0335867404937744, 2969
1.0345818996429443, 2968
1.036576509475708, 2967
1.036576509475708, 2966
1.036576509475708, 2965
1.036576509475708, 2964
1.036576509475708, 2963
1.0415654182434082, 2962
1.0465500354766846, 2961
1.051537036895752, 2960
1.052534818649292, 2959
1.052534818649292, 2958
1.052534818649292, 2957
1.0535318851470947, 2956
1.0535318851470947, 2955
1.0535318851470947, 2954
1.0605216026306152, 2953
1.0605216026306152, 2952
1.0615110397338867, 2951
1.0615110397338867, 2950
1.062507152557373, 2949
1.062507152557373, 2948
1.062507152557373, 2947
1.062507152557373, 2946
1.062507152557373, 2945
1.0635044574737549, 2944
1.0635044574737549, 2943
1.0635044574737549, 2942
1.0635044574737549, 2941
1.0635044574737549, 2940
1.065507173538208, 2939
1.0665009021759033, 2938
1.0674946308135986, 2937
1.0684919357299805, 2936
1.0684919357299805, 2935
1.069488525390625, 2934
1.069488525390625, 2933
1.069488525390625, 2932
1.070486068725586, 2931
1.070486068725586, 2930
1.0714936256408691, 2929
1.0764961242675781, 2928
1.0774686336517334, 2927
1.0784649848937988, 2926
1.0784649848937988, 2925
1.0784649848937988, 2924
1.0794620513916016, 2923
1.0794620513916016, 2922
1.0794620513916016, 2921
1.0804595947265625, 2920
1.0804595947265625, 2919
1.08146071434021, 2918
1.08146071434021, 2917
1.08146071434021, 2916
1.0834546089172363, 2915
1.0834546089172363, 2914
1.0854473114013672, 2913
1.0854473114013672, 2912
1.0864439010620117, 2911
1.0934422016143799, 2910
1.0954205989837646, 2909
1.0954205989837646, 2908
1.0964171886444092, 2907
1.0974137783050537, 2906
1.1004066467285156, 2905
1.1004066467285156, 2904
1.1014039516448975, 2903
1.1014039516448975, 2902
1.1024012565612793, 2901
1.1033992767333984, 2900
1.1033992767333984, 2899
1.10640287399292, 2898
1.1103816032409668, 2897
1.1133713722229004, 2896
1.1143691539764404, 2895
1.1143691539764404, 2894
1.1143691539764404, 2893
1.1143691539764404, 2892
1.1153664588928223, 2891
1.1153664588928223, 2890
1.1153664588928223, 2889
1.1153664588928223, 2888
1.1153664588928223, 2887
1.116363525390625, 2886
1.116363525390625, 2885
1.116363525390625, 2884
1.117363452911377, 2883
1.117363452911377, 2882
1.117363452911377, 2881
1.1183581352233887, 2880
1.1193559169769287, 2879
1.1203539371490479, 2878
1.1203539371490479, 2877
1.1203539371490479, 2876
1.127335548400879, 2875
1.127335548400879, 2874
1.1343185901641846, 2873
1.1343185901641846, 2872
1.135315179824829, 2871
1.135315179824829, 2870
1.135315179824829, 2869
1.1363108158111572, 2868
1.1462833881378174, 2867
1.1472809314727783, 2866
1.150273084640503, 2865
1.150273084640503, 2864
1.151270866394043, 2863
1.1522676944732666, 2862
1.1522676944732666, 2861
1.1532649993896484, 2860
1.1532649993896484, 2859
1.1652326583862305, 2858
1.1662302017211914, 2857
1.1682260036468506, 2856
1.1682260036468506, 2855
1.1692228317260742, 2854
1.1692228317260742, 2853
1.1762218475341797, 2852
1.180192470550537, 2851
1.181189775466919, 2850
1.181189775466919, 2849
1.1841826438903809, 2848
1.1841826438903809, 2847
1.1851797103881836, 2846
1.1881728172302246, 2845
1.194157361984253, 2844
1.194157361984253, 2843
1.1951537132263184, 2842
1.1991422176361084, 2841
1.1991422176361084, 2840
1.2001395225524902, 2839
1.2001395225524902, 2838
1.2011377811431885, 2837
1.2011377811431885, 2836
1.202134370803833, 2835
1.202134370803833, 2834
1.2031311988830566, 2833
1.2031311988830566, 2832
1.2041282653808594, 2831
1.207137107849121, 2830
1.211111307144165, 2829
1.214101791381836, 2828
1.214101791381836, 2827
1.2151033878326416, 2826
1.2151033878326416, 2825
1.2170965671539307, 2824
1.218092441558838, 2823
1.218092441558838, 2822
1.218092441558838, 2821
1.218092441558838, 2820
1.220085620880127, 2819
1.220085620880127, 2818
1.220085620880127, 2817
1.220085620880127, 2816
1.22806715965271, 2815
1.229062795639038, 2814
1.2310574054718018, 2813
1.2330524921417236, 2812
1.2330524921417236, 2811
1.2330524921417236, 2810
1.2340497970581055, 2809
1.2340497970581055, 2808
1.2350478172302246, 2807
1.2350478172302246, 2806
1.2350478172302246, 2805
1.2360434532165527, 2804
1.2360434532165527, 2803
1.2370402812957764, 2802
1.2370402812957764, 2801
1.2450201511383057, 2800
1.2450201511383057, 2799
1.2450201511383057, 2798
1.2450201511383057, 2797
1.2529981136322021, 2796
1.253995656967163, 2795
1.2609775066375732, 2794
1.2619750499725342, 2793
1.2619750499725342, 2792
1.2649662494659424, 2791
1.2659633159637451, 2790
1.2779324054718018, 2789
1.279926061630249, 2788
1.2809250354766846, 2787
1.2809250354766846, 2786
1.2809250354766846, 2785
1.294889211654663, 2784
1.294889211654663, 2783
1.295884370803833, 2782
1.295884370803833, 2781
1.2968809604644775, 2780
1.2968809604644775, 2779
1.2968809604644775, 2778
1.2978785037994385, 2777
1.2978785037994385, 2776
1.2988762855529785, 2775
1.2988762855529785, 2774
1.300870418548584, 2773
1.300870418548584, 2772
1.300870418548584, 2771
1.300870418548584, 2770
1.301867961883545, 2769
1.3028650283813477, 2768
1.3028650283813477, 2767
1.3028650283813477, 2766
1.3098549842834473, 2765
1.3118433952331543, 2764
1.3128383159637451, 2763
1.3138351440429688, 2762
1.3188223838806152, 2761
1.3198187351226807, 2760
1.3268170356750488, 2759
1.3287971019744873, 2758
1.3357770442962646, 2757
1.345749855041504, 2756
1.347745418548584, 2755
1.352731704711914, 2754
1.352731704711914, 2753
1.3617079257965088, 2752
1.3627052307128906, 2751
1.3627052307128906, 2750
1.3637020587921143, 2749
1.3637020587921143, 2748
1.3637020587921143, 2747
1.364698886871338, 2746
1.365696907043457, 2745
1.365696907043457, 2744
1.365696907043457, 2743
1.3666942119598389, 2742
1.3666942119598389, 2741
1.3666942119598389, 2740
1.3696870803833008, 2739
1.376713752746582, 2738
1.3786628246307373, 2737
1.3786628246307373, 2736
1.3796594142913818, 2735
1.3796594142913818, 2734
1.3806564807891846, 2733
1.3816537857055664, 2732
1.3816537857055664, 2731
1.3826515674591064, 2730
1.383650302886963, 2729
1.3846585750579834, 2728
1.3856446743011475, 2727
1.3856446743011475, 2726
1.3956170082092285, 2725
1.396618366241455, 2724
1.396618366241455, 2723
1.396618366241455, 2722
1.3976116180419922, 2721
1.3986091613769531, 2720
1.3996076583862305, 2719
1.4025983810424805, 2718
1.4025983810424805, 2717
1.4025983810424805, 2716
1.4105818271636963, 2715
1.415571928024292, 2714
1.4165618419647217, 2713
1.4175591468811035, 2712
1.418555736541748, 2711
1.4195530414581299, 2710
1.4195530414581299, 2709
1.4195530414581299, 2708
1.427541971206665, 2707
1.4285304546356201, 2706
1.4285304546356201, 2705
1.4285304546356201, 2704
1.4285304546356201, 2703
1.4295258522033691, 2702
1.4295258522033691, 2701
1.4295258522033691, 2700
1.4305229187011719, 2699
1.4315211772918701, 2698
1.4355106353759766, 2697
1.443490743637085, 2696
1.4464807510375977, 2695
1.4464807510375977, 2694
1.4484763145446777, 2693
1.4494733810424805, 2692
1.4504730701446533, 2691
1.4514679908752441, 2690
1.4514679908752441, 2689
1.4524641036987305, 2688
1.4534621238708496, 2687
1.4534621238708496, 2686
1.4614427089691162, 2685
1.4614427089691162, 2684
1.4634356498718262, 2683
1.4664273262023926, 2682
1.4664273262023926, 2681
1.4674251079559326, 2680
1.4674251079559326, 2679
1.4684224128723145, 2678
1.4684224128723145, 2677
1.4694201946258545, 2676
1.4694201946258545, 2675
1.4704163074493408, 2674
1.4764094352722168, 2673
1.4803900718688965, 2672
1.4813873767852783, 2671
1.4823846817016602, 2670
1.4823846817016602, 2669
1.4833848476409912, 2668
1.486375093460083, 2667
1.486375093460083, 2666
1.4953503608703613, 2665
1.4973456859588623, 2664
1.4973456859588623, 2663
1.4973456859588623, 2662
1.498342752456665, 2661
1.498342752456665, 2660
1.498342752456665, 2659
1.499340534210205, 2658
1.499340534210205, 2657
1.499340534210205, 2656
1.499340534210205, 2655
1.5003385543823242, 2654
1.5003385543823242, 2653
1.5013344287872314, 2652
1.5013344287872314, 2651
1.5013344287872314, 2650
1.5023314952850342, 2649
1.5023314952850342, 2648
1.512305736541748, 2647
1.51828932762146, 2646
1.5332496166229248, 2645
1.546215295791626, 2644
1.5482096672058105, 2643
1.5482096672058105, 2642
1.5661616325378418, 2641
1.644951343536377, 2640
1.6599183082580566, 2639
1.6629016399383545, 2638
1.6788599491119385, 2637
1.6788599491119385, 2636
1.6828489303588867, 2635
1.6998040676116943, 2634
1.6998040676116943, 2633
1.7117722034454346, 2632
1.7137658596038818, 2631
1.7167580127716064, 2630
1.7307207584381104, 2629
1.7377066612243652, 2628
1.7446846961975098, 2627
1.7446846961975098, 2626
1.7456817626953125, 2625
1.746678352355957, 2624
1.8115057945251465, 2623
1.8115057945251465, 2622
1.8164918422698975, 2621
1.8164918422698975, 2620
1.8164918422698975, 2619
1.845414638519287, 2618
1.8533921241760254, 2617
1.865361213684082, 2616
1.865361213684082, 2615
1.8793234825134277, 2614
1.8793234825134277, 2613
1.8843097686767578, 2612
1.8853068351745605, 2611
1.917729377746582, 2610
1.917729377746582, 2609
1.9306941032409668, 2608
1.9326889514923096, 2607
1.9356811046600342, 2606
1.9656004905700684, 2605
1.9656004905700684, 2604
1.9665980339050293, 2603
1.9825572967529297, 2602
1.9945249557495117, 2601
1.995521068572998, 2600
1.9985127449035645, 2599
2.002502679824829, 2598
2.0035011768341064, 2597
2.0119879245758057, 2596
2.0119879245758057, 2595
2.012984037399292, 2594
2.0189692974090576, 2593
2.0189692974090576, 2592
2.0309369564056396, 2591
2.0349276065826416, 2590
2.076815366744995, 2589
2.085789442062378, 2588
2.0957629680633545, 2587
2.0977587699890137, 2586
2.1341781616210938, 2585
2.1351752281188965, 2584
2.146145820617676, 2583
2.148141622543335, 2582
2.148141622543335, 2581
2.163100242614746, 2580
2.177154779434204, 2579
2.2009999752044678, 2578
2.215331554412842, 2577
2.2302911281585693, 2576
2.246248960494995, 2575
2.265197992324829, 2574
2.2661993503570557, 2573
2.2661993503570557, 2572
2.267192840576172, 2571
2.267192840576172, 2570
2.277169704437256, 2569
2.2821531295776367, 2568
2.2951178550720215, 2567
2.2971127033233643, 2566
2.3011014461517334, 2565
2.309321641921997, 2564
2.311302661895752, 2563
2.3681511878967285, 2562
2.3701467514038086, 2561
2.395078182220459, 2560
2.4130313396453857, 2559
2.462897300720215, 2558
2.533707857131958, 2557
2.547670602798462, 2556
2.547670602798462, 2555
2.5686147212982178, 2554
2.593548536300659, 2553
2.6005311012268066, 2552
2.6164872646331787, 2551
2.6174840927124023, 2550
2.6304492950439453, 2549
2.6334421634674072, 2548
2.6334421634674072, 2547
2.6503958702087402, 2546
2.6633622646331787, 2545
2.678321123123169, 2544
2.6823105812072754, 2543
2.711235284805298, 2542
2.716219186782837, 2541
2.7351694107055664, 2540
2.7361674308776855, 2539
2.748134136199951, 2538
2.7521238327026367, 2537
2.780048370361328, 2536
2.78503680229187, 2535
2.78503680229187, 2534
2.795008659362793, 2533
2.809591054916382, 2532
2.809591054916382, 2531
2.8105533123016357, 2530
2.828505277633667, 2529
2.829502582550049, 2528
2.8344883918762207, 2527
2.8524410724639893, 2526
2.8664052486419678, 2525
2.8693950176239014, 2524
2.872403860092163, 2523
2.8853542804718018, 2522
2.911497116088867, 2521
2.9154860973358154, 2520
2.916483163833618, 2519
2.916483163833618, 2518
2.919475555419922, 2517
2.9354331493377686, 2516
2.9823079109191895, 2515
2.9843032360076904, 2514
2.999263048171997, 2513
2.999263048171997, 2512
3.02675724029541, 2511
3.0357327461242676, 2510
3.0606672763824463, 2509
3.061664342880249, 2508
3.061664342880249, 2507
3.0626604557037354, 2506
3.0626604557037354, 2505
3.063657760620117, 2504
3.064655065536499, 2503
3.080612897872925, 2502
3.080612897872925, 2501
3.080612897872925, 2500
3.1151058673858643, 2499
3.1161081790924072, 2498
3.1190953254699707, 2497
3.137047052383423, 2496
3.1400554180145264, 2495
3.1420490741729736, 2494
3.1490156650543213, 2493
3.165971279144287, 2492
3.1809306144714355, 2491
3.2028706073760986, 2490
3.2088701725006104, 2489
3.242765188217163, 2488
3.249748706817627, 2487
3.252737045288086, 2486
3.2637085914611816, 2485
3.2647061347961426, 2484
3.2826590538024902, 2483
3.3494796752929688, 2482
3.360450267791748, 2481
3.366436004638672, 2480
3.3813931941986084, 2479
3.3813931941986084, 2478
3.3943593502044678, 2477
3.3943593502044678, 2476
3.399348497390747, 2475
3.399348497390747, 2474
3.4512062072753906, 2473
3.464172124862671, 2472
3.464172124862671, 2471
3.5000765323638916, 2470
3.503068685531616, 2469
3.5040810108184814, 2468
3.516033887863159, 2467
3.517030954360962, 2466
3.517030954360962, 2465
3.543959617614746, 2464
3.5529356002807617, 2463
3.592832088470459, 2462
3.595820903778076, 2461
3.5998098850250244, 2460
3.608797073364258, 2459
3.6167643070220947, 2458
3.635713815689087, 2457
3.660647392272949, 2456
3.661644220352173, 2455
3.678598165512085, 2454
3.6795966625213623, 2453
3.6855809688568115, 2452
3.6925735473632812, 2451
3.6965510845184326, 2450
3.6965510845184326, 2449
3.7005398273468018, 2448
3.7025341987609863, 2447
3.7314581871032715, 2446
3.746417760848999, 2445
3.7633719444274902, 2444
3.764369249343872, 2443
3.7683587074279785, 2442
3.7683587074279785, 2441
3.780327558517456, 2440
3.7853145599365234, 2439
3.799276828765869, 2438
3.866097927093506, 2437
3.8670945167541504, 2436
3.8670945167541504, 2435
3.8680918216705322, 2434
3.8680918216705322, 2433
3.886045455932617, 2432
3.886045455932617, 2431
3.897014856338501, 2430
3.910977840423584, 2429
3.9119749069213867, 2428
3.9119749069213867, 2427
3.9189560413360596, 2426
3.9349141120910645, 2425
3.9349141120910645, 2424
3.983783483505249, 2423
3.9967474937438965, 2422
4.0665624141693115, 2421
4.068555593490601, 2420
4.130390882492065, 2419
4.132386207580566, 2418
4.133383512496948, 2417
4.1613078117370605, 2416
4.162305116653442, 2415
4.181255578994751, 2414
4.185244560241699, 2413
4.198209285736084, 2412
4.251067399978638, 2411
4.251067399978638, 2410
4.301931381225586, 2409
4.301931381225586, 2408
4.451901912689209, 2407
4.451901912689209, 2406
4.465866565704346, 2405
4.465866565704346, 2404
4.827897310256958, 2403
4.827897310256958, 2402
4.828894138336182, 2401
4.832883358001709, 2400
4.832883358001709, 2399
4.843854904174805, 2398
4.850835561752319, 2397
4.960543394088745, 2396
4.973508358001709, 2395
4.9755024909973145, 2394
4.9814863204956055, 2393
5.013400554656982, 2392
5.016392707824707, 2391
5.042324066162109, 2390
5.067255973815918, 2389
5.118119955062866, 2388
5.119117498397827, 2387
5.127096891403198, 2386
5.147042989730835, 2385
5.152029514312744, 2384
5.152029514312744, 2383
5.1769633293151855, 2382
5.180952310562134, 2381
5.183945894241333, 2380
5.266722679138184, 2379
5.344096422195435, 2378
5.351076602935791, 2377
5.351076602935791, 2376
5.361050844192505, 2375
5.364043235778809, 2374
5.36504054069519, 2373
5.3670334815979, 2372
5.379999399185181, 2371
5.382991790771484, 2370
5.384986639022827, 2369
5.410916328430176, 2368
5.411913633346558, 2367
5.429866313934326, 2366
5.429866313934326, 2365
5.432858467102051, 2364
5.4338555335998535, 2363
5.4338555335998535, 2362
5.437877178192139, 2361
5.462777614593506, 2360
5.499679803848267, 2359
5.5615150928497314, 2358
5.5615150928497314, 2357
5.576475381851196, 2356
5.580463647842407, 2355
5.613374948501587, 2354
5.613374948501587, 2353
5.615370273590088, 2352
5.682193279266357, 2351
5.682193279266357, 2350
5.7161009311676025, 2349
5.730063199996948, 2348
5.750009298324585, 2347
5.783918619155884, 2346
5.784916400909424, 2345
5.7988810539245605, 2344
5.801870584487915, 2343
5.806872844696045, 2342
5.867248296737671, 2341
5.947572708129883, 2340
6.112263441085815, 2339
6.114258289337158, 2338
6.131721258163452, 2337
6.162639856338501, 2336
6.165630578994751, 2335
6.165630578994751, 2334
6.165630578994751, 2333
6.171633958816528, 2332
6.223476409912109, 2331
6.240444660186768, 2330
6.264366149902344, 2329
6.333181619644165, 2328
6.343155384063721, 2327
6.349139213562012, 2326
6.359115362167358, 2325
6.400002956390381, 2324
6.4309210777282715, 2323
6.450866460800171, 2322
6.450866460800171, 2321
6.460840463638306, 2320
6.462835788726807, 2319
6.464829921722412, 2318
6.46782112121582, 2317
6.6772637367248535, 2316
6.708182334899902, 2315
6.708182334899902, 2314
6.765028953552246, 2313
6.765028953552246, 2312
6.874264478683472, 2311
6.877239942550659, 2310
6.911148548126221, 2309
6.912146091461182, 2308
6.914140701293945, 2307
6.96301007270813, 2306
7.198936939239502, 2305
7.208959341049194, 2304
7.213896751403809, 2303
7.228423357009888, 2302
7.261336803436279, 2301
7.3132383823394775, 2300
7.3132383823394775, 2299
7.33218789100647, 2298
7.460844039916992, 2297
7.580873727798462, 2296
7.665803670883179, 2295
7.677867889404297, 2294
7.678865432739258, 2293
7.695819616317749, 2292
7.846848249435425, 2291
7.849839448928833, 2290
7.897807359695435, 2289
14.762591123580933, 2288
14.860764980316162, 2287
15.093706130981445, 2286
15.10567593574524, 2285
15.239317893981934, 2284
15.329076051712036, 2283
15.493748664855957, 2282
15.673829793930054, 2281
15.712727069854736, 2280
15.793042421340942, 2279
15.894771814346313, 2278
16.593918561935425, 2277
17.51976227760315, 2276
17.678322792053223, 2275
17.680317401885986, 2274
18.144076585769653, 2273
18.255778551101685, 2272
18.890987396240234, 2271
19.77291178703308, 2270
19.906554460525513, 2269
19.92650270462036, 2268
20.024239778518677, 2267
20.193368434906006, 2266
20.391005992889404, 2265
20.483761072158813, 2264
20.579501628875732, 2263
20.645326852798462, 2262
20.659289836883545, 2261
20.87371563911438, 2260
21.575700521469116, 2259
22.336769104003906, 2258
22.57712459564209, 2257
22.624001502990723, 2256
22.73525381088257, 2255
22.867959022521973, 2254
22.873919248580933, 2253
23.987452030181885, 2252
24.169963359832764, 2251
24.72249460220337, 2250
24.858132123947144, 2249
24.993768453598022, 2248
25.375747680664062, 2247
26.174192428588867, 2246
26.351232051849365, 2245
26.374679803848267, 2244
26.470942497253418, 2243
27.235408782958984, 2242
27.474321365356445, 2241
27.48728609085083, 2240
28.05897855758667, 2239
28.255477905273438, 2238
28.31872034072876, 2237
28.89019203186035, 2236
28.968981504440308, 2235
30.733263969421387, 2234
33.70485067367554, 2233
33.79364991188049, 2232
33.894347190856934, 2231
33.904319047927856, 2230
34.92362403869629, 2229
35.79030919075012, 2228
36.14432883262634, 2227
36.98108959197998, 2226
37.832844734191895, 2225
38.31954336166382, 2224
38.877053022384644, 2223
39.08347034454346, 2222
40.144630908966064, 2221
42.24401664733887, 2220
42.316821336746216, 2219
45.438475131988525, 2218
46.949841260910034, 2217
48.03965783119202, 2216
48.863006353378296, 2215
50.3411750793457, 2214
52.33303093910217, 2213
52.786818742752075, 2212
52.8785719871521, 2211
53.091036558151245, 2210
56.07651901245117, 2209
56.772655963897705, 2208
60.83748006820679, 2207
69.93615484237671, 2206
81.05814623832703, 2205
85.10470509529114, 2204
