0.039876461029052734, 3721
0.0408785343170166, 3720
0.043865203857421875, 3719
0.04486274719238281, 3718
0.04486274719238281, 3717
0.04586076736450195, 3716
0.04685807228088379, 3715
0.04685807228088379, 3714
0.048863887786865234, 3713
0.050847768783569336, 3712
0.050847768783569336, 3711
0.05285906791687012, 3710
0.05583548545837402, 3709
0.05583548545837402, 3708
0.05683255195617676, 3707
0.05782938003540039, 3706
0.05782938003540039, 3705
0.05782938003540039, 3704
0.05782938003540039, 3703
0.05882549285888672, 3702
0.05882549285888672, 3701
0.05882549285888672, 3700
0.05882549285888672, 3699
0.05882549285888672, 3698
0.05982255935668945, 3697
0.05982255935668945, 3696
0.060820579528808594, 3695
0.061817169189453125, 3694
0.061817169189453125, 3693
0.061817169189453125, 3692
0.06281542778015137, 3691
0.06281542778015137, 3690
0.06281542778015137, 3689
0.0638120174407959, 3688
0.0638120174407959, 3687
0.0638120174407959, 3686
0.0638120174407959, 3685
0.06581807136535645, 3684
0.0668172836303711, 3683
0.06780290603637695, 3682
0.06879973411560059, 3681
0.06979894638061523, 3680
0.0728001594543457, 3679
0.07378673553466797, 3678
0.07378673553466797, 3677
0.07378673553466797, 3676
0.07378673553466797, 3675
0.0747826099395752, 3674
0.0747826099395752, 3673
0.07578086853027344, 3672
0.07677745819091797, 3671
0.07777523994445801, 3670
0.07777523994445801, 3669
0.07777523994445801, 3668
0.07777523994445801, 3667
0.07777523994445801, 3666
0.07877230644226074, 3665
0.07877230644226074, 3664
0.07877230644226074, 3663
0.07877230644226074, 3662
0.07877230644226074, 3661
0.08076643943786621, 3660
0.08076643943786621, 3659
0.08278727531433105, 3658
0.0857553482055664, 3657
0.08675241470336914, 3656
0.08774900436401367, 3655
0.08774900436401367, 3654
0.08774900436401367, 3653
0.09074711799621582, 3652
0.09275054931640625, 3651
0.09373331069946289, 3650
0.09373331069946289, 3649
0.09373331069946289, 3648
0.09373331069946289, 3647
0.09373331069946289, 3646
0.09472966194152832, 3645
0.09472966194152832, 3644
0.09472966194152832, 3643
0.09472966194152832, 3642
0.09472966194152832, 3641
0.09572672843933105, 3640
0.09572672843933105, 3639
0.10171365737915039, 3638
0.10171365737915039, 3637
0.10370755195617676, 3636
0.10470366477966309, 3635
0.10470366477966309, 3634
0.10470366477966309, 3633
0.10470366477966309, 3632
0.10570001602172852, 3631
0.10570001602172852, 3630
0.10669827461242676, 3629
0.10669827461242676, 3628
0.10669827461242676, 3627
0.10669827461242676, 3626
0.10769510269165039, 3625
0.10769510269165039, 3624
0.10769510269165039, 3623
0.10869216918945312, 3622
0.10869216918945312, 3621
0.10869216918945312, 3620
0.10968923568725586, 3619
0.11069869995117188, 3618
0.11268258094787598, 3617
0.1216576099395752, 3616
0.1216576099395752, 3615
0.1216576099395752, 3614
0.12265539169311523, 3613
0.12365221977233887, 3612
0.1246492862701416, 3611
0.1246492862701416, 3610
0.12564706802368164, 3609
0.1276412010192871, 3608
0.12863850593566895, 3607
0.12863850593566895, 3606
0.13362717628479004, 3605
0.13462400436401367, 3604
0.13462400436401367, 3603
0.13462400436401367, 3602
0.13462400436401367, 3601
0.13462400436401367, 3600
0.1356205940246582, 3599
0.13661885261535645, 3598
0.1386125087738037, 3597
0.13960957527160645, 3596
0.13960957527160645, 3595
0.13960957527160645, 3594
0.13960957527160645, 3593
0.13960957527160645, 3592
0.14160418510437012, 3591
0.14160418510437012, 3590
0.14160418510437012, 3589
0.14260244369506836, 3588
0.14260244369506836, 3587
0.14559388160705566, 3586
0.14559388160705566, 3585
0.14559388160705566, 3584
0.14559388160705566, 3583
0.1465911865234375, 3582
0.1465911865234375, 3581
0.15059113502502441, 3580
0.15059113502502441, 3579
0.1515793800354004, 3578
0.1515793800354004, 3577
0.1515793800354004, 3576
0.1515793800354004, 3575
0.15257716178894043, 3574
0.15257716178894043, 3573
0.15556716918945312, 3572
0.15556716918945312, 3571
0.15556716918945312, 3570
0.15556716918945312, 3569
0.15556716918945312, 3568
0.15556716918945312, 3567
0.15656399726867676, 3566
0.15656399726867676, 3565
0.15855860710144043, 3564
0.15955758094787598, 3563
0.15955758094787598, 3562
0.15955758094787598, 3561
0.15955758094787598, 3560
0.1605544090270996, 3559
0.1605544090270996, 3558
0.16155219078063965, 3557
0.16155219078063965, 3556
0.16354608535766602, 3555
0.16753578186035156, 3554
0.16753578186035156, 3553
0.16753578186035156, 3552
0.1685340404510498, 3551
0.1685340404510498, 3550
0.1685340404510498, 3549
0.16953015327453613, 3548
0.16953015327453613, 3547
0.17052745819091797, 3546
0.1715245246887207, 3545
0.1715245246887207, 3544
0.17351937294006348, 3543
0.174515962600708, 3542
0.174515962600708, 3541
0.174515962600708, 3540
0.17551445960998535, 3539
0.17852568626403809, 3538
0.1795032024383545, 3537
0.1795032024383545, 3536
0.1795032024383545, 3535
0.18050050735473633, 3534
0.18050050735473633, 3533
0.18149876594543457, 3532
0.18507838249206543, 3531
0.18607592582702637, 3530
0.18607592582702637, 3529
0.18607592582702637, 3528
0.1870732307434082, 3527
0.18807053565979004, 3526
0.18807053565979004, 3525
0.18906760215759277, 3524
0.18906760215759277, 3523
0.18906760215759277, 3522
0.19006633758544922, 3521
0.19006633758544922, 3520
0.19006633758544922, 3519
0.19006633758544922, 3518
0.19006633758544922, 3517
0.19106245040893555, 3516
0.19106245040893555, 3515
0.19106245040893555, 3514
0.19205975532531738, 3513
0.19205975532531738, 3512
0.19205975532531738, 3511
0.19205975532531738, 3510
0.19305729866027832, 3509
0.1950516700744629, 3508
0.1950516700744629, 3507
0.1950516700744629, 3506
0.19604945182800293, 3505
0.20324158668518066, 3504
0.20324158668518066, 3503
0.2042388916015625, 3502
0.2042388916015625, 3501
0.2042388916015625, 3500
0.20523715019226074, 3499
0.20623350143432617, 3498
0.207230806350708, 3497
0.207230806350708, 3496
0.20922541618347168, 3495
0.20922541618347168, 3494
0.20922541618347168, 3493
0.21022295951843262, 3492
0.21022295951843262, 3491
0.21022295951843262, 3490
0.21122026443481445, 3489
0.21122026443481445, 3488
0.21122026443481445, 3487
0.2122182846069336, 3486
0.21429800987243652, 3485
0.21429800987243652, 3484
0.21429800987243652, 3483
0.21530437469482422, 3482
0.21629953384399414, 3481
0.21728777885437012, 3480
0.21728777885437012, 3479
0.21831989288330078, 3478
0.22028136253356934, 3477
0.22028136253356934, 3476
0.22341036796569824, 3475
0.22440767288208008, 3474
0.22440767288208008, 3473
0.22440767288208008, 3472
0.22640228271484375, 3471
0.2273998260498047, 3470
0.2283954620361328, 3469
0.2283954620361328, 3468
0.22939467430114746, 3467
0.23138785362243652, 3466
0.23340511322021484, 3465
0.23437976837158203, 3464
0.23850083351135254, 3463
0.23850083351135254, 3462
0.23949742317199707, 3461
0.23949742317199707, 3460
0.2404944896697998, 3459
0.2404944896697998, 3458
0.2404944896697998, 3457
0.24149179458618164, 3456
0.24248933792114258, 3455
0.24448370933532715, 3454
0.24559831619262695, 3453
0.24759244918823242, 3452
0.24759244918823242, 3451
0.24759244918823242, 3450
0.24859237670898438, 3449
0.24859237670898438, 3448
0.24859237670898438, 3447
0.24859237670898438, 3446
0.2495894432067871, 3445
0.2495894432067871, 3444
0.2495894432067871, 3443
0.25058650970458984, 3442
0.2515835762023926, 3441
0.2525806427001953, 3440
0.2525806427001953, 3439
0.2525806427001953, 3438
0.2537069320678711, 3437
0.2537069320678711, 3436
0.25470590591430664, 3435
0.2557032108306885, 3434
0.2557032108306885, 3433
0.2557032108306885, 3432
0.2566983699798584, 3431
0.2566983699798584, 3430
0.25769710540771484, 3429
0.25769710540771484, 3428
0.25769710540771484, 3427
0.25769710540771484, 3426
0.25769710540771484, 3425
0.25769710540771484, 3424
0.2596912384033203, 3423
0.26177978515625, 3422
0.26277875900268555, 3421
0.26277875900268555, 3420
0.2637758255004883, 3419
0.2637758255004883, 3418
0.2647731304168701, 3417
0.2647731304168701, 3416
0.2647731304168701, 3415
0.26576972007751465, 3414
0.26576972007751465, 3413
0.26576972007751465, 3412
0.2667670249938965, 3411
0.2667670249938965, 3410
0.26776552200317383, 3409
0.26776552200317383, 3408
0.26776552200317383, 3407
0.26876163482666016, 3406
0.26876163482666016, 3405
0.269758939743042, 3404
0.269758939743042, 3403
0.269758939743042, 3402
0.269758939743042, 3401
0.2727525234222412, 3400
0.2727525234222412, 3399
0.2727525234222412, 3398
0.27374935150146484, 3397
0.27374935150146484, 3396
0.2747468948364258, 3395
0.2747468948364258, 3394
0.2757439613342285, 3393
0.2757439613342285, 3392
0.27674174308776855, 3391
0.27674174308776855, 3390
0.27674174308776855, 3389
0.2778613567352295, 3388
0.2778613567352295, 3387
0.27886033058166504, 3386
0.2798576354980469, 3385
0.2798576354980469, 3384
0.2808535099029541, 3383
0.28185200691223145, 3382
0.28185200691223145, 3381
0.28185200691223145, 3380
0.2828493118286133, 3379
0.2828493118286133, 3378
0.2838466167449951, 3377
0.2838466167449951, 3376
0.28484392166137695, 3375
0.28484392166137695, 3374
0.28484392166137695, 3373
0.28594470024108887, 3372
0.28794145584106445, 3371
0.2889385223388672, 3370
0.2899353504180908, 3369
0.29093289375305176, 3368
0.2919294834136963, 3367
0.2919294834136963, 3366
0.29292798042297363, 3365
0.2941427230834961, 3364
0.29514122009277344, 3363
0.29514122009277344, 3362
0.29514122009277344, 3361
0.2961387634277344, 3360
0.2961387634277344, 3359
0.2971358299255371, 3358
0.2971358299255371, 3357
0.29813385009765625, 3356
0.2991304397583008, 3355
0.2991304397583008, 3354
0.30112528800964355, 3353
0.3022325038909912, 3352
0.30323147773742676, 3351
0.30323147773742676, 3350
0.3042285442352295, 3349
0.3052256107330322, 3348
0.3052256107330322, 3347
0.3102126121520996, 3346
0.31120967864990234, 3345
0.31120967864990234, 3344
0.31120967864990234, 3343
0.3122069835662842, 3342
0.313204288482666, 3341
0.3151993751525879, 3340
0.3151993751525879, 3339
0.31731534004211426, 3338
0.32030749320983887, 3337
0.3213045597076416, 3336
0.32230234146118164, 3335
0.3232994079589844, 3334
0.3242969512939453, 3333
0.32540321350097656, 3332
0.3264021873474121, 3331
0.32739925384521484, 3330
0.33348989486694336, 3329
0.334489107131958, 3328
0.334489107131958, 3327
0.3364832401275635, 3326
0.33847808837890625, 3325
0.3394756317138672, 3324
0.3394756317138672, 3323
0.3404731750488281, 3322
0.3404731750488281, 3321
0.3404731750488281, 3320
0.34146976470947266, 3319
0.34165239334106445, 3318
0.34664082527160645, 3317
0.3476386070251465, 3316
0.3476386070251465, 3315
0.3476386070251465, 3314
0.3486349582672119, 3313
0.3486349582672119, 3312
0.3486349582672119, 3311
0.34963178634643555, 3310
0.34963178634643555, 3309
0.3506295680999756, 3308
0.3506295680999756, 3307
0.3506295680999756, 3306
0.3516261577606201, 3305
0.35262322425842285, 3304
0.3536200523376465, 3303
0.3536200523376465, 3302
0.3536200523376465, 3301
0.3546178340911865, 3300
0.3546178340911865, 3299
0.3546178340911865, 3298
0.35561490058898926, 3297
0.35561490058898926, 3296
0.35561490058898926, 3295
0.35561490058898926, 3294
0.35561490058898926, 3293
0.3566122055053711, 3292
0.3566122055053711, 3291
0.3566122055053711, 3290
0.357729434967041, 3289
0.357729434967041, 3288
0.35872864723205566, 3287
0.3597254753112793, 3286
0.36072278022766113, 3285
0.36072278022766113, 3284
0.3627173900604248, 3283
0.36371469497680664, 3282
0.3647127151489258, 3281
0.3647127151489258, 3280
0.36580419540405273, 3279
0.36580419540405273, 3278
0.36879611015319824, 3277
0.36879611015319824, 3276
0.369795560836792, 3275
0.369795560836792, 3274
0.3707926273345947, 3273
0.3707926273345947, 3272
0.37178945541381836, 3271
0.37178945541381836, 3270
0.3727867603302002, 3269
0.37378430366516113, 3268
0.373884916305542, 3267
0.373884916305542, 3266
0.3768787384033203, 3265
0.3768787384033203, 3264
0.3768787384033203, 3263
0.37787556648254395, 3262
0.37787556648254395, 3261
0.3788728713989258, 3260
0.3798701763153076, 3259
0.3798701763153076, 3258
0.3798701763153076, 3257
0.38086652755737305, 3256
0.38200926780700684, 3255
0.38200926780700684, 3254
0.3830082416534424, 3253
0.3830082416534424, 3252
0.3830082416534424, 3251
0.3840053081512451, 3250
0.3840053081512451, 3249
0.3840053081512451, 3248
0.38500261306762695, 3247
0.3860006332397461, 3246
0.3860006332397461, 3245
0.3860006332397461, 3244
0.3860006332397461, 3243
0.3860006332397461, 3242
0.38699793815612793, 3241
0.38699793815612793, 3240
0.38699793815612793, 3239
0.38799476623535156, 3238
0.38799476623535156, 3237
0.38799476623535156, 3236
0.3889920711517334, 3235
0.38998937606811523, 3234
0.38998937606811523, 3233
0.3969712257385254, 3232
0.39819860458374023, 3231
0.39819860458374023, 3230
0.3991971015930176, 3229
0.3991971015930176, 3228
0.3991971015930176, 3227
0.4001941680908203, 3226
0.4001941680908203, 3225
0.40119171142578125, 3224
0.4051809310913086, 3223
0.4051809310913086, 3222
0.4051809310913086, 3221
0.4061770439147949, 3220
0.4061770439147949, 3219
0.4061770439147949, 3218
0.4061770439147949, 3217
0.4061770439147949, 3216
0.40917015075683594, 3215
0.4111647605895996, 3214
0.41216230392456055, 3213
0.4131596088409424, 3212
0.4131596088409424, 3211
0.4141557216644287, 3210
0.4161520004272461, 3209
0.4161520004272461, 3208
0.41714906692504883, 3207
0.41714906692504883, 3206
0.41714906692504883, 3205
0.41814613342285156, 3204
0.41814613342285156, 3203
0.4191436767578125, 3202
0.42113709449768066, 3201
0.42113709449768066, 3200
0.42113709449768066, 3199
0.42113709449768066, 3198
0.42113709449768066, 3197
0.4221360683441162, 3196
0.42313313484191895, 3195
0.4241302013397217, 3194
0.4251275062561035, 3193
0.42612481117248535, 3192
0.4271221160888672, 3191
0.428119421005249, 3190
0.42911720275878906, 3189
0.43111157417297363, 3188
0.43111157417297363, 3187
0.43210887908935547, 3186
0.4331061840057373, 3185
0.43410348892211914, 3184
0.435100793838501, 3183
0.435100793838501, 3182
0.4360966682434082, 3181
0.4360966682434082, 3180
0.4360966682434082, 3179
0.4360966682434082, 3178
0.4360966682434082, 3177
0.43709588050842285, 3176
0.43709588050842285, 3175
0.44008779525756836, 3174
0.44109034538269043, 3173
0.44109034538269043, 3172
0.44109034538269043, 3171
0.44109034538269043, 3170
0.44208216667175293, 3169
0.44208216667175293, 3168
0.44307971000671387, 3167
0.44307971000671387, 3166
0.4440772533416748, 3165
0.44507431983947754, 3164
0.4490635395050049, 3163
0.4490635395050049, 3162
0.4490635395050049, 3161
0.4500613212585449, 3160
0.4500613212585449, 3159
0.45105671882629395, 3158
0.4520561695098877, 3157
0.45305299758911133, 3156
0.45405077934265137, 3155
0.45405077934265137, 3154
0.455047607421875, 3153
0.45604467391967773, 3152
0.45604467391967773, 3151
0.45704221725463867, 3150
0.45704221725463867, 3149
0.45704221725463867, 3148
0.45903706550598145, 3147
0.45903706550598145, 3146
0.4600341320037842, 3145
0.4600341320037842, 3144
0.4610316753387451, 3143
0.4610316753387451, 3142
0.46202898025512695, 3141
0.46202898025512695, 3140
0.4630260467529297, 3139
0.46502113342285156, 3138
0.46502113342285156, 3137
0.46502113342285156, 3136
0.4660170078277588, 3135
0.4660170078277588, 3134
0.46701622009277344, 3133
0.46801328659057617, 3132
0.46801328659057617, 3131
0.46801328659057617, 3130
0.4710049629211426, 3129
0.4710049629211426, 3128
0.4710049629211426, 3127
0.4720022678375244, 3126
0.4720022678375244, 3125
0.47299933433532715, 3124
0.4739973545074463, 3123
0.4749941825866699, 3122
0.4749941825866699, 3121
0.47599172592163086, 3120
0.47599172592163086, 3119
0.478100061416626, 3118
0.478100061416626, 3117
0.48009586334228516, 3116
0.4810929298400879, 3115
0.4840843677520752, 3114
0.48508167266845703, 3113
0.48508167266845703, 3112
0.48508167266845703, 3111
0.4861447811126709, 3110
0.48714303970336914, 3109
0.48714303970336914, 3108
0.48714303970336914, 3107
0.49312758445739746, 3106
0.4941239356994629, 3105
0.49512195587158203, 3104
0.49512195587158203, 3103
0.49611926078796387, 3102
0.49611926078796387, 3101
0.49611926078796387, 3100
0.4991109371185303, 3099
0.4991109371185303, 3098
0.5040981769561768, 3097
0.5040981769561768, 3096
0.5040981769561768, 3095
0.5050945281982422, 3094
0.5050945281982422, 3093
0.5100812911987305, 3092
0.5100812911987305, 3091
0.5100812911987305, 3090
0.5100812911987305, 3089
0.5110793113708496, 3088
0.5110793113708496, 3087
0.5120759010314941, 3086
0.5120759010314941, 3085
0.5120759010314941, 3084
0.5130734443664551, 3083
0.514070987701416, 3082
0.5160646438598633, 3081
0.518059253692627, 3080
0.518059253692627, 3079
0.518059253692627, 3078
0.5190572738647461, 3077
0.5190572738647461, 3076
0.5200538635253906, 3075
0.5200538635253906, 3074
0.5200538635253906, 3073
0.5200538635253906, 3072
0.5210514068603516, 3071
0.5210514068603516, 3070
0.5210514068603516, 3069
0.5230462551116943, 3068
0.5290298461914062, 3067
0.5290298461914062, 3066
0.5290298461914062, 3065
0.5300271511077881, 3064
0.5300271511077881, 3063
0.5300271511077881, 3062
0.5300271511077881, 3061
0.5300271511077881, 3060
0.5310254096984863, 3059
0.5310254096984863, 3058
0.53202223777771, 3057
0.5330193042755127, 3056
0.5330193042755127, 3055
0.5330193042755127, 3054
0.5341296195983887, 3053
0.5341296195983887, 3052
0.5351285934448242, 3051
0.5401499271392822, 3050
0.5451326370239258, 3049
0.5451326370239258, 3048
0.5461325645446777, 3047
0.5461325645446777, 3046
0.5511171817779541, 3045
0.5531113147735596, 3044
0.5531113147735596, 3043
0.5531113147735596, 3042
0.5531113147735596, 3041
0.5541069507598877, 3040
0.5541069507598877, 3039
0.5551059246063232, 3038
0.556102991104126, 3037
0.556102991104126, 3036
0.556102991104126, 3035
0.5571010112762451, 3034
0.5571010112762451, 3033
0.5571010112762451, 3032
0.5580976009368896, 3031
0.5580976009368896, 3030
0.5600926876068115, 3029
0.5610899925231934, 3028
0.5610899925231934, 3027
0.5620899200439453, 3026
0.5630536079406738, 3025
0.5630536079406738, 3024
0.5640513896942139, 3023
0.5662107467651367, 3022
0.5732603073120117, 3021
0.5742590427398682, 3020
0.5752558708190918, 3019
0.5752558708190918, 3018
0.5752558708190918, 3017
0.5762534141540527, 3016
0.5762534141540527, 3015
0.5772507190704346, 3014
0.5772507190704346, 3013
0.5772507190704346, 3012
0.5782465934753418, 3011
0.5782465934753418, 3010
0.5782465934753418, 3009
0.5792460441589355, 3008
0.5802431106567383, 3007
0.5802431106567383, 3006
0.5802431106567383, 3005
0.5813405513763428, 3004
0.583336591720581, 3003
0.583336591720581, 3002
0.5883235931396484, 3001
0.5893206596374512, 3000
0.590317964553833, 2999
0.5913152694702148, 2998
0.5923125743865967, 2997
0.5933103561401367, 2996
0.5943074226379395, 2995
0.6016855239868164, 2994
0.6016855239868164, 2993
0.6026771068572998, 2992
0.6026771068572998, 2991
0.6036746501922607, 2990
0.6046717166900635, 2989
0.6087789535522461, 2988
0.6087789535522461, 2987
0.6087789535522461, 2986
0.6087789535522461, 2985
0.6087789535522461, 2984
0.6097760200500488, 2983
0.6097760200500488, 2982
0.610774040222168, 2981
0.610774040222168, 2980
0.6117708683013916, 2979
0.6117708683013916, 2978
0.6117708683013916, 2977
0.6127681732177734, 2976
0.6127681732177734, 2975
0.6138536930084229, 2974
0.6138536930084229, 2973
0.6138536930084229, 2972
0.6148524284362793, 2971
0.6168482303619385, 2970
0.6168482303619385, 2969
0.6178441047668457, 2968
0.6198387145996094, 2967
0.6198387145996094, 2966
0.6208362579345703, 2965
0.6208362579345703, 2964
0.6219315528869629, 2963
0.6219315528869629, 2962
0.6259217262268066, 2961
0.628913164138794, 2960
0.628913164138794, 2959
0.628913164138794, 2958
0.628913164138794, 2957
0.628913164138794, 2956
0.6299111843109131, 2955
0.6299111843109131, 2954
0.6299111843109131, 2953
0.6299111843109131, 2952
0.6309077739715576, 2951
0.6319077014923096, 2950
0.6319077014923096, 2949
0.6319077014923096, 2948
0.6319077014923096, 2947
0.6319077014923096, 2946
0.6329035758972168, 2945
0.6329035758972168, 2944
0.6329035758972168, 2943
0.6339006423950195, 2942
0.6339006423950195, 2941
0.6348981857299805, 2940
0.6358952522277832, 2939
0.636892557144165, 2938
0.638009786605835, 2937
0.6390087604522705, 2936
0.6400060653686523, 2935
0.6400060653686523, 2934
0.6410031318664551, 2933
0.6410031318664551, 2932
0.6410031318664551, 2931
0.6410031318664551, 2930
0.642000675201416, 2929
0.642000675201416, 2928
0.642000675201416, 2927
0.6429977416992188, 2926
0.6439952850341797, 2925
0.6439952850341797, 2924
0.6449923515319824, 2923
0.6449923515319824, 2922
0.6460542678833008, 2921
0.6470539569854736, 2920
0.6470539569854736, 2919
0.6470539569854736, 2918
0.6480515003204346, 2917
0.6480515003204346, 2916
0.6480515003204346, 2915
0.6480515003204346, 2914
0.6500451564788818, 2913
0.6510422229766846, 2912
0.6510422229766846, 2911
0.6520395278930664, 2910
0.6530368328094482, 2909
0.6530368328094482, 2908
0.6541502475738525, 2907
0.6541502475738525, 2906
0.6561455726623535, 2905
0.6561455726623535, 2904
0.6571435928344727, 2903
0.6571435928344727, 2902
0.6571435928344727, 2901
0.6581406593322754, 2900
0.6591377258300781, 2899
0.6591377258300781, 2898
0.6601355075836182, 2897
0.6622493267059326, 2896
0.6622493267059326, 2895
0.6632480621337891, 2894
0.6632480621337891, 2893
0.6632480621337891, 2892
0.6642436981201172, 2891
0.6642436981201172, 2890
0.6642436981201172, 2889
0.6652429103851318, 2888
0.6652429103851318, 2887
0.6662397384643555, 2886
0.6662397384643555, 2885
0.6662397384643555, 2884
0.6672370433807373, 2883
0.6682343482971191, 2882
0.6682343482971191, 2881
0.6692318916320801, 2880
0.6692318916320801, 2879
0.6702291965484619, 2878
0.6712262630462646, 2877
0.6712262630462646, 2876
0.6712262630462646, 2875
0.6722235679626465, 2874
0.6752157211303711, 2873
0.6752157211303711, 2872
0.676213264465332, 2871
0.676213264465332, 2870
0.6772801876068115, 2869
0.6783411502838135, 2868
0.680335283279419, 2867
0.6813328266143799, 2866
0.6833264827728271, 2865
0.6833264827728271, 2864
0.68540358543396, 2863
0.68540358543396, 2862
0.6864016056060791, 2861
0.6864016056060791, 2860
0.6873989105224609, 2859
0.6913881301879883, 2858
0.6913881301879883, 2857
0.6923854351043701, 2856
0.6923854351043701, 2855
0.6923854351043701, 2854
0.693474292755127, 2853
0.6954703330993652, 2852
0.6974637508392334, 2851
0.6974637508392334, 2850
0.698462963104248, 2849
0.6994595527648926, 2848
0.7004568576812744, 2847
0.7014541625976562, 2846
0.7035560607910156, 2845
0.7035560607910156, 2844
0.7035560607910156, 2843
0.7045531272888184, 2842
0.7065479755401611, 2841
0.707545280456543, 2840
0.707545280456543, 2839
0.707545280456543, 2838
0.7085428237915039, 2837
0.7085428237915039, 2836
0.7085428237915039, 2835
0.7095401287078857, 2834
0.7115345001220703, 2833
0.7115345001220703, 2832
0.7115345001220703, 2831
0.7125318050384521, 2830
0.7135293483734131, 2829
0.7165215015411377, 2828
0.7165215015411377, 2827
0.7165215015411377, 2826
0.7176220417022705, 2825
0.718620777130127, 2824
0.718620777130127, 2823
0.7196180820465088, 2822
0.7196180820465088, 2821
0.7206151485443115, 2820
0.7216126918792725, 2819
0.7216126918792725, 2818
0.7226097583770752, 2817
0.7226097583770752, 2816
0.7236073017120361, 2815
0.7246050834655762, 2814
0.7267107963562012, 2813
0.7287051677703857, 2812
0.7297024726867676, 2811
0.7297024726867676, 2810
0.7306985855102539, 2809
0.7316977977752686, 2808
0.7316977977752686, 2807
0.7316977977752686, 2806
0.7326943874359131, 2805
0.7337973117828369, 2804
0.7347962856292725, 2803
0.7347962856292725, 2802
0.7347962856292725, 2801
0.736790657043457, 2800
0.736790657043457, 2799
0.736790657043457, 2798
0.737788200378418, 2797
0.7448780536651611, 2796
0.7448780536651611, 2795
0.745875358581543, 2794
0.745875358581543, 2793
0.745875358581543, 2792
0.7478704452514648, 2791
0.7478704452514648, 2790
0.7528567314147949, 2789
0.7548515796661377, 2788
0.7558488845825195, 2787
0.7558488845825195, 2786
0.7558488845825195, 2785
0.7649271488189697, 2784
0.7649271488189697, 2783
0.7649271488189697, 2782
0.7649271488189697, 2781
0.7649271488189697, 2780
0.7659242153167725, 2779
0.7660274505615234, 2778
0.7660274505615234, 2777
0.767026424407959, 2776
0.767026424407959, 2775
0.767026424407959, 2774
0.7690207958221436, 2773
0.7690207958221436, 2772
0.7690207958221436, 2771
0.7700178623199463, 2770
0.7700178623199463, 2769
0.7710161209106445, 2768
0.7710161209106445, 2767
0.7720129489898682, 2766
0.7730100154876709, 2765
0.7741036415100098, 2764
0.7751021385192871, 2763
0.7760989665985107, 2762
0.7810862064361572, 2761
0.7810862064361572, 2760
0.7831771373748779, 2759
0.7841742038726807, 2758
0.7911555767059326, 2757
0.79514479637146, 2756
0.798227071762085, 2755
0.8022160530090332, 2754
0.8022160530090332, 2753
0.8042106628417969, 2752
0.8042106628417969, 2751
0.8052999973297119, 2750
0.8052999973297119, 2749
0.8062987327575684, 2748
0.8062987327575684, 2747
0.8072960376739502, 2746
0.8082935810089111, 2745
0.8082935810089111, 2744
0.8082935810089111, 2743
0.8092906475067139, 2742
0.8092906475067139, 2741
0.8092906475067139, 2740
0.8112852573394775, 2739
0.8122825622558594, 2738
0.8133742809295654, 2737
0.8133742809295654, 2736
0.814373254776001, 2735
0.815371036529541, 2734
0.815371036529541, 2733
0.815371036529541, 2732
0.8163678646087646, 2731
0.8163678646087646, 2730
0.8173654079437256, 2729
0.8183624744415283, 2728
0.8183624744415283, 2727
0.8193600177764893, 2726
0.8203573226928711, 2725
0.8214609622955322, 2724
0.8224599361419678, 2723
0.8224599361419678, 2722
0.8234570026397705, 2721
0.8244543075561523, 2720
0.8254513740539551, 2719
0.8294405937194824, 2718
0.8294405937194824, 2717
0.8294405937194824, 2716
0.8314356803894043, 2715
0.8354246616363525, 2714
0.8354246616363525, 2713
0.8364224433898926, 2712
0.8374195098876953, 2711
0.8384168148040771, 2710
0.8384168148040771, 2709
0.8384168148040771, 2708
0.8404116630554199, 2707
0.8414087295532227, 2706
0.8414087295532227, 2705
0.8424062728881836, 2704
0.8424062728881836, 2703
0.8424062728881836, 2702
0.8434033393859863, 2701
0.8434033393859863, 2700
0.8453981876373291, 2699
0.8454873561859131, 2698
0.8484816551208496, 2697
0.850475549697876, 2696
0.8514728546142578, 2695
0.8524701595306396, 2694
0.8535678386688232, 2693
0.8555636405944824, 2692
0.8555636405944824, 2691
0.8575587272644043, 2690
0.8575587272644043, 2689
0.858555793762207, 2688
0.8595530986785889, 2687
0.8605506420135498, 2686
0.8616080284118652, 2685
0.8616371154785156, 2684
0.862635612487793, 2683
0.8646306991577148, 2682
0.8646306991577148, 2681
0.8646306991577148, 2680
0.8646306991577148, 2679
0.8646306991577148, 2678
0.8656275272369385, 2677
0.8656275272369385, 2676
0.8656275272369385, 2675
0.8666248321533203, 2674
0.8666248321533203, 2673
0.8676228523254395, 2672
0.8686196804046631, 2671
0.8686196804046631, 2670
0.8686196804046631, 2669
0.8696167469024658, 2668
0.8706142902374268, 2667
0.8716115951538086, 2666
0.8726108074188232, 2665
0.8736064434051514, 2664
0.8746037483215332, 2663
0.8746037483215332, 2662
0.875601053237915, 2661
0.875601053237915, 2660
0.875601053237915, 2659
0.8765981197357178, 2658
0.8765981197357178, 2657
0.8777086734771729, 2656
0.8777482509613037, 2655
0.878746747970581, 2654
0.878746747970581, 2653
0.879744291305542, 2652
0.879744291305542, 2651
0.879744291305542, 2650
0.8807401657104492, 2649
0.8807401657104492, 2648
0.8837335109710693, 2647
0.8898277282714844, 2646
0.8998017311096191, 2645
0.9077796936035156, 2644
0.9097747802734375, 2643
0.9107718467712402, 2642
0.9218583106994629, 2641
0.9629416465759277, 2640
0.9699225425720215, 2639
0.9729149341583252, 2638
0.9828884601593018, 2637
0.9828884601593018, 2636
0.98687744140625, 2635
0.9968507289886475, 2634
0.9968507289886475, 2633
1.002945899963379, 2632
1.0039427280426025, 2631
1.0060274600982666, 2630
1.0130102634429932, 2629
1.0181891918182373, 2628
1.020183801651001, 2627
1.020183801651001, 2626
1.0221786499023438, 2625
1.0231761932373047, 2624
1.06007719039917, 2623
1.0612173080444336, 2622
1.0640649795532227, 2621
1.0650644302368164, 2620
1.0650644302368164, 2619
1.0831129550933838, 2618
1.092179298400879, 2617
1.0981640815734863, 2616
1.0981640815734863, 2615
1.1041467189788818, 2614
1.1041467189788818, 2613
1.1096079349517822, 2612
1.110131025314331, 2611
1.1201601028442383, 2610
1.1201601028442383, 2609
1.1251482963562012, 2608
1.127225637435913, 2607
1.1292190551757812, 2606
1.1382508277893066, 2605
1.1382508277893066, 2604
1.1382508277893066, 2603
1.1422398090362549, 2602
1.1442344188690186, 2601
1.1442344188690186, 2600
1.1452317237854004, 2599
1.1472277641296387, 2598
1.1472277641296387, 2597
1.1482243537902832, 2596
1.1492209434509277, 2595
1.1492209434509277, 2594
1.151247262954712, 2593
1.151247262954712, 2592
1.1542391777038574, 2591
1.1552395820617676, 2590
1.1701982021331787, 2589
1.1751832962036133, 2588
1.1771800518035889, 2587
1.1781752109527588, 2586
1.1941335201263428, 2585
1.1941335201263428, 2584
1.1972172260284424, 2583
1.198249340057373, 2582
1.198249340057373, 2581
1.203233242034912, 2580
1.2073643207550049, 2579
1.2205383777618408, 2578
1.2275514602661133, 2577
1.232539176940918, 2576
1.239598035812378, 2575
1.2546517848968506, 2574
1.2556490898132324, 2573
1.2556490898132324, 2572
1.2556490898132324, 2571
1.2566463947296143, 2570
1.2596383094787598, 2569
1.2636280059814453, 2568
1.270608901977539, 2567
1.2736012935638428, 2566
1.277590274810791, 2565
1.2815797328948975, 2564
1.2835750579833984, 2563
1.3026268482208252, 2562
1.3026268482208252, 2561
1.3046209812164307, 2560
1.3106052875518799, 2559
1.32468581199646, 2558
1.3463373184204102, 2557
1.3503265380859375, 2556
1.3503265380859375, 2555
1.3622944355010986, 2554
1.366283893585205, 2553
1.3682785034179688, 2552
1.373265266418457, 2551
1.3742625713348389, 2550
1.3782520294189453, 2549
1.3802464008331299, 2548
1.3802464008331299, 2547
1.3852331638336182, 2546
1.3852331638336182, 2545
1.3902196884155273, 2544
1.3922145366668701, 2543
1.400193214416504, 2542
1.4021875858306885, 2541
1.408348560333252, 2540
1.408348560333252, 2539
1.4124376773834229, 2538
1.4144654273986816, 2537
1.4284958839416504, 2536
1.4344797134399414, 2535
1.4344797134399414, 2534
1.4375834465026855, 2533
1.4425714015960693, 2532
1.4435687065124512, 2531
1.4435687065124512, 2530
1.4567077159881592, 2529
1.457704782485962, 2528
1.463775396347046, 2527
1.4727532863616943, 2526
1.4757444858551025, 2525
1.4818565845489502, 2524
1.4818565845489502, 2523
1.4899296760559082, 2522
1.5010154247283936, 2521
1.5050067901611328, 2520
1.5050067901611328, 2519
1.5050067901611328, 2518
1.5069999694824219, 2517
1.5179705619812012, 2516
1.5349252223968506, 2515
1.5359225273132324, 2514
1.5399117469787598, 2513
1.5399117469787598, 2512
1.5528771877288818, 2511
1.5599422454833984, 2510
1.5710070133209229, 2509
1.5730011463165283, 2508
1.5730011463165283, 2507
1.5730011463165283, 2506
1.5741055011749268, 2505
1.576101541519165, 2504
1.576101541519165, 2503
1.5841925144195557, 2502
1.5851898193359375, 2501
1.5851898193359375, 2500
1.6072659492492676, 2499
1.6072659492492676, 2498
1.610257863998413, 2497
1.6182372570037842, 2496
1.6182372570037842, 2495
1.6182372570037842, 2494
1.6223363876342773, 2493
1.6323084831237793, 2492
1.6362988948822021, 2491
1.6535437107086182, 2490
1.6553544998168945, 2489
1.6723997592926025, 2488
1.6784942150115967, 2487
1.682483196258545, 2486
1.6874699592590332, 2485
1.688467264175415, 2484
1.7014315128326416, 2483
1.7544424533843994, 2482
1.7584292888641357, 2481
1.766409158706665, 2480
1.7763826847076416, 2479
1.7763826847076416, 2478
1.79134202003479, 2477
1.79134202003479, 2476
1.7953307628631592, 2475
1.7963275909423828, 2474
1.843203067779541, 2473
1.8531768321990967, 2472
1.8531768321990967, 2471
1.873122215270996, 2470
1.8761160373687744, 2469
1.8761160373687744, 2468
1.890077829360962, 2467
1.890077829360962, 2466
1.8910748958587646, 2465
1.9000508785247803, 2464
1.908029317855835, 2463
1.9379498958587646, 2462
1.939943790435791, 2461
1.9459288120269775, 2460
1.9529097080230713, 2459
1.9588935375213623, 2458
1.9748501777648926, 2457
1.9888129234313965, 2456
1.9888129234313965, 2455
2.001779556274414, 2454
2.001779556274414, 2453
2.014781951904297, 2452
2.0157430171966553, 2451
2.018733024597168, 2450
2.018733024597168, 2449
2.0227222442626953, 2448
2.023719549179077, 2447
2.043666362762451, 2446
2.057629108428955, 2445
2.0725901126861572, 2444
2.0725901126861572, 2443
2.0745837688446045, 2442
2.0745837688446045, 2441
2.079571485519409, 2440
2.085554361343384, 2439
2.089543581008911, 2438
2.126990556716919, 2437
2.127987861633301, 2436
2.127987861633301, 2435
2.1299824714660645, 2434
2.1299824714660645, 2433
2.140131711959839, 2432
2.140131711959839, 2431
2.143251419067383, 2430
2.1521944999694824, 2429
2.1521944999694824, 2428
2.1521944999694824, 2427
2.1602590084075928, 2426
2.167311906814575, 2425
2.167311906814575, 2424
2.189445734024048, 2423
2.193434953689575, 2422
2.2239739894866943, 2421
2.2279632091522217, 2420
2.266300916671753, 2419
2.2692930698394775, 2418
2.2702901363372803, 2417
2.285444498062134, 2416
2.2864437103271484, 2415
2.297508716583252, 2414
2.302598237991333, 2413
2.307584762573242, 2412
2.3438127040863037, 2411
2.3438127040863037, 2410
2.373732089996338, 2409
2.373732089996338, 2408
2.434570074081421, 2407
2.4355673789978027, 2406
2.4416682720184326, 2405
2.4426655769348145, 2404
2.6960387229919434, 2403
2.6970295906066895, 2402
2.7010183334350586, 2401
2.7090041637420654, 2400
2.7090041637420654, 2399
2.7169764041900635, 2398
2.7249538898468018, 2397
2.8236889839172363, 2396
2.839648962020874, 2395
2.853609561920166, 2394
2.8605918884277344, 2393
2.8954970836639404, 2392
2.9074647426605225, 2391
2.9234230518341064, 2390
2.953343391418457, 2389
2.9975321292877197, 2388
2.9985294342041016, 2387
3.0005247592926025, 2386
3.0195529460906982, 2385
3.0235421657562256, 2384
3.0235421657562256, 2383
3.0365068912506104, 2382
3.0395984649658203, 2381
3.041592597961426, 2380
3.08678936958313, 2379
3.1322665214538574, 2378
3.1383912563323975, 2377
3.1383912563323975, 2376
3.1415152549743652, 2375
3.144474506378174, 2374
3.1464695930480957, 2373
3.1484642028808594, 2372
3.1534502506256104, 2371
3.1584372520446777, 2370
3.1614301204681396, 2369
3.191384792327881, 2368
3.194342613220215, 2367
3.2073068618774414, 2366
3.2073068618774414, 2365
3.2152867317199707, 2364
3.22027325630188, 2363
3.22027325630188, 2362
3.2232658863067627, 2361
3.2501962184906006, 2360
3.2880923748016357, 2359
3.3249928951263428, 2358
3.3249928951263428, 2357
3.335963249206543, 2356
3.338954448699951, 2355
3.370870351791382, 2354
3.370870351791382, 2353
3.374859094619751, 2352
3.423727512359619, 2351
3.423727512359619, 2350
3.4556450843811035, 2349
3.4616270065307617, 2348
3.485584259033203, 2347
3.5085015296936035, 2346
3.509498357772827, 2345
3.518474817276001, 2344
3.5224645137786865, 2343
3.5224645137786865, 2342
3.559393882751465, 2341
3.6014328002929688, 2340
3.7272984981536865, 2339
3.7292933464050293, 2338
3.743256092071533, 2337
3.7562201023101807, 2336
3.7583303451538086, 2335
3.759326696395874, 2334
3.759326696395874, 2333
3.761322259902954, 2332
3.786562919616699, 2331
3.795538902282715, 2330
3.80961537361145, 2329
3.8489065170288086, 2328
3.852895736694336, 2327
3.8568849563598633, 2326
3.858879566192627, 2325
3.882817268371582, 2324
3.8979122638702393, 2323
3.908881664276123, 2322
3.908881664276123, 2321
3.9128713607788086, 2320
3.914865732192993, 2319
3.916860342025757, 2318
3.9188551902770996, 2317
3.981776475906372, 2316
3.989753484725952, 2315
3.989753484725952, 2314
4.008919954299927, 2313
4.008919954299927, 2312
4.046021223068237, 2311
4.047020673751831, 2310
4.059985637664795, 2309
4.059985637664795, 2308
4.0619800090789795, 2307
4.077937841415405, 2306
4.154428243637085, 2305
4.156423091888428, 2304
4.158539295196533, 2303
4.165626287460327, 2302
4.176694631576538, 2301
4.1947431564331055, 2300
4.195740699768066, 2299
4.201853036880493, 2298
4.246194124221802, 2297
4.2913658618927, 2296
4.3194732666015625, 2295
4.322465181350708, 2294
4.322465181350708, 2293
4.3265368938446045, 2292
4.37384557723999, 2291
4.3768391609191895, 2290
4.390801668167114, 2289
7.475456476211548, 2288
7.51544976234436, 2287
7.602672338485718, 2286
7.6067891120910645, 2285
7.669284820556641, 2284
7.710727691650391, 2283
7.773840427398682, 2282
7.842082977294922, 2281
7.856132984161377, 2280
7.885315418243408, 2279
7.926237344741821, 2278
8.301921606063843, 2277
9.131202220916748, 2276
9.352604627609253, 2275
9.354599714279175, 2274
9.770981550216675, 2273
9.82636308670044, 2272
10.142271757125854, 2271
10.538569688796997, 2270
10.639397382736206, 2269
10.658348321914673, 2268
10.77004861831665, 2267
10.890590906143188, 2266
11.002084732055664, 2265
11.039069414138794, 2264
11.092504978179932, 2263
11.120790243148804, 2262
11.12583875656128, 2261
11.221892595291138, 2260
11.544672966003418, 2259
11.879666090011597, 2258
11.996132135391235, 2257
12.017190933227539, 2256
12.064460515975952, 2255
12.11806583404541, 2254
12.121061563491821, 2253
12.577548503875732, 2252
12.652721166610718, 2251
12.894407749176025, 2250
12.95259165763855, 2249
13.023597002029419, 2248
13.175363063812256, 2247
13.750840902328491, 2246
13.845344066619873, 2245
13.860466241836548, 2244
13.901251792907715, 2243
14.269574165344238, 2242
14.37204384803772, 2241
14.374061346054077, 2240
14.598357200622559, 2239
14.765413999557495, 2238
14.81319546699524, 2237
15.096943140029907, 2236
15.12619686126709, 2235
15.720130920410156, 2234
16.69764733314514, 2233
16.779620885849, 2232
16.895201444625854, 2231
16.903180837631226, 2230
17.79828143119812, 2229
18.557965517044067, 2228
18.888587951660156, 2227
19.697471380233765, 2226
20.45992112159729, 2225
20.926422119140625, 2224
21.409138679504395, 2223
21.532402276992798, 2222
22.258070468902588, 2221
23.86872386932373, 2220
23.9341459274292, 2219
25.70156240463257, 2218
26.319955825805664, 2217
26.85129475593567, 2216
27.275518894195557, 2215
27.883912801742554, 2214
29.121503591537476, 2213
29.43946385383606, 2212
29.510015964508057, 2211
29.667571783065796, 2210
31.882364749908447, 2209
32.42212414741516, 2208
36.05474781990051, 2207
