0.0, 2269
0.09193682670593262, 2268
0.12285423278808594, 2267
0.20175981521606445, 2266
0.2830376625061035, 2265
0.36777758598327637, 2264
0.42462635040283203, 2263
0.5015881061553955, 2262
0.5230057239532471, 2261
0.5620625019073486, 2260
0.5720009803771973, 2259
0.6099317073822021, 2258
0.6268582344055176, 2257
0.6421153545379639, 2256
0.6750271320343018, 2255
0.7490487098693848, 2254
0.7789807319641113, 2253
0.80293869972229, 2252
0.8575184345245361, 2251
0.8754703998565674, 2250
0.8984096050262451, 2249
0.9346182346343994, 2248
1.0014379024505615, 2247
1.0024352073669434, 2246
1.0429799556732178, 2245
1.0828733444213867, 2244
1.0848674774169922, 2243
1.1597535610198975, 2242
1.3326971530914307, 2241
1.3516454696655273, 2240
1.368600606918335, 2239
1.5146760940551758, 2238
1.6497373580932617, 2237
1.6706809997558594, 2236
1.7549676895141602, 2235
1.820791482925415, 2234
2.025463581085205, 2233
2.0293915271759033, 2232
2.0373706817626953, 2231
2.050335168838501, 2230
2.0742712020874023, 2229
2.1859731674194336, 2228
2.1889655590057373, 2227
2.2009663581848145, 2226
2.324657440185547, 2225
2.6787383556365967, 2224
2.698655128479004, 2223
2.709657907485962, 2222
2.785456657409668, 2221
2.7864553928375244, 2220
2.8287084102630615, 2219
3.198648691177368, 2218
3.28074312210083, 2217
3.5043413639068604, 2216
3.6481621265411377, 2215
3.789079427719116, 2214
4.186697959899902, 2213
4.234705209732056, 2212
4.891249895095825, 2211
5.2654945850372314, 2210
6.592629909515381, 2209
7.509828567504883, 2208
8.119796514511108, 2207
10.648344039916992, 2206
19.023037672042847, 2205
