0.0, 2269
0.08175206184387207, 2268
0.10967469215393066, 2267
0.11968064308166504, 2266
0.126631498336792, 2265
0.14158940315246582, 2264
0.1575465202331543, 2263
0.1825122833251953, 2262
0.19647479057312012, 2261
0.21941375732421875, 2260
0.27227282524108887, 2259
0.2981724739074707, 2258
0.304187536239624, 2257
0.42586517333984375, 2256
0.4717066287994385, 2255
0.4806842803955078, 2254
0.5116331577301025, 2253
0.5185830593109131, 2252
0.5195801258087158, 2251
0.5445446968078613, 2250
0.5495352745056152, 2249
0.5854043960571289, 2248
0.5893933773040771, 2247
0.5983703136444092, 2246
0.6632273197174072, 2245
0.7659199237823486, 2244
0.7888600826263428, 2243
0.8407211303710938, 2242
0.9115629196166992, 2241
0.958406925201416, 2240
0.9673824310302734, 2239
0.999295711517334, 2238
1.0172476768493652, 2237
1.1249611377716064, 2236
1.1618931293487549, 2235
1.1808109283447266, 2234
1.1888213157653809, 2233
1.2496585845947266, 2232
1.2605984210968018, 2231
1.3294453620910645, 2230
1.4411156177520752, 2229
1.5657808780670166, 2228
1.568772792816162, 2227
1.7792425155639648, 2226
1.8370873928070068, 2225
1.8680055141448975, 2224
1.9327995777130127, 2223
1.9846606254577637, 2222
1.9936366081237793, 2221
2.152214288711548, 2220
2.238980531692505, 2219
2.3855884075164795, 2218
2.4583940505981445, 2217
2.4843246936798096, 2216
3.190436363220215, 2215
3.722014904022217, 2214
4.083084583282471, 2213
5.091355085372925, 2212
5.328789949417114, 2211
5.854353904724121, 2210
7.2107603549957275, 2209
7.666506290435791, 2208
9.129626512527466, 2207
15.317030191421509, 2206
24.553502798080444, 2205
26.00823187828064, 2204
31.125956296920776, 2203
