0.0, 2269
0.2702760696411133, 2268
0.33510923385620117, 2267
0.3530616760253906, 2266
0.3690176010131836, 2265
0.3989388942718506, 2264
0.41809582710266113, 2263
0.47196316719055176, 2262
0.5138401985168457, 2261
0.5696909427642822, 2260
0.699343204498291, 2259
0.7528514862060547, 2258
0.7678115367889404, 2257
1.0492122173309326, 2256
1.15093994140625, 2255
1.1698901653289795, 2254
1.2357122898101807, 2253
1.2506721019744873, 2252
1.2516703605651855, 2251
1.3125076293945312, 2250
1.3184924125671387, 2249
1.3992764949798584, 2248
1.4042613506317139, 2247
1.430196762084961, 2246
1.5817883014678955, 2245
1.8171584606170654, 2244
1.8690197467803955, 2243
1.9956812858581543, 2242
2.1622371673583984, 2241
2.2694804668426514, 2240
2.3023934364318848, 2239
2.383690357208252, 2238
2.419109582901001, 2237
2.6769392490386963, 2236
2.7637038230895996, 2235
2.8155646324157715, 2234
2.842503786087036, 2233
2.9821181297302246, 2232
3.002065420150757, 2231
3.1795902252197266, 2230
3.4374148845672607, 2229
3.7492685317993164, 2228
3.7622334957122803, 2227
4.367150068283081, 2226
4.546670198440552, 2225
4.633439540863037, 2224
4.9610755443573, 2223
5.133125066757202, 2222
5.167034387588501, 2221
5.729732036590576, 2220
6.075319766998291, 2219
6.577974319458008, 2218
6.7824273109436035, 2217
6.85024619102478, 2216
8.041610479354858, 2215
8.766670227050781, 2214
9.644407987594604, 2213
12.124992370605469, 2212
12.675761461257935, 2211
13.824222087860107, 2210
17.207080841064453, 2209
18.293524742126465, 2208
21.5690598487854, 2207
34.741875886917114, 2206
48.12717628479004, 2205
51.5800883769989, 2204
