0.0, 2269
0.06878399848937988, 2268
0.09422564506530762, 2267
0.16706180572509766, 2266
0.23884057998657227, 2265
0.3096811771392822, 2264
0.35655641555786133, 2263
0.42337846755981445, 2262
0.44229555130004883, 2261
0.46825718879699707, 2260
0.4752054214477539, 2259
0.5071220397949219, 2258
0.5220818519592285, 2257
0.5350453853607178, 2256
0.559013843536377, 2255
0.6208188533782959, 2254
0.6457817554473877, 2253
0.6666955947875977, 2252
0.7105774879455566, 2251
0.7225444316864014, 2250
0.7404975891113281, 2249
0.7724127769470215, 2248
0.8302886486053467, 2247
0.832252025604248, 2246
0.8641650676727295, 2245
0.8950824737548828, 2244
0.8970773220062256, 2243
0.9619038105010986, 2242
1.102602481842041, 2241
1.114537239074707, 2240
1.1324899196624756, 2239
1.2312607765197754, 2238
1.3359787464141846, 2237
1.347914457321167, 2236
1.4027674198150635, 2235
1.4446885585784912, 2234
1.5772998332977295, 2233
1.580291748046875, 2232
1.5862758159637451, 2231
1.5952847003936768, 2230
1.6142010688781738, 2229
1.7069549560546875, 2228
1.7089498043060303, 2227
1.7209200859069824, 2226
1.8196516036987305, 2225
2.0929229259490967, 2224
2.1098756790161133, 2223
2.117854118347168, 2222
2.1786916255950928, 2221
2.1796889305114746, 2220
2.2166225910186768, 2219
2.530782699584961, 2218
2.594581365585327, 2217
2.7591392993927, 2216
2.8788208961486816, 2215
2.999497413635254, 2214
3.342581033706665, 2213
3.382472515106201, 2212
3.8851284980773926, 2211
4.199322938919067, 2210
5.175680160522461, 2209
5.925671577453613, 2208
6.475202322006226, 2207
8.497793436050415, 2206
14.89738917350769, 2205
20.379618406295776, 2204
