0.0, 2269
0.1089026927947998, 2268
0.1388258934020996, 2267
0.1468033790588379, 2266
0.15976643562316895, 2265
0.17373085021972656, 2264
0.18439602851867676, 2263
0.21540141105651855, 2262
0.2303609848022461, 2261
0.25629496574401855, 2260
0.3198566436767578, 2259
0.3527374267578125, 2258
0.3637404441833496, 2257
0.5067901611328125, 2256
0.5616433620452881, 2255
0.5716156959533691, 2254
0.6188137531280518, 2253
0.6257944107055664, 2252
0.6267910003662109, 2251
0.6583797931671143, 2250
0.663398027420044, 2249
0.7075588703155518, 2248
0.7125792503356934, 2247
0.7265081405639648, 2246
0.7995798587799072, 2245
0.9232528209686279, 2244
0.9462213516235352, 2243
1.0131378173828125, 2242
1.101001262664795, 2241
1.1598460674285889, 2240
1.1688222885131836, 2239
1.203521728515625, 2238
1.2244994640350342, 2237
1.3720734119415283, 2236
1.4177203178405762, 2235
1.4436190128326416, 2234
1.4536218643188477, 2233
1.5366742610931396, 2232
1.550640344619751, 2231
1.6583290100097656, 2230
1.8142454624176025, 2229
1.998939037322998, 2228
2.002924680709839, 2227
2.3419792652130127, 2226
2.441713333129883, 2225
2.4917519092559814, 2224
2.590758800506592, 2223
2.675666093826294, 2222
2.694615602493286, 2221
2.915123701095581, 2220
3.027094841003418, 2219
3.2232134342193604, 2218
3.330050230026245, 2217
3.365955352783203, 2216
4.0733091831207275, 2215
4.462831497192383, 2214
4.860263347625732, 2213
6.1421239376068115, 2212
6.563898801803589, 2211
7.228822469711304, 2210
9.065284013748169, 2209
9.715823888778687, 2208
11.741142511367798, 2207
19.199350833892822, 2206
26.561646938323975, 2205
28.458720922470093, 2204
34.865906715393066, 2203
