0.03641510009765625, 3721
0.037412405014038086, 3720
0.047386884689331055, 3719
0.05037951469421387, 3718
0.051377058029174805, 3717
0.051377058029174805, 3716
0.051377058029174805, 3715
0.051377058029174805, 3714
0.051377058029174805, 3713
0.053371429443359375, 3712
0.05436873435974121, 3711
0.05436873435974121, 3710
0.05536627769470215, 3709
0.05536627769470215, 3708
0.05536627769470215, 3707
0.05735969543457031, 3706
0.058358192443847656, 3705
0.058358192443847656, 3704
0.058358192443847656, 3703
0.058358192443847656, 3702
0.05935525894165039, 3701
0.05935525894165039, 3700
0.06035184860229492, 3699
0.06035184860229492, 3698
0.0623471736907959, 3697
0.06334376335144043, 3696
0.06334376335144043, 3695
0.06434106826782227, 3694
0.06434106826782227, 3693
0.06434106826782227, 3692
0.0653388500213623, 3691
0.0653388500213623, 3690
0.0653388500213623, 3689
0.06633520126342773, 3688
0.06633520126342773, 3687
0.06633520126342773, 3686
0.06633520126342773, 3685
0.06733489036560059, 3684
0.06833052635192871, 3683
0.06833052635192871, 3682
0.06833052635192871, 3681
0.06932735443115234, 3680
0.06932735443115234, 3679
0.06932735443115234, 3678
0.07032489776611328, 3677
0.07132363319396973, 3676
0.07431507110595703, 3675
0.08229374885559082, 3674
0.08428812026977539, 3673
0.08528542518615723, 3672
0.0872802734375, 3671
0.08927607536315918, 3670
0.08927607536315918, 3669
0.0902717113494873, 3668
0.0902717113494873, 3667
0.09127020835876465, 3666
0.09127020835876465, 3665
0.09525871276855469, 3664
0.09625720977783203, 3663
0.09725356101989746, 3662
0.09725356101989746, 3661
0.0982506275177002, 3660
0.0982506275177002, 3659
0.09924793243408203, 3658
0.09924793243408203, 3657
0.09924793243408203, 3656
0.1012415885925293, 3655
0.10223937034606934, 3654
0.10223937034606934, 3653
0.10223937034606934, 3652
0.10223937034606934, 3651
0.10567569732666016, 3650
0.10623311996459961, 3649
0.10623311996459961, 3648
0.10623311996459961, 3647
0.10623311996459961, 3646
0.10724997520446777, 3645
0.10822582244873047, 3644
0.10822582244873047, 3643
0.10822582244873047, 3642
0.11520528793334961, 3641
0.11520528793334961, 3640
0.11719918251037598, 3639
0.11719918251037598, 3638
0.11819744110107422, 3637
0.11819744110107422, 3636
0.11919450759887695, 3635
0.12070202827453613, 3634
0.12070202827453613, 3633
0.12169885635375977, 3632
0.12169885635375977, 3631
0.1226949691772461, 3630
0.1226949691772461, 3629
0.12369346618652344, 3628
0.12369346618652344, 3627
0.12469005584716797, 3626
0.1256873607635498, 3625
0.1256873607635498, 3624
0.12668418884277344, 3623
0.12768173217773438, 3622
0.13167238235473633, 3621
0.13266992568969727, 3620
0.1366569995880127, 3619
0.1366569995880127, 3618
0.1366569995880127, 3617
0.13765478134155273, 3616
0.13865184783935547, 3615
0.1396501064300537, 3614
0.1396501064300537, 3613
0.1396501064300537, 3612
0.14175653457641602, 3611
0.14175653457641602, 3610
0.14275431632995605, 3609
0.14574813842773438, 3608
0.14774060249328613, 3607
0.14873909950256348, 3606
0.14873909950256348, 3605
0.14973735809326172, 3604
0.15073394775390625, 3603
0.15073394775390625, 3602
0.1527271270751953, 3601
0.15673279762268066, 3600
0.1607072353363037, 3599
0.1607072353363037, 3598
0.1607072353363037, 3597
0.16170477867126465, 3596
0.16369986534118652, 3595
0.1656947135925293, 3594
0.16669082641601562, 3593
0.16669082641601562, 3592
0.16768908500671387, 3591
0.16968441009521484, 3590
0.16968441009521484, 3589
0.16968441009521484, 3588
0.17068099975585938, 3587
0.17068099975585938, 3586
0.17367243766784668, 3585
0.17367243766784668, 3584
0.17466998100280762, 3583
0.17466998100280762, 3582
0.17466998100280762, 3581
0.17566704750061035, 3580
0.17766189575195312, 3579
0.1796557903289795, 3578
0.1826479434967041, 3577
0.1826479434967041, 3576
0.1826479434967041, 3575
0.18364500999450684, 3574
0.18364500999450684, 3573
0.18364500999450684, 3572
0.18464446067810059, 3571
0.18564081192016602, 3570
0.18564081192016602, 3569
0.18564081192016602, 3568
0.18564081192016602, 3567
0.18564081192016602, 3566
0.18663740158081055, 3565
0.18763470649719238, 3564
0.19064569473266602, 3563
0.19064569473266602, 3562
0.19162344932556152, 3561
0.19162344932556152, 3560
0.19162344932556152, 3559
0.1936180591583252, 3558
0.19461727142333984, 3557
0.1956157684326172, 3556
0.1956157684326172, 3555
0.19960379600524902, 3554
0.19960379600524902, 3553
0.19960379600524902, 3552
0.19960379600524902, 3551
0.19960379600524902, 3550
0.19960379600524902, 3549
0.20059990882873535, 3548
0.20059990882873535, 3547
0.2015984058380127, 3546
0.20259594917297363, 3545
0.20259594917297363, 3544
0.20359253883361816, 3543
0.20558762550354004, 3542
0.20658445358276367, 3541
0.20658445358276367, 3540
0.2075817584991455, 3539
0.20857882499694824, 3538
0.20957708358764648, 3537
0.21057391166687012, 3536
0.21057391166687012, 3535
0.21256756782531738, 3534
0.21456217765808105, 3533
0.21755433082580566, 3532
0.21954846382141113, 3531
0.22852516174316406, 3530
0.22952675819396973, 3529
0.22952675819396973, 3528
0.23052120208740234, 3527
0.23052120208740234, 3526
0.23151779174804688, 3525
0.23351263999938965, 3524
0.23450970649719238, 3523
0.23450970649719238, 3522
0.23550701141357422, 3521
0.23550701141357422, 3520
0.23550701141357422, 3519
0.2375016212463379, 3518
0.2375016212463379, 3517
0.23849940299987793, 3516
0.23849940299987793, 3515
0.23849940299987793, 3514
0.23849940299987793, 3513
0.23949670791625977, 3512
0.23949670791625977, 3511
0.23949670791625977, 3510
0.23949670791625977, 3509
0.2404940128326416, 3508
0.2404940128326416, 3507
0.24149131774902344, 3506
0.2514657974243164, 3505
0.2514657974243164, 3504
0.25345826148986816, 3503
0.25545644760131836, 3502
0.2604396343231201, 3501
0.26143693923950195, 3500
0.26143693923950195, 3499
0.2624359130859375, 3498
0.2634317874908447, 3497
0.2654275894165039, 3496
0.26642441749572754, 3495
0.26941728591918945, 3494
0.26941728591918945, 3493
0.2763981819152832, 3492
0.27739405632019043, 3491
0.2793917655944824, 3490
0.2793917655944824, 3489
0.28038692474365234, 3488
0.2813880443572998, 3487
0.2813880443572998, 3486
0.2813880443572998, 3485
0.2813880443572998, 3484
0.28337907791137695, 3483
0.28337907791137695, 3482
0.2853734493255615, 3481
0.2873680591583252, 3480
0.2873680591583252, 3479
0.2873680591583252, 3478
0.28836607933044434, 3477
0.2893669605255127, 3476
0.2893669605255127, 3475
0.29135680198669434, 3474
0.2933509349822998, 3473
0.29934191703796387, 3472
0.3013300895690918, 3471
0.30232906341552734, 3470
0.30232906341552734, 3469
0.3043229579925537, 3468
0.30632925033569336, 3467
0.3073158264160156, 3466
0.30831313133239746, 3465
0.30831313133239746, 3464
0.309309720993042, 3463
0.309309720993042, 3462
0.3103063106536865, 3461
0.31330060958862305, 3460
0.31330060958862305, 3459
0.3142971992492676, 3458
0.3142971992492676, 3457
0.3142971992492676, 3456
0.3142971992492676, 3455
0.3142971992492676, 3454
0.3152937889099121, 3453
0.3152937889099121, 3452
0.31629109382629395, 3451
0.3182864189147949, 3450
0.3202822208404541, 3449
0.3202822208404541, 3448
0.32127881050109863, 3447
0.32127881050109863, 3446
0.32127881050109863, 3445
0.32127881050109863, 3444
0.32127881050109863, 3443
0.32227516174316406, 3442
0.32227516174316406, 3441
0.3232722282409668, 3440
0.3232722282409668, 3439
0.32426953315734863, 3438
0.32526707649230957, 3437
0.3262646198272705, 3436
0.3262646198272705, 3435
0.32726168632507324, 3434
0.32726168632507324, 3433
0.3312511444091797, 3432
0.3342428207397461, 3431
0.33524084091186523, 3430
0.33524084091186523, 3429
0.33823180198669434, 3428
0.33922839164733887, 3427
0.33922839164733887, 3426
0.3402266502380371, 3425
0.3402266502380371, 3424
0.34122347831726074, 3423
0.34122347831726074, 3422
0.34122347831726074, 3421
0.34421539306640625, 3420
0.3452143669128418, 3419
0.3462107181549072, 3418
0.3462107181549072, 3417
0.3462107181549072, 3416
0.3462107181549072, 3415
0.34720659255981445, 3414
0.34720659255981445, 3413
0.34720659255981445, 3412
0.34720659255981445, 3411
0.3482041358947754, 3410
0.3482041358947754, 3409
0.3482041358947754, 3408
0.34920191764831543, 3407
0.3502027988433838, 3406
0.3502027988433838, 3405
0.3511989116668701, 3404
0.35219526290893555, 3403
0.35219526290893555, 3402
0.3531923294067383, 3401
0.3531923294067383, 3400
0.3531923294067383, 3399
0.3541901111602783, 3398
0.35718417167663574, 3397
0.3591768741607666, 3396
0.3591768741607666, 3395
0.36017417907714844, 3394
0.36117100715637207, 3393
0.36117100715637207, 3392
0.362168550491333, 3391
0.362168550491333, 3390
0.3631718158721924, 3389
0.3631718158721924, 3388
0.3641653060913086, 3387
0.3651595115661621, 3386
0.3651595115661621, 3385
0.36615705490112305, 3384
0.36615705490112305, 3383
0.3671536445617676, 3382
0.3671536445617676, 3381
0.3681509494781494, 3380
0.36914896965026855, 3379
0.3701496124267578, 3378
0.3701496124267578, 3377
0.37114524841308594, 3376
0.37114524841308594, 3375
0.37214112281799316, 3374
0.37214112281799316, 3373
0.3731398582458496, 3372
0.3731398582458496, 3371
0.37413740158081055, 3370
0.37413740158081055, 3369
0.38311147689819336, 3368
0.38311147689819336, 3367
0.38809752464294434, 3366
0.3910958766937256, 3365
0.392087459564209, 3364
0.39308619499206543, 3363
0.39408326148986816, 3362
0.3980720043182373, 3361
0.39906978607177734, 3360
0.40006589889526367, 3359
0.40006589889526367, 3358
0.4010634422302246, 3357
0.4010634422302246, 3356
0.40206241607666016, 3355
0.4030590057373047, 3354
0.4040565490722656, 3353
0.40505385398864746, 3352
0.40505385398864746, 3351
0.4060513973236084, 3350
0.40704846382141113, 3349
0.40704846382141113, 3348
0.40704846382141113, 3347
0.40804600715637207, 3346
0.4090433120727539, 3345
0.4090433120727539, 3344
0.415027379989624, 3343
0.4170210361480713, 3342
0.4170210361480713, 3341
0.4170210361480713, 3340
0.418018102645874, 3339
0.418018102645874, 3338
0.41901540756225586, 3337
0.41901540756225586, 3336
0.4220092296600342, 3335
0.4259958267211914, 3334
0.4259958267211914, 3333
0.427992582321167, 3332
0.4289894104003906, 3331
0.4309828281402588, 3330
0.43297719955444336, 3329
0.4339752197265625, 3328
0.4369685649871826, 3327
0.4476652145385742, 3326
0.4476652145385742, 3325
0.4476652145385742, 3324
0.449660062789917, 3323
0.4506568908691406, 3322
0.4526538848876953, 3321
0.4536476135253906, 3320
0.4536476135253906, 3319
0.45464658737182617, 3318
0.4556434154510498, 3317
0.45663976669311523, 3316
0.45663976669311523, 3315
0.45963287353515625, 3314
0.4606301784515381, 3313
0.4637176990509033, 3312
0.46770763397216797, 3311
0.46770763397216797, 3310
0.4687047004699707, 3309
0.4687047004699707, 3308
0.46970248222351074, 3307
0.46970248222351074, 3306
0.47170186042785645, 3305
0.47170186042785645, 3304
0.47269749641418457, 3303
0.4736902713775635, 3302
0.47568464279174805, 3301
0.4766836166381836, 3300
0.4766836166381836, 3299
0.4766836166381836, 3298
0.4776802062988281, 3297
0.4776802062988281, 3296
0.47867798805236816, 3295
0.4796760082244873, 3294
0.4796760082244873, 3293
0.48067212104797363, 3292
0.48067212104797363, 3291
0.4816703796386719, 3290
0.4816703796386719, 3289
0.4826674461364746, 3288
0.4826674461364746, 3287
0.48366427421569824, 3286
0.48366427421569824, 3285
0.4846608638763428, 3284
0.4846608638763428, 3283
0.4856584072113037, 3282
0.4856584072113037, 3281
0.48665571212768555, 3280
0.4886503219604492, 3279
0.48964929580688477, 3278
0.48964929580688477, 3277
0.4906444549560547, 3276
0.4906444549560547, 3275
0.4926412105560303, 3274
0.4956324100494385, 3273
0.4966292381286621, 3272
0.49762821197509766, 3271
0.49762821197509766, 3270
0.49762821197509766, 3269
0.4986248016357422, 3268
0.4986248016357422, 3267
0.49962329864501953, 3266
0.49962329864501953, 3265
0.49962329864501953, 3264
0.5006198883056641, 3263
0.501617431640625, 3262
0.501617431640625, 3261
0.501617431640625, 3260
0.5046138763427734, 3259
0.5066061019897461, 3258
0.5066061019897461, 3257
0.5075993537902832, 3256
0.5075993537902832, 3255
0.5085973739624023, 3254
0.5155789852142334, 3253
0.5165777206420898, 3252
0.5175752639770508, 3251
0.5175752639770508, 3250
0.5175752639770508, 3249
0.5175752639770508, 3248
0.519568681716919, 3247
0.519568681716919, 3246
0.519568681716919, 3245
0.5205650329589844, 3244
0.5205650329589844, 3243
0.5215620994567871, 3242
0.5215620994567871, 3241
0.5215620994567871, 3240
0.5215620994567871, 3239
0.522559642791748, 3238
0.522559642791748, 3237
0.522559642791748, 3236
0.5235567092895508, 3235
0.5235567092895508, 3234
0.5235567092895508, 3233
0.5245542526245117, 3232
0.5245542526245117, 3231
0.5355269908905029, 3230
0.5355269908905029, 3229
0.5355269908905029, 3228
0.5365235805511475, 3227
0.5365235805511475, 3226
0.5375208854675293, 3225
0.5375208854675293, 3224
0.5375208854675293, 3223
0.5385184288024902, 3222
0.5395159721374512, 3221
0.5416064262390137, 3220
0.5465984344482422, 3219
0.5475914478302002, 3218
0.5475914478302002, 3217
0.5485899448394775, 3216
0.5495870113372803, 3215
0.5595591068267822, 3214
0.560556173324585, 3213
0.560556173324585, 3212
0.5665419101715088, 3211
0.5675375461578369, 3210
0.5675375461578369, 3209
0.5685346126556396, 3208
0.5685346126556396, 3207
0.5705311298370361, 3206
0.5715281963348389, 3205
0.5715281963348389, 3204
0.5735225677490234, 3203
0.5735225677490234, 3202
0.5745198726654053, 3201
0.5745198726654053, 3200
0.5755171775817871, 3199
0.5755171775817871, 3198
0.576514482498169, 3197
0.5775117874145508, 3196
0.584491491317749, 3195
0.5864865779876709, 3194
0.5974593162536621, 3193
0.5984573364257812, 3192
0.5984573364257812, 3191
0.5984573364257812, 3190
0.5984573364257812, 3189
0.5994539260864258, 3188
0.5994539260864258, 3187
0.5994539260864258, 3186
0.5994539260864258, 3185
0.6004512310028076, 3184
0.6004512310028076, 3183
0.6014482975006104, 3182
0.602445125579834, 3181
0.602445125579834, 3180
0.6034414768218994, 3179
0.6034414768218994, 3178
0.6044387817382812, 3177
0.6044387817382812, 3176
0.6054360866546631, 3175
0.6054360866546631, 3174
0.6054360866546631, 3173
0.6064341068267822, 3172
0.6084280014038086, 3171
0.6084280014038086, 3170
0.6084280014038086, 3169
0.6094260215759277, 3168
0.6104247570037842, 3167
0.6104247570037842, 3166
0.6114218235015869, 3165
0.6114218235015869, 3164
0.6124186515808105, 3163
0.6124186515808105, 3162
0.6134147644042969, 3161
0.6134147644042969, 3160
0.6144123077392578, 3159
0.6154091358184814, 3158
0.618401288986206, 3157
0.618401288986206, 3156
0.618401288986206, 3155
0.6193990707397461, 3154
0.6193990707397461, 3153
0.620396614074707, 3152
0.620396614074707, 3151
0.6223952770233154, 3150
0.6233904361724854, 3149
0.6233904361724854, 3148
0.625382661819458, 3147
0.6293728351593018, 3146
0.6303699016571045, 3145
0.6333622932434082, 3144
0.6343586444854736, 3143
0.6353564262390137, 3142
0.63735032081604, 3141
0.63735032081604, 3140
0.63735032081604, 3139
0.63735032081604, 3138
0.6383481025695801, 3137
0.6383481025695801, 3136
0.6393451690673828, 3135
0.6393451690673828, 3134
0.6393451690673828, 3133
0.6403419971466064, 3132
0.6413402557373047, 3131
0.6413402557373047, 3130
0.6413402557373047, 3129
0.6413402557373047, 3128
0.6443326473236084, 3127
0.6453328132629395, 3126
0.6473257541656494, 3125
0.6483230590820312, 3124
0.6493196487426758, 3123
0.6503167152404785, 3122
0.6503167152404785, 3121
0.6503167152404785, 3120
0.6503167152404785, 3119
0.6513137817382812, 3118
0.6523101329803467, 3117
0.6523101329803467, 3116
0.6523101329803467, 3115
0.6523101329803467, 3114
0.6533088684082031, 3113
0.6553037166595459, 3112
0.6553037166595459, 3111
0.6563007831573486, 3110
0.6572980880737305, 3109
0.659294605255127, 3108
0.6662759780883789, 3107
0.6672723293304443, 3106
0.6672723293304443, 3105
0.670264720916748, 3104
0.67325758934021, 3103
0.6742522716522217, 3102
0.6742522716522217, 3101
0.6842267513275146, 3100
0.6852240562438965, 3099
0.6862213611602783, 3098
0.6862213611602783, 3097
0.6872191429138184, 3096
0.688215970993042, 3095
0.6912069320678711, 3094
0.6912069320678711, 3093
0.6971917152404785, 3092
0.6971917152404785, 3091
0.6981890201568604, 3090
0.6981890201568604, 3089
0.6981890201568604, 3088
0.709160566329956, 3087
0.7101564407348633, 3086
0.7111551761627197, 3085
0.7121520042419434, 3084
0.7171385288238525, 3083
0.7171385288238525, 3082
0.7181365489959717, 3081
0.7181365489959717, 3080
0.7206354141235352, 3079
0.7211284637451172, 3078
0.7211284637451172, 3077
0.7231223583221436, 3076
0.7261154651641846, 3075
0.7271125316619873, 3074
0.7271125316619873, 3073
0.7291064262390137, 3072
0.7291064262390137, 3071
0.7291064262390137, 3070
0.7301034927368164, 3069
0.7301034927368164, 3068
0.7311012744903564, 3067
0.7311012744903564, 3066
0.7320983409881592, 3065
0.7320983409881592, 3064
0.7340927124023438, 3063
0.7410736083984375, 3062
0.7410736083984375, 3061
0.7410736083984375, 3060
0.7420711517333984, 3059
0.7421772480010986, 3058
0.7421772480010986, 3057
0.7421772480010986, 3056
0.7421772480010986, 3055
0.7421772480010986, 3054
0.743175745010376, 3053
0.743175745010376, 3052
0.7441725730895996, 3051
0.7441725730895996, 3050
0.7441725730895996, 3049
0.7451696395874023, 3048
0.7451696395874023, 3047
0.7471649646759033, 3046
0.7501561641693115, 3045
0.7511534690856934, 3044
0.7581350803375244, 3043
0.7691059112548828, 3042
0.7701034545898438, 3041
0.7701034545898438, 3040
0.7830679416656494, 3039
0.7860622406005859, 3038
0.7860622406005859, 3037
0.7860622406005859, 3036
0.7870807647705078, 3035
0.7880613803863525, 3034
0.7880613803863525, 3033
0.7890589237213135, 3032
0.7890589237213135, 3031
0.7900519371032715, 3030
0.791048526763916, 3029
0.791048526763916, 3028
0.7920453548431396, 3027
0.7930424213409424, 3026
0.7930424213409424, 3025
0.7940402030944824, 3024
0.7950365543365479, 3023
0.803016185760498, 3022
0.803016185760498, 3021
0.803016185760498, 3020
0.8040139675140381, 3019
0.8040139675140381, 3018
0.8050110340118408, 3017
0.8090004920959473, 3016
0.8189740180969238, 3015
0.8199713230133057, 3014
0.8199713230133057, 3013
0.8209686279296875, 3012
0.8209686279296875, 3011
0.8219709396362305, 3010
0.8219709396362305, 3009
0.8229672908782959, 3008
0.823960542678833, 3007
0.823960542678833, 3006
0.8249576091766357, 3005
0.8249576091766357, 3004
0.8269526958465576, 3003
0.8299429416656494, 3002
0.8299429416656494, 3001
0.8309426307678223, 3000
0.8309426307678223, 2999
0.8319385051727295, 2998
0.832935094833374, 2997
0.832935094833374, 2996
0.8369255065917969, 2995
0.8369255065917969, 2994
0.8409140110015869, 2993
0.8409140110015869, 2992
0.8419113159179688, 2991
0.8429088592529297, 2990
0.8429088592529297, 2989
0.8439047336578369, 2988
0.8479995727539062, 2987
0.8499963283538818, 2986
0.8499963283538818, 2985
0.8499963283538818, 2984
0.8519906997680664, 2983
0.8549823760986328, 2982
0.8549823760986328, 2981
0.8559796810150146, 2980
0.8559796810150146, 2979
0.8569769859313965, 2978
0.8589751720428467, 2977
0.8599681854248047, 2976
0.8599681854248047, 2975
0.8619630336761475, 2974
0.8629612922668457, 2973
0.863957405090332, 2972
0.863957405090332, 2971
0.8649544715881348, 2970
0.8659517765045166, 2969
0.8659517765045166, 2968
0.8679461479187012, 2967
0.8689436912536621, 2966
0.8689436912536621, 2965
0.8699407577514648, 2964
0.8729345798492432, 2963
0.8729345798492432, 2962
0.8729345798492432, 2961
0.8729345798492432, 2960
0.8729345798492432, 2959
0.8739316463470459, 2958
0.8779211044311523, 2957
0.8779211044311523, 2956
0.883903980255127, 2955
0.8849031925201416, 2954
0.8868980407714844, 2953
0.8878951072692871, 2952
0.8888909816741943, 2951
0.8908858299255371, 2950
0.891883134841919, 2949
0.8948752880096436, 2948
0.8978686332702637, 2947
0.8988642692565918, 2946
0.8988642692565918, 2945
0.8998620510101318, 2944
0.8998620510101318, 2943
0.8998620510101318, 2942
0.8998620510101318, 2941
0.9008667469024658, 2940
0.9008667469024658, 2939
0.9008667469024658, 2938
0.9038512706756592, 2937
0.9038512706756592, 2936
0.9068481922149658, 2935
0.9078400135040283, 2934
0.9078400135040283, 2933
0.9078400135040283, 2932
0.9088373184204102, 2931
0.9088373184204102, 2930
0.9098372459411621, 2929
0.9098372459411621, 2928
0.9098372459411621, 2927
0.9108335971832275, 2926
0.9118292331695557, 2925
0.9128270149230957, 2924
0.9128270149230957, 2923
0.9128270149230957, 2922
0.9138233661651611, 2921
0.9138233661651611, 2920
0.9138233661651611, 2919
0.914820671081543, 2918
0.914820671081543, 2917
0.914820671081543, 2916
0.914820671081543, 2915
0.9158179759979248, 2914
0.9158179759979248, 2913
0.9178164005279541, 2912
0.9188120365142822, 2911
0.9188120365142822, 2910
0.9208052158355713, 2909
0.9218027591705322, 2908
0.9228000640869141, 2907
0.9228000640869141, 2906
0.9228000640869141, 2905
0.9257931709289551, 2904
0.9257931709289551, 2903
0.926790714263916, 2902
0.926790714263916, 2901
0.926790714263916, 2900
0.9297821521759033, 2899
0.9307825565338135, 2898
0.9317765235900879, 2897
0.9327752590179443, 2896
0.9347691535949707, 2895
0.9347691535949707, 2894
0.9347691535949707, 2893
0.9367637634277344, 2892
0.9367637634277344, 2891
0.9367637634277344, 2890
0.9367637634277344, 2889
0.9367637634277344, 2888
0.9377601146697998, 2887
0.9377601146697998, 2886
0.9377601146697998, 2885
0.9377601146697998, 2884
0.9387569427490234, 2883
0.9387569427490234, 2882
0.9387569427490234, 2881
0.9397554397583008, 2880
0.9397554397583008, 2879
0.9397554397583008, 2878
0.9407522678375244, 2877
0.9418249130249023, 2876
0.9418678283691406, 2875
0.9418678283691406, 2874
0.9418678283691406, 2873
0.9448633193969727, 2872
0.9458603858947754, 2871
0.9468567371368408, 2870
0.9468567371368408, 2869
0.9488499164581299, 2868
0.9508459568023682, 2867
0.9518496990203857, 2866
0.9568288326263428, 2865
0.9568288326263428, 2864
0.9588236808776855, 2863
0.9588236808776855, 2862
0.9588236808776855, 2861
0.9598205089569092, 2860
0.9598205089569092, 2859
0.9668030738830566, 2858
0.9678001403808594, 2857
0.9687983989715576, 2856
0.9687983989715576, 2855
0.9697935581207275, 2854
0.971787691116333, 2853
0.9737820625305176, 2852
0.9737820625305176, 2851
0.9737820625305176, 2850
0.9747793674468994, 2849
0.975778341293335, 2848
0.977773904800415, 2847
0.9807636737823486, 2846
0.9807636737823486, 2845
0.9807636737823486, 2844
0.9807636737823486, 2843
0.9837567806243896, 2842
0.9837567806243896, 2841
0.9837567806243896, 2840
0.9847536087036133, 2839
0.9847536087036133, 2838
0.9857537746429443, 2837
0.9867479801177979, 2836
0.9867479801177979, 2835
0.9877524375915527, 2834
0.9887478351593018, 2833
0.9897468090057373, 2832
0.9897468090057373, 2831
0.9907381534576416, 2830
0.9927325248718262, 2829
0.9927325248718262, 2828
0.9927325248718262, 2827
0.9927325248718262, 2826
0.9947285652160645, 2825
0.9957249164581299, 2824
0.9957249164581299, 2823
0.9967226982116699, 2822
0.9967226982116699, 2821
0.9987177848815918, 2820
0.9987177848815918, 2819
0.9997146129608154, 2818
0.9997146129608154, 2817
0.9997146129608154, 2816
1.0007116794586182, 2815
1.0027050971984863, 2814
1.004699945449829, 2813
1.0057005882263184, 2812
1.0057005882263184, 2811
1.0066964626312256, 2810
1.0066964626312256, 2809
1.007692575454712, 2808
1.007692575454712, 2807
1.007692575454712, 2806
1.0086901187896729, 2805
1.0086901187896729, 2804
1.0086901187896729, 2803
1.009687900543213, 2802
1.0106847286224365, 2801
1.0116832256317139, 2800
1.0116832256317139, 2799
1.0126805305480957, 2798
1.017665147781372, 2797
1.018662691116333, 2796
1.018662691116333, 2795
1.0196597576141357, 2794
1.0196597576141357, 2793
1.020658254623413, 2792
1.0226545333862305, 2791
1.0266408920288086, 2790
1.0306320190429688, 2789
1.0306320190429688, 2788
1.0366148948669434, 2787
1.0376121997833252, 2786
1.0376121997833252, 2785
1.0386104583740234, 2784
1.0396080017089844, 2783
1.0396080017089844, 2782
1.0406043529510498, 2781
1.0416016578674316, 2780
1.0435960292816162, 2779
1.0445942878723145, 2778
1.0445942878723145, 2777
1.0456600189208984, 2776
1.0467309951782227, 2775
1.0477268695831299, 2774
1.0487236976623535, 2773
1.0497219562530518, 2772
1.05171537399292, 2771
1.052713394165039, 2770
1.0537099838256836, 2769
1.0547082424163818, 2768
1.0577290058135986, 2767
1.0586965084075928, 2766
1.0597262382507324, 2765
1.0636827945709229, 2764
1.079641580581665, 2763
1.079641580581665, 2762
1.081665277481079, 2761
1.081665277481079, 2760
1.081665277481079, 2759
1.0826387405395508, 2758
1.0826387405395508, 2757
1.0826387405395508, 2756
1.0826387405395508, 2755
1.0846638679504395, 2754
1.0846638679504395, 2753
1.0846638679504395, 2752
1.0846638679504395, 2751
1.0856571197509766, 2750
1.0856571197509766, 2749
1.0866563320159912, 2748
1.0876522064208984, 2747
1.0876522064208984, 2746
1.0876522064208984, 2745
1.0886163711547852, 2744
1.0886163711547852, 2743
1.0896446704864502, 2742
1.0896446704864502, 2741
1.0896446704864502, 2740
1.0896446704864502, 2739
1.0906445980072021, 2738
1.0916411876678467, 2737
1.0916411876678467, 2736
1.0916411876678467, 2735
1.0926330089569092, 2734
1.0936052799224854, 2733
1.0936052799224854, 2732
1.094602108001709, 2731
1.0955994129180908, 2730
1.0965960025787354, 2729
1.0965960025787354, 2728
1.1005847454071045, 2727
1.1005847454071045, 2726
1.1005847454071045, 2725
1.1025800704956055, 2724
1.105576515197754, 2723
1.1065738201141357, 2722
1.109562635421753, 2721
1.112553596496582, 2720
1.112553596496582, 2719
1.112553596496582, 2718
1.112553596496582, 2717
1.114546775817871, 2716
1.114546775817871, 2715
1.1155455112457275, 2714
1.1165411472320557, 2713
1.1165411472320557, 2712
1.1175408363342285, 2711
1.1175408363342285, 2710
1.1175408363342285, 2709
1.119535207748413, 2708
1.1205322742462158, 2707
1.1265168190002441, 2706
1.1265168190002441, 2705
1.1275136470794678, 2704
1.1285109519958496, 2703
1.1295084953308105, 2702
1.1315340995788574, 2701
1.1315340995788574, 2700
1.1335294246673584, 2699
1.1335294246673584, 2698
1.1345288753509521, 2697
1.1345288753509521, 2696
1.1345288753509521, 2695
1.1364901065826416, 2694
1.1364901065826416, 2693
1.137516736984253, 2692
1.139481544494629, 2691
1.139481544494629, 2690
1.139481544494629, 2689
1.139481544494629, 2688
1.139481544494629, 2687
1.1405143737792969, 2686
1.1405143737792969, 2685
1.1416034698486328, 2684
1.1416034698486328, 2683
1.1426377296447754, 2682
1.1426377296447754, 2681
1.1426377296447754, 2680
1.1436326503753662, 2679
1.1436326503753662, 2678
1.1455941200256348, 2677
1.146589994430542, 2676
1.1485848426818848, 2675
1.1495823860168457, 2674
1.1515769958496094, 2673
1.1525764465332031, 2672
1.1525764465332031, 2671
1.1525764465332031, 2670
1.1525764465332031, 2669
1.1535708904266357, 2668
1.1535708904266357, 2667
1.1546237468719482, 2666
1.1546237468719482, 2665
1.1556081771850586, 2664
1.1556081771850586, 2663
1.156599998474121, 2662
1.156599998474121, 2661
1.156599998474121, 2660
1.156599998474121, 2659
1.1575932502746582, 2658
1.1595566272735596, 2657
1.1705594062805176, 2656
1.1765103340148926, 2655
1.184521198272705, 2654
1.184521198272705, 2653
1.18648362159729, 2652
1.18648362159729, 2651
1.2524030208587646, 2650
1.2703607082366943, 2649
1.2703607082366943, 2648
1.2753710746765137, 2647
1.2753710746765137, 2646
1.2813239097595215, 2645
1.2823224067687988, 2644
1.283318281173706, 2643
1.283318281173706, 2642
1.2853131294250488, 2641
1.2893030643463135, 2640
1.3122491836547852, 2639
1.3242089748382568, 2638
1.3341834545135498, 2637
1.34226655960083, 2636
1.3502449989318848, 2635
1.3512415885925293, 2634
1.3572273254394531, 2633
1.3602194786071777, 2632
1.3602194786071777, 2631
1.3612163066864014, 2630
1.3612163066864014, 2629
1.3721859455108643, 2628
1.3721859455108643, 2627
1.3761746883392334, 2626
1.3761746883392334, 2625
1.4001107215881348, 2624
1.4031033515930176, 2623
1.4070918560028076, 2622
1.4080893993377686, 2621
1.4121124744415283, 2620
1.4131114482879639, 2619
1.4161005020141602, 2618
1.4180927276611328, 2617
1.4180927276611328, 2616
1.4190752506256104, 2615
1.424079179763794, 2614
1.424079179763794, 2613
1.424079179763794, 2612
1.4290711879730225, 2611
1.4300315380096436, 2610
1.4330224990844727, 2609
1.4410014152526855, 2608
1.475031852722168, 2607
1.4760289192199707, 2606
1.4840068817138672, 2605
1.486001968383789, 2604
1.486001968383789, 2603
1.4930174350738525, 2602
1.4940118789672852, 2601
1.4989662170410156, 2600
1.5129280090332031, 2599
1.5129280090332031, 2598
1.5129280090332031, 2597
1.5159547328948975, 2596
1.5159547328948975, 2595
1.5189142227172852, 2594
1.5189142227172852, 2593
1.5319101810455322, 2592
1.5319101810455322, 2591
1.5329093933105469, 2590
1.5358672142028809, 2589
1.5368702411651611, 2588
1.5388596057891846, 2587
1.5669102668762207, 2586
1.5838944911956787, 2585
1.5838944911956787, 2584
1.5838944911956787, 2583
1.5858933925628662, 2582
1.5898799896240234, 2581
1.5968303680419922, 2580
1.5978584289550781, 2579
1.5978584289550781, 2578
1.6028451919555664, 2577
1.6108241081237793, 2576
1.6487913131713867, 2575
1.6537775993347168, 2574
1.6557719707489014, 2573
1.6577668190002441, 2572
1.660757064819336, 2571
1.6637492179870605, 2570
1.666741132736206, 2569
1.6707334518432617, 2568
1.671729564666748, 2567
1.674720287322998, 2566
1.6867234706878662, 2565
1.6867234706878662, 2564
1.7146148681640625, 2563
1.7316014766693115, 2562
1.7316014766693115, 2561
1.7325665950775146, 2560
1.7744884490966797, 2559
1.7784476280212402, 2558
1.7824320793151855, 2557
1.7824320793151855, 2556
1.7834618091583252, 2555
1.786421775817871, 2554
1.815345287322998, 2553
1.8163425922393799, 2552
1.8183372020721436, 2551
1.8342928886413574, 2550
1.8342928886413574, 2549
1.8342928886413574, 2548
1.8352901935577393, 2547
1.8382823467254639, 2546
1.8412742614746094, 2545
1.8412742614746094, 2544
1.8422715663909912, 2543
1.856266736984253, 2542
1.8592286109924316, 2541
1.8592286109924316, 2540
1.8592286109924316, 2539
1.8662078380584717, 2538
1.8672049045562744, 2537
1.8682022094726562, 2536
1.8682022094726562, 2535
1.8742191791534424, 2534
1.8831958770751953, 2533
1.8901760578155518, 2532
1.9091260433197021, 2531
1.9130845069885254, 2530
1.914081335067749, 2529
1.9160752296447754, 2528
1.940044641494751, 2527
1.9556965827941895, 2526
1.9626398086547852, 2525
1.963667631149292, 2524
1.9895668029785156, 2523
1.991591453552246, 2522
1.991591453552246, 2521
2.0125033855438232, 2520
2.03547739982605, 2519
2.04042911529541, 2518
2.0414633750915527, 2517
2.0414633750915527, 2516
2.0424556732177734, 2515
2.0424556732177734, 2514
2.0434529781341553, 2513
2.047546863555908, 2512
2.050506591796875, 2511
2.057490587234497, 2510
2.057490587234497, 2509
2.0634734630584717, 2508
2.0634734630584717, 2507
2.0664641857147217, 2506
2.0814568996429443, 2505
2.08743953704834, 2504
2.08743953704834, 2503
2.100405693054199, 2502
2.1173574924468994, 2501
2.139270305633545, 2500
2.1423842906951904, 2499
2.1523566246032715, 2498
2.1593706607818604, 2497
2.162332057952881, 2496
2.1633286476135254, 2495
2.165358781814575, 2494
2.1683435440063477, 2493
2.1713407039642334, 2492
2.172335386276245, 2491
2.1753273010253906, 2490
2.1763224601745605, 2489
2.180281400680542, 2488
2.181278705596924, 2487
2.1992311477661133, 2486
2.201225519180298, 2485
2.2022252082824707, 2484
2.207242012023926, 2483
2.20820951461792, 2482
2.209204912185669, 2481
2.225163459777832, 2480
2.2261605262756348, 2479
2.235165596008301, 2478
2.235165596008301, 2477
2.241118907928467, 2476
2.2562367916107178, 2475
2.2562367916107178, 2474
2.2562367916107178, 2473
2.2562367916107178, 2472
2.2772116661071777, 2471
2.2772116661071777, 2470
2.282198190689087, 2469
2.282198190689087, 2468
2.289149284362793, 2467
2.2901461124420166, 2466
2.2991209030151367, 2465
2.300151824951172, 2464
2.300151824951172, 2463
2.302147388458252, 2462
2.3070991039276123, 2461
2.3070991039276123, 2460
2.3091018199920654, 2459
2.3120875358581543, 2458
2.314082384109497, 2457
2.3210630416870117, 2456
2.3220603466033936, 2455
2.3220603466033936, 2454
2.3230576515197754, 2453
2.3310368061065674, 2452
2.3380160331726074, 2451
2.3840439319610596, 2450
2.3840439319610596, 2449
2.3840439319610596, 2448
2.385040760040283, 2447
2.385040760040283, 2446
2.3989720344543457, 2445
2.403959274291992, 2444
2.42889404296875, 2443
2.432882070541382, 2442
2.438865900039673, 2441
2.451965093612671, 2440
2.451965093612671, 2439
2.4529924392700195, 2438
2.4529924392700195, 2437
2.477893352508545, 2436
2.4948501586914062, 2435
2.4958677291870117, 2434
2.49684476852417, 2433
2.5128021240234375, 2432
2.518784284591675, 2431
2.5478334426879883, 2430
2.6046817302703857, 2429
2.6136560440063477, 2428
2.6136560440063477, 2427
2.622635841369629, 2426
2.675635814666748, 2425
2.694587230682373, 2424
2.694587230682373, 2423
2.699572801589966, 2422
2.699572801589966, 2421
2.699572801589966, 2420
2.699572801589966, 2419
2.7364747524261475, 2418
2.7364747524261475, 2417
2.7435786724090576, 2416
2.7435786724090576, 2415
2.7555582523345947, 2414
2.760533094406128, 2413
2.7655222415924072, 2412
2.76651930809021, 2411
2.7715041637420654, 2410
2.7864644527435303, 2409
2.8074069023132324, 2408
2.8183772563934326, 2407
2.8535287380218506, 2406
2.8555257320404053, 2405
2.9004034996032715, 2404
2.903398036956787, 2403
2.938303232192993, 2402
2.948275566101074, 2401
2.9582626819610596, 2400
2.959246873855591, 2399
2.989166259765625, 2398
2.992159366607666, 2397
3.008115768432617, 2396
3.0370376110076904, 2395
3.0420243740081787, 2394
3.0450172424316406, 2393
3.0460140705108643, 2392
3.048009157180786, 2391
3.048009157180786, 2390
3.0490074157714844, 2389
3.0490074157714844, 2388
3.127795457839966, 2387
3.1357738971710205, 2386
3.145747184753418, 2385
3.145747184753418, 2384
3.1467444896698, 2383
3.2667386531829834, 2382
3.2667386531829834, 2381
3.2697317600250244, 2380
3.2807023525238037, 2379
3.2906763553619385, 2378
3.2976558208465576, 2377
3.2986533641815186, 2376
3.2986533641815186, 2375
3.2986533641815186, 2374
3.3006484508514404, 2373
3.3136134147644043, 2372
3.3136134147644043, 2371
3.316606044769287, 2370
3.361740827560425, 2369
3.3966453075408936, 2368
3.397641658782959, 2367
3.441525936126709, 2366
3.4475083351135254, 2365
3.518319606781006, 2364
3.5262997150421143, 2363
3.5262997150421143, 2362
3.529688835144043, 2361
3.5316779613494873, 2360
3.5326755046844482, 2359
3.5326755046844482, 2358
3.5459256172180176, 2357
3.5469233989715576, 2356
3.5469233989715576, 2355
3.605766534805298, 2354
3.605766534805298, 2353
3.712479591369629, 2352
3.733593463897705, 2351
3.7496705055236816, 2350
3.750666379928589, 2349
3.750666379928589, 2348
3.767620086669922, 2347
3.784576177597046, 2346
3.8194830417633057, 2345
3.8846476078033447, 2344
3.8876428604125977, 2343
3.900606632232666, 2342
3.926537275314331, 2341
3.9365103244781494, 2340
3.965571641921997, 2339
3.9795339107513428, 2338
3.9805307388305664, 2337
3.988524913787842, 2336
4.012447357177734, 2335
4.04137659072876, 2334
4.0423736572265625, 2333
4.048732042312622, 2332
4.048732042312622, 2331
4.12456488609314, 2330
4.1345367431640625, 2329
4.1345367431640625, 2328
4.14251446723938, 2327
4.1504597663879395, 2326
4.225261449813843, 2325
4.247201681137085, 2324
4.282107591629028, 2323
4.285099506378174, 2322
4.285099506378174, 2321
4.285099506378174, 2320
4.2970685958862305, 2319
4.300060272216797, 2318
4.3020548820495605, 2317
4.3020548820495605, 2316
4.323996067047119, 2315
4.323996067047119, 2314
4.328983306884766, 2313
4.329982042312622, 2312
4.333969593048096, 2311
4.3409507274627686, 2310
4.354919910430908, 2309
4.357906341552734, 2308
4.373964071273804, 2307
4.373964071273804, 2306
4.409200429916382, 2305
4.413191318511963, 2304
4.418177604675293, 2303
4.423163414001465, 2302
4.436131954193115, 2301
7.974772214889526, 2300
8.039599180221558, 2299
8.11352276802063, 2298
8.116544008255005, 2297
8.121502876281738, 2296
8.286548852920532, 2295
8.306493520736694, 2294
8.427801847457886, 2293
8.577054023742676, 2292
8.620936632156372, 2291
8.647046089172363, 2290
8.74491572380066, 2289
8.949498653411865, 2288
9.007344961166382, 2287
9.034272909164429, 2286
9.104180335998535, 2285
9.20825743675232, 2284
9.39546012878418, 2283
9.6396164894104, 2282
9.651349544525146, 2281
9.763149499893188, 2280
9.94180417060852, 2279
9.98572564125061, 2278
10.001675605773926, 2277
10.240178346633911, 2276
10.291150569915771, 2275
10.313124895095825, 2274
10.420138120651245, 2273
10.4879891872406, 2272
10.589856624603271, 2271
10.636728286743164, 2270
10.919244289398193, 2269
10.920274019241333, 2268
10.959246158599854, 2267
11.171236038208008, 2266
11.38933277130127, 2265
11.390362024307251, 2264
11.393322229385376, 2263
11.393322229385376, 2262
11.40030288696289, 2261
11.65121078491211, 2260
11.871911525726318, 2259
12.333702564239502, 2258
12.349628925323486, 2257
12.424428701400757, 2256
12.446560382843018, 2255
13.047298908233643, 2254
13.24300742149353, 2253
13.406111717224121, 2252
13.414120435714722, 2251
13.705150127410889, 2250
13.718079566955566, 2249
14.228384494781494, 2248
14.242378234863281, 2247
14.394228219985962, 2246
14.480562210083008, 2245
15.065308809280396, 2244
15.237211227416992, 2243
15.63569688796997, 2242
15.89046597480774, 2241
16.210967302322388, 2240
16.470595836639404, 2239
16.684279918670654, 2238
16.838948726654053, 2237
17.114553928375244, 2236
17.250380516052246, 2235
17.65676259994507, 2234
17.964340209960938, 2233
17.964340209960938, 2232
18.395918130874634, 2231
19.04308843612671, 2230
19.0561683177948, 2229
21.16981267929077, 2228
21.50369668006897, 2227
22.588634252548218, 2226
23.292552709579468, 2225
25.025151014328003, 2224
25.230886220932007, 2223
25.680622339248657, 2222
27.200271129608154, 2221
27.329155445098877, 2220
27.93981122970581, 2219
29.808820009231567, 2218
34.25121593475342, 2217
35.52713942527771, 2216
36.28115391731262, 2215
36.60366129875183, 2214
36.89818477630615, 2213
37.26672577857971, 2212
38.091187715530396, 2211
38.13410520553589, 2210
43.21743416786194, 2209
44.022438764572144, 2208
45.508190870285034, 2207
61.66185784339905, 2206
65.53258800506592, 2205
71.34312605857849, 2204
