0.0, 2269
0.14469313621520996, 2268
0.18132710456848145, 2267
0.1903831958770752, 2266
0.19996428489685059, 2265
0.22098469734191895, 2264
0.2359457015991211, 2263
0.2698545455932617, 2262
0.290799617767334, 2261
0.31879568099975586, 2260
0.3954033851623535, 2259
0.4317305088043213, 2258
0.43871450424194336, 2257
0.6154489517211914, 2256
0.6801865100860596, 2255
0.6901595592498779, 2254
0.7260627746582031, 2253
0.737032413482666, 2252
0.7390589714050293, 2251
0.7743299007415771, 2250
0.7803118228912354, 2249
0.8222293853759766, 2248
0.8262217044830322, 2247
0.839287519454956, 2246
0.9200401306152344, 2245
1.069695234298706, 2244
1.1025774478912354, 2243
1.1846768856048584, 2242
1.2800171375274658, 2241
1.337864875793457, 2240
1.348991870880127, 2239
1.3858273029327393, 2238
1.4087345600128174, 2237
1.5423765182495117, 2236
1.5855481624603271, 2235
1.6074941158294678, 2234
1.6184601783752441, 2233
1.6912970542907715, 2232
1.7042291164398193, 2231
1.7948718070983887, 2230
1.9339122772216797, 2229
2.0837652683258057, 2228
2.0867581367492676, 2227
2.351285934448242, 2226
2.4241397380828857, 2225
2.4672043323516846, 2224
2.5519766807556152, 2223
2.6212379932403564, 2222
2.6342015266418457, 2221
2.841404914855957, 2220
2.9554755687713623, 2219
3.14406418800354, 2218
3.2542724609375, 2217
3.2851955890655518, 2216
3.883408784866333, 2215
4.298044681549072, 2214
4.820465803146362, 2213
6.3380420207977295, 2212
6.649968147277832, 2211
7.265673398971558, 2210
9.211579084396362, 2209
9.8210928440094, 2208
11.588037967681885, 2207
18.80016279220581, 2206
