0.03686785697937012, 3721
0.03985881805419922, 3720
0.046839237213134766, 3719
0.0478365421295166, 3718
0.0478365421295166, 3717
0.0478365421295166, 3716
0.048833608627319336, 3715
0.048833608627319336, 3714
0.048833608627319336, 3713
0.048833608627319336, 3712
0.04983115196228027, 3711
0.050829172134399414, 3710
0.050829172134399414, 3709
0.05182671546936035, 3708
0.05182671546936035, 3707
0.05182671546936035, 3706
0.05182671546936035, 3705
0.053822994232177734, 3704
0.053822994232177734, 3703
0.054817914962768555, 3702
0.054817914962768555, 3701
0.05581545829772949, 3700
0.05681252479553223, 3699
0.058295249938964844, 3698
0.058295249938964844, 3697
0.0592799186706543, 3696
0.0592799186706543, 3695
0.06027650833129883, 3694
0.06027650833129883, 3693
0.06027650833129883, 3692
0.06027650833129883, 3691
0.061273813247680664, 3690
0.061273813247680664, 3689
0.061273813247680664, 3688
0.061273813247680664, 3687
0.0622711181640625, 3686
0.0622711181640625, 3685
0.0622711181640625, 3684
0.0622711181640625, 3683
0.0622711181640625, 3682
0.06326818466186523, 3681
0.06326818466186523, 3680
0.06326818466186523, 3679
0.06426572799682617, 3678
0.06426572799682617, 3677
0.06426572799682617, 3676
0.0652627944946289, 3675
0.06626033782958984, 3674
0.06725716590881348, 3673
0.07125043869018555, 3672
0.07224774360656738, 3671
0.07224774360656738, 3670
0.07326960563659668, 3669
0.07326960563659668, 3668
0.07426714897155762, 3667
0.07523775100708008, 3666
0.07523775100708008, 3665
0.07626175880432129, 3664
0.07626175880432129, 3663
0.0782308578491211, 3662
0.0782308578491211, 3661
0.0782308578491211, 3660
0.07922601699829102, 3659
0.07922601699829102, 3658
0.08025383949279785, 3657
0.08025383949279785, 3656
0.08025383949279785, 3655
0.08321809768676758, 3654
0.08624100685119629, 3653
0.08624100685119629, 3652
0.08723735809326172, 3651
0.08723735809326172, 3650
0.08820366859436035, 3649
0.08919954299926758, 3648
0.08919954299926758, 3647
0.09022927284240723, 3646
0.09022927284240723, 3645
0.09122633934020996, 3644
0.09122633934020996, 3643
0.09219193458557129, 3642
0.09319138526916504, 3641
0.09718203544616699, 3640
0.09718203544616699, 3639
0.09917330741882324, 3638
0.09917330741882324, 3637
0.10016989707946777, 3636
0.10016989707946777, 3635
0.10016989707946777, 3634
0.1031956672668457, 3633
0.10415911674499512, 3632
0.10415911674499512, 3631
0.10415911674499512, 3630
0.10415911674499512, 3629
0.10515809059143066, 3628
0.10615754127502441, 3627
0.10615754127502441, 3626
0.10715103149414062, 3625
0.10715103149414062, 3624
0.10715103149414062, 3623
0.10814833641052246, 3622
0.10914778709411621, 3621
0.11017560958862305, 3620
0.1111440658569336, 3619
0.11217236518859863, 3618
0.11217236518859863, 3617
0.11217236518859863, 3616
0.11316752433776855, 3615
0.11415934562683105, 3614
0.11516237258911133, 3613
0.11516237258911133, 3612
0.11516237258911133, 3611
0.11616063117980957, 3610
0.11616063117980957, 3609
0.11716413497924805, 3608
0.12111401557922363, 3607
0.12211132049560547, 3606
0.1231086254119873, 3605
0.1231086254119873, 3604
0.12410831451416016, 3603
0.12410831451416016, 3602
0.125105619430542, 3601
0.12610244750976562, 3600
0.1310868263244629, 3599
0.13208436965942383, 3598
0.13308143615722656, 3597
0.13308143615722656, 3596
0.13308143615722656, 3595
0.13308143615722656, 3594
0.13708090782165527, 3593
0.13708090782165527, 3592
0.13808512687683105, 3591
0.13907265663146973, 3590
0.13907265663146973, 3589
0.14209198951721191, 3588
0.14209198951721191, 3587
0.14209198951721191, 3586
0.14209198951721191, 3585
0.14209198951721191, 3584
0.14308786392211914, 3583
0.14408254623413086, 3582
0.1450824737548828, 3581
0.1450824737548828, 3580
0.1450824737548828, 3579
0.1450824737548828, 3578
0.1450824737548828, 3577
0.14608073234558105, 3576
0.14608073234558105, 3575
0.14707684516906738, 3574
0.14707684516906738, 3573
0.14707684516906738, 3572
0.14707684516906738, 3571
0.14707684516906738, 3570
0.14807438850402832, 3569
0.14807438850402832, 3568
0.14807438850402832, 3567
0.15103697776794434, 3566
0.15203213691711426, 3565
0.15203213691711426, 3564
0.15203213691711426, 3563
0.15203213691711426, 3562
0.15203213691711426, 3561
0.1530287265777588, 3560
0.1530287265777588, 3559
0.15402626991271973, 3558
0.15402626991271973, 3557
0.15502333641052246, 3556
0.1560208797454834, 3555
0.1560208797454834, 3554
0.15701937675476074, 3553
0.15701937675476074, 3552
0.15804767608642578, 3551
0.15804767608642578, 3550
0.15804767608642578, 3549
0.1590132713317871, 3548
0.1590132713317871, 3547
0.16004037857055664, 3546
0.16004037857055664, 3545
0.1610398292541504, 3544
0.1610398292541504, 3543
0.16203761100769043, 3542
0.16203761100769043, 3541
0.16203761100769043, 3540
0.16303420066833496, 3539
0.16303420066833496, 3538
0.1640317440032959, 3537
0.1640317440032959, 3536
0.1640317440032959, 3535
0.1640317440032959, 3534
0.16503167152404785, 3533
0.16503167152404785, 3532
0.16503167152404785, 3531
0.17197799682617188, 3530
0.1729750633239746, 3529
0.1729750633239746, 3528
0.1729750633239746, 3527
0.17397236824035645, 3526
0.17599844932556152, 3525
0.17699694633483887, 3524
0.1779944896697998, 3523
0.17895984649658203, 3522
0.17895984649658203, 3521
0.18095707893371582, 3520
0.18095707893371582, 3519
0.18198394775390625, 3518
0.1829824447631836, 3517
0.1829824447631836, 3516
0.1839463710784912, 3515
0.1859736442565918, 3514
0.1859736442565918, 3513
0.18697524070739746, 3512
0.18796825408935547, 3511
0.18796825408935547, 3510
0.1889328956604004, 3509
0.19096136093139648, 3508
0.19594645500183105, 3507
0.196946382522583, 3506
0.196946382522583, 3505
0.19790911674499512, 3504
0.20788335800170898, 3503
0.20788335800170898, 3502
0.208878755569458, 3501
0.2108771800994873, 3500
0.21187090873718262, 3499
0.21287178993225098, 3498
0.2148902416229248, 3497
0.21586060523986816, 3496
0.22084760665893555, 3495
0.22184443473815918, 3494
0.22184443473815918, 3493
0.22184443473815918, 3492
0.22284197807312012, 3491
0.22284197807312012, 3490
0.22284197807312012, 3489
0.22284197807312012, 3488
0.22383975982666016, 3487
0.22683238983154297, 3486
0.22882866859436035, 3485
0.22882866859436035, 3484
0.2298264503479004, 3483
0.2298264503479004, 3482
0.23082304000854492, 3481
0.23082304000854492, 3480
0.23082304000854492, 3479
0.23181939125061035, 3478
0.23281645774841309, 3477
0.23481106758117676, 3476
0.23780584335327148, 3475
0.23982691764831543, 3474
0.2417914867401123, 3473
0.2417914867401123, 3472
0.24278831481933594, 3471
0.24378561973571777, 3470
0.24378561973571777, 3469
0.2447826862335205, 3468
0.2447826862335205, 3467
0.24578046798706055, 3466
0.24677777290344238, 3465
0.24677777290344238, 3464
0.249769926071167, 3463
0.249769926071167, 3462
0.249769926071167, 3461
0.249769926071167, 3460
0.2517659664154053, 3459
0.2517659664154053, 3458
0.2527623176574707, 3457
0.25375938415527344, 3456
0.25475621223449707, 3455
0.2577488422393799, 3454
0.2577488422393799, 3453
0.25977611541748047, 3452
0.25977611541748047, 3451
0.25977611541748047, 3450
0.25977611541748047, 3449
0.25977611541748047, 3448
0.2607417106628418, 3447
0.2607417106628418, 3446
0.2607417106628418, 3445
0.2607417106628418, 3444
0.26174044609069824, 3443
0.26174044609069824, 3442
0.26174044609069824, 3441
0.2627682685852051, 3440
0.2627682685852051, 3439
0.2627682685852051, 3438
0.2637627124786377, 3437
0.2637627124786377, 3436
0.2637627124786377, 3435
0.2647664546966553, 3434
0.2647664546966553, 3433
0.2647664546966553, 3432
0.2657594680786133, 3431
0.2657594680786133, 3430
0.2657594680786133, 3429
0.2657594680786133, 3428
0.2657594680786133, 3427
0.26676177978515625, 3426
0.26676177978515625, 3425
0.26676177978515625, 3424
0.2776968479156494, 3423
0.2797203063964844, 3422
0.2797203063964844, 3421
0.2807197570800781, 3420
0.2807197570800781, 3419
0.2807197570800781, 3418
0.28171658515930176, 3417
0.28171658515930176, 3416
0.28171658515930176, 3415
0.28171658515930176, 3414
0.2827141284942627, 3413
0.2827141284942627, 3412
0.28371238708496094, 3411
0.28371238708496094, 3410
0.28667235374450684, 3409
0.28766846656799316, 3408
0.28766846656799316, 3407
0.2906618118286133, 3406
0.2916586399078369, 3405
0.2916586399078369, 3404
0.29265737533569336, 3403
0.29265737533569336, 3402
0.293684720993042, 3401
0.29567718505859375, 3400
0.2966768741607666, 3399
0.2966768741607666, 3398
0.2966768741607666, 3397
0.29764270782470703, 3396
0.29764270782470703, 3395
0.29764270782470703, 3394
0.29764270782470703, 3393
0.29764270782470703, 3392
0.29764270782470703, 3391
0.29867124557495117, 3390
0.29867124557495117, 3389
0.29867124557495117, 3388
0.29867124557495117, 3387
0.29867124557495117, 3386
0.3056206703186035, 3385
0.30661988258361816, 3384
0.3076167106628418, 3383
0.3076167106628418, 3382
0.3076167106628418, 3381
0.3076167106628418, 3380
0.30861377716064453, 3379
0.30861377716064453, 3378
0.30861377716064453, 3377
0.30861377716064453, 3376
0.30861377716064453, 3375
0.3096442222595215, 3374
0.3096442222595215, 3373
0.3096442222595215, 3372
0.3116340637207031, 3371
0.3116340637207031, 3370
0.3126342296600342, 3369
0.3166232109069824, 3368
0.3166232109069824, 3367
0.31759071350097656, 3366
0.3185861110687256, 3365
0.32058024406433105, 3364
0.32058024406433105, 3363
0.3215780258178711, 3362
0.3215780258178711, 3361
0.32257509231567383, 3360
0.32357239723205566, 3359
0.3245697021484375, 3358
0.32556867599487305, 3357
0.3275938034057617, 3356
0.3275938034057617, 3355
0.3275938034057617, 3354
0.32859253883361816, 3353
0.32859253883361816, 3352
0.32859253883361816, 3351
0.3295571804046631, 3350
0.3295571804046631, 3349
0.33058595657348633, 3348
0.33058595657348633, 3347
0.33653831481933594, 3346
0.33753538131713867, 3345
0.33753538131713867, 3344
0.33753538131713867, 3343
0.3385355472564697, 3342
0.33953309059143066, 3341
0.3405284881591797, 3340
0.341524600982666, 3339
0.3435494899749756, 3338
0.34751129150390625, 3337
0.34751129150390625, 3336
0.34850621223449707, 3335
0.3495044708251953, 3334
0.35249805450439453, 3333
0.35249805450439453, 3332
0.35349416732788086, 3331
0.35548877716064453, 3330
0.35648560523986816, 3329
0.3634672164916992, 3328
0.3634672164916992, 3327
0.365462064743042, 3326
0.37144970893859863, 3325
0.3734407424926758, 3324
0.3734407424926758, 3323
0.3734407424926758, 3322
0.3744385242462158, 3321
0.37543511390686035, 3320
0.3764660358428955, 3319
0.3764660358428955, 3318
0.37845802307128906, 3317
0.37845802307128906, 3316
0.37945556640625, 3315
0.38145017623901367, 3314
0.38145017623901367, 3313
0.3824484348297119, 3312
0.3824484348297119, 3311
0.38344264030456543, 3310
0.3844122886657715, 3309
0.38541102409362793, 3308
0.38640642166137695, 3307
0.38640642166137695, 3306
0.38640642166137695, 3305
0.3874034881591797, 3304
0.38939905166625977, 3303
0.38939905166625977, 3302
0.3903968334197998, 3301
0.3903968334197998, 3300
0.3913912773132324, 3299
0.3913912773132324, 3298
0.3913912773132324, 3297
0.3913912773132324, 3296
0.39238810539245605, 3295
0.39238810539245605, 3294
0.39238810539245605, 3293
0.39238810539245605, 3292
0.3933854103088379, 3291
0.3933854103088379, 3290
0.3933854103088379, 3289
0.3943827152252197, 3288
0.3943827152252197, 3287
0.3943827152252197, 3286
0.39538025856018066, 3285
0.39538025856018066, 3284
0.3963775634765625, 3283
0.39737486839294434, 3282
0.39837193489074707, 3281
0.39837193489074707, 3280
0.4043567180633545, 3279
0.4043567180633545, 3278
0.4053535461425781, 3277
0.4053535461425781, 3276
0.4053535461425781, 3275
0.4053535461425781, 3274
0.40635108947753906, 3273
0.40635108947753906, 3272
0.4073488712310791, 3271
0.40834641456604004, 3270
0.4093437194824219, 3269
0.4093437194824219, 3268
0.4103727340698242, 3267
0.41133785247802734, 3266
0.41133785247802734, 3265
0.41133785247802734, 3264
0.4123716354370117, 3263
0.4123716354370117, 3262
0.4123716354370117, 3261
0.41336560249328613, 3260
0.41336560249328613, 3259
0.41336560249328613, 3258
0.41336560249328613, 3257
0.41436219215393066, 3256
0.41436219215393066, 3255
0.41436219215393066, 3254
0.41436219215393066, 3253
0.41436219215393066, 3252
0.4153571128845215, 3251
0.4153571128845215, 3250
0.4153571128845215, 3249
0.41732215881347656, 3248
0.418323278427124, 3247
0.41931653022766113, 3246
0.42031383514404297, 3245
0.42031383514404297, 3244
0.4213109016418457, 3243
0.4233076572418213, 3242
0.42533349990844727, 3241
0.4263300895690918, 3240
0.4263300895690918, 3239
0.4263300895690918, 3238
0.4263300895690918, 3237
0.4263300895690918, 3236
0.42732834815979004, 3235
0.42732834815979004, 3234
0.4323141574859619, 3233
0.4323141574859619, 3232
0.43331170082092285, 3231
0.43331170082092285, 3230
0.43331170082092285, 3229
0.43727660179138184, 3228
0.43830060958862305, 3227
0.43830060958862305, 3226
0.43929314613342285, 3225
0.43929314613342285, 3224
0.4422872066497803, 3223
0.44424986839294434, 3222
0.4462442398071289, 3221
0.4462442398071289, 3220
0.4462442398071289, 3219
0.4462442398071289, 3218
0.44724154472351074, 3217
0.4492361545562744, 3216
0.4492361545562744, 3215
0.45222902297973633, 3214
0.45322608947753906, 3213
0.45322608947753906, 3212
0.4542236328125, 3211
0.45821547508239746, 3210
0.4592106342315674, 3209
0.46120381355285645, 3208
0.46120381355285645, 3207
0.46120381355285645, 3206
0.46120381355285645, 3205
0.46120381355285645, 3204
0.4622020721435547, 3203
0.4622020721435547, 3202
0.4622020721435547, 3201
0.4631991386413574, 3200
0.4631991386413574, 3199
0.4631991386413574, 3198
0.4631991386413574, 3197
0.4631991386413574, 3196
0.46419620513916016, 3195
0.465193510055542, 3194
0.465193510055542, 3193
0.46619081497192383, 3192
0.46619081497192383, 3191
0.4701812267303467, 3190
0.4721951484680176, 3189
0.4731729030609131, 3188
0.4741702079772949, 3187
0.47516679763793945, 3186
0.4761662483215332, 3185
0.4791584014892578, 3184
0.4791584014892578, 3183
0.4811515808105469, 3182
0.4811515808105469, 3181
0.4821488857269287, 3180
0.4821488857269287, 3179
0.48314690589904785, 3178
0.4841456413269043, 3177
0.48514270782470703, 3176
0.48514270782470703, 3175
0.48613762855529785, 3174
0.4901270866394043, 3173
0.49112439155578613, 3172
0.4921224117279053, 3171
0.4931201934814453, 3170
0.49411773681640625, 3169
0.49411773681640625, 3168
0.495114803314209, 3167
0.4961116313934326, 3166
0.4961116313934326, 3165
0.4961116313934326, 3164
0.49710893630981445, 3163
0.5030932426452637, 3162
0.5030932426452637, 3161
0.5030932426452637, 3160
0.5030932426452637, 3159
0.5040895938873291, 3158
0.5070819854736328, 3157
0.5070819854736328, 3156
0.509077787399292, 3155
0.5120680332183838, 3154
0.5130653381347656, 3153
0.5130653381347656, 3152
0.5140628814697266, 3151
0.5140628814697266, 3150
0.5150604248046875, 3149
0.5150604248046875, 3148
0.5160584449768066, 3147
0.5160584449768066, 3146
0.5160584449768066, 3145
0.5180552005767822, 3144
0.5190494060516357, 3143
0.5210449695587158, 3142
0.5210449695587158, 3141
0.5210449695587158, 3140
0.5210449695587158, 3139
0.5210449695587158, 3138
0.5220446586608887, 3137
0.5220446586608887, 3136
0.5220446586608887, 3135
0.5230429172515869, 3134
0.5230429172515869, 3133
0.5230429172515869, 3132
0.5240380764007568, 3131
0.5240380764007568, 3130
0.5240380764007568, 3129
0.5240380764007568, 3128
0.5250334739685059, 3127
0.5260310173034668, 3126
0.5260310173034668, 3125
0.5260310173034668, 3124
0.5260310173034668, 3123
0.5280253887176514, 3122
0.5280253887176514, 3121
0.5290234088897705, 3120
0.5300209522247314, 3119
0.5310173034667969, 3118
0.5379998683929443, 3117
0.5389971733093262, 3116
0.5389971733093262, 3115
0.5399937629699707, 3114
0.5409917831420898, 3113
0.5409917831420898, 3112
0.5409917831420898, 3111
0.5469746589660645, 3110
0.5479733943939209, 3109
0.5479733943939209, 3108
0.5479733943939209, 3107
0.5489702224731445, 3106
0.5529601573944092, 3105
0.5529601573944092, 3104
0.5539572238922119, 3103
0.5539572238922119, 3102
0.5569500923156738, 3101
0.5590791702270508, 3100
0.5590791702270508, 3099
0.5600976943969727, 3098
0.5600976943969727, 3097
0.5600976943969727, 3096
0.5610949993133545, 3095
0.5610949993133545, 3094
0.5650899410247803, 3093
0.5660862922668457, 3092
0.5660862922668457, 3091
0.5720396041870117, 3090
0.5720396041870117, 3089
0.5720396041870117, 3088
0.5720396041870117, 3087
0.5730364322662354, 3086
0.5740337371826172, 3085
0.5750315189361572, 3084
0.5770256519317627, 3083
0.5800516605377197, 3082
0.5800516605377197, 3081
0.5810461044311523, 3080
0.5810461044311523, 3079
0.5820431709289551, 3078
0.5820431709289551, 3077
0.5820431709289551, 3076
0.5820431709289551, 3075
0.5830378532409668, 3074
0.5830378532409668, 3073
0.5840067863464355, 3072
0.5850038528442383, 3071
0.5879948139190674, 3070
0.597003698348999, 3069
0.597003698348999, 3068
0.597003698348999, 3067
0.597003698348999, 3066
0.597003698348999, 3065
0.5979700088500977, 3064
0.5979700088500977, 3063
0.5979700088500977, 3062
0.5979700088500977, 3061
0.5979700088500977, 3060
0.5989668369293213, 3059
0.5989668369293213, 3058
0.5999958515167236, 3057
0.5999958515167236, 3056
0.6009652614593506, 3055
0.6019608974456787, 3054
0.6049938201904297, 3053
0.6059472560882568, 3052
0.6059472560882568, 3051
0.6079428195953369, 3050
0.6079428195953369, 3049
0.6159548759460449, 3048
0.6159548759460449, 3047
0.6179161071777344, 3046
0.6258940696716309, 3045
0.6268906593322754, 3044
0.6268906593322754, 3043
0.6278896331787109, 3042
0.6278896331787109, 3041
0.6278896331787109, 3040
0.6288857460021973, 3039
0.6288857460021973, 3038
0.6288857460021973, 3037
0.6299166679382324, 3036
0.6299166679382324, 3035
0.6299166679382324, 3034
0.6309103965759277, 3033
0.6309103965759277, 3032
0.6309103965759277, 3031
0.6319098472595215, 3030
0.6319098472595215, 3029
0.6428487300872803, 3028
0.6428487300872803, 3027
0.6478674411773682, 3026
0.6478674411773682, 3025
0.6478674411773682, 3024
0.6478674411773682, 3023
0.6478674411773682, 3022
0.6528234481811523, 3021
0.6593184471130371, 3020
0.6593184471130371, 3019
0.6593184471130371, 3018
0.6593184471130371, 3017
0.6603090763092041, 3016
0.6603090763092041, 3015
0.6603090763092041, 3014
0.661306619644165, 3013
0.661306619644165, 3012
0.661306619644165, 3011
0.661306619644165, 3010
0.661306619644165, 3009
0.6623039245605469, 3008
0.6633009910583496, 3007
0.6633009910583496, 3006
0.6633009910583496, 3005
0.6633009910583496, 3004
0.6642985343933105, 3003
0.6642985343933105, 3002
0.6642985343933105, 3001
0.6662931442260742, 3000
0.6662931442260742, 2999
0.6712803840637207, 2998
0.6732769012451172, 2997
0.6732769012451172, 2996
0.6752710342407227, 2995
0.6762998104095459, 2994
0.6762998104095459, 2993
0.6773004531860352, 2992
0.6822805404663086, 2991
0.6832826137542725, 2990
0.6842467784881592, 2989
0.688237190246582, 2988
0.688237190246582, 2987
0.688237190246582, 2986
0.689232349395752, 2985
0.6912283897399902, 2984
0.6912283897399902, 2983
0.6912283897399902, 2982
0.6912283897399902, 2981
0.6912283897399902, 2980
0.6922566890716553, 2979
0.6922566890716553, 2978
0.6922566890716553, 2977
0.6922566890716553, 2976
0.6922566890716553, 2975
0.6932575702667236, 2974
0.6932575702667236, 2973
0.6952157020568848, 2972
0.6952157020568848, 2971
0.6952157020568848, 2970
0.6972429752349854, 2969
0.6972429752349854, 2968
0.6972429752349854, 2967
0.6982378959655762, 2966
0.6982378959655762, 2965
0.6982378959655762, 2964
0.7051897048950195, 2963
0.707183837890625, 2962
0.707183837890625, 2961
0.707183837890625, 2960
0.707183837890625, 2959
0.7081813812255859, 2958
0.7081813812255859, 2957
0.7081813812255859, 2956
0.7081813812255859, 2955
0.7091794013977051, 2954
0.7091794013977051, 2953
0.7102088928222656, 2952
0.7102088928222656, 2951
0.7102088928222656, 2950
0.7102088928222656, 2949
0.7102088928222656, 2948
0.7102088928222656, 2947
0.7112085819244385, 2946
0.7112085819244385, 2945
0.7112085819244385, 2944
0.7112085819244385, 2943
0.7132003307342529, 2942
0.7132003307342529, 2941
0.7132003307342529, 2940
0.7141952514648438, 2939
0.7141952514648438, 2938
0.7141952514648438, 2937
0.7141952514648438, 2936
0.7151956558227539, 2935
0.7151956558227539, 2934
0.7151956558227539, 2933
0.7151956558227539, 2932
0.7151956558227539, 2931
0.7161927223205566, 2930
0.7161927223205566, 2929
0.7171578407287598, 2928
0.7181618213653564, 2927
0.7191553115844727, 2926
0.7201831340789795, 2925
0.7201831340789795, 2924
0.7221808433532715, 2923
0.7221808433532715, 2922
0.7231738567352295, 2921
0.7231738567352295, 2920
0.7241387367248535, 2919
0.7251367568969727, 2918
0.7251367568969727, 2917
0.7271320819854736, 2916
0.7271320819854736, 2915
0.7271320819854736, 2914
0.7281606197357178, 2913
0.7281606197357178, 2912
0.7291264533996582, 2911
0.7291264533996582, 2910
0.7301528453826904, 2909
0.7311525344848633, 2908
0.7311525344848633, 2907
0.7311525344848633, 2906
0.7321498394012451, 2905
0.7321498394012451, 2904
0.7331509590148926, 2903
0.7331509590148926, 2902
0.7351102828979492, 2901
0.7371485233306885, 2900
0.7390999794006348, 2899
0.7400960922241211, 2898
0.7400960922241211, 2897
0.7400960922241211, 2896
0.7400960922241211, 2895
0.7400960922241211, 2894
0.741093635559082, 2893
0.741093635559082, 2892
0.741093635559082, 2891
0.7420938014984131, 2890
0.7420938014984131, 2889
0.7420938014984131, 2888
0.7420938014984131, 2887
0.7431247234344482, 2886
0.7431247234344482, 2885
0.7440850734710693, 2884
0.7440850734710693, 2883
0.7440850734710693, 2882
0.7451150417327881, 2881
0.7451150417327881, 2880
0.7451150417327881, 2879
0.7451150417327881, 2878
0.7461094856262207, 2877
0.7461094856262207, 2876
0.7480747699737549, 2875
0.7480747699737549, 2874
0.7480747699737549, 2873
0.7490723133087158, 2872
0.7500720024108887, 2871
0.751068115234375, 2870
0.7520654201507568, 2869
0.7550561428070068, 2868
0.759563684463501, 2867
0.7605538368225098, 2866
0.7655413150787354, 2865
0.7695300579071045, 2864
0.7725245952606201, 2863
0.7735192775726318, 2862
0.7735192775726318, 2861
0.7745158672332764, 2860
0.7745158672332764, 2859
0.7785069942474365, 2858
0.7795042991638184, 2857
0.7805013656616211, 2856
0.7805013656616211, 2855
0.7814981937408447, 2854
0.782526969909668, 2853
0.7854897975921631, 2852
0.7854897975921631, 2851
0.7864859104156494, 2850
0.7874832153320312, 2849
0.7874832153320312, 2848
0.788480281829834, 2847
0.7914707660675049, 2846
0.7914707660675049, 2845
0.7934651374816895, 2844
0.7934651374816895, 2843
0.7934651374816895, 2842
0.7934651374816895, 2841
0.7944622039794922, 2840
0.7944622039794922, 2839
0.7944622039794922, 2838
0.7944622039794922, 2837
0.7954597473144531, 2836
0.7954597473144531, 2835
0.7964572906494141, 2834
0.7964572906494141, 2833
0.7964572906494141, 2832
0.7964572906494141, 2831
0.7964572906494141, 2830
0.7974543571472168, 2829
0.7994489669799805, 2828
0.7994489669799805, 2827
0.7994489669799805, 2826
0.8034429550170898, 2825
0.8094227313995361, 2824
0.8094227313995361, 2823
0.8094227313995361, 2822
0.8114182949066162, 2821
0.8124473094940186, 2820
0.8124473094940186, 2819
0.8134446144104004, 2818
0.8134446144104004, 2817
0.8144419193267822, 2816
0.8164365291595459, 2815
0.82338547706604, 2814
0.82338547706604, 2813
0.8243842124938965, 2812
0.8263792991638184, 2811
0.8273746967315674, 2810
0.8273746967315674, 2809
0.8273746967315674, 2808
0.8283717632293701, 2807
0.8283717632293701, 2806
0.8293697834014893, 2805
0.8293697834014893, 2804
0.8313634395599365, 2803
0.8313634395599365, 2802
0.8313634395599365, 2801
0.8323609828948975, 2800
0.8403408527374268, 2799
0.841339111328125, 2798
0.8423354625701904, 2797
0.8423354625701904, 2796
0.8423354625701904, 2795
0.8423354625701904, 2794
0.8433315753936768, 2793
0.8443288803100586, 2792
0.8443288803100586, 2791
0.848318338394165, 2790
0.8513123989105225, 2789
0.8513123989105225, 2788
0.8523085117340088, 2787
0.8523085117340088, 2786
0.8592898845672607, 2785
0.8592898845672607, 2784
0.8592898845672607, 2783
0.8592898845672607, 2782
0.8602864742279053, 2781
0.8602864742279053, 2780
0.8602864742279053, 2779
0.8602864742279053, 2778
0.8602864742279053, 2777
0.8612837791442871, 2776
0.8622808456420898, 2775
0.8622808456420898, 2774
0.8622808456420898, 2773
0.8622808456420898, 2772
0.8632793426513672, 2771
0.8632793426513672, 2770
0.8642756938934326, 2769
0.8642756938934326, 2768
0.8652753829956055, 2767
0.8652753829956055, 2766
0.8662703037261963, 2765
0.8722569942474365, 2764
0.8782384395599365, 2763
0.8792362213134766, 2762
0.8802342414855957, 2761
0.881230354309082, 2760
0.8842236995697021, 2759
0.8842236995697021, 2758
0.8862192630767822, 2757
0.8941965103149414, 2756
0.895193338394165, 2755
0.896190881729126, 2754
0.8971889019012451, 2753
0.8971889019012451, 2752
0.8981859683990479, 2751
0.8981859683990479, 2750
0.8991830348968506, 2749
0.8991830348968506, 2748
0.9021756649017334, 2747
0.9061634540557861, 2746
0.9061634540557861, 2745
0.9071612358093262, 2744
0.908158540725708, 2743
0.908158540725708, 2742
0.9091558456420898, 2741
0.9121482372283936, 2740
0.91314697265625, 2739
0.91314697265625, 2738
0.91314697265625, 2737
0.9141428470611572, 2736
0.9141428470611572, 2735
0.9141428470611572, 2734
0.9151396751403809, 2733
0.9151396751403809, 2732
0.9151396751403809, 2731
0.9191315174102783, 2730
0.9201302528381348, 2729
0.9201302528381348, 2728
0.9201302528381348, 2727
0.921123743057251, 2726
0.9221208095550537, 2725
0.9221208095550537, 2724
0.9231183528900146, 2723
0.9231183528900146, 2722
0.9241158962249756, 2721
0.9251153469085693, 2720
0.9291024208068848, 2719
0.9291024208068848, 2718
0.930100679397583, 2717
0.9320943355560303, 2716
0.9320943355560303, 2715
0.9390773773193359, 2714
0.9400744438171387, 2713
0.9400744438171387, 2712
0.9410712718963623, 2711
0.9410712718963623, 2710
0.943065881729126, 2709
0.9440624713897705, 2708
0.9440624713897705, 2707
0.9440624713897705, 2706
0.9440624713897705, 2705
0.9440624713897705, 2704
0.9450595378875732, 2703
0.9450595378875732, 2702
0.9460568428039551, 2701
0.9460568428039551, 2700
0.9520418643951416, 2699
0.9530386924743652, 2698
0.9540359973907471, 2697
0.9550333023071289, 2696
0.9560306072235107, 2695
0.9590237140655518, 2694
0.9590237140655518, 2693
0.9610185623168945, 2692
0.9620156288146973, 2691
0.9630126953125, 2690
0.9640097618103027, 2689
0.9640097618103027, 2688
0.9650070667266846, 2687
0.9650070667266846, 2686
0.9660043716430664, 2685
0.968996524810791, 2684
0.9699990749359131, 2683
0.9699990749359131, 2682
0.9709932804107666, 2681
0.9709932804107666, 2680
0.9709932804107666, 2679
0.971992015838623, 2678
0.971992015838623, 2677
0.972985029220581, 2676
0.9749798774719238, 2675
0.9749798774719238, 2674
0.9749798774719238, 2673
0.9749798774719238, 2672
0.9749798774719238, 2671
0.9769742488861084, 2670
0.9769742488861084, 2669
0.9779715538024902, 2668
0.9779715538024902, 2667
0.9799673557281494, 2666
0.9799673557281494, 2665
0.9799673557281494, 2664
0.9799673557281494, 2663
0.9809637069702148, 2662
0.9809637069702148, 2661
0.9809637069702148, 2660
0.9809637069702148, 2659
0.9819612503051758, 2658
0.9819612503051758, 2657
0.9829587936401367, 2656
0.9829587936401367, 2655
0.9829587936401367, 2654
0.9829587936401367, 2653
0.9839582443237305, 2652
0.9849565029144287, 2651
0.9879453182220459, 2650
0.9959237575531006, 2649
1.0118815898895264, 2648
1.0188632011413574, 2647
1.019859790802002, 2646
1.0477848052978516, 2645
1.0587573051452637, 2644
1.065737009048462, 2643
1.092665433883667, 2642
1.1086223125457764, 2641
1.1126115322113037, 2640
1.1126115322113037, 2639
1.1126115322113037, 2638
1.1136088371276855, 2637
1.1136088371276855, 2636
1.1235840320587158, 2635
1.1235840320587158, 2634
1.1255772113800049, 2633
1.1315624713897705, 2632
1.1315624713897705, 2631
1.1415348052978516, 2630
1.143528938293457, 2629
1.1475181579589844, 2628
1.1485154628753662, 2627
1.1644728183746338, 2626
1.2123456001281738, 2625
1.2123456001281738, 2624
1.2183313369750977, 2623
1.2402710914611816, 2622
1.2402710914611816, 2621
1.2412676811218262, 2620
1.2472517490386963, 2619
1.2472517490386963, 2618
1.2472517490386963, 2617
1.2502436637878418, 2616
1.2542340755462646, 2615
1.276174783706665, 2614
1.276174783706665, 2613
1.2801635265350342, 2612
1.2801635265350342, 2611
1.282158374786377, 2610
1.2851533889770508, 2609
1.288142204284668, 2608
1.2921333312988281, 2607
1.3021109104156494, 2606
1.310084581375122, 2605
1.310084581375122, 2604
1.3110826015472412, 2603
1.3260416984558105, 2602
1.333022117614746, 2601
1.3390064239501953, 2600
1.351973056793213, 2599
1.3639395236968994, 2598
1.3649368286132812, 2597
1.412808895111084, 2596
1.4148037433624268, 2595
1.4287669658660889, 2594
1.4307613372802734, 2593
1.4317595958709717, 2592
1.4407353401184082, 2591
1.4417321681976318, 2590
1.4457221031188965, 2589
1.4556941986083984, 2588
1.4636740684509277, 2587
1.4636740684509277, 2586
1.48262357711792, 2585
1.4856147766113281, 2584
1.498579978942871, 2583
1.498579978942871, 2582
1.5055644512176514, 2581
1.5095508098602295, 2580
1.518528699874878, 2579
1.5215187072753906, 2578
1.5215187072753906, 2577
1.5255084037780762, 2576
1.5275020599365234, 2575
1.5644049644470215, 2574
1.5733795166015625, 2573
1.5803608894348145, 2572
1.5803608894348145, 2571
1.616264820098877, 2570
1.6232476234436035, 2569
1.62923002243042, 2568
1.62923002243042, 2567
1.6392040252685547, 2566
1.6531665325164795, 2565
1.6531665325164795, 2564
1.6541640758514404, 2563
1.694056749343872, 2562
1.6960513591766357, 2561
1.7030401229858398, 2560
1.704030990600586, 2559
1.7249739170074463, 2558
1.7249739170074463, 2557
1.7269692420959473, 2556
1.7319552898406982, 2555
1.7409327030181885, 2554
1.7409327030181885, 2553
1.7439243793487549, 2552
1.7748427391052246, 2551
1.7788324356079102, 2550
1.7808575630187988, 2549
1.7828528881072998, 2548
1.784815788269043, 2547
1.784815788269043, 2546
1.7987773418426514, 2545
1.806755781173706, 2544
1.806755781173706, 2543
1.8386704921722412, 2542
1.8386704921722412, 2541
1.8386704921722412, 2540
1.8536303043365479, 2539
1.8556253910064697, 2538
1.876601219177246, 2537
1.8895378112792969, 2536
1.916463851928711, 2535
1.9274325370788574, 2534
1.9274325370788574, 2533
1.9294273853302002, 2532
1.9294273853302002, 2531
1.930424690246582, 2530
1.9613747596740723, 2529
1.9743075370788574, 2528
1.9743075370788574, 2527
1.9743075370788574, 2526
1.9812886714935303, 2525
1.9812886714935303, 2524
1.9892704486846924, 2523
2.007219076156616, 2522
2.0112085342407227, 2521
2.0151991844177246, 2520
2.0271658897399902, 2519
2.0271658897399902, 2518
2.0401318073272705, 2517
2.042125940322876, 2516
2.0441205501556396, 2515
2.0461156368255615, 2514
2.0461156368255615, 2513
2.048110008239746, 2512
2.063070297241211, 2511
2.063070297241211, 2510
2.0911099910736084, 2509
2.0970935821533203, 2508
2.1110570430755615, 2507
2.114048480987549, 2506
2.1280109882354736, 2505
2.1419742107391357, 2504
2.1479573249816895, 2503
2.1489551067352295, 2502
2.158928632736206, 2501
2.1629176139831543, 2500
2.163914918899536, 2499
2.171438694000244, 2498
2.1734237670898438, 2497
2.1754181385040283, 2496
2.1754181385040283, 2495
2.191377639770508, 2494
2.194366693496704, 2493
2.196362018585205, 2492
2.196362018585205, 2491
2.2073328495025635, 2490
2.2093281745910645, 2489
2.2093281745910645, 2488
2.245232582092285, 2487
2.2816641330718994, 2486
2.2816641330718994, 2485
2.282661199569702, 2484
2.2926337718963623, 2483
2.2926337718963623, 2482
2.2956252098083496, 2481
2.304607629776001, 2480
2.3116159439086914, 2479
2.3275415897369385, 2478
2.3285393714904785, 2477
2.369441270828247, 2476
2.392923593521118, 2475
2.392923593521118, 2474
2.3939208984375, 2473
2.3939208984375, 2472
2.3959157466888428, 2471
2.3989086151123047, 2470
2.3989086151123047, 2469
2.416861057281494, 2468
2.4198522567749023, 2467
2.4318196773529053, 2466
2.4397993087768555, 2465
2.4397993087768555, 2464
2.4397993087768555, 2463
2.4437878131866455, 2462
2.446779727935791, 2461
2.446779727935791, 2460
2.449773073196411, 2459
2.449773073196411, 2458
2.4627370834350586, 2457
2.4766998291015625, 2456
2.4766998291015625, 2455
2.493654727935791, 2454
2.5046260356903076, 2453
2.525570869445801, 2452
2.527564287185669, 2451
2.529559850692749, 2450
2.529559850692749, 2449
2.535550355911255, 2448
2.543520927429199, 2447
2.543520927429199, 2446
2.5714468955993652, 2445
2.5714468955993652, 2444
2.583415985107422, 2443
2.6223134994506836, 2442
2.6233084201812744, 2441
2.62530255317688, 2440
2.63028883934021, 2439
2.63028883934021, 2438
2.636277437210083, 2437
2.643284559249878, 2436
2.6941182613372803, 2435
2.712070941925049, 2434
2.712070941925049, 2433
2.712070941925049, 2432
2.7240383625030518, 2431
2.7559542655944824, 2430
2.7589468955993652, 2429
2.765927314758301, 2428
2.773905038833618, 2427
2.7768967151641846, 2426
2.7838809490203857, 2425
2.7888662815093994, 2424
2.846710681915283, 2423
2.8636648654937744, 2422
2.865659475326538, 2421
2.8706648349761963, 2420
2.8706648349761963, 2419
2.8706648349761963, 2418
2.9075474739074707, 2417
2.9095447063446045, 2416
2.915526866912842, 2415
2.9205126762390137, 2414
2.931483507156372, 2413
2.931483507156372, 2412
2.9424548149108887, 2411
2.960406541824341, 2410
3.1858036518096924, 2409
3.193781852722168, 2408
3.194779396057129, 2407
3.2137293815612793, 2406
3.226694107055664, 2405
3.226694107055664, 2404
3.228689193725586, 2403
3.2536230087280273, 2402
3.2625980377197266, 2401
3.2625980377197266, 2400
3.3049919605255127, 2399
3.3099799156188965, 2398
3.313967704772949, 2397
3.313967704772949, 2396
3.316962957382202, 2395
3.3249387741088867, 2394
3.3478777408599854, 2393
3.3518667221069336, 2392
3.3797967433929443, 2391
3.3827881813049316, 2390
3.3827881813049316, 2389
3.3907670974731445, 2388
3.3917646408081055, 2387
3.3987457752227783, 2386
3.409717082977295, 2385
3.409717082977295, 2384
3.409717082977295, 2383
3.4206862449645996, 2382
3.421685218811035, 2381
3.422682523727417, 2380
3.444622278213501, 2379
3.445619583129883, 2378
3.446617603302002, 2377
3.4974846839904785, 2376
3.4974846839904785, 2375
3.512444496154785, 2374
3.521421432495117, 2373
3.5244126319885254, 2372
3.5383756160736084, 2371
3.542365312576294, 2370
3.542365312576294, 2369
3.5513417720794678, 2368
3.552338123321533, 2367
3.5912344455718994, 2366
3.593228816986084, 2365
3.5952234268188477, 2364
3.598215341567993, 2363
3.6091883182525635, 2362
3.6091883182525635, 2361
3.6111814975738525, 2360
3.612178087234497, 2359
3.612178087234497, 2358
3.6500799655914307, 2357
3.667034387588501, 2356
3.66802978515625, 2355
3.675010919570923, 2354
3.7099227905273438, 2353
3.7952024936676025, 2352
3.7952024936676025, 2351
3.797197103500366, 2350
3.8331027030944824, 2349
3.837090253829956, 2348
3.84407114982605, 2347
3.852050542831421, 2346
3.86202335357666, 2345
3.86202335357666, 2344
3.892451763153076, 2343
3.8974380493164062, 2342
3.8974380493164062, 2341
3.907412528991699, 2340
3.91140079498291, 2339
3.9233694076538086, 2338
3.9602699279785156, 2337
3.9936907291412354, 2336
4.326800346374512, 2335
4.3277974128723145, 2334
4.3277974128723145, 2333
4.3277974128723145, 2332
4.328794479370117, 2331
4.344752311706543, 2330
4.345749378204346, 2329
4.353728294372559, 2328
4.362704515457153, 2327
4.362704515457153, 2326
4.362704515457153, 2325
4.37367582321167, 2324
4.414565801620483, 2323
4.423545837402344, 2322
4.43052339553833, 2321
4.43052339553833, 2320
4.431519985198975, 2319
4.431519985198975, 2318
4.441493511199951, 2317
4.444485425949097, 2316
4.447477102279663, 2315
4.4544594287872314, 2314
4.47739839553833, 2313
4.507318496704102, 2312
8.084106683731079, 2311
8.110032320022583, 2310
8.124991416931152, 2309
8.268609285354614, 2308
8.29154634475708, 2307
8.42918062210083, 2306
8.582768678665161, 2305
8.60770058631897, 2304
8.614686727523804, 2303
8.64260721206665, 2302
8.800185680389404, 2301
8.805172443389893, 2300
8.885956764221191, 2299
8.959760427474976, 2298
9.010623216629028, 2297
9.126314163208008, 2296
9.296859502792358, 2295
9.300880432128906, 2294
9.541802644729614, 2293
9.5497887134552, 2292
9.599648475646973, 2291
9.77769660949707, 2290
9.811605215072632, 2289
9.866790771484375, 2288
9.898706197738647, 2287
9.995446681976318, 2286
10.02738881111145, 2285
10.254754066467285, 2284
10.42380952835083, 2283
10.524540185928345, 2282
10.565431118011475, 2281
10.64222526550293, 2280
10.814767122268677, 2279
10.940428018569946, 2278
11.722216367721558, 2277
11.797021865844727, 2276
12.051339387893677, 2275
12.421381711959839, 2274
12.456254959106445, 2273
12.773022651672363, 2272
12.909657716751099, 2271
13.026345491409302, 2270
13.065394163131714, 2269
13.141624212265015, 2268
13.193485975265503, 2267
13.436344861984253, 2266
13.704625606536865, 2265
13.853227853775024, 2264
14.163935899734497, 2263
14.61864948272705, 2262
15.154129266738892, 2261
15.34262466430664, 2260
15.808379173278809, 2259
15.86024022102356, 2258
16.01582646369934, 2257
16.35801672935486, 2256
16.76371955871582, 2255
16.818571090698242, 2254
16.818571090698242, 2253
16.87442111968994, 2252
18.018906831741333, 2251
18.369967699050903, 2250
18.77888512611389, 2249
19.75725817680359, 2248
19.836080074310303, 2247
19.955760717391968, 2246
20.47633647918701, 2245
20.616888523101807, 2244
21.333985805511475, 2243
21.76284170150757, 2242
21.904459953308105, 2241
21.969288110733032, 2240
22.173739910125732, 2239
22.330830097198486, 2238
23.707127809524536, 2237
23.98905301094055, 2236
24.254026651382446, 2235
24.40884757041931, 2234
25.18314814567566, 2233
25.852834463119507, 2232
27.411282539367676, 2231
27.477104663848877, 2230
28.00287938117981, 2229
28.493598461151123, 2228
28.607264757156372, 2227
28.884031772613525, 2226
28.884031772613525, 2225
30.784862756729126, 2224
31.12396502494812, 2223
32.62147068977356, 2222
33.52555799484253, 2221
35.065211057662964, 2220
36.73241090774536, 2219
36.91096353530884, 2218
37.40967059135437, 2217
39.0782470703125, 2216
39.16434907913208, 2215
42.985127210617065, 2214
43.89524865150452, 2213
46.95676565170288, 2212
47.4356906414032, 2211
53.89489150047302, 2210
54.92310857772827, 2209
55.996267795562744, 2208
61.450218200683594, 2207
67.46219539642334, 2206
75.49360585212708, 2205
79.74423956871033, 2204
90.89342498779297, 2203
