0.043344974517822266, 3721
0.045342206954956055, 3720
0.05531668663024902, 3719
0.057309865951538086, 3718
0.057309865951538086, 3717
0.05830669403076172, 3716
0.05830669403076172, 3715
0.05930352210998535, 3714
0.06030106544494629, 3713
0.06030106544494629, 3712
0.06329345703125, 3711
0.06428980827331543, 3710
0.06428980827331543, 3709
0.06528663635253906, 3708
0.06528663635253906, 3707
0.0662839412689209, 3706
0.06728172302246094, 3705
0.06728172302246094, 3704
0.06728172302246094, 3703
0.06827950477600098, 3702
0.06827950477600098, 3701
0.06827950477600098, 3700
0.06827950477600098, 3699
0.0692756175994873, 3698
0.0692756175994873, 3697
0.07027292251586914, 3696
0.07226872444152832, 3695
0.07226872444152832, 3694
0.07326698303222656, 3693
0.07326698303222656, 3692
0.07426261901855469, 3691
0.07526564598083496, 3690
0.07526564598083496, 3689
0.07526564598083496, 3688
0.07625770568847656, 3687
0.07625770568847656, 3686
0.07625770568847656, 3685
0.07625770568847656, 3684
0.07625770568847656, 3683
0.0772552490234375, 3682
0.0772552490234375, 3681
0.0772552490234375, 3680
0.07825231552124023, 3679
0.07825231552124023, 3678
0.07825231552124023, 3677
0.07924890518188477, 3676
0.07924890518188477, 3675
0.0802466869354248, 3674
0.08124375343322754, 3673
0.08224105834960938, 3672
0.08323907852172852, 3671
0.08323907852172852, 3670
0.08423614501953125, 3669
0.08523297309875488, 3668
0.08523297309875488, 3667
0.08623003959655762, 3666
0.08623003959655762, 3665
0.08822989463806152, 3664
0.08922410011291504, 3663
0.09021973609924316, 3662
0.09221506118774414, 3661
0.09221506118774414, 3660
0.09321236610412598, 3659
0.09421038627624512, 3658
0.09520721435546875, 3657
0.09520721435546875, 3656
0.09520721435546875, 3655
0.09720087051391602, 3654
0.09819817543029785, 3653
0.09819817543029785, 3652
0.09819817543029785, 3651
0.09819817543029785, 3650
0.09919548034667969, 3649
0.09919548034667969, 3648
0.09919548034667969, 3647
0.09919548034667969, 3646
0.09919548034667969, 3645
0.09919548034667969, 3644
0.10019278526306152, 3643
0.10019278526306152, 3642
0.10019278526306152, 3641
0.1021885871887207, 3640
0.10318493843078613, 3639
0.10318493843078613, 3638
0.10418224334716797, 3637
0.10519003868103027, 3636
0.10519003868103027, 3635
0.10618305206298828, 3634
0.10718035697937012, 3633
0.10817265510559082, 3632
0.10817265510559082, 3631
0.10916972160339355, 3630
0.10916972160339355, 3629
0.11016702651977539, 3628
0.11116480827331543, 3627
0.11116480827331543, 3626
0.11216187477111816, 3625
0.11216187477111816, 3624
0.1131589412689209, 3623
0.1131589412689209, 3622
0.1131589412689209, 3621
0.11415600776672363, 3620
0.11415600776672363, 3619
0.11615204811096191, 3618
0.11615204811096191, 3617
0.11615204811096191, 3616
0.11714768409729004, 3615
0.11814475059509277, 3614
0.11814475059509277, 3613
0.11914229393005371, 3612
0.11914229393005371, 3611
0.12013959884643555, 3610
0.12013959884643555, 3609
0.1211390495300293, 3608
0.12313270568847656, 3607
0.12313270568847656, 3606
0.12313270568847656, 3605
0.1241297721862793, 3604
0.1241297721862793, 3603
0.12512707710266113, 3602
0.12512707710266113, 3601
0.12612509727478027, 3600
0.12911581993103027, 3599
0.12911581993103027, 3598
0.12911581993103027, 3597
0.12911581993103027, 3596
0.130112886428833, 3595
0.130112886428833, 3594
0.13111019134521484, 3593
0.13111019134521484, 3592
0.1321098804473877, 3591
0.1321098804473877, 3590
0.1321098804473877, 3589
0.13313841819763184, 3588
0.13313841819763184, 3587
0.13313841819763184, 3586
0.13413524627685547, 3585
0.13413524627685547, 3584
0.13413524627685547, 3583
0.1351323127746582, 3582
0.13612985610961914, 3581
0.13612985610961914, 3580
0.13612985610961914, 3579
0.13612985610961914, 3578
0.13612985610961914, 3577
0.1371316909790039, 3576
0.1371316909790039, 3575
0.14307951927185059, 3574
0.14411139488220215, 3573
0.14411139488220215, 3572
0.14510536193847656, 3571
0.14510536193847656, 3570
0.1461043357849121, 3569
0.14710068702697754, 3568
0.14806556701660156, 3567
0.1490623950958252, 3566
0.15005970001220703, 3565
0.15005970001220703, 3564
0.15005970001220703, 3563
0.15005970001220703, 3562
0.15105700492858887, 3561
0.15105700492858887, 3560
0.15105700492858887, 3559
0.1520543098449707, 3558
0.15305161476135254, 3557
0.15305161476135254, 3556
0.15305161476135254, 3555
0.15404939651489258, 3554
0.15505027770996094, 3553
0.15505027770996094, 3552
0.15604591369628906, 3551
0.15604591369628906, 3550
0.15604591369628906, 3549
0.1570427417755127, 3548
0.1570427417755127, 3547
0.1570427417755127, 3546
0.15803980827331543, 3545
0.16003632545471191, 3544
0.16103124618530273, 3543
0.16103124618530273, 3542
0.16203022003173828, 3541
0.1630260944366455, 3540
0.1630260944366455, 3539
0.16405272483825684, 3538
0.16405272483825684, 3537
0.16405272483825684, 3536
0.16505217552185059, 3535
0.16505217552185059, 3534
0.16704702377319336, 3533
0.16704702377319336, 3532
0.16704702377319336, 3531
0.1680443286895752, 3530
0.1680443286895752, 3529
0.1680443286895752, 3528
0.17003941535949707, 3527
0.17400670051574707, 3526
0.17400670051574707, 3525
0.17499470710754395, 3524
0.17499470710754395, 3523
0.17602324485778809, 3522
0.17702054977416992, 3521
0.17801737785339355, 3520
0.1790156364440918, 3519
0.1790156364440918, 3518
0.17998003959655762, 3517
0.17998003959655762, 3516
0.17998003959655762, 3515
0.18097686767578125, 3514
0.18097686767578125, 3513
0.18097686767578125, 3512
0.1819744110107422, 3511
0.1819744110107422, 3510
0.1819744110107422, 3509
0.18297171592712402, 3508
0.1849663257598877, 3507
0.1849663257598877, 3506
0.1849663257598877, 3505
0.1849663257598877, 3504
0.19394493103027344, 3503
0.19494128227233887, 3502
0.19494128227233887, 3501
0.19597196578979492, 3500
0.19597196578979492, 3499
0.19796419143676758, 3498
0.19796419143676758, 3497
0.20096373558044434, 3496
0.20096373558044434, 3495
0.20096373558044434, 3494
0.20096373558044434, 3493
0.20195364952087402, 3492
0.20195364952087402, 3491
0.20195364952087402, 3490
0.20195364952087402, 3489
0.20295119285583496, 3488
0.2089378833770752, 3487
0.20993304252624512, 3486
0.20993304252624512, 3485
0.21093034744262695, 3484
0.21093034744262695, 3483
0.21189641952514648, 3482
0.21189641952514648, 3481
0.21289300918579102, 3480
0.21289300918579102, 3479
0.21392154693603516, 3478
0.21492409706115723, 3477
0.21591997146606445, 3476
0.21591997146606445, 3475
0.21691346168518066, 3474
0.21691346168518066, 3473
0.2179107666015625, 3472
0.2179107666015625, 3471
0.21890830993652344, 3470
0.21990275382995605, 3469
0.21990275382995605, 3468
0.22186970710754395, 3467
0.22289776802062988, 3466
0.22486114501953125, 3465
0.22486114501953125, 3464
0.2258589267730713, 3463
0.2258589267730713, 3462
0.22685503959655762, 3461
0.22685503959655762, 3460
0.22785305976867676, 3459
0.22785305976867676, 3458
0.22785305976867676, 3457
0.22988080978393555, 3456
0.22988080978393555, 3455
0.23087596893310547, 3454
0.23087596893310547, 3453
0.23087596893310547, 3452
0.2318415641784668, 3451
0.2318415641784668, 3450
0.2318415641784668, 3449
0.2318415641784668, 3448
0.2318415641784668, 3447
0.23287105560302734, 3446
0.23287105560302734, 3445
0.23287105560302734, 3444
0.23386859893798828, 3443
0.23386859893798828, 3442
0.23386859893798828, 3441
0.23486709594726562, 3440
0.23486709594726562, 3439
0.23486709594726562, 3438
0.23586034774780273, 3437
0.23586034774780273, 3436
0.23586034774780273, 3435
0.23586034774780273, 3434
0.23686003684997559, 3433
0.23686003684997559, 3432
0.2388286590576172, 3431
0.24081778526306152, 3430
0.24081778526306152, 3429
0.24181485176086426, 3428
0.2428121566772461, 3427
0.2428121566772461, 3426
0.2458040714263916, 3425
0.2458040714263916, 3424
0.2458040714263916, 3423
0.24680304527282715, 3422
0.24680304527282715, 3421
0.24779987335205078, 3420
0.24779987335205078, 3419
0.24779987335205078, 3418
0.24879670143127441, 3417
0.24879670143127441, 3416
0.24879670143127441, 3415
0.24982571601867676, 3414
0.24982571601867676, 3413
0.24982571601867676, 3412
0.25081801414489746, 3411
0.25081801414489746, 3410
0.25081801414489746, 3409
0.2518184185028076, 3408
0.2518184185028076, 3407
0.25281786918640137, 3406
0.25281786918640137, 3405
0.25281786918640137, 3404
0.25281786918640137, 3403
0.25777125358581543, 3402
0.2588014602661133, 3401
0.2588014602661133, 3400
0.26076507568359375, 3399
0.26180362701416016, 3398
0.26180362701416016, 3397
0.26276230812072754, 3396
0.26276230812072754, 3395
0.26276230812072754, 3394
0.26276230812072754, 3393
0.26276230812072754, 3392
0.26378870010375977, 3391
0.26378870010375977, 3390
0.26378870010375977, 3389
0.26378870010375977, 3388
0.2647860050201416, 3387
0.2647860050201416, 3386
0.26578259468078613, 3385
0.26578259468078613, 3384
0.26578259468078613, 3383
0.26578259468078613, 3382
0.26678013801574707, 3381
0.26678013801574707, 3380
0.26678013801574707, 3379
0.26678013801574707, 3378
0.26678013801574707, 3377
0.2677795886993408, 3376
0.2677795886993408, 3375
0.2677795886993408, 3374
0.2697410583496094, 3373
0.2697410583496094, 3372
0.2747659683227539, 3371
0.2777516841888428, 3370
0.2787184715270996, 3369
0.27974557876586914, 3368
0.27974557876586914, 3367
0.2807426452636719, 3366
0.2807426452636719, 3365
0.2807426452636719, 3364
0.2807426452636719, 3363
0.2807426452636719, 3362
0.281740665435791, 3361
0.281740665435791, 3360
0.281740665435791, 3359
0.28273749351501465, 3358
0.28373217582702637, 3357
0.28373217582702637, 3356
0.28373217582702637, 3355
0.2847325801849365, 3354
0.2847325801849365, 3353
0.2847325801849365, 3352
0.2847325801849365, 3351
0.28569793701171875, 3350
0.28569793701171875, 3349
0.28769421577453613, 3348
0.29168081283569336, 3347
0.29367613792419434, 3346
0.29367613792419434, 3345
0.29467344284057617, 3344
0.2956717014312744, 3343
0.29666852951049805, 3342
0.29666852951049805, 3341
0.30165576934814453, 3340
0.30165576934814453, 3339
0.30764222145080566, 3338
0.3086433410644531, 3337
0.3086433410644531, 3336
0.3086433410644531, 3335
0.3096330165863037, 3334
0.3096330165863037, 3333
0.3096330165863037, 3332
0.31063055992126465, 3331
0.31565141677856445, 3330
0.3166468143463135, 3329
0.3166468143463135, 3328
0.3176445960998535, 3327
0.31864142417907715, 3326
0.3196389675140381, 3325
0.3196389675140381, 3324
0.3196389675140381, 3323
0.3196389675140381, 3322
0.32160258293151855, 3321
0.32160258293151855, 3320
0.3225984573364258, 3319
0.3235955238342285, 3318
0.32459306716918945, 3317
0.3255903720855713, 3316
0.32758617401123047, 3315
0.32758617401123047, 3314
0.3315739631652832, 3313
0.3315739631652832, 3312
0.33257174491882324, 3311
0.33257174491882324, 3310
0.3336012363433838, 3309
0.3336012363433838, 3308
0.3336012363433838, 3307
0.3345987796783447, 3306
0.33559632301330566, 3305
0.3365960121154785, 3304
0.3365960121154785, 3303
0.3365960121154785, 3302
0.33855748176574707, 3301
0.3395535945892334, 3300
0.3395535945892334, 3299
0.3395535945892334, 3298
0.34058570861816406, 3297
0.34158897399902344, 3296
0.34158897399902344, 3295
0.3425569534301758, 3294
0.34357452392578125, 3293
0.3445725440979004, 3292
0.3445725440979004, 3291
0.34557008743286133, 3290
0.34557008743286133, 3289
0.34656691551208496, 3288
0.34656691551208496, 3287
0.34656691551208496, 3286
0.3475663661956787, 3285
0.34856176376342773, 3284
0.3495595455169678, 3283
0.3505558967590332, 3282
0.3505558967590332, 3281
0.35155344009399414, 3280
0.35251927375793457, 3279
0.3535480499267578, 3278
0.35451602935791016, 3277
0.3555111885070801, 3276
0.3555111885070801, 3275
0.3555111885070801, 3274
0.3555111885070801, 3273
0.3555111885070801, 3272
0.3565077781677246, 3271
0.3565077781677246, 3270
0.3565077781677246, 3269
0.3565077781677246, 3268
0.35750484466552734, 3267
0.3585026264190674, 3266
0.35950326919555664, 3265
0.35950326919555664, 3264
0.3614950180053711, 3263
0.3614950180053711, 3262
0.3614950180053711, 3261
0.3614950180053711, 3260
0.3614950180053711, 3259
0.3624916076660156, 3258
0.3624916076660156, 3257
0.3624916076660156, 3256
0.36348891258239746, 3255
0.36348891258239746, 3254
0.36348891258239746, 3253
0.3644862174987793, 3252
0.3644862174987793, 3251
0.36548328399658203, 3250
0.36548328399658203, 3249
0.36648058891296387, 3248
0.36648058891296387, 3247
0.3674781322479248, 3246
0.36847543716430664, 3245
0.36847543716430664, 3244
0.37445974349975586, 3243
0.3754570484161377, 3242
0.3754570484161377, 3241
0.3754570484161377, 3240
0.37645411491394043, 3239
0.37645411491394043, 3238
0.37645411491394043, 3237
0.3789544105529785, 3236
0.3844327926635742, 3235
0.3844327926635742, 3234
0.3844327926635742, 3233
0.3844327926635742, 3232
0.3844327926635742, 3231
0.3844327926635742, 3230
0.38543009757995605, 3229
0.38543009757995605, 3228
0.38543009757995605, 3227
0.38543009757995605, 3226
0.3864274024963379, 3225
0.3894202709197998, 3224
0.3924121856689453, 3223
0.39340996742248535, 3222
0.39340996742248535, 3221
0.39340996742248535, 3220
0.3944072723388672, 3219
0.39640092849731445, 3218
0.3983957767486572, 3217
0.39939284324645996, 3216
0.39939284324645996, 3215
0.4003901481628418, 3214
0.4003901481628418, 3213
0.40138721466064453, 3212
0.40138721466064453, 3211
0.40238523483276367, 3210
0.4033820629119873, 3209
0.4033820629119873, 3208
0.4033820629119873, 3207
0.4053781032562256, 3206
0.40638184547424316, 3205
0.4073824882507324, 3204
0.40837860107421875, 3203
0.4093668460845947, 3202
0.4093668460845947, 3201
0.4093668460845947, 3200
0.4093668460845947, 3199
0.41036415100097656, 3198
0.41036415100097656, 3197
0.4113621711730957, 3196
0.41239118576049805, 3195
0.41239118576049805, 3194
0.4133880138397217, 3193
0.4143540859222412, 3192
0.4143540859222412, 3191
0.41538238525390625, 3190
0.41538238525390625, 3189
0.4163801670074463, 3188
0.4163801670074463, 3187
0.4173769950866699, 3186
0.41837453842163086, 3185
0.41837453842163086, 3184
0.41837453842163086, 3183
0.41837453842163086, 3182
0.4193708896636963, 3181
0.4193708896636963, 3180
0.4193708896636963, 3179
0.4193708896636963, 3178
0.4193708896636963, 3177
0.42036914825439453, 3176
0.4223322868347168, 3175
0.4223322868347168, 3174
0.42332911491394043, 3173
0.42332911491394043, 3172
0.42332911491394043, 3171
0.42332911491394043, 3170
0.42332911491394043, 3169
0.42432641983032227, 3168
0.4253246784210205, 3167
0.4253246784210205, 3166
0.4253246784210205, 3165
0.42632293701171875, 3164
0.42734837532043457, 3163
0.4303102493286133, 3162
0.4303102493286133, 3161
0.4303102493286133, 3160
0.4313075542449951, 3159
0.4313075542449951, 3158
0.43230533599853516, 3157
0.43230533599853516, 3156
0.4333021640777588, 3155
0.4342994689941406, 3154
0.4362943172454834, 3153
0.4393043518066406, 3152
0.4422783851623535, 3151
0.4422783851623535, 3150
0.4432792663574219, 3149
0.4432792663574219, 3148
0.4442729949951172, 3147
0.4442729949951172, 3146
0.44530344009399414, 3145
0.44630002975463867, 3144
0.44630002975463867, 3143
0.44829463958740234, 3142
0.44829463958740234, 3141
0.44829463958740234, 3140
0.4492931365966797, 3139
0.4492931365966797, 3138
0.4492931365966797, 3137
0.4492931365966797, 3136
0.4492931365966797, 3135
0.4492931365966797, 3134
0.4502899646759033, 3133
0.4502899646759033, 3132
0.4502899646759033, 3131
0.4502899646759033, 3130
0.4502899646759033, 3129
0.45128440856933594, 3128
0.4522523880004883, 3127
0.45328187942504883, 3126
0.45328187942504883, 3125
0.45328187942504883, 3124
0.45328187942504883, 3123
0.4562408924102783, 3122
0.4562408924102783, 3121
0.45723843574523926, 3120
0.4582357406616211, 3119
0.4602348804473877, 3118
0.4642210006713867, 3117
0.46521830558776855, 3116
0.46521830558776855, 3115
0.4662158489227295, 3114
0.46721386909484863, 3113
0.46721386909484863, 3112
0.46821141242980957, 3111
0.47419261932373047, 3110
0.4751920700073242, 3109
0.47618961334228516, 3108
0.477186918258667, 3107
0.477186918258667, 3106
0.477186918258667, 3105
0.477186918258667, 3104
0.4802091121673584, 3103
0.4802091121673584, 3102
0.483198881149292, 3101
0.48419880867004395, 3100
0.48419880867004395, 3099
0.4851963520050049, 3098
0.4851963520050049, 3097
0.4861931800842285, 3096
0.4861931800842285, 3095
0.4861931800842285, 3094
0.49613428115844727, 3093
0.4971315860748291, 3092
0.4971315860748291, 3091
0.4971315860748291, 3090
0.49812865257263184, 3089
0.49812865257263184, 3088
0.4991261959075928, 3087
0.4991261959075928, 3086
0.4991261959075928, 3085
0.5001235008239746, 3084
0.5001235008239746, 3083
0.5031485557556152, 3082
0.5081067085266113, 3081
0.5091001987457275, 3080
0.5091001987457275, 3079
0.5100967884063721, 3078
0.5100967884063721, 3077
0.5100967884063721, 3076
0.5100967884063721, 3075
0.5110940933227539, 3074
0.5110940933227539, 3073
0.5120916366577148, 3072
0.5120916366577148, 3071
0.5120916366577148, 3070
0.5130891799926758, 3069
0.5230922698974609, 3068
0.5230922698974609, 3067
0.5240917205810547, 3066
0.5240917205810547, 3065
0.5250892639160156, 3064
0.5250892639160156, 3063
0.5260915756225586, 3062
0.5260915756225586, 3061
0.5270841121673584, 3060
0.5270841121673584, 3059
0.5280499458312988, 3058
0.5290470123291016, 3057
0.530043363571167, 3056
0.530043363571167, 3055
0.530043363571167, 3054
0.530043363571167, 3053
0.5320382118225098, 3052
0.5330355167388916, 3051
0.5350625514984131, 3050
0.5450036525726318, 3049
0.5450036525726318, 3048
0.5460009574890137, 3047
0.5530149936676025, 3046
0.5530149936676025, 3045
0.5530149936676025, 3044
0.5530149936676025, 3043
0.5530149936676025, 3042
0.553980827331543, 3041
0.5549805164337158, 3040
0.5549805164337158, 3039
0.5559749603271484, 3038
0.5559749603271484, 3037
0.5559749603271484, 3036
0.5559749603271484, 3035
0.5569717884063721, 3034
0.5569717884063721, 3033
0.5579686164855957, 3032
0.5579686164855957, 3031
0.5619909763336182, 3030
0.5619909763336182, 3029
0.5629563331604004, 3028
0.5639529228210449, 3027
0.5639529228210449, 3026
0.5639529228210449, 3025
0.5639529228210449, 3024
0.5649502277374268, 3023
0.5649502277374268, 3022
0.5679419040679932, 3021
0.5809400081634521, 3020
0.5809400081634521, 3019
0.5809400081634521, 3018
0.581937313079834, 3017
0.581937313079834, 3016
0.581937313079834, 3015
0.581937313079834, 3014
0.5829348564147949, 3013
0.5829348564147949, 3012
0.5829348564147949, 3011
0.5829348564147949, 3010
0.5839352607727051, 3009
0.5839352607727051, 3008
0.5849292278289795, 3007
0.5849292278289795, 3006
0.5849292278289795, 3005
0.5849292278289795, 3004
0.5849292278289795, 3003
0.5859267711639404, 3002
0.5888895988464355, 3001
0.5888895988464355, 3000
0.5908811092376709, 2999
0.592876672744751, 2998
0.5938739776611328, 2997
0.5948703289031982, 2996
0.5948703289031982, 2995
0.595867395401001, 2994
0.595867395401001, 2993
0.5968649387359619, 2992
0.5978620052337646, 2991
0.6008541584014893, 2990
0.6008541584014893, 2989
0.6018514633178711, 2988
0.6018514633178711, 2987
0.602849006652832, 2986
0.6088333129882812, 2985
0.6108276844024658, 2984
0.6118252277374268, 2983
0.6128225326538086, 2982
0.6128225326538086, 2981
0.6128225326538086, 2980
0.6138193607330322, 2979
0.6138193607330322, 2978
0.6138193607330322, 2977
0.6138193607330322, 2976
0.6138193607330322, 2975
0.6148166656494141, 2974
0.6148166656494141, 2973
0.6148166656494141, 2972
0.6148166656494141, 2971
0.6148166656494141, 2970
0.615814208984375, 2969
0.6178088188171387, 2968
0.6178088188171387, 2967
0.6178088188171387, 2966
0.6198034286499023, 2965
0.6198034286499023, 2964
0.6198034286499023, 2963
0.6198034286499023, 2962
0.6208031177520752, 2961
0.6217994689941406, 2960
0.6257879734039307, 2959
0.6257879734039307, 2958
0.6277830600738525, 2957
0.6287798881530762, 2956
0.6297767162322998, 2955
0.6297767162322998, 2954
0.6307754516601562, 2953
0.6317718029022217, 2952
0.6327698230743408, 2951
0.6337668895721436, 2950
0.634763240814209, 2949
0.634763240814209, 2948
0.634763240814209, 2947
0.634763240814209, 2946
0.634763240814209, 2945
0.6357607841491699, 2944
0.6357607841491699, 2943
0.6357607841491699, 2942
0.6357607841491699, 2941
0.6357607841491699, 2940
0.63675856590271, 2939
0.6417465209960938, 2938
0.6417465209960938, 2937
0.6437394618988037, 2936
0.6437394618988037, 2935
0.6447372436523438, 2934
0.6447372436523438, 2933
0.6457343101501465, 2932
0.6467320919036865, 2931
0.6467320919036865, 2930
0.6467320919036865, 2929
0.6467320919036865, 2928
0.647728681564331, 2927
0.647728681564331, 2926
0.647728681564331, 2925
0.647728681564331, 2924
0.6487259864807129, 2923
0.6487259864807129, 2922
0.6487259864807129, 2921
0.6497235298156738, 2920
0.6497235298156738, 2919
0.6497235298156738, 2918
0.6507205963134766, 2917
0.6507205963134766, 2916
0.6507205963134766, 2915
0.6517179012298584, 2914
0.6517179012298584, 2913
0.6527156829833984, 2912
0.6527156829833984, 2911
0.6537127494812012, 2910
0.6547133922576904, 2909
0.656705379486084, 2908
0.656705379486084, 2907
0.6577024459838867, 2906
0.6577024459838867, 2905
0.6606945991516113, 2904
0.6616935729980469, 2903
0.6626899242401123, 2902
0.6626899242401123, 2901
0.6626899242401123, 2900
0.6636860370635986, 2899
0.6636860370635986, 2898
0.6636860370635986, 2897
0.6646835803985596, 2896
0.6666786670684814, 2895
0.6666786670684814, 2894
0.6666786670684814, 2893
0.6666786670684814, 2892
0.6676759719848633, 2891
0.6676759719848633, 2890
0.6676759719848633, 2889
0.6676759719848633, 2888
0.6676759719848633, 2887
0.668673038482666, 2886
0.668673038482666, 2885
0.668673038482666, 2884
0.668673038482666, 2883
0.668673038482666, 2882
0.6696698665618896, 2881
0.6696698665618896, 2880
0.6696698665618896, 2879
0.6726627349853516, 2878
0.673661470413208, 2877
0.6756548881530762, 2876
0.6756548881530762, 2875
0.6766519546508789, 2874
0.6766519546508789, 2873
0.6776487827301025, 2872
0.680640459060669, 2871
0.680640459060669, 2870
0.680640459060669, 2869
0.6816380023956299, 2868
0.6816380023956299, 2867
0.6816380023956299, 2866
0.6826362609863281, 2865
0.6846306324005127, 2864
0.6846306324005127, 2863
0.6876258850097656, 2862
0.6886205673217773, 2861
0.6886205673217773, 2860
0.6896171569824219, 2859
0.6896171569824219, 2858
0.6896171569824219, 2857
0.6896171569824219, 2856
0.6926109790802002, 2855
0.6946041584014893, 2854
0.6946041584014893, 2853
0.6946041584014893, 2852
0.6956009864807129, 2851
0.6965980529785156, 2850
0.6985926628112793, 2849
0.6985926628112793, 2848
0.6985926628112793, 2847
0.6995906829833984, 2846
0.6995906829833984, 2845
0.7005877494812012, 2844
0.7015848159790039, 2843
0.7025830745697021, 2842
0.7025830745697021, 2841
0.7025830745697021, 2840
0.708566427230835, 2839
0.7095634937286377, 2838
0.7095634937286377, 2837
0.7095634937286377, 2836
0.7095634937286377, 2835
0.7095634937286377, 2834
0.7105605602264404, 2833
0.7105605602264404, 2832
0.7105605602264404, 2831
0.7125561237335205, 2830
0.713552713394165, 2829
0.713552713394165, 2828
0.713552713394165, 2827
0.7145500183105469, 2826
0.7165446281433105, 2825
0.7165446281433105, 2824
0.7165446281433105, 2823
0.7165446281433105, 2822
0.7175419330596924, 2821
0.7185392379760742, 2820
0.7185392379760742, 2819
0.7185392379760742, 2818
0.7185392379760742, 2817
0.7215337753295898, 2816
0.722529411315918, 2815
0.722529411315918, 2814
0.7235267162322998, 2813
0.7235267162322998, 2812
0.7255213260650635, 2811
0.7285141944885254, 2810
0.729511022567749, 2809
0.7305076122283936, 2808
0.7305076122283936, 2807
0.7305076122283936, 2806
0.7315046787261963, 2805
0.7315046787261963, 2804
0.7325029373168945, 2803
0.7325029373168945, 2802
0.7334997653961182, 2801
0.7334997653961182, 2800
0.7334997653961182, 2799
0.7334997653961182, 2798
0.7354938983917236, 2797
0.7354938983917236, 2796
0.7364916801452637, 2795
0.7364916801452637, 2794
0.7454681396484375, 2793
0.746464729309082, 2792
0.746464729309082, 2791
0.747462272644043, 2790
0.747462272644043, 2789
0.747462272644043, 2788
0.7484595775604248, 2787
0.7494566440582275, 2786
0.7494566440582275, 2785
0.7554430961608887, 2784
0.7594301700592041, 2783
0.7594301700592041, 2782
0.7604274749755859, 2781
0.7604274749755859, 2780
0.7674093246459961, 2779
0.7674093246459961, 2778
0.7674093246459961, 2777
0.7674093246459961, 2776
0.7674093246459961, 2775
0.7674093246459961, 2774
0.7684061527252197, 2773
0.7684061527252197, 2772
0.7684061527252197, 2771
0.7684061527252197, 2770
0.7684061527252197, 2769
0.7694032192230225, 2768
0.7694032192230225, 2767
0.7733962535858154, 2766
0.7743926048278809, 2765
0.7753875255584717, 2764
0.7753875255584717, 2763
0.7763848304748535, 2762
0.7773821353912354, 2761
0.7773821353912354, 2760
0.7773821353912354, 2759
0.7783801555633545, 2758
0.779376745223999, 2757
0.7803740501403809, 2756
0.7803740501403809, 2755
0.7823688983917236, 2754
0.7833659648895264, 2753
0.7843632698059082, 2752
0.7853608131408691, 2751
0.7923431396484375, 2750
0.7983264923095703, 2749
0.800321102142334, 2748
0.8023159503936768, 2747
0.8043122291564941, 2746
0.8073046207427979, 2745
0.8073046207427979, 2744
0.8082995414733887, 2743
0.8082995414733887, 2742
0.8092966079711914, 2741
0.8092966079711914, 2740
0.8092966079711914, 2739
0.8102941513061523, 2738
0.8102941513061523, 2737
0.8112914562225342, 2736
0.8112914562225342, 2735
0.8112914562225342, 2734
0.8112914562225342, 2733
0.8132860660552979, 2732
0.8142836093902588, 2731
0.8142836093902588, 2730
0.8142836093902588, 2729
0.8152806758880615, 2728
0.8152806758880615, 2727
0.8152806758880615, 2726
0.8152806758880615, 2725
0.8152806758880615, 2724
0.8162779808044434, 2723
0.8162779808044434, 2722
0.8172752857208252, 2721
0.8172752857208252, 2720
0.8172752857208252, 2719
0.818272590637207, 2718
0.8192698955535889, 2717
0.8192698955535889, 2716
0.8192698955535889, 2715
0.8202674388885498, 2714
0.8222637176513672, 2713
0.8232591152191162, 2712
0.8282480239868164, 2711
0.8292443752288818, 2710
0.8292443752288818, 2709
0.8302416801452637, 2708
0.8332338333129883, 2707
0.8342301845550537, 2706
0.8342301845550537, 2705
0.8352277278900146, 2704
0.8362247943878174, 2703
0.8362247943878174, 2702
0.8362247943878174, 2701
0.8382213115692139, 2700
0.8392171859741211, 2699
0.8392171859741211, 2698
0.8402140140533447, 2697
0.8412129878997803, 2696
0.8422093391418457, 2695
0.8422093391418457, 2694
0.8432066440582275, 2693
0.8442034721374512, 2692
0.8442034721374512, 2691
0.8481926918029785, 2690
0.8481926918029785, 2689
0.8491899967193604, 2688
0.8491899967193604, 2687
0.8491899967193604, 2686
0.851184606552124, 2685
0.851184606552124, 2684
0.8521828651428223, 2683
0.8521828651428223, 2682
0.8531792163848877, 2681
0.8531792163848877, 2680
0.8551754951477051, 2679
0.8551754951477051, 2678
0.8551754951477051, 2677
0.8561716079711914, 2676
0.8571686744689941, 2675
0.8571686744689941, 2674
0.8571686744689941, 2673
0.858165979385376, 2672
0.858165979385376, 2671
0.858165979385376, 2670
0.858165979385376, 2669
0.8601620197296143, 2668
0.8601620197296143, 2667
0.8611578941345215, 2666
0.8611578941345215, 2665
0.8611578941345215, 2664
0.8621554374694824, 2663
0.8621554374694824, 2662
0.8631532192230225, 2661
0.864149808883667, 2660
0.8651471138000488, 2659
0.8651471138000488, 2658
0.8661446571350098, 2657
0.8661446571350098, 2656
0.8661446571350098, 2655
0.8661446571350098, 2654
0.8671422004699707, 2653
0.8671422004699707, 2652
0.8671422004699707, 2651
0.8671422004699707, 2650
0.8671422004699707, 2649
0.8681397438049316, 2648
0.8681397438049316, 2647
0.8681397438049316, 2646
0.8691368103027344, 2645
0.8691368103027344, 2644
0.8691368103027344, 2643
0.8691368103027344, 2642
0.8781137466430664, 2641
0.8840970993041992, 2640
0.8850939273834229, 2639
0.8860914707183838, 2638
0.8960647583007812, 2637
0.912022590637207, 2636
0.9289765357971191, 2635
0.9369885921478271, 2634
0.9409463405609131, 2633
0.963883638381958, 2632
0.9689021110534668, 2631
0.9718632698059082, 2630
0.9728598594665527, 2629
0.9758527278900146, 2628
0.981835126876831, 2627
0.981835126876831, 2626
0.982832670211792, 2625
0.9848275184631348, 2624
1.0636177062988281, 2623
1.0646147727966309, 2622
1.0656120777130127, 2621
1.0765843391418457, 2620
1.0765843391418457, 2619
1.0965287685394287, 2618
1.0985231399536133, 2617
1.0995206832885742, 2616
1.1155107021331787, 2615
1.1165127754211426, 2614
1.119499921798706, 2613
1.1284763813018799, 2612
1.1294708251953125, 2611
1.1314680576324463, 2610
1.1314680576324463, 2609
1.1334638595581055, 2608
1.1334638595581055, 2607
1.1334638595581055, 2606
1.1354572772979736, 2605
1.1384201049804688, 2604
1.1394164562225342, 2603
1.145399808883667, 2602
1.1613855361938477, 2601
1.164379596710205, 2600
1.1663744449615479, 2599
1.1683695316314697, 2598
1.1683695316314697, 2597
1.1813342571258545, 2596
1.1822998523712158, 2595
1.1833295822143555, 2594
1.1922731399536133, 2593
1.1932721138000488, 2592
1.1952970027923584, 2591
1.1962945461273193, 2590
1.2002837657928467, 2589
1.204242467880249, 2588
1.204242467880249, 2587
1.2052419185638428, 2586
1.2052419185638428, 2585
1.2152435779571533, 2584
1.217207670211792, 2583
1.217207670211792, 2582
1.217207670211792, 2581
1.230203628540039, 2580
1.2401771545410156, 2579
1.242140293121338, 2578
1.2511441707611084, 2577
1.2691001892089844, 2576
1.2691001892089844, 2575
1.3010149002075195, 2574
1.3039836883544922, 2573
1.3060011863708496, 2572
1.3169715404510498, 2571
1.3279106616973877, 2570
1.3328964710235596, 2569
1.335888385772705, 2568
1.3398783206939697, 2567
1.3428699970245361, 2566
1.3478567600250244, 2565
1.3678362369537354, 2564
1.3678362369537354, 2563
1.371793508529663, 2562
1.3737881183624268, 2561
1.3747844696044922, 2560
1.377776861190796, 2559
1.3977231979370117, 2558
1.3997178077697754, 2557
1.4231905937194824, 2556
1.424170970916748, 2555
1.4251604080200195, 2554
1.428182601928711, 2553
1.428182601928711, 2552
1.4451403617858887, 2551
1.4660842418670654, 2550
1.4840333461761475, 2549
1.4840333461761475, 2548
1.4979994297027588, 2547
1.5304417610168457, 2546
1.5334038734436035, 2545
1.5403845310211182, 2544
1.5463998317718506, 2543
1.5653162002563477, 2542
1.5713016986846924, 2541
1.5733275413513184, 2540
1.5782833099365234, 2539
1.5782833099365234, 2538
1.5792791843414307, 2537
1.5992255210876465, 2536
1.6102290153503418, 2535
1.6102290153503418, 2534
1.6121912002563477, 2533
1.6121912002563477, 2532
1.6346895694732666, 2531
1.6356863975524902, 2530
1.6356863975524902, 2529
1.6496469974517822, 2528
1.6556031703948975, 2527
1.6675996780395508, 2526
1.6735527515411377, 2525
1.6735527515411377, 2524
1.676546573638916, 2523
1.6964914798736572, 2522
1.6995139122009277, 2521
1.7144765853881836, 2520
1.7154717445373535, 2519
1.7154717445373535, 2518
1.7154717445373535, 2517
1.7279574871063232, 2516
1.7309215068817139, 2515
1.7339129447937012, 2514
1.7498714923858643, 2513
1.7588450908660889, 2512
1.7588450908660889, 2511
1.7648663520812988, 2510
1.7837793827056885, 2509
1.7907612323760986, 2508
1.7917580604553223, 2507
1.7917580604553223, 2506
1.8097152709960938, 2505
1.8117051124572754, 2504
1.8146977424621582, 2503
1.8256926536560059, 2502
1.8256926536560059, 2501
1.8276612758636475, 2500
1.8316807746887207, 2499
1.8416235446929932, 2498
1.8456463813781738, 2497
1.8456463813781738, 2496
1.84763765335083, 2495
1.8595778942108154, 2494
1.8595778942108154, 2493
1.8795228004455566, 2492
1.8805227279663086, 2491
1.8845105171203613, 2490
1.8905093669891357, 2489
1.9134340286254883, 2488
1.9184203147888184, 2487
1.949338436126709, 2486
1.9613361358642578, 2485
1.9613361358642578, 2484
1.966322898864746, 2483
1.966322898864746, 2482
1.9712777137756348, 2481
1.9712777137756348, 2480
1.974269151687622, 2479
1.974269151687622, 2478
1.974269151687622, 2477
1.977294683456421, 2476
1.977294683456421, 2475
2.0111711025238037, 2474
2.0520620346069336, 2473
2.067021131515503, 2472
2.075002431869507, 2471
2.077993869781494, 2470
2.078990936279297, 2469
2.0809853076934814, 2468
2.0819830894470215, 2467
2.084975004196167, 2466
2.084975004196167, 2465
2.092984199523926, 2464
2.0969412326812744, 2463
2.0979385375976562, 2462
2.098935604095459, 2461
2.1298534870147705, 2460
2.136835813522339, 2459
2.136835813522339, 2458
2.1598055362701416, 2457
2.1687822341918945, 2456
2.1797544956207275, 2455
2.1977040767669678, 2454
2.2016966342926025, 2453
2.2665209770202637, 2452
2.267519474029541, 2451
2.2774600982666016, 2450
2.2914559841156006, 2449
2.296407699584961, 2448
2.2984023094177246, 2447
2.3073782920837402, 2446
2.374199628829956, 2445
2.374199628829956, 2444
2.374199628829956, 2443
2.4101362228393555, 2442
2.4310810565948486, 2441
2.442023992538452, 2440
2.449997901916504, 2439
2.449997901916504, 2438
2.4509942531585693, 2437
2.4519917964935303, 2436
2.4569790363311768, 2435
2.4569790363311768, 2434
2.4569790363311768, 2433
2.482909679412842, 2432
2.4918859004974365, 2431
2.4918859004974365, 2430
2.497868776321411, 2429
2.497868776321411, 2428
2.497868776321411, 2427
2.5048511028289795, 2426
2.517815589904785, 2425
2.518812894821167, 2424
2.5377635955810547, 2423
2.5497305393218994, 2422
2.551725149154663, 2421
2.559703826904297, 2420
2.567682981491089, 2419
2.5696773529052734, 2418
2.5736660957336426, 2417
2.5966384410858154, 2416
2.626526117324829, 2415
2.6325442790985107, 2414
2.6933467388153076, 2413
2.6933467388153076, 2412
2.6943769454956055, 2411
2.7033212184906006, 2410
2.705314874649048, 2409
2.705314874649048, 2408
2.7388722896575928, 2407
2.7658348083496094, 2406
2.780759572982788, 2405
2.78873872756958, 2404
2.790736675262451, 2403
2.7927300930023193, 2402
2.7967498302459717, 2401
2.807722568511963, 2400
2.8096835613250732, 2399
2.815669298171997, 2398
2.8306286334991455, 2397
2.848615884780884, 2396
2.848615884780884, 2395
2.848615884780884, 2394
2.848615884780884, 2393
2.848615884780884, 2392
2.8545684814453125, 2391
2.8545684814453125, 2390
2.8585569858551025, 2389
2.862579584121704, 2388
2.862579584121704, 2387
2.862579584121704, 2386
2.8775393962860107, 2385
2.8775393962860107, 2384
2.882493019104004, 2383
2.9912028312683105, 2382
2.9982166290283203, 2381
2.9982166290283203, 2380
3.011181354522705, 2379
3.055204391479492, 2378
3.0721561908721924, 2377
3.0931332111358643, 2376
3.098086357116699, 2375
3.099083662033081, 2374
3.114043951034546, 2373
3.127040386199951, 2372
3.128039598464966, 2371
3.1731553077697754, 2370
3.1731553077697754, 2369
3.177172899246216, 2368
3.181164026260376, 2367
3.1941299438476562, 2366
3.1961281299591064, 2365
3.1961281299591064, 2364
3.1971232891082764, 2363
3.205104351043701, 2362
3.231032609939575, 2361
3.2482242584228516, 2360
3.2482242584228516, 2359
3.249220371246338, 2358
3.2581958770751953, 2357
3.3330283164978027, 2356
3.347989082336426, 2355
3.347989082336426, 2354
3.3499841690063477, 2353
3.374915838241577, 2352
3.374915838241577, 2351
3.37591552734375, 2350
3.3789074420928955, 2349
3.3799030780792236, 2348
3.3838939666748047, 2347
3.397855758666992, 2346
3.40580153465271, 2345
3.4067986011505127, 2344
3.4087932109832764, 2343
3.444729804992676, 2342
3.4916040897369385, 2341
3.5504140853881836, 2340
3.576345682144165, 2339
3.59629225730896, 2338
3.6172354221343994, 2337
3.6242172718048096, 2336
3.627209186553955, 2335
3.6441638469696045, 2334
3.648153305053711, 2333
3.6521430015563965, 2332
3.6521430015563965, 2331
3.662116765975952, 2330
3.767867088317871, 2329
3.775813579559326, 2328
3.9673008918762207, 2327
3.970292806625366, 2326
3.974281072616577, 2325
3.9772729873657227, 2324
3.9782702922821045, 2323
3.9782702922821045, 2322
3.9842541217803955, 2321
3.991237163543701, 2320
3.9972212314605713, 2319
4.001237869262695, 2318
4.042099952697754, 2317
4.057061672210693, 2316
4.112910509109497, 2315
4.4296715259552, 2314
4.44891095161438, 2313
4.449907541275024, 2312
4.45090651512146, 2311
4.5326550006866455, 2310
4.541636228561401, 2309
4.549612283706665, 2308
4.553603172302246, 2307
4.553603172302246, 2306
4.560582876205444, 2305
4.5795323848724365, 2304
4.616466283798218, 2303
4.63042950630188, 2302
4.679296016693115, 2301
4.760078430175781, 2300
4.763073444366455, 2299
4.767062187194824, 2298
4.769022226333618, 2297
4.826869010925293, 2296
4.826869010925293, 2295
4.863802433013916, 2294
4.867790937423706, 2293
4.880722761154175, 2292
4.922629117965698, 2291
4.925604581832886, 2290
4.928627252578735, 2289
4.965010404586792, 2288
5.027875185012817, 2287
5.035824298858643, 2286
5.0408079624176025, 2285
5.046826601028442, 2284
5.051778793334961, 2283
5.059789657592773, 2282
5.062751531600952, 2281
5.077709913253784, 2280
5.204370737075806, 2279
5.215341329574585, 2278
5.366935729980469, 2277
9.39013671875, 2276
9.555659532546997, 2275
9.560678720474243, 2274
9.71526551246643, 2273
9.754130840301514, 2272
10.066326379776001, 2271
10.073282718658447, 2270
10.141095161437988, 2269
10.154059410095215, 2268
10.20296311378479, 2267
10.367492198944092, 2266
10.36948299407959, 2265
10.549032926559448, 2264
10.554027318954468, 2263
10.61486005783081, 2262
10.931496620178223, 2261
11.108024835586548, 2260
11.108024835586548, 2259
11.463982343673706, 2258
11.51384949684143, 2257
11.666443347930908, 2256
11.814046621322632, 2255
12.036453485488892, 2254
12.05939269065857, 2253
12.280798196792603, 2252
12.343698263168335, 2251
12.491270780563354, 2250
12.837896347045898, 2249
12.845875024795532, 2248
13.142083168029785, 2247
13.537026405334473, 2246
13.612868785858154, 2245
13.844787836074829, 2244
13.989052295684814, 2243
14.19409966468811, 2242
14.210058450698853, 2241
14.875377893447876, 2240
15.247382879257202, 2239
15.974082708358765, 2238
16.167585134506226, 2237
16.983384609222412, 2236
17.712825775146484, 2235
17.717813968658447, 2234
19.10469627380371, 2233
19.91652750968933, 2232
22.001051425933838, 2231
22.384732723236084, 2230
22.709861516952515, 2229
23.070897817611694, 2228
23.889080286026, 2227
24.450578927993774, 2226
24.504436016082764, 2225
24.58920931816101, 2224
25.569592237472534, 2223
25.94130849838257, 2222
26.557661056518555, 2221
28.084525108337402, 2220
28.19622540473938, 2219
31.709800720214844, 2218
35.69176435470581, 2217
39.31267714500427, 2216
40.11047101020813, 2215
45.40406799316406, 2214
46.173017501831055, 2213
47.11053991317749, 2212
48.72329068183899, 2211
51.48042273521423, 2210
52.3230402469635, 2209
59.128053426742554, 2208
66.68983554840088, 2207
70.18691825866699, 2206
81.35303807258606, 2205
