0.022936582565307617, 3721
0.023934602737426758, 3720
0.026926755905151367, 3719
0.0279238224029541, 3718
0.0279238224029541, 3717
0.0279238224029541, 3716
0.028920650482177734, 3715
0.028920650482177734, 3714
0.028920650482177734, 3713
0.028920650482177734, 3712
0.028920650482177734, 3711
0.02991795539855957, 3710
0.02991795539855957, 3709
0.030915260314941406, 3708
0.030915260314941406, 3707
0.030915260314941406, 3706
0.030915260314941406, 3705
0.030915260314941406, 3704
0.031912803649902344, 3703
0.031912803649902344, 3702
0.031912803649902344, 3701
0.032911062240600586, 3700
0.032911062240600586, 3699
0.03390812873840332, 3698
0.03390812873840332, 3697
0.034906625747680664, 3696
0.034906625747680664, 3695
0.03590202331542969, 3694
0.03590202331542969, 3693
0.03590202331542969, 3692
0.03590202331542969, 3691
0.03590202331542969, 3690
0.03689932823181152, 3689
0.03689932823181152, 3688
0.03689932823181152, 3687
0.03789663314819336, 3686
0.03789663314819336, 3685
0.03789663314819336, 3684
0.03789663314819336, 3683
0.03789663314819336, 3682
0.038971662521362305, 3681
0.039010047912597656, 3680
0.0400087833404541, 3679
0.0400087833404541, 3678
0.04100608825683594, 3677
0.04100608825683594, 3676
0.04200339317321777, 3675
0.04300045967102051, 3674
0.043998003005981445, 3673
0.04499530792236328, 3672
0.046988487243652344, 3671
0.046988487243652344, 3670
0.046988487243652344, 3669
0.04798555374145508, 3668
0.04798555374145508, 3667
0.04798555374145508, 3666
0.04798555374145508, 3665
0.04798555374145508, 3664
0.04798555374145508, 3663
0.048982858657836914, 3662
0.048982858657836914, 3661
0.04998040199279785, 3660
0.04998040199279785, 3659
0.04998040199279785, 3658
0.05197548866271973, 3657
0.05197548866271973, 3656
0.05297231674194336, 3655
0.05297231674194336, 3654
0.05297231674194336, 3653
0.05509519577026367, 3652
0.05609416961669922, 3651
0.057091474533081055, 3650
0.057091474533081055, 3649
0.05808854103088379, 3648
0.05808854103088379, 3647
0.05808854103088379, 3646
0.05908608436584473, 3645
0.05908608436584473, 3644
0.06008315086364746, 3643
0.06008315086364746, 3642
0.061080217361450195, 3641
0.061080217361450195, 3640
0.061080217361450195, 3639
0.06324291229248047, 3638
0.06324291229248047, 3637
0.0642399787902832, 3636
0.0642399787902832, 3635
0.0642399787902832, 3634
0.06523895263671875, 3633
0.06523895263671875, 3632
0.06523895263671875, 3631
0.06523895263671875, 3630
0.06623387336730957, 3629
0.06623387336730957, 3628
0.06623387336730957, 3627
0.06623387336730957, 3626
0.0672311782836914, 3625
0.0672311782836914, 3624
0.0672311782836914, 3623
0.06819725036621094, 3622
0.06819725036621094, 3621
0.06819725036621094, 3620
0.06922554969787598, 3619
0.06922554969787598, 3618
0.07032275199890137, 3617
0.07531070709228516, 3616
0.0763096809387207, 3615
0.0763096809387207, 3614
0.07730507850646973, 3613
0.0793311595916748, 3612
0.08032870292663574, 3611
0.08032870292663574, 3610
0.08032870292663574, 3609
0.08132338523864746, 3608
0.08132338523864746, 3607
0.08132338523864746, 3606
0.08328843116760254, 3605
0.08428597450256348, 3604
0.08428597450256348, 3603
0.08528304100036621, 3602
0.08528304100036621, 3601
0.08528304100036621, 3600
0.08528304100036621, 3599
0.08627986907958984, 3598
0.08827471733093262, 3597
0.08827471733093262, 3596
0.08827471733093262, 3595
0.08827471733093262, 3594
0.08927202224731445, 3593
0.08927202224731445, 3592
0.09026908874511719, 3591
0.09026908874511719, 3590
0.09026908874511719, 3589
0.09026908874511719, 3588
0.09126663208007812, 3587
0.09226393699645996, 3586
0.0932612419128418, 3585
0.0932612419128418, 3584
0.0932612419128418, 3583
0.0932612419128418, 3582
0.0932612419128418, 3581
0.09525561332702637, 3580
0.09525561332702637, 3579
0.09525561332702637, 3578
0.09525561332702637, 3577
0.09525561332702637, 3576
0.09525561332702637, 3575
0.0962531566619873, 3574
0.0962531566619873, 3573
0.09725046157836914, 3572
0.09725046157836914, 3571
0.09725046157836914, 3570
0.09725046157836914, 3569
0.09824752807617188, 3568
0.09824752807617188, 3567
0.09927868843078613, 3566
0.09927868843078613, 3565
0.10124373435974121, 3564
0.10124373435974121, 3563
0.10124373435974121, 3562
0.10238146781921387, 3561
0.10238146781921387, 3560
0.10341119766235352, 3559
0.10341119766235352, 3558
0.10341119766235352, 3557
0.10341119766235352, 3556
0.10440611839294434, 3555
0.10540556907653809, 3554
0.10540556907653809, 3553
0.10637164115905762, 3552
0.10637164115905762, 3551
0.10736775398254395, 3550
0.10736775398254395, 3549
0.10736775398254395, 3548
0.10736775398254395, 3547
0.10836505889892578, 3546
0.10836505889892578, 3545
0.10836505889892578, 3544
0.10936236381530762, 3543
0.11035943031311035, 3542
0.11035943031311035, 3541
0.11035943031311035, 3540
0.11159968376159668, 3539
0.11259841918945312, 3538
0.11359453201293945, 3537
0.11359453201293945, 3536
0.11359453201293945, 3535
0.1146247386932373, 3534
0.1146247386932373, 3533
0.1146247386932373, 3532
0.1175832748413086, 3531
0.1175832748413086, 3530
0.11858296394348145, 3529
0.11858296394348145, 3528
0.1205756664276123, 3527
0.12160658836364746, 3526
0.12160658836364746, 3525
0.12260246276855469, 3524
0.12260246276855469, 3523
0.12260246276855469, 3522
0.12360000610351562, 3521
0.12360000610351562, 3520
0.12360000610351562, 3519
0.12360000610351562, 3518
0.12360000610351562, 3517
0.12360000610351562, 3516
0.12459802627563477, 3515
0.12459802627563477, 3514
0.12459802627563477, 3513
0.1255946159362793, 3512
0.1255946159362793, 3511
0.1255946159362793, 3510
0.12659525871276855, 3509
0.1285550594329834, 3508
0.1285550594329834, 3507
0.1285550594329834, 3506
0.12958502769470215, 3505
0.1335759162902832, 3504
0.13453912734985352, 3503
0.13453912734985352, 3502
0.13553786277770996, 3501
0.1365337371826172, 3500
0.1365337371826172, 3499
0.13752985000610352, 3498
0.13852715492248535, 3497
0.13852715492248535, 3496
0.14052200317382812, 3495
0.14052200317382812, 3494
0.14151930809020996, 3493
0.14151930809020996, 3492
0.14151930809020996, 3491
0.14151930809020996, 3490
0.1425163745880127, 3489
0.1425163745880127, 3488
0.1425163745880127, 3487
0.14454412460327148, 3486
0.14554715156555176, 3485
0.14554715156555176, 3484
0.14554715156555176, 3483
0.14653873443603516, 3482
0.14653873443603516, 3481
0.14653873443603516, 3480
0.14653873443603516, 3479
0.14653873443603516, 3478
0.1475355625152588, 3477
0.1475355625152588, 3476
0.1504957675933838, 3475
0.15149402618408203, 3474
0.15149402618408203, 3473
0.15249109268188477, 3472
0.15352106094360352, 3471
0.15451836585998535, 3470
0.15451836585998535, 3469
0.15451836585998535, 3468
0.15551447868347168, 3467
0.15551447868347168, 3466
0.15651273727416992, 3465
0.15750956535339355, 3464
0.1594712734222412, 3463
0.1594712734222412, 3462
0.16046857833862305, 3461
0.16046857833862305, 3460
0.16046857833862305, 3459
0.16046857833862305, 3458
0.16046857833862305, 3457
0.16146588325500488, 3456
0.16146588325500488, 3455
0.16246318817138672, 3454
0.16346049308776855, 3453
0.1644575595855713, 3452
0.1644575595855713, 3451
0.16545557975769043, 3450
0.16545557975769043, 3449
0.16545557975769043, 3448
0.16545557975769043, 3447
0.16545557975769043, 3446
0.16648411750793457, 3445
0.16648411750793457, 3444
0.16648411750793457, 3443
0.16648411750793457, 3442
0.16748285293579102, 3441
0.16844940185546875, 3440
0.1694474220275879, 3439
0.1694474220275879, 3438
0.17044377326965332, 3437
0.17044377326965332, 3436
0.17144083976745605, 3435
0.1724381446838379, 3434
0.1724381446838379, 3433
0.1724381446838379, 3432
0.17343592643737793, 3431
0.17343592643737793, 3430
0.17343592643737793, 3429
0.17343592643737793, 3428
0.17446613311767578, 3427
0.17446613311767578, 3426
0.17446613311767578, 3425
0.17446613311767578, 3424
0.17645835876464844, 3423
0.17745685577392578, 3422
0.1784534454345703, 3421
0.1784534454345703, 3420
0.1784534454345703, 3419
0.1784534454345703, 3418
0.17945051193237305, 3417
0.17945051193237305, 3416
0.18041515350341797, 3415
0.18041515350341797, 3414
0.18141484260559082, 3413
0.18141484260559082, 3412
0.18141484260559082, 3411
0.18141484260559082, 3410
0.18241190910339355, 3409
0.1834096908569336, 3408
0.1834096908569336, 3407
0.18540263175964355, 3406
0.1863996982574463, 3405
0.1863996982574463, 3404
0.1863996982574463, 3403
0.1863996982574463, 3402
0.1863996982574463, 3401
0.1894242763519287, 3400
0.1894242763519287, 3399
0.1894242763519287, 3398
0.19042348861694336, 3397
0.19042348861694336, 3396
0.19042348861694336, 3395
0.19042348861694336, 3394
0.19042348861694336, 3393
0.19042348861694336, 3392
0.19141912460327148, 3391
0.19141912460327148, 3390
0.19141912460327148, 3389
0.19141912460327148, 3388
0.1923830509185791, 3387
0.1923830509185791, 3386
0.1923830509185791, 3385
0.19341397285461426, 3384
0.1944103240966797, 3383
0.1944103240966797, 3382
0.1944103240966797, 3381
0.1944103240966797, 3380
0.1944103240966797, 3379
0.19537639617919922, 3378
0.19537639617919922, 3377
0.19537639617919922, 3376
0.19537639617919922, 3375
0.19537639617919922, 3374
0.19640636444091797, 3373
0.19640636444091797, 3372
0.1974029541015625, 3371
0.19840240478515625, 3370
0.19939899444580078, 3369
0.20039653778076172, 3368
0.20136046409606934, 3367
0.20136046409606934, 3366
0.20235776901245117, 3365
0.20335674285888672, 3364
0.20335674285888672, 3363
0.20335674285888672, 3362
0.20435285568237305, 3361
0.20435285568237305, 3360
0.20535016059875488, 3359
0.20634746551513672, 3358
0.20634746551513672, 3357
0.2083420753479004, 3356
0.2083420753479004, 3355
0.20933961868286133, 3354
0.21033692359924316, 3353
0.21233129501342773, 3352
0.21332836151123047, 3351
0.21332836151123047, 3350
0.2143251895904541, 3349
0.21532225608825684, 3348
0.21631956100463867, 3347
0.22429847717285156, 3346
0.2252957820892334, 3345
0.2252957820892334, 3344
0.22629356384277344, 3343
0.22629356384277344, 3342
0.2282881736755371, 3341
0.23028230667114258, 3340
0.23028230667114258, 3339
0.23526954650878906, 3338
0.24025607109069824, 3337
0.24125385284423828, 3336
0.24324750900268555, 3335
0.24424481391906738, 3334
0.24623942375183105, 3333
0.24823403358459473, 3332
0.24923133850097656, 3331
0.25122690200805664, 3330
0.25923943519592285, 3329
0.25923943519592285, 3328
0.25923943519592285, 3327
0.2602360248565674, 3326
0.2612318992614746, 3325
0.2631974220275879, 3324
0.2631974220275879, 3323
0.2631974220275879, 3322
0.2631974220275879, 3321
0.2641944885253906, 3320
0.2641944885253906, 3319
0.2641944885253906, 3318
0.26818108558654785, 3317
0.26818108558654785, 3316
0.2691779136657715, 3315
0.2691779136657715, 3314
0.2691779136657715, 3313
0.2701754570007324, 3312
0.2701754570007324, 3311
0.27117252349853516, 3310
0.27117252349853516, 3309
0.2721695899963379, 3308
0.2721695899963379, 3307
0.2721695899963379, 3306
0.27316713333129883, 3305
0.27316713333129883, 3304
0.2751948833465576, 3303
0.2751948833465576, 3302
0.27619242668151855, 3301
0.27619242668151855, 3300
0.27619242668151855, 3299
0.2771623134613037, 3298
0.2771623134613037, 3297
0.2771623134613037, 3296
0.2771623134613037, 3295
0.2771623134613037, 3294
0.2771623134613037, 3293
0.27818870544433594, 3292
0.27818870544433594, 3291
0.27818870544433594, 3290
0.27918362617492676, 3289
0.27918362617492676, 3288
0.2801809310913086, 3287
0.2801809310913086, 3286
0.28117918968200684, 3285
0.28117918968200684, 3284
0.28217601776123047, 3283
0.2831735610961914, 3282
0.2831735610961914, 3281
0.28413915634155273, 3280
0.2851691246032715, 3279
0.2851691246032715, 3278
0.2861363887786865, 3277
0.28716278076171875, 3276
0.2881598472595215, 3275
0.2881598472595215, 3274
0.2881598472595215, 3273
0.2881598472595215, 3272
0.2881598472595215, 3271
0.2891581058502197, 3270
0.2891581058502197, 3269
0.2891581058502197, 3268
0.29015564918518066, 3267
0.29015564918518066, 3266
0.2911520004272461, 3265
0.2911520004272461, 3264
0.29211854934692383, 3263
0.29211854934692383, 3262
0.29211854934692383, 3261
0.29211854934692383, 3260
0.29314661026000977, 3259
0.29314661026000977, 3258
0.29314661026000977, 3257
0.29314661026000977, 3256
0.2941460609436035, 3255
0.2941460609436035, 3254
0.2941460609436035, 3253
0.2941460609436035, 3252
0.29514169692993164, 3251
0.29514169692993164, 3250
0.29514169692993164, 3249
0.29613804817199707, 3248
0.29613804817199707, 3247
0.29613804817199707, 3246
0.29613804817199707, 3245
0.2971367835998535, 3244
0.2971367835998535, 3243
0.2971367835998535, 3242
0.2971367835998535, 3241
0.29813671112060547, 3240
0.29813671112060547, 3239
0.29813671112060547, 3238
0.2991304397583008, 3237
0.2991304397583008, 3236
0.2991304397583008, 3235
0.2991304397583008, 3234
0.3001282215118408, 3233
0.3051152229309082, 3232
0.3051152229309082, 3231
0.30611276626586914, 3230
0.30611276626586914, 3229
0.30611276626586914, 3228
0.30611276626586914, 3227
0.30611276626586914, 3226
0.30707883834838867, 3225
0.30707883834838867, 3224
0.3101048469543457, 3223
0.3101048469543457, 3222
0.3101048469543457, 3221
0.3101048469543457, 3220
0.3101048469543457, 3219
0.311098575592041, 3218
0.311098575592041, 3217
0.311098575592041, 3216
0.3130943775177002, 3215
0.3140907287597656, 3214
0.31508755683898926, 3213
0.31508755683898926, 3212
0.31508755683898926, 3211
0.31508755683898926, 3210
0.31708264350891113, 3209
0.318082332611084, 3208
0.318082332611084, 3207
0.3190803527832031, 3206
0.3190803527832031, 3205
0.3190803527832031, 3204
0.3190803527832031, 3203
0.32007455825805664, 3202
0.3210728168487549, 3201
0.3210728168487549, 3200
0.3210728168487549, 3199
0.3220386505126953, 3198
0.3220386505126953, 3197
0.3220386505126953, 3196
0.32306623458862305, 3195
0.32306623458862305, 3194
0.3240642547607422, 3193
0.3250613212585449, 3192
0.3250613212585449, 3191
0.3260610103607178, 3190
0.3260610103607178, 3189
0.3270564079284668, 3188
0.32805371284484863, 3187
0.32805371284484863, 3186
0.32905125617980957, 3185
0.32905125617980957, 3184
0.3300168514251709, 3183
0.3300168514251709, 3182
0.33104944229125977, 3181
0.33104944229125977, 3180
0.33104944229125977, 3179
0.33104944229125977, 3178
0.33104944229125977, 3177
0.3320431709289551, 3176
0.3320431709289551, 3175
0.33403944969177246, 3174
0.3374652862548828, 3173
0.33802151679992676, 3172
0.33802151679992676, 3171
0.33802151679992676, 3170
0.33802151679992676, 3169
0.3390190601348877, 3168
0.3390190601348877, 3167
0.34001708030700684, 3166
0.34001708030700684, 3165
0.34001708030700684, 3164
0.34300899505615234, 3163
0.3440055847167969, 3162
0.3440055847167969, 3161
0.3440055847167969, 3160
0.3440055847167969, 3159
0.3440055847167969, 3158
0.3450038433074951, 3157
0.34600090980529785, 3156
0.346998929977417, 3155
0.3479955196380615, 3154
0.3479955196380615, 3153
0.34899210929870605, 3152
0.34899210929870605, 3151
0.34899210929870605, 3150
0.34899210929870605, 3149
0.34899210929870605, 3148
0.35096120834350586, 3147
0.35096120834350586, 3146
0.35096120834350586, 3145
0.35096120834350586, 3144
0.35096120834350586, 3143
0.351959228515625, 3142
0.351959228515625, 3141
0.351959228515625, 3140
0.35298728942871094, 3139
0.35398411750793457, 3138
0.35398411750793457, 3137
0.35398411750793457, 3136
0.35398411750793457, 3135
0.35398411750793457, 3134
0.35597896575927734, 3133
0.35597896575927734, 3132
0.35597896575927734, 3131
0.35597896575927734, 3130
0.3579726219177246, 3129
0.3579726219177246, 3128
0.3579726219177246, 3127
0.3579726219177246, 3126
0.3579726219177246, 3125
0.3579726219177246, 3124
0.3599686622619629, 3123
0.3599686622619629, 3122
0.3599686622619629, 3121
0.3599686622619629, 3120
0.3599686622619629, 3119
0.3629601001739502, 3118
0.3629601001739502, 3117
0.36395764350891113, 3116
0.36395764350891113, 3115
0.36990880966186523, 3114
0.36990880966186523, 3113
0.3709070682525635, 3112
0.3709070682525635, 3111
0.3709070682525635, 3110
0.3719031810760498, 3109
0.3719031810760498, 3108
0.3719031810760498, 3107
0.37589240074157715, 3106
0.376889705657959, 3105
0.376889705657959, 3104
0.3778872489929199, 3103
0.3778872489929199, 3102
0.3778872489929199, 3101
0.37888431549072266, 3100
0.38187694549560547, 3099
0.38187694549560547, 3098
0.38686323165893555, 3097
0.38686323165893555, 3096
0.38686323165893555, 3095
0.38686323165893555, 3094
0.3878602981567383, 3093
0.3918497562408447, 3092
0.3918497562408447, 3091
0.39284729957580566, 3090
0.39284729957580566, 3089
0.3938443660736084, 3088
0.3938443660736084, 3087
0.3938443660736084, 3086
0.3938443660736084, 3085
0.39484167098999023, 3084
0.39484167098999023, 3083
0.39583921432495117, 3082
0.3988330364227295, 3081
0.4018559455871582, 3080
0.4018559455871582, 3079
0.4018559455871582, 3078
0.40285325050354004, 3077
0.4038510322570801, 3076
0.4038510322570801, 3075
0.4048490524291992, 3074
0.4048490524291992, 3073
0.4048490524291992, 3072
0.40584325790405273, 3071
0.40584325790405273, 3070
0.40584325790405273, 3069
0.4068424701690674, 3068
0.41382598876953125, 3067
0.41382598876953125, 3066
0.41382598876953125, 3065
0.4148530960083008, 3064
0.4149339199066162, 3063
0.4149339199066162, 3062
0.4149339199066162, 3061
0.4149339199066162, 3060
0.4149339199066162, 3059
0.41596293449401855, 3058
0.41596293449401855, 3057
0.4169611930847168, 3056
0.41792774200439453, 3055
0.41792774200439453, 3054
0.41892266273498535, 3053
0.41892266273498535, 3052
0.4199223518371582, 3051
0.42394208908081055, 3050
0.4289264678955078, 3049
0.4289264678955078, 3048
0.4299290180206299, 3047
0.4299290180206299, 3046
0.4359116554260254, 3045
0.43690991401672363, 3044
0.43690991401672363, 3043
0.43790459632873535, 3042
0.43790459632873535, 3041
0.43790459632873535, 3040
0.43790459632873535, 3039
0.4389026165008545, 3038
0.440899133682251, 3037
0.440899133682251, 3036
0.440899133682251, 3035
0.4418628215789795, 3034
0.4428596496582031, 3033
0.4428596496582031, 3032
0.44385647773742676, 3031
0.4448537826538086, 3030
0.44684791564941406, 3029
0.44684791564941406, 3028
0.447845458984375, 3027
0.44884395599365234, 3026
0.4498424530029297, 3025
0.4508378505706787, 3024
0.45183682441711426, 3023
0.45383143424987793, 3022
0.4638040065765381, 3021
0.4648013114929199, 3020
0.4648013114929199, 3019
0.4648013114929199, 3018
0.46579861640930176, 3017
0.46579861640930176, 3016
0.46579861640930176, 3015
0.46579861640930176, 3014
0.4667956829071045, 3013
0.4667956829071045, 3012
0.4667956829071045, 3011
0.46779441833496094, 3010
0.46779441833496094, 3009
0.46879053115844727, 3008
0.46879053115844727, 3007
0.46879053115844727, 3006
0.4697878360748291, 3005
0.4697878360748291, 3004
0.47078490257263184, 3003
0.471782922744751, 3002
0.47676873207092285, 3001
0.4787623882293701, 3000
0.47975969314575195, 2999
0.4817543029785156, 2998
0.4837491512298584, 2997
0.48474693298339844, 2996
0.4867410659790039, 2995
0.49870944023132324, 2994
0.49870944023132324, 2993
0.499706506729126, 2992
0.499706506729126, 2991
0.5017032623291016, 2990
0.5027029514312744, 2989
0.505690336227417, 2988
0.505690336227417, 2987
0.5066878795623779, 2986
0.5066878795623779, 2985
0.5076851844787598, 2984
0.5096797943115234, 2983
0.5096797943115234, 2982
0.5096797943115234, 2981
0.5106794834136963, 2980
0.5106794834136963, 2979
0.5116767883300781, 2978
0.5116767883300781, 2977
0.5116767883300781, 2976
0.5126736164093018, 2975
0.5126736164093018, 2974
0.5136711597442627, 2973
0.5136711597442627, 2972
0.5146684646606445, 2971
0.5166628360748291, 2970
0.5176601409912109, 2969
0.5176601409912109, 2968
0.519690990447998, 2967
0.5206835269927979, 2966
0.5206835269927979, 2965
0.5206835269927979, 2964
0.5206835269927979, 2963
0.5216834545135498, 2962
0.5236446857452393, 2961
0.5256702899932861, 2960
0.5256702899932861, 2959
0.5256702899932861, 2958
0.5256702899932861, 2957
0.5266673564910889, 2956
0.5266673564910889, 2955
0.5266673564910889, 2954
0.5266673564910889, 2953
0.5266673564910889, 2952
0.5276646614074707, 2951
0.5276646614074707, 2950
0.5276646614074707, 2949
0.5286622047424316, 2948
0.5286622047424316, 2947
0.5286622047424316, 2946
0.5286622047424316, 2945
0.5286622047424316, 2944
0.5296652317047119, 2943
0.5296652317047119, 2942
0.5296652317047119, 2941
0.5296652317047119, 2940
0.5306577682495117, 2939
0.5316543579101562, 2938
0.5326485633850098, 2937
0.5336487293243408, 2936
0.5336487293243408, 2935
0.5336487293243408, 2934
0.534614086151123, 2933
0.534614086151123, 2932
0.534614086151123, 2931
0.5356106758117676, 2930
0.5356106758117676, 2929
0.5356106758117676, 2928
0.5356106758117676, 2927
0.5366082191467285, 2926
0.5366082191467285, 2925
0.5366082191467285, 2924
0.5376052856445312, 2923
0.5376052856445312, 2922
0.5376052856445312, 2921
0.5386030673980713, 2920
0.5386030673980713, 2919
0.5386030673980713, 2918
0.5386030673980713, 2917
0.5396335124969482, 2916
0.5396335124969482, 2915
0.5396335124969482, 2914
0.5416276454925537, 2913
0.5416276454925537, 2912
0.5416276454925537, 2911
0.5426244735717773, 2910
0.5426244735717773, 2909
0.5436217784881592, 2908
0.5436217784881592, 2907
0.5436217784881592, 2906
0.5446197986602783, 2905
0.545616626739502, 2904
0.545616626739502, 2903
0.545616626739502, 2902
0.545616626739502, 2901
0.5466153621673584, 2900
0.5466153621673584, 2899
0.5476126670837402, 2898
0.5476126670837402, 2897
0.5496068000793457, 2896
0.5496068000793457, 2895
0.5496068000793457, 2894
0.5496068000793457, 2893
0.5496068000793457, 2892
0.5506033897399902, 2891
0.5506033897399902, 2890
0.5516057014465332, 2889
0.5516057014465332, 2888
0.5525987148284912, 2887
0.5525987148284912, 2886
0.5525987148284912, 2885
0.5525987148284912, 2884
0.5535638332366943, 2883
0.5535638332366943, 2882
0.5535638332366943, 2881
0.5545926094055176, 2880
0.5545926094055176, 2879
0.5545926094055176, 2878
0.5555899143218994, 2877
0.5555899143218994, 2876
0.5555899143218994, 2875
0.5555899143218994, 2874
0.5586950778961182, 2873
0.5586950778961182, 2872
0.5586950778961182, 2871
0.5586950778961182, 2870
0.5597250461578369, 2869
0.5607194900512695, 2868
0.5627164840698242, 2867
0.5627164840698242, 2866
0.564711332321167, 2865
0.564711332321167, 2864
0.5657083988189697, 2863
0.5667099952697754, 2862
0.5667099952697754, 2861
0.5676717758178711, 2860
0.5676717758178711, 2859
0.5706644058227539, 2858
0.5716617107391357, 2857
0.5726590156555176, 2856
0.5736563205718994, 2855
0.5736563205718994, 2854
0.5747721195220947, 2853
0.5767686367034912, 2852
0.5787630081176758, 2851
0.5797603130340576, 2850
0.5797603130340576, 2849
0.5807576179504395, 2848
0.5817546844482422, 2847
0.5828654766082764, 2846
0.5848937034606934, 2845
0.5858902931213379, 2844
0.5858902931213379, 2843
0.5858902931213379, 2842
0.5878853797912598, 2841
0.5878853797912598, 2840
0.5888838768005371, 2839
0.5888838768005371, 2838
0.5888838768005371, 2837
0.5888838768005371, 2836
0.5899922847747803, 2835
0.5910196304321289, 2834
0.5920193195343018, 2833
0.5920193195343018, 2832
0.5920193195343018, 2831
0.5920193195343018, 2830
0.5930168628692627, 2829
0.5950112342834473, 2828
0.5950112342834473, 2827
0.5950112342834473, 2826
0.5950112342834473, 2825
0.5960114002227783, 2824
0.59700608253479, 2823
0.59700608253479, 2822
0.597973108291626, 2821
0.597973108291626, 2820
0.5990965366363525, 2819
0.5990965366363525, 2818
0.6000957489013672, 2817
0.6000957489013672, 2816
0.6010928153991699, 2815
0.6010928153991699, 2814
0.6040847301483154, 2813
0.6050817966461182, 2812
0.6060795783996582, 2811
0.6060795783996582, 2810
0.6060795783996582, 2809
0.6070764064788818, 2808
0.6080739498138428, 2807
0.6080739498138428, 2806
0.6080739498138428, 2805
0.6100685596466064, 2804
0.6100685596466064, 2803
0.6110661029815674, 2802
0.6110661029815674, 2801
0.6130595207214355, 2800
0.6130595207214355, 2799
0.6140885353088379, 2798
0.6140885353088379, 2797
0.6192123889923096, 2796
0.6192123889923096, 2795
0.6192123889923096, 2794
0.6192123889923096, 2793
0.6202089786529541, 2792
0.6212067604064941, 2791
0.6212067604064941, 2790
0.625333309173584, 2789
0.6273257732391357, 2788
0.6273257732391357, 2787
0.6282932758331299, 2786
0.6282932758331299, 2785
0.6364290714263916, 2784
0.6374294757843018, 2783
0.6374294757843018, 2782
0.6374294757843018, 2781
0.6374294757843018, 2780
0.6374294757843018, 2779
0.6374294757843018, 2778
0.6384255886077881, 2777
0.6384255886077881, 2776
0.6384255886077881, 2775
0.6395416259765625, 2774
0.6415379047393799, 2773
0.6415379047393799, 2772
0.6425349712371826, 2771
0.6425349712371826, 2770
0.6425349712371826, 2769
0.6435329914093018, 2768
0.6445300579071045, 2767
0.6445300579071045, 2766
0.6455271244049072, 2765
0.6465246677398682, 2764
0.6475217342376709, 2763
0.6495163440704346, 2762
0.6545019149780273, 2761
0.6554996967315674, 2760
0.6564981937408447, 2759
0.6584954261779785, 2758
0.664508581161499, 2757
0.6674690246582031, 2756
0.6704914569854736, 2755
0.673485517501831, 2754
0.673485517501831, 2753
0.6744804382324219, 2752
0.6744804382324219, 2751
0.6744804382324219, 2750
0.6754789352416992, 2749
0.6754789352416992, 2748
0.6754789352416992, 2747
0.6764779090881348, 2746
0.6774725914001465, 2745
0.6774725914001465, 2744
0.6774725914001465, 2743
0.6774725914001465, 2742
0.6774725914001465, 2741
0.6784718036651611, 2740
0.6794729232788086, 2739
0.680464506149292, 2738
0.681462287902832, 2737
0.681462287902832, 2736
0.681462287902832, 2735
0.6824593544006348, 2734
0.6824593544006348, 2733
0.6824593544006348, 2732
0.6824593544006348, 2731
0.6824593544006348, 2730
0.6834571361541748, 2729
0.6844568252563477, 2728
0.6844568252563477, 2727
0.6844568252563477, 2726
0.6854517459869385, 2725
0.686453104019165, 2724
0.686453104019165, 2723
0.6874442100524902, 2722
0.6884124279022217, 2721
0.6894443035125732, 2720
0.6904380321502686, 2719
0.6924352645874023, 2718
0.6924352645874023, 2717
0.6934306621551514, 2716
0.6945106983184814, 2715
0.6975033283233643, 2714
0.6975033283233643, 2713
0.6985328197479248, 2712
0.699530839920044, 2711
0.699530839920044, 2710
0.699530839920044, 2709
0.699530839920044, 2708
0.701641321182251, 2707
0.701641321182251, 2706
0.7026405334472656, 2705
0.7026405334472656, 2704
0.7026405334472656, 2703
0.7026405334472656, 2702
0.7026405334472656, 2701
0.7036697864532471, 2700
0.7046656608581543, 2699
0.7046656608581543, 2698
0.7066612243652344, 2697
0.7076578140258789, 2696
0.7086520195007324, 2695
0.7096798419952393, 2694
0.7097511291503906, 2693
0.711777925491333, 2692
0.711777925491333, 2691
0.7127764225006104, 2690
0.7137703895568848, 2689
0.7137703895568848, 2688
0.7147703170776367, 2687
0.7147703170776367, 2686
0.7157673835754395, 2685
0.7157673835754395, 2684
0.7167685031890869, 2683
0.717731237411499, 2682
0.7187271118164062, 2681
0.7189185619354248, 2680
0.7189185619354248, 2679
0.7189185619354248, 2678
0.7189185619354248, 2677
0.7189185619354248, 2676
0.7199490070343018, 2675
0.720949649810791, 2674
0.720949649810791, 2673
0.721942663192749, 2672
0.721942663192749, 2671
0.721942663192749, 2670
0.721942663192749, 2669
0.722942590713501, 2668
0.7239377498626709, 2667
0.7239377498626709, 2666
0.7249050140380859, 2665
0.7259311676025391, 2664
0.7259311676025391, 2663
0.7269299030303955, 2662
0.7269299030303955, 2661
0.7269299030303955, 2660
0.7269299030303955, 2659
0.7279269695281982, 2658
0.7279269695281982, 2657
0.7279269695281982, 2656
0.7279269695281982, 2655
0.7289233207702637, 2654
0.7289233207702637, 2653
0.7289233207702637, 2652
0.7289233207702637, 2651
0.7299227714538574, 2650
0.7299227714538574, 2649
0.7299227714538574, 2648
0.7328832149505615, 2647
0.738062858581543, 2646
0.7471089363098145, 2645
0.7562074661254883, 2644
0.7592000961303711, 2643
0.7592000961303711, 2642
0.7681753635406494, 2641
0.810096025466919, 2640
0.8160486221313477, 2639
0.8180747032165527, 2638
0.826052188873291, 2637
0.826052188873291, 2636
0.8300116062164307, 2635
0.84010910987854, 2634
0.84010910987854, 2633
0.8460917472839355, 2632
0.8470885753631592, 2631
0.848085880279541, 2630
0.8531050682067871, 2629
0.8580923080444336, 2628
0.8600866794586182, 2627
0.8600866794586182, 2626
0.8610842227935791, 2625
0.8620791435241699, 2624
0.8939933776855469, 2623
0.894993782043457, 2622
0.8969869613647461, 2621
0.8969869613647461, 2620
0.8969869613647461, 2619
0.9109511375427246, 2618
0.9179298877716064, 2617
0.9220080375671387, 2616
0.9230074882507324, 2615
0.9339437484741211, 2614
0.9350137710571289, 2613
0.9410393238067627, 2612
0.9430356025695801, 2611
0.9581279754638672, 2610
0.9581279754638672, 2609
0.9652190208435059, 2608
0.9682111740112305, 2607
0.9712011814117432, 2606
0.9834213256835938, 2605
0.9844205379486084, 2604
0.9844205379486084, 2603
0.9894068241119385, 2602
0.9925084114074707, 2601
0.9925084114074707, 2600
0.9945027828216553, 2599
0.9974944591522217, 2598
0.9985907077789307, 2597
1.0005848407745361, 2596
1.0005848407745361, 2595
1.0005848407745361, 2594
1.0035784244537354, 2593
1.0045759677886963, 2592
1.0085642337799072, 2591
1.0105602741241455, 2590
1.0346455574035645, 2589
1.0406310558319092, 2588
1.04262375831604, 2587
1.044619083404541, 2586
1.066819190979004, 2585
1.066819190979004, 2584
1.0717754364013672, 2583
1.0737698078155518, 2582
1.0737698078155518, 2581
1.0797533988952637, 2580
1.0867347717285156, 2579
1.1066815853118896, 2578
1.1156580448150635, 2577
1.12263822555542, 2576
1.1296193599700928, 2575
1.1435842514038086, 2574
1.1435842514038086, 2573
1.1435842514038086, 2572
1.1435842514038086, 2571
1.1435842514038086, 2570
1.1465742588043213, 2569
1.1495661735534668, 2568
1.157545566558838, 2567
1.1595401763916016, 2566
1.1625316143035889, 2565
1.1665208339691162, 2564
1.1685161590576172, 2563
1.184506893157959, 2562
1.184506893157959, 2561
1.186499834060669, 2560
1.1914865970611572, 2559
1.2024247646331787, 2558
1.2253656387329102, 2557
1.2283880710601807, 2556
1.2283880710601807, 2555
1.244312047958374, 2554
1.2483015060424805, 2553
1.2512943744659424, 2552
1.259408950805664, 2551
1.259408950805664, 2550
1.266390323638916, 2549
1.269381046295166, 2548
1.269381046295166, 2547
1.275364875793457, 2546
1.275364875793457, 2545
1.2803864479064941, 2544
1.282378911972046, 2543
1.2923192977905273, 2542
1.295344591140747, 2541
1.3022949695587158, 2540
1.3032920360565186, 2539
1.308309555053711, 2538
1.3103044033050537, 2537
1.3272275924682617, 2536
1.3322460651397705, 2535
1.3322460651397705, 2534
1.3352069854736328, 2533
1.3402249813079834, 2532
1.3402249813079834, 2531
1.3402249813079834, 2530
1.3521621227264404, 2529
1.353189468383789, 2528
1.3571784496307373, 2527
1.3681175708770752, 2526
1.3711419105529785, 2525
1.374100685119629, 2524
1.374100685119629, 2523
1.3830773830413818, 2522
1.394080638885498, 2521
1.3970410823822021, 2520
1.3970410823822021, 2519
1.3970410823822021, 2518
1.4000647068023682, 2517
1.4090402126312256, 2516
1.4249975681304932, 2515
1.425994634628296, 2514
1.4289867877960205, 2513
1.4289867877960205, 2512
1.4409217834472656, 2511
1.4469058513641357, 2510
1.4569120407104492, 2509
1.457909345626831, 2508
1.457909345626831, 2507
1.457909345626831, 2506
1.457909345626831, 2505
1.4599041938781738, 2504
1.4599041938781738, 2503
1.4668524265289307, 2502
1.4668524265289307, 2501
1.4678514003753662, 2500
1.4867994785308838, 2499
1.4867994785308838, 2498
1.4877965450286865, 2497
1.4947779178619385, 2496
1.4947779178619385, 2495
1.4947779178619385, 2494
1.497769832611084, 2493
1.5069186687469482, 2492
1.510005235671997, 2491
1.527958631515503, 2490
1.5289561748504639, 2489
1.5439140796661377, 2488
1.548933744430542, 2487
1.5548856258392334, 2486
1.5588743686676025, 2485
1.5588743686676025, 2484
1.5718424320220947, 2483
1.6047515869140625, 2482
1.6077802181243896, 2481
1.6127631664276123, 2480
1.621739149093628, 2479
1.621739149093628, 2478
1.6277239322662354, 2477
1.6277239322662354, 2476
1.6316797733306885, 2475
1.6316797733306885, 2474
1.659604549407959, 2473
1.6635942459106445, 2472
1.6635942459106445, 2471
1.6785902976989746, 2470
1.6815769672393799, 2469
1.6815769672393799, 2468
1.686532735824585, 2467
1.6875300407409668, 2466
1.6875300407409668, 2465
1.6955411434173584, 2464
1.6995344161987305, 2463
1.7137172222137451, 2462
1.7137172222137451, 2461
1.71781587600708, 2460
1.7208428382873535, 2459
1.7267916202545166, 2458
1.7378747463226318, 2457
1.7510476112365723, 2456
1.7510476112365723, 2455
1.7591328620910645, 2454
1.760132074356079, 2453
1.766115665435791, 2452
1.7671113014221191, 2451
1.7711024284362793, 2450
1.7711024284362793, 2449
1.7760891914367676, 2448
1.7780840396881104, 2447
1.7940409183502197, 2446
1.8030171394348145, 2445
1.8129901885986328, 2444
1.8139874935150146, 2443
1.8169784545898438, 2442
1.8169784545898438, 2441
1.8239612579345703, 2440
1.825955867767334, 2439
1.8309426307678223, 2438
1.862259864807129, 2437
1.863293170928955, 2436
1.863293170928955, 2435
1.8642873764038086, 2434
1.8642873764038086, 2433
1.8733999729156494, 2432
1.8733999729156494, 2431
1.8773581981658936, 2430
1.8864421844482422, 2429
1.8864421844482422, 2428
1.8864421844482422, 2427
1.8944206237792969, 2426
1.9015355110168457, 2425
1.9015355110168457, 2424
1.92657470703125, 2423
1.9305660724639893, 2422
1.9689605236053467, 2421
1.971952199935913, 2420
2.0084476470947266, 2419
2.0104432106018066, 2418
2.0104432106018066, 2417
2.0256149768829346, 2416
2.0256149768829346, 2415
2.036794900894165, 2414
2.041891574859619, 2413
2.045879602432251, 2412
2.0791804790496826, 2411
2.080179452896118, 2410
2.1144869327545166, 2409
2.1144869327545166, 2408
2.1998114585876465, 2407
2.1998114585876465, 2406
2.2067925930023193, 2405
2.2067925930023193, 2404
2.4242286682128906, 2403
2.4242286682128906, 2402
2.4252257347106934, 2401
2.428218364715576, 2400
2.428218364715576, 2399
2.432206153869629, 2398
2.4371931552886963, 2397
2.4884822368621826, 2396
2.4945788383483887, 2395
2.497572183609009, 2394
2.5015618801116943, 2393
2.5167224407196045, 2392
2.519819736480713, 2391
2.5287954807281494, 2390
2.543755531311035, 2389
2.571774959564209, 2388
2.571774959564209, 2387
2.5737695693969727, 2386
2.5839602947235107, 2385
2.5869500637054443, 2384
2.5869500637054443, 2383
2.5970137119293213, 2382
2.5991158485412598, 2381
2.6011111736297607, 2380
2.6556239128112793, 2379
2.707329034805298, 2378
2.7154037952423096, 2377
2.7154037952423096, 2376
2.719491720199585, 2375
2.7244784832000732, 2374
2.7274701595306396, 2373
2.731459856033325, 2372
2.738581418991089, 2371
2.7415733337402344, 2370
2.7426841259002686, 2369
2.756748914718628, 2368
2.7577457427978516, 2367
2.7657244205474854, 2366
2.7657244205474854, 2365
2.76871657371521, 2364
2.7717092037200928, 2363
2.7717092037200928, 2362
2.7727057933807373, 2361
2.782804250717163, 2360
2.8019752502441406, 2359
2.8281354904174805, 2358
2.8281354904174805, 2357
2.838108777999878, 2356
2.8411006927490234, 2355
2.8560609817504883, 2354
2.8560609817504883, 2353
2.8590526580810547, 2352
2.8889729976654053, 2351
2.8889729976654053, 2350
2.9081602096557617, 2349
2.9152448177337646, 2348
2.928330898284912, 2347
2.949516534805298, 2346
2.949516534805298, 2345
2.956605911254883, 2344
2.960703134536743, 2343
2.960703134536743, 2342
2.9999918937683105, 2341
3.0473506450653076, 2340
3.1586148738861084, 2339
3.1616082191467285, 2338
3.1715803146362305, 2337
3.186729669570923, 2336
3.1897213459014893, 2335
3.1897213459014893, 2334
3.1897213459014893, 2333
3.1937108039855957, 2332
3.21964168548584, 2331
3.2286174297332764, 2330
3.243788003921509, 2329
3.283889055252075, 2328
3.2868809700012207, 2327
3.292865037918091, 2326
3.2958569526672363, 2325
3.3158717155456543, 2324
3.329833745956421, 2323
3.3398070335388184, 2322
3.3398070335388184, 2321
3.3437976837158203, 2320
3.344794273376465, 2319
3.346788167953491, 2318
3.349780321121216, 2317
3.414952516555786, 2316
3.4239299297332764, 2315
3.4249274730682373, 2314
3.445871353149414, 2313
3.446868658065796, 2312
3.4852678775787354, 2311
3.4862654209136963, 2310
3.4978652000427246, 2309
3.4978652000427246, 2308
3.499859571456909, 2307
3.516066074371338, 2306
3.5974647998809814, 2305
3.600534200668335, 2304
3.6025278568267822, 2303
3.6065173149108887, 2302
3.6175906658172607, 2301
3.6376829147338867, 2300
3.6387882232666016, 2299
3.6467676162719727, 2298
3.685028553009033, 2297
3.7141473293304443, 2296
3.7350902557373047, 2295
3.7370851039886475, 2294
3.7380826473236084, 2293
3.7420718669891357, 2292
3.790454864501953, 2291
3.7925355434417725, 2290
3.808492660522461, 2289
6.885854482650757, 2288
6.942133665084839, 2287
7.064263343811035, 2286
7.068252325057983, 2285
7.130392789840698, 2284
7.169689655303955, 2283
7.261159420013428, 2282
7.360480070114136, 2281
7.380426645278931, 2280
7.419610977172852, 2279
7.478817701339722, 2278
7.778054237365723, 2277
8.241223335266113, 2276
8.335514068603516, 2275
8.336511135101318, 2274
8.593911409378052, 2273
8.656844854354858, 2272
9.002073764801025, 2271
9.429041385650635, 2270
9.487694025039673, 2269
9.495672941207886, 2268
9.536695003509521, 2267
9.607013463973999, 2266
9.723150491714478, 2265
9.770233869552612, 2264
9.830271244049072, 2263
9.86059021949768, 2262
9.86569619178772, 2261
9.959516763687134, 2260
10.356738567352295, 2259
10.787078619003296, 2258
10.93523120880127, 2257
10.956258296966553, 2256
11.014309644699097, 2255
11.089293956756592, 2254
11.093283891677856, 2253
11.693174362182617, 2252
11.795424699783325, 2251
12.058768272399902, 2250
12.14831018447876, 2249
12.242681741714478, 2248
12.43324589729309, 2247
12.854448080062866, 2246
12.952486276626587, 2245
12.971538543701172, 2244
13.024733781814575, 2243
13.41848874092102, 2242
13.542141199111938, 2241
13.544136047363281, 2240
13.7121901512146, 2239
13.812591314315796, 2238
13.840811491012573, 2237
14.043314695358276, 2236
14.073413372039795, 2235
14.683569431304932, 2234
15.940641403198242, 2233
16.033718585968018, 2232
16.141756296157837, 2231
16.150829792022705, 2230
17.24445390701294, 2229
18.218774557113647, 2228
18.581263542175293, 2227
19.871867656707764, 2226
21.914926290512085, 2225
23.069324731826782, 2224
23.780981302261353, 2223
23.942962408065796, 2222
24.82480502128601, 2221
26.701998710632324, 2220
26.75582218170166, 2219
28.746459007263184, 2218
29.383742094039917, 2217
29.898305416107178, 2216
30.3195481300354, 2215
31.154223442077637, 2214
32.30186176300049, 2213
32.61072587966919, 2212
32.686447620391846, 2211
32.90261650085449, 2210
35.17580699920654, 2209
35.688552379608154, 2208
39.10963559150696, 2207
46.598270416259766, 2206
57.42657780647278, 2205
61.93851661682129, 2204
