0.0, 2269
0.036902427673339844, 2268
0.12067675590515137, 2267
0.13064980506896973, 2266
0.15558481216430664, 2265
0.20647740364074707, 2264
0.2124314308166504, 2263
0.27426719665527344, 2262
0.2842409610748291, 2261
0.33325815200805664, 2260
0.3382449150085449, 2259
0.39221692085266113, 2258
0.4111638069152832, 2257
0.45405077934265137, 2256
0.45405077934265137, 2255
0.5338690280914307, 2254
0.5597681999206543, 2253
0.5647547245025635, 2252
0.6102688312530518, 2251
0.6312112808227539, 2250
0.7490167617797852, 2249
0.7915444374084473, 2248
0.8154773712158203, 2247
0.8374185562133789, 2246
0.8974809646606445, 2245
0.9095239639282227, 2244
0.9524102210998535, 2243
0.9623837471008301, 2242
0.9763493537902832, 2241
1.063232183456421, 2240
1.1095452308654785, 2239
1.1914818286895752, 2238
1.2094640731811523, 2237
1.3312230110168457, 2236
1.4275312423706055, 2235
1.454456090927124, 2234
1.5144648551940918, 2233
1.522444248199463, 2232
1.6540610790252686, 2231
1.6700184345245361, 2230
1.726867437362671, 2229
1.8855712413787842, 2228
1.9204771518707275, 2227
2.0922446250915527, 2226
2.2105350494384766, 2225
2.313499927520752, 2224
2.360341787338257, 2223
2.595855236053467, 2222
2.702502965927124, 2221
3.1546027660369873, 2220
3.3906681537628174, 2219
3.6531319618225098, 2218
3.8564810752868652, 2217
4.064270257949829, 2216
4.744401216506958, 2215
5.2334113121032715, 2214
5.82564902305603, 2213
7.021844863891602, 2212
8.077688217163086, 2211
8.355248212814331, 2210
8.74567437171936, 2209
9.657333135604858, 2208
11.143004179000854, 2207
11.530818939208984, 2206
16.00251317024231, 2205
19.32878828048706, 2204
61.79537057876587, 2203
