0.0, 2269
0.12067842483520508, 2268
0.40392184257507324, 2267
0.45977044105529785, 2266
0.5196115970611572, 2265
0.7739319801330566, 2264
0.8028542995452881, 2263
0.9953396320343018, 2262
1.0392208099365234, 2261
1.2177472114562988, 2260
1.2426774501800537, 2259
1.4351630210876465, 2258
1.516944408416748, 2257
1.7942030429840088, 2256
1.7942030429840088, 2255
2.066474199295044, 2254
2.1342949867248535, 2253
2.1492536067962646, 2252
2.2509822845458984, 2251
2.2749171257019043, 2250
2.4005815982818604, 2249
2.444462776184082, 2248
2.4683988094329834, 2247
2.4883475303649902, 2246
2.597055435180664, 2245
2.6269748210906982, 2244
2.6778388023376465, 2243
2.689807891845703, 2242
2.7057647705078125, 2241
2.8104844093322754, 2240
2.8902738094329834, 2239
3.0408685207366943, 2238
3.0638065338134766, 2237
3.1974496841430664, 2236
3.296185255050659, 2235
3.325108766555786, 2234
3.3919317722320557, 2233
3.396918296813965, 2232
3.555492877960205, 2231
3.5784316062927246, 2230
3.660212755203247, 2229
3.837738037109375, 2228
3.876633405685425, 2227
4.035208702087402, 2226
4.180819511413574, 2225
4.299502372741699, 2224
4.3453803062438965, 2223
4.600698471069336, 2222
4.715390205383301, 2221
5.206013202667236, 2220
5.447344541549683, 2219
5.676788806915283, 2218
5.898155450820923, 2217
6.107630252838135, 2216
6.973846912384033, 2215
7.359164237976074, 2214
7.836757659912109, 2213
8.830342531204224, 2212
9.754710674285889, 2211
10.028990983963013, 2210
10.436897993087769, 2209
11.214226961135864, 2208
12.640825986862183, 2207
13.07394790649414, 2206
17.851272583007812, 2205
21.774738788604736, 2204
77.8600754737854, 2203
