0.0, 2269
0.11569046974182129, 2268
0.16256499290466309, 2267
0.27725815773010254, 2266
0.4109187126159668, 2265
0.5495469570159912, 2264
0.6627626419067383, 2263
0.809577226638794, 2262
0.844494104385376, 2261
0.8823926448822021, 2260
0.8943614959716797, 2259
0.9452250003814697, 2258
0.9650113582611084, 2257
0.9899439811706543, 2256
1.0283498764038086, 2255
1.1186227798461914, 2254
1.1599485874176025, 2253
1.189403772354126, 2252
1.2463417053222656, 2251
1.2657341957092285, 2250
1.289698600769043, 2249
1.3305602073669434, 2248
1.4260165691375732, 2247
1.4300389289855957, 2246
1.473236083984375, 2245
1.5292952060699463, 2244
1.5347368717193604, 2243
1.6653709411621094, 2242
1.8646843433380127, 2241
1.8796448707580566, 2240
1.9025826454162598, 2239
2.0450825691223145, 2238
2.182889699935913, 2237
2.206827402114868, 2236
2.2859907150268555, 2235
2.338381052017212, 2234
2.5041849613189697, 2233
2.509171485900879, 2232
2.516186475753784, 2231
2.5294384956359863, 2230
2.5573642253875732, 2229
2.6901350021362305, 2228
2.693126678466797, 2227
2.70708966255188, 2226
2.8290953636169434, 2225
3.2774817943573, 2224
3.2994229793548584, 2223
3.310392379760742, 2222
3.3851921558380127, 2221
3.3881852626800537, 2220
3.436058521270752, 2219
3.890075206756592, 2218
3.9922068119049072, 2217
4.229857683181763, 2216
4.401397943496704, 2215
4.685290813446045, 2214
5.249907493591309, 2213
5.323710680007935, 2212
6.277599811553955, 2211
6.603705406188965, 2210
7.7141945362091064, 2209
8.52612853050232, 2208
9.161429643630981, 2207
11.618395566940308, 2206
18.636239051818848, 2205
23.684736967086792, 2204
