0.0, 2269
0.026895999908447266, 2268
0.03288102149963379, 2267
0.07876014709472656, 2266
0.10571742057800293, 2265
0.1465764045715332, 2264
0.1745007038116455, 2263
0.18347835540771484, 2262
0.19544696807861328, 2261
0.2044222354888916, 2260
0.2373342514038086, 2259
0.2792222499847412, 2258
0.287200927734375, 2257
0.3001973628997803, 2256
0.3151266574859619, 2255
0.3171207904815674, 2254
0.3231048583984375, 2253
0.3420524597167969, 2252
0.3450777530670166, 2251
0.3679847717285156, 2250
0.3999316692352295, 2249
0.4338088035583496, 2248
0.4368011951446533, 2247
0.46572351455688477, 2246
0.5175848007202148, 2245
0.5425183773040771, 2244
0.5903885364532471, 2243
0.6033859252929688, 2242
0.6113667488098145, 2241
0.6312806606292725, 2240
0.6312806606292725, 2239
0.7370297908782959, 2238
0.7370297908782959, 2237
0.8048474788665771, 2236
0.8327419757843018, 2235
0.907541036605835, 2234
0.9175152778625488, 2233
0.9803471565246582, 2232
0.9943408966064453, 2231
1.1648845672607422, 2230
1.2227303981781006, 2229
1.237659215927124, 2228
1.2436420917510986, 2227
1.2925434112548828, 2226
1.3972322940826416, 2225
1.4550776481628418, 2224
1.5219261646270752, 2223
1.5688045024871826, 2222
1.90889573097229, 2221
1.9756839275360107, 2220
2.1841282844543457, 2219
2.3038415908813477, 2218
2.360687732696533, 2217
2.4464573860168457, 2216
2.452410936355591, 2215
2.487316370010376, 2214
2.6508800983428955, 2213
2.8154385089874268, 2212
3.0568268299102783, 2211
3.178469181060791, 2210
3.5365118980407715, 2209
3.894554376602173, 2208
3.979327917098999, 2207
5.806441783905029, 2206
9.49358081817627, 2205
27.815155029296875, 2204
