0.02493119239807129, 3721
0.025928974151611328, 3720
0.029918193817138672, 3719
0.03191256523132324, 3718
0.03191256523132324, 3717
0.03191256523132324, 3716
0.03291010856628418, 3715
0.03291010856628418, 3714
0.03291010856628418, 3713
0.033907413482666016, 3712
0.033907413482666016, 3711
0.033907413482666016, 3710
0.033907413482666016, 3709
0.03490471839904785, 3708
0.03490471839904785, 3707
0.03490471839904785, 3706
0.03490471839904785, 3705
0.03590226173400879, 3704
0.03590226173400879, 3703
0.036901235580444336, 3702
0.036901235580444336, 3701
0.036901235580444336, 3700
0.03789877891540527, 3699
0.03789877891540527, 3698
0.039893150329589844, 3697
0.039893150329589844, 3696
0.039893150329589844, 3695
0.039893150329589844, 3694
0.039893150329589844, 3693
0.04089021682739258, 3692
0.041887760162353516, 3691
0.041887760162353516, 3690
0.04288530349731445, 3689
0.04288530349731445, 3688
0.04288530349731445, 3687
0.04388236999511719, 3686
0.04388236999511719, 3685
0.044879913330078125, 3684
0.044879913330078125, 3683
0.04587721824645996, 3682
0.046874284744262695, 3681
0.046874284744262695, 3680
0.04787158966064453, 3679
0.04787158966064453, 3678
0.04886889457702637, 3677
0.049866437911987305, 3676
0.05086350440979004, 3675
0.05485343933105469, 3674
0.05585050582885742, 3673
0.05585050582885742, 3672
0.05684781074523926, 3671
0.057845354080200195, 3670
0.05884242057800293, 3669
0.059839487075805664, 3668
0.0608372688293457, 3667
0.06183457374572754, 3666
0.06283164024353027, 3665
0.06582403182983398, 3664
0.06682085990905762, 3663
0.06881594657897949, 3662
0.06981325149536133, 3661
0.06981325149536133, 3660
0.07081055641174316, 3659
0.0718073844909668, 3658
0.0718073844909668, 3657
0.07280492782592773, 3656
0.07579779624938965, 3655
0.07679462432861328, 3654
0.07679462432861328, 3653
0.07779169082641602, 3652
0.07779169082641602, 3651
0.07878875732421875, 3650
0.07878875732421875, 3649
0.07878875732421875, 3648
0.07978653907775879, 3647
0.07978653907775879, 3646
0.08078360557556152, 3645
0.08078360557556152, 3644
0.08078360557556152, 3643
0.08178091049194336, 3642
0.08477258682250977, 3641
0.08477258682250977, 3640
0.0857694149017334, 3639
0.0857694149017334, 3638
0.0857694149017334, 3637
0.0857694149017334, 3636
0.08676671981811523, 3635
0.08676671981811523, 3634
0.08676671981811523, 3633
0.08676671981811523, 3632
0.08776402473449707, 3631
0.08776402473449707, 3630
0.08776402473449707, 3629
0.08876180648803711, 3628
0.08876180648803711, 3627
0.08876180648803711, 3626
0.08876180648803711, 3625
0.08975768089294434, 3624
0.08975768089294434, 3623
0.08975768089294434, 3622
0.09075713157653809, 3621
0.09175348281860352, 3620
0.09275078773498535, 3619
0.09275078773498535, 3618
0.09275078773498535, 3617
0.09374809265136719, 3616
0.09474539756774902, 3615
0.09574270248413086, 3614
0.09574270248413086, 3613
0.09574270248413086, 3612
0.0967400074005127, 3611
0.0967400074005127, 3610
0.0967400074005127, 3609
0.09773755073547363, 3608
0.09873485565185547, 3607
0.09873485565185547, 3606
0.09873485565185547, 3605
0.09973263740539551, 3604
0.09973263740539551, 3603
0.09973263740539551, 3602
0.10072970390319824, 3601
0.10172700881958008, 3600
0.10471940040588379, 3599
0.10471940040588379, 3598
0.10471940040588379, 3597
0.10471940040588379, 3596
0.10571670532226562, 3595
0.10571670532226562, 3594
0.10571670532226562, 3593
0.10571670532226562, 3592
0.10571670532226562, 3591
0.10671353340148926, 3590
0.10671353340148926, 3589
0.10771059989929199, 3588
0.10771059989929199, 3587
0.10771059989929199, 3586
0.10970544815063477, 3585
0.10970544815063477, 3584
0.10970544815063477, 3583
0.10970544815063477, 3582
0.10970544815063477, 3581
0.1107027530670166, 3580
0.11169981956481934, 3579
0.11169981956481934, 3578
0.11169981956481934, 3577
0.11169981956481934, 3576
0.11269760131835938, 3575
0.11269760131835938, 3574
0.11269760131835938, 3573
0.11269760131835938, 3572
0.11369490623474121, 3571
0.11369490623474121, 3570
0.11369490623474121, 3569
0.11469197273254395, 3568
0.11469197273254395, 3567
0.11469197273254395, 3566
0.11568999290466309, 3565
0.11568999290466309, 3564
0.11668705940246582, 3563
0.11768412590026855, 3562
0.11768412590026855, 3561
0.11768412590026855, 3560
0.11768412590026855, 3559
0.11868119239807129, 3558
0.11868119239807129, 3557
0.11868119239807129, 3556
0.11868119239807129, 3555
0.12067604064941406, 3554
0.12067604064941406, 3553
0.12067604064941406, 3552
0.12067604064941406, 3551
0.12067604064941406, 3550
0.1216733455657959, 3549
0.1216733455657959, 3548
0.1216733455657959, 3547
0.12267136573791504, 3546
0.12267136573791504, 3545
0.12267136573791504, 3544
0.12267136573791504, 3543
0.12366843223571777, 3542
0.12466573715209961, 3541
0.12466573715209961, 3540
0.12466573715209961, 3539
0.12566304206848145, 3538
0.12566304206848145, 3537
0.12666010856628418, 3536
0.12666010856628418, 3535
0.12666010856628418, 3534
0.12765741348266602, 3533
0.12765741348266602, 3532
0.12765741348266602, 3531
0.13064956665039062, 3530
0.13064956665039062, 3529
0.13064956665039062, 3528
0.13064956665039062, 3527
0.13064956665039062, 3526
0.13164663314819336, 3525
0.1326446533203125, 3524
0.13364171981811523, 3523
0.13364171981811523, 3522
0.13364171981811523, 3521
0.13364171981811523, 3520
0.13364171981811523, 3519
0.13463878631591797, 3518
0.13463878631591797, 3517
0.13463878631591797, 3516
0.13463878631591797, 3515
0.1356360912322998, 3514
0.1356360912322998, 3513
0.1356360912322998, 3512
0.13663339614868164, 3511
0.13663339614868164, 3510
0.13663339614868164, 3509
0.13663339614868164, 3508
0.13663339614868164, 3507
0.13763070106506348, 3506
0.13962554931640625, 3505
0.13962554931640625, 3504
0.13962554931640625, 3503
0.13962554931640625, 3502
0.14464354515075684, 3501
0.14464354515075684, 3500
0.14464354515075684, 3499
0.14464354515075684, 3498
0.14564085006713867, 3497
0.14564085006713867, 3496
0.1466073989868164, 3495
0.14860105514526367, 3494
0.14860105514526367, 3493
0.15059518814086914, 3492
0.15059518814086914, 3491
0.15159273147583008, 3490
0.15159273147583008, 3489
0.15159273147583008, 3488
0.15259003639221191, 3487
0.15259003639221191, 3486
0.15259003639221191, 3485
0.15259003639221191, 3484
0.15358734130859375, 3483
0.1545848846435547, 3482
0.1545848846435547, 3481
0.15558218955993652, 3480
0.15558218955993652, 3479
0.15558218955993652, 3478
0.15558218955993652, 3477
0.15558218955993652, 3476
0.15657949447631836, 3475
0.15657949447631836, 3474
0.1575765609741211, 3473
0.15857410430908203, 3472
0.15957140922546387, 3471
0.15957140922546387, 3470
0.1605687141418457, 3469
0.1605687141418457, 3468
0.16156625747680664, 3467
0.16156625747680664, 3466
0.16256332397460938, 3465
0.16256332397460938, 3464
0.1635606288909912, 3463
0.16455864906311035, 3462
0.16555547714233398, 3461
0.16754984855651855, 3460
0.16754984855651855, 3459
0.16754984855651855, 3458
0.16754984855651855, 3457
0.16754984855651855, 3456
0.1685473918914795, 3455
0.1685473918914795, 3454
0.1685473918914795, 3453
0.16954469680786133, 3452
0.17054200172424316, 3451
0.17054200172424316, 3450
0.171539306640625, 3449
0.171539306640625, 3448
0.171539306640625, 3447
0.17253684997558594, 3446
0.17253684997558594, 3445
0.17253684997558594, 3444
0.17253684997558594, 3443
0.17253684997558594, 3442
0.17353415489196777, 3441
0.17353415489196777, 3440
0.17353415489196777, 3439
0.1745312213897705, 3438
0.1745312213897705, 3437
0.1745312213897705, 3436
0.17552876472473145, 3435
0.17552876472473145, 3434
0.17552876472473145, 3433
0.17652606964111328, 3432
0.17652606964111328, 3431
0.17652606964111328, 3430
0.17652606964111328, 3429
0.17752337455749512, 3428
0.17752337455749512, 3427
0.17752337455749512, 3426
0.17752337455749512, 3425
0.17752337455749512, 3424
0.17852067947387695, 3423
0.17852067947387695, 3422
0.17852067947387695, 3421
0.18154263496398926, 3420
0.18154263496398926, 3419
0.1825425624847412, 3418
0.1825425624847412, 3417
0.1825425624847412, 3416
0.1825425624847412, 3415
0.18350839614868164, 3414
0.18350839614868164, 3413
0.18350839614868164, 3412
0.18350839614868164, 3411
0.18453693389892578, 3410
0.18453693389892578, 3409
0.18453693389892578, 3408
0.18453693389892578, 3407
0.18553447723388672, 3406
0.18650078773498535, 3405
0.18650078773498535, 3404
0.1875290870666504, 3403
0.1875290870666504, 3402
0.1875290870666504, 3401
0.1875290870666504, 3400
0.1875290870666504, 3399
0.1875290870666504, 3398
0.18952345848083496, 3397
0.1905214786529541, 3396
0.1905214786529541, 3395
0.1905214786529541, 3394
0.19152164459228516, 3393
0.19152164459228516, 3392
0.19152164459228516, 3391
0.19152164459228516, 3390
0.19152164459228516, 3389
0.19251585006713867, 3388
0.19251585006713867, 3387
0.19251585006713867, 3386
0.19251585006713867, 3385
0.19251585006713867, 3384
0.19251585006713867, 3383
0.19351434707641602, 3382
0.19451022148132324, 3381
0.19451022148132324, 3380
0.19451022148132324, 3379
0.19550824165344238, 3378
0.19550824165344238, 3377
0.19550824165344238, 3376
0.19550824165344238, 3375
0.19550824165344238, 3374
0.19650483131408691, 3373
0.19650483131408691, 3372
0.19650483131408691, 3371
0.19650483131408691, 3370
0.19650483131408691, 3369
0.19849944114685059, 3368
0.19849944114685059, 3367
0.20049405097961426, 3366
0.2014920711517334, 3365
0.2014920711517334, 3364
0.2014920711517334, 3363
0.20249152183532715, 3362
0.20249152183532715, 3361
0.20249152183532715, 3360
0.20348644256591797, 3359
0.20348644256591797, 3358
0.20348644256591797, 3357
0.20348644256591797, 3356
0.2044839859008789, 3355
0.2044839859008789, 3354
0.20545005798339844, 3353
0.20545005798339844, 3352
0.20545005798339844, 3351
0.20647931098937988, 3350
0.20647931098937988, 3349
0.20647931098937988, 3348
0.20647931098937988, 3347
0.20747590065002441, 3346
0.20747590065002441, 3345
0.20747590065002441, 3344
0.2094740867614746, 3343
0.21047067642211914, 3342
0.21047067642211914, 3341
0.21047067642211914, 3340
0.21047067642211914, 3339
0.212907075881958, 3338
0.21342849731445312, 3337
0.21342849731445312, 3336
0.2154557704925537, 3335
0.21744918823242188, 3334
0.2184464931488037, 3333
0.2184464931488037, 3332
0.21944427490234375, 3331
0.21944427490234375, 3330
0.22044134140014648, 3329
0.221435546875, 3328
0.22243547439575195, 3327
0.2264249324798584, 3326
0.2264249324798584, 3325
0.2264249324798584, 3324
0.22742223739624023, 3323
0.22841954231262207, 3322
0.2294149398803711, 3321
0.2294149398803711, 3320
0.2294149398803711, 3319
0.2294149398803711, 3318
0.23041439056396484, 3317
0.23041439056396484, 3316
0.23041439056396484, 3315
0.23241400718688965, 3314
0.23340606689453125, 3313
0.23340606689453125, 3312
0.23540139198303223, 3311
0.23540139198303223, 3310
0.23540139198303223, 3309
0.23540139198303223, 3308
0.23639845848083496, 3307
0.23639845848083496, 3306
0.23739337921142578, 3305
0.23739337921142578, 3304
0.2383894920349121, 3303
0.2383894920349121, 3302
0.23939085006713867, 3301
0.2403879165649414, 3300
0.2403879165649414, 3299
0.2403879165649414, 3298
0.2403879165649414, 3297
0.24138498306274414, 3296
0.24138498306274414, 3295
0.24138498306274414, 3294
0.24238252639770508, 3293
0.24238252639770508, 3292
0.24238252639770508, 3291
0.24238252639770508, 3290
0.2433483600616455, 3289
0.2433483600616455, 3288
0.2433483600616455, 3287
0.24437785148620605, 3286
0.24437785148620605, 3285
0.24437785148620605, 3284
0.24437785148620605, 3283
0.24537253379821777, 3282
0.24537253379821777, 3281
0.24637198448181152, 3280
0.24736857414245605, 3279
0.2483663558959961, 3278
0.24936413764953613, 3277
0.24936413764953613, 3276
0.24936413764953613, 3275
0.2513597011566162, 3274
0.25235557556152344, 3273
0.25235557556152344, 3272
0.25235557556152344, 3271
0.25235557556152344, 3270
0.25335025787353516, 3269
0.25335025787353516, 3268
0.25335025787353516, 3267
0.2543501853942871, 3266
0.2543501853942871, 3265
0.2543501853942871, 3264
0.25531649589538574, 3263
0.25531649589538574, 3262
0.2563498020172119, 3261
0.2563498020172119, 3260
0.2563498020172119, 3259
0.2563498020172119, 3258
0.2573432922363281, 3257
0.2573432922363281, 3256
0.2573432922363281, 3255
0.2573432922363281, 3254
0.2593371868133545, 3253
0.2593371868133545, 3252
0.2593371868133545, 3251
0.2593371868133545, 3250
0.26033449172973633, 3249
0.26033449172973633, 3248
0.26033449172973633, 3247
0.26033449172973633, 3246
0.26133131980895996, 3245
0.26133131980895996, 3244
0.26133131980895996, 3243
0.2623291015625, 3242
0.2623291015625, 3241
0.2623291015625, 3240
0.2623291015625, 3239
0.26332616806030273, 3238
0.26332616806030273, 3237
0.26332616806030273, 3236
0.26332616806030273, 3235
0.26332616806030273, 3234
0.26432371139526367, 3233
0.26432371139526367, 3232
0.26432371139526367, 3231
0.26930761337280273, 3230
0.26930761337280273, 3229
0.26930761337280273, 3228
0.26930761337280273, 3227
0.26930761337280273, 3226
0.2703080177307129, 3225
0.2703080177307129, 3224
0.2703080177307129, 3223
0.2703080177307129, 3222
0.27130579948425293, 3221
0.27230262756347656, 3220
0.27426576614379883, 3219
0.27426576614379883, 3218
0.27426576614379883, 3217
0.27426576614379883, 3216
0.27529454231262207, 3215
0.2772865295410156, 3214
0.2772865295410156, 3213
0.2782864570617676, 3212
0.2792840003967285, 3211
0.2792840003967285, 3210
0.2792840003967285, 3209
0.2792840003967285, 3208
0.2792840003967285, 3207
0.281278133392334, 3206
0.281278133392334, 3205
0.281278133392334, 3204
0.28227853775024414, 3203
0.28327322006225586, 3202
0.28327322006225586, 3201
0.28327322006225586, 3200
0.28327322006225586, 3199
0.28327322006225586, 3198
0.2842717170715332, 3197
0.2842717170715332, 3196
0.2852649688720703, 3195
0.2852649688720703, 3194
0.28826475143432617, 3193
0.28826475143432617, 3192
0.28826475143432617, 3191
0.28826475143432617, 3190
0.28826475143432617, 3189
0.28826475143432617, 3188
0.289257287979126, 3187
0.289257287979126, 3186
0.289257287979126, 3185
0.289257287979126, 3184
0.289257287979126, 3183
0.29025697708129883, 3182
0.29025697708129883, 3181
0.29025697708129883, 3180
0.29125142097473145, 3179
0.29125142097473145, 3178
0.29125142097473145, 3177
0.29125142097473145, 3176
0.29125142097473145, 3175
0.29125142097473145, 3174
0.2922489643096924, 3173
0.2922489643096924, 3172
0.2932438850402832, 3171
0.2932438850402832, 3170
0.2932438850402832, 3169
0.29424381256103516, 3168
0.29424381256103516, 3167
0.29424381256103516, 3166
0.29424381256103516, 3165
0.2952408790588379, 3164
0.2952408790588379, 3163
0.2952408790588379, 3162
0.2962381839752197, 3161
0.2962381839752197, 3160
0.2962381839752197, 3159
0.29723668098449707, 3158
0.2982330322265625, 3157
0.29923033714294434, 3156
0.29923033714294434, 3155
0.29923033714294434, 3154
0.29923033714294434, 3153
0.29923033714294434, 3152
0.3002278804779053, 3151
0.3012223243713379, 3150
0.3012223243713379, 3149
0.30222272872924805, 3148
0.3032195568084717, 3147
0.3032195568084717, 3146
0.3032195568084717, 3145
0.3032195568084717, 3144
0.3032195568084717, 3143
0.3032195568084717, 3142
0.3042171001434326, 3141
0.30518245697021484, 3140
0.30518245697021484, 3139
0.30518245697021484, 3138
0.30518245697021484, 3137
0.30518245697021484, 3136
0.3062155246734619, 3135
0.3062155246734619, 3134
0.3062155246734619, 3133
0.3072090148925781, 3132
0.30820727348327637, 3131
0.30820727348327637, 3130
0.30820727348327637, 3129
0.30820727348327637, 3128
0.3092021942138672, 3127
0.31017065048217773, 3126
0.31017065048217773, 3125
0.31017065048217773, 3124
0.31220078468322754, 3123
0.31220078468322754, 3122
0.31220078468322754, 3121
0.31220078468322754, 3120
0.31319308280944824, 3119
0.31319308280944824, 3118
0.3141937255859375, 3117
0.3141937255859375, 3116
0.3141937255859375, 3115
0.3141937255859375, 3114
0.3141937255859375, 3113
0.31618547439575195, 3112
0.31618547439575195, 3111
0.3171825408935547, 3110
0.3181796073913574, 3109
0.31917762756347656, 3108
0.3221724033355713, 3107
0.3221724033355713, 3106
0.3231663703918457, 3105
0.3231663703918457, 3104
0.32416391372680664, 3103
0.32416391372680664, 3102
0.32416391372680664, 3101
0.32915210723876953, 3100
0.33014750480651855, 3099
0.33014750480651855, 3098
0.33014750480651855, 3097
0.3311457633972168, 3096
0.3311457633972168, 3095
0.33313846588134766, 3094
0.33313846588134766, 3093
0.3391251564025879, 3092
0.3401215076446533, 3091
0.3401215076446533, 3090
0.3401215076446533, 3089
0.3401215076446533, 3088
0.34411001205444336, 3087
0.3451073169708252, 3086
0.3451073169708252, 3085
0.3451073169708252, 3084
0.34610891342163086, 3083
0.34610891342163086, 3082
0.34710264205932617, 3081
0.34710264205932617, 3080
0.34710264205932617, 3079
0.3480997085571289, 3078
0.3480997085571289, 3077
0.3500955104827881, 3076
0.35208868980407715, 3075
0.35208868980407715, 3074
0.3530874252319336, 3073
0.3530874252319336, 3072
0.35408639907836914, 3071
0.35408639907836914, 3070
0.35408639907836914, 3069
0.35408639907836914, 3068
0.35408639907836914, 3067
0.35504865646362305, 3066
0.35504865646362305, 3065
0.35504865646362305, 3064
0.3570728302001953, 3063
0.36305975914001465, 3062
0.36305975914001465, 3061
0.36305975914001465, 3060
0.36305975914001465, 3059
0.36305975914001465, 3058
0.3640570640563965, 3057
0.3640570640563965, 3056
0.3640570640563965, 3055
0.3640570640563965, 3054
0.3640570640563965, 3053
0.3650522232055664, 3052
0.3650522232055664, 3051
0.36605143547058105, 3050
0.36605143547058105, 3049
0.36605143547058105, 3048
0.36605143547058105, 3047
0.36605143547058105, 3046
0.367048978805542, 3045
0.36805152893066406, 3044
0.37103819847106934, 3043
0.3760249614715576, 3042
0.3760249614715576, 3041
0.3760249614715576, 3040
0.381009578704834, 3039
0.38300633430480957, 3038
0.38300633430480957, 3037
0.38300633430480957, 3036
0.38300633430480957, 3035
0.38300633430480957, 3034
0.38544583320617676, 3033
0.38599634170532227, 3032
0.3869905471801758, 3031
0.38796114921569824, 3030
0.38796114921569824, 3029
0.38796114921569824, 3028
0.38796114921569824, 3027
0.388958215713501, 3026
0.388958215713501, 3025
0.3899552822113037, 3024
0.3899552822113037, 3023
0.39394450187683105, 3022
0.39394450187683105, 3021
0.39394450187683105, 3020
0.39394450187683105, 3019
0.39394450187683105, 3018
0.3949418067932129, 3017
0.3979339599609375, 3016
0.40395021438598633, 3015
0.40395021438598633, 3014
0.40395021438598633, 3013
0.40494561195373535, 3012
0.40494561195373535, 3011
0.40494561195373535, 3010
0.40494561195373535, 3009
0.40494561195373535, 3008
0.40594482421875, 3007
0.40594482421875, 3006
0.40594482421875, 3005
0.40594482421875, 3004
0.40694212913513184, 3003
0.40793943405151367, 3002
0.40793943405151367, 3001
0.40793943405151367, 3000
0.40793943405151367, 2999
0.40793943405151367, 2998
0.4089369773864746, 2997
0.4089369773864746, 2996
0.4109313488006592, 2995
0.4109313488006592, 2994
0.41492152214050293, 2993
0.41492152214050293, 2992
0.41591835021972656, 2991
0.4169158935546875, 2990
0.4169158935546875, 2989
0.4179205894470215, 2988
0.4199075698852539, 2987
0.4209022521972656, 2986
0.4209022521972656, 2985
0.4218733310699463, 2984
0.4218733310699463, 2983
0.4248950481414795, 2982
0.4248950481414795, 2981
0.4248950481414795, 2980
0.4248950481414795, 2979
0.42589426040649414, 2978
0.42589426040649414, 2977
0.42589426040649414, 2976
0.42589426040649414, 2975
0.42685770988464355, 2974
0.42685770988464355, 2973
0.42685770988464355, 2972
0.42685770988464355, 2971
0.42685770988464355, 2970
0.427886962890625, 2969
0.427886962890625, 2968
0.4288818836212158, 2967
0.42988109588623047, 2966
0.42988109588623047, 2965
0.42988109588623047, 2964
0.43187546730041504, 2963
0.43187546730041504, 2962
0.43187546730041504, 2961
0.43187546730041504, 2960
0.4328737258911133, 2959
0.4328737258911133, 2958
0.4358646869659424, 2957
0.4358646869659424, 2956
0.4368605613708496, 2955
0.43785977363586426, 2954
0.4388580322265625, 2953
0.4388580322265625, 2952
0.43985438346862793, 2951
0.44081950187683105, 2950
0.44081950187683105, 2949
0.4418165683746338, 2948
0.44381093978881836, 2947
0.44381093978881836, 2946
0.44381093978881836, 2945
0.44381093978881836, 2944
0.4448087215423584, 2943
0.4448087215423584, 2942
0.44580602645874023, 2941
0.44580602645874023, 2940
0.4468050003051758, 2939
0.4468050003051758, 2938
0.44879937171936035, 2937
0.44879937171936035, 2936
0.4497969150543213, 2935
0.4497969150543213, 2934
0.4507942199707031, 2933
0.4507942199707031, 2932
0.4507942199707031, 2931
0.45179128646850586, 2930
0.45179128646850586, 2929
0.45179128646850586, 2928
0.4527890682220459, 2927
0.4527890682220459, 2926
0.45378613471984863, 2925
0.45378613471984863, 2924
0.45478343963623047, 2923
0.4557812213897705, 2922
0.4557812213897705, 2921
0.45677828788757324, 2920
0.4577758312225342, 2919
0.4577758312225342, 2918
0.4577758312225342, 2917
0.458773136138916, 2916
0.458773136138916, 2915
0.458773136138916, 2914
0.45977044105529785, 2913
0.4607677459716797, 2912
0.4617652893066406, 2911
0.4617652893066406, 2910
0.46276211738586426, 2909
0.4637596607208252, 2908
0.4637596607208252, 2907
0.46475696563720703, 2906
0.46475696563720703, 2905
0.4667513370513916, 2904
0.46774888038635254, 2903
0.46774888038635254, 2902
0.46774888038635254, 2901
0.4687464237213135, 2900
0.4697432518005371, 2899
0.47074103355407715, 2898
0.47074103355407715, 2897
0.471738338470459, 2896
0.47373318672180176, 2895
0.47373318672180176, 2894
0.4747304916381836, 2893
0.4747304916381836, 2892
0.4757273197174072, 2891
0.4757273197174072, 2890
0.4757273197174072, 2889
0.47672510147094727, 2888
0.47672510147094727, 2887
0.4777224063873291, 2886
0.4777224063873291, 2885
0.4777224063873291, 2884
0.47871947288513184, 2883
0.47971677780151367, 2882
0.47971677780151367, 2881
0.47971677780151367, 2880
0.4807143211364746, 2879
0.48171138763427734, 2878
0.4827089309692383, 2877
0.4827089309692383, 2876
0.4827089309692383, 2875
0.483705997467041, 2874
0.483705997467041, 2873
0.48769569396972656, 2872
0.48769569396972656, 2871
0.48769569396972656, 2870
0.4886929988861084, 2869
0.48969006538391113, 2868
0.49268245697021484, 2867
0.49268245697021484, 2866
0.49567437171936035, 2865
0.4966716766357422, 2864
0.4976687431335449, 2863
0.49866652488708496, 2862
0.49866652488708496, 2861
0.4996633529663086, 2860
0.4996633529663086, 2859
0.503652811050415, 2858
0.5056476593017578, 2857
0.5056476593017578, 2856
0.5066452026367188, 2855
0.5076420307159424, 2854
0.5096373558044434, 2853
0.5116317272186279, 2852
0.5116317272186279, 2851
0.5116317272186279, 2850
0.5136260986328125, 2849
0.5136260986328125, 2848
0.5146234035491943, 2847
0.5166184902191162, 2846
0.5166184902191162, 2845
0.517615556716919, 2844
0.517615556716919, 2843
0.5206079483032227, 2842
0.5206079483032227, 2841
0.5216031074523926, 2840
0.5216031074523926, 2839
0.5226023197174072, 2838
0.5226023197174072, 2837
0.5226023197174072, 2836
0.52359938621521, 2835
0.52359938621521, 2834
0.5245969295501709, 2833
0.5245969295501709, 2832
0.5245969295501709, 2831
0.5255942344665527, 2830
0.5285861492156982, 2829
0.5295836925506592, 2828
0.5295836925506592, 2827
0.5295836925506592, 2826
0.5315780639648438, 2825
0.5315780639648438, 2824
0.5325753688812256, 2823
0.5325753688812256, 2822
0.5325753688812256, 2821
0.5345702171325684, 2820
0.5345702171325684, 2819
0.5355672836303711, 2818
0.5355672836303711, 2817
0.5355672836303711, 2816
0.5365650653839111, 2815
0.5395567417144775, 2814
0.5415518283843994, 2813
0.5425488948822021, 2812
0.5425488948822021, 2811
0.5435457229614258, 2810
0.5445435047149658, 2809
0.5445435047149658, 2808
0.5445435047149658, 2807
0.5455408096313477, 2806
0.5465381145477295, 2805
0.5465381145477295, 2804
0.5475354194641113, 2803
0.5475354194641113, 2802
0.549530029296875, 2801
0.549530029296875, 2800
0.549530029296875, 2799
0.549530029296875, 2798
0.557509183883667, 2797
0.557509183883667, 2796
0.557509183883667, 2795
0.5585062503814697, 2794
0.5585062503814697, 2793
0.5605008602142334, 2792
0.5605008602142334, 2791
0.5664846897125244, 2790
0.569476842880249, 2789
0.569476842880249, 2788
0.5774552822113037, 2787
0.5784525871276855, 2786
0.5784525871276855, 2785
0.5794501304626465, 2784
0.5804479122161865, 2783
0.5814449787139893, 2782
0.5824422836303711, 2781
0.5834393501281738, 2780
0.5854344367980957, 2779
0.5864315032958984, 2778
0.5874288082122803, 2777
0.5874288082122803, 2776
0.5884261131286621, 2775
0.5894238948822021, 2774
0.5904214382171631, 2773
0.5914182662963867, 2772
0.5944099426269531, 2771
0.596405029296875, 2770
0.5974020957946777, 2769
0.5983994007110596, 2768
0.602388858795166, 2767
0.6033861637115479, 2766
0.6043837070465088, 2765
0.6073753833770752, 2764
0.615354061126709, 2763
0.6163516044616699, 2762
0.6173489093780518, 2761
0.6183462142944336, 2760
0.6183462142944336, 2759
0.6193435192108154, 2758
0.6193435192108154, 2757
0.6203405857086182, 2756
0.6203405857086182, 2755
0.6223354339599609, 2754
0.6223354339599609, 2753
0.6223354339599609, 2752
0.6233327388763428, 2751
0.6233327388763428, 2750
0.6243300437927246, 2749
0.6253273487091064, 2748
0.6263248920440674, 2747
0.6273219585418701, 2746
0.6273219585418701, 2745
0.628319501876831, 2744
0.629317045211792, 2743
0.629317045211792, 2742
0.629317045211792, 2741
0.6303138732910156, 2740
0.6303138732910156, 2739
0.6313114166259766, 2738
0.6323087215423584, 2737
0.6323087215423584, 2736
0.6333062648773193, 2735
0.6343035697937012, 2734
0.6353011131286621, 2733
0.636298418045044, 2732
0.636298418045044, 2731
0.6372954845428467, 2730
0.6382927894592285, 2729
0.6392900943756104, 2728
0.6422820091247559, 2727
0.6422820091247559, 2726
0.6422820091247559, 2725
0.6442766189575195, 2724
0.6462714672088623, 2723
0.6462714672088623, 2722
0.6502606868743896, 2721
0.6512582302093506, 2720
0.6522555351257324, 2719
0.6522555351257324, 2718
0.6522555351257324, 2717
0.6542501449584961, 2716
0.6552472114562988, 2715
0.6552472114562988, 2714
0.6552472114562988, 2713
0.656245231628418, 2712
0.656245231628418, 2711
0.6572420597076416, 2710
0.6572420597076416, 2709
0.6582393646240234, 2708
0.6592369079589844, 2707
0.6642234325408936, 2706
0.6642234325408936, 2705
0.6652617454528809, 2704
0.6662182807922363, 2703
0.6672160625457764, 2702
0.6692104339599609, 2701
0.6692104339599609, 2700
0.6712048053741455, 2699
0.6712048053741455, 2698
0.6722018718719482, 2697
0.6731996536254883, 2696
0.6731996536254883, 2695
0.674196720123291, 2694
0.674196720123291, 2693
0.6751937866210938, 2692
0.6771888732910156, 2691
0.6771888732910156, 2690
0.6781861782073975, 2689
0.6781861782073975, 2688
0.6781861782073975, 2687
0.6791832447052002, 2686
0.6791832447052002, 2685
0.6801807880401611, 2684
0.6811778545379639, 2683
0.6821753978729248, 2682
0.6831731796264648, 2681
0.6831731796264648, 2680
0.6841700077056885, 2679
0.6841700077056885, 2678
0.6861648559570312, 2677
0.6861648559570312, 2676
0.6871621608734131, 2675
0.6881594657897949, 2674
0.6891567707061768, 2673
0.6901543140411377, 2672
0.6901543140411377, 2671
0.6901543140411377, 2670
0.6911513805389404, 2669
0.6911513805389404, 2668
0.6921486854553223, 2667
0.6921486854553223, 2666
0.6921486854553223, 2665
0.6931459903717041, 2664
0.694143533706665, 2663
0.694143533706665, 2662
0.694143533706665, 2661
0.6951406002044678, 2660
0.6951406002044678, 2659
0.6951406002044678, 2658
0.6991298198699951, 2657
0.7101006507873535, 2656
0.7180795669555664, 2655
0.7240629196166992, 2654
0.7250609397888184, 2653
0.7270553112030029, 2652
0.7270553112030029, 2651
0.7938766479492188, 2650
0.8088364601135254, 2649
0.8098342418670654, 2648
0.8138234615325928, 2647
0.8148205280303955, 2646
0.8208050727844238, 2645
0.8208050727844238, 2644
0.8227996826171875, 2643
0.8237953186035156, 2642
0.8257920742034912, 2641
0.8297803401947021, 2640
0.8497271537780762, 2639
0.8646881580352783, 2638
0.8756582736968994, 2637
0.884634256362915, 2636
0.8926124572753906, 2635
0.8936100006103516, 2634
0.8985967636108398, 2633
0.9015889167785645, 2632
0.9015889167785645, 2631
0.9015889167785645, 2630
0.9025857448577881, 2629
0.910564661026001, 2628
0.910564661026001, 2627
0.9135551452636719, 2626
0.9135551452636719, 2625
0.926520586013794, 2624
0.9285171031951904, 2623
0.9325366020202637, 2622
0.9335341453552246, 2621
0.9355289936065674, 2620
0.9365289211273193, 2619
0.9384896755218506, 2618
0.9405150413513184, 2617
0.9405150413513184, 2616
0.9415125846862793, 2615
0.945502519607544, 2614
0.945502519607544, 2613
0.945502519607544, 2612
0.9484951496124268, 2611
0.9504885673522949, 2610
0.9524829387664795, 2609
0.9594645500183105, 2608
0.9804084300994873, 2607
0.9804084300994873, 2606
0.9853641986846924, 2605
0.9853641986846924, 2604
0.9853641986846924, 2603
0.9893848896026611, 2602
0.9893848896026611, 2601
0.9943716526031494, 2600
1.002350091934204, 2599
1.002350091934204, 2598
1.002350091934204, 2597
1.0053420066833496, 2596
1.0053420066833496, 2595
1.0073368549346924, 2594
1.0073368549346924, 2593
1.0183086395263672, 2592
1.0183086395263672, 2591
1.0183086395263672, 2590
1.0222969055175781, 2589
1.0222969055175781, 2588
1.0232946872711182, 2587
1.0462324619293213, 2586
1.0562057495117188, 2585
1.0562057495117188, 2584
1.0562057495117188, 2583
1.0582010746002197, 2582
1.0611934661865234, 2581
1.0661790370941162, 2580
1.0671741962432861, 2579
1.0671741962432861, 2578
1.0701682567596436, 2577
1.0781469345092773, 2576
1.105043888092041, 2575
1.1080706119537354, 2574
1.1090648174285889, 2573
1.1100666522979736, 2572
1.1120593547821045, 2571
1.114051342010498, 2570
1.117044448852539, 2569
1.1200425624847412, 2568
1.12103271484375, 2567
1.122030258178711, 2566
1.1310036182403564, 2565
1.1310036182403564, 2564
1.1509525775909424, 2563
1.1619229316711426, 2562
1.1629226207733154, 2561
1.1639177799224854, 2560
1.1958014965057373, 2559
1.1988258361816406, 2558
1.2028121948242188, 2557
1.2028121948242188, 2556
1.2028121948242188, 2555
1.205806016921997, 2554
1.2257535457611084, 2553
1.2257535457611084, 2552
1.2267487049102783, 2551
1.2377204895019531, 2550
1.2377204895019531, 2549
1.2377204895019531, 2548
1.2387185096740723, 2547
1.240713119506836, 2546
1.2437055110931396, 2545
1.2437055110931396, 2544
1.2447021007537842, 2543
1.2566704750061035, 2542
1.259662389755249, 2541
1.2606291770935059, 2540
1.2606291770935059, 2539
1.2666118144989014, 2538
1.2676100730895996, 2537
1.2676100730895996, 2536
1.2686381340026855, 2535
1.273592233657837, 2534
1.2806072235107422, 2533
1.2865900993347168, 2532
1.303544521331787, 2531
1.3065345287322998, 2530
1.3075339794158936, 2529
1.3095285892486572, 2528
1.3284780979156494, 2527
1.3384490013122559, 2526
1.344435453414917, 2525
1.3454012870788574, 2524
1.364349603652954, 2523
1.365347146987915, 2522
1.3663444519042969, 2521
1.3803069591522217, 2520
1.3992564678192139, 2519
1.404242992401123, 2518
1.405240535736084, 2517
1.405240535736084, 2516
1.4062376022338867, 2515
1.4062376022338867, 2514
1.4082658290863037, 2513
1.4102632999420166, 2512
1.413255214691162, 2511
1.4212381839752197, 2510
1.4212381839752197, 2509
1.428215503692627, 2508
1.428215503692627, 2507
1.4302105903625488, 2506
1.4441735744476318, 2505
1.453150987625122, 2504
1.4541499614715576, 2503
1.4820728302001953, 2502
1.5089995861053467, 2501
1.53493070602417, 2500
1.5409152507781982, 2499
1.5548789501190186, 2498
1.5618581771850586, 2497
1.5648505687713623, 2496
1.5648505687713623, 2495
1.5688395500183105, 2494
1.572829008102417, 2493
1.5768182277679443, 2492
1.578812837600708, 2491
1.5838003158569336, 2490
1.5838003158569336, 2489
1.5887866020202637, 2488
1.589782953262329, 2487
1.6067376136779785, 2486
1.6077349185943604, 2485
1.6087324619293213, 2484
1.6137189865112305, 2483
1.6147162914276123, 2482
1.6147162914276123, 2481
1.6266841888427734, 2480
1.6266841888427734, 2479
1.6406481266021729, 2478
1.6416451930999756, 2477
1.6506202220916748, 2476
1.6635863780975342, 2475
1.664583683013916, 2474
1.664583683013916, 2473
1.664583683013916, 2472
1.6905162334442139, 2471
1.6905162334442139, 2470
1.6945037841796875, 2469
1.6945037841796875, 2468
1.700488567352295, 2467
1.700488567352295, 2466
1.7124569416046143, 2465
1.7144510746002197, 2464
1.7144510746002197, 2463
1.7174434661865234, 2462
1.7194385528564453, 2461
1.7194385528564453, 2460
1.7224299907684326, 2459
1.72542142868042, 2458
1.7294118404388428, 2457
1.7373900413513184, 2456
1.7373900413513184, 2455
1.7383882999420166, 2454
1.7393851280212402, 2453
1.744370460510254, 2452
1.7523505687713623, 2451
1.7972300052642822, 2450
1.7972300052642822, 2449
1.7972300052642822, 2448
1.799224615097046, 2447
1.799224615097046, 2446
1.808201551437378, 2445
1.8132193088531494, 2444
1.8381202220916748, 2443
1.8411128520965576, 2442
1.846097707748413, 2441
1.8570690155029297, 2440
1.8570690155029297, 2439
1.8570690155029297, 2438
1.8570690155029297, 2437
1.8740248680114746, 2436
1.8869891166687012, 2435
1.8879880905151367, 2434
1.8879880905151367, 2433
1.901982069015503, 2432
1.9049732685089111, 2431
1.9238922595977783, 2430
1.9747552871704102, 2429
1.9867236614227295, 2428
1.9867236614227295, 2427
1.9966964721679688, 2426
2.046563148498535, 2425
2.0695018768310547, 2424
2.0695018768310547, 2423
2.074488639831543, 2422
2.075485944747925, 2421
2.075485944747925, 2420
2.075485944747925, 2419
2.106403112411499, 2418
2.106403112411499, 2417
2.11238694190979, 2416
2.11238694190979, 2415
2.1233577728271484, 2414
2.1303393840789795, 2413
2.133330821990967, 2412
2.1353251934051514, 2411
2.140312910079956, 2410
2.1502859592437744, 2409
2.171229600906372, 2408
2.1831979751586914, 2407
2.217106819152832, 2406
2.219101667404175, 2405
2.2589950561523438, 2404
2.26298451423645, 2403
2.2958948612213135, 2402
2.303873300552368, 2401
2.3088600635528564, 2400
2.3088600635528564, 2399
2.3288066387176514, 2398
2.3308017253875732, 2397
2.3417720794677734, 2396
2.3607213497161865, 2395
2.364710569381714, 2394
2.365708112716675, 2393
2.365708112716675, 2392
2.3677027225494385, 2391
2.3677027225494385, 2390
2.3677027225494385, 2389
2.3677027225494385, 2388
2.416572093963623, 2387
2.423553228378296, 2386
2.4275426864624023, 2385
2.4275426864624023, 2384
2.4275426864624023, 2383
2.505336284637451, 2382
2.505336284637451, 2381
2.5083281993865967, 2380
2.5153095722198486, 2379
2.5272774696350098, 2378
2.5352563858032227, 2377
2.5352563858032227, 2376
2.5352563858032227, 2375
2.5362536907196045, 2374
2.5372509956359863, 2373
2.5482218265533447, 2372
2.5482218265533447, 2371
2.552210807800293, 2370
2.591107130050659, 2369
2.619032382965088, 2368
2.6200294494628906, 2367
2.655933380126953, 2366
2.658925771713257, 2365
2.7127814292907715, 2364
2.72375226020813, 2363
2.72375226020813, 2362
2.7257468700408936, 2361
2.728739023208618, 2360
2.728739023208618, 2359
2.729736089706421, 2358
2.737715005874634, 2357
2.7387125492095947, 2356
2.7387125492095947, 2355
2.780599355697632, 2354
2.7815964221954346, 2353
2.855400323867798, 2352
2.872354745864868, 2351
2.8853201866149902, 2350
2.8853201866149902, 2349
2.886317253112793, 2348
2.900280237197876, 2347
2.912248134613037, 2346
2.939176082611084, 2345
2.9750783443450928, 2344
2.9760756492614746, 2343
2.9830570220947266, 2342
2.9970197677612305, 2341
3.0030040740966797, 2340
3.01995849609375, 2339
3.0299317836761475, 2338
3.031926393508911, 2337
3.0369136333465576, 2336
3.053867816925049, 2335
3.07181978225708, 2334
3.072817087173462, 2333
3.0748119354248047, 2332
3.0748119354248047, 2331
3.143629550933838, 2330
3.154600143432617, 2329
3.154600143432617, 2328
3.1645734310150146, 2327
3.169560194015503, 2326
3.2234160900115967, 2325
3.2393734455108643, 2324
3.2692935466766357, 2323
3.272285223007202, 2322
3.273282527923584, 2321
3.273282527923584, 2320
3.281261444091797, 2319
3.286247968673706, 2318
3.287245512008667, 2317
3.2882425785064697, 2316
3.305197238922119, 2315
3.305197238922119, 2314
3.3081881999969482, 2313
3.3081881999969482, 2312
3.31217885017395, 2311
3.321154832839966, 2310
3.332125186920166, 2309
3.3351173400878906, 2308
3.3500776290893555, 2307
3.3500776290893555, 2306
3.3690266609191895, 2305
3.3710215091705322, 2304
3.3750104904174805, 2303
3.378002643585205, 2302
3.3879759311676025, 2301
6.088753700256348, 2300
6.153580188751221, 2299
6.209429502487183, 2298
6.212421417236328, 2297
6.216410875320435, 2296
6.325152635574341, 2295
6.336093425750732, 2294
6.426849842071533, 2293
6.543537616729736, 2292
6.578444242477417, 2291
6.597394227981567, 2290
6.671196222305298, 2289
6.816806077957153, 2288
6.857697486877441, 2287
6.881633758544922, 2286
6.952444076538086, 2285
7.039211273193359, 2284
7.189842462539673, 2283
7.37830376625061, 2282
7.386314630508423, 2281
7.471055507659912, 2280
7.6456217765808105, 2279
7.694459915161133, 2278
7.714406728744507, 2277
7.9657347202301025, 2276
8.013604879379272, 2275
8.02956223487854, 2274
8.129297018051147, 2273
8.188138008117676, 2272
8.257951498031616, 2271
8.293855428695679, 2270
8.548176765441895, 2269
8.54917573928833, 2268
8.58707308769226, 2267
8.80648684501648, 2266
9.013935089111328, 2265
9.013935089111328, 2264
9.015929460525513, 2263
9.016927003860474, 2262
9.021913766860962, 2261
9.223376512527466, 2260
9.398907661437988, 2259
9.764926671981812, 2258
9.775898218154907, 2257
9.829753398895264, 2256
9.845710515975952, 2255
10.24863338470459, 2254
10.418182134628296, 2253
10.539855480194092, 2252
10.546836376190186, 2251
10.78719449043274, 2250
10.797169208526611, 2249
11.29583477973938, 2248
11.309797286987305, 2247
11.429475545883179, 2246
11.488351821899414, 2245
11.97003173828125, 2244
12.090740442276001, 2243
12.31211519241333, 2242
12.474714279174805, 2241
12.67913556098938, 2240
12.839704275131226, 2239
12.99927806854248, 2238
13.097016334533691, 2237
13.321419477462769, 2236
13.441096067428589, 2235
13.793189764022827, 2234
14.10236120223999, 2233
14.10236120223999, 2232
14.471375942230225, 2231
14.962028980255127, 2230
14.972999572753906, 2229
16.38821530342102, 2228
16.628572702407837, 2227
17.499244213104248, 2226
18.09508967399597, 2225
19.37722420692444, 2224
19.530813217163086, 2223
19.93772554397583, 2222
21.151477813720703, 2221
21.267169952392578, 2220
21.81373906135559, 2219
23.463299036026, 2218
31.92027997970581, 2217
33.890012979507446, 2216
35.099777936935425, 2215
35.67124962806702, 2214
36.138999700546265, 2213
36.60575199127197, 2212
37.94816040992737, 2211
38.00301456451416, 2210
