0.0, 2269
0.03206205368041992, 2268
0.039008140563964844, 2267
0.07989859580993652, 2266
0.09984564781188965, 2265
0.15170645713806152, 2264
0.18963932991027832, 2263
0.20060372352600098, 2262
0.21557235717773438, 2261
0.22566771507263184, 2260
0.2685532569885254, 2259
0.32649803161621094, 2258
0.33945536613464355, 2257
0.35641050338745117, 2256
0.3793489933013916, 2255
0.382340669631958, 2254
0.38932085037231445, 2253
0.4212357997894287, 2252
0.42522406578063965, 2251
0.463472843170166, 2250
0.5114791393280029, 2249
0.5673294067382812, 2248
0.5743105411529541, 2247
0.6152007579803467, 2246
0.7055976390838623, 2245
0.7474856376647949, 2244
0.8163011074066162, 2243
0.8353490829467773, 2242
0.8513035774230957, 2241
0.8822214603424072, 2240
0.8822214603424072, 2239
1.00897216796875, 2238
1.0099689960479736, 2237
1.1048541069030762, 2236
1.146742582321167, 2235
1.2505478858947754, 2234
1.2714943885803223, 2233
1.367236852645874, 2232
1.385188341140747, 2231
1.6028287410736084, 2230
1.6746563911437988, 2229
1.6926097869873047, 2228
1.6985599994659424, 2227
1.7585186958312988, 2226
1.8951539993286133, 2225
1.9710354804992676, 2224
2.065931558609009, 2223
2.1328773498535156, 2222
2.6141984462738037, 2221
2.6942481994628906, 2220
2.955714225769043, 2219
3.1098952293395996, 2218
3.180706739425659, 2217
3.286226272583008, 2216
3.2922098636627197, 2215
3.3437178134918213, 2214
3.5494847297668457, 2213
3.7524592876434326, 2212
4.0454421043396, 2211
4.194895029067993, 2210
4.630393028259277, 2209
5.124856233596802, 2208
5.28167200088501, 2207
7.80034613609314, 2206
13.550635576248169, 2205
33.266552686691284, 2204
