0.03586864471435547, 3721
0.039865970611572266, 3720
0.05082964897155762, 3719
0.05182671546936035, 3718
0.05282402038574219, 3717
0.05282402038574219, 3716
0.05382180213928223, 3715
0.05483222007751465, 3714
0.055826425552368164, 3713
0.055826425552368164, 3712
0.05781102180480957, 3711
0.058808088302612305, 3710
0.058808088302612305, 3709
0.05980539321899414, 3708
0.05980539321899414, 3707
0.06080293655395508, 3706
0.06080293655395508, 3705
0.061800241470336914, 3704
0.06279754638671875, 3703
0.06279754638671875, 3702
0.06279754638671875, 3701
0.06279754638671875, 3700
0.06379461288452148, 3699
0.06479215621948242, 3698
0.06479215621948242, 3697
0.06678509712219238, 3696
0.06678509712219238, 3695
0.06678509712219238, 3694
0.06678509712219238, 3693
0.06778240203857422, 3692
0.06778240203857422, 3691
0.06778240203857422, 3690
0.06877946853637695, 3689
0.06877946853637695, 3688
0.06877946853637695, 3687
0.06877946853637695, 3686
0.06977701187133789, 3685
0.06977701187133789, 3684
0.06977701187133789, 3683
0.06977701187133789, 3682
0.07077503204345703, 3681
0.07077503204345703, 3680
0.07077503204345703, 3679
0.07077503204345703, 3678
0.07177233695983887, 3677
0.07177233695983887, 3676
0.0727691650390625, 3675
0.07376646995544434, 3674
0.07476353645324707, 3673
0.0757608413696289, 3672
0.0757608413696289, 3671
0.07684612274169922, 3670
0.07684612274169922, 3669
0.07787585258483887, 3668
0.07787585258483887, 3667
0.0788729190826416, 3666
0.07985210418701172, 3665
0.07985210418701172, 3664
0.08086729049682617, 3663
0.08186531066894531, 3662
0.08394479751586914, 3661
0.08394479751586914, 3660
0.08494281768798828, 3659
0.08494281768798828, 3658
0.08597421646118164, 3657
0.08597421646118164, 3656
0.08597421646118164, 3655
0.08896493911743164, 3654
0.08896493911743164, 3653
0.08996129035949707, 3652
0.08996129035949707, 3651
0.08996129035949707, 3650
0.08996129035949707, 3649
0.08996129035949707, 3648
0.08996129035949707, 3647
0.0909585952758789, 3646
0.0909585952758789, 3645
0.0909585952758789, 3644
0.0909585952758789, 3643
0.0909585952758789, 3642
0.09195566177368164, 3641
0.09395289421081543, 3640
0.09395289421081543, 3639
0.09494757652282715, 3638
0.09494757652282715, 3637
0.09494757652282715, 3636
0.09494757652282715, 3635
0.09594488143920898, 3634
0.09594488143920898, 3633
0.09594488143920898, 3632
0.09694290161132812, 3631
0.09694290161132812, 3630
0.09694290161132812, 3629
0.09694290161132812, 3628
0.09794020652770996, 3627
0.09794020652770996, 3626
0.09794020652770996, 3625
0.0989372730255127, 3624
0.0989372730255127, 3623
0.0989372730255127, 3622
0.09993457794189453, 3621
0.09993457794189453, 3620
0.10100817680358887, 3619
0.10203838348388672, 3618
0.10203838348388672, 3617
0.10203838348388672, 3616
0.10303783416748047, 3615
0.10403323173522949, 3614
0.10503077507019043, 3613
0.10503077507019043, 3612
0.10503077507019043, 3611
0.10602569580078125, 3610
0.10602569580078125, 3609
0.107025146484375, 3608
0.10810208320617676, 3607
0.10810208320617676, 3606
0.10913205146789551, 3605
0.10913205146789551, 3604
0.10913205146789551, 3603
0.10913205146789551, 3602
0.10913205146789551, 3601
0.11013174057006836, 3600
0.1121063232421875, 3599
0.1121063232421875, 3598
0.1121063232421875, 3597
0.11312198638916016, 3596
0.11312198638916016, 3595
0.11411929130554199, 3594
0.1171104907989502, 3593
0.1171104907989502, 3592
0.1171104907989502, 3591
0.1180887222290039, 3590
0.1180887222290039, 3589
0.11910557746887207, 3588
0.11910557746887207, 3587
0.11910557746887207, 3586
0.1200704574584961, 3585
0.1200704574584961, 3584
0.12106919288635254, 3583
0.1230626106262207, 3582
0.1230626106262207, 3581
0.1230626106262207, 3580
0.12405943870544434, 3579
0.12405943870544434, 3578
0.12405943870544434, 3577
0.12405943870544434, 3576
0.12405943870544434, 3575
0.1260542869567871, 3574
0.1260542869567871, 3573
0.1260542869567871, 3572
0.1260542869567871, 3571
0.1260542869567871, 3570
0.12705135345458984, 3569
0.1280519962310791, 3568
0.1280519962310791, 3567
0.13004374504089355, 3566
0.13004374504089355, 3565
0.1310408115386963, 3564
0.1310408115386963, 3563
0.1310408115386963, 3562
0.1340339183807373, 3561
0.13503050804138184, 3560
0.13503050804138184, 3559
0.13503050804138184, 3558
0.13702607154846191, 3557
0.13902068138122559, 3556
0.13902068138122559, 3555
0.14002037048339844, 3554
0.14002037048339844, 3553
0.14002037048339844, 3552
0.14101624488830566, 3551
0.14101624488830566, 3550
0.14101624488830566, 3549
0.14301156997680664, 3548
0.14301156997680664, 3547
0.14301156997680664, 3546
0.1450040340423584, 3545
0.14600253105163574, 3544
0.14600253105163574, 3543
0.1470012664794922, 3542
0.1479966640472412, 3541
0.14899492263793945, 3540
0.1499955654144287, 3539
0.1499955654144287, 3538
0.1499955654144287, 3537
0.15099096298217773, 3536
0.15099096298217773, 3535
0.15198779106140137, 3534
0.1589674949645996, 3533
0.16145563125610352, 3532
0.16195893287658691, 3531
0.16195893287658691, 3530
0.16295933723449707, 3529
0.16295933723449707, 3528
0.16495037078857422, 3527
0.16495037078857422, 3526
0.16594791412353516, 3525
0.16594791412353516, 3524
0.16594791412353516, 3523
0.16594791412353516, 3522
0.1669483184814453, 3521
0.1669483184814453, 3520
0.16794252395629883, 3519
0.16794252395629883, 3518
0.16794252395629883, 3517
0.16794252395629883, 3516
0.16794252395629883, 3515
0.16894030570983887, 3514
0.16894030570983887, 3513
0.16894030570983887, 3512
0.1729421615600586, 3511
0.17394757270812988, 3510
0.17691898345947266, 3509
0.1779167652130127, 3508
0.18290400505065918, 3507
0.18290400505065918, 3506
0.1839005947113037, 3505
0.1839005947113037, 3504
0.20085406303405762, 3503
0.20185112953186035, 3502
0.20384693145751953, 3501
0.20984673500061035, 3500
0.21083545684814453, 3499
0.21282267570495605, 3498
0.21282267570495605, 3497
0.21581411361694336, 3496
0.216810941696167, 3495
0.216810941696167, 3494
0.21780967712402344, 3493
0.21780967712402344, 3492
0.21780967712402344, 3491
0.21880674362182617, 3490
0.21880674362182617, 3489
0.22678589820861816, 3488
0.22878026962280273, 3487
0.22878026962280273, 3486
0.22878026962280273, 3485
0.22878026962280273, 3484
0.22977733612060547, 3483
0.22977733612060547, 3482
0.22977733612060547, 3481
0.22977733612060547, 3480
0.2307748794555664, 3479
0.2307748794555664, 3478
0.23276901245117188, 3477
0.2337660789489746, 3476
0.2337660789489746, 3475
0.2337660789489746, 3474
0.23476338386535645, 3473
0.23675918579101562, 3472
0.23775696754455566, 3471
0.24276185035705566, 3470
0.24474334716796875, 3469
0.24573421478271484, 3468
0.24573421478271484, 3467
0.24673247337341309, 3466
0.24872612953186035, 3465
0.24872612953186035, 3464
0.2497234344482422, 3463
0.2497234344482422, 3462
0.2497234344482422, 3461
0.2497234344482422, 3460
0.250720739364624, 3459
0.250720739364624, 3458
0.250720739364624, 3457
0.2527155876159668, 3456
0.25371575355529785, 3455
0.2606985569000244, 3454
0.2606985569000244, 3453
0.26169466972351074, 3452
0.26169466972351074, 3451
0.26268982887268066, 3450
0.26268982887268066, 3449
0.2636866569519043, 3448
0.2636866569519043, 3447
0.26468396186828613, 3446
0.26468396186828613, 3445
0.26568126678466797, 3444
0.26568126678466797, 3443
0.26568126678466797, 3442
0.2666778564453125, 3441
0.2666778564453125, 3440
0.2666778564453125, 3439
0.26767516136169434, 3438
0.26767516136169434, 3437
0.26767516136169434, 3436
0.26867246627807617, 3435
0.26867246627807617, 3434
0.27066969871520996, 3433
0.2726747989654541, 3432
0.27366209030151367, 3431
0.27466750144958496, 3430
0.27666640281677246, 3429
0.2776496410369873, 3428
0.27865171432495117, 3427
0.27865171432495117, 3426
0.2946131229400635, 3425
0.2946131229400635, 3424
0.2946131229400635, 3423
0.2956051826477051, 3422
0.2956051826477051, 3421
0.2956051826477051, 3420
0.2965986728668213, 3419
0.2965986728668213, 3418
0.2965986728668213, 3417
0.2965986728668213, 3416
0.2975952625274658, 3415
0.2975952625274658, 3414
0.2975952625274658, 3413
0.2975952625274658, 3412
0.29859256744384766, 3411
0.2995905876159668, 3410
0.2995905876159668, 3409
0.30058813095092773, 3408
0.30058813095092773, 3407
0.30058813095092773, 3406
0.30058813095092773, 3405
0.30158472061157227, 3404
0.30158472061157227, 3403
0.30657196044921875, 3402
0.30657196044921875, 3401
0.30657196044921875, 3400
0.3075704574584961, 3399
0.30856776237487793, 3398
0.30856776237487793, 3397
0.30959224700927734, 3396
0.30959224700927734, 3395
0.31057262420654297, 3394
0.31057262420654297, 3393
0.31057262420654297, 3392
0.31155872344970703, 3391
0.31155872344970703, 3390
0.31155872344970703, 3389
0.31155872344970703, 3388
0.31255555152893066, 3387
0.3135526180267334, 3386
0.31455111503601074, 3385
0.31455111503601074, 3384
0.31455111503601074, 3383
0.3155481815338135, 3382
0.3155481815338135, 3381
0.3155481815338135, 3380
0.3155481815338135, 3379
0.3155481815338135, 3378
0.3165450096130371, 3377
0.3165450096130371, 3376
0.3165450096130371, 3375
0.3165450096130371, 3374
0.3275177478790283, 3373
0.32851409912109375, 3372
0.3325023651123047, 3371
0.3334994316101074, 3370
0.33449792861938477, 3369
0.33449792861938477, 3368
0.3354954719543457, 3367
0.33949828147888184, 3366
0.3414909839630127, 3365
0.3424832820892334, 3364
0.3424832820892334, 3363
0.3434748649597168, 3362
0.3434748649597168, 3361
0.344470739364624, 3360
0.344470739364624, 3359
0.34546732902526855, 3358
0.34546732902526855, 3357
0.34546732902526855, 3356
0.3464651107788086, 3355
0.3464651107788086, 3354
0.3464651107788086, 3353
0.3474619388580322, 3352
0.3474619388580322, 3351
0.3474619388580322, 3350
0.34845948219299316, 3349
0.349456787109375, 3348
0.35145115852355957, 3347
0.3524484634399414, 3346
0.3524484634399414, 3345
0.3524484634399414, 3344
0.35344600677490234, 3343
0.35943078994750977, 3342
0.3604292869567871, 3341
0.36441659927368164, 3340
0.36441659927368164, 3339
0.3664112091064453, 3338
0.36740851402282715, 3337
0.36740851402282715, 3336
0.36740851402282715, 3335
0.36740851402282715, 3334
0.36740851402282715, 3333
0.368405818939209, 3332
0.369403600692749, 3331
0.3793764114379883, 3330
0.3793764114379883, 3329
0.3803746700286865, 3328
0.38137173652648926, 3327
0.3823685646057129, 3326
0.3833658695220947, 3325
0.3833658695220947, 3324
0.3833658695220947, 3323
0.3833658695220947, 3322
0.38436341285705566, 3321
0.38436341285705566, 3320
0.38436341285705566, 3319
0.3883936405181885, 3318
0.3923642635345459, 3317
0.3933401107788086, 3316
0.39533400535583496, 3315
0.3963329792022705, 3314
0.3963329792022705, 3313
0.3963329792022705, 3312
0.39732980728149414, 3311
0.39832615852355957, 3310
0.3993232250213623, 3309
0.3993232250213623, 3308
0.3993232250213623, 3307
0.3993232250213623, 3306
0.40032052993774414, 3305
0.401317834854126, 3304
0.4023158550262451, 3303
0.4023158550262451, 3302
0.4023158550262451, 3301
0.40433597564697266, 3300
0.40631818771362305, 3299
0.4073185920715332, 3298
0.409299373626709, 3297
0.409299373626709, 3296
0.409299373626709, 3295
0.4102962017059326, 3294
0.41129183769226074, 3293
0.41129183769226074, 3292
0.4122891426086426, 3291
0.4132864475250244, 3290
0.4132864475250244, 3289
0.41428375244140625, 3288
0.4152812957763672, 3287
0.416278600692749, 3286
0.416278600692749, 3285
0.4182729721069336, 3284
0.42026805877685547, 3283
0.4252810478210449, 3282
0.4263150691986084, 3281
0.4272494316101074, 3280
0.42824578285217285, 3279
0.42824578285217285, 3278
0.4292435646057129, 3277
0.4292435646057129, 3276
0.4292435646057129, 3275
0.4292435646057129, 3274
0.4292435646057129, 3273
0.4302406311035156, 3272
0.4302406311035156, 3271
0.4302406311035156, 3270
0.43123793601989746, 3269
0.43123793601989746, 3268
0.4322357177734375, 3267
0.4322357177734375, 3266
0.43323230743408203, 3265
0.43323230743408203, 3264
0.43323230743408203, 3263
0.43422985076904297, 3262
0.43422985076904297, 3261
0.43422985076904297, 3260
0.43422985076904297, 3259
0.4352273941040039, 3258
0.4352273941040039, 3257
0.4352273941040039, 3256
0.4352273941040039, 3255
0.4352273941040039, 3254
0.43622469902038574, 3253
0.4412195682525635, 3252
0.4422333240509033, 3251
0.4432082176208496, 3250
0.44420385360717773, 3249
0.44520092010498047, 3248
0.44520092010498047, 3247
0.4461979866027832, 3246
0.4461979866027832, 3245
0.44719624519348145, 3244
0.4492185115814209, 3243
0.45021796226501465, 3242
0.45021796226501465, 3241
0.45021796226501465, 3240
0.45121240615844727, 3239
0.45121240615844727, 3238
0.45121240615844727, 3237
0.45121240615844727, 3236
0.4621877670288086, 3235
0.4621877670288086, 3234
0.4621877670288086, 3233
0.46318817138671875, 3232
0.46318817138671875, 3231
0.46318817138671875, 3230
0.46318817138671875, 3229
0.46418333053588867, 3228
0.46418333053588867, 3227
0.46418333053588867, 3226
0.4651799201965332, 3225
0.466174840927124, 3224
0.4681401252746582, 3223
0.4681401252746582, 3222
0.46913766860961914, 3221
0.46913766860961914, 3220
0.46913766860961914, 3219
0.47711730003356934, 3218
0.4781453609466553, 3217
0.48013997077941895, 3216
0.48013997077941895, 3215
0.48013997077941895, 3214
0.481137752532959, 3213
0.4821321964263916, 3212
0.4821321964263916, 3211
0.48313355445861816, 3210
0.48313355445861816, 3209
0.48313355445861816, 3208
0.48313355445861816, 3207
0.48313355445861816, 3206
0.4841301441192627, 3205
0.4841301441192627, 3204
0.4841301441192627, 3203
0.48512935638427734, 3202
0.48512935638427734, 3201
0.48512935638427734, 3200
0.48512935638427734, 3199
0.48609209060668945, 3198
0.48909568786621094, 3197
0.492079496383667, 3196
0.4930763244628906, 3195
0.49410438537597656, 3194
0.49410438537597656, 3193
0.4951035976409912, 3192
0.4951035976409912, 3191
0.49609804153442383, 3190
0.49709534645080566, 3189
0.49709534645080566, 3188
0.4980893135070801, 3187
0.4990580081939697, 3186
0.5000870227813721, 3185
0.5000870227813721, 3184
0.5000870227813721, 3183
0.5010867118835449, 3182
0.5010867118835449, 3181
0.5010867118835449, 3180
0.5010867118835449, 3179
0.5010867118835449, 3178
0.5020501613616943, 3177
0.5020501613616943, 3176
0.5080475807189941, 3175
0.5080475807189941, 3174
0.5100297927856445, 3173
0.5100297927856445, 3172
0.5110263824462891, 3171
0.5110263824462891, 3170
0.5120236873626709, 3169
0.5120236873626709, 3168
0.5130207538604736, 3167
0.5140182971954346, 3166
0.5140182971954346, 3165
0.5140182971954346, 3164
0.5160131454467773, 3163
0.5250122547149658, 3162
0.5259857177734375, 3161
0.5259857177734375, 3160
0.5270180702209473, 3159
0.5270180702209473, 3158
0.5280120372772217, 3157
0.5280120372772217, 3156
0.5290091037750244, 3155
0.5300042629241943, 3154
0.5319695472717285, 3153
0.533001184463501, 3152
0.53399658203125, 3151
0.53399658203125, 3150
0.5349946022033691, 3149
0.5349946022033691, 3148
0.5349946022033691, 3147
0.5349946022033691, 3146
0.535991907119751, 3145
0.5400137901306152, 3144
0.5419785976409912, 3143
0.5439691543579102, 3142
0.5439691543579102, 3141
0.5449678897857666, 3140
0.5449678897857666, 3139
0.5449678897857666, 3138
0.5449678897857666, 3137
0.5449678897857666, 3136
0.5459611415863037, 3135
0.5459611415863037, 3134
0.5459611415863037, 3133
0.5459611415863037, 3132
0.5459611415863037, 3131
0.5469295978546143, 3130
0.5469295978546143, 3129
0.5479590892791748, 3128
0.5489590167999268, 3127
0.5489590167999268, 3126
0.5489590167999268, 3125
0.5489590167999268, 3124
0.5499296188354492, 3123
0.5509521961212158, 3122
0.5519485473632812, 3121
0.5529448986053467, 3120
0.5559134483337402, 3119
0.5589003562927246, 3118
0.5618884563446045, 3117
0.5628862380981445, 3116
0.5628862380981445, 3115
0.5638833045959473, 3114
0.5648813247680664, 3113
0.5648813247680664, 3112
0.5648813247680664, 3111
0.5688695907592773, 3110
0.5698673725128174, 3109
0.5719177722930908, 3108
0.5728609561920166, 3107
0.5728609561920166, 3106
0.5728609561920166, 3105
0.5738890171051025, 3104
0.5758843421936035, 3103
0.5758843421936035, 3102
0.5798428058624268, 3101
0.5798428058624268, 3100
0.5809693336486816, 3099
0.5819993019104004, 3098
0.5819993019104004, 3097
0.5819993019104004, 3096
0.5819993019104004, 3095
0.5819993019104004, 3094
0.5890543460845947, 3093
0.5890543460845947, 3092
0.5890543460845947, 3091
0.5900843143463135, 3090
0.5910830497741699, 3089
0.5910830497741699, 3088
0.5910830497741699, 3087
0.5910830497741699, 3086
0.5920774936676025, 3085
0.5920774936676025, 3084
0.5930759906768799, 3083
0.5950379371643066, 3082
0.5971620082855225, 3081
0.5971620082855225, 3080
0.5981628894805908, 3079
0.5991261005401611, 3078
0.5991261005401611, 3077
0.5991261005401611, 3076
0.5991261005401611, 3075
0.5991261005401611, 3074
0.6001582145690918, 3073
0.6001582145690918, 3072
0.6001582145690918, 3071
0.6011531352996826, 3070
0.6021542549133301, 3069
0.6102139949798584, 3068
0.6102139949798584, 3067
0.6102139949798584, 3066
0.6112124919891357, 3065
0.6112124919891357, 3064
0.6112124919891357, 3063
0.6112124919891357, 3062
0.6112124919891357, 3061
0.6122090816497803, 3060
0.6122090816497803, 3059
0.6122090816497803, 3058
0.6132349967956543, 3057
0.6132349967956543, 3056
0.6132349967956543, 3055
0.6142046451568604, 3054
0.6142046451568604, 3053
0.6152291297912598, 3052
0.6162257194519043, 3051
0.6182210445404053, 3050
0.6233334541320801, 3049
0.6233334541320801, 3048
0.624330997467041, 3047
0.6303119659423828, 3046
0.6303119659423828, 3045
0.6303119659423828, 3044
0.6303119659423828, 3043
0.6303119659423828, 3042
0.6313121318817139, 3041
0.6313121318817139, 3040
0.6313121318817139, 3039
0.6322777271270752, 3038
0.6322777271270752, 3037
0.6322777271270752, 3036
0.633310079574585, 3035
0.633310079574585, 3034
0.633310079574585, 3033
0.6343042850494385, 3032
0.6343042850494385, 3031
0.6372964382171631, 3030
0.6372964382171631, 3029
0.6382906436920166, 3028
0.6382906436920166, 3027
0.6382906436920166, 3026
0.6382906436920166, 3025
0.6392900943756104, 3024
0.6392900943756104, 3023
0.6392900943756104, 3022
0.6422824859619141, 3021
0.6492676734924316, 3020
0.6492676734924316, 3019
0.6492676734924316, 3018
0.6502633094787598, 3017
0.6502633094787598, 3016
0.6502633094787598, 3015
0.6502633094787598, 3014
0.6512603759765625, 3013
0.6512603759765625, 3012
0.6512603759765625, 3011
0.6512603759765625, 3010
0.6522557735443115, 3009
0.6532220840454102, 3008
0.6532220840454102, 3007
0.6542484760284424, 3006
0.6542484760284424, 3005
0.6542484760284424, 3004
0.6542484760284424, 3003
0.6542484760284424, 3002
0.6562135219573975, 3001
0.6562135219573975, 3000
0.6592056751251221, 2999
0.6602356433868408, 2998
0.6612317562103271, 2997
0.6612317562103271, 2996
0.662198543548584, 2995
0.662198543548584, 2994
0.663226842880249, 2993
0.663226842880249, 2992
0.6642236709594727, 2991
0.6682133674621582, 2990
0.6682133674621582, 2989
0.6682133674621582, 2988
0.6692104339599609, 2987
0.6692104339599609, 2986
0.6722049713134766, 2985
0.6732034683227539, 2984
0.6741971969604492, 2983
0.6741971969604492, 2982
0.6741971969604492, 2981
0.6751983165740967, 2980
0.6751983165740967, 2979
0.6751983165740967, 2978
0.6761918067932129, 2977
0.6761918067932129, 2976
0.6761918067932129, 2975
0.6761918067932129, 2974
0.6761918067932129, 2973
0.6771886348724365, 2972
0.6771886348724365, 2971
0.6771886348724365, 2970
0.6781840324401855, 2969
0.6791532039642334, 2968
0.6791532039642334, 2967
0.6801819801330566, 2966
0.6811819076538086, 2965
0.6811819076538086, 2964
0.6821761131286621, 2963
0.6821761131286621, 2962
0.6821761131286621, 2961
0.6821761131286621, 2960
0.6861624717712402, 2959
0.6861624717712402, 2958
0.6881301403045654, 2957
0.6891269683837891, 2956
0.6901235580444336, 2955
0.6911206245422363, 2954
0.6921184062957764, 2953
0.6931154727935791, 2952
0.6941127777099609, 2951
0.6951107978820801, 2950
0.6971049308776855, 2949
0.6971049308776855, 2948
0.6971049308776855, 2947
0.6981019973754883, 2946
0.6981019973754883, 2945
0.6981019973754883, 2944
0.6990995407104492, 2943
0.6990995407104492, 2942
0.7002086639404297, 2941
0.7002086639404297, 2940
0.7002086639404297, 2939
0.7022044658660889, 2938
0.7022044658660889, 2937
0.7042005062103271, 2936
0.7042005062103271, 2935
0.7042005062103271, 2934
0.7042005062103271, 2933
0.7042005062103271, 2932
0.7051968574523926, 2931
0.7061939239501953, 2930
0.7061939239501953, 2929
0.7061939239501953, 2928
0.707190990447998, 2927
0.707190990447998, 2926
0.7082765102386475, 2925
0.7082765102386475, 2924
0.7092752456665039, 2923
0.7102725505828857, 2922
0.7102725505828857, 2921
0.7112696170806885, 2920
0.7122673988342285, 2919
0.7122673988342285, 2918
0.7122673988342285, 2917
0.7132647037506104, 2916
0.7132647037506104, 2915
0.7142617702484131, 2914
0.7142617702484131, 2913
0.7163243293762207, 2912
0.7173235416412354, 2911
0.7173235416412354, 2910
0.7183201313018799, 2909
0.7193176746368408, 2908
0.7193176746368408, 2907
0.7203154563903809, 2906
0.7203154563903809, 2905
0.7223095893859863, 2904
0.7223095893859863, 2903
0.7233073711395264, 2902
0.7233073711395264, 2901
0.7243680953979492, 2900
0.7253668308258057, 2899
0.7263641357421875, 2898
0.7263641357421875, 2897
0.7273612022399902, 2896
0.729356050491333, 2895
0.730353593826294, 2894
0.730353593826294, 2893
0.730353593826294, 2892
0.7313506603240967, 2891
0.7313506603240967, 2890
0.7323479652404785, 2889
0.7323479652404785, 2888
0.7323479652404785, 2887
0.7333469390869141, 2886
0.7333469390869141, 2885
0.7343449592590332, 2884
0.7343449592590332, 2883
0.7343449592590332, 2882
0.7353405952453613, 2881
0.7363393306732178, 2880
0.7363393306732178, 2879
0.7373337745666504, 2878
0.7373337745666504, 2877
0.7383308410644531, 2876
0.7383308410644531, 2875
0.7383308410644531, 2874
0.7393288612365723, 2873
0.7393288612365723, 2872
0.7424297332763672, 2871
0.7434256076812744, 2870
0.7454226016998291, 2869
0.7454226016998291, 2868
0.7464179992675781, 2867
0.7464179992675781, 2866
0.7474148273468018, 2865
0.7494101524353027, 2864
0.7504069805145264, 2863
0.7553942203521729, 2862
0.7553942203521729, 2861
0.7563912868499756, 2860
0.7563912868499756, 2859
0.7563912868499756, 2858
0.7573885917663574, 2857
0.7573885917663574, 2856
0.7643694877624512, 2855
0.7673757076263428, 2854
0.7673757076263428, 2853
0.7673757076263428, 2852
0.7733571529388428, 2851
0.7763402462005615, 2850
0.7783353328704834, 2849
0.7783353328704834, 2848
0.7793383598327637, 2847
0.7803292274475098, 2846
0.7803292274475098, 2845
0.7813267707824707, 2844
0.7823247909545898, 2843
0.7833211421966553, 2842
0.7833211421966553, 2841
0.7843215465545654, 2840
0.7903027534484863, 2839
0.7903027534484863, 2838
0.7903027534484863, 2837
0.7903027534484863, 2836
0.7913000583648682, 2835
0.7913000583648682, 2834
0.7913000583648682, 2833
0.7913000583648682, 2832
0.79229736328125, 2831
0.7942914962768555, 2830
0.7962846755981445, 2829
0.7962846755981445, 2828
0.7972829341888428, 2827
0.7992780208587646, 2826
0.8102512359619141, 2825
0.8102512359619141, 2824
0.8112459182739258, 2823
0.8112459182739258, 2822
0.8122415542602539, 2821
0.8132390975952148, 2820
0.8132390975952148, 2819
0.8142364025115967, 2818
0.8142364025115967, 2817
0.8152341842651367, 2816
0.8162310123443604, 2815
0.8162310123443604, 2814
0.8162310123443604, 2813
0.8162310123443604, 2812
0.817227840423584, 2811
0.819225549697876, 2810
0.8272049427032471, 2809
0.8281991481781006, 2808
0.8281991481781006, 2807
0.8281991481781006, 2806
0.8291957378387451, 2805
0.8291957378387451, 2804
0.8291957378387451, 2803
0.8291957378387451, 2802
0.8301937580108643, 2801
0.8301937580108643, 2800
0.8311905860900879, 2799
0.8311905860900879, 2798
0.8331882953643799, 2797
0.8331882953643799, 2796
0.8341856002807617, 2795
0.8341856002807617, 2794
0.8461520671844482, 2793
0.8481473922729492, 2792
0.8481473922729492, 2791
0.8491427898406982, 2790
0.8491427898406982, 2789
0.8491427898406982, 2788
0.8511388301849365, 2787
0.852135181427002, 2786
0.852135181427002, 2785
0.8660988807678223, 2784
0.8680918216705322, 2783
0.8680918216705322, 2782
0.8690900802612305, 2781
0.8710997104644775, 2780
0.8980119228363037, 2779
0.8980119228363037, 2778
0.8990092277526855, 2777
0.8990092277526855, 2776
0.9000072479248047, 2775
0.9000072479248047, 2774
0.9010043144226074, 2773
0.9010043144226074, 2772
0.9020016193389893, 2771
0.9020016193389893, 2770
0.9050085544586182, 2769
0.9079959392547607, 2768
0.9099810123443604, 2767
0.9119751453399658, 2766
0.9119751453399658, 2765
0.9119751453399658, 2764
0.9129719734191895, 2763
0.9129719734191895, 2762
0.9129719734191895, 2761
0.9139719009399414, 2760
0.9139719009399414, 2759
0.9159657955169678, 2758
0.9169611930847168, 2757
0.9179587364196777, 2756
0.9179587364196777, 2755
0.9269356727600098, 2754
0.9279327392578125, 2753
0.9289309978485107, 2752
0.929926872253418, 2751
0.9349141120910645, 2750
0.9468884468078613, 2749
0.949873685836792, 2748
0.9518685340881348, 2747
0.9528656005859375, 2746
0.9608447551727295, 2745
0.9608447551727295, 2744
0.9608447551727295, 2743
0.9618411064147949, 2742
0.9618411064147949, 2741
0.9618411064147949, 2740
0.9628386497497559, 2739
0.9638369083404541, 2738
0.9638369083404541, 2737
0.9638369083404541, 2736
0.9648334980010986, 2735
0.9648334980010986, 2734
0.9648334980010986, 2733
0.9668278694152832, 2732
0.9668278694152832, 2731
0.9668278694152832, 2730
0.967825174331665, 2729
0.967825174331665, 2728
0.967825174331665, 2727
0.9688224792480469, 2726
0.9688224792480469, 2725
0.9688224792480469, 2724
0.9688224792480469, 2723
0.9758250713348389, 2722
0.9768052101135254, 2721
0.9777998924255371, 2720
0.9777998924255371, 2719
0.9788017272949219, 2718
0.9797937870025635, 2717
0.9797937870025635, 2716
0.980792760848999, 2715
0.980792760848999, 2714
0.9817883968353271, 2713
0.9827866554260254, 2712
0.9857773780822754, 2711
0.9857773780822754, 2710
0.9857773780822754, 2709
0.9947540760040283, 2708
0.9977455139160156, 2707
0.9977455139160156, 2706
0.9977455139160156, 2705
0.9997396469116211, 2704
0.9997396469116211, 2703
0.9997396469116211, 2702
0.9997396469116211, 2701
1.001734733581543, 2700
1.001734733581543, 2699
1.0027329921722412, 2698
1.0037410259246826, 2697
1.005741834640503, 2696
1.0067229270935059, 2695
1.0067229270935059, 2694
1.0077307224273682, 2693
1.009713888168335, 2692
1.0107104778289795, 2691
1.013702630996704, 2690
1.0147013664245605, 2689
1.0147013664245605, 2688
1.0147013664245605, 2687
1.015697956085205, 2686
1.0176916122436523, 2685
1.0176916122436523, 2684
1.0186896324157715, 2683
1.0186896324157715, 2682
1.0186896324157715, 2681
1.022691249847412, 2680
1.0246849060058594, 2679
1.0256719589233398, 2678
1.0256719589233398, 2677
1.0266680717468262, 2676
1.027665138244629, 2675
1.027665138244629, 2674
1.0286624431610107, 2673
1.0286624431610107, 2672
1.0286624431610107, 2671
1.0286624431610107, 2670
1.0286624431610107, 2669
1.0306572914123535, 2668
1.0306572914123535, 2667
1.0316543579101562, 2666
1.0326519012451172, 2665
1.0326519012451172, 2664
1.0326519012451172, 2663
1.0326519012451172, 2662
1.033649206161499, 2661
1.0346472263336182, 2660
1.0356438159942627, 2659
1.0356438159942627, 2658
1.0387446880340576, 2657
1.0387446880340576, 2656
1.0387446880340576, 2655
1.0387446880340576, 2654
1.039729356765747, 2653
1.039729356765747, 2652
1.039729356765747, 2651
1.0407261848449707, 2650
1.0407261848449707, 2649
1.0407261848449707, 2648
1.0417232513427734, 2647
1.0417232513427734, 2646
1.0417232513427734, 2645
1.0417232513427734, 2644
1.0417232513427734, 2643
1.0427227020263672, 2642
1.0447165966033936, 2641
1.0497019290924072, 2640
1.0506994724273682, 2639
1.0516960620880127, 2638
1.058678150177002, 2637
1.0706768035888672, 2636
1.0857570171356201, 2635
1.0956976413726807, 2634
1.0986895561218262, 2633
1.1138596534729004, 2632
1.1179440021514893, 2631
1.1199393272399902, 2630
1.121901035308838, 2629
1.1238951683044434, 2628
1.1290884017944336, 2627
1.1300816535949707, 2626
1.1300816535949707, 2625
1.1320784091949463, 2624
1.1832740306854248, 2623
1.1842691898345947, 2622
1.1852664947509766, 2621
1.1932446956634521, 2620
1.1932446956634521, 2619
1.207275152206421, 2618
1.2093052864074707, 2617
1.2102985382080078, 2616
1.2233493328094482, 2615
1.225341558456421, 2614
1.227935552597046, 2613
1.2319614887237549, 2612
1.2329564094543457, 2611
1.234952449798584, 2610
1.234952449798584, 2609
1.2370026111602783, 2608
1.2370026111602783, 2607
1.2370026111602783, 2606
1.239030122756958, 2605
1.2410247325897217, 2604
1.2420237064361572, 2603
1.247102975845337, 2602
1.254086971282959, 2601
1.2560813426971436, 2600
1.259073257446289, 2599
1.260072946548462, 2598
1.2611048221588135, 2597
1.272200584411621, 2596
1.272200584411621, 2595
1.2741942405700684, 2594
1.2812716960906982, 2593
1.2812716960906982, 2592
1.2832655906677246, 2591
1.284353494644165, 2590
1.2883758544921875, 2589
1.2923645973205566, 2588
1.2923645973205566, 2587
1.2923645973205566, 2586
1.2923645973205566, 2585
1.3024652004241943, 2584
1.3044283390045166, 2583
1.3044283390045166, 2582
1.3044283390045166, 2581
1.3105580806732178, 2580
1.316636085510254, 2579
1.3176307678222656, 2578
1.3235862255096436, 2577
1.3336727619171143, 2576
1.3347020149230957, 2575
1.3569059371948242, 2574
1.3589298725128174, 2573
1.3599298000335693, 2572
1.3680355548858643, 2571
1.3750154972076416, 2570
1.3789746761322021, 2569
1.381619930267334, 2568
1.3836472034454346, 2567
1.3846442699432373, 2566
1.3887300491333008, 2565
1.4048187732696533, 2564
1.4058172702789307, 2563
1.4098069667816162, 2562
1.410804033279419, 2561
1.4127984046936035, 2560
1.4157905578613281, 2559
1.4348680973052979, 2558
1.438917636871338, 2557
1.4589271545410156, 2556
1.4599242210388184, 2555
1.4610743522644043, 2554
1.4650650024414062, 2553
1.4650650024414062, 2552
1.48126220703125, 2551
1.4984302520751953, 2550
1.514503002166748, 2549
1.514503002166748, 2548
1.525475263595581, 2547
1.549410104751587, 2546
1.5534014701843262, 2545
1.5614557266235352, 2544
1.5681850910186768, 2543
1.5812675952911377, 2542
1.5852892398834229, 2541
1.5862538814544678, 2540
1.5883831977844238, 2539
1.5893845558166504, 2538
1.5893845558166504, 2537
1.6035196781158447, 2536
1.6134929656982422, 2535
1.6134929656982422, 2534
1.6144905090332031, 2533
1.615487813949585, 2532
1.6324775218963623, 2531
1.6324775218963623, 2530
1.6324775218963623, 2529
1.6457128524780273, 2528
1.6497044563293457, 2527
1.659675121307373, 2526
1.6636669635772705, 2525
1.6636669635772705, 2524
1.664630651473999, 2523
1.676835060119629, 2522
1.6798250675201416, 2521
1.6918830871582031, 2520
1.6938776969909668, 2519
1.6938776969909668, 2518
1.6938776969909668, 2517
1.6998615264892578, 2516
1.7029340267181396, 2515
1.7079551219940186, 2514
1.716928243637085, 2513
1.7199208736419678, 2512
1.7199208736419678, 2511
1.723912239074707, 2510
1.7398693561553955, 2509
1.7428598403930664, 2508
1.7428598403930664, 2507
1.7428598403930664, 2506
1.755826711654663, 2505
1.7579073905944824, 2504
1.7609045505523682, 2503
1.766012191772461, 2502
1.766012191772461, 2501
1.7680089473724365, 2500
1.7710044384002686, 2499
1.7779827117919922, 2498
1.7799770832061768, 2497
1.7810089588165283, 2496
1.781970500946045, 2495
1.7899494171142578, 2494
1.7899494171142578, 2493
1.810044527053833, 2492
1.810044527053833, 2491
1.8140339851379395, 2490
1.816028356552124, 2489
1.8389670848846436, 2488
1.84295654296875, 2487
1.8668923377990723, 2486
1.8738737106323242, 2485
1.8738737106323242, 2484
1.879953145980835, 2483
1.880951166152954, 2482
1.8860416412353516, 2481
1.8860416412353516, 2480
1.889033317565918, 2479
1.890030860900879, 2478
1.890030860900879, 2477
1.8930227756500244, 2476
1.8930227756500244, 2475
1.9230310916900635, 2474
1.9651098251342773, 2473
1.9760816097259521, 2472
1.984060287475586, 2471
1.989842414855957, 2470
1.989842414855957, 2469
1.9918017387390137, 2468
1.9918017387390137, 2467
1.993833065032959, 2466
1.993833065032959, 2465
1.9958922863006592, 2464
1.9979193210601807, 2463
1.9999120235443115, 2462
1.9999120235443115, 2461
2.0240981578826904, 2460
2.0291645526885986, 2459
2.0291645526885986, 2458
2.044123649597168, 2457
2.05409836769104, 2456
2.0650997161865234, 2455
2.0790295600891113, 2454
2.083019495010376, 2453
2.1369075775146484, 2452
2.137876272201538, 2451
2.146881341934204, 2450
2.1548285484313965, 2449
2.158818244934082, 2448
2.162806749343872, 2447
2.1758034229278564, 2446
2.2326200008392334, 2445
2.2326200008392334, 2444
2.2326200008392334, 2443
2.2665605545043945, 2442
2.28548002243042, 2441
2.2954506874084473, 2440
2.3054254055023193, 2439
2.306422710418701, 2438
2.307420015335083, 2437
2.307420015335083, 2436
2.3084168434143066, 2435
2.3084168434143066, 2434
2.309413433074951, 2433
2.3343470096588135, 2432
2.342325448989868, 2431
2.342325448989868, 2430
2.3483099937438965, 2429
2.3483099937438965, 2428
2.3483099937438965, 2427
2.357286214828491, 2426
2.3692541122436523, 2425
2.371248722076416, 2424
2.386209011077881, 2423
2.3994436264038086, 2422
2.4014384746551514, 2421
2.4075825214385986, 2420
2.4145638942718506, 2419
2.4165585041046143, 2418
2.418553352355957, 2417
2.437767267227173, 2416
2.455805778503418, 2415
2.4588024616241455, 2414
2.5207393169403076, 2413
2.5207393169403076, 2412
2.5217361450195312, 2411
2.5306801795959473, 2410
2.531679630279541, 2409
2.531679630279541, 2408
2.5635931491851807, 2407
2.5865318775177, 2406
2.6015231609344482, 2405
2.6075081825256348, 2404
2.6075081825256348, 2403
2.6084728240966797, 2402
2.611470937728882, 2401
2.617447853088379, 2400
2.619445562362671, 2399
2.6254279613494873, 2398
2.637427568435669, 2397
2.64839768409729, 2396
2.64839768409729, 2395
2.64839768409729, 2394
2.64839768409729, 2393
2.64839768409729, 2392
2.6523563861846924, 2391
2.653352975845337, 2390
2.655379056930542, 2389
2.659339189529419, 2388
2.659339189529419, 2387
2.659339189529419, 2386
2.670450210571289, 2385
2.6714162826538086, 2384
2.676506757736206, 2383
2.773336887359619, 2382
2.7813525199890137, 2381
2.7813525199890137, 2380
2.7903239727020264, 2379
2.8332087993621826, 2378
2.851130485534668, 2377
2.8660902976989746, 2376
2.871077060699463, 2375
2.8730716705322266, 2374
2.8830807209014893, 2373
2.893016815185547, 2372
2.8940138816833496, 2371
2.929950475692749, 2370
2.929950475692749, 2369
2.93294620513916, 2368
2.937899351119995, 2367
2.949866771697998, 2366
2.9528896808624268, 2365
2.9528896808624268, 2364
2.9538862705230713, 2363
2.9598679542541504, 2362
2.977822780609131, 2361
2.9889237880706787, 2360
2.9899179935455322, 2359
2.9899179935455322, 2358
2.9948747158050537, 2357
3.0626933574676514, 2356
3.075687885284424, 2355
3.075687885284424, 2354
3.0776519775390625, 2353
3.1085691452026367, 2352
3.1085691452026367, 2351
3.1085691452026367, 2350
3.110596179962158, 2349
3.114553451538086, 2348
3.119539499282837, 2347
3.134500026702881, 2346
3.1455016136169434, 2345
3.1455016136169434, 2344
3.146498918533325, 2343
3.169409990310669, 2342
3.2064623832702637, 2341
3.251938819885254, 2340
3.2688615322113037, 2339
3.2878427505493164, 2338
3.3038077354431152, 2337
3.3067941665649414, 2336
3.3077898025512695, 2335
3.319760322570801, 2334
3.323714256286621, 2333
3.327705144882202, 2332
3.327705144882202, 2331
3.3326914310455322, 2330
3.419461727142334, 2329
3.425445079803467, 2328
3.5790324211120605, 2327
3.581026077270508, 2326
3.5840189456939697, 2325
3.587010622024536, 2324
3.588007688522339, 2323
3.588007688522339, 2322
3.5940101146698, 2321
3.5970160961151123, 2320
3.60296893119812, 2319
3.6069588661193848, 2318
3.6408684253692627, 2317
3.6498422622680664, 2316
3.709714889526367, 2315
3.9751226902008057, 2314
3.992074966430664, 2313
3.9930419921875, 2312
3.9940669536590576, 2311
4.056079864501953, 2310
4.061158657073975, 2309
4.068274021148682, 2308
4.07126259803772, 2307
4.07126259803772, 2306
4.076319932937622, 2305
4.098357677459717, 2304
4.127492666244507, 2303
4.1374671459198, 2302
4.194342613220215, 2301
4.265155792236328, 2300
4.267150402069092, 2299
4.27213716506958, 2298
4.274129152297974, 2297
4.317236423492432, 2296
4.317236423492432, 2295
4.354331731796265, 2294
4.360440254211426, 2293
4.371592044830322, 2292
4.411863088607788, 2291
4.4148547649383545, 2290
4.41884446144104, 2289
4.450820684432983, 2288
4.496037721633911, 2287
4.503078460693359, 2286
4.504075050354004, 2285
4.508066177368164, 2284
4.513117790222168, 2283
4.5151121616363525, 2282
4.518303155899048, 2281
4.52535343170166, 2280
4.632620811462402, 2279
4.641564607620239, 2278
4.792420148849487, 2277
9.680208206176758, 2276
9.8290274143219, 2275
9.835013151168823, 2274
9.994771718978882, 2273
10.033986330032349, 2272
10.428368330001831, 2271
10.440337657928467, 2270
10.519126653671265, 2269
10.542064428329468, 2268
10.609883069992065, 2267
10.8602135181427, 2266
10.862208366394043, 2265
11.147445440292358, 2264
11.148443460464478, 2263
11.243190050125122, 2262
11.614429235458374, 2261
11.828556776046753, 2260
11.828556776046753, 2259
12.139275789260864, 2258
12.196125507354736, 2257
12.349714040756226, 2256
12.469175815582275, 2255
12.691071510314941, 2254
12.71324872970581, 2253
12.909440279006958, 2252
12.977084398269653, 2251
13.11425256729126, 2250
13.338685035705566, 2249
13.348857164382935, 2248
13.619592428207397, 2247
14.085345029830933, 2246
14.146031856536865, 2245
14.35411024093628, 2244
14.532598495483398, 2243
14.828805685043335, 2242
14.852761268615723, 2241
15.516817331314087, 2240
15.873985767364502, 2239
16.532235860824585, 2238
16.67870593070984, 2237
17.263824462890625, 2236
18.04245615005493, 2235
18.04945158958435, 2234
19.263351678848267, 2233
19.823991775512695, 2232
21.223286151885986, 2231
21.525945901870728, 2230
21.747421979904175, 2229
22.010666847229004, 2228
22.67397975921631, 2227
23.15109395980835, 2226
23.189663410186768, 2225
23.243021249771118, 2224
24.126545429229736, 2223
24.42137837409973, 2222
24.86603808403015, 2221
25.939667224884033, 2220
26.025964975357056, 2219
29.574070930480957, 2218
33.19674015045166, 2217
36.417869091033936, 2216
37.179304361343384, 2215
41.834880352020264, 2214
42.399760723114014, 2213
43.166189193725586, 2212
44.639402866363525, 2211
46.90586256980896, 2210
47.768510818481445, 2209
53.54992747306824, 2208
61.36105680465698, 2207
65.00606369972229, 2206
75.50464129447937, 2205
