0.28640294075012207, 10747
0.34923696517944336, 10746
0.3941500186920166, 10745
0.437028169631958, 10744
0.478717565536499, 10743
0.5276920795440674, 10742
0.5774567127227783, 10741
0.6234312057495117, 10740
0.6704914569854736, 10739
0.7113466262817383, 10738
0.7814099788665771, 10737
0.8531913757324219, 10736
0.9002780914306641, 10735
0.953136682510376, 10734
0.955132246017456, 10733
0.9571263790130615, 10732
0.9581234455108643, 10731
0.9591214656829834, 10730
0.9611155986785889, 10729
0.9631094932556152, 10728
0.9651041030883789, 10727
0.9671311378479004, 10726
0.9671311378479004, 10725
0.9681282043457031, 10724
0.9691290855407715, 10723
0.970123291015625, 10722
0.9711196422576904, 10721
0.9721171855926514, 10720
0.9730877876281738, 10719
0.974111795425415, 10718
0.9761075973510742, 10717
0.9781010150909424, 10716
0.9790992736816406, 10715
0.9800970554351807, 10714
0.9810941219329834, 10713
0.9820904731750488, 10712
0.9830882549285889, 10711
0.9840848445892334, 10710
0.9850504398345947, 10709
0.9860806465148926, 10708
0.9871957302093506, 10707
0.9882252216339111, 10706
0.989224910736084, 10705
0.9902198314666748, 10704
0.9912168979644775, 10703
0.9922125339508057, 10702
0.9932122230529785, 10701
0.9942090511322021, 10700
0.9961721897125244, 10699
0.9981660842895508, 10698
1.0011579990386963, 10697
1.0051474571228027, 10696
1.0061471462249756, 10695
1.0071444511413574, 10694
1.008141040802002, 10693
1.0101356506347656, 10692
1.01125168800354, 10691
1.0122511386871338, 10690
1.0132482051849365, 10689
1.0142450332641602, 10688
1.0152409076690674, 10687
1.0172369480133057, 10686
1.0182344913482666, 10685
1.0193884372711182, 10684
1.0213842391967773, 10683
1.0223815441131592, 10682
1.0243806838989258, 10681
1.026371955871582, 10680
1.0284993648529053, 10679
1.030494213104248, 10678
1.0314915180206299, 10677
1.0324902534484863, 10676
1.033484935760498, 10675
1.0344839096069336, 10674
1.0364787578582764, 10673
1.0374755859375, 10672
1.0394701957702637, 10671
1.0414650440216064, 10670
1.0414650440216064, 10669
1.0435888767242432, 10668
1.0455820560455322, 10667
1.0465810298919678, 10666
1.0475783348083496, 10665
1.0485742092132568, 10664
1.049572229385376, 10663
1.0506489276885986, 10662
1.0526440143585205, 10661
1.0546388626098633, 10660
1.0576307773590088, 10659
1.0606954097747803, 10658
1.0656816959381104, 10657
1.0707464218139648, 10656
1.0737371444702148, 10655
1.0747344493865967, 10654
1.0757317543029785, 10653
1.0767288208007812, 10652
1.0767288208007812, 10651
1.077726125717163, 10650
1.0787243843078613, 10649
1.0797216892242432, 10648
1.0807182788848877, 10647
1.0817158222198486, 10646
1.0828495025634766, 10645
1.0848448276519775, 10644
1.0878405570983887, 10643
1.0898315906524658, 10642
1.091134786605835, 10641
1.0921337604522705, 10640
1.094128131866455, 10639
1.0971202850341797, 10638
1.0981178283691406, 10637
1.1002404689788818, 10636
1.1012377738952637, 10635
1.1042304039001465, 10634
1.1052277088165283, 10633
1.1073102951049805, 10632
1.1083102226257324, 10631
1.1093056201934814, 10630
1.1103029251098633, 10629
1.1113004684448242, 10628
1.112297534942627, 10627
1.1132957935333252, 10626
1.1142921447753906, 10625
1.1162869930267334, 10624
1.1172852516174316, 10623
1.119279146194458, 10622
1.1212739944458008, 10621
1.1252684593200684, 10620
1.1302504539489746, 10619
1.1332416534423828, 10618
1.1342389583587646, 10617
1.1352384090423584, 10616
1.1362354755401611, 10615
1.1382286548614502, 10614
1.1382286548614502, 10613
1.1392261981964111, 10612
1.1402230262756348, 10611
1.1412203311920166, 10610
1.1422173976898193, 10609
1.1432149410247803, 10608
1.144212245941162, 10607
1.1452107429504395, 10606
1.1462106704711914, 10605
1.147205114364624, 10604
1.1482017040252686, 10603
1.1491987705230713, 10602
1.1511948108673096, 10601
1.1531896591186523, 10600
1.1531896591186523, 10599
1.1562299728393555, 10598
1.158203363418579, 10597
1.1591989994049072, 10596
1.1602025032043457, 10595
1.161198616027832, 10594
1.1621983051300049, 10593
1.1641595363616943, 10592
1.1651561260223389, 10591
1.1661531925201416, 10590
1.1671829223632812, 10589
1.1681809425354004, 10588
1.1691770553588867, 10587
1.1702749729156494, 10586
1.1732709407806396, 10585
1.1762611865997314, 10584
1.1782541275024414, 10583
1.1812796592712402, 10582
1.184269905090332, 10581
1.1882281303405762, 10580
1.1942121982574463, 10579
1.20219087600708, 10578
1.2121641635894775, 10577
1.2241313457489014, 10576
1.2251286506652832, 10575
1.2261276245117188, 10574
1.227325201034546, 10573
1.2283241748809814, 10572
1.2303187847137451, 10571
1.2323133945465088, 10570
1.2333106994628906, 10569
1.2353038787841797, 10568
1.2373011112213135, 10567
1.238297700881958, 10566
1.2392947673797607, 10565
1.2412891387939453, 10564
1.2422869205474854, 10563
1.243283748626709, 10562
1.2442800998687744, 10561
1.245276927947998, 10560
1.2502703666687012, 10559
1.2532567977905273, 10558
1.2542550563812256, 10557
1.2552525997161865, 10556
1.2562487125396729, 10555
1.2582433223724365, 10554
1.2592403888702393, 10553
1.2602369785308838, 10552
1.2612342834472656, 10551
1.2622315883636475, 10550
1.2642271518707275, 10549
1.2672202587127686, 10548
1.2682175636291504, 10547
1.2692146301269531, 10546
1.270211935043335, 10545
1.274202585220337, 10544
1.2751977443695068, 10543
1.2761948108673096, 10542
1.2771916389465332, 10541
1.2791869640350342, 10540
1.2831790447235107, 10539
1.2891616821289062, 10538
1.2901582717895508, 10537
1.2911581993103027, 10536
1.292154312133789, 10535
1.29315185546875, 10534
1.2971405982971191, 10533
1.2981376647949219, 10532
1.3001320362091064, 10531
1.303126335144043, 10530
1.3061161041259766, 10529
1.3081111907958984, 10528
1.310105562210083, 10527
1.311100959777832, 10526
1.3120982646942139, 10525
1.3170862197875977, 10524
1.3190832138061523, 10523
1.3210763931274414, 10522
1.3270587921142578, 10521
1.3280558586120605, 10520
1.3340413570404053, 10519
1.3360364437103271, 10518
1.3390283584594727, 10517
1.3430242538452148, 10516
1.3440139293670654, 10515
1.34501051902771, 10514
1.3509957790374756, 10513
1.352989912033081, 10512
1.3549847602844238, 10511
1.3589742183685303, 10510
1.3609676361083984, 10509
1.3699448108673096, 10508
1.3769259452819824, 10507
1.388899564743042, 10506
1.393880844116211, 10505
1.3968820571899414, 10504
1.4018609523773193, 10503
1.4038536548614502, 10502
1.405853033065796, 10501
1.4098381996154785, 10500
1.4108355045318604, 10499
1.4128289222717285, 10498
1.4178171157836914, 10497
1.4198129177093506, 10496
1.4218065738677979, 10495
1.4267933368682861, 10494
1.427790880203247, 10493
1.4307835102081299, 10492
1.4357740879058838, 10491
1.4377658367156982, 10490
1.441755771636963, 10489
1.4447455406188965, 10488
1.4507441520690918, 10487
1.4527266025543213, 10486
1.4547197818756104, 10485
1.4876317977905273, 10484
1.49062180519104, 10483
1.4936132431030273, 10482
1.4976046085357666, 10481
1.5015926361083984, 10480
1.5085747241973877, 10479
1.5165529251098633, 10478
1.519545078277588, 10477
1.522536277770996, 10476
1.5434982776641846, 10475
1.550462245941162, 10474
1.5554499626159668, 10473
1.5584423542022705, 10472
1.5654637813568115, 10471
1.5734024047851562, 10470
1.5873637199401855, 10469
1.595341682434082, 10468
1.603320598602295, 10467
1.6063141822814941, 10466
1.6093051433563232, 10465
1.6142916679382324, 10464
1.6172840595245361, 10463
1.621297836303711, 10462
1.624267578125, 10461
1.6282541751861572, 10460
1.6322431564331055, 10459
1.6332433223724365, 10458
1.6342380046844482, 10457
1.6362419128417969, 10456
1.6412198543548584, 10455
1.6442112922668457, 10454
1.6472489833831787, 10453
1.6482019424438477, 10452
1.6501994132995605, 10451
1.6591708660125732, 10450
1.6621618270874023, 10449
1.6641607284545898, 10448
1.6671690940856934, 10447
1.670142412185669, 10446
1.671140193939209, 10445
1.6721370220184326, 10444
1.6731343269348145, 10443
1.6831068992614746, 10442
1.6860997676849365, 10441
1.689091444015503, 10440
1.6930816173553467, 10439
1.6970698833465576, 10438
1.700061559677124, 10437
1.7020585536956787, 10436
1.7060465812683105, 10435
1.7090380191802979, 10434
1.7120299339294434, 10433
1.717036247253418, 10432
1.7239983081817627, 10431
1.72898530960083, 10430
1.7369625568389893, 10429
1.7429466247558594, 10428
1.752920150756836, 10427
1.7638905048370361, 10426
1.7648890018463135, 10425
1.7658865451812744, 10424
1.812760353088379, 10423
1.8137574195861816, 10422
1.8137574195861816, 10421
1.8147542476654053, 10420
1.8157520294189453, 10419
1.8157520294189453, 10418
1.8167495727539062, 10417
1.8177495002746582, 10416
1.8177495002746582, 10415
1.8187439441680908, 10414
1.8187439441680908, 10413
1.8197417259216309, 10412
1.8197417259216309, 10411
1.8207383155822754, 10410
1.8207383155822754, 10409
1.8217353820800781, 10408
1.822732925415039, 10407
1.822732925415039, 10406
1.823730230331421, 10405
1.823730230331421, 10404
1.8247277736663818, 10403
1.8257262706756592, 10402
1.826857328414917, 10401
1.8288516998291016, 10400
1.829857587814331, 10399
1.8308477401733398, 10398
1.8308477401733398, 10397
1.8318445682525635, 10396
1.8318445682525635, 10395
1.8328421115875244, 10394
1.8328421115875244, 10393
1.833838939666748, 10392
1.8358347415924072, 10391
1.8368308544158936, 10390
1.8378281593322754, 10389
1.8388254642486572, 10388
1.8398230075836182, 10387
1.8398230075836182, 10386
1.8418173789978027, 10385
1.8418173789978027, 10384
1.8429381847381592, 10383
1.8438124656677246, 10382
1.84580659866333, 10381
1.8468043804168701, 10380
1.8478021621704102, 10379
1.8497965335845947, 10378
1.8497965335845947, 10377
1.8507931232452393, 10376
1.8507931232452393, 10375
1.8517911434173584, 10374
1.8527874946594238, 10373
1.8527874946594238, 10372
1.8537847995758057, 10371
1.8537847995758057, 10370
1.8547828197479248, 10369
1.8557806015014648, 10368
1.8557806015014648, 10367
1.8567769527435303, 10366
1.8567769527435303, 10365
1.857774019241333, 10364
1.857774019241333, 10363
1.8587720394134521, 10362
1.8597710132598877, 10361
1.8597710132598877, 10360
1.8607664108276367, 10359
1.8627636432647705, 10358
1.8637588024139404, 10357
1.8647565841674805, 10356
1.866750717163086, 10355
1.866750717163086, 10354
1.8677480220794678, 10353
1.8677480220794678, 10352
1.8687446117401123, 10351
1.8687446117401123, 10350
1.8697433471679688, 10349
1.870741605758667, 10348
1.870741605758667, 10347
1.871736764907837, 10346
1.871736764907837, 10345
1.8727343082427979, 10344
1.8727343082427979, 10343
1.8737313747406006, 10342
1.8737313747406006, 10341
1.875727653503418, 10340
1.875727653503418, 10339
1.8767237663269043, 10338
1.8777551651000977, 10337
1.8787527084350586, 10336
1.8797519207000732, 10335
1.8797519207000732, 10334
1.8807482719421387, 10333
1.8827085494995117, 10332
1.8837099075317383, 10331
1.8847053050994873, 10330
1.8856995105743408, 10329
1.8867003917694092, 10328
1.8876969814300537, 10327
1.8876969814300537, 10326
1.8886933326721191, 10325
1.8886933326721191, 10324
1.88969087600708, 10323
1.8916852474212646, 10322
1.8916852474212646, 10321
1.8936800956726074, 10320
1.8956739902496338, 10319
1.8966715335845947, 10318
1.8976683616638184, 10317
1.8996646404266357, 10316
1.900674819946289, 10315
1.9016611576080322, 10314
1.9046516418457031, 10313
1.905649185180664, 10312
1.9066457748413086, 10311
1.9076435565948486, 10310
1.9076435565948486, 10309
1.9086403846740723, 10308
1.909637451171875, 10307
1.9106345176696777, 10306
1.912630319595337, 10305
1.9146230220794678, 10304
1.9146230220794678, 10303
1.9156200885772705, 10302
1.9156200885772705, 10301
1.916616678237915, 10300
1.916616678237915, 10299
1.9176139831542969, 10298
1.9176139831542969, 10297
1.9186112880706787, 10296
1.9196085929870605, 10295
1.9196085929870605, 10294
1.9206061363220215, 10293
1.9216036796569824, 10292
1.9226019382476807, 10291
1.9226019382476807, 10290
1.9235985279083252, 10289
1.9266071319580078, 10288
1.93058180809021, 10287
1.9325757026672363, 10286
1.9335746765136719, 10285
1.9345717430114746, 10284
1.9355671405792236, 10283
1.9375615119934082, 10282
1.9375615119934082, 10281
1.938558578491211, 10280
1.938558578491211, 10279
1.9395554065704346, 10278
1.9405527114868164, 10277
1.9405527114868164, 10276
1.9415500164031982, 10275
1.9415500164031982, 10274
1.9425475597381592, 10273
1.943544626235962, 10272
1.943544626235962, 10271
1.945540189743042, 10270
1.9465405941009521, 10269
1.9475369453430176, 10268
1.9495301246643066, 10267
1.9515280723571777, 10266
1.9555144309997559, 10265
1.9565436840057373, 10264
1.9575400352478027, 10263
1.9575400352478027, 10262
1.9585390090942383, 10261
1.9595046043395996, 10260
1.9605011940002441, 10259
1.9605011940002441, 10258
1.9614994525909424, 10257
1.9624948501586914, 10256
1.9644896984100342, 10255
1.9644896984100342, 10254
1.966484785079956, 10253
1.9675140380859375, 10252
1.9675140380859375, 10251
1.9685113430023193, 10250
1.9685113430023193, 10249
1.9695088863372803, 10248
1.9695088863372803, 10247
1.970506191253662, 10246
1.970506191253662, 10245
1.9715044498443604, 10244
1.9715044498443604, 10243
1.9725005626678467, 10242
1.9734973907470703, 10241
1.974496841430664, 10240
1.976548671722412, 10239
1.9784860610961914, 10238
1.9804484844207764, 10237
1.9814453125, 10236
1.9834394454956055, 10235
1.9854345321655273, 10234
1.9884264469146729, 10233
1.990422010421753, 10232
1.990422010421753, 10231
1.9924159049987793, 10230
1.9924159049987793, 10229
1.9934134483337402, 10228
1.9954071044921875, 10227
1.9974017143249512, 10226
1.999398946762085, 10225
1.999398946762085, 10224
2.0003950595855713, 10223
2.0003950595855713, 10222
2.0023889541625977, 10221
2.003386974334717, 10220
2.0043842792510986, 10219
2.005380392074585, 10218
2.005380392074585, 10217
2.00641131401062, 10216
2.0074074268341064, 10215
2.0084068775177, 10214
2.0084068775177, 10213
2.009401559829712, 10212
2.013359546661377, 10211
2.01435923576355, 10210
2.0153541564941406, 10209
2.0153541564941406, 10208
2.0163910388946533, 10207
2.0163910388946533, 10206
2.017380714416504, 10205
2.017380714416504, 10204
2.019343376159668, 10203
2.019343376159668, 10202
2.0203397274017334, 10201
2.0203397274017334, 10200
2.021336555480957, 10199
2.022333860397339, 10198
2.022333860397339, 10197
2.0233314037323, 10196
2.0233314037323, 10195
2.0243287086486816, 10194
2.0243287086486816, 10193
2.0263240337371826, 10192
2.0273218154907227, 10191
2.0293164253234863, 10190
2.0303211212158203, 10189
2.0313117504119873, 10188
2.032309055328369, 10187
2.034303903579712, 10186
2.034303903579712, 10185
2.0353009700775146, 10184
2.0353009700775146, 10183
2.0362985134124756, 10182
2.0362985134124756, 10181
2.037294864654541, 10180
2.037294864654541, 10179
2.038292169570923, 10178
2.038292169570923, 10177
2.0392894744873047, 10176
2.0402867794036865, 10175
2.0412850379943848, 10174
2.0412850379943848, 10173
2.0422821044921875, 10172
2.0422821044921875, 10171
2.0432798862457275, 10170
2.0432798862457275, 10169
2.044276237487793, 10168
2.0452749729156494, 10167
2.0472705364227295, 10166
2.048267126083374, 10165
2.0492639541625977, 10164
2.0492639541625977, 10163
2.050260543823242, 10162
2.050260543823242, 10161
2.051258087158203, 10160
2.051258087158203, 10159
2.0522549152374268, 10158
2.0532524585723877, 10157
2.0532524585723877, 10156
2.0542495250701904, 10155
2.0542495250701904, 10154
2.055248260498047, 10153
2.056243896484375, 10152
2.056243896484375, 10151
2.0572423934936523, 10150
2.0572423934936523, 10149
2.058238983154297, 10148
2.059237241744995, 10147
2.059237241744995, 10146
2.0602335929870605, 10145
2.0602335929870605, 10144
2.0612306594848633, 10143
2.062229871749878, 10142
2.062229871749878, 10141
2.0642247200012207, 10140
2.065221071243286, 10139
2.0662178993225098, 10138
2.0672173500061035, 10137
2.0672173500061035, 10136
2.0682148933410645, 10135
2.071204662322998, 10134
2.0722029209136963, 10133
2.0722029209136963, 10132
2.074197769165039, 10131
2.0751945972442627, 10130
2.0751945972442627, 10129
2.0761945247650146, 10128
2.0771894454956055, 10127
2.079183340072632, 10126
2.080181121826172, 10125
2.081179618835449, 10124
2.081179618835449, 10123
2.082174301147461, 10122
2.0831713676452637, 10121
2.0831713676452637, 10120
2.0841686725616455, 10119
2.0841686725616455, 10118
2.0861644744873047, 10117
2.0861644744873047, 10116
2.0871949195861816, 10115
2.0871949195861816, 10114
2.0891571044921875, 10113
2.0891571044921875, 10112
2.0901551246643066, 10111
2.093165397644043, 10110
2.0941429138183594, 10109
2.0941429138183594, 10108
2.0961382389068604, 10107
2.0971362590789795, 10106
2.0991296768188477, 10105
2.1001267433166504, 10104
2.1001267433166504, 10103
2.101125955581665, 10102
2.102123260498047, 10101
2.102123260498047, 10100
2.1031200885772705, 10099
2.1041171550750732, 10098
2.1051154136657715, 10097
2.106112003326416, 10096
2.1071090698242188, 10095
2.1071090698242188, 10094
2.109102725982666, 10093
2.109102725982666, 10092
2.1100995540618896, 10091
2.1100995540618896, 10090
2.1110966205596924, 10089
2.1110966205596924, 10088
2.1120967864990234, 10087
2.1130945682525635, 10086
2.1140899658203125, 10085
2.1140899658203125, 10084
2.115086317062378, 10083
2.1160848140716553, 10082
2.117114782333374, 10081
2.117114782333374, 10080
2.1181116104125977, 10079
2.1181116104125977, 10078
2.119108200073242, 10077
2.1200737953186035, 10076
2.121070146560669, 10075
2.1220672130584717, 10074
2.1220672130584717, 10073
2.1230645179748535, 10072
2.1230645179748535, 10071
2.1240952014923096, 10070
2.1240952014923096, 10069
2.125060558319092, 10068
2.1260931491851807, 10067
2.1260931491851807, 10066
2.1270885467529297, 10065
2.1270885467529297, 10064
2.128087282180786, 10063
2.128087282180786, 10062
2.1290512084960938, 10061
2.13104510307312, 10060
2.132042407989502, 10059
2.132042407989502, 10058
2.133040189743042, 10057
2.1340367794036865, 10056
2.137028217315674, 10055
2.1380252838134766, 10054
2.1390573978424072, 10053
2.1400530338287354, 10052
2.1400530338287354, 10051
2.1410508155822754, 10050
2.1410508155822754, 10049
2.1420483589172363, 10048
2.1420483589172363, 10047
2.14304518699646, 10046
2.14304518699646, 10045
2.144050359725952, 10044
2.144050359725952, 10043
2.1450769901275635, 10042
2.1470420360565186, 10041
2.1480371952056885, 10040
2.1490354537963867, 10039
2.1500325202941895, 10038
2.1510283946990967, 10037
2.1510283946990967, 10036
2.1520252227783203, 10035
2.1520252227783203, 10034
2.1540229320526123, 10033
2.155019760131836, 10032
2.155019760131836, 10031
2.1560170650482178, 10030
2.1560170650482178, 10029
2.1570141315460205, 10028
2.160010814666748, 10027
2.1610031127929688, 10026
2.1610031127929688, 10025
2.1630115509033203, 10024
2.1639974117279053, 10023
2.1659891605377197, 10022
2.166989803314209, 10021
2.1689815521240234, 10020
2.1709775924682617, 10019
2.1729722023010254, 10018
2.1729722023010254, 10017
2.1749653816223145, 10016
2.17596435546875, 10015
2.17596435546875, 10014
2.1769587993621826, 10013
2.1769587993621826, 10012
2.1779556274414062, 10011
2.1789538860321045, 10010
2.1799519062042236, 10009
2.181947708129883, 10008
2.181947708129883, 10007
2.18294358253479, 10006
2.18294358253479, 10005
2.18394136428833, 10004
2.18394136428833, 10003
2.184938430786133, 10002
2.184938430786133, 10001
2.185936212539673, 10000
2.1869330406188965, 9999
2.1879303455352783, 9998
2.1879303455352783, 9997
2.188927173614502, 9996
2.188927173614502, 9995
2.189924478530884, 9994
2.1909236907958984, 9993
2.1919195652008057, 9992
2.1939501762390137, 9991
2.1949121952056885, 9990
2.1969072818756104, 9989
2.1989011764526367, 9988
2.1989011764526367, 9987
2.199897289276123, 9986
2.199897289276123, 9985
2.200894594192505, 9984
2.200894594192505, 9983
2.2018916606903076, 9982
2.2018916606903076, 9981
2.2028892040252686, 9980
2.2028892040252686, 9979
2.2038865089416504, 9978
2.2038865089416504, 9977
2.2058868408203125, 9976
2.206879138946533, 9975
2.206879138946533, 9974
2.207875967025757, 9973
2.207875967025757, 9972
2.2088732719421387, 9971
2.2088732719421387, 9970
2.2098703384399414, 9969
2.2108678817749023, 9968
2.2108678817749023, 9967
2.211865186691284, 9966
2.2138614654541016, 9965
2.2148592472076416, 9964
2.2158570289611816, 9963
2.217850685119629, 9962
2.2188479900360107, 9961
2.2198452949523926, 9960
2.220841646194458, 9959
2.220841646194458, 9958
2.221839427947998, 9957
2.221839427947998, 9956
2.2228357791900635, 9955
2.2228357791900635, 9954
2.2238330841064453, 9953
2.2238330841064453, 9952
2.224830389022827, 9951
2.224830389022827, 9950
2.2258284091949463, 9949
2.226825714111328, 9948
2.226825714111328, 9947
2.2288219928741455, 9946
2.229820966720581, 9945
2.229820966720581, 9944
2.2308175563812256, 9943
2.2318131923675537, 9942
2.2328126430511475, 9941
2.2338101863861084, 9940
2.2338101863861084, 9939
2.236799478530884, 9938
2.238795757293701, 9937
2.238795757293701, 9936
2.2397923469543457, 9935
2.2397923469543457, 9934
2.2407898902893066, 9933
2.2417871952056885, 9932
2.2427847385406494, 9931
2.2438130378723145, 9930
2.2438130378723145, 9929
2.2448174953460693, 9928
2.2458155155181885, 9927
2.2478067874908447, 9926
2.2488036155700684, 9925
2.2488036155700684, 9924
2.249799966812134, 9923
2.2507994174957275, 9922
2.2507994174957275, 9921
2.251796245574951, 9920
2.251796245574951, 9919
2.252793550491333, 9918
2.253791093826294, 9917
2.2547881603240967, 9916
2.2567827701568604, 9915
2.258786916732788, 9914
2.260772228240967, 9913
2.260772228240967, 9912
2.2627768516540527, 9911
2.2647604942321777, 9910
2.2667548656463623, 9909
2.2677526473999023, 9908
2.269746780395508, 9907
2.2707440853118896, 9906
2.2727396488189697, 9905
2.274766206741333, 9904
2.275731325149536, 9903
2.275731325149536, 9902
2.2767281532287598, 9901
2.2767281532287598, 9900
2.2807180881500244, 9899
2.282714366912842, 9898
2.2837119102478027, 9897
2.2837119102478027, 9896
2.2847087383270264, 9895
2.286703586578369, 9894
2.286703586578369, 9893
2.28770112991333, 9892
2.288698434829712, 9891
2.288698434829712, 9890
2.2896952629089355, 9889
2.2896952629089355, 9888
2.2906923294067383, 9887
2.29168963432312, 9886
2.29168963432312, 9885
2.292686939239502, 9884
2.292686939239502, 9883
2.293684244155884, 9882
2.2956795692443848, 9881
2.2956795692443848, 9880
2.296677827835083, 9879
2.296677827835083, 9878
2.2986698150634766, 9877
2.2996668815612793, 9876
2.3016610145568848, 9875
2.3026607036590576, 9874
2.3026607036590576, 9873
2.3036575317382812, 9872
2.3046553134918213, 9871
2.306649923324585, 9870
2.307647228240967, 9869
2.307647228240967, 9868
2.3086442947387695, 9867
2.3096418380737305, 9866
2.3096418380737305, 9865
2.310640573501587, 9864
2.310640573501587, 9863
2.3126344680786133, 9862
2.313631296157837, 9861
2.3146283626556396, 9860
2.3156259059906006, 9859
2.3176207542419434, 9858
2.318617582321167, 9857
2.319614887237549, 9856
2.320612668991089, 9855
2.320612668991089, 9854
2.3216099739074707, 9853
2.3216099739074707, 9852
2.3226070404052734, 9851
2.3226070404052734, 9850
2.3236050605773926, 9849
2.3236050605773926, 9848
2.324601888656616, 9847
2.3255999088287354, 9846
2.326596736907959, 9845
2.326596736907959, 9844
2.3275935649871826, 9843
2.328589677810669, 9842
2.3306634426116943, 9841
2.331662654876709, 9840
2.333656072616577, 9839
2.3356542587280273, 9838
2.337646961212158, 9837
2.338794469833374, 9836
2.340789556503296, 9835
2.3417868614196777, 9834
2.3417868614196777, 9833
2.3427839279174805, 9832
2.3427839279174805, 9831
2.343780517578125, 9830
2.343780517578125, 9829
2.345776319503784, 9828
2.346874952316284, 9827
2.347874641418457, 9826
2.3488717079162598, 9825
2.350865602493286, 9824
2.351863384246826, 9823
2.351863384246826, 9822
2.352860450744629, 9821
2.3538575172424316, 9820
2.354855537414551, 9819
2.355853319168091, 9818
2.355853319168091, 9817
2.3568501472473145, 9816
2.357847213745117, 9815
2.3598415851593018, 9814
2.3608388900756836, 9813
2.3618361949920654, 9812
2.363830804824829, 9811
2.365828037261963, 9810
2.3668229579925537, 9809
2.3678197860717773, 9808
2.3688156604766846, 9807
2.3688156604766846, 9806
2.3698132038116455, 9805
2.370903491973877, 9804
2.371901512145996, 9803
2.3738949298858643, 9802
2.3748934268951416, 9801
2.3768868446350098, 9800
2.3778858184814453, 9799
2.3778858184814453, 9798
2.3789641857147217, 9797
2.3789641857147217, 9796
2.379962682723999, 9795
2.379962682723999, 9794
2.3809597492218018, 9793
2.3809597492218018, 9792
2.3819568157196045, 9791
2.3819568157196045, 9790
2.3829550743103027, 9789
2.3829550743103027, 9788
2.3839516639709473, 9787
2.384949207305908, 9786
2.384949207305908, 9785
2.3859474658966064, 9784
2.3859474658966064, 9783
2.3870224952697754, 9782
2.3870224952697754, 9781
2.3880209922790527, 9780
2.3880209922790527, 9779
2.3890178203582764, 9778
2.3890178203582764, 9777
2.3900153636932373, 9776
2.3900153636932373, 9775
2.391012668609619, 9774
2.391012668609619, 9773
2.3920109272003174, 9772
2.393007278442383, 9771
2.393007278442383, 9770
2.393007278442383, 9769
2.3940045833587646, 9768
2.395002603530884, 9767
2.396003246307373, 9766
2.396003246307373, 9765
2.3969967365264893, 9764
2.3979976177215576, 9763
2.3979976177215576, 9762
2.398991107940674, 9761
2.398991107940674, 9760
2.399989604949951, 9759
2.399989604949951, 9758
2.4009850025177, 9757
2.4009850025177, 9756
2.401982545852661, 9755
2.401982545852661, 9754
2.403102397918701, 9753
2.4039790630340576, 9752
2.4049763679504395, 9751
2.405974864959717, 9750
2.405974864959717, 9749
2.406970977783203, 9748
2.406970977783203, 9747
2.407968521118164, 9746
2.407968521118164, 9745
2.408965587615967, 9744
2.409963369369507, 9743
2.4109601974487305, 9742
2.412090301513672, 9741
2.4130890369415283, 9740
2.4140865802764893, 9739
2.41508412361145, 9738
2.41508412361145, 9737
2.4170782566070557, 9736
2.4180750846862793, 9735
2.419201135635376, 9734
2.420199155807495, 9733
2.4211971759796143, 9732
2.4221935272216797, 9731
2.4221935272216797, 9730
2.4231905937194824, 9729
2.4241881370544434, 9728
2.4261834621429443, 9727
2.4261834621429443, 9726
2.4273035526275635, 9725
2.428302526473999, 9724
2.4292984008789062, 9723
2.4292984008789062, 9722
2.430297613143921, 9721
2.4312944412231445, 9720
2.4322915077209473, 9719
2.433289051055908, 9718
2.43528413772583, 9717
2.436281442642212, 9716
2.4372785091400146, 9715
2.4372785091400146, 9714
2.4382755756378174, 9713
2.4382755756378174, 9712
2.43927264213562, 9711
2.440270185470581, 9710
2.441267728805542, 9709
2.4423861503601074, 9708
2.443385362625122, 9707
2.445378303527832, 9706
2.4463772773742676, 9705
2.4463772773742676, 9704
2.447373628616333, 9703
2.447373628616333, 9702
2.4483706951141357, 9701
2.4483706951141357, 9700
2.4493677616119385, 9699
2.4493677616119385, 9698
2.4504456520080566, 9697
2.4504456520080566, 9696
2.451443910598755, 9695
2.452441692352295, 9694
2.452441692352295, 9693
2.4534382820129395, 9692
2.4534382820129395, 9691
2.4544355869293213, 9690
2.4544355869293213, 9689
2.4554338455200195, 9688
2.4554338455200195, 9687
2.456430196762085, 9686
2.456430196762085, 9685
2.457427501678467, 9684
2.4584975242614746, 9683
2.4584975242614746, 9682
2.4594976902008057, 9681
2.4594976902008057, 9680
2.461489677429199, 9679
2.461489677429199, 9678
2.4624879360198975, 9677
2.4624879360198975, 9676
2.463484287261963, 9675
2.463484287261963, 9674
2.4644813537597656, 9673
2.4644813537597656, 9672
2.4654788970947266, 9671
2.4665868282318115, 9670
2.4665868282318115, 9669
2.467585325241089, 9668
2.4685821533203125, 9667
2.4685821533203125, 9666
2.4695792198181152, 9665
2.4695792198181152, 9664
2.4705770015716553, 9663
2.4705770015716553, 9662
2.4705770015716553, 9661
2.471574068069458, 9660
2.471574068069458, 9659
2.47257137298584, 9658
2.47257137298584, 9657
2.4735686779022217, 9656
2.47456693649292, 9655
2.47456693649292, 9654
2.47456693649292, 9653
2.475564956665039, 9652
2.476560354232788, 9651
2.476560354232788, 9650
2.4775586128234863, 9649
2.4775586128234863, 9648
2.4785566329956055, 9647
2.4785566329956055, 9646
2.479553461074829, 9645
2.479553461074829, 9644
2.4805498123168945, 9643
2.4805498123168945, 9642
2.481548309326172, 9641
2.481548309326172, 9640
2.4826369285583496, 9639
2.4826369285583496, 9638
2.483635187149048, 9637
2.483635187149048, 9636
2.4846322536468506, 9635
2.4846322536468506, 9634
2.4856302738189697, 9633
2.4856302738189697, 9632
2.4856302738189697, 9631
2.4866268634796143, 9630
2.487624168395996, 9629
2.487624168395996, 9628
2.488621234893799, 9627
2.488621234893799, 9626
2.4896202087402344, 9625
2.4896202087402344, 9624
2.4906909465789795, 9623
2.4906909465789795, 9622
2.4916892051696777, 9621
2.492687463760376, 9620
2.4936840534210205, 9619
2.4936840534210205, 9618
2.4946799278259277, 9617
2.4956777095794678, 9616
2.4966750144958496, 9615
2.4966750144958496, 9614
2.4966750144958496, 9613
2.4976718425750732, 9612
2.4976718425750732, 9611
2.498669147491455, 9610
2.498669147491455, 9609
2.499666690826416, 9608
2.499666690826416, 9607
2.5006637573242188, 9606
2.5006637573242188, 9605
2.5016613006591797, 9604
2.5016613006591797, 9603
2.5026586055755615, 9602
2.5026586055755615, 9601
2.5036559104919434, 9600
2.5036559104919434, 9599
2.5046539306640625, 9598
2.5056521892547607, 9597
2.506648302078247, 9596
2.507646083831787, 9595
2.507646083831787, 9594
2.50864315032959, 9593
2.50864315032959, 9592
2.5096399784088135, 9591
2.5096399784088135, 9590
2.5106372833251953, 9589
2.5106372833251953, 9588
2.511634588241577, 9587
2.5126326084136963, 9586
2.5126326084136963, 9585
2.51362943649292, 9584
2.51362943649292, 9583
2.5146262645721436, 9582
2.5146262645721436, 9581
2.5156240463256836, 9580
2.5156240463256836, 9579
2.5166215896606445, 9578
2.5166215896606445, 9577
2.517618417739868, 9576
2.517618417739868, 9575
2.5186164379119873, 9574
2.519613742828369, 9573
2.519613742828369, 9572
2.5206105709075928, 9571
2.5206105709075928, 9570
2.5216076374053955, 9569
2.522725820541382, 9568
2.5237247943878174, 9567
2.52472186088562, 9566
2.525719165802002, 9565
2.526747941970825, 9564
2.526747941970825, 9563
2.5277419090270996, 9562
2.5277419090270996, 9561
2.5287117958068848, 9560
2.5287117958068848, 9559
2.529855489730835, 9558
2.529855489730835, 9557
2.53088641166687, 9556
2.53088641166687, 9555
2.5318806171417236, 9554
2.5318806171417236, 9553
2.5328798294067383, 9552
2.5328798294067383, 9551
2.5328798294067383, 9550
2.5338456630706787, 9549
2.5338456630706787, 9548
2.534843921661377, 9547
2.534843921661377, 9546
2.535872459411621, 9545
2.535872459411621, 9544
2.5368692874908447, 9543
2.5368692874908447, 9542
2.537982940673828, 9541
2.537982940673828, 9540
2.539013147354126, 9539
2.539013147354126, 9538
2.5400099754333496, 9537
2.5400099754333496, 9536
2.5410072803497314, 9535
2.5420055389404297, 9534
2.5420055389404297, 9533
2.543002128601074, 9532
2.543002128601074, 9531
2.543002128601074, 9530
2.544002056121826, 9529
2.544002056121826, 9528
2.545442581176758, 9527
2.546579122543335, 9526
2.546579122543335, 9525
2.5476086139678955, 9524
2.5476086139678955, 9523
2.5485734939575195, 9522
2.5485734939575195, 9521
2.5496034622192383, 9520
2.5496034622192383, 9519
2.55060076713562, 9518
2.55060076713562, 9517
2.5515997409820557, 9516
2.5515997409820557, 9515
2.5525951385498047, 9514
2.5535619258880615, 9513
2.5545921325683594, 9512
2.5545921325683594, 9511
2.555555582046509, 9510
2.5565526485443115, 9509
2.5575504302978516, 9508
2.5575504302978516, 9507
2.5585477352142334, 9506
2.559544801712036, 9505
2.559544801712036, 9504
2.560542345046997, 9503
2.560542345046997, 9502
2.561572790145874, 9501
2.5626230239868164, 9500
2.5626964569091797, 9499
2.563695192337036, 9498
2.563695192337036, 9497
2.563695192337036, 9496
2.5647237300872803, 9495
2.565690040588379, 9494
2.565690040588379, 9493
2.566718816757202, 9492
2.566718816757202, 9491
2.566718816757202, 9490
2.5677151679992676, 9489
2.568685293197632, 9488
2.568685293197632, 9487
2.569711208343506, 9486
2.569711208343506, 9485
2.570711374282837, 9484
2.570711374282837, 9483
2.571704864501953, 9482
2.571704864501953, 9481
2.572702169418335, 9480
2.572702169418335, 9479
2.5737011432647705, 9478
2.5737011432647705, 9477
2.5746984481811523, 9476
2.5746984481811523, 9475
2.575662612915039, 9474
2.575662612915039, 9473
2.575662612915039, 9472
2.576692581176758, 9471
2.576692581176758, 9470
2.5776894092559814, 9469
2.5787999629974365, 9468
2.5787999629974365, 9467
2.5798299312591553, 9466
2.5798299312591553, 9465
2.5798299312591553, 9464
2.580831289291382, 9463
2.581824541091919, 9462
2.581824541091919, 9461
2.581824541091919, 9460
2.5828237533569336, 9459
2.5828237533569336, 9458
2.5838193893432617, 9457
2.5838193893432617, 9456
2.5848171710968018, 9455
2.5857837200164795, 9454
2.5857837200164795, 9453
2.5869007110595703, 9452
2.587899684906006, 9451
2.5888967514038086, 9450
2.5898940563201904, 9449
2.5908915996551514, 9448
2.591888904571533, 9447
2.591888904571533, 9446
2.592885971069336, 9445
2.593883752822876, 9444
2.594881296157837, 9443
2.595879077911377, 9442
2.595879077911377, 9441
2.5968759059906006, 9440
2.5978729724884033, 9439
2.598870277404785, 9438
2.599867820739746, 9437
2.599867820739746, 9436
2.600865602493286, 9435
2.6018624305725098, 9434
2.6038568019866943, 9433
2.6048545837402344, 9432
2.605851888656616, 9431
2.605851888656616, 9430
2.606848955154419, 9429
2.606848955154419, 9428
2.607846260070801, 9427
2.607846260070801, 9426
2.60884428024292, 9425
2.60884428024292, 9424
2.6098408699035645, 9423
2.6108381748199463, 9422
2.6120338439941406, 9421
2.6130332946777344, 9420
2.6130332946777344, 9419
2.614030361175537, 9418
2.6150269508361816, 9417
2.6170222759246826, 9416
2.618018627166748, 9415
2.620342254638672, 9414
2.6223373413085938, 9413
2.6233341693878174, 9412
2.625328540802002, 9411
2.6274375915527344, 9410
2.6284377574920654, 9409
2.630462169647217, 9408
2.6314613819122314, 9407
2.632425308227539, 9406
2.633422613143921, 9405
2.633422613143921, 9404
2.6344213485717773, 9403
2.635422706604004, 9402
2.6364152431488037, 9401
2.63741135597229, 9400
2.63741135597229, 9399
2.6384081840515137, 9398
2.6384081840515137, 9397
2.6394050121307373, 9396
2.6394050121307373, 9395
2.6404025554656982, 9394
2.6404025554656982, 9393
2.64139986038208, 9392
2.64139986038208, 9391
2.64139986038208, 9390
2.642503499984741, 9389
2.643502712249756, 9388
2.645569324493408, 9387
2.645569324493408, 9386
2.646583080291748, 9385
2.646583080291748, 9384
2.6475794315338135, 9383
2.6475794315338135, 9382
2.6485748291015625, 9381
2.6485748291015625, 9380
2.649623155593872, 9379
2.649698257446289, 9378
2.649698257446289, 9377
2.6507277488708496, 9376
2.6507277488708496, 9375
2.6517255306243896, 9374
2.6517255306243896, 9373
2.652724504470825, 9372
2.652724504470825, 9371
2.653719663619995, 9370
2.653719663619995, 9369
2.654719591140747, 9368
2.654719591140747, 9367
2.655714988708496, 9366
2.6567118167877197, 9365
2.6567118167877197, 9364
2.6578245162963867, 9363
2.6578245162963867, 9362
2.6578245162963867, 9361
2.659851551055908, 9360
2.659851551055908, 9359
2.659851551055908, 9358
2.6618142127990723, 9357
2.662844181060791, 9356
2.662844181060791, 9355
2.6638407707214355, 9354
2.6638407707214355, 9353
2.6648426055908203, 9352
2.6648426055908203, 9351
2.665804386138916, 9350
2.6669394969940186, 9349
2.6679370403289795, 9348
2.6679370403289795, 9347
2.668936252593994, 9346
2.6699328422546387, 9345
2.6709299087524414, 9344
2.6719272136688232, 9343
2.672924757003784, 9342
2.673922061920166, 9341
2.6749210357666016, 9340
2.675919532775879, 9339
2.676914691925049, 9338
2.677910327911377, 9337
2.678908586502075, 9336
2.679905652999878, 9335
2.6809041500091553, 9334
2.6809041500091553, 9333
2.681901216506958, 9332
2.681901216506958, 9331
2.68289852142334, 9330
2.6838958263397217, 9329
2.6848928928375244, 9328
2.686887741088867, 9327
2.686887741088867, 9326
2.686887741088867, 9325
2.687885284423828, 9324
2.687885284423828, 9323
2.68888258934021, 9322
2.689877986907959, 9321
2.689877986907959, 9320
2.6908771991729736, 9319
2.6918771266937256, 9318
2.6918771266937256, 9317
2.69287109375, 9316
2.69386887550354, 9315
2.694866418838501, 9314
2.6958632469177246, 9313
2.6958632469177246, 9312
2.696892261505127, 9311
2.696892261505127, 9310
2.6978888511657715, 9309
2.6978888511657715, 9308
2.6988918781280518, 9307
2.6988918781280518, 9306
2.6998844146728516, 9305
2.6998844146728516, 9304
2.700883626937866, 9303
2.700883626937866, 9302
2.701878309249878, 9301
2.701878309249878, 9300
2.701878309249878, 9299
2.702876329421997, 9298
2.702876329421997, 9297
2.7038705348968506, 9296
2.7048397064208984, 9295
2.7048397064208984, 9294
2.70586895942688, 9293
2.70586895942688, 9292
2.7068686485290527, 9291
2.7068686485290527, 9290
2.707862377166748, 9289
2.707862377166748, 9288
2.7088632583618164, 9287
2.709824800491333, 9286
2.709824800491333, 9285
2.7108218669891357, 9284
2.7108218669891357, 9283
2.7118208408355713, 9282
2.7128491401672363, 9281
2.7128491401672363, 9280
2.713846445083618, 9279
2.713846445083618, 9278
2.713846445083618, 9277
2.714848041534424, 9276
2.714848041534424, 9275
2.7158451080322266, 9274
2.7158451080322266, 9273
2.716841459274292, 9272
2.716841459274292, 9271
2.7178361415863037, 9270
2.7178361415863037, 9269
2.7188332080841064, 9268
2.7188332080841064, 9267
2.719799280166626, 9266
2.719799280166626, 9265
2.7208282947540283, 9264
2.7208282947540283, 9263
2.7218258380889893, 9262
2.7218258380889893, 9261
2.7228262424468994, 9260
2.722949504852295, 9259
2.7238194942474365, 9258
2.7238194942474365, 9257
2.7247846126556396, 9256
2.725783586502075, 9255
2.725783586502075, 9254
2.725783586502075, 9253
2.7268123626708984, 9252
2.7278072834014893, 9251
2.7278072834014893, 9250
2.7278072834014893, 9249
2.7287750244140625, 9248
2.7287750244140625, 9247
2.7298038005828857, 9246
2.7298038005828857, 9245
2.7309229373931885, 9244
2.7309229373931885, 9243
2.7309229373931885, 9242
2.7319564819335938, 9241
2.7319564819335938, 9240
2.73294997215271, 9239
2.73294997215271, 9238
2.733949899673462, 9237
2.733949899673462, 9236
2.734912872314453, 9235
2.734912872314453, 9234
2.7359421253204346, 9233
2.7359421253204346, 9232
2.7359421253204346, 9231
2.7369372844696045, 9230
2.7369372844696045, 9229
2.7380449771881104, 9228
2.7380449771881104, 9227
2.73907732963562, 9226
2.73907732963562, 9225
2.73907732963562, 9224
2.7410380840301514, 9223
2.7410380840301514, 9222
2.743032455444336, 9221
2.744030714035034, 9220
2.745027542114258, 9219
2.746025323867798, 9218
2.746025323867798, 9217
2.747051477432251, 9216
2.747051477432251, 9215
2.7480506896972656, 9214
2.7480506896972656, 9213
2.7490477561950684, 9212
2.7490477561950684, 9211
2.750047206878662, 9210
2.750047206878662, 9209
2.751042604446411, 9208
2.751042604446411, 9207
2.752042055130005, 9206
2.752042055130005, 9205
2.753037929534912, 9204
2.753037929534912, 9203
2.7540347576141357, 9202
2.7540347576141357, 9201
2.7540347576141357, 9200
2.7560296058654785, 9199
2.7560296058654785, 9198
2.7560296058654785, 9197
2.756995916366577, 9196
2.756995916366577, 9195
2.7580273151397705, 9194
2.7580273151397705, 9193
2.7590219974517822, 9192
2.7590219974517822, 9191
2.7600209712982178, 9190
2.7600209712982178, 9189
2.7600209712982178, 9188
2.7610158920288086, 9187
2.7619810104370117, 9186
2.7649738788604736, 9185
2.7649738788604736, 9184
2.766004800796509, 9183
2.766004800796509, 9182
2.766004800796509, 9181
2.767001152038574, 9180
2.767001152038574, 9179
2.7680001258850098, 9178
2.7680001258850098, 9177
2.7689952850341797, 9176
2.7689952850341797, 9175
2.769991636276245, 9174
2.769991636276245, 9173
2.7709872722625732, 9172
2.7709872722625732, 9171
2.771955966949463, 9170
2.771955966949463, 9169
2.7729837894439697, 9168
2.7729837894439697, 9167
2.7729837894439697, 9166
2.7739830017089844, 9165
2.7739830017089844, 9164
2.77497935295105, 9163
2.77497935295105, 9162
2.7759788036346436, 9161
2.7759788036346436, 9160
2.7769734859466553, 9159
2.7769734859466553, 9158
2.777971029281616, 9157
2.777971029281616, 9156
2.778937339782715, 9155
2.77996563911438, 9154
2.77996563911438, 9153
2.7809624671936035, 9152
2.7809624671936035, 9151
2.7809624671936035, 9150
2.781961679458618, 9149
2.781961679458618, 9148
2.7829577922821045, 9147
2.7829577922821045, 9146
2.783956527709961, 9145
2.783956527709961, 9144
2.7849197387695312, 9143
2.7849197387695312, 9142
2.786088466644287, 9141
2.786088466644287, 9140
2.7870867252349854, 9139
2.7870867252349854, 9138
2.7881155014038086, 9137
2.7881155014038086, 9136
2.789118528366089, 9135
2.789118528366089, 9134
2.790111541748047, 9133
2.790111541748047, 9132
2.7911078929901123, 9131
2.7911078929901123, 9130
2.7911078929901123, 9129
2.792106866836548, 9128
2.792106866836548, 9127
2.793102502822876, 9126
2.793102502822876, 9125
2.7940993309020996, 9124
2.7940993309020996, 9123
2.7950870990753174, 9122
2.7961010932922363, 9121
2.7961010932922363, 9120
2.797093152999878, 9119
2.797093152999878, 9118
2.797093152999878, 9117
2.7980899810791016, 9116
2.7980899810791016, 9115
2.799085855484009, 9114
2.799085855484009, 9113
2.8000857830047607, 9112
2.8000857830047607, 9111
2.8010807037353516, 9110
2.802046537399292, 9109
2.802046537399292, 9108
2.8031318187713623, 9107
2.804042100906372, 9106
2.8050408363342285, 9105
2.806036949157715, 9104
2.806036949157715, 9103
2.8070340156555176, 9102
2.8070340156555176, 9101
2.8070340156555176, 9100
2.8080315589904785, 9099
2.8080315589904785, 9098
2.8090286254882812, 9097
2.8100264072418213, 9096
2.811119556427002, 9095
2.8121182918548584, 9094
2.8121182918548584, 9093
2.8131155967712402, 9092
2.814113140106201, 9091
2.815112829208374, 9090
2.816108226776123, 9089
2.8181028366088867, 9088
2.8181028366088867, 9087
2.8190994262695312, 9086
2.820180892944336, 9085
2.8211781978607178, 9084
2.8221752643585205, 9083
2.8231725692749023, 9082
2.8241686820983887, 9081
2.8241686820983887, 9080
2.8251659870147705, 9079
2.826165199279785, 9078
2.826165199279785, 9077
2.826165199279785, 9076
2.827268123626709, 9075
2.8292648792266846, 9074
2.8292648792266846, 9073
2.8292648792266846, 9072
2.8312594890594482, 9071
2.832256555557251, 9070
2.83325457572937, 9069
2.83325457572937, 9068
2.83425235748291, 9067
2.835249900817871, 9066
2.8362462520599365, 9065
2.8362462520599365, 9064
2.837242841720581, 9063
2.837242841720581, 9062
2.837242841720581, 9061
2.8392367362976074, 9060
2.8392367362976074, 9059
2.8392367362976074, 9058
2.840235471725464, 9057
2.8412322998046875, 9056
2.842334747314453, 9055
2.8433339595794678, 9054
2.8453266620635986, 9053
2.8463261127471924, 9052
2.847323179244995, 9051
2.8483190536499023, 9050
2.8504154682159424, 9049
2.8514134883880615, 9048
2.852410316467285, 9047
2.853407859802246, 9046
2.854405164718628, 9045
2.8554017543792725, 9044
2.8563990592956543, 9043
2.8573970794677734, 9042
2.8573970794677734, 9041
2.858525276184082, 9040
2.8595244884490967, 9039
2.8605213165283203, 9038
2.8615171909332275, 9037
2.8625500202178955, 9036
2.8625500202178955, 9035
2.863513946533203, 9034
2.863513946533203, 9033
2.8645107746124268, 9032
2.865506887435913, 9031
2.866507053375244, 9030
2.8675031661987305, 9029
2.8675031661987305, 9028
2.868500232696533, 9027
2.868500232696533, 9026
2.869497776031494, 9025
2.869497776031494, 9024
2.870494842529297, 9023
2.870494842529297, 9022
2.8714921474456787, 9021
2.8724894523620605, 9020
2.8734865188598633, 9019
2.874484062194824, 9018
2.875481367111206, 9017
2.875481367111206, 9016
2.875481367111206, 9015
2.8764777183532715, 9014
2.8764777183532715, 9013
2.877476453781128, 9012
2.877476453781128, 9011
2.878471851348877, 9010
2.8794710636138916, 9009
2.8794710636138916, 9008
2.8804678916931152, 9007
2.8814656734466553, 9006
2.882586717605591, 9005
2.8835854530334473, 9004
2.884582996368408, 9003
2.8855788707733154, 9002
2.88657808303833, 9001
2.88657808303833, 9000
2.8875749111175537, 8999
2.8875749111175537, 8998
2.8885719776153564, 8997
2.8895692825317383, 8996
2.8895692825317383, 8995
2.8895692825317383, 8994
2.8906912803649902, 8993
2.891690254211426, 8992
2.891690254211426, 8991
2.8926873207092285, 8990
2.8926873207092285, 8989
2.8961634635925293, 8988
2.8976752758026123, 8987
2.8976752758026123, 8986
2.8976752758026123, 8985
2.8988311290740967, 8984
2.8988311290740967, 8983
2.8998610973358154, 8982
2.8998610973358154, 8981
2.900858163833618, 8980
2.900858163833618, 8979
2.9018568992614746, 8978
2.9018568992614746, 8977
2.902852773666382, 8976
2.902852773666382, 8975
2.902852773666382, 8974
2.9038522243499756, 8973
2.9038522243499756, 8972
2.9048478603363037, 8971
2.9048478603363037, 8970
2.9059579372406006, 8969
2.9059579372406006, 8968
2.906956911087036, 8967
2.906956911087036, 8966
2.9079532623291016, 8965
2.9079532623291016, 8964
2.9079532623291016, 8963
2.90994930267334, 8962
2.90994930267334, 8961
2.90994930267334, 8960
2.9109461307525635, 8959
2.9129409790039062, 8958
2.9139366149902344, 8957
2.9139366149902344, 8956
2.9149365425109863, 8955
2.915933132171631, 8954
2.915933132171631, 8953
2.915933132171631, 8952
2.9169297218322754, 8951
2.9169297218322754, 8950
2.9179275035858154, 8949
2.918924570083618, 8948
2.919921875, 8947
2.920919418334961, 8946
2.921916961669922, 8945
2.921916961669922, 8944
2.923039197921753, 8943
2.9239113330841064, 8942
2.9249088764190674, 8941
2.92590594291687, 8940
2.9269042015075684, 8939
2.9269042015075684, 8938
2.9269042015075684, 8937
2.9288978576660156, 8936
2.929893970489502, 8935
2.9308910369873047, 8934
2.9328854084014893, 8933
2.93388295173645, 8932
2.934880256652832, 8931
2.935878276824951, 8930
2.9375863075256348, 8929
2.9385852813720703, 8928
2.939581871032715, 8927
2.940579414367676, 8926
2.9415767192840576, 8925
2.9425737857818604, 8924
2.9435715675354004, 8923
2.9455654621124268, 8922
2.9455654621124268, 8921
2.94669508934021, 8920
2.9476943016052246, 8919
2.948690891265869, 8918
2.94968843460083, 8917
2.950685977935791, 8916
2.9516830444335938, 8915
2.9526801109313965, 8914
2.9536781311035156, 8913
2.9546749591827393, 8912
2.9556732177734375, 8911
2.9556732177734375, 8910
2.956669807434082, 8909
2.956669807434082, 8908
2.956669807434082, 8907
2.958662986755371, 8906
2.958662986755371, 8905
2.958662986755371, 8904
2.9596621990203857, 8903
2.9596621990203857, 8902
2.9606592655181885, 8901
2.9616549015045166, 8900
2.9627761840820312, 8899
2.9637749195098877, 8898
2.9647722244262695, 8897
2.9657692909240723, 8896
2.9677653312683105, 8895
2.968761444091797, 8894
2.9707558155059814, 8893
2.9727511405944824, 8892
2.9727511405944824, 8891
2.973747491836548, 8890
2.973747491836548, 8889
2.9747438430786133, 8888
2.9747438430786133, 8887
2.9757418632507324, 8886
2.9757418632507324, 8885
2.976738691329956, 8884
2.976738691329956, 8883
2.977736711502075, 8882
2.977736711502075, 8881
2.978734254837036, 8880
2.978734254837036, 8879
2.9797308444976807, 8878
2.9797308444976807, 8877
2.9797308444976807, 8876
2.9807279109954834, 8875
2.9807279109954834, 8874
2.9817256927490234, 8873
2.9817256927490234, 8872
2.982722282409668, 8871
2.982722282409668, 8870
2.982722282409668, 8869
2.98371958732605, 8868
2.98371958732605, 8867
2.9847171306610107, 8866
2.985715627670288, 8865
2.985715627670288, 8864
2.9867119789123535, 8863
2.9869956970214844, 8862
2.987997055053711, 8861
2.98899245262146, 8860
2.9899885654449463, 8859
2.9909861087799072, 8858
2.991983652114868, 8857
2.99298095703125, 8856
2.993978500366211, 8855
2.994974374771118, 8854
2.9959731101989746, 8853
2.9959731101989746, 8852
2.99696946144104, 8851
2.99696946144104, 8850
2.99696946144104, 8849
2.9979665279388428, 8848
2.9979665279388428, 8847
2.9989640712738037, 8846
2.9989640712738037, 8845
2.9989640712738037, 8844
3.0009589195251465, 8843
3.0009589195251465, 8842
3.00195574760437, 8841
3.00195574760437, 8840
3.00195574760437, 8839
3.0030694007873535, 8838
3.0039517879486084, 8837
3.0049495697021484, 8836
3.0059452056884766, 8835
3.006943941116333, 8834
3.006943941116333, 8833
3.0079407691955566, 8832
3.0089383125305176, 8831
3.0099382400512695, 8830
3.012366533279419, 8829
3.0133655071258545, 8828
3.0133655071258545, 8827
3.014361619949341, 8826
3.015359401702881, 8825
3.0163564682006836, 8824
3.0163564682006836, 8823
3.0173532962799072, 8822
3.0173532962799072, 8821
3.0184872150421143, 8820
3.01948618888855, 8819
3.01948618888855, 8818
3.01948618888855, 8817
3.0204830169677734, 8816
3.0214807987213135, 8815
3.022477865219116, 8814
3.023475170135498, 8813
3.025470018386841, 8812
3.026545524597168, 8811
3.026545524597168, 8810
3.027543783187866, 8809
3.027543783187866, 8808
3.027543783187866, 8807
3.028543472290039, 8806
3.028543472290039, 8805
3.029538631439209, 8804
3.029538631439209, 8803
3.0305354595184326, 8802
3.0305354595184326, 8801
3.031534194946289, 8800
3.0325303077697754, 8799
3.0325303077697754, 8798
3.0335283279418945, 8797
3.0335283279418945, 8796
3.0335283279418945, 8795
3.034524917602539, 8794
3.034524917602539, 8793
3.0355231761932373, 8792
3.0355231761932373, 8791
3.0365214347839355, 8790
3.0365214347839355, 8789
3.0365214347839355, 8788
3.0375168323516846, 8787
3.0375168323516846, 8786
3.0385143756866455, 8785
3.0385143756866455, 8784
3.0395116806030273, 8783
3.0395116806030273, 8782
3.040508985519409, 8781
3.040508985519409, 8780
3.04150652885437, 8779
3.04150652885437, 8778
3.0425891876220703, 8777
3.0425891876220703, 8776
3.0435874462127686, 8775
3.0435874462127686, 8774
3.0435874462127686, 8773
3.044584274291992, 8772
3.044584274291992, 8771
3.0465805530548096, 8770
3.0475780963897705, 8769
3.048574686050415, 8768
3.048574686050415, 8767
3.048574686050415, 8766
3.0495717525482178, 8765
3.0506885051727295, 8764
3.051687240600586, 8763
3.051687240600586, 8762
3.0526843070983887, 8761
3.0536818504333496, 8760
3.0546791553497314, 8759
3.0556752681732178, 8758
3.0556752681732178, 8757
3.0566751956939697, 8756
3.0566751956939697, 8755
3.057671546936035, 8754
3.058779001235962, 8753
3.0597777366638184, 8752
3.0607750415802, 8751
3.0617713928222656, 8750
3.0617713928222656, 8749
3.062769651412964, 8748
3.062769651412964, 8747
3.0637669563293457, 8746
3.0637669563293457, 8745
3.064762830734253, 8744
3.064762830734253, 8743
3.064762830734253, 8742
3.0657613277435303, 8741
3.0657613277435303, 8740
3.0668368339538574, 8739
3.0668368339538574, 8738
3.0678348541259766, 8737
3.0678348541259766, 8736
3.0688319206237793, 8735
3.0688319206237793, 8734
3.0688319206237793, 8733
3.0698294639587402, 8732
3.0708277225494385, 8731
3.0708277225494385, 8730
3.0708277225494385, 8729
3.071824312210083, 8728
3.071824312210083, 8727
3.072821617126465, 8726
3.072821617126465, 8725
3.0738189220428467, 8724
3.0738189220428467, 8723
3.0748159885406494, 8722
3.0748159885406494, 8721
3.0748159885406494, 8720
3.0758144855499268, 8719
3.0758144855499268, 8718
3.0768110752105713, 8717
3.077808380126953, 8716
3.0788073539733887, 8715
3.0788073539733887, 8714
3.0788073539733887, 8713
3.0798020362854004, 8712
3.0798020362854004, 8711
3.0807995796203613, 8710
3.0807995796203613, 8709
3.081796646118164, 8708
3.081796646118164, 8707
3.082793951034546, 8706
3.0829107761383057, 8705
3.0837934017181396, 8704
3.0837934017181396, 8703
3.0847902297973633, 8702
3.0867843627929688, 8701
3.08878231048584, 8700
3.0907740592956543, 8699
3.0909578800201416, 8698
3.091987133026123, 8697
3.0929532051086426, 8696
3.0929532051086426, 8695
3.093984365463257, 8694
3.093984365463257, 8693
3.0949459075927734, 8692
3.0949459075927734, 8691
3.0959811210632324, 8690
3.096972703933716, 8689
3.096972703933716, 8688
3.096972703933716, 8687
3.0979700088500977, 8686
3.0979700088500977, 8685
3.0989644527435303, 8684
3.0989644527435303, 8683
3.099965810775757, 8682
3.099965810775757, 8681
3.100961208343506, 8680
3.100961208343506, 8679
3.100961208343506, 8678
3.101961851119995, 8677
3.101961851119995, 8676
3.102956771850586, 8675
3.102956771850586, 8674
3.103956937789917, 8673
3.103956937789917, 8672
3.103956937789917, 8671
3.104952335357666, 8670
3.1059186458587646, 8669
3.1059186458587646, 8668
3.106914758682251, 8667
3.1080431938171387, 8666
3.1090407371520996, 8665
3.1100380420684814, 8664
3.111035108566284, 8663
3.112032890319824, 8662
3.112032890319824, 8661
3.112032890319824, 8660
3.113029956817627, 8659
3.113029956817627, 8658
3.1140270233154297, 8657
3.115025281906128, 8656
3.1160223484039307, 8655
3.1160223484039307, 8654
3.1160223484039307, 8653
3.1170191764831543, 8652
3.1170191764831543, 8651
3.118016481399536, 8650
3.118016481399536, 8649
3.118016481399536, 8648
3.119013547897339, 8647
3.1200110912323, 8646
3.1210083961486816, 8645
3.1220057010650635, 8644
3.123121738433838, 8643
3.1240007877349854, 8642
3.1249983310699463, 8641
3.125995635986328, 8640
3.125995635986328, 8639
3.126992702484131, 8638
3.126992702484131, 8637
3.126992702484131, 8636
3.1289875507354736, 8635
3.1289875507354736, 8634
3.1289875507354736, 8633
3.1299846172332764, 8632
3.1311092376708984, 8631
3.132107734680176, 8630
3.132107734680176, 8629
3.1331048011779785, 8628
3.1341023445129395, 8627
3.1341023445129395, 8626
3.1351006031036377, 8625
3.1360979080200195, 8624
3.1360979080200195, 8623
3.137094497680664, 8622
3.138092041015625, 8621
3.1392014026641846, 8620
3.140200138092041, 8619
3.141197443008423, 8618
3.1421947479248047, 8617
3.1431918144226074, 8616
3.1441891193389893, 8615
3.1451849937438965, 8614
3.1461846828460693, 8613
3.1461846828460693, 8612
3.147181272506714, 8611
3.147305965423584, 8610
3.1483044624328613, 8609
3.149301528930664, 8608
3.149301528930664, 8607
3.150298595428467, 8606
3.1512959003448486, 8605
3.1522934436798096, 8604
3.1532909870147705, 8603
3.1532909870147705, 8602
3.1542880535125732, 8601
3.1552858352661133, 8600
3.1552858352661133, 8599
3.1552858352661133, 8598
3.156283378601074, 8597
3.157280206680298, 8596
3.1582775115966797, 8595
3.1592750549316406, 8594
3.1602706909179688, 8593
3.1602706909179688, 8592
3.1612701416015625, 8591
3.1612701416015625, 8590
3.162385940551758, 8589
3.1633846759796143, 8588
3.164381742477417, 8587
3.1653778553009033, 8586
3.166377067565918, 8585
3.1673738956451416, 8584
3.1673738956451416, 8583
3.1683719158172607, 8582
3.1683719158172607, 8581
3.1683719158172607, 8580
3.1693687438964844, 8579
3.1705617904663086, 8578
3.171562433242798, 8577
3.172557830810547, 8576
3.1735551357269287, 8575
3.1735551357269287, 8574
3.1745524406433105, 8573
3.1755502223968506, 8572
3.1755502223968506, 8571
3.1755502223968506, 8570
3.176547050476074, 8569
3.1775448322296143, 8568
3.1786575317382812, 8567
3.179656505584717, 8566
3.1806535720825195, 8565
3.1806535720825195, 8564
3.1806535720825195, 8563
3.1816506385803223, 8562
3.1826484203338623, 8561
3.183645725250244, 8560
3.183645725250244, 8559
3.184642791748047, 8558
3.185640573501587, 8557
3.186729907989502, 8556
3.186729907989502, 8555
3.1877286434173584, 8554
3.1877286434173584, 8553
3.188725471496582, 8552
3.188725471496582, 8551
3.188725471496582, 8550
3.1897225379943848, 8549
3.1897225379943848, 8548
3.190721273422241, 8547
3.190721273422241, 8546
3.190721273422241, 8545
3.1917171478271484, 8544
3.1917171478271484, 8543
3.1927144527435303, 8542
3.1927144527435303, 8541
3.1927144527435303, 8540
3.193711996078491, 8539
3.193711996078491, 8538
3.194709300994873, 8537
3.1957075595855713, 8536
3.1957075595855713, 8535
3.196704387664795, 8534
3.196704387664795, 8533
3.197702407836914, 8532
3.197702407836914, 8531
3.1986985206604004, 8530
3.1986985206604004, 8529
3.1986985206604004, 8528
3.1996958255767822, 8527
3.1996958255767822, 8526
3.200693368911743, 8525
3.200693368911743, 8524
3.200693368911743, 8523
3.201690435409546, 8522
3.2027924060821533, 8521
3.2037904262542725, 8520
3.205791711807251, 8519
3.206786870956421, 8518
3.207780122756958, 8517
3.207780122756958, 8516
3.2087790966033936, 8515
3.209775686264038, 8514
3.2109079360961914, 8513
3.2119064331054688, 8512
3.212904691696167, 8511
3.212904691696167, 8510
3.2139012813568115, 8509
3.2148995399475098, 8508
3.2158963680267334, 8507
3.2158963680267334, 8506
3.2158963680267334, 8505
3.217890739440918, 8504
3.218888282775879, 8503
3.2190139293670654, 8502
3.220012664794922, 8501
3.220012664794922, 8500
3.221010208129883, 8499
3.2220072746276855, 8498
3.2220072746276855, 8497
3.2220072746276855, 8496
3.2230043411254883, 8495
3.2240021228790283, 8494
3.225001096725464, 8493
3.225996732711792, 8492
3.225996732711792, 8491
3.2274281978607178, 8490
3.2284252643585205, 8489
3.2294249534606934, 8488
3.2294249534606934, 8487
3.230421543121338, 8486
3.230421543121338, 8485
3.230421543121338, 8484
3.2314188480377197, 8483
3.2324163913726807, 8482
3.2334139347076416, 8481
3.2344114780426025, 8480
3.2354085445404053, 8479
3.2354085445404053, 8478
3.236405611038208, 8477
3.236405611038208, 8476
3.23740291595459, 8475
3.23740291595459, 8474
3.23840069770813, 8473
3.2393972873687744, 8472
3.2403948307037354, 8471
3.241392135620117, 8470
3.242513418197632, 8469
3.2435123920440674, 8468
3.24450945854187, 8467
3.2455062866210938, 8466
3.2465028762817383, 8465
3.2465028762817383, 8464
3.247499704360962, 8463
3.2484982013702393, 8462
3.2484982013702393, 8461
3.249495506286621, 8460
3.252488613128662, 8459
3.2534847259521484, 8458
3.2544829845428467, 8457
3.255484104156494, 8456
3.2564785480499268, 8455
3.2564785480499268, 8454
3.2574751377105713, 8453
3.2574751377105713, 8452
3.2584712505340576, 8451
3.2584712505340576, 8450
3.2584712505340576, 8449
3.2594687938690186, 8448
3.2594687938690186, 8447
3.2604658603668213, 8446
3.2604658603668213, 8445
3.261463165283203, 8444
3.261463165283203, 8443
3.262460708618164, 8442
3.262460708618164, 8441
3.2634575366973877, 8440
3.264456033706665, 8439
3.2654523849487305, 8438
3.2654523849487305, 8437
3.266451120376587, 8436
3.266451120376587, 8435
3.2674481868743896, 8434
3.2674481868743896, 8433
3.2674481868743896, 8432
3.2684452533721924, 8431
3.2694661617279053, 8430
3.271437406539917, 8429
3.271437406539917, 8428
3.2724342346191406, 8427
3.2724342346191406, 8426
3.273430347442627, 8425
3.273430347442627, 8424
3.273430347442627, 8423
3.274427652359009, 8422
3.274427652359009, 8421
3.2754251956939697, 8420
3.2754251956939697, 8419
3.2754251956939697, 8418
3.2764225006103516, 8417
3.2764225006103516, 8416
3.2774195671081543, 8415
3.2774195671081543, 8414
3.278419256210327, 8413
3.2794198989868164, 8412
3.280411958694458, 8411
3.280411958694458, 8410
3.2814090251922607, 8409
3.2814090251922607, 8408
3.2814090251922607, 8407
3.2824063301086426, 8406
3.2824063301086426, 8405
3.2834038734436035, 8404
3.2834038734436035, 8403
3.2834038734436035, 8402
3.2844009399414062, 8401
3.2844009399414062, 8400
3.2853996753692627, 8399
3.2863967418670654, 8398
3.2863967418670654, 8397
3.2863967418670654, 8396
3.287393569946289, 8395
3.287393569946289, 8394
3.2883903980255127, 8393
3.2883903980255127, 8392
3.2883903980255127, 8391
3.2893874645233154, 8390
3.2893874645233154, 8389
3.2903850078582764, 8388
3.2903850078582764, 8387
3.2903850078582764, 8386
3.291382312774658, 8385
3.291382312774658, 8384
3.29237961769104, 8383
3.29237961769104, 8382
3.29237961769104, 8381
3.293377161026001, 8380
3.293377161026001, 8379
3.294374465942383, 8378
3.294374465942383, 8377
3.295375108718872, 8376
3.295375108718872, 8375
3.2964017391204834, 8374
3.2975053787231445, 8373
3.2975053787231445, 8372
3.2975053787231445, 8371
3.298534870147705, 8370
3.298534870147705, 8369
3.298534870147705, 8368
3.299532890319824, 8367
3.299532890319824, 8366
3.300532341003418, 8365
3.300532341003418, 8364
3.300532341003418, 8363
3.3015265464782715, 8362
3.3015265464782715, 8361
3.3025262355804443, 8360
3.3025262355804443, 8359
3.3025262355804443, 8358
3.3035213947296143, 8357
3.3035213947296143, 8356
3.304518699645996, 8355
3.304518699645996, 8354
3.304518699645996, 8353
3.3054842948913574, 8352
3.306624174118042, 8351
3.306624174118042, 8350
3.306624174118042, 8349
3.307652711868286, 8348
3.307652711868286, 8347
3.3086509704589844, 8346
3.3086509704589844, 8345
3.3096511363983154, 8344
3.3096511363983154, 8343
3.3096511363983154, 8342
3.310645580291748, 8341
3.310645580291748, 8340
3.311612606048584, 8339
3.311612606048584, 8338
3.311612606048584, 8337
3.312638282775879, 8336
3.312638282775879, 8335
3.3136377334594727, 8334
3.3136377334594727, 8333
3.3136377334594727, 8332
3.3146350383758545, 8331
3.3146350383758545, 8330
3.315636157989502, 8329
3.315636157989502, 8328
3.315636157989502, 8327
3.316629409790039, 8326
3.316629409790039, 8325
3.317629098892212, 8324
3.317629098892212, 8323
3.317629098892212, 8322
3.3186240196228027, 8321
3.3186240196228027, 8320
3.3196218013763428, 8319
3.3196218013763428, 8318
3.3196218013763428, 8317
3.3206162452697754, 8316
3.3206162452697754, 8315
3.3216164112091064, 8314
3.3216164112091064, 8313
3.3216164112091064, 8312
3.322723150253296, 8311
3.322723150253296, 8310
3.322723150253296, 8309
3.3237524032592773, 8308
3.3237524032592773, 8307
3.32474946975708, 8306
3.32474946975708, 8305
3.32474946975708, 8304
3.3257174491882324, 8303
3.326748847961426, 8302
3.326748847961426, 8301
3.326748847961426, 8300
3.329183578491211, 8299
3.329704761505127, 8298
3.329704761505127, 8297
3.3308205604553223, 8296
3.331819534301758, 8295
3.3328166007995605, 8294
3.3338141441345215, 8293
3.334811210632324, 8292
3.334811210632324, 8291
3.3358092308044434, 8290
3.336806058883667, 8289
3.337803840637207, 8288
3.3389084339141846, 8287
3.33990740776062, 8286
3.3409042358398438, 8285
3.3419015407562256, 8284
3.3429014682769775, 8283
3.3429014682769775, 8282
3.343897581100464, 8281
3.344892740249634, 8280
3.344892740249634, 8279
3.346041679382324, 8278
3.346041679382324, 8277
3.346041679382324, 8276
3.3470706939697266, 8275
3.3470706939697266, 8274
3.348069429397583, 8273
3.348069429397583, 8272
3.348069429397583, 8271
3.3490676879882812, 8270
3.3490676879882812, 8269
3.3500630855560303, 8268
3.3500630855560303, 8267
3.3500630855560303, 8266
3.3510608673095703, 8265
3.3510608673095703, 8264
3.3510608673095703, 8263
3.3520607948303223, 8262
3.3520607948303223, 8261
3.353055477142334, 8260
3.353055477142334, 8259
3.353055477142334, 8258
3.3540525436401367, 8257
3.3540525436401367, 8256
3.3550524711608887, 8255
3.3550524711608887, 8254
3.3550524711608887, 8253
3.3560476303100586, 8252
3.3560476303100586, 8251
3.357044219970703, 8250
3.35801100730896, 8249
3.3590078353881836, 8248
3.3610074520111084, 8247
3.361999750137329, 8246
3.361999750137329, 8245
3.3630993366241455, 8244
3.36399507522583, 8243
3.36499285697937, 8242
3.365989923477173, 8241
3.365989923477173, 8240
3.365989923477173, 8239
3.3669872283935547, 8238
3.3669872283935547, 8237
3.3679842948913574, 8236
3.3689815998077393, 8235
3.369978904724121, 8234
3.3710930347442627, 8233
3.3710930347442627, 8232
3.3720920085906982, 8231
3.3720920085906982, 8230
3.37308931350708, 8229
3.37308931350708, 8228
3.374086618423462, 8227
3.375084400177002, 8226
3.376082181930542, 8225
3.376082181930542, 8224
3.376082181930542, 8223
3.3770782947540283, 8222
3.3770782947540283, 8221
3.3770782947540283, 8220
3.37807559967041, 8219
3.3791911602020264, 8218
3.380189895629883, 8217
3.3811872005462646, 8216
3.3821845054626465, 8215
3.3831825256347656, 8214
3.384178876876831, 8213
3.385176658630371, 8212
3.386174201965332, 8211
3.386174201965332, 8210
3.387303113937378, 8209
3.3883020877838135, 8208
3.3883020877838135, 8207
3.389298915863037, 8206
3.390296697616577, 8205
3.391294240951538, 8204
3.3922910690307617, 8203
3.3932886123657227, 8202
3.3942859172821045, 8201
3.3962814807891846, 8200
3.398275136947632, 8199
3.3992743492126465, 8198
3.40027117729187, 8197
3.4012668132781982, 8196
3.402536630630493, 8195
3.402536630630493, 8194
3.4035675525665283, 8193
3.4035675525665283, 8192
3.4035675525665283, 8191
3.4045636653900146, 8190
3.4045636653900146, 8189
3.4055306911468506, 8188
3.4055306911468506, 8187
3.4065616130828857, 8186
3.4065616130828857, 8185
3.4065616130828857, 8184
3.407555341720581, 8183
3.407555341720581, 8182
3.407555341720581, 8181
3.408555030822754, 8180
3.408555030822754, 8179
3.4096391201019287, 8178
3.4106380939483643, 8177
3.4106380939483643, 8176
3.4106380939483643, 8175
3.4116342067718506, 8174
3.4126336574554443, 8173
3.4126336574554443, 8172
3.4136300086975098, 8171
3.4146273136138916, 8170
3.4156253337860107, 8169
3.4166219234466553, 8168
3.417619228363037, 8167
3.418616771697998, 8166
3.41961407661438, 8165
3.41961407661438, 8164
3.4206111431121826, 8163
3.4216082096099854, 8162
3.4216082096099854, 8161
3.4226057529449463, 8160
3.4236032962799072, 8159
3.4236032962799072, 8158
3.4255967140197754, 8157
3.426711320877075, 8156
3.4277102947235107, 8155
3.4287075996398926, 8154
3.4297046661376953, 8153
3.4307022094726562, 8152
3.431699275970459, 8151
3.432696580886841, 8150
3.432696580886841, 8149
3.4346916675567627, 8148
3.4356889724731445, 8147
3.4366860389709473, 8146
3.4366860389709473, 8145
3.43768310546875, 8144
3.4396779537200928, 8143
3.4406752586364746, 8142
3.4416732788085938, 8141
3.4416732788085938, 8140
3.4428019523620605, 8139
3.443800687789917, 8138
3.4457952976226807, 8137
3.4467933177948, 8136
3.4467933177948, 8135
3.4477899074554443, 8134
3.4477899074554443, 8133
3.448787212371826, 8132
3.4507808685302734, 8131
3.451779842376709, 8130
3.451779842376709, 8129
3.45277738571167, 8128
3.4537742137908936, 8127
3.4547712802886963, 8126
3.4557688236236572, 8125
3.456765651702881, 8124
3.457763433456421, 8123
3.4587604999542236, 8122
3.4597585201263428, 8121
3.4607551097869873, 8120
3.4607551097869873, 8119
3.4617514610290527, 8118
3.463747501373291, 8117
3.4647445678710938, 8116
3.465740919113159, 8115
3.4677352905273438, 8114
3.4687342643737793, 8113
3.469731330871582, 8112
3.470728635787964, 8111
3.471726655960083, 8110
3.4727234840393066, 8109
3.4727234840393066, 8108
3.4737205505371094, 8107
3.4737205505371094, 8106
3.4757156372070312, 8105
3.476712703704834, 8104
3.4777097702026367, 8103
3.4787075519561768, 8102
3.4797043800354004, 8101
3.4797043800354004, 8100
3.4807019233703613, 8099
3.4828131198883057, 8098
3.483812093734741, 8097
3.484809160232544, 8096
3.485806941986084, 8095
3.4868040084838867, 8094
3.4868040084838867, 8093
3.4878010749816895, 8092
3.4887983798980713, 8091
3.4908969402313232, 8090
3.491895914077759, 8089
3.491895914077759, 8088
3.4928927421569824, 8087
3.4948861598968506, 8086
3.495884656906128, 8085
3.4968814849853516, 8084
3.4968814849853516, 8083
3.4968814849853516, 8082
3.4968814849853516, 8081
3.499397039413452, 8080
3.5003955364227295, 8079
3.5003955364227295, 8078
3.5013926029205322, 8077
3.502389669418335, 8076
3.502389669418335, 8075
3.503387212753296, 8074
3.5043845176696777, 8073
3.5043845176696777, 8072
3.505382537841797, 8071
3.5064473152160645, 8070
3.507445812225342, 8069
3.507445812225342, 8068
3.5084426403045654, 8067
3.5094399452209473, 8066
3.5094399452209473, 8065
3.510437488555908, 8064
3.5114340782165527, 8063
3.512432813644409, 8062
3.513430118560791, 8061
3.513430118560791, 8060
3.5144267082214355, 8059
3.515425205230713, 8058
3.515425205230713, 8057
3.516421318054199, 8056
3.517418622970581, 8055
3.517418622970581, 8054
3.518415927886963, 8053
3.5194132328033447, 8052
3.5194132328033447, 8051
3.5204105377197266, 8050
3.5214080810546875, 8049
3.5224790573120117, 8048
3.5224790573120117, 8047
3.523477554321289, 8046
3.5244743824005127, 8045
3.52647066116333, 8044
3.527467727661133, 8043
3.5284650325775146, 8042
3.5305745601654053, 8041
3.5335676670074463, 8040
3.536559820175171, 8039
3.5386695861816406, 8038
3.540665626525879, 8037
3.5426599979400635, 8036
3.5467729568481445, 8035
3.548768997192383, 8034
3.55275821685791, 8033
3.554753065109253, 8032
3.5567479133605957, 8031
3.5597407817840576, 8030
3.5617332458496094, 8029
3.5647263526916504, 8028
3.567718505859375, 8027
3.57083797454834, 8026
3.57283353805542, 8025
3.575824737548828, 8024
3.5778186321258545, 8023
3.5809502601623535, 8022
3.582944631576538, 8021
3.5869343280792236, 8020
3.590052843093872, 8019
3.592047691345215, 8018
3.5960376262664795, 8017
3.598031997680664, 8016
3.6000261306762695, 8015
3.6030187606811523, 8014
3.606010913848877, 8013
3.6080050468444824, 8012
3.6111183166503906, 8011
3.613114356994629, 8010
3.6171038150787354, 8009
3.6202139854431152, 8008
3.6232059001922607, 8007
3.6261980533599854, 8006
3.6293115615844727, 8005
3.631305694580078, 8004
3.6333000659942627, 8003
3.6362926959991455, 8002
3.639284610748291, 8001
3.642404317855835, 8000
3.6453981399536133, 7999
3.647392749786377, 7998
3.65051007270813, 7997
3.654500722885132, 7996
3.6564953327178955, 7995
3.65861439704895, 7994
3.6616060733795166, 7993
3.663604974746704, 7992
3.6677253246307373, 7991
3.6697194576263428, 7990
3.6717143058776855, 7989
3.673708915710449, 7988
3.6767008304595947, 7987
3.6796932220458984, 7986
3.681689977645874, 7985
3.6848511695861816, 7984
3.687843084335327, 7983
3.689837694168091, 7982
3.691957950592041, 7981
3.69494891166687, 7980
3.696943521499634, 7979
3.699016809463501, 7978
3.701011896133423, 7977
3.7030067443847656, 7976
3.706000566482544, 7975
3.7081148624420166, 7974
3.710109233856201, 7973
3.713101387023926, 7972
3.7170915603637695, 7971
3.719085693359375, 7970
3.7220771312713623, 7969
3.7260684967041016, 7968
3.7290585041046143, 7967
3.7311770915985107, 7966
3.734170913696289, 7965
3.7361648082733154, 7964
3.7381598949432373, 7963
3.741276502609253, 7962
3.746263027191162, 7961
3.749253749847412, 7960
3.7512481212615967, 7959
3.754240036010742, 7958
3.756235361099243, 7957
3.7582294940948486, 7956
3.7602241039276123, 7955
3.7632174491882324, 7954
3.7682158946990967, 7953
3.770198345184326, 7952
3.77219295501709, 7951
3.7751858234405518, 7950
3.777179479598999, 7949
3.7801716327667236, 7948
3.783162832260132, 7947
3.7851576805114746, 7946
3.787152051925659, 7945
3.789146900177002, 7944
3.7921388149261475, 7943
3.794133186340332, 7942
3.796128273010254, 7941
3.7981228828430176, 7940
3.801114559173584, 7939
3.8032259941101074, 7938
3.8062186241149902, 7937
3.8082125186920166, 7936
3.811638116836548, 7935
3.814631223678589, 7934
3.8166258335113525, 7933
3.8187456130981445, 7932
3.822737216949463, 7931
3.82473087310791, 7930
3.82784366607666, 7929
3.8298375606536865, 7928
3.832829713821411, 7927
3.8368191719055176, 7926
3.839812994003296, 7925
3.8418056964874268, 7924
3.847789764404297, 7923
3.848787307739258, 7922
3.8519089221954346, 7921
3.855898857116699, 7920
3.857893228530884, 7919
3.8610193729400635, 7918
3.8620171546936035, 7917
3.864011526107788, 7916
3.8650095462799072, 7915
3.86600661277771, 7914
3.867130756378174, 7913
3.8681294918060303, 7912
3.869126558303833, 7911
3.870124340057373, 7910
3.871121406555176, 7909
3.8731160163879395, 7908
3.874113082885742, 7907
3.8751108646392822, 7906
3.8761086463928223, 7905
3.877105236053467, 7904
3.877105236053467, 7903
3.8791003227233887, 7902
3.8791003227233887, 7901
3.8800973892211914, 7900
3.881094455718994, 7899
3.882091760635376, 7898
3.88320255279541, 7897
3.884086847305298, 7896
3.885084390640259, 7895
3.8860812187194824, 7894
3.887077569961548, 7893
3.887077569961548, 7892
3.888075113296509, 7891
3.8890724182128906, 7890
3.8890724182128906, 7889
3.8911471366882324, 7888
3.8921453952789307, 7887
3.894139528274536, 7886
3.8951375484466553, 7885
3.8951375484466553, 7884
3.8961353302001953, 7883
3.8971314430236816, 7882
3.8981289863586426, 7881
3.8981289863586426, 7880
3.899203062057495, 7879
3.9002015590667725, 7878
3.9002015590667725, 7877
3.901198625564575, 7876
3.902195692062378, 7875
3.902195692062378, 7874
3.9031929969787598, 7873
3.9041905403137207, 7872
3.9051876068115234, 7871
3.9051876068115234, 7870
3.906186819076538, 7869
3.9072909355163574, 7868
3.908289909362793, 7867
3.9092869758605957, 7866
3.9102842807769775, 7865
3.9122793674468994, 7864
3.9122793674468994, 7863
3.913276433944702, 7862
3.915271520614624, 7861
3.916268825531006, 7860
3.9172658920288086, 7859
3.919260025024414, 7858
3.9202568531036377, 7857
3.9212543964385986, 7856
3.922328233718872, 7855
3.9233264923095703, 7854
3.9233264923095703, 7853
3.924323320388794, 7852
3.925321578979492, 7851
3.9263181686401367, 7850
3.9263181686401367, 7849
3.9273157119750977, 7848
3.928313970565796, 7847
3.929309368133545, 7846
3.9303066730499268, 7845
3.9313042163848877, 7844
3.9313042163848877, 7843
3.9323012828826904, 7842
3.9332988262176514, 7841
3.9344167709350586, 7840
3.935415506362915, 7839
3.9364118576049805, 7838
3.9364118576049805, 7837
3.9374094009399414, 7836
3.9384777545928955, 7835
3.9384777545928955, 7834
3.939476251602173, 7833
3.9404733180999756, 7832
3.9414703845977783, 7831
3.9424679279327393, 7830
3.9424679279327393, 7829
3.943465232849121, 7828
3.944462537765503, 7827
3.9454619884490967, 7826
3.9466006755828857, 7825
3.9476311206817627, 7824
3.948629856109619, 7823
3.948629856109619, 7822
3.94962477684021, 7821
3.9515888690948486, 7820
3.952585458755493, 7819
3.952585458755493, 7818
3.9535818099975586, 7817
3.9545786380767822, 7816
3.9555764198303223, 7815
3.956573486328125, 7814
3.956573486328125, 7813
3.957570791244507, 7812
3.9585680961608887, 7811
3.9595656394958496, 7810
3.9595656394958496, 7809
3.9605627059936523, 7808
3.961561441421509, 7807
3.9626822471618652, 7806
3.9636809825897217, 7805
3.9646785259246826, 7804
3.966672897338867, 7803
3.966672897338867, 7802
3.96766996383667, 7801
3.9696648120880127, 7800
3.9707770347595215, 7799
3.971776008605957, 7798
3.9727728366851807, 7797
3.9737701416015625, 7796
3.9747676849365234, 7795
3.9757657051086426, 7794
3.976762056350708, 7793
3.977759599685669, 7792
3.978937864303589, 7791
3.9799370765686035, 7790
3.981931686401367, 7789
3.9839260578155518, 7788
3.987046480178833, 7787
3.990039825439453, 7786
3.991037130355835, 7785
3.9940295219421387, 7784
3.9960246086120605, 7783
3.998018264770508, 7782
4.00001335144043, 7781
4.002007484436035, 7780
4.004002571105957, 7779
4.006994724273682, 7778
4.007992267608643, 7777
4.011101245880127, 7776
4.013097047805786, 7775
4.016090154647827, 7774
4.01921010017395, 7773
4.022202968597412, 7772
4.024197578430176, 7771
4.027312517166138, 7770
4.029308795928955, 7769
4.031303405761719, 7768
4.033298015594482, 7767
4.036290645599365, 7766
4.040279388427734, 7765
4.042383670806885, 7764
4.045376300811768, 7763
4.048369407653809, 7762
4.050446510314941, 7761
4.05144476890564, 7760
4.053438901901245, 7759
4.055434942245483, 7758
4.057429552078247, 7757
4.05949854850769, 7756
4.06149435043335, 7755
4.063488006591797, 7754
4.0644848346710205, 7753
4.066562652587891, 7752
4.0685577392578125, 7751
4.070552587509155, 7750
4.0725507736206055, 7749
4.074541330337524, 7748
4.076535940170288, 7747
4.078531265258789, 7746
4.080527067184448, 7745
4.082610368728638, 7744
4.084605693817139, 7743
4.087598562240601, 7742
4.090677499771118, 7741
4.092709064483643, 7740
4.0947020053863525, 7739
4.096698045730591, 7738
4.098821640014648, 7737
4.100817918777466, 7736
4.10281229019165, 7735
4.10870885848999, 7734
4.110703468322754, 7733
4.111701488494873, 7732
4.114692687988281, 7731
4.117685079574585, 7730
4.119679927825928, 7729
4.121674060821533, 7728
4.1247875690460205, 7727
4.127779722213745, 7726
4.129774332046509, 7725
4.1318910121917725, 7724
4.136877536773682, 7723
4.137874364852905, 7722
4.151076078414917, 7721
4.153070449829102, 7720
4.1540679931640625, 7719
4.155065298080444, 7718
4.156063079833984, 7717
4.156063079833984, 7716
4.159054279327393, 7715
4.1600518226623535, 7714
4.161049127578735, 7713
4.162046909332275, 7712
4.163174152374268, 7711
4.170025825500488, 7710
4.171153545379639, 7709
4.172152280807495, 7708
4.173149108886719, 7707
4.17414665222168, 7706
4.1751439571380615, 7705
4.176141262054443, 7704
4.176141262054443, 7703
4.177138566970825, 7702
4.178134918212891, 7701
4.1802473068237305, 7700
4.1802473068237305, 7699
4.182243585586548, 7698
4.182243585586548, 7697
4.183240175247192, 7696
4.184237957000732, 7695
4.185233116149902, 7694
4.186232566833496, 7693
4.18731951713562, 7692
4.188355445861816, 7691
4.18935227394104, 7690
4.190349578857422, 7689
4.191346883773804, 7688
4.192344427108765, 7687
4.1933417320251465, 7686
4.195336818695068, 7685
4.195336818695068, 7684
4.197332859039307, 7683
4.197332859039307, 7682
4.198328495025635, 7681
4.199325799942017, 7680
4.200322866439819, 7679
4.201320648193359, 7678
4.202433109283447, 7677
4.2044291496276855, 7676
4.2054266929626465, 7675
4.206424236297607, 7674
4.207421064376831, 7673
4.208418369293213, 7672
4.209415912628174, 7671
4.210514783859253, 7670
4.211513042449951, 7669
4.2125091552734375, 7668
4.214506149291992, 7667
4.215503931045532, 7666
4.2165000438690186, 7665
4.217497110366821, 7664
4.218620777130127, 7663
4.219619512557983, 7662
4.220616817474365, 7661
4.221613883972168, 7660
4.22261118888855, 7659
4.223608493804932, 7658
4.225602388381958, 7657
4.226847410202026, 7656
4.22784686088562, 7655
4.228843450546265, 7654
4.228843450546265, 7653
4.230837106704712, 7652
4.231834888458252, 7651
4.232831716537476, 7650
4.233829021453857, 7649
4.233829021453857, 7648
4.235824823379517, 7647
4.237818717956543, 7646
4.238816261291504, 7645
4.238816261291504, 7644
4.2398130893707275, 7643
4.2408106327056885, 7642
4.2408106327056885, 7641
4.247793674468994, 7640
4.247793674468994, 7639
4.248789548873901, 7638
4.250783681869507, 7637
4.258763551712036, 7636
4.259760618209839, 7635
4.2607574462890625, 7634
4.26175594329834, 7633
4.262752056121826, 7632
4.263762712478638, 7631
4.2677390575408936, 7630
4.268736839294434, 7629
4.268736839294434, 7628
4.269733190536499, 7627
4.270730495452881, 7626
4.270730495452881, 7625
4.271727800369263, 7624
4.272726058959961, 7623
4.2737226486206055, 7622
4.274719953536987, 7621
4.2757179737091064, 7620
4.2757179737091064, 7619
4.276714563369751, 7618
4.277711868286133, 7617
4.278710126876831, 7616
4.279706239700317, 7615
4.280704975128174, 7614
4.281702280044556, 7613
4.282698631286621, 7612
4.282698631286621, 7611
4.283695220947266, 7610
4.2846925258636475, 7609
4.28569221496582, 7608
4.28569221496582, 7607
4.286687850952148, 7606
4.287684679031372, 7605
4.288681745529175, 7604
4.288681745529175, 7603
4.289679050445557, 7602
4.290676593780518, 7601
4.290676593780518, 7600
4.291673898696899, 7599
4.292670965194702, 7598
4.292670965194702, 7597
4.293668270111084, 7596
4.294666528701782, 7595
4.295663595199585, 7594
4.29765772819519, 7593
4.29977011680603, 7592
4.300767421722412, 7591
4.301764488220215, 7590
4.302762031555176, 7589
4.3037590980529785, 7588
4.305752754211426, 7587
4.306901931762695, 7586
4.307934761047363, 7585
4.308928966522217, 7584
4.3099284172058105, 7583
4.3099284172058105, 7582
4.31092381477356, 7581
4.311921119689941, 7580
4.3138837814331055, 7579
4.314882755279541, 7578
4.31588077545166, 7577
4.317874193191528, 7576
4.318871021270752, 7575
4.320866346359253, 7574
4.321863412857056, 7573
4.322980165481567, 7572
4.324855327606201, 7571
4.325852632522583, 7570
4.326850175857544, 7569
4.327846050262451, 7568
4.328845024108887, 7567
4.330839395523071, 7566
4.331958293914795, 7565
4.332955598831177, 7564
4.333952903747559, 7563
4.3349504470825195, 7562
4.336946725845337, 7561
4.340059995651245, 7560
4.341058015823364, 7559
4.342054128646851, 7558
4.344048976898193, 7557
4.345046520233154, 7556
4.34716534614563, 7555
4.348164081573486, 7554
4.349160432815552, 7553
4.3501574993133545, 7552
4.351154804229736, 7551
4.352152347564697, 7550
4.353149890899658, 7549
4.354146718978882, 7548
4.35514497756958, 7547
4.356141567230225, 7546
4.357138633728027, 7545
4.358136177062988, 7544
4.35913348197937, 7543
4.360130786895752, 7542
4.360130786895752, 7541
4.3611297607421875, 7540
4.362126350402832, 7539
4.363210916519165, 7538
4.3641204833984375, 7537
4.36511754989624, 7536
4.366115570068359, 7535
4.367112159729004, 7534
4.3681111335754395, 7533
4.369107961654663, 7532
4.370105028152466, 7531
4.371218681335449, 7530
4.372217655181885, 7529
4.37421178817749, 7528
4.37520956993103, 7527
4.376207113265991, 7526
4.378201723098755, 7525
4.379321813583374, 7524
4.381317138671875, 7523
4.382314920425415, 7522
4.383312463760376, 7521
4.3843090534210205, 7520
4.385306119918823, 7519
4.3863935470581055, 7518
4.387391805648804, 7517
4.388388633728027, 7516
4.389385938644409, 7515
4.39038348197937, 7514
4.391380548477173, 7513
4.392378091812134, 7512
4.393375396728516, 7511
4.3943727016448975, 7510
4.395371437072754, 7509
4.396367311477661, 7508
4.3983635902404785, 7507
4.399360179901123, 7506
4.400357723236084, 7505
4.401355028152466, 7504
4.402477502822876, 7503
4.4034764766693115, 7502
4.405471563339233, 7501
4.406469106674194, 7500
4.407465696334839, 7499
4.4084632396698, 7498
4.409460544586182, 7497
4.410581111907959, 7496
4.412576675415039, 7495
4.414572477340698, 7494
4.415570020675659, 7493
4.416566610336304, 7492
4.4186851978302, 7491
4.419683933258057, 7490
4.421678304672241, 7489
4.422675848007202, 7488
4.423673152923584, 7487
4.425666570663452, 7486
4.426777601242065, 7485
4.428774118423462, 7484
4.4297709465026855, 7483
4.430768728256226, 7482
4.43276309967041, 7481
4.433760643005371, 7480
4.434757709503174, 7479
4.4367523193359375, 7478
4.437749624252319, 7477
4.439744472503662, 7476
4.440741539001465, 7475
4.442736387252808, 7474
4.444731712341309, 7473
4.446726083755493, 7472
4.447722911834717, 7471
4.448720455169678, 7470
4.449718713760376, 7469
4.451833724975586, 7468
4.452830791473389, 7467
4.454333305358887, 7466
4.455334186553955, 7465
4.456331968307495, 7464
4.457328796386719, 7463
4.459428071975708, 7462
4.46042537689209, 7461
4.461423397064209, 7460
4.462420225143433, 7459
4.463417053222656, 7458
4.465412378311157, 7457
4.4665350914001465, 7456
4.468531131744385, 7455
4.469528675079346, 7454
4.47152304649353, 7453
4.472520351409912, 7452
4.473517656326294, 7451
4.475512742996216, 7450
4.477508068084717, 7449
4.478505849838257, 7448
4.479502201080322, 7447
4.480499744415283, 7446
4.482611894607544, 7445
4.4836108684539795, 7444
4.485605001449585, 7443
4.486603260040283, 7442
4.487600088119507, 7441
4.4895946979522705, 7440
4.490751028060913, 7439
4.491750001907349, 7438
4.493744373321533, 7437
4.494741439819336, 7436
4.496736526489258, 7435
4.4977333545684814, 7434
4.498841047286987, 7433
4.500837087631226, 7432
4.501834154129028, 7431
4.502831697463989, 7430
4.504826545715332, 7429
4.505824327468872, 7428
4.507937669754028, 7427
4.509932279586792, 7426
4.511926889419556, 7425
4.512922286987305, 7424
4.5139195919036865, 7423
4.5149171352386475, 7422
4.515914440155029, 7421
4.516911745071411, 7420
4.517909049987793, 7419
4.518906354904175, 7418
4.519903659820557, 7417
4.5209009647369385, 7416
4.52189826965332, 7415
4.523009777069092, 7414
4.523895263671875, 7413
4.525890588760376, 7412
4.526886701583862, 7411
4.527882814407349, 7410
4.528881788253784, 7409
4.530993461608887, 7408
4.531992197036743, 7407
4.533986568450928, 7406
4.534984111785889, 7405
4.535981893539429, 7404
4.537976026535034, 7403
4.539074897766113, 7402
4.54007363319397, 7401
4.542068243026733, 7400
4.543064594268799, 7399
4.545063018798828, 7398
4.546057939529419, 7397
4.5481789112091064, 7396
4.549175977706909, 7395
4.551170825958252, 7394
4.552168130874634, 7393
4.55420708656311, 7392
4.55516505241394, 7391
4.557159185409546, 7390
4.558156490325928, 7389
4.5601513385772705, 7388
4.5611491203308105, 7387
4.562145471572876, 7386
4.563211441040039, 7385
4.56414008140564, 7384
4.56613564491272, 7383
4.567131996154785, 7382
4.568129062652588, 7381
4.56912636756897, 7380
4.570126295089722, 7379
4.571122646331787, 7378
4.572119474411011, 7377
4.574113845825195, 7376
4.575111627578735, 7375
4.577105283737183, 7374
4.578103303909302, 7373
4.579227924346924, 7372
4.580226898193359, 7371
4.582221031188965, 7370
4.583218336105347, 7369
4.5852131843566895, 7368
4.588336706161499, 7367
4.5913286209106445, 7366
4.595319986343384, 7365
4.5983099937438965, 7364
4.600304126739502, 7363
4.604421615600586, 7362
4.608410835266113, 7361
4.612512111663818, 7360
4.6165008544921875, 7359
4.620598554611206, 7358
4.623589992523193, 7357
4.626658916473389, 7356
4.629651308059692, 7355
4.632643699645996, 7354
4.635636568069458, 7353
4.638627052307129, 7352
4.642711400985718, 7351
4.645705223083496, 7350
4.6486968994140625, 7349
4.651769161224365, 7348
4.653763294219971, 7347
4.656758785247803, 7346
4.659826993942261, 7345
4.662850379943848, 7344
4.6669394969940186, 7343
4.670929908752441, 7342
4.673921823501587, 7341
4.67890739440918, 7340
4.681899070739746, 7339
4.6858906745910645, 7338
4.688881874084473, 7337
4.691993474960327, 7336
4.695985317230225, 7335
4.699094772338867, 7334
4.702087879180908, 7333
4.707207441329956, 7332
4.713193416595459, 7331
4.718178987503052, 7330
4.747102975845337, 7329
4.753086090087891, 7328
4.7550811767578125, 7327
4.756078243255615, 7326
4.758072853088379, 7325
4.759069919586182, 7324
4.760067462921143, 7323
4.762061595916748, 7322
4.765082597732544, 7321
4.7670488357543945, 7320
4.76804518699646, 7319
4.76804518699646, 7318
4.769042253494263, 7317
4.771037817001343, 7316
4.772034406661987, 7315
4.773033857345581, 7314
4.774030447006226, 7313
4.775030612945557, 7312
4.777021884918213, 7311
4.780759334564209, 7310
4.782749652862549, 7309
4.787737131118774, 7308
4.788733959197998, 7307
4.789730548858643, 7306
4.790728569030762, 7305
4.791725158691406, 7304
4.793719530105591, 7303
4.7947165966033936, 7302
4.795714378356934, 7301
4.796710729598999, 7300
4.797707796096802, 7299
4.798705339431763, 7298
4.7997026443481445, 7297
4.801697254180908, 7296
4.802694320678711, 7295
4.803692102432251, 7294
4.805687427520752, 7293
4.8076887130737305, 7292
4.81067419052124, 7291
4.812670707702637, 7290
4.814661979675293, 7289
4.814661979675293, 7288
4.8166563510894775, 7287
4.817654132843018, 7286
4.81865382194519, 7285
4.820647716522217, 7284
4.8216447830200195, 7283
4.822642087936401, 7282
4.824636936187744, 7281
4.826632261276245, 7280
4.827629327774048, 7279
4.8296239376068115, 7278
4.830620765686035, 7277
4.832615375518799, 7276
4.834613084793091, 7275
4.835608959197998, 7274
4.8366053104400635, 7273
4.837602853775024, 7272
4.839596748352051, 7271
4.8415915966033936, 7270
4.842714309692383, 7269
4.844755172729492, 7268
4.846705913543701, 7267
4.847702264785767, 7266
4.848699569702148, 7265
4.850817441940308, 7264
4.851816415786743, 7263
4.853810787200928, 7262
4.8558104038238525, 7261
4.856807231903076, 7260
4.857804536819458, 7259
4.8599395751953125, 7258
4.862931966781616, 7257
4.864926338195801, 7256
4.866923570632935, 7255
4.8689188957214355, 7254
4.872904300689697, 7253
4.876895189285278, 7252
4.877894401550293, 7251
4.879885673522949, 7250
4.880883693695068, 7249
4.881880283355713, 7248
4.882877826690674, 7247
4.883875370025635, 7246
4.884871959686279, 7245
4.886867046356201, 7244
4.886867046356201, 7243
4.887864351272583, 7242
4.888861417770386, 7241
4.889859199523926, 7240
4.890856981277466, 7239
4.895866632461548, 7238
4.897838115692139, 7237
4.898835182189941, 7236
4.898835182189941, 7235
4.900829792022705, 7234
4.90282416343689, 7233
4.9038214683532715, 7232
4.904822587966919, 7231
4.906814336776733, 7230
4.906814336776733, 7229
4.907810688018799, 7228
4.9088075160980225, 7227
4.909804821014404, 7226
4.909804821014404, 7225
4.910802125930786, 7224
4.911800384521484, 7223
4.912797212600708, 7222
4.913794279098511, 7221
4.915789842605591, 7220
4.91778564453125, 7219
4.918817758560181, 7218
4.919812202453613, 7217
4.919812202453613, 7216
4.920807600021362, 7215
4.921805381774902, 7214
4.922889232635498, 7213
4.924766778945923, 7212
4.925764322280884, 7211
4.9267613887786865, 7210
4.928755521774292, 7209
4.929754018783569, 7208
4.930751323699951, 7207
4.931748151779175, 7206
4.9327452182769775, 7205
4.933742523193359, 7204
4.93474006652832, 7203
4.9357380867004395, 7202
4.937731742858887, 7201
4.938729286193848, 7200
4.9397265911102295, 7199
4.940723657608032, 7198
4.941721200942993, 7197
4.942718505859375, 7196
4.94471287727356, 7195
4.94471287727356, 7194
4.945742130279541, 7193
4.946741580963135, 7192
4.947737216949463, 7191
4.948736190795898, 7190
4.94973087310791, 7189
4.950728178024292, 7188
4.950728178024292, 7187
4.951726913452148, 7186
4.953689098358154, 7185
4.954689025878906, 7184
4.9566810131073, 7183
4.958675146102905, 7182
4.9616687297821045, 7181
4.963663578033447, 7180
4.96865177154541, 7179
4.96964693069458, 7178
4.971640586853027, 7177
4.971640586853027, 7176
4.972637176513672, 7175
4.9736340045928955, 7174
4.9746315479278564, 7173
4.97762656211853, 7172
4.978622913360596, 7171
4.979619026184082, 7170
4.980616092681885, 7169
4.981612920761108, 7168
4.98261022567749, 7167
4.983607530593872, 7166
4.983607530593872, 7165
4.9875969886779785, 7164
4.9875969886779785, 7163
4.991588592529297, 7162
4.991588592529297, 7161
4.992583751678467, 7160
4.99657416343689, 7159
4.997572183609009, 7158
4.998568296432495, 7157
4.999565601348877, 7156
4.999565601348877, 7155
5.00056266784668, 7154
5.001560926437378, 7153
5.003555536270142, 7152
5.004552125930786, 7151
5.00555157661438, 7150
5.006546974182129, 7149
5.009539604187012, 7148
5.011535167694092, 7147
5.0125322341918945, 7146
5.014526128768921, 7145
5.016521453857422, 7144
5.019513130187988, 7143
5.025496959686279, 7142
5.026494979858398, 7141
5.027493238449097, 7140
5.030514717102051, 7139
5.032509803771973, 7138
5.033506631851196, 7137
5.034505128860474, 7136
5.035502195358276, 7135
5.036501884460449, 7134
5.037465333938599, 7133
5.038462400436401, 7132
5.039459705352783, 7131
5.040457010269165, 7130
5.0424535274505615, 7129
5.046465873718262, 7128
5.04747200012207, 7127
5.048466682434082, 7126
5.048466682434082, 7125
5.049463987350464, 7124
5.050462245941162, 7123
5.0514585971832275, 7122
5.052458047866821, 7121
5.053423166275024, 7120
5.0544188022613525, 7119
5.055416822433472, 7118
5.056412935256958, 7117
5.057410001754761, 7116
5.057410001754761, 7115
5.0584070682525635, 7114
5.059405088424683, 7113
5.060402154922485, 7112
5.062398433685303, 7111
5.06339430809021, 7110
5.064391374588013, 7109
5.064391374588013, 7108
5.066512584686279, 7107
5.067512512207031, 7106
5.068509101867676, 7105
5.069507837295532, 7104
5.071501016616821, 7103
5.072498083114624, 7102
5.073495388031006, 7101
5.075490236282349, 7100
5.0764875411987305, 7099
5.078516483306885, 7098
5.079507112503052, 7097
5.079507112503052, 7096
5.080507516860962, 7095
5.081504583358765, 7094
5.082505226135254, 7093
5.083500385284424, 7092
5.084500312805176, 7091
5.085462808609009, 7090
5.085462808609009, 7089
5.086492538452148, 7088
5.087486267089844, 7087
5.088486433029175, 7086
5.089451789855957, 7085
5.089451789855957, 7084
5.0904481410980225, 7083
5.0914459228515625, 7082
5.092443227767944, 7081
5.093440294265747, 7080
5.095435380935669, 7079
5.095435380935669, 7078
5.096432685852051, 7077
5.0974297523498535, 7076
5.098545074462891, 7075
5.099544048309326, 7074
5.100541114807129, 7073
5.102535724639893, 7072
5.103533029556274, 7071
5.104530096054077, 7070
5.106677532196045, 7069
5.106677532196045, 7068
5.107709169387817, 7067
5.110701322555542, 7066
5.11169695854187, 7065
5.112694025039673, 7064
5.113694429397583, 7063
5.113694429397583, 7062
5.114688158035278, 7061
5.115689039230347, 7060
5.116683006286621, 7059
5.117680311203003, 7058
5.118674993515015, 7057
5.119674921035767, 7056
5.120671987533569, 7055
5.120671987533569, 7054
5.121672868728638, 7053
5.1228015422821045, 7052
5.123830556869507, 7051
5.124830484390259, 7050
5.125793695449829, 7049
5.126826524734497, 7048
5.126826524734497, 7047
5.12778902053833, 7046
5.1288182735443115, 7045
5.129937648773193, 7044
5.130964517593384, 7043
5.131932497024536, 7042
5.13292932510376, 7041
5.1339263916015625, 7040
5.134923696517944, 7039
5.135921239852905, 7038
5.136918544769287, 7037
5.136918544769287, 7036
5.137915849685669, 7035
5.139011859893799, 7034
5.141007900238037, 7033
5.142005205154419, 7032
5.14300274848938, 7031
5.144000053405762, 7030
5.145995140075684, 7029
5.146992206573486, 7028
5.148226976394653, 7027
5.149224281311035, 7026
5.150221347808838, 7025
5.152216196060181, 7024
5.153213262557983, 7023
5.154210805892944, 7022
5.157712459564209, 7021
5.2587714195251465, 7020
5.25976824760437, 7019
5.30674934387207, 7018
5.313762426376343, 7017
5.3227379322052, 7016
5.4130308628082275, 7015
5.541964292526245, 7014
5.5750274658203125, 7013
5.838749885559082, 7012
5.849879741668701, 7011
6.057758808135986, 7010
6.06473970413208, 7009
6.076822757720947, 7008
6.0969557762146, 7007
6.164392471313477, 7006
6.165361404418945, 7005
6.216257810592651, 7004
6.261476278305054, 7003
6.274564266204834, 7002
6.459870338439941, 7001
6.762666463851929, 7000
6.845767974853516, 6999
6.9183878898620605, 6998
6.935791969299316, 6997
6.948789834976196, 6996
6.957769155502319, 6995
6.963881015777588, 6994
6.982073068618774, 6993
6.98818826675415, 6992
6.994172096252441, 6991
7.026603698730469, 6990
7.032588958740234, 6989
7.042685270309448, 6988
7.049667835235596, 6987
7.056775331497192, 6986
7.069504976272583, 6985
7.446261167526245, 6984
7.468348741531372, 6983
7.496435642242432, 6982
7.627217769622803, 6981
7.6332011222839355, 6980
7.643176794052124, 6979
7.657137632369995, 6978
7.796344995498657, 6977
7.883778810501099, 6976
8.170535802841187, 6975
8.22433590888977, 6974
8.239294052124023, 6973
8.282211542129517, 6972
8.433332204818726, 6971
8.877821445465088, 6970
8.882807731628418, 6969
9.701245784759521, 6968
9.734375238418579, 6967
