0.0, 4858
0.9430549144744873, 4857
1.2289726734161377, 4856
1.2380263805389404, 4855
1.4987704753875732, 4854
1.589522123336792, 4853
1.6710429191589355, 4852
2.101792812347412, 4851
2.4735732078552246, 4850
2.6050868034362793, 4849
2.7720110416412354, 4848
2.81972074508667, 4847
2.8353447914123535, 4846
2.8353447914123535, 4845
3.159721851348877, 4844
3.1753463745117188, 4843
3.5037286281585693, 4842
3.5350043773651123, 4841
4.020553112030029, 4840
4.382669925689697, 4839
4.936562538146973, 4838
4.952220439910889, 4837
4.976919174194336, 4836
5.0790863037109375, 4835
5.400790691375732, 4834
5.5789794921875, 4833
5.734636545181274, 4832
5.762732028961182, 4831
5.762732028961182, 4830
5.9098732471466064, 4829
6.041348695755005, 4828
6.041348695755005, 4827
6.670248985290527, 4826
6.707147836685181, 4825
6.732323169708252, 4824
7.069202899932861, 4823
7.078210353851318, 4822
7.105134963989258, 4821
7.107177972793579, 4820
7.444604158401489, 4819
7.4522082805633545, 4818
7.5021443367004395, 4817
7.696733713150024, 4816
7.718792915344238, 4815
7.736668825149536, 4814
7.77559494972229, 4813
7.890255928039551, 4812
7.904221296310425, 4811
7.913194179534912, 4810
8.20082974433899, 4809
8.271516561508179, 4808
8.410362005233765, 4807
8.819116592407227, 4806
8.973191261291504, 4805
9.188305139541626, 4804
9.301460981369019, 4803
9.350924015045166, 4802
9.901211261749268, 4801
9.970717668533325, 4800
10.172212839126587, 4799
10.225664615631104, 4798
10.225664615631104, 4797
10.226659536361694, 4796
10.300042390823364, 4795
10.701895713806152, 4794
10.713860988616943, 4793
10.716885566711426, 4792
10.716885566711426, 4791
10.732508659362793, 4790
10.999380111694336, 4789
11.132655620574951, 4788
11.14263105392456, 4787
11.182523727416992, 4786
11.483898162841797, 4785
11.546381950378418, 4784
11.59984278678894, 4783
11.662361860275269, 4782
11.97325611114502, 4781
12.16598391532898, 4780
12.204273700714111, 4779
12.35990285873413, 4778
12.35990285873413, 4777
12.98360013961792, 4776
12.98360013961792, 4775
13.000128746032715, 4774
13.031370878219604, 4773
13.166624546051025, 4772
13.33607530593872, 4771
13.34105896949768, 4770
13.515336751937866, 4769
13.668322563171387, 4768
13.685377597808838, 4767
14.09944224357605, 4766
14.387543439865112, 4765
14.40350079536438, 4764
14.808584451675415, 4763
15.017902135848999, 4762
15.120161771774292, 4761
15.167026042938232, 4760
15.576168775558472, 4759
15.835968971252441, 4758
15.882344007492065, 4757
15.936780452728271, 4756
16.59595823287964, 4755
16.73800230026245, 4754
16.744951009750366, 4753
17.15696382522583, 4752
17.3574321269989, 4751
17.580456495285034, 4750
17.615931034088135, 4749
17.650553941726685, 4748
17.703447818756104, 4747
17.715381383895874, 4746
17.73142957687378, 4745
17.996238946914673, 4744
18.011895179748535, 4743
18.027516841888428, 4742
18.027516841888428, 4741
18.05876588821411, 4740
18.268003225326538, 4739
18.28096342086792, 4738
18.471612691879272, 4737
18.591042518615723, 4736
18.874109029769897, 4735
19.314796924591064, 4734
19.330385208129883, 4733
19.330385208129883, 4732
19.361658334732056, 4731
19.64377474784851, 4730
19.79361367225647, 4729
19.991437911987305, 4728
19.99738883972168, 4727
20.346231698989868, 4726
20.478225231170654, 4725
20.661685705184937, 4724
20.67727279663086, 4723
20.70296621322632, 4722
21.003800630569458, 4721
21.146724939346313, 4720
21.535000562667847, 4719
21.621110677719116, 4718
22.148319005966187, 4717
22.601393461227417, 4716
22.670710563659668, 4715
22.694369792938232, 4714
23.008386611938477, 4713
23.024043560028076, 4712
23.124043464660645, 4711
23.282485246658325, 4710
23.362479209899902, 4709
23.398797512054443, 4708
23.44058084487915, 4707
23.44058084487915, 4706
23.509570598602295, 4705
23.82613515853882, 4704
25.217259407043457, 4703
25.66189455986023, 4702
25.881439208984375, 4701
25.908332109451294, 4700
26.113909006118774, 4699
26.661102056503296, 4698
26.661102056503296, 4697
26.991932153701782, 4696
28.142885446548462, 4695
28.299712419509888, 4694
28.443862438201904, 4693
28.805907487869263, 4692
28.847795486450195, 4691
29.122438669204712, 4690
30.95844054222107, 4689
31.163092613220215, 4688
31.272545337677002, 4687
31.575864791870117, 4686
31.77512502670288, 4685
32.25747275352478, 4684
32.49425745010376, 4683
32.60882568359375, 4682
32.64614129066467, 4681
33.63186812400818, 4680
34.18301749229431, 4679
34.360071659088135, 4678
35.299933195114136, 4677
35.640385389328, 4676
35.86870718002319, 4675
35.94023537635803, 4674
36.124030113220215, 4673
36.235673904418945, 4672
36.39150428771973, 4671
36.4092071056366, 4670
36.456584453582764, 4669
36.57244420051575, 4668
37.0263831615448, 4667
37.121673822402954, 4666
37.24215579032898, 4665
39.20510768890381, 4664
39.67832636833191, 4663
39.83930706977844, 4662
39.86296987533569, 4661
40.14800429344177, 4660
40.870774030685425, 4659
41.423789978027344, 4658
41.54839301109314, 4657
42.25192070007324, 4656
42.317301511764526, 4655
42.880351543426514, 4654
43.064385175704956, 4653
43.21891903877258, 4652
43.549803733825684, 4651
44.4026083946228, 4650
44.410587549209595, 4649
44.506691455841064, 4648
44.98733687400818, 4647
45.002957820892334, 4646
45.16833138465881, 4645
45.186376094818115, 4644
45.65708374977112, 4643
45.75150156021118, 4642
45.857664346694946, 4641
45.93748450279236, 4640
46.81326341629028, 4639
47.634743213653564, 4638
47.76343131065369, 4637
48.586687326431274, 4636
48.60227704048157, 4635
48.73525643348694, 4634
49.149657249450684, 4633
50.06697225570679, 4632
50.89118480682373, 4631
51.22401165962219, 4630
52.05670976638794, 4629
52.125672578811646, 4628
52.17515778541565, 4627
54.149375915527344, 4626
57.57828330993652, 4625
58.49127674102783, 4624
62.413591623306274, 4623
62.61414361000061, 4622
63.203673124313354, 4621
63.47828245162964, 4620
63.63191866874695, 4619
64.34085297584534, 4618
66.68479871749878, 4617
67.14831519126892, 4616
67.2017228603363, 4615
68.76783752441406, 4614
70.95758056640625, 4613
70.9888231754303, 4612
72.41424417495728, 4611
75.09329080581665, 4610
76.4402346611023, 4609
76.5120701789856, 4608
78.68769860267639, 4607
78.89362120628357, 4606
78.90924310684204, 4605
80.96344256401062, 4604
86.4081540107727, 4603
87.20271039009094, 4602
87.55039572715759, 4601
90.82852792739868, 4600
91.39403080940247, 4599
92.36561012268066, 4598
92.43796801567078, 4597
93.0679726600647, 4596
96.32383966445923, 4595
96.56513714790344, 4594
