0.20990395545959473, 10747
0.26128244400024414, 10746
0.29546546936035156, 10745
0.3295109272003174, 10744
0.36629676818847656, 10743
0.40102124214172363, 10742
0.4382438659667969, 10741
0.4755277633666992, 10740
0.5107026100158691, 10739
0.5448877811431885, 10738
0.604163646697998, 10737
0.7075743675231934, 10736
0.7856626510620117, 10735
0.867711067199707, 10734
0.8707027435302734, 10733
0.8726980686187744, 10732
0.8757765293121338, 10731
0.8787693977355957, 10730
0.8807640075683594, 10729
0.8837552070617676, 10728
0.8867473602294922, 10727
0.8897390365600586, 10726
0.8917341232299805, 10725
0.8947279453277588, 10724
0.8976452350616455, 10723
0.9006361961364746, 10722
0.9036281108856201, 10721
0.9056253433227539, 10720
0.9087307453155518, 10719
0.9117228984832764, 10718
0.9168152809143066, 10717
0.920804500579834, 10716
0.9237957000732422, 10715
0.925790548324585, 10714
0.9287824630737305, 10713
0.9318821430206299, 10712
0.9347670078277588, 10711
0.9367609024047852, 10710
0.9398441314697266, 10709
0.9427478313446045, 10708
0.9447400569915771, 10707
0.9467349052429199, 10706
0.9498519897460938, 10705
0.9528446197509766, 10704
0.9548401832580566, 10703
0.9579675197601318, 10702
0.9629538059234619, 10701
0.965947151184082, 10700
0.9699351787567139, 10699
0.9749219417572021, 10698
0.9749219417572021, 10697
0.9884834289550781, 10696
0.990478515625, 10695
0.9934689998626709, 10694
0.995600700378418, 10693
0.9985928535461426, 10692
1.0005879402160645, 10691
1.00357985496521, 10690
1.0065712928771973, 10689
1.00856614112854, 10688
1.0116581916809082, 10687
1.0135529041290283, 10686
1.0165455341339111, 10685
1.0185394287109375, 10684
1.021662712097168, 10683
1.024653673171997, 10682
1.0266480445861816, 10681
1.0297374725341797, 10680
1.0337262153625488, 10679
1.0378477573394775, 10678
1.0408399105072021, 10677
1.0428342819213867, 10676
1.0458264350891113, 10675
1.0488183498382568, 10674
1.0508131980895996, 10673
1.0538053512573242, 10672
1.0567967891693115, 10671
1.0587916374206543, 10670
1.0618879795074463, 10669
1.063882827758789, 10668
1.0668747425079346, 10667
1.0689778327941895, 10666
1.071969747543335, 10665
1.073965072631836, 10664
1.0760574340820312, 10663
1.0790526866912842, 10662
1.0830395221710205, 10661
1.0880255699157715, 10660
1.0940098762512207, 10659
1.1010961532592773, 10658
1.11283278465271, 10657
1.1245341300964355, 10656
1.127526044845581, 10655
1.1295204162597656, 10654
1.1328001022338867, 10653
1.1357922554016113, 10652
1.1377873420715332, 10651
1.1399259567260742, 10650
1.1409244537353516, 10649
1.1429200172424316, 10648
1.1459102630615234, 10647
1.1479051113128662, 10646
1.1506900787353516, 10645
1.1536567211151123, 10644
1.1552562713623047, 10643
1.157158374786377, 10642
1.1601488590240479, 10641
1.1631410121917725, 10640
1.167130470275879, 10639
1.1722450256347656, 10638
1.1752369403839111, 10637
1.177231788635254, 10636
1.1803181171417236, 10635
1.1823129653930664, 10634
1.1853046417236328, 10633
1.1872994899749756, 10632
1.1903772354125977, 10631
1.1923716068267822, 10630
1.1954474449157715, 10629
1.1973588466644287, 10628
1.200350284576416, 10627
1.2033426761627197, 10626
1.2053377628326416, 10625
1.208329200744629, 10624
1.2113213539123535, 10623
1.2124319076538086, 10622
1.2144255638122559, 10621
1.2164201736450195, 10620
1.2194979190826416, 10619
1.223487138748169, 10618
1.2244842052459717, 10617
1.2254819869995117, 10616
1.2264790534973145, 10615
1.2275524139404297, 10614
1.2275524139404297, 10613
1.2295479774475098, 10612
1.2305445671081543, 10611
1.2315421104431152, 10610
1.2325706481933594, 10609
1.2356233596801758, 10608
1.2366209030151367, 10607
1.2376177310943604, 10606
1.2386162281036377, 10605
1.239612340927124, 10604
1.2406096458435059, 10603
1.2416071891784668, 10602
1.2436015605926514, 10601
1.2446000576019287, 10600
1.2455968856811523, 10599
1.246593952178955, 10598
1.247591257095337, 10597
1.2485883235931396, 10596
1.2495858669281006, 10595
1.2505829334259033, 10594
1.25166916847229, 10593
1.2526664733886719, 10592
1.2536633014678955, 10591
1.2546617984771729, 10590
1.2556583881378174, 10589
1.2566554546356201, 10588
1.257652997970581, 10587
1.2586500644683838, 10586
1.2597577571868896, 10585
1.2607550621032715, 10584
1.2627506256103516, 10583
1.2637474536895752, 10582
1.2667396068572998, 10581
1.2698261737823486, 10580
1.275970220565796, 10579
1.2819550037384033, 10578
1.2920069694519043, 10577
1.302110195159912, 10576
1.3031079769134521, 10575
1.3041036128997803, 10574
1.3051013946533203, 10573
1.3060662746429443, 10572
1.3071694374084473, 10571
1.308201789855957, 10570
1.3091964721679688, 10569
1.3101954460144043, 10568
1.311192512512207, 10567
1.3121559619903564, 10566
1.3131532669067383, 10565
1.314150333404541, 10564
1.3151476383209229, 10563
1.316145420074463, 10562
1.3171427249908447, 10561
1.318821907043457, 10560
1.3208439350128174, 10559
1.3228130340576172, 10558
1.3238368034362793, 10557
1.3238368034362793, 10556
1.3248341083526611, 10555
1.3258318901062012, 10554
1.3268308639526367, 10553
1.3278250694274902, 10552
1.328794240951538, 10551
1.3298218250274658, 10550
1.330817461013794, 10549
1.3318994045257568, 10548
1.3318994045257568, 10547
1.3329322338104248, 10546
1.3339264392852783, 10545
1.3349239826202393, 10544
1.3359181880950928, 10543
1.3369183540344238, 10542
1.3390111923217773, 10541
1.3400421142578125, 10540
1.3430330753326416, 10539
1.3460276126861572, 10538
1.347095012664795, 10537
1.3479878902435303, 10536
1.3490145206451416, 10535
1.3500139713287354, 10534
1.3510117530822754, 10533
1.3530263900756836, 10532
1.35400390625, 10531
1.355001449584961, 10530
1.356086254119873, 10529
1.356086254119873, 10528
1.35711669921875, 10527
1.3581147193908691, 10526
1.3591103553771973, 10525
1.3600759506225586, 10524
1.3620707988739014, 10523
1.3630685806274414, 10522
1.3650949001312256, 10521
1.3670904636383057, 10520
1.3680908679962158, 10519
1.3680908679962158, 10518
1.3690853118896484, 10517
1.3700816631317139, 10516
1.3710753917694092, 10515
1.3720765113830566, 10514
1.3730735778808594, 10513
1.3740720748901367, 10512
1.3750677108764648, 10511
1.3780274391174316, 10510
1.3800227642059326, 10509
1.3830146789550781, 10508
1.3908510208129883, 10507
1.4009265899658203, 10506
1.4029223918914795, 10505
1.4039194583892822, 10504
1.4049155712127686, 10503
1.4079082012176514, 10502
1.408904790878296, 10501
1.4099018573760986, 10500
1.4108986854553223, 10499
1.412893533706665, 10498
1.4138903617858887, 10497
1.4148895740509033, 10496
1.4168848991394043, 10495
1.4178822040557861, 10494
1.419874906539917, 10493
1.4218707084655762, 10492
1.4258594512939453, 10491
1.4308497905731201, 10490
1.432842493057251, 10489
1.4348359107971191, 10488
1.4368317127227783, 10487
1.4418220520019531, 10486
1.4438130855560303, 10485
1.447800636291504, 10484
1.450791835784912, 10483
1.4537837505340576, 10482
1.4577739238739014, 10481
1.4597687721252441, 10480
1.4617624282836914, 10479
1.4648451805114746, 10478
1.4667510986328125, 10477
1.4687473773956299, 10476
1.4707386493682861, 10475
1.474729299545288, 10474
1.4767260551452637, 10473
1.4777295589447021, 10472
1.4827089309692383, 10471
1.4856984615325928, 10470
1.4916837215423584, 10469
1.4976856708526611, 10468
1.5006628036499023, 10467
1.5016562938690186, 10466
1.5026533603668213, 10465
1.5076565742492676, 10464
1.5096347332000732, 10463
1.5106325149536133, 10462
1.5126266479492188, 10461
1.5136289596557617, 10460
1.5176138877868652, 10459
1.518610954284668, 10458
1.5196077823638916, 10457
1.5206050872802734, 10456
1.5245957374572754, 10455
1.5275864601135254, 10454
1.532583236694336, 10453
1.5365629196166992, 10452
1.5425479412078857, 10451
1.5455396175384521, 10450
1.5495502948760986, 10449
1.5515234470367432, 10448
1.5525212287902832, 10447
1.5565178394317627, 10446
1.5604989528656006, 10445
1.5624938011169434, 10444
1.567481517791748, 10443
1.5684776306152344, 10442
1.569474458694458, 10441
1.5764598846435547, 10440
1.5784506797790527, 10439
1.5794477462768555, 10438
1.5794477462768555, 10437
1.58345627784729, 10436
1.5844390392303467, 10435
1.5854318141937256, 10434
1.5884253978729248, 10433
1.5924136638641357, 10432
1.595404863357544, 10431
1.5994126796722412, 10430
1.6083717346191406, 10429
1.615351676940918, 10428
1.6293141841888428, 10427
1.6432769298553467, 10426
1.6442747116088867, 10425
1.6442747116088867, 10424
1.6931440830230713, 10423
1.694140911102295, 10422
1.694140911102295, 10421
1.695138692855835, 10420
1.696136713027954, 10419
1.696136713027954, 10418
1.6971330642700195, 10417
1.6971330642700195, 10416
1.6981303691864014, 10415
1.6981303691864014, 10414
1.699127435684204, 10413
1.699127435684204, 10412
1.7001252174377441, 10411
1.7021534442901611, 10410
1.70412015914917, 10409
1.7081069946289062, 10408
1.7091338634490967, 10407
1.7111005783081055, 10406
1.7140982151031494, 10405
1.7150866985321045, 10404
1.7160835266113281, 10403
1.7160835266113281, 10402
1.7171123027801514, 10401
1.7171123027801514, 10400
1.7181096076965332, 10399
1.7181096076965332, 10398
1.7191088199615479, 10397
1.7191088199615479, 10396
1.720071792602539, 10395
1.720071792602539, 10394
1.7240748405456543, 10393
1.7270550727844238, 10392
1.7280523777008057, 10391
1.7280523777008057, 10390
1.729048252105713, 10389
1.729048252105713, 10388
1.7300450801849365, 10387
1.7310421466827393, 10386
1.7310421466827393, 10385
1.7320396900177002, 10384
1.7320396900177002, 10383
1.7330374717712402, 10382
1.7330374717712402, 10381
1.7340342998504639, 10380
1.7340342998504639, 10379
1.7350313663482666, 10378
1.7350313663482666, 10377
1.7360289096832275, 10376
1.7370262145996094, 10375
1.7370262145996094, 10374
1.7410354614257812, 10373
1.7440085411071777, 10372
1.746035099029541, 10371
1.746035099029541, 10370
1.747032642364502, 10369
1.747032642364502, 10368
1.7480297088623047, 10367
1.7480297088623047, 10366
1.7490270137786865, 10365
1.7490270137786865, 10364
1.7499926090240479, 10363
1.7499926090240479, 10362
1.7510192394256592, 10361
1.7510192394256592, 10360
1.7520191669464111, 10359
1.752985954284668, 10358
1.752985954284668, 10357
1.753981113433838, 10356
1.7569873332977295, 10355
1.759981632232666, 10354
1.7619600296020508, 10353
1.7629573345184326, 10352
1.7629573345184326, 10351
1.7639544010162354, 10350
1.7639544010162354, 10349
1.764951467514038, 10348
1.764951467514038, 10347
1.76594877243042, 10346
1.76594877243042, 10345
1.7669463157653809, 10344
1.7669463157653809, 10343
1.7679457664489746, 10342
1.7679457664489746, 10341
1.7689409255981445, 10340
1.7699384689331055, 10339
1.7699384689331055, 10338
1.772944450378418, 10337
1.7769286632537842, 10336
1.7779209613800049, 10335
1.7789146900177002, 10334
1.7789146900177002, 10333
1.779911756515503, 10332
1.779911756515503, 10331
1.780909538269043, 10330
1.780909538269043, 10329
1.7819063663482666, 10328
1.7819063663482666, 10327
1.782905101776123, 10326
1.782905101776123, 10325
1.7839007377624512, 10324
1.7839007377624512, 10323
1.7848989963531494, 10322
1.7848989963531494, 10321
1.785895586013794, 10320
1.7868931293487549, 10319
1.7908990383148193, 10318
1.7928874492645264, 10317
1.7938766479492188, 10316
1.795870304107666, 10315
1.7968676090240479, 10314
1.7968676090240479, 10313
1.7978663444519043, 10312
1.798861026763916, 10311
1.798861026763916, 10310
1.7998583316802979, 10309
1.7998583316802979, 10308
1.8008553981781006, 10307
1.8008553981781006, 10306
1.8018529415130615, 10305
1.8018529415130615, 10304
1.8028502464294434, 10303
1.8038504123687744, 10302
1.8058488368988037, 10301
1.8088529109954834, 10300
1.810831069946289, 10299
1.810831069946289, 10298
1.8118274211883545, 10297
1.8128242492675781, 10296
1.8138213157653809, 10295
1.814819097518921, 10294
1.8158161640167236, 10293
1.8178105354309082, 10292
1.8188085556030273, 10291
1.819805383682251, 10290
1.8218004703521729, 10289
1.8237955570220947, 10288
1.8247919082641602, 10287
1.8247919082641602, 10286
1.8257887363433838, 10285
1.8257887363433838, 10284
1.8267862796783447, 10283
1.8277833461761475, 10282
1.8277833461761475, 10281
1.8287808895111084, 10280
1.8297784328460693, 10279
1.8297784328460693, 10278
1.8307757377624512, 10277
1.8307757377624512, 10276
1.831772804260254, 10275
1.831772804260254, 10274
1.8327701091766357, 10273
1.8337676525115967, 10272
1.8347666263580322, 10271
1.8367598056793213, 10270
1.8377575874328613, 10269
1.8387560844421387, 10268
1.8397514820098877, 10267
1.8397514820098877, 10266
1.8407490253448486, 10265
1.8407490253448486, 10264
1.8417463302612305, 10263
1.8417463302612305, 10262
1.8427433967590332, 10261
1.8437409400939941, 10260
1.844738483428955, 10259
1.844738483428955, 10258
1.8457355499267578, 10257
1.8457355499267578, 10256
1.8467333316802979, 10255
1.8467333316802979, 10254
1.8477303981781006, 10253
1.8477303981781006, 10252
1.8487277030944824, 10251
1.8487277030944824, 10250
1.8497247695922852, 10249
1.8507232666015625, 10248
1.8507232666015625, 10247
1.8517224788665771, 10246
1.8527183532714844, 10245
1.8527183532714844, 10244
1.8527183532714844, 10243
1.8547117710113525, 10242
1.8547117710113525, 10241
1.8557095527648926, 10240
1.8557095527648926, 10239
1.856706142425537, 10238
1.856706142425537, 10237
1.857703685760498, 10236
1.857703685760498, 10235
1.8587009906768799, 10234
1.8599059581756592, 10233
1.8619000911712646, 10232
1.8619000911712646, 10231
1.8628978729248047, 10230
1.8628978729248047, 10229
1.8638949394226074, 10228
1.8638949394226074, 10227
1.8658900260925293, 10226
1.866886854171753, 10225
1.866886854171753, 10224
1.867969036102295, 10223
1.867969036102295, 10222
1.868966817855835, 10221
1.8699636459350586, 10220
1.8699636459350586, 10219
1.8709602355957031, 10218
1.8719580173492432, 10217
1.8719580173492432, 10216
1.872955322265625, 10215
1.872955322265625, 10214
1.8739521503448486, 10213
1.8739521503448486, 10212
1.8749501705169678, 10211
1.8760347366333008, 10210
1.8760347366333008, 10209
1.8770322799682617, 10208
1.8770322799682617, 10207
1.8780295848846436, 10206
1.8780295848846436, 10205
1.8790266513824463, 10204
1.8790266513824463, 10203
1.8800241947174072, 10202
1.88102126121521, 10201
1.8820183277130127, 10200
1.8820183277130127, 10199
1.8830158710479736, 10198
1.8840129375457764, 10197
1.8840129375457764, 10196
1.8850111961364746, 10195
1.8850111961364746, 10194
1.8860082626342773, 10193
1.88700532913208, 10192
1.8880023956298828, 10191
1.8880023956298828, 10190
1.8889997005462646, 10189
1.8889997005462646, 10188
1.8899967670440674, 10187
1.8899967670440674, 10186
1.8909940719604492, 10185
1.8909940719604492, 10184
1.8920950889587402, 10183
1.8920950889587402, 10182
1.8930931091308594, 10181
1.8930931091308594, 10180
1.894089698791504, 10179
1.894089698791504, 10178
1.8950870037078857, 10177
1.8960866928100586, 10176
1.8980791568756104, 10175
1.9001619815826416, 10174
1.9011592864990234, 10173
1.903153896331787, 10172
1.904151439666748, 10171
1.9051485061645508, 10170
1.9051485061645508, 10169
1.9061455726623535, 10168
1.9061455726623535, 10167
1.9071428775787354, 10166
1.9082331657409668, 10165
1.9082331657409668, 10164
1.909231185913086, 10163
1.909231185913086, 10162
1.9102277755737305, 10161
1.9112257957458496, 10160
1.913219928741455, 10159
1.9152145385742188, 10158
1.9173393249511719, 10157
1.9193313121795654, 10156
1.9213268756866455, 10155
1.9213268756866455, 10154
1.9223244190216064, 10153
1.9223244190216064, 10152
1.924318552017212, 10151
1.9263124465942383, 10150
1.9263124465942383, 10149
1.9273097515106201, 10148
1.9273097515106201, 10147
1.928307056427002, 10146
1.928307056427002, 10145
1.9293041229248047, 10144
1.9293041229248047, 10143
1.9303016662597656, 10142
1.9303016662597656, 10141
1.9314053058624268, 10140
1.9314053058624268, 10139
1.9324030876159668, 10138
1.9324030876159668, 10137
1.933401107788086, 10136
1.933401107788086, 10135
1.934398889541626, 10134
1.934398889541626, 10133
1.9353961944580078, 10132
1.9353961944580078, 10131
1.9363934993743896, 10130
1.9373903274536133, 10129
1.9383864402770996, 10128
1.9383864402770996, 10127
1.9394893646240234, 10126
1.9394893646240234, 10125
1.9404878616333008, 10124
1.9404878616333008, 10123
1.9414846897125244, 10122
1.9424824714660645, 10121
1.9424824714660645, 10120
1.9434800148010254, 10119
1.94447660446167, 10118
1.94447660446167, 10117
1.9454741477966309, 10116
1.9454741477966309, 10115
1.9464755058288574, 10114
1.9464755058288574, 10113
1.9475762844085693, 10112
1.9475762844085693, 10111
1.948573112487793, 10110
1.948573112487793, 10109
1.9495720863342285, 10108
1.9495720863342285, 10107
1.950570821762085, 10106
1.9515659809112549, 10105
1.9515659809112549, 10104
1.9525635242462158, 10103
1.9525635242462158, 10102
1.953561544418335, 10101
1.953561544418335, 10100
1.9545607566833496, 10099
1.9556562900543213, 10098
1.9566550254821777, 10097
1.9576516151428223, 10096
1.9576516151428223, 10095
1.9586517810821533, 10094
1.9586517810821533, 10093
1.9596455097198486, 10092
1.9596455097198486, 10091
1.960644006729126, 10090
1.960644006729126, 10089
1.9616408348083496, 10088
1.962637186050415, 10087
1.962637186050415, 10086
1.9636344909667969, 10085
1.9636344909667969, 10084
1.9646320343017578, 10083
1.9646320343017578, 10082
1.9656293392181396, 10081
1.9656293392181396, 10080
1.9666266441345215, 10079
1.9666266441345215, 10078
1.9676239490509033, 10077
1.9676239490509033, 10076
1.9686212539672852, 10075
1.969618558883667, 10074
1.969618558883667, 10073
1.970616102218628, 10072
1.9717042446136475, 10071
1.9717042446136475, 10070
1.9727017879486084, 10069
1.9727017879486084, 10068
1.9736993312835693, 10067
1.9736993312835693, 10066
1.974696159362793, 10065
1.974696159362793, 10064
1.9756932258605957, 10063
1.9756932258605957, 10062
1.9766905307769775, 10061
1.9766905307769775, 10060
1.9776880741119385, 10059
1.9776880741119385, 10058
1.9786860942840576, 10057
1.9786860942840576, 10056
1.979762315750122, 10055
1.979762315750122, 10054
1.980759620666504, 10053
1.980759620666504, 10052
1.980759620666504, 10051
1.9817569255828857, 10050
1.9817569255828857, 10049
1.9827539920806885, 10048
1.9827539920806885, 10047
1.9837512969970703, 10046
1.9837512969970703, 10045
1.9847486019134521, 10044
1.9847486019134521, 10043
1.985745906829834, 10042
1.985745906829834, 10041
1.9867439270019531, 10040
1.9877417087554932, 10039
1.9888999462127686, 10038
1.9888999462127686, 10037
1.9898972511291504, 10036
1.9898972511291504, 10035
1.990894079208374, 10034
1.990894079208374, 10033
1.9918913841247559, 10032
1.9918913841247559, 10031
1.9928886890411377, 10030
1.9928886890411377, 10029
1.9938867092132568, 10028
1.9938867092132568, 10027
1.9948832988739014, 10026
1.9948832988739014, 10025
1.9959547519683838, 10024
1.9959547519683838, 10023
1.9969522953033447, 10022
1.9969522953033447, 10021
1.9979493618011475, 10020
1.9979493618011475, 10019
1.9979493618011475, 10018
1.9989466667175293, 10017
1.9999442100524902, 10016
1.9999442100524902, 10015
2.0009419918060303, 10014
2.0009419918060303, 10013
2.001938819885254, 10012
2.001938819885254, 10011
2.0029358863830566, 10010
2.0029358863830566, 10009
2.003934144973755, 10008
2.004931926727295, 10007
2.004931926727295, 10006
2.0059280395507812, 10005
2.0059280395507812, 10004
2.006925344467163, 10003
2.006925344467163, 10002
2.007922649383545, 10001
2.007922649383545, 10000
2.0089266300201416, 9999
2.0099172592163086, 9998
2.0099172592163086, 9997
2.0109148025512695, 9996
2.0109148025512695, 9995
2.011997699737549, 9994
2.011997699737549, 9993
2.0129950046539307, 9992
2.0129950046539307, 9991
2.0139920711517334, 9990
2.0139920711517334, 9989
2.014989137649536, 9988
2.014989137649536, 9987
2.0159871578216553, 9986
2.0159871578216553, 9985
2.016983985900879, 9984
2.016983985900879, 9983
2.0179812908172607, 9982
2.0179812908172607, 9981
2.0189788341522217, 9980
2.0189788341522217, 9979
2.0200438499450684, 9978
2.0200438499450684, 9977
2.023038625717163, 9976
2.0250637531280518, 9975
2.0260274410247803, 9974
2.0260274410247803, 9973
2.0271546840667725, 9972
2.0271546840667725, 9971
2.0271546840667725, 9970
2.028182029724121, 9969
2.028182029724121, 9968
2.0291502475738525, 9967
2.0291502475738525, 9966
2.0301787853240967, 9965
2.0301787853240967, 9964
2.0311765670776367, 9963
2.0311765670776367, 9962
2.0321736335754395, 9961
2.0321736335754395, 9960
2.0331709384918213, 9959
2.0331709384918213, 9958
2.0341708660125732, 9957
2.0341708660125732, 9956
2.0352518558502197, 9955
2.0352518558502197, 9954
2.036281108856201, 9953
2.036281108856201, 9952
2.0372824668884277, 9951
2.0372824668884277, 9950
2.038243293762207, 9949
2.038243293762207, 9948
2.039276123046875, 9947
2.039276123046875, 9946
2.040271043777466, 9945
2.040271043777466, 9944
2.0412678718566895, 9943
2.0412678718566895, 9942
2.0422630310058594, 9941
2.0422630310058594, 9940
2.043262481689453, 9939
2.044229030609131, 9938
2.044229030609131, 9937
2.044229030609131, 9936
2.0452611446380615, 9935
2.0452611446380615, 9934
2.046255350112915, 9933
2.047255039215088, 9932
2.047255039215088, 9931
2.0482494831085205, 9930
2.0482494831085205, 9929
2.0492475032806396, 9928
2.0492475032806396, 9927
2.0502419471740723, 9926
2.0502419471740723, 9925
2.0502419471740723, 9924
2.051240921020508, 9923
2.051240921020508, 9922
2.0523204803466797, 9921
2.0523204803466797, 9920
2.053318500518799, 9919
2.053318500518799, 9918
2.055345058441162, 9917
2.055345058441162, 9916
2.056342601776123, 9915
2.056342601776123, 9914
2.056342601776123, 9913
2.0573179721832275, 9912
2.0573179721832275, 9911
2.0583369731903076, 9910
2.0583369731903076, 9909
2.059302568435669, 9908
2.059302568435669, 9907
2.060408353805542, 9906
2.060408353805542, 9905
2.0614380836486816, 9904
2.0614380836486816, 9903
2.0624349117279053, 9902
2.0624349117279053, 9901
2.063400983810425, 9900
2.063400983810425, 9899
2.064429521560669, 9898
2.0654311180114746, 9897
2.0654311180114746, 9896
2.066424608230591, 9895
2.0666842460632324, 9894
2.0666842460632324, 9893
2.067713499069214, 9892
2.067713499069214, 9891
2.0686798095703125, 9890
2.0686798095703125, 9889
2.069709062576294, 9888
2.069709062576294, 9887
2.0707056522369385, 9886
2.0707056522369385, 9885
2.0717062950134277, 9884
2.0717062950134277, 9883
2.0727012157440186, 9882
2.0727012157440186, 9881
2.073698043823242, 9880
2.073698043823242, 9879
2.0747852325439453, 9878
2.0747852325439453, 9877
2.0758161544799805, 9876
2.0758161544799805, 9875
2.076812267303467, 9874
2.076812267303467, 9873
2.0778157711029053, 9872
2.0778157711029053, 9871
2.0788064002990723, 9870
2.0788064002990723, 9869
2.0788064002990723, 9868
2.080803155899048, 9867
2.080803155899048, 9866
2.081798791885376, 9865
2.081798791885376, 9864
2.0827980041503906, 9863
2.0827980041503906, 9862
2.0837934017181396, 9861
2.0837934017181396, 9860
2.0847907066345215, 9859
2.0847907066345215, 9858
2.0857553482055664, 9857
2.0857553482055664, 9856
2.086784839630127, 9855
2.086784839630127, 9854
2.0877504348754883, 9853
2.088749647140503, 9852
2.089747190475464, 9851
2.089747190475464, 9850
2.0907440185546875, 9849
2.0917410850524902, 9848
2.0917410850524902, 9847
2.093735694885254, 9846
2.0947329998016357, 9845
2.0957303047180176, 9844
2.0967276096343994, 9843
2.0977251529693604, 9842
2.099719524383545, 9841
2.100717067718506, 9840
2.101714611053467, 9839
2.1027116775512695, 9838
2.1037092208862305, 9837
2.104705572128296, 9836
2.1057026386260986, 9835
2.1057026386260986, 9834
2.1066994667053223, 9833
2.1066994667053223, 9832
2.1066994667053223, 9831
2.1078171730041504, 9830
2.1078171730041504, 9829
2.1088473796844482, 9828
2.1088473796844482, 9827
2.109846353530884, 9826
2.109846353530884, 9825
2.1108415126800537, 9824
2.1108415126800537, 9823
2.1118381023406982, 9822
2.1118381023406982, 9821
2.1128058433532715, 9820
2.113833427429199, 9819
2.113833427429199, 9818
2.113833427429199, 9817
2.114900588989258, 9816
2.114900588989258, 9815
2.1159305572509766, 9814
2.1159305572509766, 9813
2.116929292678833, 9812
2.116929292678833, 9811
2.117924451828003, 9810
2.117924451828003, 9809
2.1188905239105225, 9808
2.1188905239105225, 9807
2.1199169158935547, 9806
2.1199169158935547, 9805
2.120887041091919, 9804
2.1219143867492676, 9803
2.1219143867492676, 9802
2.1229143142700195, 9801
2.1229143142700195, 9800
2.1239089965820312, 9799
2.1239089965820312, 9798
2.124908447265625, 9797
2.124908447265625, 9796
2.124908447265625, 9795
2.125903367996216, 9794
2.125903367996216, 9793
2.1269006729125977, 9792
2.1269006729125977, 9791
2.1288650035858154, 9790
2.1288650035858154, 9789
2.129862070083618, 9788
2.130858898162842, 9787
2.1319775581359863, 9786
2.132976531982422, 9785
2.1339735984802246, 9784
2.1349711418151855, 9783
2.1359684467315674, 9782
2.13696551322937, 9781
2.1379635334014893, 9780
2.1400794982910156, 9779
2.1400794982910156, 9778
2.1410775184631348, 9777
2.1430726051330566, 9776
2.144070625305176, 9775
2.1450674533843994, 9774
2.1460647583007812, 9773
2.147061824798584, 9772
2.1481664180755615, 9771
2.149165153503418, 9770
2.1511597633361816, 9769
2.1511597633361816, 9768
2.1521568298339844, 9767
2.153154134750366, 9766
2.154151678085327, 9765
2.154151678085327, 9764
2.1551496982574463, 9763
2.1562559604644775, 9762
2.157254934310913, 9761
2.157254934310913, 9760
2.158252239227295, 9759
2.158252239227295, 9758
2.1592800617218018, 9757
2.1592800617218018, 9756
2.1602799892425537, 9755
2.1602799892425537, 9754
2.1612749099731445, 9753
2.1612749099731445, 9752
2.162276029586792, 9751
2.162276029586792, 9750
2.1632721424102783, 9749
2.1632721424102783, 9748
2.164266347885132, 9747
2.164266347885132, 9746
2.1652333736419678, 9745
2.1652333736419678, 9744
2.166264057159424, 9743
2.166264057159424, 9742
2.1672587394714355, 9741
2.1672587394714355, 9740
2.1682586669921875, 9739
2.1682586669921875, 9738
2.16925311088562, 9737
2.16925311088562, 9736
2.170250654220581, 9735
2.170250654220581, 9734
2.171217441558838, 9733
2.171217441558838, 9732
2.1722466945648193, 9731
2.172332286834717, 9730
2.172332286834717, 9729
2.173365831375122, 9728
2.173365831375122, 9727
2.17436146736145, 9726
2.17436146736145, 9725
2.17436146736145, 9724
2.17436146736145, 9723
2.17436146736145, 9722
2.176798105239868, 9721
2.177351951599121, 9720
2.177351951599121, 9719
2.1783485412597656, 9718
2.1783485412597656, 9717
2.1793460845947266, 9716
2.1794331073760986, 9715
2.1799392700195312, 9714
2.1799392700195312, 9713
2.180973529815674, 9712
2.180973529815674, 9711
2.181969165802002, 9710
2.181969165802002, 9709
2.182934522628784, 9708
2.182934522628784, 9707
2.183960437774658, 9706
2.183960437774658, 9705
2.1849629878997803, 9704
2.1849629878997803, 9703
2.1849629878997803, 9702
2.185964345932007, 9701
2.185964345932007, 9700
2.1870226860046387, 9699
2.1870226860046387, 9698
2.1880247592926025, 9697
2.189019203186035, 9696
2.190016508102417, 9695
2.190016508102417, 9694
2.1920108795166016, 9693
2.1930079460144043, 9692
2.1940054893493652, 9691
2.195003032684326, 9690
2.196115732192993, 9689
2.1971142292022705, 9688
2.1981112957000732, 9687
2.199108600616455, 9686
2.200105905532837, 9685
2.2011032104492188, 9684
2.2030980587005615, 9683
2.2040953636169434, 9682
2.2040953636169434, 9681
2.2050936222076416, 9680
2.2050936222076416, 9679
2.2050936222076416, 9678
2.2070858478546143, 9677
2.2070858478546143, 9676
2.20808482170105, 9675
2.2090821266174316, 9674
2.2100794315338135, 9673
2.211076498031616, 9672
2.211076498031616, 9671
2.2121901512145996, 9670
2.213188886642456, 9669
2.214185953140259, 9668
2.2151830196380615, 9667
2.2151830196380615, 9666
2.216181516647339, 9665
2.2171781063079834, 9664
2.218175172805786, 9663
2.219172477722168, 9662
2.2202651500701904, 9661
2.222261428833008, 9660
2.2232587337493896, 9659
2.2242555618286133, 9658
2.2252533435821533, 9657
2.226250410079956, 9656
2.227247714996338, 9655
2.2283544540405273, 9654
2.229353427886963, 9653
2.2303502559661865, 9652
2.2313475608825684, 9651
2.2323451042175293, 9650
2.234339714050293, 9649
2.235426187515259, 9648
2.2364249229431152, 9647
2.237422227859497, 9646
2.2384192943573, 9645
2.2384192943573, 9644
2.239415168762207, 9643
2.2404141426086426, 9642
2.2414112091064453, 9641
2.2414112091064453, 9640
2.242408514022827, 9639
2.242408514022827, 9638
2.243406057357788, 9637
2.24440336227417, 9636
2.2454006671905518, 9635
2.2463979721069336, 9634
2.2473952770233154, 9633
2.2473952770233154, 9632
2.2483925819396973, 9631
2.249389886856079, 9630
2.250387191772461, 9629
2.251499891281128, 9628
2.2524988651275635, 9627
2.2534966468811035, 9626
2.2544941902160645, 9625
2.2544941902160645, 9624
2.255490779876709, 9623
2.255490779876709, 9622
2.2564876079559326, 9621
2.2574846744537354, 9620
2.2584824562072754, 9619
2.2596042156219482, 9618
2.2606027126312256, 9617
2.2616000175476074, 9616
2.2625973224639893, 9615
2.263594627380371, 9614
2.264591932296753, 9613
2.266587257385254, 9612
2.267695188522339, 9611
2.268693685531616, 9610
2.269690990447998, 9609
2.270688533782959, 9608
2.271686315536499, 9607
2.271686315536499, 9606
2.2726831436157227, 9605
2.2736804485321045, 9604
2.2746777534484863, 9603
2.2757818698883057, 9602
2.276780605316162, 9601
2.277777671813965, 9600
2.2787749767303467, 9599
2.2787749767303467, 9598
2.2797722816467285, 9597
2.2807698249816895, 9596
2.2817671298980713, 9595
2.282764196395874, 9594
2.283761501312256, 9593
2.2857563495635986, 9592
2.2867536544799805, 9591
2.2877514362335205, 9590
2.288748264312744, 9589
2.289745807647705, 9588
2.290743112564087, 9587
2.2918472290039062, 9586
2.2928459644317627, 9585
2.2938427925109863, 9584
2.2948403358459473, 9583
2.295837640762329, 9582
2.296834945678711, 9581
2.2988297939300537, 9580
2.2999463081359863, 9579
2.2999463081359863, 9578
2.2999463081359863, 9577
2.300945281982422, 9576
2.3019423484802246, 9575
2.3019423484802246, 9574
2.3019423484802246, 9573
2.3039371967315674, 9572
2.3049347400665283, 9571
2.305931329727173, 9570
2.306928873062134, 9569
2.308029890060425, 9568
2.3090286254882812, 9567
2.310026168823242, 9566
2.3110251426696777, 9565
2.312023878097534, 9564
2.313016891479492, 9563
2.314014196395874, 9562
2.316009044647217, 9561
2.3180031776428223, 9560
2.319711685180664, 9559
2.3209729194641113, 9558
2.3219716548919678, 9557
2.3219716548919678, 9556
2.3229691982269287, 9555
2.3229691982269287, 9554
2.323967218399048, 9553
2.323967218399048, 9552
2.3249638080596924, 9551
2.3249638080596924, 9550
2.325960159301758, 9549
2.325960159301758, 9548
2.3269567489624023, 9547
2.3269567489624023, 9546
2.3279542922973633, 9545
2.3279542922973633, 9544
2.3289523124694824, 9543
2.3289523124694824, 9542
2.329949378967285, 9541
2.329949378967285, 9540
2.330946683883667, 9539
2.330946683883667, 9538
2.3319461345672607, 9537
2.3319461345672607, 9536
2.332942008972168, 9535
2.332942008972168, 9534
2.3339383602142334, 9533
2.3339383602142334, 9532
2.3339383602142334, 9531
2.3349359035491943, 9530
2.3359339237213135, 9529
2.3369312286376953, 9528
2.3379294872283936, 9527
2.3379294872283936, 9526
2.338956832885742, 9525
2.338956832885742, 9524
2.339954376220703, 9523
2.339954376220703, 9522
2.3409202098846436, 9521
2.3409202098846436, 9520
2.3419721126556396, 9519
2.3419721126556396, 9518
2.3419721126556396, 9517
2.342946767807007, 9516
2.342946767807007, 9515
2.3439435958862305, 9514
2.3439435958862305, 9513
2.3449392318725586, 9512
2.3449392318725586, 9511
2.3459386825561523, 9510
2.3459386825561523, 9509
2.3459386825561523, 9508
2.346935749053955, 9507
2.346935749053955, 9506
2.347932815551758, 9505
2.347932815551758, 9504
2.3489298820495605, 9503
2.3489298820495605, 9502
2.3499274253845215, 9501
2.3499274253845215, 9500
2.3509247303009033, 9499
2.3509247303009033, 9498
2.3519256114959717, 9497
2.3519256114959717, 9496
2.3529176712036133, 9495
2.3529176712036133, 9494
2.353916883468628, 9493
2.353916883468628, 9492
2.354914665222168, 9491
2.354914665222168, 9490
2.35591197013855, 9489
2.35591197013855, 9488
2.35591197013855, 9487
2.3569087982177734, 9486
2.3569087982177734, 9485
2.3579068183898926, 9484
2.3579068183898926, 9483
2.358903646469116, 9482
2.358903646469116, 9481
2.35990047454834, 9480
2.35990047454834, 9479
2.360900640487671, 9478
2.360900640487671, 9477
2.360900640487671, 9476
2.36189603805542, 9475
2.36189603805542, 9474
2.3628923892974854, 9473
2.3628923892974854, 9472
2.3638601303100586, 9471
2.3638601303100586, 9470
2.3648908138275146, 9469
2.3648908138275146, 9468
2.365884780883789, 9467
2.365884780883789, 9466
2.365884780883789, 9465
2.36688232421875, 9464
2.36688232421875, 9463
2.3678793907165527, 9462
2.3678793907165527, 9461
2.3688743114471436, 9460
2.3688743114471436, 9459
2.3698740005493164, 9458
2.3698740005493164, 9457
2.3708407878875732, 9456
2.371958017349243, 9455
2.371958017349243, 9454
2.371958017349243, 9453
2.372987747192383, 9452
2.372987747192383, 9451
2.373985767364502, 9450
2.373985767364502, 9449
2.374983787536621, 9448
2.374983787536621, 9447
2.374983787536621, 9446
2.375979423522949, 9445
2.375979423522949, 9444
2.376976728439331, 9443
2.376976728439331, 9442
2.3779754638671875, 9441
2.3779754638671875, 9440
2.3779754638671875, 9439
2.379037857055664, 9438
2.379037857055664, 9437
2.38006854057312, 9436
2.38006854057312, 9435
2.3810648918151855, 9434
2.3810648918151855, 9433
2.3820600509643555, 9432
2.3820600509643555, 9431
2.3830602169036865, 9430
2.3830602169036865, 9429
2.384079933166504, 9428
2.3850224018096924, 9427
2.3860208988189697, 9426
2.3860208988189697, 9425
2.387136220932007, 9424
2.387136220932007, 9423
2.3881635665893555, 9422
2.3881635665893555, 9421
2.389164447784424, 9420
2.389164447784424, 9419
2.39016056060791, 9418
2.39016056060791, 9417
2.39016056060791, 9416
2.3911592960357666, 9415
2.3911592960357666, 9414
2.3921563625335693, 9413
2.3921563625335693, 9412
2.3931543827056885, 9411
2.3931543827056885, 9410
2.3931543827056885, 9409
2.3941493034362793, 9408
2.3941493034362793, 9407
2.395214557647705, 9406
2.395214557647705, 9405
2.397261142730713, 9404
2.3982419967651367, 9403
2.3982419967651367, 9402
2.399235963821411, 9401
2.399235963821411, 9400
2.399235963821411, 9399
2.400238275527954, 9398
2.400238275527954, 9397
2.4012303352355957, 9396
2.4012303352355957, 9395
2.4022276401519775, 9394
2.4022276401519775, 9393
2.4022276401519775, 9392
2.4032225608825684, 9391
2.4032225608825684, 9390
2.4041905403137207, 9389
2.4052212238311768, 9388
2.4052212238311768, 9387
2.4062206745147705, 9386
2.4062206745147705, 9385
2.407214403152466, 9384
2.407214403152466, 9383
2.407214403152466, 9382
2.4082157611846924, 9381
2.4082157611846924, 9380
2.409210443496704, 9379
2.409210443496704, 9378
2.410207509994507, 9377
2.410207509994507, 9376
2.411201238632202, 9375
2.411201238632202, 9374
2.4123167991638184, 9373
2.413346767425537, 9372
2.413346767425537, 9371
2.41434383392334, 9370
2.41434383392334, 9369
2.41434383392334, 9368
2.4153389930725098, 9367
2.4153389930725098, 9366
2.4163384437561035, 9365
2.4163384437561035, 9364
2.4173357486724854, 9363
2.4173357486724854, 9362
2.4173357486724854, 9361
2.4183380603790283, 9360
2.4183380603790283, 9359
2.419400215148926, 9358
2.419400215148926, 9357
2.419400215148926, 9356
2.4204299449920654, 9355
2.421427011489868, 9354
2.421427011489868, 9353
2.421427011489868, 9352
2.422421455383301, 9351
2.422421455383301, 9350
2.423421621322632, 9349
2.423421621322632, 9348
2.4243874549865723, 9347
2.4243874549865723, 9346
2.4254157543182373, 9345
2.4254157543182373, 9344
2.4254157543182373, 9343
2.4264798164367676, 9342
2.4264798164367676, 9341
2.427511215209961, 9340
2.4285080432891846, 9339
2.4285080432891846, 9338
2.429506301879883, 9337
2.429506301879883, 9336
2.429506301879883, 9335
2.4305009841918945, 9334
2.4305009841918945, 9333
2.4314985275268555, 9332
2.4314985275268555, 9331
2.4324934482574463, 9330
2.4324934482574463, 9329
2.43349289894104, 9328
2.43349289894104, 9327
2.43349289894104, 9326
2.4345667362213135, 9325
2.4345667362213135, 9324
2.435596466064453, 9323
2.435596466064453, 9322
2.435596466064453, 9321
2.436594247817993, 9320
2.436594247817993, 9319
2.4375598430633545, 9318
2.438589334487915, 9317
2.438589334487915, 9316
2.4395859241485596, 9315
2.4395859241485596, 9314
2.4405829906463623, 9313
2.4405829906463623, 9312
2.4405829906463623, 9311
2.441582679748535, 9310
2.441582679748535, 9309
2.442577838897705, 9308
2.442577838897705, 9307
2.443574905395508, 9306
2.443574905395508, 9305
2.444572925567627, 9304
2.444572925567627, 9303
2.444572925567627, 9302
2.4455695152282715, 9301
2.4455695152282715, 9300
2.44653582572937, 9299
2.44653582572937, 9298
2.44653582572937, 9297
2.4475646018981934, 9296
2.4475646018981934, 9295
2.448561668395996, 9294
2.448561668395996, 9293
2.44956111907959, 9292
2.44956111907959, 9291
2.44956111907959, 9290
2.4505598545074463, 9289
2.4505598545074463, 9288
2.451633930206299, 9287
2.451633930206299, 9286
2.4526631832122803, 9285
2.4526631832122803, 9284
2.4536612033843994, 9283
2.4536612033843994, 9282
2.4546587467193604, 9281
2.4546587467193604, 9280
2.4546587467193604, 9279
2.4556632041931152, 9278
2.4556632041931152, 9277
2.456653594970703, 9276
2.456653594970703, 9275
2.4576473236083984, 9274
2.4576473236083984, 9273
2.4587512016296387, 9272
2.4597795009613037, 9271
2.4597795009613037, 9270
2.4607789516448975, 9269
2.4607789516448975, 9268
2.4607789516448975, 9267
2.461775541305542, 9266
2.461775541305542, 9265
2.4627721309661865, 9264
2.4627721309661865, 9263
2.4627721309661865, 9262
2.4637675285339355, 9261
2.4637675285339355, 9260
2.464766502380371, 9259
2.464766502380371, 9258
2.465763568878174, 9257
2.465763568878174, 9256
2.466824769973755, 9255
2.466824769973755, 9254
2.466824769973755, 9253
2.4678540229797363, 9252
2.4678540229797363, 9251
2.468820095062256, 9250
2.468820095062256, 9249
2.4698498249053955, 9248
2.4698498249053955, 9247
2.470815658569336, 9246
2.470815658569336, 9245
2.470815658569336, 9244
2.4718120098114014, 9243
2.4718120098114014, 9242
2.472808837890625, 9241
2.472808837890625, 9240
2.4738059043884277, 9239
2.4738059043884277, 9238
2.4748034477233887, 9237
2.4748034477233887, 9236
2.4758007526397705, 9235
2.475914478302002, 9234
2.475914478302002, 9233
2.4769439697265625, 9232
2.4769439697265625, 9231
2.477943181991577, 9230
2.477943181991577, 9229
2.477943181991577, 9228
2.478938102722168, 9227
2.478938102722168, 9226
2.4799392223358154, 9225
2.4799392223358154, 9224
2.4799392223358154, 9223
2.4809329509735107, 9222
2.4809329509735107, 9221
2.4819304943084717, 9220
2.4819304943084717, 9219
2.4829254150390625, 9218
2.4829254150390625, 9217
2.4829254150390625, 9216
2.483924627304077, 9215
2.483924627304077, 9214
2.484921932220459, 9213
2.484921932220459, 9212
2.485921859741211, 9211
2.485921859741211, 9210
2.485921859741211, 9209
2.4869167804718018, 9208
2.487917423248291, 9207
2.487917423248291, 9206
2.487917423248291, 9205
2.4889121055603027, 9204
2.4889121055603027, 9203
2.4899094104766846, 9202
2.4899094104766846, 9201
2.490903377532959, 9200
2.490903377532959, 9199
2.490903377532959, 9198
2.4919700622558594, 9197
2.4919700622558594, 9196
2.492999315261841, 9195
2.492999315261841, 9194
2.492999315261841, 9193
2.49399733543396, 9192
2.49399733543396, 9191
2.4949936866760254, 9190
2.4949936866760254, 9189
2.4949936866760254, 9188
2.4959912300109863, 9187
2.4959912300109863, 9186
2.496988534927368, 9185
2.496988534927368, 9184
2.497988224029541, 9183
2.497988224029541, 9182
2.497988224029541, 9181
2.499041795730591, 9180
2.499041795730591, 9179
2.499041795730591, 9178
2.5000715255737305, 9177
2.5000715255737305, 9176
2.5010688304901123, 9175
2.5010688304901123, 9174
2.5010688304901123, 9173
2.502066135406494, 9172
2.502066135406494, 9171
2.503065824508667, 9170
2.503065824508667, 9169
2.5040385723114014, 9168
2.5040385723114014, 9167
2.5050580501556396, 9166
2.5050580501556396, 9165
2.5060558319091797, 9164
2.5060558319091797, 9163
2.5060558319091797, 9162
2.507126808166504, 9161
2.507126808166504, 9160
2.507126808166504, 9159
2.5081558227539062, 9158
2.5081558227539062, 9157
2.5091540813446045, 9156
2.5091540813446045, 9155
2.5101516246795654, 9154
2.5101516246795654, 9153
2.5101516246795654, 9152
2.511147975921631, 9151
2.511147975921631, 9150
2.512145519256592, 9149
2.512145519256592, 9148
2.51314377784729, 9147
2.51314377784729, 9146
2.51314377784729, 9145
2.514143705368042, 9144
2.514143705368042, 9143
2.5151963233947754, 9142
2.5151963233947754, 9141
2.5151963233947754, 9140
2.5162253379821777, 9139
2.5162253379821777, 9138
2.5172231197357178, 9137
2.5172231197357178, 9136
2.5182204246520996, 9135
2.5182204246520996, 9134
2.5182204246520996, 9133
2.5192174911499023, 9132
2.5192174911499023, 9131
2.5202178955078125, 9130
2.521181106567383, 9129
2.5221805572509766, 9128
2.5221805572509766, 9127
2.5221805572509766, 9126
2.52317476272583, 9125
2.52317476272583, 9124
2.524172306060791, 9123
2.524172306060791, 9122
2.525169610977173, 9121
2.525169610977173, 9120
2.525169610977173, 9119
2.5261666774749756, 9118
2.5261666774749756, 9117
2.5271642208099365, 9116
2.5271642208099365, 9115
2.5271642208099365, 9114
2.5281615257263184, 9113
2.5281615257263184, 9112
2.5291588306427, 9111
2.5291588306427, 9110
2.5291588306427, 9109
2.530156135559082, 9108
2.530156135559082, 9107
2.531153678894043, 9106
2.531153678894043, 9105
2.531153678894043, 9104
2.5322704315185547, 9103
2.5322704315185547, 9102
2.533303737640381, 9101
2.533303737640381, 9100
2.533303737640381, 9099
2.5342953205108643, 9098
2.5342953205108643, 9097
2.5352957248687744, 9096
2.5352957248687744, 9095
2.53629207611084, 9094
2.537292718887329, 9093
2.537292718887329, 9092
2.5382871627807617, 9091
2.5382871627807617, 9090
2.5393285751342773, 9089
2.5393614768981934, 9088
2.5393614768981934, 9087
2.5403902530670166, 9086
2.5403902530670166, 9085
2.541388511657715, 9084
2.541388511657715, 9083
2.541388511657715, 9082
2.5423853397369385, 9081
2.5423853397369385, 9080
2.5433847904205322, 9079
2.5433847904205322, 9078
2.5433847904205322, 9077
2.5443809032440186, 9076
2.5443809032440186, 9075
2.545377731323242, 9074
2.545377731323242, 9073
2.545377731323242, 9072
2.546431064605713, 9071
2.546431064605713, 9070
2.5474605560302734, 9069
2.5474605560302734, 9068
2.5474605560302734, 9067
2.5484607219696045, 9066
2.5484607219696045, 9065
2.5494577884674072, 9064
2.5494577884674072, 9063
2.5494577884674072, 9062
2.550452709197998, 9061
2.550452709197998, 9060
2.5514466762542725, 9059
2.5514466762542725, 9058
2.5514466762542725, 9057
2.5524468421936035, 9056
2.5524468421936035, 9055
2.5534448623657227, 9054
2.5534448623657227, 9053
2.554521322250366, 9052
2.554521322250366, 9051
2.554521322250366, 9050
2.555553674697876, 9049
2.555553674697876, 9048
2.556551933288574, 9047
2.556551933288574, 9046
2.556551933288574, 9045
2.5575473308563232, 9044
2.5575473308563232, 9043
2.558542490005493, 9042
2.558542490005493, 9041
2.558542490005493, 9040
2.559540033340454, 9039
2.559540033340454, 9038
2.560535192489624, 9037
2.560535192489624, 9036
2.560535192489624, 9035
2.5615344047546387, 9034
2.5615344047546387, 9033
2.5625317096710205, 9032
2.5625317096710205, 9031
2.5625317096710205, 9030
2.5635323524475098, 9029
2.5635323524475098, 9028
2.564527750015259, 9027
2.564527750015259, 9026
2.565526008605957, 9025
2.565526008605957, 9024
2.565526008605957, 9023
2.566521167755127, 9022
2.566521167755127, 9021
2.567518711090088, 9020
2.567518711090088, 9019
2.567518711090088, 9018
2.5685131549835205, 9017
2.5685131549835205, 9016
2.5695130825042725, 9015
2.5695130825042725, 9014
2.5695130825042725, 9013
2.5705106258392334, 9012
2.5705106258392334, 9011
2.5715904235839844, 9010
2.5715904235839844, 9009
2.572620153427124, 9008
2.572620153427124, 9007
2.572620153427124, 9006
2.5736169815063477, 9005
2.5736169815063477, 9004
2.574582815170288, 9003
2.574582815170288, 9002
2.574582815170288, 9001
2.5756144523620605, 9000
2.5756144523620605, 8999
2.576608419418335, 8998
2.576608419418335, 8997
2.576608419418335, 8996
2.5776076316833496, 8995
2.5776076316833496, 8994
2.5776076316833496, 8993
2.578664541244507, 8992
2.578664541244507, 8991
2.5796918869018555, 8990
2.5796918869018555, 8989
2.5796918869018555, 8988
2.5806918144226074, 8987
2.5806918144226074, 8986
2.581688642501831, 8985
2.581688642501831, 8984
2.581688642501831, 8983
2.5826900005340576, 8982
2.5826900005340576, 8981
2.583683729171753, 8980
2.583683729171753, 8979
2.5846827030181885, 8978
2.5846827030181885, 8977
2.5846827030181885, 8976
2.5856783390045166, 8975
2.5856783390045166, 8974
2.586710214614868, 8973
2.5867438316345215, 8972
2.587772846221924, 8971
2.587772846221924, 8970
2.587772846221924, 8969
2.588770627975464, 8968
2.588770627975464, 8967
2.588770627975464, 8966
2.5897676944732666, 8965
2.5897676944732666, 8964
2.5907647609710693, 8963
2.5907647609710693, 8962
2.5907647609710693, 8961
2.591761827468872, 8960
2.591761827468872, 8959
2.5927600860595703, 8958
2.5927600860595703, 8957
2.5927600860595703, 8956
2.5937564373016357, 8955
2.5937564373016357, 8954
2.5948240756988525, 8953
2.5948240756988525, 8952
2.5948240756988525, 8951
2.595853328704834, 8950
2.595853328704834, 8949
2.5968551635742188, 8948
2.5968551635742188, 8947
2.5968551635742188, 8946
2.5978493690490723, 8945
2.598848342895508, 8944
2.598848342895508, 8943
2.5998432636260986, 8942
2.5998432636260986, 8941
2.5998432636260986, 8940
2.6008400917053223, 8939
2.6008400917053223, 8938
2.601835250854492, 8937
2.601835250854492, 8936
2.602834701538086, 8935
2.602834701538086, 8934
2.602834701538086, 8933
2.603832244873047, 8932
2.603832244873047, 8931
2.60483455657959, 8930
2.60483455657959, 8929
2.6058268547058105, 8928
2.6058268547058105, 8927
2.6058268547058105, 8926
2.606826066970825, 8925
2.606826066970825, 8924
2.607790231704712, 8923
2.607790231704712, 8922
2.607790231704712, 8921
2.608818769454956, 8920
2.608818769454956, 8919
2.6098134517669678, 8918
2.6098134517669678, 8917
2.6098134517669678, 8916
2.610813617706299, 8915
2.610813617706299, 8914
2.611889362335205, 8913
2.611889362335205, 8912
2.611889362335205, 8911
2.612919569015503, 8910
2.612919569015503, 8909
2.6139168739318848, 8908
2.6139168739318848, 8907
2.6149139404296875, 8906
2.6149139404296875, 8905
2.6149139404296875, 8904
2.615910530090332, 8903
2.615910530090332, 8902
2.616908311843872, 8901
2.616908311843872, 8900
2.616908311843872, 8899
2.617905378341675, 8898
2.617905378341675, 8897
2.6189050674438477, 8896
2.6189754009246826, 8895
2.6189754009246826, 8894
2.620004177093506, 8893
2.620004177093506, 8892
2.6210052967071533, 8891
2.6210052967071533, 8890
2.621999979019165, 8889
2.621999979019165, 8888
2.621999979019165, 8887
2.6229989528656006, 8886
2.6229989528656006, 8885
2.6239941120147705, 8884
2.6239941120147705, 8883
2.6239941120147705, 8882
2.6249911785125732, 8881
2.6249911785125732, 8880
2.6259865760803223, 8879
2.6259865760803223, 8878
2.6259865760803223, 8877
2.627058267593384, 8876
2.627058267593384, 8875
2.627058267593384, 8874
2.628087282180786, 8873
2.628087282180786, 8872
2.629085063934326, 8871
2.629085063934326, 8870
2.6300525665283203, 8869
2.6300525665283203, 8868
2.6300525665283203, 8867
2.631080150604248, 8866
2.631080150604248, 8865
2.6320767402648926, 8864
2.6320767402648926, 8863
2.6320767402648926, 8862
2.6330792903900146, 8861
2.6330792903900146, 8860
2.6340723037719727, 8859
2.6340723037719727, 8858
2.635106325149536, 8857
2.6351373195648193, 8856
2.6351373195648193, 8855
2.6361660957336426, 8854
2.6361660957336426, 8853
2.6361660957336426, 8852
2.6371662616729736, 8851
2.6371662616729736, 8850
2.6381616592407227, 8849
2.6381616592407227, 8848
2.6391584873199463, 8847
2.6391584873199463, 8846
2.6391584873199463, 8845
2.6401567459106445, 8844
2.6401567459106445, 8843
2.641134023666382, 8842
2.641134023666382, 8841
2.641134023666382, 8840
2.642150402069092, 8839
2.642150402069092, 8838
2.643148422241211, 8837
2.643148422241211, 8836
2.643148422241211, 8835
2.6441447734832764, 8834
2.6441447734832764, 8833
2.6451451778411865, 8832
2.6451451778411865, 8831
2.6451451778411865, 8830
2.6461398601531982, 8829
2.6461398601531982, 8828
2.64713716506958, 8827
2.64713716506958, 8826
2.64713716506958, 8825
2.6481354236602783, 8824
2.6481354236602783, 8823
2.6491007804870605, 8822
2.6491007804870605, 8821
2.6491007804870605, 8820
2.650132894515991, 8819
2.650132894515991, 8818
2.6511270999908447, 8817
2.6511270999908447, 8816
2.6511270999908447, 8815
2.6521987915039062, 8814
2.6521987915039062, 8813
2.6532278060913086, 8812
2.6532278060913086, 8811
2.6541941165924072, 8810
2.6552231311798096, 8809
2.6552231311798096, 8808
2.6552231311798096, 8807
2.6562204360961914, 8806
2.6562204360961914, 8805
2.6562204360961914, 8804
2.6572155952453613, 8803
2.6572155952453613, 8802
2.658214807510376, 8801
2.658214807510376, 8800
2.659212112426758, 8799
2.6592774391174316, 8798
2.6592774391174316, 8797
2.6603071689605713, 8796
2.6603071689605713, 8795
2.6603071689605713, 8794
2.6613051891326904, 8793
2.6613051891326904, 8792
2.6623008251190186, 8791
2.6623008251190186, 8790
2.6623008251190186, 8789
2.663299083709717, 8788
2.663299083709717, 8787
2.6642987728118896, 8786
2.6642987728118896, 8785
2.6642987728118896, 8784
2.6652932167053223, 8783
2.6652932167053223, 8782
2.666290521621704, 8781
2.666290521621704, 8780
2.666290521621704, 8779
2.6673471927642822, 8778
2.6673471927642822, 8777
2.6673471927642822, 8776
2.6683766841888428, 8775
2.6683766841888428, 8774
2.6693756580352783, 8773
2.6693756580352783, 8772
2.6693756580352783, 8771
2.670370578765869, 8770
2.670370578765869, 8769
2.671370506286621, 8768
2.671370506286621, 8767
2.67236328125, 8766
2.67236328125, 8765
2.67236328125, 8764
2.6733624935150146, 8763
2.6733624935150146, 8762
2.674424171447754, 8761
2.674424171447754, 8760
2.674424171447754, 8759
2.6754534244537354, 8758
2.6754534244537354, 8757
2.676450729370117, 8756
2.676450729370117, 8755
2.676450729370117, 8754
2.677452564239502, 8753
2.677452564239502, 8752
2.67844557762146, 8751
2.67844557762146, 8750
2.67844557762146, 8749
2.679445266723633, 8748
2.679445266723633, 8747
2.680441379547119, 8746
2.680441379547119, 8745
2.680441379547119, 8744
2.6814377307891846, 8743
2.6814377307891846, 8742
2.682431936264038, 8741
2.682431936264038, 8740
2.682431936264038, 8739
2.683432102203369, 8738
2.683432102203369, 8737
2.684429407119751, 8736
2.684429407119751, 8735
2.684429407119751, 8734
2.6854310035705566, 8733
2.6854310035705566, 8732
2.686427593231201, 8731
2.686427593231201, 8730
2.6873908042907715, 8729
2.688420057296753, 8728
2.688420057296753, 8727
2.688420057296753, 8726
2.6894164085388184, 8725
2.6894164085388184, 8724
2.690410852432251, 8723
2.690410852432251, 8722
2.690410852432251, 8721
2.691572904586792, 8720
2.6926019191741943, 8719
2.6926019191741943, 8718
2.6926019191741943, 8717
2.6935994625091553, 8716
2.6935994625091553, 8715
2.6945993900299072, 8714
2.6945993900299072, 8713
2.6945993900299072, 8712
2.6955933570861816, 8711
2.6955933570861816, 8710
2.6965906620025635, 8709
2.6965906620025635, 8708
2.6975910663604736, 8707
2.6975910663604736, 8706
2.6975910663604736, 8705
2.6986489295959473, 8704
2.6986489295959473, 8703
2.6986489295959473, 8702
2.6996817588806152, 8701
2.6996817588806152, 8700
2.7006754875183105, 8699
2.7006754875183105, 8698
2.7006754875183105, 8697
2.7016751766204834, 8696
2.7016751766204834, 8695
2.702670097351074, 8694
2.702670097351074, 8693
2.702670097351074, 8692
2.703667640686035, 8691
2.703667640686035, 8690
2.704663038253784, 8689
2.704663038253784, 8688
2.7056617736816406, 8687
2.7056617736816406, 8686
2.7056617736816406, 8685
2.7067794799804688, 8684
2.7067794799804688, 8683
2.7067794799804688, 8682
2.70780873298645, 8681
2.70780873298645, 8680
2.7088072299957275, 8679
2.7088072299957275, 8678
2.7088072299957275, 8677
2.709803342819214, 8676
2.709803342819214, 8675
2.709803342819214, 8674
2.7108006477355957, 8673
2.7108006477355957, 8672
2.711798906326294, 8671
2.711798906326294, 8670
2.7127950191497803, 8669
2.7127950191497803, 8668
2.7127950191497803, 8667
2.7137951850891113, 8666
2.7137951850891113, 8665
2.714845657348633, 8664
2.714845657348633, 8663
2.714845657348633, 8662
2.715874671936035, 8661
2.715874671936035, 8660
2.7168712615966797, 8659
2.7168712615966797, 8658
2.7168712615966797, 8657
2.717869520187378, 8656
2.717869520187378, 8655
2.718869209289551, 8654
2.718869209289551, 8653
2.718869209289551, 8652
2.7198638916015625, 8651
2.7198638916015625, 8650
2.7208304405212402, 8649
2.7218565940856934, 8648
2.7218565940856934, 8647
2.7218565940856934, 8646
2.722856283187866, 8645
2.722856283187866, 8644
2.723853826522827, 8643
2.723853826522827, 8642
2.723853826522827, 8641
2.7248549461364746, 8640
2.7248549461364746, 8639
2.7248549461364746, 8638
2.725848913192749, 8637
2.725848913192749, 8636
2.7268483638763428, 8635
2.7268483638763428, 8634
2.7268483638763428, 8633
2.7278425693511963, 8632
2.7278425693511963, 8631
2.7288403511047363, 8630
2.7288403511047363, 8629
2.7288403511047363, 8628
2.729835033416748, 8627
2.729835033416748, 8626
2.729835033416748, 8625
2.730834722518921, 8624
2.730834722518921, 8623
2.7318992614746094, 8622
2.7318992614746094, 8621
2.7318992614746094, 8620
2.7329280376434326, 8619
2.7329280376434326, 8618
2.7329280376434326, 8617
2.73392653465271, 8616
2.73392653465271, 8615
2.73492431640625, 8614
2.73492431640625, 8613
2.73492431640625, 8612
2.7359201908111572, 8611
2.7359201908111572, 8610
2.7369203567504883, 8609
2.7369203567504883, 8608
2.737916946411133, 8607
2.737916946411133, 8606
2.737916946411133, 8605
2.7389869689941406, 8604
2.7389869689941406, 8603
2.740015983581543, 8602
2.740015983581543, 8601
2.740015983581543, 8600
2.741015672683716, 8599
2.741015672683716, 8598
2.741015672683716, 8597
2.742011308670044, 8596
2.742011308670044, 8595
2.7430081367492676, 8594
2.7430081367492676, 8593
2.7430081367492676, 8592
2.7440075874328613, 8591
2.7440075874328613, 8590
2.7450053691864014, 8589
2.7450053691864014, 8588
2.7450053691864014, 8587
2.746000051498413, 8586
2.746000051498413, 8585
2.7469992637634277, 8584
2.7470545768737793, 8583
2.7470545768737793, 8582
2.7480838298797607, 8581
2.7480838298797607, 8580
2.7480838298797607, 8579
2.7490789890289307, 8578
2.7490789890289307, 8577
2.7500782012939453, 8576
2.7500782012939453, 8575
2.7500782012939453, 8574
2.7510759830474854, 8573
2.7510759830474854, 8572
2.7510759830474854, 8571
2.7520761489868164, 8570
2.7520761489868164, 8569
2.753070592880249, 8568
2.753070592880249, 8567
2.753070592880249, 8566
2.754037618637085, 8565
2.755133867263794, 8564
2.755133867263794, 8563
2.7561604976654053, 8562
2.7561604976654053, 8561
2.7561604976654053, 8560
2.757161855697632, 8559
2.757161855697632, 8558
2.758157968521118, 8557
2.758157968521118, 8556
2.758157968521118, 8555
2.7591230869293213, 8554
2.7591230869293213, 8553
2.760152578353882, 8552
2.760152578353882, 8551
2.760152578353882, 8550
2.761152982711792, 8549
2.761152982711792, 8548
2.7621469497680664, 8547
2.7621469497680664, 8546
2.7621469497680664, 8545
2.7631447315216064, 8544
2.7631447315216064, 8543
2.7631447315216064, 8542
2.764139175415039, 8541
2.764139175415039, 8540
2.765138864517212, 8539
2.765138864517212, 8538
2.765138864517212, 8537
2.766136407852173, 8536
2.766136407852173, 8535
2.7671377658843994, 8534
2.7671377658843994, 8533
2.7671377658843994, 8532
2.7681307792663574, 8531
2.7691309452056885, 8530
2.7691309452056885, 8529
2.7701256275177, 8528
2.7701256275177, 8527
2.7711241245269775, 8526
2.7711241245269775, 8525
2.7711241245269775, 8524
2.7721922397613525, 8523
2.7721922397613525, 8522
2.7721922397613525, 8521
2.773221731185913, 8520
2.773221731185913, 8519
2.7742204666137695, 8518
2.7742204666137695, 8517
2.7742204666137695, 8516
2.7752161026000977, 8515
2.7752161026000977, 8514
2.7762162685394287, 8513
2.7762162685394287, 8512
2.7762162685394287, 8511
2.7772107124328613, 8510
2.7772107124328613, 8509
2.7782082557678223, 8508
2.7782082557678223, 8507
2.7782082557678223, 8506
2.779268264770508, 8505
2.779268264770508, 8504
2.779268264770508, 8503
2.78029727935791, 8502
2.78029727935791, 8501
2.781292676925659, 8500
2.781292676925659, 8499
2.781292676925659, 8498
2.7822928428649902, 8497
2.7822928428649902, 8496
2.7832911014556885, 8495
2.7832911014556885, 8494
2.7832911014556885, 8493
2.7832911014556885, 8492
2.7832911014556885, 8491
2.7832911014556885, 8490
2.7832911014556885, 8489
2.785719156265259, 8488
2.78625226020813, 8487
2.78625226020813, 8486
2.7872588634490967, 8485
2.7872588634490967, 8484
2.7883222103118896, 8483
2.7883589267730713, 8482
2.7883589267730713, 8481
2.789388656616211, 8480
2.789388656616211, 8479
2.789388656616211, 8478
2.790386199951172, 8477
2.790386199951172, 8476
2.791351318359375, 8475
2.791351318359375, 8474
2.791351318359375, 8473
2.792379379272461, 8472
2.792379379272461, 8471
2.793377637863159, 8470
2.793377637863159, 8469
2.793377637863159, 8468
2.7944376468658447, 8467
2.7944376468658447, 8466
2.7944376468658447, 8465
2.7954680919647217, 8464
2.7954680919647217, 8463
2.796463966369629, 8462
2.796463966369629, 8461
2.796463966369629, 8460
2.79746413230896, 8459
2.79746413230896, 8458
2.79746413230896, 8457
2.799426317214966, 8456
2.800452709197998, 8455
2.8014211654663086, 8454
2.8014211654663086, 8453
2.8024163246154785, 8452
2.8024163246154785, 8451
2.8024163246154785, 8450
2.803413152694702, 8449
2.803413152694702, 8448
2.8044440746307373, 8447
2.8044440746307373, 8446
2.8054442405700684, 8445
2.8054442405700684, 8444
2.8054442405700684, 8443
2.806440591812134, 8442
2.806440591812134, 8441
2.807434320449829, 8440
2.807434320449829, 8439
2.807434320449829, 8438
2.808434009552002, 8437
2.808434009552002, 8436
2.808434009552002, 8435
2.8094301223754883, 8434
2.8094301223754883, 8433
2.8104264736175537, 8432
2.8104264736175537, 8431
2.8104264736175537, 8430
2.8114256858825684, 8429
2.8114256858825684, 8428
2.8114256858825684, 8427
2.8124215602874756, 8426
2.8124215602874756, 8425
2.8134217262268066, 8424
2.8134217262268066, 8423
2.8134217262268066, 8422
2.8144173622131348, 8421
2.8154137134552, 8420
2.8154137134552, 8419
2.816412925720215, 8418
2.816412925720215, 8417
2.816412925720215, 8416
2.8174080848693848, 8415
2.8174080848693848, 8414
2.8184056282043457, 8413
2.8184056282043457, 8412
2.8184056282043457, 8411
2.8194053173065186, 8410
2.8194053173065186, 8409
2.8194053173065186, 8408
2.8204002380371094, 8407
2.821401596069336, 8406
2.821401596069336, 8405
2.822394847869873, 8404
2.822394847869873, 8403
2.822394847869873, 8402
2.823392152786255, 8401
2.823392152786255, 8400
2.823392152786255, 8399
2.8243865966796875, 8398
2.8243865966796875, 8397
2.8253865242004395, 8396
2.8253865242004395, 8395
2.8253865242004395, 8394
2.8263840675354004, 8393
2.8263840675354004, 8392
2.8263840675354004, 8391
2.8274497985839844, 8390
2.8274497985839844, 8389
2.8274497985839844, 8388
2.8284807205200195, 8387
2.8284807205200195, 8386
2.8294761180877686, 8385
2.8294761180877686, 8384
2.8294761180877686, 8383
2.8304731845855713, 8382
2.8304731845855713, 8381
2.831467866897583, 8380
2.831467866897583, 8379
2.831467866897583, 8378
2.8324356079101562, 8377
2.833434581756592, 8376
2.834432601928711, 8375
2.835524559020996, 8374
2.8364267349243164, 8373
2.837423086166382, 8372
2.837423086166382, 8371
2.838420867919922, 8370
2.838420867919922, 8369
2.839419364929199, 8368
2.8404159545898438, 8367
2.8404159545898438, 8366
2.841412305831909, 8365
2.841412305831909, 8364
2.842409133911133, 8363
2.842409133911133, 8362
2.842409133911133, 8361
2.8434062004089355, 8360
2.8434062004089355, 8359
2.8444037437438965, 8358
2.8444037437438965, 8357
2.8444037437438965, 8356
2.8454010486602783, 8355
2.8454010486602783, 8354
2.846398115158081, 8353
2.8473970890045166, 8352
2.848393440246582, 8351
2.848393440246582, 8350
2.848393440246582, 8349
2.8494226932525635, 8348
2.8494226932525635, 8347
2.8504228591918945, 8346
2.8504228591918945, 8345
2.8514182567596436, 8344
2.851516008377075, 8343
2.851516008377075, 8342
2.8525471687316895, 8341
2.8525471687316895, 8340
2.8525471687316895, 8339
2.8535423278808594, 8338
2.8535423278808594, 8337
2.854543685913086, 8336
2.854543685913086, 8335
2.8555386066436768, 8334
2.8555386066436768, 8333
2.8555386066436768, 8332
2.856534481048584, 8331
2.856534481048584, 8330
2.8575007915496826, 8329
2.8575007915496826, 8328
2.8586199283599854, 8327
2.859618902206421, 8326
2.859618902206421, 8325
2.8606162071228027, 8324
2.8606162071228027, 8323
2.8606162071228027, 8322
2.862609624862671, 8321
2.862609624862671, 8320
2.86360764503479, 8319
2.86360764503479, 8318
2.86360764503479, 8317
2.864638328552246, 8316
2.864638328552246, 8315
2.864638328552246, 8314
2.8656375408172607, 8313
2.8656375408172607, 8312
2.8665995597839355, 8311
2.8665995597839355, 8310
2.867596387863159, 8309
2.8677265644073486, 8308
2.869753837585449, 8307
2.8707187175750732, 8306
2.871716022491455, 8305
2.871716022491455, 8304
2.872713088989258, 8303
2.8737101554870605, 8302
2.8737101554870605, 8301
2.8737101554870605, 8300
2.8747076988220215, 8299
2.8747076988220215, 8298
2.8758819103240967, 8297
2.8758819103240967, 8296
2.8758819103240967, 8295
2.876908540725708, 8294
2.8789055347442627, 8293
2.8799057006835938, 8292
2.8809006214141846, 8291
2.8819003105163574, 8290
2.8819003105163574, 8289
2.8819003105163574, 8288
2.882894992828369, 8287
2.882894992828369, 8286
2.883892774581909, 8285
2.883892774581909, 8284
2.883892774581909, 8283
2.8848869800567627, 8282
2.8848869800567627, 8281
2.8848869800567627, 8280
2.8858871459960938, 8279
2.8858871459960938, 8278
2.8868839740753174, 8277
2.8868839740753174, 8276
2.887885093688965, 8275
2.887885093688965, 8274
2.887885093688965, 8273
2.888880491256714, 8272
2.888880491256714, 8271
2.8898799419403076, 8270
2.8898799419403076, 8269
2.8898799419403076, 8268
2.8908753395080566, 8267
2.8908753395080566, 8266
2.8908753395080566, 8265
2.892997980117798, 8264
2.892997980117798, 8263
2.893990993499756, 8262
2.893990993499756, 8261
2.893990993499756, 8260
2.894989252090454, 8259
2.8960177898406982, 8258
2.8970155715942383, 8257
2.8970155715942383, 8256
2.898012161254883, 8255
2.898012161254883, 8254
2.898012161254883, 8253
2.898977756500244, 8252
2.899977445602417, 8251
2.900099039077759, 8250
2.901097536087036, 8249
2.901097536087036, 8248
2.902095079421997, 8247
2.9030921459198, 8246
2.9040894508361816, 8245
2.9040894508361816, 8244
2.9040894508361816, 8243
2.9050867557525635, 8242
2.9060842990875244, 8241
2.907081365585327, 8240
2.907081365585327, 8239
2.90815806388855, 8238
2.90815806388855, 8237
2.90815806388855, 8236
2.9091873168945312, 8235
2.9091873168945312, 8234
2.9091873168945312, 8233
2.9101881980895996, 8232
2.9101881980895996, 8231
2.911181688308716, 8230
2.911181688308716, 8229
2.911181688308716, 8228
2.912179946899414, 8227
2.912179946899414, 8226
2.912179946899414, 8225
2.9131741523742676, 8224
2.9131741523742676, 8223
2.9141740798950195, 8222
2.9141740798950195, 8221
2.9141740798950195, 8220
2.9152257442474365, 8219
2.9152257442474365, 8218
2.9152257442474365, 8217
2.916257381439209, 8216
2.916257381439209, 8215
2.916257381439209, 8214
2.9172537326812744, 8213
2.9172537326812744, 8212
2.918253183364868, 8211
2.918253183364868, 8210
2.918253183364868, 8209
2.9192473888397217, 8208
2.920245409011841, 8207
2.920245409011841, 8206
2.9212400913238525, 8205
2.9212400913238525, 8204
2.9212400913238525, 8203
2.922239065170288, 8202
2.922239065170288, 8201
2.9232053756713867, 8200
2.9232053756713867, 8199
2.924201726913452, 8198
2.924201726913452, 8197
2.924201726913452, 8196
2.925199031829834, 8195
2.925199031829834, 8194
2.9261960983276367, 8193
2.9261960983276367, 8192
2.9261960983276367, 8191
2.9271938800811768, 8190
2.9271938800811768, 8189
2.9281911849975586, 8188
2.9281911849975586, 8187
2.9281911849975586, 8186
2.9291882514953613, 8185
2.9291882514953613, 8184
2.9301857948303223, 8183
2.9301857948303223, 8182
2.9301857948303223, 8181
2.931183099746704, 8180
2.931183099746704, 8179
2.931183099746704, 8178
2.932284355163574, 8177
2.932284355163574, 8176
2.9332869052886963, 8175
2.9332869052886963, 8174
2.9332869052886963, 8173
2.934281349182129, 8172
2.934281349182129, 8171
2.9352781772613525, 8170
2.9352781772613525, 8169
2.9362757205963135, 8168
2.9362757205963135, 8167
2.937270402908325, 8166
2.938267230987549, 8165
2.939267158508301, 8164
2.939267158508301, 8163
2.940364360809326, 8162
2.940364360809326, 8161
2.941362142562866, 8160
2.9423625469207764, 8159
2.9423625469207764, 8158
2.9433586597442627, 8157
2.9443559646606445, 8156
2.9443559646606445, 8155
2.9453535079956055, 8154
2.9453535079956055, 8153
2.9463508129119873, 8152
2.947442054748535, 8151
2.947442054748535, 8150
2.9484410285949707, 8149
2.9484410285949707, 8148
2.94943904876709, 8147
2.9504363536834717, 8146
2.9504363536834717, 8145
2.9514336585998535, 8144
2.9524309635162354, 8143
2.9524309635162354, 8142
2.954427719116211, 8141
2.955510377883911, 8140
2.9565093517303467, 8139
2.9575061798095703, 8138
2.958503484725952, 8137
2.959501028060913, 8136
2.960498571395874, 8135
2.961496353149414, 8134
2.962493658065796, 8133
2.9634907245635986, 8132
2.9644885063171387, 8131
2.965484619140625, 8130
2.966482162475586, 8129
2.9674794673919678, 8128
2.9694743156433105, 8127
2.9704713821411133, 8126
2.9704713821411133, 8125
2.9725897312164307, 8124
2.9735867977142334, 8123
2.9745843410491943, 8122
2.975581407546997, 8121
2.976578712463379, 8120
2.9775760173797607, 8119
2.9785733222961426, 8118
2.9796624183654785, 8117
2.981658458709717, 8116
2.9826557636260986, 8115
2.9836530685424805, 8114
2.9836530685424805, 8113
2.9856481552124023, 8112
2.986645221710205, 8111
2.987738609313965, 8110
2.9887373447418213, 8109
2.989734411239624, 8108
2.990731716156006, 8107
2.9917287826538086, 8106
2.9927260875701904, 8105
2.9937236309051514, 8104
2.994720935821533, 8103
2.9958081245422363, 8102
2.996807098388672, 8101
2.9988012313842773, 8100
2.9997987747192383, 8099
3.000796318054199, 8098
3.001793384552002, 8097
3.002790927886963, 8096
3.0047857761383057, 8095
3.0057826042175293, 8094
3.0067801475524902, 8093
3.007777452468872, 8092
3.008774757385254, 8091
3.0097720623016357, 8090
3.0107693672180176, 8089
3.011873245239258, 8088
3.0128722190856934, 8087
3.013869047164917, 8086
3.014866352081299, 8085
3.0168614387512207, 8084
3.0178582668304443, 8083
3.018855571746826, 8082
3.0199403762817383, 8081
3.0209391117095947, 8080
3.0219364166259766, 8079
3.0229337215423584, 8078
3.023930788040161, 8077
3.024928092956543, 8076
3.025925636291504, 8075
3.028017520904541, 8074
3.0290164947509766, 8073
3.0300133228302, 8072
3.031010627746582, 8071
3.032008409500122, 8070
3.0340027809143066, 8069
3.0350003242492676, 8068
3.036083936691284, 8067
3.0370829105377197, 8066
3.0380804538726807, 8065
3.0390772819519043, 8064
3.041071891784668, 8063
3.04206919670105, 8062
3.0430665016174316, 8061
3.0440638065338135, 8060
3.046058416366577, 8059
3.047055721282959, 8058
3.048053503036499, 8057
3.04905104637146, 8056
3.0500478744506836, 8055
3.0510449409484863, 8054
3.0521416664123535, 8053
3.053140640258789, 8052
3.054137945175171, 8051
3.0551352500915527, 8050
3.0561323165893555, 8049
3.0581252574920654, 8048
3.05912446975708, 8047
3.05912446975708, 8046
3.0612282752990723, 8045
3.0642201900482178, 8044
3.0652174949645996, 8043
3.0662145614624023, 8042
3.0693132877349854, 8041
3.0723047256469727, 8040
3.075296640396118, 8039
3.0794079303741455, 8038
3.081402540206909, 8037
3.0843944549560547, 8036
3.0873870849609375, 8035
3.090378999710083, 8034
3.093519449234009, 8033
3.0965113639831543, 8032
3.099604368209839, 8031
3.10259747505188, 8030
3.1065871715545654, 8029
3.10957932472229, 8028
3.1116044521331787, 8027
3.1145968437194824, 8026
3.1165947914123535, 8025
3.1185853481292725, 8024
3.1205501556396484, 8023
3.122575044631958, 8022
3.1245689392089844, 8021
3.1265649795532227, 8020
3.129556655883789, 8019
3.1315534114837646, 8018
3.1326680183410645, 8017
3.135660171508789, 8016
3.137655735015869, 8015
3.1397554874420166, 8014
3.141719102859497, 8013
3.143747568130493, 8012
3.145742177963257, 8011
3.1478521823883057, 8010
3.1498472690582275, 8009
3.1518378257751465, 8008
3.1538000106811523, 8007
3.155935525894165, 8006
3.157930850982666, 8005
3.1599268913269043, 8004
3.161921501159668, 8003
3.1639139652252197, 8002
3.1659088134765625, 8001
3.1679062843322754, 8000
3.170896291732788, 7999
3.1730563640594482, 7998
3.1750175952911377, 7997
3.17704439163208, 7996
3.179107904434204, 7995
3.1811349391937256, 7994
3.183126926422119, 7993
3.1851236820220947, 7992
3.187100648880005, 7991
3.1891136169433594, 7990
3.1911048889160156, 7989
3.1931025981903076, 7988
3.1950974464416504, 7987
3.197091817855835, 7986
3.2000842094421387, 7985
3.2020816802978516, 7984
3.2040796279907227, 7983
3.2060675621032715, 7982
3.2080628871917725, 7981
3.2100603580474854, 7980
3.212130308151245, 7979
3.21415638923645, 7978
3.2161495685577393, 7977
3.2191808223724365, 7976
3.2212412357330322, 7975
3.2232370376586914, 7974
3.2252297401428223, 7973
3.2273051738739014, 7972
3.2293338775634766, 7971
3.231326103210449, 7970
3.23332142829895, 7969
3.2353906631469727, 7968
3.2374184131622314, 7967
3.239414930343628, 7966
3.2414090633392334, 7965
3.243401288986206, 7964
3.2453958988189697, 7963
3.2473933696746826, 7962
3.250382423400879, 7961
3.2524940967559814, 7960
3.254490852355957, 7959
3.256483554840088, 7958
3.2584469318389893, 7957
3.260589599609375, 7956
3.262583017349243, 7955
3.2645797729492188, 7954
3.2666540145874023, 7953
3.2685673236846924, 7952
3.2715682983398438, 7951
3.273557186126709, 7950
3.2756240367889404, 7949
3.277651309967041, 7948
3.27964448928833, 7947
3.281642436981201, 7946
3.2836380004882812, 7945
3.285630226135254, 7944
3.2876250743865967, 7943
3.289623260498047, 7942
3.2917263507843018, 7941
3.2937557697296143, 7940
3.295747756958008, 7939
3.2977426052093506, 7938
3.300734281539917, 7937
3.302732229232788, 7936
3.304727077484131, 7935
3.306718111038208, 7934
3.308820962905884, 7933
3.3108129501342773, 7932
3.3127760887145996, 7931
3.3147711753845215, 7930
3.316861867904663, 7929
3.318887710571289, 7928
3.3218812942504883, 7927
3.323873996734619, 7926
3.3258697986602783, 7925
3.3278636932373047, 7924
3.333911180496216, 7923
3.334907054901123, 7922
3.336900234222412, 7921
3.3419840335845947, 7920
3.344975471496582, 7919
3.344975471496582, 7918
3.3459722995758057, 7917
3.348088502883911, 7916
3.348088502883911, 7915
3.3491177558898926, 7914
3.3501150608062744, 7913
3.3501150608062744, 7912
3.351116180419922, 7911
3.3521106243133545, 7910
3.3521106243133545, 7909
3.353109836578369, 7908
3.35410475730896, 7907
3.355151653289795, 7906
3.3551838397979736, 7905
3.3562140464782715, 7904
3.3562140464782715, 7903
3.357207775115967, 7902
3.3582074642181396, 7901
3.3582074642181396, 7900
3.3592047691345215, 7899
3.3602042198181152, 7898
3.3611996173858643, 7897
3.3611996173858643, 7896
3.3621997833251953, 7895
3.363193988800049, 7894
3.363193988800049, 7893
3.3641912937164307, 7892
3.3651862144470215, 7891
3.3651862144470215, 7890
3.36618709564209, 7889
3.368182897567749, 7888
3.368182897567749, 7887
3.37017822265625, 7886
3.371173858642578, 7885
3.372250556945801, 7884
3.372250556945801, 7883
3.3732805252075195, 7882
3.374279260635376, 7881
3.374279260635376, 7880
3.3752431869506836, 7879
3.3762717247009277, 7878
3.3762717247009277, 7877
3.3772706985473633, 7876
3.3782668113708496, 7875
3.379312038421631, 7874
3.379345417022705, 7873
3.380260705947876, 7872
3.381258726119995, 7871
3.381258726119995, 7870
3.3822526931762695, 7869
3.3832530975341797, 7868
3.3832530975341797, 7867
3.3842506408691406, 7866
3.385249376296997, 7865
3.385249376296997, 7864
3.386245012283325, 7863
3.3872690200805664, 7862
3.3882405757904053, 7861
3.389237403869629, 7860
3.3902316093444824, 7859
3.3902316093444824, 7858
3.39123272895813, 7857
3.39123272895813, 7856
3.39123272895813, 7855
3.393669366836548, 7854
3.394224166870117, 7853
3.39522123336792, 7852
3.39522123336792, 7851
3.396285057067871, 7850
3.3973116874694824, 7849
3.3973116874694824, 7848
3.3983118534088135, 7847
3.3993091583251953, 7846
3.40030574798584, 7845
3.40030574798584, 7844
3.401304244995117, 7843
3.402303457260132, 7842
3.402303457260132, 7841
3.40330171585083, 7840
3.404296636581421, 7839
3.4052910804748535, 7838
3.406290292739868, 7837
3.406290292739868, 7836
3.407287836074829, 7835
3.408289670944214, 7834
3.40928316116333, 7833
3.40928316116333, 7832
3.4102823734283447, 7831
3.4112775325775146, 7830
3.4123408794403076, 7829
3.4123408794403076, 7828
3.413370132446289, 7827
3.414367914199829, 7826
3.415367364883423, 7825
3.4163618087768555, 7824
3.4163618087768555, 7823
3.4173598289489746, 7822
3.418415069580078, 7821
3.4194440841674805, 7820
3.4204111099243164, 7819
3.4214394092559814, 7818
3.422436237335205, 7817
3.423436403274536, 7816
3.423436403274536, 7815
3.424431562423706, 7814
3.4254307746887207, 7813
3.426490068435669, 7812
3.426490068435669, 7811
3.4275240898132324, 7810
3.4285166263580322, 7809
3.429513931274414, 7808
3.429513931274414, 7807
3.430508613586426, 7806
3.4315085411071777, 7805
3.4315085411071777, 7804
3.432507276535034, 7803
3.4335055351257324, 7802
3.4335055351257324, 7801
3.434555768966675, 7800
3.4355874061584473, 7799
3.4355874061584473, 7798
3.4365830421447754, 7797
3.4375813007354736, 7796
3.438577890396118, 7795
3.438577890396118, 7794
3.439574718475342, 7793
3.440580368041992, 7792
3.440580368041992, 7791
3.44157075881958, 7790
3.44356632232666, 7789
3.445558547973633, 7788
3.4465246200561523, 7787
3.448550224304199, 7786
3.4505455493927, 7785
3.4516284465789795, 7784
3.453655242919922, 7783
3.4556186199188232, 7782
3.4586098194122314, 7781
3.459735870361328, 7780
3.461764097213745, 7779
3.463757276535034, 7778
3.4657509326934814, 7777
3.4678397178649902, 7776
3.4698381423950195, 7775
3.471832513809204, 7774
3.4728317260742188, 7773
3.4749112129211426, 7772
3.476940155029297, 7771
3.4789347648620605, 7770
3.4809274673461914, 7769
3.4819273948669434, 7768
3.4839203357696533, 7767
3.4859139919281006, 7766
3.492983102798462, 7765
3.49397873878479, 7764
3.495974540710449, 7763
3.4979653358459473, 7762
3.500060796737671, 7761
3.5020549297332764, 7760
3.5040504932403564, 7759
3.506044387817383, 7758
3.5071163177490234, 7757
3.509145975112915, 7756
3.511141061782837, 7755
3.5131328105926514, 7754
3.515200614929199, 7753
3.5162312984466553, 7752
3.5182242393493652, 7751
3.520219087600708, 7750
3.5222136974334717, 7749
3.524210214614868, 7748
3.5262036323547363, 7747
3.5281975269317627, 7746
3.529197931289673, 7745
3.5311896800994873, 7744
3.5332932472229004, 7743
3.535292387008667, 7742
3.5372862815856934, 7741
3.539354085922241, 7740
3.5413806438446045, 7739
3.5433759689331055, 7738
3.544372797012329, 7737
3.546459197998047, 7736
3.548487424850464, 7735
3.550480604171753, 7734
3.5524749755859375, 7733
3.554473400115967, 7732
3.5555825233459473, 7731
3.55757999420166, 7730
3.5595743656158447, 7729
3.561568260192871, 7728
3.563530445098877, 7727
3.5665225982666016, 7726
3.568516969680786, 7725
3.5715909004211426, 7724
3.5796430110931396, 7723
3.5796430110931396, 7722
3.590740203857422, 7721
3.5917365550994873, 7720
3.5917365550994873, 7719
3.5927374362945557, 7718
3.593731641769409, 7717
3.593731641769409, 7716
3.595841407775879, 7715
3.596837043762207, 7714
3.596837043762207, 7713
3.5978338718414307, 7712
3.5988290309906006, 7711
3.602822780609131, 7710
3.605814218521118, 7709
3.6078076362609863, 7708
3.609804391860962, 7707
3.6118483543395996, 7706
3.6128463745117188, 7705
3.6148409843444824, 7704
3.616867780685425, 7703
3.618927478790283, 7702
3.620954990386963, 7701
3.6229491233825684, 7700
3.6249423027038574, 7699
3.627014398574829, 7698
3.629041910171509, 7697
3.631035804748535, 7696
3.633030652999878, 7695
3.6350884437561035, 7694
3.6370840072631836, 7693
3.639111042022705, 7692
3.6410725116729736, 7691
3.6430671215057373, 7690
3.645061731338501, 7689
3.6470565795898438, 7688
3.6490509510040283, 7687
3.651045799255371, 7686
3.65317964553833, 7685
3.6551730632781982, 7684
3.6571362018585205, 7683
3.6602249145507812, 7682
3.663217782974243, 7681
3.665212631225586, 7680
3.6682655811309814, 7679
3.671259641647339, 7678
3.6732535362243652, 7677
3.6763439178466797, 7676
3.6793370246887207, 7675
3.682328939437866, 7674
3.68432354927063, 7673
3.687316417694092, 7672
3.690307855606079, 7671
3.6933817863464355, 7670
3.69637393951416, 7669
3.698368549346924, 7668
3.701463222503662, 7667
3.704455614089966, 7666
3.707557439804077, 7665
3.710550546646118, 7664
3.712545156478882, 7663
3.7156412601470947, 7662
3.7186331748962402, 7661
3.720628499984741, 7660
3.7226223945617676, 7659
3.7236194610595703, 7658
3.725614309310913, 7657
3.7276089191436768, 7656
3.7296035289764404, 7655
3.731713056564331, 7654
3.7337422370910645, 7653
3.7408366203308105, 7652
3.7418339252471924, 7651
3.7438275814056396, 7650
3.7457916736602783, 7649
3.7479374408721924, 7648
3.7539234161376953, 7647
3.7550055980682373, 7646
3.7550055980682373, 7645
3.756035089492798, 7644
3.7570343017578125, 7643
3.7570343017578125, 7642
3.7580292224884033, 7641
3.760021686553955, 7640
3.760021686553955, 7639
3.761021614074707, 7638
3.7630202770233154, 7637
3.7660086154937744, 7636
3.772068977355957, 7635
3.7731001377105713, 7634
3.7731001377105713, 7633
3.7740955352783203, 7632
3.7740955352783203, 7631
3.7760910987854004, 7630
3.777090311050415, 7629
3.7780885696411133, 7628
3.7780885696411133, 7627
3.7792246341705322, 7626
3.780257225036621, 7625
3.780257225036621, 7624
3.7812507152557373, 7623
3.7822508811950684, 7622
3.7822508811950684, 7621
3.783215045928955, 7620
3.78424334526062, 7619
3.785238027572632, 7618
3.785238027572632, 7617
3.7862377166748047, 7616
3.787303924560547, 7615
3.787303924560547, 7614
3.78833270072937, 7613
3.7893338203430176, 7612
3.7893338203430176, 7611
3.790327787399292, 7610
3.791325092315674, 7609
3.791325092315674, 7608
3.7923200130462646, 7607
3.7933197021484375, 7606
3.7933197021484375, 7605
3.7943167686462402, 7604
3.795285224914551, 7603
3.795285224914551, 7602
3.796398162841797, 7601
3.796398162841797, 7600
3.7974281311035156, 7599
3.7984228134155273, 7598
3.7984228134155273, 7597
3.799422025680542, 7596
3.800420045852661, 7595
3.800420045852661, 7594
3.8024144172668457, 7593
3.8044095039367676, 7592
3.8054065704345703, 7591
3.8064017295837402, 7590
3.8064017295837402, 7589
3.807400703430176, 7588
3.8083980083465576, 7587
3.809398651123047, 7586
3.809398651123047, 7585
3.811361312866211, 7584
3.812356472015381, 7583
3.8133535385131836, 7582
3.8143506050109863, 7581
3.815347671508789, 7580
3.816344738006592, 7579
3.816344738006592, 7578
3.8173420429229736, 7577
3.8183395862579346, 7576
3.8193366527557373, 7575
3.820335626602173, 7574
3.821333169937134, 7573
3.8233277797698975, 7572
3.8243250846862793, 7571
3.825322151184082, 7570
3.827317237854004, 7569
3.8283145427703857, 7568
3.8293113708496094, 7567
3.831306219100952, 7566
3.832303524017334, 7565
3.833300828933716, 7564
3.8342981338500977, 7563
3.8362932205200195, 7562
3.8372910022735596, 7561
3.8402822017669678, 7560
3.8422770500183105, 7559
3.8432743549346924, 7558
3.844271421432495, 7557
3.846264600753784, 7556
3.8472635746002197, 7555
3.8482608795166016, 7554
3.8492588996887207, 7553
3.85136079788208, 7552
3.8523592948913574, 7551
3.85335636138916, 7550
3.855350971221924, 7549
3.8563482761383057, 7548
3.858342170715332, 7547
3.8593406677246094, 7546
3.861335039138794, 7545
3.862332344055176, 7544
3.8633296489715576, 7543
3.8653244972229004, 7542
3.866321563720703, 7541
3.8674116134643555, 7540
3.868410587310791, 7539
3.870405435562134, 7538
3.8714025020599365, 7537
3.8733956813812256, 7536
3.8733956813812256, 7535
3.8743927478790283, 7534
3.8755221366882324, 7533
3.8765227794647217, 7532
3.877519369125366, 7531
3.878516912460327, 7530
3.87951397895813, 7529
3.880511522293091, 7528
3.8815085887908936, 7527
3.8825058937072754, 7526
3.883502960205078, 7525
3.884500503540039, 7524
3.885497808456421, 7523
3.8864951133728027, 7522
3.887493133544922, 7521
3.8884899616241455, 7520
3.8894877433776855, 7519
3.89048433303833, 7518
3.8915903568267822, 7517
3.8925893306732178, 7516
3.894583225250244, 7515
3.895580768585205, 7514
3.897575616836548, 7513
3.8985726833343506, 7512
3.899664878845215, 7511
3.901660919189453, 7510
3.902658224105835, 7509
3.9046521186828613, 7508
3.905651092529297, 7507
3.9076454639434814, 7506
3.90877366065979, 7505
3.9097704887390137, 7504
3.9117650985717773, 7503
3.9127626419067383, 7502
3.91375994682312, 7501
3.914757013320923, 7500
3.916853189468384, 7499
3.9178504943847656, 7498
3.9198451042175293, 7497
3.9208426475524902, 7496
3.921839714050293, 7495
3.9238345623016357, 7494
3.9248316287994385, 7493
3.9258289337158203, 7492
3.927823781967163, 7491
3.928820848464966, 7490
3.9308156967163086, 7489
3.9319276809692383, 7488
3.932926654815674, 7487
3.9349207878112793, 7486
3.9369146823883057, 7485
3.9399068355560303, 7484
3.941042184829712, 7483
3.942040205001831, 7482
3.9440338611602783, 7481
3.9450314044952393, 7480
3.946028470993042, 7479
3.948138952255249, 7478
3.9491384029388428, 7477
3.951131820678711, 7476
3.9521286487579346, 7475
3.9531257152557373, 7474
3.9541239738464355, 7473
3.95512056350708, 7472
3.956225633621216, 7471
3.9582555294036865, 7470
3.96024751663208, 7469
3.9632394313812256, 7468
3.965235471725464, 7467
3.9671974182128906, 7466
3.9681942462921143, 7465
3.969191312789917, 7464
3.9701898097991943, 7463
3.971186876296997, 7462
3.973315477371216, 7461
3.9753079414367676, 7460
3.9773027896881104, 7459
3.979264974594116, 7458
3.9803221225738525, 7457
3.981403350830078, 7456
3.982401132583618, 7455
3.983395576477051, 7454
3.98439359664917, 7453
3.98538875579834, 7452
3.9864962100982666, 7451
3.9875223636627197, 7450
3.9885263442993164, 7449
3.989520788192749, 7448
3.9905190467834473, 7447
3.99151611328125, 7446
3.9925155639648438, 7445
3.993509531021118, 7444
3.9946060180664062, 7443
3.995638847351074, 7442
3.9966325759887695, 7441
3.9966325759887695, 7440
3.99910831451416, 7439
3.9996252059936523, 7438
4.000619173049927, 7437
4.001619100570679, 7436
4.002611398696899, 7435
4.0035834312438965, 7434
4.004612684249878, 7433
4.005610942840576, 7432
4.006606101989746, 7431
4.007603406906128, 7430
4.0085978507995605, 7429
4.009598731994629, 7428
4.010595321655273, 7427
4.0117027759552, 7426
4.012732028961182, 7425
4.013730049133301, 7424
4.014726400375366, 7423
4.01572585105896, 7422
4.016722202301025, 7421
4.017719030380249, 7420
4.018810510635376, 7419
4.019840240478516, 7418
4.0208375453948975, 7417
4.021836280822754, 7416
4.022831678390503, 7415
4.023831367492676, 7414
4.024826288223267, 7413
4.025824546813965, 7412
4.026928901672363, 7411
4.027958393096924, 7410
4.028956890106201, 7409
4.029952764511108, 7408
4.030950307846069, 7407
4.031948566436768, 7406
4.032944917678833, 7405
4.033944606781006, 7404
4.035043239593506, 7403
4.036074876785278, 7402
4.037039279937744, 7401
4.038071393966675, 7400
4.039062023162842, 7399
4.040061712265015, 7398
4.0410590171813965, 7397
4.042060136795044, 7396
4.0430543422698975, 7395
4.044053316116333, 7394
4.045048475265503, 7393
4.046046733856201, 7392
4.047040939331055, 7391
4.048040390014648, 7390
4.049038410186768, 7389
4.050039052963257, 7388
4.051032781600952, 7387
4.052131652832031, 7386
4.053161144256592, 7385
4.054158449172974, 7384
4.055159330368042, 7383
4.056152820587158, 7382
4.057153224945068, 7381
4.058148384094238, 7380
4.060279369354248, 7379
4.061272859573364, 7378
4.062271595001221, 7377
4.0632665157318115, 7376
4.064263582229614, 7375
4.065258502960205, 7374
4.066258430480957, 7373
4.067350625991821, 7372
4.06838059425354, 7371
4.069346189498901, 7370
4.0703442096710205, 7369
4.0713725090026855, 7368
4.074458122253418, 7367
4.07648229598999, 7366
4.079478979110718, 7365
4.0824689865112305, 7364
4.085461854934692, 7363
4.088452577590942, 7362
4.092540264129639, 7361
4.095531940460205, 7360
4.099628686904907, 7359
4.103618621826172, 7358
4.106611728668213, 7357
4.1107141971588135, 7356
4.11470365524292, 7355
4.118780851364136, 7354
4.1217732429504395, 7353
4.125762224197388, 7352
4.129751443862915, 7351
4.132875442504883, 7350
4.136863470077515, 7349
4.139979839324951, 7348
4.143970489501953, 7347
4.146962404251099, 7346
4.151052474975586, 7345
4.154045104980469, 7344
4.158147811889648, 7343
4.162137031555176, 7342
4.166126489639282, 7341
4.170114755630493, 7340
4.172266960144043, 7339
4.175291061401367, 7338
4.1782848834991455, 7337
4.18140435218811, 7336
4.184396266937256, 7335
4.187518835067749, 7334
4.190522193908691, 7333
4.193502902984619, 7332
4.195630311965942, 7331
4.198622465133667, 7330
4.224734544754028, 7329
4.231832981109619, 7328
4.23283052444458, 7327
4.233827829360962, 7326
4.234825134277344, 7325
4.2369256019592285, 7324
4.237925052642822, 7323
4.238921642303467, 7322
4.2399187088012695, 7321
4.241913557052612, 7320
4.242910861968994, 7319
4.243910074234009, 7318
4.245903015136719, 7317
4.246900320053101, 7316
4.248894929885864, 7315
4.249891996383667, 7314
4.250889301300049, 7313
4.251996040344238, 7312
4.252994775772095, 7311
4.253992557525635, 7310
4.257981061935425, 7309
4.258978366851807, 7308
4.260087490081787, 7307
4.2620837688446045, 7306
4.263081312179565, 7305
4.26407790184021, 7304
4.265075445175171, 7303
4.266072750091553, 7302
4.2680675983428955, 7301
4.269161224365234, 7300
4.270157337188721, 7299
4.271155834197998, 7298
4.273150682449341, 7297
4.2741475105285645, 7296
4.276272296905518, 7295
4.277271032333374, 7294
4.279265403747559, 7293
4.2802629470825195, 7292
4.281260013580322, 7291
4.283254623413086, 7290
4.284252166748047, 7289
4.28524923324585, 7288
4.2872443199157715, 7287
4.288241624832153, 7286
4.289238929748535, 7285
4.290235996246338, 7284
4.292343378067017, 7283
4.293342113494873, 7282
4.295336723327637, 7281
4.2963340282440186, 7280
4.298328638076782, 7279
4.29941987991333, 7278
4.300418376922607, 7277
4.301415681838989, 7276
4.3034093379974365, 7275
4.304408073425293, 7274
4.305404901504517, 7273
4.307505369186401, 7272
4.308504343032837, 7271
4.310498476028442, 7270
4.311495780944824, 7269
4.312493324279785, 7268
4.31448769569397, 7267
4.315568923950195, 7266
4.317564487457275, 7265
4.318562030792236, 7264
4.320557117462158, 7263
4.32155442237854, 7262
4.322550535202026, 7261
4.32354736328125, 7260
4.324544429779053, 7259
4.325541734695435, 7258
4.326539039611816, 7257
4.327536344528198, 7256
4.329530954360962, 7255
4.330528497695923, 7254
4.330528497695923, 7253
4.3326334953308105, 7252
4.333630561828613, 7251
4.335625171661377, 7250
4.337620258331299, 7249
4.338617563247681, 7248
4.339715957641602, 7247
4.34171199798584, 7246
4.342709541320801, 7245
4.3437066078186035, 7244
4.344703912734985, 7243
4.345701217651367, 7242
4.3477866649627686, 7241
4.348785400390625, 7240
4.349782466888428, 7239
4.351776838302612, 7238
4.352774620056152, 7237
4.3537726402282715, 7236
4.354769229888916, 7235
4.357865810394287, 7234
4.358863353729248, 7233
4.359860420227051, 7232
4.3618552684783936, 7231
4.363849878311157, 7230
4.365844488143921, 7229
4.366841793060303, 7228
4.367839097976685, 7227
4.3688366413116455, 7226
4.369833946228027, 7225
4.3708319664001465, 7224
4.37193751335144, 7223
4.3724424839019775, 7222
4.374441146850586, 7221
4.375438690185547, 7220
4.3764355182647705, 7219
4.377432823181152, 7218
4.379427433013916, 7217
4.380518674850464, 7216
4.381515741348267, 7215
4.382513046264648, 7214
4.384507894515991, 7213
4.385505437850952, 7212
4.386502265930176, 7211
4.38759708404541, 7210
4.388595819473267, 7209
4.38959264755249, 7208
4.39059042930603, 7207
4.392585039138794, 7206
4.392585039138794, 7205
4.393582344055176, 7204
4.3945794105529785, 7203
4.3956615924835205, 7202
4.397657155990601, 7201
4.3986546993255615, 7200
4.399652004241943, 7199
4.400649547576904, 7198
4.401646614074707, 7197
4.402643918991089, 7196
4.40364146232605, 7195
4.404639005661011, 7194
4.4056360721588135, 7193
4.406633138656616, 7192
4.408627986907959, 7191
4.409625053405762, 7190
4.410622596740723, 7189
4.411724090576172, 7188
4.412723064422607, 7187
4.414717674255371, 7186
4.415714740753174, 7185
4.416712522506714, 7184
4.417709827423096, 7183
4.41978907585144, 7182
4.420787811279297, 7181
4.4217846393585205, 7180
4.42278265953064, 7179
4.423779487609863, 7178
4.425774335861206, 7177
4.425774335861206, 7176
4.426771402359009, 7175
4.427863359451294, 7174
4.429859399795532, 7173
4.4328553676605225, 7172
4.433849096298218, 7171
4.4348464012146, 7170
4.435954332351685, 7169
4.436952829360962, 7168
4.437950372695923, 7167
4.438947677612305, 7166
4.4399449825286865, 7165
4.443934440612793, 7164
4.444931507110596, 7163
4.4459288120269775, 7162
4.4469263553619385, 7161
4.44792366027832, 7160
4.450915575027466, 7159
4.452035903930664, 7158
4.4540324211120605, 7157
4.4540324211120605, 7156
4.456026792526245, 7155
4.457023859024048, 7154
4.458020925521851, 7153
4.4590184688568115, 7152
4.460122585296631, 7151
4.461121082305908, 7150
4.46211838722229, 7149
4.463114976882935, 7148
4.464111804962158, 7147
4.465108871459961, 7146
4.466105937957764, 7145
4.466105937957764, 7144
4.467103481292725, 7143
4.470213890075684, 7142
4.471213340759277, 7141
4.473207473754883, 7140
4.476314544677734, 7139
4.479308128356934, 7138
4.480305433273315, 7137
4.480305433273315, 7136
4.4822998046875, 7135
4.483297109603882, 7134
4.484294652938843, 7133
4.485291957855225, 7132
4.4872870445251465, 7131
4.4872870445251465, 7130
4.488284111022949, 7129
4.490278482437134, 7128
4.490278482437134, 7127
4.491276025772095, 7126
4.492394685745239, 7125
4.493393898010254, 7124
4.494390964508057, 7123
4.49538779258728, 7122
4.496385097503662, 7121
4.49738335609436, 7120
4.498379945755005, 7119
4.500469446182251, 7118
4.501466751098633, 7117
4.502464294433594, 7116
4.503459692001343, 7115
4.50545597076416, 7114
4.506453514099121, 7113
4.507545232772827, 7112
4.508544206619263, 7111
4.5095415115356445, 7110
4.510538578033447, 7109
4.511536121368408, 7108
4.51253342628479, 7107
4.513530492782593, 7106
4.514528036117554, 7105
4.515624284744263, 7104
4.517620325088501, 7103
4.518617868423462, 7102
4.519615173339844, 7101
4.520612716674805, 7100
4.5216100215911865, 7099
4.522607088088989, 7098
4.523604393005371, 7097
4.524601697921753, 7096
4.525599479675293, 7095
4.526596546173096, 7094
4.5275938510894775, 7093
4.52859091758728, 7092
4.530585765838623, 7091
4.531682252883911, 7090
4.532681226730347, 7089
4.53367805480957, 7088
4.534675359725952, 7087
4.536669015884399, 7086
4.537667751312256, 7085
4.538664817810059, 7084
4.539794445037842, 7083
4.541791915893555, 7082
4.542787551879883, 7081
4.543784856796265, 7080
4.5447821617126465, 7079
4.546777009963989, 7078
4.547870397567749, 7077
4.5488691329956055, 7076
4.549866199493408, 7075
4.55086350440979, 7074
4.551860570907593, 7073
4.552858114242554, 7072
4.553855895996094, 7071
4.5548529624938965, 7070
4.5559351444244385, 7069
4.557930946350098, 7068
4.5589280128479, 7067
4.561920166015625, 7066
4.563915014266968, 7065
4.5649120807647705, 7064
4.565909385681152, 7063
4.566906690597534, 7062
4.568901538848877, 7061
4.569897413253784, 7060
4.570897102355957, 7059
4.572999715805054, 7058
4.5739967823028564, 7057
4.574994325637817, 7056
4.57599139213562, 7055
4.576988935470581, 7054
4.578983306884766, 7053
4.580071687698364, 7052
4.581070184707642, 7051
4.582067489624023, 7050
4.583064794540405, 7049
4.584062099456787, 7048
4.586056709289551, 7047
4.587054491043091, 7046
4.58815860748291, 7045
4.589157342910767, 7044
4.590154409408569, 7043
4.591151714324951, 7042
4.593146562576294, 7041
4.594143629074097, 7040
4.5951409339904785, 7039
4.596232175827026, 7038
4.597230911254883, 7037
4.599225282669067, 7036
4.600222587585449, 7035
4.604212284088135, 7034
4.604212284088135, 7033
4.606206655502319, 7032
4.607203960418701, 7031
4.608201742172241, 7030
4.610196113586426, 7029
4.611193418502808, 7028
4.612298965454102, 7027
4.613298416137695, 7026
4.614294767379761, 7025
4.615292072296143, 7024
4.617286920547485, 7023
4.618284463882446, 7022
4.6203789710998535, 7021
4.686871290206909, 7020
4.693965673446655, 7019
4.694962978363037, 7018
4.722245454788208, 7017
4.722245454788208, 7016
4.731221914291382, 7015
4.736334800720215, 7014
4.737332344055176, 7013
4.760591983795166, 7012
4.771684885025024, 7011
4.856129884719849, 7010
4.867174863815308, 7009
4.870238542556763, 7008
4.894460439682007, 7007
5.090213060379028, 7006
5.091334342956543, 7005
5.489459276199341, 7004
5.4945666790008545, 7003
5.49855637550354, 7002
5.511747360229492, 7001
5.693506479263306, 7000
5.705474376678467, 6999
5.794833421707153, 6998
5.799915790557861, 6997
5.922022581100464, 6996
5.977439880371094, 6995
6.026639461517334, 6994
6.0982160568237305, 6993
6.104301691055298, 6992
6.1103997230529785, 6991
6.11548376083374, 6990
6.121467590332031, 6989
6.129446029663086, 6988
6.158812999725342, 6987
6.159810543060303, 6986
6.167788982391357, 6985
6.172893285751343, 6984
6.174887657165527, 6983
6.178877115249634, 6982
6.215230464935303, 6981
6.332037448883057, 6980
6.66299295425415, 6979
6.704209327697754, 6978
6.787632703781128, 6977
6.79162335395813, 6976
6.792620420455933, 6975
6.794615268707275, 6974
6.981990337371826, 6973
6.989090919494629, 6972
7.343409776687622, 6971
7.465827941894531, 6970
7.4739227294921875, 6969
7.4900007247924805, 6968
7.4909985065460205, 6967
7.508059024810791, 6966
7.594374656677246, 6965
7.743359327316284, 6964
7.797728538513184, 6963
7.927444696426392, 6962
8.447005033493042, 6961
8.49929404258728, 6960
