0.0, 4858
1.5535855293273926, 4857
1.7130935192108154, 4856
1.8563008308410645, 4855
2.2394516468048096, 4854
2.2474987506866455, 4853
2.2580206394195557, 4852
2.2600598335266113, 4851
2.3589046001434326, 4850
2.6165928840637207, 4849
2.7246146202087402, 4848
2.7246146202087402, 4847
2.9807136058807373, 4846
3.1277832984924316, 4845
3.212400436401367, 4844
3.288034677505493, 4843
3.6088814735412598, 4842
3.860729217529297, 4841
3.923194169998169, 4840
3.9533824920654297, 4839
3.981631278991699, 4838
4.253957271575928, 4837
4.274009466171265, 4836
4.274009466171265, 4835
4.276016473770142, 4834
4.661252975463867, 4833
4.676874876022339, 4832
4.69249701499939, 4831
4.846197843551636, 4830
4.846197843551636, 4829
5.124792575836182, 4828
5.581192970275879, 4827
5.649723291397095, 4826
5.727862358093262, 4825
5.727862358093262, 4824
5.981901407241821, 4823
6.476761817932129, 4822
6.777137279510498, 4821
6.814921140670776, 4820
6.930816650390625, 4819
6.930816650390625, 4818
6.977677822113037, 4817
7.0153937339782715, 4816
7.031049966812134, 4815
7.363208293914795, 4814
7.59937310218811, 4813
7.941537141799927, 4812
8.010533332824707, 4811
8.110774278640747, 4810
8.580514907836914, 4809
8.760793924331665, 4808
8.792891025543213, 4807
8.843090772628784, 4806
9.054522037506104, 4805
9.084808588027954, 4804
9.165372848510742, 4803
9.195439100265503, 4802
9.215570449829102, 4801
9.497564554214478, 4800
10.012303829193115, 4799
10.100815534591675, 4798
10.193710565567017, 4797
10.22382140159607, 4796
10.244324922561646, 4795
10.385563373565674, 4794
10.395641326904297, 4793
10.9585862159729, 4792
11.091443300247192, 4791
11.111591815948486, 4790
11.111591815948486, 4789
11.129631519317627, 4788
11.535064935684204, 4787
11.535064935684204, 4786
11.624133825302124, 4785
11.726729154586792, 4784
11.928312063217163, 4783
12.067826986312866, 4782
12.077848672866821, 4781
12.08998703956604, 4780
12.19074034690857, 4779
13.005356073379517, 4778
13.21922492980957, 4777
13.259550333023071, 4776
13.289804935455322, 4775
13.53189468383789, 4774
14.016419649124146, 4773
14.318942070007324, 4772
14.561413526535034, 4771
14.954906940460205, 4770
14.96500039100647, 4769
15.094456195831299, 4768
15.14677619934082, 4767
15.186920166015625, 4766
15.37845778465271, 4765
15.396621942520142, 4764
15.43887996673584, 4763
15.509430885314941, 4762
15.529607057571411, 4761
15.67164158821106, 4760
16.0220627784729, 4759
16.185235261917114, 4758
16.205848217010498, 4757
16.37725853919983, 4756
16.68787145614624, 4755
16.689912796020508, 4754
17.153945684432983, 4753
17.17411231994629, 4752
17.406407833099365, 4751
17.426599979400635, 4750
17.567765474319458, 4749
17.587913751602173, 4748
17.59799551963806, 4747
17.668425798416138, 4746
17.688565969467163, 4745
17.708711624145508, 4744
17.738932609558105, 4743
17.940157651901245, 4742
17.940157651901245, 4741
17.960188388824463, 4740
18.323199033737183, 4739
18.45219659805298, 4738
18.46428346633911, 4737
18.50275182723999, 4736
18.50275182723999, 4735
18.666597366333008, 4734
19.088091135025024, 4733
19.14054584503174, 4732
19.40326476097107, 4731
19.62303638458252, 4730
19.645198106765747, 4729
19.685526847839355, 4728
19.859444618225098, 4727
19.877551555633545, 4726
19.958154678344727, 4725
20.10944104194641, 4724
20.958350658416748, 4723
21.544089794158936, 4722
21.706159830093384, 4721
21.744449138641357, 4720
21.82708239555359, 4719
21.82708239555359, 4718
21.83728575706482, 4717
21.867339372634888, 4716
22.62180733680725, 4715
22.856165409088135, 4714
22.896912336349487, 4713
23.0481379032135, 4712
23.169174194335938, 4711
23.199422597885132, 4710
23.512048482894897, 4709
24.024608373641968, 4708
24.492964506149292, 4707
24.52333164215088, 4706
24.61409044265747, 4705
24.63253617286682, 4704
24.63253617286682, 4703
24.814423322677612, 4702
24.874901056289673, 4701
24.977747917175293, 4700
25.31885266304016, 4699
25.522536516189575, 4698
26.2406587600708, 4697
26.675480842590332, 4696
27.149897575378418, 4695
27.159975290298462, 4694
27.29122567176819, 4693
27.301305532455444, 4692
27.674270391464233, 4691
27.71494770050049, 4690
27.775457859039307, 4689
28.09619975090027, 4688
28.5044264793396, 4687
28.662540435791016, 4686
28.811584949493408, 4685
28.9646999835968, 4684
29.176689624786377, 4683
29.358298301696777, 4682
29.37843632698059, 4681
29.408711671829224, 4680
29.729390382766724, 4679
29.807532787322998, 4678
30.29378342628479, 4677
30.309402465820312, 4676
31.38831114768982, 4675
31.581928253173828, 4674
31.612175941467285, 4673
31.94587230682373, 4672
32.12777376174927, 4671
32.18824553489685, 4670
32.46046304702759, 4669
33.0155074596405, 4668
33.34837198257446, 4667
33.507752656936646, 4666
33.570239305496216, 4665
33.76974630355835, 4664
34.02436089515686, 4663
34.07270264625549, 4662
34.345794677734375, 4661
34.50864911079407, 4660
35.587140798568726, 4659
35.67837381362915, 4658
36.07170820236206, 4657
36.089842796325684, 4656
36.142343521118164, 4655
36.667113065719604, 4654
37.00137114524841, 4653
37.66766810417175, 4652
37.86734700202942, 4651
38.57524108886719, 4650
39.66793870925903, 4649
39.7284619808197, 4648
40.273165702819824, 4647
40.43454194068909, 4646
40.48540186882019, 4645
40.5763144493103, 4644
40.81796979904175, 4643
41.94779062271118, 4642
41.957881689071655, 4641
42.008344650268555, 4640
42.17972159385681, 4639
42.38163375854492, 4638
42.81535363197327, 4637
42.8555052280426, 4636
42.89830541610718, 4635
44.12925982475281, 4634
44.189446687698364, 4633
44.22978663444519, 4632
44.80506491661072, 4631
46.941346168518066, 4630
47.4962055683136, 4629
47.51638150215149, 4628
47.76870012283325, 4627
49.17872214317322, 4626
49.29770040512085, 4625
50.356239795684814, 4624
51.75044012069702, 4623
52.16417121887207, 4622
54.980677366256714, 4621
56.816723346710205, 4620
57.16798377037048, 4619
57.188173055648804, 4618
57.725022315979004, 4617
57.725022315979004, 4616
58.13873815536499, 4615
58.58257031440735, 4614
58.97687911987305, 4613
