0.0, 4858
0.5696508884429932, 4857
0.6009249687194824, 4856
0.6230542659759521, 4855
1.2912063598632812, 4854
1.61814284324646, 4853
1.823314905166626, 4852
1.9523825645446777, 4851
1.999246597290039, 4850
2.0728065967559814, 4849
2.188669443130493, 4848
2.2198784351348877, 4847
2.2198784351348877, 4846
2.288802146911621, 4845
2.3237411975860596, 4844
2.5583736896514893, 4843
2.627399206161499, 4842
2.9415202140808105, 4841
2.9988760948181152, 4840
3.179807662963867, 4839
3.3284361362457275, 4838
4.44797682762146, 4837
4.850485801696777, 4836
5.030670404434204, 4835
5.593202352523804, 4834
5.6022138595581055, 4833
5.61414647102356, 4832
5.7128307819366455, 4831
5.979405403137207, 4830
5.99904990196228, 4829
6.749801158905029, 4828
6.970463514328003, 4827
6.986083984375, 4826
7.017327785491943, 4825
7.017327785491943, 4824
7.110585927963257, 4823
7.484585762023926, 4822
7.493575096130371, 4821
7.82367730140686, 4820
7.944631814956665, 4819
8.18222713470459, 4818
8.213502883911133, 4817
8.276464462280273, 4816
8.42996621131897, 4815
8.514906644821167, 4814
8.646123170852661, 4813
9.14683985710144, 4812
9.162498950958252, 4811
9.17736029624939, 4810
9.182348728179932, 4809
9.26613450050354, 4808
9.33858871459961, 4807
9.548689842224121, 4806
9.564310073852539, 4805
9.579930305480957, 4804
9.714869022369385, 4803
9.79655933380127, 4802
9.84342098236084, 4801
9.915195226669312, 4800
9.915195226669312, 4799
9.930850267410278, 4798
9.930850267410278, 4797
10.11974835395813, 4796
10.121774911880493, 4795
10.133710861206055, 4794
10.41567587852478, 4793
10.58100175857544, 4792
10.58100175857544, 4791
10.596590757369995, 4790
11.0740327835083, 4789
11.301396369934082, 4788
11.342284202575684, 4787
11.39617395401001, 4786
11.46096682548523, 4785
11.740220308303833, 4784
11.837060689926147, 4783
12.473719358444214, 4782
12.577409744262695, 4781
12.655515432357788, 4780
12.793369054794312, 4779
13.033333539962769, 4778
13.230284214019775, 4777
13.3636474609375, 4776
13.560418367385864, 4775
13.563957929611206, 4774
13.610827207565308, 4773
13.764437675476074, 4772
13.780065536499023, 4771
14.165998220443726, 4770
14.59807276725769, 4769
14.629345655441284, 4768
14.867473125457764, 4767
15.045888900756836, 4766
15.099292993545532, 4765
15.34411072731018, 4764
15.569342613220215, 4763
16.237936973571777, 4762
16.261842250823975, 4761
16.702895641326904, 4760
17.00368022918701, 4759
17.05054020881653, 4758
17.088325262069702, 4757
17.26295018196106, 4756
17.445163011550903, 4755
17.55140209197998, 4754
17.651702880859375, 4753
17.689459800720215, 4752
17.70504593849182, 4751
17.70504593849182, 4750
17.736294269561768, 4749
17.889920711517334, 4748
18.021514415740967, 4747
18.021514415740967, 4746
18.074854373931885, 4745
18.090510845184326, 4744
18.10613250732422, 4743
18.121723651885986, 4742
18.586655855178833, 4741
18.660495042800903, 4740
18.691161632537842, 4739
18.92311978340149, 4738
19.065558195114136, 4737
19.075501441955566, 4736
19.086472034454346, 4735
19.275964498519897, 4734
19.679725408554077, 4733
19.695352792739868, 4732
19.767280340194702, 4731
19.91149139404297, 4730
19.927082300186157, 4729
19.963818073272705, 4728
20.228374481201172, 4727
20.443212509155273, 4726
20.47448468208313, 4725
20.544483184814453, 4724
20.544483184814453, 4723
20.689974546432495, 4722
21.044842004776, 4721
21.044842004776, 4720
21.14312171936035, 4719
21.158775091171265, 4718
21.215919256210327, 4717
21.431660652160645, 4716
21.56139373779297, 4715
21.886024713516235, 4714
21.921926736831665, 4713
21.94888710975647, 4712
22.439613103866577, 4711
22.70799970626831, 4710
22.72636604309082, 4709
22.79291081428528, 4708
23.302334785461426, 4707
23.436599731445312, 4706
23.887484550476074, 4705
24.273194551467896, 4704
24.356635570526123, 4703
24.5273175239563, 4702
24.54293990135193, 4701
24.945937156677246, 4700
25.325414657592773, 4699
25.5250244140625, 4698
25.667453050613403, 4697
25.84046697616577, 4696
25.84046697616577, 4695
25.928186416625977, 4694
25.95713758468628, 4693
26.047894716262817, 4692
26.094290733337402, 4691
26.296000719070435, 4690
26.446717023849487, 4689
26.446717023849487, 4688
26.756178855895996, 4687
27.524447917938232, 4686
28.156434059143066, 4685
28.161420822143555, 4684
28.615481853485107, 4683
28.615481853485107, 4682
28.85620927810669, 4681
29.01632571220398, 4680
29.292946577072144, 4679
29.43769407272339, 4678
29.456397533416748, 4677
29.664368867874146, 4676
29.856847047805786, 4675
31.46824288368225, 4674
31.53727078437805, 4673
31.684370040893555, 4672
31.95380926132202, 4671
32.58580923080444, 4670
32.60139513015747, 4669
32.65479922294617, 4668
32.67044949531555, 4667
32.801934003829956, 4666
32.904932737350464, 4665
33.27113080024719, 4664
33.35650563240051, 4663
33.387778997421265, 4662
33.55734944343567, 4661
33.773544788360596, 4660
34.23946475982666, 4659
34.628591537475586, 4658
34.67545795440674, 4657
34.837798833847046, 4656
34.87049984931946, 4655
34.92941212654114, 4654
35.15425443649292, 4653
35.721786975860596, 4652
36.019968032836914, 4651
36.35125780105591, 4650
37.25137400627136, 4649
37.25137400627136, 4648
37.26699447631836, 4647
38.00393080711365, 4646
38.35740923881531, 4645
38.43619775772095, 4644
38.96355676651001, 4643
39.42548394203186, 4642
39.456730127334595, 4641
40.232691049575806, 4640
40.883986949920654, 4639
40.90094017982483, 4638
40.97021842002869, 4637
41.175981283187866, 4636
41.2523877620697, 4635
41.716198444366455, 4634
42.07060742378235, 4633
42.17304801940918, 4632
42.23468899726868, 4631
42.812501192092896, 4630
43.127151012420654, 4629
43.21821093559265, 4628
43.30365252494812, 4627
43.6896767616272, 4626
43.85151791572571, 4625
44.916529417037964, 4624
45.047181606292725, 4623
45.10502505302429, 4622
45.11200666427612, 4621
45.95277214050293, 4620
46.05855393409729, 4619
46.33755326271057, 4618
47.17175531387329, 4617
47.563504695892334, 4616
47.694517374038696, 4615
48.06794786453247, 4614
49.44129538536072, 4613
49.97608280181885, 4612
50.40003800392151, 4611
50.589571714401245, 4610
51.065884590148926, 4609
51.86831831932068, 4608
53.90511965751648, 4607
54.95426654815674, 4606
55.24765348434448, 4605
55.46928429603577, 4604
56.213176250457764, 4603
56.79540991783142, 4602
57.067997217178345, 4601
58.551762104034424, 4600
62.21835374832153, 4599
64.01053500175476, 4598
65.00877141952515, 4597
68.45476770401001, 4596
69.89876532554626, 4595
71.1472373008728, 4594
71.76517295837402, 4593
73.62214994430542, 4592
75.8089370727539, 4591
75.90923142433167, 4590
77.92762327194214, 4589
78.99813508987427, 4588
81.43280482292175, 4587
81.9958975315094, 4586
84.25557971000671, 4585
84.31671690940857, 4584
85.7814884185791, 4583
94.78345370292664, 4582
95.84839797019958, 4581
97.39662528038025, 4580
98.53239154815674, 4579
98.57830047607422, 4578
