0.0, 4858
0.8276722431182861, 4857
1.0897343158721924, 4856
1.0998280048370361, 4855
1.3196990489959717, 4854
1.3923416137695312, 4853
1.4709703922271729, 4852
1.7633843421936035, 4851
2.078867197036743, 4850
2.2099058628082275, 4849
2.3388924598693848, 4848
2.3812785148620605, 4847
2.4099440574645996, 4846
2.4099440574645996, 4845
2.7145791053771973, 4844
2.7145791053771973, 4843
3.0475780963897705, 4842
3.075867176055908, 4841
3.471251964569092, 4840
3.7764410972595215, 4839
4.258939027786255, 4838
4.2690205574035645, 4837
4.289190769195557, 4836
4.377931833267212, 4835
4.632143497467041, 4834
4.771340608596802, 4833
4.924880743026733, 4832
4.934972047805786, 4831
4.945050954818726, 4830
5.086241960525513, 4829
5.208193302154541, 4828
5.21473240852356, 4827
5.741299867630005, 4826
5.77476954460144, 4825
5.791946649551392, 4824
6.07455849647522, 4823
6.084573745727539, 4822
6.104732036590576, 4821
6.104732036590576, 4820
6.35677170753479, 4819
6.366856098175049, 4818
6.417330026626587, 4817
6.568627595901489, 4816
6.5988006591796875, 4815
6.608895301818848, 4814
6.6391096115112305, 4813
6.740271806716919, 4812
6.750370740890503, 4811
6.750370740890503, 4810
6.990635395050049, 4809
7.043098211288452, 4808
7.162166357040405, 4807
7.558071136474609, 4806
7.697253704071045, 4805
7.879252195358276, 4804
7.972229957580566, 4803
8.032790422439575, 4802
8.557367086410522, 4801
8.607737064361572, 4800
8.779612064361572, 4799
8.819942474365234, 4798
8.819942474365234, 4797
8.827999591827393, 4796
8.900596857070923, 4795
9.253992080688477, 4794
9.264081239700317, 4793
9.264081239700317, 4792
9.274171590805054, 4791
9.284251689910889, 4790
9.529157638549805, 4789
9.647287130355835, 4788
9.649319410324097, 4787
9.680564403533936, 4786
9.957159757614136, 4785
10.017659902572632, 4784
10.075810432434082, 4783
10.118244886398315, 4782
10.400957345962524, 4781
10.573251962661743, 4780
10.601999044418335, 4779
10.753490686416626, 4778
10.753490686416626, 4777
11.29772162437439, 4776
11.307809829711914, 4775
11.325916528701782, 4774
11.338024616241455, 4773
11.458916664123535, 4772
11.593619108200073, 4771
11.593619108200073, 4770
11.740551710128784, 4769
11.880940675735474, 4768
11.901106119155884, 4767
12.2847421169281, 4766
12.526708126068115, 4765
12.546880960464478, 4764
12.86217737197876, 4763
13.041239500045776, 4762
13.154108762741089, 4761
13.184375286102295, 4760
13.544505596160889, 4759
13.765249729156494, 4758
13.796491861343384, 4757
13.860522985458374, 4756
14.408721685409546, 4755
14.53114938735962, 4754
14.53114938735962, 4753
14.920021057128906, 4752
15.101647138595581, 4751
15.321916341781616, 4750
15.35418176651001, 4749
15.384423971176147, 4748
15.424745559692383, 4747
15.434813499450684, 4746
15.465084552764893, 4745
15.706619024276733, 4744
15.716707229614258, 4743
15.736888408660889, 4742
15.74493408203125, 4741
15.776881694793701, 4740
15.959338426589966, 4739
15.977482318878174, 4738
16.191470861434937, 4737
16.312492609024048, 4736
16.58537530899048, 4735
16.99714732170105, 4734
17.01724863052368, 4733
17.01724863052368, 4732
17.039430379867554, 4731
17.309638023376465, 4730
17.452449560165405, 4729
17.644448041915894, 4728
17.652467966079712, 4727
17.955230236053467, 4726
18.066171646118164, 4725
18.23897433280945, 4724
18.254589796066284, 4723
18.29240870475769, 4722
18.555338621139526, 4721
18.693331956863403, 4720
19.001593112945557, 4719
19.08247208595276, 4718
19.564770221710205, 4717
19.978519678115845, 4716
20.039459466934204, 4715
20.059626579284668, 4714
20.362196922302246, 4713
20.37228035926819, 4712
20.46306347846985, 4711
20.612346649169922, 4710
20.695499181747437, 4709
20.725780725479126, 4708
20.75605297088623, 4707
20.769038200378418, 4706
20.82654118537903, 4705
21.12716317176819, 4704
22.41006851196289, 4703
22.834373712539673, 4702
23.025964736938477, 4701
23.046566009521484, 4700
23.21597981452942, 4699
23.712230443954468, 4698
23.722321033477783, 4697
23.97425103187561, 4696
25.011893272399902, 4695
25.16314673423767, 4694
25.294230699539185, 4693
25.617030382156372, 4692
25.655385971069336, 4691
25.93396282196045, 4690
27.653501510620117, 4689
27.82059931755066, 4688
27.923823595046997, 4687
28.194082498550415, 4686
28.386603593826294, 4685
28.856552600860596, 4684
29.09051513671875, 4683
29.201911687850952, 4682
29.242249011993408, 4681
30.180680513381958, 4680
30.68860101699829, 4679
30.83562397956848, 4678
31.676313877105713, 4677
31.979328632354736, 4676
32.19144058227539, 4675
32.27216029167175, 4674
32.41332793235779, 4673
32.504042625427246, 4672
32.6431622505188, 4671
32.665361166000366, 4670
32.70565438270569, 4669
32.82512617111206, 4668
33.26046633720398, 4667
33.351231813430786, 4666
33.47267150878906, 4665
35.466724157333374, 4664
35.93297362327576, 4663
36.064419984817505, 4662
36.11128330230713, 4661
36.36512589454651, 4660
37.0008270740509, 4659
37.516422271728516, 4658
37.61672306060791, 4657
38.131000995635986, 4656
38.181410789489746, 4655
38.61320662498474, 4654
38.73626208305359, 4653
38.83734607696533, 4652
39.08987784385681, 4651
39.70532774925232, 4650
39.70532774925232, 4649
39.79597330093384, 4648
40.16943550109863, 4647
40.17952299118042, 4646
40.310548305511475, 4645
40.32062745094299, 4644
40.70429229736328, 4643
40.80275917053223, 4642
40.88333559036255, 4641
40.94585871696472, 4640
41.67203712463379, 4639
42.42821717262268, 4638
42.52950406074524, 4637
43.20539116859436, 4636
43.21545624732971, 4635
43.326359272003174, 4634
43.69999599456787, 4633
44.50714898109436, 4632
45.26355481147766, 4631
45.5564661026001, 4630
46.3030207157135, 4629
46.37366557121277, 4628
46.41405963897705, 4627
48.12663793563843, 4626
51.150551557540894, 4625
51.71716356277466, 4624
54.37631368637085, 4623
54.549583196640015, 4622
55.01288390159607, 4621
55.25523900985718, 4620
55.39640831947327, 4619
56.03222584724426, 4618
58.19181823730469, 4617
58.62609028816223, 4616
58.67645788192749, 4615
