0.7569916248321533, 6805
0.7569916248321533, 6804
0.7579746246337891, 6803
0.7589707374572754, 6802
0.7599685192108154, 6801
0.7619647979736328, 6800
0.7629613876342773, 6799
0.7639591693878174, 6798
0.7639591693878174, 6797
0.7649564743041992, 6796
0.765953540802002, 6795
0.7669506072998047, 6794
0.7679481506347656, 6793
0.7689456939697266, 6792
0.7699429988861084, 6791
0.7719719409942627, 6790
0.7729356288909912, 6789
0.7739322185516357, 6788
0.7749295234680176, 6787
0.7759263515472412, 6786
0.7779238224029541, 6785
0.7779238224029541, 6784
0.7789511680603027, 6783
0.7789511680603027, 6782
0.7799477577209473, 6781
0.7799477577209473, 6780
0.7809443473815918, 6779
0.7809443473815918, 6778
0.7819421291351318, 6777
0.7819421291351318, 6776
0.7829403877258301, 6775
0.7829403877258301, 6774
0.7839372158050537, 6773
0.7839372158050537, 6772
0.7849361896514893, 6771
0.7849361896514893, 6770
0.7849361896514893, 6769
0.7859313488006592, 6768
0.7859313488006592, 6767
0.7889668941497803, 6766
0.7899208068847656, 6765
0.7899208068847656, 6764
0.7909183502197266, 6763
0.7909183502197266, 6762
0.7919149398803711, 6761
0.7928824424743652, 6760
0.794877290725708, 6759
0.794877290725708, 6758
0.7958741188049316, 6757
0.7968709468841553, 6756
0.797868013381958, 6755
0.7988653182983398, 6754
0.7988653182983398, 6753
0.7998631000518799, 6752
0.8008601665496826, 6751
0.8018574714660645, 6750
0.8028552532196045, 6749
0.8058731555938721, 6748
0.80684494972229, 6747
0.8078415393829346, 6746
0.8098359107971191, 6745
0.8098359107971191, 6744
0.8108317852020264, 6743
0.8108317852020264, 6742
0.8118290901184082, 6741
0.8128283023834229, 6740
0.8148248195648193, 6739
0.8158204555511475, 6738
0.8168177604675293, 6737
0.8188121318817139, 6736
0.8198096752166748, 6735
0.8208067417144775, 6734
0.8218040466308594, 6733
0.8228015899658203, 6732
0.8237988948822021, 6731
0.824796199798584, 6730
0.825798749923706, 6729
0.826791524887085, 6728
0.828787088394165, 6727
0.828787088394165, 6726
0.8297829627990723, 6725
0.8307807445526123, 6724
0.8317775726318359, 6723
0.8327748775482178, 6722
0.8337719440460205, 6721
0.8347697257995605, 6720
0.8357667922973633, 6719
0.8367640972137451, 6718
0.837761640548706, 6717
0.8387587070465088, 6716
0.8397560119628906, 6715
0.8427484035491943, 6714
0.8437454700469971, 6713
0.8437454700469971, 6712
0.8447418212890625, 6711
0.8447418212890625, 6710
0.8457391262054443, 6709
0.8457391262054443, 6708
0.8467364311218262, 6707
0.8467364311218262, 6706
0.8477342128753662, 6705
0.8477342128753662, 6704
0.848731279373169, 6703
0.848731279373169, 6702
0.8497285842895508, 6701
0.8497285842895508, 6700
0.8507256507873535, 6699
0.8517229557037354, 6698
0.8517229557037354, 6697
0.8527204990386963, 6696
0.8537178039550781, 6695
0.8537178039550781, 6694
0.85471510887146, 6693
0.8557138442993164, 6692
0.85671067237854, 6691
0.85671067237854, 6690
0.8577079772949219, 6689
0.8617160320281982, 6688
0.8617160320281982, 6687
0.8626956939697266, 6686
0.8636913299560547, 6685
0.8636913299560547, 6684
0.8646883964538574, 6683
0.8646883964538574, 6682
0.8656857013702393, 6681
0.8656857013702393, 6680
0.8666832447052002, 6679
0.8666832447052002, 6678
0.867680549621582, 6677
0.867680549621582, 6676
0.8686776161193848, 6675
0.8686776161193848, 6674
0.8696749210357666, 6673
0.8696749210357666, 6672
0.8706727027893066, 6671
0.8706727027893066, 6670
0.8706727027893066, 6669
0.8706727027893066, 6668
0.8731045722961426, 6667
0.8731045722961426, 6666
0.8736648559570312, 6665
0.8746621608734131, 6664
0.8746621608734131, 6663
0.8756608963012695, 6662
0.8776543140411377, 6661
0.8776543140411377, 6660
0.8786566257476807, 6659
0.8806447982788086, 6658
0.8816425800323486, 6657
0.8816425800323486, 6656
0.8826398849487305, 6655
0.8826398849487305, 6654
0.8826398849487305, 6653
0.8836369514465332, 6652
0.8836369514465332, 6651
0.8846344947814941, 6650
0.8846344947814941, 6649
0.885631799697876, 6648
0.8866298198699951, 6647
0.8866298198699951, 6646
0.8866298198699951, 6645
0.8876261711120605, 6644
0.8886237144470215, 6643
0.8886237144470215, 6642
0.8896210193634033, 6641
0.8896210193634033, 6640
0.8906183242797852, 6639
0.8906183242797852, 6638
0.8916158676147461, 6637
0.8926136493682861, 6636
0.8926136493682861, 6635
0.8936111927032471, 6634
0.8936111927032471, 6633
0.8946077823638916, 6632
0.8946077823638916, 6631
0.8956050872802734, 6630
0.8956050872802734, 6629
0.8966023921966553, 6628
0.8975996971130371, 6627
0.8975996971130371, 6626
0.898597240447998, 6625
0.898597240447998, 6624
0.8995943069458008, 6623
0.8995943069458008, 6622
0.9005916118621826, 6621
0.9005916118621826, 6620
0.902587890625, 6619
0.9035842418670654, 6618
0.9035842418670654, 6617
0.9045810699462891, 6616
0.9045810699462891, 6615
0.9055783748626709, 6614
0.9065759181976318, 6613
0.9075734615325928, 6612
0.9075734615325928, 6611
0.9095683097839355, 6610
0.9105663299560547, 6609
0.9105663299560547, 6608
0.9115626811981201, 6607
0.9115626811981201, 6606
0.912559986114502, 6605
0.912559986114502, 6604
0.9135570526123047, 6603
0.9135570526123047, 6602
0.9145543575286865, 6601
0.9165492057800293, 6600
0.9165492057800293, 6599
0.9175465106964111, 6598
0.9205398559570312, 6597
