0.0, 4858
1.2802197933197021, 4857
1.2882599830627441, 4856
1.6515722274780273, 4855
2.339668035507202, 4854
2.508863925933838, 4853
2.5814361572265625, 4852
2.652006149291992, 4851
3.600327968597412, 4850
3.650747299194336, 4849
3.981382369995117, 4848
3.9939229488372803, 4847
4.216172456741333, 4846
4.527504920959473, 4845
5.451948881149292, 4844
5.497448682785034, 4843
5.513040065765381, 4842
5.635967016220093, 4841
5.651587724685669, 4840
5.72061014175415, 4839
5.947183132171631, 4838
5.998262166976929, 4837
6.152864217758179, 4836
6.152864217758179, 4835
6.502420663833618, 4834
6.5244832038879395, 4833
6.62331485748291, 4832
6.947655200958252, 4831
7.038413763046265, 4830
7.510361909866333, 4829
7.608493804931641, 4828
7.612482786178589, 4827
8.281032800674438, 4826
8.296655178070068, 4825
8.494163513183594, 4824
9.237230777740479, 4823
9.384331464767456, 4822
9.406461715698242, 4821
9.43770956993103, 4820
9.43770956993103, 4819
9.453330993652344, 4818
9.468950986862183, 4817
9.468950986862183, 4816
9.484572410583496, 4815
9.653802394866943, 4814
9.83792519569397, 4813
9.999056577682495, 4812
10.001069068908691, 4811
10.042009830474854, 4810
10.072674751281738, 4809
10.132944345474243, 4808
10.181197881698608, 4807
10.181197881698608, 4806
10.374885082244873, 4805
10.669518947601318, 4804
10.720093488693237, 4803
10.740424633026123, 4802
10.952139139175415, 4801
11.042893886566162, 4800
11.042893886566162, 4799
11.315743684768677, 4798
11.434689998626709, 4797
11.446776151657104, 4796
11.668474674224854, 4795
11.829514265060425, 4794
11.920489311218262, 4793
11.980972290039062, 4792
12.001132488250732, 4791
12.091937065124512, 4790
12.200806140899658, 4789
12.323909759521484, 4788
12.394520282745361, 4787
12.414662837982178, 4786
12.467552900314331, 4785
12.5360267162323, 4784
12.931662321090698, 4783
12.961905479431152, 4782
13.010271310806274, 4781
13.032501220703125, 4780
13.264868021011353, 4779
13.34556269645691, 4778
13.34556269645691, 4777
13.44642448425293, 4776
13.567463636398315, 4775
13.607716083526611, 4774
13.840118408203125, 4773
13.860279083251953, 4772
13.890435934066772, 4771
13.908491849899292, 4770
14.04955530166626, 4769
14.221183776855469, 4768
14.273691177368164, 4767
14.425375938415527, 4766
14.497982740402222, 4765
14.790411233901978, 4764
14.810569524765015, 4763
14.850878715515137, 4762
15.022818088531494, 4761
15.164081573486328, 4760
15.527715921401978, 4759
15.709248542785645, 4758
15.719332933425903, 4757
15.789986371994019, 4756
15.800076484680176, 4755
15.86051321029663, 4754
16.43549132347107, 4753
16.68520975112915, 4752
17.402586936950684, 4751
17.404594659805298, 4750
17.525676012039185, 4749
17.53371572494507, 4748
18.150933504104614, 4747
18.150933504104614, 4746
18.544758796691895, 4745
18.6758029460907, 4744
18.774186849594116, 4743
18.987914562225342, 4742
19.10880208015442, 4741
19.36100125312805, 4740
19.622922897338867, 4739
19.66328525543213, 4738
19.81513547897339, 4737
