0.0, 4858
0.5545001029968262, 4857
0.5857429504394531, 4856
0.6013660430908203, 4855
1.2559216022491455, 4854
1.5779767036437988, 4853
1.7700517177581787, 4852
1.9008145332336426, 4851
1.9610159397125244, 4850
2.031586170196533, 4849
2.1526272296905518, 4848
2.17278790473938, 4847
2.17278790473938, 4846
2.233297824859619, 4845
2.271592855453491, 4844
2.5058579444885254, 4843
2.5765297412872314, 4842
2.87868332862854, 4841
2.949697494506836, 4840
3.1212058067321777, 4839
3.25234317779541, 4838
4.089960813522339, 4837
4.4435789585113525, 4836
4.612793445587158, 4835
5.11933445930481, 4834
5.127381801605225, 4833
5.139464378356934, 4832
5.228055000305176, 4831
5.480834484100342, 4830
5.511096715927124, 4829
6.209045648574829, 4828
6.494144678115845, 4827
6.541005373001099, 4826
6.563140392303467, 4825
6.563140392303467, 4824
6.694655895233154, 4823
7.249295473098755, 4822
7.249295473098755, 4821
7.6225903034210205, 4820
7.793450355529785, 4819
8.143044710159302, 4818
8.189913272857666, 4817
8.274531364440918, 4816
8.459412574768066, 4815
8.544029235839844, 4814
8.7380051612854, 4813
9.329190969467163, 4812
9.361449956893921, 4811
9.361449956893921, 4810
9.361449956893921, 4809
9.492658138275146, 4808
9.546093463897705, 4807
9.740149021148682, 4806
9.758788108825684, 4805
9.768811225891113, 4804
9.89962911605835, 4803
9.980287790298462, 4802
10.02057409286499, 4801
10.089176654815674, 4800
10.089176654815674, 4799
10.099261283874512, 4798
10.1093430519104, 4797
10.273204565048218, 4796
10.273204565048218, 4795
10.283308744430542, 4794
10.535295963287354, 4793
10.686530113220215, 4792
10.696612119674683, 4791
10.706697702407837, 4790
11.01961898803711, 4789
11.170655250549316, 4788
11.20081090927124, 4787
11.240863561630249, 4786
11.27927303314209, 4785
11.453035354614258, 4784
11.523476600646973, 4783
11.956724643707275, 4782
12.057932138442993, 4781
12.128336906433105, 4780
12.269389629364014, 4779
12.471144914627075, 4778
12.652427434921265, 4777
12.791846990585327, 4776
12.955249071121216, 4775
12.965336084365845, 4774
13.005653619766235, 4773
13.156782627105713, 4772
13.166888236999512, 4771
13.470047235488892, 4770
13.87098479270935, 4769
13.901586055755615, 4768
14.125087022781372, 4767
14.296355724334717, 4766
14.354820966720581, 4765
14.619365692138672, 4764
14.841235399246216, 4763
15.495302438735962, 4762
15.517500638961792, 4761
15.941269636154175, 4760
16.233814239501953, 4759
16.27209162712097, 4758
16.314842700958252, 4757
16.47648811340332, 4756
16.647889375686646, 4755
16.74874210357666, 4754
16.849563598632812, 4753
16.89788269996643, 4752
16.900375843048096, 4751
16.91045045852661, 4750
16.930623531341553, 4749
17.08185648918152, 4748
17.210949420928955, 4747
17.212990283966064, 4746
17.263448476791382, 4745
17.273558378219604, 4744
17.293743133544922, 4743
17.303811073303223, 4742
17.72805666923523, 4741
17.808679342269897, 4740
17.828834533691406, 4739
18.050355672836304, 4738
18.181760787963867, 4737
18.18978476524353, 4736
18.191792011260986, 4735
18.322705030441284, 4734
18.624706745147705, 4733
18.632720947265625, 4732
18.693289756774902, 4731
18.826761960983276, 4730
18.846936464309692, 4729
18.85701823234558, 4728
19.088955402374268, 4727
19.300806283950806, 4726
19.32943320274353, 4725
19.39220881462097, 4724
19.39220881462097, 4723
19.501145124435425, 4722
19.78551936149597, 4721
19.795599460601807, 4720
19.8863263130188, 4719
19.8863263130188, 4718
19.94722890853882, 4717
20.148903846740723, 4716
20.249754905700684, 4715
20.481945276260376, 4714
20.51218843460083, 4713
20.540833234786987, 4712
20.943841457366943, 4711
21.15772271156311, 4710
21.177897691726685, 4709
21.228320360183716, 4708
21.642064571380615, 4707
21.77357578277588, 4706
22.154723167419434, 4705
22.500064611434937, 4704
22.570980072021484, 4703
22.68992018699646, 4702
22.70205283164978, 4701
23.02298378944397, 4700
23.347718477249146, 4699
23.529456615447998, 4698
23.64076256752014, 4697
23.812220811843872, 4696
23.812220811843872, 4695
23.88280749320984, 4694
23.91101622581482, 4693
23.973663568496704, 4692
24.024057865142822, 4691
24.186091661453247, 4690
24.307124614715576, 4689
24.307124614715576, 4688
24.589679718017578, 4687
25.31567645072937, 4686
25.85245180130005, 4685
25.86254644393921, 4684
26.28617763519287, 4683
26.294222593307495, 4682
26.518081665039062, 4681
26.65963125228882, 4680
26.911717176437378, 4679
27.0527982711792, 4678
27.072938442230225, 4677
27.2778263092041, 4676
27.45652437210083, 4675
28.957222938537598, 4674
29.01755428314209, 4673
29.146981716156006, 4672
29.399356842041016, 4671
29.98624324798584, 4670
29.996305465698242, 4669
30.054712772369385, 4668
30.066845417022705, 4667
30.1776864528656, 4666
30.279040575027466, 4665
30.6321120262146, 4664
30.702690362930298, 4663
30.742997884750366, 4662
30.894418001174927, 4661
31.105695724487305, 4660
31.574888467788696, 4659
31.991653442382812, 4658
32.038485288619995, 4657
32.19215679168701, 4656
32.238988399505615, 4655
32.292455434799194, 4654
32.498183727264404, 4653
32.934107303619385, 4652
33.11400365829468, 4651
33.476943492889404, 4650
34.23714351654053, 4649
34.249255895614624, 4648
34.249255895614624, 4647
34.984922885894775, 4646
35.28590226173401, 4645
35.348419427871704, 4644
35.80257797241211, 4643
36.21541738510132, 4642
36.245659589767456, 4641
36.90128040313721, 4640
37.42597723007202, 4639
37.44409704208374, 4638
37.49651598930359, 4637
37.67043209075928, 4636
37.7510621547699, 4635
38.144091844558716, 4634
38.467246770858765, 4633
38.5580153465271, 4632
38.61849236488342, 4631
39.15149927139282, 4630
39.40624022483826, 4629
39.496991872787476, 4628
39.57771944999695, 4627
39.92864108085632, 4626
40.09246253967285, 4625
40.948262453079224, 4624
41.030943632125854, 4623
41.07127046585083, 4622
41.08136510848999, 4621
41.77781057357788, 4620
41.81648397445679, 4619
41.98792910575867, 4618
42.52294421195984, 4617
42.8779616355896, 4616
43.01942467689514, 4615
43.37229943275452, 4614
44.70229363441467, 4613
45.21889042854309, 4612
45.62290644645691, 4611
45.80442833900452, 4610
46.268338203430176, 4609
46.954830169677734, 4608
47.600592613220215, 4607
48.29627203941345, 4606
48.488243103027344, 4605
48.639530420303345, 4604
49.174001693725586, 4603
49.57780480384827, 4602
49.77987051010132, 4601
50.61667251586914, 4600
52.39401197433472, 4599
53.693190813064575, 4598
54.39678430557251, 4597
57.12443661689758, 4596
58.56103491783142, 4595
59.791747093200684, 4594
60.40773892402649, 4593
62.24354648590088, 4592
64.3904926776886, 4591
64.48339414596558, 4590
66.48160195350647, 4589
67.5411307811737, 4588
69.96176314353943, 4587
70.51691675186157, 4586
72.73640489578247, 4585
72.80492758750916, 4584
74.21954894065857, 4583
