0.2705411911010742, 6805
0.2705411911010742, 6804
0.2725813388824463, 6803
0.2725813388824463, 6802
0.2725813388824463, 6801
0.2725813388824463, 6800
0.2725813388824463, 6799
0.2725813388824463, 6798
0.2725813388824463, 6797
0.2725813388824463, 6796
0.2725813388824463, 6795
0.2725813388824463, 6794
0.2725813388824463, 6793
0.2725813388824463, 6792
0.2725813388824463, 6791
0.2725813388824463, 6790
0.2725813388824463, 6789
0.2725813388824463, 6788
0.2725813388824463, 6787
0.2725813388824463, 6786
0.280623197555542, 6785
0.280623197555542, 6784
0.280623197555542, 6783
0.280623197555542, 6782
0.280623197555542, 6781
0.28266167640686035, 6780
0.28266167640686035, 6779
0.28266167640686035, 6778
0.28266167640686035, 6777
0.28266167640686035, 6776
0.28266167640686035, 6775
0.28266167640686035, 6774
0.28266167640686035, 6773
0.28266167640686035, 6772
0.28266167640686035, 6771
0.28266167640686035, 6770
0.28266167640686035, 6769
0.28266167640686035, 6768
0.28266167640686035, 6767
0.28266167640686035, 6766
0.28266167640686035, 6765
0.28266167640686035, 6764
0.28266167640686035, 6763
0.28266167640686035, 6762
0.28266167640686035, 6761
0.2907145023345947, 6760
0.2907145023345947, 6759
0.2907145023345947, 6758
0.2907145023345947, 6757
0.2907145023345947, 6756
0.2927548885345459, 6755
0.2927548885345459, 6754
0.2927548885345459, 6753
0.2927548885345459, 6752
0.2927548885345459, 6751
0.2927548885345459, 6750
0.2927548885345459, 6749
0.2927548885345459, 6748
0.2927548885345459, 6747
0.2927548885345459, 6746
0.2927548885345459, 6745
0.2927548885345459, 6744
0.2927548885345459, 6743
0.2927548885345459, 6742
0.2927548885345459, 6741
0.2927548885345459, 6740
0.3007957935333252, 6739
0.3007957935333252, 6738
0.3007957935333252, 6737
0.3007957935333252, 6736
0.30283427238464355, 6735
0.30283427238464355, 6734
0.30283427238464355, 6733
0.30283427238464355, 6732
0.30283427238464355, 6731
0.30283427238464355, 6730
0.30283427238464355, 6729
0.30283427238464355, 6728
0.30283427238464355, 6727
0.30283427238464355, 6726
0.30283427238464355, 6725
0.30283427238464355, 6724
0.30283427238464355, 6723
0.30283427238464355, 6722
0.30283427238464355, 6721
0.30283427238464355, 6720
0.30283427238464355, 6719
0.31089019775390625, 6718
0.31089019775390625, 6717
0.312929630279541, 6716
0.312929630279541, 6715
0.312929630279541, 6714
0.312929630279541, 6713
0.312929630279541, 6712
0.312929630279541, 6711
0.312929630279541, 6710
0.312929630279541, 6709
0.312929630279541, 6708
0.312929630279541, 6707
0.312929630279541, 6706
0.312929630279541, 6705
0.312929630279541, 6704
0.312929630279541, 6703
0.312929630279541, 6702
0.312929630279541, 6701
0.312929630279541, 6700
0.312929630279541, 6699
0.3209686279296875, 6698
0.3209686279296875, 6697
0.3209686279296875, 6696
0.3209686279296875, 6695
0.32300710678100586, 6694
0.32300710678100586, 6693
0.32300710678100586, 6692
0.32300710678100586, 6691
0.32300710678100586, 6690
0.32300710678100586, 6689
0.32300710678100586, 6688
0.32300710678100586, 6687
0.32300710678100586, 6686
0.32300710678100586, 6685
0.32300710678100586, 6684
0.32300710678100586, 6683
0.32300710678100586, 6682
0.32300710678100586, 6681
0.32300710678100586, 6680
0.32300710678100586, 6679
0.32300710678100586, 6678
0.33105015754699707, 6677
0.33105015754699707, 6676
0.33105015754699707, 6675
0.33105015754699707, 6674
0.33105015754699707, 6673
0.33308935165405273, 6672
0.33308935165405273, 6671
0.33308935165405273, 6670
0.33308935165405273, 6669
0.33308935165405273, 6668
0.33308935165405273, 6667
0.33308935165405273, 6666
0.33308935165405273, 6665
0.33308935165405273, 6664
0.33308935165405273, 6663
0.33308935165405273, 6662
0.33308935165405273, 6661
0.33308935165405273, 6660
0.33308935165405273, 6659
0.33308935165405273, 6658
0.33308935165405273, 6657
0.33308935165405273, 6656
0.34112071990966797, 6655
0.3411262035369873, 6654
0.3411262035369873, 6653
0.3411262035369873, 6652
0.3411262035369873, 6651
0.34313297271728516, 6650
0.34313297271728516, 6649
0.34313297271728516, 6648
0.34313297271728516, 6647
0.34313297271728516, 6646
0.34313297271728516, 6645
0.34313297271728516, 6644
0.34313297271728516, 6643
0.34313297271728516, 6642
0.34313297271728516, 6641
0.34313297271728516, 6640
0.34313297271728516, 6639
0.34313297271728516, 6638
0.34313297271728516, 6637
0.34313297271728516, 6636
0.34313297271728516, 6635
0.34313297271728516, 6634
0.34313297271728516, 6633
0.3511769771575928, 6632
0.3511769771575928, 6631
0.3511769771575928, 6630
0.3511769771575928, 6629
0.35321569442749023, 6628
0.35321569442749023, 6627
0.35321569442749023, 6626
0.35321569442749023, 6625
0.35321569442749023, 6624
0.35321569442749023, 6623
0.35321569442749023, 6622
0.35321569442749023, 6621
0.35321569442749023, 6620
0.35321569442749023, 6619
0.35321569442749023, 6618
0.35321569442749023, 6617
0.35321569442749023, 6616
0.35321569442749023, 6615
0.35321569442749023, 6614
0.35321569442749023, 6613
0.36125826835632324, 6612
0.36125826835632324, 6611
0.36125826835632324, 6610
0.3632969856262207, 6609
0.3632969856262207, 6608
0.3632969856262207, 6607
0.3632969856262207, 6606
0.3632969856262207, 6605
0.3632969856262207, 6604
0.3632969856262207, 6603
0.3632969856262207, 6602
0.3632969856262207, 6601
0.3632969856262207, 6600
0.3632969856262207, 6599
0.3632969856262207, 6598
0.3632969856262207, 6597
15.751321792602539, 6596
16.116957902908325, 6595
16.116957902908325, 6594
16.127038717269897, 6593
16.127038717269897, 6592
16.531272888183594, 6591
16.531272888183594, 6590
16.531272888183594, 6589
16.541296243667603, 6588
16.541296243667603, 6587
16.541296243667603, 6586
16.541296243667603, 6585
16.549304008483887, 6584
16.551309823989868, 6583
16.551309823989868, 6582
16.551309823989868, 6581
16.551309823989868, 6580
16.551309823989868, 6579
16.559338092803955, 6578
16.56134867668152, 6577
16.56134867668152, 6576
16.56134867668152, 6575
16.56134867668152, 6574
16.56134867668152, 6573
16.56134867668152, 6572
16.56134867668152, 6571
16.56134867668152, 6570
16.56134867668152, 6569
16.56134867668152, 6568
16.56134867668152, 6567
16.56134867668152, 6566
16.56134867668152, 6565
16.56134867668152, 6564
16.56134867668152, 6563
16.56134867668152, 6562
16.569355487823486, 6561
16.569355487823486, 6560
16.569355487823486, 6559
16.571359634399414, 6558
16.571359634399414, 6557
16.571359634399414, 6556
16.571359634399414, 6555
16.571359634399414, 6554
16.571359634399414, 6553
16.571359634399414, 6552
16.571359634399414, 6551
16.571359634399414, 6550
16.579394102096558, 6549
16.579394102096558, 6548
16.579394102096558, 6547
16.5814368724823, 6546
16.5814368724823, 6545
16.5814368724823, 6544
16.5814368724823, 6543
16.5814368724823, 6542
16.5814368724823, 6541
16.5814368724823, 6540
16.59152317047119, 6539
16.59152317047119, 6538
16.59152317047119, 6537
16.59152317047119, 6536
16.59152317047119, 6535
16.59957504272461, 6534
16.59957504272461, 6533
16.601619005203247, 6532
16.601619005203247, 6531
16.601619005203247, 6530
16.601619005203247, 6529
16.601619005203247, 6528
16.6096613407135, 6527
16.6096613407135, 6526
16.6096613407135, 6525
16.6096613407135, 6524
16.6096613407135, 6523
16.62104344367981, 6522
16.6220760345459, 6521
16.6220760345459, 6520
16.623070001602173, 6519
16.623070001602173, 6518
16.624109983444214, 6517
16.624109983444214, 6516
16.624109983444214, 6515
16.624109983444214, 6514
16.624109983444214, 6513
16.624109983444214, 6512
16.624109983444214, 6511
16.624109983444214, 6510
16.624109983444214, 6509
16.624109983444214, 6508
16.624109983444214, 6507
16.630148887634277, 6506
16.630148887634277, 6505
16.632189512252808, 6504
16.632189512252808, 6503
16.632189512252808, 6502
16.632189512252808, 6501
16.632189512252808, 6500
16.632189512252808, 6499
16.632189512252808, 6498
16.632189512252808, 6497
16.632189512252808, 6496
16.632189512252808, 6495
16.632189512252808, 6494
16.632189512252808, 6493
16.632189512252808, 6492
16.632189512252808, 6491
16.64024806022644, 6490
16.65033745765686, 6489
16.65033745765686, 6488
16.65033745765686, 6487
16.65033745765686, 6486
16.652376174926758, 6485
16.652376174926758, 6484
16.652376174926758, 6483
16.652376174926758, 6482
16.652376174926758, 6481
16.652376174926758, 6480
16.652376174926758, 6479
16.652376174926758, 6478
16.652376174926758, 6477
16.652376174926758, 6476
16.652376174926758, 6475
16.66246724128723, 6474
16.66246724128723, 6473
16.66246724128723, 6472
16.66246724128723, 6471
16.66246724128723, 6470
16.670512199401855, 6469
16.67254614830017, 6468
16.672552347183228, 6467
16.672552347183228, 6466
16.672552347183228, 6465
16.672552347183228, 6464
16.680618286132812, 6463
16.68264126777649, 6462
16.68264126777649, 6461
16.68264126777649, 6460
16.68264126777649, 6459
16.69066834449768, 6458
16.69269037246704, 6457
16.69269037246704, 6456
16.69269037246704, 6455
16.69269037246704, 6454
16.69269037246704, 6453
16.702744483947754, 6452
16.702744483947754, 6451
16.702744483947754, 6450
16.702744483947754, 6449
16.710782766342163, 6448
16.710782766342163, 6447
16.712805032730103, 6446
16.712805032730103, 6445
16.712805032730103, 6444
16.712805032730103, 6443
16.72084140777588, 6442
16.722891807556152, 6441
16.722891807556152, 6440
16.722891807556152, 6439
16.730934381484985, 6438
16.73297381401062, 6437
16.73297381401062, 6436
16.740995168685913, 6435
16.740995168685913, 6434
16.740995168685913, 6433
16.740995168685913, 6432
16.743045330047607, 6431
16.743045330047607, 6430
16.743045330047607, 6429
16.743045330047607, 6428
16.743045330047607, 6427
16.743045330047607, 6426
16.743045330047607, 6425
16.75109028816223, 6424
16.75109028816223, 6423
16.75109028816223, 6422
16.75313377380371, 6421
16.75313377380371, 6420
16.75313377380371, 6419
16.75313377380371, 6418
16.75313377380371, 6417
16.75313377380371, 6416
16.75313377380371, 6415
16.75313377380371, 6414
16.75313377380371, 6413
16.763201475143433, 6412
16.763201475143433, 6411
16.763201475143433, 6410
16.763201475143433, 6409
16.763201475143433, 6408
16.763201475143433, 6407
16.771245002746582, 6406
16.771245002746582, 6405
16.773290157318115, 6404
16.773290157318115, 6403
16.773290157318115, 6402
16.773290157318115, 6401
16.773290157318115, 6400
16.773290157318115, 6399
16.773290157318115, 6398
16.773290157318115, 6397
16.781302452087402, 6396
16.793442487716675, 6395
16.793442487716675, 6394
16.793442487716675, 6393
16.803529739379883, 6392
16.803529739379883, 6391
16.803529739379883, 6390
16.803529739379883, 6389
16.803529739379883, 6388
16.803529739379883, 6387
16.803529739379883, 6386
16.803529739379883, 6385
16.803529739379883, 6384
16.803529739379883, 6383
16.803529739379883, 6382
16.811571836471558, 6381
16.811571836471558, 6380
16.811571836471558, 6379
16.81361484527588, 6378
16.81361484527588, 6377
16.81361484527588, 6376
16.81361484527588, 6375
16.81361484527588, 6374
16.81361484527588, 6373
16.81361484527588, 6372
16.81361484527588, 6371
16.821649074554443, 6370
16.824090003967285, 6369
16.824090003967285, 6368
16.824090003967285, 6367
16.824090003967285, 6366
16.83416509628296, 6365
16.83416509628296, 6364
16.83416509628296, 6363
16.83416509628296, 6362
16.83416509628296, 6361
16.83416509628296, 6360
16.83416509628296, 6359
16.83416509628296, 6358
16.83416509628296, 6357
16.83416509628296, 6356
16.842214584350586, 6355
16.844226837158203, 6354
16.844226837158203, 6353
16.844226837158203, 6352
16.844226837158203, 6351
16.844226837158203, 6350
16.844226837158203, 6349
16.844226837158203, 6348
16.844226837158203, 6347
16.85227108001709, 6346
16.85227108001709, 6345
16.85227108001709, 6344
16.85227108001709, 6343
16.85227108001709, 6342
16.854312419891357, 6341
16.854312419891357, 6340
16.854312419891357, 6339
16.854312419891357, 6338
16.854312419891357, 6337
16.854312419891357, 6336
16.854312419891357, 6335
16.854312419891357, 6334
16.854312419891357, 6333
16.854312419891357, 6332
16.854312419891357, 6331
16.854312419891357, 6330
16.854312419891357, 6329
16.862361907958984, 6328
16.864403009414673, 6327
16.864403009414673, 6326
16.864403009414673, 6325
16.864403009414673, 6324
16.864403009414673, 6323
16.864403009414673, 6322
16.864403009414673, 6321
16.872453689575195, 6320
16.872453689575195, 6319
16.872453689575195, 6318
16.872453689575195, 6317
16.87449336051941, 6316
16.87449336051941, 6315
16.87449336051941, 6314
16.87449336051941, 6313
16.87449336051941, 6312
16.87449336051941, 6311
16.87449336051941, 6310
16.87449336051941, 6309
16.87449336051941, 6308
16.87449336051941, 6307
16.87449336051941, 6306
16.87449336051941, 6305
16.87449336051941, 6304
16.87449336051941, 6303
16.882570266723633, 6302
16.882570266723633, 6301
16.882570266723633, 6300
16.882570266723633, 6299
16.884613513946533, 6298
16.884613513946533, 6297
16.884613513946533, 6296
16.884613513946533, 6295
16.884613513946533, 6294
16.884613513946533, 6293
16.884613513946533, 6292
16.884613513946533, 6291
16.884613513946533, 6290
16.884613513946533, 6289
16.884613513946533, 6288
16.884613513946533, 6287
16.884613513946533, 6286
16.884613513946533, 6285
16.884613513946533, 6284
16.884613513946533, 6283
16.892662048339844, 6282
16.892662048339844, 6281
16.892662048339844, 6280
16.892662048339844, 6279
16.892662048339844, 6278
16.8947012424469, 6277
16.8947012424469, 6276
16.8947012424469, 6275
16.8947012424469, 6274
16.8947012424469, 6273
16.8947012424469, 6272
16.8947012424469, 6271
16.8947012424469, 6270
16.8947012424469, 6269
16.8947012424469, 6268
16.8947012424469, 6267
16.90276336669922, 6266
16.90479850769043, 6265
16.90479850769043, 6264
16.90479850769043, 6263
16.90479850769043, 6262
16.90479850769043, 6261
16.912839889526367, 6260
16.91488242149353, 6259
16.91488242149353, 6258
16.91488242149353, 6257
16.91488242149353, 6256
16.92293643951416, 6255
16.92293643951416, 6254
16.924986839294434, 6253
16.924986839294434, 6252
16.924986839294434, 6251
16.93507671356201, 6250
16.93507671356201, 6249
16.93507671356201, 6248
16.943124771118164, 6247
16.945170402526855, 6246
16.945170402526855, 6245
16.955264806747437, 6244
16.955264806747437, 6243
16.955264806747437, 6242
16.965335845947266, 6241
16.965335845947266, 6240
16.965335845947266, 6239
16.973339319229126, 6238
16.973381519317627, 6237
16.973381519317627, 6236
16.975424766540527, 6235
16.975424766540527, 6234
16.975424766540527, 6233
16.985519647598267, 6232
16.985519647598267, 6231
16.985519647598267, 6230
16.985519647598267, 6229
16.985519647598267, 6228
16.985519647598267, 6227
16.985519647598267, 6226
16.985519647598267, 6225
16.985519647598267, 6224
16.985519647598267, 6223
16.985519647598267, 6222
16.985519647598267, 6221
16.993560552597046, 6220
16.993560552597046, 6219
16.993560552597046, 6218
16.993560552597046, 6217
16.993560552597046, 6216
16.995599508285522, 6215
16.995599508285522, 6214
16.995599508285522, 6213
16.995599508285522, 6212
16.995599508285522, 6211
16.995599508285522, 6210
16.995599508285522, 6209
16.995599508285522, 6208
16.995599508285522, 6207
16.995599508285522, 6206
16.995599508285522, 6205
17.003673315048218, 6204
17.003673315048218, 6203
17.005720853805542, 6202
17.005720853805542, 6201
17.005720853805542, 6200
17.005720853805542, 6199
17.013765335083008, 6198
17.013765335083008, 6197
17.013765335083008, 6196
17.013765335083008, 6195
17.015807151794434, 6194
17.015807151794434, 6193
17.015807151794434, 6192
17.015807151794434, 6191
17.015807151794434, 6190
17.015807151794434, 6189
17.015807151794434, 6188
17.015807151794434, 6187
17.015807151794434, 6186
17.015807151794434, 6185
17.015807151794434, 6184
17.015807151794434, 6183
17.023863554000854, 6182
17.023863554000854, 6181
17.023863554000854, 6180
17.02590298652649, 6179
17.02590298652649, 6178
17.02590298652649, 6177
17.02590298652649, 6176
17.02590298652649, 6175
17.02590298652649, 6174
17.02590298652649, 6173
17.02590298652649, 6172
17.02590298652649, 6171
17.02590298652649, 6170
17.02590298652649, 6169
17.02590298652649, 6168
17.02590298652649, 6167
17.02590298652649, 6166
17.02590298652649, 6165
17.02590298652649, 6164
17.02590298652649, 6163
17.02590298652649, 6162
17.033944845199585, 6161
17.033944845199585, 6160
17.033944845199585, 6159
17.033944845199585, 6158
17.033944845199585, 6157
17.03598713874817, 6156
17.03598713874817, 6155
17.03598713874817, 6154
17.03598713874817, 6153
17.03598713874817, 6152
17.03598713874817, 6151
17.03598713874817, 6150
17.03598713874817, 6149
17.03598713874817, 6148
17.03598713874817, 6147
17.03598713874817, 6146
17.044039964675903, 6145
17.046079635620117, 6144
17.046079635620117, 6143
17.046079635620117, 6142
17.046079635620117, 6141
17.046079635620117, 6140
17.046079635620117, 6139
17.046079635620117, 6138
17.046079635620117, 6137
17.046079635620117, 6136
17.046079635620117, 6135
17.046079635620117, 6134
17.046079635620117, 6133
17.046079635620117, 6132
17.054121017456055, 6131
17.054121017456055, 6130
17.054121017456055, 6129
17.054121017456055, 6128
17.054121017456055, 6127
17.056154489517212, 6126
17.056159734725952, 6125
17.056159734725952, 6124
17.056159734725952, 6123
17.056159734725952, 6122
17.056159734725952, 6121
17.056159734725952, 6120
17.056159734725952, 6119
17.056159734725952, 6118
17.056159734725952, 6117
17.056159734725952, 6116
17.056159734725952, 6115
17.056159734725952, 6114
17.056159734725952, 6113
17.056159734725952, 6112
17.056159734725952, 6111
17.056159734725952, 6110
17.056159734725952, 6109
17.06420922279358, 6108
17.06420922279358, 6107
17.066255807876587, 6106
17.066255807876587, 6105
17.066255807876587, 6104
17.076336145401, 6103
17.076336145401, 6102
17.076336145401, 6101
17.076336145401, 6100
17.086437702178955, 6099
17.086437702178955, 6098
17.086437702178955, 6097
17.086437702178955, 6096
17.086437702178955, 6095
17.086437702178955, 6094
17.086437702178955, 6093
17.094481706619263, 6092
17.094481706619263, 6091
17.096526861190796, 6090
17.096526861190796, 6089
17.096526861190796, 6088
17.096526861190796, 6087
17.096526861190796, 6086
17.104561805725098, 6085
17.104561805725098, 6084
17.106600761413574, 6083
17.106600761413574, 6082
17.106600761413574, 6081
17.106600761413574, 6080
17.106600761413574, 6079
17.106600761413574, 6078
17.106600761413574, 6077
17.106600761413574, 6076
17.106600761413574, 6075
17.106600761413574, 6074
17.106600761413574, 6073
17.106600761413574, 6072
17.106600761413574, 6071
17.114641666412354, 6070
17.114641666412354, 6069
17.114641666412354, 6068
17.114641666412354, 6067
17.114641666412354, 6066
17.116682052612305, 6065
17.116682052612305, 6064
17.116682052612305, 6063
17.116682052612305, 6062
17.116682052612305, 6061
17.116682052612305, 6060
17.116682052612305, 6059
17.116682052612305, 6058
17.12470293045044, 6057
17.12470293045044, 6056
17.12470293045044, 6055
17.12470293045044, 6054
17.126747131347656, 6053
17.126747131347656, 6052
17.126747131347656, 6051
17.136829376220703, 6050
17.14495849609375, 6049
17.147000551223755, 6048
17.147000551223755, 6047
17.147000551223755, 6046
17.147000551223755, 6045
17.147000551223755, 6044
17.147000551223755, 6043
17.147000551223755, 6042
17.147000551223755, 6041
17.147000551223755, 6040
17.147000551223755, 6039
17.147000551223755, 6038
17.147000551223755, 6037
17.147000551223755, 6036
17.155041456222534, 6035
17.155041456222534, 6034
17.155041456222534, 6033
17.155041456222534, 6032
17.157082319259644, 6031
17.157082319259644, 6030
17.157082319259644, 6029
17.157082319259644, 6028
17.157082319259644, 6027
17.157082319259644, 6026
17.165127754211426, 6025
17.167169094085693, 6024
17.167169094085693, 6023
17.167169094085693, 6022
17.167169094085693, 6021
17.167169094085693, 6020
17.167169094085693, 6019
17.175213098526, 6018
17.175213098526, 6017
17.177252054214478, 6016
17.177252054214478, 6015
17.177252054214478, 6014
17.177252054214478, 6013
17.177252054214478, 6012
17.177252054214478, 6011
17.187313556671143, 6010
17.187313556671143, 6009
17.187313556671143, 6008
17.19536280632019, 6007
17.19536280632019, 6006
17.19740915298462, 6005
17.19740915298462, 6004
17.19740915298462, 6003
17.19740915298462, 6002
17.19740915298462, 6001
17.19740915298462, 6000
17.19740915298462, 5999
17.19740915298462, 5998
17.19740915298462, 5997
17.205454349517822, 5996
17.207494020462036, 5995
17.207494020462036, 5994
17.207494020462036, 5993
17.207494020462036, 5992
17.207494020462036, 5991
17.215534210205078, 5990
17.22558331489563, 5989
17.22762393951416, 5988
17.22762393951416, 5987
17.22762393951416, 5986
17.22762393951416, 5985
17.22762393951416, 5984
17.22762393951416, 5983
17.22762393951416, 5982
17.23566508293152, 5981
17.237704515457153, 5980
17.237704515457153, 5979
17.237704515457153, 5978
17.237704515457153, 5977
17.237704515457153, 5976
17.237704515457153, 5975
17.24577760696411, 5974
17.247819900512695, 5973
17.247819900512695, 5972
17.247819900512695, 5971
17.247819900512695, 5970
17.247819900512695, 5969
17.247819900512695, 5968
17.255860090255737, 5967
17.2579026222229, 5966
17.2579026222229, 5965
17.2579026222229, 5964
17.2579026222229, 5963
17.2579026222229, 5962
17.265953302383423, 5961
17.265953302383423, 5960
17.265953302383423, 5959
17.267992734909058, 5958
17.267992734909058, 5957
17.267992734909058, 5956
17.267992734909058, 5955
17.267992734909058, 5954
17.267992734909058, 5953
17.267992734909058, 5952
17.267992734909058, 5951
17.267992734909058, 5950
17.267992734909058, 5949
17.267992734909058, 5948
17.267992734909058, 5947
17.267992734909058, 5946
17.267992734909058, 5945
17.267992734909058, 5944
17.267992734909058, 5943
17.267992734909058, 5942
17.267992734909058, 5941
17.267992734909058, 5940
17.276037216186523, 5939
17.276037216186523, 5938
17.276037216186523, 5937
17.276037216186523, 5936
17.276037216186523, 5935
17.27807593345642, 5934
17.27807593345642, 5933
17.27807593345642, 5932
17.27807593345642, 5931
17.27807593345642, 5930
17.27807593345642, 5929
17.27807593345642, 5928
17.286123037338257, 5927
17.288163423538208, 5926
17.288163423538208, 5925
17.288163423538208, 5924
17.288163423538208, 5923
17.298243284225464, 5922
17.298243284225464, 5921
17.298243284225464, 5920
17.298243284225464, 5919
17.298243284225464, 5918
17.298243284225464, 5917
17.298243284225464, 5916
17.298243284225464, 5915
17.298243284225464, 5914
17.298243284225464, 5913
17.298243284225464, 5912
17.298243284225464, 5911
17.298243284225464, 5910
17.30632734298706, 5909
17.30632734298706, 5908
17.308375597000122, 5907
17.308375597000122, 5906
17.308375597000122, 5905
17.308375597000122, 5904
17.308375597000122, 5903
17.316421508789062, 5902
17.316421508789062, 5901
17.318467617034912, 5900
17.318467617034912, 5899
17.318467617034912, 5898
17.318467617034912, 5897
17.318467617034912, 5896
17.328557014465332, 5895
17.328557014465332, 5894
17.328557014465332, 5893
17.328557014465332, 5892
17.328557014465332, 5891
17.328557014465332, 5890
17.328557014465332, 5889
17.328557014465332, 5888
17.328557014465332, 5887
17.33660101890564, 5886
17.338640451431274, 5885
17.338640451431274, 5884
17.338640451431274, 5883
17.338640451431274, 5882
17.338640451431274, 5881
17.338640451431274, 5880
17.338640451431274, 5879
17.338640451431274, 5878
17.338640451431274, 5877
17.34669065475464, 5876
17.348732471466064, 5875
17.348732471466064, 5874
17.348732471466064, 5873
17.348732471466064, 5872
17.356773138046265, 5871
17.35881280899048, 5870
17.35881280899048, 5869
17.35881280899048, 5868
17.35881280899048, 5867
17.36889910697937, 5866
17.36889910697937, 5865
17.36889910697937, 5864
17.36889910697937, 5863
17.376941919326782, 5862
17.37898087501526, 5861
17.37898087501526, 5860
17.37898087501526, 5859
17.37898087501526, 5858
17.38704800605774, 5857
17.389095306396484, 5856
17.389095306396484, 5855
17.389095306396484, 5854
17.389095306396484, 5853
17.39714026451111, 5852
17.39714026451111, 5851
17.39918279647827, 5850
17.39918279647827, 5849
17.39918279647827, 5848
17.39918279647827, 5847
17.407231092453003, 5846
17.407231092453003, 5845
17.40923571586609, 5844
17.409281492233276, 5843
17.409281492233276, 5842
17.409281492233276, 5841
17.409281492233276, 5840
17.409281492233276, 5839
17.417325496673584, 5838
17.417325496673584, 5837
17.419368267059326, 5836
17.419368267059326, 5835
17.419368267059326, 5834
17.419368267059326, 5833
17.419368267059326, 5832
17.419368267059326, 5831
17.419368267059326, 5830
17.42737126350403, 5829
17.42737126350403, 5828
17.429852962493896, 5827
17.429852962493896, 5826
17.429852962493896, 5825
17.429852962493896, 5824
17.43789529800415, 5823
17.43789529800415, 5822
17.439934253692627, 5821
17.439934253692627, 5820
17.439934253692627, 5819
17.439934253692627, 5818
17.439934253692627, 5817
17.439934253692627, 5816
17.439934253692627, 5815
17.447990894317627, 5814
17.447990894317627, 5813
17.450039863586426, 5812
17.450039863586426, 5811
17.450039863586426, 5810
17.450039863586426, 5809
17.450039863586426, 5808
17.450039863586426, 5807
17.45808482170105, 5806
17.46012806892395, 5805
17.46012806892395, 5804
17.46012806892395, 5803
17.46012806892395, 5802
17.468174695968628, 5801
17.47022008895874, 5800
17.47022008895874, 5799
17.47022008895874, 5798
17.47022008895874, 5797
17.47022008895874, 5796
17.47022008895874, 5795
17.47022008895874, 5794
17.47826361656189, 5793
17.47826361656189, 5792
17.48030972480774, 5791
17.490403652191162, 5790
17.490403652191162, 5789
17.49844789505005, 5788
17.50049114227295, 5787
17.50049114227295, 5786
17.50049114227295, 5785
17.50049114227295, 5784
17.508538484573364, 5783
17.510581731796265, 5782
17.510581731796265, 5781
17.510581731796265, 5780
17.510581731796265, 5779
17.510581731796265, 5778
17.510581731796265, 5777
17.510581731796265, 5776
17.510581731796265, 5775
17.510581731796265, 5774
17.510581731796265, 5773
17.510581731796265, 5772
17.51862406730652, 5771
17.51862406730652, 5770
17.51862406730652, 5769
17.51862406730652, 5768
17.51862406730652, 5767
17.51862406730652, 5766
17.51862406730652, 5765
17.51862406730652, 5764
17.530712604522705, 5763
17.530712604522705, 5762
17.530712604522705, 5761
17.530712604522705, 5760
17.530712604522705, 5759
17.530712604522705, 5758
17.530712604522705, 5757
17.530712604522705, 5756
17.530712604522705, 5755
17.530712604522705, 5754
17.538752794265747, 5753
17.538752794265747, 5752
17.54079294204712, 5751
17.54079294204712, 5750
17.54079294204712, 5749
17.54079294204712, 5748
17.54079294204712, 5747
17.54079294204712, 5746
17.54079294204712, 5745
17.54079294204712, 5744
17.54079294204712, 5743
17.54886507987976, 5742
17.550907611846924, 5741
17.550907611846924, 5740
17.550907611846924, 5739
17.550907611846924, 5738
17.550907611846924, 5737
17.550907611846924, 5736
17.550907611846924, 5735
17.550907611846924, 5734
17.550907611846924, 5733
17.550907611846924, 5732
17.550907611846924, 5731
17.558950662612915, 5730
17.558950662612915, 5729
17.560988903045654, 5728
17.560988903045654, 5727
17.560988903045654, 5726
17.560988903045654, 5725
17.560988903045654, 5724
17.560988903045654, 5723
17.560988903045654, 5722
17.560988903045654, 5721
17.560988903045654, 5720
17.560988903045654, 5719
17.56903600692749, 5718
17.56903600692749, 5717
17.57108426094055, 5716
17.57108426094055, 5715
17.57108426094055, 5714
17.57108426094055, 5713
17.57108426094055, 5712
17.57108426094055, 5711
17.57108426094055, 5710
17.57108426094055, 5709
17.579127550125122, 5708
17.579127550125122, 5707
17.581170082092285, 5706
17.581170082092285, 5705
17.581170082092285, 5704
17.581170082092285, 5703
17.581170082092285, 5702
17.581170082092285, 5701
17.58918595314026, 5700
17.58918595314026, 5699
17.58918595314026, 5698
17.591232538223267, 5697
17.591232538223267, 5696
17.591232538223267, 5695
17.591232538223267, 5694
17.591232538223267, 5693
17.599279403686523, 5692
17.601282835006714, 5691
17.601325511932373, 5690
17.601325511932373, 5689
17.601325511932373, 5688
17.601325511932373, 5687
17.601325511932373, 5686
17.609371185302734, 5685
17.61072087287903, 5684
17.611268043518066, 5683
17.612294912338257, 5682
17.613288164138794, 5681
17.613288164138794, 5680
17.61432695388794, 5679
17.61432695388794, 5678
17.61432695388794, 5677
17.6193745136261, 5676
17.6193745136261, 5675
17.6193745136261, 5674
17.621414184570312, 5673
17.621414184570312, 5672
17.621414184570312, 5671
17.621414184570312, 5670
17.621414184570312, 5669
17.621414184570312, 5668
17.621414184570312, 5667
17.621414184570312, 5666
17.621414184570312, 5665
17.621414184570312, 5664
17.62944793701172, 5663
17.629470825195312, 5662
17.631512880325317, 5661
17.631512880325317, 5660
17.631512880325317, 5659
17.631512880325317, 5658
17.631512880325317, 5657
17.631512880325317, 5656
17.631512880325317, 5655
17.631512880325317, 5654
17.631512880325317, 5653
17.631512880325317, 5652
17.63955783843994, 5651
17.63955783843994, 5650
17.63955783843994, 5649
17.64159631729126, 5648
17.64159631729126, 5647
17.64159631729126, 5646
17.64159631729126, 5645
17.64159631729126, 5644
17.64159631729126, 5643
17.64159631729126, 5642
17.64159631729126, 5641
17.649649620056152, 5640
17.649649620056152, 5639
17.651695251464844, 5638
17.651695251464844, 5637
17.651695251464844, 5636
17.651695251464844, 5635
17.651695251464844, 5634
17.651695251464844, 5633
17.659741401672363, 5632
17.661782264709473, 5631
17.661782264709473, 5630
17.661782264709473, 5629
17.661782264709473, 5628
17.661782264709473, 5627
17.661782264709473, 5626
17.661782264709473, 5625
17.661782264709473, 5624
17.66979956626892, 5623
17.66979956626892, 5622
17.67184615135193, 5621
17.67184615135193, 5620
17.67184615135193, 5619
17.67184615135193, 5618
17.67184615135193, 5617
17.67184615135193, 5616
17.67184615135193, 5615
17.679889678955078, 5614
17.68193244934082, 5613
17.68193244934082, 5612
17.68193244934082, 5611
17.68193244934082, 5610
17.68193244934082, 5609
17.689979076385498, 5608
17.69202971458435, 5607
17.69202971458435, 5606
17.69202971458435, 5605
17.69202971458435, 5604
17.69202971458435, 5603
17.69202971458435, 5602
17.70007562637329, 5601
17.70211958885193, 5600
17.70211958885193, 5599
17.70211958885193, 5598
17.70211958885193, 5597
17.70211958885193, 5596
17.70211958885193, 5595
17.70211958885193, 5594
17.70211958885193, 5593
17.710146188735962, 5592
17.712193727493286, 5591
17.712193727493286, 5590
17.712193727493286, 5589
17.712193727493286, 5588
17.712193727493286, 5587
17.722282886505127, 5586
17.752503395080566, 5585
17.762592315673828, 5584
17.762592315673828, 5583
17.762592315673828, 5582
17.770612955093384, 5581
17.77266001701355, 5580
17.77266001701355, 5579
17.77266001701355, 5578
17.782753705978394, 5577
17.790782928466797, 5576
17.790782928466797, 5575
17.802923917770386, 5574
17.812982082366943, 5573
17.822999238967896, 5572
17.822999238967896, 5571
17.833152532577515, 5570
17.841161727905273, 5569
17.841161727905273, 5568
17.863212823867798, 5567
17.88135075569153, 5566
17.88135075569153, 5565
17.883392095565796, 5564
17.893481969833374, 5563
17.911628007888794, 5562
17.911628007888794, 5561
17.91366958618164, 5560
17.91366958618164, 5559
17.92374897003174, 5558
17.933867692947388, 5557
17.941913843154907, 5556
18.01454448699951, 5555
18.043200731277466, 5554
18.043200731277466, 5553
18.043200731277466, 5552
18.055305004119873, 5551
18.055305004119873, 5550
18.055305004119873, 5549
18.065387964248657, 5548
18.085582733154297, 5547
18.12595224380493, 5546
18.12595224380493, 5545
18.1561861038208, 5544
18.1561861038208, 5543
18.166271924972534, 5542
18.186455488204956, 5541
18.186455488204956, 5540
18.19655203819275, 5539
18.19655203819275, 5538
18.20663809776306, 5537
18.20663809776306, 5536
18.25504755973816, 5535
18.25504755973816, 5534
18.257093906402588, 5533
18.26719093322754, 5532
18.27521061897278, 5531
18.277260780334473, 5530
18.297425985336304, 5529
18.317598342895508, 5528
18.32769203186035, 5527
18.32769203186035, 5526
18.468919038772583, 5525
18.468919038772583, 5524
18.468919038772583, 5523
18.48909044265747, 5522
18.48909044265747, 5521
18.48909044265747, 5520
18.539665937423706, 5519
18.539665937423706, 5518
18.539665937423706, 5517
18.539665937423706, 5516
18.638651132583618, 5515
18.641154527664185, 5514
18.649198293685913, 5513
18.649198293685913, 5512
18.649198293685913, 5511
18.66940951347351, 5510
18.66940951347351, 5509
18.711788177490234, 5508
18.711788177490234, 5507
18.711788177490234, 5506
18.711788177490234, 5505
18.721861124038696, 5504
18.731947660446167, 5503
18.731947660446167, 5502
18.752119541168213, 5501
18.752119541168213, 5500
18.762216567993164, 5499
18.762216567993164, 5498
18.762216567993164, 5497
18.792473554611206, 5496
18.792473554611206, 5495
18.792473554611206, 5494
18.802568435668945, 5493
18.802568435668945, 5492
18.81265139579773, 5491
18.81265139579773, 5490
18.822757482528687, 5489
18.822757482528687, 5488
18.832839012145996, 5487
18.832839012145996, 5486
18.832839012145996, 5485
18.842899560928345, 5484
18.86307120323181, 5483
18.86307120323181, 5482
18.893431425094604, 5481
18.893431425094604, 5480
18.901675701141357, 5479
18.931898593902588, 5478
18.931898593902588, 5477
18.9439857006073, 5476
18.954063892364502, 5475
18.954063892364502, 5474
18.994429111480713, 5473
19.022645235061646, 5472
19.022645235061646, 5471
19.05492329597473, 5470
19.062968254089355, 5469
19.062968254089355, 5468
19.06501603126526, 5467
19.06501603126526, 5466
19.06501603126526, 5465
19.07510542869568, 5464
19.07510542869568, 5463
19.08519697189331, 5462
19.08519697189331, 5461
19.08519697189331, 5460
19.08519697189331, 5459
19.115435361862183, 5458
19.115435361862183, 5457
19.115435361862183, 5456
19.125521421432495, 5455
19.125521421432495, 5454
19.143661499023438, 5453
19.163849115371704, 5452
19.20627450942993, 5451
19.216355085372925, 5450
19.216355085372925, 5449
19.22645330429077, 5448
19.22645330429077, 5447
19.247008562088013, 5446
19.2671902179718, 5445
19.2671902179718, 5444
19.307547569274902, 5443
19.31558847427368, 5442
19.317628145217896, 5441
19.325682878494263, 5440
19.327723264694214, 5439
19.35800576210022, 5438
19.35800576210022, 5437
19.37815809249878, 5436
19.37815809249878, 5435
19.37815809249878, 5434
19.39629340171814, 5433
19.398338079452515, 5432
19.398338079452515, 5431
19.398338079452515, 5430
19.428586721420288, 5429
19.438668727874756, 5428
19.446720123291016, 5427
19.456801414489746, 5426
19.47902774810791, 5425
19.489112377166748, 5424
19.499197483062744, 5423
19.499197483062744, 5422
19.507253646850586, 5421
19.507253646850586, 5420
19.509302377700806, 5419
19.509302377700806, 5418
19.539552927017212, 5417
19.600063800811768, 5416
19.65074396133423, 5415
19.65074396133423, 5414
19.660834550857544, 5413
19.668880224227905, 5412
19.68101668357849, 5411
19.699127912521362, 5410
19.699127912521362, 5409
19.711249589920044, 5408
19.72133183479309, 5407
19.72133183479309, 5406
19.729390382766724, 5405
19.729390382766724, 5404
19.73139262199402, 5403
19.761696815490723, 5402
19.771794080734253, 5401
19.78187394142151, 5400
19.78187394142151, 5399
19.78187394142151, 5398
19.791964530944824, 5397
19.791964530944824, 5396
19.791964530944824, 5395
19.802047729492188, 5394
19.802047729492188, 5393
19.802047729492188, 5392
19.802047729492188, 5391
19.802047729492188, 5390
19.810100317001343, 5389
19.820199012756348, 5388
19.832333087921143, 5387
19.832333087921143, 5386
19.861005544662476, 5385
19.8630428314209, 5384
19.8630428314209, 5383
19.90351390838623, 5382
19.913634061813354, 5381
19.913634061813354, 5380
19.921679973602295, 5379
19.941853284835815, 5378
19.943896532058716, 5377
19.953983306884766, 5376
19.953983306884766, 5375
19.964064359664917, 5374
19.964064359664917, 5373
19.974164962768555, 5372
19.9943528175354, 5371
19.9943528175354, 5370
20.004419803619385, 5369
20.0144944190979, 5368
20.024580240249634, 5367
20.085079193115234, 5366
20.095179319381714, 5365
20.095179319381714, 5364
20.095179319381714, 5363
20.145761013031006, 5362
20.165944814682007, 5361
20.165944814682007, 5360
20.176034212112427, 5359
20.176034212112427, 5358
20.184078693389893, 5357
20.196179628372192, 5356
20.20619249343872, 5355
20.20619249343872, 5354
20.216246843338013, 5353
20.226261138916016, 5352
20.226261138916016, 5351
20.25637674331665, 5350
20.25637674331665, 5349
20.25637674331665, 5348
20.26441764831543, 5347
20.276522159576416, 5346
20.29667329788208, 5345
20.316860914230347, 5344
20.32695436477661, 5343
20.32695436477661, 5342
20.337029218673706, 5341
20.3571994304657, 5340
20.375338554382324, 5339
20.397742748260498, 5338
20.397742748260498, 5337
20.417922258377075, 5336
20.428006887435913, 5335
20.436062812805176, 5334
20.458710432052612, 5333
20.458710432052612, 5332
20.458710432052612, 5331
20.466752290725708, 5330
20.507033586502075, 5329
20.52924942970276, 5328
20.55948829650879, 5327
20.55948829650879, 5326
20.56957745552063, 5325
20.589759588241577, 5324
20.60789680480957, 5323
20.609940767288208, 5322
20.618141412734985, 5321
20.638636350631714, 5320
20.638636350631714, 5319
20.640678882598877, 5318
20.640678882598877, 5317
20.640678882598877, 5316
20.650758981704712, 5315
20.650758981704712, 5314
20.66084933280945, 5313
20.681031227111816, 5312
20.69112539291382, 5311
20.699169635772705, 5310
20.699169635772705, 5309
20.701213836669922, 5308
20.73147678375244, 5307
20.73147678375244, 5306
20.73147678375244, 5305
20.73147678375244, 5304
20.73147678375244, 5303
20.77184224128723, 5302
20.77184224128723, 5301
20.77184224128723, 5300
20.822284936904907, 5299
20.830331325531006, 5298
20.84246516227722, 5297
20.84246516227722, 5296
20.8525493144989, 5295
20.8525493144989, 5294
20.8525493144989, 5293
20.880789041519165, 5292
20.882829666137695, 5291
20.892910957336426, 5290
20.892910957336426, 5289
20.913093090057373, 5288
20.913093090057373, 5287
20.923201322555542, 5286
20.941404581069946, 5285
20.941404581069946, 5284
20.951488733291626, 5283
20.96153998374939, 5282
20.96358060836792, 5281
21.00190258026123, 5280
21.072904348373413, 5279
21.072904348373413, 5278
21.135512113571167, 5277
21.135512113571167, 5276
21.135512113571167, 5275
21.135512113571167, 5274
21.183854341506958, 5273
21.195977687835693, 5272
21.206094980239868, 5271
21.214141368865967, 5270
21.216188192367554, 5269
21.216188192367554, 5268
21.226284503936768, 5267
21.246481895446777, 5266
21.256561994552612, 5265
21.27673053741455, 5264
21.286818742752075, 5263
21.32705855369568, 5262
21.32705855369568, 5261
21.347224712371826, 5260
21.355271577835083, 5259
21.37546133995056, 5258
21.39771008491516, 5257
21.40781807899475, 5256
21.40781807899475, 5255
21.417901039123535, 5254
21.456276178359985, 5253
21.456276178359985, 5252
21.456276178359985, 5251
21.456276178359985, 5250
21.468799114227295, 5249
21.47888493537903, 5248
21.509175300598145, 5247
21.519255876541138, 5246
21.579777479171753, 5245
21.589869737625122, 5244
21.60801386833191, 5243
21.612334489822388, 5242
21.62842631340027, 5241
21.62842631340027, 5240
21.630472660064697, 5239
21.650656700134277, 5238
21.650656700134277, 5237
21.679275035858154, 5236
21.691404581069946, 5235
21.701484203338623, 5234
21.711580514907837, 5233
21.711580514907837, 5232
21.711580514907837, 5231
21.711580514907837, 5230
21.772050142288208, 5229
21.80229353904724, 5228
21.852643489837646, 5227
21.89301347732544, 5226
21.89301347732544, 5225
21.903100728988647, 5224
21.903100728988647, 5223
21.9212064743042, 5222
21.923246383666992, 5221
22.014049291610718, 5220
22.014049291610718, 5219
22.014049291610718, 5218
22.03422212600708, 5217
22.07459282875061, 5216
22.104859352111816, 5215
22.1129093170166, 5214
22.11495590209961, 5213
22.11495590209961, 5212
22.13306736946106, 5211
22.13306736946106, 5210
22.15530753135681, 5209
22.235963344573975, 5208
22.24604320526123, 5207
22.24604320526123, 5206
22.284739017486572, 5205
22.284739017486572, 5204
22.296886205673218, 5203
22.296886205673218, 5202
22.30697464942932, 5201
22.327135801315308, 5200
22.37758159637451, 5199
22.387660026550293, 5198
22.417921543121338, 5197
22.417921543121338, 5196
22.417921543121338, 5195
22.478439569473267, 5194
22.49873661994934, 5193
22.49873661994934, 5192
22.49873661994934, 5191
22.49973225593567, 5190
22.49973225593567, 5189
22.518956184387207, 5188
22.599636793136597, 5187
22.640353441238403, 5186
22.640353441238403, 5185
22.6807062625885, 5184
22.741249561309814, 5183
22.77149248123169, 5182
22.90305471420288, 5181
22.933322191238403, 5180
22.933322191238403, 5179
22.943400859832764, 5178
22.943400859832764, 5177
22.943400859832764, 5176
22.943400859832764, 5175
22.95348310470581, 5174
22.993797540664673, 5173
23.00390315055847, 5172
23.00390315055847, 5171
23.00390315055847, 5170
23.01194977760315, 5169
23.013988971710205, 5168
23.022045850753784, 5167
23.024089336395264, 5166
23.05434799194336, 5165
23.05434799194336, 5164
23.05434799194336, 5163
23.10478377342224, 5162
23.11282515525818, 5161
23.124950885772705, 5160
23.124950885772705, 5159
23.22575807571411, 5158
23.22575807571411, 5157
23.22575807571411, 5156
23.27618718147278, 5155
23.27618718147278, 5154
23.32663607597351, 5153
23.32663607597351, 5152
23.346803426742554, 5151
23.35484504699707, 5150
23.37705945968628, 5149
23.475854873657227, 5148
23.475854873657227, 5147
23.48592734336853, 5146
23.48592734336853, 5145
23.48837161064148, 5144
23.498459339141846, 5143
23.508554458618164, 5142
23.528733730316162, 5141
23.528733730316162, 5140
23.528733730316162, 5139
23.569082975387573, 5138
23.569082975387573, 5137
23.59745740890503, 5136
23.60750412940979, 5135
23.609238386154175, 5134
23.612850666046143, 5133
23.740933418273926, 5132
23.740933418273926, 5131
23.740933418273926, 5130
23.740933418273926, 5129
23.75103783607483, 5128
23.75103783607483, 5127
23.75103783607483, 5126
23.761122941970825, 5125
23.761122941970825, 5124
23.7792546749115, 5123
23.8317129611969, 5122
23.851860284805298, 5121
23.851860284805298, 5120
23.859901666641235, 5119
23.902278661727905, 5118
23.902278661727905, 5117
23.94263768196106, 5116
23.950687885284424, 5115
23.950687885284424, 5114
23.972913026809692, 5113
23.99309492111206, 5112
23.99309492111206, 5111
24.00113821029663, 5110
24.00113821029663, 5109
24.013244152069092, 5108
24.104492902755737, 5107
24.112550020217896, 5106
24.124677658081055, 5105
24.124677658081055, 5104
24.134766101837158, 5103
24.14280867576599, 5102
24.195056915283203, 5101
24.344284057617188, 5100
24.38668131828308, 5099
24.396804332733154, 5098
24.396804332733154, 5097
24.41702675819397, 5096
24.505842685699463, 5095
24.505842685699463, 5094
24.517983198165894, 5093
24.517983198165894, 5092
24.568281888961792, 5091
24.60859489440918, 5090
24.77057456970215, 5089
24.77057456970215, 5088
24.77057456970215, 5087
24.810922145843506, 5086
24.89165759086609, 5085
24.89165759086609, 5084
24.901728868484497, 5083
24.960201501846313, 5082
25.02109146118164, 5081
25.041243076324463, 5080
25.041243076324463, 5079
25.043254375457764, 5078
25.043254375457764, 5077
25.043254375457764, 5076
25.043254375457764, 5075
25.063302278518677, 5074
25.103598833084106, 5073
25.123751163482666, 5072
25.143925666809082, 5071
25.143925666809082, 5070
25.143925666809082, 5069
25.21454119682312, 5068
25.275051593780518, 5067
25.275051593780518, 5066
25.38645625114441, 5065
25.406648635864258, 5064
25.406648635864258, 5063
25.406648635864258, 5062
25.455124616622925, 5061
25.455124616622925, 5060
25.51562237739563, 5059
25.51562237739563, 5058
25.527701139450073, 5057
25.537726879119873, 5056
25.55781626701355, 5055
25.58805775642395, 5054
25.618229150772095, 5053
25.65858221054077, 5052
25.759445190429688, 5051
25.759445190429688, 5050
25.779627799987793, 5049
25.838118076324463, 5048
25.838118076324463, 5047
25.838118076324463, 5046
25.838118076324463, 5045
25.848212718963623, 5044
25.850260019302368, 5043
25.87044048309326, 5042
25.87044048309326, 5041
25.87044048309326, 5040
25.880521059036255, 5039
25.890652894973755, 5038
25.890652894973755, 5037
25.898696422576904, 5036
25.911190509796143, 5035
25.931360721588135, 5034
25.981797695159912, 5033
25.981797695159912, 5032
26.03223967552185, 5031
26.03223967552185, 5030
26.042323350906372, 5029
26.08061718940735, 5028
26.1028573513031, 5027
26.11089539527893, 5026
26.112940549850464, 5025
26.153313159942627, 5024
26.161357641220093, 5023
26.244238138198853, 5022
26.264405250549316, 5021
26.264405250549316, 5020
26.27449679374695, 5019
26.304768323898315, 5018
26.304768323898315, 5017
26.31282615661621, 5016
26.41552424430847, 5015
26.41552424430847, 5014
26.41552424430847, 5013
26.41552424430847, 5012
26.445780754089355, 5011
26.445780754089355, 5010
26.455875635147095, 5009
26.455875635147095, 5008
26.465954065322876, 5007
26.465954065322876, 5006
26.465954065322876, 5005
26.465954065322876, 5004
26.465954065322876, 5003
26.465954065322876, 5002
26.48613166809082, 5001
26.62806725502014, 5000
26.62806725502014, 4999
26.678507804870605, 4998
26.739073038101196, 4997
26.769319534301758, 4996
26.769319534301758, 4995
26.80967426300049, 4994
27.052325010299683, 4993
27.070456743240356, 4992
27.27464985847473, 4991
27.29482936859131, 4990
27.29482936859131, 4989
27.29482936859131, 4988
27.29482936859131, 4987
27.304930686950684, 4986
27.304930686950684, 4985
27.325096130371094, 4984
27.33518671989441, 4983
27.415865898132324, 4982
27.43605375289917, 4981
27.43605375289917, 4980
27.516780614852905, 4979
27.516780614852905, 4978
27.516780614852905, 4977
27.62810969352722, 4976
27.67854595184326, 4975
27.718867301940918, 4974
27.718867301940918, 4973
27.75961446762085, 4972
27.769679069519043, 4971
28.001792192459106, 4970
28.001792192459106, 4969
28.001792192459106, 4968
28.14103603363037, 4967
28.14103603363037, 4966
28.14307713508606, 4965
28.15317177772522, 4964
28.15317177772522, 4963
28.163251876831055, 4962
28.19366431236267, 4961
28.19366431236267, 4960
28.19366431236267, 4959
28.284427404403687, 4958
28.314720630645752, 4957
28.335277557373047, 4956
28.34332013130188, 4955
28.365440130233765, 4954
28.51485538482666, 4953
28.619863033294678, 4952
28.62590503692627, 4951
28.638041734695435, 4950
28.64812469482422, 4949
28.64812469482422, 4948
28.64812469482422, 4947
28.716697692871094, 4946
28.7187442779541, 4945
28.7187442779541, 4944
28.7187442779541, 4943
28.839831113815308, 4942
28.857964038848877, 4941
28.860007286071777, 4940
28.87009048461914, 4939
28.87009048461914, 4938
28.87009048461914, 4937
28.8903226852417, 4936
28.8903226852417, 4935
28.91050434112549, 4934
28.91050434112549, 4933
28.94119119644165, 4932
28.951276302337646, 4931
28.951276302337646, 4930
28.971458673477173, 4929
28.979517221450806, 4928
28.991638898849487, 4927
29.02193021774292, 4926
29.02193021774292, 4925
29.02193021774292, 4924
29.02193021774292, 4923
29.082472801208496, 4922
29.12282109260559, 4921
29.12282109260559, 4920
29.243788719177246, 4919
29.294248819351196, 4918
29.30229902267456, 4917
29.312393188476562, 4916
29.312393188476562, 4915
29.364896535873413, 4914
29.39514946937561, 4913
29.39514946937561, 4912
29.40526247024536, 4911
29.415344715118408, 4910
29.415344715118408, 4909
29.423388957977295, 4908
29.435508728027344, 4907
29.435508728027344, 4906
29.435508728027344, 4905
29.435508728027344, 4904
29.455697298049927, 4903
29.455697298049927, 4902
29.46578359603882, 4901
29.46578359603882, 4900
29.49603533744812, 4899
29.557088375091553, 4898
29.567177534103394, 4897
29.577261686325073, 4896
29.577261686325073, 4895
29.606706857681274, 4894
29.61077380180359, 4893
29.61786413192749, 4892
29.61786413192749, 4891
29.635982036590576, 4890
29.638025522232056, 4889
29.658173084259033, 4888
29.85973334312439, 4887
29.85973334312439, 4886
29.890013456344604, 4885
29.900092124938965, 4884
29.930368185043335, 4883
30.101810693740845, 4882
30.101810693740845, 4881
30.109861135482788, 4880
30.11190176010132, 4879
30.16273832321167, 4878
30.17284059524536, 4877
30.213131189346313, 4876
30.213131189346313, 4875
30.213131189346313, 4874
30.31390690803528, 4873
30.586388111114502, 4872
30.63502860069275, 4871
30.63706874847412, 4870
30.63706874847412, 4869
30.647146701812744, 4868
30.65722131729126, 4867
30.687467336654663, 4866
30.695521593093872, 4865
30.695521593093872, 4864
30.697534561157227, 4863
30.707557678222656, 4862
30.745659589767456, 4861
30.745659589767456, 4860
30.85907506942749, 4859
30.867115259170532, 4858
31.030536890029907, 4857
31.038591623306274, 4856
31.454354763031006, 4855
31.454354763031006, 4854
31.454354763031006, 4853
31.504798889160156, 4852
31.524954557418823, 4851
31.573336124420166, 4850
31.573336124420166, 4849
31.573336124420166, 4848
31.573336124420166, 4847
31.583401918411255, 4846
31.613972187042236, 4845
31.613972187042236, 4844
31.696605443954468, 4843
31.706666707992554, 4842
31.716745615005493, 4841
31.736912488937378, 4840
31.736912488937378, 4839
31.736912488937378, 4838
31.736912488937378, 4837
31.744957208633423, 4836
31.757074117660522, 4835
31.757074117660522, 4834
31.757074117660522, 4833
31.79743242263794, 4832
31.835691452026367, 4831
31.837732315063477, 4830
31.837732315063477, 4829
31.84779167175293, 4828
31.84779167175293, 4827
31.84779167175293, 4826
31.878066062927246, 4825
31.92818522453308, 4824
31.938194274902344, 4823
31.95835304260254, 4822
31.95835304260254, 4821
31.99906873703003, 4820
32.02935767173767, 4819
32.05959987640381, 4818
32.05959987640381, 4817
32.09995126724243, 4816
32.120134353637695, 4815
32.14833068847656, 4814
32.16045308113098, 4813
32.22108006477356, 4812
32.22924470901489, 4811
32.22924470901489, 4810
32.23183751106262, 4809
32.272178173065186, 4808
32.29235053062439, 4807
32.30039072036743, 4806
32.31253099441528, 4805
32.332698345184326, 4804
32.34277868270874, 4803
32.362942695617676, 4802
32.362942695617676, 4801
32.381088733673096, 4800
32.39320921897888, 4799
32.41345429420471, 4798
32.42149353027344, 4797
32.42149353027344, 4796
32.461801290512085, 4795
32.461801290512085, 4794
32.461801290512085, 4793
32.524492263793945, 4792
32.53458285331726, 4791
32.53458285331726, 4790
32.53458285331726, 4789
33.34247875213623, 4788
33.554208517074585, 4787
33.564295291900635, 4786
33.59454536437988, 4785
33.62298774719238, 4784
33.74608588218689, 4783
33.827168703079224, 4782
33.84534454345703, 4781
34.15001440048218, 4780
34.18024396896362, 4779
34.18024396896362, 4778
34.19030714035034, 4777
34.19030714035034, 4776
34.19030714035034, 4775
34.2810173034668, 4774
34.3213894367218, 4773
34.329450607299805, 4772
34.339532136917114, 4771
34.38191628456116, 4770
34.45310878753662, 4769
34.45310878753662, 4768
34.45310878753662, 4767
34.642435789108276, 4766
34.68484163284302, 4765
34.73528480529785, 4764
34.775543212890625, 4763
34.90643525123596, 4762
34.96470856666565, 4761
34.97684907913208, 4760
34.98694205284119, 4759
34.98694205284119, 4758
35.05788993835449, 4757
35.07808327674866, 4756
35.11821126937866, 4755
35.14657950401306, 4754
35.148619413375854, 4753
35.166746377944946, 4752
35.197009325027466, 4751
35.197009325027466, 4750
35.24947690963745, 4749
35.24947690963745, 4748
35.259559869766235, 4747
35.31987476348877, 4746
35.41860032081604, 4745
35.420639753341675, 4744
35.420639753341675, 4743
35.45080232620239, 4742
35.46088528633118, 4741
35.5412712097168, 4740
35.5412712097168, 4739
35.5412712097168, 4738
35.551337003707886, 4737
35.551337003707886, 4736
35.561418771743774, 4735
35.579559326171875, 4734
35.5997200012207, 4733
35.652631998062134, 4732
35.66270732879639, 4731
35.66270732879639, 4730
35.692965269088745, 4729
35.78377151489258, 4728
36.04401898384094, 4727
36.08641576766968, 4726
36.08641576766968, 4725
36.15700721740723, 4724
36.177173137664795, 4723
36.20538854598999, 4722
36.24814248085022, 4721
36.31643033027649, 4720
36.332088232040405, 4719
36.332088232040405, 4718
36.36332988739014, 4717
36.46359872817993, 4716
36.46359872817993, 4715
36.49913668632507, 4714
36.51679468154907, 4713
36.64822721481323, 4712
36.73284554481506, 4711
37.31871008872986, 4710
37.31871008872986, 4709
37.31871008872986, 4708
37.31871008872986, 4707
37.31871008872986, 4706
37.465813875198364, 4705
37.465813875198364, 4704
37.465813875198364, 4703
37.481468200683594, 4702
37.481468200683594, 4701
37.481468200683594, 4700
37.481468200683594, 4699
37.739365339279175, 4698
37.739365339279175, 4697
37.755019187927246, 4696
37.870537519454956, 4695
37.88616132736206, 4694
37.88616132736206, 4693
37.91943645477295, 4692
37.9350962638855, 4691
38.16686725616455, 4690
38.182488203048706, 4689
38.19810938835144, 4688
38.22023630142212, 4687
38.25148367881775, 4686
38.3326301574707, 4685
38.45364737510681, 4684
38.4717435836792, 4683
38.4838662147522, 4682
38.4838662147522, 4681
38.592578411102295, 4680
38.592578411102295, 4679
38.65538716316223, 4678
38.66546893119812, 4677
38.7058207988739, 4676
38.715885162353516, 4675
38.73592257499695, 4674
38.745936155319214, 4673
38.76406812667847, 4672
38.76406812667847, 4671
38.79430365562439, 4670
38.80643057823181, 4669
38.81652116775513, 4668
38.826600551605225, 4667
38.83669829368591, 4666
38.877116680145264, 4665
38.94778323173523, 4664
38.98820781707764, 4663
39.03858757019043, 4662
39.12928652763367, 4661
39.13937497138977, 4660
39.220036029815674, 4659
39.30113434791565, 4658
39.32130694389343, 4657
39.32130694389343, 4656
39.32130694389343, 4655
39.32934904098511, 4654
39.32934904098511, 4653
39.32934904098511, 4652
39.32934904098511, 4651
39.32934904098511, 4650
39.33138823509216, 4649
39.33138823509216, 4648
39.33945417404175, 4647
39.34954237937927, 4646
39.36167645454407, 4645
39.391939640045166, 4644
39.391939640045166, 4643
39.482619524002075, 4642
39.59352731704712, 4641
39.59352731704712, 4640
39.927003145217896, 4639
39.93504309654236, 4638
39.93504309654236, 4637
39.93504309654236, 4636
39.93504309654236, 4635
39.98547577857971, 4634
39.997599363327026, 4633
39.997599363327026, 4632
40.017781257629395, 4631
40.04599952697754, 4630
40.1589617729187, 4629
40.1589617729187, 4628
40.269840240478516, 4627
40.27992868423462, 4626
40.290016412734985, 4625
40.30009412765503, 4624
40.388808727264404, 4623
40.400925397872925, 4622
40.46144485473633, 4621
40.471946477890015, 4620
40.55278563499451, 4619
40.6155846118927, 4618
40.643810987472534, 4617
40.72449445724487, 4616
41.320135831832886, 4615
41.52180814743042, 4614
41.53992795944214, 4613
41.57222890853882, 4612
41.66328263282776, 4611
41.67337489128113, 4610
41.69189977645874, 4609
41.72416377067566, 4608
41.744338035583496, 4607
41.75441575050354, 4606
41.7645149230957, 4605
41.82500457763672, 4604
41.82500457763672, 4603
41.84515857696533, 4602
42.09489440917969, 4601
63.834651947021484, 4600
64.38950729370117, 4599
64.77566647529602, 4598
66.3996229171753, 4597
68.40852427482605, 4596
69.91327357292175, 4595
71.57856297492981, 4594
71.68973994255066, 4593
72.29501414299011, 4592
75.03211402893066, 4591
77.41378498077393, 4590
79.4827253818512, 4589
79.81567192077637, 4588
