0.28620338439941406, 10747
0.34607458114624023, 10746
0.38497090339660645, 10745
0.4340062141418457, 10744
0.4799067974090576, 10743
0.5237915515899658, 10742
0.5656869411468506, 10741
0.6075742244720459, 10740
0.6494669914245605, 10739
0.6903567314147949, 10738
0.7761287689208984, 10737
0.8440132141113281, 10736
0.8918514251708984, 10735
0.9447097778320312, 10734
0.946707010269165, 10733
0.9477043151855469, 10732
0.9497318267822266, 10731
0.9507269859313965, 10730
0.951723575592041, 10729
0.951723575592041, 10728
0.9536886215209961, 10727
0.9556825160980225, 10726
0.956679105758667, 10725
0.9577105045318604, 10724
0.9587082862854004, 10723
0.9597063064575195, 10722
0.9606971740722656, 10721
0.961698055267334, 10720
0.9626944065093994, 10719
0.9636936187744141, 10718
0.9656894207000732, 10717
0.9686455726623535, 10716
0.9696435928344727, 10715
0.9706411361694336, 10714
0.972637414932251, 10713
0.9736678600311279, 10712
0.974663257598877, 10711
0.9766547679901123, 10710
0.9776544570922852, 10709
0.9786512851715088, 10708
0.9796509742736816, 10707
0.9796509742736816, 10706
0.981611967086792, 10705
0.9826083183288574, 10704
0.9836058616638184, 10703
0.9856014251708984, 10702
0.9865982532501221, 10701
0.98862624168396, 10700
0.9896249771118164, 10699
0.9925863742828369, 10698
0.9995639324188232, 10697
1.003586769104004, 10696
1.004582405090332, 10695
1.0055820941925049, 10694
1.006577730178833, 10693
1.0075745582580566, 10692
1.0085690021514893, 10691
1.0095691680908203, 10690
1.0105352401733398, 10689
1.011566162109375, 10688
1.012561559677124, 10687
1.0135586261749268, 10686
1.0145235061645508, 10685
1.016517162322998, 10684
1.0185980796813965, 10683
1.021505355834961, 10682
1.0225024223327637, 10681
1.024498462677002, 10680
1.0274887084960938, 10679
1.0294833183288574, 10678
1.0304806232452393, 10677
1.032475471496582, 10676
1.0334744453430176, 10675
1.0354676246643066, 10674
1.036466121673584, 10673
1.0374972820281982, 10672
1.0384914875030518, 10671
1.0394887924194336, 10670
1.0404834747314453, 10669
1.0414841175079346, 10668
1.0424811840057373, 10667
1.043480396270752, 10666
1.0444753170013428, 10665
1.0454769134521484, 10664
1.0454769134521484, 10663
1.0474674701690674, 10662
1.0494318008422852, 10661
1.0524237155914307, 10660
1.056412935256958, 10659
1.0604019165039062, 10658
1.0673820972442627, 10657
1.0743629932403564, 10656
1.0763592720031738, 10655
1.0773909091949463, 10654
1.0783846378326416, 10653
1.0793821811676025, 10652
1.0803771018981934, 10651
1.0813469886779785, 10650
1.083341121673584, 10649
1.085334062576294, 10648
1.0863332748413086, 10647
1.0883278846740723, 10646
1.089324712753296, 10645
1.0903220176696777, 10644
1.0913193225860596, 10643
1.0933136940002441, 10642
1.095308780670166, 10641
1.0963351726531982, 10640
1.098301887512207, 10639
1.101292610168457, 10638
1.1022899150848389, 10637
1.1042850017547607, 10636
1.1062774658203125, 10635
1.1072773933410645, 10634
1.1092724800109863, 10633
1.1102690696716309, 10632
1.112262487411499, 10631
1.1142585277557373, 10630
1.1152541637420654, 10629
1.1162521839141846, 10628
1.117248296737671, 10627
1.1182456016540527, 10626
1.1192426681518555, 10625
1.1202404499053955, 10624
1.1212377548217773, 10623
1.12223482131958, 10622
1.125227928161621, 10621
1.128221035003662, 10620
1.1322104930877686, 10619
1.136197805404663, 10618
1.137195110321045, 10617
1.1381921768188477, 10616
1.1391897201538086, 10615
1.1401867866516113, 10614
1.1411845684051514, 10613
1.142181634902954, 10612
1.143178939819336, 10611
1.1441760063171387, 10610
1.1451737880706787, 10609
1.147169589996338, 10608
1.1491987705230713, 10607
1.1511597633361816, 10606
1.1511597633361816, 10605
1.1521570682525635, 10604
1.1541521549224854, 10603
1.1571497917175293, 10602
1.1601340770721436, 10601
1.1621284484863281, 10600
1.1631262302398682, 10599
1.1641240119934082, 10598
1.166121006011963, 10597
1.1671171188354492, 10596
1.168114423751831, 10595
1.1691110134124756, 10594
1.1701090335845947, 10593
1.1711065769195557, 10592
1.1721348762512207, 10591
1.1731338500976562, 10590
1.1741299629211426, 10589
1.1750943660736084, 10588
1.1761209964752197, 10587
1.177121639251709, 10586
1.1780872344970703, 10585
1.1791179180145264, 10584
1.181077480316162, 10583
1.1830723285675049, 10582
1.1860640048980713, 10581
1.1900861263275146, 10580
1.195040225982666, 10579
1.2010257244110107, 10578
1.2120273113250732, 10577
1.2249622344970703, 10576
1.2259578704833984, 10575
1.2269549369812012, 10574
1.2289848327636719, 10573
1.229949712753296, 10572
1.2329397201538086, 10571
1.2349350452423096, 10570
1.2379262447357178, 10569
1.2399208545684814, 10568
1.2419161796569824, 10567
1.242913007736206, 10566
1.243910551071167, 10565
1.2469019889831543, 10564
1.2498960494995117, 10563
1.2518889904022217, 10562
1.2538836002349854, 10561
1.2568752765655518, 10560
1.2598671913146973, 10559
1.2648556232452393, 10558
1.2668490409851074, 10557
1.268845796585083, 10556
1.2698447704315186, 10555
1.2728664875030518, 10554
1.2738306522369385, 10553
1.274827003479004, 10552
1.276822566986084, 10551
1.2788164615631104, 10550
1.279813528060913, 10549
1.281811237335205, 10548
1.2828080654144287, 10547
1.2848024368286133, 10546
1.2857983112335205, 10545
1.287794828414917, 10544
1.2887918949127197, 10543
1.2897889614105225, 10542
1.2927796840667725, 10541
1.296769380569458, 10540
1.3027851581573486, 10539
1.307739019393921, 10538
1.3097343444824219, 10537
1.3107311725616455, 10536
1.3127291202545166, 10535
1.3147220611572266, 10534
1.3167495727539062, 10533
1.3177459239959717, 10532
1.3187425136566162, 10531
1.3197367191314697, 10530
1.3207178115844727, 10529
1.3217041492462158, 10528
1.3227009773254395, 10527
1.3246941566467285, 10526
1.3266890048980713, 10525
1.329681634902954, 10524
1.3307125568389893, 10523
1.3317081928253174, 10522
1.3337023258209229, 10521
1.3366632461547852, 10520
1.3376922607421875, 10519
1.3386914730072021, 10518
1.339686632156372, 10517
1.3406856060028076, 10516
1.3416814804077148, 10515
1.3416814804077148, 10514
1.3426785469055176, 10513
1.3436779975891113, 10512
1.3446409702301025, 10511
1.3466696739196777, 10510
1.3486645221710205, 10509
1.3516514301300049, 10508
1.3556430339813232, 10507
1.3606302738189697, 10506
1.3616275787353516, 10505
1.3626267910003662, 10504
1.3635892868041992, 10503
1.366581916809082, 10502
1.3675792217254639, 10501
1.3686094284057617, 10500
1.3696067333221436, 10499
1.3706061840057373, 10498
1.37160062789917, 10497
1.37160062789917, 10496
1.372600793838501, 10495
1.3735954761505127, 10494
1.3745932579040527, 10493
1.3765888214111328, 10492
1.3775858879089355, 10491
1.378584384918213, 10490
1.3795795440673828, 10489
1.3825392723083496, 10488
1.3855314254760742, 10487
1.3885228633880615, 10486
1.3905205726623535, 10485
1.3925449848175049, 10484
1.3935108184814453, 10483
1.3935108184814453, 10482
1.395505666732788, 10481
1.3965344429016113, 10480
1.3975317478179932, 10479
1.3985304832458496, 10478
1.3995232582092285, 10477
1.4005231857299805, 10476
1.4015214443206787, 10475
1.402519941329956, 10474
1.403515338897705, 10473
1.404515266418457, 10472
1.4065091609954834, 10471
1.4075021743774414, 10470
1.410498857498169, 10469
1.4134888648986816, 10468
1.4154539108276367, 10467
1.4164812564849854, 10466
1.4174785614013672, 10465
1.4184775352478027, 10464
1.4194731712341309, 10463
1.4204728603363037, 10462
1.4214675426483154, 10461
1.4214675426483154, 10460
1.4224653244018555, 10459
1.423459768295288, 10458
1.4244592189788818, 10457
1.42545747756958, 10456
1.4264562129974365, 10455
1.4274520874023438, 10454
1.4284510612487793, 10453
1.4294466972351074, 10452
1.430443525314331, 10451
1.4324064254760742, 10450
1.4334027767181396, 10449
1.4363961219787598, 10448
1.4383912086486816, 10447
1.4393892288208008, 10446
1.4403862953186035, 10445
1.4414143562316895, 10444
1.442413568496704, 10443
1.4433777332305908, 10442
1.444408893585205, 10441
1.4453718662261963, 10440
1.4464013576507568, 10439
1.4464013576507568, 10438
1.4483654499053955, 10437
1.449361801147461, 10436
1.451357126235962, 10435
1.4523539543151855, 10434
1.4543466567993164, 10433
1.4563446044921875, 10432
1.4603312015533447, 10431
1.4653196334838867, 10430
1.4722988605499268, 10429
1.4783153533935547, 10428
1.4912490844726562, 10427
1.5022187232971191, 10426
1.50321626663208, 10425
1.5052132606506348, 10424
1.5461311340332031, 10423
1.5461311340332031, 10422
1.5471267700195312, 10421
1.5490953922271729, 10420
1.550123929977417, 10419
1.5521471500396729, 10418
1.5531728267669678, 10417
1.5550775527954102, 10416
1.5560758113861084, 10415
1.557105302810669, 10414
1.557105302810669, 10413
1.5580720901489258, 10412
1.5580720901489258, 10411
1.5590975284576416, 10410
1.5590975284576416, 10409
1.560065507888794, 10408
1.560065507888794, 10407
1.5610954761505127, 10406
1.5610954761505127, 10405
1.5620949268341064, 10404
1.5630581378936768, 10403
1.5630581378936768, 10402
1.5660512447357178, 10401
1.567047119140625, 10400
1.5690417289733887, 10399
1.5690417289733887, 10398
1.5700390338897705, 10397
1.5710368156433105, 10396
1.5710368156433105, 10395
1.5720672607421875, 10394
1.5730299949645996, 10393
1.5730299949645996, 10392
1.5740597248077393, 10391
1.5740597248077393, 10390
1.5750274658203125, 10389
1.576021432876587, 10388
1.577019214630127, 10387
1.5780165195465088, 10386
1.579017162322998, 10385
1.579017162322998, 10384
1.580047369003296, 10383
1.580047369003296, 10382
1.5820074081420898, 10381
1.5820074081420898, 10380
1.5830330848693848, 10379
1.5830330848693848, 10378
1.5840327739715576, 10377
1.5850186347961426, 10376
1.585996389389038, 10375
1.585996389389038, 10374
1.5869927406311035, 10373
1.5869927406311035, 10372
1.5879895687103271, 10371
1.588986873626709, 10370
1.588986873626709, 10369
1.5899839401245117, 10368
1.5899839401245117, 10367
1.590982437133789, 10366
1.590982437133789, 10365
1.5929782390594482, 10364
1.5939757823944092, 10363
1.5959692001342773, 10362
1.5959692001342773, 10361
1.5969655513763428, 10360
1.5979640483856201, 10359
1.5989909172058105, 10358
1.5999903678894043, 10357
1.6009571552276611, 10356
1.6009571552276611, 10355
1.6019525527954102, 10354
1.6019525527954102, 10353
1.6029493808746338, 10352
1.6029493808746338, 10351
1.6039469242095947, 10350
1.6039469242095947, 10349
1.6049442291259766, 10348
1.6059415340423584, 10347
1.6059415340423584, 10346
1.6069388389587402, 10345
1.607936143875122, 10344
1.6089365482330322, 10343
1.6099333763122559, 10342
1.6109304428100586, 10341
1.6119258403778076, 10340
1.6129264831542969, 10339
1.613922119140625, 10338
1.6159157752990723, 10337
1.6169121265411377, 10336
1.6169121265411377, 10335
1.6179094314575195, 10334
1.6189069747924805, 10333
1.6189069747924805, 10332
1.6199040412902832, 10331
1.6199040412902832, 10330
1.6209025382995605, 10329
1.6209025382995605, 10328
1.6218986511230469, 10327
1.6228981018066406, 10326
1.6239280700683594, 10325
1.6248910427093506, 10324
1.6259231567382812, 10323
1.6259231567382812, 10322
1.6269192695617676, 10321
1.6269192695617676, 10320
1.627918004989624, 10319
1.6289129257202148, 10318
1.6289129257202148, 10317
1.629878282546997, 10316
1.630875825881958, 10315
1.6318743228912354, 10314
1.6328706741333008, 10313
1.6338677406311035, 10312
1.6338677406311035, 10311
1.634897232055664, 10310
1.6358625888824463, 10309
1.6358625888824463, 10308
1.6368918418884277, 10307
1.6378591060638428, 10306
1.6378591060638428, 10305
1.6388545036315918, 10304
1.6388545036315918, 10303
1.6398508548736572, 10302
1.6408483982086182, 10301
1.6408483982086182, 10300
1.641845464706421, 10299
1.641845464706421, 10298
1.6428425312042236, 10297
1.6428425312042236, 10296
1.6438403129577637, 10295
1.6448371410369873, 10294
1.6458377838134766, 10293
1.6458377838134766, 10292
1.6468346118927002, 10291
1.648860216140747, 10290
1.648860216140747, 10289
1.6498594284057617, 10288
1.6508238315582275, 10287
1.6508238315582275, 10286
1.6518542766571045, 10285
1.652818202972412, 10284
1.6538147926330566, 10283
1.654813528060913, 10282
1.654813528060913, 10281
1.6558082103729248, 10280
1.6568069458007812, 10279
1.6578030586242676, 10278
1.6578030586242676, 10277
1.6588001251220703, 10276
1.6597974300384521, 10275
1.6608281135559082, 10274
1.6608281135559082, 10273
1.6618282794952393, 10272
1.6618282794952393, 10271
1.6628193855285645, 10270
1.6628193855285645, 10269
1.6638193130493164, 10268
1.6657817363739014, 10267
1.6657817363739014, 10266
1.6667790412902832, 10265
1.6688079833984375, 10264
1.6688079833984375, 10263
1.6698036193847656, 10262
1.6707980632781982, 10261
1.6707980632781982, 10260
1.6717987060546875, 10259
1.6727964878082275, 10258
1.673795461654663, 10257
1.673795461654663, 10256
1.6757566928863525, 10255
1.6757566928863525, 10254
1.676786184310913, 10253
1.676786184310913, 10252
1.6777827739715576, 10251
1.6777827739715576, 10250
1.6787817478179932, 10249
1.6787817478179932, 10248
1.6797778606414795, 10247
1.6797778606414795, 10246
1.6817400455474854, 10245
1.6827363967895508, 10244
1.6837353706359863, 10243
1.6837353706359863, 10242
1.6847307682037354, 10241
1.6847307682037354, 10240
1.6857614517211914, 10239
1.6857614517211914, 10238
1.6867554187774658, 10237
1.6867554187774658, 10236
1.6877562999725342, 10235
1.6877562999725342, 10234
1.6887528896331787, 10233
1.6887528896331787, 10232
1.6897187232971191, 10231
1.69071626663208, 10230
1.69071626663208, 10229
1.6917128562927246, 10228
1.6917128562927246, 10227
1.6927094459533691, 10226
1.693706750869751, 10225
1.693706750869751, 10224
1.6947040557861328, 10223
1.6957018375396729, 10222
1.6957018375396729, 10221
1.6966989040374756, 10220
1.6986961364746094, 10219
1.6996910572052002, 10218
1.7016870975494385, 10217
1.7026846408843994, 10216
1.7026846408843994, 10215
1.7037084102630615, 10214
1.7046775817871094, 10213
1.7057139873504639, 10212
1.7057139873504639, 10211
1.7067055702209473, 10210
1.7067055702209473, 10209
1.7077040672302246, 10208
1.7077040672302246, 10207
1.7086992263793945, 10206
1.7086992263793945, 10205
1.7096967697143555, 10204
1.7096967697143555, 10203
1.710662603378296, 10202
1.710662603378296, 10201
1.71169114112854, 10200
1.7126576900482178, 10199
1.7126576900482178, 10198
1.713653802871704, 10197
1.7156507968902588, 10196
1.7166471481323242, 10195
1.717644214630127, 10194
1.718641757965088, 10193
1.7206690311431885, 10192
1.7206690311431885, 10191
1.7216665744781494, 10190
1.7216665744781494, 10189
1.7226617336273193, 10188
1.7226617336273193, 10187
1.7236623764038086, 10186
1.7236623764038086, 10185
1.7246568202972412, 10184
1.7256219387054443, 10183
1.7256219387054443, 10182
1.726658582687378, 10181
1.726658582687378, 10180
1.7286138534545898, 10179
1.7286138534545898, 10178
1.7296106815338135, 10177
1.7296106815338135, 10176
1.7306082248687744, 10175
1.7316064834594727, 10174
1.7326369285583496, 10173
1.7326369285583496, 10172
1.7336349487304688, 10171
1.7336349487304688, 10170
1.7345993518829346, 10169
1.7366256713867188, 10168
1.7366256713867188, 10167
1.737624168395996, 10166
1.737624168395996, 10165
1.738619327545166, 10164
1.738619327545166, 10163
1.7396190166473389, 10162
1.7396190166473389, 10161
1.74058198928833, 10160
1.7415800094604492, 10159
1.7425806522369385, 10158
1.7446167469024658, 10157
1.745570182800293, 10156
1.7465672492980957, 10155
1.7485651969909668, 10154
1.7495577335357666, 10153
1.7505574226379395, 10152
1.751554012298584, 10151
1.7525510787963867, 10150
1.7535486221313477, 10149
1.7535486221313477, 10148
1.7555429935455322, 10147
1.7565715312957764, 10146
1.7575373649597168, 10145
1.7585341930389404, 10144
1.7585341930389404, 10143
1.759530782699585, 10142
1.759530782699585, 10141
1.760528326034546, 10140
1.760528326034546, 10139
1.7615253925323486, 10138
1.7615253925323486, 10137
1.7625226974487305, 10136
1.7625226974487305, 10135
1.7635202407836914, 10134
1.7655158042907715, 10133
1.7675094604492188, 10132
1.7685065269470215, 10131
1.7695043087005615, 10130
1.7705016136169434, 10129
1.7705016136169434, 10128
1.771498680114746, 10127
1.7724967002868652, 10126
1.7724967002868652, 10125
1.773493766784668, 10124
1.773493766784668, 10123
1.7744929790496826, 10122
1.775489330291748, 10121
1.7765185832977295, 10120
1.7765185832977295, 10119
1.777517318725586, 10118
1.777517318725586, 10117
1.7785124778747559, 10116
1.7785124778747559, 10115
1.78047513961792, 10114
1.78147292137146, 10113
1.7824997901916504, 10112
1.7834999561309814, 10111
1.7834999561309814, 10110
1.784496545791626, 10109
1.7854626178741455, 10108
1.7854626178741455, 10107
1.7864916324615479, 10106
1.7874572277069092, 10105
1.7884538173675537, 10104
1.7884538173675537, 10103
1.7894504070281982, 10102
1.7894504070281982, 10101
1.7904484272003174, 10100
1.7904484272003174, 10099
1.791445255279541, 10098
1.791445255279541, 10097
1.792442798614502, 10096
1.7934401035308838, 10095
1.7934401035308838, 10094
1.7954349517822266, 10093
1.7954349517822266, 10092
1.7964320182800293, 10091
1.7964320182800293, 10090
1.7974293231964111, 10089
1.799426555633545, 10088
1.8004231452941895, 10087
1.8004231452941895, 10086
1.8014206886291504, 10085
1.8024168014526367, 10084
1.8034148216247559, 10083
1.8044116497039795, 10082
1.8044116497039795, 10081
1.8044116497039795, 10080
1.8064076900482178, 10079
1.8074054718017578, 10078
1.8084018230438232, 10077
1.8093974590301514, 10076
1.8104276657104492, 10075
1.8104276657104492, 10074
1.811427116394043, 10073
1.811427116394043, 10072
1.8124220371246338, 10071
1.8124220371246338, 10070
1.8134195804595947, 10069
1.814385175704956, 10068
1.8163819313049316, 10067
1.8173775672912598, 10066
1.8173775672912598, 10065
1.8184077739715576, 10064
1.8184077739715576, 10063
1.8193719387054443, 10062
1.8193719387054443, 10061
1.8204007148742676, 10060
1.8204007148742676, 10059
1.8213982582092285, 10058
1.8213982582092285, 10057
1.8223862648010254, 10056
1.8223862648010254, 10055
1.8233928680419922, 10054
1.8233928680419922, 10053
1.8243603706359863, 10052
1.8277857303619385, 10051
1.82834792137146, 10050
1.82834792137146, 10049
1.8293442726135254, 10048
1.8293442726135254, 10047
1.8303413391113281, 10046
1.8313395977020264, 10045
1.832369327545166, 10044
1.8333415985107422, 10043
1.8343324661254883, 10042
1.835329532623291, 10041
1.836327314376831, 10040
1.836327314376831, 10039
1.837324619293213, 10038
1.839318037033081, 10037
1.839318037033081, 10036
1.840315580368042, 10035
1.8413472175598145, 10034
1.8413472175598145, 10033
1.8423418998718262, 10032
1.8423418998718262, 10031
1.8433423042297363, 10030
1.8438849449157715, 10029
1.8438849449157715, 10028
1.8448786735534668, 10027
1.8459124565124512, 10026
1.8468756675720215, 10025
1.8489010334014893, 10024
1.8489010334014893, 10023
1.8498985767364502, 10022
1.8498985767364502, 10021
1.8508925437927246, 10020
1.8508925437927246, 10019
1.8518922328948975, 10018
1.8518922328948975, 10017
1.8528897762298584, 10016
1.8538544178009033, 10015
1.8548545837402344, 10014
1.855851173400879, 10013
1.8578462600708008, 10012
1.8578462600708008, 10011
1.8588430881500244, 10010
1.859839916229248, 10009
1.8618342876434326, 10008
1.8618342876434326, 10007
1.8628654479980469, 10006
1.8628654479980469, 10005
1.8638629913330078, 10004
1.8658561706542969, 10003
1.8658561706542969, 10002
1.8668501377105713, 10001
1.8668501377105713, 10000
1.8678500652313232, 9999
1.8678500652313232, 9998
1.8688149452209473, 9997
1.8698151111602783, 9996
1.8698151111602783, 9995
1.87080979347229, 9994
1.87080979347229, 9993
1.8728387355804443, 9992
1.8728387355804443, 9991
1.8738341331481934, 9990
1.8738341331481934, 9989
1.8747997283935547, 9988
1.8757960796356201, 9987
1.8767943382263184, 9986
1.8767943382263184, 9985
1.8777916431427002, 9984
1.8787877559661865, 9983
1.8787877559661865, 9982
1.8797855377197266, 9981
1.8797855377197266, 9980
1.8807828426361084, 9979
1.881781816482544, 9978
1.8828089237213135, 9977
1.8828089237213135, 9976
1.8837759494781494, 9975
1.8837759494781494, 9974
1.8847744464874268, 9973
1.8847744464874268, 9972
1.885772943496704, 9971
1.885772943496704, 9970
1.8877642154693604, 9969
1.8877642154693604, 9968
1.8887617588043213, 9967
1.8887617588043213, 9966
1.8897583484649658, 9965
1.8897583484649658, 9964
1.8907558917999268, 9963
1.8917548656463623, 9962
1.8927838802337646, 9961
1.8927838802337646, 9960
1.8937842845916748, 9959
1.8937842845916748, 9958
1.894744873046875, 9957
1.8957443237304688, 9956
1.896772861480713, 9955
1.8977382183074951, 9954
1.8997647762298584, 9953
1.8997647762298584, 9952
1.9007303714752197, 9951
1.9007303714752197, 9950
1.9017624855041504, 9949
1.9017624855041504, 9948
1.9027574062347412, 9947
1.9027574062347412, 9946
1.9037561416625977, 9945
1.9037561416625977, 9944
1.904719591140747, 9943
1.906714916229248, 9942
1.906714916229248, 9941
1.9077472686767578, 9940
1.9077472686767578, 9939
1.9087433815002441, 9938
1.9087433815002441, 9937
1.9097414016723633, 9936
1.9097414016723633, 9935
1.9107353687286377, 9934
1.9107353687286377, 9933
1.9117350578308105, 9932
1.9117350578308105, 9931
1.9127297401428223, 9930
1.9136946201324463, 9929
1.9156899452209473, 9928
1.916687250137329, 9927
1.916687250137329, 9926
1.9176833629608154, 9925
1.9196786880493164, 9924
1.92067551612854, 9923
1.921673059463501, 9922
1.9236676692962646, 9921
1.924668550491333, 9920
1.9256625175476074, 9919
1.927656888961792, 9918
1.928654432296753, 9917
1.9316492080688477, 9916
1.9336440563201904, 9915
1.9346401691436768, 9914
1.9366374015808105, 9913
1.9376678466796875, 9912
1.9376678466796875, 9911
1.938664436340332, 9910
1.938664436340332, 9909
1.9396581649780273, 9908
1.9396581649780273, 9907
1.9406228065490723, 9906
1.9406228065490723, 9905
1.9416587352752686, 9904
1.9416587352752686, 9903
1.9426519870758057, 9902
1.9426519870758057, 9901
1.9438807964324951, 9900
1.9448699951171875, 9899
1.9458680152893066, 9898
1.9458680152893066, 9897
1.946864366531372, 9896
1.9488918781280518, 9895
1.9488918781280518, 9894
1.9498906135559082, 9893
1.9498906135559082, 9892
1.9508552551269531, 9891
1.9518840312957764, 9890
1.9518840312957764, 9889
1.952880620956421, 9888
1.952880620956421, 9887
1.9548485279083252, 9886
1.956841230392456, 9885
1.9588356018066406, 9884
1.9588356018066406, 9883
1.9598655700683594, 9882
1.9598655700683594, 9881
1.960860252380371, 9880
1.960860252380371, 9879
1.9618566036224365, 9878
1.9618566036224365, 9877
1.9628512859344482, 9876
1.9628512859344482, 9875
1.965813398361206, 9874
1.966843843460083, 9873
1.966843843460083, 9872
1.9678432941436768, 9871
1.9678432941436768, 9870
1.9688379764556885, 9869
1.9688379764556885, 9868
1.9698355197906494, 9867
1.970829963684082, 9866
1.970829963684082, 9865
1.9717977046966553, 9864
1.9717977046966553, 9863
1.9717977046966553, 9862
1.9728271961212158, 9861
1.9737927913665771, 9860
1.9737927913665771, 9859
1.974790096282959, 9858
1.9757883548736572, 9857
1.9757883548736572, 9856
1.9768171310424805, 9855
1.9768171310424805, 9854
1.9778141975402832, 9853
1.9778141975402832, 9852
1.978809118270874, 9851
1.978809118270874, 9850
1.9798088073730469, 9849
1.9798088073730469, 9848
1.98177170753479, 9847
1.9827687740325928, 9846
1.9837651252746582, 9845
1.9837651252746582, 9844
1.9847626686096191, 9843
1.9847626686096191, 9842
1.98576021194458, 9841
1.98576021194458, 9840
1.9867570400238037, 9839
1.9867570400238037, 9838
1.9877548217773438, 9837
1.9887549877166748, 9836
1.9897518157958984, 9835
1.9897518157958984, 9834
1.990748405456543, 9833
1.9917454719543457, 9832
1.9927432537078857, 9831
1.9927432537078857, 9830
1.9937405586242676, 9829
1.995734453201294, 9828
1.996764898300171, 9827
1.9977290630340576, 9826
1.9997591972351074, 9825
2.0017178058624268, 9824
2.0017178058624268, 9823
2.0027151107788086, 9822
2.003714084625244, 9821
2.0047426223754883, 9820
2.005741596221924, 9819
2.005741596221924, 9818
2.0067365169525146, 9817
2.0067365169525146, 9816
2.0077359676361084, 9815
2.0077359676361084, 9814
2.0087313652038574, 9813
2.0087313652038574, 9812
2.0106940269470215, 9811
2.0116918087005615, 9810
2.0116918087005615, 9809
2.012688159942627, 9808
2.0136852264404297, 9807
2.0146846771240234, 9806
2.015683889389038, 9805
2.0166776180267334, 9804
2.0166776180267334, 9803
2.0186827182769775, 9802
2.020686388015747, 9801
2.0216996669769287, 9800
2.0226941108703613, 9799
2.0226941108703613, 9798
2.0226941108703613, 9797
2.023693561553955, 9796
2.0246567726135254, 9795
2.0256528854370117, 9794
2.0266528129577637, 9793
2.027681589126587, 9792
2.027681589126587, 9791
2.0286781787872314, 9790
2.0286781787872314, 9789
2.029677152633667, 9788
2.029677152633667, 9787
2.0316386222839355, 9786
2.032668113708496, 9785
2.0336334705352783, 9784
2.0356268882751465, 9783
2.0356268882751465, 9782
2.0366568565368652, 9781
2.0366568565368652, 9780
2.037655830383301, 9779
2.037655830383301, 9778
2.038651704788208, 9777
2.038651704788208, 9776
2.038651704788208, 9775
2.039651393890381, 9774
2.0406136512756348, 9773
2.0406136512756348, 9772
2.041611909866333, 9771
2.0426082611083984, 9770
2.0426082611083984, 9769
2.043605327606201, 9768
2.044147491455078, 9767
2.044147491455078, 9766
2.0451080799102783, 9765
2.0451080799102783, 9764
2.0461056232452393, 9763
2.0461056232452393, 9762
2.0481011867523193, 9761
2.0490987300872803, 9760
2.0490987300872803, 9759
2.0500948429107666, 9758
2.0500948429107666, 9757
2.0510919094085693, 9756
2.0520894527435303, 9755
2.0520894527435303, 9754
2.0520894527435303, 9753
2.053086757659912, 9752
2.054083824157715, 9751
2.054083824157715, 9750
2.055081605911255, 9749
2.0560805797576904, 9748
2.0560805797576904, 9747
2.057111978530884, 9746
2.058074951171875, 9745
2.058074951171875, 9744
2.05910587310791, 9743
2.060100555419922, 9742
2.060100555419922, 9741
2.0610976219177246, 9740
2.0610976219177246, 9739
2.0610976219177246, 9738
2.0620927810668945, 9737
2.063060760498047, 9736
2.063060760498047, 9735
2.0650575160980225, 9734
2.067056179046631, 9733
2.067056179046631, 9732
2.0680806636810303, 9731
2.0680806636810303, 9730
2.0690767765045166, 9729
2.0690767765045166, 9728
2.070071220397949, 9727
2.070071220397949, 9726
2.072038173675537, 9725
2.0730347633361816, 9724
2.0740597248077393, 9723
2.0740597248077393, 9722
2.075028657913208, 9721
2.076052665710449, 9720
2.076052665710449, 9719
2.0770506858825684, 9718
2.0780208110809326, 9717
2.079051971435547, 9716
2.079051971435547, 9715
2.0800485610961914, 9714
2.0800485610961914, 9713
2.08201003074646, 9712
2.083042621612549, 9711
2.083042621612549, 9710
2.084052562713623, 9709
2.0870094299316406, 9708
2.08799409866333, 9707
2.08799409866333, 9706
2.08902645111084, 9705
2.0899908542633057, 9704
2.090987205505371, 9703
2.0919840335845947, 9702
2.09298038482666, 9701
2.0939781665802, 9700
2.0939781665802, 9699
2.0949747562408447, 9698
2.095972776412964, 9697
2.095972776412964, 9696
2.0969693660736084, 9695
2.0989649295806885, 9694
2.1009609699249268, 9693
2.1019604206085205, 9692
2.1019604206085205, 9691
2.103952646255493, 9690
2.104949951171875, 9689
2.1059482097625732, 9688
2.1069445610046387, 9687
2.107940912246704, 9686
2.108937978744507, 9685
2.108937978744507, 9684
2.1099348068237305, 9683
2.1099348068237305, 9682
2.1109321117401123, 9681
2.1109321117401123, 9680
2.111929416656494, 9679
2.111929416656494, 9678
2.112926721572876, 9677
2.112926721572876, 9676
2.1149227619171143, 9675
2.1159205436706543, 9674
2.11691951751709, 9673
2.11691951751709, 9672
2.1179144382476807, 9671
2.1179144382476807, 9670
2.118943691253662, 9669
2.11991024017334, 9668
2.11991024017334, 9667
2.120910882949829, 9666
2.120910882949829, 9665
2.1219358444213867, 9664
2.1229007244110107, 9663
2.1229007244110107, 9662
2.1238982677459717, 9661
2.1238982677459717, 9660
2.124894618988037, 9659
2.124894618988037, 9658
2.125892162322998, 9657
2.125892162322998, 9656
2.12688946723938, 9655
2.12688946723938, 9654
2.1278865337371826, 9653
2.1278865337371826, 9652
2.1288840770721436, 9651
2.1288840770721436, 9650
2.1318774223327637, 9649
2.1318774223327637, 9648
2.132873773574829, 9647
2.132873773574829, 9646
2.1338717937469482, 9645
2.1348681449890137, 9644
2.135868549346924, 9643
2.135868549346924, 9642
2.1368985176086426, 9641
2.1368985176086426, 9640
2.137861490249634, 9639
2.1388614177703857, 9638
2.1388614177703857, 9637
2.139854907989502, 9636
2.139854907989502, 9635
2.1408519744873047, 9634
2.1408519744873047, 9633
2.1408519744873047, 9632
2.1418492794036865, 9631
2.1428472995758057, 9630
2.1428472995758057, 9629
2.1438441276550293, 9628
2.144840955734253, 9627
2.145872116088867, 9626
2.145872116088867, 9625
2.1468710899353027, 9624
2.148864984512329, 9623
2.148864984512329, 9622
2.149858236312866, 9621
2.149858236312866, 9620
2.1508257389068604, 9619
2.1508257389068604, 9618
2.15185546875, 9617
2.15185546875, 9616
2.1528210639953613, 9615
2.153820037841797, 9614
2.153820037841797, 9613
2.1548147201538086, 9612
2.1548147201538086, 9611
2.1558139324188232, 9610
2.1558139324188232, 9609
2.1568098068237305, 9608
2.1568098068237305, 9607
2.157806634902954, 9606
2.158803939819336, 9605
2.158803939819336, 9604
2.1598007678985596, 9603
2.1608006954193115, 9602
2.1608006954193115, 9601
2.1618287563323975, 9600
2.1618287563323975, 9599
2.162794351577759, 9598
2.162794351577759, 9597
2.1647894382476807, 9596
2.165787696838379, 9595
2.165787696838379, 9594
2.166783332824707, 9593
2.1677803993225098, 9592
2.1697776317596436, 9591
2.1708076000213623, 9590
2.1708076000213623, 9589
2.1718039512634277, 9588
2.1718039512634277, 9587
2.172799825668335, 9586
2.172799825668335, 9585
2.173794746398926, 9584
2.173794746398926, 9583
2.175762891769409, 9582
2.175762891769409, 9581
2.1767563819885254, 9580
2.1767563819885254, 9579
2.177753448486328, 9578
2.177753448486328, 9577
2.17875075340271, 9576
2.17875075340271, 9575
2.179748058319092, 9574
2.1807470321655273, 9573
2.1817493438720703, 9572
2.1827425956726074, 9571
2.1837711334228516, 9570
2.1847357749938965, 9569
2.1857645511627197, 9568
2.1857645511627197, 9567
2.186765670776367, 9566
2.186765670776367, 9565
2.187760353088379, 9564
2.187760353088379, 9563
2.1887571811676025, 9562
2.1887571811676025, 9561
2.18972110748291, 9560
2.18972110748291, 9559
2.1907248497009277, 9558
2.1907248497009277, 9557
2.191716432571411, 9556
2.191716432571411, 9555
2.192713737487793, 9554
2.192713737487793, 9553
2.1937108039855957, 9552
2.1937108039855957, 9551
2.1947076320648193, 9550
2.1957054138183594, 9549
2.1957054138183594, 9548
2.196702718734741, 9547
2.1986987590789795, 9546
2.1986987590789795, 9545
2.1996963024139404, 9544
2.200693130493164, 9543
2.200693130493164, 9542
2.201723575592041, 9541
2.201723575592041, 9540
2.2027223110198975, 9539
2.2027223110198975, 9538
2.203718662261963, 9537
2.203718662261963, 9536
2.204680919647217, 9535
2.205709457397461, 9534
2.205709457397461, 9533
2.2067086696624756, 9532
2.2067086696624756, 9531
2.2077064514160156, 9530
2.2077064514160156, 9529
2.2087066173553467, 9528
2.2087066173553467, 9527
2.209700584411621, 9526
2.209700584411621, 9525
2.2106661796569824, 9524
2.2106661796569824, 9523
2.211695432662964, 9522
2.211695432662964, 9521
2.2136592864990234, 9520
2.214655637741089, 9519
2.2156527042388916, 9518
2.2156527042388916, 9517
2.2166852951049805, 9516
2.2166852951049805, 9515
2.2176477909088135, 9514
2.2176477909088135, 9513
2.218679666519165, 9512
2.2196409702301025, 9511
2.2206437587738037, 9510
2.2216384410858154, 9509
2.22263503074646, 9508
2.223632335662842, 9507
2.2246294021606445, 9506
2.2256252765655518, 9505
2.226625442504883, 9504
2.227621078491211, 9503
2.227621078491211, 9502
2.2286181449890137, 9501
2.2286181449890137, 9500
2.229614734649658, 9499
2.23061203956604, 9498
2.2316110134124756, 9497
2.2326066493988037, 9496
2.2336044311523438, 9495
2.2336044311523438, 9494
2.2355997562408447, 9493
2.2355997562408447, 9492
2.2365968227386475, 9491
2.2365968227386475, 9490
2.237593650817871, 9489
2.237593650817871, 9488
2.238590717315674, 9487
2.238590717315674, 9486
2.2395880222320557, 9485
2.2395880222320557, 9484
2.2405855655670166, 9483
2.2405855655670166, 9482
2.2425806522369385, 9481
2.2425806522369385, 9480
2.2436106204986572, 9479
2.2436106204986572, 9478
2.2436106204986572, 9477
2.244610071182251, 9476
2.244610071182251, 9475
2.245602607727051, 9474
2.245602607727051, 9473
2.2466018199920654, 9472
2.248601198196411, 9471
2.248601198196411, 9470
2.249563217163086, 9469
2.2505621910095215, 9468
2.2515604496002197, 9467
2.2515604496002197, 9466
2.2525553703308105, 9465
2.2535526752471924, 9464
2.2555477619171143, 9463
2.2555477619171143, 9462
2.256544828414917, 9461
2.2575411796569824, 9460
2.258538007736206, 9459
2.258538007736206, 9458
2.2595348358154297, 9457
2.2595348358154297, 9456
2.2605321407318115, 9455
2.2605321407318115, 9454
2.261530876159668, 9453
2.261530876159668, 9452
2.262526750564575, 9451
2.262526750564575, 9450
2.2635586261749268, 9449
2.265519618988037, 9448
2.265519618988037, 9447
2.2665162086486816, 9446
2.2665162086486816, 9445
2.2675132751464844, 9444
2.2685108184814453, 9443
2.2685108184814453, 9442
2.269507884979248, 9441
2.27050518989563, 9440
2.27050518989563, 9439
2.27050518989563, 9438
2.2725014686584473, 9437
2.2725014686584473, 9436
2.2735302448272705, 9435
2.2735302448272705, 9434
2.2745308876037598, 9433
2.2745308876037598, 9432
2.275493860244751, 9431
2.276522636413574, 9430
2.276522636413574, 9429
2.2775163650512695, 9428
2.2775163650512695, 9427
2.2785167694091797, 9426
2.2785167694091797, 9425
2.2794830799102783, 9424
2.2804815769195557, 9423
2.281477451324463, 9422
2.282508611679077, 9421
2.282508611679077, 9420
2.283503293991089, 9419
2.283503293991089, 9418
2.284503221511841, 9417
2.2854676246643066, 9416
2.286496162414551, 9415
2.286496162414551, 9414
2.288459300994873, 9413
2.288459300994873, 9412
2.289456367492676, 9411
2.2904536724090576, 9410
2.2914509773254395, 9409
2.2924482822418213, 9408
2.293445587158203, 9407
2.2944416999816895, 9406
2.295440912246704, 9405
2.295440912246704, 9404
2.296437978744507, 9403
2.298466205596924, 9402
2.298466205596924, 9401
2.298466205596924, 9400
2.2994604110717773, 9399
2.2994604110717773, 9398
2.300457715988159, 9397
2.301424264907837, 9396
2.301424264907837, 9395
2.3024234771728516, 9394
2.303417921066284, 9393
2.303417921066284, 9392
2.3044142723083496, 9391
2.3044142723083496, 9390
2.3054122924804688, 9389
2.3054122924804688, 9388
2.3064093589782715, 9387
2.3064093589782715, 9386
2.3074066638946533, 9385
2.3074066638946533, 9384
2.308403968811035, 9383
2.309401273727417, 9382
2.309401273727417, 9381
2.310434103012085, 9380
2.310434103012085, 9379
2.3114283084869385, 9378
2.3114283084869385, 9377
2.3124289512634277, 9376
2.3124289512634277, 9375
2.3134231567382812, 9374
2.314390182495117, 9373
2.315387487411499, 9372
2.3164172172546387, 9371
2.3173811435699463, 9370
2.3184101581573486, 9369
2.3184101581573486, 9368
2.3193743228912354, 9367
2.3193743228912354, 9366
2.3193743228912354, 9365
2.3204078674316406, 9364
2.3204078674316406, 9363
2.321401834487915, 9362
2.321401834487915, 9361
2.322401285171509, 9360
2.322401285171509, 9359
2.3233962059020996, 9358
2.3233962059020996, 9357
2.324361801147461, 9356
2.32535982131958, 9355
2.32535982131958, 9354
2.326357126235962, 9353
2.326357126235962, 9352
2.3273532390594482, 9351
2.3273532390594482, 9350
2.328350782394409, 9349
2.328350782394409, 9348
2.329348087310791, 9347
2.329348087310791, 9346
2.3303451538085938, 9345
2.331343650817871, 9344
2.3323426246643066, 9343
2.3323426246643066, 9342
2.3333377838134766, 9341
2.3343353271484375, 9340
2.3343353271484375, 9339
2.336329460144043, 9338
2.336329460144043, 9337
2.336329460144043, 9336
2.3373265266418457, 9335
2.3383243083953857, 9334
2.3383243083953857, 9333
2.3393213748931885, 9332
2.340352773666382, 9331
2.340352773666382, 9330
2.340352773666382, 9329
2.34134578704834, 9328
2.34134578704834, 9327
2.342346668243408, 9326
2.342346668243408, 9325
2.3433432579040527, 9324
2.3443446159362793, 9323
2.3443446159362793, 9322
2.345306158065796, 9321
2.345306158065796, 9320
2.345306158065796, 9319
2.3463375568389893, 9318
2.3483307361602783, 9317
2.3483307361602783, 9316
2.3492956161499023, 9315
2.3492956161499023, 9314
2.3492956161499023, 9313
2.3503246307373047, 9312
2.3503246307373047, 9311
2.3513216972351074, 9310
2.3513216972351074, 9309
2.3523221015930176, 9308
2.3523221015930176, 9307
2.353316307067871, 9306
2.353316307067871, 9305
2.3552801609039307, 9304
2.356308698654175, 9303
2.356308698654175, 9302
2.3573038578033447, 9301
2.3573038578033447, 9300
2.3583030700683594, 9299
2.3583030700683594, 9298
2.3583030700683594, 9297
2.3593006134033203, 9296
2.3593006134033203, 9295
2.3603007793426514, 9294
2.3603007793426514, 9293
2.361295461654663, 9292
2.361295461654663, 9291
2.362262010574341, 9290
2.362262010574341, 9289
2.3632895946502686, 9288
2.364255666732788, 9287
2.36525559425354, 9286
2.36525559425354, 9285
2.3662819862365723, 9284
2.3662819862365723, 9283
2.3672475814819336, 9282
2.3672475814819336, 9281
2.368279457092285, 9280
2.368279457092285, 9279
2.3692431449890137, 9278
2.3692431449890137, 9277
2.37123703956604, 9276
2.3722662925720215, 9275
2.3722662925720215, 9274
2.373260736465454, 9273
2.373260736465454, 9272
2.374260187149048, 9271
2.374260187149048, 9270
2.375225782394409, 9269
2.375225782394409, 9268
2.3762457370758057, 9267
2.377220869064331, 9266
2.377220869064331, 9265
2.3782176971435547, 9264
2.3782176971435547, 9263
2.3792145252227783, 9262
2.3792145252227783, 9261
2.3802127838134766, 9260
2.3812108039855957, 9259
2.382211208343506, 9258
2.382211208343506, 9257
2.382211208343506, 9256
2.383236885070801, 9255
2.383236885070801, 9254
2.384237051010132, 9253
2.384237051010132, 9252
2.385233163833618, 9251
2.385233163833618, 9250
2.386230707168579, 9249
2.386230707168579, 9248
2.3871941566467285, 9247
2.3871941566467285, 9246
2.3882248401641846, 9245
2.3882248401641846, 9244
2.389219045639038, 9243
2.389219045639038, 9242
2.389219045639038, 9241
2.3902180194854736, 9240
2.3902180194854736, 9239
2.3911826610565186, 9238
2.3921821117401123, 9237
2.3921821117401123, 9236
2.393209934234619, 9235
2.393209934234619, 9234
2.3941755294799805, 9233
2.3941755294799805, 9232
2.3951728343963623, 9231
2.396202564239502, 9230
2.396202564239502, 9229
2.3971667289733887, 9228
2.398164987564087, 9227
2.398164987564087, 9226
2.3991615772247314, 9225
2.3991615772247314, 9224
2.4001588821411133, 9223
2.4001588821411133, 9222
2.401156187057495, 9221
2.401156187057495, 9220
2.402153253555298, 9219
2.403151750564575, 9218
2.403151750564575, 9217
2.4041807651519775, 9216
2.4041807651519775, 9215
2.4051461219787598, 9214
2.4051461219787598, 9213
2.406142234802246, 9212
2.407141923904419, 9211
2.408139228820801, 9210
2.4091358184814453, 9209
2.4101336002349854, 9208
2.411130666732788, 9207
2.412127733230591, 9206
2.4131252765655518, 9205
2.4131252765655518, 9204
2.416116952896118, 9203
2.4171152114868164, 9202
2.41910982131958, 9201
2.421103000640869, 9200
2.4221038818359375, 9199
2.4240970611572266, 9198
2.4250946044921875, 9197
2.4260916709899902, 9196
2.4260916709899902, 9195
2.4270870685577393, 9194
2.4270870685577393, 9193
2.4280853271484375, 9192
2.4280853271484375, 9191
2.4290826320648193, 9190
2.4290826320648193, 9189
2.430079936981201, 9188
2.431082010269165, 9187
2.4320755004882812, 9186
2.4320755004882812, 9185
2.4330716133117676, 9184
2.4330716133117676, 9183
2.436065435409546, 9182
2.438058376312256, 9181
2.4400527477264404, 9180
2.4410500526428223, 9179
2.442049264907837, 9178
2.443047046661377, 9177
2.444047212600708, 9176
2.444047212600708, 9175
2.445206642150879, 9174
2.445206642150879, 9173
2.4462320804595947, 9172
2.4462320804595947, 9171
2.447197198867798, 9170
2.448194980621338, 9169
2.4491937160491943, 9168
2.4491937160491943, 9167
2.4501919746398926, 9166
2.4521853923797607, 9165
2.4531822204589844, 9164
2.4541797637939453, 9163
2.4551758766174316, 9162
2.4561736583709717, 9161
2.45717191696167, 9160
2.4581692218780518, 9159
2.4591667652130127, 9158
2.461160898208618, 9157
2.462158441543579, 9156
2.463155746459961, 9155
2.464153528213501, 9154
2.4651527404785156, 9153
2.4651527404785156, 9152
2.4661478996276855, 9151
2.467176914215088, 9150
2.467176914215088, 9149
2.468141794204712, 9148
2.468141794204712, 9147
2.468141794204712, 9146
2.469174385070801, 9145
2.469174385070801, 9144
2.4701688289642334, 9143
2.4701688289642334, 9142
2.471133232116699, 9141
2.471133232116699, 9140
2.472163677215576, 9139
2.472163677215576, 9138
2.4731602668762207, 9137
2.4731602668762207, 9136
2.4741575717926025, 9135
2.4741575717926025, 9134
2.476151943206787, 9133
2.476151943206787, 9132
2.476151943206787, 9131
2.4771525859832764, 9130
2.4771525859832764, 9129
2.478147029876709, 9128
2.478147029876709, 9127
2.4791483879089355, 9126
2.4791483879089355, 9125
2.4801113605499268, 9124
2.4811108112335205, 9123
2.4811108112335205, 9122
2.4821054935455322, 9121
2.483103036880493, 9120
2.483103036880493, 9119
2.484099864959717, 9118
2.484099864959717, 9117
2.4850988388061523, 9116
2.4870917797088623, 9115
2.4880893230438232, 9114
2.489086389541626, 9113
2.490083932876587, 9112
2.4910812377929688, 9111
2.4920783042907715, 9110
2.4930756092071533, 9109
2.4940731525421143, 9108
2.496067762374878, 9107
2.4980640411376953, 9106
2.4990601539611816, 9105
2.4990601539611816, 9104
2.5000557899475098, 9103
2.5000557899475098, 9102
2.5010528564453125, 9101
2.5010528564453125, 9100
2.5020508766174316, 9099
2.5020508766174316, 9098
2.503047466278076, 9097
2.503047466278076, 9096
2.5040454864501953, 9095
2.5040454864501953, 9094
2.5050439834594727, 9093
2.50603985786438, 9092
2.50603985786438, 9091
2.50603985786438, 9090
2.5070369243621826, 9089
2.5080339908599854, 9088
2.5080339908599854, 9087
2.5090315341949463, 9086
2.5090315341949463, 9085
2.510028600692749, 9084
2.5110597610473633, 9083
2.5110597610473633, 9082
2.5120537281036377, 9081
2.5120537281036377, 9080
2.5120537281036377, 9079
2.5130534172058105, 9078
2.5130534172058105, 9077
2.515026092529297, 9076
2.515026092529297, 9075
2.51601243019104, 9074
2.51601243019104, 9073
2.5170488357543945, 9072
2.5170488357543945, 9071
2.518040895462036, 9070
2.518040895462036, 9069
2.5190372467041016, 9068
2.5190372467041016, 9067
2.5200343132019043, 9066
2.5200343132019043, 9065
2.5210323333740234, 9064
2.5210323333740234, 9063
2.5210323333740234, 9062
2.522029399871826, 9061
2.522029399871826, 9060
2.523026943206787, 9059
2.523026943206787, 9058
2.524024248123169, 9057
2.524024248123169, 9056
2.5249886512756348, 9055
2.5249886512756348, 9054
2.52601957321167, 9053
2.52601957321167, 9052
2.5270161628723145, 9051
2.5270161628723145, 9050
2.5280115604400635, 9049
2.5280115604400635, 9048
2.5280115604400635, 9047
2.5290110111236572, 9046
2.5290110111236572, 9045
2.5300090312957764, 9044
2.5309739112854004, 9043
2.5309739112854004, 9042
2.5320048332214355, 9041
2.5320048332214355, 9040
2.533001184463501, 9039
2.533001184463501, 9038
2.5339972972869873, 9037
2.5339972972869873, 9036
2.5339972972869873, 9035
2.5359609127044678, 9034
2.5359609127044678, 9033
2.536989688873291, 9032
2.536989688873291, 9031
2.537987232208252, 9030
2.537987232208252, 9029
2.5389838218688965, 9028
2.5389838218688965, 9027
2.5389838218688965, 9026
2.5399484634399414, 9025
2.5399484634399414, 9024
2.540954351425171, 9023
2.541977882385254, 9022
2.5429434776306152, 9021
2.543940782546997, 9020
2.543940782546997, 9019
2.5449366569519043, 9018
2.5449366569519043, 9017
2.5459344387054443, 9016
2.5459344387054443, 9015
2.5469629764556885, 9014
2.5479304790496826, 9013
2.548926830291748, 9012
2.549923896789551, 9011
2.5509212017059326, 9010
2.5509212017059326, 9009
2.5519185066223145, 9008
2.5529160499572754, 9007
2.553913116455078, 9006
2.5559070110321045, 9005
2.5569403171539307, 9004
2.5569403171539307, 9003
2.557933807373047, 9002
2.557933807373047, 9001
2.5589306354522705, 9000
2.5589306354522705, 8999
2.5599260330200195, 8998
2.5599260330200195, 8997
2.5599260330200195, 8996
2.5608937740325928, 8995
2.561925172805786, 8994
2.561925172805786, 8993
2.5629208087921143, 8992
2.5629208087921143, 8991
2.56388521194458, 8990
2.56488299369812, 8989
2.5658798217773438, 8988
2.5658798217773438, 8987
2.5668768882751465, 8986
2.5668768882751465, 8985
2.5678741931915283, 8984
2.5678741931915283, 8983
2.56887149810791, 8982
2.56887149810791, 8981
2.569868803024292, 8980
2.569868803024292, 8979
2.570866107940674, 8978
2.570866107940674, 8977
2.570866107940674, 8976
2.5718636512756348, 8975
2.5728609561920166, 8974
2.5728609561920166, 8973
2.5738580226898193, 8972
2.5738580226898193, 8971
2.574857473373413, 8970
2.574857473373413, 8969
2.5758533477783203, 8968
2.5768840312957764, 8967
2.5768840312957764, 8966
2.577880620956421, 8965
2.577880620956421, 8964
2.5788774490356445, 8963
2.5788774490356445, 8962
2.5798745155334473, 8961
2.5798745155334473, 8960
2.5818376541137695, 8959
2.5818376541137695, 8958
2.5818376541137695, 8957
2.583836555480957, 8956
2.585826873779297, 8955
2.585826873779297, 8954
2.5868237018585205, 8953
2.5868237018585205, 8952
2.5878207683563232, 8951
2.588853597640991, 8950
2.588853597640991, 8949
2.589848041534424, 8948
2.589848041534424, 8947
2.590813636779785, 8946
2.590813636779785, 8945
2.590813636779785, 8944
2.5918447971343994, 8943
2.5918447971343994, 8942
2.5928404331207275, 8941
2.5928404331207275, 8940
2.5938374996185303, 8939
2.594834566116333, 8938
2.595832347869873, 8937
2.595832347869873, 8936
2.5968334674835205, 8935
2.597827434539795, 8934
2.597827434539795, 8933
2.598824977874756, 8932
2.598824977874756, 8931
2.59978985786438, 8930
2.59978985786438, 8929
2.600820541381836, 8928
2.600820541381836, 8927
2.601815700531006, 8926
2.601815700531006, 8925
2.6028494834899902, 8924
2.60478138923645, 8923
2.6057772636413574, 8922
2.6067724227905273, 8921
2.607769012451172, 8920
2.608766794204712, 8919
2.609761953353882, 8918
2.6107609272003174, 8917
2.611758232116699, 8916
2.61275577545166, 8915
2.6147499084472656, 8914
2.6157479286193848, 8913
2.6157479286193848, 8912
2.616776466369629, 8911
2.616776466369629, 8910
2.6177735328674316, 8909
2.6177735328674316, 8908
2.6187705993652344, 8907
2.6187705993652344, 8906
2.6187705993652344, 8905
2.620765209197998, 8904
2.620765209197998, 8903
2.6217312812805176, 8902
2.6217312812805176, 8901
2.622760534286499, 8900
2.622760534286499, 8899
2.6237547397613525, 8898
2.6237547397613525, 8897
2.6237547397613525, 8896
2.6247222423553467, 8895
2.6247222423553467, 8894
2.6257522106170654, 8893
2.6257522106170654, 8892
2.6267495155334473, 8891
2.6267495155334473, 8890
2.6277472972869873, 8889
2.6277472972869873, 8888
2.6287472248077393, 8887
2.6287472248077393, 8886
2.6297097206115723, 8885
2.6297097206115723, 8884
2.630706787109375, 8883
2.631704568862915, 8882
2.631704568862915, 8881
2.6327011585235596, 8880
2.6327011585235596, 8879
2.633697986602783, 8878
2.633697986602783, 8877
2.634695529937744, 8876
2.634695529937744, 8875
2.635693073272705, 8874
2.6366922855377197, 8873
2.6366922855377197, 8872
2.6376893520355225, 8871
2.6376893520355225, 8870
2.638686418533325, 8869
2.639683246612549, 8868
2.640681505203247, 8867
2.6416783332824707, 8866
2.6426756381988525, 8865
2.6436731815338135, 8864
2.6446707248687744, 8863
2.645667791366577, 8862
2.647662878036499, 8861
2.648660182952881, 8860
2.6496572494506836, 8859
2.6506545543670654, 8858
2.6506545543670654, 8857
2.6516518592834473, 8856
2.652649402618408, 8855
2.6536474227905273, 8854
2.6536474227905273, 8853
2.6546435356140137, 8852
2.655641555786133, 8851
2.6566388607025146, 8850
2.657636880874634, 8849
2.65863299369812, 8848
2.659630298614502, 8847
2.6606273651123047, 8846
2.6616251468658447, 8845
2.6626224517822266, 8844
2.6626224517822266, 8843
2.6636483669281006, 8842
2.6646175384521484, 8841
2.6646175384521484, 8840
2.6656148433685303, 8839
2.666611433029175, 8838
2.667609453201294, 8837
2.667609453201294, 8836
2.6696035861968994, 8835
2.6706011295318604, 8834
2.671598434448242, 8833
2.6725966930389404, 8832
2.673593044281006, 8831
2.6745903491973877, 8830
2.675586462020874, 8829
2.675586462020874, 8828
2.6765849590301514, 8827
2.6765849590301514, 8826
2.6776137351989746, 8825
2.6776137351989746, 8824
2.6776137351989746, 8823
2.6786108016967773, 8822
2.6786108016967773, 8821
2.67960524559021, 8820
2.67960524559021, 8819
2.6805739402770996, 8818
2.681602954864502, 8817
2.681602954864502, 8816
2.682600259780884, 8815
2.682600259780884, 8814
2.6835970878601074, 8813
2.684563636779785, 8812
2.6855616569519043, 8811
2.6855616569519043, 8810
2.686558723449707, 8809
2.6875557899475098, 8808
2.6885528564453125, 8807
2.6895482540130615, 8806
2.6905477046966553, 8805
2.691545009613037, 8804
2.692542314529419, 8803
2.69353985786438, 8802
2.69353985786438, 8801
2.694537401199341, 8800
2.6955349445343018, 8799
2.6955349445343018, 8798
2.6965625286102295, 8797
2.6975293159484863, 8796
2.6985578536987305, 8795
2.6985578536987305, 8794
2.6995558738708496, 8793
2.6995558738708496, 8792
2.700559377670288, 8791
2.700559377670288, 8790
2.700559377670288, 8789
2.7015492916107178, 8788
2.7015492916107178, 8787
2.7025461196899414, 8786
2.7025461196899414, 8785
2.7025461196899414, 8784
2.70351243019104, 8783
2.70351243019104, 8782
2.704540967941284, 8781
2.704540967941284, 8780
2.7055389881134033, 8779
2.7055389881134033, 8778
2.706536293029785, 8777
2.706536293029785, 8776
2.707534074783325, 8775
2.707534074783325, 8774
2.707534074783325, 8773
2.7085378170013428, 8772
2.7085378170013428, 8771
2.7095282077789307, 8770
2.7095282077789307, 8769
2.7105255126953125, 8768
2.7105255126953125, 8767
2.7105255126953125, 8766
2.711519956588745, 8765
2.711519956588745, 8764
2.712488889694214, 8763
2.713517904281616, 8762
2.71451735496521, 8761
2.71451735496521, 8760
2.715480327606201, 8759
2.7165136337280273, 8758
2.7165136337280273, 8757
2.7175097465515137, 8756
2.7175097465515137, 8755
2.718473434448242, 8754
2.718473434448242, 8753
2.719499349594116, 8752
2.719499349594116, 8751
2.720499038696289, 8750
2.720499038696289, 8749
2.721496343612671, 8748
2.721496343612671, 8747
2.7224931716918945, 8746
2.7224931716918945, 8745
2.7224931716918945, 8744
2.7234933376312256, 8743
2.7234933376312256, 8742
2.7244954109191895, 8741
2.7244954109191895, 8740
2.7254538536071777, 8739
2.7254538536071777, 8738
2.7254538536071777, 8737
2.726482391357422, 8736
2.726482391357422, 8735
2.7274484634399414, 8734
2.7284460067749023, 8733
2.7294771671295166, 8732
2.7294771671295166, 8731
2.7304399013519287, 8730
2.7314393520355225, 8729
2.732436180114746, 8728
2.733433246612549, 8727
2.7344322204589844, 8726
2.735427141189575, 8725
2.736424446105957, 8724
2.736424446105957, 8723
2.7374210357666016, 8722
2.7374210357666016, 8721
2.7384181022644043, 8720
2.7384181022644043, 8719
2.7384181022644043, 8718
2.7394156455993652, 8717
2.7394156455993652, 8716
2.740412712097168, 8715
2.740412712097168, 8714
2.74141001701355, 8713
2.74141001701355, 8712
2.7424070835113525, 8711
2.7424070835113525, 8710
2.743405342102051, 8709
2.743405342102051, 8708
2.7444028854370117, 8707
2.74540114402771, 8706
2.74540114402771, 8705
2.74540114402771, 8704
2.746429204940796, 8703
2.7473950386047363, 8702
2.7483937740325928, 8701
2.7483937740325928, 8700
2.7493886947631836, 8699
2.7493886947631836, 8698
2.75038743019104, 8697
2.75038743019104, 8696
2.7513842582702637, 8695
2.7513842582702637, 8694
2.752413034439087, 8693
2.752413034439087, 8692
2.7534103393554688, 8691
2.7534103393554688, 8690
2.7534103393554688, 8689
2.754408121109009, 8688
2.755373001098633, 8687
2.755373001098633, 8686
2.7564032077789307, 8685
2.7564032077789307, 8684
2.75736927986145, 8683
2.75736927986145, 8682
2.75736927986145, 8681
2.758397340774536, 8680
2.758397340774536, 8679
2.759395122528076, 8678
2.759395122528076, 8677
2.7603604793548584, 8676
2.7603604793548584, 8675
2.7603604793548584, 8674
2.7613892555236816, 8673
2.7613892555236816, 8672
2.7623867988586426, 8671
2.7623867988586426, 8670
2.763353109359741, 8669
2.7643513679504395, 8668
2.7653465270996094, 8667
2.7663462162017822, 8666
2.7663462162017822, 8665
2.7673425674438477, 8664
2.7673425674438477, 8663
2.7683398723602295, 8662
2.7683398723602295, 8661
2.7683398723602295, 8660
2.7693371772766113, 8659
2.7693371772766113, 8658
2.770334482192993, 8657
2.770334482192993, 8656
2.770334482192993, 8655
2.771331548690796, 8654
2.771331548690796, 8653
2.7723636627197266, 8652
2.7733311653137207, 8651
2.7743568420410156, 8650
2.775320053100586, 8649
2.7763495445251465, 8648
2.777315139770508, 8647
2.777315139770508, 8646
2.7783124446868896, 8645
2.7783124446868896, 8644
2.779309034347534, 8643
2.779309034347534, 8642
2.781304359436035, 8641
2.781304359436035, 8640
2.782301902770996, 8639
2.782301902770996, 8638
2.7832984924316406, 8637
2.7832984924316406, 8636
2.7842962741851807, 8635
2.7842962741851807, 8634
2.785292625427246, 8633
2.785292625427246, 8632
2.786290407180786, 8631
2.788285970687866, 8630
2.7892842292785645, 8629
2.7892842292785645, 8628
2.790281057357788, 8627
2.7912869453430176, 8626
2.792276620864868, 8625
2.792276620864868, 8624
2.7932727336883545, 8623
2.794271945953369, 8622
2.795269012451172, 8621
2.795269012451172, 8620
2.796267509460449, 8619
2.797262191772461, 8618
2.7982590198516846, 8617
2.7992560863494873, 8616
2.801250457763672, 8615
2.8022513389587402, 8614
2.8032448291778564, 8613
2.8042421340942383, 8612
2.806236982345581, 8611
2.807234287261963, 8610
2.8082351684570312, 8609
2.809229612350464, 8608
2.8102264404296875, 8607
2.812220811843872, 8606
2.813217878341675, 8605
2.816211462020874, 8604
2.8192031383514404, 8603
2.821197748184204, 8602
2.823192596435547, 8601
2.8251919746398926, 8600
2.827181816101074, 8599
2.827181816101074, 8598
2.828178644180298, 8597
2.828178644180298, 8596
2.8291754722595215, 8595
2.8291754722595215, 8594
2.830172300338745, 8593
2.8321681022644043, 8592
2.836158275604248, 8591
2.8371567726135254, 8590
2.839150905609131, 8589
2.840178966522217, 8588
2.8421733379364014, 8587
2.8431711196899414, 8586
2.844136953353882, 8585
2.8451337814331055, 8584
2.846130132675171, 8583
2.8471274375915527, 8582
2.8491244316101074, 8581
2.850120782852173, 8580
2.853118658065796, 8579
2.853118658065796, 8578
2.8590972423553467, 8577
2.86012601852417, 8576
2.8611233234405518, 8575
2.8631200790405273, 8574
2.866081476211548, 8573
2.8700673580169678, 8572
2.8720922470092773, 8571
2.8750534057617188, 8570
2.8760509490966797, 8569
2.878049373626709, 8568
2.879042625427246, 8567
2.882044553756714, 8566
2.8860244750976562, 8565
2.888018846511841, 8564
2.8920094966888428, 8563
2.8920094966888428, 8562
2.893005609512329, 8561
2.8940041065216064, 8560
2.895998001098633, 8559
2.8999874591827393, 8558
2.9019832611083984, 8557
2.9049739837646484, 8556
2.9089651107788086, 8555
2.9099602699279785, 8554
2.911954641342163, 8553
2.9129514694213867, 8552
2.915944814682007, 8551
2.9169421195983887, 8550
2.9189364910125732, 8549
2.9199347496032715, 8548
2.921928644180298, 8547
2.9249298572540283, 8546
2.9259190559387207, 8545
2.9259190559387207, 8544
2.926915407180786, 8543
2.926915407180786, 8542
2.927912473678589, 8541
2.928910732269287, 8540
2.928910732269287, 8539
2.9299087524414062, 8538
2.9329004287719727, 8537
2.9368889331817627, 8536
2.9378905296325684, 8535
2.9388840198516846, 8534
2.9418892860412598, 8533
2.9428720474243164, 8532
2.94387149810791, 8531
2.9458653926849365, 8530
2.9478600025177, 8529
2.949854612350464, 8528
2.950852632522583, 8527
2.952845573425293, 8526
2.954847574234009, 8525
2.9568393230438232, 8524
2.959827184677124, 8523
2.959827184677124, 8522
2.9608237743377686, 8521
2.9608237743377686, 8520
2.9618210792541504, 8519
2.9628188610076904, 8518
2.964820146560669, 8517
2.966809034347534, 8516
2.9678056240081787, 8515
2.9698009490966797, 8514
2.9707980155944824, 8513
2.9707980155944824, 8512
2.971795082092285, 8511
2.971795082092285, 8510
2.9727914333343506, 8509
2.9727914333343506, 8508
2.976783275604248, 8507
2.9777817726135254, 8506
2.9787757396698, 8505
2.981778144836426, 8504
2.983764171600342, 8503
2.987752914428711, 8502
2.9897470474243164, 8501
2.9907453060150146, 8500
2.993736743927002, 8499
2.994734525680542, 8498
2.9967284202575684, 8497
2.99876070022583, 8496
3.0007174015045166, 8495
3.0027124881744385, 8494
3.0057106018066406, 8493
3.0067012310028076, 8492
3.0106914043426514, 8491
3.011687994003296, 8490
3.012685775756836, 8489
3.0166754722595215, 8488
3.0196728706359863, 8487
3.0216617584228516, 8486
3.0236551761627197, 8485
3.027665615081787, 8484
3.028643846511841, 8483
3.028643846511841, 8482
3.029639482498169, 8481
3.0316414833068848, 8480
3.0326333045959473, 8479
3.0336296558380127, 8478
3.0366299152374268, 8477
3.0366299152374268, 8476
3.0366299152374268, 8475
3.0366299152374268, 8474
3.0366299152374268, 8473
3.0366299152374268, 8472
3.039614677429199, 8471
3.0406110286712646, 8470
3.0416088104248047, 8469
3.0436172485351562, 8468
3.04460072517395, 8467
3.045598268508911, 8466
3.045598268508911, 8465
3.045598268508911, 8464
3.0465941429138184, 8463
3.048603057861328, 8462
3.0495922565460205, 8461
3.0515811443328857, 8460
3.053579807281494, 8459
3.0545740127563477, 8458
3.0555708408355713, 8457
3.0555708408355713, 8456
3.056567907333374, 8455
3.056567907333374, 8454
3.0575642585754395, 8453
3.0575642585754395, 8452
3.0585625171661377, 8451
3.059574842453003, 8450
3.0615549087524414, 8449
3.0625526905059814, 8448
3.0625526905059814, 8447
3.0655438899993896, 8446
3.066545009613037, 8445
3.069535255432129, 8444
3.069535255432129, 8443
3.071528911590576, 8442
3.071528911590576, 8441
3.071528911590576, 8440
3.0725278854370117, 8439
3.0725278854370117, 8438
3.0735223293304443, 8437
3.0735223293304443, 8436
3.074519634246826, 8435
3.075516939163208, 8434
3.077524185180664, 8433
3.0795068740844727, 8432
3.0795068740844727, 8431
3.082508087158203, 8430
3.0835046768188477, 8429
3.0864884853363037, 8428
3.0874881744384766, 8427
3.0884838104248047, 8426
3.0894806385040283, 8425
3.0894806385040283, 8424
3.0904767513275146, 8423
3.0904767513275146, 8422
3.0914740562438965, 8421
3.0914740562438965, 8420
3.0914740562438965, 8419
3.093489646911621, 8418
3.0954737663269043, 8417
3.0984649658203125, 8416
3.100452423095703, 8415
3.103443145751953, 8414
3.1044411659240723, 8413
3.1054389476776123, 8412
3.1054389476776123, 8411
3.1064345836639404, 8410
3.1064345836639404, 8409
3.1064345836639404, 8408
3.1074318885803223, 8407
3.1074318885803223, 8406
3.108428716659546, 8405
3.108428716659546, 8404
3.109426259994507, 8403
3.109426259994507, 8402
3.1124393939971924, 8401
3.1134159564971924, 8400
3.1164116859436035, 8399
3.1174075603485107, 8398
3.1174075603485107, 8397
3.1184020042419434, 8396
3.1184020042419434, 8395
3.119399309158325, 8394
3.119399309158325, 8393
3.120396852493286, 8392
3.120396852493286, 8391
3.121394157409668, 8390
3.121394157409668, 8389
3.121394157409668, 8388
3.122392177581787, 8387
3.122392177581787, 8386
3.1233887672424316, 8385
3.1233887672424316, 8384
3.1243860721588135, 8383
3.1243860721588135, 8382
3.1253843307495117, 8381
3.1253843307495117, 8380
3.126380681991577, 8379
3.1273961067199707, 8378
3.1323657035827637, 8377
3.1363563537597656, 8376
3.137352705001831, 8375
3.138349771499634, 8374
3.1413426399230957, 8373
3.1413426399230957, 8372
3.142338991165161, 8371
3.1433358192443848, 8370
3.1453309059143066, 8369
3.146328926086426, 8368
3.146328926086426, 8367
3.149334669113159, 8366
3.1513195037841797, 8365
3.152312755584717, 8364
3.152312755584717, 8363
3.153308868408203, 8362
3.153308868408203, 8361
3.154305934906006, 8360
3.154305934906006, 8359
3.1553049087524414, 8358
3.156301498413086, 8357
3.156301498413086, 8356
3.1572983264923096, 8355
3.1572983264923096, 8354
3.1572983264923096, 8353
3.1582953929901123, 8352
3.1582953929901123, 8351
3.159296751022339, 8350
3.159296751022339, 8349
3.1602907180786133, 8348
3.1602907180786133, 8347
3.1602907180786133, 8346
3.161288022994995, 8345
3.1622846126556396, 8344
3.1622846126556396, 8343
3.1622846126556396, 8342
3.164281129837036, 8341
3.1652770042419434, 8340
3.1662747859954834, 8339
3.1662747859954834, 8338
3.1672720909118652, 8337
3.1672720909118652, 8336
3.1682705879211426, 8335
3.1692662239074707, 8334
3.1692662239074707, 8333
3.1702635288238525, 8332
3.1702635288238525, 8331
3.1712605953216553, 8330
3.1712605953216553, 8329
3.1712605953216553, 8328
3.172258138656616, 8327
3.172258138656616, 8326
3.173255443572998, 8325
3.1742568016052246, 8324
3.1742568016052246, 8323
3.175251007080078, 8322
3.176248788833618, 8321
3.1772451400756836, 8320
3.1772451400756836, 8319
3.1772451400756836, 8318
3.1782419681549072, 8317
3.1782419681549072, 8316
3.1792404651641846, 8315
3.1792404651641846, 8314
3.1812353134155273, 8313
3.1812353134155273, 8312
3.1822328567504883, 8311
3.1822328567504883, 8310
3.1822328567504883, 8309
3.1832287311553955, 8308
3.1832287311553955, 8307
3.1842265129089355, 8306
3.1842265129089355, 8305
3.1852238178253174, 8304
3.1852238178253174, 8303
3.1862215995788574, 8302
3.1862215995788574, 8301
3.1862215995788574, 8300
3.187217950820923, 8299
3.187217950820923, 8298
3.1882152557373047, 8297
3.1882152557373047, 8296
3.189213275909424, 8295
3.189213275909424, 8294
3.1902101039886475, 8293
3.1902101039886475, 8292
3.1912074089050293, 8291
3.1912074089050293, 8290
3.1912074089050293, 8289
3.192204713821411, 8288
3.192204713821411, 8287
3.1932027339935303, 8286
3.1932027339935303, 8285
3.194199323654175, 8284
3.194199323654175, 8283
3.195197343826294, 8282
3.196194887161255, 8281
3.196194887161255, 8280
3.1981899738311768, 8279
3.1981899738311768, 8278
3.1981899738311768, 8277
3.199187755584717, 8276
3.199187755584717, 8275
3.2001850605010986, 8274
3.2001850605010986, 8273
3.201181411743164, 8272
3.201181411743164, 8271
3.202178716659546, 8270
3.202178716659546, 8269
3.203176498413086, 8268
3.203176498413086, 8267
3.203176498413086, 8266
3.2041738033294678, 8265
3.2041738033294678, 8264
3.205171823501587, 8263
3.205171823501587, 8262
3.207167148590088, 8261
3.207167148590088, 8260
3.207167148590088, 8259
3.2081968784332275, 8258
3.2081968784332275, 8257
3.2091922760009766, 8256
3.2091922760009766, 8255
3.2101900577545166, 8254
3.2101900577545166, 8253
3.2101900577545166, 8252
3.211186408996582, 8251
3.211186408996582, 8250
3.212183952331543, 8249
3.212183952331543, 8248
3.213181495666504, 8247
3.2141780853271484, 8246
3.2141780853271484, 8245
3.215144157409668, 8244
3.215144157409668, 8243
3.2161738872528076, 8242
3.2161738872528076, 8241
3.2171707153320312, 8240
3.2171707153320312, 8239
3.2171707153320312, 8238
3.218168020248413, 8237
3.218168020248413, 8236
3.21913480758667, 8235
3.220163345336914, 8234
3.220163345336914, 8233
3.2211599349975586, 8232
3.2211599349975586, 8231
3.2221553325653076, 8230
3.2221553325653076, 8229
3.2231547832489014, 8228
3.2231547832489014, 8227
3.2231547832489014, 8226
3.224152088165283, 8225
3.224152088165283, 8224
3.2261159420013428, 8223
3.2261159420013428, 8222
3.227113962173462, 8221
3.227113962173462, 8220
3.227113962173462, 8219
3.2281110286712646, 8218
3.2281110286712646, 8217
3.2291390895843506, 8216
3.2291390895843506, 8215
3.2301342487335205, 8214
3.2311341762542725, 8213
3.2311341762542725, 8212
3.232131004333496, 8211
3.232131004333496, 8210
3.2331278324127197, 8209
3.2331278324127197, 8208
3.23409366607666, 8207
3.23409366607666, 8206
3.2350914478302, 8205
3.2350914478302, 8204
3.2350914478302, 8203
3.236123561859131, 8202
3.236123561859131, 8201
3.237117290496826, 8200
3.237117290496826, 8199
3.238112688064575, 8198
3.238112688064575, 8197
3.238112688064575, 8196
3.239112138748169, 8195
3.239112138748169, 8194
3.240077495574951, 8193
3.240077495574951, 8192
3.24111008644104, 8191
3.24111008644104, 8190
3.2421042919158936, 8189
3.2421042919158936, 8188
3.2431013584136963, 8187
3.2431013584136963, 8186
3.2431013584136963, 8185
3.2440989017486572, 8184
3.2440989017486572, 8183
3.245065212249756, 8182
3.245065212249756, 8181
3.246095657348633, 8180
3.246095657348633, 8179
3.247061252593994, 8178
3.248088836669922, 8177
3.248088836669922, 8176
3.249053716659546, 8175
3.249053716659546, 8174
3.249053716659546, 8173
3.2500829696655273, 8172
3.2500829696655273, 8171
3.2510805130004883, 8170
3.2510805130004883, 8169
3.252077341079712, 8168
3.252077341079712, 8167
3.2530784606933594, 8166
3.254070281982422, 8165
3.254070281982422, 8164
3.2550363540649414, 8163
3.256035566329956, 8162
3.2570643424987793, 8161
3.258061408996582, 8160
3.258061408996582, 8159
3.259061574935913, 8158
3.2600560188293457, 8157
3.2600560188293457, 8156
3.2610530853271484, 8155
3.2620487213134766, 8154
3.2620487213134766, 8153
3.263051748275757, 8152
3.2650136947631836, 8151
3.2660093307495117, 8150
3.2670063972473145, 8149
3.268003463745117, 8148
3.269001007080078, 8147
3.2709953784942627, 8146
3.2719931602478027, 8145
3.2729907035827637, 8144
3.2739856243133545, 8143
3.2760138511657715, 8142
3.2760138511657715, 8141
3.277010917663574, 8140
3.278013229370117, 8139
3.279005527496338, 8138
3.279005527496338, 8137
3.2800028324127197, 8136
3.2810044288635254, 8135
3.2819983959198, 8134
3.2819983959198, 8133
3.282994508743286, 8132
3.283991813659668, 8131
3.283991813659668, 8130
3.285987377166748, 8129
3.2869842052459717, 8128
3.2869842052459717, 8127
3.2879810333251953, 8126
3.2889456748962402, 8125
3.2889456748962402, 8124
3.289976119995117, 8123
3.290972948074341, 8122
3.290972948074341, 8121
3.2919704914093018, 8120
3.2929675579071045, 8119
3.2929675579071045, 8118
3.2939629554748535, 8117
3.2949626445770264, 8116
3.295928478240967, 8115
3.295928478240967, 8114
3.2979557514190674, 8113
3.2979557514190674, 8112
3.298959255218506, 8111
3.2999508380889893, 8110
3.2999508380889893, 8109
3.300915002822876, 8108
3.3019418716430664, 8107
3.302941083908081, 8106
3.302941083908081, 8105
3.3039069175720215, 8104
3.304903268814087, 8103
3.3059017658233643, 8102
3.306898593902588, 8101
3.306898593902588, 8100
3.3078951835632324, 8099
3.3088927268981934, 8098
3.309889793395996, 8097
3.309889793395996, 8096
3.310887098312378, 8095
3.311884641647339, 8094
3.3128821849823, 8093
3.31387996673584, 8092
3.3148789405822754, 8091
3.3158745765686035, 8090
3.316871404647827, 8089
3.31786847114563, 8088
3.318866014480591, 8087
3.318866014480591, 8086
3.3198633193969727, 8085
3.3218600749969482, 8084
3.3228554725646973, 8083
3.3238525390625, 8082
3.3238525390625, 8081
3.3248496055603027, 8080
3.325847864151001, 8079
3.3268446922302246, 8078
3.3268446922302246, 8077
3.3278419971466064, 8076
3.3288397789001465, 8075
3.32983660697937, 8074
3.33083438873291, 8073
3.3328304290771484, 8072
3.3338286876678467, 8071
3.3348255157470703, 8070
3.336817979812622, 8069
3.3378167152404785, 8068
3.3388142585754395, 8067
3.340808868408203, 8066
3.341806173324585, 8065
3.342803478240967, 8064
3.3438007831573486, 8063
3.344799041748047, 8062
3.345794439315796, 8061
3.3478214740753174, 8060
3.3487868309020996, 8059
3.3487868309020996, 8058
3.349813461303711, 8057
3.3507819175720215, 8056
3.3517799377441406, 8055
3.3528079986572266, 8054
3.353806734085083, 8053
3.3547708988189697, 8052
3.3557686805725098, 8051
3.356797456741333, 8050
3.356797456741333, 8049
3.3577921390533447, 8048
3.3587918281555176, 8047
3.359790086746216, 8046
3.359790086746216, 8045
3.3627841472625732, 8044
3.3647773265838623, 8043
3.3657729625701904, 8042
3.367767572402954, 8041
3.369763135910034, 8040
3.3727545738220215, 8039
3.374748945236206, 8038
3.3777410984039307, 8037
3.3797354698181152, 8036
3.3836944103240967, 8035
3.386685848236084, 8034
3.3896780014038086, 8033
3.393667221069336, 8032
3.397658109664917, 8031
3.401646375656128, 8030
3.4046387672424316, 8029
3.407630443572998, 8028
3.4106221199035645, 8027
3.41560697555542, 8026
3.4186344146728516, 8025
3.420595407485962, 8024
3.422621726989746, 8023
3.4256136417388916, 8022
3.4285738468170166, 8021
3.435558557510376, 8020
3.4385457038879395, 8019
3.4415388107299805, 8018
3.446526527404785, 8017
3.449549913406372, 8016
3.451547384262085, 8015
3.4545369148254395, 8014
3.457528829574585, 8013
3.4595229625701904, 8012
3.461514711380005, 8011
3.465475559234619, 8010
3.4675021171569824, 8009
3.4694931507110596, 8008
3.4724879264831543, 8007
3.474482536315918, 8006
3.477473258972168, 8005
3.480435371398926, 8004
3.4854214191436768, 8003
3.487416982650757, 8002
3.4914376735687256, 8001
3.494396924972534, 8000
3.499417304992676, 7999
3.5024096965789795, 7998
3.5053670406341553, 7997
3.5073952674865723, 7996
3.510354995727539, 7995
3.512381076812744, 7994
3.5153417587280273, 7993
3.5183653831481934, 7992
3.5203282833099365, 7991
3.5233211517333984, 7990
3.5253145694732666, 7989
3.5293354988098145, 7988
3.5322952270507812, 7987
3.534289836883545, 7986
3.540276050567627, 7985
3.542268753051758, 7984
3.545261859893799, 7983
3.548252820968628, 7982
3.5502471923828125, 7981
3.553239107131958, 7980
3.5563011169433594, 7979
3.5582950115203857, 7978
3.5602877140045166, 7977
3.5632829666137695, 7976
3.566274642944336, 7975
3.568237543106079, 7974
3.5702626705169678, 7973
3.5732545852661133, 7972
3.5752179622650146, 7971
3.5782101154327393, 7970
3.581207513809204, 7969
3.584195137023926, 7968
3.5871870517730713, 7967
3.5901782512664795, 7966
3.593202590942383, 7965
3.596193790435791, 7964
3.5991547107696533, 7963
3.602149486541748, 7962
3.6051390171051025, 7961
3.609127998352051, 7960
3.613119602203369, 7959
3.6161391735076904, 7958
3.6191329956054688, 7957
3.621126890182495, 7956
3.62308931350708, 7955
3.6260812282562256, 7954
3.62807559967041, 7953
3.6321001052856445, 7952
3.6340925693511963, 7951
3.6370842456817627, 7950
3.6390790939331055, 7949
3.64007830619812, 7948
3.6440658569335938, 7947
3.6470255851745605, 7946
3.6500494480133057, 7945
3.6520133018493652, 7944
3.6540462970733643, 7943
3.658064365386963, 7942
3.6600592136383057, 7941
3.66304874420166, 7940
3.6670076847076416, 7939
3.669999837875366, 7938
3.671994686126709, 7937
3.6739890575408936, 7936
3.6770131587982178, 7935
3.679975986480713, 7934
3.6849703788757324, 7933
3.6879515647888184, 7932
3.689946174621582, 7931
3.6929707527160645, 7930
3.6949331760406494, 7929
3.6989223957061768, 7928
3.7009167671203613, 7927
3.702911853790283, 7926
3.7059037685394287, 7925
3.708897352218628, 7924
3.7159101963043213, 7923
3.7159101963043213, 7922
3.718869924545288, 7921
3.724855661392212, 7920
3.726879835128784, 7919
3.7278785705566406, 7918
3.7288784980773926, 7917
3.730872631072998, 7916
3.731868267059326, 7915
3.731868267059326, 7914
3.7328641414642334, 7913
3.733858823776245, 7912
3.7348592281341553, 7911
3.7358245849609375, 7910
3.7368555068969727, 7909
3.737851142883301, 7908
3.738818883895874, 7907
3.7398462295532227, 7906
3.7398462295532227, 7905
3.740844249725342, 7904
3.7418372631073, 7903
3.7418372631073, 7902
3.7428371906280518, 7901
3.7438347339630127, 7900
3.7448337078094482, 7899
3.7448337078094482, 7898
3.74583101272583, 7897
3.7477920055389404, 7896
3.748789072036743, 7895
3.748789072036743, 7894
3.749788761138916, 7893
3.7507834434509277, 7892
3.7507834434509277, 7891
3.7517807483673096, 7890
3.7537779808044434, 7889
3.7567694187164307, 7888
3.7577672004699707, 7887
3.760759115219116, 7886
3.76175594329834, 7885
3.7627530097961426, 7884
3.7647464275360107, 7883
3.7657439708709717, 7882
3.7677385807037354, 7881
3.769733190536499, 7880
3.7717278003692627, 7879
3.7737224102020264, 7878
3.774719715118408, 7877
3.775719404220581, 7876
3.77671480178833, 7875
3.7777116298675537, 7874
3.7787086963653564, 7873
3.779707670211792, 7872
3.7807066440582275, 7871
3.7827000617980957, 7870
3.7836971282958984, 7869
3.7846932411193848, 7868
3.7856903076171875, 7867
3.7866873741149902, 7866
3.7866873741149902, 7865
3.787684917449951, 7864
3.7886850833892822, 7863
3.7896816730499268, 7862
3.7906787395477295, 7861
3.7916758060455322, 7860
3.7926743030548096, 7859
3.793670654296875, 7858
3.7946693897247314, 7857
3.79569673538208, 7856
3.797659397125244, 7855
3.7986555099487305, 7854
3.7996535301208496, 7853
3.8006505966186523, 7852
3.801647663116455, 7851
3.802644729614258, 7850
3.8036420345306396, 7849
3.8036420345306396, 7848
3.8046395778656006, 7847
3.8056371212005615, 7846
3.8066341876983643, 7845
3.807631254196167, 7844
3.808629274368286, 7843
3.808629274368286, 7842
3.809626340866089, 7841
3.8106234073638916, 7840
3.8116209506988525, 7839
3.8126182556152344, 7838
3.8136167526245117, 7837
3.8136167526245117, 7836
3.815612554550171, 7835
3.8166093826293945, 7834
3.8176066875457764, 7833
3.818603992462158, 7832
3.819601058959961, 7831
3.8215956687927246, 7830
3.8225929737091064, 7829
3.8235902786254883, 7828
3.8245880603790283, 7827
3.826582431793213, 7826
3.827579975128174, 7825
3.8285770416259766, 7824
3.830571413040161, 7823
3.832566976547241, 7822
3.833563804626465, 7821
3.8355586528778076, 7820
3.836587429046631, 7819
3.836587429046631, 7818
3.8375861644744873, 7817
3.8385813236236572, 7816
3.839578628540039, 7815
3.8405778408050537, 7814
3.8415746688842773, 7813
3.8415746688842773, 7812
3.842573642730713, 7811
3.8435683250427246, 7810
3.844566583633423, 7809
3.845566511154175, 7808
3.8465635776519775, 7807
3.847560167312622, 7806
3.8485565185546875, 7805
3.8485565185546875, 7804
3.849552631378174, 7803
3.8505520820617676, 7802
3.8515467643737793, 7801
3.8515467643737793, 7800
3.8525443077087402, 7799
3.8535385131835938, 7798
3.854538679122925, 7797
3.8555047512054443, 7796
3.8565354347229004, 7795
3.8575313091278076, 7794
3.8585305213928223, 7793
3.8585305213928223, 7792
3.859525442123413, 7791
3.859525442123413, 7790
3.8615176677703857, 7789
3.8645145893096924, 7788
3.8665106296539307, 7787
3.868501663208008, 7786
3.8704960346221924, 7785
3.872492551803589, 7784
3.87448787689209, 7783
3.877474784851074, 7782
3.879467248916626, 7781
3.8824331760406494, 7780
3.884428024291992, 7779
3.8874199390411377, 7778
3.8914084434509277, 7777
3.892404794692993, 7776
3.8954007625579834, 7775
3.8983893394470215, 7774
3.900383472442627, 7773
3.9023783206939697, 7772
3.9043731689453125, 7771
3.906369686126709, 7770
3.9093611240386963, 7769
3.912353515625, 7768
3.9153449535369873, 7767
3.9173383712768555, 7766
3.920330762863159, 7765
3.9233224391937256, 7764
3.92531681060791, 7763
3.927311420440674, 7762
3.9303054809570312, 7761
3.9323008060455322, 7760
3.93632435798645, 7759
3.938316822052002, 7758
3.940310478210449, 7757
3.9423036575317383, 7756
3.9443001747131348, 7755
3.947291374206543, 7754
3.9492828845977783, 7753
3.951279878616333, 7752
3.953277349472046, 7751
3.955535411834717, 7750
3.9575302600860596, 7749
3.9595534801483154, 7748
3.961548089981079, 7747
3.964507579803467, 7746
3.967501640319824, 7745
3.9704928398132324, 7744
3.973485231399536, 7743
3.9765100479125977, 7742
3.9785027503967285, 7741
3.980466365814209, 7740
3.982492208480835, 7739
3.9854531288146973, 7738
3.9874792098999023, 7737
3.989476203918457, 7736
3.991468906402588, 7735
3.9934628009796143, 7734
3.99545955657959, 7733
3.9984447956085205, 7732
4.0004448890686035, 7731
4.002407073974609, 7730
4.0044333934783936, 7729
4.006427526473999, 7728
4.008423328399658, 7727
4.010417938232422, 7726
4.012411594390869, 7725
4.015372276306152, 7724
4.0243494510650635, 7723
4.025346517562866, 7722
4.037347316741943, 7721
4.037347316741943, 7720
4.038345575332642, 7719
4.039340019226074, 7718
4.039340019226074, 7717
4.040337800979614, 7716
4.041335582733154, 7715
4.043329477310181, 7714
4.044327735900879, 7713
4.044327735900879, 7712
4.045292615890503, 7711
4.046320915222168, 7710
4.054269552230835, 7709
4.055266380310059, 7708
4.056262731552124, 7707
4.057259559631348, 7706
4.057259559631348, 7705
4.05825662612915, 7704
4.059253931045532, 7703
4.059253931045532, 7702
4.060251474380493, 7701
4.061248779296875, 7700
4.061248779296875, 7699
4.062246084213257, 7698
4.063243865966797, 7697
4.064243793487549, 7696
4.066237688064575, 7695
4.067234516143799, 7694
4.068231582641602, 7693
4.0692291259765625, 7692
4.070226430892944, 7691
4.072221517562866, 7690
4.07321834564209, 7689
4.074215412139893, 7688
4.0752129554748535, 7687
4.076209306716919, 7686
4.077206373214722, 7685
4.078204393386841, 7684
4.079200744628906, 7683
4.079200744628906, 7682
4.081195831298828, 7681
4.081195831298828, 7680
4.082192659378052, 7679
4.083189964294434, 7678
4.083189964294434, 7677
4.084187269210815, 7676
4.0851850509643555, 7675
4.086182117462158, 7674
4.086182117462158, 7673
4.087179183959961, 7672
4.088176965713501, 7671
4.088176965713501, 7670
4.089174032211304, 7669
4.0901713371276855, 7668
4.0901713371276855, 7667
4.0911688804626465, 7666
4.092166185379028, 7665
4.093167304992676, 7664
4.093167304992676, 7663
4.094162702560425, 7662
4.09615683555603, 7661
4.0971856117248535, 7660
4.098182916641235, 7659
4.098182916641235, 7658
4.099179983139038, 7657
4.100176572799683, 7656
4.100176572799683, 7655
4.101176977157593, 7654
4.102171897888184, 7653
4.102171897888184, 7652
4.105164289474487, 7651
4.106165170669556, 7650
4.107159376144409, 7649
4.107159376144409, 7648
4.108155727386475, 7647
4.11011815071106, 7646
4.112145900726318, 7645
4.113139629364014, 7644
4.114110231399536, 7643
4.1151063442230225, 7642
4.1161048412323, 7641
4.117101192474365, 7640
4.120093107223511, 7639
4.121090650558472, 7638
4.122087717056274, 7637
4.125080585479736, 7636
4.130065679550171, 7635
4.137048244476318, 7634
4.1380455493927, 7633
4.1380455493927, 7632
4.140039920806885, 7631
4.141038179397583, 7630
4.144028425216675, 7629
4.144028425216675, 7628
4.145026206970215, 7627
4.146055221557617, 7626
4.147024869918823, 7625
4.148017168045044, 7624
4.149013996124268, 7623
4.149013996124268, 7622
4.150011301040649, 7621
4.15100884437561, 7620
4.152006149291992, 7619
4.152006149291992, 7618
4.153003454208374, 7617
4.15400242805481, 7616
4.154999494552612, 7615
4.156994581222534, 7614
4.157993316650391, 7613
4.15898871421814, 7612
4.159987211227417, 7611
4.160983562469482, 7610
4.162978410720825, 7609
4.1640098094940186, 7608
4.1649720668792725, 7607
4.1649720668792725, 7606
4.166001558303833, 7605
4.166999578475952, 7604
4.167964696884155, 7603
4.1689629554748535, 7602
4.1689629554748535, 7601
4.169958591461182, 7600
4.170955657958984, 7599
4.171952962875366, 7598
4.1729512214660645, 7597
4.174950838088989, 7596
4.17594313621521, 7595
4.176940679550171, 7594
4.1779375076293945, 7593
4.182924270629883, 7592
4.185916423797607, 7591
4.186913967132568, 7590
4.187921762466431, 7589
4.188908100128174, 7588
4.189905643463135, 7587
4.1909027099609375, 7586
4.191900968551636, 7585
4.19289755821228, 7584
4.194891691207886, 7583
4.197883605957031, 7582
4.202871084213257, 7581
4.2058632373809814, 7580
4.207857608795166, 7579
4.208856582641602, 7578
4.209855556488037, 7577
4.211847305297852, 7576
4.21783185005188, 7575
4.219828128814697, 7574
4.220825672149658, 7573
4.221822500228882, 7572
4.222817420959473, 7571
4.224813461303711, 7570
4.226807117462158, 7569
4.227804183959961, 7568
4.2288007736206055, 7567
4.231794118881226, 7566
4.234785556793213, 7565
4.237780570983887, 7564
4.240768909454346, 7563
4.242766857147217, 7562
4.243762493133545, 7561
4.247753620147705, 7560
4.258723258972168, 7559
4.260715961456299, 7558
4.265705108642578, 7557
4.269692659378052, 7556
4.272685527801514, 7555
4.275676250457764, 7554
4.277673244476318, 7553
4.28066349029541, 7552
4.281662464141846, 7551
4.282658100128174, 7550
4.285650968551636, 7549
4.289639234542847, 7548
4.292630195617676, 7547
4.296620607376099, 7546
4.2996134757995605, 7545
4.30160665512085, 7544
4.304601430892944, 7543
4.307591676712036, 7542
4.312577962875366, 7541
4.315570116043091, 7540
4.317564487457275, 7539
4.320556640625, 7538
4.323547124862671, 7537
4.325543165206909, 7536
4.3285369873046875, 7535
4.333532333374023, 7534
4.3365161418914795, 7533
4.340609073638916, 7532
4.348482131958008, 7531
4.399348497390747, 7530
4.410317420959473, 7529
4.417299509048462, 7528
4.421288728713989, 7527
4.429265737533569, 7526
4.450220584869385, 7525
4.4571919441223145, 7524
4.474146604537964, 7523
4.486114025115967, 7522
4.491099834442139, 7521
4.501081943511963, 7520
4.505063056945801, 7519
4.51703143119812, 7518
4.521020889282227, 7517
4.525010347366333, 7516
4.536978244781494, 7515
4.5399696826934814, 7514
4.541965007781982, 7513
4.550940990447998, 7512
4.555927991867065, 7511
4.558918714523315, 7510
4.561913013458252, 7509
4.575874090194702, 7508
4.585848331451416, 7507
4.590833902359009, 7506
4.593825101852417, 7505
4.6077880859375, 7504
4.609785318374634, 7503
4.611778020858765, 7502
4.624742746353149, 7501
4.626737117767334, 7500
4.627734422683716, 7499
4.628731727600098, 7498
4.644689083099365, 7497
4.654664993286133, 7496
4.660646915435791, 7495
4.6706202030181885, 7494
4.675606727600098, 7493
4.677606582641602, 7492
4.678601264953613, 7491
4.688573360443115, 7490
4.693558931350708, 7489
4.694558143615723, 7488
4.702536582946777, 7487
4.706524610519409, 7486
4.708518981933594, 7485
4.709516286849976, 7484
4.710514068603516, 7483
4.712509632110596, 7482
4.725474119186401, 7481
4.727468490600586, 7480
4.728466272354126, 7479
4.738438844680786, 7478
4.741430759429932, 7477
4.742429494857788, 7476
4.745419979095459, 7475
4.754396200180054, 7474
4.758387565612793, 7473
4.760380268096924, 7472
4.762374639511108, 7471
4.777338266372681, 7470
4.778335332870483, 7469
4.790299892425537, 7468
4.792295217514038, 7467
4.7932915687561035, 7466
4.794288635253906, 7465
4.796283960342407, 7464
4.804265260696411, 7463
4.806257724761963, 7462
4.808251619338989, 7461
4.809248685836792, 7460
4.810246706008911, 7459
4.811243772506714, 7458
4.818225860595703, 7457
4.821218013763428, 7456
4.825214385986328, 7455
4.829195737838745, 7454
4.840167045593262, 7453
4.8421618938446045, 7452
4.8441548347473145, 7451
4.845153570175171, 7450
4.853136301040649, 7449
4.857121229171753, 7448
4.858118057250977, 7447
4.859115839004517, 7446
4.86011266708374, 7445
4.861109733581543, 7444
4.869096040725708, 7443
4.873079538345337, 7442
4.874075651168823, 7441
4.876075029373169, 7440
4.87706732749939, 7439
4.8790624141693115, 7438
4.886045694351196, 7437
4.887041330337524, 7436
4.888038635253906, 7435
4.89003324508667, 7434
4.891030550003052, 7433
4.892027854919434, 7432
4.893024682998657, 7431
4.894021511077881, 7430
4.901005506515503, 7429
4.902001142501831, 7428
4.903996467590332, 7427
4.90499472618103, 7426
4.905992269515991, 7425
4.9069883823394775, 7424
4.908981800079346, 7423
4.909979343414307, 7422
4.9109766483306885, 7421
4.9169745445251465, 7420
4.918955326080322, 7419
4.919952869415283, 7418
4.920950412750244, 7417
4.921947479248047, 7416
4.9239418506622314, 7415
4.92494010925293, 7414
4.925936460494995, 7413
4.926934242248535, 7412
4.927931308746338, 7411
4.93291974067688, 7410
4.934912919998169, 7409
4.9369072914123535, 7408
4.937904596328735, 7407
4.938901901245117, 7406
4.939899444580078, 7405
4.941893815994263, 7404
4.942890644073486, 7403
4.943889617919922, 7402
4.9448864459991455, 7401
4.947880983352661, 7400
4.948878526687622, 7399
4.950870752334595, 7398
4.95186710357666, 7397
4.952865123748779, 7396
4.953862190246582, 7395
4.955857753753662, 7394
4.9568541049957275, 7393
4.9588494300842285, 7392
4.959845781326294, 7391
4.960843324661255, 7390
4.961840629577637, 7389
4.963836669921875, 7388
4.9658308029174805, 7387
4.967825174331665, 7386
4.969819784164429, 7385
4.9708170890808105, 7384
4.972811937332153, 7383
4.974806547164917, 7382
4.975804090499878, 7381
4.977798700332642, 7380
4.978795528411865, 7379
4.980790615081787, 7378
4.98278546333313, 7377
4.983782768249512, 7376
4.985777854919434, 7375
4.987771987915039, 7374
4.988770246505737, 7373
4.9907636642456055, 7372
4.992759466171265, 7371
4.99375581741333, 7370
4.99575138092041, 7369
4.997744798660278, 7368
4.998741865158081, 7367
5.001733779907227, 7366
5.005724191665649, 7365
5.0097126960754395, 7364
5.013703346252441, 7363
5.017692565917969, 7362
5.020683288574219, 7361
5.0256712436676025, 7360
5.028661727905273, 7359
5.033649206161499, 7358
5.0376386642456055, 7357
5.042625188827515, 7356
5.047611713409424, 7355
5.050603151321411, 7354
5.054593563079834, 7353
5.058582544326782, 7352
5.063570737838745, 7351
5.067559719085693, 7350
5.071548938751221, 7349
5.0765368938446045, 7348
5.080525875091553, 7347
5.084514379501343, 7346
5.088503837585449, 7345
5.092493057250977, 7344
5.097479820251465, 7343
5.101469039916992, 7342
5.106455564498901, 7341
5.110445022583008, 7340
5.115432262420654, 7339
5.118422508239746, 7338
5.121414661407471, 7337
5.125403642654419, 7336
5.128395318984985, 7335
5.13238525390625, 7334
5.1363749504089355, 7333
5.139366388320923, 7332
5.143356084823608, 7331
5.14734673500061, 7330
5.151336908340454, 7329
5.201233148574829, 7328
5.2061872482299805, 7327
5.217743635177612, 7326
5.221734285354614, 7325
5.225723743438721, 7324
5.229711055755615, 7323
5.233733654022217, 7322
5.237721920013428, 7321
5.24071741104126, 7320
5.243703842163086, 7319
5.247663259506226, 7318
5.250655174255371, 7317
5.254644155502319, 7316
5.257635831832886, 7315
5.26062798500061, 7314
5.26561713218689, 7313
5.269606113433838, 7312
5.273595094680786, 7311
5.27758264541626, 7310
5.284565210342407, 7309
5.289550542831421, 7308
5.290547847747803, 7307
5.294537544250488, 7306
5.29852819442749, 7305
5.302517414093018, 7304
5.306507110595703, 7303
5.3104963302612305, 7302
5.314904689788818, 7301
5.318881988525391, 7300
5.321876764297485, 7299
5.324866056442261, 7298
5.3288891315460205, 7297
5.332880020141602, 7296
5.336836338043213, 7295
5.339859485626221, 7294
5.3438475131988525, 7293
5.346810340881348, 7292
5.3507983684539795, 7291
5.354788303375244, 7290
5.358808517456055, 7289
5.363764762878418, 7288
5.367753267288208, 7287
5.371742486953735, 7286
5.377727270126343, 7285
5.3817138671875, 7284
5.3857057094573975, 7283
5.389694452285767, 7282
5.393683433532715, 7281
5.398670673370361, 7280
5.40265965461731, 7279
5.406650543212891, 7278
5.412633657455444, 7277
5.4186155796051025, 7276
5.421609163284302, 7275
5.4256322383880615, 7274
5.428619146347046, 7273
5.431617259979248, 7272
5.436569690704346, 7271
5.440559148788452, 7270
5.4445483684539795, 7269
5.448537349700928, 7268
5.452526330947876, 7267
5.45751166343689, 7266
5.460503339767456, 7265
5.465490341186523, 7264
5.472483158111572, 7263
5.4774580001831055, 7262
5.4824464321136475, 7261
5.486435413360596, 7260
5.4904234409332275, 7259
5.494414329528809, 7258
5.498403787612915, 7257
5.503390789031982, 7256
5.507379770278931, 7255
5.510371923446655, 7254
5.515357494354248, 7253
5.51838493347168, 7252
5.521375417709351, 7251
5.525363445281982, 7250
5.528355836868286, 7249
5.5333411693573, 7248
5.536336660385132, 7247
5.539325475692749, 7246
5.542316913604736, 7245
5.546276807785034, 7244
5.549298286437988, 7243
5.552290439605713, 7242
5.555249929428101, 7241
5.55827522277832, 7240
5.561269044876099, 7239
5.564226150512695, 7238
5.568215608596802, 7237
5.571207523345947, 7236
5.574199438095093, 7235
5.578189134597778, 7234
5.583175182342529, 7233
5.586167573928833, 7232
5.587164878845215, 7231
5.587164878845215, 7230
5.588162660598755, 7229
5.5891594886779785, 7228
5.5891594886779785, 7227
5.590156555175781, 7226
5.591153860092163, 7225
5.592151641845703, 7224
5.593148708343506, 7223
5.593148708343506, 7222
5.594146013259888, 7221
5.596141576766968, 7220
5.597139358520508, 7219
5.5981364250183105, 7218
5.599132776260376, 7217
5.600130081176758, 7216
5.6011271476745605, 7215
5.6011271476745605, 7214
5.603123426437378, 7213
5.604149103164673, 7212
5.605117321014404, 7211
5.605117321014404, 7210
5.607113361358643, 7209
5.607113361358643, 7208
5.608141899108887, 7207
5.609134912490845, 7206
5.610128879547119, 7205
5.611126184463501, 7204
5.612120628356934, 7203
5.6130969524383545, 7202
5.614125728607178, 7201
5.6150407791137695, 7200
5.616065979003906, 7199
5.617062091827393, 7198
5.618062257766724, 7197
5.619033336639404, 7196
5.620054244995117, 7195
5.621052265167236, 7194
5.622048854827881, 7193
5.623046875, 7192
5.624043941497803, 7191
5.624043941497803, 7190
5.6250083446502686, 7189
5.62604022026062, 7188
5.62703537940979, 7187
5.628032922744751, 7186
5.62903094291687, 7185
5.63002872467041, 7184
5.631025075912476, 7183
5.6320226192474365, 7182
5.633019685745239, 7181
5.633019685745239, 7180
5.634984493255615, 7179
5.635981559753418, 7178
5.636979341506958, 7177
5.636979341506958, 7176
5.638972997665405, 7175
5.639970064163208, 7174
5.641964912414551, 7173
5.644957065582275, 7172
5.646950960159302, 7171
5.647947788238525, 7170
5.647947788238525, 7169
5.648944616317749, 7168
5.650939226150513, 7167
5.651936292648315, 7166
5.651936292648315, 7165
5.65492844581604, 7164
5.655925989151001, 7163
5.65695595741272, 7162
5.6579554080963135, 7161
5.658950090408325, 7160
5.660945653915405, 7159
5.661942958831787, 7158
5.662910461425781, 7157
5.663937568664551, 7156
5.664935111999512, 7155
5.666897773742676, 7154
5.667893648147583, 7153
5.668891191482544, 7152
5.668891191482544, 7151
5.669888257980347, 7150
5.6708855628967285, 7149
5.6718831062316895, 7148
5.672880411148071, 7147
5.673877716064453, 7146
5.674875020980835, 7145
5.675907135009766, 7144
5.676903247833252, 7143
5.679863214492798, 7142
5.680859565734863, 7141
5.681856870651245, 7140
5.684850454330444, 7139
5.687840461730957, 7138
5.687840461730957, 7137
5.688837766647339, 7136
5.689835071563721, 7135
5.690832138061523, 7134
5.691829442977905, 7133
5.692827224731445, 7132
5.692827224731445, 7131
5.693824291229248, 7130
5.694821834564209, 7129
5.696817398071289, 7128
5.6978137493133545, 7127
5.698814868927002, 7126
5.699810266494751, 7125
5.700807332992554, 7124
5.7018046379089355, 7123
5.703799247741699, 7122
5.704797029495239, 7121
5.7057952880859375, 7120
5.707788467407227, 7119
5.7087860107421875, 7118
5.709783315658569, 7117
5.711777925491333, 7116
5.713773250579834, 7115
5.714769601821899, 7114
5.716796398162842, 7113
5.717792987823486, 7112
5.718793630599976, 7111
5.718793630599976, 7110
5.719789028167725, 7109
5.720785617828369, 7108
5.721781015396118, 7107
5.722779273986816, 7106
5.723778009414673, 7105
5.724742650985718, 7104
5.725772380828857, 7103
5.726769924163818, 7102
5.727766513824463, 7101
5.728764295578003, 7100
5.729731321334839, 7099
5.730758905410767, 7098
5.731755495071411, 7097
5.731755495071411, 7096
5.732753753662109, 7095
5.733750581741333, 7094
5.734748125076294, 7093
5.736709833145142, 7092
5.737741708755493, 7091
5.738736629486084, 7090
5.738736629486084, 7089
5.739733934402466, 7088
5.740732192993164, 7087
5.741729021072388, 7086
5.7427263259887695, 7085
5.74372410774231, 7084
5.74472188949585, 7083
5.74472188949585, 7082
5.746687412261963, 7081
5.7476806640625, 7080
5.748677730560303, 7079
5.749675035476685, 7078
5.750672101974487, 7077
5.750672101974487, 7076
5.751669406890869, 7075
5.752667188644409, 7074
5.753664255142212, 7073
5.754661560058594, 7072
5.75665807723999, 7071
5.757656574249268, 7070
5.758652687072754, 7069
5.759649753570557, 7068
5.761644601821899, 7067
5.766631841659546, 7066
5.768657207489014, 7065
5.770619869232178, 7064
5.772647142410278, 7063
5.773643255233765, 7062
5.774649381637573, 7061
5.7766053676605225, 7060
5.77763557434082, 7059
5.77863073348999, 7058
5.7805938720703125, 7057
5.78158974647522, 7056
5.7825868129730225, 7055
5.7825868129730225, 7054
5.783584356307983, 7053
5.784581899642944, 7052
5.785579204559326, 7051
5.786576271057129, 7050
5.787573575973511, 7049
5.788570880889893, 7048
5.789568185806274, 7047
5.790565729141235, 7046
5.790565729141235, 7045
5.791563034057617, 7044
5.792560338973999, 7043
5.793557643890381, 7042
5.795554161071777, 7041
5.796583890914917, 7040
5.797579288482666, 7039
5.798577070236206, 7038
5.799576759338379, 7037
5.800574064254761, 7036
5.801568269729614, 7035
5.802567481994629, 7034
5.803564548492432, 7033
5.803564548492432, 7032
5.805526494979858, 7031
5.806525230407715, 7030
5.8075220584869385, 7029
5.809519052505493, 7028
5.810513973236084, 7027
5.811511278152466, 7026
5.81350564956665, 7025
5.8145012855529785, 7024
5.816051244735718, 7023
5.818007230758667, 7022
5.820998907089233, 7021
5.909761190414429, 7020
5.923755168914795, 7019
5.92475962638855, 7018
5.956674098968506, 7017
5.982604265213013, 7016
5.984598636627197, 7015
6.018541574478149, 7014
6.085330009460449, 7013
6.107270240783691, 7012
6.133211374282837, 7011
6.476285457611084, 7010
6.4772820472717285, 7009
7.072211027145386, 7008
7.279898405075073, 7007
7.291855573654175, 7006
7.308809518814087, 7005
7.404558181762695, 7004
7.4115355014801025, 7003
7.42350172996521, 7002
7.743648052215576, 7001
7.745643377304077, 7000
7.817448616027832, 6999
7.8623292446136475, 6998
8.006943464279175, 6997
8.104680299758911, 6996
8.136630058288574, 6995
8.142614126205444, 6994
8.143609046936035, 6993
8.14955997467041, 6992
8.179511070251465, 6991
8.200459003448486, 6990
8.210399150848389, 6989
8.21442174911499, 6988
8.23735785484314, 6987
8.365540027618408, 6986
8.369516611099243, 6985
8.605751991271973, 6984
8.623668193817139, 6983
8.654585361480713, 6982
8.700500726699829, 6981
8.960875272750854, 6980
8.960875272750854, 6979
8.976832151412964, 6978
9.00372862815857, 6977
9.240508317947388, 6976
9.24150562286377, 6975
9.25051760673523, 6974
9.313346147537231, 6973
9.337282657623291, 6972
9.468897342681885, 6971
9.689340829849243, 6970
9.722219944000244, 6969
9.797056436538696, 6968
