0.0, 4858
1.1404221057891846, 4857
1.1404221057891846, 4856
1.4838976860046387, 4855
2.15971302986145, 4854
2.3213047981262207, 4853
2.3918864727020264, 4852
2.452819347381592, 4851
3.3694639205932617, 4850
3.41986083984375, 4849
3.7328755855560303, 4848
3.744983673095703, 4847
3.9162631034851074, 4846
4.117849349975586, 4845
4.764131307601929, 4844
4.812517404556274, 4843
4.824638366699219, 4842
4.946010112762451, 4841
4.946010112762451, 4840
5.016564846038818, 4839
5.226320266723633, 4838
5.279107093811035, 4837
5.4202797412872314, 4836
5.428324460983276, 4835
5.792978763580322, 4834
5.81311297416687, 4833
5.903781890869141, 4832
6.014665126800537, 4831
6.065070867538452, 4830
6.26686692237854, 4829
6.337484836578369, 4828
6.347574710845947, 4827
6.872427701950073, 4826
6.8907630443573, 4825
7.094765901565552, 4824
7.726217269897461, 4823
7.867382049560547, 4822
7.88753342628479, 4821
7.92826247215271, 4820
7.92826247215271, 4819
7.948461532592773, 4818
7.948461532592773, 4817
7.958551645278931, 4816
7.978728532791138, 4815
8.130007982254028, 4814
8.311995267868042, 4813
8.462907552719116, 4812
8.464916706085205, 4811
8.505306243896484, 4810
8.53392243385315, 4809
8.586359024047852, 4808
8.634734153747559, 4807
8.634734153747559, 4806
8.82621455192566, 4805
9.100353240966797, 4804
9.151219367980957, 4803
9.16934871673584, 4802
9.373159646987915, 4801
9.461812019348145, 4800
9.461812019348145, 4799
9.72584867477417, 4798
9.845237493515015, 4797
9.857434272766113, 4796
10.069061756134033, 4795
10.23035454750061, 4794
10.311264753341675, 4793
10.372119426727295, 4792
10.392265796661377, 4791
10.472961187362671, 4790
10.581844806671143, 4789
10.704858541488647, 4788
10.775425910949707, 4787
10.79570722579956, 4786
10.83603811264038, 4785
10.904576539993286, 4784
11.300047636032104, 4783
11.320207357406616, 4782
11.370607614517212, 4781
11.39076566696167, 4780
11.621084213256836, 4779
11.693621635437012, 4778
11.701663970947266, 4777
11.804327487945557, 4776
11.922980546951294, 4775
11.955246686935425, 4774
12.187308073043823, 4773
12.217528581619263, 4772
12.240005731582642, 4771
12.2662513256073, 4770
12.397303342819214, 4769
12.568695068359375, 4768
12.621054887771606, 4767
12.772322416305542, 4766
12.84300971031189, 4765
13.135542154312134, 4764
13.155645847320557, 4763
13.195938348770142, 4762
13.377781629562378, 4761
13.518966913223267, 4760
13.869863510131836, 4759
14.045543432235718, 4758
14.055638074874878, 4757
14.126179933547974, 4756
14.136272430419922, 4755
14.196748971939087, 4754
14.76971435546875, 4753
15.013514041900635, 4752
15.71918797492981, 4751
15.71918797492981, 4750
15.840529680252075, 4749
15.840529680252075, 4748
16.4436514377594, 4747
16.4436514377594, 4746
16.81809973716736, 4745
16.94903302192688, 4744
17.040030241012573, 4743
17.251773834228516, 4742
17.37269425392151, 4741
17.614779710769653, 4740
17.86652660369873, 4739
17.89678931236267, 4738
18.05610680580139, 4737
18.320883750915527, 4736
18.361183404922485, 4735
18.381316423416138, 4734
18.66148018836975, 4733
18.96633291244507, 4732
19.115840435028076, 4731
19.642399311065674, 4730
19.771440744400024, 4729
19.884372234344482, 4728
20.02514672279358, 4727
20.15661907196045, 4726
20.176798820495605, 4725
20.176798820495605, 4724
20.479048013687134, 4723
20.93314242362976, 4722
21.114579677581787, 4721
21.591118812561035, 4720
21.661689519882202, 4719
21.80283546447754, 4718
21.812916040420532, 4717
22.166121006011963, 4716
22.559301614761353, 4715
22.678327798843384, 4714
23.08599281311035, 4713
23.156670808792114, 4712
23.25564956665039, 4711
23.822854042053223, 4710
23.891424894332886, 4709
23.941851139068604, 4708
24.488872051239014, 4707
24.587390899658203, 4706
24.7285418510437, 4705
25.073961973190308, 4704
25.195327758789062, 4703
25.59856605529785, 4702
25.75967836380005, 4701
25.797979831695557, 4700
25.810102939605713, 4699
25.870603799819946, 4698
26.031888008117676, 4697
26.04197597503662, 4696
26.22391152381897, 4695
26.274301290512085, 4694
26.395294904708862, 4693
26.455806732177734, 4692
26.88977861404419, 4691
27.331794023513794, 4690
27.807947158813477, 4689
27.81598734855652, 4688
27.989800930023193, 4687
28.290090322494507, 4686
29.109232187271118, 4685
29.35161304473877, 4684
29.634061336517334, 4683
29.844582319259644, 4682
30.00584077835083, 4681
30.153043031692505, 4680
30.228659629821777, 4679
30.671005249023438, 4678
30.88480567932129, 4677
31.089062213897705, 4676
31.291218996047974, 4675
31.50295925140381, 4674
32.01725363731384, 4673
32.78394269943237, 4672
33.30847668647766, 4671
33.56067180633545, 4670
33.730021715164185, 4669
33.81275677680969, 4668
34.32771825790405, 4667
34.34600639343262, 4666
34.48924279212952, 4665
34.74984812736511, 4664
34.84257793426514, 4663
34.892964601516724, 4662
34.892964601516724, 4661
35.248780965805054, 4660
35.38799858093262, 4659
35.40816879272461, 4658
35.882055044174194, 4657
35.93047881126404, 4656
36.02293109893799, 4655
37.07221269607544, 4654
37.40537357330322, 4653
38.475295543670654, 4652
39.007299184799194, 4651
39.623438119888306, 4650
39.937578201293945, 4649
39.947670698165894, 4648
40.00814747810364, 4647
40.7252995967865, 4646
41.318716287612915, 4645
41.340933084487915, 4644
41.48213577270508, 4643
41.91600179672241, 4642
42.823476791381836, 4641
42.83356785774231, 4640
44.2545850276947, 4639
44.8315691947937, 4638
46.05503749847412, 4637
46.33790421485901, 4636
47.41732597351074, 4635
47.588401556015015, 4634
48.14283990859985, 4633
49.37199306488037, 4632
49.52536725997925, 4631
49.533414363861084, 4630
49.56571698188782, 4629
49.60604786872864, 4628
50.30229878425598, 4627
50.5044367313385, 4626
50.514485359191895, 4625
51.28971743583679, 4624
51.99794340133667, 4623
52.038179874420166, 4622
52.300703287124634, 4621
52.6230263710022, 4620
53.04491853713989, 4619
53.30913496017456, 4618
53.83381962776184, 4617
53.862027645111084, 4616
55.347490072250366, 4615
55.619571685791016, 4614
55.750643491744995, 4613
56.02123689651489, 4612
56.10395312309265, 4611
56.35602784156799, 4610
57.325567960739136, 4609
57.7290153503418, 4608
59.87809610366821, 4607
