0.2872304916381836, 10747
0.3570432662963867, 10746
0.39693641662597656, 10745
0.5086383819580078, 10744
0.596710205078125, 10743
0.6387841701507568, 10742
0.6808536052703857, 10741
0.7259142398834229, 10740
0.7650716304779053, 10739
0.8039684295654297, 10738
0.8988335132598877, 10737
0.9955697059631348, 10736
1.045440673828125, 10735
1.1012864112854004, 10734
1.104297161102295, 10733
1.106273889541626, 10732
1.106273889541626, 10731
1.1072702407836914, 10730
1.1082675457000732, 10729
1.1092653274536133, 10728
1.110262155532837, 10727
1.1112594604492188, 10726
1.1122570037841797, 10725
1.1132540702819824, 10724
1.1162476539611816, 10723
1.1172449588775635, 10722
1.1182420253753662, 10721
1.1202366352081299, 10720
1.1222312450408936, 10719
1.123227834701538, 10718
1.1252224445343018, 10717
1.127218246459961, 10716
1.1292126178741455, 10715
1.1302094459533691, 10714
1.1312062740325928, 10713
1.1322033405303955, 10712
1.1332013607025146, 10711
1.1341981887817383, 10710
1.1351964473724365, 10709
1.1361935138702393, 10708
1.139186143875122, 10707
1.1411793231964111, 10706
1.1441736221313477, 10705
1.1471641063690186, 10704
1.1501574516296387, 10703
1.1511542797088623, 10702
1.1531479358673096, 10701
1.1541469097137451, 10700
1.1581354141235352, 10699
1.1621253490447998, 10698
1.1661155223846436, 10697
1.1740944385528564, 10696
1.1760883331298828, 10695
1.1770851612091064, 10694
1.1780829429626465, 10693
1.1790788173675537, 10692
1.1800761222839355, 10691
1.1810731887817383, 10690
1.1820707321166992, 10689
1.183068037033081, 10688
1.185063123703003, 10687
1.1910603046417236, 10686
1.1930460929870605, 10685
1.1940386295318604, 10684
1.1950371265411377, 10683
1.1960339546203613, 10682
1.1970305442810059, 10681
1.1990246772766113, 10680
1.2010204792022705, 10679
1.2080016136169434, 10678
1.2109932899475098, 10677
1.2129876613616943, 10676
1.2169766426086426, 10675
1.2179749011993408, 10674
1.2229621410369873, 10673
1.2249565124511719, 10672
1.22794771194458, 10671
1.2319371700286865, 10670
1.2339327335357666, 10669
1.239917278289795, 10668
1.2409143447875977, 10667
1.2429089546203613, 10666
1.2439055442810059, 10665
1.2439055442810059, 10664
1.2459006309509277, 10663
1.2468969821929932, 10662
1.2498886585235596, 10661
1.2538797855377197, 10660
1.261857032775879, 10659
1.2698581218719482, 10658
1.2798097133636475, 10657
1.289785623550415, 10656
1.290780782699585, 10655
1.2937726974487305, 10654
1.2957665920257568, 10653
1.2987589836120605, 10652
1.30375337600708, 10651
1.307734727859497, 10650
1.309730052947998, 10649
1.3107273578643799, 10648
1.3117237091064453, 10647
1.3127210140228271, 10646
1.3137180805206299, 10645
1.3147165775299072, 10644
1.3157126903533936, 10643
1.3167107105255127, 10642
1.3177073001861572, 10641
1.322697401046753, 10640
1.3256876468658447, 10639
1.3276824951171875, 10638
1.3296773433685303, 10637
1.330674648284912, 10636
1.3316724300384521, 10635
1.332669973373413, 10634
1.3336658477783203, 10633
1.336658239364624, 10632
1.3396503925323486, 10631
1.341644048690796, 10630
1.3426411151885986, 10629
1.3436384201049805, 10628
1.3446364402770996, 10627
1.345632791519165, 10626
1.346630334854126, 10625
1.3476274013519287, 10624
1.3486251831054688, 10623
1.3496222496032715, 10622
1.354640245437622, 10621
1.3605942726135254, 10620
1.3665776252746582, 10619
1.3745558261871338, 10618
1.3755531311035156, 10617
1.3765509128570557, 10616
1.3775477409362793, 10615
1.378544807434082, 10614
1.3795421123504639, 10613
1.3795421123504639, 10612
1.3805394172668457, 10611
1.3815371990203857, 10610
1.3825342655181885, 10609
1.3835315704345703, 10608
1.3845288753509521, 10607
1.3875236511230469, 10606
1.3895165920257568, 10605
1.3905131816864014, 10604
1.391510248184204, 10603
1.392507553100586, 10602
1.3945019245147705, 10601
1.3954994678497314, 10600
1.3964972496032715, 10599
1.3974940776824951, 10598
1.3984918594360352, 10597
1.3994886875152588, 10596
1.4004857540130615, 10595
1.4024863243103027, 10594
1.4074676036834717, 10593
1.4104607105255127, 10592
1.4134521484375, 10591
1.4164445400238037, 10590
1.4194467067718506, 10589
1.4244225025177002, 10588
1.4264171123504639, 10587
1.4294090270996094, 10586
1.431403636932373, 10585
1.4324009418487549, 10584
1.4363956451416016, 10583
1.439382553100586, 10582
1.443371295928955, 10581
1.4463632106781006, 10580
1.4523487091064453, 10579
1.4603259563446045, 10578
1.4812707901000977, 10577
1.4962313175201416, 10576
1.4972281455993652, 10575
1.498225450515747, 10574
1.499222755432129, 10573
1.5002195835113525, 10572
1.5022156238555908, 10571
1.5052070617675781, 10570
1.5062053203582764, 10569
1.5072011947631836, 10568
1.5091967582702637, 10567
1.5101923942565918, 10566
1.51119065284729, 10565
1.5121920108795166, 10564
1.5131847858428955, 10563
1.5141820907592773, 10562
1.5151793956756592, 10561
1.5161769390106201, 10560
1.5191690921783447, 10559
1.5231592655181885, 10558
1.5241568088531494, 10557
1.5281457901000977, 10556
1.5291428565979004, 10555
1.5301399230957031, 10554
1.5321345329284668, 10553
1.5341300964355469, 10552
1.5351271629333496, 10551
1.5381195545196533, 10550
1.5401134490966797, 10549
1.5411098003387451, 10548
1.5421075820922852, 10547
1.543104648590088, 10546
1.5441019535064697, 10545
1.5441019535064697, 10544
1.5450990200042725, 10543
1.5460975170135498, 10542
1.548091173171997, 10541
1.5500860214233398, 10540
1.5550742149353027, 10539
1.5590617656707764, 10538
1.5600600242614746, 10537
1.5610570907592773, 10536
1.56205415725708, 10535
1.563051462173462, 10534
1.5640487670898438, 10533
1.5640487670898438, 10532
1.5650465488433838, 10531
1.5670526027679443, 10530
1.5690367221832275, 10529
1.5720293521881104, 10528
1.5730259418487549, 10527
1.5740230083465576, 10526
1.5750198364257812, 10525
1.5760173797607422, 10524
1.5770151615142822, 10523
1.578012228012085, 10522
1.5800065994262695, 10521
1.583007574081421, 10520
1.584993600845337, 10519
1.588984489440918, 10518
1.5899806022644043, 10517
1.5909781455993652, 10516
1.5919766426086426, 10515
1.5929718017578125, 10514
1.5939693450927734, 10513
1.595963954925537, 10512
1.596961259841919, 10511
1.5999622344970703, 10510
1.6049420833587646, 10509
1.6079647541046143, 10508
1.6119561195373535, 10507
1.6179072856903076, 10506
1.6189353466033936, 10505
1.6218950748443604, 10504
1.622894048690796, 10503
1.6238908767700195, 10502
1.6248879432678223, 10501
1.6268820762634277, 10500
1.6288774013519287, 10499
1.6298744678497314, 10498
1.6318690776824951, 10497
1.6348621845245361, 10496
1.635857343673706, 10495
1.6388499736785889, 10494
1.6398463249206543, 10493
1.640843391418457, 10492
1.6418406963348389, 10491
1.6428382396697998, 10490
1.6448333263397217, 10489
1.6458301544189453, 10488
1.6468274593353271, 10487
1.647824764251709, 10486
1.649825096130371, 10485
1.6528139114379883, 10484
1.6558051109313965, 10483
1.6568024158477783, 10482
1.6577997207641602, 10481
1.6577997207641602, 10480
1.658799171447754, 10479
1.6597936153411865, 10478
1.6607909202575684, 10477
1.661787986755371, 10476
1.662785291671753, 10475
1.663783311843872, 10474
1.6647801399230957, 10473
1.665778398513794, 10472
1.6687688827514648, 10471
1.6727604866027832, 10470
1.6757514476776123, 10469
1.678743600845337, 10468
1.6797399520874023, 10467
1.6807372570037842, 10466
1.681734323501587, 10465
1.6827313899993896, 10464
1.6847279071807861, 10463
1.686722755432129, 10462
1.6897468566894531, 10461
1.6907427310943604, 10460
1.6917436122894287, 10459
1.6927375793457031, 10458
1.693734884262085, 10457
1.6947333812713623, 10456
1.6957294940948486, 10455
1.6967267990112305, 10454
1.6977250576019287, 10453
1.6987223625183105, 10452
1.700751543045044, 10451
1.703678846359253, 10450
1.705704927444458, 10449
1.705704927444458, 10448
1.706700325012207, 10447
1.707700490951538, 10446
1.7086946964263916, 10445
1.7096920013427734, 10444
1.710690975189209, 10443
1.7116870880126953, 10442
1.7126882076263428, 10441
1.7136836051940918, 10440
1.7146785259246826, 10439
1.7156779766082764, 10438
1.7166740894317627, 10437
1.7176403999328613, 10436
1.7186741828918457, 10435
1.7196340560913086, 10434
1.72166109085083, 10433
1.722658395767212, 10432
1.7256498336791992, 10431
1.7286415100097656, 10430
1.7335965633392334, 10429
1.739579200744629, 10428
1.747666597366333, 10427
1.7568919658660889, 10426
1.7568919658660889, 10425
1.757887363433838, 10424
1.7932765483856201, 10423
1.7932765483856201, 10422
1.7942795753479004, 10421
1.7942795753479004, 10420
1.7953732013702393, 10419
1.7953732013702393, 10418
1.7964012622833252, 10417
1.7964012622833252, 10416
1.7973997592926025, 10415
1.7983977794647217, 10414
1.7983977794647217, 10413
1.7993943691253662, 10412
1.7993943691253662, 10411
1.8003926277160645, 10410
1.8003926277160645, 10409
1.8013927936553955, 10408
1.8013927936553955, 10407
1.8023881912231445, 10406
1.8023881912231445, 10405
1.803384780883789, 10404
1.8043863773345947, 10403
1.8043863773345947, 10402
1.8053784370422363, 10401
1.8053784370422363, 10400
1.8063759803771973, 10399
1.8063759803771973, 10398
1.8073430061340332, 10397
1.8073430061340332, 10396
1.8083710670471191, 10395
1.8083710670471191, 10394
1.809370756149292, 10393
1.809370756149292, 10392
1.810365915298462, 10391
1.810365915298462, 10390
1.8113627433776855, 10389
1.8113627433776855, 10388
1.81245756149292, 10387
1.81245756149292, 10386
1.8134887218475342, 10385
1.8134887218475342, 10384
1.8144855499267578, 10383
1.8154850006103516, 10382
1.8164794445037842, 10381
1.8174452781677246, 10380
1.8184735774993896, 10379
1.8184735774993896, 10378
1.8194396495819092, 10377
1.8194396495819092, 10376
1.8204667568206787, 10375
1.8204667568206787, 10374
1.8214659690856934, 10373
1.8224315643310547, 10372
1.8224315643310547, 10371
1.8224315643310547, 10370
1.8234643936157227, 10369
1.824458360671997, 10368
1.824458360671997, 10367
1.8254590034484863, 10366
1.8254590034484863, 10365
1.8264529705047607, 10364
1.8264529705047607, 10363
1.8264529705047607, 10362
1.8274497985839844, 10361
1.8284873962402344, 10360
1.8285577297210693, 10359
1.829554557800293, 10358
1.829554557800293, 10357
1.8305890560150146, 10356
1.8305890560150146, 10355
1.8315815925598145, 10354
1.8315815925598145, 10353
1.8325819969177246, 10352
1.8325819969177246, 10351
1.8335762023925781, 10350
1.8335762023925781, 10349
1.8345739841461182, 10348
1.8345739841461182, 10347
1.8355388641357422, 10346
1.8355388641357422, 10345
1.8365824222564697, 10344
1.838230848312378, 10343
1.838230848312378, 10342
1.8392283916473389, 10341
1.8392283916473389, 10340
1.8402256965637207, 10339
1.8402256965637207, 10338
1.8412225246429443, 10337
1.8412225246429443, 10336
1.842219591140747, 10335
1.842219591140747, 10334
1.843216896057129, 10333
1.843216896057129, 10332
1.8442144393920898, 10331
1.8442144393920898, 10330
1.8452122211456299, 10329
1.8452122211456299, 10328
1.8462090492248535, 10327
1.8462090492248535, 10326
1.8472063541412354, 10325
1.8472063541412354, 10324
1.8482036590576172, 10323
1.8482036590576172, 10322
1.849200963973999, 10321
1.849200963973999, 10320
1.8512325286865234, 10319
1.8512325286865234, 10318
1.8521959781646729, 10317
1.8531911373138428, 10316
1.8531911373138428, 10315
1.8541879653930664, 10314
1.8541879653930664, 10313
1.8551850318908691, 10312
1.8551850318908691, 10311
1.856182336807251, 10310
1.856182336807251, 10309
1.857179880142212, 10308
1.857179880142212, 10307
1.8581771850585938, 10306
1.8581771850585938, 10305
1.8591744899749756, 10304
1.8591744899749756, 10303
1.8601720333099365, 10302
1.8601720333099365, 10301
1.8611690998077393, 10300
1.8611690998077393, 10299
1.862166404724121, 10298
1.862166404724121, 10297
1.863163709640503, 10296
1.863163709640503, 10295
1.8641612529754639, 10294
1.8641612529754639, 10293
1.8651583194732666, 10292
1.8651583194732666, 10291
1.8661556243896484, 10290
1.8661556243896484, 10289
1.8671538829803467, 10288
1.86824631690979, 10287
1.86924409866333, 10286
1.8702430725097656, 10285
1.8702430725097656, 10284
1.8722376823425293, 10283
1.873234510421753, 10282
1.8742315769195557, 10281
1.875229835510254, 10280
1.8773107528686523, 10279
1.8773107528686523, 10278
1.8783080577850342, 10277
1.879305362701416, 10276
1.8812997341156006, 10275
1.882295846939087, 10274
1.8842909336090088, 10273
1.8852877616882324, 10272
1.8862879276275635, 10271
1.8872833251953125, 10270
1.8872833251953125, 10269
1.8882794380187988, 10268
1.8892772197723389, 10267
1.8902761936187744, 10266
1.8902761936187744, 10265
1.8912725448608398, 10264
1.8922688961029053, 10263
1.8922688961029053, 10262
1.893265724182129, 10261
1.8962514400482178, 10260
1.897280216217041, 10259
1.8992433547973633, 10258
1.9002430438995361, 10257
1.9012391567230225, 10256
1.9032320976257324, 10255
1.9052600860595703, 10254
1.9072508811950684, 10253
1.90928053855896, 10252
1.9112136363983154, 10251
1.912208080291748, 10250
1.912208080291748, 10249
1.9132049083709717, 10248
1.9132049083709717, 10247
1.9142019748687744, 10246
1.9152002334594727, 10245
1.9152002334594727, 10244
1.9161970615386963, 10243
1.9161970615386963, 10242
1.9201874732971191, 10241
1.9231839179992676, 10240
1.9241759777069092, 10239
1.9241759777069092, 10238
1.9261713027954102, 10237
1.9272010326385498, 10236
1.928199291229248, 10235
1.9291625022888184, 10234
1.9291625022888184, 10233
1.930159330368042, 10232
1.930159330368042, 10231
1.9311575889587402, 10230
1.9311575889587402, 10229
1.9321575164794922, 10228
1.9331610202789307, 10227
1.9371418952941895, 10226
1.9401333332061768, 10225
1.9411311149597168, 10224
1.9421281814575195, 10223
1.943127155303955, 10222
1.943127155303955, 10221
1.9441254138946533, 10220
1.9451212882995605, 10219
1.9451212882995605, 10218
1.9461185932159424, 10217
1.9461185932159424, 10216
1.9471185207366943, 10215
1.9471185207366943, 10214
1.9481134414672852, 10213
1.9481134414672852, 10212
1.9511218070983887, 10211
1.9531004428863525, 10210
1.9560909271240234, 10209
1.9560909271240234, 10208
1.957087516784668, 10207
1.9580881595611572, 10206
1.9590857028961182, 10205
1.9590857028961182, 10204
1.9600820541381836, 10203
1.96107816696167, 10202
1.9620778560638428, 10201
1.9620778560638428, 10200
1.96307373046875, 10199
1.9640719890594482, 10198
1.9650697708129883, 10197
1.9650697708129883, 10196
1.9660670757293701, 10195
1.9670631885528564, 10194
1.9680988788604736, 10193
1.9721879959106445, 10192
1.9740781784057617, 10191
1.975041389465332, 10190
1.975041389465332, 10189
1.9760398864746094, 10188
1.9780340194702148, 10187
1.9780340194702148, 10186
1.9790310859680176, 10185
1.9800288677215576, 10184
1.982023000717163, 10183
1.9830200672149658, 10182
1.984015703201294, 10181
1.9890077114105225, 10180
1.9909999370574951, 10179
1.9919960498809814, 10178
1.9929933547973633, 10177
1.9929933547973633, 10176
1.9939892292022705, 10175
1.9949865341186523, 10174
1.9949865341186523, 10173
1.9959843158721924, 10172
1.9959843158721924, 10171
1.9969813823699951, 10170
1.9969813823699951, 10169
1.997978925704956, 10168
1.997978925704956, 10167
1.9989755153656006, 10166
1.9989755153656006, 10165
1.9999725818634033, 10164
2.0009725093841553, 10163
2.0039637088775635, 10162
2.005963087081909, 10161
2.005963087081909, 10160
2.0069563388824463, 10159
2.0079550743103027, 10158
2.0089516639709473, 10157
2.0089516639709473, 10156
2.009951114654541, 10155
2.0109474658966064, 10154
2.0109474658966064, 10153
2.0119447708129883, 10152
2.0119447708129883, 10151
2.0129425525665283, 10150
2.0129425525665283, 10149
2.0139377117156982, 10148
2.0149340629577637, 10147
2.0149340629577637, 10146
2.015932559967041, 10145
2.0179529190063477, 10144
2.0219151973724365, 10143
2.022914409637451, 10142
2.024907350540161, 10141
2.024907350540161, 10140
2.0259039402008057, 10139
2.0259039402008057, 10138
2.0269014835357666, 10137
2.0269014835357666, 10136
2.0278983116149902, 10135
2.028902530670166, 10134
2.028902530670166, 10133
2.029892921447754, 10132
2.029892921447754, 10131
2.0308899879455566, 10130
2.0308899879455566, 10129
2.0318872928619385, 10128
2.0328853130340576, 10127
2.0358781814575195, 10126
2.038869619369507, 10125
2.040863513946533, 10124
2.041862964630127, 10123
2.042860746383667, 10122
2.042860746383667, 10121
2.0438590049743652, 10120
2.0458531379699707, 10119
2.0468497276306152, 10118
2.0468497276306152, 10117
2.047846555709839, 10116
2.048842430114746, 10115
2.049872398376465, 10114
2.050839424133301, 10113
2.052833318710327, 10112
2.0558254718780518, 10111
2.056821346282959, 10110
2.0578196048736572, 10109
2.0578196048736572, 10108
2.05881929397583, 10107
2.059816598892212, 10106
2.0618104934692383, 10105
2.062807321548462, 10104
2.063805103302002, 10103
2.0657999515533447, 10102
2.0657999515533447, 10101
2.066793918609619, 10100
2.0688061714172363, 10099
2.071782112121582, 10098
2.0727803707122803, 10097
2.0727803707122803, 10096
2.0747745037078857, 10095
2.0757715702056885, 10094
2.0767674446105957, 10093
2.0787622928619385, 10092
2.079759120941162, 10091
2.079759120941162, 10090
2.080756664276123, 10089
2.0817549228668213, 10088
2.0817549228668213, 10087
2.082751512527466, 10086
2.0837490558624268, 10085
2.0857460498809814, 10084
2.0897345542907715, 10083
2.091728448867798, 10082
2.0927255153656006, 10081
2.0937254428863525, 10080
2.0947206020355225, 10079
2.095717668533325, 10078
2.095717668533325, 10077
2.096714496612549, 10076
2.096714496612549, 10075
2.0977120399475098, 10074
2.0977120399475098, 10073
2.098710536956787, 10072
2.098710536956787, 10071
2.0997073650360107, 10070
2.0997073650360107, 10069
2.1017403602600098, 10068
2.102698802947998, 10067
2.1056907176971436, 10066
2.106689214706421, 10065
2.106689214706421, 10064
2.1076855659484863, 10063
2.1076855659484863, 10062
2.1086831092834473, 10061
2.1086831092834473, 10060
2.109679937362671, 10059
2.109679937362671, 10058
2.110677480697632, 10057
2.1116762161254883, 10056
2.1116762161254883, 10055
2.112673044204712, 10054
2.11366868019104, 10053
2.114668369293213, 10052
2.1156649589538574, 10051
2.11666202545166, 10050
2.1186604499816895, 10049
2.119654417037964, 10048
2.122645854949951, 10047
2.1236422061920166, 10046
2.1246397495269775, 10045
2.125638246536255, 10044
2.125638246536255, 10043
2.1266348361968994, 10042
2.128628969192505, 10041
2.1296262741088867, 10040
2.131620407104492, 10039
2.1326184272766113, 10038
2.1346216201782227, 10037
2.1386196613311768, 10036
2.139601469039917, 10035
2.139601469039917, 10034
2.1415958404541016, 10033
2.145029067993164, 10032
2.1465816497802734, 10031
2.1465816497802734, 10030
2.147578716278076, 10029
2.147578716278076, 10028
2.148576021194458, 10027
2.148576021194458, 10026
2.149573564529419, 10025
2.149573564529419, 10024
2.1515984535217285, 10023
2.1535632610321045, 10022
2.1555593013763428, 10021
2.1565563678741455, 10020
2.1565563678741455, 10019
2.1585493087768555, 10018
2.1585493087768555, 10017
2.159548282623291, 10016
2.159548282623291, 10015
2.1605448722839355, 10014
2.162539482116699, 10013
2.163536787033081, 10012
2.164534568786621, 10011
2.1655313968658447, 10010
2.167534589767456, 10009
2.169524908065796, 10008
2.1725120544433594, 10007
2.1735100746154785, 10006
2.1735100746154785, 10005
2.174506664276123, 10004
2.174506664276123, 10003
2.1755032539367676, 10002
2.1755032539367676, 10001
2.1765003204345703, 10000
2.177497625350952, 9999
2.177497625350952, 9998
2.178495168685913, 9997
2.178495168685913, 9996
2.179492235183716, 9995
2.179492235183716, 9994
2.1804895401000977, 9993
2.1804895401000977, 9992
2.181487798690796, 9991
2.181487798690796, 9990
2.1824843883514404, 9989
2.1824843883514404, 9988
2.1834819316864014, 9987
2.186479330062866, 9986
2.1884689331054688, 9985
2.189467191696167, 9984
2.189467191696167, 9983
2.1904633045196533, 9982
2.191460371017456, 9981
2.191460371017456, 9980
2.192457914352417, 9979
2.192457914352417, 9978
2.1934549808502197, 9977
2.1934549808502197, 9976
2.194453477859497, 9975
2.194453477859497, 9974
2.1954500675201416, 9973
2.1954500675201416, 9972
2.1964478492736816, 9971
2.1964478492736816, 9970
2.1974446773529053, 9969
2.1974446773529053, 9968
2.198441505432129, 9967
2.198441505432129, 9966
2.19943904876709, 9965
2.19943904876709, 9964
2.201446533203125, 9963
2.20243239402771, 9962
2.204437255859375, 9961
2.205425977706909, 9960
2.2064216136932373, 9959
2.2074177265167236, 9958
2.2084150314331055, 9957
2.2084150314331055, 9956
2.2094125747680664, 9955
2.2094125747680664, 9954
2.2104098796844482, 9953
2.2104098796844482, 9952
2.2114078998565674, 9951
2.2114078998565674, 9950
2.21240496635437, 9949
2.21240496635437, 9948
2.2134017944335938, 9947
2.2134017944335938, 9946
2.2143990993499756, 9945
2.2143990993499756, 9944
2.2153964042663574, 9943
2.2153964042663574, 9942
2.2163939476013184, 9941
2.2184040546417236, 9940
2.220393419265747, 9939
2.222378969192505, 9938
2.2233755588531494, 9937
2.2233755588531494, 9936
2.224372625350952, 9935
2.224372625350952, 9934
2.225369691848755, 9933
2.226367712020874, 9932
2.226367712020874, 9931
2.2273647785186768, 9930
2.2273647785186768, 9929
2.2283618450164795, 9928
2.2283618450164795, 9927
2.2293591499328613, 9926
2.2293591499328613, 9925
2.230356454849243, 9924
2.230356454849243, 9923
2.231353759765625, 9922
2.231353759765625, 9921
2.231353759765625, 9920
2.2323508262634277, 9919
2.2333486080169678, 9918
2.2343637943267822, 9917
2.235344409942627, 9916
2.2383365631103516, 9915
2.2383365631103516, 9914
2.239333152770996, 9913
2.239333152770996, 9912
2.2403297424316406, 9911
2.2403297424316406, 9910
2.2413277626037598, 9909
2.2413277626037598, 9908
2.2423243522644043, 9907
2.2423243522644043, 9906
2.243321657180786, 9905
2.243321657180786, 9904
2.244319200515747, 9903
2.244319200515747, 9902
2.245316505432129, 9901
2.245316505432129, 9900
2.2463138103485107, 9899
2.2463138103485107, 9898
2.2473108768463135, 9897
2.2473108768463135, 9896
2.2483088970184326, 9895
2.2483088970184326, 9894
2.2503151893615723, 9893
2.251302480697632, 9892
2.251302480697632, 9891
2.252298593521118, 9890
2.254298686981201, 9889
2.255291223526001, 9888
2.256288528442383, 9887
2.256288528442383, 9886
2.25728702545166, 9885
2.25728702545166, 9884
2.258281946182251, 9883
2.258281946182251, 9882
2.2592790126800537, 9881
2.2592790126800537, 9880
2.2602763175964355, 9879
2.2602763175964355, 9878
2.2612738609313965, 9877
2.2612738609313965, 9876
2.2622711658477783, 9875
2.2622711658477783, 9874
2.2632691860198975, 9873
2.2632691860198975, 9872
2.2642662525177, 9871
2.2642662525177, 9870
2.265263319015503, 9869
2.265263319015503, 9868
2.2662603855133057, 9867
2.268268585205078, 9866
2.2702622413635254, 9865
2.2722465991973877, 9864
2.2722465991973877, 9863
2.273242712020874, 9862
2.273242712020874, 9861
2.2742390632629395, 9860
2.2742390632629395, 9859
2.275236129760742, 9858
2.275236129760742, 9857
2.2762339115142822, 9856
2.2762339115142822, 9855
2.277230978012085, 9854
2.277230978012085, 9853
2.278228759765625, 9852
2.278228759765625, 9851
2.2792258262634277, 9850
2.2792258262634277, 9849
2.2802231311798096, 9848
2.2802231311798096, 9847
2.2812204360961914, 9846
2.2812204360961914, 9845
2.282217502593994, 9844
2.2832257747650146, 9843
2.285210132598877, 9842
2.286208152770996, 9841
2.2882044315338135, 9840
2.2891998291015625, 9839
2.290196657180786, 9838
2.290196657180786, 9837
2.291193723678589, 9836
2.292191743850708, 9835
2.293189287185669, 9834
2.293189287185669, 9833
2.2941863536834717, 9832
2.2941863536834717, 9831
2.2951831817626953, 9830
2.2951831817626953, 9829
2.296180248260498, 9828
2.296180248260498, 9827
2.297177791595459, 9826
2.297177791595459, 9825
2.298175096511841, 9824
2.298175096511841, 9823
2.2991724014282227, 9822
2.301168203353882, 9821
2.3021645545959473, 9820
2.30515718460083, 9819
2.30515718460083, 9818
2.30615496635437, 9817
2.30615496635437, 9816
2.3071517944335938, 9815
2.3091461658477783, 9814
2.3101437091827393, 9813
2.311141014099121, 9812
2.312138319015503, 9811
2.3131353855133057, 9810
2.3151302337646484, 9809
2.3161487579345703, 9808
2.318122386932373, 9807
2.318122386932373, 9806
2.320122003555298, 9805
2.321115016937256, 9804
2.321115016937256, 9803
2.3221113681793213, 9802
2.3221113681793213, 9801
2.3231093883514404, 9800
2.3241055011749268, 9799
2.3241055011749268, 9798
2.3241055011749268, 9797
2.3251030445098877, 9796
2.3251030445098877, 9795
2.3261003494262695, 9794
2.3261003494262695, 9793
2.3270976543426514, 9792
2.3270976543426514, 9791
2.3280951976776123, 9790
2.3280951976776123, 9789
2.329092502593994, 9788
2.329092502593994, 9787
2.330089807510376, 9786
2.330089807510376, 9785
2.331087827682495, 9784
2.3320844173431396, 9783
2.3320844173431396, 9782
2.3330821990966797, 9781
2.3330821990966797, 9780
2.334078788757324, 9779
2.334078788757324, 9778
2.334078788757324, 9777
2.335076093673706, 9776
2.336074113845825, 9775
2.336074113845825, 9774
2.337071180343628, 9773
2.338068962097168, 9772
2.338068962097168, 9771
2.3390657901763916, 9770
2.3390657901763916, 9769
2.3400630950927734, 9768
2.3400630950927734, 9767
2.3410604000091553, 9766
2.3410604000091553, 9765
2.342057704925537, 9764
2.342057704925537, 9763
2.343055009841919, 9762
2.343055009841919, 9761
2.343055009841919, 9760
2.344052314758301, 9759
2.344052314758301, 9758
2.3450496196746826, 9757
2.3450496196746826, 9756
2.3460474014282227, 9755
2.3470442295074463, 9754
2.3470442295074463, 9753
2.3470442295074463, 9752
2.348041534423828, 9751
2.349039316177368, 9750
2.349039316177368, 9749
2.350036382675171, 9748
2.350036382675171, 9747
2.3510336875915527, 9746
2.3510336875915527, 9745
2.3520307540893555, 9744
2.3520307540893555, 9743
2.353029727935791, 9742
2.353029727935791, 9741
2.3540256023406982, 9740
2.3540256023406982, 9739
2.35502290725708, 9738
2.35502290725708, 9737
2.356128692626953, 9736
2.3571267127990723, 9735
2.3571267127990723, 9734
2.358123779296875, 9733
2.358123779296875, 9732
2.3591208457946777, 9731
2.3601176738739014, 9730
2.3611161708831787, 9729
2.3621129989624023, 9728
2.3621129989624023, 9727
2.363110303878784, 9726
2.364405632019043, 9725
2.3654041290283203, 9724
2.3654041290283203, 9723
2.366400718688965, 9722
2.366400718688965, 9721
2.3673977851867676, 9720
2.3683955669403076, 9719
2.3683955669403076, 9718
2.3693935871124268, 9717
2.3693935871124268, 9716
2.371387481689453, 9715
2.3725013732910156, 9714
2.3734991550445557, 9713
2.3744962215423584, 9712
2.3754937648773193, 9711
2.3754937648773193, 9710
2.376490831375122, 9709
2.377488136291504, 9708
2.378485679626465, 9707
2.3794827461242676, 9706
2.3804805278778076, 9705
2.3814775943756104, 9704
2.383472442626953, 9703
2.384469985961914, 9702
2.3854668140411377, 9701
2.3864645957946777, 9700
2.3864645957946777, 9699
2.3874614238739014, 9698
2.3874614238739014, 9697
2.388580322265625, 9696
2.389084577560425, 9695
2.3900845050811768, 9694
2.3900845050811768, 9693
2.391082525253296, 9692
2.391082525253296, 9691
2.3920795917510986, 9690
2.3930768966674805, 9689
2.395071268081665, 9688
2.3961806297302246, 9687
2.3971781730651855, 9686
2.3971781730651855, 9685
2.3981761932373047, 9684
2.3981761932373047, 9683
2.399172782897949, 9682
2.400170087814331, 9681
2.401167154312134, 9680
2.402165174484253, 9679
2.4031622409820557, 9678
2.4031622409820557, 9677
2.40427827835083, 9676
2.4052765369415283, 9675
2.4052765369415283, 9674
2.406273365020752, 9673
2.4072704315185547, 9672
2.4082679748535156, 9671
2.4092652797698975, 9670
2.4092652797698975, 9669
2.4102623462677, 9668
2.4112606048583984, 9667
2.4122583866119385, 9666
2.4133667945861816, 9665
2.4143638610839844, 9664
2.415360927581787, 9663
2.415360927581787, 9662
2.4163599014282227, 9661
2.4173583984375, 9660
2.4173583984375, 9659
2.419351100921631, 9658
2.4203803539276123, 9657
2.4213781356811523, 9656
2.4233765602111816, 9655
2.4243717193603516, 9654
2.425368070602417, 9653
2.4263317584991455, 9652
2.4273300170898438, 9651
2.4283297061920166, 9650
2.430323362350464, 9649
2.431351661682129, 9648
2.431351661682129, 9647
2.4323503971099854, 9646
2.4333455562591553, 9645
2.4333455562591553, 9644
2.434343099594116, 9643
2.434343099594116, 9642
2.4354538917541504, 9641
2.4364545345306396, 9640
2.4374499320983887, 9639
2.4384853839874268, 9638
2.439443588256836, 9637
2.439443588256836, 9636
2.4404728412628174, 9635
2.4404728412628174, 9634
2.4414703845977783, 9633
2.4414703845977783, 9632
2.4424402713775635, 9631
2.4444656372070312, 9630
2.4444656372070312, 9629
2.445460319519043, 9628
2.445460319519043, 9627
2.4464564323425293, 9626
2.4464564323425293, 9625
2.447451591491699, 9624
2.447451591491699, 9623
2.448451519012451, 9622
2.448451519012451, 9621
2.4494497776031494, 9620
2.4494497776031494, 9619
2.4504499435424805, 9618
2.4504499435424805, 9617
2.4514429569244385, 9616
2.4524102210998535, 9615
2.455418825149536, 9614
2.4573991298675537, 9613
2.4573991298675537, 9612
2.4583935737609863, 9611
2.4583935737609863, 9610
2.4594221115112305, 9609
2.4594221115112305, 9608
2.4604239463806152, 9607
2.4604239463806152, 9606
2.461418867111206, 9605
2.461418867111206, 9604
2.462413787841797, 9603
2.462413787841797, 9602
2.4634087085723877, 9601
2.4634087085723877, 9600
2.464409351348877, 9599
2.464409351348877, 9598
2.4654057025909424, 9597
2.4654057025909424, 9596
2.466407060623169, 9595
2.466407060623169, 9594
2.4674010276794434, 9593
2.4674010276794434, 9592
2.468400239944458, 9591
2.472367525100708, 9590
2.473353385925293, 9589
2.474386215209961, 9588
2.4753475189208984, 9587
2.4753475189208984, 9586
2.476379156112671, 9585
2.476379156112671, 9584
2.4773738384246826, 9583
2.4773738384246826, 9582
2.4783711433410645, 9581
2.4783711433410645, 9580
2.479365825653076, 9579
2.479365825653076, 9578
2.4803669452667236, 9577
2.4803669452667236, 9576
2.4813644886016846, 9575
2.4813644886016846, 9574
2.4823644161224365, 9573
2.4823644161224365, 9572
2.48335862159729, 9571
2.48335862159729, 9570
2.484358310699463, 9569
2.484358310699463, 9568
2.4873318672180176, 9567
2.4903435707092285, 9566
2.4903435707092285, 9565
2.4913368225097656, 9564
2.4913368225097656, 9563
2.4923362731933594, 9562
2.4923362731933594, 9561
2.493330955505371, 9560
2.493330955505371, 9559
2.494328498840332, 9558
2.494328498840332, 9557
2.4953231811523438, 9556
2.4953231811523438, 9555
2.4963228702545166, 9554
2.4963228702545166, 9553
2.4973206520080566, 9552
2.4973206520080566, 9551
2.498321771621704, 9550
2.498321771621704, 9549
2.498321771621704, 9548
2.4993159770965576, 9547
2.4993159770965576, 9546
2.5003151893615723, 9545
2.5003151893615723, 9544
2.5013110637664795, 9543
2.5022754669189453, 9542
2.506302833557129, 9541
2.507263660430908, 9540
2.507263660430908, 9539
2.5092573165893555, 9538
2.510255813598633, 9537
2.510255813598633, 9536
2.5112524032592773, 9535
2.512249708175659, 9534
2.513246774673462, 9533
2.514244556427002, 9532
2.5152416229248047, 9531
2.5162389278411865, 9530
2.517235040664673, 9529
2.517235040664673, 9528
2.5182344913482666, 9527
2.5222673416137695, 9526
2.5242159366607666, 9525
2.5252151489257812, 9524
2.527207851409912, 9523
2.528205156326294, 9522
2.5302016735076904, 9521
2.531198740005493, 9520
2.5321948528289795, 9519
2.533224582672119, 9518
2.533224582672119, 9517
2.53422212600708, 9516
2.53422212600708, 9515
2.535217046737671, 9514
2.5371968746185303, 9513
2.539181709289551, 9512
2.5402095317840576, 9511
2.5402095317840576, 9510
2.541203260421753, 9509
2.542201042175293, 9508
2.542201042175293, 9507
2.543196439743042, 9506
2.543196439743042, 9505
2.5441951751708984, 9504
2.5441951751708984, 9503
2.5441951751708984, 9502
2.546194076538086, 9501
2.546194076538086, 9500
2.547187566757202, 9499
2.547187566757202, 9498
2.548187017440796, 9497
2.548187017440796, 9496
2.5491814613342285, 9495
2.5491814613342285, 9494
2.550180196762085, 9493
2.550180196762085, 9492
2.551145076751709, 9491
2.551145076751709, 9490
2.5521485805511475, 9489
2.555142402648926, 9488
2.5571300983428955, 9487
2.5581271648406982, 9486
2.5591249465942383, 9485
2.560121774673462, 9484
2.5611190795898438, 9483
2.5621163845062256, 9482
2.5621163845062256, 9481
2.5631139278411865, 9480
2.5641109943389893, 9479
2.56510853767395, 9478
2.56510853767395, 9477
2.566105604171753, 9476
2.5671029090881348, 9475
2.5681002140045166, 9474
2.5681002140045166, 9473
2.572097063064575, 9472
2.5730886459350586, 9471
2.5741169452667236, 9470
2.575110673904419, 9469
2.575110673904419, 9468
2.5761115550994873, 9467
2.5761115550994873, 9466
2.5771074295043945, 9465
2.5771074295043945, 9464
2.578108549118042, 9463
2.578108549118042, 9462
2.579102039337158, 9461
2.579102039337158, 9460
2.58010196685791, 9459
2.58010196685791, 9458
2.58010196685791, 9457
2.5811007022857666, 9456
2.5811007022857666, 9455
2.582094192504883, 9454
2.582094192504883, 9453
2.5830888748168945, 9452
2.58406925201416, 9451
2.5850868225097656, 9450
2.587078809738159, 9449
2.590073347091675, 9448
2.590073347091675, 9447
2.5910680294036865, 9446
2.5910680294036865, 9445
2.5920352935791016, 9444
2.593036413192749, 9443
2.593036413192749, 9442
2.594031810760498, 9441
2.594031810760498, 9440
2.5950324535369873, 9439
2.5960283279418945, 9438
2.5960283279418945, 9437
2.59702467918396, 9436
2.598022937774658, 9435
2.598022937774658, 9434
2.5990188121795654, 9433
2.5990188121795654, 9432
2.60001802444458, 9431
2.60001802444458, 9430
2.6030173301696777, 9429
2.606999397277832, 9428
2.6079940795898438, 9427
2.608991861343384, 9426
2.6099889278411865, 9425
2.6119844913482666, 9424
2.6129813194274902, 9423
2.6129813194274902, 9422
2.613978624343872, 9421
2.614976406097412, 9420
2.615973472595215, 9419
2.617966413497925, 9418
2.6219656467437744, 9417
2.6239511966705322, 9416
2.6249473094940186, 9415
2.6249473094940186, 9414
2.625944137573242, 9413
2.6269431114196777, 9412
2.627939462661743, 9411
2.628937005996704, 9410
2.628937005996704, 9409
2.629934549331665, 9408
2.629934549331665, 9407
2.6309316158294678, 9406
2.6319284439086914, 9405
2.6319284439086914, 9404
2.6319284439086914, 9403
2.633923292160034, 9402
2.637924909591675, 9401
2.6409049034118652, 9400
2.641901731491089, 9399
2.642901659011841, 9398
2.6438992023468018, 9397
2.6458938121795654, 9396
2.646890878677368, 9395
2.647888660430908, 9394
2.64888596534729, 9393
2.6499171257019043, 9392
2.6538827419281006, 9391
2.656864643096924, 9390
2.656864643096924, 9389
2.6578612327575684, 9388
2.659858465194702, 9387
2.6608517169952393, 9386
2.6618547439575195, 9385
2.662846326828003, 9384
2.664841651916504, 9383
2.6658785343170166, 9382
2.667832851409912, 9381
2.671842575073242, 9380
2.673818826675415, 9379
2.674816131591797, 9378
2.675811529159546, 9377
2.676809072494507, 9376
2.6778061389923096, 9375
2.6778061389923096, 9374
2.6788036823272705, 9373
2.6788036823272705, 9372
2.679800510406494, 9371
2.679800510406494, 9370
2.680798053741455, 9369
2.681797981262207, 9368
2.681797981262207, 9367
2.6827950477600098, 9366
2.6827950477600098, 9365
2.6837892532348633, 9364
2.6847879886627197, 9363
2.6877801418304443, 9362
2.6907713413238525, 9361
2.691769599914551, 9360
2.692767858505249, 9359
2.69376540184021, 9358
2.694765090942383, 9357
2.6957602500915527, 9356
2.6977529525756836, 9355
2.6977529525756836, 9354
2.699748992919922, 9353
2.7007501125335693, 9352
2.7037463188171387, 9351
2.7067291736602783, 9350
2.7087254524230957, 9349
2.7097256183624268, 9348
2.7097256183624268, 9347
2.7107181549072266, 9346
2.7107181549072266, 9345
2.7117161750793457, 9344
2.7127127647399902, 9343
2.713714122772217, 9342
2.713714122772217, 9341
2.714707374572754, 9340
2.714707374572754, 9339
2.7157039642333984, 9338
2.717700242996216, 9337
2.717700242996216, 9336
2.722693920135498, 9335
2.7256786823272705, 9334
2.7266767024993896, 9333
2.7266767024993896, 9332
2.728672742843628, 9331
2.729670524597168, 9330
2.7306671142578125, 9329
2.7316641807556152, 9328
2.7326607704162598, 9327
2.733657121658325, 9326
2.733657121658325, 9325
2.7366719245910645, 9324
2.7396724224090576, 9323
2.740638494491577, 9322
2.740638494491577, 9321
2.7426340579986572, 9320
2.7426340579986572, 9319
2.743631362915039, 9318
2.743631362915039, 9317
2.74462890625, 9316
2.7456259727478027, 9315
2.7456259727478027, 9314
2.7466237545013428, 9313
2.7466237545013428, 9312
2.7486181259155273, 9311
2.7486181259155273, 9310
2.7496161460876465, 9309
2.7496161460876465, 9308
2.7506139278411865, 9307
2.7516088485717773, 9306
2.7536206245422363, 9305
2.7565958499908447, 9304
2.760584831237793, 9303
2.761582136154175, 9302
2.7625792026519775, 9301
2.7635765075683594, 9300
2.7645740509033203, 9299
2.7665679454803467, 9298
2.7675654888153076, 9297
2.7695610523223877, 9296
2.7735512256622314, 9295
2.7755444049835205, 9294
2.7765469551086426, 9293
2.7785377502441406, 9292
2.779533624649048, 9291
2.7805325984954834, 9290
2.782525062561035, 9289
2.7835237979888916, 9288
2.7845242023468018, 9287
2.7845242023468018, 9286
2.789508819580078, 9285
2.7915048599243164, 9284
2.7915048599243164, 9283
2.79349684715271, 9282
2.7944939136505127, 9281
2.7954916954040527, 9280
2.797485828399658, 9279
2.7984836101531982, 9278
2.8004772663116455, 9277
2.8014800548553467, 9276
2.803501844406128, 9275
2.8064680099487305, 9274
2.807459592819214, 9273
2.807459592819214, 9272
2.8084568977355957, 9271
2.8094558715820312, 9270
2.8104522228240967, 9269
2.8104522228240967, 9268
2.8114495277404785, 9267
2.8114495277404785, 9266
2.8124475479125977, 9265
2.8124475479125977, 9264
2.8134446144104004, 9263
2.8144419193267822, 9262
2.8144419193267822, 9261
2.815439224243164, 9260
2.816436529159546, 9259
2.816436529159546, 9258
2.817434310913086, 9257
2.8184313774108887, 9256
2.8234171867370605, 9255
2.824415445327759, 9254
2.824415445327759, 9253
2.825411081314087, 9252
2.8264083862304688, 9251
2.8264083862304688, 9250
2.8264083862304688, 9249
2.8274052143096924, 9248
2.8274052143096924, 9247
2.828402519226074, 9246
2.828402519226074, 9245
2.8294005393981934, 9244
2.8294005393981934, 9243
2.830397367477417, 9242
2.830397367477417, 9241
2.831395387649536, 9240
2.831395387649536, 9239
2.8323919773101807, 9238
2.8323919773101807, 9237
2.8323919773101807, 9236
2.8333897590637207, 9235
2.8343865871429443, 9234
2.8343865871429443, 9233
2.8383853435516357, 9232
2.840372085571289, 9231
2.840372085571289, 9230
2.8413689136505127, 9229
2.84236741065979, 9228
2.8433644771575928, 9227
2.8443617820739746, 9226
2.8453588485717773, 9225
2.8473525047302246, 9224
2.8483495712280273, 9223
2.8493480682373047, 9222
2.851341724395752, 9221
2.8553404808044434, 9220
2.8573267459869385, 9219
2.8593204021453857, 9218
2.8613150119781494, 9217
2.862311840057373, 9216
2.863308906555176, 9215
2.8643088340759277, 9214
2.8643088340759277, 9213
2.865304946899414, 9212
2.865304946899414, 9211
2.866302251815796, 9210
2.866302251815796, 9209
2.8672995567321777, 9208
2.8682973384857178, 9207
2.8713033199310303, 9206
2.8732845783233643, 9205
2.8732845783233643, 9204
2.874281167984009, 9203
2.874281167984009, 9202
2.875277519226074, 9201
2.875277519226074, 9200
2.8762753009796143, 9199
2.8762753009796143, 9198
2.877272129058838, 9197
2.877272129058838, 9196
2.8782691955566406, 9195
2.8782691955566406, 9194
2.8792665004730225, 9193
2.8792665004730225, 9192
2.8802638053894043, 9191
2.8802638053894043, 9190
2.8802638053894043, 9189
2.881261110305786, 9188
2.881261110305786, 9187
2.882258653640747, 9186
2.882258653640747, 9185
2.8832592964172363, 9184
2.8832592964172363, 9183
2.884254217147827, 9182
2.884254217147827, 9181
2.886284351348877, 9180
2.8892416954040527, 9179
2.890239953994751, 9178
2.8912365436553955, 9177
2.8912365436553955, 9176
2.892232656478882, 9175
2.892232656478882, 9174
2.8932299613952637, 9173
2.8932299613952637, 9172
2.8932299613952637, 9171
2.894226551055908, 9170
2.894226551055908, 9169
2.89522385597229, 9168
2.89522385597229, 9167
2.896221399307251, 9166
2.896221399307251, 9165
2.8972184658050537, 9164
2.8982179164886475, 9163
2.8982179164886475, 9162
2.899214744567871, 9161
2.899214744567871, 9160
2.9002130031585693, 9159
2.9012086391448975, 9158
2.9042012691497803, 9157
2.9071929454803467, 9156
2.9081900119781494, 9155
2.909187078475952, 9154
2.909187078475952, 9153
2.910184383392334, 9152
2.9111814498901367, 9151
2.9111814498901367, 9150
2.9121787548065186, 9149
2.9141738414764404, 9148
2.915170907974243, 9147
2.917165756225586, 9146
2.9181630611419678, 9145
2.9231507778167725, 9144
2.9241480827331543, 9143
2.9241480827331543, 9142
2.925145387649536, 9141
2.925145387649536, 9140
2.9261412620544434, 9139
2.927138328552246, 9138
2.927138328552246, 9137
2.9281368255615234, 9136
2.9281368255615234, 9135
2.929133892059326, 9134
2.929133892059326, 9133
2.929133892059326, 9132
2.9301304817199707, 9131
2.9301304817199707, 9130
2.9311280250549316, 9129
2.9311280250549316, 9128
2.9321250915527344, 9127
2.9321250915527344, 9126
2.9331228733062744, 9125
2.9331228733062744, 9124
2.934119939804077, 9123
2.934119939804077, 9122
2.9371283054351807, 9121
2.9391160011291504, 9120
2.940105438232422, 9119
2.940105438232422, 9118
2.94209885597229, 9117
2.94209885597229, 9116
2.94309663772583, 9115
2.94309663772583, 9114
2.944094181060791, 9113
2.944094181060791, 9112
2.944094181060791, 9111
2.9450905323028564, 9110
2.9450905323028564, 9109
2.9460878372192383, 9108
2.9460878372192383, 9107
2.94708514213562, 9106
2.94708514213562, 9105
2.948082447052002, 9104
2.948082447052002, 9103
2.949080467224121, 9102
2.949080467224121, 9101
2.949080467224121, 9100
2.951075553894043, 9099
2.951075553894043, 9098
2.953099012374878, 9097
2.9561524391174316, 9096
2.957059860229492, 9095
2.957059860229492, 9094
2.958056926727295, 9093
2.959054470062256, 9092
2.959054470062256, 9091
2.9600512981414795, 9090
2.9610486030578613, 9089
2.962045907974243, 9088
2.963043212890625, 9087
2.964040517807007, 9086
2.9650375843048096, 9085
2.966036081314087, 9084
2.966036081314087, 9083
2.9670324325561523, 9082
2.9680299758911133, 9081
2.97204327583313, 9080
2.9730167388916016, 9079
2.9740149974823, 9078
2.9740149974823, 9077
2.975010633468628, 9076
2.976008892059326, 9075
2.977005958557129, 9074
2.9780030250549316, 9073
2.979001045227051, 9072
2.9799978733062744, 9071
2.9809958934783936, 9070
2.9809958934783936, 9069
2.981992244720459, 9068
2.981992244720459, 9067
2.98298978805542, 9066
2.9839870929718018, 9065
2.9849843978881836, 9064
2.988981246948242, 9063
2.9899725914001465, 9062
2.9899725914001465, 9061
2.990969181060791, 9060
2.990969181060791, 9059
2.9919662475585938, 9058
2.993961811065674, 9057
2.9949588775634766, 9056
2.9959566593170166, 9055
2.9969534873962402, 9054
2.997951030731201, 9053
2.998948097229004, 9052
2.999945640563965, 9051
3.0009429454803467, 9050
3.0049452781677246, 9049
3.006927013397217, 9048
3.006927013397217, 9047
3.0079236030578613, 9046
3.0079236030578613, 9045
3.008920669555664, 9044
3.008920669555664, 9043
3.009917736053467, 9042
3.009917736053467, 9041
3.010916233062744, 9040
3.010916233062744, 9039
3.010916233062744, 9038
3.0119128227233887, 9037
3.0119128227233887, 9036
3.012911796569824, 9035
3.0139074325561523, 9034
3.0139074325561523, 9033
3.0139074325561523, 9032
3.014904737472534, 9031
3.014904737472534, 9030
3.015902042388916, 9029
3.015902042388916, 9028
3.0168991088867188, 9027
3.0168991088867188, 9026
3.017897605895996, 9025
3.018897533416748, 9024
3.0219004154205322, 9023
3.0228850841522217, 9022
3.0228850841522217, 9021
3.023881435394287, 9020
3.023881435394287, 9019
3.0248780250549316, 9018
3.0248780250549316, 9017
3.025876760482788, 9016
3.025876760482788, 9015
3.025876760482788, 9014
3.0268728733062744, 9013
3.0268728733062744, 9012
3.0278706550598145, 9011
3.0278706550598145, 9010
3.0288679599761963, 9009
3.0288679599761963, 9008
3.029864549636841, 9007
3.029864549636841, 9006
3.0308618545532227, 9005
3.0308618545532227, 9004
3.0318593978881836, 9003
3.0318593978881836, 9002
3.0328574180603027, 9001
3.0328574180603027, 9000
3.0338540077209473, 8999
3.0338540077209473, 8998
3.0338540077209473, 8997
3.034853458404541, 8996
3.0368573665618896, 8995
3.0378479957580566, 8994
3.0378479957580566, 8993
3.0388426780700684, 8992
3.0388426780700684, 8991
3.039837121963501, 8990
3.039837121963501, 8989
3.0408365726470947, 8988
3.0408365726470947, 8987
3.0418331623077393, 8986
3.0418331623077393, 8985
3.0418331623077393, 8984
3.042829990386963, 8983
3.042829990386963, 8982
3.0438272953033447, 8981
3.0438272953033447, 8980
3.044825553894043, 8979
3.044825553894043, 8978
3.0458221435546875, 8977
3.0458221435546875, 8976
3.0458221435546875, 8975
3.0468194484710693, 8974
3.0478179454803467, 8973
3.0478179454803467, 8972
3.0478179454803467, 8971
3.048814296722412, 8970
3.048814296722412, 8969
3.0498111248016357, 8968
3.0498111248016357, 8967
3.0508079528808594, 8966
3.0508079528808594, 8965
3.051805019378662, 8964
3.051805019378662, 8963
3.0528035163879395, 8962
3.0528035163879395, 8961
3.053800106048584, 8960
3.053800106048584, 8959
3.053800106048584, 8958
3.054797410964966, 8957
3.055795431137085, 8956
3.055795431137085, 8955
3.055795431137085, 8954
3.0567917823791504, 8953
3.0567917823791504, 8952
3.0577893257141113, 8951
3.0577893257141113, 8950
3.058786392211914, 8949
3.058786392211914, 8948
3.059783697128296, 8947
3.059783697128296, 8946
3.060781240463257, 8945
3.060781240463257, 8944
3.060781240463257, 8943
3.0617785453796387, 8942
3.0617785453796387, 8941
3.0627763271331787, 8940
3.0627763271331787, 8939
3.0637733936309814, 8938
3.0637733936309814, 8937
3.064770460128784, 8936
3.065768003463745, 8935
3.065768003463745, 8934
3.066765069961548, 8933
3.066765069961548, 8932
3.066765069961548, 8931
3.067762613296509, 8930
3.067762613296509, 8929
3.0697576999664307, 8928
3.0697576999664307, 8927
3.0707550048828125, 8926
3.0707550048828125, 8925
3.0717594623565674, 8924
3.072751998901367, 8923
3.073747396469116, 8922
3.0747461318969727, 8921
3.0747461318969727, 8920
3.0758519172668457, 8919
3.0758519172668457, 8918
3.076850175857544, 8917
3.076850175857544, 8916
3.077874183654785, 8915
3.077874183654785, 8914
3.078871250152588, 8913
3.078871250152588, 8912
3.078871250152588, 8911
3.0798685550689697, 8910
3.0798685550689697, 8909
3.0808660984039307, 8908
3.0808660984039307, 8907
3.081864595413208, 8906
3.081864595413208, 8905
3.082973003387451, 8904
3.082973003387451, 8903
3.0839974880218506, 8902
3.0839974880218506, 8901
3.0839974880218506, 8900
3.0849688053131104, 8899
3.086000680923462, 8898
3.086965799331665, 8897
3.087961435317993, 8896
3.087961435317993, 8895
3.0889580249786377, 8894
3.0889580249786377, 8893
3.0899546146392822, 8892
3.0899546146392822, 8891
3.0909523963928223, 8890
3.0909523963928223, 8889
3.0919487476348877, 8888
3.0919487476348877, 8887
3.0929465293884277, 8886
3.0929465293884277, 8885
3.0939433574676514, 8884
3.0939433574676514, 8883
3.0939433574676514, 8882
3.094940423965454, 8881
3.094940423965454, 8880
3.095937967300415, 8879
3.095937967300415, 8878
3.096935272216797, 8877
3.096935272216797, 8876
3.0989632606506348, 8875
3.0989632606506348, 8874
3.099928379058838, 8873
3.099928379058838, 8872
3.099928379058838, 8871
3.100957155227661, 8870
3.100957155227661, 8869
3.1019279956817627, 8868
3.1019279956817627, 8867
3.1019279956817627, 8866
3.102952003479004, 8865
3.102952003479004, 8864
3.1039488315582275, 8863
3.1039488315582275, 8862
3.1049442291259766, 8861
3.1049442291259766, 8860
3.1059439182281494, 8859
3.1059439182281494, 8858
3.1069412231445312, 8857
3.107943534851074, 8856
3.107943534851074, 8855
3.108936071395874, 8854
3.108936071395874, 8853
3.108936071395874, 8852
3.1099369525909424, 8851
3.1099369525909424, 8850
3.1109304428100586, 8849
3.1109304428100586, 8848
3.1119277477264404, 8847
3.1119277477264404, 8846
3.1129231452941895, 8845
3.113891124725342, 8844
3.114889621734619, 8843
3.116020679473877, 8842
3.1170196533203125, 8841
3.1170196533203125, 8840
3.118015766143799, 8839
3.1190147399902344, 8838
3.1190147399902344, 8837
3.120011568069458, 8836
3.120011568069458, 8835
3.12100887298584, 8834
3.1220061779022217, 8833
3.1230039596557617, 8832
3.1230039596557617, 8831
3.1240005493164062, 8830
3.1241323947906494, 8829
3.125131130218506, 8828
3.1261281967163086, 8827
3.1271257400512695, 8826
3.129122734069824, 8825
3.1301183700561523, 8824
3.1301183700561523, 8823
3.131114959716797, 8822
3.132112503051758, 8821
3.132305383682251, 8820
3.1333043575286865, 8819
3.13430118560791, 8818
3.136296510696411, 8817
3.136296510696411, 8816
3.137294054031372, 8815
3.137294054031372, 8814
3.137294054031372, 8813
3.1392884254455566, 8812
3.1402852535247803, 8811
3.141282558441162, 8810
3.142280101776123, 8809
3.143277406692505, 8808
3.144275665283203, 8807
3.144275665283203, 8806
3.145273447036743, 8805
3.145273447036743, 8804
3.1462695598602295, 8803
3.1472668647766113, 8802
3.148264169692993, 8801
3.1483941078186035, 8800
3.149393081665039, 8799
3.150390625, 8798
3.1513876914978027, 8797
3.152384042739868, 8796
3.152384042739868, 8795
3.153416156768799, 8794
3.153416156768799, 8793
3.153416156768799, 8792
3.1544113159179688, 8791
3.1544113159179688, 8790
3.155521869659424, 8789
3.155521869659424, 8788
3.155521869659424, 8787
3.1565513610839844, 8786
3.1565513610839844, 8785
3.1575522422790527, 8784
3.1575522422790527, 8783
3.1575522422790527, 8782
3.158546209335327, 8781
3.159514904022217, 8780
3.159514904022217, 8779
3.1605384349823, 8778
3.1605384349823, 8777
3.1605384349823, 8776
3.1615381240844727, 8775
3.1615381240844727, 8774
3.1625359058380127, 8773
3.1625359058380127, 8772
3.163658618927002, 8771
3.163658618927002, 8770
3.163658618927002, 8769
3.164689540863037, 8768
3.164689540863037, 8767
3.1656856536865234, 8766
3.1656856536865234, 8765
3.1666855812072754, 8764
3.167679786682129, 8763
3.167679786682129, 8762
3.1686458587646484, 8761
3.169642925262451, 8760
3.169642925262451, 8759
3.169642925262451, 8758
3.1706395149230957, 8757
3.1706395149230957, 8756
3.1716368198394775, 8755
3.1716368198394775, 8754
3.1726341247558594, 8753
3.172912836074829, 8752
3.173912286758423, 8751
3.174907922744751, 8750
3.174907922744751, 8749
3.1759040355682373, 8748
3.1759040355682373, 8747
3.1769015789031982, 8746
3.1769015789031982, 8745
3.17789888381958, 8744
3.17789888381958, 8743
3.17789888381958, 8742
3.178896188735962, 8741
3.178896188735962, 8740
3.179893732070923, 8739
3.179893732070923, 8738
3.179893732070923, 8737
3.1808907985687256, 8736
3.1808907985687256, 8735
3.1818883419036865, 8734
3.1818883419036865, 8733
3.1828856468200684, 8732
3.1828856468200684, 8731
3.18388295173645, 8730
3.18388295173645, 8729
3.184880256652832, 8728
3.184880256652832, 8727
3.185878038406372, 8726
3.185878038406372, 8725
3.186875104904175, 8724
3.186875104904175, 8723
3.186875104904175, 8722
3.1879918575286865, 8721
3.188990831375122, 8720
3.189988613128662, 8719
3.190985679626465, 8718
3.1919827461242676, 8717
3.1929798126220703, 8716
3.1939773559570312, 8715
3.194974660873413, 8714
3.196079730987549, 8713
3.197078227996826, 8712
3.197078227996826, 8711
3.198075532913208, 8710
3.198075532913208, 8709
3.1990725994110107, 8708
3.2000701427459717, 8707
3.2010676860809326, 8706
3.202063798904419, 8705
3.2030625343322754, 8704
3.204298973083496, 8703
3.2052979469299316, 8702
3.2062952518463135, 8701
3.207292318344116, 8700
3.208289623260498, 8699
3.209286689758301, 8698
3.2102842330932617, 8697
3.2112815380096436, 8696
3.2123847007751465, 8695
3.213383913040161, 8694
3.214380979537964, 8693
3.214380979537964, 8692
3.2153780460357666, 8691
3.2163753509521484, 8690
3.2173728942871094, 8689
3.218370199203491, 8688
3.2193663120269775, 8687
3.2193663120269775, 8686
3.2193663120269775, 8685
3.220365524291992, 8684
3.221362590789795, 8683
3.2223598957061768, 8682
3.2233569622039795, 8681
3.2243547439575195, 8680
3.225351572036743, 8679
3.227346181869507, 8678
3.227346181869507, 8677
3.227346181869507, 8676
3.2284748554229736, 8675
3.229473829269409, 8674
3.230470657348633, 8673
3.2314682006835938, 8672
3.2324655055999756, 8671
3.2334628105163574, 8670
3.2344603538513184, 8669
3.2354557514190674, 8668
3.2365834712982178, 8667
3.2375829219818115, 8666
3.239577054977417, 8665
3.240574598312378, 8664
3.2415716648101807, 8663
3.2425689697265625, 8662
3.2425689697265625, 8661
3.2425689697265625, 8660
3.2435662746429443, 8659
3.2435662746429443, 8658
3.244563341140747, 8657
3.245561122894287, 8656
3.246558427810669, 8655
3.2475554943084717, 8654
3.2485527992248535, 8653
3.2495503425598145, 8652
3.2505478858947754, 8651
3.251544952392578, 8650
3.252542495727539, 8649
3.2535407543182373, 8648
3.2535407543182373, 8647
3.254537343978882, 8646
3.2555344104766846, 8645
3.256531238555908, 8644
3.2575297355651855, 8643
3.2575297355651855, 8642
3.2575297355651855, 8641
3.25852632522583, 8640
3.259523391723633, 8639
3.2605209350585938, 8638
3.261519193649292, 8637
3.261519193649292, 8636
3.2625157833099365, 8635
3.2635130882263184, 8634
3.2645108699798584, 8633
3.265507698059082, 8632
3.265507698059082, 8631
3.266505002975464, 8630
3.266505002975464, 8629
3.2676379680633545, 8628
3.2686352729797363, 8627
3.269634246826172, 8626
3.269634246826172, 8625
3.2706310749053955, 8624
3.271627187728882, 8623
3.271627187728882, 8622
3.271627187728882, 8621
3.2726263999938965, 8620
3.273623466491699, 8619
3.274620294570923, 8618
3.2756192684173584, 8617
3.2756192684173584, 8616
3.276726484298706, 8615
3.2777254581451416, 8614
3.2787225246429443, 8613
3.2787225246429443, 8612
3.2797203063964844, 8611
3.2797203063964844, 8610
3.2797203063964844, 8609
3.280717611312866, 8608
3.28171443939209, 8607
3.282711982727051, 8606
3.2838003635406494, 8605
3.285797119140625, 8604
3.285797119140625, 8603
3.285797119140625, 8602
3.2877914905548096, 8601
3.2877914905548096, 8600
3.2877914905548096, 8599
3.2887885570526123, 8598
3.289785623550415, 8597
3.290783166885376, 8596
3.291895627975464, 8595
3.292778253555298, 8594
3.2937753200531006, 8593
3.2947728633880615, 8592
3.2957699298858643, 8591
3.296767234802246, 8590
3.297764778137207, 8589
3.2987618446350098, 8588
3.2997593879699707, 8587
3.3007566928863525, 8586
3.302750587463379, 8585
3.302750587463379, 8584
3.3037474155426025, 8583
3.3037474155426025, 8582
3.3037474155426025, 8581
3.3047444820404053, 8580
3.3057432174682617, 8579
3.3057432174682617, 8578
3.3067398071289062, 8577
3.3067398071289062, 8576
3.307737350463867, 8575
3.307737350463867, 8574
3.30873441696167, 8573
3.30873441696167, 8572
3.3097317218780518, 8571
3.3097317218780518, 8570
3.3107290267944336, 8569
3.3107290267944336, 8568
3.3107290267944336, 8567
3.311725378036499, 8566
3.312760829925537, 8565
3.314755439758301, 8564
3.315753221511841, 8563
3.316751003265381, 8562
3.317751884460449, 8561
3.3187448978424072, 8560
3.3207459449768066, 8559
3.32174015045166, 8558
3.3227362632751465, 8557
3.3227362632751465, 8556
3.3237338066101074, 8555
3.3237338066101074, 8554
3.3247315883636475, 8553
3.3247315883636475, 8552
3.325727939605713, 8551
3.325727939605713, 8550
3.328718423843384, 8549
3.3297204971313477, 8548
3.3297204971313477, 8547
3.3297204971313477, 8546
3.330712080001831, 8545
3.331709623336792, 8544
3.331709623336792, 8543
3.3327083587646484, 8542
3.3327083587646484, 8541
3.333704710006714, 8540
3.333704710006714, 8539
3.3347039222717285, 8538
3.3377087116241455, 8537
3.3406875133514404, 8536
3.3406875133514404, 8535
3.3416833877563477, 8534
3.3416833877563477, 8533
3.342679977416992, 8532
3.3436806201934814, 8531
3.3446764945983887, 8530
3.3446764945983887, 8529
3.345672845840454, 8528
3.345672845840454, 8527
3.345672845840454, 8526
3.3466696739196777, 8525
3.3476672172546387, 8524
3.3476672172546387, 8523
3.348665714263916, 8522
3.348665714263916, 8521
3.348665714263916, 8520
3.3496618270874023, 8519
3.350660562515259, 8518
3.355661153793335, 8517
3.3566462993621826, 8516
3.3576431274414062, 8515
3.3576431274414062, 8514
3.3586392402648926, 8513
3.36063551902771, 8512
3.36063551902771, 8511
3.3616318702697754, 8510
3.3626291751861572, 8509
3.3626291751861572, 8508
3.363626718521118, 8507
3.3646249771118164, 8506
3.3646249771118164, 8505
3.365622043609619, 8504
3.365622043609619, 8503
3.36661958694458, 8502
3.36661958694458, 8501
3.367617607116699, 8500
3.371612787246704, 8499
3.373598337173462, 8498
3.374600410461426, 8497
3.3780741691589355, 8496
3.378584861755371, 8495
3.378584861755371, 8494
3.379581928253174, 8493
3.379581928253174, 8492
3.3805789947509766, 8491
3.3805789947509766, 8490
3.3815770149230957, 8489
3.3815770149230957, 8488
3.3825740814208984, 8487
3.3825740814208984, 8486
3.3835713863372803, 8485
3.3835713863372803, 8484
3.384568452835083, 8483
3.3875625133514404, 8482
3.3905539512634277, 8481
3.3915507793426514, 8480
3.3925485610961914, 8479
3.393544912338257, 8478
3.3955397605895996, 8477
3.3965377807617188, 8476
3.3965377807617188, 8475
3.397533416748047, 8474
3.398531675338745, 8473
3.398531675338745, 8472
3.3995299339294434, 8471
3.3995299339294434, 8470
3.400526285171509, 8469
3.400526285171509, 8468
3.4015233516693115, 8467
3.405524253845215, 8466
3.4075076580047607, 8465
3.408504009246826, 8464
3.4095020294189453, 8463
3.4105000495910645, 8462
3.4105000495910645, 8461
3.41149640083313, 8460
3.4124937057495117, 8459
3.4124937057495117, 8458
3.4134912490844727, 8457
3.4134912490844727, 8456
3.4144887924194336, 8455
3.4144887924194336, 8454
3.4154856204986572, 8453
3.4154856204986572, 8452
3.416484832763672, 8451
3.416484832763672, 8450
3.41748046875, 8449
3.41748046875, 8448
3.421478033065796, 8447
3.42346453666687, 8446
3.425459861755371, 8445
3.426457643508911, 8444
3.4274544715881348, 8443
3.4284515380859375, 8442
3.4294486045837402, 8441
3.4304473400115967, 8440
3.4314444065093994, 8439
3.4334402084350586, 8438
3.4344358444213867, 8437
3.437429904937744, 8436
3.4394235610961914, 8435
3.4414169788360596, 8434
3.4424147605895996, 8433
3.443413257598877, 8432
3.443413257598877, 8431
3.4444096088409424, 8430
3.4444096088409424, 8429
3.4454071521759033, 8428
3.4454071521759033, 8427
3.446403741836548, 8426
3.446403741836548, 8425
3.4474027156829834, 8424
3.4474027156829834, 8423
3.4484002590179443, 8422
3.4484002590179443, 8421
3.4493966102600098, 8420
3.4493966102600098, 8419
3.4493966102600098, 8418
3.45039963722229, 8417
3.4513919353485107, 8416
3.45438289642334, 8415
3.4563770294189453, 8414
3.4573748111724854, 8413
3.458373546600342, 8412
3.4603664875030518, 8411
3.4613635540008545, 8410
3.4623606204986572, 8409
3.4633593559265137, 8408
3.4633593559265137, 8407
3.464354991912842, 8406
3.464354991912842, 8405
3.464354991912842, 8404
3.465352773666382, 8403
3.465352773666382, 8402
3.4663500785827637, 8401
3.4663500785827637, 8400
3.4673516750335693, 8399
3.471341848373413, 8398
3.4733316898345947, 8397
3.4743294715881348, 8396
3.4753258228302, 8395
3.4753258228302, 8394
3.4753258228302, 8393
3.476322650909424, 8392
3.476322650909424, 8391
3.477320671081543, 8390
3.477320671081543, 8389
3.4783172607421875, 8388
3.4783172607421875, 8387
3.4783172607421875, 8386
3.4793145656585693, 8385
3.4793145656585693, 8384
3.480311870574951, 8383
3.481315851211548, 8382
3.481315851211548, 8381
3.4823086261749268, 8380
3.4823086261749268, 8379
3.483304977416992, 8378
3.483304977416992, 8377
3.484304666519165, 8376
3.487294912338257, 8375
3.4902870655059814, 8374
3.4902870655059814, 8373
3.491283893585205, 8372
3.492281675338745, 8371
3.49328351020813, 8370
3.49328351020813, 8369
3.49328351020813, 8368
3.4942753314971924, 8367
3.496269941329956, 8366
3.497267484664917, 8365
3.497267484664917, 8364
3.4982645511627197, 8363
3.4982645511627197, 8362
3.4982645511627197, 8361
3.4992613792419434, 8360
3.4992613792419434, 8359
3.500258684158325, 8358
3.500258684158325, 8357
3.501255989074707, 8356
3.505255937576294, 8355
3.5072410106658936, 8354
3.5082387924194336, 8353
3.5092363357543945, 8352
3.5102386474609375, 8351
3.511230945587158, 8350
3.512228012084961, 8349
3.5132253170013428, 8348
3.5132253170013428, 8347
3.514223337173462, 8346
3.5162177085876465, 8345
3.517214775085449, 8344
3.517214775085449, 8343
3.5182125568389893, 8342
3.5222084522247314, 8341
3.5241963863372803, 8340
3.5241963863372803, 8339
3.5241963863372803, 8338
3.526191234588623, 8337
3.5271880626678467, 8336
3.5281853675842285, 8335
3.5281853675842285, 8334
3.5291812419891357, 8333
3.5301856994628906, 8332
3.5311789512634277, 8331
3.5311789512634277, 8330
3.5311789512634277, 8329
3.53218412399292, 8328
3.5331737995147705, 8327
3.5331737995147705, 8326
3.5341718196868896, 8325
3.538165807723999, 8324
3.5401527881622314, 8323
3.541151762008667, 8322
3.5421481132507324, 8321
3.5421481132507324, 8320
3.5421481132507324, 8319
3.543145179748535, 8318
3.543145179748535, 8317
3.544142484664917, 8316
3.544142484664917, 8315
3.5451393127441406, 8314
3.5451393127441406, 8313
3.5451393127441406, 8312
3.5461368560791016, 8311
3.5471341609954834, 8310
3.5471341609954834, 8309
3.5481324195861816, 8308
3.5481324195861816, 8307
3.5491294860839844, 8306
3.5491294860839844, 8305
3.5491294860839844, 8304
3.550126314163208, 8303
3.5521271228790283, 8302
3.5551295280456543, 8301
3.55610990524292, 8300
3.5571088790893555, 8299
3.5571088790893555, 8298
3.558103322982788, 8297
3.558103322982788, 8296
3.5591022968292236, 8295
3.5591022968292236, 8294
3.5600998401641846, 8293
3.5600998401641846, 8292
3.5610969066619873, 8291
3.5610969066619873, 8290
3.5620999336242676, 8289
3.5620999336242676, 8288
3.5620999336242676, 8287
3.563093662261963, 8286
3.563093662261963, 8285
3.5640885829925537, 8284
3.5640885829925537, 8283
3.565086603164673, 8282
3.565086603164673, 8281
3.565086603164673, 8280
3.5660834312438965, 8279
3.567082166671753, 8278
3.5690834522247314, 8277
3.573068618774414, 8276
3.575059413909912, 8275
3.575059413909912, 8274
3.576056718826294, 8273
3.577054023742676, 8272
3.577054023742676, 8271
3.577054023742676, 8270
3.5780510902404785, 8269
3.5780510902404785, 8268
3.5790491104125977, 8267
3.5790491104125977, 8266
3.5800485610961914, 8265
3.5800485610961914, 8264
3.581043243408203, 8263
3.581043243408203, 8262
3.581043243408203, 8261
3.5830392837524414, 8260
3.584035873413086, 8259
3.5880329608917236, 8258
3.5900206565856934, 8257
3.5900206565856934, 8256
3.591017246246338, 8255
3.591017246246338, 8254
3.592015266418457, 8253
3.592015266418457, 8252
3.5930116176605225, 8251
3.5930116176605225, 8250
3.5930116176605225, 8249
3.594008684158325, 8248
3.594008684158325, 8247
3.595006227493286, 8246
3.595006227493286, 8245
3.596003532409668, 8244
3.596003532409668, 8243
3.596003532409668, 8242
3.597001552581787, 8241
3.597001552581787, 8240
3.5979979038238525, 8239
3.5989952087402344, 8238
3.5989952087402344, 8237
3.599992513656616, 8236
3.599992513656616, 8235
3.60098934173584, 8234
3.60098934173584, 8233
3.601989507675171, 8232
3.6059775352478027, 8231
3.6069748401641846, 8230
3.6069748401641846, 8229
3.60797119140625, 8228
3.60797119140625, 8227
3.60797119140625, 8226
3.6089680194854736, 8225
3.6089680194854736, 8224
3.6099650859832764, 8223
3.6099650859832764, 8222
3.6099650859832764, 8221
3.6109626293182373, 8220
3.6109626293182373, 8219
3.611959934234619, 8218
3.611959934234619, 8217
3.612957239151001, 8216
3.612957239151001, 8215
3.612957239151001, 8214
3.6149535179138184, 8213
3.6149535179138184, 8212
3.6149535179138184, 8211
3.6159508228302, 8210
3.6159508228302, 8209
3.616948127746582, 8208
3.616948127746582, 8207
3.619950532913208, 8206
3.6229312419891357, 8205
3.623929738998413, 8204
3.623929738998413, 8203
3.6249263286590576, 8202
3.6249263286590576, 8201
3.6249263286590576, 8200
3.6259233951568604, 8199
3.6259233951568604, 8198
3.6269209384918213, 8197
3.627918004989624, 8196
3.627918004989624, 8195
3.6289162635803223, 8194
3.6289162635803223, 8193
3.629912853240967, 8192
3.6309099197387695, 8191
3.6309099197387695, 8190
3.6309099197387695, 8189
3.631906747817993, 8188
3.631906747817993, 8187
3.632903814315796, 8186
3.632903814315796, 8185
3.632903814315796, 8184
3.6339011192321777, 8183
3.6339011192321777, 8182
3.6348989009857178, 8181
3.6379001140594482, 8180
3.639885902404785, 8179
3.639885902404785, 8178
3.639885902404785, 8177
3.640882730484009, 8176
3.640882730484009, 8175
3.6418802738189697, 8174
3.6418802738189697, 8173
3.6428771018981934, 8172
3.6428771018981934, 8171
3.6428771018981934, 8170
3.6438751220703125, 8169
3.6438751220703125, 8168
3.644871950149536, 8167
3.645869255065918, 8166
3.645869255065918, 8165
3.646867036819458, 8164
3.6478638648986816, 8163
3.6478638648986816, 8162
3.6488614082336426, 8161
3.6498587131500244, 8160
3.6498587131500244, 8159
3.650855779647827, 8158
3.6518540382385254, 8157
3.6558446884155273, 8156
3.6558446884155273, 8155
3.6568424701690674, 8154
3.6578378677368164, 8153
3.6588356494903564, 8152
3.65983247756958, 8151
3.660830020904541, 8150
3.6618270874023438, 8149
3.6628246307373047, 8148
3.6638219356536865, 8147
3.6648190021514893, 8146
3.66581654548645, 8145
3.6668143272399902, 8144
3.667811393737793, 8143
3.6708226203918457, 8142
3.6727991104125977, 8141
3.673795700073242, 8140
3.6747920513153076, 8139
3.6747920513153076, 8138
3.6757891178131104, 8137
3.676787853240967, 8136
3.6777844429016113, 8135
3.6777844429016113, 8134
3.678781509399414, 8133
3.679778575897217, 8132
3.6807758808135986, 8131
3.6807758808135986, 8130
3.681774854660034, 8129
3.6827704906463623, 8128
3.6827704906463623, 8127
3.6837680339813232, 8126
3.684765577316284, 8125
3.6877684593200684, 8124
3.6897530555725098, 8123
3.6897530555725098, 8122
3.6907496452331543, 8121
3.691746950149536, 8120
3.692744493484497, 8119
3.6937413215637207, 8118
3.6937413215637207, 8117
3.6947386264801025, 8116
3.6957364082336426, 8115
3.6967344284057617, 8114
3.697730302810669, 8113
3.697730302810669, 8112
3.698728084564209, 8111
3.6997251510620117, 8110
3.6997251510620117, 8109
3.7007224559783936, 8108
3.7037160396575928, 8107
3.706707715988159, 8106
3.707705020904541, 8105
3.707705020904541, 8104
3.7087020874023438, 8103
3.7096986770629883, 8102
3.71069598197937, 8101
3.71169376373291, 8100
3.712690591812134, 8099
3.712690591812134, 8098
3.7136878967285156, 8097
3.7146852016448975, 8096
3.7146852016448975, 8095
3.7156825065612793, 8094
3.7166800498962402, 8093
3.7166800498962402, 8092
3.717677116394043, 8091
3.722665309906006, 8090
3.722665309906006, 8089
3.7236616611480713, 8088
3.724658966064453, 8087
3.725656509399414, 8086
3.726653814315796, 8085
3.726653814315796, 8084
3.7276506423950195, 8083
3.7286479473114014, 8082
3.729645252227783, 8081
3.729645252227783, 8080
3.730642557144165, 8079
3.731639862060547, 8078
3.732637882232666, 8077
3.732637882232666, 8076
3.733635425567627, 8075
3.7346320152282715, 8074
3.737635850906372, 8073
3.738623857498169, 8072
3.739619493484497, 8071
3.7406160831451416, 8070
3.74161434173584, 8069
3.74161434173584, 8068
3.742610454559326, 8067
3.743607997894287, 8066
3.743607997894287, 8065
3.74460506439209, 8064
3.745602607727051, 8063
3.7466001510620117, 8062
3.7475972175598145, 8061
3.7475972175598145, 8060
3.7485952377319336, 8059
3.749591827392578, 8058
3.750589370727539, 8057
3.750589370727539, 8056
3.7525854110717773, 8055
3.7545793056488037, 8054
3.755577564239502, 8053
3.755577564239502, 8052
3.7565741539001465, 8051
3.757570743560791, 8050
3.758568048477173, 8049
3.758568048477173, 8048
3.7595651149749756, 8047
3.760563373565674, 8046
3.7615599632263184, 8045
3.7635557651519775, 8044
3.7645530700683594, 8043
3.765549421310425, 8042
3.7675440311431885, 8041
3.7705368995666504, 8040
3.7736291885375977, 8039
3.776620864868164, 8038
3.7796127796173096, 8037
3.782604932785034, 8036
3.7865946292877197, 8035
3.78958797454834, 8034
3.792579412460327, 8033
3.7955713272094727, 8032
3.798563241958618, 8031
3.8015553951263428, 8030
3.804547071456909, 8029
3.8075389862060547, 8028
3.8105316162109375, 8027
3.813523054122925, 8026
3.8165156841278076, 8025
3.819507598876953, 8024
3.8224995136260986, 8023
3.8254916667938232, 8022
3.8284831047058105, 8021
3.831754446029663, 8020
3.8347465991973877, 8019
3.837860584259033, 8018
3.8418514728546143, 8017
3.844944715499878, 8016
3.8469395637512207, 8015
3.850928544998169, 8014
3.854038715362549, 8013
3.8560333251953125, 8012
3.859025478363037, 8011
3.8620176315307617, 8010
3.8650097846984863, 8009
3.8681271076202393, 8008
3.8701231479644775, 8007
3.874112367630005, 8006
3.876232624053955, 8005
3.8802249431610107, 8004
3.8832151889801025, 8003
3.886326789855957, 8002
3.8883216381073, 8001
3.8913135528564453, 8000
3.8954241275787354, 7999
3.89841628074646, 7998
3.9014077186584473, 7997
3.9043996334075928, 7996
3.9073915481567383, 7995
3.9115049839019775, 7994
3.914499044418335, 7993
3.9166173934936523, 7992
3.919611692428589, 7991
3.921604871749878, 7990
3.9247169494628906, 7989
3.92771053314209, 7988
3.9307024478912354, 7987
3.933814287185669, 7986
3.9368057250976562, 7985
3.93880033493042, 7984
3.9417929649353027, 7983
3.94378662109375, 7982
3.9457807540893555, 7981
3.9489200115203857, 7980
3.951909303665161, 7979
3.9539053440093994, 7978
3.9580206871032715, 7977
3.9600136280059814, 7976
3.962008237838745, 7975
3.9641294479370117, 7974
3.9671225547790527, 7973
3.9701147079467773, 7972
3.9734408855438232, 7971
3.9764328002929688, 7970
3.9794247150421143, 7969
3.981419086456299, 7968
3.9844112396240234, 7967
3.9874038696289062, 7966
3.9919164180755615, 7965
3.9949076175689697, 7964
3.997899293899536, 7963
4.000891208648682, 7962
4.004027366638184, 7961
4.007020473480225, 7960
4.010014057159424, 7959
4.013208389282227, 7958
4.016200065612793, 7957
4.019192457199097, 7956
4.022184133529663, 7955
4.025176286697388, 7954
4.029298543930054, 7953
4.032290458679199, 7952
4.036280870437622, 7951
4.038387298583984, 7950
4.041379690170288, 7949
4.044487476348877, 7948
4.047481298446655, 7947
4.05047345161438, 7946
4.053587913513184, 7945
4.055582046508789, 7944
4.059571266174316, 7943
4.06256365776062, 7942
4.0655553340911865, 7941
4.068674325942993, 7940
4.0706703662872314, 7939
4.073662281036377, 7938
4.076772212982178, 7937
4.078768253326416, 7936
4.081759691238403, 7935
4.084823131561279, 7934
4.0868165493011475, 7933
4.089808940887451, 7932
4.091899394989014, 7931
4.093894958496094, 7930
4.096888542175293, 7929
4.098881721496582, 7928
4.100876331329346, 7927
4.103867292404175, 7926
4.1058619022369385, 7925
4.108854055404663, 7924
4.112844228744507, 7923
4.1138410568237305, 7922
4.116832733154297, 7921
4.1228179931640625, 7920
4.125906467437744, 7919
4.127901554107666, 7918
4.12889838218689, 7917
4.130893230438232, 7916
4.131969928741455, 7915
4.131969928741455, 7914
4.132967948913574, 7913
4.133965253829956, 7912
4.134963512420654, 7911
4.134963512420654, 7910
4.135996103286743, 7909
4.136988878250122, 7908
4.136988878250122, 7907
4.137988805770874, 7906
4.138983488082886, 7905
4.139981985092163, 7904
4.139981985092163, 7903
4.140977621078491, 7902
4.14197850227356, 7901
4.142972469329834, 7900
4.142972469329834, 7899
4.1449360847473145, 7898
4.1449360847473145, 7897
4.14596700668335, 7896
4.146962642669678, 7895
4.1480865478515625, 7894
4.1480865478515625, 7893
4.149116277694702, 7892
4.149116277694702, 7891
4.150113821029663, 7890
4.151110410690308, 7889
4.1531054973602295, 7888
4.154107093811035, 7887
4.156237840652466, 7886
4.156237840652466, 7885
4.157232999801636, 7884
4.158232927322388, 7883
4.159231424331665, 7882
4.159231424331665, 7881
4.160230875015259, 7880
4.161224842071533, 7879
4.162189483642578, 7878
4.162189483642578, 7877
4.163292646408081, 7876
4.164321422576904, 7875
4.164321422576904, 7874
4.165320158004761, 7873
4.16628623008728, 7872
4.167313814163208, 7871
4.167313814163208, 7870
4.168280839920044, 7869
4.16930627822876, 7868
4.16930627822876, 7867
4.1703057289123535, 7866
4.171411991119385, 7865
4.171411991119385, 7864
4.173439264297485, 7863
4.173439264297485, 7862
4.1744384765625, 7861
4.175434112548828, 7860
4.176433563232422, 7859
4.177429914474487, 7858
4.177429914474487, 7857
4.178426265716553, 7856
4.179419994354248, 7855
4.180420398712158, 7854
4.1813859939575195, 7853
4.1813859939575195, 7852
4.182417154312134, 7851
4.183412313461304, 7850
4.184412002563477, 7849
4.185406923294067, 7848
4.185406923294067, 7847
4.186405181884766, 7846
4.187398672103882, 7845
4.188399076461792, 7844
4.188525915145874, 7843
4.1895551681518555, 7842
4.190554857254028, 7841
4.191519260406494, 7840
4.192516565322876, 7839
4.193513631820679, 7838
4.1945109367370605, 7837
4.195508241653442, 7836
4.1966023445129395, 7835
4.198598146438599, 7834
4.19959568977356, 7833
4.200592756271362, 7832
4.202587842941284, 7831
4.202587842941284, 7830
4.203584909439087, 7829
4.204679012298584, 7828
4.206675291061401, 7827
4.207672357559204, 7826
4.209666967391968, 7825
4.210664510726929, 7824
4.211661338806152, 7823
4.212658882141113, 7822
4.213656187057495, 7821
4.215651035308838, 7820
4.21664834022522, 7819
4.2176454067230225, 7818
4.218642950057983, 7817
4.219640254974365, 7816
4.220637559890747, 7815
4.222633361816406, 7814
4.223629951477051, 7813
4.224626779556274, 7812
4.225624084472656, 7811
4.227728843688965, 7810
4.228727579116821, 7809
4.229724884033203, 7808
4.230722188949585, 7807
4.231719493865967, 7806
4.2337141036987305, 7805
4.234711408615112, 7804
4.235807418823242, 7803
4.236806631088257, 7802
4.23780369758606, 7801
4.239798069000244, 7800
4.240795135498047, 7799
4.241792678833008, 7798
4.24278998374939, 7797
4.243901252746582, 7796
4.2448999881744385, 7795
4.245897054672241, 7794
4.246894359588623, 7793
4.247891902923584, 7792
4.248889446258545, 7791
4.2498862743377686, 7790
4.253001928329468, 7789
4.254995822906494, 7788
4.25798773765564, 7787
4.260979890823364, 7786
4.26397180557251, 7785
4.265966176986694, 7784
4.269099712371826, 7783
4.271093130111694, 7782
4.274085283279419, 7781
4.276198863983154, 7780
4.278195142745972, 7779
4.280189275741577, 7778
4.283181428909302, 7777
4.286294937133789, 7776
4.289287090301514, 7775
4.29128098487854, 7774
4.294395923614502, 7773
4.297388076782227, 7772
4.299382925033569, 7771
4.302375078201294, 7770
4.30536675453186, 7769
4.30848503112793, 7768
4.311478853225708, 7767
4.3134729862213135, 7766
4.320454359054565, 7765
4.323446750640869, 7764
4.325576066970825, 7763
4.328567743301392, 7762
4.331559658050537, 7761
4.334663391113281, 7760
4.336658000946045, 7759
4.338652610778809, 7758
4.341644287109375, 7757
4.3446364402771, 7756
4.347744941711426, 7755
4.350741147994995, 7754
4.35373330116272, 7753
4.355844736099243, 7752
4.358837842941284, 7751
4.361830234527588, 7750
4.3649327754974365, 7749
4.36792516708374, 7748
4.369919300079346, 7747
4.372039556503296, 7746
4.375032901763916, 7745
4.378026008605957, 7744
4.3790223598480225, 7743
4.382014274597168, 7742
4.385004997253418, 7741
4.387001037597656, 7740
4.390127182006836, 7739
4.39311957359314, 7738
4.396218776702881, 7737
4.398214817047119, 7736
4.401206731796265, 7735
4.403201580047607, 7734
4.406315088272095, 7733
4.408310174942017, 7732
4.411301851272583, 7731
4.4142937660217285, 7730
4.417285680770874, 7729
4.420277833938599, 7728
4.423269748687744, 7727
4.426261901855469, 7726
4.428256273269653, 7725
4.431248188018799, 7724
4.444429636001587, 7723
4.445428848266602, 7722
4.452523708343506, 7721
4.4535231590271, 7720
4.454519987106323, 7719
4.455516815185547, 7718
4.456514120101929, 7717
4.4575114250183105, 7716
4.460503339767456, 7715
4.461501121520996, 7714
4.462498426437378, 7713
4.465490341186523, 7712
4.475581407546997, 7711
4.477694511413574, 7710
4.479689359664917, 7709
4.480686187744141, 7708
4.481683254241943, 7707
4.4826812744140625, 7706
4.483788251876831, 7705
4.484785556793213, 7704
4.4857847690582275, 7703
4.486781597137451, 7702
4.487778902053833, 7701
4.487778902053833, 7700
4.489773750305176, 7699
4.4907708168029785, 7698
4.491878271102905, 7697
4.492877006530762, 7696
4.4938740730285645, 7695
4.494871377944946, 7694
4.496866226196289, 7693
4.497863531112671, 7692
4.498860597610474, 7691
4.499858379364014, 7690
4.500855445861816, 7689
4.5018534660339355, 7688
4.502850532531738, 7687
4.503847599029541, 7686
4.504844665527344, 7685
4.505843162536621, 7684
4.507836818695068, 7683
4.508834362030029, 7682
4.509831428527832, 7681
4.510828971862793, 7680
4.511826276779175, 7679
4.512823581695557, 7678
4.5138208866119385, 7677
4.515815496444702, 7676
4.516911029815674, 7675
4.517908573150635, 7674
4.518905878067017, 7673
4.5199034214019775, 7672
4.520900249481201, 7671
4.521897554397583, 7670
4.522894620895386, 7669
4.524003028869629, 7668
4.525001764297485, 7667
4.526996374130249, 7666
4.527993440628052, 7665
4.529077529907227, 7664
4.5299882888793945, 7663
4.530985593795776, 7662
4.532088994979858, 7661
4.533087968826294, 7660
4.5350823402404785, 7659
4.5350823402404785, 7658
4.536079406738281, 7657
4.538074493408203, 7656
4.539071321487427, 7655
4.540068864822388, 7654
4.5410661697387695, 7653
4.5420637130737305, 7652
4.545055389404297, 7651
4.546052932739258, 7650
4.5470499992370605, 7649
4.548048257827759, 7648
4.548048257827759, 7647
4.552037954330444, 7646
4.553036451339722, 7645
4.55403208732605, 7644
4.555028915405273, 7643
4.555028915405273, 7642
4.556026220321655, 7641
4.558020830154419, 7640
4.560015678405762, 7639
4.5610127449035645, 7638
4.563007354736328, 7637
4.565999507904053, 7636
4.569989204406738, 7635
4.577967405319214, 7634
4.57896614074707, 7633
4.580959796905518, 7632
4.581956624984741, 7631
4.582954168319702, 7630
4.585946559906006, 7629
4.586943626403809, 7628
4.587940692901611, 7627
4.588938474655151, 7626
4.589935779571533, 7625
4.591930389404297, 7624
4.595412254333496, 7623
4.595918893814087, 7622
4.5969157218933105, 7621
4.5969157218933105, 7620
4.5979132652282715, 7619
4.598910570144653, 7618
4.598910570144653, 7617
4.599908113479614, 7616
4.600905418395996, 7615
4.600905418395996, 7614
4.601903438568115, 7613
4.602899789810181, 7612
4.602899789810181, 7611
4.603897571563721, 7610
4.604895114898682, 7609
4.604895114898682, 7608
4.605891942977905, 7607
4.606889963150024, 7606
4.606889963150024, 7605
4.607886791229248, 7604
4.607886791229248, 7603
4.608883857727051, 7602
4.6098809242248535, 7601
4.610877752304077, 7600
4.610877752304077, 7599
4.611875295639038, 7598
4.611875295639038, 7597
4.61287260055542, 7596
4.613869905471802, 7595
4.613869905471802, 7594
4.6148669719696045, 7593
4.616862058639526, 7592
4.618857145309448, 7591
4.619854211807251, 7590
4.619854211807251, 7589
4.620851278305054, 7588
4.6218483448028564, 7587
4.622845888137817, 7586
4.623843193054199, 7585
4.623843193054199, 7584
4.624840497970581, 7583
4.6258385181427, 7582
4.626835346221924, 7581
4.627832412719727, 7580
4.6288299560546875, 7579
4.629827260971069, 7578
4.629827260971069, 7577
4.630824565887451, 7576
4.631821870803833, 7575
4.632819414138794, 7574
4.633816719055176, 7573
4.634814977645874, 7572
4.635811805725098, 7571
4.636808633804321, 7570
4.637805938720703, 7569
4.638803243637085, 7568
4.638803243637085, 7567
4.639800548553467, 7566
4.641795873641968, 7565
4.642792463302612, 7564
4.642792463302612, 7563
4.643790006637573, 7562
4.644787311553955, 7561
4.645784378051758, 7560
4.647779226303101, 7559
4.6487767696380615, 7558
4.649773836135864, 7557
4.650771379470825, 7556
4.651769161224365, 7555
4.652765989303589, 7554
4.653763294219971, 7553
4.6547605991363525, 7552
4.655757904052734, 7551
4.655757904052734, 7550
4.656754970550537, 7549
4.657752990722656, 7548
4.65874981880188, 7547
4.659747123718262, 7546
4.660744667053223, 7545
4.6617419719696045, 7544
4.662739276885986, 7543
4.662739276885986, 7542
4.663736343383789, 7541
4.66473388671875, 7540
4.665731191635132, 7539
4.666728496551514, 7538
4.667832136154175, 7537
4.66872501373291, 7536
4.66972279548645, 7535
4.671717405319214, 7534
4.672713994979858, 7533
4.674708843231201, 7532
4.6758198738098145, 7531
4.676818609237671, 7530
4.6788129806518555, 7529
4.679810523986816, 7528
4.680807590484619, 7527
4.682802438735962, 7526
4.683881759643555, 7525
4.685878038406372, 7524
4.686875343322754, 7523
4.6878721714019775, 7522
4.689868688583374, 7521
4.6908650398254395, 7520
4.691979169845581, 7519
4.693975210189819, 7518
4.694972276687622, 7517
4.696967124938965, 7516
4.697964429855347, 7515
4.698961496353149, 7514
4.69995903968811, 7513
4.701954126358032, 7512
4.702950954437256, 7511
4.703948736190796, 7510
4.7049455642700195, 7509
4.706940650939941, 7508
4.7080466747283936, 7507
4.708935260772705, 7506
4.710930109024048, 7505
4.711927175521851, 7504
4.713921546936035, 7503
4.714919090270996, 7502
4.716012239456177, 7501
4.71800684928894, 7500
4.720001697540283, 7499
4.72199559211731, 7498
4.722992897033691, 7497
4.724072217941284, 7496
4.72507119178772, 7495
4.726067543029785, 7494
4.727064609527588, 7493
4.72806191444397, 7492
4.729059457778931, 7491
4.7300567626953125, 7490
4.731053829193115, 7489
4.732117176055908, 7488
4.733115196228027, 7487
4.73411226272583, 7486
4.735110521316528, 7485
4.737104177474976, 7484
4.738101482391357, 7483
4.73909854888916, 7482
4.740095853805542, 7481
4.741093158721924, 7480
4.742090463638306, 7479
4.7430877685546875, 7478
4.744085073471069, 7477
4.745082139968872, 7476
4.746079683303833, 7475
4.747076988220215, 7474
4.748074293136597, 7473
4.749071836471558, 7472
4.75006890296936, 7471
4.75206446647644, 7470
4.753061056137085, 7469
4.754058361053467, 7468
4.755055665969849, 7467
4.7560529708862305, 7466
4.757050275802612, 7465
4.758047580718994, 7464
4.759044885635376, 7463
4.760042428970337, 7462
4.76103949546814, 7461
4.7620368003845215, 7460
4.763034343719482, 7459
4.764031648635864, 7458
4.76513934135437, 7457
4.766136407852173, 7456
4.768129348754883, 7455
4.769128799438477, 7454
4.771123170852661, 7453
4.772241115570068, 7452
4.774237394332886, 7451
4.7752344608306885, 7450
4.776231527328491, 7449
4.778226375579834, 7448
4.779223680496216, 7447
4.781218528747559, 7446
4.782215595245361, 7445
4.784210443496704, 7444
4.785207986831665, 7443
4.786204814910889, 7442
4.7872021198272705, 7441
4.7893226146698, 7440
4.7903196811676025, 7439
4.792314291000366, 7438
4.793311595916748, 7437
4.794308185577393, 7436
4.796406507492065, 7435
4.797405004501343, 7434
4.7984020709991455, 7433
4.8003950119018555, 7432
4.801393270492554, 7431
4.8023905754089355, 7430
4.80338716506958, 7429
4.804499626159668, 7428
4.806495428085327, 7427
4.807492733001709, 7426
4.809487819671631, 7425
4.810484886169434, 7424
4.811482191085815, 7423
4.813581705093384, 7422
4.814579248428345, 7421
4.815575838088989, 7420
4.8165740966796875, 7419
4.818568468093872, 7418
4.819565534591675, 7417
4.820562839508057, 7416
4.822557210922241, 7415
4.823554515838623, 7414
4.825550556182861, 7413
4.826546907424927, 7412
4.828541278839111, 7411
4.830536127090454, 7410
4.831533432006836, 7409
4.832530975341797, 7408
4.833527088165283, 7407
4.83552360534668, 7406
4.836519956588745, 7405
4.838514566421509, 7404
4.83951210975647, 7403
4.840508937835693, 7402
4.841505765914917, 7401
4.842503070831299, 7400
4.843500137329102, 7399
4.84549617767334, 7398
4.8464953899383545, 7397
4.847492456436157, 7396
4.849484443664551, 7395
4.850481748580933, 7394
4.851480722427368, 7393
4.853476285934448, 7392
4.8544721603393555, 7391
4.855469465255737, 7390
4.856466054916382, 7389
4.857463359832764, 7388
4.858460187911987, 7387
4.860455751419067, 7386
4.861455678939819, 7385
4.862450838088989, 7384
4.8644444942474365, 7383
4.865441560745239, 7382
4.8664391040802, 7381
4.867436408996582, 7380
4.86943244934082, 7379
4.870429039001465, 7378
4.8714258670806885, 7377
4.872422933578491, 7376
4.873420476913452, 7375
4.874417543411255, 7374
4.876413345336914, 7373
4.878406524658203, 7372
4.879403591156006, 7371
4.880400896072388, 7370
4.881398677825928, 7369
4.882395505905151, 7368
4.883392810821533, 7367
4.887383937835693, 7366
4.890376091003418, 7365
4.894364595413208, 7364
4.897356986999512, 7363
4.902374982833862, 7362
4.905367136001587, 7361
4.909323692321777, 7360
4.912315607070923, 7359
4.916337966918945, 7358
4.919330596923828, 7357
4.92328667640686, 7356
4.926278352737427, 7355
4.929274082183838, 7354
4.9322943687438965, 7353
4.9362523555755615, 7352
4.939281225204468, 7351
4.94226861000061, 7350
4.945229530334473, 7349
4.949218511581421, 7348
4.9542365074157715, 7347
4.957228183746338, 7346
4.961217880249023, 7345
4.96420955657959, 7344
4.9671714305877686, 7343
4.9721574783325195, 7342
4.9761762619018555, 7341
4.978172540664673, 7340
4.982131242752075, 7339
4.986121892929077, 7338
4.989112854003906, 7337
4.992136716842651, 7336
4.996092081069946, 7335
4.9991161823272705, 7334
5.004071950912476, 7333
5.007095575332642, 7332
5.010088205337524, 7331
5.01304817199707, 7330
5.016039848327637, 7329
5.0399744510650635, 7328
5.052975177764893, 7327
5.054966926574707, 7326
5.055932521820068, 7325
5.056962251663208, 7324
5.057960748672485, 7323
5.058960914611816, 7322
5.059952974319458, 7321
5.06095814704895, 7320
5.061949253082275, 7319
5.062945127487183, 7318
5.063943147659302, 7317
5.064939737319946, 7316
5.065906763076782, 7315
5.066903829574585, 7314
5.067899942398071, 7313
5.068934440612793, 7312
5.070892572402954, 7311
5.071918964385986, 7310
5.071918964385986, 7309
5.0729193687438965, 7308
5.075910329818726, 7307
5.077905893325806, 7306
5.077905893325806, 7305
5.078902959823608, 7304
5.079898118972778, 7303
5.08189582824707, 7302
5.082891941070557, 7301
5.083889722824097, 7300
5.084856271743774, 7299
5.0858845710754395, 7298
5.0868821144104, 7297
5.087875843048096, 7296
5.088876247406006, 7295
5.090875625610352, 7294
5.091868162155151, 7293
5.092857360839844, 7292
5.093863010406494, 7291
5.094860076904297, 7290
5.095855236053467, 7289
5.096855163574219, 7288
5.097851991653442, 7287
5.098849534988403, 7286
5.099846601486206, 7285
5.101841926574707, 7284
5.102839708328247, 7283
5.1038336753845215, 7282
5.104833364486694, 7281
5.105830430984497, 7280
5.106827974319458, 7279
5.107884883880615, 7278
5.1089160442352295, 7277
5.110910177230835, 7276
5.111876010894775, 7275
5.112872838973999, 7274
5.113869905471802, 7273
5.115864992141724, 7272
5.116862058639526, 7271
5.118856906890869, 7270
5.120851278305054, 7269
5.121849060058594, 7268
5.122844457626343, 7267
5.12484073638916, 7266
5.126835346221924, 7265
5.127832889556885, 7264
5.128829717636108, 7263
5.13082480430603, 7262
5.131821870803833, 7261
5.133816719055176, 7260
5.134814023971558, 7259
5.136809349060059, 7258
5.137804985046387, 7257
5.138803720474243, 7256
5.139800786972046, 7255
5.141795635223389, 7254
5.14279317855835, 7253
5.144787311553955, 7252
5.144787311553955, 7251
5.146813154220581, 7250
5.147810459136963, 7249
5.148804664611816, 7248
5.150802135467529, 7247
5.151803493499756, 7246
5.15376353263855, 7245
5.154763460159302, 7244
5.1557581424713135, 7243
5.156755208969116, 7242
5.158750057220459, 7241
5.159747362136841, 7240
5.161776065826416, 7239
5.162770509719849, 7238
5.163783550262451, 7237
5.164762258529663, 7236
5.165761947631836, 7235
5.166759252548218, 7234
5.169720649719238, 7233
5.173709869384766, 7232
5.175705909729004, 7231
5.176702260971069, 7230
5.177699327468872, 7229
5.178696632385254, 7228
5.179693937301636, 7227
5.180691242218018, 7226
5.1816887855529785, 7225
5.182684898376465, 7224
5.18371844291687, 7223
5.185711622238159, 7222
5.186675071716309, 7221
5.187703847885132, 7220
5.188698768615723, 7219
5.188698768615723, 7218
5.190666437149048, 7217
5.191663026809692, 7216
5.192659616470337, 7215
5.1946539878845215, 7214
5.195651292800903, 7213
5.196649074554443, 7212
5.19764518737793, 7211
5.1986753940582275, 7210
5.1996705532073975, 7209
5.200668573379517, 7208
5.20263409614563, 7207
5.203630208969116, 7206
5.207618713378906, 7205
5.208647966384888, 7204
5.208647966384888, 7203
5.209647178649902, 7202
5.210642576217651, 7201
5.211639881134033, 7200
5.213635206222534, 7199
5.213635206222534, 7198
5.214632034301758, 7197
5.215628147125244, 7196
5.216627597808838, 7195
5.217625617980957, 7194
5.220584392547607, 7193
5.221581935882568, 7192
5.222578048706055, 7191
5.223574876785278, 7190
5.22457218170166, 7189
5.22457218170166, 7188
5.225569725036621, 7187
5.226567029953003, 7186
5.227564573287964, 7185
5.2285919189453125, 7184
5.229591131210327, 7183
5.230590105056763, 7182
5.230590105056763, 7181
5.231590032577515, 7180
5.232583522796631, 7179
5.233583211898804, 7178
5.235544204711914, 7177
5.237539768218994, 7176
5.237539768218994, 7175
5.239534378051758, 7174
5.2405312061309814, 7173
5.241528749465942, 7172
5.244548559188843, 7171
5.245548963546753, 7170
5.246546030044556, 7169
5.247547626495361, 7168
5.248540878295898, 7167
5.249540567398071, 7166
5.2505042552948, 7165
5.252500295639038, 7164
5.255491495132446, 7163
5.256488800048828, 7162
5.257484674453735, 7161
5.258515119552612, 7160
5.259511232376099, 7159
5.262470722198486, 7158
5.263468503952026, 7157
5.264465570449829, 7156
5.265463590621948, 7155
5.266460180282593, 7154
5.267460584640503, 7153
5.270487308502197, 7152
5.271483659744263, 7151
5.272446632385254, 7150
5.273444175720215, 7149
5.2744410037994385, 7148
5.275437831878662, 7147
5.276435613632202, 7146
5.277432680130005, 7145
5.278429746627808, 7144
5.28042459487915, 7143
5.28042459487915, 7142
5.283447265625, 7141
5.2844579219818115, 7140
5.286440134048462, 7139
5.2893993854522705, 7138
5.291393756866455, 7137
5.292391538619995, 7136
5.293388366699219, 7135
5.293388366699219, 7134
5.2943854331970215, 7133
5.295384883880615, 7132
5.296380519866943, 7131
5.297377586364746, 7130
5.297377586364746, 7129
5.298375129699707, 7128
5.29937219619751, 7127
5.30236554145813, 7126
5.303398847579956, 7125
5.303398847579956, 7124
5.304391622543335, 7123
5.305391311645508, 7122
5.3063859939575195, 7121
5.307387351989746, 7120
5.307387351989746, 7119
5.309377670288086, 7118
5.310376405715942, 7117
5.3113720417022705, 7116
5.312338590621948, 7115
5.3133697509765625, 7114
5.314364433288574, 7113
5.315363645553589, 7112
5.316356420516968, 7111
5.317325115203857, 7110
5.319320917129517, 7109
5.320350885391235, 7108
5.321348667144775, 7107
5.322343349456787, 7106
5.323340892791748, 7105
5.324336051940918, 7104
5.325305700302124, 7103
5.327299356460571, 7102
5.328296661376953, 7101
5.328296661376953, 7100
5.329293727874756, 7099
5.330291271209717, 7098
5.332284450531006, 7097
5.333313941955566, 7096
5.334311485290527, 7095
5.3352789878845215, 7094
5.336275815963745, 7093
5.33827018737793, 7092
5.339267253875732, 7091
5.340264558792114, 7090
5.341292381286621, 7089
5.341292381286621, 7088
5.342289924621582, 7087
5.343291759490967, 7086
5.344284772872925, 7085
5.345284700393677, 7084
5.345284700393677, 7083
5.347276926040649, 7082
5.348271369934082, 7081
5.348271369934082, 7080
5.349271059036255, 7079
5.350268840789795, 7078
5.3522350788116455, 7077
5.3532280921936035, 7076
5.3542256355285645, 7075
5.3552234172821045, 7074
5.3552234172821045, 7073
5.356220245361328, 7072
5.35721755027771, 7071
5.358215093612671, 7070
5.359212160110474, 7069
5.3602094650268555, 7068
5.3602094650268555, 7067
5.361207008361816, 7066
5.364198684692383, 7065
5.365196704864502, 7064
5.366193771362305, 7063
5.367190837860107, 7062
5.368189096450806, 7061
5.369191646575928, 7060
5.370184898376465, 7059
5.371181011199951, 7058
5.372177839279175, 7057
5.373175144195557, 7056
5.374172210693359, 7055
5.374172210693359, 7054
5.37516975402832, 7053
5.376166820526123, 7052
5.377164840698242, 7051
5.378161430358887, 7050
5.379159212112427, 7049
5.3801562786102295, 7048
5.381153583526611, 7047
5.381153583526611, 7046
5.382151126861572, 7045
5.383148193359375, 7044
5.384145498275757, 7043
5.386142015457153, 7042
5.387139558792114, 7041
5.388251781463623, 7040
5.389250993728638, 7039
5.390247821807861, 7038
5.392241716384888, 7037
5.393238544464111, 7036
5.394235610961914, 7035
5.395232915878296, 7034
5.396229982376099, 7033
5.3972272872924805, 7032
5.398224830627441, 7031
5.399222373962402, 7030
5.400252342224121, 7029
5.401217460632324, 7028
5.402215242385864, 7027
5.40321159362793, 7026
5.404208660125732, 7025
5.405206203460693, 7024
5.406203269958496, 7023
5.407201290130615, 7022
5.408231258392334, 7021
5.410222768783569, 7020
5.416208982467651, 7019
5.490010738372803, 7018
5.49100923538208, 7017
5.523921489715576, 7016
5.527912139892578, 7015
5.54682731628418, 7014
5.612962484359741, 7013
5.613957166671753, 7012
5.629914283752441, 7011
5.635869026184082, 7010
5.7416157722473145, 7009
5.778523206710815, 7008
5.893723964691162, 7007
5.901669263839722, 7006
5.902665853500366, 7005
5.913636207580566, 7004
6.392008066177368, 7003
6.415376901626587, 7002
6.4290831089019775, 7001
6.576633453369141, 7000
6.990569353103638, 6999
7.065282821655273, 6998
7.084584474563599, 6997
7.11860466003418, 6996
7.1196019649505615, 6995
7.148524522781372, 6994
7.157500743865967, 6993
7.160491704940796, 6992
7.168469667434692, 6991
7.178442716598511, 6990
7.188418388366699, 6989
7.220006704330444, 6988
7.221004247665405, 6987
7.226988077163696, 6986
7.233089923858643, 6985
7.239190340042114, 6984
7.240187883377075, 6983
7.244290590286255, 6982
7.361436128616333, 6981
7.381958484649658, 6980
7.557778835296631, 6979
7.703651666641235, 6978
7.70664381980896, 6977
7.75897741317749, 6976
7.845653772354126, 6975
7.851745128631592, 6974
7.85363245010376, 6973
7.88677453994751, 6972
8.02987027168274, 6971
8.099871158599854, 6970
8.11996054649353, 6969
8.161876440048218, 6968
8.536600589752197, 6967
8.83654522895813, 6966
8.949487447738647, 6965
8.970681190490723, 6964
