0.2524299621582031, 10747
0.3086886405944824, 10746
0.3478703498840332, 10745
0.38774633407592773, 10744
0.42901110649108887, 10743
0.4694390296936035, 10742
0.5104448795318604, 10741
0.5523338317871094, 10740
0.5917882919311523, 10739
0.6317873001098633, 10738
0.6994891166687012, 10737
0.7636253833770752, 10736
0.8049092292785645, 10735
0.8472139835357666, 10734
0.8492131233215332, 10733
0.8492131233215332, 10732
0.8502063751220703, 10731
0.8511724472045898, 10730
0.8522019386291504, 10729
0.8531668186187744, 10728
0.854163646697998, 10727
0.8551604747772217, 10726
0.8561582565307617, 10725
0.8571555614471436, 10724
0.8581526279449463, 10723
0.8591501712799072, 10722
0.8601479530334473, 10721
0.8611452579498291, 10720
0.86214280128479, 10719
0.8631396293640137, 10718
0.8651340007781982, 10717
0.8671286106109619, 10716
0.868128776550293, 10715
0.8691258430480957, 10714
0.871119499206543, 10713
0.8721170425415039, 10712
0.8741116523742676, 10711
0.8761069774627686, 10710
0.8771040439605713, 10709
0.8781294822692871, 10708
0.8791294097900391, 10707
0.8801264762878418, 10706
0.8810923099517822, 10705
0.8821208477020264, 10704
0.8830869197845459, 10703
0.8840844631195068, 10702
0.8850839138031006, 10701
0.886077880859375, 10700
0.8880727291107178, 10699
0.8900673389434814, 10698
0.8930912017822266, 10697
0.8980464935302734, 10696
0.8990716934204102, 10695
0.8990716934204102, 10694
0.9000685214996338, 10693
0.9010703563690186, 10692
0.9020648002624512, 10691
0.9031407833099365, 10690
0.904170036315918, 10689
0.9051351547241211, 10688
0.9061331748962402, 10687
0.9071624279022217, 10686
0.9091246128082275, 10685
0.9111194610595703, 10684
0.9121494293212891, 10683
0.9141144752502441, 10682
0.915109395980835, 10681
0.9161074161529541, 10680
0.9190993309020996, 10679
0.9211995601654053, 10678
0.9231917858123779, 10677
0.9241893291473389, 10676
0.925217866897583, 10675
0.9262175559997559, 10674
0.9262175559997559, 10673
0.928659200668335, 10672
0.9296903610229492, 10671
0.9306843280792236, 10670
0.931682825088501, 10669
0.9326791763305664, 10668
0.9326791763305664, 10667
0.9336764812469482, 10666
0.9349958896636963, 10665
0.936028242111206, 10664
0.9370226860046387, 10663
0.9380202293395996, 10662
0.9390146732330322, 10661
0.9409809112548828, 10660
0.9449691772460938, 10659
0.9479610919952393, 10658
0.9539773464202881, 10657
0.9599316120147705, 10656
0.9619581699371338, 10655
0.9629514217376709, 10654
0.9639503955841064, 10653
0.9649162292480469, 10652
0.9659147262573242, 10651
0.9669113159179688, 10650
0.9679079055786133, 10649
0.9689054489135742, 10648
0.9699347019195557, 10647
0.9709296226501465, 10646
0.9719297885894775, 10645
0.9729278087615967, 10644
0.9739277362823486, 10643
0.974888801574707, 10642
0.9759211540222168, 10641
0.9769160747528076, 10640
0.9789130687713623, 10639
0.9808731079101562, 10638
0.9819068908691406, 10637
0.9828999042510986, 10636
0.9828999042510986, 10635
0.9839000701904297, 10634
0.9848945140838623, 10633
0.9858920574188232, 10632
0.9878554344177246, 10631
0.988854169845581, 10630
0.9898500442504883, 10629
0.9908483028411865, 10628
0.9918456077575684, 10627
0.9928431510925293, 10626
0.9958341121673584, 10625
0.9968345165252686, 10624
0.9978299140930176, 10623
0.9988274574279785, 10622
1.0009369850158691, 10621
1.0039288997650146, 10620
1.0081000328063965, 10619
1.0130882263183594, 10618
1.0150833129882812, 10617
1.0162098407745361, 10616
1.0182054042816162, 10615
1.0192019939422607, 10614
1.0201988220214844, 10613
1.0211963653564453, 10612
1.0211963653564453, 10611
1.0231907367706299, 10610
1.0231907367706299, 10609
1.0244271755218506, 10608
1.0254590511322021, 10607
1.0264537334442139, 10606
1.027418851852417, 10605
1.0284173488616943, 10604
1.029447317123413, 10603
1.030411720275879, 10602
1.033405065536499, 10601
1.034400224685669, 10600
1.0363965034484863, 10599
1.0373942852020264, 10598
1.0393884181976318, 10597
1.0415089130401611, 10596
1.0415089130401611, 10595
1.0435030460357666, 10594
1.0448689460754395, 10593
1.0458688735961914, 10592
1.046865701675415, 10591
1.047896146774292, 10590
1.0488612651824951, 10589
1.049858570098877, 10588
1.050889492034912, 10587
1.051884651184082, 10586
1.0528833866119385, 10585
1.0538487434387207, 10584
1.0548772811889648, 10583
1.0568723678588867, 10582
1.059863567352295, 10581
1.0638525485992432, 10580
1.0688092708587646, 10579
1.0738258361816406, 10578
1.0838954448699951, 10577
1.0950078964233398, 10576
1.0961189270019531, 10575
1.0971198081970215, 10574
1.0991127490997314, 10573
1.100109577178955, 10572
1.101106882095337, 10571
1.1031017303466797, 10570
1.1042077541351318, 10569
1.1062026023864746, 10568
1.1072018146514893, 10567
1.1072018146514893, 10566
1.1091959476470947, 10565
1.1101937294006348, 10564
1.1111907958984375, 10563
1.1121876239776611, 10562
1.114182710647583, 10561
1.1151823997497559, 10560
1.1171746253967285, 10559
1.120276689529419, 10558
1.1212756633758545, 10557
1.12326979637146, 10556
1.124267339706421, 10555
1.1262624263763428, 10554
1.1262624263763428, 10553
1.1282575130462646, 10552
1.1293530464172363, 10551
1.1303517818450928, 10550
1.1313490867614746, 10549
1.1323463916778564, 10548
1.134340524673462, 10547
1.1353380680084229, 10546
1.1374380588531494, 10545
1.1384351253509521, 10544
1.139432430267334, 10543
1.1404294967651367, 10542
1.1424245834350586, 10541
1.1444201469421387, 10540
1.1474111080169678, 10539
1.1504032611846924, 10538
1.1523993015289307, 10537
1.1533958911895752, 10536
1.154393196105957, 10535
1.1563878059387207, 10534
1.1583824157714844, 10533
1.1593797206878662, 10532
1.1593797206878662, 10531
1.1613750457763672, 10530
1.1623716354370117, 10529
1.1633694171905518, 10528
1.164372444152832, 10527
1.1653640270233154, 10526
1.1673583984375, 10525
1.1684541702270508, 10524
1.1704509258270264, 10523
1.17144775390625, 10522
1.1755495071411133, 10521
1.1785407066345215, 10520
1.1795389652252197, 10519
1.1795389652252197, 10518
1.1805357933044434, 10517
1.1815333366394043, 10516
1.1825306415557861, 10515
1.1835274696350098, 10514
1.1846325397491455, 10513
1.18666410446167, 10512
1.187657117843628, 10511
1.1896514892578125, 10510
1.1916491985321045, 10509
1.1946427822113037, 10508
1.198627233505249, 10507
1.203730821609497, 10506
1.204728364944458, 10505
1.205725908279419, 10504
1.2067232131958008, 10503
1.2078442573547363, 10502
1.2088432312011719, 10501
1.2108361721038818, 10500
1.2118358612060547, 10499
1.213829517364502, 10498
1.2159087657928467, 10497
1.21694016456604, 10496
1.2189347743988037, 10495
1.2199318408966064, 10494
1.2209289073944092, 10493
1.2219266891479492, 10492
1.2240347862243652, 10491
1.2260310649871826, 10490
1.2280263900756836, 10489
1.2300200462341309, 10488
1.2310173511505127, 10487
1.2320148944854736, 10486
1.2340095043182373, 10485
1.2350072860717773, 10484
1.236004114151001, 10483
1.2370023727416992, 10482
1.2379987239837646, 10481
1.2389960289001465, 10480
1.2411010265350342, 10479
1.242098331451416, 10478
1.2430956363677979, 10477
1.2440927028656006, 10476
1.2450892925262451, 10475
1.2460858821868896, 10474
1.2470829486846924, 10473
1.2483105659484863, 10472
1.2493414878845215, 10471
1.2513372898101807, 10470
1.254328727722168, 10469
1.2573199272155762, 10468
1.2573199272155762, 10467
1.2593157291412354, 10466
1.2603108882904053, 10465
1.261307954788208, 10464
1.261307954788208, 10463
1.2623074054718018, 10462
1.2652671337127686, 10461
1.2662653923034668, 10460
1.2672624588012695, 10459
1.2682573795318604, 10458
1.2692553997039795, 10457
1.2702522277832031, 10456
1.2712504863739014, 10455
1.2722468376159668, 10454
1.2732443809509277, 10453
1.2742414474487305, 10452
1.276235580444336, 10451
1.2782313823699951, 10450
1.2792327404022217, 10449
1.280226469039917, 10448
1.280226469039917, 10447
1.283252239227295, 10446
1.2852449417114258, 10445
1.2872397899627686, 10444
1.2892348766326904, 10443
1.2922260761260986, 10442
1.2941882610321045, 10441
1.2962884902954102, 10440
1.2982854843139648, 10439
1.2992827892303467, 10438
1.3002793788909912, 10437
1.3012804985046387, 10436
1.3022739887237549, 10435
1.3043975830078125, 10434
1.3063936233520508, 10433
1.3083882331848145, 10432
1.3113794326782227, 10431
1.3153693675994873, 10430
1.3204755783081055, 10429
1.326460599899292, 10428
1.335735559463501, 10427
1.3451786041259766, 10426
1.3471734523773193, 10425
1.3471734523773193, 10424
1.3831028938293457, 10423
1.3831028938293457, 10422
1.3841052055358887, 10421
1.3841052055358887, 10420
1.3851063251495361, 10419
1.3861002922058105, 10418
1.3861002922058105, 10417
1.387099027633667, 10416
1.387099027633667, 10415
1.3880977630615234, 10414
1.3880977630615234, 10413
1.389092206954956, 10412
1.389092206954956, 10411
1.3900868892669678, 10410
1.3910582065582275, 10409
1.3920519351959229, 10408
1.3930490016937256, 10407
1.3930490016937256, 10406
1.3950786590576172, 10405
1.396073818206787, 10404
1.399033546447754, 10403
1.4030225276947021, 10402
1.406015396118164, 10401
1.4100043773651123, 10400
1.4110021591186523, 10399
1.413994550704956, 10398
1.4159901142120361, 10397
1.417982816696167, 10396
1.4189836978912354, 10395
1.4219822883605957, 10394
1.4240775108337402, 10393
1.426072597503662, 10392
1.4271020889282227, 10391
1.428069829940796, 10390
1.430063009262085, 10389
1.4310600757598877, 10388
1.4320573806762695, 10387
1.434051752090454, 10386
1.435049295425415, 10385
1.436046838760376, 10384
1.436046838760376, 10383
1.4370441436767578, 10382
1.438042402267456, 10381
1.4400346279144287, 10380
1.4420294761657715, 10379
1.4450218677520752, 10378
1.5667212009429932, 10377
1.5736770629882812, 10376
1.5876398086547852, 10375
1.6016337871551514, 10374
1.6215505599975586, 10373
1.624541997909546, 10372
1.6265373229980469, 10371
1.631523609161377, 10370
1.6345202922821045, 10369
1.675405740737915, 10368
1.6903674602508545, 10367
1.6923613548278809, 10366
1.697347640991211, 10365
1.7003474235534668, 10364
1.7043287754058838, 10363
1.7063231468200684, 10362
1.7152986526489258, 10361
1.7192890644073486, 10360
1.7222812175750732, 10359
1.7252733707427979, 10358
1.7332520484924316, 10357
1.736243486404419, 10356
1.7382385730743408, 10355
1.7681589126586914, 10354
1.7711496353149414, 10353
1.7731437683105469, 10352
1.7771358489990234, 10351
1.7801258563995361, 10350
1.7821204662322998, 10349
1.7841155529022217, 10348
1.7861099243164062, 10347
1.7881057262420654, 10346
1.7950878143310547, 10345
1.8080570697784424, 10344
1.815032720565796, 10343
1.8240084648132324, 10342
1.8289949893951416, 10341
1.8319873809814453, 10340
1.839965581893921, 10339
1.842958688735962, 10338
1.8469524383544922, 10337
1.8499464988708496, 10336
1.8529341220855713, 10335
1.8549258708953857, 10334
1.856919765472412, 10333
1.8589153289794922, 10332
1.8629045486450195, 10331
1.8648993968963623, 10330
1.8668932914733887, 10329
1.8698852062225342, 10328
1.8718810081481934, 10327
1.8758749961853027, 10326
1.8788611888885498, 10325
1.9047925472259521, 10324
1.9077847003936768, 10323
1.911773920059204, 10322
1.9137685298919678, 10321
1.9167609214782715, 10320
1.9217469692230225, 10319
1.9237430095672607, 10318
1.924738883972168, 10317
1.9277310371398926, 10316
1.9327175617218018, 10315
1.9347116947174072, 10314
1.9377048015594482, 10313
1.939699411392212, 10312
1.9426908493041992, 10311
1.950669527053833, 10310
1.9526636600494385, 10309
1.9536614418029785, 10308
1.955655813217163, 10307
1.9576525688171387, 10306
1.9596450328826904, 10305
1.9636356830596924, 10304
1.9656291007995605, 10303
1.9676249027252197, 10302
1.9696192741394043, 10301
1.971616506576538, 10300
1.9736125469207764, 10299
1.9796006679534912, 10298
1.9815869331359863, 10297
1.98358154296875, 10296
1.9865727424621582, 10295
1.9885683059692383, 10294
1.9915783405303955, 10293
1.997544765472412, 10292
1.9995386600494385, 10291
2.0015335083007812, 10290
2.0035276412963867, 10289
2.0065200328826904, 10288
2.012507200241089, 10287
2.014498710632324, 10286
2.0174906253814697, 10285
2.0194859504699707, 10284
2.021479845046997, 10283
2.0324511528015137, 10282
2.0354435443878174, 10281
2.0374372005462646, 10280
2.0394339561462402, 10279
2.041426420211792, 10278
2.049406051635742, 10277
2.0514004230499268, 10276
2.0533976554870605, 10275
2.0553903579711914, 10274
2.0573840141296387, 10273
2.064382553100586, 10272
2.0663604736328125, 10271
2.068354845046997, 10270
2.0703506469726562, 10269
2.0803234577178955, 10268
2.0833165645599365, 10267
2.0873074531555176, 10266
2.090297222137451, 10265
2.0922908782958984, 10264
2.0982866287231445, 10263
2.101269006729126, 10262
2.1042640209198, 10261
2.106254816055298, 10260
2.1092450618743896, 10259
2.116227626800537, 10258
2.118222236633301, 10257
2.120216131210327, 10256
2.1361734867095947, 10255
2.1391658782958984, 10254
2.141160249710083, 10253
2.149146795272827, 10252
2.151134967803955, 10251
2.154125452041626, 10250
2.1561195850372314, 10249
2.1581149101257324, 10248
2.1591122150421143, 10247
2.1631104946136475, 10246
2.166097640991211, 10245
2.168088912963867, 10244
2.1700828075408936, 10243
2.1750693321228027, 10242
2.1792209148406982, 10241
2.183051347732544, 10240
2.186042308807373, 10239
2.1910266876220703, 10238
2.1950161457061768, 10237
2.1980082988739014, 10236
2.201000213623047, 10235
2.202995538711548, 10234
2.204989194869995, 10233
2.207982063293457, 10232
2.208979606628418, 10231
2.212972640991211, 10230
2.2149627208709717, 10229
2.21695876121521, 10228
2.218952178955078, 10227
2.218952178955078, 10226
2.220947265625, 10225
2.221947193145752, 10224
2.221947193145752, 10223
2.2239418029785156, 10222
2.2239418029785156, 10221
2.22493839263916, 10220
2.2259366512298584, 10219
2.2259366512298584, 10218
2.228925943374634, 10217
2.2299227714538574, 10216
2.2319178581237793, 10215
2.2339134216308594, 10214
2.2369041442871094, 10213
2.2388994693756104, 10212
2.240893602371216, 10211
2.2428877353668213, 10210
2.2448837757110596, 10209
2.2448837757110596, 10208
2.2458817958831787, 10207
2.2458817958831787, 10206
2.246877908706665, 10205
2.246877908706665, 10204
2.2478747367858887, 10203
2.248872756958008, 10202
2.248872756958008, 10201
2.2498703002929688, 10200
2.250869035720825, 10199
2.2518646717071533, 10198
2.2518646717071533, 10197
2.252861976623535, 10196
2.252861976623535, 10195
2.253859519958496, 10194
2.253859519958496, 10193
2.2548561096191406, 10192
2.2558536529541016, 10191
2.2558536529541016, 10190
2.2568516731262207, 10189
2.2578494548797607, 10188
2.2578494548797607, 10187
2.258845329284668, 10186
2.258845329284668, 10185
2.259842872619629, 10184
2.26084041595459, 10183
2.26084041595459, 10182
2.261838674545288, 10181
2.2628350257873535, 10180
2.2628350257873535, 10179
2.26383376121521, 10178
2.2648355960845947, 10177
2.265827178955078, 10176
2.267822504043579, 10175
2.267822504043579, 10174
2.2698161602020264, 10173
2.2718124389648438, 10172
2.273805618286133, 10171
2.274803638458252, 10170
2.27779483795166, 10169
2.2787914276123047, 10168
2.280787467956543, 10167
2.282780647277832, 10166
2.283777952194214, 10165
2.284778118133545, 10164
2.284778118133545, 10163
2.285775899887085, 10162
2.2867722511291504, 10161
2.2867722511291504, 10160
2.2887651920318604, 10159
2.289762020111084, 10158
2.2917568683624268, 10157
2.2937519550323486, 10156
2.2947492599487305, 10155
2.2957465648651123, 10154
2.296743869781494, 10153
2.297741413116455, 10152
2.2987382411956787, 10151
2.3007326126098633, 10150
2.3017306327819824, 10149
2.3027281761169434, 10148
2.303725004196167, 10147
2.304722309112549, 10146
2.3057196140289307, 10145
2.3067169189453125, 10144
2.3067169189453125, 10143
2.3087117671966553, 10142
2.3087117671966553, 10141
2.3107073307037354, 10140
2.31170654296875, 10139
2.3127028942108154, 10138
2.3127028942108154, 10137
2.3137004375457764, 10136
2.3137004375457764, 10135
2.3146989345550537, 10134
2.3146989345550537, 10133
2.315694808959961, 10132
2.3166918754577637, 10131
2.3166918754577637, 10130
2.317688226699829, 10129
2.3186895847320557, 10128
2.3186895847320557, 10127
2.3196842670440674, 10126
2.3196842670440674, 10125
2.3206820487976074, 10124
2.3206820487976074, 10123
2.3216793537139893, 10122
2.322676658630371, 10121
2.322676658630371, 10120
2.3236730098724365, 10119
2.324669599533081, 10118
2.3266637325286865, 10117
2.3276610374450684, 10116
2.32865834236145, 10115
2.329655647277832, 10114
2.329655647277832, 10113
2.3306527137756348, 10112
2.3316502571105957, 10111
2.3326475620269775, 10110
2.3326475620269775, 10109
2.3336448669433594, 10108
2.3336448669433594, 10107
2.334641933441162, 10106
2.335639238357544, 10105
2.335639238357544, 10104
2.336637258529663, 10103
2.337634563446045, 10102
2.3386342525482178, 10101
2.3406269550323486, 10100
2.341623544692993, 10099
2.341623544692993, 10098
2.3436193466186523, 10097
2.3446168899536133, 10096
2.3466100692749023, 10095
2.3476076126098633, 10094
2.3486053943634033, 10093
2.349602222442627, 10092
2.351598024368286, 10091
2.351598024368286, 10090
2.3525943756103516, 10089
2.3525943756103516, 10088
2.3535921573638916, 10087
2.3545892238616943, 10086
2.3545892238616943, 10085
2.355586528778076, 10084
2.3565845489501953, 10083
2.3575832843780518, 10082
2.3575832843780518, 10081
2.3585782051086426, 10080
2.3585782051086426, 10079
2.3595752716064453, 10078
2.3605740070343018, 10077
2.3605740070343018, 10076
2.361570358276367, 10075
2.362569808959961, 10074
2.362569808959961, 10073
2.3635647296905518, 10072
2.3635647296905518, 10071
2.36456298828125, 10070
2.3655612468719482, 10069
2.3665568828582764, 10068
2.3665568828582764, 10067
2.367553949356079, 10066
2.367553949356079, 10065
2.3685522079467773, 10064
2.3685522079467773, 10063
2.36954927444458, 10062
2.3705506324768066, 10061
2.3705506324768066, 10060
2.371544122695923, 10059
2.371544122695923, 10058
2.3725407123565674, 10057
2.3725407123565674, 10056
2.373538017272949, 10055
2.373538017272949, 10054
2.374535322189331, 10053
2.375532865524292, 10052
2.375532865524292, 10051
2.376530647277832, 10050
2.3775291442871094, 10049
2.3775291442871094, 10048
2.3785252571105957, 10047
2.3785252571105957, 10046
2.3795220851898193, 10045
2.380519390106201, 10044
2.380519390106201, 10043
2.381516456604004, 10042
2.381516456604004, 10041
2.382514238357544, 10040
2.382514238357544, 10039
2.383511543273926, 10038
2.3845102787017822, 10037
2.3845102787017822, 10036
2.3855068683624268, 10035
2.3855068683624268, 10034
2.3865041732788086, 10033
2.3865041732788086, 10032
2.3875014781951904, 10031
2.3875014781951904, 10030
2.388498067855835, 10029
2.388498067855835, 10028
2.389495372772217, 10027
2.3904926776885986, 10026
2.3904926776885986, 10025
2.3914899826049805, 10024
2.392488479614258, 10023
2.392488479614258, 10022
2.3944826126098633, 10021
2.3944826126098633, 10020
2.395479440689087, 10019
2.395479440689087, 10018
2.3964767456054688, 10017
2.3964767456054688, 10016
2.3974740505218506, 10015
2.3984713554382324, 10014
2.3984713554382324, 10013
2.3994691371917725, 10012
2.3994691371917725, 10011
2.400466203689575, 10010
2.400466203689575, 10009
2.402460813522339, 10008
2.4034583568573, 10007
2.4034583568573, 10006
2.4044554233551025, 10005
2.4054527282714844, 10004
2.407447576522827, 10003
2.408444881439209, 10002
2.4104418754577637, 10001
2.4114370346069336, 10000
2.4124343395233154, 9999
2.4134316444396973, 9998
2.415426254272461, 9997
2.4164235591888428, 9996
2.4184181690216064, 9995
2.419415235519409, 9994
2.4204134941101074, 9993
2.42141056060791, 9992
2.42141056060791, 9991
2.422410249710083, 9990
2.422410249710083, 9989
2.4234046936035156, 9988
2.4234046936035156, 9987
2.4244022369384766, 9986
2.4253995418548584, 9985
2.4253995418548584, 9984
2.4263968467712402, 9983
2.427396774291992, 9982
2.429389476776123, 9981
2.430387020111084, 9980
2.4313840866088867, 9979
2.4323816299438477, 9978
2.4333791732788086, 9977
2.435373544692993, 9976
2.435373544692993, 9975
2.4363718032836914, 9974
2.4383654594421387, 9973
2.4393625259399414, 9972
2.4403600692749023, 9971
2.442354679107666, 9970
2.443351984024048, 9969
2.4453463554382324, 9968
2.446343421936035, 9967
2.447340488433838, 9966
2.4493355751037598, 9965
2.4503331184387207, 9964
2.4513301849365234, 9963
2.4523284435272217, 9962
2.453325033187866, 9961
2.454322099685669, 9960
2.455319404602051, 9959
2.455319404602051, 9958
2.456408739089966, 9957
2.4574058055877686, 9956
2.4584031105041504, 9955
2.4603984355926514, 9954
2.4613962173461914, 9953
2.462393045425415, 9952
2.463391065597534, 9951
2.4644901752471924, 9950
2.4664855003356934, 9949
2.467482328414917, 9948
2.468479633331299, 9947
2.4704744815826416, 9946
2.4714715480804443, 9945
2.4724700450897217, 9944
2.4744644165039062, 9943
2.4744644165039062, 9942
2.475461483001709, 9941
2.4764585494995117, 9940
2.478485345840454, 9939
2.4794509410858154, 9938
2.4805846214294434, 9937
2.481607675552368, 9936
2.482578754425049, 9935
2.483577251434326, 9934
2.48557186126709, 9933
2.4865939617156982, 9932
2.487565040588379, 9931
2.4886910915374756, 9930
2.4896883964538574, 9929
2.4906866550445557, 9928
2.4916841983795166, 9927
2.4926810264587402, 9926
2.493678092956543, 9925
2.4946749210357666, 9924
2.4957878589630127, 9923
2.4967875480651855, 9922
2.497783660888672, 9921
2.4987804889678955, 9920
2.4998037815093994, 9919
2.5007753372192383, 9918
2.50177264213562, 9917
2.5027759075164795, 9916
2.5027759075164795, 9915
2.503885507583618, 9914
2.5048837661743164, 9913
2.5059049129486084, 9912
2.5068771839141846, 9911
2.5068771839141846, 9910
2.507875680923462, 9909
2.5098698139190674, 9908
2.51186466217041, 9907
2.512861490249634, 9906
2.5148890018463135, 9905
2.5168511867523193, 9904
2.5178487300872803, 9903
2.5178487300872803, 9902
2.518846035003662, 9901
2.519843578338623, 9900
2.519843578338623, 9899
2.5208401679992676, 9898
2.5208401679992676, 9897
2.5218372344970703, 9896
2.5218372344970703, 9895
2.5228347778320312, 9894
2.5228347778320312, 9893
2.523831844329834, 9892
2.523831844329834, 9891
2.524829149246216, 9890
2.524829149246216, 9889
2.525827169418335, 9888
2.526824474334717, 9887
2.5278232097625732, 9886
2.528822183609009, 9885
2.528822183609009, 9884
2.529818058013916, 9883
2.530817747116089, 9882
2.532810688018799, 9881
2.5348031520843506, 9880
2.535801410675049, 9879
2.5367977619171143, 9878
2.537795305252075, 9877
2.537795305252075, 9876
2.5417912006378174, 9875
2.5507824420928955, 9874
2.552762269973755, 9873
2.5577425956726074, 9872
2.5629003047943115, 9871
2.5658950805664062, 9870
2.5678842067718506, 9869
2.5722317695617676, 9868
2.5732529163360596, 9867
2.574259042739868, 9866
2.5755488872528076, 9865
2.579535961151123, 9864
2.580533742904663, 9863
2.5835304260253906, 9862
2.584681510925293, 9861
2.5876963138580322, 9860
2.5896694660186768, 9859
2.5906660556793213, 9858
2.5906660556793213, 9857
2.5926644802093506, 9856
2.5966527462005615, 9855
2.6007163524627686, 9854
2.6027495861053467, 9853
2.6047449111938477, 9852
2.606731653213501, 9851
2.606731653213501, 9850
2.6090190410614014, 9849
2.6120893955230713, 9848
2.6140143871307373, 9847
2.617004871368408, 9846
2.619006395339966, 9845
2.6220500469207764, 9844
2.6220500469207764, 9843
2.6230409145355225, 9842
2.6240651607513428, 9841
2.625044107437134, 9840
2.628335952758789, 9839
2.6303513050079346, 9838
2.632492780685425, 9837
2.6345715522766113, 9836
2.637557029724121, 9835
2.637557029724121, 9834
2.6395723819732666, 9833
2.6416382789611816, 9832
2.643890142440796, 9831
2.643890142440796, 9830
2.6448845863342285, 9829
2.6478843688964844, 9828
2.6494016647338867, 9827
2.650407075881958, 9826
2.652397394180298, 9825
2.6543848514556885, 9824
2.6543848514556885, 9823
2.6566925048828125, 9822
2.6587491035461426, 9821
2.660245656967163, 9820
2.662243604660034, 9819
2.6654062271118164, 9818
2.669386386871338, 9817
2.669386386871338, 9816
2.6713857650756836, 9815
2.6723737716674805, 9814
2.674886703491211, 9813
2.6758837699890137, 9812
2.6773271560668945, 9811
2.679727554321289, 9810
2.682239532470703, 9809
2.6877567768096924, 9808
2.688762664794922, 9807
2.6925647258758545, 9806
2.696213960647583, 9805
2.6991894245147705, 9804
2.701202392578125, 9803
2.7032175064086914, 9802
2.7044517993927, 9801
2.709198474884033, 9800
2.7221627235412598, 9799
2.874941825866699, 9798
2.8804476261138916, 9797
2.8870999813079834, 9796
2.910649061203003, 9795
2.91414737701416, 9794
2.9161458015441895, 9793
2.9181411266326904, 9792
2.9311163425445557, 9791
2.9336154460906982, 9790
2.9366016387939453, 9789
2.938615083694458, 9788
2.9425463676452637, 9787
2.944601535797119, 9786
2.945971965789795, 9785
2.9489681720733643, 9784
2.9509615898132324, 9783
2.9529571533203125, 9782
2.9544661045074463, 9781
2.9574575424194336, 9780
2.9594645500183105, 9779
2.961458921432495, 9778
2.963453769683838, 9777
2.9654486179351807, 9776
2.9674429893493652, 9775
2.9694385528564453, 9774
2.971432685852051, 9773
2.9744246006011963, 9772
2.9769327640533447, 9771
2.978929042816162, 9770
2.9809205532073975, 9769
2.9819185733795166, 9768
2.9853246212005615, 9767
2.988363265991211, 9766
2.9903547763824463, 9765
2.991352081298828, 9764
2.9934754371643066, 9763
2.9949493408203125, 9762
2.996938943862915, 9761
2.999117136001587, 9760
3.000117540359497, 9759
3.0021140575408936, 9758
3.0041065216064453, 9757
3.0060791969299316, 9756
3.0082719326019287, 9755
3.0101470947265625, 9754
3.01214337348938, 9753
3.013139486312866, 9752
3.015133857727051, 9751
3.0172672271728516, 9750
3.0193636417388916, 9749
3.0212244987487793, 9748
3.023404121398926, 9747
3.025402307510376, 9746
3.026398181915283, 9745
3.028391122817993, 9744
3.0303869247436523, 9743
3.0323805809020996, 9742
3.0333778858184814, 9741
3.0353753566741943, 9740
3.036369562149048, 9739
3.0383658409118652, 9738
3.0393619537353516, 9737
3.0415656566619873, 9736
3.0435590744018555, 9735
3.0455546379089355, 9734
3.047550916671753, 9733
3.049663543701172, 9732
3.0516583919525146, 9731
3.05265474319458, 9730
3.05465030670166, 9729
3.0567715167999268, 9728
3.058763265609741, 9727
3.060758352279663, 9726
3.0627524852752686, 9725
3.064032554626465, 9724
3.0670247077941895, 9723
3.0680220127105713, 9722
3.0690202713012695, 9721
3.071013927459717, 9720
3.0720114707946777, 9719
3.0740067958831787, 9718
3.0750033855438232, 9717
3.0769989490509033, 9716
3.0789968967437744, 9715
3.0800838470458984, 9714
3.0810821056365967, 9713
3.083075523376465, 9712
3.085071325302124, 9711
3.0860695838928223, 9710
3.0880630016326904, 9709
3.090057373046875, 9708
3.091054916381836, 9707
3.0930497646331787, 9706
3.094047784805298, 9705
3.0950443744659424, 9704
3.096083641052246, 9703
3.096123695373535, 9702
3.097121477127075, 9701
3.097121477127075, 9700
3.0981180667877197, 9699
3.0981180667877197, 9698
3.0991158485412598, 9697
3.0991158485412598, 9696
3.1001131534576416, 9695
3.1001131534576416, 9694
3.1011102199554443, 9693
3.1021084785461426, 9692
3.1021084785461426, 9691
3.103105068206787, 9690
3.103105068206787, 9689
3.104189395904541, 9688
3.1051876544952393, 9687
3.106184482574463, 9686
3.1081788539886475, 9685
3.1091761589050293, 9684
3.1101746559143066, 9683
3.1101746559143066, 9682
3.111170530319214, 9681
3.1121675968170166, 9680
3.1121675968170166, 9679
3.1131651401519775, 9678
3.1131651401519775, 9677
3.1141624450683594, 9676
3.1141624450683594, 9675
3.1151599884033203, 9674
3.1151599884033203, 9673
3.116157293319702, 9672
3.116157293319702, 9671
3.1171562671661377, 9670
3.1181516647338867, 9669
3.1181516647338867, 9668
3.1191489696502686, 9667
3.1191489696502686, 9666
3.120227575302124, 9665
3.120227575302124, 9664
3.121224880218506, 9663
3.121224880218506, 9662
3.1222217082977295, 9661
3.1222217082977295, 9660
3.1232192516326904, 9659
3.1232192516326904, 9658
3.1242165565490723, 9657
3.1242165565490723, 9656
3.125213861465454, 9655
3.125213861465454, 9654
3.126211166381836, 9653
3.126211166381836, 9652
3.1272099018096924, 9651
3.1272099018096924, 9650
3.128272771835327, 9649
3.128272771835327, 9648
3.129270553588867, 9647
3.129270553588867, 9646
3.130267381668091, 9645
3.132263660430908, 9644
3.13326096534729, 9643
3.13326096534729, 9642
3.1342575550079346, 9641
3.1352570056915283, 9640
3.1362531185150146, 9639
3.1372499465942383, 9638
3.1382477283477783, 9637
3.1382477283477783, 9636
3.1392455101013184, 9635
3.1392455101013184, 9634
3.1402416229248047, 9633
3.1402416229248047, 9632
3.1412389278411865, 9631
3.1422364711761475, 9630
3.143233299255371, 9629
3.143233299255371, 9628
3.145228385925293, 9627
3.145228385925293, 9626
3.1462254524230957, 9625
3.147223472595215, 9624
3.1482200622558594, 9623
3.1482200622558594, 9622
3.1482200622558594, 9621
3.149216651916504, 9620
3.150214195251465, 9619
3.150214195251465, 9618
3.1512115001678467, 9617
3.1512115001678467, 9616
3.1522088050842285, 9615
3.1522088050842285, 9614
3.154204845428467, 9613
3.1552035808563232, 9612
3.156202793121338, 9611
3.156202793121338, 9610
3.157195806503296, 9609
3.1581928730010986, 9608
3.1581928730010986, 9607
3.1591901779174805, 9606
3.1591901779174805, 9605
3.1601877212524414, 9604
3.1601877212524414, 9603
3.1611850261688232, 9602
3.162184000015259, 9601
3.162184000015259, 9600
3.1631805896759033, 9599
3.164177179336548, 9598
3.164177179336548, 9597
3.165174722671509, 9596
3.165174722671509, 9595
3.1661767959594727, 9594
3.1671695709228516, 9593
3.1671695709228516, 9592
3.1681673526763916, 9591
3.1681673526763916, 9590
3.170161247253418, 9589
3.171159267425537, 9588
3.173154354095459, 9587
3.1751480102539062, 9586
3.1771438121795654, 9585
3.1791374683380127, 9584
3.1801345348358154, 9583
3.18213152885437, 9582
3.18213152885437, 9581
3.1831274032592773, 9580
3.1831274032592773, 9579
3.184251308441162, 9578
3.184251308441162, 9577
3.1852500438690186, 9576
3.1852500438690186, 9575
3.1862471103668213, 9574
3.1872451305389404, 9573
3.1872451305389404, 9572
3.188242197036743, 9571
3.188242197036743, 9570
3.189239025115967, 9569
3.189239025115967, 9568
3.1902365684509277, 9567
3.1902365684509277, 9566
3.1912343502044678, 9565
3.1912343502044678, 9564
3.193228244781494, 9563
3.1942298412323, 9562
3.195223569869995, 9561
3.195223569869995, 9560
3.196220636367798, 9559
3.196220636367798, 9558
3.1972179412841797, 9557
3.1972179412841797, 9556
3.1982154846191406, 9555
3.1982154846191406, 9554
3.1992132663726807, 9553
3.1992132663726807, 9552
3.200329065322876, 9551
3.200329065322876, 9550
3.201327085494995, 9549
3.201327085494995, 9548
3.202324628829956, 9547
3.202324628829956, 9546
3.203321933746338, 9545
3.203321933746338, 9544
3.2043192386627197, 9543
3.2043192386627197, 9542
3.2053167819976807, 9541
3.207310914993286, 9540
3.2099289894104004, 9539
3.2119264602661133, 9538
3.2129218578338623, 9537
3.2149155139923096, 9536
3.2160165309906006, 9535
3.217015027999878, 9534
3.2180116176605225, 9533
3.2200064659118652, 9532
3.221003770828247, 9531
3.22200083732605, 9530
3.222999334335327, 9529
3.224069833755493, 9528
3.226064682006836, 9527
3.226064682006836, 9526
3.227062225341797, 9525
3.2280592918395996, 9524
3.2290568351745605, 9523
3.2300541400909424, 9522
3.232048749923706, 9521
3.2330474853515625, 9520
3.2340445518493652, 9519
3.235042095184326, 9518
3.2370364665985107, 9517
3.23803448677063, 9516
3.2390315532684326, 9515
3.2401154041290283, 9514
3.241114616394043, 9513
3.2421116828918457, 9512
3.2441062927246094, 9511
3.245103597640991, 9510
3.246100902557373, 9509
3.247098445892334, 9508
3.2481777667999268, 9507
3.250174045562744, 9506
3.251171350479126, 9505
3.252168655395508, 9504
3.253166675567627, 9503
3.253166675567627, 9502
3.2541635036468506, 9501
3.2551608085632324, 9500
3.2572755813598633, 9499
3.258272647857666, 9498
3.258272647857666, 9497
3.259270191192627, 9496
3.260267734527588, 9495
3.2612648010253906, 9494
3.2622621059417725, 9493
3.2642569541931152, 9492
3.265369176864624, 9491
3.2663662433624268, 9490
3.2673635482788086, 9489
3.2683615684509277, 9488
3.2693583965301514, 9487
3.2693583965301514, 9486
3.2703559398651123, 9485
3.272350311279297, 9484
3.2733476161956787, 9483
3.2743449211120605, 9482
3.2753419876098633, 9481
3.276339530944824, 9480
3.278334379196167, 9479
3.279331684112549, 9478
3.280449628829956, 9477
3.281446933746338, 9476
3.281446933746338, 9475
3.2824461460113525, 9474
3.2834432125091553, 9473
3.2844390869140625, 9472
3.2844390869140625, 9471
3.2854361534118652, 9470
3.2854361534118652, 9469
3.286433219909668, 9468
3.286433219909668, 9467
3.2874302864074707, 9466
3.2874302864074707, 9465
3.288529872894287, 9464
3.2895290851593018, 9463
3.2905261516571045, 9462
3.2905261516571045, 9461
3.2915236949920654, 9460
3.2925209999084473, 9459
3.294515371322632, 9458
3.2955129146575928, 9457
3.296693801879883, 9456
3.2976930141448975, 9455
3.2986900806427, 9454
3.299687385559082, 9453
3.299687385559082, 9452
3.300685167312622, 9451
3.3026795387268066, 9450
3.3036766052246094, 9449
3.3049545288085938, 9448
3.3059520721435547, 9447
3.3059520721435547, 9446
3.3069491386413574, 9445
3.3079466819763184, 9444
3.308943748474121, 9443
3.310938596725464, 9442
3.311936140060425, 9441
3.311936140060425, 9440
3.3129332065582275, 9439
3.3139305114746094, 9438
3.3149282932281494, 9437
3.3149282932281494, 9436
3.315925359725952, 9435
3.316922664642334, 9434
3.318915843963623, 9433
3.318915843963623, 9432
3.3200480937957764, 9431
3.321047306060791, 9430
3.3220441341400146, 9429
3.3220441341400146, 9428
3.3230414390563965, 9427
3.3250362873077393, 9426
3.326033592224121, 9425
3.3270316123962402, 9424
3.3281519412994385, 9423
3.329150915145874, 9422
3.329150915145874, 9421
3.330148458480835, 9420
3.3321428298950195, 9419
3.3321428298950195, 9418
3.3331410884857178, 9417
3.3331410884857178, 9416
3.334136724472046, 9415
3.334136724472046, 9414
3.3351330757141113, 9413
3.3351330757141113, 9412
3.336246967315674, 9411
3.3372466564178467, 9410
3.338243007659912, 9409
3.339240074157715, 9408
3.3402392864227295, 9407
3.3412349224090576, 9406
3.3412349224090576, 9405
3.3422324657440186, 9404
3.3422324657440186, 9403
3.343231201171875, 9402
3.343231201171875, 9401
3.3443472385406494, 9400
3.3443472385406494, 9399
3.3453457355499268, 9398
3.3453457355499268, 9397
3.346342086791992, 9396
3.346342086791992, 9395
3.347339153289795, 9394
3.347339153289795, 9393
3.348336696624756, 9392
3.349334955215454, 9391
3.349334955215454, 9390
3.3503315448760986, 9389
3.3503315448760986, 9388
3.3513288497924805, 9387
3.3513288497924805, 9386
3.3523261547088623, 9385
3.3523261547088623, 9384
3.353323221206665, 9383
3.353323221206665, 9382
3.354321241378784, 9381
3.354321241378784, 9380
3.354321241378784, 9379
3.355318069458008, 9378
3.356316566467285, 9377
3.356316566467285, 9376
3.3573131561279297, 9375
3.3573131561279297, 9374
3.3583102226257324, 9373
3.3583102226257324, 9372
3.359307289123535, 9371
3.359307289123535, 9370
3.3604559898376465, 9369
3.3604559898376465, 9368
3.3614540100097656, 9367
3.3614540100097656, 9366
3.3624515533447266, 9365
3.3624515533447266, 9364
3.3634486198425293, 9363
3.3644471168518066, 9362
3.3644471168518066, 9361
3.365443229675293, 9360
3.365443229675293, 9359
3.365443229675293, 9358
3.366440773010254, 9357
3.366440773010254, 9356
3.3674380779266357, 9355
3.3674380779266357, 9354
3.3685250282287598, 9353
3.3685250282287598, 9352
3.369523525238037, 9351
3.3705203533172607, 9350
3.3705203533172607, 9349
3.37251615524292, 9348
3.3735132217407227, 9347
3.3745105266571045, 9346
3.3755075931549072, 9345
3.3766086101531982, 9344
3.377607583999634, 9343
3.3786046504974365, 9342
3.3796019554138184, 9341
3.3796019554138184, 9340
3.380598306655884, 9339
3.380598306655884, 9338
3.3815953731536865, 9337
3.3815953731536865, 9336
3.3825931549072266, 9335
3.3825931549072266, 9334
3.3835902214050293, 9333
3.3835902214050293, 9332
3.3846771717071533, 9331
3.3846771717071533, 9330
3.3856751918792725, 9329
3.3866732120513916, 9328
3.3876991271972656, 9327
3.388699531555176, 9326
3.3896987438201904, 9325
3.3896987438201904, 9324
3.3931427001953125, 9323
3.3936526775360107, 9322
3.3946523666381836, 9321
3.395650863647461, 9320
3.395650863647461, 9319
3.3966476917266846, 9318
3.3986406326293945, 9317
3.3986406326293945, 9316
3.399786949157715, 9315
3.4007863998413086, 9314
3.401782751083374, 9313
3.40281343460083, 9312
3.4038097858428955, 9311
3.4048092365264893, 9310
3.405803918838501, 9309
3.405803918838501, 9308
3.406932830810547, 9307
3.407965660095215, 9306
3.407965660095215, 9305
3.4089276790618896, 9304
3.41096830368042, 9303
3.4119529724121094, 9302
3.412949562072754, 9301
3.4139490127563477, 9300
3.415067195892334, 9299
3.415067195892334, 9298
3.416064500808716, 9297
3.4170968532562256, 9296
3.4180924892425537, 9295
3.4180924892425537, 9294
3.4190566539764404, 9293
3.4190566539764404, 9292
3.420053720474243, 9291
3.420053720474243, 9290
3.421050548553467, 9289
3.421050548553467, 9288
3.4220480918884277, 9287
3.4220480918884277, 9286
3.4230453968048096, 9285
3.4230453968048096, 9284
3.4241371154785156, 9283
3.4251708984375, 9282
3.4271321296691895, 9281
3.428133010864258, 9280
3.42915678024292, 9279
3.42915678024292, 9278
3.4301512241363525, 9277
3.4301512241363525, 9276
3.4321165084838867, 9275
3.4321165084838867, 9274
3.4331142902374268, 9273
3.4331142902374268, 9272
3.434110641479492, 9271
3.434110641479492, 9270
3.435107946395874, 9269
3.435107946395874, 9268
3.4361050128936768, 9267
3.4361050128936768, 9266
3.4371020793914795, 9265
3.4371020793914795, 9264
3.4380993843078613, 9263
3.4380993843078613, 9262
3.439098834991455, 9261
3.4412567615509033, 9260
3.4422543048858643, 9259
3.4422543048858643, 9258
3.443220376968384, 9257
3.444216012954712, 9256
3.4452149868011475, 9255
3.446211576461792, 9254
3.447340488433838, 9253
3.4483697414398193, 9252
3.449369192123413, 9251
3.4503650665283203, 9250
3.4503650665283203, 9249
3.4513676166534424, 9248
3.4513676166534424, 9247
3.452328681945801, 9246
3.452328681945801, 9245
3.453324556350708, 9244
3.454324960708618, 9243
3.456434726715088, 9242
3.4574339389801025, 9241
3.4574339389801025, 9240
3.458430767059326, 9239
3.459427833557129, 9238
3.461421489715576, 9237
3.4624507427215576, 9236
3.463552951812744, 9235
3.464586019515991, 9234
3.464586019515991, 9233
3.465580463409424, 9232
3.465580463409424, 9231
3.4665780067443848, 9230
3.4665780067443848, 9229
3.467575788497925, 9228
3.467575788497925, 9227
3.4695379734039307, 9226
3.4695379734039307, 9225
3.4715323448181152, 9224
3.4715323448181152, 9223
3.472529172897339, 9222
3.472529172897339, 9221
3.472529172897339, 9220
3.4735262393951416, 9219
3.4735262393951416, 9218
3.4745235443115234, 9217
3.4745235443115234, 9216
3.4755208492279053, 9215
3.4765191078186035, 9214
3.47752046585083, 9213
3.478515386581421, 9212
3.4795119762420654, 9211
3.4795119762420654, 9210
3.480632781982422, 9209
3.4816319942474365, 9208
3.48262882232666, 9207
3.4836251735687256, 9206
3.484651565551758, 9205
3.485621213912964, 9204
3.485621213912964, 9203
3.4866182804107666, 9202
3.4876158237457275, 9201
3.4887378215789795, 9200
3.489736795425415, 9199
3.4907338619232178, 9198
3.4917612075805664, 9197
3.4917612075805664, 9196
3.4917612075805664, 9195
3.4927597045898438, 9194
3.4937260150909424, 9193
3.4937260150909424, 9192
3.494875431060791, 9191
3.494875431060791, 9190
3.495906352996826, 9189
3.495906352996826, 9188
3.4969024658203125, 9187
3.4969024658203125, 9186
3.4978995323181152, 9185
3.4988653659820557, 9184
3.4998650550842285, 9183
3.5018584728240967, 9182
3.5018584728240967, 9181
3.5018584728240967, 9180
3.503939151763916, 9179
3.504976749420166, 9178
3.5059731006622314, 9177
3.507005214691162, 9176
3.507005214691162, 9175
3.508000612258911, 9174
3.508000612258911, 9173
3.5089988708496094, 9172
3.5089988708496094, 9171
3.5099613666534424, 9170
3.5099613666534424, 9169
3.5099613666534424, 9168
3.5109918117523193, 9167
3.511986494064331, 9166
3.511986494064331, 9165
3.512986183166504, 9164
3.513951539993286, 9163
3.514984130859375, 9162
3.514984130859375, 9161
3.5159783363342285, 9160
3.5159783363342285, 9159
3.5169782638549805, 9158
3.5169782638549805, 9157
3.517974376678467, 9156
3.518939971923828, 9155
3.518939971923828, 9154
3.5200564861297607, 9153
3.5210533142089844, 9152
3.5210533142089844, 9151
3.522052526473999, 9150
3.522052526473999, 9149
3.5230493545532227, 9148
3.5250439643859863, 9147
3.526041269302368, 9146
3.527039051055908, 9145
3.527039051055908, 9144
3.52803635597229, 9143
3.52858829498291, 9142
3.5296192169189453, 9141
3.5296192169189453, 9140
3.5296192169189453, 9139
3.5306172370910645, 9138
3.5306172370910645, 9137
3.5316107273101807, 9136
3.5316107273101807, 9135
3.5326108932495117, 9134
3.5326108932495117, 9133
3.5336077213287354, 9132
3.5336077213287354, 9131
3.534605026245117, 9130
3.534605026245117, 9129
3.5359134674072266, 9128
3.5359134674072266, 9127
3.5369460582733154, 9126
3.5369460582733154, 9125
3.537940502166748, 9124
3.537940502166748, 9123
3.538938045501709, 9122
3.538938045501709, 9121
3.5399327278137207, 9120
3.5399327278137207, 9119
3.5409324169158936, 9118
3.5409324169158936, 9117
3.5419301986694336, 9116
3.5419301986694336, 9115
3.5429744720458984, 9114
3.543459415435791, 9113
3.543459415435791, 9112
3.5444889068603516, 9111
3.5444889068603516, 9110
3.545490026473999, 9109
3.545490026473999, 9108
3.5464842319488525, 9107
3.5464842319488525, 9106
3.5474822521209717, 9105
3.5474822521209717, 9104
3.5484461784362793, 9103
3.5484461784362793, 9102
3.5494418144226074, 9101
3.5494418144226074, 9100
3.5494418144226074, 9099
3.5504391193389893, 9098
3.5524673461914062, 9097
3.5534331798553467, 9096
3.5534331798553467, 9095
3.5544614791870117, 9094
3.5544614791870117, 9093
3.5554616451263428, 9092
3.5554616451263428, 9091
3.5564560890197754, 9090
3.5564560890197754, 9089
3.5574533939361572, 9088
3.558422565460205, 9087
3.559415578842163, 9086
3.5605084896087646, 9085
3.5615391731262207, 9084
3.562537431716919, 9083
3.5645298957824707, 9082
3.5655009746551514, 9081
3.5665245056152344, 9080
3.567596435546875, 9079
3.5686259269714355, 9078
3.5706210136413574, 9077
3.5716183185577393, 9076
3.572617769241333, 9075
3.5736136436462402, 9074
3.5755786895751953, 9073
3.5755786895751953, 9072
3.5774197578430176, 9071
3.578411340713501, 9070
3.5794084072113037, 9069
3.5794084072113037, 9068
3.5804049968719482, 9067
3.5804049968719482, 9066
3.5814361572265625, 9065
3.5814361572265625, 9064
3.5824296474456787, 9063
3.5835516452789307, 9062
3.5835516452789307, 9061
3.5845818519592285, 9060
3.5845818519592285, 9059
3.5845818519592285, 9058
3.585578203201294, 9057
3.5865442752838135, 9056
3.5865442752838135, 9055
3.5865442752838135, 9054
3.5875744819641113, 9053
3.5885426998138428, 9052
3.5885426998138428, 9051
3.5895676612854004, 9050
3.5895676612854004, 9049
3.5905656814575195, 9048
3.591564893722534, 9047
3.591564893722534, 9046
3.591564893722534, 9045
3.592560052871704, 9044
3.5945229530334473, 9043
3.5945229530334473, 9042
3.5965168476104736, 9041
3.5965168476104736, 9040
3.5975146293640137, 9039
3.5975146293640137, 9038
3.5985124111175537, 9037
3.5995099544525146, 9036
3.6015048027038574, 9035
3.603501081466675, 9034
3.6045305728912354, 9033
3.6045305728912354, 9032
3.605525016784668, 9031
3.605525016784668, 9030
3.605525016784668, 9029
3.6065220832824707, 9028
3.6065220832824707, 9027
3.6075172424316406, 9026
3.6075172424316406, 9025
3.6085174083709717, 9024
3.6085174083709717, 9023
3.6104843616485596, 9022
3.611478328704834, 9021
3.612511157989502, 9020
3.6134729385375977, 9019
3.6144697666168213, 9018
3.6154677867889404, 9017
3.6154677867889404, 9016
3.6164963245391846, 9015
3.6164963245391846, 9014
3.617462635040283, 9013
3.617462635040283, 9012
3.618492364883423, 9011
3.618492364883423, 9010
3.618492364883423, 9009
3.619487762451172, 9008
3.619487762451172, 9007
3.620487689971924, 9006
3.620487689971924, 9005
3.6214823722839355, 9004
3.6214823722839355, 9003
3.6214823722839355, 9002
3.6224799156188965, 9001
3.6224799156188965, 9000
3.623474597930908, 8999
3.623474597930908, 8998
3.6244752407073975, 8997
3.6244752407073975, 8996
3.6254727840423584, 8995
3.6264381408691406, 8994
3.6304268836975098, 8993
3.632420778274536, 8992
3.634417772293091, 8991
3.635413646697998, 8990
3.63641357421875, 8989
3.637408494949341, 8988
3.637408494949341, 8987
3.6384053230285645, 8986
3.6384053230285645, 8985
3.639401912689209, 8984
3.639401912689209, 8983
3.639401912689209, 8982
3.640399932861328, 8981
3.6413979530334473, 8980
3.6413979530334473, 8979
3.6423943042755127, 8978
3.6423943042755127, 8977
3.644413709640503, 8976
3.645395040512085, 8975
3.646383285522461, 8974
3.646383285522461, 8973
3.64738130569458, 8972
3.64738130569458, 8971
3.6483781337738037, 8970
3.6483781337738037, 8969
3.6493754386901855, 8968
3.6493754386901855, 8967
3.6503725051879883, 8966
3.6503725051879883, 8965
3.6503725051879883, 8964
3.651370048522949, 8963
3.651370048522949, 8962
3.652367115020752, 8961
3.652367115020752, 8960
3.652367115020752, 8959
3.653364419937134, 8958
3.653364419937134, 8957
3.6543619632720947, 8956
3.6543619632720947, 8955
3.656357526779175, 8954
3.6573545932769775, 8953
3.6623423099517822, 8952
3.6623423099517822, 8951
3.663341522216797, 8950
3.663341522216797, 8949
3.664337635040283, 8948
3.665334939956665, 8947
3.6663315296173096, 8946
3.6673293113708496, 8945
3.6683266162872314, 8944
3.6683266162872314, 8943
3.6683266162872314, 8942
3.6693243980407715, 8941
3.6693243980407715, 8940
3.6703224182128906, 8939
3.6713173389434814, 8938
3.673314094543457, 8937
3.673314094543457, 8936
3.6743106842041016, 8935
3.6743106842041016, 8934
3.6773064136505127, 8933
3.6783061027526855, 8932
3.6792972087860107, 8931
3.6802926063537598, 8930
3.6802926063537598, 8929
3.6812899112701416, 8928
3.6812899112701416, 8927
3.6822869777679443, 8926
3.6822869777679443, 8925
3.6822869777679443, 8924
3.6832845211029053, 8923
3.6832845211029053, 8922
3.684281826019287, 8921
3.684281826019287, 8920
3.685279369354248, 8919
3.685279369354248, 8918
3.686279058456421, 8917
3.686279058456421, 8916
3.686279058456421, 8915
3.687276601791382, 8914
3.6882731914520264, 8913
3.689270257949829, 8912
3.689270257949829, 8911
3.690267324447632, 8910
3.691265106201172, 8909
3.6922624111175537, 8908
3.6922624111175537, 8907
3.694317579269409, 8906
3.6952531337738037, 8905
3.6952531337738037, 8904
3.696338176727295, 8903
3.6973371505737305, 8902
3.698334217071533, 8901
3.699331521987915, 8900
3.700329303741455, 8899
3.7013261318206787, 8898
3.7023258209228516, 8897
3.7023258209228516, 8896
3.7033209800720215, 8895
3.7043962478637695, 8894
3.705395460128784, 8893
3.706392288208008, 8892
3.7073895931243896, 8891
3.7073895931243896, 8890
3.7083868980407715, 8889
3.7093844413757324, 8888
3.7103805541992188, 8887
3.7103805541992188, 8886
3.7113771438598633, 8885
3.7113771438598633, 8884
3.7113771438598633, 8883
3.712374687194824, 8882
3.712374687194824, 8881
3.713371992111206, 8880
3.713371992111206, 8879
3.7143702507019043, 8878
3.7143702507019043, 8877
3.715367317199707, 8876
3.715367317199707, 8875
3.716365098953247, 8874
3.717395305633545, 8873
3.717395305633545, 8872
3.717395305633545, 8871
3.718390703201294, 8870
3.718390703201294, 8869
3.719390869140625, 8868
3.719390869140625, 8867
3.720503568649292, 8866
3.720503568649292, 8865
3.720503568649292, 8864
3.72153377532959, 8863
3.72153377532959, 8862
3.72253155708313, 8861
3.72253155708313, 8860
3.723525285720825, 8859
3.723525285720825, 8858
3.724524974822998, 8857
3.724524974822998, 8856
3.725522756576538, 8855
3.725522756576538, 8854
3.726487874984741, 8853
3.7274863719940186, 8852
3.7274863719940186, 8851
3.728569746017456, 8850
3.729605197906494, 8849
3.729605197906494, 8848
3.729605197906494, 8847
3.7315993309020996, 8846
3.7325966358184814, 8845
3.7335944175720215, 8844
3.734591245651245, 8843
3.735588550567627, 8842
3.7368228435516357, 8841
3.7378222942352295, 8840
3.738818883895874, 8839
3.739816188812256, 8838
3.7408134937286377, 8837
3.7418107986450195, 8836
3.7428081035614014, 8835
3.743913173675537, 8834
3.744913101196289, 8833
3.7459092140197754, 8832
3.7469065189361572, 8831
3.7479047775268555, 8830
3.7479047775268555, 8829
3.748901844024658, 8828
3.7498984336853027, 8827
3.7498984336853027, 8826
3.7498984336853027, 8825
3.751891851425171, 8824
3.751891851425171, 8823
3.7528910636901855, 8822
3.7538881301879883, 8821
3.754885196685791, 8820
3.755882501602173, 8819
3.7568798065185547, 8818
3.7578787803649902, 8817
3.7578787803649902, 8816
3.7578787803649902, 8815
3.7598726749420166, 8814
3.760002613067627, 8813
3.7619988918304443, 8812
3.7619988918304443, 8811
3.7629969120025635, 8810
3.7629969120025635, 8809
3.7639927864074707, 8808
3.7639927864074707, 8807
3.7649896144866943, 8806
3.7649896144866943, 8805
3.7649896144866943, 8804
3.7659871578216553, 8803
3.7669854164123535, 8802
3.7669854164123535, 8801
3.7669854164123535, 8800
3.76806378364563, 8799
3.76806378364563, 8798
3.769062042236328, 8797
3.769062042236328, 8796
3.7700605392456055, 8795
3.7700605392456055, 8794
3.7700605392456055, 8793
3.7710564136505127, 8792
3.7710564136505127, 8791
3.7720537185668945, 8790
3.7720537185668945, 8789
3.7720537185668945, 8788
3.7730515003204346, 8787
3.7730515003204346, 8786
3.774048328399658, 8785
3.774048328399658, 8784
3.7750465869903564, 8783
3.7750465869903564, 8782
3.7750465869903564, 8781
3.776111602783203, 8780
3.777109384536743, 8779
3.778106689453125, 8778
3.778106689453125, 8777
3.7791035175323486, 8776
3.7791035175323486, 8775
3.7791035175323486, 8774
3.7801008224487305, 8773
3.7801008224487305, 8772
3.781097888946533, 8771
3.781097888946533, 8770
3.782095432281494, 8769
3.782095432281494, 8768
3.783093214035034, 8767
3.783093214035034, 8766
3.783093214035034, 8765
3.7842133045196533, 8764
3.785212516784668, 8763
3.7862095832824707, 8762
3.7872066497802734, 8761
3.7882039546966553, 8760
3.7892017364501953, 8759
3.790199041366577, 8758
3.790199041366577, 8757
3.79119610786438, 8756
3.7921934127807617, 8755
3.7941882610321045, 8754
3.7941882610321045, 8753
3.7941882610321045, 8752
3.7951855659484863, 8751
3.7951855659484863, 8750
3.7961819171905518, 8749
3.7961819171905518, 8748
3.7971813678741455, 8747
3.7971813678741455, 8746
3.7981772422790527, 8745
3.7981772422790527, 8744
3.7981772422790527, 8743
3.7991738319396973, 8742
3.7991738319396973, 8741
3.800171375274658, 8740
3.800171375274658, 8739
3.8011693954467773, 8738
3.8011693954467773, 8737
3.8021657466888428, 8736
3.8021657466888428, 8735
3.8031632900238037, 8734
3.8031632900238037, 8733
3.8041603565216064, 8732
3.8041603565216064, 8731
3.805158853530884, 8730
3.805158853530884, 8729
3.805158853530884, 8728
3.8061554431915283, 8727
3.8061554431915283, 8726
3.807152271270752, 8725
3.807152271270752, 8724
3.808149814605713, 8723
3.808149814605713, 8722
3.809148073196411, 8721
3.809148073196411, 8720
3.8101444244384766, 8719
3.8101444244384766, 8718
3.811141014099121, 8717
3.811141014099121, 8716
3.811141014099121, 8715
3.812138795852661, 8714
3.812138795852661, 8713
3.813135862350464, 8712
3.813135862350464, 8711
3.8141329288482666, 8710
3.8141329288482666, 8709
3.8151304721832275, 8708
3.8151304721832275, 8707
3.8151304721832275, 8706
3.8161277770996094, 8705
3.8161277770996094, 8704
3.817126989364624, 8703
3.817126989364624, 8702
3.818122386932373, 8701
3.818122386932373, 8700
3.819119691848755, 8699
3.819119691848755, 8698
3.820117235183716, 8697
3.820117235183716, 8696
3.820117235183716, 8695
3.8211143016815186, 8694
3.8211143016815186, 8693
3.8221118450164795, 8692
3.8221118450164795, 8691
3.8231091499328613, 8690
3.8241078853607178, 8689
3.8241078853607178, 8688
3.8251051902770996, 8687
3.8251051902770996, 8686
3.826101303100586, 8685
3.8271007537841797, 8684
3.8271007537841797, 8683
3.828129291534424, 8682
3.828129291534424, 8681
3.828129291534424, 8680
3.8291285037994385, 8679
3.8291285037994385, 8678
3.8301236629486084, 8677
3.8301236629486084, 8676
3.8311209678649902, 8675
3.8311209678649902, 8674
3.8311209678649902, 8673
3.8321149349212646, 8672
3.8331151008605957, 8671
3.8331151008605957, 8670
3.8331151008605957, 8669
3.8350777626037598, 8668
3.8360767364501953, 8667
3.837073564529419, 8666
3.83807110786438, 8665
3.8390681743621826, 8664
3.84006667137146, 8663
3.84006667137146, 8662
3.8410637378692627, 8661
3.8410637378692627, 8660
3.842059373855591, 8659
3.8430569171905518, 8658
3.84405517578125, 8657
3.845085620880127, 8656
3.845085620880127, 8655
3.8460800647735596, 8654
3.8460800647735596, 8653
3.8460800647735596, 8652
3.8470778465270996, 8651
3.8470778465270996, 8650
3.8480722904205322, 8649
3.8480722904205322, 8648
3.8490724563598633, 8647
3.850039005279541, 8646
3.851069211959839, 8645
3.851069211959839, 8644
3.851069211959839, 8643
3.8520641326904297, 8642
3.8520641326904297, 8641
3.8530638217926025, 8640
3.8530638217926025, 8639
3.8540596961975098, 8638
3.8540596961975098, 8637
3.855025053024292, 8636
3.855025053024292, 8635
3.856022357940674, 8634
3.857020139694214, 8633
3.859013795852661, 8632
3.860018253326416, 8631
3.861008644104004, 8630
3.861008644104004, 8629
3.8620057106018066, 8628
3.8620057106018066, 8627
3.8640007972717285, 8626
3.865995168685913, 8625
3.8679912090301514, 8624
3.868988513946533, 8623
3.869985580444336, 8622
3.869985580444336, 8621
3.869985580444336, 8620
3.8709828853607178, 8619
3.8719780445098877, 8618
3.8730106353759766, 8617
3.8730106353759766, 8616
3.8740057945251465, 8615
3.8740057945251465, 8614
3.8740057945251465, 8613
3.875004291534424, 8612
3.875004291534424, 8611
3.876000165939331, 8610
3.876970052719116, 8609
3.876970052719116, 8608
3.8779964447021484, 8607
3.8779964447021484, 8606
3.8789918422698975, 8605
3.8799588680267334, 8604
3.8809549808502197, 8603
3.8809549808502197, 8602
3.8809549808502197, 8601
3.8819518089294434, 8600
3.8819518089294434, 8599
3.882948875427246, 8598
3.882948875427246, 8597
3.883946180343628, 8596
3.883946180343628, 8595
3.883946180343628, 8594
3.884943723678589, 8593
3.884943723678589, 8592
3.885941982269287, 8591
3.8869411945343018, 8590
3.8869411945343018, 8589
3.887969732284546, 8588
3.887969732284546, 8587
3.8889658451080322, 8586
3.8889658451080322, 8585
3.889962911605835, 8584
3.889962911605835, 8583
3.889962911605835, 8582
3.8909616470336914, 8581
3.8909616470336914, 8580
3.8919572830200195, 8579
3.8919572830200195, 8578
3.89292311668396, 8577
3.8949172496795654, 8576
3.8949172496795654, 8575
3.895944356918335, 8574
3.895944356918335, 8573
3.895944356918335, 8572
3.896944522857666, 8571
3.896944522857666, 8570
3.897941827774048, 8569
3.897941827774048, 8568
3.897941827774048, 8567
3.898940086364746, 8566
3.898940086364746, 8565
3.8999366760253906, 8564
3.8999366760253906, 8563
3.9009032249450684, 8562
3.9018988609313965, 8561
3.9018988609313965, 8560
3.9029324054718018, 8559
3.9029324054718018, 8558
3.9039227962493896, 8557
3.9039227962493896, 8556
3.9049232006073, 8555
3.9049232006073, 8554
3.9049232006073, 8553
3.9059207439422607, 8552
3.9059207439422607, 8551
3.906919240951538, 8550
3.906919240951538, 8549
3.9079155921936035, 8548
3.9079155921936035, 8547
3.9089155197143555, 8546
3.909878730773926, 8545
3.9109089374542236, 8544
3.9109089374542236, 8543
3.9119112491607666, 8542
3.9119112491607666, 8541
3.9129021167755127, 8540
3.9129021167755127, 8539
3.9129021167755127, 8538
3.9138991832733154, 8537
3.9138991832733154, 8536
3.9148976802825928, 8535
3.9168591499328613, 8534
3.9168591499328613, 8533
3.917858839035034, 8532
3.917858839035034, 8531
3.918856143951416, 8530
3.918856143951416, 8529
3.9198524951934814, 8528
3.920849561691284, 8527
3.921846866607666, 8526
3.9228439331054688, 8525
3.9238412380218506, 8524
3.924837350845337, 8523
3.924837350845337, 8522
3.9258675575256348, 8521
3.9268338680267334, 8520
3.9268338680267334, 8519
3.9278595447540283, 8518
3.9278595447540283, 8517
3.928858757019043, 8516
3.928858757019043, 8515
3.928858757019043, 8514
3.929856300354004, 8513
3.929856300354004, 8512
3.9308555126190186, 8511
3.931818962097168, 8510
3.932851552963257, 8509
3.932851552963257, 8508
3.9338462352752686, 8507
3.9338462352752686, 8506
3.9338462352752686, 8505
3.934843063354492, 8504
3.934843063354492, 8503
3.9358372688293457, 8502
3.9358372688293457, 8501
3.936837673187256, 8500
3.936837673187256, 8499
3.937835454940796, 8498
3.937835454940796, 8497
3.937835454940796, 8496
3.938833713531494, 8495
3.9397976398468018, 8494
3.9408295154571533, 8493
3.9408295154571533, 8492
3.9418249130249023, 8491
3.9418249130249023, 8490
3.9428231716156006, 8489
3.943789005279541, 8488
3.94478702545166, 8487
3.9457826614379883, 8486
3.946779489517212, 8485
3.9477791786193848, 8484
3.9477791786193848, 8483
3.9477791786193848, 8482
3.948775053024292, 8481
3.949772596359253, 8480
3.9507694244384766, 8479
3.9517667293548584, 8478
3.9527645111083984, 8477
3.954759359359741, 8476
3.954759359359741, 8475
3.954759359359741, 8474
3.9557883739471436, 8473
3.9557883739471436, 8472
3.9567863941192627, 8471
3.9567863941192627, 8470
3.9577817916870117, 8469
3.9577817916870117, 8468
3.9577817916870117, 8467
3.9587788581848145, 8466
3.9587788581848145, 8465
3.9607431888580322, 8464
3.9607431888580322, 8463
3.9617395401000977, 8462
3.9627363681793213, 8461
3.9627363681793213, 8460
3.963733673095703, 8459
3.963733673095703, 8458
3.9647302627563477, 8457
3.9647302627563477, 8456
3.9647302627563477, 8455
3.9657280445098877, 8454
3.9657280445098877, 8453
3.9667248725891113, 8452
3.9667248725891113, 8451
3.9667248725891113, 8450
3.967722177505493, 8449
3.967722177505493, 8448
3.968719720840454, 8447
3.968719720840454, 8446
3.9697186946868896, 8445
3.9697186946868896, 8444
3.9707486629486084, 8443
3.9707486629486084, 8442
3.9707486629486084, 8441
3.971745491027832, 8440
3.971745491027832, 8439
3.9727439880371094, 8438
3.9727439880371094, 8437
3.9737389087677, 8436
3.9737389087677, 8435
3.9737389087677, 8434
3.9747366905212402, 8433
3.9747366905212402, 8432
3.9757354259490967, 8431
3.976701021194458, 8430
3.9777305126190186, 8429
3.9777305126190186, 8428
3.9777305126190186, 8427
3.978726863861084, 8426
3.978726863861084, 8425
3.9797255992889404, 8424
3.9797255992889404, 8423
3.980722427368164, 8422
3.980722427368164, 8421
3.980722427368164, 8420
3.981717824935913, 8419
3.981717824935913, 8418
3.982714891433716, 8417
3.982714891433716, 8416
3.9837145805358887, 8415
3.9846787452697754, 8414
3.9846787452697754, 8413
3.9856748580932617, 8412
3.9856748580932617, 8411
3.9866716861724854, 8410
3.9866716861724854, 8409
3.9866716861724854, 8408
3.987668991088867, 8407
3.987668991088867, 8406
3.988666296005249, 8405
3.988666296005249, 8404
3.988666296005249, 8403
3.98966383934021, 8402
3.98966383934021, 8401
3.990661144256592, 8400
3.990661144256592, 8399
3.990661144256592, 8398
3.992690086364746, 8397
3.9936575889587402, 8396
3.9936575889587402, 8395
3.997082471847534, 8394
3.9976425170898438, 8393
3.9976425170898438, 8392
3.9986395835876465, 8391
3.9986395835876465, 8390
3.9996390342712402, 8389
4.000668048858643, 8388
4.000668048858643, 8387
4.000668048858643, 8386
4.001664400100708, 8385
4.001664400100708, 8384
4.0026631355285645, 8383
4.0026631355285645, 8382
4.003659725189209, 8381
4.003659725189209, 8380
4.00465989112854, 8379
4.00465989112854, 8378
4.0056538581848145, 8377
4.0056538581848145, 8376
4.006618976593018, 8375
4.0076189041137695, 8374
4.008615493774414, 8373
4.009612083435059, 8372
4.011605501174927, 8371
4.011605501174927, 8370
4.011605501174927, 8369
4.01260232925415, 8368
4.01260232925415, 8367
4.013599634170532, 8366
4.013599634170532, 8365
4.014599084854126, 8364
4.014599084854126, 8363
4.014599084854126, 8362
4.015594959259033, 8361
4.015594959259033, 8360
4.016591548919678, 8359
4.016591548919678, 8358
4.017589092254639, 8357
4.017589092254639, 8356
4.017589092254639, 8355
4.0185863971710205, 8354
4.0185863971710205, 8353
4.019583702087402, 8352
4.019583702087402, 8351
4.019583702087402, 8350
4.020580768585205, 8349
4.020580768585205, 8348
4.021578788757324, 8347
4.021578788757324, 8346
4.022609233856201, 8345
4.022609233856201, 8344
4.02360725402832, 8343
4.02360725402832, 8342
4.024603605270386, 8341
4.024603605270386, 8340
4.025600433349609, 8339
4.025600433349609, 8338
4.026566743850708, 8337
4.0275962352752686, 8336
4.0275962352752686, 8335
4.028594970703125, 8334
4.0295586585998535, 8333
4.0295586585998535, 8332
4.03055739402771, 8331
4.0315539836883545, 8330
4.032550573348999, 8329
4.03354811668396, 8328
4.034545421600342, 8327
4.035542726516724, 8326
4.036538362503052, 8325
4.037536859512329, 8324
4.037536859512329, 8323
4.038533449172974, 8322
4.038533449172974, 8321
4.038533449172974, 8320
4.039530277252197, 8319
4.039530277252197, 8318
4.040527582168579, 8317
4.040527582168579, 8316
4.040527582168579, 8315
4.041524887084961, 8314
4.041524887084961, 8313
4.042522430419922, 8312
4.043522357940674, 8311
4.044518232345581, 8310
4.044518232345581, 8309
4.045547008514404, 8308
4.045547008514404, 8307
4.045547008514404, 8306
4.046544551849365, 8305
4.04753851890564, 8304
4.04753851890564, 8303
4.04853892326355, 8302
4.04853892326355, 8301
4.04853892326355, 8300
4.049536228179932, 8299
4.050535202026367, 8298
4.050535202026367, 8297
4.051498889923096, 8296
4.051498889923096, 8295
4.05253267288208, 8294
4.05253267288208, 8293
4.053525447845459, 8292
4.053525447845459, 8291
4.053525447845459, 8290
4.054523229598999, 8289
4.054523229598999, 8288
4.055517196655273, 8287
4.055517196655273, 8286
4.056485414505005, 8285
4.056485414505005, 8284
4.0575151443481445, 8283
4.0575151443481445, 8282
4.0575151443481445, 8281
4.059478759765625, 8280
4.060476303100586, 8279
4.060476303100586, 8278
4.0615057945251465, 8277
4.062469482421875, 8276
4.064465045928955, 8275
4.06745719909668, 8274
4.069451570510864, 8273
4.070448875427246, 8272
4.070448875427246, 8271
4.071445941925049, 8270
4.071445941925049, 8269
4.072442293167114, 8268
4.072442293167114, 8267
4.072442293167114, 8266
4.073439836502075, 8265
4.074440240859985, 8264
4.075434684753418, 8263
4.075434684753418, 8262
4.077430486679077, 8261
4.07842755317688, 8260
4.079424619674683, 8259
4.079424619674683, 8258
4.080421686172485, 8257
4.080421686172485, 8256
4.081419944763184, 8255
4.0824501514434814, 8254
4.0824501514434814, 8253
4.083447217941284, 8252
4.083447217941284, 8251
4.084412097930908, 8250
4.085488557815552, 8249
4.087404251098633, 8248
4.087404251098633, 8247
4.088432788848877, 8246
4.08939790725708, 8245
4.08939790725708, 8244
4.08939790725708, 8243
4.091394901275635, 8242
4.092390298843384, 8241
4.094419002532959, 8240
4.094419002532959, 8239
4.09541130065918, 8238
4.09541130065918, 8237
4.09637975692749, 8236
4.097378492355347, 8235
4.097378492355347, 8234
4.097378492355347, 8233
4.098375082015991, 8232
4.099371910095215, 8231
4.100369215011597, 8230
4.101367473602295, 8229
4.10236382484436, 8228
4.1033618450164795, 8227
4.104358673095703, 8226
4.104358673095703, 8225
4.105387449264526, 8224
4.105387449264526, 8223
4.106385707855225, 8222
4.106385707855225, 8221
4.106385707855225, 8220
4.107383728027344, 8219
4.107383728027344, 8218
4.107383728027344, 8217
4.108381271362305, 8216
4.108381271362305, 8215
4.1103456020355225, 8214
4.112336874008179, 8213
4.114331245422363, 8212
4.114331245422363, 8211
4.115327835083008, 8210
4.115327835083008, 8209
4.115327835083008, 8208
4.1163249015808105, 8207
4.1163249015808105, 8206
4.117322206497192, 8205
4.117322206497192, 8204
4.117322206497192, 8203
4.118319511413574, 8202
4.118319511413574, 8201
4.11931848526001, 8200
4.11931848526001, 8199
4.120347023010254, 8198
4.120347023010254, 8197
4.121349334716797, 8196
4.121349334716797, 8195
4.121349334716797, 8194
4.122345447540283, 8193
4.123307704925537, 8192
4.123307704925537, 8191
4.124303817749023, 8190
4.124303817749023, 8189
4.124303817749023, 8188
4.126299142837524, 8187
4.127297639846802, 8186
4.128296852111816, 8185
4.129293203353882, 8184
4.130290269851685, 8183
4.132303714752197, 8182
4.134279012680054, 8181
4.134279012680054, 8180
4.135274410247803, 8179
4.137269735336304, 8178
4.139268159866333, 8177
4.14236307144165, 8176
4.144254446029663, 8175
4.145249843597412, 8174
4.146246671676636, 8173
4.147278070449829, 8172
4.147278070449829, 8171
4.148275852203369, 8170
4.149240255355835, 8169
4.149240255355835, 8168
4.150237083435059, 8167
4.150237083435059, 8166
4.151233434677124, 8165
4.152230739593506, 8164
4.153228521347046, 8163
4.15422511100769, 8162
4.15522313117981, 8161
4.156219482421875, 8160
4.157248497009277, 8159
4.157248497009277, 8158
4.15824556350708, 8157
4.159240007400513, 8156
4.160242080688477, 8155
4.162203788757324, 8154
4.164198160171509, 8153
4.1681928634643555, 8152
4.169186592102051, 8151
4.170184373855591, 8150
4.1711790561676025, 8149
4.172210931777954, 8148
4.172210931777954, 8147
4.173205852508545, 8146
4.174203395843506, 8145
4.174203395843506, 8144
4.175202131271362, 8143
4.176165580749512, 8142
4.179166793823242, 8141
4.18115234375, 8140
4.182150602340698, 8139
4.185142517089844, 8138
4.1871397495269775, 8137
4.188133716583252, 8136
4.189130783081055, 8135
4.189130783081055, 8134
4.190127849578857, 8133
4.190127849578857, 8132
4.19112491607666, 8131
4.1921234130859375, 8130
4.193122625350952, 8129
4.1951258182525635, 8128
4.197110176086426, 8127
4.198107957839966, 8126
4.19910740852356, 8125
4.200103044509888, 8124
4.201099872589111, 8123
4.20212984085083, 8122
4.20212984085083, 8121
4.203125953674316, 8120
4.20412540435791, 8119
4.20515251159668, 8118
4.207163333892822, 8117
4.209078550338745, 8116
4.21208381652832, 8115
4.214065074920654, 8114
4.214065074920654, 8113
4.215090990066528, 8112
4.21605920791626, 8111
4.217056751251221, 8110
4.218052864074707, 8109
4.218052864074707, 8108
4.219050168991089, 8107
4.219050168991089, 8106
4.22004771232605, 8105
4.221045017242432, 8104
4.22503924369812, 8103
4.226033687591553, 8102
4.229028701782227, 8101
4.2320170402526855, 8100
4.233015060424805, 8099
4.234012126922607, 8098
4.236006736755371, 8097
4.237004041671753, 8096
4.238001108169556, 8095
4.238997459411621, 8094
4.239994049072266, 8093
4.240996837615967, 8092
4.243985176086426, 8091
4.243985176086426, 8090
4.244981288909912, 8089
4.245978355407715, 8088
4.246975421905518, 8087
4.246975421905518, 8086
4.249002933502197, 8085
4.251000165939331, 8084
4.252992153167725, 8083
4.253957271575928, 8082
4.254955768585205, 8081
4.255952596664429, 8080
4.262937545776367, 8079
4.264929294586182, 8078
4.265929222106934, 8077
4.266924858093262, 8076
4.2679219245910645, 8075
4.2689502239227295, 8074
4.269946813583374, 8073
4.270946264266968, 8072
4.270946264266968, 8071
4.271942138671875, 8070
4.2729387283325195, 8069
4.2729387283325195, 8068
4.273937940597534, 8067
4.274933338165283, 8066
4.276926279067993, 8065
4.280885696411133, 8064
4.281883239746094, 8063
4.283885955810547, 8062
4.283885955810547, 8061
4.284907102584839, 8060
4.2859039306640625, 8059
4.286903381347656, 8058
4.286903381347656, 8057
4.287898540496826, 8056
4.288896322250366, 8055
4.2898948192596436, 8054
4.290859222412109, 8053
4.291855812072754, 8052
4.291855812072754, 8051
4.2968590259552, 8050
4.299840688705444, 8049
4.300833702087402, 8048
4.300833702087402, 8047
4.301830530166626, 8046
4.302828073501587, 8045
4.306849241256714, 8044
4.3078453540802, 8043
4.308842897415161, 8042
4.315795421600342, 8041
4.317786455154419, 8040
4.320780277252197, 8039
4.323805570602417, 8038
4.326765298843384, 8037
4.334770441055298, 8036
4.337734937667847, 8035
4.340726613998413, 8034
4.348704814910889, 8033
4.351695537567139, 8032
4.3536903858184814, 8031
4.355684757232666, 8030
4.358677387237549, 8029
4.366661787033081, 8028
4.369649171829224, 8027
4.3736701011657715, 8026
4.376630544662476, 8025
4.384641647338867, 8024
4.386638641357422, 8023
4.389626979827881, 8022
4.391590595245361, 8021
4.400580883026123, 8020
4.403592586517334, 8019
4.4055845737457275, 8018
4.40757942199707, 8017
4.417520523071289, 8016
4.421541690826416, 8015
4.428493022918701, 8014
4.431485176086426, 8013
4.435473918914795, 8012
4.4414896965026855, 8011
4.451430797576904, 8010
4.456449031829834, 8009
4.458443880081177, 8008
4.467387437820435, 8007
4.473370313644409, 8006
4.479383707046509, 8005
4.487366199493408, 8004
4.489361763000488, 8003
4.498315334320068, 8002
4.502293586730957, 8001
4.505284786224365, 8000
4.507280111312866, 7999
4.516257047653198, 7998
4.519249200820923, 7997
4.523273468017578, 7996
4.532214403152466, 7995
4.536235809326172, 7994
4.538231611251831, 7993
4.541221380233765, 7992
4.548172235488892, 7991
4.55119514465332, 7990
4.554154396057129, 7989
4.556149005889893, 7988
4.564130544662476, 7987
4.567121744155884, 7986
4.57014536857605, 7985
4.572139024734497, 7984
4.579089879989624, 7983
4.583110332489014, 7982
4.585105895996094, 7981
4.591090202331543, 7980
4.596043586730957, 7979
4.599066972732544, 7978
4.601029872894287, 7977
4.604053497314453, 7976
4.61402440071106, 7975
4.616021156311035, 7974
4.619016408920288, 7973
4.622002601623535, 7972
4.628955841064453, 7971
4.63197922706604, 7970
4.634941577911377, 7969
4.636934757232666, 7968
4.643916368484497, 7967
4.646907806396484, 7966
4.649900436401367, 7965
4.652891635894775, 7964
4.657909154891968, 7963
4.6619017124176025, 7962
4.6648924350738525, 7961
4.66984486579895, 7960
4.678823709487915, 7959
4.681845664978027, 7958
4.684838056564331, 7957
4.68980598449707, 7956
4.693784475326538, 7955
4.696775197982788, 7954
4.699767112731934, 7953
4.702758550643921, 7952
4.707746982574463, 7951
4.711767196655273, 7950
4.714727163314819, 7949
4.717719316482544, 7948
4.722717523574829, 7947
4.72569727897644, 7946
4.729686975479126, 7945
4.7326788902282715, 7944
4.735670804977417, 7943
4.74166202545166, 7942
4.747637748718262, 7941
4.7506303787231445, 7940
4.753622055053711, 7939
4.758622407913208, 7938
4.764593124389648, 7937
4.766587972640991, 7936
4.770577430725098, 7935
4.773576259613037, 7934
4.7765607833862305, 7933
4.778554201126099, 7932
4.781546115875244, 7931
4.783540725708008, 7930
4.786532878875732, 7929
4.788527250289917, 7928
4.79052209854126, 7927
4.7935471534729, 7926
4.796539068222046, 7925
4.79853367805481, 7924
4.803674697875977, 7923
4.804669380187988, 7922
4.807967662811279, 7921
4.811990022659302, 7920
4.815106153488159, 7919
4.81710147857666, 7918
4.818131446838379, 7917
4.820125579833984, 7916
4.82112979888916, 7915
4.8220884799957275, 7914
4.823085308074951, 7913
4.824202299118042, 7912
4.825201511383057, 7911
4.82619833946228, 7910
4.827195644378662, 7909
4.828192949295044, 7908
4.829190254211426, 7907
4.831184148788452, 7906
4.832183361053467, 7905
4.833179712295532, 7904
4.834176778793335, 7903
4.835174322128296, 7902
4.836171865463257, 7901
4.838165044784546, 7900
4.839163780212402, 7899
4.840161085128784, 7898
4.841158628463745, 7897
4.843153953552246, 7896
4.846143484115601, 7895
4.848138093948364, 7894
4.85113000869751, 7893
4.853125095367432, 7892
4.854122638702393, 7891
4.855119705200195, 7890
4.856117010116577, 7889
4.85910964012146, 7888
4.86011004447937, 7887
4.867088556289673, 7886
4.868087291717529, 7885
4.869086980819702, 7884
4.871079444885254, 7883
4.872076034545898, 7882
4.873071670532227, 7881
4.874069452285767, 7880
4.87606406211853, 7879
4.878063678741455, 7878
4.879056453704834, 7877
4.881051063537598, 7876
4.882047414779663, 7875
4.883044958114624, 7874
4.885039567947388, 7873
4.885039567947388, 7872
4.886036157608032, 7871
4.888036251068115, 7870
4.8910369873046875, 7869
4.896014928817749, 7868
4.8990373611450195, 7867
4.90000057220459, 7866
4.9009974002838135, 7865
4.9009974002838135, 7864
4.901994943618774, 7863
4.902991771697998, 7862
4.903989315032959, 7861
4.9049859046936035, 7860
4.91098427772522, 7859
4.9139673709869385, 7858
4.91595721244812, 7857
4.917951822280884, 7856
4.9199464321136475, 7855
4.920943975448608, 7854
4.921940803527832, 7853
4.922938108444214, 7852
4.929921865463257, 7851
4.931916236877441, 7850
4.932911396026611, 7849
4.934908390045166, 7848
4.936901330947876, 7847
4.93889594078064, 7846
4.943883657455444, 7845
4.947874069213867, 7844
4.949869155883789, 7843
4.950866222381592, 7842
4.9518632888793945, 7841
4.952861070632935, 7840
4.953858137130737, 7839
4.954855918884277, 7838
4.956849575042725, 7837
4.963830232620239, 7836
4.965825080871582, 7835
4.9668214321136475, 7834
4.9678192138671875, 7833
4.96881628036499, 7832
4.969812870025635, 7831
4.970810413360596, 7830
4.9718077182769775, 7829
4.972805023193359, 7828
4.976819753646851, 7827
4.981781959533691, 7826
4.982778072357178, 7825
4.98377537727356, 7824
4.9847753047943115, 7823
4.985769987106323, 7822
4.986767768859863, 7821
4.987764835357666, 7820
4.988761901855469, 7819
4.988761901855469, 7818
4.989759206771851, 7817
4.990756511688232, 7816
4.991754055023193, 7815
4.995746374130249, 7814
4.997740030288696, 7813
4.998736381530762, 7812
4.999733209609985, 7811
5.002746820449829, 7810
5.004719495773315, 7809
5.004719495773315, 7808
5.005716562271118, 7807
5.0067138671875, 7806
5.007711172103882, 7805
5.008709907531738, 7804
5.012699604034424, 7803
5.013697385787964, 7802
5.013697385787964, 7801
5.014693737030029, 7800
5.015690565109253, 7799
5.0187108516693115, 7798
5.020677804946899, 7797
5.021674633026123, 7796
5.022671699523926, 7795
5.025664329528809, 7794
5.029654264450073, 7793
5.031648874282837, 7792
5.0336432456970215, 7791
5.034640550613403, 7790
5.039626836776733, 7789
5.041621446609497, 7788
5.047605276107788, 7787
5.0495994091033936, 7786
5.0545878410339355, 7785
5.056581020355225, 7784
5.062567234039307, 7783
5.064559698104858, 7782
5.067551374435425, 7781
5.071542024612427, 7780
5.073535442352295, 7779
5.080527067184448, 7778
5.0914905071258545, 7777
5.104454278945923, 7776
5.107445478439331, 7775
5.1164257526397705, 7774
5.11941385269165, 7773
5.121407747268677, 7772
5.123401880264282, 7771
5.131383895874023, 7770
5.135370492935181, 7769
5.138362884521484, 7768
5.1403584480285645, 7767
5.148335933685303, 7766
5.152325391769409, 7765
5.1543192863464355, 7764
5.1563146114349365, 7763
5.163296699523926, 7762
5.166288375854492, 7761
5.168282508850098, 7760
5.170276880264282, 7759
5.173269510269165, 7758
5.175263166427612, 7757
5.18224573135376, 7756
5.185236930847168, 7755
5.187231779098511, 7754
5.189226388931274, 7753
5.19222092628479, 7752
5.19720721244812, 7751
5.1992011070251465, 7750
5.202192783355713, 7749
5.204187870025635, 7748
5.207179546356201, 7747
5.210172176361084, 7746
5.21216607093811, 7745
5.214160680770874, 7744
5.217443227767944, 7743
5.219438314437866, 7742
5.2224297523498535, 7741
5.2312750816345215, 7740
5.233269453048706, 7739
5.236262559890747, 7738
5.238256454467773, 7737
5.243397951126099, 7736
5.248390436172485, 7735
5.252374172210693, 7734
5.254368782043457, 7733
5.257361173629761, 7732
5.263347387313843, 7731
5.2653398513793945, 7730
5.267334222793579, 7729
5.270327568054199, 7728
5.272320985794067, 7727
5.274314641952515, 7726
5.282298803329468, 7725
5.285285711288452, 7724
5.301244735717773, 7723
5.303238391876221, 7722
5.324182748794556, 7721
5.333158731460571, 7720
5.334156274795532, 7719
5.334156274795532, 7718
5.335152864456177, 7717
5.33615255355835, 7716
5.338145732879639, 7715
5.339142560958862, 7714
5.340139150619507, 7713
5.340139150619507, 7712
5.341136932373047, 7711
5.354104042053223, 7710
5.355103015899658, 7709
5.355103015899658, 7708
5.356099605560303, 7707
5.357096910476685, 7706
5.358093976974487, 7705
5.359089136123657, 7704
5.36607027053833, 7703
5.367067098617554, 7702
5.3680641651153564, 7701
5.369061231613159, 7700
5.369061231613159, 7699
5.370058536529541, 7698
5.371055841445923, 7697
5.372052907943726, 7696
5.372052907943726, 7695
5.3730504512786865, 7694
5.374047756195068, 7693
5.374047756195068, 7692
5.37804651260376, 7691
5.383025884628296, 7690
5.384021997451782, 7689
5.384021997451782, 7688
5.385019779205322, 7687
5.386016845703125, 7686
5.387013912200928, 7685
5.387013912200928, 7684
5.38801121711731, 7683
5.389008522033691, 7682
5.390007019042969, 7681
5.390007019042969, 7680
5.391003370285034, 7679
5.392000913619995, 7678
5.395002365112305, 7677
5.398982048034668, 7676
5.3999786376953125, 7675
5.3999786376953125, 7674
5.400975942611694, 7673
5.401973247528076, 7672
5.402970314025879, 7671
5.402970314025879, 7670
5.403967618942261, 7669
5.404965400695801, 7668
5.404965400695801, 7667
5.4059624671936035, 7666
5.406959772109985, 7665
5.407957077026367, 7664
5.407957077026367, 7663
5.414951324462891, 7662
5.416935443878174, 7661
5.417932510375977, 7660
5.418929815292358, 7659
5.420922517776489, 7658
5.421921730041504, 7657
5.422918796539307, 7656
5.4239161014556885, 7655
5.4319071769714355, 7654
5.433890342712402, 7653
5.435884475708008, 7652
5.4368815422058105, 7651
5.4368815422058105, 7650
5.438876390457153, 7649
5.438876390457153, 7648
5.448849678039551, 7647
5.450842380523682, 7646
5.4518396854400635, 7645
5.4518396854400635, 7644
5.452837228775024, 7643
5.453834533691406, 7642
5.454831838607788, 7641
5.456827402114868, 7640
5.456827402114868, 7639
5.458822727203369, 7638
5.466800212860107, 7637
5.481761455535889, 7636
5.4827587604522705, 7635
5.483755111694336, 7634
5.484752416610718, 7633
5.484752416610718, 7632
5.4857497215271, 7631
5.488742113113403, 7630
5.489738941192627, 7629
5.490735769271851, 7628
5.490735769271851, 7627
5.4917333126068115, 7626
5.497732877731323, 7625
5.4997124671936035, 7624
5.500710487365723, 7623
5.501706600189209, 7622
5.501706600189209, 7621
5.502703666687012, 7620
5.5037009716033936, 7619
5.50469970703125, 7618
5.5056962966918945, 7617
5.506693124771118, 7616
5.506693124771118, 7615
5.507690191268921, 7614
5.509697675704956, 7613
5.514687776565552, 7612
5.515670537948608, 7611
5.516667127609253, 7610
5.5176637172698975, 7609
5.518661022186279, 7608
5.518661022186279, 7607
5.519659042358398, 7606
5.520656108856201, 7605
5.521653175354004, 7604
5.522650241851807, 7603
5.522650241851807, 7602
5.523648262023926, 7601
5.52464485168457, 7600
5.52464485168457, 7599
5.531627178192139, 7598
5.532625198364258, 7597
5.533621788024902, 7596
5.534619331359863, 7595
5.535616159439087, 7594
5.537610769271851, 7593
5.539606332778931, 7592
5.541600227355957, 7591
5.548581600189209, 7590
5.549578905105591, 7589
5.5505759716033936, 7588
5.551572799682617, 7587
5.552570343017578, 7586
5.553567886352539, 7585
5.554565191268921, 7584
5.555562257766724, 7583
5.556559801101685, 7582
5.557556867599487, 7581
5.558554410934448, 7580
5.5645482540130615, 7579
5.566534042358398, 7578
5.567530393600464, 7577
5.568527936935425, 7576
5.5695250034332275, 7575
5.570522308349609, 7574
5.57151985168457, 7573
5.572516918182373, 7572
5.573514461517334, 7571
5.574511766433716, 7570
5.580507278442383, 7569
5.58348822593689, 7568
5.584485292434692, 7567
5.585482597351074, 7566
5.586479663848877, 7565
5.587476968765259, 7564
5.588474273681641, 7563
5.588474273681641, 7562
5.5894715785980225, 7561
5.598448276519775, 7560
5.598448276519775, 7559
5.599477767944336, 7558
5.600442409515381, 7557
5.601440191268921, 7556
5.6024370193481445, 7555
5.603434324264526, 7554
5.604431629180908, 7553
5.605429649353027, 7552
5.607423782348633, 7551
5.607423782348633, 7550
5.614406108856201, 7549
5.615402460098267, 7548
5.616401195526123, 7547
5.618395090103149, 7546
5.619392156600952, 7545
5.620389461517334, 7544
5.621387958526611, 7543
5.622384309768677, 7542
5.623381853103638, 7541
5.625376224517822, 7540
5.629365682601929, 7539
5.630362510681152, 7538
5.631359815597534, 7537
5.632357597351074, 7536
5.632357597351074, 7535
5.634352207183838, 7534
5.6353490352630615, 7533
5.63634729385376, 7532
5.637343406677246, 7531
5.638341188430786, 7530
5.639338254928589, 7529
5.64033579826355, 7528
5.641333818435669, 7527
5.643327951431274, 7526
5.645323038101196, 7525
5.64631986618042, 7524
5.647317171096802, 7523
5.648314476013184, 7522
5.649312257766724, 7521
5.650308847427368, 7520
5.651309967041016, 7519
5.653334379196167, 7518
5.654332160949707, 7517
5.655328273773193, 7516
5.656326055526733, 7515
5.657323360443115, 7514
5.659287452697754, 7513
5.660284042358398, 7512
5.662278652191162, 7511
5.663274765014648, 7510
5.6662678718566895, 7509
5.6702587604522705, 7508
5.673249244689941, 7507
5.6752424240112305, 7506
5.677240610122681, 7505
5.679233074188232, 7504
5.681228399276733, 7503
5.683255195617676, 7502
5.684219598770142, 7501
5.687212944030762, 7500
5.689208030700684, 7499
5.690204381942749, 7498
5.692198038101196, 7497
5.699179410934448, 7496
5.702171802520752, 7495
5.704167366027832, 7494
5.70516562461853, 7493
5.706161737442017, 7492
5.708156585693359, 7491
5.71515679359436, 7490
5.7191267013549805, 7489
5.7201244831085205, 7488
5.72111964225769, 7487
5.722116947174072, 7486
5.723114252090454, 7485
5.724111795425415, 7484
5.729102611541748, 7483
5.7321412563323975, 7482
5.733447074890137, 7481
5.736429214477539, 7480
5.73941969871521, 7479
5.741415977478027, 7478
5.746401309967041, 7477
5.748395681381226, 7476
5.74939227104187, 7475
5.752427816390991, 7474
5.753382444381714, 7473
5.756374359130859, 7472
5.757371187210083, 7471
5.758368253707886, 7470
5.76535177230835, 7469
5.768343448638916, 7468
5.769340753555298, 7467
5.771335601806641, 7466
5.772331714630127, 7465
5.7743260860443115, 7464
5.777320861816406, 7463
5.782307147979736, 7462
5.784299612045288, 7461
5.786296367645264, 7460
5.787292242050171, 7459
5.789290428161621, 7458
5.790291786193848, 7457
5.795679807662964, 7456
5.799783706665039, 7455
5.801663637161255, 7454
5.802660226821899, 7453
5.80365777015686, 7452
5.805651903152466, 7451
5.8076465129852295, 7450
5.812648296356201, 7449
5.81562614440918, 7448
5.8166234493255615, 7447
5.818617105484009, 7446
5.819613933563232, 7445
5.820611000061035, 7444
5.822606801986694, 7443
5.823605298995972, 7442
5.824601411819458, 7441
5.8305864334106445, 7440
5.8325793743133545, 7439
5.836017370223999, 7438
5.836568593978882, 7437
5.83856725692749, 7436
5.839560508728027, 7435
5.840558052062988, 7434
5.841554880142212, 7433
5.846543550491333, 7432
5.848536968231201, 7431
5.850531578063965, 7430
5.8515284061431885, 7429
5.8525261878967285, 7428
5.853524208068848, 7427
5.855518341064453, 7426
5.857513189315796, 7425
5.858510255813599, 7424
5.862502574920654, 7423
5.86462664604187, 7422
5.866488456726074, 7421
5.867486238479614, 7420
5.868483304977417, 7419
5.86948037147522, 7418
5.870477914810181, 7417
5.871474981307983, 7416
5.872472286224365, 7415
5.874467134475708, 7414
5.879456043243408, 7413
5.882446050643921, 7412
5.88344407081604, 7411
5.8844404220581055, 7410
5.885437965393066, 7409
5.886435031890869, 7408
5.888430118560791, 7407
5.889426946640015, 7406
5.890425682067871, 7405
5.8914220333099365, 7404
5.895423412322998, 7403
5.897406339645386, 7402
5.898404359817505, 7401
5.90039849281311, 7400
5.901395559310913, 7399
5.902393579483032, 7398
5.903391599655151, 7397
5.904387950897217, 7396
5.906382322311401, 7395
5.907379627227783, 7394
5.909374713897705, 7393
5.91236686706543, 7392
5.913363695144653, 7391
5.91535758972168, 7390
5.916355133056641, 7389
5.917352199554443, 7388
5.918349981307983, 7387
5.920345306396484, 7386
5.921342849731445, 7385
5.924353122711182, 7384
5.928324460983276, 7383
5.930319309234619, 7382
5.931315183639526, 7381
5.93330979347229, 7380
5.934307098388672, 7379
5.935306072235107, 7378
5.937299966812134, 7377
5.939296007156372, 7376
5.944283485412598, 7375
5.9462761878967285, 7374
5.947272539138794, 7373
5.949267387390137, 7372
5.950265169143677, 7371
5.951263189315796, 7370
5.95225977897644, 7369
5.953257322311401, 7368
5.962234973907471, 7367
5.966222524642944, 7366
5.970212459564209, 7365
5.9771950244903564, 7364
5.983179330825806, 7363
5.986169815063477, 7362
5.994147300720215, 7361
6.000132322311401, 7360
6.006116151809692, 7359
6.010106563568115, 7358
6.019081354141235, 7357
6.022073268890381, 7356
6.0290563106536865, 7355
6.035037994384766, 7354
6.038029670715332, 7353
6.042020082473755, 7352
6.049999237060547, 7351
6.052990674972534, 7350
6.056981086730957, 7349
6.065955877304077, 7348
6.0689475536346436, 7347
6.07293701171875, 7346
6.081916809082031, 7345
6.0859034061431885, 7344
6.088895082473755, 7343
6.095878601074219, 7342
6.100863456726074, 7341
6.104854106903076, 7340
6.111835718154907, 7339
6.116819858551025, 7338
6.12080979347229, 7337
6.123800992965698, 7336
6.135772943496704, 7335
6.140757083892822, 7334
6.148733854293823, 7333
6.153720378875732, 7332
6.160706281661987, 7331
6.164690971374512, 7330
6.1926188468933105, 7329
6.199597597122192, 7328
6.201592206954956, 7327
6.201592206954956, 7326
6.203587293624878, 7325
6.2055957317352295, 7324
6.208574295043945, 7323
6.209572076797485, 7322
6.210569381713867, 7321
6.2125630378723145, 7320
6.2125630378723145, 7319
6.213560581207275, 7318
6.214557409286499, 7317
6.216553449630737, 7316
6.217549562454224, 7315
6.218547821044922, 7314
6.219544410705566, 7313
6.220541715621948, 7312
6.221539735794067, 7311
6.222536087036133, 7310
6.223533630371094, 7309
6.2275230884552, 7308
6.228520393371582, 7307
6.229517459869385, 7306
6.230515003204346, 7305
6.2315123081207275, 7304
6.232509613037109, 7303
6.234506130218506, 7302
6.235504150390625, 7301
6.237496376037598, 7300
6.2384936809539795, 7299
6.239490985870361, 7298
6.240488290786743, 7297
6.2424843311309814, 7296
6.243480205535889, 7295
6.24447774887085, 7294
6.2454750537872314, 7293
6.246472120285034, 7292
6.247469663619995, 7291
6.249549388885498, 7290
6.250546216964722, 7289
6.251545429229736, 7288
6.252540826797485, 7287
6.253539085388184, 7286
6.254535675048828, 7285
6.255532741546631, 7284
6.257597923278809, 7283
6.258595943450928, 7282
6.2595930099487305, 7281
6.260589599609375, 7280
6.261586904525757, 7279
6.26258397102356, 7278
6.264651536941528, 7277
6.265649080276489, 7276
6.266645908355713, 7275
6.267643451690674, 7274
6.268640756607056, 7273
6.269639015197754, 7272
6.2716333866119385, 7271
6.272629976272583, 7270
6.273627281188965, 7269
6.274624824523926, 7268
6.275623083114624, 7267
6.277616739273071, 7266
6.2786149978637695, 7265
6.279687404632568, 7264
6.280684947967529, 7263
6.281682014465332, 7262
6.283676385879517, 7261
6.2846739292144775, 7260
6.2876667976379395, 7259
6.29004693031311, 7258
6.292041540145874, 7257
6.293039083480835, 7256
6.295033693313599, 7255
6.296232461929321, 7254
6.298227310180664, 7253
6.299224615097046, 7252
6.300221681594849, 7251
6.302217483520508, 7250
6.303213834762573, 7249
6.304348945617676, 7248
6.3063435554504395, 7247
6.3073410987854, 7246
6.309340000152588, 7245
6.311330556869507, 7244
6.311330556869507, 7243
6.31232762336731, 7242
6.313324451446533, 7241
6.314321994781494, 7240
6.316319465637207, 7239
6.317347049713135, 7238
6.3183417320251465, 7237
6.319341659545898, 7236
6.320338726043701, 7235
6.3213396072387695, 7234
6.3252928256988525, 7233
6.32728910446167, 7232
6.328286409378052, 7231
6.329283714294434, 7230
6.330281019210815, 7229
6.33127760887146, 7228
6.332307815551758, 7227
6.333303451538086, 7226
6.333303451538086, 7225
6.334299325942993, 7224
6.335298538208008, 7223
6.336296081542969, 7222
6.337297439575195, 7221
6.339257478713989, 7220
6.340254306793213, 7219
6.341251611709595, 7218
6.342248201370239, 7217
6.343245983123779, 7216
6.3442418575286865, 7215
6.345238924026489, 7214
6.3462419509887695, 7213
6.347269535064697, 7212
6.348264455795288, 7211
6.349262475967407, 7210
6.35025691986084, 7209
6.351256370544434, 7208
6.352221250534058, 7207
6.353219509124756, 7206
6.354250431060791, 7205
6.355247497558594, 7204
6.356242656707764, 7203
6.357239484786987, 7202
6.358234405517578, 7201
6.360232353210449, 7200
6.361196994781494, 7199
6.362226724624634, 7198
6.363226413726807, 7197
6.3642213344573975, 7196
6.365218639373779, 7195
6.366213321685791, 7194
6.367213487625122, 7193
6.368178129196167, 7192
6.370206356048584, 7191
6.371172189712524, 7190
6.3722004890441895, 7189
6.373197078704834, 7188
6.374192953109741, 7187
6.3761584758758545, 7186
6.378184795379639, 7185
6.379183769226074, 7184
6.379183769226074, 7183
6.380178689956665, 7182
6.381175518035889, 7181
6.382142782211304, 7180
6.384169578552246, 7179
6.386162996292114, 7178
6.388158798217773, 7177
6.390121698379517, 7176
6.391120433807373, 7175
6.393149137496948, 7174
6.394141435623169, 7173
6.399129390716553, 7172
6.401127099990845, 7171
6.402121067047119, 7170
6.402121067047119, 7169
6.404114484786987, 7168
6.404114484786987, 7167
6.406077861785889, 7166
6.407074451446533, 7165
6.411065340042114, 7164
6.411065340042114, 7163
6.413058042526245, 7162
6.414057493209839, 7161
6.4150543212890625, 7160
6.419184446334839, 7159
6.420181751251221, 7158
6.421178340911865, 7157
6.422174692153931, 7156
6.423171758651733, 7155
6.42429780960083, 7154
6.425295114517212, 7153
6.426296710968018, 7152
6.428287029266357, 7151
6.429320335388184, 7150
6.430314064025879, 7149
6.43127965927124, 7148
6.432276010513306, 7147
6.433273077011108, 7146
6.43427038192749, 7145
6.43427038192749, 7144
6.435267925262451, 7143
6.438292741775513, 7142
6.4392900466918945, 7141
6.440411567687988, 7140
6.443436622619629, 7139
6.446430444717407, 7138
6.447541236877441, 7137
6.448571681976318, 7136
6.448571681976318, 7135
6.449563503265381, 7134
6.451563596725464, 7133
6.453554153442383, 7132
6.454550504684448, 7131
6.455547332763672, 7130
6.455667018890381, 7129
6.457664251327515, 7128
6.459656715393066, 7127
6.461653709411621, 7126
6.461653709411621, 7125
6.462809801101685, 7124
6.463836431503296, 7123
6.464837551116943, 7122
6.4658355712890625, 7121
6.466832876205444, 7120
6.467828750610352, 7119
6.467828750610352, 7118
6.4688286781311035, 7117
6.469825267791748, 7116
6.4708240032196045, 7115
6.471814870834351, 7114
6.472815275192261, 7113
6.473813056945801, 7112
6.474811315536499, 7111
6.4767749309539795, 7110
6.477771282196045, 7109
6.479764699935913, 7108
6.480897903442383, 7107
6.4818947315216064, 7106
6.482892274856567, 7105
6.484886407852173, 7104
6.485884189605713, 7103
6.486881256103516, 7102
6.488969564437866, 7101
6.489966630935669, 7100
6.490963935852051, 7099
6.492959499359131, 7098
6.493956089019775, 7097
6.494953393936157, 7096
6.496948003768921, 7095
6.497945308685303, 7094
6.4989423751831055, 7093
6.500937223434448, 7092
6.50193452835083, 7091
6.50293231010437, 7090
6.504926443099976, 7089
6.5059239864349365, 7088
6.506921291351318, 7087
6.508916139602661, 7086
6.509913682937622, 7085
6.509913682937622, 7084
6.510910749435425, 7083
6.512906074523926, 7082
6.51390266418457, 7081
6.51490044593811, 7080
6.515897035598755, 7079
6.51789116859436, 7078
6.518889904022217, 7077
6.518889904022217, 7076
6.520020484924316, 7075
6.522016525268555, 7074
6.523013591766357, 7073
6.525008678436279, 7072
6.525008678436279, 7071
6.5260069370269775, 7070
6.527003288269043, 7069
6.528125762939453, 7068
6.5301220417022705, 7067
6.533114433288574, 7066
6.534111499786377, 7065
6.53510856628418, 7064
6.536237478256226, 7063
6.538233995437622, 7062
6.539231061935425, 7061
6.539231061935425, 7060
6.540228843688965, 7059
6.542222261428833, 7058
6.542222261428833, 7057
6.543368577957153, 7056
6.544400691986084, 7055
6.545395374298096, 7054
6.546396732330322, 7053
6.547359466552734, 7052
6.548387765884399, 7051
6.549382448196411, 7050
6.550382375717163, 7049
6.550382375717163, 7048
6.552344799041748, 7047
6.553341627120972, 7046
6.553341627120972, 7045
6.554339170455933, 7044
6.55534029006958, 7043
6.5563671588897705, 7042
6.557361125946045, 7041
6.558362722396851, 7040
6.559359788894653, 7039
6.560442686080933, 7038
6.561441421508789, 7037
6.562437295913696, 7036
6.563436508178711, 7035
6.564433336257935, 7034
6.566428184509277, 7033
6.567424058914185, 7032
6.568521022796631, 7031
6.569519758224487, 7030
6.570518732070923, 7029
6.572511434555054, 7028
6.5735087394714355, 7027
6.575503826141357, 7026
6.575503826141357, 7025
6.577611684799194, 7024
6.57861065864563, 7023
6.579607725143433, 7022
6.582599878311157, 7021
6.68584418296814, 7020
6.686840295791626, 7019
6.722003221511841, 7018
6.726989507675171, 7017
6.7362425327301025, 7016
6.822185516357422, 7015
6.939545154571533, 7014
6.969910383224487, 7013
7.226660251617432, 7012
7.238595485687256, 7011
7.446731328964233, 7010
7.453742742538452, 7009
7.465829849243164, 7008
7.4869303703308105, 7007
7.543879508972168, 7006
7.54487419128418, 7005
7.591136693954468, 7004
7.632849454879761, 7003
7.6419782638549805, 7002
7.818043231964111, 7001
8.126378774642944, 7000
8.456082105636597, 6999
8.55713415145874, 6998
8.576388835906982, 6997
8.588491678237915, 6996
8.598496913909912, 6995
8.60457158088684, 6994
8.622785806655884, 6993
8.628872871398926, 6992
8.634859800338745, 6991
8.671324729919434, 6990
8.679340600967407, 6989
8.689509630203247, 6988
8.698584079742432, 6987
8.70571255683899, 6986
8.72175669670105, 6985
9.224551677703857, 6984
9.248610258102417, 6983
9.278863668441772, 6982
9.399679183959961, 6981
9.40566349029541, 6980
9.41382622718811, 6979
9.419905424118042, 6978
9.55338168144226, 6977
9.631263017654419, 6976
9.917382717132568, 6975
9.965861797332764, 6974
9.97892141342163, 6973
10.0194091796875, 6972
10.16959261894226, 6971
10.476016998291016, 6970
10.480093002319336, 6969
12.014666557312012, 6968
12.092458724975586, 6967
