0.2673165798187256, 10747
0.3246746063232422, 10746
0.3685572147369385, 10745
0.4074230194091797, 10744
0.44647884368896484, 10743
0.4837958812713623, 10742
0.5249199867248535, 10741
0.5702836513519287, 10740
0.6085119247436523, 10739
0.6500208377838135, 10738
0.7193608283996582, 10737
0.7878825664520264, 10736
0.8341360092163086, 10735
0.8794748783111572, 10734
0.88047194480896, 10733
0.8814704418182373, 10732
0.8824672698974609, 10731
0.8844611644744873, 10730
0.8854589462280273, 10729
0.886455774307251, 10728
0.8884506225585938, 10727
0.8894476890563965, 10726
0.8914422988891602, 10725
0.8925771713256836, 10724
0.8935761451721191, 10723
0.8955707550048828, 10722
0.8965680599212646, 10721
0.8975651264190674, 10720
0.8985624313354492, 10719
0.9005589485168457, 10718
0.9025516510009766, 10717
0.9045464992523193, 10716
0.9055438041687012, 10715
0.907538890838623, 10714
0.9096636772155762, 10713
0.9106605052947998, 10712
0.9126558303833008, 10711
0.9136526584625244, 10710
0.9146487712860107, 10709
0.9156479835510254, 10708
0.9167661666870117, 10707
0.9187624454498291, 10706
0.9197595119476318, 10705
0.9217541217803955, 10704
0.9227519035339355, 10703
0.9237489700317383, 10702
0.9247465133666992, 10701
0.9267406463623047, 10700
0.9297332763671875, 10699
0.9318504333496094, 10698
0.9358410835266113, 10697
0.9399335384368896, 10696
0.9409325122833252, 10695
0.9429268836975098, 10694
0.9449222087860107, 10693
0.9459199905395508, 10692
0.9469168186187744, 10691
0.9479138851165771, 10690
0.9490230083465576, 10689
0.9500195980072021, 10688
0.9510180950164795, 10687
0.9520144462585449, 10686
0.9530127048492432, 10685
0.9561271667480469, 10684
0.9581236839294434, 10683
0.9601190090179443, 10682
0.963109016418457, 10681
0.9661004543304443, 10680
0.9690923690795898, 10679
0.9710867404937744, 10678
0.9720842838287354, 10677
0.9730820655822754, 10676
0.9740791320800781, 10675
0.9750773906707764, 10674
0.9760746955871582, 10673
0.9770712852478027, 10672
0.9780681133270264, 10671
0.9790661334991455, 10670
0.9800629615783691, 10669
0.9810607433319092, 10668
0.9820582866668701, 10667
0.9830551147460938, 10666
0.9840521812438965, 10665
0.9850494861602783, 10664
0.9860470294952393, 10663
0.9870443344116211, 10662
0.9910354614257812, 10661
0.9950265884399414, 10660
1.002004861831665, 10659
1.0089855194091797, 10658
1.0169987678527832, 10657
1.024944543838501, 10656
1.025942325592041, 10655
1.0269396305084229, 10654
1.0289335250854492, 10653
1.0309603214263916, 10652
1.033921241760254, 10651
1.033921241760254, 10650
1.0349233150482178, 10649
1.0369126796722412, 10648
1.0389084815979004, 10647
1.039905071258545, 10646
1.0409021377563477, 10645
1.0428967475891113, 10644
1.0438945293426514, 10643
1.0469169616699219, 10642
1.0499088764190674, 10641
1.0519051551818848, 10640
1.0548648834228516, 10639
1.0568599700927734, 10638
1.0578570365905762, 10637
1.058854579925537, 10636
1.0598511695861816, 10635
1.0608489513397217, 10634
1.0628745555877686, 10633
1.0648658275604248, 10632
1.0668694972991943, 10631
1.06782865524292, 10630
1.0688254833221436, 10629
1.0698230266571045, 10628
1.0708203315734863, 10627
1.0718178749084473, 10626
1.072814702987671, 10625
1.0738122463226318, 10624
1.0748100280761719, 10623
1.0758068561553955, 10622
1.0778017044067383, 10621
1.0818235874176025, 10620
1.086777925491333, 10619
1.090768814086914, 10618
1.0917658805847168, 10617
1.0927636623382568, 10616
1.093759298324585, 10615
1.0947582721710205, 10614
1.0967528820037842, 10613
1.098747968673706, 10612
1.0997450351715088, 10611
1.1017403602600098, 10610
1.1027374267578125, 10609
1.1037383079528809, 10608
1.1047306060791016, 10607
1.107722520828247, 10606
1.1097221374511719, 10605
1.1107497215270996, 10604
1.1127092838287354, 10603
1.1147048473358154, 10602
1.1166996955871582, 10601
1.1196904182434082, 10600
1.1207172870635986, 10599
1.1217174530029297, 10598
1.1227145195007324, 10597
1.1236801147460938, 10596
1.1247093677520752, 10595
1.125708818435669, 10594
1.126704454421997, 10593
1.127702236175537, 10592
1.1296634674072266, 10591
1.1306610107421875, 10590
1.1316592693328857, 10589
1.132655382156372, 10588
1.1346817016601562, 10587
1.1366453170776367, 10586
1.1376423835754395, 10585
1.138639211654663, 10584
1.1406335830688477, 10583
1.1426281929016113, 10582
1.1466591358184814, 10581
1.1497819423675537, 10580
1.1548986434936523, 10579
1.1628808975219727, 10578
1.1730446815490723, 10577
1.1871705055236816, 10576
1.1872472763061523, 10575
1.1882781982421875, 10574
1.189274549484253, 10573
1.1902732849121094, 10572
1.191269874572754, 10571
1.1922688484191895, 10570
1.1932637691497803, 10569
1.194260835647583, 10568
1.195227861404419, 10567
1.1963765621185303, 10566
1.1974067687988281, 10565
1.1984038352966309, 10564
1.1984038352966309, 10563
1.199404001235962, 10562
1.2003982067108154, 10561
1.2013630867004395, 10560
1.203357458114624, 10559
1.2053518295288086, 10558
1.2063496112823486, 10557
1.2073466777801514, 10556
1.2083439826965332, 10555
1.209341287612915, 10554
1.209341287612915, 10553
1.210338830947876, 10552
1.2113361358642578, 10551
1.2134671211242676, 10550
1.2154607772827148, 10549
1.2164578437805176, 10548
1.2184526920318604, 10547
1.2205257415771484, 10546
1.221559762954712, 10545
1.2225565910339355, 10544
1.2235536575317383, 10543
1.2245512008666992, 10542
1.2255487442016602, 10541
1.2286574840545654, 10540
1.2326481342315674, 10539
1.235640287399292, 10538
1.2367274761199951, 10537
1.2387235164642334, 10536
1.2407186031341553, 10535
1.241715431213379, 10534
1.2437102794647217, 10533
1.2447075843811035, 10532
1.2457053661346436, 10531
1.2476997375488281, 10530
1.2486968040466309, 10529
1.2506921291351318, 10528
1.2526865005493164, 10527
1.2538118362426758, 10526
1.2558066844940186, 10525
1.2568037509918213, 10524
1.258798599243164, 10523
1.259885311126709, 10522
1.2628788948059082, 10521
1.2648735046386719, 10520
1.2668678760528564, 10519
1.2679691314697266, 10518
1.2699651718139648, 10517
1.2709627151489258, 10516
1.2729570865631104, 10515
1.2739551067352295, 10514
1.2749519348144531, 10513
1.276059627532959, 10512
1.2780556678771973, 10511
1.2790532112121582, 10510
1.2830426692962646, 10509
1.286034107208252, 10508
1.2910208702087402, 10507
1.2971253395080566, 10506
1.2971253395080566, 10505
1.2991182804107666, 10504
1.3002400398254395, 10503
1.3022363185882568, 10502
1.3032317161560059, 10501
1.3042314052581787, 10500
1.3052282333374023, 10499
1.307222843170166, 10498
1.3083250522613525, 10497
1.3103210926055908, 10496
1.3113186359405518, 10495
1.312316656112671, 10494
1.3133132457733154, 10493
1.3153083324432373, 10492
1.316591501235962, 10491
1.3185880184173584, 10490
1.321579933166504, 10489
1.3225769996643066, 10488
1.3235743045806885, 10487
1.3245716094970703, 10486
1.3265674114227295, 10485
1.327563762664795, 10484
1.3285598754882812, 10483
1.3295905590057373, 10482
1.330587387084961, 10481
1.33158540725708, 10480
1.3326995372772217, 10479
1.3337292671203613, 10478
1.334726333618164, 10477
1.335723876953125, 10476
1.335723876953125, 10475
1.3367221355438232, 10474
1.3377208709716797, 10473
1.3387157917022705, 10472
1.3408448696136475, 10471
1.3428370952606201, 10470
1.3458013534545898, 10469
1.3489739894866943, 10468
1.3509693145751953, 10467
1.3519659042358398, 10466
1.3539607524871826, 10465
1.3559556007385254, 10464
1.3570611476898193, 10463
1.358058214187622, 10462
1.3600525856018066, 10461
1.3610498905181885, 10460
1.3620479106903076, 10459
1.3640410900115967, 10458
1.3650383949279785, 10457
1.3660352230072021, 10456
1.3670322895050049, 10455
1.3680295944213867, 10454
1.3690297603607178, 10453
1.3710243701934814, 10452
1.373018503189087, 10451
1.3750126361846924, 10450
1.3760440349578857, 10449
1.3770389556884766, 10448
1.3790013790130615, 10447
1.3799986839294434, 10446
1.3809950351715088, 10445
1.3819921016693115, 10444
1.3829896450042725, 10443
1.3839869499206543, 10442
1.3849842548370361, 10441
1.385984182357788, 10440
1.387012004852295, 10439
1.3880085945129395, 10438
1.3880085945129395, 10437
1.3890035152435303, 10436
1.3900043964385986, 10435
1.391000747680664, 10434
1.3929626941680908, 10433
1.3949580192565918, 10432
1.3989486694335938, 10431
1.4029691219329834, 10430
1.4069592952728271, 10429
1.4139091968536377, 10428
1.423882246017456, 10427
1.4338884353637695, 10426
1.4348838329315186, 10425
1.4358811378479004, 10424
1.4727511405944824, 10423
1.4747459888458252, 10422
1.4757750034332275, 10421
1.4757750034332275, 10420
1.4767694473266602, 10419
1.4767694473266602, 10418
1.477768898010254, 10417
1.4797320365905762, 10416
1.4797320365905762, 10415
1.4807286262512207, 10414
1.4807286262512207, 10413
1.4817256927490234, 10412
1.4817256927490234, 10411
1.4827229976654053, 10410
1.4827229976654053, 10409
1.483720064163208, 10408
1.483720064163208, 10407
1.484717607498169, 10406
1.484717607498169, 10405
1.4857149124145508, 10404
1.48671293258667, 10403
1.4877104759216309, 10402
1.4877104759216309, 10401
1.4887070655822754, 10400
1.4887070655822754, 10399
1.4897041320800781, 10398
1.4907035827636719, 10397
1.4907035827636719, 10396
1.491731882095337, 10395
1.4927268028259277, 10394
1.4927268028259277, 10393
1.4937260150909424, 10392
1.4937260150909424, 10391
1.4947242736816406, 10390
1.4956927299499512, 10389
1.4966859817504883, 10388
1.4966859817504883, 10387
1.497683048248291, 10386
1.497683048248291, 10385
1.4986803531646729, 10384
1.4986803531646729, 10383
1.4996776580810547, 10382
1.5006754398345947, 10381
1.5006754398345947, 10380
1.5016722679138184, 10379
1.5016722679138184, 10378
1.5026695728302002, 10377
1.5026695728302002, 10376
1.5036671161651611, 10375
1.5046641826629639, 10374
1.505662202835083, 10373
1.505662202835083, 10372
1.5066587924957275, 10371
1.5066587924957275, 10370
1.5076560974121094, 10369
1.5076560974121094, 10368
1.5086536407470703, 10367
1.5086536407470703, 10366
1.5096509456634521, 10365
1.5096509456634521, 10364
1.510648250579834, 10363
1.510648250579834, 10362
1.5116488933563232, 10361
1.5126445293426514, 10360
1.5136754512786865, 10359
1.5136754512786865, 10358
1.5146715641021729, 10357
1.5146715641021729, 10356
1.5156679153442383, 10355
1.5156679153442383, 10354
1.51666259765625, 10353
1.51666259765625, 10352
1.5176620483398438, 10351
1.5186595916748047, 10350
1.5186595916748047, 10349
1.5196266174316406, 10348
1.5196266174316406, 10347
1.5206544399261475, 10346
1.5206544399261475, 10345
1.521653652191162, 10344
1.5226492881774902, 10343
1.5226492881774902, 10342
1.5236461162567139, 10341
1.5246412754058838, 10340
1.5266399383544922, 10339
1.528602123260498, 10338
1.529632806777954, 10337
1.531625509262085, 10336
1.5326197147369385, 10335
1.5335888862609863, 10334
1.5345845222473145, 10333
1.5345845222473145, 10332
1.5355818271636963, 10331
1.5355818271636963, 10330
1.53657865524292, 10329
1.53657865524292, 10328
1.5376057624816895, 10327
1.5376057624816895, 10326
1.5386011600494385, 10325
1.5395984649658203, 10324
1.5395984649658203, 10323
1.5405993461608887, 10322
1.5405993461608887, 10321
1.5415980815887451, 10320
1.5425913333892822, 10319
1.5425913333892822, 10318
1.5435905456542969, 10317
1.5435905456542969, 10316
1.5445852279663086, 10315
1.545555591583252, 10314
1.545555591583252, 10313
1.5465524196624756, 10312
1.5465524196624756, 10311
1.5475497245788574, 10310
1.5475497245788574, 10309
1.5496575832366943, 10308
1.5496575832366943, 10307
1.550657033920288, 10306
1.5516541004180908, 10305
1.5516541004180908, 10304
1.5526511669158936, 10303
1.5526511669158936, 10302
1.5536482334136963, 10301
1.5546457767486572, 10300
1.5567219257354736, 10299
1.5577585697174072, 10298
1.558755874633789, 10297
1.559753179550171, 10296
1.56174635887146, 10295
1.5627455711364746, 10294
1.5627455711364746, 10293
1.5637431144714355, 10292
1.5637431144714355, 10291
1.5647399425506592, 10290
1.5647399425506592, 10289
1.566734790802002, 10288
1.5677316188812256, 10287
1.5687291622161865, 10286
1.570723533630371, 10285
1.572124719619751, 10284
1.5731234550476074, 10283
1.5741207599639893, 10282
1.576115608215332, 10281
1.5771124362945557, 10280
1.5781099796295166, 10279
1.5791079998016357, 10278
1.580204725265503, 10277
1.581238031387329, 10276
1.581238031387329, 10275
1.5832324028015137, 10274
1.5842297077178955, 10273
1.5852272510528564, 10272
1.587221622467041, 10271
1.587221622467041, 10270
1.588219165802002, 10269
1.5892164707183838, 10268
1.5902135372161865, 10267
1.5912094116210938, 10266
1.5922136306762695, 10265
1.5922136306762695, 10264
1.5932059288024902, 10263
1.595200777053833, 10262
1.595200777053833, 10261
1.5961978435516357, 10260
1.5971949100494385, 10259
1.5982236862182617, 10258
1.5982236862182617, 10257
1.5992226600646973, 10256
1.5992226600646973, 10255
1.6002185344696045, 10254
1.6012170314788818, 10253
1.6012170314788818, 10252
1.60321044921875, 10251
1.60321044921875, 10250
1.604207992553711, 10249
1.604207992553711, 10248
1.6052064895629883, 10247
1.6052064895629883, 10246
1.6062016487121582, 10245
1.6062016487121582, 10244
1.6072022914886475, 10243
1.6072022914886475, 10242
1.6081974506378174, 10241
1.6081974506378174, 10240
1.6091632843017578, 10239
1.6091632843017578, 10238
1.6101884841918945, 10237
1.6101884841918945, 10236
1.6111884117126465, 10235
1.6111884117126465, 10234
1.612311840057373, 10233
1.612311840057373, 10232
1.6133439540863037, 10231
1.6143395900726318, 10230
1.6143395900726318, 10229
1.6153361797332764, 10228
1.6153361797332764, 10227
1.6163315773010254, 10226
1.6163315773010254, 10225
1.6183292865753174, 10224
1.6183292865753174, 10223
1.619445562362671, 10222
1.619445562362671, 10221
1.6204757690429688, 10220
1.6204757690429688, 10219
1.6214728355407715, 10218
1.6214728355407715, 10217
1.6234676837921143, 10216
1.6234676837921143, 10215
1.6244328022003174, 10214
1.6244328022003174, 10213
1.6254639625549316, 10212
1.6254639625549316, 10211
1.6264591217041016, 10210
1.6264591217041016, 10209
1.6275684833526611, 10208
1.6275684833526611, 10207
1.6285669803619385, 10206
1.6285669803619385, 10205
1.62959623336792, 10204
1.6305954456329346, 10203
1.6305954456329346, 10202
1.6315605640411377, 10201
1.6315605640411377, 10200
1.6325857639312744, 10199
1.6325857639312744, 10198
1.63358473777771, 10197
1.63358473777771, 10196
1.63458251953125, 10195
1.63458251953125, 10194
1.6357004642486572, 10193
1.6357004642486572, 10192
1.6367270946502686, 10191
1.6386933326721191, 10190
1.6386933326721191, 10189
1.6407198905944824, 10188
1.6407198905944824, 10187
1.6417186260223389, 10186
1.6417186260223389, 10185
1.642714023590088, 10184
1.642714023590088, 10183
1.6437110900878906, 10182
1.6437110900878906, 10181
1.6447057723999023, 10180
1.6457064151763916, 10179
1.6466724872589111, 10178
1.6466724872589111, 10177
1.6477024555206299, 10176
1.6477024555206299, 10175
1.648697853088379, 10174
1.648697853088379, 10173
1.649698257446289, 10172
1.649698257446289, 10171
1.6506929397583008, 10170
1.6506929397583008, 10169
1.6516902446746826, 10168
1.6516902446746826, 10167
1.6526846885681152, 10166
1.6526846885681152, 10165
1.6536846160888672, 10164
1.6546821594238281, 10163
1.6546821594238281, 10162
1.6556808948516846, 10161
1.6556808948516846, 10160
1.65667724609375, 10159
1.65667724609375, 10158
1.659674882888794, 10157
1.6606636047363281, 10156
1.6616315841674805, 10155
1.662663221359253, 10154
1.6636598110198975, 10153
1.6636598110198975, 10152
1.6646559238433838, 10151
1.6646559238433838, 10150
1.6656548976898193, 10149
1.6656548976898193, 10148
1.6666531562805176, 10147
1.6666531562805176, 10146
1.6676506996154785, 10145
1.6676506996154785, 10144
1.6686418056488037, 10143
1.6686418056488037, 10142
1.6696434020996094, 10141
1.6696434020996094, 10140
1.670639991760254, 10139
1.670639991760254, 10138
1.6716382503509521, 10137
1.6716382503509521, 10136
1.6726353168487549, 10135
1.6726353168487549, 10134
1.6736352443695068, 10133
1.6736352443695068, 10132
1.6755955219268799, 10131
1.6765925884246826, 10130
1.6765925884246826, 10129
1.6775903701782227, 10128
1.6785879135131836, 10127
1.6785879135131836, 10126
1.6795847415924072, 10125
1.6815791130065918, 10124
1.6825766563415527, 10123
1.6835739612579346, 10122
1.684572696685791, 10121
1.6855688095092773, 10120
1.6855688095092773, 10119
1.6865661144256592, 10118
1.6865661144256592, 10117
1.687563419342041, 10116
1.6885604858398438, 10115
1.6895577907562256, 10114
1.6905558109283447, 10113
1.6915528774261475, 10112
1.6915528774261475, 10111
1.6926941871643066, 10110
1.6936931610107422, 10109
1.694690227508545, 10108
1.695688009262085, 10107
1.695688009262085, 10106
1.6976823806762695, 10105
1.6986794471740723, 10104
1.6996774673461914, 10103
1.7008006572723389, 10102
1.7017998695373535, 10101
1.7017998695373535, 10100
1.7027966976165771, 10099
1.7047913074493408, 10098
1.7057890892028809, 10097
1.7067861557006836, 10096
1.7067861557006836, 10095
1.7078917026519775, 10094
1.7088909149169922, 10093
1.709887981414795, 10092
1.7118825912475586, 10091
1.7118825912475586, 10090
1.7128798961639404, 10089
1.713876485824585, 10088
1.713876485824585, 10087
1.7148749828338623, 10086
1.7159862518310547, 10085
1.7169849872589111, 10084
1.7179820537567139, 10083
1.7189793586730957, 10082
1.7209727764129639, 10081
1.7219724655151367, 10080
1.7219724655151367, 10079
1.7229690551757812, 10078
1.723966121673584, 10077
1.7259607315063477, 10076
1.7269580364227295, 10075
1.7279553413391113, 10074
1.7289531230926514, 10073
1.7289531230926514, 10072
1.729950189590454, 10071
1.729950189590454, 10070
1.7309472560882568, 10069
1.7309472560882568, 10068
1.7320683002471924, 10067
1.733067274093628, 10066
1.7340643405914307, 10065
1.7350614070892334, 10064
1.7370891571044922, 10063
1.7370891571044922, 10062
1.7380847930908203, 10061
1.7380847930908203, 10060
1.739201307296753, 10059
1.739201307296753, 10058
1.739201307296753, 10057
1.7402305603027344, 10056
1.7402305603027344, 10055
1.7412304878234863, 10054
1.7422256469726562, 10053
1.7422256469726562, 10052
1.743224859237671, 10051
1.743224859237671, 10050
1.7442195415496826, 10049
1.7442195415496826, 10048
1.7451858520507812, 10047
1.7451858520507812, 10046
1.7462148666381836, 10045
1.7462148666381836, 10044
1.7473299503326416, 10043
1.7473299503326416, 10042
1.7473299503326416, 10041
1.7483599185943604, 10040
1.7493252754211426, 10039
1.7493252754211426, 10038
1.7503223419189453, 10037
1.7503223419189453, 10036
1.7513196468353271, 10035
1.7523167133331299, 10034
1.7523167133331299, 10033
1.7533140182495117, 10032
1.7533140182495117, 10031
1.7543108463287354, 10030
1.7543108463287354, 10029
1.7553083896636963, 10028
1.7553083896636963, 10027
1.756422519683838, 10026
1.7574214935302734, 10025
1.7584185600280762, 10024
1.7594146728515625, 10023
1.7614107131958008, 10022
1.7614107131958008, 10021
1.76240873336792, 10020
1.76240873336792, 10019
1.7634055614471436, 10018
1.7644031047821045, 10017
1.766397476196289, 10016
1.766397476196289, 10015
1.7673945426940918, 10014
1.7683918476104736, 10013
1.7693891525268555, 10012
1.7703866958618164, 10011
1.7713837623596191, 10010
1.772500991821289, 10009
1.773498296737671, 10008
1.7744972705841064, 10007
1.7744972705841064, 10006
1.7744972705841064, 10005
1.776491641998291, 10004
1.7774896621704102, 10003
1.7784850597381592, 10002
1.7796330451965332, 10001
1.7796330451965332, 10000
1.7806622982025146, 9999
1.7806622982025146, 9998
1.7816596031188965, 9997
1.7816596031188965, 9996
1.7826573848724365, 9995
1.7856178283691406, 9994
1.7856178283691406, 9993
1.7866220474243164, 9992
1.7866220474243164, 9991
1.787644624710083, 9990
1.7886414527893066, 9989
1.7886414527893066, 9988
1.7896413803100586, 9987
1.7896413803100586, 9986
1.7906389236450195, 9985
1.7906389236450195, 9984
1.791633129119873, 9983
1.791633129119873, 9982
1.7926325798034668, 9981
1.7926325798034668, 9980
1.7936294078826904, 9979
1.7946267127990723, 9978
1.7946267127990723, 9977
1.7956230640411377, 9976
1.7956230640411377, 9975
1.796734094619751, 9974
1.796734094619751, 9973
1.7977638244628906, 9972
1.7977638244628906, 9971
1.7987611293792725, 9970
1.7987611293792725, 9969
1.7997567653656006, 9968
1.7997567653656006, 9967
1.7997567653656006, 9966
1.8007559776306152, 9965
1.8017535209655762, 9964
1.8017535209655762, 9963
1.8027527332305908, 9962
1.8027527332305908, 9961
1.803748607635498, 9960
1.803748607635498, 9959
1.803748607635498, 9958
1.8047475814819336, 9957
1.8047475814819336, 9956
1.8057422637939453, 9955
1.8057422637939453, 9954
1.8067395687103271, 9953
1.8067395687103271, 9952
1.8077342510223389, 9951
1.8077342510223389, 9950
1.808734655380249, 9949
1.808734655380249, 9948
1.8097319602966309, 9947
1.8097319602966309, 9946
1.8106987476348877, 9945
1.8106987476348877, 9944
1.8116958141326904, 9943
1.8116958141326904, 9942
1.8128337860107422, 9941
1.8128337860107422, 9940
1.8138632774353027, 9939
1.8138632774353027, 9938
1.8148581981658936, 9937
1.8148581981658936, 9936
1.8158583641052246, 9935
1.8158583641052246, 9934
1.816857099533081, 9933
1.816857099533081, 9932
1.817856788635254, 9931
1.817856788635254, 9930
1.8189516067504883, 9929
1.8189516067504883, 9928
1.8199784755706787, 9927
1.8199784755706787, 9926
1.8209786415100098, 9925
1.8209786415100098, 9924
1.8219761848449707, 9923
1.8219761848449707, 9922
1.82297682762146, 9921
1.82297682762146, 9920
1.8239715099334717, 9919
1.8249707221984863, 9918
1.8249707221984863, 9917
1.825934648513794, 9916
1.8269307613372803, 9915
1.8269307613372803, 9914
1.8281097412109375, 9913
1.8281097412109375, 9912
1.8301386833190918, 9911
1.831101655960083, 9910
1.8330957889556885, 9909
1.8340930938720703, 9908
1.8362109661102295, 9907
1.8372111320495605, 9906
1.8382105827331543, 9905
1.8392047882080078, 9904
1.8411996364593506, 9903
1.8411996364593506, 9902
1.8421969413757324, 9901
1.8421969413757324, 9900
1.8431940078735352, 9899
1.8441917896270752, 9898
1.8441917896270752, 9897
1.8451902866363525, 9896
1.8451902866363525, 9895
1.8471839427947998, 9894
1.8471839427947998, 9893
1.8481793403625488, 9892
1.8481793403625488, 9891
1.8491787910461426, 9890
1.8491787910461426, 9889
1.8501758575439453, 9888
1.8511731624603271, 9887
1.8511731624603271, 9886
1.8522911071777344, 9885
1.8532907962799072, 9884
1.8542876243591309, 9883
1.8542876243591309, 9882
1.855285406112671, 9881
1.85628342628479, 9880
1.8572800159454346, 9879
1.8582773208618164, 9878
1.8582773208618164, 9877
1.8592746257781982, 9876
1.8592746257781982, 9875
1.8603885173797607, 9874
1.8623847961425781, 9873
1.864377498626709, 9872
1.8653833866119385, 9871
1.866375207901001, 9870
1.8673717975616455, 9869
1.8694732189178467, 9868
1.8704688549041748, 9867
1.8704688549041748, 9866
1.8724653720855713, 9865
1.8734650611877441, 9864
1.8734650611877441, 9863
1.8744597434997559, 9862
1.8754570484161377, 9861
1.8754570484161377, 9860
1.8766131401062012, 9859
1.877612590789795, 9858
1.8786075115203857, 9857
1.8786075115203857, 9856
1.8796055316925049, 9855
1.8806018829345703, 9854
1.8806018829345703, 9853
1.881598949432373, 9852
1.881598949432373, 9851
1.8825979232788086, 9850
1.8825979232788086, 9849
1.8835937976837158, 9848
1.8835937976837158, 9847
1.8845913410186768, 9846
1.8845913410186768, 9845
1.885589361190796, 9844
1.885589361190796, 9843
1.8865859508514404, 9842
1.8865859508514404, 9841
1.8875832557678223, 9840
1.8885812759399414, 9839
1.8885812759399414, 9838
1.889577865600586, 9837
1.889577865600586, 9836
1.8905751705169678, 9835
1.8905751705169678, 9834
1.891573429107666, 9833
1.891573429107666, 9832
1.8931596279144287, 9831
1.8941569328308105, 9830
1.8951547145843506, 9829
1.8971483707427979, 9828
1.8991429805755615, 9827
1.9004027843475342, 9826
1.901402473449707, 9825
1.9023997783660889, 9824
1.9043948650360107, 9823
1.9043948650360107, 9822
1.9053914546966553, 9821
1.906388759613037, 9820
1.906388759613037, 9819
1.907386064529419, 9818
1.908383846282959, 9817
1.909597635269165, 9816
1.909597635269165, 9815
1.910597324371338, 9814
1.910597324371338, 9813
1.9125919342041016, 9812
1.9125919342041016, 9811
1.9135890007019043, 9810
1.9145891666412354, 9809
1.9166862964630127, 9808
1.9176862239837646, 9807
1.9186832904815674, 9806
1.919680118560791, 9805
1.919680118560791, 9804
1.9206783771514893, 9803
1.9216749668121338, 9802
1.9216749668121338, 9801
1.922670602798462, 9800
1.9236714839935303, 9799
1.9246673583984375, 9798
1.9246673583984375, 9797
1.9256641864776611, 9796
1.9256641864776611, 9795
1.9266645908355713, 9794
1.9286556243896484, 9793
1.9306509494781494, 9792
1.931647539138794, 9791
1.9327352046966553, 9790
1.9337339401245117, 9789
1.9337339401245117, 9788
1.9347305297851562, 9787
1.9347305297851562, 9786
1.9347305297851562, 9785
1.935727834701538, 9784
1.936725378036499, 9783
1.936725378036499, 9782
1.9377233982086182, 9781
1.9377233982086182, 9780
1.9387197494506836, 9779
1.941021203994751, 9778
1.9424009323120117, 9777
1.9443941116333008, 9776
1.945392370223999, 9775
1.945392370223999, 9774
1.9463894367218018, 9773
1.9463894367218018, 9772
1.9473857879638672, 9771
1.9483840465545654, 9770
1.9483840465545654, 9769
1.94938063621521, 9768
1.94938063621521, 9767
1.9503798484802246, 9766
1.9503798484802246, 9765
1.9513752460479736, 9764
1.9513752460479736, 9763
1.9523725509643555, 9762
1.9523725509643555, 9761
1.9533703327178955, 9760
1.9533703327178955, 9759
1.9543671607971191, 9758
1.9553654193878174, 9757
1.9564847946166992, 9756
1.9574830532073975, 9755
1.9574830532073975, 9754
1.9584801197052002, 9753
1.9584801197052002, 9752
1.959477186203003, 9751
1.959477186203003, 9750
1.9604763984680176, 9749
1.9604763984680176, 9748
1.9614732265472412, 9747
1.9624710083007812, 9746
1.9624710083007812, 9745
1.9634666442871094, 9744
1.9634666442871094, 9743
1.964463710784912, 9742
1.964463710784912, 9741
1.965461254119873, 9740
1.965461254119873, 9739
1.9664585590362549, 9738
1.9664585590362549, 9737
1.9674558639526367, 9736
1.9674558639526367, 9735
1.968454360961914, 9734
1.968454360961914, 9733
1.9694504737854004, 9732
1.9694504737854004, 9731
1.9704477787017822, 9730
1.9714467525482178, 9729
1.9735701084136963, 9728
1.9745678901672363, 9727
1.9765625, 9726
1.9775617122650146, 9725
1.9785587787628174, 9724
1.9785587787628174, 9723
1.979555368423462, 9722
1.979555368423462, 9721
1.979555368423462, 9720
1.9806749820709229, 9719
1.9826710224151611, 9718
1.9836690425872803, 9717
1.984665870666504, 9716
1.9856629371643066, 9715
1.9866607189178467, 9714
1.9866607189178467, 9713
1.9876580238342285, 9712
1.9887733459472656, 9711
1.9907701015472412, 9710
1.9907701015472412, 9709
1.9917666912078857, 9708
1.9927642345428467, 9707
1.9937615394592285, 9706
1.9947574138641357, 9705
1.9958791732788086, 9704
1.997875690460205, 9703
1.9988727569580078, 9702
1.9998700618743896, 9701
2.0008673667907715, 9700
2.001863956451416, 9699
2.001863956451416, 9698
2.0028603076934814, 9697
2.0028603076934814, 9696
2.0038576126098633, 9695
2.0038576126098633, 9694
2.0048553943634033, 9693
2.0048553943634033, 9692
2.005852460861206, 9691
2.005852460861206, 9690
2.006849527359009, 9689
2.006849527359009, 9688
2.0078468322753906, 9687
2.0078468322753906, 9686
2.0088441371917725, 9685
2.0088441371917725, 9684
2.0098416805267334, 9683
2.0098416805267334, 9682
2.010838747024536, 9681
2.0118367671966553, 9680
2.0118367671966553, 9679
2.0128345489501953, 9678
2.0128345489501953, 9677
2.0138309001922607, 9676
2.0138309001922607, 9675
2.0138309001922607, 9674
2.0148282051086426, 9673
2.0148282051086426, 9672
2.0158255100250244, 9671
2.0158255100250244, 9670
2.0168230533599854, 9669
2.0168230533599854, 9668
2.017820119857788, 9667
2.0188183784484863, 9666
2.0188183784484863, 9665
2.019817590713501, 9664
2.019817590713501, 9663
2.02081298828125, 9662
2.02081298828125, 9661
2.0218095779418945, 9660
2.0218095779418945, 9659
2.0218095779418945, 9658
2.0228066444396973, 9657
2.0228066444396973, 9656
2.0238051414489746, 9655
2.0238051414489746, 9654
2.02480149269104, 9653
2.02480149269104, 9652
2.025799036026001, 9651
2.025799036026001, 9650
2.026796340942383, 9649
2.026796340942383, 9648
2.027914047241211, 9647
2.027914047241211, 9646
2.028913974761963, 9645
2.029909133911133, 9644
2.029909133911133, 9643
2.0309064388275146, 9642
2.031904458999634, 9641
2.032900810241699, 9640
2.032900810241699, 9639
2.0338973999023438, 9638
2.0338973999023438, 9637
2.034895420074463, 9636
2.034895420074463, 9635
2.0358924865722656, 9634
2.0358924865722656, 9633
2.0368895530700684, 9632
2.0368895530700684, 9631
2.037886619567871, 9630
2.037886619567871, 9629
2.038884162902832, 9628
2.038884162902832, 9627
2.039881467819214, 9626
2.039881467819214, 9625
2.039881467819214, 9624
2.0408785343170166, 9623
2.0408785343170166, 9622
2.0418760776519775, 9621
2.0418760776519775, 9620
2.0428738594055176, 9619
2.0428738594055176, 9618
2.043870687484741, 9617
2.0448708534240723, 9616
2.045865535736084, 9615
2.045865535736084, 9614
2.0468637943267822, 9613
2.0468637943267822, 9612
2.047860860824585, 9611
2.048858404159546, 9610
2.048858404159546, 9609
2.0498569011688232, 9608
2.0498569011688232, 9607
2.0508532524108887, 9606
2.0508532524108887, 9605
2.0518500804901123, 9604
2.0518500804901123, 9603
2.0528483390808105, 9602
2.0528483390808105, 9601
2.053844928741455, 9600
2.053844928741455, 9599
2.054841995239258, 9598
2.054841995239258, 9597
2.0558395385742188, 9596
2.0558395385742188, 9595
2.057861804962158, 9594
2.057861804962158, 9593
2.0588600635528564, 9592
2.0588600635528564, 9591
2.0588600635528564, 9590
2.0598576068878174, 9589
2.0598576068878174, 9588
2.0608537197113037, 9587
2.061859130859375, 9586
2.0628533363342285, 9585
2.0628533363342285, 9584
2.0638506412506104, 9583
2.065814733505249, 9582
2.066810131072998, 9581
2.067898988723755, 9580
2.069894313812256, 9579
2.070892572402954, 9578
2.0718884468078613, 9577
2.072887659072876, 9576
2.072887659072876, 9575
2.0738844871520996, 9574
2.0738844871520996, 9573
2.0748817920684814, 9572
2.0758790969848633, 9571
2.076876163482666, 9570
2.0778729915618896, 9569
2.07890248298645, 9568
2.079899549484253, 9567
2.079899549484253, 9566
2.080897092819214, 9565
2.080897092819214, 9564
2.0818936824798584, 9563
2.0818936824798584, 9562
2.0818936824798584, 9561
2.0828933715820312, 9560
2.0828933715820312, 9559
2.083888292312622, 9558
2.083888292312622, 9557
2.084885835647583, 9556
2.084885835647583, 9555
2.0858840942382812, 9554
2.0868499279022217, 9553
2.0868499279022217, 9552
2.0868499279022217, 9551
2.0878775119781494, 9550
2.089905261993408, 9549
2.090878963470459, 9548
2.0918684005737305, 9547
2.092864751815796, 9546
2.093829870223999, 9545
2.093829870223999, 9544
2.095830202102661, 9543
2.0968215465545654, 9542
2.0968215465545654, 9541
2.097818613052368, 9540
2.097818613052368, 9539
2.097818613052368, 9538
2.098815679550171, 9537
2.098815679550171, 9536
2.0998129844665527, 9535
2.0998129844665527, 9534
2.100811243057251, 9533
2.10180926322937, 9532
2.10180926322937, 9531
2.102806329727173, 9530
2.102806329727173, 9529
2.102806329727173, 9528
2.103802442550659, 9527
2.103802442550659, 9526
2.104799747467041, 9525
2.104799747467041, 9524
2.105797052383423, 9523
2.105797052383423, 9522
2.1067943572998047, 9521
2.1067943572998047, 9520
2.107793092727661, 9519
2.1087899208068848, 9518
2.1087899208068848, 9517
2.1097869873046875, 9516
2.1097869873046875, 9515
2.1107845306396484, 9514
2.1107845306396484, 9513
2.1117827892303467, 9512
2.1117827892303467, 9511
2.112778425216675, 9510
2.112778425216675, 9509
2.1137757301330566, 9508
2.1137757301330566, 9507
2.1147732734680176, 9506
2.1147732734680176, 9505
2.1158976554870605, 9504
2.1168949604034424, 9503
2.1168949604034424, 9502
2.117894411087036, 9501
2.1188912391662598, 9500
2.1198883056640625, 9499
2.121882915496826, 9498
2.121882915496826, 9497
2.122880220413208, 9496
2.1238763332366943, 9495
2.1238763332366943, 9494
2.124873161315918, 9493
2.124873161315918, 9492
2.1259005069732666, 9491
2.1259005069732666, 9490
2.126896381378174, 9489
2.126896381378174, 9488
2.1278932094573975, 9487
2.1278932094573975, 9486
2.128896951675415, 9485
2.128896951675415, 9484
2.1298930644989014, 9483
2.1308929920196533, 9482
2.1308929920196533, 9481
2.132977247238159, 9480
2.133974313735962, 9479
2.133974313735962, 9478
2.1349704265594482, 9477
2.1349704265594482, 9476
2.1349704265594482, 9475
2.135967493057251, 9474
2.135967493057251, 9473
2.136964797973633, 9472
2.136964797973633, 9471
2.1379621028900146, 9470
2.1379621028900146, 9469
2.1389596462249756, 9468
2.139957904815674, 9467
2.139957904815674, 9466
2.140955686569214, 9465
2.140955686569214, 9464
2.1419517993927, 9463
2.1419517993927, 9462
2.142949104309082, 9461
2.142949104309082, 9460
2.1439459323883057, 9459
2.144944429397583, 9458
2.145942449569702, 9457
2.145942449569702, 9456
2.1469385623931885, 9455
2.1469385623931885, 9454
2.147935390472412, 9453
2.147935390472412, 9452
2.148932933807373, 9451
2.148932933807373, 9450
2.149930238723755, 9449
2.149930238723755, 9448
2.149930238723755, 9447
2.1509275436401367, 9446
2.1509275436401367, 9445
2.1519248485565186, 9444
2.1519248485565186, 9443
2.1529221534729004, 9442
2.1529221534729004, 9441
2.1539199352264404, 9440
2.1549179553985596, 9439
2.1549179553985596, 9438
2.1560451984405518, 9437
2.1569135189056396, 9436
2.158907890319824, 9435
2.159905195236206, 9434
2.1609010696411133, 9433
2.161900281906128, 9432
2.161900281906128, 9431
2.161900281906128, 9430
2.1638946533203125, 9429
2.1648919582366943, 9428
2.165889263153076, 9427
2.1668851375579834, 9426
2.1668851375579834, 9425
2.1678850650787354, 9424
2.1678850650787354, 9423
2.1698789596557617, 9422
2.1698789596557617, 9421
2.1708757877349854, 9420
2.1708757877349854, 9419
2.1708757877349854, 9418
2.1719939708709717, 9417
2.173990249633789, 9416
2.174987554550171, 9415
2.1759836673736572, 9414
2.1759836673736572, 9413
2.1769826412200928, 9412
2.177978038787842, 9411
2.1789772510528564, 9410
2.1789772510528564, 9409
2.1800925731658936, 9408
2.181091785430908, 9407
2.182088613510132, 9406
2.182088613510132, 9405
2.183086395263672, 9404
2.184083938598633, 9403
2.1860783100128174, 9402
2.187075614929199, 9401
2.188180923461914, 9400
2.1891801357269287, 9399
2.1901769638061523, 9398
2.191174268722534, 9397
2.191174268722534, 9396
2.192171812057495, 9395
2.192171812057495, 9394
2.193168878555298, 9393
2.1941661834716797, 9392
2.1951639652252197, 9391
2.1951639652252197, 9390
2.196277141571045, 9389
2.1972763538360596, 9388
2.198272228240967, 9387
2.198272228240967, 9386
2.1992712020874023, 9385
2.200268268585205, 9384
2.200268268585205, 9383
2.201266050338745, 9382
2.201266050338745, 9381
2.202263116836548, 9380
2.202263116836548, 9379
2.2032604217529297, 9378
2.2042574882507324, 9377
2.2052547931671143, 9376
2.206252336502075, 9375
2.206252336502075, 9374
2.207249402999878, 9373
2.2092437744140625, 9372
2.2102413177490234, 9371
2.2112386226654053, 9370
2.2122364044189453, 9369
2.2132322788238525, 9368
2.2132322788238525, 9367
2.214231252670288, 9366
2.215228319168091, 9365
2.2162258625030518, 9364
2.2162258625030518, 9363
2.2172226905822754, 9362
2.2172226905822754, 9361
2.218219757080078, 9360
2.219217300415039, 9359
2.2203259468078613, 9358
2.221324920654297, 9357
2.221324920654297, 9356
2.222323179244995, 9355
2.222323179244995, 9354
2.2233192920684814, 9353
2.2243165969848633, 9352
2.225313663482666, 9351
2.226311206817627, 9350
2.227309226989746, 9349
2.228412389755249, 9348
2.228412389755249, 9347
2.2294435501098633, 9346
2.2294435501098633, 9345
2.2304434776306152, 9344
2.2304434776306152, 9343
2.231437921524048, 9342
2.231437921524048, 9341
2.2324368953704834, 9340
2.2324368953704834, 9339
2.2334320545196533, 9338
2.2334320545196533, 9337
2.234428882598877, 9336
2.234428882598877, 9335
2.235616445541382, 9334
2.235616445541382, 9333
2.235616445541382, 9332
2.2366461753845215, 9331
2.2366461753845215, 9330
2.2376458644866943, 9329
2.2376458644866943, 9328
2.238642454147339, 9327
2.238642454147339, 9326
2.239638090133667, 9325
2.239638090133667, 9324
2.240635871887207, 9323
2.240635871887207, 9322
2.2416329383850098, 9321
2.2416329383850098, 9320
2.242636203765869, 9319
2.242636203765869, 9318
2.2436275482177734, 9317
2.2436275482177734, 9316
2.2445926666259766, 9315
2.2456204891204834, 9314
2.2465875148773193, 9313
2.2465875148773193, 9312
2.247584104537964, 9311
2.247584104537964, 9310
2.2485814094543457, 9309
2.2485814094543457, 9308
2.2495787143707275, 9307
2.2495787143707275, 9306
2.2505762577056885, 9305
2.2505762577056885, 9304
2.2515735626220703, 9303
2.2515735626220703, 9302
2.2515735626220703, 9301
2.2526819705963135, 9300
2.2536814212799072, 9299
2.2556753158569336, 9298
2.2566726207733154, 9297
2.2576699256896973, 9296
2.258667469024658, 9295
2.25966477394104, 9294
2.260798454284668, 9293
2.2617976665496826, 9292
2.2617976665496826, 9291
2.2627944946289062, 9290
2.2627944946289062, 9289
2.263791561126709, 9288
2.263791561126709, 9287
2.2647886276245117, 9286
2.2657864093780518, 9285
2.2667837142944336, 9284
2.2667837142944336, 9283
2.2679033279418945, 9282
2.2689027786254883, 9281
2.269899845123291, 9280
2.270897150039673, 9279
2.2718944549560547, 9278
2.2718944549560547, 9277
2.272890329360962, 9276
2.272890329360962, 9275
2.2738895416259766, 9274
2.2748866081237793, 9273
2.277012348175049, 9272
2.278007984161377, 9271
2.2790071964263916, 9270
2.2790071964263916, 9269
2.2800040245056152, 9268
2.281001567840576, 9267
2.281001567840576, 9266
2.281998872756958, 9265
2.28299617767334, 9264
2.2839934825897217, 9263
2.2849910259246826, 9262
2.2859880924224854, 9261
2.2879815101623535, 9260
2.2879815101623535, 9259
2.2889809608459473, 9258
2.2889809608459473, 9257
2.289977550506592, 9256
2.2909750938415527, 9255
2.2921135425567627, 9254
2.2931127548217773, 9253
2.29410982131958, 9252
2.2951080799102783, 9251
2.296105146408081, 9250
2.296105146408081, 9249
2.296105146408081, 9248
2.2971019744873047, 9247
2.2971019744873047, 9246
2.2980990409851074, 9245
2.2990965843200684, 9244
2.3002097606658936, 9243
2.3012092113494873, 9242
2.3012092113494873, 9241
2.302206516265869, 9240
2.303203582763672, 9239
2.303203582763672, 9238
2.304201364517212, 9237
2.304201364517212, 9236
2.305199146270752, 9235
2.305199146270752, 9234
2.3061959743499756, 9233
2.3071930408477783, 9232
2.30819034576416, 9231
2.309187650680542, 9230
2.310185194015503, 9229
2.310185194015503, 9228
2.3111824989318848, 9227
2.312180280685425, 9226
2.312180280685425, 9225
2.312180280685425, 9224
2.3131771087646484, 9223
2.315171480178833, 9222
2.3161685466766357, 9221
2.3171660900115967, 9220
2.3181636333465576, 9219
2.3191606998443604, 9218
2.3201582431793213, 9217
2.321155548095703, 9216
2.322152614593506, 9215
2.3231499195098877, 9214
2.325143575668335, 9213
2.325143575668335, 9212
2.3261427879333496, 9211
2.3261427879333496, 9210
2.3261427879333496, 9209
2.3271396160125732, 9208
2.3281354904174805, 9207
2.329134464263916, 9206
2.330131769180298, 9205
2.3311288356781006, 9204
2.3322339057922363, 9203
2.333232879638672, 9202
2.3342299461364746, 9201
2.3352274894714355, 9200
2.3362247943878174, 9199
2.338219165802002, 9198
2.339217185974121, 9197
2.339217185974121, 9196
2.3403425216674805, 9195
2.341341733932495, 9194
2.342338800430298, 9193
2.3433358669281006, 9192
2.3443334102630615, 9191
2.3453311920166016, 9190
2.3453311920166016, 9189
2.346328020095825, 9188
2.347325086593628, 9187
2.348440170288086, 9186
2.3494391441345215, 9185
2.350436210632324, 9184
2.351433753967285, 9183
2.353428363800049, 9182
2.354426145553589, 9181
2.3554232120513916, 9180
2.3554232120513916, 9179
2.356534957885742, 9178
2.3575339317321777, 9177
2.3585309982299805, 9176
2.3585309982299805, 9175
2.3585309982299805, 9174
2.3605258464813232, 9173
2.3605258464813232, 9172
2.3615262508392334, 9171
2.3615262508392334, 9170
2.3625192642211914, 9169
2.3625192642211914, 9168
2.363518238067627, 9167
2.3645150661468506, 9166
2.3655123710632324, 9165
2.3665101528167725, 9164
2.367507219314575, 9163
2.3695015907287598, 9162
2.3704993724823, 9161
2.3714964389801025, 9160
2.372682809829712, 9159
2.3736817836761475, 9158
2.37467885017395, 9157
2.375676155090332, 9156
2.376673936843872, 9155
2.377671480178833, 9154
2.378669261932373, 9153
2.378669261932373, 9152
2.3796653747558594, 9151
2.3806633949279785, 9150
2.381772994995117, 9149
2.38277006149292, 9148
2.383767604827881, 9147
2.3847649097442627, 9146
2.385762929916382, 9145
2.385762929916382, 9144
2.3867599964141846, 9143
2.387883186340332, 9142
2.3888823986053467, 9141
2.3898794651031494, 9140
2.3908767700195312, 9139
2.391874313354492, 9138
2.391874313354492, 9137
2.392871618270874, 9136
2.392871618270874, 9135
2.393868923187256, 9134
2.3948662281036377, 9133
2.3948662281036377, 9132
2.3958632946014404, 9131
2.3959782123565674, 9130
2.3979742527008057, 9129
2.3989715576171875, 9128
2.4024505615234375, 9127
2.4029598236083984, 9126
2.403958797454834, 9125
2.403958797454834, 9124
2.4049551486968994, 9123
2.4049551486968994, 9122
2.4059524536132812, 9121
2.4059524536132812, 9120
2.406949281692505, 9119
2.406949281692505, 9118
2.406949281692505, 9117
2.407952308654785, 9116
2.407952308654785, 9115
2.408944845199585, 9114
2.409942150115967, 9113
2.410940170288086, 9112
2.410940170288086, 9111
2.4120264053344727, 9110
2.4120264053344727, 9109
2.413024663925171, 9108
2.4140217304229736, 9107
2.4140217304229736, 9106
2.4140217304229736, 9105
2.415019989013672, 9104
2.4160168170928955, 9103
2.4160168170928955, 9102
2.4170138835906982, 9101
2.4170138835906982, 9100
2.4170138835906982, 9099
2.41801118850708, 9098
2.41801118850708, 9097
2.41900897026062, 9096
2.41900897026062, 9095
2.4200799465179443, 9094
2.4200799465179443, 9093
2.4210782051086426, 9092
2.4210782051086426, 9091
2.4220762252807617, 9090
2.4220762252807617, 9089
2.4230735301971436, 9088
2.4230735301971436, 9087
2.4230735301971436, 9086
2.424069881439209, 9085
2.424069881439209, 9084
2.425067186355591, 9083
2.425067186355591, 9082
2.4260663986206055, 9081
2.4260663986206055, 9080
2.4260663986206055, 9079
2.4270620346069336, 9078
2.4270620346069336, 9077
2.4281322956085205, 9076
2.4281322956085205, 9075
2.429130792617798, 9074
2.429130792617798, 9073
2.430128574371338, 9072
2.431124448776245, 9071
2.431124448776245, 9070
2.431124448776245, 9069
2.432121515274048, 9068
2.432121515274048, 9067
2.4331185817718506, 9066
2.4331185817718506, 9065
2.4341161251068115, 9064
2.4341161251068115, 9063
2.4341161251068115, 9062
2.4351134300231934, 9061
2.4351134300231934, 9060
2.4362175464630127, 9059
2.4372148513793945, 9058
2.4372148513793945, 9057
2.4382143020629883, 9056
2.439211368560791, 9055
2.4402084350585938, 9054
2.4412057399749756, 9053
2.4422028064727783, 9052
2.44320011138916, 9051
2.444197654724121, 9050
2.445195436477661, 9049
2.445195436477661, 9048
2.4461917877197266, 9047
2.4461917877197266, 9046
2.4471895694732666, 9045
2.4481863975524902, 9044
2.4491844177246094, 9043
2.450181245803833, 9042
2.450181245803833, 9041
2.451178550720215, 9040
2.451178550720215, 9039
2.451178550720215, 9038
2.4522650241851807, 9037
2.4522650241851807, 9036
2.453263282775879, 9035
2.453263282775879, 9034
2.4542601108551025, 9033
2.4542601108551025, 9032
2.4552576541900635, 9031
2.4552576541900635, 9030
2.4552576541900635, 9029
2.4562549591064453, 9028
2.4562549591064453, 9027
2.457252264022827, 9026
2.457252264022827, 9025
2.45824933052063, 9024
2.45824933052063, 9023
2.45924711227417, 9022
2.460371494293213, 9021
2.460371494293213, 9020
2.460371494293213, 9019
2.4613711833953857, 9018
2.4613711833953857, 9017
2.4623985290527344, 9016
2.4623985290527344, 9015
2.463392734527588, 9014
2.463392734527588, 9013
2.463392734527588, 9012
2.464393138885498, 9011
2.464393138885498, 9010
2.46539306640625, 9009
2.46539306640625, 9008
2.4663898944854736, 9007
2.4663898944854736, 9006
2.4674928188323975, 9005
2.4674928188323975, 9004
2.4674928188323975, 9003
2.4685230255126953, 9002
2.4685230255126953, 9001
2.469519853591919, 9000
2.470520257949829, 8999
2.470520257949829, 8998
2.4715139865875244, 8997
2.4715139865875244, 8996
2.4715139865875244, 8995
2.4725115299224854, 8994
2.4725115299224854, 8993
2.473510503768921, 8992
2.473510503768921, 8991
2.4744746685028076, 8990
2.4744746685028076, 8989
2.4744746685028076, 8988
2.475602626800537, 8987
2.475602626800537, 8986
2.476635694503784, 8985
2.476635694503784, 8984
2.477630376815796, 8983
2.477630376815796, 8982
2.4786250591278076, 8981
2.4786250591278076, 8980
2.4796252250671387, 8979
2.4796252250671387, 8978
2.4796252250671387, 8977
2.4806222915649414, 8976
2.4806222915649414, 8975
2.481621742248535, 8974
2.4826159477233887, 8973
2.4826159477233887, 8972
2.4836173057556152, 8971
2.4836173057556152, 8970
2.4846115112304688, 8969
2.4846115112304688, 8968
2.4846115112304688, 8967
2.4856085777282715, 8966
2.4856085777282715, 8965
2.4866034984588623, 8964
2.4866034984588623, 8963
2.4876034259796143, 8962
2.488600492477417, 8961
2.488600492477417, 8960
2.488600492477417, 8959
2.489600419998169, 8958
2.489600419998169, 8957
2.4905948638916016, 8956
2.4905948638916016, 8955
2.491595506668091, 8954
2.491595506668091, 8953
2.4927098751068115, 8952
2.4927098751068115, 8951
2.493739128112793, 8950
2.493739128112793, 8949
2.494706392288208, 8948
2.494706392288208, 8947
2.4957332611083984, 8946
2.4957332611083984, 8945
2.4967048168182373, 8944
2.4967048168182373, 8943
2.4967048168182373, 8942
2.4977288246154785, 8941
2.4977288246154785, 8940
2.4987261295318604, 8939
2.4987261295318604, 8938
2.499844551086426, 8937
2.499844551086426, 8936
2.5008740425109863, 8935
2.5008740425109863, 8934
2.5008740425109863, 8933
2.501871109008789, 8932
2.501871109008789, 8931
2.5028703212738037, 8930
2.5028703212738037, 8929
2.5038657188415527, 8928
2.5038657188415527, 8927
2.5038657188415527, 8926
2.5048630237579346, 8925
2.5048630237579346, 8924
2.505863904953003, 8923
2.505863904953003, 8922
2.506998062133789, 8921
2.506998062133789, 8920
2.5080277919769287, 8919
2.5080277919769287, 8918
2.5090250968933105, 8917
2.5090250968933105, 8916
2.5090250968933105, 8915
2.510021686553955, 8914
2.511019468307495, 8913
2.511019468307495, 8912
2.5120162963867188, 8911
2.5120162963867188, 8910
2.5130162239074707, 8909
2.5130162239074707, 8908
2.5140111446380615, 8907
2.5140111446380615, 8906
2.5150487422943115, 8905
2.5151193141937256, 8904
2.5151193141937256, 8903
2.5161478519439697, 8902
2.5161478519439697, 8901
2.5171451568603516, 8900
2.5171451568603516, 8899
2.5171451568603516, 8898
2.5181453227996826, 8897
2.5181453227996826, 8896
2.5191092491149902, 8895
2.5191092491149902, 8894
2.520139455795288, 8893
2.520139455795288, 8892
2.5211341381073, 8891
2.5211341381073, 8890
2.5211341381073, 8889
2.52213191986084, 8888
2.52213191986084, 8887
2.5231316089630127, 8886
2.5231316089630127, 8885
2.5241270065307617, 8884
2.5250916481018066, 8883
2.5250916481018066, 8882
2.526090383529663, 8881
2.526090383529663, 8880
2.5270862579345703, 8879
2.528085231781006, 8878
2.528085231781006, 8877
2.528085231781006, 8876
2.529080867767334, 8875
2.529080867767334, 8874
2.530078172683716, 8873
2.530078172683716, 8872
2.5311055183410645, 8871
2.5311055183410645, 8870
2.5311055183410645, 8869
2.532104969024658, 8868
2.532104969024658, 8867
2.533102512359619, 8866
2.533102512359619, 8865
2.534069299697876, 8864
2.534069299697876, 8863
2.53509783744812, 8862
2.53509783744812, 8861
2.5360970497131348, 8860
2.5360970497131348, 8859
2.5370919704437256, 8858
2.5370919704437256, 8857
2.5380899906158447, 8856
2.5380899906158447, 8855
2.5380899906158447, 8854
2.5390841960906982, 8853
2.5390841960906982, 8852
2.54008412361145, 8851
2.54008412361145, 8850
2.541081190109253, 8849
2.541081190109253, 8848
2.542080879211426, 8847
2.542080879211426, 8846
2.5430760383605957, 8845
2.5430760383605957, 8844
2.5430760383605957, 8843
2.5440754890441895, 8842
2.5440754890441895, 8841
2.5450735092163086, 8840
2.5450735092163086, 8839
2.5460364818573, 8838
2.5460364818573, 8837
2.547062397003174, 8836
2.547062397003174, 8835
2.5481796264648438, 8834
2.5481796264648438, 8833
2.549177885055542, 8832
2.549177885055542, 8831
2.549177885055542, 8830
2.550206422805786, 8829
2.550206422805786, 8828
2.5512008666992188, 8827
2.5512008666992188, 8826
2.552201509475708, 8825
2.552201509475708, 8824
2.552201509475708, 8823
2.5531985759735107, 8822
2.5541982650756836, 8821
2.5541982650756836, 8820
2.555161476135254, 8819
2.555161476135254, 8818
2.5562965869903564, 8817
2.557326316833496, 8816
2.557326316833496, 8815
2.5583267211914062, 8814
2.5583267211914062, 8813
2.5583267211914062, 8812
2.5593209266662598, 8811
2.5593209266662598, 8810
2.560318946838379, 8809
2.560318946838379, 8808
2.5612854957580566, 8807
2.5612854957580566, 8806
2.5623128414154053, 8805
2.5633158683776855, 8804
2.5633158683776855, 8803
2.564310073852539, 8802
2.564310073852539, 8801
2.564310073852539, 8800
2.56530499458313, 8799
2.56530499458313, 8798
2.566304922103882, 8797
2.566304922103882, 8796
2.5673000812530518, 8795
2.5673000812530518, 8794
2.5673000812530518, 8793
2.5682971477508545, 8792
2.5682971477508545, 8791
2.569291591644287, 8790
2.569291591644287, 8789
2.5702929496765137, 8788
2.5702929496765137, 8787
2.571289300918579, 8786
2.571289300918579, 8785
2.572288990020752, 8784
2.5724048614501953, 8783
2.5724048614501953, 8782
2.5734353065490723, 8781
2.5734353065490723, 8780
2.574431896209717, 8779
2.574431896209717, 8778
2.574431896209717, 8777
2.5754289627075195, 8776
2.5754289627075195, 8775
2.5764272212982178, 8774
2.5764272212982178, 8773
2.5774240493774414, 8772
2.5774240493774414, 8771
2.5774240493774414, 8770
2.5784237384796143, 8769
2.5784237384796143, 8768
2.57953143119812, 8767
2.57953143119812, 8766
2.5805609226226807, 8765
2.5805609226226807, 8764
2.5805609226226807, 8763
2.5815582275390625, 8762
2.5815582275390625, 8761
2.5825557708740234, 8760
2.5825557708740234, 8759
2.5835211277008057, 8758
2.5835211277008057, 8757
2.5845179557800293, 8756
2.585515022277832, 8755
2.585515022277832, 8754
2.586512327194214, 8753
2.587510347366333, 8752
2.588508129119873, 8751
2.589505672454834, 8750
2.591500759124756, 8749
2.5925304889678955, 8748
2.5925304889678955, 8747
2.5935237407684326, 8746
2.5935237407684326, 8745
2.594491720199585, 8744
2.595525026321411, 8743
2.595525026321411, 8742
2.5965185165405273, 8741
2.5965185165405273, 8740
2.597515106201172, 8739
2.597515106201172, 8738
2.598512649536133, 8737
2.598512649536133, 8736
2.598512649536133, 8735
2.5995101928710938, 8734
2.5995101928710938, 8733
2.601473808288574, 8732
2.601473808288574, 8731
2.602471351623535, 8730
2.603468656539917, 8729
2.604465961456299, 8728
2.6054632663726807, 8727
2.6064605712890625, 8726
2.6074576377868652, 8725
2.608455181121826, 8724
2.609513282775879, 8723
2.6124441623687744, 8722
2.6124441623687744, 8721
2.6134419441223145, 8720
2.6134419441223145, 8719
2.6134419441223145, 8718
2.6144375801086426, 8717
2.6144375801086426, 8716
2.6154348850250244, 8715
2.6154348850250244, 8714
2.6164329051971436, 8713
2.6164329051971436, 8712
2.6174299716949463, 8711
2.6174299716949463, 8710
2.6174299716949463, 8709
2.61842679977417, 8708
2.61842679977417, 8707
2.6194241046905518, 8706
2.6194241046905518, 8705
2.6194241046905518, 8704
2.6204216480255127, 8703
2.6204216480255127, 8702
2.6214189529418945, 8701
2.6214189529418945, 8700
2.6224162578582764, 8699
2.6224162578582764, 8698
2.6224162578582764, 8697
2.623413562774658, 8696
2.623413562774658, 8695
2.6244113445281982, 8694
2.6244113445281982, 8693
2.625408411026001, 8692
2.625408411026001, 8691
2.6264054775238037, 8690
2.6264054775238037, 8689
2.6264054775238037, 8688
2.6274030208587646, 8687
2.6284019947052, 8686
2.629398822784424, 8685
2.629398822784424, 8684
2.6303951740264893, 8683
2.6303951740264893, 8682
2.6303951740264893, 8681
2.63139271736145, 8680
2.63139271736145, 8679
2.632389545440674, 8678
2.633387804031372, 8677
2.633387804031372, 8676
2.6343843936920166, 8675
2.6343843936920166, 8674
2.6343843936920166, 8673
2.6353816986083984, 8672
2.6353816986083984, 8671
2.636378765106201, 8670
2.636378765106201, 8669
2.6373770236968994, 8668
2.6373770236968994, 8667
2.638373613357544, 8666
2.638373613357544, 8665
2.639373779296875, 8664
2.639373779296875, 8663
2.639373779296875, 8662
2.6403682231903076, 8661
2.6403682231903076, 8660
2.6413655281066895, 8659
2.6413655281066895, 8658
2.6413655281066895, 8657
2.6423628330230713, 8656
2.6423628330230713, 8655
2.643360137939453, 8654
2.643360137939453, 8653
2.644357681274414, 8652
2.644357681274414, 8651
2.645355701446533, 8650
2.645355701446533, 8649
2.646353006362915, 8648
2.646353006362915, 8647
2.646353006362915, 8646
2.6473498344421387, 8645
2.6473498344421387, 8644
2.6483469009399414, 8643
2.6493444442749023, 8642
2.6493444442749023, 8641
2.6493444442749023, 8640
2.650341510772705, 8639
2.650341510772705, 8638
2.651339054107666, 8637
2.651339054107666, 8636
2.651339054107666, 8635
2.6524505615234375, 8634
2.653449535369873, 8633
2.654446840286255, 8632
2.6554439067840576, 8631
2.6564409732818604, 8630
2.6574385166168213, 8629
2.658435821533203, 8628
2.659433126449585, 8627
2.660548210144043, 8626
2.661581039428711, 8625
2.661581039428711, 8624
2.6625754833221436, 8623
2.6625754833221436, 8622
2.6635725498199463, 8621
2.6635725498199463, 8620
2.6635725498199463, 8619
2.664566993713379, 8618
2.664566993713379, 8617
2.6655683517456055, 8616
2.6655683517456055, 8615
2.6665656566619873, 8614
2.6665656566619873, 8613
2.667600631713867, 8612
2.667672872543335, 8611
2.667672872543335, 8610
2.668670892715454, 8609
2.668670892715454, 8608
2.669700860977173, 8607
2.669700860977173, 8606
2.6706979274749756, 8605
2.6706979274749756, 8604
2.6706979274749756, 8603
2.6716926097869873, 8602
2.6716926097869873, 8601
2.67269229888916, 8600
2.67269229888916, 8599
2.673689126968384, 8598
2.673689126968384, 8597
2.673689126968384, 8596
2.6746885776519775, 8595
2.6746885776519775, 8594
2.6757893562316895, 8593
2.6757893562316895, 8592
2.6768219470977783, 8591
2.6768219470977783, 8590
2.677786111831665, 8589
2.677786111831665, 8588
2.677786111831665, 8587
2.6788182258605957, 8586
2.6798107624053955, 8585
2.6798107624053955, 8584
2.680807590484619, 8583
2.680807590484619, 8582
2.6818039417266846, 8581
2.6818039417266846, 8580
2.6818039417266846, 8579
2.6828038692474365, 8578
2.6828038692474365, 8577
2.683800458908081, 8576
2.683800458908081, 8575
2.684800386428833, 8574
2.684800386428833, 8573
2.684800386428833, 8572
2.6857945919036865, 8571
2.6857945919036865, 8570
2.686795234680176, 8569
2.686795234680176, 8568
2.6877896785736084, 8567
2.6877896785736084, 8566
2.6877896785736084, 8565
2.688786745071411, 8564
2.688786745071411, 8563
2.6897811889648438, 8562
2.6897811889648438, 8561
2.6907505989074707, 8560
2.6907505989074707, 8559
2.69189715385437, 8558
2.69189715385437, 8557
2.69189715385437, 8556
2.692929744720459, 8555
2.692929744720459, 8554
2.6939213275909424, 8553
2.6939213275909424, 8552
2.6949265003204346, 8551
2.6958866119384766, 8550
2.6958866119384766, 8549
2.6968834400177, 8548
2.6968834400177, 8547
2.6968834400177, 8546
2.697880506515503, 8545
2.697880506515503, 8544
2.698878049850464, 8543
2.698878049850464, 8542
2.698878049850464, 8541
2.699997663497925, 8540
2.7009973526000977, 8539
2.701993942260742, 8538
2.702991008758545, 8537
2.703988552093506, 8536
2.7049858570098877, 8535
2.7059829235076904, 8534
2.7059829235076904, 8533
2.7069802284240723, 8532
2.7080888748168945, 8531
2.70908784866333, 8530
2.710084915161133, 8529
2.711080551147461, 8528
2.7120800018310547, 8527
2.7120800018310547, 8526
2.7120800018310547, 8525
2.7130777835845947, 8524
2.7130777835845947, 8523
2.7140748500823975, 8522
2.7140748500823975, 8521
2.715071678161621, 8520
2.716188907623291, 8519
2.7171878814697266, 8518
2.7181849479675293, 8517
2.719182252883911, 8516
2.720179557800293, 8515
2.721177101135254, 8514
2.721177101135254, 8513
2.721177101135254, 8512
2.7221741676330566, 8511
2.7221741676330566, 8510
2.7231714725494385, 8509
2.7241690158843994, 8508
2.7251663208007812, 8507
2.726163625717163, 8506
2.727161407470703, 8505
2.7281570434570312, 8504
2.7281570434570312, 8503
2.729156494140625, 8502
2.7301530838012695, 8501
2.7301530838012695, 8500
2.7311501502990723, 8499
2.7322700023651123, 8498
2.733269214630127, 8497
2.7342660427093506, 8496
2.7352633476257324, 8495
2.7362611293792725, 8494
2.7372584342956543, 8493
2.738255500793457, 8492
2.739253044128418, 8491
2.7403554916381836, 8490
2.7413547039031982, 8489
2.74235200881958, 8488
2.743349552154541, 8487
2.743349552154541, 8486
2.743349552154541, 8485
2.7443463802337646, 8484
2.745344400405884, 8483
2.745344400405884, 8482
2.745344400405884, 8481
2.7463412284851074, 8480
2.7473390102386475, 8479
2.7484450340270996, 8478
2.7494442462921143, 8477
2.750441074371338, 8476
2.751438617706299, 8475
2.751438617706299, 8474
2.7524356842041016, 8473
2.7524356842041016, 8472
2.7544307708740234, 8471
2.7554280757904053, 8470
2.756425142288208, 8469
2.756538152694702, 8468
2.7575368881225586, 8467
2.7585339546203613, 8466
2.759531021118164, 8465
2.760529041290283, 8464
2.761526584625244, 8463
2.761526584625244, 8462
2.761526584625244, 8461
2.762523889541626, 8460
2.7635207176208496, 8459
2.7645177841186523, 8458
2.7655153274536133, 8457
2.766512632369995, 8456
2.767509937286377, 8455
2.7685070037841797, 8454
2.7695045471191406, 8453
2.7705018520355225, 8452
2.7714991569519043, 8451
2.7726385593414307, 8450
2.773637533187866, 8449
2.774634599685669, 8448
2.77563214302063, 8447
2.77563214302063, 8446
2.7766294479370117, 8445
2.7776265144348145, 8444
2.7786245346069336, 8443
2.7786245346069336, 8442
2.7786245346069336, 8441
2.7796213626861572, 8440
2.780731201171875, 8439
2.7817299365997314, 8438
2.7817299365997314, 8437
2.7827272415161133, 8436
2.783724308013916, 8435
2.784721851348877, 8434
2.785719156265259, 8433
2.7867164611816406, 8432
2.7877137660980225, 8431
2.7887113094329834, 8430
2.7888269424438477, 8429
2.789823532104492, 8428
2.790820598602295, 8427
2.792815685272217, 8426
2.7938458919525146, 8425
2.7938458919525146, 8424
2.794809579849243, 8423
2.794809579849243, 8422
2.794809579849243, 8421
2.79595685005188, 8420
2.79595685005188, 8419
2.79595685005188, 8418
2.7969861030578613, 8417
2.7969861030578613, 8416
2.7979862689971924, 8415
2.7979862689971924, 8414
2.7979862689971924, 8413
2.798981189727783, 8412
2.7999789714813232, 8411
2.7999789714813232, 8410
2.7999789714813232, 8409
2.8009767532348633, 8408
2.8009767532348633, 8407
2.8019728660583496, 8406
2.8019728660583496, 8405
2.8019728660583496, 8404
2.802971363067627, 8403
2.802971363067627, 8402
2.8039684295654297, 8401
2.8039684295654297, 8400
2.8039684295654297, 8399
2.8049652576446533, 8398
2.8049652576446533, 8397
2.805964708328247, 8396
2.805964708328247, 8395
2.805964708328247, 8394
2.806959629058838, 8393
2.806959629058838, 8392
2.807960271835327, 8391
2.807960271835327, 8390
2.807960271835327, 8389
2.8089559078216553, 8388
2.8089559078216553, 8387
2.8099515438079834, 8386
2.8099515438079834, 8385
2.8109488487243652, 8384
2.8109488487243652, 8383
2.8109488487243652, 8382
2.812065839767456, 8381
2.812065839767456, 8380
2.813098907470703, 8379
2.813098907470703, 8378
2.813098907470703, 8377
2.8140923976898193, 8376
2.8140923976898193, 8375
2.8150928020477295, 8374
2.8150928020477295, 8373
2.8160881996154785, 8372
2.8160881996154785, 8371
2.8160881996154785, 8370
2.817084312438965, 8369
2.817084312438965, 8368
2.8180794715881348, 8367
2.8180794715881348, 8366
2.8180794715881348, 8365
2.819200038909912, 8364
2.819200038909912, 8363
2.819200038909912, 8362
2.8202295303344727, 8361
2.8202295303344727, 8360
2.8212270736694336, 8359
2.8212270736694336, 8358
2.8212270736694336, 8357
2.8222248554229736, 8356
2.8222248554229736, 8355
2.823221445083618, 8354
2.823221445083618, 8353
2.8242239952087402, 8352
2.8242239952087402, 8351
2.8242239952087402, 8350
2.82521653175354, 8349
2.82521653175354, 8348
2.8262135982513428, 8347
2.8262135982513428, 8346
2.827237844467163, 8345
2.827310562133789, 8344
2.827310562133789, 8343
2.828340530395508, 8342
2.828340530395508, 8341
2.8293373584747314, 8340
2.8293373584747314, 8339
2.8293373584747314, 8338
2.830336809158325, 8337
2.830336809158325, 8336
2.831332206726074, 8335
2.831332206726074, 8334
2.831332206726074, 8333
2.832331418991089, 8332
2.832331418991089, 8331
2.833326816558838, 8330
2.833326816558838, 8329
2.833326816558838, 8328
2.8343241214752197, 8327
2.835289716720581, 8326
2.835289716720581, 8325
2.836395502090454, 8324
2.8373947143554688, 8323
2.8383915424346924, 8322
2.839388608932495, 8321
2.839388608932495, 8320
2.839388608932495, 8319
2.8403868675231934, 8318
2.841384172439575, 8317
2.841384172439575, 8316
2.8423807621002197, 8315
2.8433780670166016, 8314
2.844374656677246, 8313
2.8453731536865234, 8312
2.8453731536865234, 8311
2.8453731536865234, 8310
2.846369981765747, 8309
2.847367286682129, 8308
2.84836483001709, 8307
2.849362373352051, 8306
2.8503594398498535, 8305
2.8513572216033936, 8304
2.8524727821350098, 8303
2.8534719944000244, 8302
2.8534719944000244, 8301
2.8534719944000244, 8300
2.854469060897827, 8299
2.85646390914917, 8298
2.85646390914917, 8297
2.85646390914917, 8296
2.8574609756469727, 8295
2.8574609756469727, 8294
2.8584582805633545, 8293
2.8594555854797363, 8292
2.8605740070343018, 8291
2.861572504043579, 8290
2.861572504043579, 8289
2.861572504043579, 8288
2.86257004737854, 8287
2.8635671138763428, 8286
2.8645644187927246, 8285
2.8655617237091064, 8284
2.8665595054626465, 8283
2.867556571960449, 8282
2.8686704635620117, 8281
2.8696696758270264, 8280
2.87066650390625, 8279
2.871663808822632, 8278
2.871663808822632, 8277
2.8726611137390137, 8276
2.8736586570739746, 8275
2.8746559619903564, 8274
2.8756532669067383, 8273
2.8756532669067383, 8272
2.8767478466033936, 8271
2.8777453899383545, 8270
2.878744125366211, 8269
2.878744125366211, 8268
2.8797409534454346, 8267
2.8807406425476074, 8266
2.8817358016967773, 8265
2.882733106613159, 8264
2.883730411529541, 8263
2.884727954864502, 8262
2.8857247829437256, 8261
2.8867223262786865, 8260
2.8867223262786865, 8259
2.8877196311950684, 8258
2.88871693611145, 8257
2.8907113075256348, 8256
2.8917107582092285, 8255
2.8928310871124268, 8254
2.8938300609588623, 8253
2.894827365875244, 8252
2.894827365875244, 8251
2.894827365875244, 8250
2.8958253860473633, 8249
2.897818088531494, 8248
2.8988170623779297, 8247
2.8988170623779297, 8246
2.899815559387207, 8245
2.899815559387207, 8244
2.900811195373535, 8243
2.901808500289917, 8242
2.901808500289917, 8241
2.902806043624878, 8240
2.9038031101226807, 8239
2.9038031101226807, 8238
2.9038031101226807, 8237
2.9048004150390625, 8236
2.9057979583740234, 8235
2.9067952632904053, 8234
2.9078869819641113, 8233
2.908886194229126, 8232
2.9098830223083496, 8231
2.9108805656433105, 8230
2.9118783473968506, 8229
2.9118783473968506, 8228
2.912875175476074, 8227
2.913872003555298, 8226
2.9148714542388916, 8225
2.9148714542388916, 8224
2.9148714542388916, 8223
2.915998697280884, 8222
2.9169974327087402, 8221
2.917994499206543, 8220
2.918991804122925, 8219
2.9199891090393066, 8218
2.9209866523742676, 8217
2.9219839572906494, 8216
2.922981023788452, 8215
2.923978567123413, 8214
2.924975872039795, 8213
2.9259731769561768, 8212
2.9269702434539795, 8211
2.9279680252075195, 8210
2.9279680252075195, 8209
2.9289653301239014, 8208
2.9299628734588623, 8207
2.9299628734588623, 8206
2.9299628734588623, 8205
2.930959939956665, 8204
2.930959939956665, 8203
2.932068109512329, 8202
2.932068109512329, 8201
2.933067560195923, 8200
2.9340643882751465, 8199
2.935061454772949, 8198
2.936058521270752, 8197
2.936058521270752, 8196
2.937056064605713, 8195
2.937056064605713, 8194
2.937056064605713, 8193
2.9380531311035156, 8192
2.9390506744384766, 8191
2.9401402473449707, 8190
2.9411394596099854, 8189
2.942136526107788, 8188
2.943134307861328, 8187
2.9441311359405518, 8186
2.9461264610290527, 8185
2.9471237659454346, 8184
2.948706865310669, 8183
2.949707508087158, 8182
2.95070481300354, 8181
2.952700614929199, 8180
2.953697681427002, 8179
2.9546942710876465, 8178
2.955782413482666, 8177
2.9567813873291016, 8176
2.9577796459198, 8175
2.9577796459198, 8174
2.958777904510498, 8173
2.958777904510498, 8172
2.9597768783569336, 8171
2.9597768783569336, 8170
2.9607717990875244, 8169
2.961768627166748, 8168
2.961768627166748, 8167
2.962766408920288, 8166
2.963763952255249, 8165
2.963763952255249, 8164
2.9647607803344727, 8163
2.9647607803344727, 8162
2.9657578468322754, 8161
2.9667556285858154, 8160
2.9667556285858154, 8159
2.9677531719207764, 8158
2.968750476837158, 8157
2.968750476837158, 8156
2.9697494506835938, 8155
2.9707448482513428, 8154
2.9707448482513428, 8153
2.971742630004883, 8152
2.972740888595581, 8151
2.972740888595581, 8150
2.9737367630004883, 8149
2.974734306335449, 8148
2.974734306335449, 8147
2.975735664367676, 8146
2.976733922958374, 8145
2.977724313735962, 8144
2.9787240028381348, 8143
2.9787240028381348, 8142
2.979722261428833, 8141
2.9807181358337402, 8140
2.9807181358337402, 8139
2.981714963912964, 8138
2.982712745666504, 8137
2.982712745666504, 8136
2.983710527420044, 8135
2.9847073554992676, 8134
2.9847073554992676, 8133
2.9857048988342285, 8132
2.9867022037506104, 8131
2.9867022037506104, 8130
2.9876999855041504, 8129
2.988696575164795, 8128
2.988696575164795, 8127
2.989697217941284, 8126
2.9906914234161377, 8125
2.991689682006836, 8124
2.992685079574585, 8123
2.992685079574585, 8122
2.9936821460723877, 8121
2.994680643081665, 8120
2.994680643081665, 8119
2.9956772327423096, 8118
2.996674060821533, 8117
2.996674060821533, 8116
2.997670888900757, 8115
2.9986679553985596, 8114
2.9986679553985596, 8113
2.9996652603149414, 8112
3.0006628036499023, 8111
3.0006628036499023, 8110
3.0016605854034424, 8109
3.002657413482666, 8108
3.002657413482666, 8107
3.003654718399048, 8106
3.0046520233154297, 8105
3.0046520233154297, 8104
3.0056498050689697, 8103
3.0086419582366943, 8102
3.0086419582366943, 8101
3.009639024734497, 8100
3.010636329650879, 8099
3.0126326084136963, 8098
3.01462721824646, 8097
3.0166215896606445, 8096
3.018615245819092, 8095
3.018615245819092, 8094
3.0196125507354736, 8093
3.0206098556518555, 8092
3.0216064453125, 8091
3.0216064453125, 8090
3.022603750228882, 8089
3.023601770401001, 8088
3.0245978832244873, 8087
3.0245978832244873, 8086
3.0255959033966064, 8085
3.0265932083129883, 8084
3.027590274810791, 8083
3.02858829498291, 8082
3.029585123062134, 8081
3.0315794944763184, 8080
3.0325767993927, 8079
3.0325767993927, 8078
3.033573865890503, 8077
3.034571409225464, 8076
3.034571409225464, 8075
3.0355687141418457, 8074
3.0365660190582275, 8073
3.0375635623931885, 8072
3.0385608673095703, 8071
3.039557933807373, 8070
3.039557933807373, 8069
3.040555715560913, 8068
3.0415525436401367, 8067
3.0425541400909424, 8066
3.0435476303100586, 8065
3.0445475578308105, 8064
3.0465402603149414, 8063
3.048535108566284, 8062
3.0505294799804688, 8061
3.052556037902832, 8060
3.053556203842163, 8059
3.0545194149017334, 8058
3.055516004562378, 8057
3.0565128326416016, 8056
3.0565128326416016, 8055
3.0575103759765625, 8054
3.0585076808929443, 8053
3.0595052242279053, 8052
3.0595052242279053, 8051
3.060502290725708, 8050
3.0625293254852295, 8049
3.064521312713623, 8048
3.0665194988250732, 8047
3.068514108657837, 8046
3.0705080032348633, 8045
3.0754942893981934, 8044
3.0764598846435547, 8043
3.0774569511413574, 8042
3.082444190979004, 8041
3.088435173034668, 8040
3.093414068222046, 8039
3.097404956817627, 8038
3.099398612976074, 8037
3.1023900508880615, 8036
3.104384660720825, 8035
3.106379270553589, 8034
3.109375, 8033
3.114358901977539, 8032
3.1173503398895264, 8031
3.119344711303711, 8030
3.1213393211364746, 8029
3.1233339309692383, 8028
3.126326084136963, 8027
3.1293184757232666, 8026
3.1313400268554688, 8025
3.134474992752075, 8024
3.1384379863739014, 8023
3.140620708465576, 8022
3.1426138877868652, 8021
3.1456117630004883, 8020
3.147714853286743, 8019
3.150592565536499, 8018
3.1525888442993164, 8017
3.154580593109131, 8016
3.156680107116699, 8015
3.1597044467926025, 8014
3.162665605545044, 8013
3.1646604537963867, 8012
3.167652130126953, 8011
3.169646739959717, 8010
3.172773838043213, 8009
3.175767660140991, 8008
3.1797564029693604, 8007
3.182748556137085, 8006
3.1847431659698486, 8005
3.187735080718994, 8004
3.190727949142456, 8003
3.1927218437194824, 8002
3.195713996887207, 8001
3.1997032165527344, 8000
3.20269513130188, 7999
3.2056877613067627, 7998
3.208679437637329, 7997
3.2116715908050537, 7996
3.215660810470581, 7995
3.2186524868011475, 7994
3.2217824459075928, 7993
3.225770950317383, 7992
3.2288999557495117, 7991
3.2308928966522217, 7990
3.233884572982788, 7989
3.2360265254974365, 7988
3.238018035888672, 7987
3.2400104999542236, 7986
3.2430083751678467, 7985
3.245964527130127, 7984
3.2479591369628906, 7983
3.2499537467956543, 7982
3.253067970275879, 7981
3.2550599575042725, 7980
3.258051872253418, 7979
3.261131525039673, 7978
3.264124631881714, 7977
3.2671165466308594, 7976
3.271238327026367, 7975
3.274230480194092, 7974
3.2773396968841553, 7973
3.28033185005188, 7972
3.282325506210327, 7971
3.2863147258758545, 7970
3.2883095741271973, 7969
3.2913014888763428, 7968
3.2944254875183105, 7967
3.2974185943603516, 7966
3.300527572631836, 7965
3.304518461227417, 7964
3.3075098991394043, 7963
3.3116061687469482, 7962
3.314598798751831, 7961
3.3165926933288574, 7960
3.3205819129943848, 7959
3.3235740661621094, 7958
3.325568437576294, 7957
3.328561305999756, 7956
3.331552743911743, 7955
3.3346688747406006, 7954
3.337660789489746, 7953
3.340756893157959, 7952
3.3447482585906982, 7951
3.3467421531677246, 7950
3.35073184967041, 7949
3.3537235260009766, 7948
3.3558290004730225, 7947
3.3588223457336426, 7946
3.3618147373199463, 7945
3.3648064136505127, 7944
3.367798328399658, 7943
3.3707902431488037, 7942
3.3739075660705566, 7941
3.3768997192382812, 7940
3.3798916339874268, 7939
3.383007049560547, 7938
3.3859989643096924, 7937
3.388099193572998, 7936
3.3920905590057373, 7935
3.39508318901062, 7934
3.3972036838531494, 7933
3.4011926651000977, 7932
3.404184579849243, 7931
3.407177209854126, 7930
3.4091713428497314, 7929
3.4122796058654785, 7928
3.4162702560424805, 7927
3.418264865875244, 7926
3.4223625659942627, 7925
3.4253551959991455, 7924
3.4304234981536865, 7923
3.4314217567443848, 7922
3.434412717819214, 7921
3.4414689540863037, 7920
3.443464756011963, 7919
3.446455717086792, 7918
3.446455717086792, 7917
3.4484500885009766, 7916
3.4494481086730957, 7915
3.450444459915161, 7914
3.450444459915161, 7913
3.4514427185058594, 7912
3.4525201320648193, 7911
3.4525201320648193, 7910
3.4535183906555176, 7909
3.4545164108276367, 7908
3.455514430999756, 7907
3.4565110206604004, 7906
3.4575085639953613, 7905
3.458505868911743, 7904
3.459503173828125, 7903
3.4606215953826904, 7902
3.461620330810547, 7901
3.462617874145508, 7900
3.4636149406433105, 7899
3.465609312057495, 7898
3.466606855392456, 7897
3.467604160308838, 7896
3.4687139987945557, 7895
3.470710515975952, 7894
3.471708059310913, 7893
3.472705125808716, 7892
3.472705125808716, 7891
3.473705768585205, 7890
3.4746999740600586, 7889
3.477818489074707, 7888
3.478816509246826, 7887
3.4818074703216553, 7886
3.483802318572998, 7885
3.48479962348938, 7884
3.4867947101593018, 7883
3.4877917766571045, 7882
3.4887895584106445, 7881
3.489786386489868, 7880
3.4919028282165527, 7879
3.4929020404815674, 7878
3.49389910697937, 7877
3.4948976039886475, 7876
3.495893716812134, 7875
3.4968910217285156, 7874
3.4978885650634766, 7873
3.4988858699798584, 7872
3.5009965896606445, 7871
3.50199556350708, 7870
3.502990961074829, 7869
3.502990961074829, 7868
3.5039889812469482, 7867
3.504985809326172, 7866
3.5059831142425537, 7865
3.5069804191589355, 7864
3.508096933364868, 7863
3.5090959072113037, 7862
3.5110907554626465, 7861
3.512087821960449, 7860
3.513085126876831, 7859
3.514082431793213, 7858
3.5150797367095947, 7857
3.516308546066284, 7856
3.5183045864105225, 7855
3.5193018913269043, 7854
3.520298957824707, 7853
3.521296262741089, 7852
3.5232908725738525, 7851
3.524289131164551, 7850
3.526283025741577, 7849
3.527280569076538, 7848
3.5292739868164062, 7847
3.5312678813934326, 7846
3.532353401184082, 7845
3.532353401184082, 7844
3.5333516597747803, 7843
3.534348726272583, 7842
3.535346031188965, 7841
3.5363433361053467, 7840
3.5373406410217285, 7839
3.5373406410217285, 7838
3.5383379459381104, 7837
3.5393357276916504, 7836
3.540417194366455, 7835
3.5414156913757324, 7834
3.542412757873535, 7833
3.542412757873535, 7832
3.543409824371338, 7831
3.5444085597991943, 7830
3.5454046726226807, 7829
3.5464019775390625, 7828
3.5473999977111816, 7827
3.5473999977111816, 7826
3.548464775085449, 7825
3.5494630336761475, 7824
3.55046010017395, 7823
3.551457643508911, 7822
3.552454948425293, 7821
3.552454948425293, 7820
3.5534520149230957, 7819
3.5544493198394775, 7818
3.5554466247558594, 7817
3.5564992427825928, 7816
3.557497978210449, 7815
3.5584940910339355, 7814
3.559492826461792, 7813
3.5604891777038574, 7812
3.5614874362945557, 7811
3.5624840259552, 7810
3.5634846687316895, 7809
3.5644800662994385, 7808
3.565476894378662, 7807
3.566473960876465, 7806
3.5674712657928467, 7805
3.5694658756256104, 7804
3.570463180541992, 7803
3.571460485458374, 7802
3.573455333709717, 7801
3.5744526386260986, 7800
3.5754501819610596, 7799
3.5774433612823486, 7798
3.578442335128784, 7797
3.579439401626587, 7796
3.580436944961548, 7795
3.5814342498779297, 7794
3.5834286212921143, 7793
3.584425926208496, 7792
3.585422992706299, 7791
3.5864205360412598, 7790
3.5894124507904053, 7789
3.592404365539551, 7788
3.5943989753723145, 7787
3.59639310836792, 7786
3.5983877182006836, 7785
3.6003825664520264, 7784
3.60237717628479, 7783
3.604372024536133, 7782
3.6063666343688965, 7781
3.6083619594573975, 7780
3.6103556156158447, 7779
3.6123502254486084, 7778
3.614345073699951, 7777
3.616339683532715, 7776
3.6183340549468994, 7775
3.6203298568725586, 7774
3.626312494277954, 7773
3.6283090114593506, 7772
3.6303024291992188, 7771
3.6322968006134033, 7770
3.634291648864746, 7769
3.636287212371826, 7768
3.6382811069488525, 7767
3.6402766704559326, 7766
3.6492526531219482, 7765
3.6522459983825684, 7764
3.6552352905273438, 7763
3.657229423522949, 7762
3.659224033355713, 7761
3.6612536907196045, 7760
3.6632139682769775, 7759
3.665210247039795, 7758
3.6672027111053467, 7757
3.6703081130981445, 7756
3.672302484512329, 7755
3.6742970943450928, 7754
3.6774964332580566, 7753
3.679492473602295, 7752
3.6824843883514404, 7751
3.6854772567749023, 7750
3.6884682178497314, 7749
3.692457437515259, 7748
3.6944539546966553, 7747
3.6984403133392334, 7746
3.703427314758301, 7745
3.707416534423828, 7744
3.7094130516052246, 7743
3.71240496635437, 7742
3.7143993377685547, 7741
3.718388795852661, 7740
3.7203831672668457, 7739
3.7233757972717285, 7738
3.7253684997558594, 7737
3.7293574810028076, 7736
3.7313525676727295, 7735
3.733346939086914, 7734
3.7353413105010986, 7733
3.737337350845337, 7732
3.739331007003784, 7731
3.741325855255127, 7730
3.7433202266693115, 7729
3.747309923171997, 7728
3.74930477142334, 7727
3.7512991428375244, 7726
3.7532947063446045, 7725
3.757284164428711, 7724
3.771247148513794, 7723
3.772244453430176, 7722
3.780256748199463, 7721
3.781251907348633, 7720
3.7822484970092773, 7719
3.7822484970092773, 7718
3.7832436561584473, 7717
3.784243583679199, 7716
3.7862401008605957, 7715
3.787236213684082, 7714
3.787236213684082, 7713
3.7892303466796875, 7712
3.8043315410614014, 7711
3.8082845211029053, 7710
3.809284210205078, 7709
3.8102805614471436, 7708
3.8112781047821045, 7707
3.8124043941497803, 7706
3.813403606414795, 7705
3.8144006729125977, 7704
3.8153977394104004, 7703
3.817392349243164, 7702
3.818389892578125, 7701
3.819387197494507, 7700
3.8204829692840576, 7699
3.821481943130493, 7698
3.823476552963257, 7697
3.8244740962982178, 7696
3.8254711627960205, 7695
3.8264684677124023, 7694
3.8274641036987305, 7693
3.828571081161499, 7692
3.8305673599243164, 7691
3.8315646648406982, 7690
3.83256196975708, 7689
3.833559274673462, 7688
3.8345563411712646, 7687
3.8355536460876465, 7686
3.8366527557373047, 7685
3.838648557662964, 7684
3.839646577835083, 7683
3.8406436443328857, 7682
3.8416409492492676, 7681
3.8426380157470703, 7680
3.843635320663452, 7679
3.8446333408355713, 7678
3.845630168914795, 7677
3.845630168914795, 7676
3.8466272354125977, 7675
3.8476250171661377, 7674
3.8486220836639404, 7673
3.8496193885803223, 7672
3.851614236831665, 7671
3.852611780166626, 7670
3.8536086082458496, 7669
3.8546061515808105, 7668
3.8556036949157715, 7667
3.856600761413574, 7666
3.856600761413574, 7665
3.858595609664917, 7664
3.8595926761627197, 7663
3.8609023094177246, 7662
3.8619017601013184, 7661
3.862898588180542, 7660
3.863896131515503, 7659
3.8648931980133057, 7658
3.8658902645111084, 7657
3.8668875694274902, 7656
3.867999792098999, 7655
3.8699958324432373, 7654
3.8709938526153564, 7653
3.8719911575317383, 7652
3.8739850521087646, 7651
3.8760874271392822, 7650
3.8770864009857178, 7649
3.8780839443206787, 7648
3.879080295562744, 7647
3.8810746669769287, 7646
3.8830690383911133, 7645
3.8840668201446533, 7644
3.8840668201446533, 7643
3.885063886642456, 7642
3.886061191558838, 7641
3.887059450149536, 7640
3.8890531063079834, 7639
3.8890531063079834, 7638
3.8900511264801025, 7637
3.8921549320220947, 7636
3.8961453437805176, 7635
3.904203414916992, 7634
3.9052014350891113, 7633
3.9061996936798096, 7632
3.9061996936798096, 7631
3.907196283340454, 7630
3.9092822074890137, 7629
3.9102799892425537, 7628
3.9112777709960938, 7627
3.9112777709960938, 7626
3.91227388381958, 7625
3.913270950317383, 7624
3.913270950317383, 7623
3.9142682552337646, 7622
3.9152657985687256, 7621
3.916372537612915, 7620
3.917473793029785, 7619
3.918471574783325, 7618
3.9194681644439697, 7617
3.9194681644439697, 7616
3.9204657077789307, 7615
3.9214630126953125, 7614
3.9214630126953125, 7613
3.9224603176116943, 7612
3.9234578609466553, 7611
3.9244558811187744, 7610
3.9244558811187744, 7609
3.925452470779419, 7608
3.9264862537384033, 7607
3.9274487495422363, 7606
3.9274487495422363, 7605
3.928478717803955, 7604
3.929473638534546, 7603
3.9304709434509277, 7602
3.9304709434509277, 7601
3.931466817855835, 7600
3.9325292110443115, 7599
3.933563232421875, 7598
3.934523820877075, 7597
3.935520648956299, 7596
3.935520648956299, 7595
3.9365181922912598, 7594
3.9375154972076416, 7593
3.9395103454589844, 7592
3.9416089057922363, 7591
3.942605495452881, 7590
3.9446005821228027, 7589
3.9455974102020264, 7588
3.946594715118408, 7587
3.948702335357666, 7586
3.949702262878418, 7585
3.9516966342926025, 7584
3.9526937007904053, 7583
3.9536919593811035, 7582
3.9556853771209717, 7581
3.9568052291870117, 7580
3.958803415298462, 7579
3.959799289703369, 7578
3.961793899536133, 7577
3.9637863636016846, 7576
3.965780735015869, 7575
3.9687728881835938, 7574
3.9707674980163574, 7573
3.9728939533233643, 7572
3.973891496658325, 7571
3.974888324737549, 7570
3.9768831729888916, 7569
3.978877305984497, 7568
3.9799790382385254, 7567
3.9809787273406982, 7566
3.98197603225708, 7565
3.982973337173462, 7564
3.983970880508423, 7563
3.984968900680542, 7562
3.9859659671783447, 7561
3.9869627952575684, 7560
3.9900665283203125, 7559
3.9910659790039062, 7558
3.992060899734497, 7557
3.9930577278137207, 7556
3.9940550327301025, 7555
3.9960923194885254, 7554
3.9971396923065186, 7553
3.9971396923065186, 7552
3.999133825302124, 7551
4.000130891799927, 7550
4.000130891799927, 7549
4.001128196716309, 7548
4.00212550163269, 7547
4.003122568130493, 7546
4.004120111465454, 7545
4.005117416381836, 7544
4.006114721298218, 7543
4.0071117877960205, 7542
4.0081093311309814, 7541
4.009108066558838, 7540
4.0101048946380615, 7539
4.011103630065918, 7538
4.012176275253296, 7537
4.013174533843994, 7536
4.014171600341797, 7535
4.015168905258179, 7534
4.01616644859314, 7533
4.0171637535095215, 7532
4.018161058425903, 7531
4.020254135131836, 7530
4.022251129150391, 7529
4.024244070053101, 7528
4.026239395141602, 7527
4.027235746383667, 7526
4.029231309890747, 7525
4.03022837638855, 7524
4.032222509384155, 7523
4.0332190990448, 7522
4.034217119216919, 7521
4.0352137088775635, 7520
4.036211252212524, 7519
4.037208795547485, 7518
4.039203882217407, 7517
4.041198015213013, 7516
4.043192625045776, 7515
4.045187473297119, 7514
4.046184778213501, 7513
4.047182083129883, 7512
4.048179388046265, 7511
4.049176454544067, 7510
4.050173997879028, 7509
4.051171541213989, 7508
4.052168607711792, 7507
4.053166151046753, 7506
4.054163694381714, 7505
4.056158065795898, 7504
4.057155132293701, 7503
4.058152675628662, 7502
4.059149980545044, 7501
4.060147047042847, 7500
4.062175512313843, 7499
4.065166234970093, 7498
4.067161560058594, 7497
4.070153474807739, 7496
4.07111930847168, 7495
4.073112487792969, 7494
4.074110269546509, 7493
4.075107574462891, 7492
4.076104402542114, 7491
4.078099966049194, 7490
4.079096555709839, 7489
4.0800940990448, 7488
4.081091403961182, 7487
4.082088470458984, 7486
4.084083318710327, 7485
4.085080623626709, 7484
4.08607816696167, 7483
4.08807373046875, 7482
4.0890727043151855, 7481
4.093060255050659, 7480
4.0950541496276855, 7479
4.0960516929626465, 7478
4.097048997879028, 7477
4.099076271057129, 7476
4.101037979125977, 7475
4.102035045623779, 7474
4.10303258895874, 7473
4.104029655456543, 7472
4.105027198791504, 7471
4.106024503707886, 7470
4.107021808624268, 7469
4.108019113540649, 7468
4.1090171337127686, 7467
4.113016605377197, 7466
4.114031553268433, 7465
4.116030693054199, 7464
4.1169962882995605, 7463
4.1180260181427, 7462
4.119022846221924, 7461
4.120021820068359, 7460
4.121017217636108, 7459
4.122016906738281, 7458
4.123011827468872, 7457
4.124974966049194, 7456
4.12600564956665, 7455
4.1279661655426025, 7454
4.129995822906494, 7453
4.130990266799927, 7452
4.132064580917358, 7451
4.133063554763794, 7450
4.135088920593262, 7449
4.1360859870910645, 7448
4.1370885372161865, 7447
4.138048410415649, 7446
4.141311407089233, 7445
4.142312049865723, 7444
4.144305467605591, 7443
4.146300315856934, 7442
4.148293733596802, 7441
4.150286912918091, 7440
4.1512837409973145, 7439
4.152281284332275, 7438
4.153278350830078, 7437
4.154274940490723, 7436
4.155272960662842, 7435
4.156269788742065, 7434
4.158264636993408, 7433
4.15926194190979, 7432
4.160259008407593, 7431
4.162288665771484, 7430
4.165281772613525, 7429
4.168267726898193, 7428
4.1702659130096436, 7427
4.173260927200317, 7426
4.17525315284729, 7425
4.178246974945068, 7424
4.179211378097534, 7423
4.180207967758179, 7422
4.18120551109314, 7421
4.183200120925903, 7420
4.185194492340088, 7419
4.186191558837891, 7418
4.189183473587036, 7417
4.191176652908325, 7416
4.192173957824707, 7415
4.194169759750366, 7414
4.196197748184204, 7413
4.199187994003296, 7412
4.201182842254639, 7411
4.204178094863892, 7410
4.206169366836548, 7409
4.209161281585693, 7408
4.212123870849609, 7407
4.213120460510254, 7406
4.2141172885894775, 7405
4.215114116668701, 7404
4.216111660003662, 7403
4.218107461929321, 7402
4.221097469329834, 7401
4.223125457763672, 7400
4.22411847114563, 7399
4.22511887550354, 7398
4.228079557418823, 7397
4.230074405670166, 7396
4.2310709953308105, 7395
4.232067584991455, 7394
4.233064413070679, 7393
4.2340617179870605, 7392
4.236056327819824, 7391
4.237053632736206, 7390
4.238050937652588, 7389
4.239048480987549, 7388
4.243038654327393, 7387
4.244035959243774, 7386
4.246031999588013, 7385
4.247029542922974, 7384
4.249024391174316, 7383
4.250021696090698, 7382
4.252015829086304, 7381
4.2530128955841064, 7380
4.255007743835449, 7379
4.256004810333252, 7378
4.257999658584595, 7377
4.2589967250823975, 7376
4.2609922885894775, 7375
4.261988878250122, 7374
4.262986421585083, 7373
4.264981031417847, 7372
4.266974449157715, 7371
4.268056631088257, 7370
4.270053148269653, 7369
4.271050214767456, 7368
4.273045063018799, 7367
4.278166055679321, 7366
4.282153606414795, 7365
4.285179376602173, 7364
4.289167642593384, 7363
4.292278528213501, 7362
4.295302629470825, 7361
4.299415111541748, 7360
4.302408218383789, 7359
4.30539870262146, 7358
4.309499263763428, 7357
4.313488006591797, 7356
4.3176209926605225, 7355
4.321609973907471, 7354
4.324601411819458, 7353
4.328590631484985, 7352
4.333770513534546, 7351
4.336761236190796, 7350
4.340877056121826, 7349
4.345863342285156, 7348
4.349056959152222, 7347
4.352047920227051, 7346
4.356037855148315, 7345
4.359109163284302, 7344
4.362100601196289, 7343
4.365092515945435, 7342
4.369081974029541, 7341
4.372158765792847, 7340
4.3751513957977295, 7339
4.379140615463257, 7338
4.383210897445679, 7337
4.386202573776245, 7336
4.389307260513306, 7335
4.393296003341675, 7334
4.397411584854126, 7333
4.40140175819397, 7332
4.405390024185181, 7331
4.409379243850708, 7330
4.41349196434021, 7329
4.436688661575317, 7328
4.450780153274536, 7327
4.452775478363037, 7326
4.453772068023682, 7325
4.455766677856445, 7324
4.456763744354248, 7323
4.457762241363525, 7322
4.45875883102417, 7321
4.460875034332275, 7320
4.461871862411499, 7319
4.462868928909302, 7318
4.463866233825684, 7317
4.465861082077026, 7316
4.466858386993408, 7315
4.468972682952881, 7314
4.4699695110321045, 7313
4.472962856292725, 7312
4.473959684371948, 7311
4.474956512451172, 7310
4.476123809814453, 7309
4.47812032699585, 7308
4.48210883140564, 7307
4.484103679656982, 7306
4.485101222991943, 7305
4.487095832824707, 7304
4.488093614578247, 7303
4.489090442657471, 7302
4.491085052490234, 7301
4.492082595825195, 7300
4.493080139160156, 7299
4.49507474899292, 7298
4.4960715770721436, 7297
4.497070550918579, 7296
4.499063968658447, 7295
4.50006103515625, 7294
4.502055644989014, 7293
4.504050970077515, 7292
4.505047798156738, 7291
4.50604510307312, 7290
4.507042169570923, 7289
4.509037256240845, 7288
4.5110321044921875, 7287
4.51202917098999, 7286
4.513026475906372, 7285
4.515021324157715, 7284
4.517015695571899, 7283
4.51801323890686, 7282
4.520008087158203, 7281
4.522002696990967, 7280
4.5229997634887695, 7279
4.5249950885772705, 7278
4.525991916656494, 7277
4.528982639312744, 7276
4.530977725982666, 7275
4.532972812652588, 7274
4.533970355987549, 7273
4.534966707229614, 7272
4.535964012145996, 7271
4.53795862197876, 7270
4.538955926895142, 7269
4.5399534702301025, 7268
4.540951251983643, 7267
4.541948080062866, 7266
4.542945146560669, 7265
4.544940233230591, 7264
4.545938014984131, 7263
4.5469348430633545, 7262
4.547932386398315, 7261
4.5499267578125, 7260
4.550923824310303, 7259
4.552918434143066, 7258
4.553915977478027, 7257
4.554913759231567, 7256
4.55591082572937, 7255
4.556908845901489, 7254
4.557906150817871, 7253
4.5599000453948975, 7252
4.560898303985596, 7251
4.56189489364624, 7250
4.562891960144043, 7249
4.563889265060425, 7248
4.565884828567505, 7247
4.5668816566467285, 7246
4.56787896156311, 7245
4.568876266479492, 7244
4.569873332977295, 7243
4.570870637893677, 7242
4.571955919265747, 7241
4.572954177856445, 7240
4.573951005935669, 7239
4.574948310852051, 7238
4.575945615768433, 7237
4.576943397521973, 7236
4.577972888946533, 7235
4.579075574874878, 7234
4.580104827880859, 7233
4.5830981731414795, 7232
4.584071397781372, 7231
4.585092782974243, 7230
4.586089849472046, 7229
4.587208986282349, 7228
4.587208986282349, 7227
4.588235378265381, 7226
4.589235782623291, 7225
4.590233325958252, 7224
4.590233325958252, 7223
4.591232061386108, 7222
4.592228412628174, 7221
4.59322714805603, 7220
4.594223260879517, 7219
4.595406532287598, 7218
4.596437215805054, 7217
4.596437215805054, 7216
4.597433567047119, 7215
4.598434209823608, 7214
4.59942889213562, 7213
4.600426197052002, 7212
4.6014244556427, 7211
4.602420091629028, 7210
4.602420091629028, 7209
4.60341739654541, 7208
4.6044158935546875, 7207
4.60541558265686, 7206
4.606411695480347, 7205
4.6074066162109375, 7204
4.6074066162109375, 7203
4.608404874801636, 7202
4.609403133392334, 7201
4.611398220062256, 7200
4.6123948097229, 7199
4.6123948097229, 7198
4.613390922546387, 7197
4.614391326904297, 7196
4.61538553237915, 7195
4.616382837295532, 7194
4.617381811141968, 7193
4.618377447128296, 7192
4.618377447128296, 7191
4.619374513626099, 7190
4.620373249053955, 7189
4.621369361877441, 7188
4.622369289398193, 7187
4.623366355895996, 7186
4.624361515045166, 7185
4.6253602504730225, 7184
4.626356363296509, 7183
4.626356363296509, 7182
4.627323389053345, 7181
4.628352642059326, 7180
4.629348039627075, 7179
4.630347728729248, 7178
4.631342649459839, 7177
4.632340669631958, 7176
4.632340669631958, 7175
4.633339166641235, 7174
4.634335041046143, 7173
4.635332345962524, 7172
4.638459205627441, 7171
4.639456748962402, 7170
4.640456199645996, 7169
4.641418933868408, 7168
4.642416715621948, 7167
4.643413305282593, 7166
4.644411325454712, 7165
4.6454079151153564, 7164
4.64740252494812, 7163
4.648400068283081, 7162
4.649397373199463, 7161
4.650394678115845, 7160
4.651391983032227, 7159
4.654497861862183, 7158
4.6554951667785645, 7157
4.6574907302856445, 7156
4.658487558364868, 7155
4.658487558364868, 7154
4.660649061203003, 7153
4.661648273468018, 7152
4.6626458168029785, 7151
4.663642883300781, 7150
4.664639949798584, 7149
4.665637493133545, 7148
4.6676318645477295, 7147
4.668739318847656, 7146
4.669738054275513, 7145
4.671732425689697, 7144
4.671732425689697, 7143
4.6727306842803955, 7142
4.675722122192383, 7141
4.676835536956787, 7140
4.677834749221802, 7139
4.681824207305908, 7138
4.684816122055054, 7137
4.6858131885528564, 7136
4.686810255050659, 7135
4.68780779838562, 7134
4.688805103302002, 7133
4.6898016929626465, 7132
4.690798044204712, 7131
4.691795825958252, 7130
4.6927924156188965, 7129
4.693792104721069, 7128
4.694817781448364, 7127
4.695818185806274, 7126
4.696815013885498, 7125
4.6978137493133545, 7124
4.698809623718262, 7123
4.69981050491333, 7122
4.700803995132446, 7121
4.701802015304565, 7120
4.701802015304565, 7119
4.702800273895264, 7118
4.703795671463013, 7117
4.704762935638428, 7116
4.7057600021362305, 7115
4.706757307052612, 7114
4.707754373550415, 7113
4.708751916885376, 7112
4.710747003555298, 7111
4.711744070053101, 7110
4.712741136550903, 7109
4.7147369384765625, 7108
4.715859651565552, 7107
4.71785569190979, 7106
4.718852996826172, 7105
4.719850540161133, 7104
4.7218451499938965, 7103
4.722842216491699, 7102
4.722842216491699, 7101
4.7248358726501465, 7100
4.725835084915161, 7099
4.726831912994385, 7098
4.727829456329346, 7097
4.728826284408569, 7096
4.729824066162109, 7095
4.730821132659912, 7094
4.7319419384002686, 7093
4.733937978744507, 7092
4.734935283660889, 7091
4.7369303703308105, 7090
4.737927198410034, 7089
4.737927198410034, 7088
4.738924503326416, 7087
4.741028070449829, 7086
4.742025136947632, 7085
4.744019508361816, 7084
4.744019508361816, 7083
4.74504828453064, 7082
4.746045351028442, 7081
4.74701714515686, 7080
4.748040676116943, 7079
4.749037504196167, 7078
4.750037431716919, 7077
4.75103235244751, 7076
4.752030372619629, 7075
4.753030061721802, 7074
4.754024267196655, 7073
4.754990577697754, 7072
4.757020950317383, 7071
4.75898003578186, 7070
4.7600109577178955, 7069
4.761006116867065, 7068
4.76200270652771, 7067
4.76299786567688, 7066
4.766960144042969, 7065
4.767991542816162, 7064
4.768952369689941, 7063
4.769948720932007, 7062
4.770946025848389, 7061
4.7719433307647705, 7060
4.7729408740997314, 7059
4.773940086364746, 7058
4.777930498123169, 7057
4.778956651687622, 7056
4.77995491027832, 7055
4.781923055648804, 7054
4.782914161682129, 7053
4.786353588104248, 7052
4.786905765533447, 7051
4.787902593612671, 7050
4.788898706436157, 7049
4.789931535720825, 7048
4.790928602218628, 7047
4.791924953460693, 7046
4.792919874191284, 7045
4.79491400718689, 7044
4.795881032943726, 7043
4.796910047531128, 7042
4.797909259796143, 7041
4.798904180526733, 7040
4.800868034362793, 7039
4.800868034362793, 7038
4.802863121032715, 7037
4.803858280181885, 7036
4.804891586303711, 7035
4.805887937545776, 7034
4.806882858276367, 7033
4.80788254737854, 7032
4.808877468109131, 7031
4.809875249862671, 7030
4.811842441558838, 7029
4.812836170196533, 7028
4.814830303192139, 7027
4.8158278465271, 7026
4.8168253898620605, 7025
4.81881856918335, 7024
4.819816827774048, 7023
4.820846319198608, 7022
4.821846008300781, 7021
4.824836015701294, 7020
4.834778070449829, 7019
4.906583309173584, 7018
4.907580852508545, 7017
4.943485498428345, 7016
4.947508811950684, 7015
4.969418525695801, 7014
5.046210050582886, 7013
5.047207355499268, 7012
5.063166618347168, 7011
5.069184303283691, 7010
5.180885553359985, 7009
5.223768949508667, 7008
5.3503992557525635, 7007
5.361372470855713, 7006
5.362366676330566, 7005
5.374367952346802, 7004
5.8758673667907715, 7003
5.909895658493042, 7002
5.923999786376953, 7001
6.042605876922607, 7000
6.382030487060547, 6999
6.452554225921631, 6998
6.468918085098267, 6997
6.499112129211426, 6996
6.500230073928833, 6995
6.5303871631622314, 6994
6.5384581089019775, 6993
6.541533946990967, 6992
6.548585891723633, 6991
6.555567264556885, 6990
6.563546419143677, 6989
6.5947020053863525, 6988
6.595699071884155, 6987
6.601805210113525, 6986
6.6077892780303955, 6985
6.614887714385986, 6984
6.615884780883789, 6983
6.619983673095703, 6982
6.739990234375, 6981
6.761168003082275, 6980
6.934751987457275, 6979
7.090761423110962, 6978
7.094751596450806, 6977
7.151195287704468, 6976
7.233410358428955, 6975
7.2405054569244385, 6974
7.241503000259399, 6973
7.28039813041687, 6972
7.437900543212891, 6971
7.5126447677612305, 6970
7.539684772491455, 6969
7.6104912757873535, 6968
8.024768829345703, 6967
8.35313081741333, 6966
8.46981930732727, 6965
8.491791486740112, 6964
