0.0, 4858
0.7763102054595947, 4857
0.786400556564331, 4856
0.9078099727630615, 4855
1.0490412712097168, 4854
1.4427971839904785, 4853
1.5719215869903564, 4852
2.1588222980499268, 4851
2.4514827728271484, 4850
2.461548089981079, 4849
2.5218636989593506, 4848
2.925360679626465, 4847
3.0988199710845947, 4846
3.1189754009246826, 4845
3.1189754009246826, 4844
3.1189754009246826, 4843
3.129032850265503, 4842
3.189495325088501, 4841
3.3210413455963135, 4840
3.6515419483184814, 4839
4.099563360214233, 4838
4.158939838409424, 4837
4.227932453155518, 4836
4.683089256286621, 4835
4.691133737564087, 4834
4.733471393585205, 4833
4.753644227981567, 4832
4.955143451690674, 4831
5.383895397186279, 4830
5.406050205230713, 4829
5.508133888244629, 4828
5.516175270080566, 4827
5.657424211502075, 4826
5.921671390533447, 4825
5.952001333236694, 4824
5.96208930015564, 4823
5.96208930015564, 4822
6.213851690292358, 4821
6.242032527923584, 4820
6.274238109588623, 4819
6.294785261154175, 4818
6.667165994644165, 4817
6.667165994644165, 4816
6.755911588668823, 4815
7.125311851501465, 4814
7.240299940109253, 4813
7.624457120895386, 4812
7.652692794799805, 4811
7.682876825332642, 4810
7.6849353313446045, 4809
7.695026636123657, 4808
7.705095291137695, 4807
7.745283603668213, 4806
7.87611985206604, 4805
7.886205434799194, 4804
7.886205434799194, 4803
8.14864468574524, 4802
8.188994407653809, 4801
8.48139238357544, 4800
8.561926364898682, 4799
8.670844793319702, 4798
8.804325819015503, 4797
8.812375545501709, 4796
9.096190214157104, 4795
9.406744480133057, 4794
9.416938066482544, 4793
9.427040338516235, 4792
9.449268341064453, 4791
9.449268341064453, 4790
9.479480743408203, 4789
9.982340574264526, 4788
9.982340574264526, 4787
10.115419864654541, 4786
10.49817180633545, 4785
11.042763471603394, 4784
11.295289278030396, 4783
11.315448760986328, 4782
11.34364914894104, 4781
11.577628374099731, 4780
12.221629858016968, 4779
12.332793474197388, 4778
12.342874526977539, 4777
12.675755739212036, 4776
12.706005334854126, 4775
12.998481750488281, 4774
13.240561485290527, 4773
13.300910711288452, 4772
13.310990571975708, 4771
13.321123600006104, 4770
13.341391563415527, 4769
13.351455688476562, 4768
13.704656839370728, 4767
13.785338163375854, 4766
13.914362907409668, 4765
14.077497482299805, 4764
14.127694845199585, 4763
14.571216106414795, 4762
14.831739664077759, 4761
14.851871013641357, 4760
14.974920988082886, 4759
15.005176782608032, 4758
15.328305006027222, 4757
15.449895143508911, 4756
15.55051875114441, 4755
15.911204099655151, 4754
16.05481767654419, 4753
16.175828218460083, 4752
16.206112384796143, 4751
16.33701729774475, 4750
16.55637216567993, 4749
16.598711729049683, 4748
16.770458459854126, 4747
16.838919401168823, 4746
16.97203516960144, 4745
17.363816738128662, 4744
17.456751346588135, 4743
17.51723337173462, 4742
17.638224363327026, 4741
17.860163927078247, 4740
18.23281741142273, 4739
18.283262252807617, 4738
18.283262252807617, 4737
18.384015560150146, 4736
18.48525857925415, 4735
18.543732166290283, 4734
18.646488189697266, 4733
18.646488189697266, 4732
18.777520179748535, 4731
18.777520179748535, 4730
18.98874568939209, 4729
19.14847183227539, 4728
19.168635368347168, 4727
19.33195948600769, 4726
19.655160188674927, 4725
19.816361665725708, 4724
19.987712144851685, 4723
20.058258056640625, 4722
20.199456691741943, 4721
20.35453176498413, 4720
20.783625841140747, 4719
21.167234182357788, 4718
21.500222206115723, 4717
21.541479349136353, 4716
21.701765060424805, 4715
22.346798181533813, 4714
22.354846000671387, 4713
22.901081323623657, 4712
23.009984970092773, 4711
23.393566846847534, 4710
23.516767978668213, 4709
23.534892320632935, 4708
23.534892320632935, 4707
23.809391260147095, 4706
23.9811851978302, 4705
24.233195066452026, 4704
24.24328637123108, 4703
24.455086708068848, 4702
24.75824737548828, 4701
25.060883045196533, 4700
25.38385248184204, 4699
25.515082359313965, 4698
25.533217430114746, 4697
25.979673624038696, 4696
26.372929334640503, 4695
26.465702056884766, 4694
26.837119340896606, 4693
26.879495859146118, 4692
27.07140302658081, 4691
27.21056604385376, 4690
27.29333186149597, 4689
27.64636254310608, 4688
27.997382402420044, 4687
27.997382402420044, 4686
28.037720441818237, 4685
28.20145535469055, 4684
28.69350004196167, 4683
28.756321907043457, 4682
28.91761016845703, 4681
29.351049661636353, 4680
29.623600721359253, 4679
29.641648769378662, 4678
29.66378688812256, 4677
29.9765567779541, 4676
30.107760667800903, 4675
30.128015279769897, 4674
31.191643238067627, 4673
31.207264184951782, 4672
31.392151594161987, 4671
31.607742071151733, 4670
31.964452505111694, 4669
32.00465178489685, 4668
32.183908462524414, 4667
32.57974576950073, 4666
32.58983254432678, 4665
32.708744525909424, 4664
33.144790172576904, 4663
34.30307459831238, 4662
34.32120084762573, 4661
34.73413419723511, 4660
34.73616981506348, 4659
34.736175298690796, 4658
34.7644145488739, 4657
34.766462087631226, 4656
35.15952754020691, 4655
35.63172459602356, 4654
35.9947943687439, 4653
36.1162006855011, 4652
36.4489049911499, 4651
36.852983713150024, 4650
37.25847387313843, 4649
38.15526056289673, 4648
38.81082487106323, 4647
38.83099985122681, 4646
38.879364252090454, 4645
39.26478576660156, 4644
39.27487397193909, 4643
39.32527947425842, 4642
40.09208655357361, 4641
41.47403359413147, 4640
42.12799787521362, 4639
42.251452684402466, 4638
42.31021475791931, 4637
42.83516335487366, 4636
42.94600987434387, 4635
43.841617584228516, 4634
43.9045889377594, 4633
43.98515725135803, 4632
44.05372405052185, 4631
44.11420226097107, 4630
44.33595252037048, 4629
44.993552923202515, 4628
45.225783348083496, 4627
47.002201080322266, 4626
47.71879982948303, 4625
49.262189865112305, 4624
50.35668754577637, 4623
50.95294213294983, 4622
51.245725870132446, 4621
52.295443058013916, 4620
52.719189405441284, 4619
52.90112638473511, 4618
53.63749647140503, 4617
53.929240226745605, 4616
53.94943118095398, 4615
54.90790820121765, 4614
55.38185477256775, 4613
56.139137268066406, 4612
56.633111238479614, 4611
57.80182123184204, 4610
57.842151403427124, 4609
