0.2752351760864258, 10747
0.33262038230895996, 10746
0.3719041347503662, 10745
0.40923261642456055, 10744
0.4503340721130371, 10743
0.4911930561065674, 10742
0.540062427520752, 10741
0.5919239521026611, 10740
0.6427888870239258, 10739
0.6896626949310303, 10738
0.7684850692749023, 10737
0.8512308597564697, 10736
0.8991024494171143, 10735
0.9445466995239258, 10734
0.9455451965332031, 10733
0.9465410709381104, 10732
0.9475381374359131, 10731
0.9485363960266113, 10730
0.9496393203735352, 10729
0.9516339302062988, 10728
0.9536304473876953, 10727
0.9546263217926025, 10726
0.9556241035461426, 10725
0.9566531181335449, 10724
0.9576516151428223, 10723
0.9586329460144043, 10722
0.9606108665466309, 10721
0.9626059532165527, 10720
0.9636027812957764, 10719
0.9646344184875488, 10718
0.9666271209716797, 10717
0.9686214923858643, 10716
0.969618558883667, 10715
0.969618558883667, 10714
0.9716131687164307, 10713
0.9726130962371826, 10712
0.9735763072967529, 10711
0.9735763072967529, 10710
0.9746048450469971, 10709
0.976599931716919, 10708
0.9775669574737549, 10707
0.9785993099212646, 10706
0.9795923233032227, 10705
0.9805886745452881, 10704
0.9825515747070312, 10703
0.9845457077026367, 10702
0.9855461120605469, 10701
0.9865448474884033, 10700
0.9905307292938232, 10699
0.9945187568664551, 10698
0.9975104331970215, 10697
1.0015339851379395, 10696
1.0025248527526855, 10695
1.003495693206787, 10694
1.0045273303985596, 10693
1.0055217742919922, 10692
1.00649094581604, 10691
1.007519006729126, 10690
1.008514165878296, 10689
1.00947904586792, 10688
1.0105087757110596, 10687
1.0115058422088623, 10686
1.0125064849853516, 10685
1.0135011672973633, 10684
1.0154626369476318, 10683
1.0164604187011719, 10682
1.0174574851989746, 10681
1.0184547901153564, 10680
1.0204493999481201, 10679
1.022444725036621, 10678
1.0234415531158447, 10677
1.024439811706543, 10676
1.0254361629486084, 10675
1.0264341831207275, 10674
1.027430772781372, 10673
1.028428077697754, 10672
1.0296251773834229, 10671
1.0306236743927002, 10670
1.0316522121429443, 10669
1.032646894454956, 10668
1.033646583557129, 10667
1.0346441268920898, 10666
1.0356440544128418, 10665
1.036607027053833, 10664
1.036607027053833, 10663
1.0387592315673828, 10662
1.039754867553711, 10661
1.0417497158050537, 10660
1.044847011566162, 10659
1.0488708019256592, 10658
1.0538530349731445, 10657
1.0598399639129639, 10656
1.060804843902588, 10655
1.0629417896270752, 10654
1.0629417896270752, 10653
1.0649683475494385, 10652
1.0649683475494385, 10651
1.0659685134887695, 10650
1.066962480545044, 10649
1.0679268836975098, 10648
1.0689258575439453, 10647
1.0700511932373047, 10646
1.0710804462432861, 10645
1.0720815658569336, 10644
1.073075294494629, 10643
1.074075698852539, 10642
1.0750703811645508, 10641
1.0770347118377686, 10640
1.0790290832519531, 10639
1.0820207595825195, 10638
1.0830168724060059, 10637
1.0840466022491455, 10636
1.085040807723999, 10635
1.08604097366333, 10634
1.087038278579712, 10633
1.088038682937622, 10632
1.0890328884124756, 10631
1.0900328159332275, 10630
1.0919945240020752, 10629
1.092991828918457, 10628
1.0939888954162598, 10627
1.094986915588379, 10626
1.0969808101654053, 10625
1.0979764461517334, 10624
1.098975658416748, 10623
1.1000049114227295, 10622
1.1019980907440186, 10621
1.1039960384368896, 10620
1.1089484691619873, 10619
1.115931749343872, 10618
1.118922472000122, 10617
1.1199204921722412, 10616
1.1229112148284912, 10615
1.1249117851257324, 10614
1.1288979053497314, 10613
1.131889820098877, 10612
1.1339199542999268, 10611
1.135876178741455, 10610
1.1369059085845947, 10609
1.1378705501556396, 10608
1.138899803161621, 10607
1.139897108078003, 10606
1.1408641338348389, 10605
1.141892433166504, 10604
1.1458508968353271, 10603
1.1478774547576904, 10602
1.1488704681396484, 10601
1.1528387069702148, 10600
1.1548595428466797, 10599
1.155822992324829, 10598
1.1568188667297363, 10597
1.1578171253204346, 10596
1.1588149070739746, 10595
1.1638035774230957, 10594
1.1677913665771484, 10593
1.1698203086853027, 10592
1.1707816123962402, 10591
1.1718156337738037, 10590
1.1757712364196777, 10589
1.2171335220336914, 10588
1.220125675201416, 10587
1.2221221923828125, 10586
1.2231190204620361, 10585
1.2271082401275635, 10584
1.236086130142212, 10583
1.2410740852355957, 10582
1.2470881938934326, 10581
1.250074863433838, 10580
1.255066156387329, 10579
1.2686834335327148, 10578
1.2819538116455078, 10577
1.2979001998901367, 10576
1.2988975048065186, 10575
1.2998948097229004, 10574
1.3008918762207031, 10573
1.301889419555664, 10572
1.302886962890625, 10571
1.304882287979126, 10570
1.3058791160583496, 10569
1.3068761825561523, 10568
1.307873249053955, 10567
1.3098704814910889, 10566
1.3128716945648193, 10565
1.315885066986084, 10564
1.315885066986084, 10563
1.3168818950653076, 10562
1.3178842067718506, 10561
1.3198738098144531, 10560
1.3218722343444824, 10559
1.32383131980896, 10558
1.3248281478881836, 10557
1.3278203010559082, 10556
1.3288185596466064, 10555
1.3298146724700928, 10554
1.3308119773864746, 10553
1.3318092823028564, 10552
1.3328073024749756, 10551
1.3338038921356201, 10550
1.334801197052002, 10549
1.3357994556427002, 10548
1.3367960453033447, 10547
1.3377957344055176, 10546
1.3397905826568604, 10545
1.3407881259918213, 10544
1.3440475463867188, 10543
1.3470325469970703, 10542
1.3510210514068604, 10541
1.3550233840942383, 10540
1.3619914054870605, 10539
1.3659815788269043, 10538
1.366978406906128, 10537
1.3679752349853516, 10536
1.3689725399017334, 10535
1.3699698448181152, 10534
1.3699698448181152, 10533
1.3729641437530518, 10532
1.373992919921875, 10531
1.3749890327453613, 10530
1.3759534358978271, 10529
1.3789465427398682, 10528
1.3799448013305664, 10527
1.3819401264190674, 10526
1.3829371929168701, 10525
1.3849315643310547, 10524
1.3869261741638184, 10523
1.3889362812042236, 10522
1.3909156322479248, 10521
1.3949048519134521, 10520
1.3959012031555176, 10519
1.396897792816162, 10518
1.397895336151123, 10517
1.3988926410675049, 10516
1.3998897075653076, 10515
1.4008870124816895, 10514
1.4018845558166504, 10513
1.4028816223144531, 10512
1.4048869609832764, 10511
1.407869815826416, 10510
1.413853645324707, 10509
1.4178414344787598, 10508
1.4218637943267822, 10507
1.42881441116333, 10506
1.4298114776611328, 10505
1.4308092594146729, 10504
1.4328036308288574, 10503
1.4358272552490234, 10502
1.436826467514038, 10501
1.4378209114074707, 10500
1.4387869834899902, 10499
1.4398138523101807, 10498
1.4408149719238281, 10497
1.4408149719238281, 10496
1.4427757263183594, 10495
1.4447734355926514, 10494
1.4457683563232422, 10493
1.4467647075653076, 10492
1.4477639198303223, 10491
1.4487600326538086, 10490
1.450753927230835, 10489
1.4527482986450195, 10488
1.4537484645843506, 10487
1.4547431468963623, 10486
1.4557404518127441, 10485
1.456737756729126, 10484
1.457735300064087, 10483
1.4587323665618896, 10482
1.4597303867340088, 10481
1.4607274532318115, 10480
1.461841106414795, 10479
1.462871789932251, 10478
1.463869333267212, 10477
1.4648659229278564, 10476
1.465841293334961, 10475
1.466860294342041, 10474
1.4678573608398438, 10473
1.4688925743103027, 10472
1.4699687957763672, 10471
1.4719634056091309, 10470
1.4749548435211182, 10469
1.4780230522155762, 10468
1.4790513515472412, 10467
1.4800503253936768, 10466
1.481013536453247, 10465
1.4820430278778076, 10464
1.4820430278778076, 10463
1.483036994934082, 10462
1.4840078353881836, 10461
1.4851272106170654, 10460
1.486161708831787, 10459
1.487154483795166, 10458
1.488154411315918, 10457
1.4891493320465088, 10456
1.4901468753814697, 10455
1.4901468753814697, 10454
1.4911420345306396, 10453
1.4931073188781738, 10452
1.4951362609863281, 10451
1.4971277713775635, 10450
1.4981248378753662, 10449
1.4990921020507812, 10448
1.4990921020507812, 10447
1.5011177062988281, 10446
1.5011177062988281, 10445
1.502208948135376, 10444
1.5032055377960205, 10443
1.5042364597320557, 10442
1.5052332878112793, 10441
1.5062313079833984, 10440
1.5072300434112549, 10439
1.5083065032958984, 10438
1.509305715560913, 10437
1.5103020668029785, 10436
1.5113348960876465, 10435
1.5123295783996582, 10434
1.5142903327941895, 10433
1.5162875652313232, 10432
1.5202770233154297, 10431
1.5242640972137451, 10430
1.529285192489624, 10429
1.5352706909179688, 10428
1.5452072620391846, 10427
1.555182695388794, 10426
1.5571773052215576, 10425
1.5581750869750977, 10424
1.598066806793213, 10423
1.5990638732910156, 10422
1.6000609397888184, 10421
1.6000609397888184, 10420
1.6010584831237793, 10419
1.6010584831237793, 10418
1.6020557880401611, 10417
1.6030528545379639, 10416
1.6030528545379639, 10415
1.6040501594543457, 10414
1.6050474643707275, 10413
1.6050474643707275, 10412
1.6060791015625, 10411
1.6070787906646729, 10410
1.6070787906646729, 10409
1.6080734729766846, 10408
1.6080734729766846, 10407
1.609071969985962, 10406
1.6110327243804932, 10405
1.6110327243804932, 10404
1.6120293140411377, 10403
1.6140241622924805, 10402
1.6140241622924805, 10401
1.6150212287902832, 10400
1.616018295288086, 10399
1.616018295288086, 10398
1.6170156002044678, 10397
1.6170156002044678, 10396
1.6180131435394287, 10395
1.6190104484558105, 10394
1.6200082302093506, 10393
1.6210062503814697, 10392
1.6230013370513916, 10391
1.6239986419677734, 10390
1.6249964237213135, 10389
1.6270232200622559, 10388
1.6279878616333008, 10387
1.6279878616333008, 10386
1.6289842128753662, 10385
1.6289842128753662, 10384
1.6299808025360107, 10383
1.6299808025360107, 10382
1.6309781074523926, 10381
1.6319754123687744, 10380
1.6319754123687744, 10379
1.6329729557037354, 10378
1.6329729557037354, 10377
1.6339702606201172, 10376
1.6349678039550781, 10375
1.63596773147583, 10374
1.6369640827178955, 10373
1.6389594078063965, 10372
1.6399564743041992, 10371
1.6409530639648438, 10370
1.6409530639648438, 10369
1.6429476737976074, 10368
1.643944501876831, 10367
1.6449408531188965, 10366
1.6449408531188965, 10365
1.6459381580352783, 10364
1.6459381580352783, 10363
1.6469359397888184, 10362
1.6469359397888184, 10361
1.647933006286621, 10360
1.648930311203003, 10359
1.6499316692352295, 10358
1.6509590148925781, 10357
1.6509590148925781, 10356
1.6519525051116943, 10355
1.6519525051116943, 10354
1.6529526710510254, 10353
1.6529526710510254, 10352
1.653949499130249, 10351
1.6549506187438965, 10350
1.6549506187438965, 10349
1.6559443473815918, 10348
1.6559443473815918, 10347
1.6569445133209229, 10346
1.657909870147705, 10345
1.6589367389678955, 10344
1.6608989238739014, 10343
1.6608989238739014, 10342
1.661895751953125, 10341
1.6628961563110352, 10340
1.6628961563110352, 10339
1.6638903617858887, 10338
1.6648874282836914, 10337
1.6659185886383057, 10336
1.6659185886383057, 10335
1.666914701461792, 10334
1.666914701461792, 10333
1.6679093837738037, 10332
1.6679093837738037, 10331
1.6689107418060303, 10330
1.6699073314666748, 10329
1.6699073314666748, 10328
1.670907974243164, 10327
1.670907974243164, 10326
1.6719017028808594, 10325
1.6728675365447998, 10324
1.6738638877868652, 10323
1.6738638877868652, 10322
1.674860954284668, 10321
1.674860954284668, 10320
1.6768567562103271, 10319
1.6778550148010254, 10318
1.6778550148010254, 10317
1.6788520812988281, 10316
1.6798481941223145, 10315
1.6808481216430664, 10314
1.6808481216430664, 10313
1.6818439960479736, 10312
1.6828413009643555, 10311
1.6838386058807373, 10310
1.68583345413208, 10309
1.6868305206298828, 10308
1.6878290176391602, 10307
1.6898224353790283, 10306
1.6908199787139893, 10305
1.691817045211792, 10304
1.6938130855560303, 10303
1.694809913635254, 10302
1.694809913635254, 10301
1.6968038082122803, 10300
1.6978013515472412, 10299
1.698798656463623, 10298
1.6997954845428467, 10297
1.7007932662963867, 10296
1.7027883529663086, 10295
1.7037851810455322, 10294
1.7047827243804932, 10293
1.7067770957946777, 10292
1.7077746391296387, 10291
1.7087719440460205, 10290
1.7107672691345215, 10289
1.7117640972137451, 10288
1.712761402130127, 10287
1.7137584686279297, 10286
1.7157533168792725, 10285
1.7157533168792725, 10284
1.7167773246765137, 10283
1.7167773246765137, 10282
1.7177791595458984, 10281
1.7187800407409668, 10280
1.7187800407409668, 10279
1.719773292541504, 10278
1.719773292541504, 10277
1.720773458480835, 10276
1.7217686176300049, 10275
1.7217686176300049, 10274
1.7227656841278076, 10273
1.7237319946289062, 10272
1.7247610092163086, 10271
1.7247610092163086, 10270
1.7257578372955322, 10269
1.7267591953277588, 10268
1.7277538776397705, 10267
1.7277538776397705, 10266
1.7287178039550781, 10265
1.7287178039550781, 10264
1.729715347290039, 10263
1.7307450771331787, 10262
1.7317090034484863, 10261
1.7327356338500977, 10260
1.7327356338500977, 10259
1.733736515045166, 10258
1.733736515045166, 10257
1.7347373962402344, 10256
1.7357313632965088, 10255
1.7357313632965088, 10254
1.7367324829101562, 10253
1.7367324829101562, 10252
1.7377259731292725, 10251
1.7377259731292725, 10250
1.7386915683746338, 10249
1.7386915683746338, 10248
1.7397181987762451, 10247
1.7407176494598389, 10246
1.7407176494598389, 10245
1.7417144775390625, 10244
1.7418107986450195, 10243
1.7428443431854248, 10242
1.7428443431854248, 10241
1.743837594985962, 10240
1.743837594985962, 10239
1.7448372840881348, 10238
1.7448372840881348, 10237
1.746798038482666, 10236
1.7477951049804688, 10235
1.7477951049804688, 10234
1.7487919330596924, 10233
1.7487919330596924, 10232
1.749915599822998, 10231
1.7509455680847168, 10230
1.7509455680847168, 10229
1.7519423961639404, 10228
1.7519423961639404, 10227
1.752943992614746, 10226
1.752943992614746, 10225
1.7539057731628418, 10224
1.7539057731628418, 10223
1.7549350261688232, 10222
1.755899429321289, 10221
1.755899429321289, 10220
1.7570021152496338, 10219
1.7570021152496338, 10218
1.758033037185669, 10217
1.758033037185669, 10216
1.7590289115905762, 10215
1.7590289115905762, 10214
1.7600300312042236, 10213
1.7600300312042236, 10212
1.7620213031768799, 10211
1.7620213031768799, 10210
1.7630200386047363, 10209
1.7630200386047363, 10208
1.7640156745910645, 10207
1.7640156745910645, 10206
1.765089750289917, 10205
1.765089750289917, 10204
1.7661194801330566, 10203
1.7661194801330566, 10202
1.767085075378418, 10201
1.767085075378418, 10200
1.7681145668029785, 10199
1.7681145668029785, 10198
1.7691149711608887, 10197
1.7691149711608887, 10196
1.7701091766357422, 10195
1.7711071968078613, 10194
1.7711071968078613, 10193
1.772101879119873, 10192
1.772101879119873, 10191
1.7731008529663086, 10190
1.7731008529663086, 10189
1.7740983963012695, 10188
1.7740983963012695, 10187
1.775099754333496, 10186
1.775099754333496, 10185
1.7760610580444336, 10184
1.77705979347229, 10183
1.7780570983886719, 10182
1.7790539264678955, 10181
1.7800514698028564, 10180
1.7810485363006592, 10179
1.7821743488311768, 10178
1.784170389175415, 10177
1.7851676940917969, 10176
1.7861647605895996, 10175
1.7871625423431396, 10174
1.7891578674316406, 10173
1.7903587818145752, 10172
1.791356086730957, 10171
1.791356086730957, 10170
1.792353630065918, 10169
1.793351650238037, 10168
1.793351650238037, 10167
1.7953453063964844, 10166
1.7953453063964844, 10165
1.7963426113128662, 10164
1.797489881515503, 10163
1.7994861602783203, 10162
1.8004834651947021, 10161
1.801480770111084, 10160
1.8024780750274658, 10159
1.804473638534546, 10158
1.8056576251983643, 10157
1.8066565990447998, 10156
1.8066565990447998, 10155
1.8076870441436768, 10154
1.8076870441436768, 10153
1.808682918548584, 10152
1.8096802234649658, 10151
1.8096802234649658, 10150
1.8106739521026611, 10149
1.8106739521026611, 10148
1.811673641204834, 10147
1.811673641204834, 10146
1.8126394748687744, 10145
1.8126394748687744, 10144
1.8136382102966309, 10143
1.8146660327911377, 10142
1.8146660327911377, 10141
1.8156661987304688, 10140
1.8156661987304688, 10139
1.8166286945343018, 10138
1.8166286945343018, 10137
1.8176581859588623, 10136
1.8176581859588623, 10135
1.8186523914337158, 10134
1.8186523914337158, 10133
1.8196206092834473, 10132
1.8196206092834473, 10131
1.8206501007080078, 10130
1.8206501007080078, 10129
1.8217639923095703, 10128
1.8217639923095703, 10127
1.8227918148040771, 10126
1.8227918148040771, 10125
1.8237910270690918, 10124
1.8257699012756348, 10123
1.8257699012756348, 10122
1.8267858028411865, 10121
1.827782392501831, 10120
1.827782392501831, 10119
1.8287465572357178, 10118
1.8287465572357178, 10117
1.8298614025115967, 10116
1.8298614025115967, 10115
1.8308603763580322, 10114
1.8308603763580322, 10113
1.8318889141082764, 10112
1.8318889141082764, 10111
1.832888126373291, 10110
1.832888126373291, 10109
1.833885908126831, 10108
1.8348805904388428, 10107
1.8348805904388428, 10106
1.8358778953552246, 10105
1.8358778953552246, 10104
1.8369507789611816, 10103
1.8369507789611816, 10102
1.8379783630371094, 10101
1.8379783630371094, 10100
1.8389472961425781, 10099
1.8399767875671387, 10098
1.8399767875671387, 10097
1.8409771919250488, 10096
1.8409771919250488, 10095
1.8419623374938965, 10094
1.8419623374938965, 10093
1.842975378036499, 10092
1.842975378036499, 10091
1.8439655303955078, 10090
1.8439655303955078, 10089
1.8450446128845215, 10088
1.8450446128845215, 10087
1.846074104309082, 10086
1.846074104309082, 10085
1.8470733165740967, 10084
1.8480701446533203, 10083
1.8480701446533203, 10082
1.8490662574768066, 10081
1.8490662574768066, 10080
1.850064992904663, 10079
1.850064992904663, 10078
1.851029396057129, 10077
1.851029396057129, 10076
1.8520607948303223, 10075
1.8520607948303223, 10074
1.8530552387237549, 10073
1.8530552387237549, 10072
1.8540534973144531, 10071
1.8540534973144531, 10070
1.8550519943237305, 10069
1.856048345565796, 10068
1.856048345565796, 10067
1.8570444583892822, 10066
1.8570444583892822, 10065
1.858043909072876, 10064
1.858043909072876, 10063
1.8590083122253418, 10062
1.8600373268127441, 10061
1.8600373268127441, 10060
1.8610341548919678, 10059
1.8610341548919678, 10058
1.8621220588684082, 10057
1.8621220588684082, 10056
1.8631541728973389, 10055
1.8631541728973389, 10054
1.8641173839569092, 10053
1.8641173839569092, 10052
1.8651463985443115, 10051
1.8651463985443115, 10050
1.8661410808563232, 10049
1.8661410808563232, 10048
1.8671422004699707, 10047
1.8671422004699707, 10046
1.8681299686431885, 10045
1.8681299686431885, 10044
1.8692076206207275, 10043
1.8692076206207275, 10042
1.8702354431152344, 10041
1.871203899383545, 10040
1.871203899383545, 10039
1.872232437133789, 10038
1.872232437133789, 10037
1.8732333183288574, 10036
1.8732333183288574, 10035
1.8742268085479736, 10034
1.8742268085479736, 10033
1.8752264976501465, 10032
1.876267671585083, 10031
1.8763127326965332, 10030
1.8763127326965332, 10029
1.8773410320281982, 10028
1.8773410320281982, 10027
1.8783411979675293, 10026
1.8793368339538574, 10025
1.8793368339538574, 10024
1.8803026676177979, 10023
1.8803026676177979, 10022
1.881328821182251, 10021
1.881328821182251, 10020
1.8823277950286865, 10019
1.8823277950286865, 10018
1.8833258152008057, 10017
1.8833258152008057, 10016
1.8843979835510254, 10015
1.8843979835510254, 10014
1.8854258060455322, 10013
1.8863933086395264, 10012
1.8863933086395264, 10011
1.8863933086395264, 10010
1.8874223232269287, 10009
1.8884227275848389, 10008
1.8884227275848389, 10007
1.8894166946411133, 10006
1.8894166946411133, 10005
1.8904163837432861, 10004
1.8904163837432861, 10003
1.891411542892456, 10002
1.891411542892456, 10001
1.892409086227417, 10000
1.8934047222137451, 9999
1.8934047222137451, 9998
1.8944032192230225, 9997
1.8944032192230225, 9996
1.895369529724121, 9995
1.895369529724121, 9994
1.8964011669158936, 9993
1.8973956108093262, 9992
1.8973956108093262, 9991
1.898395299911499, 9990
1.898395299911499, 9989
1.8993899822235107, 9988
1.8993899822235107, 9987
1.9003870487213135, 9986
1.9003870487213135, 9985
1.9014866352081299, 9984
1.9024839401245117, 9983
1.9045121669769287, 9982
1.9045121669769287, 9981
1.9054765701293945, 9980
1.9054765701293945, 9979
1.9065032005310059, 9978
1.9065032005310059, 9977
1.9075026512145996, 9976
1.9075026512145996, 9975
1.9087278842926025, 9974
1.9087278842926025, 9973
1.9097585678100586, 9972
1.9117209911346436, 9971
1.9137177467346191, 9970
1.9615890979766846, 9969
1.9645800590515137, 9968
1.9665749073028564, 9967
1.9725570678710938, 9966
1.9745526313781738, 9965
1.9765479564666748, 9964
1.9775454998016357, 9963
1.9795396327972412, 9962
1.9805371761322021, 9961
1.9815342426300049, 9960
1.9835290908813477, 9959
1.9845263957977295, 9958
1.9885151386260986, 9957
1.9915080070495605, 9956
1.9945001602172852, 9955
1.9964964389801025, 9954
1.9984896183013916, 9953
2.001481771469116, 9952
2.0044734477996826, 9951
2.006467819213867, 9950
2.0074656009674072, 9949
2.0104570388793945, 9948
2.013458490371704, 9947
2.0164413452148438, 9946
2.0184361934661865, 9945
2.019434928894043, 9944
2.022430419921875, 9943
2.024419069290161, 9942
2.0264177322387695, 9941
2.029406785964966, 9940
2.030406951904297, 9939
2.0314035415649414, 9938
2.0314035415649414, 9937
2.0354011058807373, 9936
2.037384510040283, 9935
2.039379358291626, 9934
2.041374444961548, 9933
2.041374444961548, 9932
2.0483663082122803, 9931
2.0503509044647217, 9930
2.052347421646118, 9929
2.053342580795288, 9928
2.054340362548828, 9927
2.054340362548828, 9926
2.058408260345459, 9925
2.066307306289673, 9924
2.067307233810425, 9923
2.069300651550293, 9922
2.070295810699463, 9921
2.0723235607147217, 9920
2.074288845062256, 9919
2.0752832889556885, 9918
2.0763165950775146, 9917
2.0773122310638428, 9916
2.0773122310638428, 9915
2.0783073902130127, 9914
2.0783073902130127, 9913
2.0792737007141113, 9912
2.0792737007141113, 9911
2.0802693367004395, 9910
2.0802693367004395, 9909
2.081266403198242, 9908
2.0822649002075195, 9907
2.0822649002075195, 9906
2.0832619667053223, 9905
2.084259033203125, 9904
2.084259033203125, 9903
2.0852560997009277, 9902
2.0852560997009277, 9901
2.086254119873047, 9900
2.086254119873047, 9899
2.0872507095336914, 9898
2.0872507095336914, 9897
2.088247776031494, 9896
2.088247776031494, 9895
2.0892462730407715, 9894
2.0902435779571533, 9893
2.0902435779571533, 9892
2.0912399291992188, 9891
2.0912399291992188, 9890
2.092237710952759, 9889
2.093235969543457, 9888
2.093235969543457, 9887
2.0942325592041016, 9886
2.0942325592041016, 9885
2.0952296257019043, 9884
2.0952296257019043, 9883
2.096226692199707, 9882
2.096226692199707, 9881
2.097224712371826, 9880
2.097224712371826, 9879
2.098222255706787, 9878
2.0992188453674316, 9877
2.0992188453674316, 9876
2.1002161502838135, 9875
2.1002161502838135, 9874
2.101213216781616, 9873
2.101213216781616, 9872
2.1022112369537354, 9871
2.1022112369537354, 9870
2.103208065032959, 9869
2.103208065032959, 9868
2.104206085205078, 9867
2.105203151702881, 9866
2.1071979999542236, 9865
2.1071979999542236, 9864
2.108201742172241, 9863
2.1091933250427246, 9862
2.11018967628479, 9861
2.11018967628479, 9860
2.1111867427825928, 9859
2.114189863204956, 9858
2.114189863204956, 9857
2.1151769161224365, 9856
2.1151769161224365, 9855
2.11617374420166, 9854
2.1172714233398438, 9853
2.1172714233398438, 9852
2.1182687282562256, 9851
2.1182687282562256, 9850
2.1192665100097656, 9849
2.1192665100097656, 9848
2.1212618350982666, 9847
2.1222593784332275, 9846
2.123258352279663, 9845
2.124253273010254, 9844
2.124253273010254, 9843
2.1252503395080566, 9842
2.1262481212615967, 9841
2.1282429695129395, 9840
2.1282429695129395, 9839
2.129242181777954, 9838
2.1302390098571777, 9837
2.1312708854675293, 9836
2.1322646141052246, 9835
2.1322646141052246, 9834
2.1332309246063232, 9833
2.1342267990112305, 9832
2.1342267990112305, 9831
2.1352570056915283, 9830
2.1352570056915283, 9829
2.1362221240997314, 9828
2.1362221240997314, 9827
2.1372547149658203, 9826
2.1372547149658203, 9825
2.138216257095337, 9824
2.1392483711242676, 9823
2.1392483711242676, 9822
2.140242576599121, 9821
2.140242576599121, 9820
2.1412410736083984, 9819
2.142235279083252, 9818
2.142235279083252, 9817
2.143235445022583, 9816
2.143235445022583, 9815
2.144200325012207, 9814
2.145233154296875, 9813
2.145233154296875, 9812
2.146228551864624, 9811
2.146228551864624, 9810
2.147230625152588, 9809
2.147230625152588, 9808
2.148221254348755, 9807
2.148221254348755, 9806
2.149219512939453, 9805
2.149219512939453, 9804
2.1502137184143066, 9803
2.151182174682617, 9802
2.151182174682617, 9801
2.1522109508514404, 9800
2.1522109508514404, 9799
2.153212070465088, 9798
2.153212070465088, 9797
2.154205560684204, 9796
2.154205560684204, 9795
2.1552071571350098, 9794
2.1552071571350098, 9793
2.156168222427368, 9792
2.1571977138519287, 9791
2.1571977138519287, 9790
2.1581926345825195, 9789
2.1591601371765137, 9788
2.1601898670196533, 9787
2.1601898670196533, 9786
2.1611907482147217, 9785
2.1611907482147217, 9784
2.162160634994507, 9783
2.162160634994507, 9782
2.1631836891174316, 9781
2.164146900177002, 9780
2.164146900177002, 9779
2.165388345718384, 9778
2.165388345718384, 9777
2.1664183139801025, 9776
2.1664183139801025, 9775
2.1674153804779053, 9774
2.1674153804779053, 9773
2.168412446975708, 9772
2.168412446975708, 9771
2.169415235519409, 9770
2.169415235519409, 9769
2.170407295227051, 9768
2.1713733673095703, 9767
2.1713733673095703, 9766
2.1724019050598145, 9765
2.1724019050598145, 9764
2.173402786254883, 9763
2.173402786254883, 9762
2.1743969917297363, 9761
2.1743969917297363, 9760
2.175393581390381, 9759
2.175393581390381, 9758
2.1763923168182373, 9757
2.1773569583892822, 9756
2.1773569583892822, 9755
2.178389072418213, 9754
2.178389072418213, 9753
2.179351568222046, 9752
2.179351568222046, 9751
2.1803781986236572, 9750
2.1803781986236572, 9749
2.1815342903137207, 9748
2.1815342903137207, 9747
2.1825664043426514, 9746
2.1825664043426514, 9745
2.1835625171661377, 9744
2.1835625171661377, 9743
2.1845293045043945, 9742
2.1855556964874268, 9741
2.1855556964874268, 9740
2.186553716659546, 9739
2.186553716659546, 9738
2.1875486373901367, 9737
2.1875486373901367, 9736
2.1886186599731445, 9735
2.1886186599731445, 9734
2.1896166801452637, 9733
2.1896166801452637, 9732
2.190645933151245, 9731
2.190645933151245, 9730
2.1916451454162598, 9729
2.1916451454162598, 9728
2.1926097869873047, 9727
2.193638324737549, 9726
2.194636583328247, 9725
2.194636583328247, 9724
2.198084831237793, 9723
2.199587821960449, 9722
2.199587821960449, 9721
2.20058536529541, 9720
2.2015817165374756, 9719
2.2035765647888184, 9718
2.2045743465423584, 9717
2.2045743465423584, 9716
2.2056796550750732, 9715
2.206678628921509, 9714
2.2076756954193115, 9713
2.2086727619171143, 9712
2.2096707820892334, 9711
2.2096707820892334, 9710
2.210670232772827, 9709
2.210670232772827, 9708
2.2126619815826416, 9707
2.2126619815826416, 9706
2.2136600017547607, 9705
2.2146570682525635, 9704
2.215654134750366, 9703
2.217649459838867, 9702
2.218646287918091, 9701
2.2196433544158936, 9700
2.2206408977508545, 9699
2.222240924835205, 9698
2.2232420444488525, 9697
2.2242393493652344, 9696
2.2252371311187744, 9695
2.2262349128723145, 9694
2.2262349128723145, 9693
2.227231979370117, 9692
2.22822904586792, 9691
2.2302238941192627, 9690
2.2302238941192627, 9689
2.2312207221984863, 9688
2.2322182655334473, 9687
2.234212875366211, 9686
2.235210418701172, 9685
2.2362074851989746, 9684
2.2372047901153564, 9683
2.239199638366699, 9682
2.24019718170166, 9681
2.241194248199463, 9680
2.241194248199463, 9679
2.242191791534424, 9678
2.243189811706543, 9677
2.2441868782043457, 9676
2.245269536972046, 9675
2.2462685108184814, 9674
2.2472658157348633, 9673
2.248263120651245, 9672
2.249260663986206, 9671
2.2512547969818115, 9670
2.2522523403167725, 9669
2.2532496452331543, 9668
2.254246950149536, 9667
2.2562427520751953, 9666
2.2562427520751953, 9665
2.2572386264801025, 9664
2.2592339515686035, 9663
2.2592339515686035, 9662
2.2602312564849854, 9661
2.2613587379455566, 9660
2.2623581886291504, 9659
2.2633564472198486, 9658
2.2643520832061768, 9657
2.2643520832061768, 9656
2.2653493881225586, 9655
2.266347885131836, 9654
2.2693393230438232, 9653
2.2693393230438232, 9652
2.2703356742858887, 9651
2.271331548690796, 9650
2.271331548690796, 9649
2.272329568862915, 9648
2.272329568862915, 9647
2.2733263969421387, 9646
2.2743241786956787, 9645
2.2743241786956787, 9644
2.2773184776306152, 9643
2.278315305709839, 9642
2.278315305709839, 9641
2.2793121337890625, 9640
2.281308889389038, 9639
2.2823047637939453, 9638
2.2833030223846436, 9637
2.284299612045288, 9636
2.285297393798828, 9635
2.286294937133789, 9634
2.2882888317108154, 9633
2.2892866134643555, 9632
2.290281295776367, 9631
2.293274402618408, 9630
2.294273614883423, 9629
2.296297550201416, 9628
2.296297550201416, 9627
2.297264814376831, 9626
2.298259973526001, 9625
2.298259973526001, 9624
2.3002567291259766, 9623
2.3002567291259766, 9622
2.301252603530884, 9621
2.3022494316101074, 9620
2.3022494316101074, 9619
2.3032469749450684, 9618
2.3032469749450684, 9617
2.304243564605713, 9616
2.305243492126465, 9615
2.306239604949951, 9614
2.3083720207214355, 9613
2.3103692531585693, 9612
2.313359260559082, 9611
2.3153553009033203, 9610
2.3173553943634033, 9609
2.3193445205688477, 9608
2.320340394973755, 9607
2.321338415145874, 9606
2.3223366737365723, 9605
2.3223366737365723, 9604
2.3243296146392822, 9603
2.3243296146392822, 9602
2.326422929763794, 9601
2.327420234680176, 9600
2.3314096927642822, 9599
2.3334059715270996, 9598
2.334401845932007, 9597
2.335400104522705, 9596
2.336397647857666, 9595
2.3374013900756836, 9594
2.3374013900756836, 9593
2.338392496109009, 9592
2.338392496109009, 9591
2.339388132095337, 9590
2.3423891067504883, 9589
2.3463692665100098, 9588
2.3463692665100098, 9587
2.3473665714263916, 9586
2.351362705230713, 9585
2.352355480194092, 9584
2.3543519973754883, 9583
2.356344699859619, 9582
2.3573410511016846, 9581
2.360342264175415, 9580
2.364321708679199, 9579
2.369314432144165, 9578
2.3713059425354004, 9577
2.3732967376708984, 9576
2.374293565750122, 9575
2.374293565750122, 9574
2.3752920627593994, 9573
2.3772971630096436, 9572
2.3792805671691895, 9571
2.3842761516571045, 9570
2.3882577419281006, 9569
2.390251398086548, 9568
2.3932442665100098, 9567
2.396235704421997, 9566
2.401235342025757, 9565
2.40521240234375, 9564
2.406209945678711, 9563
2.4072065353393555, 9562
2.408203363418579, 9561
2.4111990928649902, 9560
2.4131903648376465, 9559
2.4161834716796875, 9558
2.420201063156128, 9557
2.4221670627593994, 9556
2.423165798187256, 9555
2.4241626262664795, 9554
2.4261555671691895, 9553
2.42816162109375, 9552
2.431142807006836, 9551
2.435150146484375, 9550
2.4391212463378906, 9549
2.4411165714263916, 9548
2.4431111812591553, 9547
2.447099208831787, 9546
2.4490952491760254, 9545
2.45009183883667, 9544
2.4550793170928955, 9543
2.45707368850708, 9542
2.458071708679199, 9541
2.458071708679199, 9540
2.461063861846924, 9539
2.4630582332611084, 9538
2.466049909591675, 9537
2.4700465202331543, 9536
2.4730310440063477, 9535
2.4730310440063477, 9534
2.4740285873413086, 9533
2.475025177001953, 9532
2.475025177001953, 9531
2.478017568588257, 9530
2.4800119400024414, 9529
2.483004331588745, 9528
2.4840025901794434, 9527
2.484999179840088, 9526
2.488004207611084, 9525
2.489985466003418, 9524
2.4909822940826416, 9523
2.4919793605804443, 9522
2.493985414505005, 9521
2.495968818664551, 9520
2.4999585151672363, 9519
2.5009591579437256, 9518
2.5019547939300537, 9517
2.5049564838409424, 9516
2.505943536758423, 9515
2.506938934326172, 9514
2.506938934326172, 9513
2.5079360008239746, 9512
2.5079360008239746, 9511
2.5109286308288574, 9510
2.5129294395446777, 9509
2.5159168243408203, 9508
2.517916202545166, 9507
2.521909713745117, 9506
2.5238943099975586, 9505
2.5278940200805664, 9504
2.5308821201324463, 9503
2.5318758487701416, 9502
2.5348668098449707, 9501
2.5388553142547607, 9500
2.540848970413208, 9499
2.5438549518585205, 9498
2.545835256576538, 9497
2.548833131790161, 9496
2.5518336296081543, 9495
2.554812431335449, 9494
2.5558080673217773, 9493
2.5558080673217773, 9492
2.556805372238159, 9491
2.556805372238159, 9490
2.557804822921753, 9489
2.5588035583496094, 9488
2.560809373855591, 9487
2.5618062019348145, 9486
2.5657896995544434, 9485
2.566779375076294, 9484
2.568774938583374, 9483
2.5707693099975586, 9482
2.5707693099975586, 9481
2.571765899658203, 9480
2.571765899658203, 9479
2.5727627277374268, 9478
2.5727627277374268, 9477
2.5737600326538086, 9476
2.5747573375701904, 9475
2.5747573375701904, 9474
2.577751874923706, 9473
2.577751874923706, 9472
2.578752279281616, 9471
2.583735466003418, 9470
2.5857293605804443, 9469
2.5867271423339844, 9468
2.5877232551574707, 9467
2.5877232551574707, 9466
2.5887200832366943, 9465
2.5897181034088135, 9464
2.5897181034088135, 9463
2.5907156467437744, 9462
2.5907156467437744, 9461
2.59171199798584, 9460
2.5937254428863525, 9459
2.595703125, 9458
2.59970760345459, 9457
2.601689100265503, 9456
2.6036806106567383, 9455
2.60467791557312, 9454
2.605674982070923, 9453
2.605674982070923, 9452
2.6066722869873047, 9451
2.6066722869873047, 9450
2.6076691150665283, 9449
2.6086666584014893, 9448
2.609668016433716, 9447
2.6116597652435303, 9446
2.6146693229675293, 9445
2.6176443099975586, 9444
2.619637966156006, 9443
2.620636463165283, 9442
2.6216323375701904, 9441
2.622629404067993, 9440
2.622629404067993, 9439
2.6236279010772705, 9438
2.6236279010772705, 9437
2.624624252319336, 9436
2.624624252319336, 9435
2.6266565322875977, 9434
2.62961483001709, 9433
2.6336090564727783, 9432
2.634598731994629, 9431
2.6365928649902344, 9430
2.6365928649902344, 9429
2.637589931488037, 9428
2.637589931488037, 9427
2.638587474822998, 9426
2.638587474822998, 9425
2.6395840644836426, 9424
2.6395840644836426, 9423
2.6405811309814453, 9422
2.6405811309814453, 9421
2.6415791511535645, 9420
2.6436240673065186, 9419
2.644571542739868, 9418
2.644571542739868, 9417
2.6475884914398193, 9416
2.6485610008239746, 9415
2.6485610008239746, 9414
2.6495583057403564, 9413
2.6495583057403564, 9412
2.653017520904541, 9411
2.6545462608337402, 9410
2.6565401554107666, 9409
2.6565401554107666, 9408
2.657536268234253, 9407
2.658534526824951, 9406
2.659532308578491, 9405
2.661527156829834, 9404
2.661527156829834, 9403
2.6625237464904785, 9402
2.6625237464904785, 9401
2.6635208129882812, 9400
2.665515422821045, 9399
2.6665124893188477, 9398
2.6675102710723877, 9397
2.668506383895874, 9396
2.6705024242401123, 9395
2.6705024242401123, 9394
2.671499490737915, 9393
2.671499490737915, 9392
2.672496795654297, 9391
2.672496795654297, 9390
2.6734938621520996, 9389
2.674492597579956, 9388
2.675489902496338, 9387
2.6764862537384033, 9386
2.6775736808776855, 9385
2.6775736808776855, 9384
2.6785712242126465, 9383
2.6785712242126465, 9382
2.679569721221924, 9381
2.68056583404541, 9380
2.68056583404541, 9379
2.681562662124634, 9378
2.681562662124634, 9377
2.6825599670410156, 9376
2.6825599670410156, 9375
2.6835577487945557, 9374
2.6845550537109375, 9373
2.6845550537109375, 9372
2.685645580291748, 9371
2.685645580291748, 9370
2.6866445541381836, 9369
2.6866445541381836, 9368
2.6876413822174072, 9367
2.6876413822174072, 9366
2.68863844871521, 9365
2.68863844871521, 9364
2.689635753631592, 9363
2.689635753631592, 9362
2.6906330585479736, 9361
2.6906330585479736, 9360
2.6916303634643555, 9359
2.692628860473633, 9358
2.692628860473633, 9357
2.693627119064331, 9356
2.693627119064331, 9355
2.69462251663208, 9354
2.69462251663208, 9353
2.695619821548462, 9352
2.695619821548462, 9351
2.6966171264648438, 9350
2.6966171264648438, 9349
2.6976141929626465, 9348
2.6976141929626465, 9347
2.6986114978790283, 9346
2.6986114978790283, 9345
2.6996095180511475, 9344
2.700606346130371, 9343
2.700606346130371, 9342
2.701693534851074, 9341
2.701693534851074, 9340
2.7026917934417725, 9339
2.7026917934417725, 9338
2.7036890983581543, 9337
2.7036890983581543, 9336
2.7046868801116943, 9335
2.7046868801116943, 9334
2.705683469772339, 9333
2.705683469772339, 9332
2.7066802978515625, 9331
2.7066802978515625, 9330
2.707679033279419, 9329
2.707679033279419, 9328
2.709754228591919, 9327
2.709754228591919, 9326
2.710752487182617, 9325
2.710752487182617, 9324
2.710752487182617, 9323
2.711749792098999, 9322
2.711749792098999, 9321
2.7127466201782227, 9320
2.7127466201782227, 9319
2.7137441635131836, 9318
2.71474289894104, 9317
2.71474289894104, 9316
2.7157411575317383, 9315
2.7157411575317383, 9314
2.7167370319366455, 9313
2.7167370319366455, 9312
2.717824697494507, 9311
2.717824697494507, 9310
2.718822479248047, 9309
2.718822479248047, 9308
2.7198197841644287, 9307
2.7198197841644287, 9306
2.7208168506622314, 9305
2.7208168506622314, 9304
2.7218143939971924, 9303
2.7218143939971924, 9302
2.722811698913574, 9301
2.722811698913574, 9300
2.7238101959228516, 9299
2.7238101959228516, 9298
2.724807024002075, 9297
2.7258048057556152, 9296
2.7258827686309814, 9295
2.7268800735473633, 9294
2.727879285812378, 9293
2.727879285812378, 9292
2.7288758754730225, 9291
2.729872465133667, 9290
2.7308690547943115, 9289
2.7328646183013916, 9288
2.733863592147827, 9287
2.734860420227051, 9286
2.7358577251434326, 9285
2.7368547916412354, 9284
2.7368547916412354, 9283
2.7388498783111572, 9282
2.73984694480896, 9281
2.740844249725342, 9280
2.7419400215148926, 9279
2.7429397106170654, 9278
2.7449331283569336, 9277
2.745929479598999, 9276
2.7479236125946045, 9275
2.7489206790924072, 9274
2.749920129776001, 9273
2.750917673110962, 9272
2.7519145011901855, 9271
2.7529122829437256, 9270
2.7539095878601074, 9269
2.75490665435791, 9268
2.755903720855713, 9267
2.756901502609253, 9266
2.757986307144165, 9265
2.758985996246338, 9264
2.7609801292419434, 9263
2.7619776725769043, 9262
2.7619776725769043, 9261
2.762974262237549, 9260
2.7639715671539307, 9259
2.7649691104888916, 9258
2.76605224609375, 9257
2.7670509815216064, 9256
2.768048048019409, 9255
2.76904559135437, 9254
2.76904559135437, 9253
2.7710399627685547, 9252
2.7720375061035156, 9251
2.7730348110198975, 9250
2.7740318775177, 9249
2.7750296592712402, 9248
2.777024745941162, 9247
2.778022527694702, 9246
2.778022527694702, 9245
2.7790191173553467, 9244
2.7790191173553467, 9243
2.7800161838531494, 9242
2.7810134887695312, 9241
2.7810134887695312, 9240
2.782139539718628, 9239
2.7831382751464844, 9238
2.785132884979248, 9237
2.786130666732788, 9236
2.7871272563934326, 9235
2.7881247997283936, 9234
2.7891221046447754, 9233
2.7902283668518066, 9232
2.7922229766845703, 9231
2.7932217121124268, 9230
2.7942190170288086, 9229
2.7952165603637695, 9228
2.7962117195129395, 9227
2.7973217964172363, 9226
2.798321008682251, 9225
2.799318313598633, 9224
2.8003153800964355, 9223
2.8013126850128174, 9222
2.8013126850128174, 9221
2.802309989929199, 9220
2.804304599761963, 9219
2.805579900741577, 9218
2.805579900741577, 9217
2.806579113006592, 9216
2.8075761795043945, 9215
2.8085732460021973, 9214
2.8085732460021973, 9213
2.8095738887786865, 9212
2.8095738887786865, 9211
2.8105669021606445, 9210
2.8105669021606445, 9209
2.8115644454956055, 9208
2.8115644454956055, 9207
2.8125617504119873, 9206
2.8135602474212646, 9205
2.8135602474212646, 9204
2.8145558834075928, 9203
2.8145558834075928, 9202
2.8155534267425537, 9201
2.8155534267425537, 9200
2.8155534267425537, 9199
2.8165507316589355, 9198
2.8165507316589355, 9197
2.8175480365753174, 9196
2.8175480365753174, 9195
2.81854510307312, 9194
2.81854510307312, 9193
2.81954288482666, 9192
2.81954288482666, 9191
2.820542097091675, 9190
2.820542097091675, 9189
2.821621894836426, 9188
2.821621894836426, 9187
2.822619915008545, 9186
2.822619915008545, 9185
2.823617458343506, 9184
2.823617458343506, 9183
2.8246147632598877, 9182
2.8246147632598877, 9181
2.825613021850586, 9180
2.8266091346740723, 9179
2.8266091346740723, 9178
2.8276054859161377, 9177
2.8276054859161377, 9176
2.8286044597625732, 9175
2.8286044597625732, 9174
2.8296902179718018, 9173
2.8296902179718018, 9172
2.831686019897461, 9171
2.831686019897461, 9170
2.8326830863952637, 9169
2.8326830863952637, 9168
2.8336799144744873, 9167
2.8336799144744873, 9166
2.83467698097229, 9165
2.83467698097229, 9164
2.8356738090515137, 9163
2.8356738090515137, 9162
2.8366713523864746, 9161
2.8366713523864746, 9160
2.8378281593322754, 9159
2.838827133178711, 9158
2.8398241996765137, 9157
2.8398241996765137, 9156
2.8408203125, 9155
2.8408203125, 9154
2.841817617416382, 9153
2.84281587600708, 9152
2.84281587600708, 9151
2.8438127040863037, 9150
2.8438127040863037, 9149
2.8448095321655273, 9148
2.8448095321655273, 9147
2.845928192138672, 9146
2.8469269275665283, 9145
2.8469269275665283, 9144
2.847923517227173, 9143
2.847923517227173, 9142
2.8489208221435547, 9141
2.8489208221435547, 9140
2.8499181270599365, 9139
2.8499181270599365, 9138
2.850916624069214, 9137
2.850916624069214, 9136
2.8519127368927, 9135
2.8519127368927, 9134
2.852910041809082, 9133
2.8539083003997803, 9132
2.8539083003997803, 9131
2.854905128479004, 9130
2.854905128479004, 9129
2.854905128479004, 9128
2.8559038639068604, 9127
2.8559038639068604, 9126
2.8568997383117676, 9125
2.8568997383117676, 9124
2.8578975200653076, 9123
2.8588945865631104, 9122
2.8599188327789307, 9121
2.8599188327789307, 9120
2.8609187602996826, 9119
2.8609187602996826, 9118
2.8619132041931152, 9117
2.8619132041931152, 9116
2.86291766166687, 9115
2.86291766166687, 9114
2.863882541656494, 9113
2.863882541656494, 9112
2.864910125732422, 9111
2.864910125732422, 9110
2.865910768508911, 9109
2.865910768508911, 9108
2.8669087886810303, 9107
2.8669087886810303, 9106
2.8669087886810303, 9105
2.868868112564087, 9104
2.868868112564087, 9103
2.8699827194213867, 9102
2.8699827194213867, 9101
2.8710126876831055, 9100
2.8710126876831055, 9099
2.872007131576538, 9098
2.872007131576538, 9097
2.872974157333374, 9096
2.872974157333374, 9095
2.874004602432251, 9094
2.874004602432251, 9093
2.8750035762786865, 9092
2.875967264175415, 9091
2.875967264175415, 9090
2.875967264175415, 9089
2.877082109451294, 9088
2.877082109451294, 9087
2.878113269805908, 9086
2.878113269805908, 9085
2.8790764808654785, 9084
2.8790764808654785, 9083
2.8801064491271973, 9082
2.8801064491271973, 9081
2.8811051845550537, 9080
2.8811051845550537, 9079
2.8821022510528564, 9078
2.8821022510528564, 9077
2.883101224899292, 9076
2.883101224899292, 9075
2.88409686088562, 9074
2.88409686088562, 9073
2.8851840496063232, 9072
2.8851840496063232, 9071
2.8851840496063232, 9070
2.8862123489379883, 9069
2.8862123489379883, 9068
2.887212038040161, 9067
2.887212038040161, 9066
2.888209104537964, 9065
2.889207124710083, 9064
2.889207124710083, 9063
2.889207124710083, 9062
2.8902029991149902, 9061
2.8902029991149902, 9060
2.891200542449951, 9059
2.891200542449951, 9058
2.893195629119873, 9057
2.893195629119873, 9056
2.893195629119873, 9055
2.8941948413848877, 9054
2.8941948413848877, 9053
2.8951895236968994, 9052
2.8951895236968994, 9051
2.8961551189422607, 9050
2.8971540927886963, 9049
2.8981821537017822, 9048
2.8981821537017822, 9047
2.8991787433624268, 9046
2.900144100189209, 9045
2.900144100189209, 9044
2.9011738300323486, 9043
2.9011738300323486, 9042
2.902139186859131, 9041
2.902139186859131, 9040
2.902139186859131, 9039
2.9031689167022705, 9038
2.9041662216186523, 9037
2.9041662216186523, 9036
2.9041662216186523, 9035
2.9051640033721924, 9034
2.906160354614258, 9033
2.906160354614258, 9032
2.9071576595306396, 9031
2.9071576595306396, 9030
2.9071576595306396, 9029
2.908155679702759, 9028
2.909235954284668, 9027
2.909235954284668, 9026
2.9102683067321777, 9025
2.9102683067321777, 9024
2.9112329483032227, 9023
2.9112329483032227, 9022
2.912259817123413, 9021
2.912259817123413, 9020
2.9132261276245117, 9019
2.9132261276245117, 9018
2.914257287979126, 9017
2.914257287979126, 9016
2.915255308151245, 9015
2.915255308151245, 9014
2.915255308151245, 9013
2.9163317680358887, 9012
2.9163317680358887, 9011
2.917358636856079, 9010
2.917358636856079, 9009
2.91835880279541, 9008
2.91835880279541, 9007
2.9193577766418457, 9006
2.9193577766418457, 9005
2.920353412628174, 9004
2.920353412628174, 9003
2.921318769454956, 9002
2.921318769454956, 9001
2.9223477840423584, 9000
2.9223477840423584, 8999
2.9233455657958984, 8998
2.9233455657958984, 8997
2.9233455657958984, 8996
2.924586534500122, 8995
2.924586534500122, 8994
2.9255850315093994, 8993
2.92661452293396, 8992
2.92661452293396, 8991
2.9276130199432373, 8990
2.9276130199432373, 8989
2.9286084175109863, 8988
2.9286084175109863, 8987
2.9296083450317383, 8986
2.9296083450317383, 8985
2.9306037425994873, 8984
2.9316017627716064, 8983
2.9316017627716064, 8982
2.93259859085083, 8981
2.93259859085083, 8980
2.933563709259033, 8979
2.933563709259033, 8978
2.9345927238464355, 8977
2.9345927238464355, 8976
2.9345927238464355, 8975
2.9355902671813965, 8974
2.9355902671813965, 8973
2.93658709526062, 8972
2.93658709526062, 8971
2.937587022781372, 8970
2.937587022781372, 8969
2.938582181930542, 8968
2.938582181930542, 8967
2.939579486846924, 8966
2.939579486846924, 8965
2.940577268600464, 8964
2.940577268600464, 8963
2.9416589736938477, 8962
2.9416589736938477, 8961
2.9426894187927246, 8960
2.9426894187927246, 8959
2.9436545372009277, 8958
2.9436545372009277, 8957
2.94468355178833, 8956
2.94468355178833, 8955
2.9456803798675537, 8954
2.9456803798675537, 8953
2.946645736694336, 8952
2.947645902633667, 8951
2.9496703147888184, 8950
2.9506583213806152, 8949
2.9526617527008057, 8948
2.953660488128662, 8947
2.953660488128662, 8946
2.9546573162078857, 8945
2.9546573162078857, 8944
2.9556541442871094, 8943
2.9556541442871094, 8942
2.956651449203491, 8941
2.956651449203491, 8940
2.95861554145813, 8939
2.959642171859741, 8938
2.959642171859741, 8937
2.9606096744537354, 8936
2.9606096744537354, 8935
2.96160626411438, 8934
2.96160626411438, 8933
2.9626359939575195, 8932
2.9626359939575195, 8931
2.9646313190460205, 8930
2.965627670288086, 8929
2.9666249752044678, 8928
2.9686198234558105, 8927
2.969618320465088, 8926
2.9716122150421143, 8925
2.9716122150421143, 8924
2.972576379776001, 8923
2.972576379776001, 8922
2.9735732078552246, 8921
2.9735732078552246, 8920
2.9745707511901855, 8919
2.9745707511901855, 8918
2.976567506790161, 8917
2.977564811706543, 8916
2.9795916080474854, 8915
2.9805872440338135, 8914
2.98158597946167, 8913
2.983583450317383, 8912
2.984576940536499, 8911
2.9865753650665283, 8910
2.987570285797119, 8909
2.9895639419555664, 8908
2.9905624389648438, 8907
2.992526054382324, 8906
2.993523120880127, 8905
2.994520425796509, 8904
2.995516777038574, 8903
2.996514081954956, 8902
2.997511863708496, 8901
2.998509168624878, 8900
2.9995064735412598, 8899
3.000501871109009, 8898
3.000501871109009, 8897
3.00150203704834, 8896
3.0024988651275635, 8895
3.0024988651275635, 8894
3.003495216369629, 8893
3.005490779876709, 8892
3.006486415863037, 8891
3.0074832439422607, 8890
3.0074832439422607, 8889
3.0094845294952393, 8888
3.012469530105591, 8887
3.014464855194092, 8886
3.014464855194092, 8885
3.015462875366211, 8884
3.017457962036133, 8883
3.0194830894470215, 8882
3.0204668045043945, 8881
3.0214486122131348, 8880
3.023439884185791, 8879
3.024437665939331, 8878
3.026435613632202, 8877
3.028428077697754, 8876
3.0314199924468994, 8875
3.0324172973632812, 8874
3.0344114303588867, 8873
3.0344114303588867, 8872
3.0354082584381104, 8871
3.0354082584381104, 8870
3.036405086517334, 8869
3.036405086517334, 8868
3.037402391433716, 8867
3.0384011268615723, 8866
3.039401054382324, 8865
3.0434021949768066, 8864
3.0443851947784424, 8863
3.045381784439087, 8862
3.045381784439087, 8861
3.047377824783325, 8860
3.05037522315979, 8859
3.0513687133789062, 8858
3.05336332321167, 8857
3.05336332321167, 8856
3.0543601512908936, 8855
3.0543601512908936, 8854
3.055356740951538, 8853
3.055356740951538, 8852
3.05635404586792, 8851
3.0573556423187256, 8850
3.0623559951782227, 8849
3.064333200454712, 8848
3.066326379776001, 8847
3.069321870803833, 8846
3.07131290435791, 8845
3.0733110904693604, 8844
3.074308156967163, 8843
3.074308156967163, 8842
3.08030366897583, 8841
3.0822842121124268, 8840
3.0842783451080322, 8839
3.087271213531494, 8838
3.0882668495178223, 8837
3.089265823364258, 8836
3.090261936187744, 8835
3.091261863708496, 8834
3.091261863708496, 8833
3.094252109527588, 8832
3.0972628593444824, 8831
3.101233720779419, 8830
3.1022326946258545, 8829
3.1032304763793945, 8828
3.104224681854248, 8827
3.104224681854248, 8826
3.1052234172821045, 8825
3.10621976852417, 8824
3.10621976852417, 8823
3.1072161197662354, 8822
3.10821533203125, 8821
3.1092116832733154, 8820
3.1112101078033447, 8819
3.115201711654663, 8818
3.119185209274292, 8817
3.1201841831207275, 8816
3.121182441711426, 8815
3.122180461883545, 8814
3.123173952102661, 8813
3.124171495437622, 8812
3.1281635761260986, 8811
3.131173610687256, 8810
3.135141611099243, 8809
3.137138843536377, 8808
3.1391384601593018, 8807
3.140129327774048, 8806
3.142122507095337, 8805
3.145123243331909, 8804
3.145123243331909, 8803
3.1471173763275146, 8802
3.152097702026367, 8801
3.1540915966033936, 8800
3.1550896167755127, 8799
3.1560919284820557, 8798
3.1570823192596436, 8797
3.1570823192596436, 8796
3.1580824851989746, 8795
3.159078359603882, 8794
3.1610751152038574, 8793
3.163069725036621, 8792
3.167057752609253, 8791
3.1690526008605957, 8790
3.171046257019043, 8789
3.172043800354004, 8788
3.172043800354004, 8787
3.1730422973632812, 8786
3.1730422973632812, 8785
3.1740384101867676, 8784
3.1740384101867676, 8783
3.175034761428833, 8782
3.177031993865967, 8781
3.177031993865967, 8780
3.178027391433716, 8779
3.1810226440429688, 8778
3.1860084533691406, 8777
3.1880011558532715, 8776
3.188998222351074, 8775
3.189998149871826, 8774
3.189998149871826, 8773
3.190992593765259, 8772
3.190992593765259, 8771
3.1940035820007324, 8770
3.195981025695801, 8769
3.199981927871704, 8768
3.2029612064361572, 8767
3.2039644718170166, 8766
3.2049560546875, 8765
3.2059528827667236, 8764
3.2069509029388428, 8763
3.20794677734375, 8762
3.20794677734375, 8761
3.209951877593994, 8760
3.211937189102173, 8759
3.212935447692871, 8758
3.216933488845825, 8757
3.2199156284332275, 8756
3.221909761428833, 8755
3.221909761428833, 8754
3.2229065895080566, 8753
3.223904848098755, 8752
3.223904848098755, 8751
3.2249014377593994, 8750
3.2278995513916016, 8749
3.230886220932007, 8748
3.2358734607696533, 8747
3.2378716468811035, 8746
3.2388648986816406, 8745
3.2388648986816406, 8744
3.239861488342285, 8743
3.239861488342285, 8742
3.240858554840088, 8741
3.240858554840088, 8740
3.241856813430786, 8739
3.243852376937866, 8738
3.2448513507843018, 8737
3.2458462715148926, 8736
3.2468435764312744, 8735
3.2488391399383545, 8734
3.2528281211853027, 8733
3.2538251876831055, 8732
3.254822015762329, 8731
3.254822015762329, 8730
3.2558186054229736, 8729
3.2558186054229736, 8728
3.2568178176879883, 8727
3.2568178176879883, 8726
3.260805368423462, 8725
3.2628026008605957, 8724
3.2628026008605957, 8723
3.2638001441955566, 8722
3.2668018341064453, 8721
3.2697832584381104, 8720
3.271777391433716, 8719
3.2727739810943604, 8718
3.2727739810943604, 8717
3.2737717628479004, 8716
3.2737717628479004, 8715
3.2747678756713867, 8714
3.275766372680664, 8713
3.277761936187744, 8712
3.2817513942718506, 8711
3.284766674041748, 8710
3.2887325286865234, 8709
3.289728879928589, 8708
3.29172420501709, 8707
3.2947168350219727, 8706
3.2967100143432617, 8705
3.2997045516967773, 8704
3.300717353820801, 8703
3.3046884536743164, 8702
3.3046884536743164, 8701
3.30568528175354, 8700
3.30568528175354, 8699
3.3066837787628174, 8698
3.3066837787628174, 8697
3.3076798915863037, 8696
3.3076798915863037, 8695
3.308677911758423, 8694
3.310675621032715, 8693
3.3116707801818848, 8692
3.313664436340332, 8691
3.315659999847412, 8690
3.315659999847412, 8689
3.317657232284546, 8688
3.3206465244293213, 8687
3.3216440677642822, 8686
3.3216440677642822, 8685
3.3226406574249268, 8684
3.3226406574249268, 8683
3.3236372470855713, 8682
3.3236372470855713, 8681
3.324634552001953, 8680
3.324634552001953, 8679
3.326638698577881, 8678
3.3286242485046387, 8677
3.3306188583374023, 8676
3.3326144218444824, 8675
3.333610773086548, 8674
3.337616443634033, 8673
3.3385987281799316, 8672
3.3385987281799316, 8671
3.339594602584839, 8670
3.339594602584839, 8669
3.3405919075012207, 8668
3.3415892124176025, 8667
3.343599319458008, 8666
3.3445827960968018, 8665
3.3455793857574463, 8664
3.3465778827667236, 8663
3.3485710620880127, 8662
3.3495683670043945, 8661
3.355560541152954, 8660
3.3575546741485596, 8659
3.3585457801818848, 8658
3.3605473041534424, 8657
3.3635313510894775, 8656
3.3635313510894775, 8655
3.364528179168701, 8654
3.365525484085083, 8653
3.365525484085083, 8652
3.366523027420044, 8651
3.366523027420044, 8650
3.3675215244293213, 8649
3.3675215244293213, 8648
3.3685176372528076, 8647
3.3685176372528076, 8646
3.3705313205718994, 8645
3.3715097904205322, 8644
3.372509479522705, 8643
3.372509479522705, 8642
3.3735039234161377, 8641
3.3735039234161377, 8640
3.3735039234161377, 8639
3.3745012283325195, 8638
3.37650990486145, 8637
3.3774943351745605, 8636
3.3774943351745605, 8635
3.378490447998047, 8634
3.378490447998047, 8633
3.378490447998047, 8632
3.3794877529144287, 8631
3.380486488342285, 8630
3.380486488342285, 8629
3.3814826011657715, 8628
3.3824806213378906, 8627
3.3824806213378906, 8626
3.383477210998535, 8625
3.383477210998535, 8624
3.384474992752075, 8623
3.384474992752075, 8622
3.385471820831299, 8621
3.385471820831299, 8620
3.385471820831299, 8619
3.3864688873291016, 8618
3.3864688873291016, 8617
3.387467384338379, 8616
3.3884639739990234, 8615
3.3884639739990234, 8614
3.3884639739990234, 8613
3.389461040496826, 8612
3.389461040496826, 8611
3.3904590606689453, 8610
3.3904590606689453, 8609
3.39145565032959, 8608
3.392454147338867, 8607
3.3934507369995117, 8606
3.3934507369995117, 8605
3.39444899559021, 8604
3.3954455852508545, 8603
3.3954455852508545, 8602
3.396442413330078, 8601
3.3974404335021973, 8600
3.3974404335021973, 8599
3.3984382152557373, 8598
3.3984382152557373, 8597
3.399434804916382, 8596
3.399434804916382, 8595
3.4004318714141846, 8594
3.4014315605163574, 8593
3.4024269580841064, 8592
3.4024269580841064, 8591
3.40342378616333, 8590
3.40342378616333, 8589
3.404420852661133, 8588
3.404420852661133, 8587
3.405418634414673, 8586
3.405418634414673, 8585
3.405418634414673, 8584
3.406416177749634, 8583
3.406416177749634, 8582
3.4074130058288574, 8581
3.4084105491638184, 8580
3.4084105491638184, 8579
3.409409523010254, 8578
3.409409523010254, 8577
3.410405397415161, 8576
3.410405397415161, 8575
3.411402463912964, 8574
3.411402463912964, 8573
3.4123997688293457, 8572
3.413398504257202, 8571
3.4143948554992676, 8570
3.4153945446014404, 8569
3.4163904190063477, 8568
3.4163904190063477, 8567
3.4173872470855713, 8566
3.4173872470855713, 8565
3.418384552001953, 8564
3.419381856918335, 8563
3.4203789234161377, 8562
3.4213762283325195, 8561
3.4233717918395996, 8560
3.4233717918395996, 8559
3.4243688583374023, 8558
3.4253664016723633, 8557
3.4253664016723633, 8556
3.426363468170166, 8555
3.4273602962493896, 8554
3.428358554840088, 8553
3.4293553829193115, 8552
3.4303529262542725, 8551
3.431349754333496, 8550
3.433344602584839, 8549
3.4343421459198, 8548
3.4343421459198, 8547
3.4353387355804443, 8546
3.4353387355804443, 8545
3.4353387355804443, 8544
3.4363362789154053, 8543
3.437333822250366, 8542
3.438331127166748, 8541
3.438331127166748, 8540
3.4403257369995117, 8539
3.4413228034973145, 8538
3.4413228034973145, 8537
3.4423208236694336, 8536
3.4423208236694336, 8535
3.4433178901672363, 8534
3.4453136920928955, 8533
3.446629524230957, 8532
3.4476261138916016, 8531
3.4486241340637207, 8530
3.4486241340637207, 8529
3.449620246887207, 8528
3.449620246887207, 8527
3.450618028640747, 8526
3.450618028640747, 8525
3.45161509513855, 8524
3.45161509513855, 8523
3.4526121616363525, 8522
3.4526121616363525, 8521
3.4536094665527344, 8520
3.4536094665527344, 8519
3.4546070098876953, 8518
3.4546070098876953, 8517
3.455604314804077, 8516
3.455604314804077, 8515
3.456601619720459, 8514
3.456601619720459, 8513
3.45759916305542, 8512
3.45759916305542, 8511
3.4585964679718018, 8510
3.4595954418182373, 8509
3.4595954418182373, 8508
3.4605917930603027, 8507
3.4617693424224854, 8506
3.4627673625946045, 8505
3.4637656211853027, 8504
3.4657602310180664, 8503
3.4667575359344482, 8502
3.46775484085083, 8501
3.468751907348633, 8500
3.4698331356048584, 8499
3.470832347869873, 8498
3.470832347869873, 8497
3.4718291759490967, 8496
3.4728262424468994, 8495
3.4738235473632812, 8494
3.474821090698242, 8493
3.474821090698242, 8492
3.4758191108703613, 8491
3.4768154621124268, 8490
3.4778995513916016, 8489
3.478898763656616, 8488
3.478898763656616, 8487
3.4798967838287354, 8486
3.480893611907959, 8485
3.4828877449035645, 8484
3.483884811401367, 8483
3.484882354736328, 8482
3.4860026836395264, 8481
3.48700213432312, 8480
3.4879989624023438, 8479
3.4889962673187256, 8478
3.4899940490722656, 8477
3.4899940490722656, 8476
3.4909908771514893, 8475
3.4909908771514893, 8474
3.4919886589050293, 8473
3.492985486984253, 8472
3.492985486984253, 8471
3.493983030319214, 8470
3.4949803352355957, 8469
3.4959774017333984, 8468
3.4969747066497803, 8467
3.498969078063965, 8466
3.499966621398926, 8465
3.500964403152466, 8464
3.500964403152466, 8463
3.5020930767059326, 8462
3.503091812133789, 8461
3.503091812133789, 8460
3.504089117050171, 8459
3.505086898803711, 8458
3.506082534790039, 8457
3.5070810317993164, 8456
3.5070810317993164, 8455
3.5080785751342773, 8454
3.5090763568878174, 8453
3.5090763568878174, 8452
3.5100722312927246, 8451
3.5100722312927246, 8450
3.5110700130462646, 8449
3.5110700130462646, 8448
3.512066602706909, 8447
3.513063907623291, 8446
3.513063907623291, 8445
3.51406192779541, 8444
3.51406192779541, 8443
3.51406192779541, 8442
3.515058994293213, 8441
3.515058994293213, 8440
3.5160574913024902, 8439
3.5160574913024902, 8438
3.5170536041259766, 8437
3.5170536041259766, 8436
3.5180511474609375, 8435
3.5180511474609375, 8434
3.5180511474609375, 8433
3.519047975540161, 8432
3.5200464725494385, 8431
3.5200464725494385, 8430
3.5210440158843994, 8429
3.5210440158843994, 8428
3.522040367126465, 8427
3.522040367126465, 8426
3.523038625717163, 8425
3.523038625717163, 8424
3.5240349769592285, 8423
3.5240349769592285, 8422
3.5250320434570312, 8421
3.5261144638061523, 8420
3.5261144638061523, 8419
3.5261144638061523, 8418
3.5271124839782715, 8417
3.5271124839782715, 8416
3.528109312057495, 8415
3.528109312057495, 8414
3.5291075706481934, 8413
3.5291075706481934, 8412
3.5301034450531006, 8411
3.5311033725738525, 8410
3.5321004390716553, 8409
3.5340940952301025, 8408
3.5350916385650635, 8407
3.5360891819000244, 8406
3.537085771560669, 8405
3.53908109664917, 8404
3.53908109664917, 8403
3.5400784015655518, 8402
3.5400784015655518, 8401
3.541076898574829, 8400
3.541076898574829, 8399
3.54219388961792, 8398
3.5431933403015137, 8397
3.5451865196228027, 8396
3.5461862087249756, 8395
3.547182559967041, 8394
3.5491766929626465, 8393
3.550175666809082, 8392
3.551170825958252, 8391
3.551170825958252, 8390
3.5521676540374756, 8389
3.5521676540374756, 8388
3.553166389465332, 8387
3.553166389465332, 8386
3.55416202545166, 8385
3.55416202545166, 8384
3.5551602840423584, 8383
3.5551602840423584, 8382
3.5561561584472656, 8381
3.5561561584472656, 8380
3.5571534633636475, 8379
3.5591490268707275, 8378
3.562140941619873, 8377
3.5641398429870605, 8376
3.5661306381225586, 8375
3.5671284198760986, 8374
3.568126678466797, 8373
3.5691254138946533, 8372
3.5691254138946533, 8371
3.5701193809509277, 8370
3.5701193809509277, 8369
3.5701193809509277, 8368
3.571119546890259, 8367
3.571119546890259, 8366
3.5731141567230225, 8365
3.575106143951416, 8364
3.5761051177978516, 8363
3.579096794128418, 8362
3.5800938606262207, 8361
3.583085775375366, 8360
3.5840861797332764, 8359
3.5840861797332764, 8358
3.5850830078125, 8357
3.5850830078125, 8356
3.5860795974731445, 8355
3.5860795974731445, 8354
3.5860795974731445, 8353
3.5870778560638428, 8352
3.5870778560638428, 8351
3.5880730152130127, 8350
3.590066909790039, 8349
3.593069076538086, 8348
3.5940568447113037, 8347
3.5950539112091064, 8346
3.598045587539673, 8345
3.6000406742095947, 8344
3.6020348072052, 8343
3.6040327548980713, 8342
3.605027914047241, 8341
3.606024980545044, 8340
3.6090288162231445, 8339
3.614003896713257, 8338
3.6169955730438232, 8337
3.6199874877929688, 8336
3.620983839035034, 8335
3.622979164123535, 8334
3.6249730587005615, 8333
3.628971815109253, 8332
3.6329522132873535, 8331
3.6349499225616455, 8330
3.636942148208618, 8329
3.63893723487854, 8328
3.640930652618408, 8327
3.64392352104187, 8326
3.6459243297576904, 8325
3.6479222774505615, 8324
3.6528990268707275, 8323
3.6538968086242676, 8322
3.6548938751220703, 8321
3.655890703201294, 8320
3.6568875312805176, 8319
3.6578850746154785, 8318
3.6608779430389404, 8317
3.661875009536743, 8316
3.665897846221924, 8315
3.66886043548584, 8314
3.6708502769470215, 8313
3.671847343444824, 8312
3.6728456020355225, 8311
3.673842430114746, 8310
3.6758387088775635, 8309
3.6788315773010254, 8308
3.681833267211914, 8307
3.6858129501342773, 8306
3.687805652618408, 8305
3.6888058185577393, 8304
3.6898016929626465, 8303
3.690798759460449, 8302
3.6917941570281982, 8301
3.69478702545166, 8300
3.695784568786621, 8299
3.700784921646118, 8298
3.701767683029175, 8297
3.702768564224243, 8296
3.7037694454193115, 8295
3.704759359359741, 8294
3.704759359359741, 8293
3.704759359359741, 8292
3.705756187438965, 8291
3.705756187438965, 8290
3.7067534923553467, 8289
3.7067534923553467, 8288
3.7077510356903076, 8287
3.7077510356903076, 8286
3.709756374359131, 8285
3.7117412090301514, 8284
3.714733123779297, 8283
3.7187230587005615, 8282
3.7197206020355225, 8281
3.720717668533325, 8280
3.7227113246917725, 8279
3.7227113246917725, 8278
3.7237086296081543, 8277
3.7237086296081543, 8276
3.726712942123413, 8275
3.7277016639709473, 8274
3.7287046909332275, 8273
3.7296926975250244, 8272
3.735680103302002, 8271
3.7366747856140137, 8270
3.7376723289489746, 8269
3.7376723289489746, 8268
3.73866868019104, 8267
3.739666223526001, 8266
3.7406654357910156, 8265
3.7436561584472656, 8264
3.744657516479492, 8263
3.748642683029175, 8262
3.7526321411132812, 8261
3.754626989364624, 8260
3.7556254863739014, 8259
3.756622076034546, 8258
3.758615255355835, 8257
3.761608362197876, 8256
3.763607978820801, 8255
3.764601707458496, 8254
3.766604423522949, 8253
3.7705838680267334, 8252
3.7705838680267334, 8251
3.771580457687378, 8250
3.771580457687378, 8249
3.7725777626037598, 8248
3.7725777626037598, 8247
3.7735753059387207, 8246
3.7735753059387207, 8245
3.774573564529419, 8244
3.776576042175293, 8243
3.778562545776367, 8242
3.7815566062927246, 8241
3.7855570316314697, 8240
3.7885348796844482, 8239
3.789534091949463, 8238
3.789534091949463, 8237
3.790530204772949, 8236
3.7915279865264893, 8235
3.793527126312256, 8234
3.7945215702056885, 8233
3.7945215702056885, 8232
3.797513961791992, 8231
3.7985174655914307, 8230
3.801525115966797, 8229
3.803495168685913, 8228
3.803495168685913, 8227
3.804492950439453, 8226
3.804492950439453, 8225
3.805492639541626, 8224
3.805492639541626, 8223
3.806487560272217, 8222
3.806487560272217, 8221
3.8074841499328613, 8220
3.8074841499328613, 8219
3.8084824085235596, 8218
3.8104794025421143, 8217
3.8104794025421143, 8216
3.8114798069000244, 8215
3.8134706020355225, 8214
3.8154640197753906, 8213
3.816462993621826, 8212
3.818460464477539, 8211
3.8204522132873535, 8210
3.82144832611084, 8209
3.8224456310272217, 8208
3.823442220687866, 8207
3.823442220687866, 8206
3.824439764022827, 8205
3.826450824737549, 8204
3.827432155609131, 8203
3.8284318447113037, 8202
3.830423593521118, 8201
3.831423759460449, 8200
3.8324215412139893, 8199
3.8334157466888428, 8198
3.8334157466888428, 8197
3.8354263305664062, 8196
3.8374056816101074, 8195
3.8374056816101074, 8194
3.838402271270752, 8193
3.838402271270752, 8192
3.8393990993499756, 8191
3.8393990993499756, 8190
3.840398073196411, 8189
3.8413946628570557, 8188
3.8423922061920166, 8187
3.8434219360351562, 8186
3.844391345977783, 8185
3.8463809490203857, 8184
3.8483757972717285, 8183
3.8493735790252686, 8182
3.8503823280334473, 8181
3.8503823280334473, 8180
3.851367235183716, 8179
3.8533709049224854, 8178
3.8553693294525146, 8177
3.856355667114258, 8176
3.856355667114258, 8175
3.8573577404022217, 8174
3.8573577404022217, 8173
3.8603451251983643, 8172
3.862375259399414, 8171
3.866328239440918, 8170
3.86832332611084, 8169
3.869320869445801, 8168
3.8728201389312744, 8167
3.87330961227417, 8166
3.8753037452697754, 8165
3.8772993087768555, 8164
3.8822855949401855, 8163
3.8842806816101074, 8162
3.885277032852173, 8161
3.8862740993499756, 8160
3.8872711658477783, 8159
3.88826847076416, 8158
3.88826847076416, 8157
3.889265775680542, 8156
3.890263080596924, 8155
3.8912601470947266, 8154
3.892259120941162, 8153
3.8952622413635254, 8152
3.898242473602295, 8151
3.900239944458008, 8150
3.9032299518585205, 8149
3.9032299518585205, 8148
3.904226779937744, 8147
3.905223846435547, 8146
3.9062209129333496, 8145
3.9072184562683105, 8144
3.9082155227661133, 8143
3.9102180004119873, 8142
3.9122121334075928, 8141
3.914201498031616, 8140
3.916194438934326, 8139
3.917191743850708, 8138
3.9181888103485107, 8137
3.9191856384277344, 8136
3.9191856384277344, 8135
3.920182943344116, 8134
3.921180248260498, 8133
3.921180248260498, 8132
3.92217755317688, 8131
3.9231746196746826, 8130
3.9231746196746826, 8129
3.925170421600342, 8128
3.9261767864227295, 8127
3.9271678924560547, 8126
3.9281623363494873, 8125
3.9291586875915527, 8124
3.93015718460083, 8123
3.93015718460083, 8122
3.9311537742614746, 8121
3.9321515560150146, 8120
3.933148145675659, 8119
3.93414568901062, 8118
3.93414568901062, 8117
3.935143232345581, 8116
3.936140298843384, 8115
3.9371373653411865, 8114
3.9381349086761475, 8113
3.9381349086761475, 8112
3.9391322135925293, 8111
3.940129518508911, 8110
3.940129518508911, 8109
3.941127061843872, 8108
3.943122386932373, 8107
3.944120407104492, 8106
3.9451189041137695, 8105
3.947112798690796, 8104
3.9481101036071777, 8103
3.950103759765625, 8102
3.9530951976776123, 8101
3.9540932178497314, 8100
3.955090284347534, 8099
3.956087589263916, 8098
3.956087589263916, 8097
3.9570841789245605, 8096
3.959080219268799, 8095
3.960076332092285, 8094
3.960076332092285, 8093
3.9610745906829834, 8092
3.9620718955993652, 8091
3.963069200515747, 8090
3.96406626701355, 8089
3.9650626182556152, 8088
3.9650626182556152, 8087
3.9660608768463135, 8086
3.967057466506958, 8085
3.96805477142334, 8084
3.969052791595459, 8083
3.970050096511841, 8082
3.9710490703582764, 8081
3.973043441772461, 8080
3.9740407466888428, 8079
3.975038528442383, 8078
3.976033926010132, 8077
3.9770336151123047, 8076
3.9780313968658447, 8075
3.979025363922119, 8074
3.979025363922119, 8073
3.98002290725708, 8072
3.9820187091827393, 8071
3.9831063747406006, 8070
3.9841036796569824, 8069
3.9851012229919434, 8068
3.987096071243286, 8067
3.988093137741089, 8066
3.9890902042388916, 8065
3.9890902042388916, 8064
3.9901912212371826, 8063
3.99118971824646, 8062
3.993183135986328, 8061
3.994180202484131, 8060
3.99517822265625, 8059
3.997270345687866, 8058
3.997270345687866, 8057
3.9982693195343018, 8056
3.999265193939209, 8055
4.00026273727417, 8054
4.001260280609131, 8053
4.002256631851196, 8052
4.002256631851196, 8051
4.003253936767578, 8050
4.00425124168396, 8049
4.006341457366943, 8048
4.008338212966919, 8047
4.009335517883301, 8046
4.010331153869629, 8045
4.014322280883789, 8044
4.015319108963013, 8043
4.016315937042236, 8042
4.019308567047119, 8041
4.022404193878174, 8040
4.026391506195068, 8039
4.028386354446411, 8038
4.035989046096802, 8037
4.042105197906494, 8036
4.047091484069824, 8035
4.0490851402282715, 8034
4.0520782470703125, 8033
4.056068420410156, 8032
4.061053276062012, 8031
4.064045667648315, 8030
4.067039489746094, 8029
4.071028470993042, 8028
4.077013254165649, 8027
4.0839924812316895, 8026
4.087982892990112, 8025
4.092971086502075, 8024
4.100950241088867, 8023
4.105932950973511, 8022
4.1149139404296875, 8021
4.123886346817017, 8020
4.1378490924835205, 8019
4.147824287414551, 8018
4.154804229736328, 8017
4.160787343978882, 8016
4.170762300491333, 8015
4.176758289337158, 8014
4.186717748641968, 8013
4.188711404800415, 8012
4.19369912147522, 8011
4.203672409057617, 8010
4.206664323806763, 8009
4.219630479812622, 8008
4.228607892990112, 8007
4.239579439163208, 8006
4.25154709815979, 8005
4.255533218383789, 8004
4.261518478393555, 8003
4.269496440887451, 8002
4.272488117218018, 8001
4.285454511642456, 8000
4.289446115493774, 7999
4.296424865722656, 7998
4.304401636123657, 7997
4.306397914886475, 7996
4.312382698059082, 7995
4.324350595474243, 7994
4.337316989898682, 7993
4.339308977127075, 7992
4.345296621322632, 7991
4.3542702198028564, 7990
4.364245176315308, 7989
4.370226860046387, 7988
4.372220993041992, 7987
4.380201578140259, 7986
4.3861846923828125, 7985
4.389176368713379, 7984
4.397156476974487, 7983
4.401144027709961, 7982
4.404137134552002, 7981
4.4111292362213135, 7980
4.4151060581207275, 7979
4.4180991649627686, 7978
4.420092821121216, 7977
4.42308497428894, 7976
4.427077293395996, 7975
4.430067539215088, 7974
4.433059215545654, 7973
4.436050653457642, 7972
4.439042806625366, 7971
4.443031549453735, 7970
4.44602370262146, 7969
4.4490156173706055, 7968
4.451010227203369, 7967
4.454002141952515, 7966
4.45699405670166, 7965
4.459988355636597, 7964
4.462985515594482, 7963
4.465971946716309, 7962
4.467965841293335, 7961
4.470958232879639, 7960
4.4759440422058105, 7959
4.4809324741363525, 7958
4.484921932220459, 7957
4.488037347793579, 7956
4.491027593612671, 7955
4.494021415710449, 7954
4.498011112213135, 7953
4.502001047134399, 7952
4.504992246627808, 7951
4.507983922958374, 7950
4.511117935180664, 7949
4.51410984992981, 7948
4.518242597579956, 7947
4.521235942840576, 7946
4.52535080909729, 7945
4.529341220855713, 7944
4.531335830688477, 7943
4.5343263149261475, 7942
4.537320613861084, 7941
4.540311813354492, 7940
4.544514894485474, 7939
4.547506809234619, 7938
4.551630735397339, 7937
4.5556182861328125, 7936
4.5587379932403564, 7935
4.56272554397583, 7934
4.564720392227173, 7933
4.567919969558716, 7932
4.569914102554321, 7931
4.571908950805664, 7930
4.574902296066284, 7929
4.577893018722534, 7928
4.579887628555298, 7927
4.582972288131714, 7926
4.585964202880859, 7925
4.587959289550781, 7924
4.593029022216797, 7923
4.594023704528809, 7922
4.597018003463745, 7921
4.60108757019043, 7920
4.604079484939575, 7919
4.606152534484863, 7918
4.607151508331299, 7917
4.609145164489746, 7916
4.610142946243286, 7915
4.611140966415405, 7914
4.6121368408203125, 7913
4.614131212234497, 7912
4.616126298904419, 7911
4.618120431900024, 7910
4.620115280151367, 7909
4.621114492416382, 7908
4.622111797332764, 7907
4.62410569190979, 7906
4.625103950500488, 7905
4.626101016998291, 7904
4.627097129821777, 7903
4.627097129821777, 7902
4.628093242645264, 7901
4.629092454910278, 7900
4.630089521408081, 7899
4.631086111068726, 7898
4.631086111068726, 7897
4.632111072540283, 7896
4.633108377456665, 7895
4.634105443954468, 7894
4.6351025104522705, 7893
4.6351025104522705, 7892
4.6361024379730225, 7891
4.63709831237793, 7890
4.6380956172943115, 7889
4.640095233917236, 7888
4.640095233917236, 7887
4.643056631088257, 7886
4.6440818309783936, 7885
4.645080804824829, 7884
4.646078586578369, 7883
4.646078586578369, 7882
4.647077560424805, 7881
4.648041248321533, 7880
4.649074077606201, 7879
4.650067567825317, 7878
4.650067567825317, 7877
4.651065111160278, 7876
4.652059555053711, 7875
4.653059720993042, 7874
4.654057025909424, 7873
4.654057025909424, 7872
4.6550562381744385, 7871
4.656052112579346, 7870
4.6570518016815186, 7869
4.6580140590667725, 7868
4.65904426574707, 7867
4.660038471221924, 7866
4.660038471221924, 7865
4.661038398742676, 7864
4.662035703659058, 7863
4.6630353927612305, 7862
4.6640305519104, 7861
4.665031433105469, 7860
4.666025400161743, 7859
4.666025400161743, 7858
4.667022228240967, 7857
4.668017148971558, 7856
4.66901707649231, 7855
4.670013904571533, 7854
4.671014070510864, 7853
4.671014070510864, 7852
4.672008991241455, 7851
4.672974586486816, 7850
4.674005031585693, 7849
4.67500114440918, 7848
4.67599630355835, 7847
4.676997423171997, 7846
4.677994251251221, 7845
4.67899227142334, 7844
4.679987668991089, 7843
4.680987119674683, 7842
4.680987119674683, 7841
4.681982040405273, 7840
4.682979583740234, 7839
4.683974504470825, 7838
4.684974431991577, 7837
4.685971975326538, 7836
4.686970949172974, 7835
4.687934637069702, 7834
4.687934637069702, 7833
4.688966989517212, 7832
4.689960956573486, 7831
4.690934181213379, 7830
4.691954135894775, 7829
4.692953586578369, 7828
4.693950414657593, 7827
4.694916248321533, 7826
4.6959450244903564, 7825
4.696944952011108, 7824
4.697940111160278, 7823
4.698904037475586, 7822
4.698904037475586, 7821
4.699931859970093, 7820
4.701897621154785, 7819
4.7029290199279785, 7818
4.703923463821411, 7817
4.7049243450164795, 7816
4.705918550491333, 7815
4.7078821659088135, 7814
4.708881378173828, 7813
4.71087384223938, 7812
4.711871385574341, 7811
4.713867425918579, 7810
4.714863538742065, 7809
4.715860605239868, 7808
4.717855215072632, 7807
4.718852519989014, 7806
4.719850063323975, 7805
4.720847129821777, 7804
4.721844434738159, 7803
4.722841739654541, 7802
4.723868131637573, 7801
4.724835395812988, 7800
4.725916147232056, 7799
4.72694993019104, 7798
4.727944374084473, 7797
4.728907823562622, 7796
4.728907823562622, 7795
4.729938983917236, 7794
4.730935573577881, 7793
4.731930255889893, 7792
4.731930255889893, 7791
4.7329301834106445, 7790
4.734928369522095, 7789
4.736921310424805, 7788
4.738914966583252, 7787
4.74090838432312, 7786
4.74302339553833, 7785
4.745020627975464, 7784
4.747014760971069, 7783
4.749101400375366, 7782
4.751131057739258, 7781
4.754117965698242, 7780
4.7561163902282715, 7779
4.75825047492981, 7778
4.761212587356567, 7777
4.764244794845581, 7776
4.766198635101318, 7775
4.769190549850464, 7774
4.77118444442749, 7773
4.773209810256958, 7772
4.776205062866211, 7771
4.779165267944336, 7770
4.781157732009888, 7769
4.783153533935547, 7768
4.786175489425659, 7767
4.788171291351318, 7766
4.7951531410217285, 7765
4.798112392425537, 7764
4.800105571746826, 7763
4.804128885269165, 7762
4.8071205615997314, 7761
4.810079097747803, 7760
4.812073469161987, 7759
4.815099239349365, 7758
4.817095518112183, 7757
4.819087505340576, 7756
4.822049379348755, 7755
4.826038837432861, 7754
4.829060792922974, 7753
4.831056118011475, 7752
4.833052635192871, 7751
4.836012840270996, 7750
4.838005781173706, 7749
4.841994524002075, 7748
4.845017671585083, 7747
4.847013711929321, 7746
4.848978281021118, 7745
4.851968765258789, 7744
4.8549604415893555, 7743
4.858951091766357, 7742
4.860975742340088, 7741
4.86297082901001, 7740
4.865962743759155, 7739
4.867958068847656, 7738
4.869956731796265, 7737
4.872912883758545, 7736
4.8759377002716064, 7735
4.877930164337158, 7734
4.88188910484314, 7733
4.883883237838745, 7732
4.88787579536438, 7731
4.889865398406982, 7730
4.8918609619140625, 7729
4.894853115081787, 7728
4.897845983505249, 7727
4.899840593338013, 7726
4.9038612842559814, 7725
4.905856132507324, 7724
4.919786214828491, 7723
4.919786214828491, 7722
4.934746503829956, 7721
4.936774730682373, 7720
4.937737226486206, 7719
4.938766956329346, 7718
4.938766956329346, 7717
4.940731763839722, 7716
4.943753957748413, 7715
4.9457480907440186, 7714
4.947713375091553, 7713
4.947713375091553, 7712
4.949707508087158, 7711
4.954694747924805, 7710
4.956719398498535, 7709
4.9586827754974365, 7708
4.959711790084839, 7707
4.960710763931274, 7706
4.960710763931274, 7705
4.9626734256744385, 7704
4.9626734256744385, 7703
4.964667320251465, 7702
4.964667320251465, 7701
4.9666619300842285, 7700
4.967658758163452, 7699
4.968656301498413, 7698
4.969655513763428, 7697
4.97064995765686, 7696
4.971646547317505, 7695
4.972644329071045, 7694
4.973641633987427, 7693
4.973641633987427, 7692
4.975670099258423, 7691
4.975670099258423, 7690
4.977633714675903, 7689
4.978630065917969, 7688
4.979627847671509, 7687
4.979627847671509, 7686
4.981621742248535, 7685
4.982619524002075, 7684
4.983616590499878, 7683
4.984615325927734, 7682
4.985610008239746, 7681
4.985610008239746, 7680
4.986607074737549, 7679
4.987604141235352, 7678
4.987604141235352, 7677
4.988601446151733, 7676
4.989598512649536, 7675
4.990596532821655, 7674
4.992627382278442, 7673
4.992627382278442, 7672
4.993621110916138, 7671
4.994617938995361, 7670
4.995616674423218, 7669
4.995616674423218, 7668
4.996614217758179, 7667
4.997578382492065, 7666
4.997578382492065, 7665
4.998608112335205, 7664
4.999572992324829, 7663
5.00057053565979, 7662
5.0015668869018555, 7661
5.0015668869018555, 7660
5.002564191818237, 7659
5.00356125831604, 7658
5.004558563232422, 7657
5.004558563232422, 7656
5.00655460357666, 7655
5.007551670074463, 7654
5.008549451828003, 7653
5.011573791503906, 7652
5.012538433074951, 7651
5.012538433074951, 7650
5.013566970825195, 7649
5.014533996582031, 7648
5.016526937484741, 7647
5.019518852233887, 7646
5.019518852233887, 7645
5.0205161571502686, 7644
5.021513938903809, 7643
5.022547245025635, 7642
5.023540258407593, 7641
5.0265326499938965, 7640
5.0265326499938965, 7639
5.027498245239258, 7638
5.030522584915161, 7637
5.0335142612457275, 7636
5.056421995162964, 7635
5.057419061660767, 7634
5.058415651321411, 7633
5.059412479400635, 7632
5.060409784317017, 7631
5.062404155731201, 7630
5.063401460647583, 7629
5.064400672912598, 7628
5.0653979778289795, 7627
5.067393064498901, 7626
5.068420886993408, 7625
5.068420886993408, 7624
5.069417715072632, 7623
5.07041597366333, 7622
5.0714123249053955, 7621
5.0714123249053955, 7620
5.072412729263306, 7619
5.073407411575317, 7618
5.07440447807312, 7617
5.07537055015564, 7616
5.076366901397705, 7615
5.077363967895508, 7614
5.077363967895508, 7613
5.078361749649048, 7612
5.079360008239746, 7611
5.080356121063232, 7610
5.081354141235352, 7609
5.082383394241333, 7608
5.082383394241333, 7607
5.08338189125061, 7606
5.084378480911255, 7605
5.085375070571899, 7604
5.085375070571899, 7603
5.085375070571899, 7602
5.085375070571899, 7601
5.088337182998657, 7600
5.088337182998657, 7599
5.089365005493164, 7598
5.090365648269653, 7597
5.091327905654907, 7596
5.092326641082764, 7595
5.094318628311157, 7594
5.097312688827515, 7593
5.09930682182312, 7592
5.10030460357666, 7591
5.102298974990845, 7590
5.10429573059082, 7589
5.10429573059082, 7588
5.1053221225738525, 7587
5.106287717819214, 7586
5.107317924499512, 7585
5.1092798709869385, 7584
5.110312223434448, 7583
5.111274480819702, 7582
5.112271785736084, 7581
5.113300561904907, 7580
5.11429762840271, 7579
5.115296363830566, 7578
5.116292476654053, 7577
5.116292476654053, 7576
5.118254661560059, 7575
5.119253635406494, 7574
5.1202497482299805, 7573
5.121246576309204, 7572
5.122243881225586, 7571
5.123241186141968, 7570
5.12423849105835, 7569
5.126234531402588, 7568
5.127231597900391, 7567
5.128229141235352, 7566
5.129225254058838, 7565
5.130223274230957, 7564
5.1322174072265625, 7563
5.133214950561523, 7562
5.135211944580078, 7561
5.138203382492065, 7560
5.13919997215271, 7559
5.1421918869018555, 7558
5.1431896686553955, 7557
5.144185781478882, 7556
5.1451826095581055, 7555
5.147177457809448, 7554
5.148175239562988, 7553
5.150202751159668, 7552
5.1511993408203125, 7551
5.1511993408203125, 7550
5.1521992683410645, 7549
5.153193712234497, 7548
5.154159784317017, 7547
5.155189752578735, 7546
5.157150745391846, 7545
5.158150911331177, 7544
5.159178972244263, 7543
5.160143613815308, 7542
5.1611738204956055, 7541
5.162169694900513, 7540
5.163134574890137, 7539
5.165131568908691, 7538
5.166128635406494, 7537
5.167156457901001, 7536
5.168155908584595, 7535
5.169119596481323, 7534
5.170149803161621, 7533
5.171114683151245, 7532
5.1721110343933105, 7531
5.173108100891113, 7530
5.175104141235352, 7529
5.176135778427124, 7528
5.1771299839019775, 7527
5.1790947914123535, 7526
5.180091857910156, 7525
5.182086229324341, 7524
5.184080123901367, 7523
5.185077667236328, 7522
5.186078071594238, 7521
5.188101291656494, 7520
5.189097881317139, 7519
5.190095901489258, 7518
5.191091537475586, 7517
5.193055629730225, 7516
5.1940531730651855, 7515
5.19504976272583, 7514
5.197044134140015, 7513
5.1980414390563965, 7512
5.199038505554199, 7511
5.201036214828491, 7510
5.202032566070557, 7509
5.2030274868011475, 7508
5.205024242401123, 7507
5.207018852233887, 7506
5.209012985229492, 7505
5.210009813308716, 7504
5.211007356643677, 7503
5.212003946304321, 7502
5.213001251220703, 7501
5.214000463485718, 7500
5.215994358062744, 7499
5.2169904708862305, 7498
5.217987537384033, 7497
5.218985319137573, 7496
5.219982624053955, 7495
5.221977710723877, 7494
5.22297477722168, 7493
5.224970579147339, 7492
5.22599983215332, 7491
5.22699761390686, 7490
5.227993965148926, 7489
5.228991508483887, 7488
5.230986833572388, 7487
5.231951713562012, 7486
5.2329490184783936, 7485
5.233981370925903, 7484
5.234976291656494, 7483
5.2359724044799805, 7482
5.236970663070679, 7481
5.2389326095581055, 7480
5.239929437637329, 7479
5.240926504135132, 7478
5.242922782897949, 7477
5.243951082229614, 7476
5.244917154312134, 7475
5.245915651321411, 7474
5.2479088306427, 7473
5.248938083648682, 7472
5.249935150146484, 7471
5.2509167194366455, 7470
5.251930475234985, 7469
5.252927303314209, 7468
5.253925561904907, 7467
5.2549214363098145, 7466
5.255922317504883, 7465
5.256916522979736, 7464
5.258880376815796, 7463
5.260875225067139, 7462
5.261904716491699, 7461
5.262869119644165, 7460
5.263900279998779, 7459
5.2648961544036865, 7458
5.265860557556152, 7457
5.267887353897095, 7456
5.268884658813477, 7455
5.269882678985596, 7454
5.270879030227661, 7453
5.271879434585571, 7452
5.272874355316162, 7451
5.273870944976807, 7450
5.2758660316467285, 7449
5.27686333656311, 7448
5.277828931808472, 7447
5.278857946395874, 7446
5.279858589172363, 7445
5.280822038650513, 7444
5.281821250915527, 7443
5.282848834991455, 7442
5.283844947814941, 7441
5.285840034484863, 7440
5.286836624145508, 7439
5.28783655166626, 7438
5.288830995559692, 7437
5.289795637130737, 7436
5.290830135345459, 7435
5.292790174484253, 7434
5.294784307479858, 7433
5.295781850814819, 7432
5.297776460647583, 7431
5.298774242401123, 7430
5.3007683753967285, 7429
5.30176568031311, 7428
5.302763223648071, 7427
5.304757595062256, 7426
5.305755376815796, 7425
5.307749509811401, 7424
5.308747291564941, 7423
5.310741662979126, 7422
5.31273627281189, 7421
5.313733339309692, 7420
5.315728187561035, 7419
5.316725254058838, 7418
5.31872034072876, 7417
5.320714712142944, 7416
5.3217127323150635, 7415
5.323706865310669, 7414
5.325702667236328, 7413
5.3269267082214355, 7412
5.327953815460205, 7411
5.32895040512085, 7410
5.330945014953613, 7409
5.331911563873291, 7408
5.332908391952515, 7407
5.333937168121338, 7406
5.334937572479248, 7405
5.335932731628418, 7404
5.336898326873779, 7403
5.337924480438232, 7402
5.33989143371582, 7401
5.3409178256988525, 7400
5.342000722885132, 7399
5.34303092956543, 7398
5.344024896621704, 7397
5.345025300979614, 7396
5.346022367477417, 7395
5.347023963928223, 7394
5.348016977310181, 7393
5.350092887878418, 7392
5.351122856140137, 7391
5.35211968421936, 7390
5.353114366531372, 7389
5.354114770889282, 7388
5.3550803661346436, 7387
5.356112003326416, 7386
5.357177972793579, 7385
5.358209848403931, 7384
5.360170841217041, 7383
5.361199617385864, 7382
5.362197160720825, 7381
5.363194704055786, 7380
5.364272356033325, 7379
5.3652708530426025, 7378
5.366297245025635, 7377
5.367297410964966, 7376
5.36829400062561, 7375
5.369290828704834, 7374
5.3712544441223145, 7373
5.372251033782959, 7372
5.373284101486206, 7371
5.37424635887146, 7370
5.3752760887146, 7369
5.376273155212402, 7368
5.379264831542969, 7367
5.382385015487671, 7366
5.386340618133545, 7365
5.389364957809448, 7364
5.393355131149292, 7363
5.3963463306427, 7362
5.399450778961182, 7361
5.403437614440918, 7360
5.4065468311309814, 7359
5.409538269042969, 7358
5.412529945373535, 7357
5.416517734527588, 7356
5.4195146560668945, 7355
5.422636032104492, 7354
5.425628185272217, 7353
5.428714036941528, 7352
5.432736873626709, 7351
5.435728549957275, 7350
5.438811302185059, 7349
5.441835403442383, 7348
5.445824384689331, 7347
5.448784351348877, 7346
5.452815055847168, 7345
5.455797433853149, 7344
5.4587907791137695, 7343
5.462850570678711, 7342
5.46584153175354, 7341
5.4699506759643555, 7340
5.472975969314575, 7339
5.475967645645142, 7338
5.479956865310669, 7337
5.482950925827026, 7336
5.485941648483276, 7335
5.488933086395264, 7334
5.4929234981536865, 7333
5.495920181274414, 7332
5.4988744258880615, 7331
5.501898765563965, 7330
5.5219197273254395, 7329
5.526906728744507, 7328
5.53192400932312, 7327
5.535913467407227, 7326
5.538905620574951, 7325
5.542957305908203, 7324
5.545980453491211, 7323
5.548940896987915, 7322
5.552083730697632, 7321
5.555076837539673, 7320
5.5591583251953125, 7319
5.562182664871216, 7318
5.56629204750061, 7317
5.5692527294158936, 7316
5.573241949081421, 7315
5.5782294273376465, 7314
5.5842461585998535, 7313
5.587237119674683, 7312
5.591193437576294, 7311
5.595183849334717, 7310
5.605188846588135, 7309
5.609156847000122, 7308
5.613134145736694, 7307
5.617123603820801, 7306
5.620115280151367, 7305
5.623107671737671, 7304
5.628095626831055, 7303
5.632085084915161, 7302
5.637071371078491, 7301
5.6410605907440186, 7300
5.645051002502441, 7299
5.650037050247192, 7298
5.654026746749878, 7297
5.659013509750366, 7296
5.662005662918091, 7295
5.66599440574646, 7294
5.669983863830566, 7293
5.674970626831055, 7292
5.677993535995483, 7291
5.681982517242432, 7290
5.684978723526001, 7289
5.687963485717773, 7288
5.69491720199585, 7287
5.697908401489258, 7286
5.702926874160767, 7285
5.705918312072754, 7284
5.709876775741577, 7283
5.712867736816406, 7282
5.7168567180633545, 7281
5.7198486328125, 7280
5.7238380908966064, 7279
5.727060794830322, 7278
5.731050252914429, 7277
5.734044790267944, 7276
5.738034725189209, 7275
5.740991592407227, 7274
5.745151042938232, 7273
5.74814248085022, 7272
5.751253128051758, 7271
5.755241632461548, 7270
5.759197950363159, 7269
5.762222766876221, 7268
5.765183210372925, 7267
5.769200563430786, 7266
5.7721991539001465, 7265
5.776152610778809, 7264
5.779144763946533, 7263
5.783134460449219, 7262
5.787123441696167, 7261
5.790115833282471, 7260
5.794104814529419, 7259
5.7970967292785645, 7258
5.801085948944092, 7257
5.8050758838653564, 7256
5.808067798614502, 7255
5.8120574951171875, 7254
5.815081834793091, 7253
5.8190391063690186, 7252
5.822197198867798, 7251
5.826186418533325, 7250
5.829370737075806, 7249
5.832329988479614, 7248
5.836504697799683, 7247
5.839529037475586, 7246
5.8425211906433105, 7245
5.845643520355225, 7244
5.849637508392334, 7243
5.852624893188477, 7242
5.855618476867676, 7241
5.858612775802612, 7240
5.862717151641846, 7239
5.866706848144531, 7238
5.8698201179504395, 7237
5.872811794281006, 7236
5.876803874969482, 7235
5.88597297668457, 7234
5.888000249862671, 7233
5.888997554779053, 7232
5.889994859695435, 7231
5.892986536026001, 7230
5.8959784507751465, 7229
5.89897084236145, 7228
5.9020609855651855, 7227
5.904088020324707, 7226
5.9080469608306885, 7225
5.911158323287964, 7224
5.915147542953491, 7223
5.919225454330444, 7222
5.923214912414551, 7221
5.927299499511719, 7220
5.930290699005127, 7219
5.933282852172852, 7218
5.937272548675537, 7217
5.940263986587524, 7216
5.944345235824585, 7215
5.94833517074585, 7214
5.952422380447388, 7213
5.9585654735565186, 7212
5.963551759719849, 7211
5.9678473472595215, 7210
5.970808744430542, 7209
5.973800420761108, 7208
5.976826429367065, 7207
5.98078179359436, 7206
5.984772205352783, 7205
5.988762617111206, 7204
5.991752862930298, 7203
5.994743585586548, 7202
5.998008966445923, 7201
6.001000165939331, 7200
6.003992319107056, 7199
6.007209300994873, 7198
6.010201692581177, 7197
6.0161542892456055, 7196
6.018147945404053, 7195
6.0222086906433105, 7194
6.026403903961182, 7193
6.030425786972046, 7192
6.034382581710815, 7191
6.037375211715698, 7190
6.041365385055542, 7189
6.04435658454895, 7188
6.0483784675598145, 7187
6.051337957382202, 7186
6.054360628128052, 7185
6.057352781295776, 7184
6.060344934463501, 7183
6.06342077255249, 7182
6.066416025161743, 7181
6.0694990158081055, 7180
6.073489427566528, 7179
6.0786356925964355, 7178
6.0825934410095215, 7177
6.085615396499634, 7176
6.0885772705078125, 7175
6.092567205429077, 7174
6.097553730010986, 7173
6.098550796508789, 7172
6.100545406341553, 7171
6.101542711257935, 7170
6.103538274765015, 7169
6.104534149169922, 7168
6.105532646179199, 7167
6.105532646179199, 7166
6.109549522399902, 7165
6.110518455505371, 7164
6.111515522003174, 7163
6.1125123500823975, 7162
6.113509178161621, 7161
6.116501092910767, 7160
6.1174986362457275, 7159
6.118497848510742, 7158
6.119526386260986, 7157
6.120490074157715, 7156
6.12152099609375, 7155
6.12252402305603, 7154
6.123518466949463, 7153
6.125478982925415, 7152
6.127475023269653, 7151
6.128501892089844, 7150
6.1294989585876465, 7149
6.130498886108398, 7148
6.131493806838989, 7147
6.13249135017395, 7146
6.133459091186523, 7145
6.134455919265747, 7144
6.138444662094116, 7143
6.13944149017334, 7142
6.141437768936157, 7141
6.144458532333374, 7140
6.150412321090698, 7139
6.151440858840942, 7138
6.151440858840942, 7137
6.152437210083008, 7136
6.153424263000488, 7135
6.154435396194458, 7134
6.155397653579712, 7133
6.156396389007568, 7132
6.1573920249938965, 7131
6.159392595291138, 7130
6.160383701324463, 7129
6.161413669586182, 7128
6.162379026412964, 7127
6.16337776184082, 7126
6.1644062995910645, 7125
6.165371894836426, 7124
6.166400671005249, 7123
6.167397975921631, 7122
6.168387413024902, 7121
6.168387413024902, 7120
6.170357942581177, 7119
6.170357942581177, 7118
6.171355724334717, 7117
6.172352075576782, 7116
6.173349380493164, 7115
6.17537784576416, 7114
6.176378488540649, 7113
6.177340269088745, 7112
6.178371429443359, 7111
6.178371429443359, 7110
6.179365873336792, 7109
6.180331230163574, 7108
6.1813576221466064, 7107
6.1823577880859375, 7106
6.183324813842773, 7105
6.184352397918701, 7104
6.1853179931640625, 7103
6.186315298080444, 7102
6.187312602996826, 7101
6.187312602996826, 7100
6.188308954238892, 7099
6.189306735992432, 7098
6.191302537918091, 7097
6.1922993659973145, 7096
6.19329833984375, 7095
6.195292234420776, 7094
6.196289300918579, 7093
6.197286605834961, 7092
6.199282169342041, 7091
6.200278997421265, 7090
6.201276779174805, 7089
6.202273607254028, 7088
6.204268932342529, 7087
6.205265522003174, 7086
6.206262826919556, 7085
6.210251808166504, 7084
6.211249589920044, 7083
6.213242530822754, 7082
6.214275360107422, 7081
6.215238094329834, 7080
6.216234922409058, 7079
6.21723198890686, 7078
6.218229293823242, 7077
6.219226360321045, 7076
6.220223903656006, 7075
6.221221208572388, 7074
6.2222185134887695, 7073
6.22421407699585, 7072
6.22524619102478, 7071
6.226247549057007, 7070
6.227237701416016, 7069
6.228203535079956, 7068
6.231230974197388, 7067
6.232224225997925, 7066
6.233225584030151, 7065
6.234221458435059, 7064
6.235215902328491, 7063
6.236215114593506, 7062
6.2371790409088135, 7061
6.238209247589111, 7060
6.239205837249756, 7059
6.240202903747559, 7058
6.242167949676514, 7057
6.243164300918579, 7056
6.244161367416382, 7055
6.246188402175903, 7054
6.247184753417969, 7053
6.247184753417969, 7052
6.248181343078613, 7051
6.249179363250732, 7050
6.250175952911377, 7049
6.251173496246338, 7048
6.252138614654541, 7047
6.253136873245239, 7046
6.254133939743042, 7045
6.255132675170898, 7044
6.256160259246826, 7043
6.258123397827148, 7042
6.259122133255005, 7041
6.2611167430877686, 7040
6.262113809585571, 7039
6.263110876083374, 7038
6.264108419418335, 7037
6.2661027908325195, 7036
6.26710057258606, 7035
6.268129825592041, 7034
6.269122838973999, 7033
6.270106077194214, 7032
6.2711217403411865, 7031
6.272117376327515, 7030
6.273083448410034, 7029
6.275080442428589, 7028
6.276108264923096, 7027
6.2770984172821045, 7026
6.278101682662964, 7025
6.2790679931640625, 7024
6.280096530914307, 7023
6.283058404922485, 7022
6.292034864425659, 7021
6.363704681396484, 7020
6.364672899246216, 7019
6.388604640960693, 7018
6.399576663970947, 7017
6.403565168380737, 7016
6.428499698638916, 7015
6.464529991149902, 7014
6.499804258346558, 7013
6.500800848007202, 7012
6.662022352218628, 7011
6.8252503871917725, 7010
7.112496376037598, 7009
7.122469186782837, 7008
7.284279823303223, 7007
7.36107611656189, 7006
7.515813112258911, 7005
7.565153360366821, 7004
7.76763391494751, 7003
7.8324596881866455, 7002
7.908393859863281, 7001
7.929299592971802, 7000
7.95954704284668, 6999
7.974634170532227, 6998
7.982612133026123, 6997
7.998858213424683, 6996
8.006952047348022, 6995
8.014958381652832, 6994
8.036144971847534, 6993
8.043247938156128, 6992
8.046372413635254, 6991
8.0513596534729, 6990
8.056347608566284, 6989
8.057343244552612, 6988
8.161978721618652, 6987
8.249833822250366, 6986
8.265790462493896, 6985
8.35922122001648, 6984
8.526469945907593, 6983
8.568490266799927, 6982
8.68614387512207, 6981
8.69714641571045, 6980
8.70312762260437, 6979
8.726036071777344, 6978
8.93266487121582, 6977
8.93761920928955, 6976
9.163734912872314, 6975
9.164731740951538, 6974
9.248733043670654, 6973
9.270673513412476, 6972
9.277776002883911, 6971
9.309055805206299, 6970
9.345927953720093, 6969
9.356991529464722, 6968
9.366963624954224, 6967
9.367960453033447, 6966
9.43963074684143, 6965
10.665071487426758, 6964
10.735883235931396, 6963
10.950417280197144, 6962
11.173981189727783, 6961
11.34976601600647, 6960
