0.2769017219543457, 10747
0.3364431858062744, 10746
0.37334156036376953, 10745
0.4113631248474121, 10744
0.449526309967041, 10743
0.4874250888824463, 10742
0.5275120735168457, 10741
0.5678036212921143, 10740
0.6050350666046143, 10739
0.6429352760314941, 10738
0.7071475982666016, 10737
0.7702767848968506, 10736
0.8163235187530518, 10735
0.8651919364929199, 10734
0.8681833744049072, 10733
0.870180606842041, 10732
0.8721733093261719, 10731
0.8747832775115967, 10730
0.877718448638916, 10729
0.8797118663787842, 10728
0.8807094097137451, 10727
0.881706714630127, 10726
0.8838834762573242, 10725
0.8858785629272461, 10724
0.886878252029419, 10723
0.8888707160949707, 10722
0.8908669948577881, 10721
0.8938579559326172, 10720
0.89585280418396, 10719
0.8989441394805908, 10718
0.9020202159881592, 10717
0.907106876373291, 10716
0.9100997447967529, 10715
0.9120938777923584, 10714
0.9152610301971436, 10713
0.9162583351135254, 10712
0.9182529449462891, 10711
0.9192507266998291, 10710
0.9202497005462646, 10709
0.9212443828582764, 10708
0.9243500232696533, 10707
0.9263448715209961, 10706
0.9283387660980225, 10705
0.9313304424285889, 10704
0.9323296546936035, 10703
0.9353258609771729, 10702
0.9383120536804199, 10701
0.9403078556060791, 10700
0.9452931880950928, 10699
0.9502801895141602, 10698
0.9532718658447266, 10697
0.9582581520080566, 10696
0.9592559337615967, 10695
0.9602527618408203, 10694
0.9612500667572021, 10693
0.9622476100921631, 10692
0.9632458686828613, 10691
0.9642434120178223, 10690
0.9652402400970459, 10689
0.9662375450134277, 10688
0.9672343730926514, 10687
0.9682314395904541, 10686
0.9692282676696777, 10685
0.9702258110046387, 10684
0.9712231159210205, 10683
0.9722204208374023, 10682
0.9752144813537598, 10681
0.9782054424285889, 10680
0.9821939468383789, 10679
0.9861836433410645, 10678
0.9871814250946045, 10677
0.988178014755249, 10676
0.9891757965087891, 10675
0.99117112159729, 10674
0.9931654930114746, 10673
0.9951598644256592, 10672
0.9961566925048828, 10671
0.9971537590026855, 10670
0.9981510639190674, 10669
0.9991486072540283, 10668
1.0001459121704102, 10667
1.001143455505371, 10666
1.001143455505371, 10665
1.0041356086730957, 10664
1.0061302185058594, 10663
1.009122371673584, 10662
1.0101196765899658, 10661
1.0121138095855713, 10660
1.0161042213439941, 10659
1.0211858749389648, 10658
1.0282659530639648, 10657
1.0343458652496338, 10656
1.0363404750823975, 10655
1.0383355617523193, 10654
1.039332628250122, 10653
1.041327953338623, 10652
1.0424165725708008, 10651
1.0424165725708008, 10650
1.0434143543243408, 10649
1.0454111099243164, 10648
1.04640793800354, 10647
1.04740571975708, 10646
1.048403263092041, 10645
1.049398422241211, 10644
1.0503959655761719, 10643
1.0513925552368164, 10642
1.0523900985717773, 10641
1.054384708404541, 10640
1.055382251739502, 10639
1.058471918106079, 10638
1.0604674816131592, 10637
1.0624618530273438, 10636
1.0634591579437256, 10635
1.0644564628601074, 10634
1.06654953956604, 10633
1.0685455799102783, 10632
1.0695436000823975, 10631
1.0715372562408447, 10630
1.0725347995758057, 10629
1.074629545211792, 10628
1.0756285190582275, 10627
1.0766289234161377, 10626
1.0776219367980957, 10625
1.0786194801330566, 10624
1.0796172618865967, 10623
1.0816125869750977, 10622
1.083704948425293, 10621
1.0866961479187012, 10620
1.0896880626678467, 10619
1.0926802158355713, 10618
1.0936777591705322, 10617
1.094675064086914, 10616
1.095672369003296, 10615
1.0966699123382568, 10614
1.0976672172546387, 10613
1.098757266998291, 10612
1.099754810333252, 10611
1.1007516384124756, 10610
1.1017491817474365, 10609
1.1027464866638184, 10608
1.103743553161621, 10607
1.104740858078003, 10606
1.104740858078003, 10605
1.1057384014129639, 10604
1.1067962646484375, 10603
1.1077947616577148, 10602
1.1098172664642334, 10601
1.111816167831421, 10600
1.1128077507019043, 10599
1.1138899326324463, 10598
1.1149203777313232, 10597
1.1159172058105469, 10596
1.1169166564941406, 10595
1.1169166564941406, 10594
1.1179118156433105, 10593
1.1189086437225342, 10592
1.1199064254760742, 10591
1.120906114578247, 10590
1.121967077255249, 10589
1.1229970455169678, 10588
1.1239638328552246, 10587
1.1249921321868896, 10586
1.1259891986846924, 10585
1.1269843578338623, 10584
1.128981351852417, 10583
1.1309764385223389, 10582
1.133967399597168, 10581
1.1369597911834717, 10580
1.1420555114746094, 10579
1.1521234512329102, 10578
1.1651837825775146, 10577
1.1781508922576904, 10576
1.1801459789276123, 10575
1.1811439990997314, 10574
1.1831378936767578, 10573
1.1851325035095215, 10572
1.187129020690918, 10571
1.1881248950958252, 10570
1.1901192665100098, 10569
1.1921124458312988, 10568
1.1942460536956787, 10567
1.1952464580535889, 10566
1.1962473392486572, 10565
1.1972403526306152, 10564
1.1982381343841553, 10563
1.199234962463379, 10562
1.2002322673797607, 10561
1.2012274265289307, 10560
1.2033522129058838, 10559
1.2053828239440918, 10558
1.2063767910003662, 10557
1.2073423862457275, 10556
1.2083721160888672, 10555
1.209371566772461, 10554
1.2103686332702637, 10553
1.2113633155822754, 10552
1.2123584747314453, 10551
1.2133581638336182, 10550
1.214355707168579, 10549
1.2153570652008057, 10548
1.2163176536560059, 10547
1.2173502445220947, 10546
1.2184200286865234, 10545
1.2194187641143799, 10544
1.2204475402832031, 10543
1.2214128971099854, 10542
1.222442388534546, 10541
1.2244353294372559, 10540
1.2275199890136719, 10539
1.231508731842041, 10538
1.231508731842041, 10537
1.2335050106048584, 10536
1.2346296310424805, 10535
1.235661268234253, 10534
1.236656904220581, 10533
1.237654685974121, 10532
1.2386529445648193, 10531
1.2386529445648193, 10530
1.239649772644043, 10529
1.2417309284210205, 10528
1.2427613735198975, 10527
1.243760347366333, 10526
1.2447552680969238, 10525
1.245753526687622, 10524
1.2467479705810547, 10523
1.2477481365203857, 10522
1.248713731765747, 10521
1.250706672668457, 10520
1.251704216003418, 10519
1.2527012825012207, 10518
1.2536985874176025, 10517
1.2546958923339844, 10516
1.2556934356689453, 10515
1.2566907405853271, 10514
1.257688283920288, 10513
1.257688283920288, 10512
1.2598426342010498, 10511
1.2608394622802734, 10510
1.262833595275879, 10509
1.2659001350402832, 10508
1.2709195613861084, 10507
1.2760169506072998, 10506
1.277012586593628, 10505
1.2780091762542725, 10504
1.2780091762542725, 10503
1.282090663909912, 10502
1.2841174602508545, 10501
1.2861130237579346, 10500
1.2871124744415283, 10499
1.288074016571045, 10498
1.2891044616699219, 10497
1.2900989055633545, 10496
1.291100025177002, 10495
1.2920970916748047, 10494
1.293095588684082, 10493
1.2940912246704102, 10492
1.2950904369354248, 10491
1.2960855960845947, 10490
1.2970831394195557, 10489
1.2991552352905273, 10488
1.300185203552246, 10487
1.301182746887207, 10486
1.3021833896636963, 10485
1.3031768798828125, 10484
1.3041768074035645, 10483
1.3051714897155762, 10482
1.3051714897155762, 10481
1.3062822818756104, 10480
1.308309555053711, 10479
1.3093087673187256, 10478
1.3103046417236328, 10477
1.3122689723968506, 10476
1.3132665157318115, 10475
1.3142623901367188, 10474
1.3153553009033203, 10473
1.3173515796661377, 10472
1.320343017578125, 10471
1.3223989009857178, 10470
1.3263890743255615, 10469
1.3304102420806885, 10468
1.3314104080200195, 10467
1.332404375076294, 10466
1.333404302597046, 10465
1.3343992233276367, 10464
1.3353960514068604, 10463
1.3363921642303467, 10462
1.3363921642303467, 10461
1.3373939990997314, 10460
1.3383879661560059, 10459
1.3393888473510742, 10458
1.34134840965271, 10457
1.3423449993133545, 10456
1.343376636505127, 10455
1.344369649887085, 10454
1.344369649887085, 10453
1.3474035263061523, 10452
1.3493297100067139, 10451
1.3513226509094238, 10450
1.3533174991607666, 10449
1.3543150424957275, 10448
1.356309413909912, 10447
1.3583347797393799, 10446
1.3593332767486572, 10445
1.3603270053863525, 10444
1.361328125, 10443
1.3623247146606445, 10442
1.3623247146606445, 10441
1.3633246421813965, 10440
1.36431884765625, 10439
1.365318775177002, 10438
1.3663177490234375, 10437
1.3673107624053955, 10436
1.3682773113250732, 10435
1.3693060874938965, 10434
1.3712689876556396, 10433
1.3722984790802002, 10432
1.3752591609954834, 10431
1.378281593322754, 10430
1.3832688331604004, 10429
1.3892548084259033, 10428
1.397233247756958, 10427
1.4071717262268066, 10426
1.4091665744781494, 10425
1.4101650714874268, 10424
1.4505817890167236, 10423
1.4515795707702637, 10422
1.4515795707702637, 10421
1.4525737762451172, 10420
1.4535737037658691, 10419
1.4535737037658691, 10418
1.45457124710083, 10417
1.45457124710083, 10416
1.4555699825286865, 10415
1.4555699825286865, 10414
1.4565660953521729, 10413
1.457566261291504, 10412
1.457566261291504, 10411
1.4586081504821777, 10410
1.4586455821990967, 10409
1.4596755504608154, 10408
1.4596755504608154, 10407
1.460677146911621, 10406
1.460677146911621, 10405
1.4616713523864746, 10404
1.4616713523864746, 10403
1.4626669883728027, 10402
1.4626669883728027, 10401
1.4636332988739014, 10400
1.4636332988739014, 10399
1.464663028717041, 10398
1.464663028717041, 10397
1.4657256603240967, 10396
1.4657256603240967, 10395
1.4667584896087646, 10394
1.4677536487579346, 10393
1.4677536487579346, 10392
1.4687540531158447, 10391
1.4687540531158447, 10390
1.469750165939331, 10389
1.469750165939331, 10388
1.4707508087158203, 10387
1.4707508087158203, 10386
1.4717106819152832, 10385
1.4717106819152832, 10384
1.4727396965026855, 10383
1.4727396965026855, 10382
1.473707675933838, 10381
1.4747357368469238, 10380
1.4747357368469238, 10379
1.4757330417633057, 10378
1.4757330417633057, 10377
1.4767324924468994, 10376
1.4767324924468994, 10375
1.477726936340332, 10374
1.477726936340332, 10373
1.4787259101867676, 10372
1.4787259101867676, 10371
1.4797217845916748, 10370
1.4797217845916748, 10369
1.4807193279266357, 10368
1.4817135334014893, 10367
1.4817135334014893, 10366
1.4828402996063232, 10365
1.4828402996063232, 10364
1.483870029449463, 10363
1.483870029449463, 10362
1.4848697185516357, 10361
1.4848697185516357, 10360
1.4858648777008057, 10359
1.4858648777008057, 10358
1.4868621826171875, 10357
1.4878568649291992, 10356
1.4878568649291992, 10355
1.4888579845428467, 10354
1.4888579845428467, 10353
1.489853858947754, 10352
1.489853858947754, 10351
1.4908559322357178, 10350
1.4908559322357178, 10349
1.4918487071990967, 10348
1.4918487071990967, 10347
1.4928486347198486, 10346
1.4938435554504395, 10345
1.4938435554504395, 10344
1.4948408603668213, 10343
1.4948408603668213, 10342
1.495835542678833, 10341
1.495835542678833, 10340
1.496835470199585, 10339
1.496835470199585, 10338
1.497833013534546, 10337
1.4988727569580078, 10336
1.4989163875579834, 10335
1.4989163875579834, 10334
1.499945878982544, 10333
1.5009431838989258, 10332
1.5009431838989258, 10331
1.5019381046295166, 10330
1.5019381046295166, 10329
1.5029382705688477, 10328
1.5029382705688477, 10327
1.5039372444152832, 10326
1.5039372444152832, 10325
1.504899501800537, 10324
1.504899501800537, 10323
1.5059936046600342, 10322
1.5059936046600342, 10321
1.507025957107544, 10320
1.5080218315124512, 10319
1.5080218315124512, 10318
1.5090205669403076, 10317
1.5090205669403076, 10316
1.5100171566009521, 10315
1.5100171566009521, 10314
1.5110142230987549, 10313
1.5120129585266113, 10312
1.5120129585266113, 10311
1.513007402420044, 10310
1.513007402420044, 10309
1.5140786170959473, 10308
1.5140786170959473, 10307
1.5151093006134033, 10306
1.5151093006134033, 10305
1.5161030292510986, 10304
1.5161030292510986, 10303
1.5171029567718506, 10302
1.5171029567718506, 10301
1.5181007385253906, 10300
1.5181007385253906, 10299
1.5191009044647217, 10298
1.5191009044647217, 10297
1.5200951099395752, 10296
1.5200951099395752, 10295
1.5210955142974854, 10294
1.5210955142974854, 10293
1.5221517086029053, 10292
1.5221517086029053, 10291
1.5231878757476807, 10290
1.5241808891296387, 10289
1.5241808891296387, 10288
1.5251762866973877, 10287
1.5261719226837158, 10286
1.5261719226837158, 10285
1.5271718502044678, 10284
1.5271718502044678, 10283
1.5281686782836914, 10282
1.5291717052459717, 10281
1.5291717052459717, 10280
1.5301673412322998, 10279
1.5301673412322998, 10278
1.5311627388000488, 10277
1.5321576595306396, 10276
1.5321576595306396, 10275
1.5331552028656006, 10274
1.5331552028656006, 10273
1.5341498851776123, 10272
1.5341498851776123, 10271
1.5351498126983643, 10270
1.5361473560333252, 10269
1.5361473560333252, 10268
1.5371489524841309, 10267
1.5371489524841309, 10266
1.5381414890289307, 10265
1.5381414890289307, 10264
1.5392138957977295, 10263
1.5392138957977295, 10262
1.5402441024780273, 10261
1.5412452220916748, 10260
1.542238473892212, 10259
1.542238473892212, 10258
1.5432384014129639, 10257
1.5432384014129639, 10256
1.5442328453063965, 10255
1.5442328453063965, 10254
1.5442328453063965, 10253
1.5442328453063965, 10252
1.5442328453063965, 10251
1.5471937656402588, 10250
1.5471937656402588, 10249
1.5482227802276611, 10248
1.5482227802276611, 10247
1.5492238998413086, 10246
1.5492238998413086, 10245
1.5502169132232666, 10244
1.5502169132232666, 10243
1.5512170791625977, 10242
1.5512170791625977, 10241
1.5522117614746094, 10240
1.5522117614746094, 10239
1.553208827972412, 10238
1.553208827972412, 10237
1.554274320602417, 10236
1.554274320602417, 10235
1.5553042888641357, 10234
1.5553042888641357, 10233
1.5563011169433594, 10232
1.5572993755340576, 10231
1.5582993030548096, 10230
1.5592942237854004, 10229
1.5592942237854004, 10228
1.5602920055389404, 10227
1.5602920055389404, 10226
1.5612883567810059, 10225
1.5612883567810059, 10224
1.5622856616973877, 10223
1.5622856616973877, 10222
1.5632827281951904, 10221
1.5642850399017334, 10220
1.5642850399017334, 10219
1.5652787685394287, 10218
1.5652787685394287, 10217
1.5662779808044434, 10216
1.5662779808044434, 10215
1.5672731399536133, 10214
1.5672731399536133, 10213
1.568269968032837, 10212
1.568269968032837, 10211
1.569265365600586, 10210
1.569265365600586, 10209
1.570265531539917, 10208
1.570265531539917, 10207
1.5712625980377197, 10206
1.5712625980377197, 10205
1.572258472442627, 10204
1.572258472442627, 10203
1.573256492614746, 10202
1.5742568969726562, 10201
1.5742568969726562, 10200
1.5752522945404053, 10199
1.5752522945404053, 10198
1.5762486457824707, 10197
1.5772151947021484, 10196
1.5772151947021484, 10195
1.5782437324523926, 10194
1.5782437324523926, 10193
1.5792407989501953, 10192
1.5792407989501953, 10191
1.5802419185638428, 10190
1.5802419185638428, 10189
1.5812351703643799, 10188
1.5812351703643799, 10187
1.5822343826293945, 10186
1.5822343826293945, 10185
1.5832302570343018, 10184
1.5842273235321045, 10183
1.5842273235321045, 10182
1.5852289199829102, 10181
1.5852289199829102, 10180
1.5862219333648682, 10179
1.5862219333648682, 10178
1.587218999862671, 10177
1.587218999862671, 10176
1.5882155895233154, 10175
1.5882155895233154, 10174
1.5892140865325928, 10173
1.5892140865325928, 10172
1.590214490890503, 10171
1.590214490890503, 10170
1.591209888458252, 10169
1.592205286026001, 10168
1.592205286026001, 10167
1.593200922012329, 10166
1.593200922012329, 10165
1.5942716598510742, 10164
1.5942716598510742, 10163
1.5953032970428467, 10162
1.5953032970428467, 10161
1.5962657928466797, 10160
1.5972990989685059, 10159
1.5972990989685059, 10158
1.5982959270477295, 10157
1.5982959270477295, 10156
1.5992913246154785, 10155
1.5992913246154785, 10154
1.600285291671753, 10153
1.600285291671753, 10152
1.6013743877410889, 10151
1.6013743877410889, 10150
1.6024041175842285, 10149
1.6024041175842285, 10148
1.6034047603607178, 10147
1.6034047603607178, 10146
1.604398250579834, 10145
1.604398250579834, 10144
1.605395793914795, 10143
1.605395793914795, 10142
1.6063616275787354, 10141
1.607391595840454, 10140
1.607391595840454, 10139
1.6083905696868896, 10138
1.6083905696868896, 10137
1.6093852519989014, 10136
1.6093852519989014, 10135
1.610382080078125, 10134
1.610382080078125, 10133
1.611377239227295, 10132
1.611377239227295, 10131
1.6123781204223633, 10130
1.6123781204223633, 10129
1.6133742332458496, 10128
1.6133742332458496, 10127
1.614375352859497, 10126
1.614375352859497, 10125
1.6153688430786133, 10124
1.6153688430786133, 10123
1.6163690090179443, 10122
1.6173644065856934, 10121
1.6173644065856934, 10120
1.6184537410736084, 10119
1.6184537410736084, 10118
1.6194863319396973, 10117
1.6194863319396973, 10116
1.620481014251709, 10115
1.620481014251709, 10114
1.6214799880981445, 10113
1.6214799880981445, 10112
1.6224768161773682, 10111
1.6224768161773682, 10110
1.6234416961669922, 10109
1.624438762664795, 10108
1.6254353523254395, 10107
1.6254353523254395, 10106
1.626528024673462, 10105
1.626528024673462, 10104
1.6275594234466553, 10103
1.6275594234466553, 10102
1.6285555362701416, 10101
1.6285555362701416, 10100
1.6295552253723145, 10099
1.6295552253723145, 10098
1.6305499076843262, 10097
1.6305499076843262, 10096
1.631547451019287, 10095
1.631547451019287, 10094
1.6325464248657227, 10093
1.6325464248657227, 10092
1.6336073875427246, 10091
1.6336073875427246, 10090
1.6346371173858643, 10089
1.6346371173858643, 10088
1.6356348991394043, 10087
1.6356348991394043, 10086
1.6366350650787354, 10085
1.6366350650787354, 10084
1.6376302242279053, 10083
1.6386265754699707, 10082
1.6386265754699707, 10081
1.6396219730377197, 10080
1.6396219730377197, 10079
1.6406245231628418, 10078
1.6416878700256348, 10077
1.6416878700256348, 10076
1.6427175998687744, 10075
1.6437180042266846, 10074
1.6437180042266846, 10073
1.6446795463562012, 10072
1.6446795463562012, 10071
1.6457099914550781, 10070
1.6457099914550781, 10069
1.6467046737670898, 10068
1.6467046737670898, 10067
1.6477043628692627, 10066
1.6477043628692627, 10065
1.648702621459961, 10064
1.648702621459961, 10063
1.6497035026550293, 10062
1.6497035026550293, 10061
1.6506974697113037, 10060
1.6506974697113037, 10059
1.6516964435577393, 10058
1.6516964435577393, 10057
1.65269136428833, 10056
1.65269136428833, 10055
1.6536884307861328, 10054
1.6536884307861328, 10053
1.65468430519104, 10052
1.65468430519104, 10051
1.6556835174560547, 10050
1.6556835174560547, 10049
1.6566805839538574, 10048
1.6576824188232422, 10047
1.6576824188232422, 10046
1.6587724685668945, 10045
1.6587724685668945, 10044
1.6587724685668945, 10043
1.6598050594329834, 10042
1.6598050594329834, 10041
1.6607999801635742, 10040
1.6618010997772217, 10039
1.6618010997772217, 10038
1.6618010997772217, 10037
1.6627914905548096, 10036
1.6627914905548096, 10035
1.6637599468231201, 10034
1.6637599468231201, 10033
1.6647896766662598, 10032
1.6647896766662598, 10031
1.6658556461334229, 10030
1.6658556461334229, 10029
1.6668879985809326, 10028
1.6678521633148193, 10027
1.6678521633148193, 10026
1.6688811779022217, 10025
1.6688811779022217, 10024
1.669874906539917, 10023
1.669874906539917, 10022
1.6708745956420898, 10021
1.6708745956420898, 10020
1.6718411445617676, 10019
1.6718411445617676, 10018
1.6728730201721191, 10017
1.6728730201721191, 10016
1.6748669147491455, 10015
1.6749513149261475, 10014
1.6759860515594482, 10013
1.6759860515594482, 10012
1.6759860515594482, 10011
1.6769790649414062, 10010
1.6779754161834717, 10009
1.6779754161834717, 10008
1.6789729595184326, 10007
1.6789729595184326, 10006
1.6799709796905518, 10005
1.6799709796905518, 10004
1.6799709796905518, 10003
1.6809661388397217, 10002
1.6809661388397217, 10001
1.6820287704467773, 10000
1.6830565929412842, 9999
1.6830565929412842, 9998
1.6840569972991943, 9997
1.6840569972991943, 9996
1.6850531101226807, 9995
1.6850531101226807, 9994
1.6860501766204834, 9993
1.6860501766204834, 9992
1.6870481967926025, 9991
1.6870481967926025, 9990
1.6880481243133545, 9989
1.6880481243133545, 9988
1.6890456676483154, 9987
1.6890456676483154, 9986
1.6900417804718018, 9985
1.6900417804718018, 9984
1.691035509109497, 9983
1.6920349597930908, 9982
1.6920349597930908, 9981
1.6920349597930908, 9980
1.6930315494537354, 9979
1.6940288543701172, 9978
1.6940288543701172, 9977
1.694995641708374, 9976
1.694995641708374, 9975
1.6960268020629883, 9974
1.6960268020629883, 9973
1.6970210075378418, 9972
1.6970210075378418, 9971
1.698019027709961, 9970
1.6990985870361328, 9969
1.6990985870361328, 9968
1.7000980377197266, 9967
1.7000980377197266, 9966
1.7011258602142334, 9965
1.7011258602142334, 9964
1.7021236419677734, 9963
1.7021236419677734, 9962
1.7031216621398926, 9961
1.7031216621398926, 9960
1.7041175365447998, 9959
1.7041175365447998, 9958
1.7050821781158447, 9957
1.7050821781158447, 9956
1.7061898708343506, 9955
1.7061898708343506, 9954
1.7071881294250488, 9953
1.7082171440124512, 9952
1.7082171440124512, 9951
1.709212303161621, 9950
1.709212303161621, 9949
1.7102117538452148, 9948
1.7102117538452148, 9947
1.7112088203430176, 9946
1.7112088203430176, 9945
1.712209939956665, 9944
1.712209939956665, 9943
1.7132034301757812, 9942
1.7151987552642822, 9941
1.7151987552642822, 9940
1.716195821762085, 9939
1.716195821762085, 9938
1.7171900272369385, 9937
1.7171900272369385, 9936
1.7181899547576904, 9935
1.7181899547576904, 9934
1.7191877365112305, 9933
1.7191877365112305, 9932
1.720188856124878, 9931
1.720188856124878, 9930
1.7211830615997314, 9929
1.7211830615997314, 9928
1.722182273864746, 9927
1.722182273864746, 9926
1.7231767177581787, 9925
1.7241439819335938, 9924
1.7241439819335938, 9923
1.725142240524292, 9922
1.7261378765106201, 9921
1.7281324863433838, 9920
1.7281324863433838, 9919
1.7291297912597656, 9918
1.7301273345947266, 9917
1.7311246395111084, 9916
1.7321219444274902, 9915
1.733119010925293, 9914
1.7351138591766357, 9913
1.7361111640930176, 9912
1.7371084690093994, 9911
1.7381057739257812, 9910
1.7391033172607422, 9909
1.7410969734191895, 9908
1.7410969734191895, 9907
1.742093563079834, 9906
1.742093563079834, 9905
1.7430908679962158, 9904
1.7430908679962158, 9903
1.7440881729125977, 9902
1.7440881729125977, 9901
1.7450854778289795, 9900
1.7460827827453613, 9899
1.7460827827453613, 9898
1.7471981048583984, 9897
1.7471981048583984, 9896
1.7482273578643799, 9895
1.7482273578643799, 9894
1.7492256164550781, 9893
1.7492256164550781, 9892
1.7492256164550781, 9891
1.7502257823944092, 9890
1.7502257823944092, 9889
1.7512202262878418, 9888
1.7512202262878418, 9887
1.7522196769714355, 9886
1.7522196769714355, 9885
1.7532141208648682, 9884
1.7532141208648682, 9883
1.7542729377746582, 9882
1.7542729377746582, 9881
1.7552709579467773, 9880
1.7552709579467773, 9879
1.756300926208496, 9878
1.757300615310669, 9877
1.757300615310669, 9876
1.7582943439483643, 9875
1.7582943439483643, 9874
1.7582943439483643, 9873
1.7592918872833252, 9872
1.7592918872833252, 9871
1.7602951526641846, 9870
1.7602951526641846, 9869
1.761362075805664, 9868
1.7623915672302246, 9867
1.7623915672302246, 9866
1.7633893489837646, 9865
1.7633893489837646, 9864
1.7633893489837646, 9863
1.7643909454345703, 9862
1.7643909454345703, 9861
1.7653837203979492, 9860
1.7653837203979492, 9859
1.7663836479187012, 9858
1.7663836479187012, 9857
1.767378568649292, 9856
1.767378568649292, 9855
1.7683765888214111, 9854
1.7683765888214111, 9853
1.7693710327148438, 9852
1.7693710327148438, 9851
1.7703707218170166, 9850
1.7703707218170166, 9849
1.7713675498962402, 9848
1.7713675498962402, 9847
1.772364854812622, 9846
1.772364854812622, 9845
1.7733638286590576, 9844
1.7743632793426514, 9843
1.7743632793426514, 9842
1.7753572463989258, 9841
1.7753572463989258, 9840
1.7763545513153076, 9839
1.7763545513153076, 9838
1.777350664138794, 9837
1.777350664138794, 9836
1.7783496379852295, 9835
1.7783496379852295, 9834
1.779345989227295, 9833
1.779345989227295, 9832
1.7803432941436768, 9831
1.7803432941436768, 9830
1.7813422679901123, 9829
1.7813422679901123, 9828
1.7823421955108643, 9827
1.7823421955108643, 9826
1.783336877822876, 9825
1.783336877822876, 9824
1.7843334674835205, 9823
1.7843334674835205, 9822
1.7853279113769531, 9821
1.7853279113769531, 9820
1.786327838897705, 9819
1.786327838897705, 9818
1.7873249053955078, 9817
1.7873249053955078, 9816
1.7883269786834717, 9815
1.7883269786834717, 9814
1.7893197536468506, 9813
1.7902863025665283, 9812
1.7913157939910889, 9811
1.7913157939910889, 9810
1.7923119068145752, 9809
1.7923119068145752, 9808
1.793306589126587, 9807
1.793306589126587, 9806
1.7943062782287598, 9805
1.7943062782287598, 9804
1.7953038215637207, 9803
1.7953038215637207, 9802
1.7963008880615234, 9801
1.7963008880615234, 9800
1.7972981929779053, 9799
1.7972981929779053, 9798
1.7972981929779053, 9797
1.7982993125915527, 9796
1.7982993125915527, 9795
1.7992935180664062, 9794
1.7992935180664062, 9793
1.8002901077270508, 9792
1.8002901077270508, 9791
1.8012852668762207, 9790
1.8012852668762207, 9789
1.8022851943969727, 9788
1.8022851943969727, 9787
1.8032827377319336, 9786
1.8032827377319336, 9785
1.8042793273925781, 9784
1.8042793273925781, 9783
1.8052453994750977, 9782
1.8052453994750977, 9781
1.8062744140625, 9780
1.8072726726531982, 9779
1.8072726726531982, 9778
1.8082690238952637, 9777
1.8082690238952637, 9776
1.8092641830444336, 9775
1.8092641830444336, 9774
1.8102648258209229, 9773
1.8102648258209229, 9772
1.8112614154815674, 9771
1.8112614154815674, 9770
1.812258005142212, 9769
1.813227653503418, 9768
1.813227653503418, 9767
1.8142218589782715, 9766
1.8142218589782715, 9765
1.815251111984253, 9764
1.815251111984253, 9763
1.8162484169006348, 9762
1.8162484169006348, 9761
1.8162484169006348, 9760
1.8172426223754883, 9759
1.8172426223754883, 9758
1.81834077835083, 9757
1.81834077835083, 9756
1.8193705081939697, 9755
1.8193705081939697, 9754
1.8203697204589844, 9753
1.8203697204589844, 9752
1.821366786956787, 9751
1.821366786956787, 9750
1.8223645687103271, 9749
1.8223645687103271, 9748
1.823359727859497, 9747
1.8243584632873535, 9746
1.8253304958343506, 9745
1.8253304958343506, 9744
1.8263518810272217, 9743
1.8263518810272217, 9742
1.8273489475250244, 9741
1.8273489475250244, 9740
1.828348159790039, 9739
1.828348159790039, 9738
1.829345464706421, 9737
1.829345464706421, 9736
1.83034348487854, 9735
1.83034348487854, 9734
1.8313384056091309, 9733
1.8313384056091309, 9732
1.8323359489440918, 9731
1.8323359489440918, 9730
1.8333303928375244, 9729
1.8333303928375244, 9728
1.8333303928375244, 9727
1.8343946933746338, 9726
1.8343946933746338, 9725
1.835421085357666, 9724
1.835421085357666, 9723
1.8364219665527344, 9722
1.8364219665527344, 9721
1.8374195098876953, 9720
1.8374195098876953, 9719
1.8384177684783936, 9718
1.8384177684783936, 9717
1.8394138813018799, 9716
1.8394138813018799, 9715
1.8403794765472412, 9714
1.841480016708374, 9713
1.841480016708374, 9712
1.8425137996673584, 9711
1.8425137996673584, 9710
1.8425137996673584, 9709
1.8435077667236328, 9708
1.8445067405700684, 9707
1.8445067405700684, 9706
1.8445067405700684, 9705
1.8455021381378174, 9704
1.8455021381378174, 9703
1.8464994430541992, 9702
1.8464994430541992, 9701
1.8474938869476318, 9700
1.8474938869476318, 9699
1.8484938144683838, 9698
1.8484938144683838, 9697
1.8494906425476074, 9696
1.8494906425476074, 9695
1.850492238998413, 9694
1.850492238998413, 9693
1.8514857292175293, 9692
1.8514857292175293, 9691
1.8524866104125977, 9690
1.8524866104125977, 9689
1.8534817695617676, 9688
1.8534817695617676, 9687
1.854477882385254, 9686
1.854477882385254, 9685
1.8554725646972656, 9684
1.8554725646972656, 9683
1.857438564300537, 9682
1.8584351539611816, 9681
1.8594324588775635, 9680
1.860429048538208, 9679
1.860429048538208, 9678
1.861426591873169, 9677
1.861426591873169, 9676
1.8624236583709717, 9675
1.8624236583709717, 9674
1.8624236583709717, 9673
1.8634209632873535, 9672
1.8644182682037354, 9671
1.8644182682037354, 9670
1.8654158115386963, 9669
1.8654158115386963, 9668
1.8664131164550781, 9667
1.8664131164550781, 9666
1.867410659790039, 9665
1.867410659790039, 9664
1.868407964706421, 9663
1.868407964706421, 9662
1.8694050312042236, 9661
1.8694050312042236, 9660
1.8704023361206055, 9659
1.8704023361206055, 9658
1.8713996410369873, 9657
1.8713996410369873, 9656
1.8723971843719482, 9655
1.8733947277069092, 9654
1.8733947277069092, 9653
1.8743925094604492, 9652
1.8743925094604492, 9651
1.8764503002166748, 9650
1.8784215450286865, 9649
1.8784215450286865, 9648
1.8794162273406982, 9647
1.8794162273406982, 9646
1.8804094791412354, 9645
1.8814055919647217, 9644
1.8814055919647217, 9643
1.8824069499969482, 9642
1.8824069499969482, 9641
1.8824069499969482, 9640
1.8834002017974854, 9639
1.8834002017974854, 9638
1.8843998908996582, 9637
1.8843998908996582, 9636
1.885394811630249, 9635
1.885394811630249, 9634
1.8863937854766846, 9633
1.8863937854766846, 9632
1.887387990951538, 9631
1.887387990951538, 9630
1.8883874416351318, 9629
1.8883874416351318, 9628
1.8893847465515137, 9627
1.8893847465515137, 9626
1.8913488388061523, 9625
1.8913488388061523, 9624
1.8923795223236084, 9623
1.8923795223236084, 9622
1.893373966217041, 9621
1.893373966217041, 9620
1.894371509552002, 9619
1.894371509552002, 9618
1.8953657150268555, 9617
1.8953657150268555, 9616
1.8963654041290283, 9615
1.8963654041290283, 9614
1.8973627090454102, 9613
1.8973627090454102, 9612
1.8983643054962158, 9611
1.8983643054962158, 9610
1.899357795715332, 9609
1.899357795715332, 9608
1.899357795715332, 9607
1.900357723236084, 9606
1.900357723236084, 9605
1.9013521671295166, 9604
1.9013521671295166, 9603
1.9023497104644775, 9602
1.9023497104644775, 9601
1.9033446311950684, 9600
1.9043118953704834, 9599
1.9043118953704834, 9598
1.905308723449707, 9597
1.905308723449707, 9596
1.9063060283660889, 9595
1.9063060283660889, 9594
1.9073059558868408, 9593
1.9073059558868408, 9592
1.9083030223846436, 9591
1.9092998504638672, 9590
1.9092998504638672, 9589
1.910297155380249, 9588
1.910297155380249, 9587
1.9112944602966309, 9586
1.9112944602966309, 9585
1.9122920036315918, 9584
1.9122920036315918, 9583
1.9132890701293945, 9582
1.9132890701293945, 9581
1.9142866134643555, 9580
1.9142866134643555, 9579
1.9152846336364746, 9578
1.9152846336364746, 9577
1.9162819385528564, 9576
1.9162819385528564, 9575
1.9172792434692383, 9574
1.9182758331298828, 9573
1.9182758331298828, 9572
1.919273853302002, 9571
1.919273853302002, 9570
1.9202706813812256, 9569
1.9202706813812256, 9568
1.9212677478790283, 9567
1.9212677478790283, 9566
1.9222655296325684, 9565
1.9222655296325684, 9564
1.9232633113861084, 9563
1.9232633113861084, 9562
1.9242589473724365, 9561
1.9242589473724365, 9560
1.925255537033081, 9559
1.925255537033081, 9558
1.926252841949463, 9557
1.926252841949463, 9556
1.926252841949463, 9555
1.9272809028625488, 9554
1.9272809028625488, 9553
1.9282827377319336, 9552
1.9282827377319336, 9551
1.9292774200439453, 9550
1.9292774200439453, 9549
1.93027925491333, 9548
1.93027925491333, 9547
1.9312434196472168, 9546
1.9312434196472168, 9545
1.9322724342346191, 9544
1.9322724342346191, 9543
1.9332671165466309, 9542
1.9332671165466309, 9541
1.9342641830444336, 9540
1.9342641830444336, 9539
1.9352595806121826, 9538
1.9352595806121826, 9537
1.9362590312957764, 9536
1.9362590312957764, 9535
1.9362590312957764, 9534
1.9372570514678955, 9533
1.9372570514678955, 9532
1.9383494853973389, 9531
1.9383494853973389, 9530
1.9393792152404785, 9529
1.9393792152404785, 9528
1.9403457641601562, 9527
1.9413752555847168, 9526
1.9413752555847168, 9525
1.9423713684082031, 9524
1.9423713684082031, 9523
1.943366289138794, 9522
1.943366289138794, 9521
1.9443659782409668, 9520
1.9443659782409668, 9519
1.9454412460327148, 9518
1.9454412460327148, 9517
1.9464709758758545, 9516
1.9464709758758545, 9515
1.9464709758758545, 9514
1.9474685192108154, 9513
1.9474685192108154, 9512
1.9484655857086182, 9511
1.9484655857086182, 9510
1.950460433959961, 9509
1.9514596462249756, 9508
1.9524579048156738, 9507
1.9524579048156738, 9506
1.9534525871276855, 9505
1.9534525871276855, 9504
1.9544529914855957, 9503
1.9544529914855957, 9502
1.9554154872894287, 9501
1.9554154872894287, 9500
1.9564456939697266, 9499
1.9574425220489502, 9498
1.9574425220489502, 9497
1.9584388732910156, 9496
1.9584388732910156, 9495
1.9594364166259766, 9494
1.9594364166259766, 9493
1.9604322910308838, 9492
1.9604322910308838, 9491
1.9614310264587402, 9490
1.9614310264587402, 9489
1.9614310264587402, 9488
1.9625108242034912, 9487
1.9625108242034912, 9486
1.963541030883789, 9485
1.963541030883789, 9484
1.9645402431488037, 9483
1.9645402431488037, 9482
1.9655358791351318, 9481
1.9655358791351318, 9480
1.966536283493042, 9479
1.966536283493042, 9478
1.9675300121307373, 9477
1.9675300121307373, 9476
1.9685273170471191, 9475
1.9685273170471191, 9474
1.96952223777771, 9473
1.96952223777771, 9472
1.96952223777771, 9471
1.9705219268798828, 9470
1.9705219268798828, 9469
1.9715192317962646, 9468
1.9715192317962646, 9467
1.9725189208984375, 9466
1.9725189208984375, 9465
1.9735078811645508, 9464
1.9745147228240967, 9463
1.9745147228240967, 9462
1.975508451461792, 9461
1.975508451461792, 9460
1.976505994796753, 9459
1.976505994796753, 9458
1.976505994796753, 9457
1.9775011539459229, 9456
1.9775011539459229, 9455
1.9785008430480957, 9454
1.9785008430480957, 9453
1.9794979095458984, 9452
1.9794979095458984, 9451
1.9804978370666504, 9450
1.982492446899414, 9449
1.9844846725463867, 9448
1.9854798316955566, 9447
1.9864816665649414, 9446
1.9864816665649414, 9445
1.9874768257141113, 9444
1.9874768257141113, 9443
1.988476276397705, 9442
1.988476276397705, 9441
1.989471673965454, 9440
1.989471673965454, 9439
1.990471601486206, 9438
1.9914665222167969, 9437
1.9914665222167969, 9436
1.9924638271331787, 9435
1.9924638271331787, 9434
1.9934582710266113, 9433
1.9934582710266113, 9432
1.9945526123046875, 9431
1.9945526123046875, 9430
1.9955825805664062, 9429
1.9955825805664062, 9428
1.9965829849243164, 9427
1.9965829849243164, 9426
1.9975783824920654, 9425
1.9975783824920654, 9424
1.9975783824920654, 9423
1.9985761642456055, 9422
1.9985761642456055, 9421
1.99957275390625, 9420
1.99957275390625, 9419
2.0005688667297363, 9418
2.0005688667297363, 9417
2.0016260147094727, 9416
2.0016260147094727, 9415
2.0026557445526123, 9414
2.0026557445526123, 9413
2.0026557445526123, 9412
2.0036559104919434, 9411
2.0036559104919434, 9410
2.0046515464782715, 9409
2.0046515464782715, 9408
2.005647659301758, 9407
2.005647659301758, 9406
2.0066425800323486, 9405
2.007642984390259, 9404
2.007642984390259, 9403
2.007642984390259, 9402
2.0086395740509033, 9401
2.0086395740509033, 9400
2.009639024734497, 9399
2.009639024734497, 9398
2.010634660720825, 9397
2.010634660720825, 9396
2.011634588241577, 9395
2.011634588241577, 9394
2.0126290321350098, 9393
2.0126290321350098, 9392
2.0136263370513916, 9391
2.0136263370513916, 9390
2.0146210193634033, 9389
2.0146210193634033, 9388
2.0146210193634033, 9387
2.0156214237213135, 9386
2.0156214237213135, 9385
2.016618251800537, 9384
2.016618251800537, 9383
2.0176174640655518, 9382
2.0176174640655518, 9381
2.0186843872070312, 9380
2.0186843872070312, 9379
2.019714117050171, 9378
2.019714117050171, 9377
2.0207114219665527, 9376
2.0207114219665527, 9375
2.0217087268829346, 9374
2.0217087268829346, 9373
2.0227065086364746, 9372
2.0227065086364746, 9371
2.023674249649048, 9370
2.02470064163208, 9369
2.02470064163208, 9368
2.025768518447876, 9367
2.025768518447876, 9366
2.025768518447876, 9365
2.026798963546753, 9364
2.026798963546753, 9363
2.0277953147888184, 9362
2.0287961959838867, 9361
2.0287961959838867, 9360
2.029790163040161, 9359
2.029790163040161, 9358
2.030790328979492, 9357
2.030790328979492, 9356
2.031784772872925, 9355
2.031784772872925, 9354
2.0327820777893066, 9353
2.0327820777893066, 9352
2.0337774753570557, 9351
2.0338423252105713, 9350
2.0338423252105713, 9349
2.0348715782165527, 9348
2.0348715782165527, 9347
2.0358669757843018, 9346
2.0358669757843018, 9345
2.0368669033050537, 9344
2.0368669033050537, 9343
2.037865400314331, 9342
2.037865400314331, 9341
2.0388293266296387, 9340
2.0388293266296387, 9339
2.03985857963562, 9338
2.03985857963562, 9337
2.0408589839935303, 9336
2.0408589839935303, 9335
2.0419206619262695, 9334
2.0419206619262695, 9333
2.0419206619262695, 9332
2.043916940689087, 9331
2.0449137687683105, 9330
2.045912742614746, 9329
2.045912742614746, 9328
2.0469090938568115, 9327
2.047905921936035, 9326
2.048903465270996, 9325
2.048903465270996, 9324
2.0509023666381836, 9323
2.0518953800201416, 9322
2.0528926849365234, 9321
2.053889751434326, 9320
2.054887294769287, 9319
2.055884599685669, 9318
2.056881904602051, 9317
2.056881904602051, 9316
2.057879686355591, 9315
2.057879686355591, 9314
2.0590481758117676, 9313
2.0598745346069336, 9312
2.0608718395233154, 9311
2.061868906021118, 9310
2.0638632774353027, 9309
2.0648608207702637, 9308
2.0658578872680664, 9307
2.0658578872680664, 9306
2.0669336318969727, 9305
2.067932605743408, 9304
2.068929433822632, 9303
2.0699265003204346, 9302
2.0709242820739746, 9301
2.0719211101531982, 9300
2.072918653488159, 9299
2.0739166736602783, 9298
2.075284242630005, 9297
2.075284242630005, 9296
2.0762813091278076, 9295
2.0762813091278076, 9294
2.0772783756256104, 9293
2.0772783756256104, 9292
2.078275680541992, 9291
2.078275680541992, 9290
2.079272747039795, 9289
2.079272747039795, 9288
2.079272747039795, 9287
2.080270290374756, 9286
2.080270290374756, 9285
2.0812675952911377, 9284
2.0812675952911377, 9283
2.082331895828247, 9282
2.082331895828247, 9281
2.083362102508545, 9280
2.083362102508545, 9279
2.0843589305877686, 9278
2.0843589305877686, 9277
2.0853564739227295, 9276
2.0853564739227295, 9275
2.0863542556762695, 9274
2.0863542556762695, 9273
2.087350606918335, 9272
2.087350606918335, 9271
2.087350606918335, 9270
2.088350534439087, 9269
2.089348316192627, 9268
2.089348316192627, 9267
2.0903115272521973, 9266
2.091310977935791, 9265
2.0923070907592773, 9264
2.093304395675659, 9263
2.094301223754883, 9262
2.0952985286712646, 9261
2.0962960720062256, 9260
2.0972931385040283, 9259
2.0972931385040283, 9258
2.098369598388672, 9257
2.100365400314331, 9256
2.101362943649292, 9255
2.102360248565674, 9254
2.1033575534820557, 9253
2.1043548583984375, 9252
2.1053519248962402, 9251
2.1063485145568848, 9250
2.1063485145568848, 9249
2.1073460578918457, 9248
2.1073460578918457, 9247
2.1083426475524902, 9246
2.1083426475524902, 9245
2.109339952468872, 9244
2.109339952468872, 9243
2.110337257385254, 9242
2.110337257385254, 9241
2.110337257385254, 9240
2.1113345623016357, 9239
2.1113345623016357, 9238
2.1123318672180176, 9237
2.1123318672180176, 9236
2.1133291721343994, 9235
2.1133291721343994, 9234
2.1143267154693604, 9233
2.1143267154693604, 9232
2.115324020385742, 9231
2.115324020385742, 9230
2.115324020385742, 9229
2.116321086883545, 9228
2.116321086883545, 9227
2.1173183917999268, 9226
2.1173183917999268, 9225
2.1183159351348877, 9224
2.1183159351348877, 9223
2.1193132400512695, 9222
2.1193132400512695, 9221
2.1193132400512695, 9220
2.1203105449676514, 9219
2.1203105449676514, 9218
2.1213080883026123, 9217
2.1213080883026123, 9216
2.122305393218994, 9215
2.122305393218994, 9214
2.123302698135376, 9213
2.123302698135376, 9212
2.124300241470337, 9211
2.124300241470337, 9210
2.1252973079681396, 9209
2.1252973079681396, 9208
2.1262946128845215, 9207
2.1262946128845215, 9206
2.1272923946380615, 9205
2.1272923946380615, 9204
2.128288984298706, 9203
2.128288984298706, 9202
2.128288984298706, 9201
2.129286527633667, 9200
2.129286527633667, 9199
2.130283832550049, 9198
2.130283832550049, 9197
2.1312811374664307, 9196
2.1312811374664307, 9195
2.1322786808013916, 9194
2.1322786808013916, 9193
2.1332757472991943, 9192
2.1332757472991943, 9191
2.1332757472991943, 9190
2.134273052215576, 9189
2.134273052215576, 9188
2.135270833969116, 9187
2.135270833969116, 9186
2.136267900466919, 9185
2.136267900466919, 9184
2.137265205383301, 9183
2.1382956504821777, 9182
2.1382956504821777, 9181
2.1392900943756104, 9180
2.1392900943756104, 9179
2.140258550643921, 9178
2.1412880420684814, 9177
2.1412880420684814, 9176
2.142284631729126, 9175
2.142284631729126, 9174
2.142284631729126, 9173
2.1432831287384033, 9172
2.1432831287384033, 9171
2.1442787647247314, 9170
2.1442787647247314, 9169
2.1452765464782715, 9168
2.1452765464782715, 9167
2.1462738513946533, 9166
2.1462738513946533, 9165
2.1472692489624023, 9164
2.1472692489624023, 9163
2.1472692489624023, 9162
2.148268699645996, 9161
2.148268699645996, 9160
2.149265766143799, 9159
2.149265766143799, 9158
2.1502633094787598, 9157
2.1502633094787598, 9156
2.1512646675109863, 9155
2.1512646675109863, 9154
2.1522579193115234, 9153
2.1522579193115234, 9152
2.1532552242279053, 9151
2.1532552242279053, 9150
2.1532552242279053, 9149
2.1532552242279053, 9148
2.1532552242279053, 9147
2.155731201171875, 9146
2.155731201171875, 9145
2.156248092651367, 9144
2.1572136878967285, 9143
2.1572136878967285, 9142
2.1582422256469727, 9141
2.1582422256469727, 9140
2.1592390537261963, 9139
2.1592390537261963, 9138
2.1592390537261963, 9137
2.1602392196655273, 9136
2.1602392196655273, 9135
2.161234140396118, 9134
2.161234140396118, 9133
2.1622314453125, 9132
2.1622314453125, 9131
2.1632261276245117, 9130
2.1632261276245117, 9129
2.164226531982422, 9128
2.164226531982422, 9127
2.164226531982422, 9126
2.1652235984802246, 9125
2.1652235984802246, 9124
2.1662206649780273, 9123
2.1662206649780273, 9122
2.1672189235687256, 9121
2.1672189235687256, 9120
2.1682186126708984, 9119
2.1682186126708984, 9118
2.169212579727173, 9117
2.169212579727173, 9116
2.170177459716797, 9115
2.170177459716797, 9114
2.170177459716797, 9113
2.171213150024414, 9112
2.171213150024414, 9111
2.172173023223877, 9110
2.172173023223877, 9109
2.1732022762298584, 9108
2.1732022762298584, 9107
2.1742000579833984, 9106
2.1742000579833984, 9105
2.175196647644043, 9104
2.175196647644043, 9103
2.176201581954956, 9102
2.176201581954956, 9101
2.176201581954956, 9100
2.1771912574768066, 9099
2.1771912574768066, 9098
2.178189277648926, 9097
2.178189277648926, 9096
2.1791882514953613, 9095
2.1791882514953613, 9094
2.1801834106445312, 9093
2.1801834106445312, 9092
2.181180953979492, 9091
2.181180953979492, 9090
2.182177782058716, 9089
2.182177782058716, 9088
2.183175563812256, 9087
2.183175563812256, 9086
2.183175563812256, 9085
2.1841723918914795, 9084
2.1841723918914795, 9083
2.1851694583892822, 9082
2.1851694583892822, 9081
2.186230182647705, 9080
2.186230182647705, 9079
2.186230182647705, 9078
2.1872615814208984, 9077
2.1872615814208984, 9076
2.1882569789886475, 9075
2.1882569789886475, 9074
2.1892542839050293, 9073
2.1892542839050293, 9072
2.190220355987549, 9071
2.191249370574951, 9070
2.191249370574951, 9069
2.1922473907470703, 9068
2.1922473907470703, 9067
2.193244457244873, 9066
2.193244457244873, 9065
2.193244457244873, 9064
2.1943070888519287, 9063
2.1943070888519287, 9062
2.1953370571136475, 9061
2.1953370571136475, 9060
2.1963374614715576, 9059
2.1963374614715576, 9058
2.1963374614715576, 9057
2.197331428527832, 9056
2.197331428527832, 9055
2.1983301639556885, 9054
2.1983301639556885, 9053
2.1993234157562256, 9052
2.1993234157562256, 9051
2.1993234157562256, 9050
2.2012903690338135, 9049
2.2012903690338135, 9048
2.2012903690338135, 9047
2.2023861408233643, 9046
2.2043821811676025, 9045
2.2053797245025635, 9044
2.206376791000366, 9043
2.2073745727539062, 9042
2.208371639251709, 9041
2.208371639251709, 9040
2.20936918258667, 9039
2.2103662490844727, 9038
2.2113640308380127, 9037
2.2123610973358154, 9036
2.2133584022521973, 9035
2.21435546875, 9034
2.215353012084961, 9033
2.2163503170013428, 9032
2.2173478603363037, 9031
2.2184536457061768, 9030
2.219452381134033, 9029
2.220449686050415, 9028
2.2224440574645996, 9027
2.2234408855438232, 9026
2.2244396209716797, 9025
2.225436210632324, 9024
2.225436210632324, 9023
2.226433515548706, 9022
2.2274293899536133, 9021
2.228426456451416, 9020
2.229423999786377, 9019
2.2314186096191406, 9018
2.2324163913726807, 9017
2.2334132194519043, 9016
2.2354483604431152, 9015
2.2364468574523926, 9014
2.2364468574523926, 9013
2.237443447113037, 9012
2.237443447113037, 9011
2.2384395599365234, 9010
2.2384395599365234, 9009
2.2394368648529053, 9008
2.2394368648529053, 9007
2.2404353618621826, 9006
2.241464138031006, 9005
2.241464138031006, 9004
2.2424585819244385, 9003
2.2424585819244385, 9002
2.2424585819244385, 9001
2.2434582710266113, 9000
2.2434582710266113, 8999
2.2444567680358887, 8998
2.2444567680358887, 8997
2.245457410812378, 8996
2.245457410812378, 8995
2.2464191913604736, 8994
2.2464191913604736, 8993
2.2464191913604736, 8992
2.247450113296509, 8991
2.247450113296509, 8990
2.2484452724456787, 8989
2.2484452724456787, 8988
2.2494425773620605, 8987
2.2494425773620605, 8986
2.2494425773620605, 8985
2.2504372596740723, 8984
2.2504372596740723, 8983
2.2514383792877197, 8982
2.2514383792877197, 8981
2.252434492111206, 8980
2.252434492111206, 8979
2.2534019947052, 8978
2.254429817199707, 8977
2.254429817199707, 8976
2.255429267883301, 8975
2.255429267883301, 8974
2.255429267883301, 8973
2.2564237117767334, 8972
2.2573914527893066, 8971
2.258387804031372, 8970
2.259385108947754, 8969
2.260383129119873, 8968
2.2623770236968994, 8967
2.2633743286132812, 8966
2.2633743286132812, 8965
2.2643728256225586, 8964
2.2643728256225586, 8963
2.2643728256225586, 8962
2.265369415283203, 8961
2.266366720199585, 8960
2.2683610916137695, 8959
2.2683610916137695, 8958
2.2683610916137695, 8957
2.269359827041626, 8956
2.270355463027954, 8955
2.2713539600372314, 8954
2.2713539600372314, 8953
2.2723500728607178, 8952
2.273347854614258, 8951
2.274345874786377, 8950
2.2753427028656006, 8949
2.2763397693634033, 8948
2.277336835861206, 8947
2.278334379196167, 8946
2.2803287506103516, 8945
2.2813267707824707, 8944
2.2823238372802734, 8943
2.2833211421966553, 8942
2.284318208694458, 8941
2.285315752029419, 8940
2.2863128185272217, 8939
2.2873103618621826, 8938
2.2883074283599854, 8937
2.2893049716949463, 8936
2.2893049716949463, 8935
2.2903032302856445, 8934
2.291300058364868, 8933
2.292297124862671, 8932
2.2932944297790527, 8931
2.2942914962768555, 8930
2.2952897548675537, 8929
2.297283887863159, 8928
2.2983531951904297, 8927
2.2994000911712646, 8926
2.3003973960876465, 8925
2.3013949394226074, 8924
2.302391767501831, 8923
2.303389310836792, 8922
2.3043863773345947, 8921
2.3053839206695557, 8920
2.306473731994629, 8919
2.3074729442596436, 8918
2.308469533920288, 8917
2.309467315673828, 8916
2.310464382171631, 8915
2.311461925506592, 8914
2.3124592304229736, 8913
2.3134567737579346, 8912
2.3145594596862793, 8911
2.3155581951141357, 8910
2.3165555000305176, 8909
2.3175528049468994, 8908
2.3185501098632812, 8907
2.319547176361084, 8906
2.320544481277466, 8905
2.321542263031006, 8904
2.32275128364563, 8903
2.3237509727478027, 8902
2.3237509727478027, 8901
2.3247475624084473, 8900
2.325744152069092, 8899
2.3267414569854736, 8898
2.3277394771575928, 8897
2.3277394771575928, 8896
2.3287365436553955, 8895
2.3297336101531982, 8894
2.330731153488159, 8893
2.33172869682312, 8892
2.3327255249023438, 8891
2.333723306655884, 8890
2.3347203731536865, 8889
2.3357176780700684, 8888
2.33671498298645, 8887
2.337712287902832, 8886
2.338709592819214, 8885
2.339707136154175, 8884
2.340705633163452, 8883
2.3417019844055176, 8882
2.3426990509033203, 8881
2.3436965942382812, 8880
2.3436965942382812, 8879
2.3436965942382812, 8878
2.3446929454803467, 8877
2.3446929454803467, 8876
2.3456904888153076, 8875
2.3456904888153076, 8874
2.3466875553131104, 8873
2.3466875553131104, 8872
2.3466875553131104, 8871
2.3476853370666504, 8870
2.3476853370666504, 8869
2.348682403564453, 8868
2.348682403564453, 8867
2.348682403564453, 8866
2.349679708480835, 8865
2.349679708480835, 8864
2.350677013397217, 8863
2.350677013397217, 8862
2.3516745567321777, 8861
2.3516745567321777, 8860
2.3526716232299805, 8859
2.3526716232299805, 8858
2.3526716232299805, 8857
2.3536691665649414, 8856
2.3536691665649414, 8855
2.3547215461730957, 8854
2.3547215461730957, 8853
2.355719804763794, 8852
2.355719804763794, 8851
2.355719804763794, 8850
2.356717824935913, 8849
2.3577144145965576, 8848
2.3577144145965576, 8847
2.358712673187256, 8846
2.358712673187256, 8845
2.3597090244293213, 8844
2.3597090244293213, 8843
2.3597090244293213, 8842
2.3607065677642822, 8841
2.3607065677642822, 8840
2.3617043495178223, 8839
2.3617043495178223, 8838
2.362740993499756, 8837
2.3627731800079346, 8836
2.3627731800079346, 8835
2.363771677017212, 8834
2.363771677017212, 8833
2.3647680282592773, 8832
2.3647680282592773, 8831
2.365767478942871, 8830
2.365767478942871, 8829
2.365767478942871, 8828
2.366763114929199, 8827
2.366763114929199, 8826
2.367760181427002, 8825
2.367760181427002, 8824
2.368757486343384, 8823
2.368757486343384, 8822
2.368757486343384, 8821
2.3697550296783447, 8820
2.3697550296783447, 8819
2.3707525730133057, 8818
2.3707525730133057, 8817
2.3717503547668457, 8816
2.3717503547668457, 8815
2.3727471828460693, 8814
2.3727471828460693, 8813
2.3737447261810303, 8812
2.3747425079345703, 8811
2.3747425079345703, 8810
2.3747425079345703, 8809
2.375739097595215, 8808
2.375739097595215, 8807
2.3767364025115967, 8806
2.3767364025115967, 8805
2.3767364025115967, 8804
2.3777337074279785, 8803
2.3777337074279785, 8802
2.3788084983825684, 8801
2.3788084983825684, 8800
2.3798069953918457, 8799
2.3798069953918457, 8798
2.3798069953918457, 8797
2.3808035850524902, 8796
2.3808035850524902, 8795
2.381801128387451, 8794
2.381801128387451, 8793
2.381801128387451, 8792
2.382798433303833, 8791
2.382798433303833, 8790
2.3837954998016357, 8789
2.3837954998016357, 8788
2.3837954998016357, 8787
2.3847928047180176, 8786
2.3847928047180176, 8785
2.3857903480529785, 8784
2.3857903480529785, 8783
2.3868417739868164, 8782
2.3868417739868164, 8781
2.3868417739868164, 8780
2.3878400325775146, 8779
2.3878400325775146, 8778
2.3888368606567383, 8777
2.3888368606567383, 8776
2.3888368606567383, 8775
2.390834093093872, 8774
2.391832113265991, 8773
2.392826795578003, 8772
2.392826795578003, 8771
2.3938238620758057, 8770
2.3938238620758057, 8769
2.3948209285736084, 8768
2.3948209285736084, 8767
2.3948209285736084, 8766
2.3958475589752197, 8765
2.3958475589752197, 8764
2.3968474864959717, 8763
2.3968474864959717, 8762
2.3968474864959717, 8761
2.3978445529937744, 8760
2.3978445529937744, 8759
2.3988444805145264, 8758
2.3988444805145264, 8757
2.399839162826538, 8756
2.399839162826538, 8755
2.4008407592773438, 8754
2.4008407592773438, 8753
2.4008407592773438, 8752
2.4018337726593018, 8751
2.4018337726593018, 8750
2.4028313159942627, 8749
2.4028313159942627, 8748
2.4028313159942627, 8747
2.4038259983062744, 8746
2.4038259983062744, 8745
2.4048259258270264, 8744
2.4048259258270264, 8743
2.4057915210723877, 8742
2.4057915210723877, 8741
2.4067885875701904, 8740
2.4077868461608887, 8739
2.4077868461608887, 8738
2.408783197402954, 8737
2.4107961654663086, 8736
2.4128074645996094, 8735
2.4128074645996094, 8734
2.4137778282165527, 8733
2.4137778282165527, 8732
2.4147684574127197, 8731
2.4147684574127197, 8730
2.415799140930176, 8729
2.415799140930176, 8728
2.4167959690093994, 8727
2.4167959690093994, 8726
2.4167959690093994, 8725
2.4177916049957275, 8724
2.4177916049957275, 8723
2.4187893867492676, 8722
2.4187893867492676, 8721
2.419783592224121, 8720
2.419783592224121, 8719
2.419783592224121, 8718
2.420783281326294, 8717
2.420783281326294, 8716
2.421780824661255, 8715
2.421780824661255, 8714
2.422745704650879, 8713
2.423743486404419, 8712
2.4247448444366455, 8711
2.4257395267486572, 8710
2.426736354827881, 8709
2.4277350902557373, 8708
2.4277350902557373, 8707
2.4287314414978027, 8706
2.4297285079956055, 8705
2.4307260513305664, 8704
2.43172287940979, 8703
2.432720899581909, 8702
2.432720899581909, 8701
2.433717727661133, 8700
2.4347152709960938, 8699
2.4357125759124756, 8698
2.4367096424102783, 8697
2.4377071857452393, 8696
2.4377071857452393, 8695
2.4387056827545166, 8694
2.439701795578003, 8693
2.439701795578003, 8692
2.440700054168701, 8691
2.4416966438293457, 8690
2.4428024291992188, 8689
2.4437997341156006, 8688
2.444798469543457, 8687
2.445796012878418, 8686
2.4467933177948, 8685
2.4477903842926025, 8684
2.4477903842926025, 8683
2.4487876892089844, 8682
2.4487876892089844, 8681
2.4487876892089844, 8680
2.4497852325439453, 8679
2.4497852325439453, 8678
2.450782299041748, 8677
2.451779842376709, 8676
2.452777147293091, 8675
2.4537744522094727, 8674
2.4547722339630127, 8673
2.4557688236236572, 8672
2.4567668437957764, 8671
2.45776629447937, 8670
2.4588756561279297, 8669
2.4598746299743652, 8668
2.460871696472168, 8667
2.4618687629699707, 8666
2.4628663063049316, 8665
2.4638636112213135, 8664
2.4648609161376953, 8663
2.4658584594726562, 8662
2.466956853866577, 8661
2.4679558277130127, 8660
2.4689528942108154, 8659
2.4699506759643555, 8658
2.4709479808807373, 8657
2.4709479808807373, 8656
2.47194504737854, 8655
2.4729421138763428, 8654
2.473940372467041, 8653
2.473940372467041, 8652
2.473940372467041, 8651
2.4750547409057617, 8650
2.476053476333618, 8649
2.47705078125, 8648
2.478048086166382, 8647
2.478048086166382, 8646
2.4790453910827637, 8645
2.4800424575805664, 8644
2.4810400009155273, 8643
2.482037305831909, 8642
2.482037305831909, 8641
2.482037305831909, 8640
2.483123540878296, 8639
2.4841222763061523, 8638
2.486116886138916, 8637
2.487114429473877, 8636
2.4881114959716797, 8635
2.4891088008880615, 8634
2.4891088008880615, 8633
2.4891088008880615, 8632
2.490107297897339, 8631
2.490107297897339, 8630
2.4911038875579834, 8629
2.4921014308929443, 8628
2.493098258972168, 8627
2.4940953254699707, 8626
2.4950928688049316, 8625
2.4960901737213135, 8624
2.4970874786376953, 8623
2.4980850219726562, 8622
2.4991962909698486, 8621
2.500195026397705, 8620
2.501192569732666, 8619
2.5021896362304688, 8618
2.5031867027282715, 8617
2.5041844844818115, 8616
2.5051815509796143, 8615
2.506178855895996, 8614
2.5071768760681152, 8613
2.507293462753296, 8612
2.5082921981811523, 8611
2.5082921981811523, 8610
2.509289503097534, 8609
2.510286808013916, 8608
2.511284112930298, 8607
2.5122814178466797, 8606
2.5132787227630615, 8605
2.5143651962280273, 8604
2.515364170074463, 8603
2.51636004447937, 8602
2.51636004447937, 8601
2.5173563957214355, 8600
2.5173563957214355, 8599
2.5183544158935547, 8598
2.5183544158935547, 8597
2.5183544158935547, 8596
2.5193517208099365, 8595
2.5193517208099365, 8594
2.5203490257263184, 8593
2.5203490257263184, 8592
2.521346092224121, 8591
2.521346092224121, 8590
2.521346092224121, 8589
2.522522449493408, 8588
2.522522449493408, 8587
2.523521661758423, 8586
2.5245180130004883, 8585
2.5245180130004883, 8584
2.525515079498291, 8583
2.525515079498291, 8582
2.526512384414673, 8581
2.526512384414673, 8580
2.526512384414673, 8579
2.5275096893310547, 8578
2.5275096893310547, 8577
2.5285072326660156, 8576
2.5285072326660156, 8575
2.5285072326660156, 8574
2.5295045375823975, 8573
2.5295045375823975, 8572
2.5305016040802, 8571
2.5305016040802, 8570
2.5315003395080566, 8569
2.5315003395080566, 8568
2.5315003395080566, 8567
2.532496452331543, 8566
2.532496452331543, 8565
2.533493757247925, 8564
2.533493757247925, 8563
2.533493757247925, 8562
2.5344913005828857, 8561
2.5344913005828857, 8560
2.5354886054992676, 8559
2.5354886054992676, 8558
2.5364856719970703, 8557
2.5364856719970703, 8556
2.5364856719970703, 8555
2.537482976913452, 8554
2.537482976913452, 8553
2.5385706424713135, 8552
2.5385706424713135, 8551
2.5385706424713135, 8550
2.5395686626434326, 8549
2.5395686626434326, 8548
2.54056715965271, 8547
2.54056715965271, 8546
2.5415632724761963, 8545
2.5415632724761963, 8544
2.5415632724761963, 8543
2.542560577392578, 8542
2.542560577392578, 8541
2.54355788230896, 8540
2.54355788230896, 8539
2.544555187225342, 8538
2.544555187225342, 8537
2.544555187225342, 8536
2.5455524921417236, 8535
2.5455524921417236, 8534
2.5466582775115967, 8533
2.547656536102295, 8532
2.547656536102295, 8531
2.5486533641815186, 8530
2.5486533641815186, 8529
2.5486533641815186, 8528
2.5496506690979004, 8527
2.5496506690979004, 8526
2.5506482124328613, 8525
2.5506482124328613, 8524
2.5506482124328613, 8523
2.5516457557678223, 8522
2.5516457557678223, 8521
2.552642583847046, 8520
2.552642583847046, 8519
2.553640365600586, 8518
2.553640365600586, 8517
2.553640365600586, 8516
2.5546963214874268, 8515
2.5546963214874268, 8514
2.555694580078125, 8513
2.555694580078125, 8512
2.5566911697387695, 8511
2.5576884746551514, 8510
2.5576884746551514, 8509
2.5576884746551514, 8508
2.558685779571533, 8507
2.558685779571533, 8506
2.559682846069336, 8505
2.559682846069336, 8504
2.5606801509857178, 8503
2.5606801509857178, 8502
2.5606801509857178, 8501
2.5616774559020996, 8500
2.5626754760742188, 8499
2.5626754760742188, 8498
2.5636723041534424, 8497
2.5636723041534424, 8496
2.564669609069824, 8495
2.564669609069824, 8494
2.564669609069824, 8493
2.565666913986206, 8492
2.565666913986206, 8491
2.566664218902588, 8490
2.566664218902588, 8489
2.566664218902588, 8488
2.5676615238189697, 8487
2.5676615238189697, 8486
2.5686588287353516, 8485
2.5686588287353516, 8484
2.5686588287353516, 8483
2.5696563720703125, 8482
2.5696563720703125, 8481
2.5706534385681152, 8480
2.5706534385681152, 8479
2.5706534385681152, 8478
2.571650981903076, 8477
2.571650981903076, 8476
2.572648286819458, 8475
2.572648286819458, 8474
2.573645830154419, 8473
2.573645830154419, 8472
2.5746426582336426, 8471
2.5746426582336426, 8470
2.5746426582336426, 8469
2.5756404399871826, 8468
2.5756404399871826, 8467
2.5766375064849854, 8466
2.5766375064849854, 8465
2.577634811401367, 8464
2.577634811401367, 8463
2.578770875930786, 8462
2.578770875930786, 8461
2.578770875930786, 8460
2.5798044204711914, 8459
2.5798044204711914, 8458
2.5807974338531494, 8457
2.5807974338531494, 8456
2.5807974338531494, 8455
2.581798791885376, 8454
2.581798791885376, 8453
2.582792282104492, 8452
2.582792282104492, 8451
2.583791971206665, 8450
2.583791971206665, 8449
2.583791971206665, 8448
2.584787130355835, 8447
2.584787130355835, 8446
2.5858497619628906, 8445
2.5858497619628906, 8444
2.5858497619628906, 8443
2.5868794918060303, 8442
2.5868794918060303, 8441
2.5878777503967285, 8440
2.5878777503967285, 8439
2.5878777503967285, 8438
2.588871479034424, 8437
2.588871479034424, 8436
2.5898711681365967, 8435
2.5898711681365967, 8434
2.5908689498901367, 8433
2.5908689498901367, 8432
2.5908689498901367, 8431
2.591867685317993, 8430
2.591867685317993, 8429
2.5928637981414795, 8428
2.5928637981414795, 8427
2.59382963180542, 8426
2.59382963180542, 8425
2.594943046569824, 8424
2.594943046569824, 8423
2.594943046569824, 8422
2.595973491668701, 8421
2.595973491668701, 8420
2.596971035003662, 8419
2.596971035003662, 8418
2.596971035003662, 8417
2.5979692935943604, 8416
2.5979692935943604, 8415
2.5989646911621094, 8414
2.5989646911621094, 8413
2.5999643802642822, 8412
2.5999643802642822, 8411
2.5999643802642822, 8410
2.600959539413452, 8409
2.600959539413452, 8408
2.6020209789276123, 8407
2.6020209789276123, 8406
2.6020209789276123, 8405
2.603050708770752, 8404
2.603050708770752, 8403
2.6040475368499756, 8402
2.6040475368499756, 8401
2.6040475368499756, 8400
2.6050472259521484, 8399
2.6050472259521484, 8398
2.6060426235198975, 8397
2.6060426235198975, 8396
2.607041597366333, 8395
2.607041597366333, 8394
2.607041597366333, 8393
2.6080386638641357, 8392
2.6090030670166016, 8391
2.6090030670166016, 8390
2.6090030670166016, 8389
2.610034227371216, 8388
2.610034227371216, 8387
2.610034227371216, 8386
2.6110305786132812, 8385
2.6110305786132812, 8384
2.6120262145996094, 8383
2.6120262145996094, 8382
2.613025665283203, 8381
2.613025665283203, 8380
2.6140215396881104, 8379
2.6140215396881104, 8378
2.6140215396881104, 8377
2.615018606185913, 8376
2.615018606185913, 8375
2.6160175800323486, 8374
2.6160175800323486, 8373
2.6160175800323486, 8372
2.617014169692993, 8371
2.617014169692993, 8370
2.618014335632324, 8369
2.618014335632324, 8368
2.618014335632324, 8367
2.619083881378174, 8366
2.619083881378174, 8365
2.6201133728027344, 8364
2.6201133728027344, 8363
2.6201133728027344, 8362
2.6211113929748535, 8361
2.6211113929748535, 8360
2.622105836868286, 8359
2.622105836868286, 8358
2.622105836868286, 8357
2.62310528755188, 8356
2.62310528755188, 8355
2.6241037845611572, 8354
2.6241037845611572, 8353
2.6250691413879395, 8352
2.6250691413879395, 8351
2.6260972023010254, 8350
2.626181125640869, 8349
2.626181125640869, 8348
2.6272103786468506, 8347
2.6272103786468506, 8346
2.6282100677490234, 8345
2.6282100677490234, 8344
2.6292054653167725, 8343
2.6292054653167725, 8342
2.6292054653167725, 8341
2.630202293395996, 8340
2.630202293395996, 8339
2.6312015056610107, 8338
2.6312015056610107, 8337
2.6312015056610107, 8336
2.6321983337402344, 8335
2.6321983337402344, 8334
2.6331946849823, 8333
2.6331946849823, 8332
2.6331946849823, 8331
2.634255886077881, 8330
2.634255886077881, 8329
2.634255886077881, 8328
2.6352858543395996, 8327
2.6352858543395996, 8326
2.636284112930298, 8325
2.636284112930298, 8324
2.637279748916626, 8323
2.637279748916626, 8322
2.637279748916626, 8321
2.638279676437378, 8320
2.638279676437378, 8319
2.6392433643341064, 8318
2.640242099761963, 8317
2.640242099761963, 8316
2.6412389278411865, 8315
2.6412389278411865, 8314
2.6412389278411865, 8313
2.6422362327575684, 8312
2.6422362327575684, 8311
2.643347978591919, 8310
2.6443469524383545, 8309
2.6443469524383545, 8308
2.6453444957733154, 8307
2.646341562271118, 8306
2.647338628768921, 8305
2.6483359336853027, 8304
2.6493332386016846, 8303
2.6503307819366455, 8302
2.6513280868530273, 8301
2.65232515335083, 8300
2.653322458267212, 8299
2.654320001602173, 8298
2.6553173065185547, 8297
2.6563146114349365, 8296
2.6573126316070557, 8295
2.6584112644195557, 8294
2.6594080924987793, 8293
2.660407781600952, 8292
2.661404848098755, 8291
2.661404848098755, 8290
2.6624019145965576, 8289
2.6633992195129395, 8288
2.6643965244293213, 8287
2.6643965244293213, 8286
2.6653940677642822, 8285
2.666501045227051, 8284
2.6674997806549072, 8283
2.668497323989868, 8282
2.669495105743408, 8281
2.6704916954040527, 8280
2.67149019241333, 8279
2.67149019241333, 8278
2.6724865436553955, 8277
2.6724865436553955, 8276
2.6734843254089355, 8275
2.6734843254089355, 8274
2.674481153488159, 8273
2.6754791736602783, 8272
2.6754791736602783, 8271
2.6754791736602783, 8270
2.67647647857666, 8269
2.6774730682373047, 8268
2.6784701347351074, 8267
2.6794683933258057, 8266
2.68046498298645, 8265
2.681462049484253, 8264
2.682460069656372, 8263
2.683457612991333, 8262
2.683457612991333, 8261
2.6844544410705566, 8260
2.6854515075683594, 8259
2.6854515075683594, 8258
2.6854515075683594, 8257
2.6864497661590576, 8256
2.6864497661590576, 8255
2.6874465942382812, 8254
2.688443899154663, 8253
2.688443899154663, 8252
2.688443899154663, 8251
2.689441204071045, 8250
2.6904399394989014, 8249
2.6904399394989014, 8248
2.6914355754852295, 8247
2.6914355754852295, 8246
2.6924328804016113, 8245
2.6934311389923096, 8244
2.6934311389923096, 8243
2.6944284439086914, 8242
2.695425033569336, 8241
2.696422576904297, 8240
2.6974196434020996, 8239
2.698531150817871, 8238
2.6995301246643066, 8237
2.7005269527435303, 8236
2.7015247344970703, 8235
2.702522039413452, 8234
2.703519105911255, 8233
2.7045161724090576, 8232
2.7055137157440186, 8231
2.706637144088745, 8230
2.7076361179351807, 8229
2.7086331844329834, 8228
2.7096304893493652, 8227
2.710627555847168, 8226
2.711625099182129, 8225
2.7126224040985107, 8224
2.7136197090148926, 8223
2.7146170139312744, 8222
2.7147257328033447, 8221
2.7157247066497803, 8220
2.716721773147583, 8219
2.717719078063965, 8218
2.717719078063965, 8217
2.7187163829803467, 8216
2.7197136878967285, 8215
2.7207109928131104, 8214
2.721708297729492, 8213
2.7227978706359863, 8212
2.723797559738159, 8211
2.723797559738159, 8210
2.724794387817383, 8209
2.724794387817383, 8208
2.724794387817383, 8207
2.725792407989502, 8206
2.725792407989502, 8205
2.7267894744873047, 8204
2.7267894744873047, 8203
2.7267894744873047, 8202
2.7277867794036865, 8201
2.72878360748291, 8200
2.729780435562134, 8199
2.7307779788970947, 8198
2.7317752838134766, 8197
2.7327728271484375, 8196
2.7337701320648193, 8195
2.734767198562622, 8194
2.735764503479004, 8193
2.736762046813965, 8192
2.7377593517303467, 8191
2.7388694286346436, 8190
2.739867687225342, 8189
2.7408664226531982, 8188
2.7418627738952637, 8187
2.7418627738952637, 8186
2.7418627738952637, 8185
2.742860794067383, 8184
2.7438571453094482, 8183
2.7448551654815674, 8182
2.745851993560791, 8181
2.7470457553863525, 8180
2.748075485229492, 8179
2.748075485229492, 8178
2.749072790145874, 8177
2.749072790145874, 8176
2.749072790145874, 8175
2.750070810317993, 8174
2.750070810317993, 8173
2.750070810317993, 8172
2.751067876815796, 8171
2.751067876815796, 8170
2.7520644664764404, 8169
2.7520644664764404, 8168
2.7530624866485596, 8167
2.7530624866485596, 8166
2.754120111465454, 8165
2.755152940750122, 8164
2.755152940750122, 8163
2.756115198135376, 8162
2.7571473121643066, 8161
2.7571473121643066, 8160
2.75814151763916, 8159
2.75814151763916, 8158
2.759138584136963, 8157
2.760133981704712, 8156
2.760133981704712, 8155
2.7611336708068848, 8154
2.762131929397583, 8153
2.762131929397583, 8152
2.762131929397583, 8151
2.762131929397583, 8150
2.7646102905273438, 8149
2.765094041824341, 8148
2.7661216259002686, 8147
2.767117500305176, 8146
2.767117500305176, 8145
2.7681124210357666, 8144
2.7691121101379395, 8143
2.7691121101379395, 8142
2.7700767517089844, 8141
2.7700767517089844, 8140
2.7711105346679688, 8139
2.772104263305664, 8138
2.772104263305664, 8137
2.773104190826416, 8136
2.7750654220581055, 8135
2.7760627269744873, 8134
2.77705979347229, 8133
2.778057336807251, 8132
2.7790536880493164, 8131
2.78005051612854, 8130
2.78005051612854, 8129
2.7810475826263428, 8128
2.7820448875427246, 8127
2.7820448875427246, 8126
2.7830424308776855, 8125
2.7830424308776855, 8124
2.7840397357940674, 8123
2.78503680229187, 8122
2.78503680229187, 8121
2.78603458404541, 8120
2.787031650543213, 8119
2.787031650543213, 8118
2.788029193878174, 8117
2.7890262603759766, 8116
2.7890262603759766, 8115
2.7910544872283936, 8114
2.7910544872283936, 8113
2.792048215866089, 8112
2.7930493354797363, 8111
2.7930493354797363, 8110
2.794203758239746, 8109
2.794203758239746, 8108
2.7952330112457275, 8107
2.7962327003479004, 8106
2.7962327003479004, 8105
2.7972278594970703, 8104
2.798225164413452, 8103
2.798225164413452, 8102
2.799222946166992, 8101
2.800219774246216, 8100
2.800219774246216, 8099
2.8012170791625977, 8098
2.802274703979492, 8097
2.802274703979492, 8096
2.8033039569854736, 8095
2.8043053150177, 8094
2.8043053150177, 8093
2.8052992820739746, 8092
2.8062994480133057, 8091
2.8072941303253174, 8090
2.8072941303253174, 8089
2.808290958404541, 8088
2.809285879135132, 8087
2.809285879135132, 8086
2.8102853298187256, 8085
2.8112828731536865, 8084
2.8112828731536865, 8083
2.812284231185913, 8082
2.8132786750793457, 8081
2.8142776489257812, 8080
2.8142776489257812, 8079
2.815272569656372, 8078
2.816270351409912, 8077
2.816270351409912, 8076
2.817265510559082, 8075
2.8183419704437256, 8074
2.8183419704437256, 8073
2.8193728923797607, 8072
2.8203682899475098, 8071
2.8203682899475098, 8070
2.821366786956787, 8069
2.8223631381988525, 8068
2.823329210281372, 8067
2.8243587017059326, 8066
2.825355052947998, 8065
2.825423240661621, 8064
2.8264529705047607, 8063
2.8274502754211426, 8062
2.8274502754211426, 8061
2.828444480895996, 8060
2.8294456005096436, 8059
2.8294456005096436, 8058
2.83044171333313, 8057
2.8314409255981445, 8056
2.8314409255981445, 8055
2.8324368000030518, 8054
2.833493232727051, 8053
2.833493232727051, 8052
2.8345227241516113, 8051
2.835520029067993, 8050
2.8365185260772705, 8049
2.8365185260772705, 8048
2.8375160694122314, 8047
2.8385143280029297, 8046
2.8385143280029297, 8045
2.8415699005126953, 8044
2.842600107192993, 8043
2.842600107192993, 8042
2.8455936908721924, 8041
2.8475875854492188, 8040
2.849581241607666, 8039
2.8515748977661133, 8038
2.85357403755188, 8037
2.855564594268799, 8036
2.8586490154266357, 8035
2.86067533493042, 8034
2.862673282623291, 8033
2.8657007217407227, 8032
2.867762565612793, 8031
2.8697569370269775, 8030
2.872720718383789, 8029
2.8758203983306885, 8028
2.8778131008148193, 8027
2.880805253982544, 8026
2.8839304447174072, 8025
2.8869221210479736, 8024
2.888916492462158, 8023
2.891909122467041, 8022
2.8949005603790283, 8021
2.897892713546753, 8020
2.9008848667144775, 8019
2.9038772583007812, 8018
2.9058713912963867, 8017
2.9088633060455322, 8016
2.9108588695526123, 8015
2.9148476123809814, 8014
2.9178433418273926, 8013
2.9218599796295166, 8012
2.9238247871398926, 8011
2.926815986633301, 8010
2.9288103580474854, 8009
2.93180251121521, 8008
2.9337966442108154, 8007
2.9407904148101807, 8006
2.943769931793213, 8005
2.9477593898773193, 8004
2.949753999710083, 8003
2.9527461528778076, 8002
2.9557385444641113, 8001
2.958760976791382, 8000
2.9607534408569336, 7999
2.9628641605377197, 7998
2.9648597240448, 7997
2.967850685119629, 7996
2.969841957092285, 7995
2.9718399047851562, 7994
2.9738359451293945, 7993
2.976827621459961, 7992
2.9789185523986816, 7991
2.980945587158203, 7990
2.9829089641571045, 7989
2.9859325885772705, 7988
2.9880449771881104, 7987
2.990006685256958, 7986
2.992997884750366, 7985
2.9951224327087402, 7984
2.99714732170105, 7983
2.9991443157196045, 7982
3.00113844871521, 7981
3.003133535385132, 7980
3.0061254501342773, 7979
3.0081233978271484, 7978
3.0101165771484375, 7977
3.0121092796325684, 7976
3.015101909637451, 7975
3.0170958042144775, 7974
3.019176483154297, 7973
3.0212035179138184, 7972
3.023167371749878, 7971
3.0262794494628906, 7970
3.028308868408203, 7969
3.0302984714508057, 7968
3.0322952270507812, 7967
3.0344014167785645, 7966
3.0363945960998535, 7965
3.03938889503479, 7964
3.0414586067199707, 7963
3.043483257293701, 7962
3.0454797744750977, 7961
3.048474073410034, 7960
3.050466775894165, 7959
3.052461862564087, 7958
3.054459571838379, 7957
3.057450532913208, 7956
3.05961012840271, 7955
3.0616087913513184, 7954
3.0645992755889893, 7953
3.066713571548462, 7952
3.0687105655670166, 7951
3.0707037448883057, 7950
3.0737948417663574, 7949
3.07582426071167, 7948
3.0778162479400635, 7947
3.079810619354248, 7946
3.0818090438842773, 7945
3.0847978591918945, 7944
3.0867960453033447, 7943
3.08878755569458, 7942
3.0917463302612305, 7941
3.0937411785125732, 7940
3.095735788345337, 7939
3.0977303981781006, 7938
3.100722551345825, 7937
3.1027169227600098, 7936
3.1047117710113525, 7935
3.1077046394348145, 7934
3.1096982955932617, 7933
3.1116929054260254, 7932
3.113687515258789, 7931
3.1166799068450928, 7930
3.1186745166778564, 7929
3.1216678619384766, 7928
3.123997688293457, 7927
3.125993490219116, 7926
3.127988576889038, 7925
3.1309804916381836, 7924
3.135967254638672, 7923
3.1369330883026123, 7922
3.1390533447265625, 7921
3.143078565597534, 7920
3.1450724601745605, 7919
3.1481475830078125, 7918
3.1481475830078125, 7917
3.1501412391662598, 7916
3.1511731147766113, 7915
3.152172565460205, 7914
3.1531646251678467, 7913
3.1531646251678467, 7912
3.154243230819702, 7911
3.155271053314209, 7910
3.155271053314209, 7909
3.1562511920928955, 7908
3.157268524169922, 7907
3.1582674980163574, 7906
3.15926194190979, 7905
3.15926194190979, 7904
3.1602625846862793, 7903
3.161256790161133, 7902
3.161256790161133, 7901
3.162320375442505, 7900
3.163351058959961, 7899
3.1643481254577637, 7898
3.1643481254577637, 7897
3.1653456687927246, 7896
3.16634202003479, 7895
3.167307138442993, 7894
3.167307138442993, 7893
3.168304204940796, 7892
3.1693015098571777, 7891
3.1693015098571777, 7890
3.1702990531921387, 7889
3.1722936630249023, 7888
3.1732919216156006, 7887
3.175285577774048, 7886
3.1762828826904297, 7885
3.1762828826904297, 7884
3.1772804260253906, 7883
3.178525447845459, 7882
3.1795592308044434, 7881
3.1795592308044434, 7880
3.1805522441864014, 7879
3.181551694869995, 7878
3.181551694869995, 7877
3.182546854019165, 7876
3.183544158935547, 7875
3.1845386028289795, 7874
3.1845386028289795, 7873
3.1856162548065186, 7872
3.186645746231079, 7871
3.18764328956604, 7870
3.18764328956604, 7869
3.188641309738159, 7868
3.189617156982422, 7867
3.1906354427337646, 7866
3.1906354427337646, 7865
3.191633701324463, 7864
3.19262957572937, 7863
3.19262957572937, 7862
3.193707227706909, 7861
3.1947391033172607, 7860
3.1957340240478516, 7859
3.1957340240478516, 7858
3.1967318058013916, 7857
3.1977295875549316, 7856
3.1987264156341553, 7855
3.1997275352478027, 7854
3.1997275352478027, 7853
3.200721025466919, 7852
3.2017807960510254, 7851
3.2028114795684814, 7850
3.2038075923919678, 7849
3.2038075923919678, 7848
3.2048075199127197, 7847
3.2058064937591553, 7846
3.2068002223968506, 7845
3.207798957824707, 7844
3.208794593811035, 7843
3.208794593811035, 7842
3.209791898727417, 7841
3.2107903957366943, 7840
3.2117865085601807, 7839
3.2117865085601807, 7838
3.2127861976623535, 7837
3.213785171508789, 7836
3.214778184890747, 7835
3.2157723903656006, 7834
3.2157723903656006, 7833
3.21677303314209, 7832
3.2177703380584717, 7831
3.218769073486328, 7830
3.219766855239868, 7829
3.219766855239868, 7828
3.2207651138305664, 7827
3.2217609882354736, 7826
3.222756862640381, 7825
3.223757028579712, 7824
3.224752426147461, 7823
3.224752426147461, 7822
3.2257490158081055, 7821
3.226747751235962, 7820
3.2277133464813232, 7819
3.228710412979126, 7818
3.230703353881836, 7817
3.2326982021331787, 7816
3.2346925735473633, 7815
3.2348060607910156, 7814
3.2358367443084717, 7813
3.236833095550537, 7812
3.23783278465271, 7811
3.23783278465271, 7810
3.238828182220459, 7809
3.239793539047241, 7808
3.240823268890381, 7807
3.2418887615203857, 7806
3.2418887615203857, 7805
3.2429184913635254, 7804
3.243915557861328, 7803
3.24591064453125, 7802
3.24591064453125, 7801
3.246907949447632, 7800
3.247910499572754, 7799
3.2489025592803955, 7798
3.2489025592803955, 7797
3.2498996257781982, 7796
3.2508974075317383, 7795
3.2508974075317383, 7794
3.2518954277038574, 7793
3.2528936862945557, 7792
3.2538888454437256, 7791
3.2538888454437256, 7790
3.2558841705322266, 7789
3.2578816413879395, 7788
3.2599997520446777, 7787
3.261962652206421, 7786
3.2639577388763428, 7785
3.265951633453369, 7784
3.269031047821045, 7783
3.2700281143188477, 7782
3.2730183601379395, 7781
3.2751049995422363, 7780
3.2771005630493164, 7779
3.2791295051574707, 7778
3.281121015548706, 7777
3.2832088470458984, 7776
3.28523325920105, 7775
3.2872307300567627, 7774
3.2902257442474365, 7773
3.292217254638672, 7772
3.295179605484009, 7771
3.2972042560577393, 7770
3.2991979122161865, 7769
3.30118989944458, 7768
3.3031880855560303, 7767
3.3051819801330566, 7766
3.31113600730896, 7765
3.3131299018859863, 7764
3.31612229347229, 7763
3.3191139698028564, 7762
3.322105884552002, 7761
3.3241019248962402, 7760
3.3270928859710693, 7759
3.329087257385254, 7758
3.3310818672180176, 7757
3.334074020385742, 7756
3.3370656967163086, 7755
3.340090751647949, 7754
3.3420839309692383, 7753
3.343080759048462, 7752
3.3450753688812256, 7751
3.3471906185150146, 7750
3.3491897583007812, 7749
3.351179838180542, 7748
3.3531746864318848, 7747
3.355340003967285, 7746
3.357333183288574, 7745
3.359328031539917, 7744
3.361401081085205, 7743
3.3624308109283447, 7742
3.3644227981567383, 7741
3.366419553756714, 7740
3.368415117263794, 7739
3.3694145679473877, 7738
3.372401714324951, 7737
3.3743984699249268, 7736
3.3763933181762695, 7735
3.3784849643707275, 7734
3.3805134296417236, 7733
3.3825063705444336, 7732
3.383504867553711, 7731
3.3858609199523926, 7730
3.3878567218780518, 7729
3.3908815383911133, 7728
3.392873764038086, 7727
3.3944618701934814, 7726
3.3964927196502686, 7725
3.398486375808716, 7724
3.408573865890503, 7723
3.4095747470855713, 7722
3.4196345806121826, 7721
3.421625852584839, 7720
3.4226255416870117, 7719
3.42362117767334, 7718
3.42362117767334, 7717
3.4246182441711426, 7716
3.426732063293457, 7715
3.427730083465576, 7714
3.427730083465576, 7713
3.4287314414978027, 7712
3.429725408554077, 7711
3.432716131210327, 7710
3.434711217880249, 7709
3.435708522796631, 7708
3.4367101192474365, 7707
3.4367101192474365, 7706
3.4377028942108154, 7705
3.4387075901031494, 7704
3.4387075901031494, 7703
3.439666748046875, 7702
3.44069504737854, 7701
3.4416894912719727, 7700
3.4416894912719727, 7699
3.4426896572113037, 7698
3.4436869621276855, 7697
3.4436869621276855, 7696
3.4446840286254883, 7695
3.44568133354187, 7694
3.446681499481201, 7693
3.446681499481201, 7692
3.447676420211792, 7691
3.4496395587921143, 7690
3.4506688117980957, 7689
3.4516656398773193, 7688
3.4516656398773193, 7687
3.452667474746704, 7686
3.453664541244507, 7685
3.453664541244507, 7684
3.454657554626465, 7683
3.455655336380005, 7682
3.455655336380005, 7681
3.456620454788208, 7680
3.4576172828674316, 7679
3.4576172828674316, 7678
3.4586145877838135, 7677
3.4596118927001953, 7676
3.4596118927001953, 7675
3.460609197616577, 7674
3.461606502532959, 7673
3.46260404586792, 7672
3.4636011123657227, 7671
3.4646313190460205, 7670
3.4646313190460205, 7669
3.465625762939453, 7668
3.466593027114868, 7667
3.468656063079834, 7666
3.4705843925476074, 7665
3.47158145904541, 7664
3.472578525543213, 7663
3.47357439994812, 7662
3.474604606628418, 7661
3.4756019115448, 7660
3.4765985012054443, 7659
3.4765985012054443, 7658
3.4775967597961426, 7657
3.4786007404327393, 7656
3.4786007404327393, 7655
3.479591131210327, 7654
3.480588674545288, 7653
3.4825825691223145, 7652
3.483581066131592, 7651
3.483581066131592, 7650
3.4845821857452393, 7649
3.4855434894561768, 7648
3.487569570541382, 7647
3.4895637035369873, 7646
3.4895637035369873, 7645
3.49056339263916, 7644
3.4915592670440674, 7643
3.492556095123291, 7642
3.492556095123291, 7641
3.494553565979004, 7640
3.4955170154571533, 7639
3.4965453147888184, 7638
3.4986331462860107, 7637
3.501657485961914, 7636
3.520728349685669, 7635
3.520728349685669, 7634
3.5217251777648926, 7633
3.5227270126342773, 7632
3.5237200260162354, 7631
3.5257151126861572, 7630
3.526711940765381, 7629
3.526711940765381, 7628
3.527707099914551, 7627
3.5287060737609863, 7626
3.5287060737609863, 7625
3.5297038555145264, 7624
3.530704975128174, 7623
3.530704975128174, 7622
3.531700372695923, 7621
3.5327019691467285, 7620
3.5327019691467285, 7619
3.5336930751800537, 7618
3.5346906185150146, 7617
3.5356857776641846, 7616
3.5356857776641846, 7615
3.5366876125335693, 7614
3.537682294845581, 7613
3.537682294845581, 7612
3.538649320602417, 7611
3.539646863937378, 7610
3.540642261505127, 7609
3.541639566421509, 7608
3.5426366329193115, 7607
3.5426366329193115, 7606
3.5436339378356934, 7605
3.5446314811706543, 7604
3.5446314811706543, 7603
3.545628786087036, 7602
3.546625852584839, 7601
3.546625852584839, 7600
3.5476233959198, 7599
3.5486207008361816, 7598
3.5496180057525635, 7597
3.5496180057525635, 7596
3.5506153106689453, 7595
3.5516128540039062, 7594
3.552609920501709, 7593
3.5546045303344727, 7592
3.5556037425994873, 7591
3.5565996170043945, 7590
3.5575966835021973, 7589
3.55859375, 7588
3.55959153175354, 7587
3.5605885982513428, 7586
3.5605885982513428, 7585
3.5615859031677246, 7584
3.562713861465454, 7583
3.5637428760528564, 7582
3.5647432804107666, 7581
3.5657389163970947, 7580
3.5667366981506348, 7579
3.5677297115325928, 7578
3.568729877471924, 7577
3.568729877471924, 7576
3.569727659225464, 7575
3.570726156234741, 7574
3.5717246532440186, 7573
3.5727221965789795, 7572
3.5737173557281494, 7571
3.574714183807373, 7570
3.5757081508636475, 7569
3.5767109394073486, 7568
3.577711582183838, 7567
3.5787739753723145, 7566
3.5787739753723145, 7565
3.579805850982666, 7564
3.580801010131836, 7563
3.581798791885376, 7562
3.582796096801758, 7561
3.584794759750366, 7560
3.585928440093994, 7559
3.5869617462158203, 7558
3.5879526138305664, 7557
3.5889523029327393, 7556
3.589944839477539, 7555
3.5909502506256104, 7554
3.591944932937622, 7553
3.5929431915283203, 7552
3.5940122604370117, 7551
3.5945475101470947, 7550
3.5955793857574463, 7549
3.5965771675109863, 7548
3.597574472427368, 7547
3.598571538925171, 7546
3.5995686054229736, 7545
3.6005659103393555, 7544
3.6015658378601074, 7543
3.602619171142578, 7542
3.602619171142578, 7541
3.6036484241485596, 7540
3.6046462059020996, 7539
3.6056432723999023, 7538
3.6066088676452637, 7537
3.607605457305908, 7536
3.60860276222229, 7535
3.609600067138672, 7534
3.6105973720550537, 7533
3.6115949153900146, 7532
3.6125922203063965, 7531
3.6135895252227783, 7530
3.614586591720581, 7529
3.615584135055542, 7528
3.616581439971924, 7527
3.6175787448883057, 7526
3.618663787841797, 7525
3.6196954250335693, 7524
3.6206908226013184, 7523
3.6216883659362793, 7522
3.622682809829712, 7521
3.623682737350464, 7520
3.624680280685425, 7519
3.6257450580596924, 7518
3.6267776489257812, 7517
3.6277716159820557, 7516
3.6287691593170166, 7515
3.6297688484191895, 7514
3.6307642459869385, 7513
3.631761312484741, 7512
3.632758617401123, 7511
3.6337246894836426, 7510
3.6348299980163574, 7509
3.6358602046966553, 7508
3.6368253231048584, 7507
3.63785457611084, 7506
3.6388537883758545, 7505
3.6408464908599854, 7504
3.6419200897216797, 7503
3.6429519653320312, 7502
3.6439476013183594, 7501
3.644944190979004, 7500
3.6459426879882812, 7499
3.6469390392303467, 7498
3.6479368209838867, 7497
3.64890193939209, 7496
3.6499316692352295, 7495
3.650930404663086, 7494
3.651926040649414, 7493
3.652924060821533, 7492
3.653921127319336, 7491
3.654920816421509, 7490
3.655914783477783, 7489
3.6569130420684814, 7488
3.6579172611236572, 7487
3.659001588821411, 7486
3.660031318664551, 7485
3.66102933883667, 7484
3.6620230674743652, 7483
3.6640207767486572, 7482
3.665020227432251, 7481
3.6660966873168945, 7480
3.6671295166015625, 7479
3.668125867843628, 7478
3.6691219806671143, 7477
3.670118570327759, 7476
3.6711161136627197, 7475
3.6721131801605225, 7474
3.6731104850769043, 7473
3.674175977706909, 7472
3.67520809173584, 7471
3.676213026046753, 7470
3.67819881439209, 7469
3.6791954040527344, 7468
3.680191993713379, 7467
3.6811904907226562, 7466
3.6822493076324463, 7465
3.6832809448242188, 7464
3.684276819229126, 7463
3.685276985168457, 7462
3.686271905899048, 7461
3.6872687339782715, 7460
3.688263177871704, 7459
3.6892642974853516, 7458
3.690260887145996, 7457
3.6912596225738525, 7456
3.6922550201416016, 7455
3.6932551860809326, 7454
3.6942498683929443, 7453
3.696214437484741, 7452
3.6972107887268066, 7451
3.6992790699005127, 7450
3.7002780437469482, 7449
3.702272653579712, 7448
3.7032697200775146, 7447
3.7052645683288574, 7446
3.70632266998291, 7445
3.7083184719085693, 7444
3.7093160152435303, 7443
3.711310863494873, 7442
3.712307929992676, 7441
3.7133054733276367, 7440
3.7143759727478027, 7439
3.716371774673462, 7438
3.7173690795898438, 7437
3.7193639278411865, 7436
3.721358299255371, 7435
3.7224137783050537, 7434
3.724409818649292, 7433
3.725407361984253, 7432
3.7274017333984375, 7431
3.7283992767333984, 7430
3.730393886566162, 7429
3.7323896884918213, 7428
3.7333858013153076, 7427
3.7343831062316895, 7426
3.7353806495666504, 7425
3.737375259399414, 7424
3.7394754886627197, 7423
3.7404725551605225, 7422
3.7414698600769043, 7421
3.743495464324951, 7420
3.7444956302642822, 7419
3.745563268661499, 7418
3.7465932369232178, 7417
3.7475903034210205, 7416
3.7485876083374023, 7415
3.749584913253784, 7414
3.750581979751587, 7413
3.7515814304351807, 7412
3.7525768280029297, 7411
3.753638982772827, 7410
3.754668951034546, 7409
3.7556657791137695, 7408
3.7576279640197754, 7407
3.7586612701416016, 7406
3.7596566677093506, 7405
3.760652542114258, 7404
3.7616477012634277, 7403
3.7626471519470215, 7402
3.7636446952819824, 7401
3.764646530151367, 7400
3.7656397819519043, 7399
3.7666401863098145, 7398
3.767634153366089, 7397
3.7696261405944824, 7396
3.7706258296966553, 7395
3.7716236114501953, 7394
3.773587226867676, 7393
3.774618148803711, 7392
3.7756130695343018, 7391
3.7766098976135254, 7390
3.7776072025299072, 7389
3.77860426902771, 7388
3.779601812362671, 7387
3.7806038856506348, 7386
3.7815966606140137, 7385
3.782597303390503, 7384
3.78458833694458, 7383
3.785583734512329, 7382
3.7865848541259766, 7381
3.787581443786621, 7380
3.7885773181915283, 7379
3.7895448207855225, 7378
3.7905774116516113, 7377
3.792567253112793, 7376
3.7935619354248047, 7375
3.7945621013641357, 7374
3.7955591678619385, 7373
3.796555995941162, 7372
3.7975542545318604, 7371
3.798553705215454, 7370
3.799548625946045, 7369
3.800546169281006, 7368
3.8035390377044678, 7367
3.806533098220825, 7366
3.8095202445983887, 7365
3.8125181198120117, 7364
3.8155064582824707, 7363
3.8204612731933594, 7362
3.8234753608703613, 7361
3.826476573944092, 7360
3.829472541809082, 7359
3.833455801010132, 7358
3.836449384689331, 7357
3.839430809020996, 7356
3.8434855937957764, 7355
3.8474745750427246, 7354
3.852461099624634, 7353
3.8554537296295166, 7352
3.859543561935425, 7351
3.8625354766845703, 7350
3.866617441177368, 7349
3.870607852935791, 7348
3.8745973110198975, 7347
3.8785877227783203, 7346
3.8825759887695312, 7345
3.8865652084350586, 7344
3.890554666519165, 7343
3.8945438861846924, 7342
3.897535800933838, 7341
3.9016501903533936, 7340
3.905639171600342, 7339
3.9097485542297363, 7338
3.9137396812438965, 7337
3.917847156524658, 7336
3.9208390712738037, 7335
3.9248952865600586, 7334
3.928884506225586, 7333
3.932875156402588, 7332
3.936863422393799, 7331
3.9409778118133545, 7330
3.960040330886841, 7329
3.9650275707244873, 7328
3.9710116386413574, 7327
3.9740030765533447, 7326
3.982013463973999, 7325
3.98500657081604, 7324
3.9879984855651855, 7323
3.9919557571411133, 7322
4.000004529953003, 7321
4.0029566287994385, 7320
4.006921291351318, 7319
4.009937763214111, 7318
4.012898683547974, 7317
4.015921592712402, 7316
4.019880056381226, 7315
4.022872447967529, 7314
4.025983810424805, 7313
4.028977155685425, 7312
4.032001495361328, 7311
4.03511381149292, 7310
4.045217037200928, 7309
4.046213388442993, 7308
4.049205541610718, 7307
4.052197217941284, 7306
4.055189371109009, 7305
4.058183670043945, 7304
4.061288356781006, 7303
4.0642828941345215, 7302
4.068350791931152, 7301
4.0713419914245605, 7300
4.074463129043579, 7299
4.077454328536987, 7298
4.080446720123291, 7297
4.084536790847778, 7296
4.087529897689819, 7295
4.091517925262451, 7294
4.094509601593018, 7293
4.097502708435059, 7292
4.1006410121917725, 7291
4.1046302318573, 7290
4.107622146606445, 7289
4.110614061355591, 7288
4.1136088371276855, 7287
4.11659836769104, 7286
4.120587348937988, 7285
4.12372088432312, 7284
4.126739501953125, 7283
4.12973427772522, 7282
4.132725477218628, 7281
4.135718107223511, 7280
4.138798475265503, 7279
4.142787456512451, 7278
4.145779371261597, 7277
4.148921489715576, 7276
4.151918888092041, 7275
4.155003309249878, 7274
4.1589930057525635, 7273
4.162072420120239, 7272
4.165096759796143, 7271
4.169086694717407, 7270
4.1720781326293945, 7269
4.175069808959961, 7268
4.178062677383423, 7267
4.1811723709106445, 7266
4.18416428565979, 7265
4.18815541267395, 7264
4.191145896911621, 7263
4.1941375732421875, 7262
4.197246074676514, 7261
4.201236248016357, 7260
4.203328371047974, 7259
4.207286834716797, 7258
4.210309743881226, 7257
4.21330189704895, 7256
4.216294050216675, 7255
4.220283508300781, 7254
4.223276853561401, 7253
4.2262678146362305, 7252
4.229228734970093, 7251
4.232219219207764, 7250
4.236352920532227, 7249
4.239312410354614, 7248
4.243420124053955, 7247
4.246411561965942, 7246
4.250401020050049, 7245
4.254390239715576, 7244
4.258535385131836, 7243
4.261559963226318, 7242
4.264552116394043, 7241
4.26766562461853, 7240
4.271624326705933, 7239
4.2747368812561035, 7238
4.277761459350586, 7237
4.280754566192627, 7236
4.283847093582153, 7235
4.293822526931763, 7234
4.295817613601685, 7233
4.296814918518066, 7232
4.29781174659729, 7231
4.299919366836548, 7230
4.3028788566589355, 7229
4.305905342102051, 7228
4.308892250061035, 7227
4.311889410018921, 7226
4.314878940582275, 7225
4.316870450973511, 7224
4.319867372512817, 7223
4.322826385498047, 7222
4.3258490562438965, 7221
4.3288414478302, 7220
4.3318328857421875, 7219
4.334825754165649, 7218
4.336820125579834, 7217
4.339925050735474, 7216
4.342914819717407, 7215
4.34598183631897, 7214
4.349009037017822, 7213
4.350968360900879, 7212
4.353960275650024, 7211
4.35706090927124, 7210
4.3600544929504395, 7209
4.363152265548706, 7208
4.36614465713501, 7207
4.369138717651367, 7206
4.372129201889038, 7205
4.376084804534912, 7204
4.3800764083862305, 7203
4.384065389633179, 7202
4.387057065963745, 7201
4.391045093536377, 7200
4.3930394649505615, 7199
4.397028923034668, 7198
4.399023532867432, 7197
4.402015447616577, 7196
4.405040979385376, 7195
4.408035039901733, 7194
4.411025762557983, 7193
4.414016008377075, 7192
4.417010545730591, 7191
4.420116662979126, 7190
4.423111438751221, 7189
4.426098108291626, 7188
4.428209066390991, 7187
4.431201934814453, 7186
4.43425726890564, 7185
4.436284303665161, 7184
4.439244031906128, 7183
4.442265510559082, 7182
4.4452598094940186, 7181
4.448251962661743, 7180
4.451244831085205, 7179
4.4532434940338135, 7178
4.456232070922852, 7177
4.45933985710144, 7176
4.462332487106323, 7175
4.465412378311157, 7174
4.4694342613220215, 7173
4.470428466796875, 7172
4.471428394317627, 7171
4.472425699234009, 7170
4.473512411117554, 7169
4.474541902542114, 7168
4.475541114807129, 7167
4.475541114807129, 7166
4.478533744812012, 7165
4.47952938079834, 7164
4.480526924133301, 7163
4.480526924133301, 7162
4.48159646987915, 7161
4.484621047973633, 7160
4.485586643218994, 7159
4.486615419387817, 7158
4.487614393234253, 7157
4.487614393234253, 7156
4.489608287811279, 7155
4.489608287811279, 7154
4.490607976913452, 7153
4.491602897644043, 7152
4.492599248886108, 7151
4.493594646453857, 7150
4.49459433555603, 7149
4.495591402053833, 7148
4.49659276008606, 7147
4.49659276008606, 7146
4.497586011886597, 7145
4.4985857009887695, 7144
4.501572847366333, 7143
4.501572847366333, 7142
4.504536867141724, 7141
4.507529020309448, 7140
4.511518716812134, 7139
4.512516021728516, 7138
4.5145111083984375, 7137
4.515507698059082, 7136
4.516505002975464, 7135
4.518499851226807, 7134
4.51949667930603, 7133
4.520494222640991, 7132
4.524493455886841, 7131
4.525479555130005, 7130
4.526476621627808, 7129
4.52747368812561, 7128
4.528470993041992, 7127
4.529468536376953, 7126
4.529468536376953, 7125
4.530465841293335, 7124
4.531462907791138, 7123
4.532460451126099, 7122
4.533459186553955, 7121
4.534457445144653, 7120
4.535486221313477, 7119
4.5364861488342285, 7118
4.537448167800903, 7117
4.53848123550415, 7116
4.539475202560425, 7115
4.540439128875732, 7114
4.541467189788818, 7113
4.542466878890991, 7112
4.543463945388794, 7111
4.544464826583862, 7110
4.544464826583862, 7109
4.545458078384399, 7108
4.546535491943359, 7107
4.5475687980651855, 7106
4.54856276512146, 7105
4.549561500549316, 7104
4.5505547523498535, 7103
4.551524639129639, 7102
4.552552938461304, 7101
4.553552627563477, 7100
4.554546594619751, 7099
4.554546594619751, 7098
4.555546283721924, 7097
4.556544542312622, 7096
4.557506799697876, 7095
4.558533430099487, 7094
4.559532880783081, 7093
4.560530424118042, 7092
4.5615315437316895, 7091
4.5615315437316895, 7090
4.562598943710327, 7089
4.563628911972046, 7088
4.564625978469849, 7087
4.565592050552368, 7086
4.566589117050171, 7085
4.5675859451293945, 7084
4.5675859451293945, 7083
4.568582534790039, 7082
4.569580078125, 7081
4.570577144622803, 7080
4.571574687957764, 7079
4.572572469711304, 7078
4.5735695362091064, 7077
4.574566841125488, 7076
4.57556414604187, 7075
4.57556414604187, 7074
4.576561450958252, 7073
4.577558517456055, 7072
4.578717947006226, 7071
4.5797154903411865, 7070
4.5797154903411865, 7069
4.582143783569336, 7068
4.584732294082642, 7067
4.585822343826294, 7066
4.586852788925171, 7065
4.587846994400024, 7064
4.588814735412598, 7063
4.589846134185791, 7062
4.59080958366394, 7061
4.59080958366394, 7060
4.591838598251343, 7059
4.592836618423462, 7058
4.593919277191162, 7057
4.594948768615723, 7056
4.595946311950684, 7055
4.596944808959961, 7054
4.596944808959961, 7053
4.597941160202026, 7052
4.598941326141357, 7051
4.599937677383423, 7050
4.600935459136963, 7049
4.601993799209595, 7048
4.603024005889893, 7047
4.603024005889893, 7046
4.60402250289917, 7045
4.605018138885498, 7044
4.6059839725494385, 7043
4.607014417648315, 7042
4.608011245727539, 7041
4.609006643295288, 7040
4.610004663467407, 7039
4.611002683639526, 7038
4.612001180648804, 7037
4.61299729347229, 7036
4.613994359970093, 7035
4.613994359970093, 7034
4.614992618560791, 7033
4.615988731384277, 7032
4.616988658905029, 7031
4.617983341217041, 7030
4.619052171707153, 7029
4.620081424713135, 7028
4.621082067489624, 7027
4.622076034545898, 7026
4.623074293136597, 7025
4.6240692138671875, 7024
4.6240692138671875, 7023
4.627160549163818, 7022
4.633144378662109, 7021
4.693500757217407, 7020
4.694498300552368, 7019
4.71377968788147, 7018
4.7228922843933105, 7017
4.7258851528167725, 7016
4.748064994812012, 7015
4.775064468383789, 7014
4.81322717666626, 7013
4.814224720001221, 7012
4.96673846244812, 7011
5.137477874755859, 7010
5.414855241775513, 7009
5.424904108047485, 7008
5.5682172775268555, 7007
5.643321990966797, 7006
5.789386987686157, 7005
5.8402087688446045, 7004
6.017049312591553, 7003
6.079334259033203, 7002
6.151302814483643, 7001
6.170251131057739, 7000
6.194549798965454, 6999
6.206631660461426, 6998
6.21361517906189, 6997
6.2278056144714355, 6996
6.237861156463623, 6995
6.245349168777466, 6994
6.264466285705566, 6993
6.270559310913086, 6992
6.274517059326172, 6991
6.2795374393463135, 6990
6.284522294998169, 6989
6.28551983833313, 6988
6.36611795425415, 6987
6.440805673599243, 6986
6.449866533279419, 6985
6.53155517578125, 6984
6.680377006530762, 6983
6.711377143859863, 6982
6.813059568405151, 6981
6.8221564292907715, 6980
6.827226638793945, 6979
6.845323324203491, 6978
7.036094427108765, 6977
7.041112661361694, 6976
7.253720283508301, 6975
7.255717992782593, 6974
7.327104091644287, 6973
7.344059228897095, 6972
7.351040363311768, 6971
7.3771891593933105, 6970
7.408515930175781, 6969
7.417460203170776, 6968
7.4267144203186035, 6967
7.427709341049194, 6966
7.497724771499634, 6965
9.085274696350098, 6964
9.2019624710083, 6963
9.474234104156494, 6962
9.786399602890015, 6961
9.907077074050903, 6960
