0.2827467918395996, 6805
0.2827467918395996, 6804
0.2827467918395996, 6803
0.2827467918395996, 6802
0.2827467918395996, 6801
0.2827467918395996, 6800
0.2827467918395996, 6799
0.2827467918395996, 6798
0.2827467918395996, 6797
0.2827467918395996, 6796
0.2827467918395996, 6795
0.2827467918395996, 6794
0.2827467918395996, 6793
0.2827467918395996, 6792
0.2827467918395996, 6791
0.2827467918395996, 6790
0.2827467918395996, 6789
0.2907857894897461, 6788
0.2907857894897461, 6787
0.2907857894897461, 6786
0.2907857894897461, 6785
0.2907857894897461, 6784
0.29282498359680176, 6783
0.29282498359680176, 6782
0.29282498359680176, 6781
0.29282498359680176, 6780
0.29282498359680176, 6779
0.29282498359680176, 6778
0.29282498359680176, 6777
0.29282498359680176, 6776
0.29282498359680176, 6775
0.29282498359680176, 6774
0.29282498359680176, 6773
0.29282498359680176, 6772
0.29282498359680176, 6771
0.29282498359680176, 6770
0.29282498359680176, 6769
0.29282498359680176, 6768
0.29282498359680176, 6767
0.29282498359680176, 6766
0.29282498359680176, 6765
0.29282498359680176, 6764
0.30088114738464355, 6763
0.30088114738464355, 6762
0.302919864654541, 6761
0.302919864654541, 6760
0.302919864654541, 6759
0.302919864654541, 6758
0.302919864654541, 6757
0.302919864654541, 6756
0.302919864654541, 6755
0.302919864654541, 6754
0.302919864654541, 6753
0.302919864654541, 6752
0.302919864654541, 6751
0.302919864654541, 6750
0.302919864654541, 6749
0.302919864654541, 6748
0.302919864654541, 6747
0.302919864654541, 6746
0.302919864654541, 6745
0.3109555244445801, 6744
0.3109555244445801, 6743
0.3109555244445801, 6742
0.3109555244445801, 6741
0.31299448013305664, 6740
0.31299448013305664, 6739
0.31299448013305664, 6738
0.31299448013305664, 6737
0.31299448013305664, 6736
0.31299448013305664, 6735
0.31299448013305664, 6734
0.31299448013305664, 6733
0.31299448013305664, 6732
0.31299448013305664, 6731
0.31299448013305664, 6730
0.31299448013305664, 6729
0.31299448013305664, 6728
0.31299448013305664, 6727
0.3210318088531494, 6726
0.3210439682006836, 6725
0.3210439682006836, 6724
0.3230865001678467, 6723
0.3230865001678467, 6722
0.3230865001678467, 6721
0.3230865001678467, 6720
0.3230865001678467, 6719
0.3230865001678467, 6718
0.3230865001678467, 6717
0.3230865001678467, 6716
0.3230865001678467, 6715
0.3230865001678467, 6714
0.3230865001678467, 6713
0.3230865001678467, 6712
0.3230865001678467, 6711
0.3230865001678467, 6710
0.3230865001678467, 6709
0.3230865001678467, 6708
0.3230865001678467, 6707
0.3230865001678467, 6706
0.3311269283294678, 6705
0.3311269283294678, 6704
0.3311269283294678, 6703
0.3311269283294678, 6702
0.33316564559936523, 6701
0.33316564559936523, 6700
0.33316564559936523, 6699
0.33316564559936523, 6698
0.33316564559936523, 6697
0.33316564559936523, 6696
0.33316564559936523, 6695
0.33316564559936523, 6694
0.33316564559936523, 6693
0.33316564559936523, 6692
0.33316564559936523, 6691
0.33316564559936523, 6690
0.33316564559936523, 6689
0.33316564559936523, 6688
0.3412132263183594, 6687
0.3412132263183594, 6686
0.3412132263183594, 6685
0.34325408935546875, 6684
0.34325408935546875, 6683
0.34325408935546875, 6682
0.34325408935546875, 6681
0.34325408935546875, 6680
0.34325408935546875, 6679
0.34325408935546875, 6678
0.34325408935546875, 6677
0.34325408935546875, 6676
0.34325408935546875, 6675
0.34325408935546875, 6674
0.34325408935546875, 6673
0.34325408935546875, 6672
0.34325408935546875, 6671
0.34325408935546875, 6670
0.34325408935546875, 6669
0.34325408935546875, 6668
0.34325408935546875, 6667
0.35129308700561523, 6666
0.35129308700561523, 6665
0.35129308700561523, 6664
0.35129308700561523, 6663
0.35129308700561523, 6662
0.3533356189727783, 6661
0.3533356189727783, 6660
0.3533356189727783, 6659
0.3533356189727783, 6658
0.3533356189727783, 6657
0.3533356189727783, 6656
0.3533356189727783, 6655
0.3533356189727783, 6654
0.3533356189727783, 6653
0.3533356189727783, 6652
0.3533356189727783, 6651
0.3533356189727783, 6650
0.3533356189727783, 6649
0.3533356189727783, 6648
0.3533356189727783, 6647
0.3533356189727783, 6646
0.36137986183166504, 6645
0.36137986183166504, 6644
0.36137986183166504, 6643
0.36137986183166504, 6642
0.3634223937988281, 6641
0.3634223937988281, 6640
0.3634223937988281, 6639
0.3634223937988281, 6638
0.3634223937988281, 6637
0.3634223937988281, 6636
0.3634223937988281, 6635
0.3634223937988281, 6634
0.3634223937988281, 6633
0.3634223937988281, 6632
0.3634223937988281, 6631
0.3634223937988281, 6630
0.3634223937988281, 6629
0.3634223937988281, 6628
0.3634223937988281, 6627
0.3634223937988281, 6626
0.37146425247192383, 6625
0.37146425247192383, 6624
0.37146425247192383, 6623
0.37146425247192383, 6622
0.37146425247192383, 6621
0.37146425247192383, 6620
0.37146425247192383, 6619
0.37146425247192383, 6618
0.37146425247192383, 6617
0.37146425247192383, 6616
0.37146425247192383, 6615
0.37146425247192383, 6614
0.37146425247192383, 6613
0.37146425247192383, 6612
0.37146425247192383, 6611
0.37146425247192383, 6610
0.37146425247192383, 6609
0.37146425247192383, 6608
0.38149023056030273, 6607
0.38149023056030273, 6606
0.38353824615478516, 6605
0.38353824615478516, 6604
0.38353824615478516, 6603
0.38353824615478516, 6602
0.38353824615478516, 6601
0.38353824615478516, 6600
0.38353824615478516, 6599
0.38353824615478516, 6598
0.38353824615478516, 6597
19.423600912094116, 6596
19.423600912094116, 6595
19.433696269989014, 6594
19.595070362091064, 6593
19.605147123336792, 6592
19.605147123336792, 6591
19.605147123336792, 6590
19.605147123336792, 6589
19.605147123336792, 6588
19.605147123336792, 6587
19.704098224639893, 6586
20.08988308906555, 6585
20.08988308906555, 6584
20.08988308906555, 6583
20.08988308906555, 6582
20.08988308906555, 6581
20.08988308906555, 6580
20.10000491142273, 6579
20.10000491142273, 6578
20.10000491142273, 6577
20.10000491142273, 6576
20.108049392700195, 6575
20.110092878341675, 6574
20.118123769760132, 6573
20.1201651096344, 6572
20.1201651096344, 6571
20.1201651096344, 6570
20.1201651096344, 6569
20.1201651096344, 6568
20.1201651096344, 6567
20.1201651096344, 6566
20.128211736679077, 6565
20.128211736679077, 6564
20.128211736679077, 6563
20.128211736679077, 6562
20.128211736679077, 6561
20.130253553390503, 6560
20.130253553390503, 6559
20.130253553390503, 6558
20.130253553390503, 6557
20.130253553390503, 6556
20.130253553390503, 6555
20.130253553390503, 6554
20.130253553390503, 6553
20.130253553390503, 6552
20.130253553390503, 6551
20.130253553390503, 6550
20.130253553390503, 6549
20.130253553390503, 6548
20.13831400871277, 6547
20.14035439491272, 6546
20.14035439491272, 6545
20.14035439491272, 6544
20.14035439491272, 6543
20.14035439491272, 6542
20.14035439491272, 6541
20.14035439491272, 6540
20.14035439491272, 6539
20.14035439491272, 6538
20.14035439491272, 6537
20.14035439491272, 6536
20.14035439491272, 6535
20.14035439491272, 6534
20.14839506149292, 6533
20.14839506149292, 6532
20.15043616294861, 6531
20.15043616294861, 6530
20.158501863479614, 6529
20.16054654121399, 6528
20.16054654121399, 6527
20.16054654121399, 6526
20.16054654121399, 6525
20.168548345565796, 6524
20.168586254119873, 6523
20.170625925064087, 6522
20.170625925064087, 6521
20.170625925064087, 6520
20.170625925064087, 6519
20.178669452667236, 6518
20.18071746826172, 6517
20.18071746826172, 6516
20.18071746826172, 6515
20.190809726715088, 6514
20.190809726715088, 6513
20.190809726715088, 6512
20.190809726715088, 6511
20.190809726715088, 6510
20.190809726715088, 6509
20.190809726715088, 6508
20.190809726715088, 6507
20.190809726715088, 6506
20.190809726715088, 6505
20.198833227157593, 6504
20.20087456703186, 6503
20.20087456703186, 6502
20.20087456703186, 6501
20.20087456703186, 6500
20.20087456703186, 6499
20.20087456703186, 6498
20.20087456703186, 6497
20.20087456703186, 6496
20.20888328552246, 6495
20.20888328552246, 6494
20.20888328552246, 6493
20.210922241210938, 6492
20.210922241210938, 6491
20.210922241210938, 6490
20.210922241210938, 6489
20.210922241210938, 6488
20.210922241210938, 6487
20.210922241210938, 6486
20.210922241210938, 6485
20.210922241210938, 6484
20.210922241210938, 6483
20.210922241210938, 6482
20.21897029876709, 6481
20.221012353897095, 6480
20.221012353897095, 6479
20.229053020477295, 6478
20.229053020477295, 6477
20.23109245300293, 6476
20.23109245300293, 6475
20.23109245300293, 6474
20.23109245300293, 6473
20.23109245300293, 6472
20.23109245300293, 6471
20.23109245300293, 6470
20.23109245300293, 6469
20.23109245300293, 6468
20.23109245300293, 6467
20.23109245300293, 6466
20.23109245300293, 6465
20.239137887954712, 6464
20.241178035736084, 6463
20.251264095306396, 6462
20.251264095306396, 6461
20.251264095306396, 6460
20.251264095306396, 6459
20.251264095306396, 6458
20.251264095306396, 6457
20.259320974349976, 6456
20.261361837387085, 6455
20.261361837387085, 6454
20.261361837387085, 6453
20.261361837387085, 6452
20.261361837387085, 6451
20.261361837387085, 6450
20.261361837387085, 6449
20.261361837387085, 6448
20.261361837387085, 6447
20.261361837387085, 6446
20.269402265548706, 6445
20.269402265548706, 6444
20.269402265548706, 6443
20.269402265548706, 6442
20.269402265548706, 6441
20.271438360214233, 6440
20.271438360214233, 6439
20.271438360214233, 6438
20.271438360214233, 6437
20.271438360214233, 6436
20.271438360214233, 6435
20.271438360214233, 6434
20.271438360214233, 6433
20.271438360214233, 6432
20.271438360214233, 6431
20.271438360214233, 6430
20.271438360214233, 6429
20.279496669769287, 6428
20.281537294387817, 6427
20.281537294387817, 6426
20.281537294387817, 6425
20.28957986831665, 6424
20.291621208190918, 6423
20.291621208190918, 6422
20.291621208190918, 6421
20.30171823501587, 6420
20.30171823501587, 6419
20.3198664188385, 6418
20.321916818618774, 6417
20.329956531524658, 6416
20.331998348236084, 6415
20.331998348236084, 6414
20.331998348236084, 6413
20.340044736862183, 6412
20.342084407806396, 6411
20.342084407806396, 6410
20.342084407806396, 6409
20.350127696990967, 6408
20.352164268493652, 6407
20.352164268493652, 6406
20.352164268493652, 6405
20.36225128173828, 6404
20.36225128173828, 6403
20.370291233062744, 6402
20.370291233062744, 6401
20.37232995033264, 6400
20.37232995033264, 6399
20.37232995033264, 6398
20.37232995033264, 6397
20.37232995033264, 6396
20.37232995033264, 6395
20.37232995033264, 6394
20.37232995033264, 6393
20.37232995033264, 6392
20.37232995033264, 6391
20.37232995033264, 6390
20.38242745399475, 6389
20.38242745399475, 6388
20.38242745399475, 6387
20.392512798309326, 6386
20.392512798309326, 6385
20.400566816329956, 6384
20.400566816329956, 6383
20.400566816329956, 6382
20.400566816329956, 6381
20.402570962905884, 6380
20.402612924575806, 6379
20.402612924575806, 6378
20.402612924575806, 6377
20.402612924575806, 6376
20.402612924575806, 6375
20.402612924575806, 6374
20.402612924575806, 6373
20.41065812110901, 6372
20.41065812110901, 6371
20.41270112991333, 6370
20.41270112991333, 6369
20.41270112991333, 6368
20.41270112991333, 6367
20.41270112991333, 6366
20.41270112991333, 6365
20.41270112991333, 6364
20.420747995376587, 6363
20.420747995376587, 6362
20.422752857208252, 6361
20.422794818878174, 6360
20.422794818878174, 6359
20.422794818878174, 6358
20.422794818878174, 6357
20.422794818878174, 6356
20.422794818878174, 6355
20.43287992477417, 6354
20.43287992477417, 6353
20.43287992477417, 6352
20.43287992477417, 6351
20.44092607498169, 6350
20.442970037460327, 6349
20.442970037460327, 6348
20.442970037460327, 6347
20.442970037460327, 6346
20.442970037460327, 6345
20.442970037460327, 6344
20.442970037460327, 6343
20.442970037460327, 6342
20.442970037460327, 6341
20.442970037460327, 6340
20.442970037460327, 6339
20.442970037460327, 6338
20.442970037460327, 6337
20.451009511947632, 6336
20.451009511947632, 6335
20.451009511947632, 6334
20.451009511947632, 6333
20.45305323600769, 6332
20.45305323600769, 6331
20.45305323600769, 6330
20.45305323600769, 6329
20.45305323600769, 6328
20.45305323600769, 6327
20.45305323600769, 6326
20.463566541671753, 6325
20.463566541671753, 6324
20.463566541671753, 6323
20.463566541671753, 6322
20.463566541671753, 6321
20.463566541671753, 6320
20.47160768508911, 6319
20.47160768508911, 6318
20.47160768508911, 6317
20.47160768508911, 6316
20.47160768508911, 6315
20.47160768508911, 6314
20.47160768508911, 6313
20.47160768508911, 6312
20.47160768508911, 6311
20.481659412384033, 6310
20.481659412384033, 6309
20.483702659606934, 6308
20.483702659606934, 6307
20.483702659606934, 6306
20.483702659606934, 6305
20.483702659606934, 6304
20.483702659606934, 6303
20.483702659606934, 6302
20.483702659606934, 6301
20.483702659606934, 6300
20.483702659606934, 6299
20.483702659606934, 6298
20.483702659606934, 6297
20.49174427986145, 6296
20.49174427986145, 6295
20.49174427986145, 6294
20.49174427986145, 6293
20.49174427986145, 6292
20.493785619735718, 6291
20.493785619735718, 6290
20.493785619735718, 6289
20.493785619735718, 6288
20.493785619735718, 6287
20.493785619735718, 6286
20.493785619735718, 6285
20.493785619735718, 6284
20.493785619735718, 6283
20.493785619735718, 6282
20.493785619735718, 6281
20.493785619735718, 6280
20.493785619735718, 6279
20.493785619735718, 6278
20.493785619735718, 6277
20.50183939933777, 6276
20.50183939933777, 6275
20.50183939933777, 6274
20.50183939933777, 6273
20.50183939933777, 6272
20.50388741493225, 6271
20.50388741493225, 6270
20.50388741493225, 6269
20.50388741493225, 6268
20.50388741493225, 6267
20.50388741493225, 6266
20.50388741493225, 6265
20.50388741493225, 6264
20.50388741493225, 6263
20.5119309425354, 6262
20.5119309425354, 6261
20.5119309425354, 6260
20.5119309425354, 6259
20.51393413543701, 6258
20.513975858688354, 6257
20.513975858688354, 6256
20.513975858688354, 6255
20.513975858688354, 6254
20.513975858688354, 6253
20.513975858688354, 6252
20.521995782852173, 6251
20.521995782852173, 6250
20.524040699005127, 6249
20.524040699005127, 6248
20.524040699005127, 6247
20.524040699005127, 6246
20.524040699005127, 6245
20.524040699005127, 6244
20.532092571258545, 6243
20.532092571258545, 6242
20.534138441085815, 6241
20.534138441085815, 6240
20.534138441085815, 6239
20.534138441085815, 6238
20.534138441085815, 6237
20.534138441085815, 6236
20.534138441085815, 6235
20.534138441085815, 6234
20.534138441085815, 6233
20.534138441085815, 6232
20.542155981063843, 6231
20.542155981063843, 6230
20.542155981063843, 6229
20.544198274612427, 6228
20.544198274612427, 6227
20.544198274612427, 6226
20.544198274612427, 6225
20.544198274612427, 6224
20.544198274612427, 6223
20.544198274612427, 6222
20.544198274612427, 6221
20.544198274612427, 6220
20.544198274612427, 6219
20.544198274612427, 6218
20.55220079421997, 6217
20.552239179611206, 6216
20.554279804229736, 6215
20.554279804229736, 6214
20.554279804229736, 6213
20.554279804229736, 6212
20.554279804229736, 6211
20.554279804229736, 6210
20.554279804229736, 6209
20.554279804229736, 6208
20.554279804229736, 6207
20.562293529510498, 6206
20.564334869384766, 6205
20.564334869384766, 6204
20.564334869384766, 6203
20.564334869384766, 6202
20.564334869384766, 6201
20.564334869384766, 6200
20.564334869384766, 6199
20.564334869384766, 6198
20.564334869384766, 6197
20.564334869384766, 6196
20.564334869384766, 6195
20.564334869384766, 6194
20.564334869384766, 6193
20.572375774383545, 6192
20.572375774383545, 6191
20.572375774383545, 6190
20.572375774383545, 6189
20.572375774383545, 6188
20.57441234588623, 6187
20.57441234588623, 6186
20.584514379501343, 6185
20.584514379501343, 6184
20.584514379501343, 6183
20.584514379501343, 6182
20.584514379501343, 6181
20.584514379501343, 6180
20.584514379501343, 6179
20.584514379501343, 6178
20.584514379501343, 6177
20.592556953430176, 6176
20.5945942401886, 6175
20.5945942401886, 6174
20.602640390396118, 6173
20.604689359664917, 6172
20.604689359664917, 6171
20.604689359664917, 6170
20.612731218338013, 6169
20.614777088165283, 6168
20.614777088165283, 6167
20.614777088165283, 6166
20.614777088165283, 6165
20.62279963493347, 6164
20.62484836578369, 6163
20.62484836578369, 6162
20.62484836578369, 6161
20.632892847061157, 6160
20.634936094284058, 6159
20.634936094284058, 6158
20.634936094284058, 6157
20.634936094284058, 6156
20.642985343933105, 6155
20.64502477645874, 6154
20.64502477645874, 6153
20.64502477645874, 6152
20.653064966201782, 6151
20.653064966201782, 6150
20.653064966201782, 6149
20.653064966201782, 6148
20.65510606765747, 6147
20.65510606765747, 6146
20.65510606765747, 6145
20.65510606765747, 6144
20.65510606765747, 6143
20.65510606765747, 6142
20.65510606765747, 6141
20.65510606765747, 6140
20.65510606765747, 6139
20.65510606765747, 6138
20.65510606765747, 6137
20.65510606765747, 6136
20.65510606765747, 6135
20.65510606765747, 6134
20.65510606765747, 6133
20.65510606765747, 6132
20.663126468658447, 6131
20.663126468658447, 6130
20.663126468658447, 6129
20.663126468658447, 6128
20.663126468658447, 6127
20.665173053741455, 6126
20.665173053741455, 6125
20.665173053741455, 6124
20.665173053741455, 6123
20.665173053741455, 6122
20.665173053741455, 6121
20.665173053741455, 6120
20.665173053741455, 6119
20.665173053741455, 6118
20.665173053741455, 6117
20.673216581344604, 6116
20.673216581344604, 6115
20.673216581344604, 6114
20.675259590148926, 6113
20.675259590148926, 6112
20.675259590148926, 6111
20.675259590148926, 6110
20.675259590148926, 6109
20.675259590148926, 6108
20.675259590148926, 6107
20.675259590148926, 6106
20.675259590148926, 6105
20.675259590148926, 6104
20.683278799057007, 6103
20.685319423675537, 6102
20.685319423675537, 6101
20.685319423675537, 6100
20.685319423675537, 6099
20.685319423675537, 6098
20.685319423675537, 6097
20.685319423675537, 6096
20.693362951278687, 6095
20.69540238380432, 6094
20.69540238380432, 6093
20.69540238380432, 6092
20.69540238380432, 6091
20.69540238380432, 6090
20.69540238380432, 6089
20.69540238380432, 6088
20.71557879447937, 6087
20.71557879447937, 6086
20.71557879447937, 6085
20.71557879447937, 6084
20.71557879447937, 6083
20.71557879447937, 6082
20.723628044128418, 6081
20.723628044128418, 6080
20.72567057609558, 6079
20.72567057609558, 6078
20.72567057609558, 6077
20.72567057609558, 6076
20.72567057609558, 6075
20.72567057609558, 6074
20.72567057609558, 6073
20.72567057609558, 6072
20.733710050582886, 6071
20.733710050582886, 6070
20.733710050582886, 6069
20.733710050582886, 6068
20.733710050582886, 6067
20.735750436782837, 6066
20.735750436782837, 6065
20.735750436782837, 6064
20.735750436782837, 6063
20.735750436782837, 6062
20.735750436782837, 6061
20.735750436782837, 6060
20.735750436782837, 6059
20.743801832199097, 6058
20.743801832199097, 6057
20.743801832199097, 6056
20.74584197998047, 6055
20.74584197998047, 6054
20.74584197998047, 6053
20.74584197998047, 6052
20.74584197998047, 6051
20.753885984420776, 6050
20.753885984420776, 6049
20.763969659805298, 6048
20.763969659805298, 6047
20.76601004600525, 6046
20.76601004600525, 6045
20.76601004600525, 6044
20.76601004600525, 6043
20.76601004600525, 6042
20.76601004600525, 6041
20.76601004600525, 6040
20.76601004600525, 6039
20.76601004600525, 6038
20.76601004600525, 6037
20.76601004600525, 6036
20.77405309677124, 6035
20.77405309677124, 6034
20.77405309677124, 6033
20.776092767715454, 6032
20.776092767715454, 6031
20.776092767715454, 6030
20.776092767715454, 6029
20.776092767715454, 6028
20.776092767715454, 6027
20.776092767715454, 6026
20.786192178726196, 6025
20.786192178726196, 6024
20.786192178726196, 6023
20.786192178726196, 6022
20.786192178726196, 6021
20.786192178726196, 6020
20.786192178726196, 6019
20.786192178726196, 6018
20.79423475265503, 6017
20.79423475265503, 6016
20.79423475265503, 6015
20.79628038406372, 6014
20.79628038406372, 6013
20.79628038406372, 6012
20.79628038406372, 6011
20.804304122924805, 6010
20.806615114212036, 6009
20.80761170387268, 6008
20.80857753753662, 6007
20.80965781211853, 6006
20.80965781211853, 6005
20.80965781211853, 6004
20.81470489501953, 6003
20.81470489501953, 6002
20.816743850708008, 6001
20.816743850708008, 6000
20.816743850708008, 5999
20.816743850708008, 5998
20.816743850708008, 5997
20.824803113937378, 5996
20.836922645568848, 5995
20.836922645568848, 5994
20.836922645568848, 5993
20.836922645568848, 5992
20.844987630844116, 5991
20.847033977508545, 5990
20.847033977508545, 5989
20.847033977508545, 5988
20.847033977508545, 5987
20.857115268707275, 5986
20.857115268707275, 5985
20.857115268707275, 5984
20.857115268707275, 5983
20.857115268707275, 5982
20.865171670913696, 5981
20.865171670913696, 5980
20.86721968650818, 5979
20.86721968650818, 5978
20.875263929367065, 5977
20.875263929367065, 5976
20.87731122970581, 5975
20.87731122970581, 5974
20.87731122970581, 5973
20.87731122970581, 5972
20.87731122970581, 5971
20.87731122970581, 5970
20.87731122970581, 5969
20.87731122970581, 5968
20.87731122970581, 5967
20.87731122970581, 5966
20.885351419448853, 5965
20.88739585876465, 5964
20.88739585876465, 5963
20.88739585876465, 5962
20.88739585876465, 5961
20.88739585876465, 5960
20.88739585876465, 5959
20.88739585876465, 5958
20.88739585876465, 5957
20.88739585876465, 5956
20.89539909362793, 5955
20.895442962646484, 5954
20.895442962646484, 5953
20.897488355636597, 5952
20.897488355636597, 5951
20.897488355636597, 5950
20.897488355636597, 5949
20.897488355636597, 5948
20.897488355636597, 5947
20.897488355636597, 5946
20.897488355636597, 5945
20.897488355636597, 5944
20.90550971031189, 5943
20.90550971031189, 5942
20.90755271911621, 5941
20.90755271911621, 5940
20.90755271911621, 5939
20.90755271911621, 5938
20.90755271911621, 5937
20.90755271911621, 5936
20.90755271911621, 5935
20.90755271911621, 5934
20.915592908859253, 5933
20.91763401031494, 5932
20.91763401031494, 5931
20.91763401031494, 5930
20.91763401031494, 5929
20.925767183303833, 5928
20.92781162261963, 5927
20.93585467338562, 5926
20.93585467338562, 5925
20.93585467338562, 5924
20.93585467338562, 5923
20.93585467338562, 5922
20.93585467338562, 5921
20.93585467338562, 5920
20.93585467338562, 5919
20.93585467338562, 5918
20.93585467338562, 5917
20.93585467338562, 5916
20.93585467338562, 5915
20.93585467338562, 5914
20.93585467338562, 5913
20.93585467338562, 5912
20.93585467338562, 5911
20.945903778076172, 5910
20.945903778076172, 5909
20.947943687438965, 5908
20.947943687438965, 5907
20.947943687438965, 5906
20.947943687438965, 5905
20.947943687438965, 5904
20.955981969833374, 5903
20.955981969833374, 5902
20.95802140235901, 5901
20.95802140235901, 5900
20.95802140235901, 5899
20.95802140235901, 5898
20.95802140235901, 5897
20.95802140235901, 5896
20.95802140235901, 5895
20.95802140235901, 5894
20.95802140235901, 5893
20.96607255935669, 5892
20.968112468719482, 5891
20.968112468719482, 5890
20.968112468719482, 5889
20.968112468719482, 5888
20.968112468719482, 5887
20.968112468719482, 5886
20.968112468719482, 5885
20.968112468719482, 5884
20.968112468719482, 5883
20.976151704788208, 5882
20.976151704788208, 5881
20.976151704788208, 5880
20.978191375732422, 5879
20.978191375732422, 5878
20.978191375732422, 5877
20.978191375732422, 5876
20.978191375732422, 5875
20.978191375732422, 5874
20.978191375732422, 5873
20.978191375732422, 5872
20.978191375732422, 5871
20.986247777938843, 5870
20.986247777938843, 5869
20.988288164138794, 5868
20.988288164138794, 5867
20.988288164138794, 5866
20.988288164138794, 5865
20.988288164138794, 5864
20.988288164138794, 5863
20.988288164138794, 5862
20.988288164138794, 5861
20.988288164138794, 5860
20.996330976486206, 5859
20.996330976486206, 5858
20.998369693756104, 5857
21.008481740951538, 5856
21.008481740951538, 5855
21.008481740951538, 5854
21.008481740951538, 5853
21.008481740951538, 5852
21.016529083251953, 5851
21.018575191497803, 5850
21.018575191497803, 5849
21.018575191497803, 5848
21.028669834136963, 5847
21.036720275878906, 5846
21.038801670074463, 5845
21.038801670074463, 5844
21.038801670074463, 5843
21.038801670074463, 5842
21.038801670074463, 5841
21.038801670074463, 5840
21.038801670074463, 5839
21.04681634902954, 5838
21.04885959625244, 5837
21.04885959625244, 5836
21.04885959625244, 5835
21.04885959625244, 5834
21.04885959625244, 5833
21.04885959625244, 5832
21.056904077529907, 5831
21.056904077529907, 5830
21.058947563171387, 5829
21.058947563171387, 5828
21.058947563171387, 5827
21.058947563171387, 5826
21.058947563171387, 5825
21.058947563171387, 5824
21.058947563171387, 5823
21.06695055961609, 5822
21.06941294670105, 5821
21.06941294670105, 5820
21.06941294670105, 5819
21.06941294670105, 5818
21.06941294670105, 5817
21.06941294670105, 5816
21.06941294670105, 5815
21.06941294670105, 5814
21.06941294670105, 5813
21.0774564743042, 5812
21.0774564743042, 5811
21.0774564743042, 5810
21.079495191574097, 5809
21.079495191574097, 5808
21.079495191574097, 5807
21.079495191574097, 5806
21.079495191574097, 5805
21.079495191574097, 5804
21.079495191574097, 5803
21.079495191574097, 5802
21.08756422996521, 5801
21.089603662490845, 5800
21.089603662490845, 5799
21.089603662490845, 5798
21.089603662490845, 5797
21.089603662490845, 5796
21.089603662490845, 5795
21.097647190093994, 5794
21.097647190093994, 5793
21.0996835231781, 5792
21.0996835231781, 5791
21.0996835231781, 5790
21.0996835231781, 5789
21.0996835231781, 5788
21.0996835231781, 5787
21.0996835231781, 5786
21.0996835231781, 5785
21.10775661468506, 5784
21.10775661468506, 5783
21.10979986190796, 5782
21.10979986190796, 5781
21.10979986190796, 5780
21.10979986190796, 5779
21.10979986190796, 5778
21.10979986190796, 5777
21.10979986190796, 5776
21.10979986190796, 5775
21.10979986190796, 5774
21.10979986190796, 5773
21.117839813232422, 5772
21.11996054649353, 5771
21.11996054649353, 5770
21.11996054649353, 5769
21.11996054649353, 5768
21.11996054649353, 5767
21.11996054649353, 5766
21.11996054649353, 5765
21.11996054649353, 5764
21.11996054649353, 5763
21.130046367645264, 5762
21.130046367645264, 5761
21.130046367645264, 5760
21.130046367645264, 5759
21.130046367645264, 5758
21.130046367645264, 5757
21.130046367645264, 5756
21.13808298110962, 5755
21.13808298110962, 5754
21.13808298110962, 5753
21.140121698379517, 5752
21.140121698379517, 5751
21.140121698379517, 5750
21.140121698379517, 5749
21.150237560272217, 5748
21.150237560272217, 5747
21.150237560272217, 5746
21.158281564712524, 5745
21.170417070388794, 5744
21.170417070388794, 5743
21.170417070388794, 5742
21.170417070388794, 5741
21.170417070388794, 5740
21.170417070388794, 5739
21.170417070388794, 5738
21.170417070388794, 5737
21.170417070388794, 5736
21.17846179008484, 5735
21.17846179008484, 5734
21.17846179008484, 5733
21.180505514144897, 5732
21.180505514144897, 5731
21.180505514144897, 5730
21.180505514144897, 5729
21.180505514144897, 5728
21.180505514144897, 5727
21.180505514144897, 5726
21.180505514144897, 5725
21.18857455253601, 5724
21.18857455253601, 5723
21.18857455253601, 5722
21.18857455253601, 5721
21.19101595878601, 5720
21.19101595878601, 5719
21.19101595878601, 5718
21.19101595878601, 5717
21.199062824249268, 5716
21.199062824249268, 5715
21.199062824249268, 5714
21.199062824249268, 5713
21.199062824249268, 5712
21.199062824249268, 5711
21.199062824249268, 5710
21.199062824249268, 5709
21.199062824249268, 5708
21.199062824249268, 5707
21.199062824249268, 5706
21.199062824249268, 5705
21.209128856658936, 5704
21.211170434951782, 5703
21.211170434951782, 5702
21.211170434951782, 5701
21.211170434951782, 5700
21.211170434951782, 5699
21.211170434951782, 5698
21.211170434951782, 5697
21.211170434951782, 5696
21.211170434951782, 5695
21.219210386276245, 5694
21.219210386276245, 5693
21.219210386276245, 5692
21.22125244140625, 5691
21.22125244140625, 5690
21.22125244140625, 5689
21.22125244140625, 5688
21.22125244140625, 5687
21.22125244140625, 5686
21.22125244140625, 5685
21.22125244140625, 5684
21.22125244140625, 5683
21.22125244140625, 5682
21.229307174682617, 5681
21.229307174682617, 5680
21.231348037719727, 5679
21.231348037719727, 5678
21.231348037719727, 5677
21.231348037719727, 5676
21.231348037719727, 5675
21.2393958568573, 5674
21.241443634033203, 5673
21.241443634033203, 5672
21.241443634033203, 5671
21.249502182006836, 5670
21.251546621322632, 5669
21.251546621322632, 5668
21.251546621322632, 5667
21.261624813079834, 5666
21.261624813079834, 5665
21.261624813079834, 5664
21.261624813079834, 5663
21.261624813079834, 5662
21.261624813079834, 5661
21.261624813079834, 5660
21.269697666168213, 5659
21.269697666168213, 5658
21.271737575531006, 5657
21.271737575531006, 5656
21.271737575531006, 5655
21.271737575531006, 5654
21.271737575531006, 5653
21.271737575531006, 5652
21.271737575531006, 5651
21.271737575531006, 5650
21.271737575531006, 5649
21.271737575531006, 5648
21.279778957366943, 5647
21.281818628311157, 5646
21.281818628311157, 5645
21.281818628311157, 5644
21.281818628311157, 5643
21.281818628311157, 5642
21.281818628311157, 5641
21.281818628311157, 5640
21.281818628311157, 5639
21.281818628311157, 5638
21.281818628311157, 5637
21.28988528251648, 5636
21.28988528251648, 5635
21.29192805290222, 5634
21.29192805290222, 5633
21.29192805290222, 5632
21.29192805290222, 5631
21.29192805290222, 5630
21.29192805290222, 5629
21.29192805290222, 5628
21.29192805290222, 5627
21.29192805290222, 5626
21.29192805290222, 5625
21.299967527389526, 5624
21.299967527389526, 5623
21.302008867263794, 5622
21.302008867263794, 5621
21.302008867263794, 5620
21.302008867263794, 5619
21.302008867263794, 5618
21.302008867263794, 5617
21.302008867263794, 5616
21.302008867263794, 5615
21.310056447982788, 5614
21.31209707260132, 5613
21.31209707260132, 5612
21.31209707260132, 5611
21.31209707260132, 5610
21.31209707260132, 5609
21.31209707260132, 5608
21.31209707260132, 5607
21.31209707260132, 5606
21.31209707260132, 5605
21.320183992385864, 5604
21.320183992385864, 5603
21.322226524353027, 5602
21.322226524353027, 5601
21.322226524353027, 5600
21.322226524353027, 5599
21.322226524353027, 5598
21.322226524353027, 5597
21.322226524353027, 5596
21.330275297164917, 5595
21.33231544494629, 5594
21.33231544494629, 5593
21.33231544494629, 5592
21.33231544494629, 5591
21.33231544494629, 5590
21.33231544494629, 5589
21.33231544494629, 5588
21.33231544494629, 5587
21.33231544494629, 5586
21.33231544494629, 5585
21.340356588363647, 5584
21.340356588363647, 5583
21.340356588363647, 5582
21.342395067214966, 5581
21.342395067214966, 5580
21.342395067214966, 5579
21.342395067214966, 5578
21.342395067214966, 5577
21.342395067214966, 5576
21.352465867996216, 5575
21.392578601837158, 5574
21.392578601837158, 5573
21.392578601837158, 5572
21.392578601837158, 5571
21.4025936126709, 5570
21.412656545639038, 5569
21.412656545639038, 5568
21.412656545639038, 5567
21.422738075256348, 5566
21.422738075256348, 5565
21.422738075256348, 5564
21.430793523788452, 5563
21.46104884147644, 5562
21.463087797164917, 5561
21.47113537788391, 5560
21.47113537788391, 5559
21.473177909851074, 5558
21.503422021865845, 5557
21.51351499557495, 5556
21.51351499557495, 5555
21.51351499557495, 5554
21.51351499557495, 5553
21.52359437942505, 5552
21.52359437942505, 5551
21.533691883087158, 5550
21.553856372833252, 5549
21.553856372833252, 5548
21.553856372833252, 5547
21.553856372833252, 5546
21.574047803878784, 5545
21.622445344924927, 5544
21.642572164535522, 5543
21.664642095565796, 5542
21.685241222381592, 5541
21.685241222381592, 5540
21.6953444480896, 5539
21.703386545181274, 5538
21.703386545181274, 5537
21.725597620010376, 5536
21.725597620010376, 5535
21.73569107055664, 5534
21.76594614982605, 5533
21.76594614982605, 5532
21.76594614982605, 5531
21.76594614982605, 5530
21.773992776870728, 5529
21.773992776870728, 5528
21.77603507041931, 5527
21.77603507041931, 5526
21.77603507041931, 5525
21.77603507041931, 5524
21.784074544906616, 5523
21.804577112197876, 5522
21.804577112197876, 5521
21.804577112197876, 5520
21.81666612625122, 5519
21.836857557296753, 5518
21.836857557296753, 5517
21.836857557296753, 5516
21.84693932533264, 5515
21.84693932533264, 5514
21.857040882110596, 5513
21.857040882110596, 5512
21.86712908744812, 5511
21.887301445007324, 5510
21.887301445007324, 5509
21.887301445007324, 5508
21.887301445007324, 5507
21.89739680290222, 5506
21.907474994659424, 5505
21.925605297088623, 5504
21.927644729614258, 5503
21.93773865699768, 5502
21.94782257080078, 5501
21.94782257080078, 5500
21.967992305755615, 5499
21.967992305755615, 5498
21.967992305755615, 5497
22.008346796035767, 5496
22.038621187210083, 5495
22.038621187210083, 5494
22.04870343208313, 5493
22.04870343208313, 5492
22.058797121047974, 5491
22.058797121047974, 5490
22.06887674331665, 5489
22.08904194831848, 5488
22.08904194831848, 5487
22.10725712776184, 5486
22.119335412979126, 5485
22.13746404647827, 5484
22.13746404647827, 5483
22.139471769332886, 5482
22.139471769332886, 5481
22.159645080566406, 5480
22.169697046279907, 5479
22.17772626876831, 5478
22.18977952003479, 5477
22.18977952003479, 5476
22.18977952003479, 5475
22.18977952003479, 5474
22.19781756401062, 5473
22.19781756401062, 5472
22.209904670715332, 5471
22.209904670715332, 5470
22.209904670715332, 5469
22.21791934967041, 5468
22.21791934967041, 5467
22.228009939193726, 5466
22.228009939193726, 5465
22.238046884536743, 5464
22.238046884536743, 5463
22.253704071044922, 5462
22.253704071044922, 5461
22.253704071044922, 5460
22.253704071044922, 5459
22.269325256347656, 5458
22.269325256347656, 5457
22.269325256347656, 5456
22.31615710258484, 5455
22.31615710258484, 5454
22.31615710258484, 5453
22.33831524848938, 5452
22.369593381881714, 5451
22.369593381881714, 5450
22.400835514068604, 5449
22.400835514068604, 5448
22.43861675262451, 5447
22.43861675262451, 5446
22.43861675262451, 5445
22.45427417755127, 5444
22.469895124435425, 5443
22.469895124435425, 5442
22.485515832901, 5441
22.485515832901, 5440
22.485515832901, 5439
22.50113797187805, 5438
22.538921356201172, 5437
22.538921356201172, 5436
22.538921356201172, 5435
22.55458402633667, 5434
22.55458402633667, 5433
22.55458402633667, 5432
22.55458402633667, 5431
22.55458402633667, 5430
22.570167303085327, 5429
22.570167303085327, 5428
22.570167303085327, 5427
22.585821866989136, 5426
22.585821866989136, 5425
22.585821866989136, 5424
22.585821866989136, 5423
22.601442098617554, 5422
22.61706304550171, 5421
22.654879093170166, 5420
22.654879093170166, 5419
22.654879093170166, 5418
22.68609046936035, 5417
22.68609046936035, 5416
22.68609046936035, 5415
22.717362642288208, 5414
22.717362642288208, 5413
22.717362642288208, 5412
22.732983827590942, 5411
22.755178213119507, 5410
22.755178213119507, 5409
22.755178213119507, 5408
22.755178213119507, 5407
22.755178213119507, 5406
22.77080273628235, 5405
22.77080273628235, 5404
22.77080273628235, 5403
22.77080273628235, 5402
22.791483402252197, 5401
22.79253888130188, 5400
22.79253888130188, 5399
22.823813676834106, 5398
22.823813676834106, 5397
22.823813676834106, 5396
22.823813676834106, 5395
22.83943510055542, 5394
22.87067747116089, 5393
22.886301279067993, 5392
22.886301279067993, 5391
22.917511224746704, 5390
22.917511224746704, 5389
22.93313217163086, 5388
22.93963932991028, 5387
22.955265283584595, 5386
22.955265283584595, 5385
22.970917463302612, 5384
22.970917463302612, 5383
23.017781019210815, 5382
23.03340244293213, 5381
23.05207920074463, 5380
23.08236050605774, 5379
23.08236050605774, 5378
23.08236050605774, 5377
23.092445850372314, 5376
23.092445850372314, 5375
23.162949085235596, 5374
23.20124125480652, 5373
23.20124125480652, 5372
23.223384857177734, 5371
23.223384857177734, 5370
23.223384857177734, 5369
23.23143172264099, 5368
23.243550300598145, 5367
23.273807287216187, 5366
23.28389859199524, 5365
23.28389859199524, 5364
23.324248790740967, 5363
23.324248790740967, 5362
23.344419240951538, 5361
23.352482795715332, 5360
23.35453176498413, 5359
23.364620685577393, 5358
23.37468123435974, 5357
23.382725715637207, 5356
23.382725715637207, 5355
23.382725715637207, 5354
23.394832611083984, 5353
23.40491771697998, 5352
23.415003299713135, 5351
23.415003299713135, 5350
23.43525242805481, 5349
23.43525242805481, 5348
23.45537567138672, 5347
23.48565649986267, 5346
23.4961040019989, 5345
23.536430597305298, 5344
23.544474840164185, 5343
23.546518564224243, 5342
23.566681146621704, 5341
23.574724435806274, 5340
23.607043266296387, 5339
23.625159740447998, 5338
23.627199172973633, 5337
23.637284517288208, 5336
23.637284517288208, 5335
23.637284517288208, 5334
23.645323991775513, 5333
23.655418872833252, 5332
23.667544841766357, 5331
23.667544841766357, 5330
23.675692796707153, 5329
23.7080078125, 5328
23.718095302581787, 5327
23.718095302581787, 5326
23.74834394454956, 5325
23.74834394454956, 5324
23.76853919029236, 5323
23.778626441955566, 5322
23.778626441955566, 5321
23.79676389694214, 5320
23.829339265823364, 5319
23.83944272994995, 5318
23.83944272994995, 5317
23.83944272994995, 5316
23.879735469818115, 5315
23.879777193069458, 5314
23.89788794517517, 5313
23.920111179351807, 5312
23.920111179351807, 5311
23.92815327644348, 5310
23.94027590751648, 5309
23.94027590751648, 5308
23.94027590751648, 5307
23.94027590751648, 5306
23.950355291366577, 5305
23.960451364517212, 5304
23.960451364517212, 5303
23.960451364517212, 5302
23.99070644378662, 5301
24.00080704689026, 5300
24.03102993965149, 5299
24.09153723716736, 5298
24.09153723716736, 5297
24.10206389427185, 5296
24.112146139144897, 5295
24.13233971595764, 5294
24.13233971595764, 5293
24.172723531723022, 5292
24.172723531723022, 5291
24.172723531723022, 5290
24.172723531723022, 5289
24.28365421295166, 5288
24.28365421295166, 5287
24.293736457824707, 5286
24.293736457824707, 5285
24.301799774169922, 5284
24.334083318710327, 5283
24.334083318710327, 5282
24.342127084732056, 5281
24.342127084732056, 5280
24.34416699409485, 5279
24.34416699409485, 5278
24.34416699409485, 5277
24.374425649642944, 5276
24.394607305526733, 5275
24.44508123397827, 5274
24.44508123397827, 5273
24.44508123397827, 5272
24.463191270828247, 5271
24.485422134399414, 5270
24.49551033973694, 5269
24.515660524368286, 5268
24.52575397491455, 5267
24.52575397491455, 5266
24.535841464996338, 5265
24.545904636383057, 5264
24.56608533859253, 5263
24.646759748458862, 5262
24.646759748458862, 5261
24.6871075630188, 5260
24.69718599319458, 5259
24.69718599319458, 5258
24.707716703414917, 5257
24.71576452255249, 5256
24.717808961868286, 5255
24.717808961868286, 5254
24.737995386123657, 5253
24.737995386123657, 5252
24.758148193359375, 5251
24.818971395492554, 5250
24.88961124420166, 5249
24.960217237472534, 5248
25.010680198669434, 5247
25.06111788749695, 5246
25.06111788749695, 5245
25.06111788749695, 5244
25.08935856819153, 5243
25.091402053833008, 5242
25.111558198928833, 5241
25.111558198928833, 5240
25.131693840026855, 5239
25.151844263076782, 5238
25.17190456390381, 5237
25.17190456390381, 5236
25.2706036567688, 5235
25.282708644866943, 5234
25.282708644866943, 5233
25.31336808204651, 5232
25.3214111328125, 5231
25.341601848602295, 5230
25.3436439037323, 5229
25.46468448638916, 5228
25.515028715133667, 5227
25.54529356956482, 5226
25.54529356956482, 5225
25.555379390716553, 5224
25.563419342041016, 5223
25.585667610168457, 5222
25.6058132648468, 5221
25.63402533531189, 5220
25.654203414916992, 5219
25.706801891326904, 5218
25.706801891326904, 5217
25.787451028823853, 5216
25.817583799362183, 5215
25.817583799362183, 5214
25.84782123565674, 5213
25.878087997436523, 5212
25.8861300945282, 5211
25.906308889389038, 5210
25.908349752426147, 5209
25.918832063674927, 5208
25.92891001701355, 5207
25.92891001701355, 5206
25.93899178504944, 5205
25.93899178504944, 5204
25.947035551071167, 5203
25.949074745178223, 5202
26.05984115600586, 5201
26.10019826889038, 5200
26.10019826889038, 5199
26.10019826889038, 5198
26.158595085144043, 5197
26.241032361984253, 5196
26.52362823486328, 5195
26.564359664916992, 5194
26.602619886398315, 5193
26.655033111572266, 5192
26.655033111572266, 5191
26.665133476257324, 5190
26.665133476257324, 5189
26.766061067581177, 5188
26.83649754524231, 5187
26.856667041778564, 5186
26.86675453186035, 5185
26.91721773147583, 5184
26.93533205986023, 5183
26.947471618652344, 5182
26.96557593345642, 5181
26.96762180328369, 5180
26.977710008621216, 5179
26.977710008621216, 5178
27.31089735031128, 5177
27.318941593170166, 5176
27.35124707221985, 5175
27.401700258255005, 5174
27.401700258255005, 5173
27.401700258255005, 5172
27.421849727630615, 5171
27.663490056991577, 5170
27.663490056991577, 5169
27.67363977432251, 5168
27.67567753791809, 5167
27.71404504776001, 5166
27.71404504776001, 5165
27.71404504776001, 5164
27.71404504776001, 5163
27.825258255004883, 5162
27.825258255004883, 5161
27.906092405319214, 5160
27.906092405319214, 5159
27.906092405319214, 5158
27.986563205718994, 5157
27.986563205718994, 5156
27.986563205718994, 5155
28.006747484207153, 5154
28.026907682418823, 5153
28.034955263137817, 5152
28.03699493408203, 5151
28.03699493408203, 5150
28.09752130508423, 5149
28.09752130508423, 5148
28.14785122871399, 5147
28.15794610977173, 5146
28.15794610977173, 5145
28.168028116226196, 5144
28.168028116226196, 5143
28.266905307769775, 5142
28.266905307769775, 5141
28.266905307769775, 5140
28.268944263458252, 5139
28.329455614089966, 5138
28.33749008178711, 5137
28.360117435455322, 5136
28.360117435455322, 5135
28.380290269851685, 5134
28.380290269851685, 5133
28.41055965423584, 5132
28.41055965423584, 5131
28.44080924987793, 5130
28.471062183380127, 5129
28.54165816307068, 5128
28.54165816307068, 5127
28.54970145225525, 5126
28.569865942001343, 5125
28.571905851364136, 5124
28.61227583885193, 5123
28.62028932571411, 5122
28.6223406791687, 5121
28.63242745399475, 5120
28.642524242401123, 5119
28.642524242401123, 5118
28.66269063949585, 5117
28.71307921409607, 5116
28.71307921409607, 5115
28.763527870178223, 5114
28.781654834747314, 5113
28.844083547592163, 5112
28.844083547592163, 5111
28.87230157852173, 5110
28.874340772628784, 5109
28.88445544242859, 5108
28.894551038742065, 5107
28.90256953239441, 5106
28.90256953239441, 5105
28.90461039543152, 5104
28.912654638290405, 5103
28.92476987838745, 5102
28.93281126022339, 5101
28.965529918670654, 5100
29.07649874687195, 5099
29.07649874687195, 5098
29.07649874687195, 5097
29.07649874687195, 5096
29.07649874687195, 5095
29.086588859558105, 5094
29.096670389175415, 5093
29.106765031814575, 5092
29.11480402946472, 5091
29.11480402946472, 5090
29.137001991271973, 5089
29.137001991271973, 5088
29.165228843688965, 5087
29.177363395690918, 5086
29.177363395690918, 5085
29.177363395690918, 5084
29.177363395690918, 5083
29.197526693344116, 5082
29.197526693344116, 5081
29.268043756484985, 5080
29.268043756484985, 5079
29.268043756484985, 5078
29.308401823043823, 5077
29.417255640029907, 5076
29.439473390579224, 5075
29.439473390579224, 5074
29.449546813964844, 5073
29.489910364151, 5072
29.53021788597107, 5071
29.53021788597107, 5070
29.540305614471436, 5069
29.55079221725464, 5068
29.55079221725464, 5067
29.55883765220642, 5066
29.58105731010437, 5065
29.591126680374146, 5064
29.591126680374146, 5063
29.681888341903687, 5062
29.695084810256958, 5061
29.770612239837646, 5060
29.822946310043335, 5059
29.85123038291931, 5058
29.853275775909424, 5057
29.853275775909424, 5056
29.86132287979126, 5055
29.89159083366394, 5054
29.91380524635315, 5053
29.954102277755737, 5052
29.954102277755737, 5051
29.984342575073242, 5050
29.994422674179077, 5049
30.012554168701172, 5048
30.064900398254395, 5047
30.064900398254395, 5046
30.064900398254395, 5045
30.07506275177002, 5044
30.07506275177002, 5043
30.166070222854614, 5042
30.166070222854614, 5041
30.174113035202026, 5040
30.194292306900024, 5039
30.194292306900024, 5038
30.276805639266968, 5037
30.30702567100525, 5036
30.30702567100525, 5035
30.327199697494507, 5034
30.407927989959717, 5033
30.4159734249115, 5032
30.750441789627075, 5031
30.750441789627075, 5030
30.760902404785156, 5029
30.781081914901733, 5028
30.851917266845703, 5027
30.86202645301819, 5026
30.86202645301819, 5025
30.912439107894897, 5024
30.962883710861206, 5023
30.962883710861206, 5022
31.08392095565796, 5021
31.10409641265869, 5020
31.21498727798462, 5019
31.22303819656372, 5018
31.23516011238098, 5017
31.24525785446167, 5016
31.41510558128357, 5015
31.475709199905396, 5014
31.497942209243774, 5013
31.54837465286255, 5012
31.54837465286255, 5011
31.56856632232666, 5010
31.628875494003296, 5009
31.636916160583496, 5008
31.810717821121216, 5007
31.879345178604126, 5006
31.879345178604126, 5005
31.909563302993774, 5004
31.91156816482544, 5003
31.973057746887207, 5002
32.01339650154114, 5001
32.08401131629944, 5000
32.10430979728699, 4999
32.11440944671631, 4998
32.124497413635254, 4997
32.15477013587952, 4996
32.15477013587952, 4995
32.162816762924194, 4994
32.18503522872925, 4993
32.195122718811035, 4992
32.195122718811035, 4991
32.25564885139465, 4990
32.25564885139465, 4989
32.25564885139465, 4988
32.31612968444824, 4987
32.34636831283569, 4986
32.3967981338501, 4985
32.3967981338501, 4984
32.3967981338501, 4983
32.54808831214905, 4982
32.54808831214905, 4981
32.54808831214905, 4980
32.56827783584595, 4979
32.59898257255554, 4978
32.59898257255554, 4977
32.60702681541443, 4976
32.64938497543335, 4975
32.65946960449219, 4974
32.65946960449219, 4973
32.669546127319336, 4972
32.68968844413757, 4971
32.81099820137024, 4970
32.84127974510193, 4969
32.901771068573, 4968
32.92194175720215, 4967
32.95220875740051, 4966
32.9703483581543, 4965
32.992526054382324, 4964
32.992526054382324, 4963
33.00263547897339, 4962
33.01067781448364, 4961
33.012723445892334, 4960
33.03082728385925, 4959
33.07323932647705, 4958
33.08335328102112, 4957
33.14184927940369, 4956
33.17415452003479, 4955
33.17415452003479, 4954
33.18466854095459, 4953
33.18466854095459, 4952
33.265358209609985, 4951
33.27339816093445, 4950
33.275437116622925, 4949
33.2955846786499, 4948
33.2955846786499, 4947
33.2955846786499, 4946
33.2955846786499, 4945
33.2955846786499, 4944
33.30574655532837, 4943
33.32587289810181, 4942
33.3863685131073, 4941
33.3863685131073, 4940
33.3863685131073, 4939
33.3863685131073, 4938
33.39645504951477, 4937
33.467050552368164, 4936
33.48723244667053, 4935
33.52765345573425, 4934
33.547828912734985, 4933
33.56804800033569, 4932
33.56804800033569, 4931
33.57812738418579, 4930
33.64868092536926, 4929
33.678898096084595, 4928
33.690067768096924, 4927
33.699183225631714, 4926
34.01230430603027, 4925
34.10108041763306, 4924
34.11329698562622, 4923
34.11329698562622, 4922
34.26255393028259, 4921
34.29282999038696, 4920
34.517109394073486, 4919
34.57763171195984, 4918
34.57763171195984, 4917
34.61796712875366, 4916
34.61796712875366, 4915
34.638121128082275, 4914
34.638121128082275, 4913
34.638121128082275, 4912
34.736896991729736, 4911
34.74903202056885, 4910
34.99099826812744, 4909
35.01153254508972, 4908
35.10232591629028, 4907
35.17084860801697, 4906
35.17084860801697, 4905
35.1728880405426, 4904
35.19101858139038, 4903
35.38257145881653, 4902
35.38461923599243, 4901
35.424957275390625, 4900
35.424957275390625, 4899
35.4330039024353, 4898
35.43504977226257, 4897
35.51568794250488, 4896
35.52373170852661, 4895
35.55598855018616, 4894
35.55598855018616, 4893
35.566096782684326, 4892
35.566096782684326, 4891
35.596359968185425, 4890
35.61495089530945, 4889
35.65731143951416, 4888
35.66532826423645, 4887
35.66737365722656, 4886
35.66737365722656, 4885
35.67746162414551, 4884
35.67746162414551, 4883
35.76628494262695, 4882
35.79858636856079, 4881
35.81084108352661, 4880
35.8119215965271, 4879
35.8119215965271, 4878
35.85933780670166, 4877
35.86951565742493, 4876
35.88964533805847, 4875
35.93802523612976, 4874
35.940064668655396, 4873
35.940064668655396, 4872
35.940064668655396, 4871
35.96023344993591, 4870
35.96023344993591, 4869
35.99853873252869, 4868
36.00057816505432, 4867
36.00057816505432, 4866
36.04091691970825, 4865
36.04091691970825, 4864
36.07120370864868, 4863
36.08129000663757, 4862
36.13188982009888, 4861
36.23316550254822, 4860
36.28147602081299, 4859
36.30155372619629, 4858
36.31159496307373, 4857
36.404398679733276, 4856
36.43463182449341, 4855
36.43463182449341, 4854
36.4447135925293, 4853
36.47293829917908, 4852
36.48505926132202, 4851
36.52540469169617, 4850
36.54557776451111, 4849
36.55566716194153, 4848
36.573813676834106, 4847
36.59399151802063, 4846
36.59603691101074, 4845
36.63635230064392, 4844
36.714993476867676, 4843
36.82628774642944, 4842
36.82832956314087, 4841
36.85657572746277, 4840
36.90904378890991, 4839
36.939306020736694, 4838
36.9493842124939, 4837
36.979628562927246, 4836
36.9897096157074, 4835
37.05022644996643, 4834
37.070390701293945, 4833
37.070390701293945, 4832
37.91824913024902, 4831
37.948487997055054, 4830
37.96662259101868, 4829
37.99893879890442, 4828
37.99893879890442, 4827
37.99893879890442, 4826
37.99893879890442, 4825
37.99893879890442, 4824
37.99893879890442, 4823
38.00903558731079, 4822
38.00903558731079, 4821
38.02952289581299, 4820
38.05977439880371, 4819
38.170891761779785, 4818
38.19102931022644, 4817
38.20111560821533, 4816
38.21117162704468, 4815
38.22125458717346, 4814
38.2717444896698, 4813
38.2717444896698, 4812
38.29193449020386, 4811
38.29193449020386, 4810
38.29193449020386, 4809
38.299975872039795, 4808
38.299975872039795, 4807
38.31210923194885, 4806
38.352442502975464, 4805
38.352442502975464, 4804
38.37260699272156, 4803
38.37260699272156, 4802
38.37260699272156, 4801
38.38268494606018, 4800
38.56225514411926, 4799
38.56429624557495, 4798
38.60263419151306, 4797
38.604673862457275, 4796
38.62485194206238, 4795
38.635395765304565, 4794
38.66361474990845, 4793
38.665653705596924, 4792
38.6757435798645, 4791
38.6858229637146, 4790
38.70600366592407, 4789
38.74636745452881, 4788
38.9482741355896, 4787
38.9482741355896, 4786
38.95629620552063, 4785
38.99866008758545, 4784
39.02891707420349, 4783
39.02891707420349, 4782
39.0369713306427, 4781
39.10752630233765, 4780
39.18010592460632, 4779
39.369916677474976, 4778
39.43011116981506, 4777
39.45025682449341, 4776
39.45025682449341, 4775
39.54301881790161, 4774
39.54301881790161, 4773
39.84655475616455, 4772
39.84655475616455, 4771
39.856605052948, 4770
39.856605052948, 4769
39.86467385292053, 4768
39.866719484329224, 4767
39.87680721282959, 4766
39.93730449676514, 4765
39.95745921134949, 4764
40.11676239967346, 4763
40.118802309036255, 4762
40.15709185600281, 4761
40.18950629234314, 4760
40.23784518241882, 4759
40.28020739555359, 4758
40.290327072143555, 4757
40.38105535507202, 4756
40.41934776306152, 4755
40.42138648033142, 4754
40.42138648033142, 4753
40.46214175224304, 4752
40.48232102394104, 4751
40.4923894405365, 4750
40.57311415672302, 4749
40.603376388549805, 4748
40.62353014945984, 4747
40.631580114364624, 4746
41.23919987678528, 4745
41.3177433013916, 4744
41.40828466415405, 4743
41.40828466415405, 4742
41.55931878089905, 4741
42.51774001121521, 4740
42.59037160873413, 4739
42.59037160873413, 4738
42.59037160873413, 4737
42.60046172142029, 4736
42.63071298599243, 4735
42.65088081359863, 4734
42.69160866737366, 4733
42.72182607650757, 4732
42.72182607650757, 4731
42.75208783149719, 4730
42.792240858078, 4729
42.792240858078, 4728
42.7952995300293, 4727
42.7952995300293, 4726
42.800342321395874, 4725
42.80239009857178, 4724
42.80239009857178, 4723
42.80239009857178, 4722
42.8326678276062, 4721
42.91382384300232, 4720
42.99421691894531, 4719
43.00430917739868, 4718
43.02244329452515, 4717
43.064801931381226, 4716
43.0830237865448, 4715
43.14349961280823, 4714
43.155597448349, 4713
43.18584179878235, 4712
43.49885702133179, 4711
43.49885702133179, 4710
43.50894618034363, 4709
43.50894618034363, 4708
43.51902770996094, 4707
43.74961972236633, 4706
43.78085947036743, 4705
43.78085947036743, 4704
44.219573974609375, 4703
44.25082325935364, 4702
44.40055274963379, 4701
44.410672187805176, 4700
44.41268825531006, 4699
44.41268825531006, 4698
44.41268825531006, 4697
44.41268825531006, 4696
44.42271590232849, 4695
44.42271590232849, 4694
44.42271590232849, 4693
44.42271590232849, 4692
44.46294403076172, 4691
44.47297716140747, 4690
44.47297716140747, 4689
44.501062631607056, 4688
44.50306963920593, 4687
44.5331666469574, 4686
44.55323767662048, 4685
44.62363409996033, 4684
44.72647404670715, 4683
44.89483618736267, 4682
44.95732760429382, 4681
45.01070427894592, 4680
45.041945934295654, 4679
45.396100759506226, 4678
45.511962890625, 4677
45.511962890625, 4676
45.75910758972168, 4675
45.77472805976868, 4674
45.77472805976868, 4673
45.77472805976868, 4672
45.86021614074707, 4671
45.896963596343994, 4670
45.959455490112305, 4669
46.028451681137085, 4668
46.09744095802307, 4667
46.12871861457825, 4666
46.17558288574219, 4665
46.19767928123474, 4664
46.24457836151123, 4663
46.24457836151123, 4662
46.391708850860596, 4661
46.460737228393555, 4660
46.651325702667236, 4659
46.68959999084473, 4658
46.750043869018555, 4657
46.752089500427246, 4656
46.78236246109009, 4655
46.80267906188965, 4654
46.83278775215149, 4653
46.85296988487244, 4652
46.8630588054657, 4651
47.00396227836609, 4650
47.00396227836609, 4649
47.15555810928345, 4648
47.234209060668945, 4647
47.51652002334595, 4646
47.60931754112244, 4645
47.68206071853638, 4644
47.71033430099487, 4643
47.80981111526489, 4642
47.87227725982666, 4641
48.03182625770569, 4640
48.70973062515259, 4639
48.79342222213745, 4638
48.830771923065186, 4637
48.84084892272949, 4636
48.871115922927856, 4635
48.881253242492676, 4634
49.06298112869263, 4633
49.34535527229309, 4632
49.353403091430664, 4631
49.36349368095398, 4630
49.45625066757202, 4629
49.47640776634216, 4628
49.47640776634216, 4627
49.577722787857056, 4626
49.646286487579346, 4625
49.66848826408386, 4624
49.78752636909485, 4623
49.80299782752991, 4622
49.82012987136841, 4621
49.82816982269287, 4620
49.83020806312561, 4619
49.87057018280029, 4618
49.87057018280029, 4617
49.87057018280029, 4616
49.87057018280029, 4615
49.87859225273132, 4614
49.91089487075806, 4613
49.981454849243164, 4612
