0.30431151390075684, 10747
0.3940274715423584, 10746
0.4548513889312744, 10745
0.5215396881103516, 10744
0.5724036693572998, 10743
0.6302490234375, 10742
0.6753153800964355, 10741
0.7191934585571289, 10740
0.7612423896789551, 10739
0.8051600456237793, 10738
0.8949534893035889, 10737
0.965764045715332, 10736
1.014751672744751, 10735
1.0609409809112549, 10734
1.061939001083374, 10733
1.0640559196472168, 10732
1.0660502910614014, 10731
1.0660502910614014, 10730
1.0685136318206787, 10729
1.0695109367370605, 10728
1.0706233978271484, 10727
1.0726194381713867, 10726
1.0746142864227295, 10725
1.0756118297576904, 10724
1.0766077041625977, 10723
1.0776047706604004, 10722
1.078603982925415, 10721
1.0796008110046387, 10720
1.0815954208374023, 10719
1.083590030670166, 10718
1.085585117340088, 10717
1.088209629058838, 10716
1.0892064571380615, 10715
1.091200828552246, 10714
1.092198371887207, 10713
1.0931949615478516, 10712
1.0941922664642334, 10711
1.095271110534668, 10710
1.0961871147155762, 10709
1.0971872806549072, 10708
1.0981814861297607, 10707
1.0991783142089844, 10706
1.1001780033111572, 10705
1.1021721363067627, 10704
1.1032848358154297, 10703
1.105280876159668, 10702
1.1072747707366943, 10701
1.108271837234497, 10700
1.1102674007415771, 10699
1.1133782863616943, 10698
1.116370439529419, 10697
1.1203594207763672, 10696
1.1213560104370117, 10695
1.12335205078125, 10694
1.1243488788604736, 10693
1.1253464221954346, 10692
1.1263434886932373, 10691
1.1274683475494385, 10690
1.1284658908843994, 10689
1.1304621696472168, 10688
1.1314592361450195, 10687
1.1334538459777832, 10686
1.1354484558105469, 10685
1.1371235847473145, 10684
1.1381208896636963, 10683
1.1391193866729736, 10682
1.140115737915039, 10681
1.1421105861663818, 10680
1.1442179679870605, 10679
1.1462135314941406, 10678
1.1472113132476807, 10677
1.149204969406128, 10676
1.1513264179229736, 10675
1.152324914932251, 10674
1.153322458267212, 10673
1.1553168296813965, 10672
1.1563143730163574, 10671
1.158308744430542, 10670
1.1593055725097656, 10669
1.1603031158447266, 10668
1.1613004207611084, 10667
1.1632957458496094, 10666
1.1662867069244385, 10665
1.1674108505249023, 10664
1.168410062789917, 10663
1.1694071292877197, 10662
1.1714043617248535, 10661
1.1733968257904053, 10660
1.1770119667053223, 10659
1.181997537612915, 10658
1.246824026107788, 10657
1.2607882022857666, 10656
1.2627813816070557, 10655
1.2637825012207031, 10654
1.2647781372070312, 10653
1.2667725086212158, 10652
1.2715013027191162, 10651
1.2744591236114502, 10650
1.2784504890441895, 10649
1.2814414501190186, 10648
1.2824397087097168, 10647
1.284433126449585, 10646
1.289027452468872, 10645
1.2910211086273193, 10644
1.2940208911895752, 10643
1.2960093021392822, 10642
1.298001766204834, 10641
1.299001693725586, 10640
1.3009963035583496, 10639
1.3031036853790283, 10638
1.305100440979004, 10637
1.305100440979004, 10636
1.3070950508117676, 10635
1.309088945388794, 10634
1.3100860118865967, 10633
1.314074993133545, 10632
1.3170673847198486, 10631
1.3190622329711914, 10630
1.3210563659667969, 10629
1.3230526447296143, 10628
1.3340394496917725, 10627
1.340005874633789, 10626
1.3439955711364746, 10625
1.3469886779785156, 10624
1.347985029220581, 10623
1.3489816188812256, 10622
1.3519740104675293, 10621
1.3539671897888184, 10620
1.356959342956543, 10619
1.3649396896362305, 10618
1.3673622608184814, 10617
1.3693172931671143, 10616
1.3713111877441406, 10615
1.372309684753418, 10614
1.3733065128326416, 10613
1.38028883934021, 10612
1.3822827339172363, 10611
1.3842766284942627, 10610
1.3852732181549072, 10609
1.3852732181549072, 10608
1.386270523071289, 10607
1.388265609741211, 10606
1.3892626762390137, 10605
1.3902604579925537, 10604
1.3932669162750244, 10603
1.4012315273284912, 10602
1.4062204360961914, 10601
1.4167430400848389, 10600
1.418733835220337, 10599
1.419731855392456, 10598
1.4220998287200928, 10597
1.423105001449585, 10596
1.4240987300872803, 10595
1.4294726848602295, 10594
1.432006597518921, 10593
1.432999849319458, 10592
1.4339969158172607, 10591
1.4349946975708008, 10590
1.4359915256500244, 10589
1.4379873275756836, 10588
1.4389841556549072, 10587
1.44046950340271, 10586
1.4427587985992432, 10585
1.4473283290863037, 10584
1.4493212699890137, 10583
1.4513161182403564, 10582
1.454308271408081, 10581
1.4582984447479248, 10580
1.4673082828521729, 10579
1.473285436630249, 10578
1.4882469177246094, 10577
1.5042030811309814, 10576
1.5052011013031006, 10575
1.506197452545166, 10574
1.507195234298706, 10573
1.5091896057128906, 10572
1.5101866722106934, 10571
1.511183500289917, 10570
1.5121817588806152, 10569
1.5131783485412598, 10568
1.5141756534576416, 10567
1.5151729583740234, 10566
1.5161702632904053, 10565
1.5171701908111572, 10564
1.5181658267974854, 10563
1.5181658267974854, 10562
1.5201597213745117, 10561
1.5211570262908936, 10560
1.52315354347229, 10559
1.5291359424591064, 10558
1.5311310291290283, 10557
1.532128095626831, 10556
1.534123420715332, 10555
1.5351202487945557, 10554
1.5361170768737793, 10553
1.5381131172180176, 10552
1.5391111373901367, 10551
1.540107250213623, 10550
1.5411043167114258, 10549
1.5430998802185059, 10548
1.5451104640960693, 10547
1.5480883121490479, 10546
1.5490827560424805, 10545
1.5500800609588623, 10544
1.551077127456665, 10543
1.552074909210205, 10542
1.554069995880127, 10541
1.5560636520385742, 10540
1.5590567588806152, 10539
1.5640432834625244, 10538
1.565040111541748, 10537
1.5660371780395508, 10536
1.5670361518859863, 10535
1.5705373287200928, 10534
1.5735299587249756, 10533
1.5775177478790283, 10532
1.5805096626281738, 10531
1.5825045108795166, 10530
1.585498571395874, 10529
1.5864949226379395, 10528
1.5894856452941895, 10527
1.591480016708374, 10526
1.5954692363739014, 10525
1.5974643230438232, 10524
1.5984618663787842, 10523
1.6024508476257324, 10522
1.6044447422027588, 10521
1.6054422855377197, 10520
1.6064393520355225, 10519
1.6084344387054443, 10518
1.6104307174682617, 10517
1.614419937133789, 10516
1.6164140701293945, 10515
1.6174118518829346, 10514
1.6184089183807373, 10513
1.6204042434692383, 10512
1.6214008331298828, 10511
1.6233954429626465, 10510
1.626387119293213, 10509
1.632370948791504, 10508
1.638354778289795, 10507
1.6463336944580078, 10506
1.648327350616455, 10505
1.6503221988677979, 10504
1.6533143520355225, 10503
1.6563067436218262, 10502
1.6583013534545898, 10501
1.6612937450408936, 10500
1.6622915267944336, 10499
1.663287878036499, 10498
1.6642851829528809, 10497
1.6652827262878418, 10496
1.6662797927856445, 10495
1.6677947044372559, 10494
1.6687836647033691, 10493
1.66978120803833, 10492
1.670778512954712, 10491
1.6717758178710938, 10490
1.6737706661224365, 10489
1.6767637729644775, 10488
1.6807599067687988, 10487
1.681750774383545, 10486
1.6827476024627686, 10485
1.684741497039795, 10484
1.684741497039795, 10483
1.685739278793335, 10482
1.6867365837097168, 10481
1.687734603881836, 10480
1.6887319087982178, 10479
1.6897284984588623, 10478
1.6907258033752441, 10477
1.6927213668823242, 10476
1.693718433380127, 10475
1.6947145462036133, 10474
1.6987063884735107, 10473
1.6997027397155762, 10472
1.7016963958740234, 10471
1.7036919593811035, 10470
1.7076818943023682, 10469
1.7126665115356445, 10468
1.7136650085449219, 10467
1.7146623134613037, 10466
1.7156591415405273, 10465
1.7166564464569092, 10464
1.7176549434661865, 10463
1.7186520099639893, 10462
1.7196495532989502, 10461
1.7206461429595947, 10460
1.7216434478759766, 10459
1.722640037536621, 10458
1.7256371974945068, 10457
1.7276275157928467, 10456
1.728623867034912, 10455
1.729621410369873, 10454
1.7306184768676758, 10453
1.7316160202026367, 10452
1.7326133251190186, 10451
1.7346076965332031, 10450
1.7356059551239014, 10449
1.736602544784546, 10448
1.7376019954681396, 10447
1.7385997772216797, 10446
1.7395970821380615, 10445
1.7415897846221924, 10444
1.7445878982543945, 10443
1.7475755214691162, 10442
1.7485711574554443, 10441
1.749568223953247, 10440
1.7505652904510498, 10439
1.7515625953674316, 10438
1.7525601387023926, 10437
1.7535574436187744, 10436
1.7545561790466309, 10435
1.7555527687072754, 10434
1.7565500736236572, 10433
1.759542465209961, 10432
1.7635653018951416, 10431
1.7715098857879639, 10430
1.7934517860412598, 10429
1.8233706951141357, 10428
1.8672542572021484, 10427
1.8832135200500488, 10426
1.8842089176177979, 10425
1.8852059841156006, 10424
1.9829447269439697, 10423
1.9859373569488525, 10422
1.988929271697998, 10421
1.9909234046936035, 10420
1.992919683456421, 10419
1.997905969619751, 10418
2.000899076461792, 10417
2.004887580871582, 10416
2.008875608444214, 10415
2.009874105453491, 10414
2.0108704566955566, 10413
2.011868953704834, 10412
2.011868953704834, 10411
2.012864828109741, 10410
2.0138638019561768, 10409
2.0188493728637695, 10408
2.020843744277954, 10407
2.0228378772735596, 10406
2.0248332023620605, 10405
2.025841474533081, 10404
2.028823137283325, 10403
2.0298190116882324, 10402
2.0298190116882324, 10401
2.03383469581604, 10400
2.034806728363037, 10399
2.034806728363037, 10398
2.0377986431121826, 10397
2.0387988090515137, 10396
2.0397961139678955, 10395
2.040789842605591, 10394
2.0427920818328857, 10393
2.0447800159454346, 10392
2.0447800159454346, 10391
2.0457775592803955, 10390
2.049785614013672, 10389
2.0517618656158447, 10388
2.052760124206543, 10387
2.053762197494507, 10386
2.055750846862793, 10385
2.0587425231933594, 10384
2.060739755630493, 10383
2.062732696533203, 10382
2.064725637435913, 10381
2.0677390098571777, 10380
2.0687153339385986, 10379
2.069711685180664, 10378
2.069711685180664, 10377
2.070709466934204, 10376
2.071707010269165, 10375
2.071707010269165, 10374
2.073702812194824, 10373
2.0766942501068115, 10372
2.078691244125366, 10371
2.0796871185302734, 10370
2.080683469772339, 10369
2.0816810131073, 10368
2.0846970081329346, 10367
2.085672378540039, 10366
2.085672378540039, 10365
2.086667537689209, 10364
2.0926513671875, 10363
2.0946481227874756, 10362
2.096640110015869, 10361
2.098634958267212, 10360
2.1016440391540527, 10359
2.1036219596862793, 10358
2.105616569519043, 10357
2.1096060276031494, 10356
2.111600875854492, 10355
2.112597942352295, 10354
2.1135952472686768, 10353
2.115589141845703, 10352
2.115589141845703, 10351
2.116586923599243, 10350
2.116586923599243, 10349
2.1185834407806396, 10348
2.1195790767669678, 10347
2.121574640274048, 10346
2.125575542449951, 10345
2.1275582313537598, 10344
2.1295533180236816, 10343
2.131547451019287, 10342
2.1335413455963135, 10341
2.135537624359131, 10340
2.137532949447632, 10339
2.1405439376831055, 10338
2.146510601043701, 10337
2.148503303527832, 10336
2.148503303527832, 10335
2.1494996547698975, 10334
2.150496244430542, 10333
2.150496244430542, 10332
2.151494026184082, 10331
2.151494026184082, 10330
2.1524910926818848, 10329
2.1524910926818848, 10328
2.1534883975982666, 10327
2.1534883975982666, 10326
2.155485153198242, 10325
2.1574788093566895, 10324
2.159478187561035, 10323
2.1604714393615723, 10322
2.1604714393615723, 10321
2.1624643802642822, 10320
2.164461851119995, 10319
2.165456771850586, 10318
2.1674513816833496, 10317
2.1684489250183105, 10316
2.170443058013916, 10315
2.172445297241211, 10314
2.173435926437378, 10313
2.173435926437378, 10312
2.175431489944458, 10311
2.1774239540100098, 10310
2.1794185638427734, 10309
2.181413173675537, 10308
2.1824111938476562, 10307
2.183408260345459, 10306
2.183408260345459, 10305
2.1844048500061035, 10304
2.1854023933410645, 10303
2.1854023933410645, 10302
2.1863999366760254, 10301
2.1883957386016846, 10300
2.1933836936950684, 10299
2.1953792572021484, 10298
2.1963741779327393, 10297
2.198369026184082, 10296
2.199366569519043, 10295
2.199366569519043, 10294
2.200364351272583, 10293
2.200364351272583, 10292
2.202357053756714, 10291
2.202357053756714, 10290
2.2033543586730957, 10289
2.2043516635894775, 10288
2.2043516635894775, 10287
2.2053489685058594, 10286
2.2093398571014404, 10285
2.2103374004364014, 10284
2.211333990097046, 10283
2.211333990097046, 10282
2.2123310565948486, 10281
2.2123310565948486, 10280
2.213329315185547, 10279
2.214327573776245, 10278
2.2153260707855225, 10277
2.2153260707855225, 10276
2.2193121910095215, 10275
2.221306562423706, 10274
2.2233026027679443, 10273
2.225296974182129, 10272
2.2272915840148926, 10271
2.2282891273498535, 10270
2.2292912006378174, 10269
2.2292912006378174, 10268
2.230283737182617, 10267
2.2312815189361572, 10266
2.233275890350342, 10265
2.235269784927368, 10264
2.2373688220977783, 10263
2.2392590045928955, 10262
2.2422523498535156, 10261
2.2432501316070557, 10260
2.244246482849121, 10259
2.244246482849121, 10258
2.246246576309204, 10257
2.2482354640960693, 10256
2.250229597091675, 10255
2.2522268295288086, 10254
2.2532222270965576, 10253
2.256237745285034, 10252
2.259207010269165, 10251
2.2602126598358154, 10250
2.261204242706299, 10249
2.261204242706299, 10248
2.262199878692627, 10247
2.2631969451904297, 10246
2.264193296432495, 10245
2.264193296432495, 10244
2.2651917934417725, 10243
2.2651917934417725, 10242
2.2661876678466797, 10241
2.2671844959259033, 10240
2.268181562423706, 10239
2.268181562423706, 10238
2.2691805362701416, 10237
2.2701761722564697, 10236
2.2701761722564697, 10235
2.2711737155914307, 10234
2.2751638889312744, 10233
2.2761614322662354, 10232
2.27716064453125, 10231
2.2791523933410645, 10230
2.2811479568481445, 10229
2.283142566680908, 10228
2.2851362228393555, 10227
2.2871310710906982, 10226
2.289125442504883, 10225
2.2911202907562256, 10224
2.2931160926818848, 10223
2.2941133975982666, 10222
2.2951104640960693, 10221
2.2961082458496094, 10220
2.2961082458496094, 10219
2.297105073928833, 10218
2.298102855682373, 10217
2.299100399017334, 10216
2.299100399017334, 10215
2.300098180770874, 10214
2.3010950088500977, 10213
2.3010950088500977, 10212
2.302093744277954, 10211
2.3030917644500732, 10210
2.3050835132598877, 10209
2.3050835132598877, 10208
2.306081771850586, 10207
2.3090732097625732, 10206
2.3090732097625732, 10205
2.3100719451904297, 10204
2.3100719451904297, 10203
2.3110718727111816, 10202
2.3120665550231934, 10201
2.3120665550231934, 10200
2.3130626678466797, 10199
2.3140623569488525, 10198
2.3140623569488525, 10197
2.3150603771209717, 10196
2.3150603771209717, 10195
2.3160560131073, 10194
2.3170509338378906, 10193
2.3180484771728516, 10192
2.3190455436706543, 10191
2.3210411071777344, 10190
2.32503080368042, 10189
2.3270256519317627, 10188
2.329019546508789, 10187
2.3310134410858154, 10186
2.3320107460021973, 10185
2.334005355834961, 10184
2.3360002040863037, 10183
2.3370003700256348, 10182
2.3400187492370605, 10181
2.3439788818359375, 10180
2.345973491668701, 10179
2.346973419189453, 10178
2.3499631881713867, 10177
2.3499631881713867, 10176
2.3509602546691895, 10175
2.3519585132598877, 10174
2.3529553413391113, 10173
2.353952646255493, 10172
2.355949878692627, 10171
2.356945753097534, 10170
2.3599369525909424, 10169
2.3599369525909424, 10168
2.360934257507324, 10167
2.361931085586548, 10166
2.361931085586548, 10165
2.362929105758667, 10164
2.362929105758667, 10163
2.3639256954193115, 10162
2.3639256954193115, 10161
2.3649230003356934, 10160
2.3649230003356934, 10159
2.365920066833496, 10158
2.366917133331299, 10157
2.366917133331299, 10156
2.367915391921997, 10155
2.367915391921997, 10154
2.3689115047454834, 10153
2.3699088096618652, 10152
2.3719043731689453, 10151
2.3719043731689453, 10150
2.372901439666748, 10149
2.372901439666748, 10148
2.373898506164551, 10147
2.3759002685546875, 10146
2.3778889179229736, 10145
2.3798868656158447, 10144
2.382875442504883, 10143
2.3848695755004883, 10142
2.3868651390075684, 10141
2.389894485473633, 10140
2.392848253250122, 10139
2.3948423862457275, 10138
2.3958399295806885, 10137
2.3958399295806885, 10136
2.396838903427124, 10135
2.3978359699249268, 10134
2.399829626083374, 10133
2.4018237590789795, 10132
2.4038209915161133, 10131
2.4068470001220703, 10130
2.410801649093628, 10129
2.4117989540100098, 10128
2.4127960205078125, 10127
2.415787935256958, 10126
2.4197771549224854, 10125
2.42177152633667, 10124
2.4237685203552246, 10123
2.4267585277557373, 10122
2.4287517070770264, 10121
2.43074631690979, 10120
2.4327409267425537, 10119
2.4347360134124756, 10118
2.4367306232452393, 10117
2.4387264251708984, 10116
2.440720558166504, 10115
2.442715644836426, 10114
2.4437129497528076, 10113
2.444709062576294, 10112
2.444709062576294, 10111
2.4457061290740967, 10110
2.4457061290740967, 10109
2.4467034339904785, 10108
2.4477014541625977, 10107
2.4477014541625977, 10106
2.4486982822418213, 10105
2.450693130493164, 10104
2.4526877403259277, 10103
2.4536867141723633, 10102
2.4546828269958496, 10101
2.4586734771728516, 10100
2.459669828414917, 10099
2.4606664180755615, 10098
2.4606664180755615, 10097
2.4616637229919434, 10096
2.4616637229919434, 10095
2.462661027908325, 10094
2.462661027908325, 10093
2.4636588096618652, 10092
2.4656548500061035, 10091
2.4676480293273926, 10090
2.4686453342437744, 10089
2.4686453342437744, 10088
2.469644546508789, 10087
2.470641851425171, 10086
2.470641851425171, 10085
2.471639394760132, 10084
2.4766249656677246, 10083
2.4776227474212646, 10082
2.4816131591796875, 10081
2.485602378845215, 10080
2.488602876663208, 10079
2.4915871620178223, 10078
2.494577407836914, 10077
2.4965715408325195, 10076
2.4975697994232178, 10075
2.499563694000244, 10074
2.500562906265259, 10073
2.5015604496002197, 10072
2.5015604496002197, 10071
2.523513078689575, 10070
2.5324761867523193, 10069
2.5344698429107666, 10068
2.536464214324951, 10067
2.539461135864258, 10066
2.544464111328125, 10065
2.5474352836608887, 10064
2.549431324005127, 10063
2.5524303913116455, 10062
2.559406042098999, 10061
2.5613980293273926, 10060
2.5644078254699707, 10059
2.56638503074646, 10058
2.569375991821289, 10057
2.5703749656677246, 10056
2.572368621826172, 10055
2.5753612518310547, 10054
2.580371141433716, 10053
2.5833396911621094, 10052
2.5853335857391357, 10051
2.5883257389068604, 10050
2.5903210639953613, 10049
2.5943095684051514, 10048
2.5973191261291504, 10047
2.6012914180755615, 10046
2.603285312652588, 10045
2.6062774658203125, 10044
2.6092755794525146, 10043
2.6122617721557617, 10042
2.614257574081421, 10041
2.6152541637420654, 10040
2.618245840072632, 10039
2.620241165161133, 10038
2.6232519149780273, 10037
2.6272218227386475, 10036
2.6292154788970947, 10035
2.6312103271484375, 10034
2.6322078704833984, 10033
2.635201930999756, 10032
2.645174026489258, 10031
2.6471686363220215, 10030
2.653153657913208, 10029
2.6551473140716553, 10028
2.65813946723938, 10027
2.6621294021606445, 10026
2.6651206016540527, 10025
2.6671152114868164, 10024
2.6691102981567383, 10023
2.6701090335845947, 10022
2.6711058616638184, 10021
2.672102451324463, 10020
2.672102451324463, 10019
2.6740968227386475, 10018
2.6770882606506348, 10017
2.6811039447784424, 10016
2.683073043823242, 10015
2.684070348739624, 10014
2.6850695610046387, 10013
2.6850695610046387, 10012
2.6870622634887695, 10011
2.6890571117401123, 10010
2.6930463314056396, 10009
2.697305917739868, 10008
2.702284812927246, 10007
2.703278064727783, 10006
2.7052738666534424, 10005
2.7062747478485107, 10004
2.711256980895996, 10003
2.715257167816162, 10002
2.7202372550964355, 10001
2.7242231369018555, 10000
2.733229160308838, 9999
2.7351932525634766, 9998
2.736193895339966, 9997
2.7371914386749268, 9996
2.738185167312622, 9995
2.739182233810425, 9994
2.7401790618896484, 9993
2.7401790618896484, 9992
2.7431719303131104, 9991
2.7451674938201904, 9990
2.7461633682250977, 9989
2.7501583099365234, 9988
2.7521486282348633, 9987
2.753147602081299, 9986
2.754145622253418, 9985
2.755138635635376, 9984
2.756136417388916, 9983
2.759129762649536, 9982
2.759129762649536, 9981
2.7601258754730225, 9980
2.761122941970825, 9979
2.761122941970825, 9978
2.762119770050049, 9977
2.762119770050049, 9976
2.7631173133850098, 9975
2.7661287784576416, 9974
2.7681047916412354, 9973
2.769102096557617, 9972
2.770098924636841, 9971
2.770098924636841, 9970
2.7710959911346436, 9969
2.7710959911346436, 9968
2.7730913162231445, 9967
2.778078317642212, 9966
2.7800731658935547, 9965
2.783078908920288, 9964
2.7840750217437744, 9963
2.7850592136383057, 9962
2.7850592136383057, 9961
2.78605580329895, 9960
2.7870535850524902, 9959
2.7880520820617676, 9958
2.7880520820617676, 9957
2.789048194885254, 9956
2.789048194885254, 9955
2.791043281555176, 9954
2.793039321899414, 9953
2.7940356731414795, 9952
2.7950336933135986, 9951
2.7960407733917236, 9950
2.7990434169769287, 9949
2.801027297973633, 9948
2.801027297973633, 9947
2.8020195960998535, 9946
2.8030169010162354, 9945
2.8030169010162354, 9944
2.8040130138397217, 9943
2.8040130138397217, 9942
2.806008815765381, 9941
2.806008815765381, 9940
2.809998035430908, 9939
2.810994863510132, 9938
2.811992883682251, 9937
2.811992883682251, 9936
2.812988758087158, 9935
2.812988758087158, 9934
2.813986301422119, 9933
2.814983606338501, 9932
2.814983606338501, 9931
2.815981388092041, 9930
2.816978931427002, 9929
2.8179774284362793, 9928
2.8179774284362793, 9927
2.8189728260040283, 9926
2.822962760925293, 9925
2.822962760925293, 9924
2.8249588012695312, 9923
2.8269529342651367, 9922
2.8279502391815186, 9921
2.830941915512085, 9920
2.831941843032837, 9919
2.831941843032837, 9918
2.832937240600586, 9917
2.833932876586914, 9916
2.834930419921875, 9915
2.835928201675415, 9914
2.835928201675415, 9913
2.837923288345337, 9912
2.837923288345337, 9911
2.8389198780059814, 9910
2.839918851852417, 9909
2.839918851852417, 9908
2.841916084289551, 9907
2.842910051345825, 9906
2.8449041843414307, 9905
2.84789776802063, 9904
2.8488962650299072, 9903
2.8498904705047607, 9902
2.8498904705047607, 9901
2.8508875370025635, 9900
2.8508875370025635, 9899
2.851886510848999, 9898
2.8528823852539062, 9897
2.8528823852539062, 9896
2.853879928588867, 9895
2.8548784255981445, 9894
2.8548784255981445, 9893
2.855875015258789, 9892
2.855875015258789, 9891
2.8568716049194336, 9890
2.858867883682251, 9889
2.861865520477295, 9888
2.863854169845581, 9887
2.8648524284362793, 9886
2.8648524284362793, 9885
2.865852117538452, 9884
2.86684513092041, 9883
2.86684513092041, 9882
2.86784291267395, 9881
2.868839740753174, 9880
2.869837760925293, 9879
2.869837760925293, 9878
2.870835542678833, 9877
2.870835542678833, 9876
2.8718321323394775, 9875
2.8718321323394775, 9874
2.872828722000122, 9873
2.872828722000122, 9872
2.873826265335083, 9871
2.8758225440979004, 9870
2.8768205642700195, 9869
2.8798141479492188, 9868
2.883801221847534, 9867
2.883801221847534, 9866
2.884798049926758, 9865
2.885794162750244, 9864
2.885794162750244, 9863
2.886791706085205, 9862
2.8877899646759033, 9861
2.8877899646759033, 9860
2.888786792755127, 9859
2.888786792755127, 9858
2.8897836208343506, 9857
2.8897836208343506, 9856
2.892777919769287, 9855
2.8937747478485107, 9854
2.8947718143463135, 9853
2.8957679271698, 9852
2.8957679271698, 9851
2.896765947341919, 9850
2.897763252258301, 9849
2.898761749267578, 9848
2.8997581005096436, 9847
2.8997581005096436, 9846
2.900754451751709, 9845
2.900754451751709, 9844
2.901751756668091, 9843
2.901751756668091, 9842
2.9027488231658936, 9841
2.9027488231658936, 9840
2.9037468433380127, 9839
2.9047434329986572, 9838
2.9047434329986572, 9837
2.905740737915039, 9836
2.9077370166778564, 9835
2.9087347984313965, 9834
2.9097304344177246, 9833
2.9097304344177246, 9832
2.9107277393341064, 9831
2.9137444496154785, 9830
2.9157161712646484, 9829
2.9167120456695557, 9828
2.917710065841675, 9827
2.917710065841675, 9826
2.9187064170837402, 9825
2.919703722000122, 9824
2.919703722000122, 9823
2.9207026958465576, 9822
2.9207026958465576, 9821
2.921699047088623, 9820
2.9226953983306885, 9819
2.9226953983306885, 9818
2.9236929416656494, 9817
2.924691677093506, 9816
2.9276838302612305, 9815
2.9286820888519287, 9814
2.929677724838257, 9813
2.9306745529174805, 9812
2.9306745529174805, 9811
2.931671619415283, 9810
2.931671619415283, 9809
2.932668924331665, 9808
2.932668924331665, 9807
2.933666467666626, 9806
2.933666467666626, 9805
2.9346635341644287, 9804
2.9346635341644287, 9803
2.9356613159179688, 9802
2.9366581439971924, 9801
2.9366581439971924, 9800
2.9386537075042725, 9799
2.9386537075042725, 9798
2.939650774002075, 9797
2.939650774002075, 9796
2.940647602081299, 9795
2.9426441192626953, 9794
2.943641185760498, 9793
2.943641185760498, 9792
2.9446377754211426, 9791
2.9446377754211426, 9790
2.946632146835327, 9789
2.947629928588867, 9788
2.948626756668091, 9787
2.9516360759735107, 9786
2.952617883682251, 9785
2.9536142349243164, 9784
2.9536142349243164, 9783
2.954610824584961, 9782
2.9556081295013428, 9781
2.9566056728363037, 9780
2.9586021900177, 9779
2.960606813430786, 9778
2.961594343185425, 9777
2.961594343185425, 9776
2.962589979171753, 9775
2.9635868072509766, 9774
2.964585542678833, 9773
2.9665796756744385, 9772
2.967576742172241, 9771
2.967576742172241, 9770
2.968573808670044, 9769
2.968573808670044, 9768
2.9695706367492676, 9767
2.9705681800842285, 9766
2.9705681800842285, 9765
2.9715652465820312, 9764
2.972562551498413, 9763
2.972562551498413, 9762
2.9735608100891113, 9761
2.97556209564209, 9760
2.976555347442627, 9759
2.978548049926758, 9758
2.978548049926758, 9757
2.979544162750244, 9756
2.980541944503784, 9755
2.980541944503784, 9754
2.981538772583008, 9753
2.9825360774993896, 9752
2.983534574508667, 9751
2.9845314025878906, 9750
2.9845314025878906, 9749
2.9855284690856934, 9748
2.9855284690856934, 9747
2.986525297164917, 9746
2.986525297164917, 9745
2.987522840499878, 9744
2.988521099090576, 9743
2.9895176887512207, 9742
2.9905147552490234, 9741
2.9925098419189453, 9740
2.9925098419189453, 9739
2.993506908416748, 9738
2.993506908416748, 9737
2.9945037364959717, 9736
2.99550199508667, 9735
2.9964988231658936, 9734
2.9984939098358154, 9733
2.9984939098358154, 9732
2.999490976333618, 9731
2.999490976333618, 9730
3.000488042831421, 9729
3.001485586166382, 9728
3.0024826526641846, 9727
3.0024826526641846, 9726
3.0034804344177246, 9725
3.0034804344177246, 9724
3.0044775009155273, 9723
3.0054752826690674, 9722
3.0074756145477295, 9721
3.008467435836792, 9720
3.0094645023345947, 9719
3.0104618072509766, 9718
3.0104618072509766, 9717
3.011458158493042, 9716
3.011458158493042, 9715
3.012455701828003, 9714
3.012455701828003, 9713
3.0134530067443848, 9712
3.0134530067443848, 9711
3.0144500732421875, 9710
3.0144500732421875, 9709
3.0144500732421875, 9708
3.0154473781585693, 9707
3.0164449214935303, 9706
3.0164449214935303, 9705
3.0174431800842285, 9704
3.0184409618377686, 9703
3.019437551498413, 9702
3.019437551498413, 9701
3.021432638168335, 9700
3.0224297046661377, 9699
3.0234270095825195, 9698
3.025423288345337, 9697
3.0274159908294678, 9696
3.0274159908294678, 9695
3.028414011001587, 9694
3.028414011001587, 9693
3.0294110774993896, 9692
3.0294110774993896, 9691
3.0304083824157715, 9690
3.0314066410064697, 9689
3.0314066410064697, 9688
3.0324039459228516, 9687
3.0324039459228516, 9686
3.033400297164917, 9685
3.033400297164917, 9684
3.034397602081299, 9683
3.034397602081299, 9682
3.0353951454162598, 9681
3.0353951454162598, 9680
3.0363924503326416, 9679
3.0373895168304443, 9678
3.038388252258301, 9677
3.0393855571746826, 9676
3.0393855571746826, 9675
3.04038405418396, 9674
3.0413804054260254, 9673
3.0413804054260254, 9672
3.0423777103424072, 9671
3.0433757305145264, 9670
3.044372081756592, 9669
3.044372081756592, 9668
3.0453691482543945, 9667
3.0463666915893555, 9666
3.0463666915893555, 9665
3.0483615398406982, 9664
3.049358606338501, 9663
3.050355911254883, 9662
3.0513532161712646, 9661
3.0523509979248047, 9660
3.05434513092041, 9659
3.05434513092041, 9658
3.0553433895111084, 9657
3.056340217590332, 9656
3.057337760925293, 9655
3.058335304260254, 9654
3.060331106185913, 9653
3.061326503753662, 9652
3.0623226165771484, 9651
3.0623226165771484, 9650
3.063321828842163, 9649
3.0653157234191895, 9648
3.0663130283355713, 9647
3.0673091411590576, 9646
3.0683083534240723, 9645
3.070302963256836, 9644
3.0712997913360596, 9643
3.0722970962524414, 9642
3.0732944011688232, 9641
3.0742905139923096, 9640
3.075289726257324, 9639
3.0762863159179688, 9638
3.0762863159179688, 9637
3.077284574508667, 9636
3.077284574508667, 9635
3.0792794227600098, 9634
3.0792794227600098, 9633
3.080275774002075, 9632
3.080275774002075, 9631
3.081273317337036, 9630
3.081273317337036, 9629
3.082270622253418, 9628
3.083268165588379, 9627
3.0842652320861816, 9626
3.0862598419189453, 9625
3.0872576236724854, 9624
3.088254690170288, 9623
3.088254690170288, 9622
3.089251756668091, 9621
3.089251756668091, 9620
3.0902490615844727, 9619
3.0902490615844727, 9618
3.092242956161499, 9617
3.092242956161499, 9616
3.0932419300079346, 9615
3.0942389965057373, 9614
3.0962331295013428, 9613
3.097238540649414, 9612
3.098233461380005, 9611
3.0992305278778076, 9610
3.0992305278778076, 9609
3.1002285480499268, 9608
3.1002285480499268, 9607
3.1012251377105713, 9606
3.103219509124756, 9605
3.104217052459717, 9604
3.1052143573760986, 9603
3.1062116622924805, 9602
3.1062116622924805, 9601
3.1072094440460205, 9600
3.1082067489624023, 9599
3.1092028617858887, 9598
3.110201358795166, 9597
3.1111972332000732, 9596
3.1111972332000732, 9595
3.1121952533721924, 9594
3.1121952533721924, 9593
3.113192081451416, 9592
3.113192081451416, 9591
3.114189386367798, 9590
3.114189386367798, 9589
3.1151866912841797, 9588
3.1151866912841797, 9587
3.1161839962005615, 9586
3.1161839962005615, 9585
3.117180585861206, 9584
3.1181795597076416, 9583
3.1191768646240234, 9582
3.1191768646240234, 9581
3.120173454284668, 9580
3.120173454284668, 9579
3.12117075920105, 9578
3.12117075920105, 9577
3.122169017791748, 9576
3.122169017791748, 9575
3.1231653690338135, 9574
3.124164342880249, 9573
3.1251633167266846, 9572
3.1251633167266846, 9571
3.1261582374572754, 9570
3.1261582374572754, 9569
3.1272661685943604, 9568
3.1282644271850586, 9567
3.1292617321014404, 9566
3.1302592754364014, 9565
3.1302592754364014, 9564
3.131255865097046, 9563
3.131255865097046, 9562
3.1322531700134277, 9561
3.1322531700134277, 9560
3.1332502365112305, 9559
3.1332502365112305, 9558
3.1332502365112305, 9557
3.1342475414276123, 9556
3.1342475414276123, 9555
3.13531494140625, 9554
3.1362428665161133, 9553
3.1362428665161133, 9552
3.1372456550598145, 9551
3.1382384300231934, 9550
3.1382384300231934, 9549
3.1392345428466797, 9548
3.1392345428466797, 9547
3.1402318477630615, 9546
3.1402318477630615, 9545
3.141230344772339, 9544
3.141230344772339, 9543
3.142226457595825, 9542
3.142226457595825, 9541
3.1433262825012207, 9540
3.1433262825012207, 9539
3.1443252563476562, 9538
3.1443252563476562, 9537
3.1453211307525635, 9536
3.1453211307525635, 9535
3.146317958831787, 9534
3.146317958831787, 9533
3.147315263748169, 9532
3.147315263748169, 9531
3.147315263748169, 9530
3.14831280708313, 9529
3.14831280708313, 9528
3.1493098735809326, 9527
3.1493098735809326, 9526
3.1503071784973145, 9525
3.1503071784973145, 9524
3.1514241695404053, 9523
3.152423143386841, 9522
3.1534199714660645, 9521
3.155414581298828, 9520
3.156412124633789, 9519
3.1574082374572754, 9518
3.1584057807922363, 9517
3.1584057807922363, 9516
3.159403085708618, 9515
3.159403085708618, 9514
3.160400152206421, 9513
3.162395715713501, 9512
3.162395715713501, 9511
3.16339373588562, 9510
3.16339373588562, 9509
3.164389133453369, 9508
3.164389133453369, 9507
3.165386438369751, 9506
3.165386438369751, 9505
3.1663835048675537, 9504
3.1663835048675537, 9503
3.167522430419922, 9502
3.168522834777832, 9501
3.16951847076416, 9500
3.171513080596924, 9499
3.1725103855133057, 9498
3.1735076904296875, 9497
3.1745052337646484, 9496
3.1745052337646484, 9495
3.17635440826416, 9494
3.177314281463623, 9493
3.178311824798584, 9492
3.178311824798584, 9491
3.1793088912963867, 9490
3.1793088912963867, 9489
3.1803061962127686, 9488
3.1813035011291504, 9487
3.1825640201568604, 9486
3.183562994003296, 9485
3.1845600605010986, 9484
3.186554431915283, 9483
3.1875526905059814, 9482
3.188549757003784, 9481
3.189546585083008, 9480
3.189546585083008, 9479
3.190660238265991, 9478
3.191659688949585, 9477
3.1926567554473877, 9476
3.1926567554473877, 9475
3.1936538219451904, 9474
3.1936538219451904, 9473
3.1946511268615723, 9472
3.195648431777954, 9471
3.196645736694336, 9470
3.1976194381713867, 9469
3.198608636856079, 9468
3.198608636856079, 9467
3.199605703353882, 9466
3.199605703353882, 9465
3.2006025314331055, 9464
3.2006025314331055, 9463
3.2015998363494873, 9462
3.2015998363494873, 9461
3.2025973796844482, 9460
3.2025973796844482, 9459
3.20359468460083, 9458
3.204591989517212, 9457
3.204591989517212, 9456
3.2055912017822266, 9455
3.2055912017822266, 9454
3.2066750526428223, 9453
3.2066750526428223, 9452
3.207674264907837, 9451
3.2086710929870605, 9450
3.2086710929870605, 9449
3.2096688747406006, 9448
3.2096688747406006, 9447
3.210665225982666, 9446
3.210665225982666, 9445
3.211662769317627, 9444
3.211662769317627, 9443
3.2126598358154297, 9442
3.2136571407318115, 9441
3.2136571407318115, 9440
3.214747190475464, 9439
3.214747190475464, 9438
3.215745687484741, 9437
3.215745687484741, 9436
3.216742515563965, 9435
3.216742515563965, 9434
3.2177391052246094, 9433
3.2187371253967285, 9432
3.2187371253967285, 9431
3.2197341918945312, 9430
3.2197341918945312, 9429
3.220731496810913, 9428
3.220731496810913, 9427
3.221729040145874, 9426
3.221729040145874, 9425
3.222883462905884, 9424
3.2238831520080566, 9423
3.224879741668701, 9422
3.224879741668701, 9421
3.225876808166504, 9420
3.226874351501465, 9419
3.226874351501465, 9418
3.227870225906372, 9417
3.2298645973205566, 9416
3.2308621406555176, 9415
3.2318594455718994, 9414
3.233854293823242, 9413
3.234851121902466, 9412
3.2359731197357178, 9411
3.2369630336761475, 9410
3.23796010017395, 9409
3.2389607429504395, 9408
3.2399542331695557, 9407
3.2399542331695557, 9406
3.2419493198394775, 9405
3.2439448833465576, 9404
3.2449400424957275, 9403
3.2459373474121094, 9402
3.247931718826294, 9401
3.248929738998413, 9400
3.249927043914795, 9399
3.251923084259033, 9398
3.2529187202453613, 9397
3.2549126148223877, 9396
3.2559096813201904, 9395
3.257906436920166, 9394
3.259902000427246, 9393
3.2618954181671143, 9392
3.2638938426971436, 9391
3.2638938426971436, 9390
3.2648863792419434, 9389
3.2648863792419434, 9388
3.265883445739746, 9387
3.265883445739746, 9386
3.266881227493286, 9385
3.2678794860839844, 9384
3.2688772678375244, 9383
3.2688772678375244, 9382
3.2698726654052734, 9381
3.2698726654052734, 9380
3.270991802215576, 9379
3.271989583969116, 9378
3.2729876041412354, 9377
3.2729876041412354, 9376
3.2749829292297363, 9375
3.275979518890381, 9374
3.2789721488952637, 9373
3.2799694538116455, 9372
3.280972719192505, 9371
3.2819631099700928, 9370
3.2819631099700928, 9369
3.2829601764678955, 9368
3.2829601764678955, 9367
3.284954786300659, 9366
3.285951614379883, 9365
3.287947416305542, 9364
3.2889485359191895, 9363
3.2929365634918213, 9362
3.2959275245666504, 9361
3.298431634902954, 9360
3.298431634902954, 9359
3.300426721572876, 9358
3.300426721572876, 9357
3.301426649093628, 9356
3.301426649093628, 9355
3.3024203777313232, 9354
3.3024203777313232, 9353
3.303417682647705, 9352
3.303417682647705, 9351
3.3044142723083496, 9350
3.3094029426574707, 9349
3.3113977909088135, 9348
3.3113977909088135, 9347
3.312394618988037, 9346
3.314389944076538, 9345
3.3153865337371826, 9344
3.3173811435699463, 9343
3.318382978439331, 9342
3.3193750381469727, 9341
3.3193750381469727, 9340
3.3203723430633545, 9339
3.3203723430633545, 9338
3.3213694095611572, 9337
3.3213694095611572, 9336
3.322366952896118, 9335
3.3273677825927734, 9334
3.328352212905884, 9333
3.329349994659424, 9332
3.3313443660736084, 9331
3.3333394527435303, 9330
3.334336280822754, 9329
3.334336280822754, 9328
3.3353354930877686, 9327
3.3353354930877686, 9326
3.3363301753997803, 9325
3.3373284339904785, 9324
3.338325262069702, 9323
3.338325262069702, 9322
3.339322328567505, 9321
3.339322328567505, 9320
3.3403189182281494, 9319
3.344312906265259, 9318
3.3473012447357178, 9317
3.3493001461029053, 9316
3.351290702819824, 9315
3.351290702819824, 9314
3.352292060852051, 9313
3.353285074234009, 9312
3.353285074234009, 9311
3.354283094406128, 9310
3.3562772274017334, 9309
3.362287998199463, 9308
3.3642563819885254, 9307
3.365255117416382, 9306
3.36724853515625, 9305
3.3682448863983154, 9304
3.370241403579712, 9303
3.372236967086792, 9302
3.3742291927337646, 9301
3.379215955734253, 9300
3.3812098503112793, 9299
3.383204936981201, 9298
3.3842029571533203, 9297
3.386197090148926, 9296
3.3901872634887695, 9295
3.394176483154297, 9294
3.3976919651031494, 9293
3.3996741771698, 9292
3.3996741771698, 9291
3.4006712436676025, 9290
3.401669502258301, 9289
3.40266752243042, 9288
3.4036638736724854, 9287
3.4036638736724854, 9286
3.404660940170288, 9285
3.405658483505249, 9284
3.406656503677368, 9283
3.40964937210083, 9282
3.410648822784424, 9281
3.4126431941986084, 9280
3.4146528244018555, 9279
3.4186248779296875, 9278
3.4196219444274902, 9277
3.4216232299804688, 9276
3.422614097595215, 9275
3.4236114025115967, 9274
3.424609899520874, 9273
3.4276278018951416, 9272
3.4286067485809326, 9271
3.4295969009399414, 9270
3.4295969009399414, 9269
3.433605909347534, 9268
3.438577651977539, 9267
3.4455525875091553, 9266
3.4505531787872314, 9265
3.453530788421631, 9264
3.4555282592773438, 9263
3.4565231800079346, 9262
3.460513114929199, 9261
3.463505744934082, 9260
3.4665112495422363, 9259
3.4704856872558594, 9258
3.4734785556793213, 9257
3.476471185684204, 9256
3.4774677753448486, 9255
3.4804601669311523, 9254
3.4824581146240234, 9253
3.4864442348480225, 9252
3.4894421100616455, 9251
3.49442195892334, 9250
3.4964170455932617, 9249
3.49892520904541, 9248
3.50192928314209, 9247
3.5039095878601074, 9246
3.5049068927764893, 9245
3.506901741027832, 9244
3.510892391204834, 9243
3.5118908882141113, 9242
3.512887477874756, 9241
3.514880895614624, 9240
3.5158793926239014, 9239
3.5158793926239014, 9238
3.518878221511841, 9237
3.5198681354522705, 9236
3.520864963531494, 9235
3.520864963531494, 9234
3.5218613147735596, 9233
3.5218613147735596, 9232
3.5228586196899414, 9231
3.5228586196899414, 9230
3.526854991912842, 9229
3.528843879699707, 9228
3.529841899871826, 9227
3.529841899871826, 9226
3.530838966369629, 9225
3.530838966369629, 9224
3.531834602355957, 9223
3.532832145690918, 9222
3.532832145690918, 9221
3.535845994949341, 9220
3.536823034286499, 9219
3.536823034286499, 9218
3.5378198623657227, 9217
3.5378198623657227, 9216
3.53881573677063, 9215
3.5398130416870117, 9214
3.5398130416870117, 9213
3.54280686378479, 9212
3.5448009967803955, 9211
3.546795129776001, 9210
3.5477921962738037, 9209
3.5497865676879883, 9208
3.5527913570404053, 9207
3.5537774562835693, 9206
3.554774045944214, 9205
3.5557708740234375, 9204
3.5597612857818604, 9203
3.561756134033203, 9202
3.563751220703125, 9201
3.5657448768615723, 9200
3.5677480697631836, 9199
3.570737600326538, 9198
3.572728157043457, 9197
3.576716184616089, 9196
3.5797083377838135, 9195
3.5817015171051025, 9194
3.5836968421936035, 9193
3.5876877307891846, 9192
3.5896799564361572, 9191
3.593670606613159, 9190
3.5956649780273438, 9189
3.5991692543029785, 9188
3.6011643409729004, 9187
3.605154275894165, 9186
3.613133192062378, 9185
3.6211109161376953, 9184
3.623105764389038, 9183
3.629091739654541, 9182
3.646047830581665, 9181
3.6470425128936768, 9180
3.6490378379821777, 9179
3.651031017303467, 9178
3.6530251502990723, 9177
3.655021905899048, 9176
3.6560182571411133, 9175
3.6600100994110107, 9174
3.6610050201416016, 9173
3.6620020866394043, 9172
3.662998914718628, 9171
3.6639962196350098, 9170
3.6679859161376953, 9169
3.6699795722961426, 9168
3.6709775924682617, 9167
3.6709775924682617, 9166
3.6709775924682617, 9165
3.6729719638824463, 9164
3.674966812133789, 9163
3.6779754161834717, 9162
3.6829452514648438, 9161
3.6839425563812256, 9160
3.684939384460449, 9159
3.684939384460449, 9158
3.685936689376831, 9157
3.685936689376831, 9156
3.687931537628174, 9155
3.6899259090423584, 9154
3.69842791557312, 9153
3.7004172801971436, 9152
3.7024073600769043, 9151
3.7034049034118652, 9150
3.7053987979888916, 9149
3.7114222049713135, 9148
3.7143807411193848, 9147
3.716369867324829, 9146
3.718365430831909, 9145
3.7213566303253174, 9144
3.722353458404541, 9143
3.7243545055389404, 9142
3.7313363552093506, 9141
3.7333261966705322, 9140
3.7353193759918213, 9139
3.7373135089874268, 9138
3.7383108139038086, 9137
3.7383108139038086, 9136
3.7393076419830322, 9135
3.746290445327759, 9134
3.748288631439209, 9133
3.7492847442626953, 9132
3.7502834796905518, 9131
3.75127911567688, 9130
3.75127911567688, 9129
3.752274751663208, 9128
3.752274751663208, 9127
3.753272771835327, 9126
3.753272771835327, 9125
3.7542693614959717, 9124
3.7552669048309326, 9123
3.7552669048309326, 9122
3.7562642097473145, 9121
3.763245105743408, 9120
3.7652406692504883, 9119
3.7682318687438965, 9118
3.7692296504974365, 9117
3.770226001739502, 9116
3.770226001739502, 9115
3.7712230682373047, 9114
3.7712230682373047, 9113
3.772221326828003, 9112
3.773216962814331, 9111
3.7811973094940186, 9110
3.784188747406006, 9109
3.7861838340759277, 9108
3.788177490234375, 9107
3.789174795150757, 9106
3.793165683746338, 9105
3.796189785003662, 9104
3.8001456260681152, 9103
3.8031387329101562, 9102
3.8051321506500244, 9101
3.8061299324035645, 9100
3.8061299324035645, 9099
3.8111166954040527, 9098
3.812114715576172, 9097
3.816114902496338, 9096
3.8180975914001465, 9095
3.819094657897949, 9094
3.819094657897949, 9093
3.8200924396514893, 9092
3.8200924396514893, 9091
3.821089267730713, 9090
3.821089267730713, 9089
3.822086811065674, 9088
3.8230841159820557, 9087
3.8280816078186035, 9086
3.8310649394989014, 9085
3.832061290740967, 9084
3.8330588340759277, 9083
3.8330588340759277, 9082
3.8340556621551514, 9081
3.8340556621551514, 9080
3.8350517749786377, 9079
3.8350517749786377, 9078
3.8360486030578613, 9077
3.8360486030578613, 9076
3.8370468616485596, 9075
3.8370468616485596, 9074
3.839041233062744, 9073
3.839041233062744, 9072
3.840039014816284, 9071
3.8420543670654297, 9070
3.8460237979888916, 9069
3.8480191230773926, 9068
3.85001277923584, 9067
3.85001277923584, 9066
3.8520071506500244, 9065
3.853003978729248, 9064
3.85400128364563, 9063
3.8549978733062744, 9062
3.8559961318969727, 9061
3.8559961318969727, 9060
3.862978935241699, 9059
3.864973783493042, 9058
3.8669674396514893, 9057
3.8679654598236084, 9056
3.869959592819214, 9055
3.8709561824798584, 9054
3.8719544410705566, 9053
3.8729522228240967, 9052
3.8729522228240967, 9051
3.881927728652954, 9050
3.8839223384857178, 9049
3.8859164714813232, 9048
3.8859164714813232, 9047
3.886913537979126, 9046
3.887910842895508, 9045
3.887910842895508, 9044
3.8889081478118896, 9043
3.8899049758911133, 9042
3.8978850841522217, 9041
3.8988819122314453, 9040
3.9008772373199463, 9039
3.901873826980591, 9038
3.901873826980591, 9037
3.9028704166412354, 9036
3.9048657417297363, 9035
3.905862331390381, 9034
3.905862331390381, 9033
3.911853313446045, 9032
3.914839506149292, 9031
3.9168355464935303, 9030
3.917832136154175, 9029
3.919825792312622, 9028
3.919825792312622, 9027
3.920822858810425, 9026
3.920822858810425, 9025
3.9218199253082275, 9024
3.9228174686431885, 9023
3.9278249740600586, 9022
3.9307973384857178, 9021
3.9307973384857178, 9020
3.9318017959594727, 9019
3.9327919483184814, 9018
3.9347872734069824, 9017
3.9367825984954834, 9016
3.9377782344818115, 9015
3.940770149230957, 9014
3.9457600116729736, 9013
3.94775128364563, 9012
3.949746608734131, 9011
3.9527385234832764, 9010
3.9537353515625, 9009
3.9547324180603027, 9008
3.9567267894744873, 9007
3.9617233276367188, 9006
3.9657044410705566, 9005
3.9676990509033203, 9004
3.9686954021453857, 9003
3.9686954021453857, 9002
3.9696929454803467, 9001
3.9706900119781494, 9000
3.971686840057373, 8999
3.972686290740967, 8998
3.9736874103546143, 8997
3.979665756225586, 8996
3.981660842895508, 8995
3.982659101486206, 8994
3.9836554527282715, 8993
3.984652280807495, 8992
3.985651731491089, 8991
3.985651731491089, 8990
3.987645149230957, 8989
3.987645149230957, 8988
3.9886419773101807, 8987
3.9896397590637207, 8986
3.9966225624084473, 8985
3.9986155033111572, 8984
4.000609874725342, 8983
4.001607894897461, 8982
4.001607894897461, 8981
4.002604007720947, 8980
4.00360107421875, 8979
4.0045998096466064, 8978
4.00659441947937, 8977
4.01257848739624, 8976
4.014572381973267, 8975
4.016567707061768, 8974
4.018561840057373, 8973
4.020557165145874, 8972
4.0215535163879395, 8971
4.023547887802124, 8970
4.032525062561035, 8969
4.033521890640259, 8968
4.035516023635864, 8967
4.036514043807983, 8966
4.038508415222168, 8965
4.042504549026489, 8964
4.047484397888184, 8963
4.049479007720947, 8962
4.050475597381592, 8961
4.05247163772583, 8960
4.053468942642212, 8959
4.055462837219238, 8958
4.056462287902832, 8957
4.06443977355957, 8956
4.066434621810913, 8955
4.067432641983032, 8954
4.068430185317993, 8953
4.068430185317993, 8952
4.069425582885742, 8951
4.070423126220703, 8950
4.072417974472046, 8949
4.079399824142456, 8948
4.081394672393799, 8947
4.083394289016724, 8946
4.085382461547852, 8945
4.087378025054932, 8944
4.088374376296997, 8943
4.095357894897461, 8942
4.097351789474487, 8941
4.09934663772583, 8940
4.09934663772583, 8939
4.100343227386475, 8938
4.1013407707214355, 8937
4.103334903717041, 8936
4.104331970214844, 8935
4.105329275131226, 8934
4.106326580047607, 8933
4.1123127937316895, 8932
4.114305257797241, 8931
4.115302562713623, 8930
4.1163012981414795, 8929
4.117297887802124, 8928
4.117297887802124, 8927
4.118295431137085, 8926
4.118295431137085, 8925
4.119292736053467, 8924
4.119292736053467, 8923
4.120289087295532, 8922
4.121288776397705, 8921
4.121288776397705, 8920
4.1232826709747314, 8919
4.126289367675781, 8918
4.128270149230957, 8917
4.12926983833313, 8916
4.132265567779541, 8915
4.134251832962036, 8914
4.135249853134155, 8913
4.135249853134155, 8912
4.136246919631958, 8911
4.13724422454834, 8910
4.1392388343811035, 8909
4.1392388343811035, 8908
4.1402363777160645, 8907
4.144383668899536, 8906
4.148215293884277, 8905
4.149212598800659, 8904
4.149212598800659, 8903
4.15021014213562, 8902
4.15021014213562, 8901
4.1512064933776855, 8900
4.152203321456909, 8899
4.153201341629028, 8898
4.153201341629028, 8897
4.154200077056885, 8896
4.154200077056885, 8895
4.15519642829895, 8894
4.15519642829895, 8893
4.1621787548065186, 8892
4.164172410964966, 8891
4.165170192718506, 8890
4.166167974472046, 8889
4.167164087295532, 8888
4.168161153793335, 8887
4.168161153793335, 8886
4.169159889221191, 8885
4.169159889221191, 8884
4.170156478881836, 8883
4.171153545379639, 8882
4.172152280807495, 8881
4.172152280807495, 8880
4.179157733917236, 8879
4.18013072013855, 8878
4.1811277866363525, 8877
4.182123899459839, 8876
4.183121919631958, 8875
4.1841206550598145, 8874
4.1841206550598145, 8873
4.185116529464722, 8872
4.185116529464722, 8871
4.186113357543945, 8870
4.1871113777160645, 8869
4.188108921051025, 8868
4.188108921051025, 8867
4.18910551071167, 8866
4.18910551071167, 8865
4.1940929889678955, 8864
4.196088075637817, 8863
4.199079751968384, 8862
4.199079751968384, 8861
4.200077295303345, 8860
4.201072692871094, 8859
4.202071666717529, 8858
4.203068733215332, 8857
4.204065799713135, 8856
4.206060409545898, 8855
4.206060409545898, 8854
4.211055517196655, 8853
4.214039325714111, 8852
4.215036392211914, 8851
4.217031002044678, 8850
4.218029499053955, 8849
4.219024658203125, 8848
4.221019268035889, 8847
4.2220165729522705, 8846
4.2220165729522705, 8845
4.223015069961548, 8844
4.228999137878418, 8843
4.230993270874023, 8842
4.232988595962524, 8841
4.233985662460327, 8840
4.233985662460327, 8839
4.234985113143921, 8838
4.234985113143921, 8837
4.23697829246521, 8836
4.237975835800171, 8835
4.238972187042236, 8834
4.238972187042236, 8833
4.238972187042236, 8832
4.240980625152588, 8831
4.24695086479187, 8830
4.24794864654541, 8829
4.248946905136108, 8828
4.248946905136108, 8827
4.249943017959595, 8826
4.250945329666138, 8825
4.250945329666138, 8824
4.251938819885254, 8823
4.251938819885254, 8822
4.2529356479644775, 8821
4.2529356479644775, 8820
4.2529356479644775, 8819
4.253931999206543, 8818
4.253931999206543, 8817
4.254929304122925, 8816
4.255926609039307, 8815
4.262909889221191, 8814
4.2639076709747314, 8813
4.264903783798218, 8812
4.265900611877441, 8811
4.265900611877441, 8810
4.265900611877441, 8809
4.266896724700928, 8808
4.266896724700928, 8807
4.267894506454468, 8806
4.267894506454468, 8805
4.268891334533691, 8804
4.268891334533691, 8803
4.269888401031494, 8802
4.269888401031494, 8801
4.270885705947876, 8800
4.270885705947876, 8799
4.270885705947876, 8798
4.271883249282837, 8797
4.27288293838501, 8796
4.273879766464233, 8795
4.277889966964722, 8794
4.278871774673462, 8793
4.279862880706787, 8792
4.279862880706787, 8791
4.2808592319488525, 8790
4.2808592319488525, 8789
4.281856536865234, 8788
4.281856536865234, 8787
4.282853841781616, 8786
4.282853841781616, 8785
4.282853841781616, 8784
4.283851146697998, 8783
4.283851146697998, 8782
4.28484845161438, 8781
4.28484845161438, 8780
4.285845994949341, 8779
4.285845994949341, 8778
4.286843538284302, 8777
4.286843538284302, 8776
4.287841558456421, 8775
4.287841558456421, 8774
4.288838148117065, 8773
4.288838148117065, 8772
4.289835214614868, 8771
4.289835214614868, 8770
4.291845083236694, 8769
4.291845083236694, 8768
4.292828321456909, 8767
4.292828321456909, 8766
4.293824672698975, 8765
4.293824672698975, 8764
4.294822454452515, 8763
4.294822454452515, 8762
4.295819520950317, 8761
4.295819520950317, 8760
4.29681658744812, 8759
4.29681658744812, 8758
4.29781436920166, 8757
4.298812627792358, 8756
4.298812627792358, 8755
4.299808979034424, 8754
4.299808979034424, 8753
4.300806045532227, 8752
4.300806045532227, 8751
4.3018035888671875, 8750
4.3018035888671875, 8749
4.3018035888671875, 8748
4.303797960281372, 8747
4.303797960281372, 8746
4.303797960281372, 8745
4.304795265197754, 8744
4.304795265197754, 8743
4.305792331695557, 8742
4.305792331695557, 8741
4.306789875030518, 8740
4.307787895202637, 8739
4.307787895202637, 8738
4.3087849617004395, 8737
4.3087849617004395, 8736
4.3097825050354, 8735
4.3097825050354, 8734
4.310779333114624, 8733
4.310779333114624, 8732
4.311776638031006, 8731
4.311776638031006, 8730
4.312773942947388, 8729
4.312773942947388, 8728
4.3137712478637695, 8727
4.3137712478637695, 8726
4.314768552780151, 8725
4.314768552780151, 8724
4.314768552780151, 8723
4.315765619277954, 8722
4.315765619277954, 8721
4.316763877868652, 8720
4.316763877868652, 8719
4.318758487701416, 8718
4.318758487701416, 8717
4.318758487701416, 8716
4.31975531578064, 8715
4.31975531578064, 8714
4.3207526206970215, 8713
4.3207526206970215, 8712
4.321749925613403, 8711
4.321749925613403, 8710
4.322746992111206, 8709
4.322746992111206, 8708
4.323745250701904, 8707
4.324743270874023, 8706
4.324743270874023, 8705
4.325740098953247, 8704
4.325740098953247, 8703
4.326736688613892, 8702
4.326736688613892, 8701
4.327734708786011, 8700
4.327734708786011, 8699
4.328731298446655, 8698
4.328731298446655, 8697
4.328731298446655, 8696
4.329728603363037, 8695
4.329728603363037, 8694
4.330725908279419, 8693
4.330725908279419, 8692
4.331723928451538, 8691
4.331723928451538, 8690
4.332720756530762, 8689
4.332720756530762, 8688
4.3337178230285645, 8687
4.3337178230285645, 8686
4.334715366363525, 8685
4.334847688674927, 8684
4.336841583251953, 8683
4.336841583251953, 8682
4.337839126586914, 8681
4.338837146759033, 8680
4.339833974838257, 8679
4.340831279754639, 8678
4.340831279754639, 8677
4.340831279754639, 8676
4.341828346252441, 8675
4.342962741851807, 8674
4.3449578285217285, 8673
4.345954895019531, 8672
4.346952676773071, 8671
4.347950458526611, 8670
4.348947048187256, 8669
4.348947048187256, 8668
4.349944114685059, 8667
4.3510541915893555, 8666
4.352052450180054, 8665
4.3530495166778564, 8664
4.3530495166778564, 8663
4.35404634475708, 8662
4.35404634475708, 8661
4.3550450801849365, 8660
4.3550450801849365, 8659
4.356041669845581, 8658
4.357038259506226, 8657
4.358036279678345, 8656
4.359033107757568, 8655
4.359033107757568, 8654
4.360030174255371, 8653
4.360030174255371, 8652
4.360030174255371, 8651
4.361027240753174, 8650
4.361027240753174, 8649
4.362025022506714, 8648
4.362025022506714, 8647
4.363022089004517, 8646
4.363022089004517, 8645
4.364019393920898, 8644
4.364019393920898, 8643
4.364019393920898, 8642
4.36501669883728, 8641
4.36501669883728, 8640
4.366014003753662, 8639
4.366014003753662, 8638
4.36712384223938, 8637
4.36812162399292, 8636
4.36812162399292, 8635
4.36911940574646, 8634
4.36911940574646, 8633
4.36911940574646, 8632
4.3701159954071045, 8631
4.371114730834961, 8630
4.372110843658447, 8629
4.37310791015625, 8628
4.374107122421265, 8627
4.374107122421265, 8626
4.3753132820129395, 8625
4.376100778579712, 8624
4.377098083496094, 8623
4.378095388412476, 8622
4.378095388412476, 8621
4.379091739654541, 8620
4.379091739654541, 8619
4.380088806152344, 8618
4.380088806152344, 8617
4.381086111068726, 8616
4.381086111068726, 8615
4.382083177566528, 8614
4.382083177566528, 8613
4.382083177566528, 8612
4.383268117904663, 8611
4.384266138076782, 8610
4.385263204574585, 8609
4.385263204574585, 8608
4.386260986328125, 8607
4.387258291244507, 8606
4.38825535774231, 8605
4.38825535774231, 8604
4.389252185821533, 8603
4.389252185821533, 8602
4.390248775482178, 8601
4.391376733779907, 8600
4.392374753952026, 8599
4.393372297286987, 8598
4.393372297286987, 8597
4.394368886947632, 8596
4.394368886947632, 8595
4.395367383956909, 8594
4.396363735198975, 8593
4.396363735198975, 8592
4.397361516952515, 8591
4.397361516952515, 8590
4.398359060287476, 8589
4.399356365203857, 8588
4.399356365203857, 8587
4.399356365203857, 8586
4.401350498199463, 8585
4.402347803115845, 8584
4.403345108032227, 8583
4.4043426513671875, 8582
4.405339479446411, 8581
4.406337022781372, 8580
4.407467365264893, 8579
4.408465385437012, 8578
4.4094624519348145, 8577
4.4094624519348145, 8576
4.410459518432617, 8575
4.411456823348999, 8574
4.41245436668396, 8573
4.413451671600342, 8572
4.4144487380981445, 8571
4.416079521179199, 8570
4.417080402374268, 8569
4.41807746887207, 8568
4.4190754890441895, 8567
4.4190754890441895, 8566
4.420072078704834, 8565
4.421069383621216, 8564
4.422198534011841, 8563
4.423196315765381, 8562
4.423196315765381, 8561
4.424193859100342, 8560
4.424193859100342, 8559
4.4251909255981445, 8558
4.4251909255981445, 8557
4.426188230514526, 8556
4.426188230514526, 8555
4.427186012268066, 8554
4.4281837940216064, 8553
4.4281837940216064, 8552
4.429180383682251, 8551
4.430177211761475, 8550
4.432177782058716, 8549
4.433170318603516, 8548
4.433170318603516, 8547
4.434166431427002, 8546
4.434166431427002, 8545
4.435163497924805, 8544
4.435163497924805, 8543
4.435163497924805, 8542
4.436160564422607, 8541
4.436160564422607, 8540
4.437158584594727, 8539
4.4381561279296875, 8538
4.4381561279296875, 8537
4.439152956008911, 8536
4.439152956008911, 8535
4.440150260925293, 8534
4.441148519515991, 8533
4.441148519515991, 8532
4.442144870758057, 8531
4.442144870758057, 8530
4.443143367767334, 8529
4.443143367767334, 8528
4.443143367767334, 8527
4.444140195846558, 8526
4.44513726234436, 8525
4.44513726234436, 8524
4.446135997772217, 8523
4.447131633758545, 8522
4.44813346862793, 8521
4.44813346862793, 8520
4.449128866195679, 8519
4.449128866195679, 8518
4.450124025344849, 8517
4.450124025344849, 8516
4.451121091842651, 8515
4.451121091842651, 8514
4.4521191120147705, 8513
4.4521191120147705, 8512
4.453116178512573, 8511
4.453116178512573, 8510
4.454113245010376, 8509
4.454113245010376, 8508
4.455110549926758, 8507
4.455110549926758, 8506
4.456107139587402, 8505
4.459100723266602, 8504
4.4600989818573, 8503
4.461094856262207, 8502
4.463089227676392, 8501
4.4640867710113525, 8500
4.466081857681274, 8499
4.467078924179077, 8498
4.468075752258301, 8497
4.469073057174683, 8496
4.471067190170288, 8495
4.472065210342407, 8494
4.473062753677368, 8493
4.476054668426514, 8492
4.478051424026489, 8491
4.479048252105713, 8490
4.479048252105713, 8489
4.480043888092041, 8488
4.480043888092041, 8487
4.481042146682739, 8486
4.481042146682739, 8485
4.482039213180542, 8484
4.482039213180542, 8483
4.483042240142822, 8482
4.483042240142822, 8481
4.484034061431885, 8480
4.484034061431885, 8479
4.484034061431885, 8478
4.485031843185425, 8477
4.485031843185425, 8476
4.487025499343872, 8475
4.488887310028076, 8474
4.4898841381073, 8473
4.491883993148804, 8472
4.492878675460815, 8471
4.493873357772827, 8470
4.493873357772827, 8469
4.494871616363525, 8468
4.494871616363525, 8467
4.495867729187012, 8466
4.495867729187012, 8465
4.499863386154175, 8464
4.5008544921875, 8463
4.5008544921875, 8462
4.501850843429565, 8461
4.501850843429565, 8460
4.502847671508789, 8459
4.503847122192383, 8458
4.511825799942017, 8457
4.512824058532715, 8456
4.5168328285217285, 8455
4.518806219100952, 8454
4.519803524017334, 8453
4.519803524017334, 8452
4.520800590515137, 8451
4.520800590515137, 8450
4.5217976570129395, 8449
4.5217976570129395, 8448
4.522794485092163, 8447
4.527782917022705, 8446
4.5297768115997314, 8445
4.530773878097534, 8444
4.531771898269653, 8443
4.531771898269653, 8442
4.532768726348877, 8441
4.532768726348877, 8440
4.533766031265259, 8439
4.533766031265259, 8438
4.533766031265259, 8437
4.534763336181641, 8436
4.534763336181641, 8435
4.535762071609497, 8434
4.537768363952637, 8433
4.539761066436768, 8432
4.543741464614868, 8431
4.544736623764038, 8430
4.545734643936157, 8429
4.545734643936157, 8428
4.546731233596802, 8427
4.547729253768921, 8426
4.547729253768921, 8425
4.548726320266724, 8424
4.548726320266724, 8423
4.54972243309021, 8422
4.54972243309021, 8421
4.54972243309021, 8420
4.550719976425171, 8419
4.55171799659729, 8418
4.55171799659729, 8417
4.552714586257935, 8416
4.553725242614746, 8415
4.555727481842041, 8414
4.559711456298828, 8413
4.560694932937622, 8412
4.561692237854004, 8411
4.562688589096069, 8410
4.562688589096069, 8409
4.562688589096069, 8408
4.5636866092681885, 8407
4.5636866092681885, 8406
4.564683437347412, 8405
4.565680742263794, 8404
4.566677808761597, 8403
4.567675590515137, 8402
4.567675590515137, 8401
4.5686726570129395, 8400
4.5686726570129395, 8399
4.569670915603638, 8398
4.569670915603638, 8397
4.57169246673584, 8396
4.578647136688232, 8395
4.579643964767456, 8394
4.580641508102417, 8393
4.581637859344482, 8392
4.581637859344482, 8391
4.582635164260864, 8390
4.583632946014404, 8389
4.583632946014404, 8388
4.584630012512207, 8387
4.584630012512207, 8386
4.5866312980651855, 8385
4.590620040893555, 8384
4.594604015350342, 8383
4.596598386764526, 8382
4.598592519760132, 8381
4.599589586257935, 8380
4.601585149765015, 8379
4.603579521179199, 8378
4.608126401901245, 8377
4.610121011734009, 8376
4.611118316650391, 8375
4.611118316650391, 8374
4.612115144729614, 8373
4.612115144729614, 8372
4.613111734390259, 8371
4.614109516143799, 8370
4.615107536315918, 8369
4.617101669311523, 8368
4.61810040473938, 8367
4.619096279144287, 8366
4.619096279144287, 8365
4.620093822479248, 8364
4.620093822479248, 8363
4.621095180511475, 8362
4.621095180511475, 8361
4.622088432312012, 8360
4.622088432312012, 8359
4.62609601020813, 8358
4.6310648918151855, 8357
4.6310648918151855, 8356
4.635054588317871, 8355
4.636051416397095, 8354
4.636051416397095, 8353
4.6380455493927, 8352
4.63904333114624, 8351
4.63904333114624, 8350
4.645038604736328, 8349
4.648019313812256, 8348
4.649019479751587, 8347
4.649019479751587, 8346
4.651010751724243, 8345
4.651010751724243, 8344
4.652009010314941, 8343
4.652009010314941, 8342
4.653005123138428, 8341
4.653005123138428, 8340
4.654001712799072, 8339
4.655000686645508, 8338
4.655999660491943, 8337
4.662989139556885, 8336
4.663978099822998, 8335
4.66597318649292, 8334
4.66696834564209, 8333
4.66796612739563, 8332
4.66796612739563, 8331
4.668964624404907, 8330
4.668964624404907, 8329
4.66996169090271, 8328
4.670958757400513, 8327
4.670958757400513, 8326
4.671955347061157, 8325
4.678954362869263, 8324
4.680931091308594, 8323
4.681930780410767, 8322
4.682929039001465, 8321
4.683923721313477, 8320
4.6849212646484375, 8319
4.6849212646484375, 8318
4.6849212646484375, 8317
4.685918569564819, 8316
4.685918569564819, 8315
4.686916351318359, 8314
4.687913417816162, 8313
4.688910484313965, 8312
4.688910484313965, 8311
4.69589900970459, 8310
4.697886228561401, 8309
4.698891639709473, 8308
4.699883222579956, 8307
4.699883222579956, 8306
4.699883222579956, 8305
4.700877666473389, 8304
4.700877666473389, 8303
4.701875448226929, 8302
4.701875448226929, 8301
4.702875137329102, 8300
4.703871250152588, 8299
4.703871250152588, 8298
4.704868793487549, 8297
4.704868793487549, 8296
4.705868482589722, 8295
4.706382513046265, 8294
4.713359594345093, 8293
4.71535325050354, 8292
4.716352224349976, 8291
4.717353105545044, 8290
4.718345403671265, 8289
4.719342947006226, 8288
4.719342947006226, 8287
4.720341205596924, 8286
4.720341205596924, 8285
4.7213404178619385, 8284
4.7213404178619385, 8283
4.722336053848267, 8282
4.722336053848267, 8281
4.729326486587524, 8280
4.731310844421387, 8279
4.732308626174927, 8278
4.734301805496216, 8277
4.735299348831177, 8276
4.736297369003296, 8275
4.737297534942627, 8274
4.738292694091797, 8273
4.739289999008179, 8272
4.741299629211426, 8271
4.74726939201355, 8270
4.74726939201355, 8269
4.748266696929932, 8268
4.7492616176605225, 8267
4.7492616176605225, 8266
4.7502617835998535, 8265
4.7502617835998535, 8264
4.751256942749023, 8263
4.751256942749023, 8262
4.751256942749023, 8261
4.752253532409668, 8260
4.752253532409668, 8259
4.753251314163208, 8258
4.753251314163208, 8257
4.753251314163208, 8256
4.754248380661011, 8255
4.754248380661011, 8254
4.75524640083313, 8253
4.75524640083313, 8252
4.7562432289123535, 8251
4.763233184814453, 8250
4.764222860336304, 8249
4.764222860336304, 8248
4.7652201652526855, 8247
4.766217470169067, 8246
4.766217470169067, 8245
4.767213821411133, 8244
4.767213821411133, 8243
4.767213821411133, 8242
4.768212795257568, 8241
4.768212795257568, 8240
4.769212007522583, 8239
4.769212007522583, 8238
4.770205974578857, 8237
4.770205974578857, 8236
4.77120304107666, 8235
4.77120304107666, 8234
4.772205829620361, 8233
4.772205829620361, 8232
4.773198127746582, 8231
4.775203466415405, 8230
4.782174825668335, 8229
4.783171653747559, 8228
4.783171653747559, 8227
4.787160634994507, 8226
4.789156913757324, 8225
4.789156913757324, 8224
4.7901527881622314, 8223
4.797135353088379, 8222
4.798132419586182, 8221
4.798132419586182, 8220
4.799129486083984, 8219
4.799129486083984, 8218
4.800125598907471, 8217
4.800125598907471, 8216
4.801123142242432, 8215
4.801123142242432, 8214
4.802120923995972, 8213
4.802120923995972, 8212
4.804117679595947, 8211
4.804117679595947, 8210
4.805112838745117, 8209
4.805112838745117, 8208
4.80612325668335, 8207
4.80612325668335, 8206
4.811113595962524, 8205
4.813096284866333, 8204
4.815090179443359, 8203
4.815090179443359, 8202
4.81608772277832, 8201
4.81608772277832, 8200
4.817084789276123, 8199
4.818083047866821, 8198
4.819080591201782, 8197
4.819080591201782, 8196
4.820077180862427, 8195
4.820077180862427, 8194
4.821073770523071, 8193
4.821073770523071, 8192
4.822071313858032, 8191
4.822071313858032, 8190
4.823068857192993, 8189
4.8290674686431885, 8188
4.831047534942627, 8187
4.831047534942627, 8186
4.83204460144043, 8185
4.83204460144043, 8184
4.833048343658447, 8183
4.833048343658447, 8182
4.834040880203247, 8181
4.834040880203247, 8180
4.835037469863892, 8179
4.836034297943115, 8178
4.836034297943115, 8177
4.836034297943115, 8176
4.837031364440918, 8175
4.837031364440918, 8174
4.838029384613037, 8173
4.838029384613037, 8172
4.83902645111084, 8171
4.841040134429932, 8170
4.84502387046814, 8169
4.848003149032593, 8168
4.848003149032593, 8167
4.849002361297607, 8166
4.84999680519104, 8165
4.84999680519104, 8164
4.850994110107422, 8163
4.851991176605225, 8162
4.851991176605225, 8161
4.852988243103027, 8160
4.853986024856567, 8159
4.8549840450286865, 8158
4.8559815883636475, 8157
4.8559815883636475, 8156
4.8639607429504395, 8155
4.8639607429504395, 8154
4.865954875946045, 8153
4.866953134536743, 8152
4.867949724197388, 8151
4.868946313858032, 8150
4.869943618774414, 8149
4.870941400527954, 8148
4.870941400527954, 8147
4.871937990188599, 8146
4.8729352951049805, 8145
4.87594747543335, 8144
4.880914926528931, 8143
4.8819122314453125, 8142
4.882909059524536, 8141
4.882909059524536, 8140
4.884904146194458, 8139
4.884904146194458, 8138
4.885901689529419, 8137
4.886897802352905, 8136
4.8878984451293945, 8135
4.8878984451293945, 8134
4.888893127441406, 8133
4.88988995552063, 8132
4.895874977111816, 8131
4.897870779037476, 8130
4.8988659381866455, 8129
4.8988659381866455, 8128
4.900863409042358, 8127
4.901858568191528, 8126
4.901858568191528, 8125
4.90285587310791, 8124
4.904850244522095, 8123
4.905847787857056, 8122
4.910553216934204, 8121
4.913544654846191, 8120
4.91554069519043, 8119
4.916536808013916, 8118
4.917535066604614, 8117
4.918531179428101, 8116
4.919529438018799, 8115
4.919529438018799, 8114
4.921522855758667, 8113
4.921522855758667, 8112
4.922521591186523, 8111
4.927518844604492, 8110
4.930499076843262, 8109
4.931496858596802, 8108
4.932493209838867, 8107
4.932493209838867, 8106
4.933490037918091, 8105
4.934487581253052, 8104
4.935484886169434, 8103
4.935484886169434, 8102
4.936482191085815, 8101
4.9384777545928955, 8100
4.93947434425354, 8099
4.940479516983032, 8098
4.9464569091796875, 8097
4.9464569091796875, 8096
4.947454452514648, 8095
4.948450326919556, 8094
4.949447393417358, 8093
4.95044469833374, 8092
4.95044469833374, 8091
4.952441215515137, 8090
4.953437805175781, 8089
4.953437805175781, 8088
4.954434871673584, 8087
4.956429481506348, 8086
4.962420701980591, 8085
4.963411808013916, 8084
4.964407920837402, 8083
4.965404987335205, 8082
4.966402530670166, 8081
4.967400074005127, 8080
4.968398094177246, 8079
4.9693944454193115, 8078
4.9693944454193115, 8077
4.970391750335693, 8076
4.971388339996338, 8075
4.972386360168457, 8074
4.972386360168457, 8073
4.9753947257995605, 8072
4.977374076843262, 8071
4.9783713817596436, 8070
4.97936749458313, 8069
4.980365037918091, 8068
4.980365037918091, 8067
4.98136305809021, 8066
4.982359409332275, 8065
4.9833574295043945, 8064
4.984354496002197, 8063
4.984354496002197, 8062
4.985351324081421, 8061
4.986348628997803, 8060
4.987346887588501, 8059
4.987346887588501, 8058
4.9883434772491455, 8057
4.989341497421265, 8056
4.9903388023376465, 8055
4.992332935333252, 8054
4.993330001831055, 8053
4.993330001831055, 8052
4.994327545166016, 8051
4.9953248500823975, 8050
4.996322393417358, 8049
4.997320175170898, 8048
4.998317718505859, 8047
4.999314308166504, 8046
5.000311374664307, 8045
5.002306222915649, 8044
5.003303527832031, 8043
5.004301309585571, 8042
5.00743293762207, 8041
5.009427309036255, 8040
5.0124192237854, 8039
5.014413833618164, 8038
5.017004489898682, 8037
5.019996404647827, 8036
5.02199125289917, 8035
5.025387287139893, 8034
5.027380704879761, 8033
5.0303730964660645, 8032
5.032451868057251, 8031
5.035442590713501, 8030
5.037437677383423, 8029
5.041427850723267, 8028
5.04342246055603, 8027
5.046414136886597, 8026
5.049607276916504, 8025
5.051602125167847, 8024
5.0546650886535645, 8023
5.058656215667725, 8022
5.060649633407593, 8021
5.063734292984009, 8020
5.065728187561035, 8019
5.068721532821655, 8018
5.07181453704834, 8017
5.074806213378906, 8016
5.07680082321167, 8015
5.079792499542236, 8014
5.08278489112854, 8013
5.084779500961304, 8012
5.087864398956299, 8011
5.089857816696167, 8010
5.092849254608154, 8009
5.094925165176392, 8008
5.098835229873657, 8007
5.101829767227173, 8006
5.1048195362091064, 8005
5.1078104972839355, 8004
5.110801935195923, 8003
5.112796306610107, 8002
5.114791393280029, 8001
5.1187872886657715, 8000
5.120774984359741, 7999
5.123796701431274, 7998
5.125794172286987, 7997
5.128785848617554, 7996
5.131777763366699, 7995
5.133772373199463, 7994
5.13687539100647, 7993
5.140833854675293, 7992
5.142958164215088, 7991
5.145952463150024, 7990
5.148944139480591, 7989
5.152070045471191, 7988
5.154065132141113, 7987
5.158054828643799, 7986
5.1610472202301025, 7985
5.163040637969971, 7984
5.16755223274231, 7983
5.17054557800293, 7982
5.172540187835693, 7981
5.17561411857605, 7980
5.17760705947876, 7979
5.18060040473938, 7978
5.182735204696655, 7977
5.184730052947998, 7976
5.187726736068726, 7975
5.189717054367065, 7974
5.192798614501953, 7973
5.194793224334717, 7972
5.19678807258606, 7971
5.201775789260864, 7970
5.20476770401001, 7969
5.207946062088013, 7968
5.210937738418579, 7967
5.212932348251343, 7966
5.215924501419067, 7965
5.219913959503174, 7964
5.2219085693359375, 7963
5.225025653839111, 7962
5.229015827178955, 7961
5.231142520904541, 7960
5.234136343002319, 7959
5.237128973007202, 7958
5.240118741989136, 7957
5.246104001998901, 7956
5.249095439910889, 7955
5.251095294952393, 7954
5.254082441329956, 7953
5.256077289581299, 7952
5.2590696811676025, 7951
5.262061595916748, 7950
5.2650532722473145, 7949
5.268045902252197, 7948
5.271037340164185, 7947
5.2750256061553955, 7946
5.277019739151001, 7945
5.279014825820923, 7944
5.282008171081543, 7943
5.284002304077148, 7942
5.2875518798828125, 7941
5.290545225143433, 7940
5.293536186218262, 7939
5.295530080795288, 7938
5.298524618148804, 7937
5.301515579223633, 7936
5.30450701713562, 7935
5.307498931884766, 7934
5.310489654541016, 7933
5.313483238220215, 7932
5.315477609634399, 7931
5.318470478057861, 7930
5.3214616775512695, 7929
5.324455738067627, 7928
5.326449155807495, 7927
5.328442811965942, 7926
5.331434965133667, 7925
5.3344292640686035, 7924
5.343403339385986, 7923
5.345397472381592, 7922
5.3513829708099365, 7921
5.358363151550293, 7920
5.360356569290161, 7919
5.363350868225098, 7918
5.363350868225098, 7917
5.366342544555664, 7916
5.366342544555664, 7915
5.367341756820679, 7914
5.368336915969849, 7913
5.369333505630493, 7912
5.370333433151245, 7911
5.371328592300415, 7910
5.372325658798218, 7909
5.373323678970337, 7908
5.3743205070495605, 7907
5.375317096710205, 7906
5.37631368637085, 7905
5.37631368637085, 7904
5.378311395645142, 7903
5.37930703163147, 7902
5.3803040981292725, 7901
5.3803040981292725, 7900
5.381301403045654, 7899
5.382300615310669, 7898
5.3832972049713135, 7897
5.384294748306274, 7896
5.385290145874023, 7895
5.38628888130188, 7894
5.387285947799683, 7893
5.387285947799683, 7892
5.388282775878906, 7891
5.389281988143921, 7890
5.390277862548828, 7889
5.393276691436768, 7888
5.394267559051514, 7887
5.39626145362854, 7886
5.397262334823608, 7885
5.398256540298462, 7884
5.3992531299591064, 7883
5.400250196456909, 7882
5.401247501373291, 7881
5.401247501373291, 7880
5.402244567871094, 7879
5.4032416343688965, 7878
5.4042394161224365, 7877
5.4042394161224365, 7876
5.405236721038818, 7875
5.4072325229644775, 7874
5.408229827880859, 7873
5.409226417541504, 7872
5.4102232456207275, 7871
5.41122031211853, 7870
5.412217855453491, 7869
5.412217855453491, 7868
5.413249254226685, 7867
5.414215803146362, 7866
5.414215803146362, 7865
5.415245056152344, 7864
5.4162397384643555, 7863
5.417207479476929, 7862
5.418236255645752, 7861
5.419232130050659, 7860
5.419232130050659, 7859
5.420231819152832, 7858
5.42122745513916, 7857
5.4222252368927, 7856
5.423189163208008, 7855
5.424186706542969, 7854
5.425183296203613, 7853
5.426180601119995, 7852
5.426180601119995, 7851
5.427177906036377, 7850
5.428175449371338, 7849
5.429172992706299, 7848
5.430202484130859, 7847
5.431201696395874, 7846
5.432197570800781, 7845
5.433194398880005, 7844
5.43419337272644, 7843
5.435190916061401, 7842
5.435190916061401, 7841
5.436189413070679, 7840
5.437151670455933, 7839
5.438185930252075, 7838
5.440144062042236, 7837
5.441140651702881, 7836
5.442138195037842, 7835
5.4431352615356445, 7834
5.4431352615356445, 7833
5.444133043289185, 7832
5.445130109786987, 7831
5.44612717628479, 7830
5.447240829467773, 7829
5.448273658752441, 7828
5.449267864227295, 7827
5.45026707649231, 7826
5.4512622356414795, 7825
5.45225977897644, 7824
5.45225977897644, 7823
5.453254222869873, 7822
5.454371452331543, 7821
5.455402612686157, 7820
5.456398010253906, 7819
5.457365274429321, 7818
5.458398342132568, 7817
5.45939040184021, 7816
5.460390567779541, 7815
5.461385011672974, 7814
5.461385011672974, 7813
5.462503433227539, 7812
5.4635350704193115, 7811
5.464533567428589, 7810
5.4655280113220215, 7809
5.4655280113220215, 7808
5.466522455215454, 7807
5.4675233364105225, 7806
5.468519926071167, 7805
5.468519926071167, 7804
5.469516277313232, 7803
5.470618963241577, 7802
5.471649408340454, 7801
5.471649408340454, 7800
5.472645998001099, 7799
5.47364354133606, 7798
5.474642515182495, 7797
5.475637674331665, 7796
5.476603031158447, 7795
5.477599859237671, 7794
5.478598356246948, 7793
5.47959566116333, 7792
5.480592250823975, 7791
5.480592250823975, 7790
5.4835896492004395, 7789
5.485579252243042, 7788
5.487692356109619, 7787
5.489686727523804, 7786
5.491682052612305, 7785
5.493675947189331, 7784
5.496793031692505, 7783
5.49981689453125, 7782
5.501933813095093, 7781
5.5029613971710205, 7780
5.504958152770996, 7779
5.507918357849121, 7778
5.509913206100464, 7777
5.5120627880096436, 7776
5.51405668258667, 7775
5.516051292419434, 7774
5.519043922424316, 7773
5.52103853225708, 7772
5.5230326652526855, 7771
5.525027513504028, 7770
5.528144836425781, 7769
5.530139207839966, 7768
5.532134056091309, 7767
5.535268783569336, 7766
5.544161558151245, 7765
5.546159029006958, 7764
5.551148414611816, 7763
5.554136753082275, 7762
5.5581254959106445, 7761
5.561117887496948, 7760
5.565106153488159, 7759
5.5671000480651855, 7758
5.5700929164886475, 7757
5.577076196670532, 7756
5.583057880401611, 7755
5.588043928146362, 7754
5.600013256072998, 7753
5.604004144668579, 7752
5.613976001739502, 7751
5.617973566055298, 7750
5.619960308074951, 7749
5.630933046340942, 7748
5.635916709899902, 7747
5.647885322570801, 7746
5.650878667831421, 7745
5.655864238739014, 7744
5.664839506149292, 7743
5.667832136154175, 7742
5.669828176498413, 7741
5.671821117401123, 7740
5.681793451309204, 7739
5.684785604476929, 7738
5.686779975891113, 7737
5.693763256072998, 7736
5.699746608734131, 7735
5.701740026473999, 7734
5.703734397888184, 7733
5.709720849990845, 7732
5.715702772140503, 7731
5.717700242996216, 7730
5.720690011978149, 7729
5.722683906555176, 7728
5.731659889221191, 7727
5.733654975891113, 7726
5.735650300979614, 7725
5.737644910812378, 7724
5.755595922470093, 7723
5.761597156524658, 7722
5.783522129058838, 7721
5.785516023635864, 7720
5.785516023635864, 7719
5.786513328552246, 7718
5.787510395050049, 7717
5.788508892059326, 7716
5.797484636306763, 7715
5.798482656478882, 7714
5.799478530883789, 7713
5.799478530883789, 7712
5.800475597381592, 7711
5.804465055465698, 7710
5.813442945480347, 7709
5.814438819885254, 7708
5.8154356479644775, 7707
5.8154356479644775, 7706
5.816432952880859, 7705
5.8174309730529785, 7704
5.8184285163879395, 7703
5.819424867630005, 7702
5.819424867630005, 7701
5.820423126220703, 7700
5.8214194774627686, 7699
5.822482347488403, 7698
5.827574968338013, 7697
5.829554557800293, 7696
5.8305487632751465, 7695
5.831546068191528, 7694
5.832543611526489, 7693
5.833539962768555, 7692
5.833539962768555, 7691
5.8345372676849365, 7690
5.8355348110198975, 7689
5.8365318775177, 7688
5.8365318775177, 7687
5.83852744102478, 7686
5.844527959823608, 7685
5.846506834030151, 7684
5.847503900527954, 7683
5.848501920700073, 7682
5.84949803352356, 7681
5.8504955768585205, 7680
5.851492881774902, 7679
5.851492881774902, 7678
5.852489948272705, 7677
5.861478328704834, 7676
5.863462448120117, 7675
5.864458084106445, 7674
5.864458084106445, 7673
5.866452693939209, 7672
5.866452693939209, 7671
5.867450714111328, 7670
5.868447542190552, 7669
5.869445085525513, 7668
5.869445085525513, 7667
5.871439695358276, 7666
5.872436046600342, 7665
5.8734376430511475, 7664
5.879420042037964, 7663
5.880415439605713, 7662
5.881412029266357, 7661
5.882409334182739, 7660
5.882409334182739, 7659
5.8834068775177, 7658
5.884404182434082, 7657
5.885401964187622, 7656
5.885401964187622, 7655
5.886398792266846, 7654
5.887396574020386, 7653
5.895375490188599, 7652
5.896374225616455, 7651
5.897370338439941, 7650
5.8983681201934814, 7649
5.899364233016968, 7648
5.9013588428497314, 7647
5.903354167938232, 7646
5.904350996017456, 7645
5.905348539352417, 7644
5.906345844268799, 7643
5.912330150604248, 7642
5.913327932357788, 7641
5.916318893432617, 7640
5.916318893432617, 7639
5.917317867279053, 7638
5.9203081130981445, 7637
5.928308963775635, 7636
5.960203170776367, 7635
5.961199998855591, 7634
5.962196111679077, 7633
5.963193655014038, 7632
5.963193655014038, 7631
5.966185808181763, 7630
5.966185808181763, 7629
5.968181610107422, 7628
5.969177722930908, 7627
5.969177722930908, 7626
5.970174789428711, 7625
5.971172094345093, 7624
5.9721691608428955, 7623
5.9721691608428955, 7622
5.974165439605713, 7621
5.975163221359253, 7620
5.976161241531372, 7619
5.977156400680542, 7618
5.978154182434082, 7617
5.979150772094727, 7616
5.979150772094727, 7615
5.980147838592529, 7614
5.981145143508911, 7613
5.982142925262451, 7612
5.983141660690308, 7611
5.983141660690308, 7610
5.984137535095215, 7609
5.985134840011597, 7608
5.9861321449279785, 7607
5.9861321449279785, 7606
5.98712944984436, 7605
5.988126993179321, 7604
5.989124059677124, 7603
5.9901275634765625, 7602
5.9911205768585205, 7601
5.992116689682007, 7600
5.99311375617981, 7599
5.99311375617981, 7598
5.994110584259033, 7597
5.995107889175415, 7596
5.996105194091797, 7595
5.996105194091797, 7594
5.999097585678101, 7593
6.001091957092285, 7592
6.002089500427246, 7591
6.003087043762207, 7590
6.00408411026001, 7589
6.005083322525024, 7588
6.007076740264893, 7587
6.008073329925537, 7586
6.010068893432617, 7585
6.01106595993042, 7584
6.012063980102539, 7583
6.013061046600342, 7582
6.014057397842407, 7581
6.015054702758789, 7580
6.016052722930908, 7579
6.017049789428711, 7578
6.018047094345093, 7577
6.0190441608428955, 7576
6.021039724349976, 7575
6.022036075592041, 7574
6.023034334182739, 7573
6.024033784866333, 7572
6.0250279903411865, 7571
6.027023077011108, 7570
6.028022527694702, 7569
6.029019355773926, 7568
6.0300164222717285, 7567
6.03101372718811, 7566
6.033008575439453, 7565
6.034005641937256, 7564
6.035001754760742, 7563
6.036036968231201, 7562
6.037994861602783, 7561
6.040990591049194, 7560
6.041983366012573, 7559
6.043018102645874, 7558
6.0440099239349365, 7557
6.04500937461853, 7556
6.046005487442017, 7555
6.046972274780273, 7554
6.047999858856201, 7553
6.04996395111084, 7552
6.0509936809539795, 7551
6.051988363265991, 7550
6.052955389022827, 7549
6.053952693939209, 7548
6.054949760437012, 7547
6.056944370269775, 7546
6.058939456939697, 7545
6.060933589935303, 7544
6.061931133270264, 7543
6.063925743103027, 7542
6.064921855926514, 7541
6.065949440002441, 7540
6.066948890686035, 7539
6.067946672439575, 7538
6.0689451694488525, 7537
6.069940805435181, 7536
6.070940732955933, 7535
6.071903467178345, 7534
6.073933124542236, 7533
6.074927568435669, 7532
6.075924634933472, 7531
6.0769243240356445, 7530
6.077887773513794, 7529
6.0798821449279785, 7528
6.080912113189697, 7527
6.081906318664551, 7526
6.0829057693481445, 7525
6.083904266357422, 7524
6.085898399353027, 7523
6.08686375617981, 7522
6.087863445281982, 7521
6.088857412338257, 7520
6.090852975845337, 7519
6.091849327087402, 7518
6.092846870422363, 7517
6.093844652175903, 7516
6.094841480255127, 7515
6.09583854675293, 7514
6.096836090087891, 7513
6.097834587097168, 7512
6.098830699920654, 7511
6.100825548171997, 7510
6.101823091506958, 7509
6.102819919586182, 7508
6.103817462921143, 7507
6.104814767837524, 7506
6.105812072753906, 7505
6.106842994689941, 7504
6.107840538024902, 7503
6.108805894851685, 7502
6.109834671020508, 7501
6.111830472946167, 7500
6.112826585769653, 7499
6.113820552825928, 7498
6.114820957183838, 7497
6.1158177852630615, 7496
6.116816997528076, 7495
6.1177802085876465, 7494
6.118812561035156, 7493
6.119807004928589, 7492
6.120804309844971, 7491
6.121798992156982, 7490
6.123764753341675, 7489
6.124761581420898, 7488
6.125758647918701, 7487
6.126882076263428, 7486
6.127881050109863, 7485
6.128878355026245, 7484
6.130873203277588, 7483
6.13286828994751, 7482
6.133864879608154, 7481
6.134993314743042, 7480
6.1368567943573, 7479
6.13785457611084, 7478
6.138851642608643, 7477
6.139848947525024, 7476
6.140846252441406, 7475
6.142974615097046, 7474
6.1439735889434814, 7473
6.1459667682647705, 7472
6.146965980529785, 7471
6.147963047027588, 7470
6.148960113525391, 7469
6.15106725692749, 7468
6.152066946029663, 7467
6.1530632972717285, 7466
6.155058145523071, 7465
6.156055212020874, 7464
6.158050775527954, 7463
6.159047365188599, 7462
6.16004490852356, 7461
6.161041021347046, 7460
6.163036823272705, 7459
6.164033889770508, 7458
6.166029691696167, 7457
6.16715669631958, 7456
6.169153213500977, 7455
6.1701500415802, 7454
6.171147346496582, 7453
6.173141241073608, 7452
6.174139738082886, 7451
6.1761345863342285, 7450
6.178129434585571, 7449
6.179126024246216, 7448
6.180123567581177, 7447
6.181121349334717, 7446
6.183557748794556, 7445
6.18455696105957, 7444
6.186551094055176, 7443
6.187549352645874, 7442
6.189542055130005, 7441
6.190773248672485, 7440
6.1927690505981445, 7439
6.1937665939331055, 7438
6.195760726928711, 7437
6.19675874710083, 7436
6.198754072189331, 7435
6.199750661849976, 7434
6.20174503326416, 7433
6.202742338180542, 7432
6.203739643096924, 7431
6.20573353767395, 7430
6.207184791564941, 7429
6.208183765411377, 7428
6.210177898406982, 7427
6.212172746658325, 7426
6.213170289993286, 7425
6.214198350906372, 7424
6.215196132659912, 7423
6.216193914413452, 7422
6.21716046333313, 7421
6.218188524246216, 7420
6.220182418823242, 7419
6.221149444580078, 7418
6.222178220748901, 7417
6.223142862319946, 7416
6.224139213562012, 7415
6.2251365184783936, 7414
6.227163791656494, 7413
6.228161334991455, 7412
6.229158401489258, 7411
6.230156421661377, 7410
6.2311553955078125, 7409
6.232151746749878, 7408
6.233147621154785, 7407
6.234145164489746, 7406
6.235144376754761, 7405
6.236107110977173, 7404
6.237107276916504, 7403
6.238102436065674, 7402
6.2400970458984375, 7401
6.241093873977661, 7400
6.242091417312622, 7399
6.243088483810425, 7398
6.245083332061768, 7397
6.24608039855957, 7396
6.247193336486816, 7395
6.248192310333252, 7394
6.2501866817474365, 7393
6.251183986663818, 7392
6.253178834915161, 7391
6.254175901412964, 7390
6.256169319152832, 7389
6.258166551589966, 7388
6.259162902832031, 7387
6.261157512664795, 7386
6.262155055999756, 7385
6.264285087585449, 7384
6.265281915664673, 7383
6.268274784088135, 7382
6.269271373748779, 7381
6.270269393920898, 7380
6.271401643753052, 7379
6.273398399353027, 7378
6.2743940353393555, 7377
6.275393009185791, 7376
6.277387380599976, 7375
6.278385162353516, 7374
6.280379056930542, 7373
6.282372713088989, 7372
6.285364151000977, 7371
6.288356304168701, 7370
6.291457653045654, 7369
6.2924559116363525, 7368
6.2984397411346436, 7367
6.30242919921875, 7366
6.307414531707764, 7365
6.312402009963989, 7364
6.316391706466675, 7363
6.321376085281372, 7362
6.332346439361572, 7361
6.335338115692139, 7360
6.341323375701904, 7359
6.350300550460815, 7358
6.355294466018677, 7357
6.366256952285767, 7356
6.373255014419556, 7355
6.384207725524902, 7354
6.387202501296997, 7353
6.400008201599121, 7352
6.403995990753174, 7351
6.416004419326782, 7350
6.4209816455841064, 7349
6.430954694747925, 7348
6.433946371078491, 7347
6.439932346343994, 7346
6.448914289474487, 7345
6.460876226425171, 7344
6.464862823486328, 7343
6.474837303161621, 7342
6.49278998374939, 7341
6.50176477432251, 7340
6.508745908737183, 7339
6.534676790237427, 7338
6.549637079238892, 7337
6.553625822067261, 7336
6.566592693328857, 7335
6.570580959320068, 7334
6.579556941986084, 7333
6.58653712272644, 7332
6.594518184661865, 7331
6.60051703453064, 7330
6.669316530227661, 7329
6.68128514289856, 7328
6.701231241226196, 7327
6.705219745635986, 7326
6.7191832065582275, 7325
6.7291576862335205, 7324
6.734142303466797, 7323
6.745115041732788, 7322
6.751097679138184, 7321
6.763066530227661, 7320
6.769050598144531, 7319
6.785008192062378, 7318
6.796975612640381, 7317
6.815924644470215, 7316
6.821423292160034, 7315
6.833391427993774, 7314
6.844366788864136, 7313
6.852341651916504, 7312
6.865308046340942, 7311
6.869295597076416, 7310
6.898220539093018, 7309
6.899220943450928, 7308
6.904202938079834, 7307
6.915173768997192, 7306
6.9281394481658936, 7305
6.93511962890625, 7304
6.949083566665649, 7303
6.954068660736084, 7302
6.967034816741943, 7301
6.971023797988892, 7300
6.983989477157593, 7299
6.987978458404541, 7298
6.999947547912598, 7297
7.003945827484131, 7296
7.018896818161011, 7295
7.028869867324829, 7294
7.045823574066162, 7293
7.052805662155151, 7292
7.0657713413238525, 7291
7.070757865905762, 7290
7.086715459823608, 7289
7.098682880401611, 7288
7.103669881820679, 7287
7.117632865905762, 7286
7.132593631744385, 7285
7.175497055053711, 7284
7.198419094085693, 7283
7.204400300979614, 7282
7.21836519241333, 7281
7.231329917907715, 7280
7.236317157745361, 7279
7.253270864486694, 7278
7.271223068237305, 7277
7.285183429718018, 7276
7.298150539398193, 7275
7.303138017654419, 7274
7.316103935241699, 7273
7.329580545425415, 7272
7.3345677852630615, 7271
7.347533226013184, 7270
7.351523160934448, 7269
7.362492322921753, 7268
7.382440567016602, 7267
7.400391101837158, 7266
7.417908191680908, 7265
7.433815240859985, 7264
7.438801288604736, 7263
7.45076847076416, 7262
7.463736057281494, 7261
7.469718933105469, 7260
7.482685804367065, 7259
7.4866766929626465, 7258
7.5026304721832275, 7257
7.514599561691284, 7256
7.5190956592559814, 7255
7.532063722610474, 7254
7.536056995391846, 7253
7.548019886016846, 7252
7.553005695343018, 7251
7.563976764678955, 7250
7.580930471420288, 7249
7.58591890335083, 7248
7.6018760204315186, 7247
7.618354320526123, 7246
7.6462743282318115, 7245
7.651258707046509, 7244
7.663227081298828, 7243
7.666217565536499, 7242
7.678187847137451, 7241
7.68217658996582, 7240
7.695144414901733, 7239
7.702122688293457, 7238
7.7160866260528564, 7237
7.7290520668029785, 7236
7.749995470046997, 7235
7.794877529144287, 7234
7.8038530349731445, 7233
7.805845260620117, 7232
7.814823389053345, 7231
7.8307788372039795, 7230
7.846737384796143, 7229
7.850725173950195, 7228
7.860698938369751, 7227
7.866682529449463, 7226
7.8786516189575195, 7225
7.882641077041626, 7224
7.894609689712524, 7223
7.9025866985321045, 7222
7.913557767868042, 7221
7.921537399291992, 7220
7.936501502990723, 7219
7.949460983276367, 7218
7.954447984695435, 7217
7.970404624938965, 7216
7.983372449874878, 7215
7.987360239028931, 7214
7.998332262039185, 7213
8.002319812774658, 7212
8.014288663864136, 7211
8.018276929855347, 7210
8.02825379371643, 7209
8.032241344451904, 7208
8.036229133605957, 7207
8.046203136444092, 7206
8.054182529449463, 7205
8.066149950027466, 7204
8.070140361785889, 7203
8.079114437103271, 7202
8.087093830108643, 7201
8.095072269439697, 7200
8.102052927017212, 7199
8.110044956207275, 7198
8.115018844604492, 7197
8.118016004562378, 7196
8.127984046936035, 7195
8.132971286773682, 7194
8.136961221694946, 7193
8.146933317184448, 7192
8.149924755096436, 7191
8.152916431427002, 7190
8.161894083023071, 7189
8.167876958847046, 7188
8.170868396759033, 7187
8.180842876434326, 7186
8.183834314346313, 7185
8.186826229095459, 7184
8.194805145263672, 7183
8.197797298431396, 7182
8.201785802841187, 7181
8.204777717590332, 7180
8.209764957427979, 7179
8.212756156921387, 7178
8.215749025344849, 7177
8.218741178512573, 7176
8.222815036773682, 7175
8.225807189941406, 7174
8.230872631072998, 7173
8.231870412826538, 7172
8.232867002487183, 7171
8.233864307403564, 7170
8.234862804412842, 7169
8.235860109329224, 7168
8.236858367919922, 7167
8.237855672836304, 7166
8.240846872329712, 7165
8.24184513092041, 7164
8.242841243743896, 7163
8.243838548660278, 7162
8.244836807250977, 7161
8.247924327850342, 7160
8.248921155929565, 7159
8.249918460845947, 7158
8.25091552734375, 7157
8.25091552734375, 7156
8.251914501190186, 7155
8.252910137176514, 7154
8.253907680511475, 7153
8.254986763000488, 7152
8.255903244018555, 7151
8.25789737701416, 7150
8.258893966674805, 7149
8.259891510009766, 7148
8.26088833808899, 7147
8.261885404586792, 7146
8.262964963912964, 7145
8.263964176177979, 7144
8.267953872680664, 7143
8.268950939178467, 7142
8.271000862121582, 7141
8.27402949333191, 7140
8.277021408081055, 7139
8.278021097183228, 7138
8.279016256332397, 7137
8.279016256332397, 7136
8.2800133228302, 7135
8.281010389328003, 7134
8.282008171081543, 7133
8.283004760742188, 7132
8.284002304077148, 7131
8.28499960899353, 7130
8.285996913909912, 7129
8.289475202560425, 7128
8.290986061096191, 7127
8.291983127593994, 7126
8.2939772605896, 7125
8.294974565505981, 7124
8.295972108840942, 7123
8.297967433929443, 7122
8.297967433929443, 7121
8.299961805343628, 7120
8.30095887184143, 7119
8.302201747894287, 7118
8.304198265075684, 7117
8.305195093154907, 7116
8.306193113327026, 7115
8.30818772315979, 7114
8.309184789657593, 7113
8.31131887435913, 7112
8.312317848205566, 7111
8.31331491470337, 7110
8.315309524536133, 7109
8.316306829452515, 7108
8.317304849624634, 7107
8.319299221038818, 7106
8.320296287536621, 7105
8.321293592453003, 7104
8.323288679122925, 7103
8.324286222457886, 7102
8.32528305053711, 7101
8.326279163360596, 7100
8.327726364135742, 7099
8.328725337982178, 7098
8.330719709396362, 7097
8.331717014312744, 7096
8.332714319229126, 7095
8.333710193634033, 7094
8.334819316864014, 7093
8.336815595626831, 7092
8.33781361579895, 7091
8.339808225631714, 7090
8.340805053710938, 7089
8.341802835464478, 7088
8.342930555343628, 7087
8.344926595687866, 7086
8.345923900604248, 7085
8.346921682357788, 7084
8.347919225692749, 7083
8.348916292190552, 7082
8.350910902023315, 7081
8.352028131484985, 7080
8.353025436401367, 7079
8.355019569396973, 7078
8.356015682220459, 7077
8.357015371322632, 7076
8.358012676239014, 7075
8.359009742736816, 7074
8.36000657081604, 7073
8.362001180648804, 7072
8.362998485565186, 7071
8.36499285697937, 7070
8.36599063873291, 7069
8.36709713935852, 7068
8.371088981628418, 7067
8.372084856033325, 7066
8.373083353042603, 7065
8.374080181121826, 7064
8.376075029373169, 7063
8.378068685531616, 7062
8.379066944122314, 7061
8.380064249038696, 7060
8.38205862045288, 7059
8.383183240890503, 7058
8.385178565979004, 7057
8.387173175811768, 7056
8.38916802406311, 7055
8.390165328979492, 7054
8.391277074813843, 7053
8.393272399902344, 7052
8.394271850585938, 7051
8.39526891708374, 7050
8.39626669883728, 7049
8.398260593414307, 7048
8.399256229400635, 7047
8.399256229400635, 7046
8.401250839233398, 7045
8.402247905731201, 7044
8.403244733810425, 7043
8.404241800308228, 7042
8.40523910522461, 7041
8.406237363815308, 7040
8.406237363815308, 7039
8.408341646194458, 7038
8.409338474273682, 7037
8.41033673286438, 7036
8.411333084106445, 7035
8.412330150604248, 7034
8.41332745552063, 7033
8.41332745552063, 7032
8.41432499885559, 7031
8.416027069091797, 7030
8.418015480041504, 7029
8.420011520385742, 7028
8.420011520385742, 7027
8.42100715637207, 7026
8.423104763031006, 7025
8.423104763031006, 7024
8.425090074539185, 7023
8.427084684371948, 7022
8.438266515731812, 7021
8.60028862953186, 7020
8.601285219192505, 7019
8.676085233688354, 7018
8.709998607635498, 7017
8.718974351882935, 7016
8.779819250106812, 7015
8.903486728668213, 7014
8.98526906967163, 7013
8.986266613006592, 7012
9.218084812164307, 7011
9.405078649520874, 7010
9.720933437347412, 7009
9.731901168823242, 7008
9.895906209945679, 7007
9.958571910858154, 7006
10.098586082458496, 7005
10.159522533416748, 7004
10.35008692741394, 7003
10.41393780708313, 7002
10.548974514007568, 7001
10.587870597839355, 7000
10.64372968673706, 6999
10.666659832000732, 6998
10.684610366821289, 6997
10.712539911270142, 6996
10.730489253997803, 6995
10.74544906616211, 6994
10.781351566314697, 6993
10.793320894241333, 6992
10.79631233215332, 6991
10.80129861831665, 6990
10.808281421661377, 6989
10.810275077819824, 6988
10.903130769729614, 6987
10.97560429573059, 6986
10.985229969024658, 6985
11.147723913192749, 6984
11.585555791854858, 6983
11.652376651763916, 6982
11.794291257858276, 6981
11.805263042449951, 6980
11.811410665512085, 6979
11.838470458984375, 6978
12.165562391281128, 6977
12.176534414291382, 6976
12.5828857421875, 6975
12.583878517150879, 6974
12.73148226737976, 6973
12.760404348373413, 6972
12.768383502960205, 6971
12.808371782302856, 6970
12.848265171051025, 6969
12.861228704452515, 6968
12.874197483062744, 6967
12.87519359588623, 6966
12.958968162536621, 6965
14.275432348251343, 6964
14.342001914978027, 6963
14.553720235824585, 6962
14.774819612503052, 6961
14.8670334815979, 6960
