0.34827756881713867, 10747
0.4864494800567627, 10746
0.5847434997558594, 10745
0.6974427700042725, 10744
0.7862040996551514, 10743
0.8540232181549072, 10742
0.9457790851593018, 10741
1.045516014099121, 10740
1.1532230377197266, 10739
1.2828757762908936, 10738
1.433476209640503, 10737
1.5318102836608887, 10736
1.5834846496582031, 10735
1.6762371063232422, 10734
1.6782341003417969, 10733
1.6792285442352295, 10732
1.6802260875701904, 10731
1.682220697402954, 10730
1.6832187175750732, 10729
1.6872084140777588, 10728
1.6941888332366943, 10727
1.6981775760650635, 10726
1.7011866569519043, 10725
1.709151029586792, 10724
1.7101466655731201, 10723
1.712141752243042, 10722
1.7151317596435547, 10721
1.7181403636932373, 10720
1.7241113185882568, 10719
1.7261042594909668, 10718
1.729095458984375, 10717
1.7320866584777832, 10716
1.7330842018127441, 10715
1.734081745147705, 10714
1.735079050064087, 10713
1.7370734214782715, 10712
1.7400810718536377, 10711
1.7460505962371826, 10710
1.747046947479248, 10709
1.7480440139770508, 10708
1.7510371208190918, 10707
1.7520334720611572, 10706
1.7540287971496582, 10705
1.7600288391113281, 10704
1.764002799987793, 10703
1.7669949531555176, 10702
1.770984411239624, 10701
1.7789623737335205, 10700
1.7829535007476807, 10699
1.7859447002410889, 10698
1.79591965675354, 10697
1.8009028434753418, 10696
1.8009028434753418, 10695
1.8028979301452637, 10694
1.8038983345031738, 10693
1.8108899593353271, 10692
1.8128712177276611, 10691
1.8138689994812012, 10690
1.8148653507232666, 10689
1.8158626556396484, 10688
1.8168599605560303, 10687
1.8198518753051758, 10686
1.8278334140777588, 10685
1.8318204879760742, 10684
1.8348121643066406, 10683
1.8368065357208252, 10682
1.8428058624267578, 10681
1.8447866439819336, 10680
1.846780776977539, 10679
1.8497724533081055, 10678
1.8507697582244873, 10677
1.8517673015594482, 10676
1.8557722568511963, 10675
1.860743522644043, 10674
1.8627376556396484, 10673
1.8637351989746094, 10672
1.8647334575653076, 10671
1.865729570388794, 10670
1.8667271137237549, 10669
1.8677239418029785, 10668
1.8687212467193604, 10667
1.8796932697296143, 10666
1.8816938400268555, 10665
1.8833489418029785, 10664
1.887331485748291, 10663
1.8943274021148682, 10662
1.8973042964935303, 10661
1.8993017673492432, 10660
1.9022910594940186, 10659
1.9122645854949951, 10658
1.9172511100769043, 10657
1.9302172660827637, 10656
1.9312143325805664, 10655
1.93221116065979, 10654
1.9332082271575928, 10653
1.9342067241668701, 10652
1.9352025985717773, 10651
1.9362003803253174, 10650
1.9371986389160156, 10649
1.9441807270050049, 10648
1.9451816082000732, 10647
1.9461743831634521, 10646
1.9471709728240967, 10645
1.9481685161590576, 10644
1.9491655826568604, 10643
1.9501633644104004, 10642
1.9521586894989014, 10641
1.953155279159546, 10640
1.9601471424102783, 10639
1.9621312618255615, 10638
1.9641263484954834, 10637
1.965122938156128, 10636
1.9661204814910889, 10635
1.967118501663208, 10634
1.968116283416748, 10633
1.9691121578216553, 10632
1.9701099395751953, 10631
1.977092981338501, 10630
1.9780900478363037, 10629
1.9790868759155273, 10628
1.9800851345062256, 10627
1.9820783138275146, 10626
1.9839446544647217, 10625
1.984938144683838, 10624
1.9859356880187988, 10623
1.9869334697723389, 10622
1.9939162731170654, 10621
1.9959089756011963, 10620
1.9998979568481445, 10619
2.0028903484344482, 10618
2.0078935623168945, 10617
2.0108699798583984, 10616
2.012864351272583, 10615
2.013862133026123, 10614
2.0148582458496094, 10613
2.015855550765991, 10612
2.016852617263794, 10611
2.017850160598755, 10610
2.018848180770874, 10609
2.0198450088500977, 10608
2.0208427906036377, 10607
2.027824640274048, 10606
2.0288219451904297, 10605
2.029818296432495, 10604
2.030815839767456, 10603
2.031812906265259, 10602
2.0338079929351807, 10601
2.035802125930786, 10600
2.036799430847168, 10599
2.0378024578094482, 10598
2.0447797775268555, 10597
2.0457763671875, 10596
2.0467731952667236, 10595
2.0477702617645264, 10594
2.0487687587738037, 10593
2.049765110015869, 10592
2.05076265335083, 10591
2.0517594814300537, 10590
2.0527570247650146, 10589
2.053755044937134, 10588
2.054753541946411, 10587
2.061734199523926, 10586
2.0627315044403076, 10585
2.063728094100952, 10584
2.0657224655151367, 10583
2.0677170753479004, 10582
2.0737123489379883, 10581
2.0796849727630615, 10580
2.08518123626709, 10579
2.0971477031707764, 10578
2.113105058670044, 10577
2.1290624141693115, 10576
2.1300597190856934, 10575
2.1310572624206543, 10574
2.132054567337036, 10573
2.133051633834839, 10572
2.134049892425537, 10571
2.1350462436676025, 10570
2.136044979095459, 10569
2.1380391120910645, 10568
2.141030788421631, 10567
2.141030788421631, 10566
2.1420280933380127, 10565
2.144026041030884, 10564
2.145020008087158, 10563
2.145020008087158, 10562
2.1460180282592773, 10561
2.14701509475708, 10560
2.1490092277526855, 10559
2.15100359916687, 10558
2.15200138092041, 10557
2.15299916267395, 10556
2.153998851776123, 10555
2.154993772506714, 10554
2.1559906005859375, 10553
2.1569881439208984, 10552
2.157984972000122, 10551
2.157984972000122, 10550
2.158982038497925, 10549
2.159979820251465, 10548
2.160977602005005, 10547
2.1625781059265137, 10546
2.1625781059265137, 10545
2.164569854736328, 10544
2.164569854736328, 10543
2.1655662059783936, 10542
2.1675617694854736, 10541
2.169668197631836, 10540
2.1726927757263184, 10539
2.1756529808044434, 10538
2.176679849624634, 10537
2.1777639389038086, 10536
2.1777639389038086, 10535
2.1787941455841064, 10534
2.1797943115234375, 10533
2.180788278579712, 10532
2.181785821914673, 10531
2.1827807426452637, 10530
2.1837494373321533, 10529
2.184864044189453, 10528
2.1858630180358887, 10527
2.1868906021118164, 10526
2.187857151031494, 10525
2.1888532638549805, 10524
2.1898505687713623, 10523
2.190847873687744, 10522
2.192842483520508, 10521
2.1948370933532715, 10520
2.1958346366882324, 10519
2.196831703186035, 10518
2.197828531265259, 10517
2.198827028274536, 10516
2.1998238563537598, 10515
2.2008211612701416, 10514
2.2008211612701416, 10513
2.2026777267456055, 10512
2.203669309616089, 10511
2.2056636810302734, 10510
2.2076575756073, 10509
2.2097504138946533, 10508
2.2157351970672607, 10507
2.220752000808716, 10506
2.2217516899108887, 10505
2.2217516899108887, 10504
2.2227489948272705, 10503
2.2247438430786133, 10502
2.2258400917053223, 10501
2.2268693447113037, 10500
2.227836847305298, 10499
2.2288665771484375, 10498
2.2298622131347656, 10497
2.2308592796325684, 10496
2.2318572998046875, 10495
2.232853651046753, 10494
2.233818769454956, 10493
2.233818769454956, 10492
2.235849142074585, 10491
2.235849142074585, 10490
2.237809181213379, 10489
2.2398362159729004, 10488
2.2408339977264404, 10487
2.2419281005859375, 10486
2.2424709796905518, 10485
2.2454581260681152, 10484
2.2484500408172607, 10483
2.2504451274871826, 10482
2.252439498901367, 10481
2.2534377574920654, 10480
2.2554664611816406, 10479
2.2564635276794434, 10478
2.2574589252471924, 10477
2.2587151527404785, 10476
2.259708881378174, 10475
2.260709285736084, 10474
2.2617056369781494, 10473
2.2627055644989014, 10472
2.2636687755584717, 10471
2.2657783031463623, 10470
2.2688069343566895, 10469
2.271796226501465, 10468
2.2727606296539307, 10467
2.273787260055542, 10466
2.2747864723205566, 10465
2.275784730911255, 10464
2.276785373687744, 10463
2.276785373687744, 10462
2.2777788639068604, 10461
2.2787787914276123, 10460
2.2797741889953613, 10459
2.2807717323303223, 10458
2.2818520069122314, 10457
2.2823963165283203, 10456
2.2833893299102783, 10455
2.2844226360321045, 10454
2.2854163646698, 10453
2.2864155769348145, 10452
2.2883763313293457, 10451
2.2894606590270996, 10450
2.2914884090423584, 10449
2.292487382888794, 10448
2.293449640274048, 10447
2.2944822311401367, 10446
2.2954773902893066, 10445
2.2964749336242676, 10444
2.297562837600708, 10443
2.297562837600708, 10442
2.2985928058624268, 10441
2.2995901107788086, 10440
2.300588607788086, 10439
2.301584482192993, 10438
2.3025503158569336, 10437
2.3035805225372314, 10436
2.304544687271118, 10435
2.3055419921875, 10434
2.3086612224578857, 10433
2.3106560707092285, 10432
2.3136487007141113, 10431
2.3176369667053223, 10430
2.323814868927002, 10429
2.3299479484558105, 10428
2.3380300998687744, 10427
2.3480067253112793, 10426
2.3490045070648193, 10425
2.3490045070648193, 10424
2.3853137493133545, 10423
2.3863413333892822, 10422
2.3873095512390137, 10421
2.3873095512390137, 10420
2.388338327407837, 10419
2.3893349170684814, 10418
2.3893349170684814, 10417
2.390301465988159, 10416
2.390301465988159, 10415
2.391335964202881, 10414
2.391335964202881, 10413
2.392327070236206, 10412
2.392327070236206, 10411
2.3932926654815674, 10410
2.3932926654815674, 10409
2.394320249557495, 10408
2.394320249557495, 10407
2.3953189849853516, 10406
2.3953189849853516, 10405
2.3963162899017334, 10404
2.3973135948181152, 10403
2.3973135948181152, 10402
2.3983113765716553, 10401
2.3983113765716553, 10400
2.3993077278137207, 10399
2.3993077278137207, 10398
2.4003074169158936, 10397
2.4003074169158936, 10396
2.4022765159606934, 10395
2.405263662338257, 10394
2.4062607288360596, 10393
2.4072561264038086, 10392
2.408252716064453, 10391
2.408252716064453, 10390
2.4092495441436768, 10389
2.4092495441436768, 10388
2.4102468490600586, 10387
2.4102468490600586, 10386
2.4112441539764404, 10385
2.4112441539764404, 10384
2.4122416973114014, 10383
2.4122416973114014, 10382
2.413239002227783, 10381
2.414235830307007, 10380
2.414235830307007, 10379
2.415233850479126, 10378
2.415233850479126, 10377
2.4162309169769287, 10376
2.4162309169769287, 10375
2.4172282218933105, 10374
2.418255567550659, 10373
2.418255567550659, 10372
2.419255256652832, 10371
2.419255256652832, 10370
2.420220136642456, 10369
2.421219825744629, 10368
2.42321515083313, 10367
2.4242115020751953, 10366
2.426206111907959, 10365
2.427233934402466, 10364
2.427233934402466, 10363
2.428232431411743, 10362
2.428232431411743, 10361
2.4291980266571045, 10360
2.4302268028259277, 10359
2.4302268028259277, 10358
2.4312257766723633, 10357
2.4312257766723633, 10356
2.4322211742401123, 10355
2.4322211742401123, 10354
2.4331858158111572, 10353
2.4331858158111572, 10352
2.4331858158111572, 10351
2.4331858158111572, 10350
2.4356205463409424, 10349
2.4361796379089355, 10348
2.4361796379089355, 10347
2.437178134918213, 10346
2.4381749629974365, 10345
2.4392073154449463, 10344
2.4402074813842773, 10343
2.441197156906128, 10342
2.4421916007995605, 10341
2.4421916007995605, 10340
2.4431910514831543, 10339
2.4431910514831543, 10338
2.4451558589935303, 10337
2.4451558589935303, 10336
2.4461536407470703, 10335
2.4471497535705566, 10334
2.4471497535705566, 10333
2.4481470584869385, 10332
2.4491450786590576, 10331
2.451139211654663, 10330
2.452136754989624, 10329
2.4531338214874268, 10328
2.454131603240967, 10327
2.4551291465759277, 10326
2.4571237564086914, 10325
2.458120584487915, 10324
2.459118366241455, 10323
2.460115432739258, 10322
2.4611124992370605, 10321
2.463107109069824, 10320
2.464106798171997, 10319
2.4651029109954834, 10318
2.4651029109954834, 10317
2.4670968055725098, 10316
2.4680938720703125, 10315
2.4690909385681152, 10314
2.4700887203216553, 10313
2.4710867404937744, 10312
2.47208309173584, 10311
2.473080635070801, 10310
2.4740779399871826, 10309
2.4750752449035645, 10308
2.476072311401367, 10307
2.478066921234131, 10306
2.478066921234131, 10305
2.479064464569092, 10304
2.4823198318481445, 10303
2.484306812286377, 10302
2.484306812286377, 10301
2.485304117202759, 10300
2.485304117202759, 10299
2.4863011837005615, 10298
2.4863011837005615, 10297
2.4873006343841553, 10296
2.4873006343841553, 10295
2.4882967472076416, 10294
2.4894912242889404, 10293
2.4894912242889404, 10292
2.49052095413208, 10291
2.49052095413208, 10290
2.491515636444092, 10289
2.4925148487091064, 10288
2.4925148487091064, 10287
2.4934797286987305, 10286
2.494513511657715, 10285
2.494513511657715, 10284
2.4955079555511475, 10283
2.4955079555511475, 10282
2.4964733123779297, 10281
2.4964733123779297, 10280
2.497502088546753, 10279
2.4984986782073975, 10278
2.4984986782073975, 10277
2.4994938373565674, 10276
2.4994938373565674, 10275
2.5004940032958984, 10274
2.5004940032958984, 10273
2.501490831375122, 10272
2.5024569034576416, 10271
2.5024569034576416, 10270
2.5034866333007812, 10269
2.5044517517089844, 10268
2.5054807662963867, 10267
2.5064477920532227, 10266
2.5074446201324463, 10265
2.508441925048828, 10264
2.5104360580444336, 10263
2.5104360580444336, 10262
2.51143479347229, 10261
2.5124671459198, 10260
2.5124671459198, 10259
2.5134265422821045, 10258
2.5134265422821045, 10257
2.5144577026367188, 10256
2.5144577026367188, 10255
2.5154521465301514, 10254
2.5154521465301514, 10253
2.516450881958008, 10252
2.516450881958008, 10251
2.5174167156219482, 10250
2.518449068069458, 10249
2.518449068069458, 10248
2.5194437503814697, 10247
2.5194437503814697, 10246
2.5204436779022217, 10245
2.5204436779022217, 10244
2.5214381217956543, 10243
2.5214381217956543, 10242
2.522434949874878, 10241
2.523402452468872, 10240
2.524430274963379, 10239
2.524430274963379, 10238
2.5254287719726562, 10237
2.5254287719726562, 10236
2.5263946056365967, 10235
2.5284218788146973, 10234
2.5294172763824463, 10233
2.5314128398895264, 10232
2.532376766204834, 10231
2.5344083309173584, 10230
2.5364015102386475, 10229
2.53739595413208, 10228
2.539358615875244, 10227
2.541353464126587, 10226
2.5423505306243896, 10225
2.5443456172943115, 10224
2.545342445373535, 10223
2.5463385581970215, 10222
2.5473361015319824, 10221
2.5473361015319824, 10220
2.548333168029785, 10219
2.5493319034576416, 10218
2.5493319034576416, 10217
2.5503640174865723, 10216
2.551328420639038, 10215
2.551328420639038, 10214
2.551328420639038, 10213
2.5523579120635986, 10212
2.5533204078674316, 10211
2.5533204078674316, 10210
2.5563127994537354, 10209
2.557312250137329, 10208
2.557312250137329, 10207
2.558342933654785, 10206
2.558342933654785, 10205
2.5593068599700928, 10204
2.5593068599700928, 10203
2.560335874557495, 10202
2.560335874557495, 10201
2.561331272125244, 10200
2.561331272125244, 10199
2.562328338623047, 10198
2.563300609588623, 10197
2.563300609588623, 10196
2.5653679370880127, 10195
2.5672836303710938, 10194
2.5672836303710938, 10193
2.568314790725708, 10192
2.569279909133911, 10191
2.569279909133911, 10190
2.570274591445923, 10189
2.571272611618042, 10188
2.5752649307250977, 10187
2.576259136199951, 10186
2.576259136199951, 10185
2.577255964279175, 10184
2.5782864093780518, 10183
2.5782864093780518, 10182
2.5792806148529053, 10181
2.5792806148529053, 10180
2.580280065536499, 10179
2.580280065536499, 10178
2.581247329711914, 10177
2.58331561088562, 10176
2.585238456726074, 10175
2.585238456726074, 10174
2.5862650871276855, 10173
2.5862650871276855, 10172
2.58725905418396, 10171
2.5912201404571533, 10170
2.5922513008117676, 10169
2.5922513008117676, 10168
2.5932459831237793, 10167
2.5932459831237793, 10166
2.5942437648773193, 10165
2.5942437648773193, 10164
2.5952088832855225, 10163
2.5952088832855225, 10162
2.596237897872925, 10161
2.596237897872925, 10160
2.597235918045044, 10159
2.597235918045044, 10158
2.5982019901275635, 10157
2.6012415885925293, 10156
2.6031875610351562, 10155
2.6041858196258545, 10154
2.6071841716766357, 10153
2.6092069149017334, 10152
2.6101696491241455, 10151
2.6101696491241455, 10150
2.6111955642700195, 10149
2.6111955642700195, 10148
2.612194776535034, 10147
2.612194776535034, 10146
2.6131608486175537, 10145
2.6131608486175537, 10144
2.6141934394836426, 10143
2.6141934394836426, 10142
2.615154504776001, 10141
2.6172220706939697, 10140
2.6181867122650146, 10139
2.6191742420196533, 10138
2.6191742420196533, 10137
2.620173931121826, 10136
2.620173931121826, 10135
2.6241466999053955, 10134
2.625129222869873, 10133
2.6261258125305176, 10132
2.6261258125305176, 10131
2.6271252632141113, 10130
2.628119945526123, 10129
2.628119945526123, 10128
2.629117250442505, 10127
2.629117250442505, 10126
2.630114793777466, 10125
2.630114793777466, 10124
2.6311118602752686, 10123
2.6311118602752686, 10122
2.633139133453369, 10121
2.635115385055542, 10120
2.6360998153686523, 10119
2.6370961666107178, 10118
2.6400983333587646, 10117
2.642115831375122, 10116
2.642115831375122, 10115
2.644078493118286, 10114
2.645075559616089, 10113
2.645075559616089, 10112
2.6461079120635986, 10111
2.6470704078674316, 10110
2.6470704078674316, 10109
2.648101329803467, 10108
2.648101329803467, 10107
2.649082899093628, 10106
2.6520631313323975, 10105
2.6530871391296387, 10104
2.6530871391296387, 10103
2.655050277709961, 10102
2.658048391342163, 10101
2.659069061279297, 10100
2.659069061279297, 10099
2.6600401401519775, 10098
2.6600401401519775, 10097
2.6610660552978516, 10096
2.6620290279388428, 10095
2.6620290279388428, 10094
2.6620290279388428, 10093
2.6630589962005615, 10092
2.6630589962005615, 10091
2.6640238761901855, 10090
2.665057897567749, 10089
2.665057897567749, 10088
2.6660523414611816, 10087
2.668074131011963, 10086
2.6700093746185303, 10085
2.6700093746185303, 10084
2.67401123046875, 10083
2.674997091293335, 10082
2.674997091293335, 10081
2.6760241985321045, 10080
2.6769914627075195, 10079
2.6769914627075195, 10078
2.6769914627075195, 10077
2.6780223846435547, 10076
2.679016351699829, 10075
2.679016351699829, 10074
2.680015802383423, 10073
2.680015802383423, 10072
2.68101167678833, 10071
2.68101167678833, 10070
2.6820085048675537, 10069
2.6820085048675537, 10068
2.6830034255981445, 10067
2.6859822273254395, 10066
2.6889705657958984, 10065
2.691952705383301, 10064
2.691952705383301, 10063
2.692979097366333, 10062
2.692979097366333, 10061
2.693944215774536, 10060
2.693944215774536, 10059
2.694943904876709, 10058
2.694943904876709, 10057
2.6959736347198486, 10056
2.6969683170318604, 10055
2.6969683170318604, 10054
2.697965383529663, 10053
2.697965383529663, 10052
2.698960304260254, 10051
2.698960304260254, 10050
2.699960470199585, 10049
2.7020151615142822, 10048
2.703953504562378, 10047
2.7059319019317627, 10046
2.7079086303710938, 10045
2.70890474319458, 10044
2.70890474319458, 10043
2.7099013328552246, 10042
2.7099013328552246, 10041
2.7108986377716064, 10040
2.711895704269409, 10039
2.711895704269409, 10038
2.71289324760437, 10037
2.71289324760437, 10036
2.713890552520752, 10035
2.713890552520752, 10034
2.714887857437134, 10033
2.715885639190674, 10032
2.715885639190674, 10031
2.7168824672698975, 10030
2.718886137008667, 10029
2.7208738327026367, 10028
2.7238712310791016, 10027
2.724862575531006, 10026
2.7258965969085693, 10025
2.7258965969085693, 10024
2.726888418197632, 10023
2.7278892993927, 10022
2.7288825511932373, 10021
2.7288825511932373, 10020
2.7298800945281982, 10019
2.7298800945281982, 10018
2.7308754920959473, 10017
2.7308754920959473, 10016
2.731874942779541, 10015
2.731874942779541, 10014
2.732872724533081, 10013
2.733837604522705, 10012
2.733837604522705, 10011
2.7368392944335938, 10010
2.7388436794281006, 10009
2.74082350730896, 10008
2.7418177127838135, 10007
2.7418177127838135, 10006
2.7438132762908936, 10005
2.7448081970214844, 10004
2.7448081970214844, 10003
2.745805263519287, 10002
2.745805263519287, 10001
2.746802806854248, 10000
2.74780011177063, 9999
2.74780011177063, 9998
2.7487969398498535, 9997
2.7487969398498535, 9996
2.7497944831848145, 9995
2.7497944831848145, 9994
2.7507917881011963, 9993
2.7537930011749268, 9992
2.7567856311798096, 9991
2.757775068283081, 9990
2.757775068283081, 9989
2.7587709426879883, 9988
2.7587709426879883, 9987
2.759767770767212, 9986
2.759767770767212, 9985
2.7607650756835938, 9984
2.7607650756835938, 9983
2.7617626190185547, 9982
2.7617626190185547, 9981
2.7637574672698975, 9980
2.76479172706604, 9979
2.76479172706604, 9978
2.7657878398895264, 9977
2.766781806945801, 9976
2.766781806945801, 9975
2.766781806945801, 9974
2.7677812576293945, 9973
2.7677812576293945, 9972
2.7687768936157227, 9971
2.7687768936157227, 9970
2.7707695960998535, 9969
2.7707695960998535, 9968
2.771737813949585, 9967
2.771737813949585, 9966
2.7727653980255127, 9965
2.773730993270874, 9964
2.773730993270874, 9963
2.7747604846954346, 9962
2.7747604846954346, 9961
2.7747604846954346, 9960
2.7757601737976074, 9959
2.7757601737976074, 9958
2.7767553329467773, 9957
2.7767553329467773, 9956
2.7778446674346924, 9955
2.7778446674346924, 9954
2.7788426876068115, 9953
2.7788426876068115, 9952
2.779871702194214, 9951
2.779871702194214, 9950
2.781834363937378, 9949
2.781834363937378, 9948
2.7828314304351807, 9947
2.7828314304351807, 9946
2.783829689025879, 9945
2.7848260402679443, 9944
2.7848260402679443, 9943
2.7859599590301514, 9942
2.7859599590301514, 9941
2.7869932651519775, 9940
2.7879903316497803, 9939
2.7879903316497803, 9938
2.788952589035034, 9937
2.788952589035034, 9936
2.7899811267852783, 9935
2.7899811267852783, 9934
2.7909796237945557, 9933
2.7909796237945557, 9932
2.7919516563415527, 9931
2.7919516563415527, 9930
2.792973041534424, 9929
2.792973041534424, 9928
2.7949373722076416, 9927
2.7949373722076416, 9926
2.795966863632202, 9925
2.795966863632202, 9924
2.7969651222229004, 9923
2.7969651222229004, 9922
2.7979605197906494, 9921
2.7979605197906494, 9920
2.798957347869873, 9919
2.798957347869873, 9918
2.799952268600464, 9917
2.799952268600464, 9916
2.800952196121216, 9915
2.800952196121216, 9914
2.8020401000976562, 9913
2.8025829792022705, 9912
2.8025829792022705, 9911
2.803576707839966, 9910
2.8046045303344727, 9909
2.8046045303344727, 9908
2.805603504180908, 9907
2.805603504180908, 9906
2.806600570678711, 9905
2.806600570678711, 9904
2.8076012134552, 9903
2.808563709259033, 9902
2.8097195625305176, 9901
2.8097195625305176, 9900
2.810746669769287, 9899
2.810746669769287, 9898
2.811746597290039, 9897
2.811746597290039, 9896
2.8127434253692627, 9895
2.8137223720550537, 9894
2.8137223720550537, 9893
2.8147382736206055, 9892
2.8147382736206055, 9891
2.8157379627227783, 9890
2.8157379627227783, 9889
2.8168177604675293, 9888
2.8168177604675293, 9887
2.817847490310669, 9886
2.817847490310669, 9885
2.8188133239746094, 9884
2.8188133239746094, 9883
2.8198463916778564, 9882
2.8198463916778564, 9881
2.8208072185516357, 9880
2.821805953979492, 9879
2.821805953979492, 9878
2.822834014892578, 9877
2.8238003253936768, 9876
2.8249595165252686, 9875
2.825990915298462, 9874
2.825990915298462, 9873
2.826986312866211, 9872
2.826986312866211, 9871
2.8279869556427, 9870
2.8279869556427, 9869
2.828981399536133, 9868
2.828981399536133, 9867
2.829979658126831, 9866
2.8309450149536133, 9865
2.8309450149536133, 9864
2.831973075866699, 9863
2.831973075866699, 9862
2.832969903945923, 9861
2.832969903945923, 9860
2.8339357376098633, 9859
2.8339357376098633, 9858
2.834965944290161, 9857
2.834965944290161, 9856
2.834965944290161, 9855
2.8359646797180176, 9854
2.836928129196167, 9853
2.836928129196167, 9852
2.8379578590393066, 9851
2.8379578590393066, 9850
2.8389618396759033, 9849
2.8389618396759033, 9848
2.839951515197754, 9847
2.839951515197754, 9846
2.8409485816955566, 9845
2.841947555541992, 9844
2.8420331478118896, 9843
2.8425755500793457, 9842
2.8425755500793457, 9841
2.8435685634613037, 9840
2.8445982933044434, 9839
2.8445982933044434, 9838
2.845595121383667, 9837
2.845595121383667, 9836
2.8465938568115234, 9835
2.8465938568115234, 9834
2.8475897312164307, 9833
2.8475897312164307, 9832
2.848554849624634, 9831
2.848554849624634, 9830
2.84967041015625, 9829
2.84967041015625, 9828
2.8507020473480225, 9827
2.8507020473480225, 9826
2.8516652584075928, 9825
2.8516652584075928, 9824
2.8526949882507324, 9823
2.8526949882507324, 9822
2.8536598682403564, 9821
2.8546900749206543, 9820
2.8546900749206543, 9819
2.8556864261627197, 9818
2.856684923171997, 9817
2.856684923171997, 9816
2.8577780723571777, 9815
2.8577780723571777, 9814
2.858807325363159, 9813
2.858807325363159, 9812
2.859804153442383, 9811
2.859804153442383, 9810
2.8607687950134277, 9809
2.8607687950134277, 9808
2.861799478530884, 9807
2.861799478530884, 9806
2.862802505493164, 9805
2.862802505493164, 9804
2.8637619018554688, 9803
2.8637619018554688, 9802
2.8648674488067627, 9801
2.8648674488067627, 9800
2.8658969402313232, 9799
2.8658969402313232, 9798
2.8668630123138428, 9797
2.8668630123138428, 9796
2.8668630123138428, 9795
2.8678925037384033, 9794
2.8678925037384033, 9793
2.868889093399048, 9792
2.8698835372924805, 9791
2.8698835372924805, 9790
2.870852470397949, 9789
2.8718502521514893, 9788
2.8718502521514893, 9787
2.8728811740875244, 9786
2.8728811740875244, 9785
2.8738789558410645, 9784
2.8738789558410645, 9783
2.874875783920288, 9782
2.874875783920288, 9781
2.8758389949798584, 9780
2.8758389949798584, 9779
2.8768680095672607, 9778
2.8768680095672607, 9777
2.8778626918792725, 9776
2.8778626918792725, 9775
2.8788623809814453, 9774
2.8788623809814453, 9773
2.8798604011535645, 9772
2.8798604011535645, 9771
2.880859851837158, 9770
2.880859851837158, 9769
2.8819050788879395, 9768
2.8824470043182373, 9767
2.8824470043182373, 9766
2.8834667205810547, 9765
2.8844428062438965, 9764
2.8844428062438965, 9763
2.885467529296875, 9762
2.885467529296875, 9761
2.8864660263061523, 9760
2.8864660263061523, 9759
2.887430191040039, 9758
2.888460159301758, 9757
2.888460159301758, 9756
2.8894567489624023, 9755
2.8894567489624023, 9754
2.8904550075531006, 9753
2.8914527893066406, 9752
2.8914527893066406, 9751
2.892448663711548, 9750
2.892448663711548, 9749
2.8934144973754883, 9748
2.8934144973754883, 9747
2.8944458961486816, 9746
2.8944458961486816, 9745
2.8954429626464844, 9744
2.8954429626464844, 9743
2.8964123725891113, 9742
2.8964123725891113, 9741
2.897435188293457, 9740
2.897435188293457, 9739
2.8985366821289062, 9738
2.8985366821289062, 9737
2.8995659351348877, 9736
2.8995659351348877, 9735
2.9005610942840576, 9734
2.9005610942840576, 9733
2.9015610218048096, 9732
2.9025261402130127, 9731
2.9025261402130127, 9730
2.9035232067108154, 9729
2.9045212268829346, 9728
2.9045212268829346, 9727
2.905517816543579, 9726
2.905517816543579, 9725
2.9066381454467773, 9724
2.9066381454467773, 9723
2.907667636871338, 9722
2.907667636871338, 9721
2.9086685180664062, 9720
2.9086685180664062, 9719
2.9096622467041016, 9718
2.9096622467041016, 9717
2.9106595516204834, 9716
2.9106595516204834, 9715
2.911625385284424, 9714
2.911625385284424, 9713
2.9126546382904053, 9712
2.9126546382904053, 9711
2.9136199951171875, 9710
2.9136199951171875, 9709
2.914652109146118, 9708
2.914652109146118, 9707
2.915647029876709, 9706
2.915647029876709, 9705
2.9166460037231445, 9704
2.9166460037231445, 9703
2.9176418781280518, 9702
2.9176418781280518, 9701
2.9186418056488037, 9700
2.9186418056488037, 9699
2.919633150100708, 9698
2.919633150100708, 9697
2.9206016063690186, 9696
2.921631097793579, 9695
2.921631097793579, 9694
2.9227144718170166, 9693
2.9227144718170166, 9692
2.9237122535705566, 9691
2.924741506576538, 9690
2.924741506576538, 9689
2.9257404804229736, 9688
2.9257404804229736, 9687
2.9267361164093018, 9686
2.9267361164093018, 9685
2.9267361164093018, 9684
2.927733898162842, 9683
2.9287898540496826, 9682
2.9288265705108643, 9681
2.929856538772583, 9680
2.929856538772583, 9679
2.9308218955993652, 9678
2.9308218955993652, 9677
2.9308218955993652, 9676
2.9318504333496094, 9675
2.9318504333496094, 9674
2.9338154792785645, 9673
2.9338154792785645, 9672
2.934843063354492, 9671
2.934843063354492, 9670
2.935840368270874, 9669
2.935840368270874, 9668
2.9369399547576904, 9667
2.9369399547576904, 9666
2.9379701614379883, 9665
2.9379701614379883, 9664
2.938966989517212, 9663
2.938966989517212, 9662
2.9399654865264893, 9661
2.9399654865264893, 9660
2.940964460372925, 9659
2.940964460372925, 9658
2.9419589042663574, 9657
2.9419589042663574, 9656
2.942924976348877, 9655
2.942924976348877, 9654
2.944951295852661, 9653
2.945035934448242, 9652
2.946065902709961, 9651
2.946065902709961, 9650
2.947067975997925, 9649
2.947067975997925, 9648
2.947067975997925, 9647
2.9480600357055664, 9646
2.9490578174591064, 9645
2.9490578174591064, 9644
2.950057029724121, 9643
2.950057029724121, 9642
2.951052665710449, 9641
2.951052665710449, 9640
2.9520490169525146, 9639
2.9520490169525146, 9638
2.9530141353607178, 9637
2.9540159702301025, 9636
2.9540159702301025, 9635
2.9550421237945557, 9634
2.9550421237945557, 9633
2.9560387134552, 9632
2.9560387134552, 9631
2.9570372104644775, 9630
2.9570372104644775, 9629
2.9580318927764893, 9628
2.9580318927764893, 9627
2.959031105041504, 9626
2.959031105041504, 9625
2.9600279331207275, 9624
2.9600279331207275, 9623
2.9610254764556885, 9622
2.9610254764556885, 9621
2.9621071815490723, 9620
2.962646722793579, 9619
2.962646722793579, 9618
2.963641881942749, 9617
2.9646379947662354, 9616
2.965635061264038, 9615
2.965635061264038, 9614
2.9666316509246826, 9613
2.9666316509246826, 9612
2.9676289558410645, 9611
2.9676289558410645, 9610
2.968626022338867, 9609
2.968626022338867, 9608
2.9697558879852295, 9607
2.9697558879852295, 9606
2.970752716064453, 9605
2.971782922744751, 9604
2.971782922744751, 9603
2.9727485179901123, 9602
2.9727485179901123, 9601
2.9737460613250732, 9600
2.9737460613250732, 9599
2.974776029586792, 9598
2.974776029586792, 9597
2.97577166557312, 9596
2.97577166557312, 9595
2.976851224899292, 9594
2.976851224899292, 9593
2.9778835773468018, 9592
2.9778835773468018, 9591
2.9788782596588135, 9590
2.9788782596588135, 9589
2.9798805713653564, 9588
2.9798805713653564, 9587
2.9808743000030518, 9586
2.9808743000030518, 9585
2.981869697570801, 9584
2.981869697570801, 9583
2.9828357696533203, 9582
2.9828357696533203, 9581
2.983832359313965, 9580
2.9848320484161377, 9579
2.9848320484161377, 9578
2.9861199855804443, 9577
2.987626552581787, 9576
2.988624095916748, 9575
2.98962140083313, 9574
2.9906184673309326, 9573
2.9906184673309326, 9572
2.9916155338287354, 9571
2.992612838745117, 9570
2.993610143661499, 9569
2.994608163833618, 9568
2.9966020584106445, 9567
2.9976003170013428, 9566
2.9985969066619873, 9565
2.9995946884155273, 9564
2.9995946884155273, 9563
3.000591516494751, 9562
3.001589059829712, 9561
3.0025861263275146, 9560
3.0035836696624756, 9559
3.0035836696624756, 9558
3.004582643508911, 9557
3.0055785179138184, 9556
3.0065758228302, 9555
3.007572889328003, 9554
3.0085699558258057, 9553
3.0096797943115234, 9552
3.01067852973938, 9551
3.01067852973938, 9550
3.011709213256836, 9549
3.011709213256836, 9548
3.0126733779907227, 9547
3.0126733779907227, 9546
3.01366925239563, 9545
3.01366925239563, 9544
3.014700412750244, 9543
3.014700412750244, 9542
3.015700101852417, 9541
3.015700101852417, 9540
3.016693115234375, 9539
3.016693115234375, 9538
3.017770767211914, 9537
3.017770767211914, 9536
3.018801212310791, 9535
3.018801212310791, 9534
3.018801212310791, 9533
3.0197980403900146, 9532
3.0197980403900146, 9531
3.021791934967041, 9530
3.021791934967041, 9529
3.022789239883423, 9528
3.022789239883423, 9527
3.023754596710205, 9526
3.0247552394866943, 9525
3.0247552394866943, 9524
3.025995969772339, 9523
3.025995969772339, 9522
3.0270233154296875, 9521
3.0270233154296875, 9520
3.028022527694702, 9519
3.028022527694702, 9518
3.029020071029663, 9517
3.029020071029663, 9516
3.030017375946045, 9515
3.030017375946045, 9514
3.0309834480285645, 9513
3.0309834480285645, 9512
3.0320119857788086, 9511
3.0320119857788086, 9510
3.0330095291137695, 9509
3.0330095291137695, 9508
3.0340070724487305, 9507
3.0340070724487305, 9506
3.035006523132324, 9505
3.035006523132324, 9504
3.036000967025757, 9503
3.036000967025757, 9502
3.0369982719421387, 9501
3.0369982719421387, 9500
3.037996768951416, 9499
3.0389933586120605, 9498
3.0389933586120605, 9497
3.0389933586120605, 9496
3.0399906635284424, 9495
3.0409884452819824, 9494
3.0409884452819824, 9493
3.0420897006988525, 9492
3.042609930038452, 9491
3.042609930038452, 9490
3.042609930038452, 9489
3.0436220169067383, 9488
3.044590950012207, 9487
3.044590950012207, 9486
3.045619487762451, 9485
3.045619487762451, 9484
3.0466198921203613, 9483
3.0466198921203613, 9482
3.0476136207580566, 9481
3.0476136207580566, 9480
3.0486133098602295, 9479
3.0486133098602295, 9478
3.049690008163452, 9477
3.049690008163452, 9476
3.049690008163452, 9475
3.050719738006592, 9474
3.050719738006592, 9473
3.0517170429229736, 9472
3.0517170429229736, 9471
3.052711009979248, 9470
3.052711009979248, 9469
3.053680419921875, 9468
3.0546772480010986, 9467
3.0546772480010986, 9466
3.0557079315185547, 9465
3.0557079315185547, 9464
3.056915760040283, 9463
3.057945966720581, 9462
3.057945966720581, 9461
3.0589401721954346, 9460
3.0589401721954346, 9459
3.0599400997161865, 9458
3.0599400997161865, 9457
3.0609376430511475, 9456
3.0609376430511475, 9455
3.061937093734741, 9454
3.061937093734741, 9453
3.0629324913024902, 9452
3.0629324913024902, 9451
3.0638980865478516, 9450
3.064896821975708, 9449
3.064896821975708, 9448
3.0659263134002686, 9447
3.0659263134002686, 9446
3.0668892860412598, 9445
3.067918539047241, 9444
3.067918539047241, 9443
3.068916082382202, 9442
3.068916082382202, 9441
3.0698819160461426, 9440
3.0708789825439453, 9439
3.0718772411346436, 9438
3.0718772411346436, 9437
3.072873830795288, 9436
3.0738720893859863, 9435
3.0738720893859863, 9434
3.0748698711395264, 9433
3.075866222381592, 9432
3.0768637657165527, 9431
3.0778610706329346, 9430
3.0788581371307373, 9429
3.07985520362854, 9428
3.081850051879883, 9427
3.0828921794891357, 9426
3.0838449001312256, 9425
3.084841728210449, 9424
3.084841728210449, 9423
3.085839033126831, 9422
3.085839033126831, 9421
3.0868358612060547, 9420
3.0878725051879883, 9419
3.0878725051879883, 9418
3.0878725051879883, 9417
3.0878725051879883, 9416
3.090306282043457, 9415
3.090306282043457, 9414
3.090855360031128, 9413
3.090855360031128, 9412
3.0918545722961426, 9411
3.0918545722961426, 9410
3.0928516387939453, 9409
3.0928516387939453, 9408
3.093817710876465, 9407
3.094815254211426, 9406
3.094815254211426, 9405
3.094815254211426, 9404
3.0958476066589355, 9403
3.0958476066589355, 9402
3.0968422889709473, 9401
3.0968422889709473, 9400
3.0978386402130127, 9399
3.0978386402130127, 9398
3.0988333225250244, 9397
3.0988333225250244, 9396
3.0998332500457764, 9395
3.0998332500457764, 9394
3.1008310317993164, 9393
3.1008310317993164, 9392
3.101830244064331, 9391
3.101830244064331, 9390
3.1027936935424805, 9389
3.1037914752960205, 9388
3.1047897338867188, 9387
3.1047897338867188, 9386
3.1057868003845215, 9385
3.1067841053009033, 9384
3.1067841053009033, 9383
3.1087801456451416, 9382
3.1097755432128906, 9381
3.1107726097106934, 9380
3.1117701530456543, 9379
3.112767457962036, 9378
3.113765239715576, 9377
3.1157612800598145, 9376
3.1157612800598145, 9375
3.116757869720459, 9374
3.1177546977996826, 9373
3.119749069213867, 9372
3.1207451820373535, 9371
3.1218619346618652, 9370
3.122411012649536, 9369
3.1233692169189453, 9368
3.124396562576294, 9367
3.124396562576294, 9366
3.125396251678467, 9365
3.125396251678467, 9364
3.1263954639434814, 9363
3.1263954639434814, 9362
3.127390146255493, 9361
3.127390146255493, 9360
3.127390146255493, 9359
3.1283862590789795, 9358
3.1283862590789795, 9357
3.1294758319854736, 9356
3.1294758319854736, 9355
3.130472421646118, 9354
3.130472421646118, 9353
3.131503105163574, 9352
3.131503105163574, 9351
3.1324973106384277, 9350
3.1324973106384277, 9349
3.13346529006958, 9348
3.13346529006958, 9347
3.134495735168457, 9346
3.134495735168457, 9345
3.1354939937591553, 9344
3.1354939937591553, 9343
3.136458158493042, 9342
3.136458158493042, 9341
3.1374549865722656, 9340
3.1385653018951416, 9339
3.1385653018951416, 9338
3.139594793319702, 9337
3.139594793319702, 9336
3.139594793319702, 9335
3.140592098236084, 9334
3.140592098236084, 9333
3.1415598392486572, 9332
3.1425557136535645, 9331
3.1435546875, 9330
3.144552707672119, 9329
3.1455495357513428, 9328
3.1475419998168945, 9327
3.1475419998168945, 9326
3.14853835105896, 9325
3.14853835105896, 9324
3.149535655975342, 9323
3.149535655975342, 9322
3.1505348682403564, 9321
3.1505348682403564, 9320
3.15153169631958, 9319
3.15153169631958, 9318
3.1525285243988037, 9317
3.1535260677337646, 9316
3.154524803161621, 9315
3.155627965927124, 9314
3.1576240062713623, 9313
3.1586227416992188, 9312
3.160616159439087, 9311
3.1616125106811523, 9310
3.163606882095337, 9309
3.164604902267456, 9308
3.16560435295105, 9307
3.16560435295105, 9306
3.1666007041931152, 9305
3.1666007041931152, 9304
3.167605400085449, 9303
3.167605400085449, 9302
3.168596029281616, 9301
3.168596029281616, 9300
3.169595718383789, 9299
3.169595718383789, 9298
3.170591354370117, 9297
3.172583818435669, 9296
3.1745779514312744, 9295
3.176571846008301, 9294
3.1775691509246826, 9293
3.1795647144317627, 9292
3.1805617809295654, 9291
3.1825685501098633, 9290
3.1855480670928955, 9289
3.1865475177764893, 9288
3.1895508766174316, 9287
3.191532850265503, 9286
3.1935272216796875, 9285
3.1955208778381348, 9284
3.1955208778381348, 9283
3.196519136428833, 9282
3.196519136428833, 9281
3.1975157260894775, 9280
3.19952130317688, 9279
3.202503204345703, 9278
3.2055060863494873, 9277
3.2084877490997314, 9276
3.209484577178955, 9275
3.209484577178955, 9274
3.2114789485931396, 9273
3.2134740352630615, 9272
3.215468168258667, 9271
3.218473196029663, 9270
3.2214577198028564, 9269
3.2254419326782227, 9268
3.2274363040924072, 9267
3.22843337059021, 9266
3.2304277420043945, 9265
3.2314255237579346, 9264
3.2344377040863037, 9263
3.2364134788513184, 9262
3.2394256591796875, 9261
3.241399049758911, 9260
3.2423973083496094, 9259
3.2423973083496094, 9258
3.243393898010254, 9257
3.244391918182373, 9256
3.245389223098755, 9255
3.245389223098755, 9254
3.246385097503662, 9253
3.247382164001465, 9252
3.247382164001465, 9251
3.248379707336426, 9250
3.248379707336426, 9249
3.2493772506713867, 9248
3.250389575958252, 9247
3.253366708755493, 9246
3.255373001098633, 9245
3.258354902267456, 9244
3.260348081588745, 9243
3.2623441219329834, 9242
3.2643377780914307, 9241
3.2663357257843018, 9240
3.2743115425109863, 9239
3.2773025035858154, 9238
3.2792980670928955, 9237
3.2802953720092773, 9236
3.282290458679199, 9235
3.2842957973480225, 9234
3.289283275604248, 9233
3.2912662029266357, 9232
3.2922627925872803, 9231
3.2942588329315186, 9230
3.2942588329315186, 9229
3.295255422592163, 9228
3.2962539196014404, 9227
3.2962539196014404, 9226
3.2972497940063477, 9225
3.2972497940063477, 9224
3.2982468605041504, 9223
3.2982468605041504, 9222
3.299243450164795, 9221
3.299243450164795, 9220
3.3002407550811768, 9219
3.3062355518341064, 9218
3.309217929840088, 9217
3.3102171421051025, 9216
3.3112125396728516, 9215
3.3112125396728516, 9214
3.3122105598449707, 9213
3.3122105598449707, 9212
3.3132081031799316, 9211
3.3142058849334717, 9210
3.3142058849334717, 9209
3.3152029514312744, 9208
3.3152029514312744, 9207
3.3162028789520264, 9206
3.3162028789520264, 9205
3.317197322845459, 9204
3.320218801498413, 9203
3.3251760005950928, 9202
3.326172351837158, 9201
3.326172351837158, 9200
3.327169179916382, 9199
3.328169107437134, 9198
3.329167127609253, 9197
3.3301615715026855, 9196
3.3301615715026855, 9195
3.3311591148376465, 9194
3.3311591148376465, 9193
3.3321566581726074, 9192
3.3321566581726074, 9191
3.334153175354004, 9190
3.338141918182373, 9189
3.342130422592163, 9188
3.3441247940063477, 9187
3.346118450164795, 9186
3.3481132984161377, 9185
3.3491106033325195, 9184
3.3501083850860596, 9183
3.3511054515838623, 9182
3.3531134128570557, 9181
3.356092691421509, 9180
3.3580873012542725, 9179
3.3600804805755615, 9178
3.361084222793579, 9177
3.362077236175537, 9176
3.3630740642547607, 9175
3.3640713691711426, 9174
3.36606502532959, 9173
3.367062568664551, 9172
3.3680598735809326, 9171
3.3700547218322754, 9170
3.377037763595581, 9169
3.381031036376953, 9168
3.383021593093872, 9167
3.3850152492523193, 9166
3.393991708755493, 9165
3.395986318588257, 9164
3.397979974746704, 9163
3.399977684020996, 9162
3.401970863342285, 9161
3.4119441509246826, 9160
3.414937973022461, 9159
3.4169301986694336, 9158
3.418924570083618, 9157
3.419922113418579, 9156
3.426912546157837, 9155
3.4298958778381348, 9154
3.431891679763794, 9153
3.431891679763794, 9152
3.4328877925872803, 9151
3.4338855743408203, 9150
3.434887647628784, 9149
3.4358792304992676, 9148
3.445857048034668, 9147
3.446850538253784, 9146
3.447847843170166, 9145
3.4488441944122314, 9144
3.449841260910034, 9143
3.4518368244171143, 9142
3.4528346061706543, 9141
3.457824945449829, 9140
3.461810827255249, 9139
3.464815616607666, 9138
3.466796875, 9137
3.4677937030792236, 9136
3.468799114227295, 9135
3.468799114227295, 9134
3.4697928428649902, 9133
3.4778244495391846, 9132
3.4787652492523193, 9131
3.4797706604003906, 9130
3.4797706604003906, 9129
3.480760097503662, 9128
3.480760097503662, 9127
3.481757402420044, 9126
3.481757402420044, 9125
3.482754945755005, 9124
3.4837512969970703, 9123
3.4847493171691895, 9122
3.493725061416626, 9121
3.4957196712493896, 9120
3.496720790863037, 9119
3.49771785736084, 9118
3.49771785736084, 9117
3.4987123012542725, 9116
3.499708890914917, 9115
3.499708890914917, 9114
3.5007078647613525, 9113
3.5007078647613525, 9112
3.501704692840576, 9111
3.501704692840576, 9110
3.5027008056640625, 9109
3.509687662124634, 9108
3.511676788330078, 9107
3.513671398162842, 9106
3.5146677494049072, 9105
3.515665054321289, 9104
3.51666522026062, 9103
3.5176608562469482, 9102
3.5186595916748047, 9101
3.519655466079712, 9100
3.526639461517334, 9099
3.5286314487457275, 9098
3.5306272506713867, 9097
3.531623125076294, 9096
3.5326197147369385, 9095
3.5346145629882812, 9094
3.535611391067505, 9093
3.5425970554351807, 9092
3.5445902347564697, 9091
3.545586109161377, 9090
3.5465853214263916, 9089
3.5475809574127197, 9088
3.5475809574127197, 9087
3.5485777854919434, 9086
3.5485777854919434, 9085
3.549574613571167, 9084
3.551569700241089, 9083
3.551569700241089, 9082
3.5525667667388916, 9081
3.5535640716552734, 9080
3.5575549602508545, 9079
3.5605485439300537, 9078
3.5615427494049072, 9077
3.5615427494049072, 9076
3.5625405311584473, 9075
3.5625405311584473, 9074
3.563537359237671, 9073
3.564535140991211, 9072
3.564535140991211, 9071
3.5655314922332764, 9070
3.5655314922332764, 9069
3.566528797149658, 9068
3.566528797149658, 9067
3.56752610206604, 9066
3.56752610206604, 9065
3.56852388381958, 9064
3.56852388381958, 9063
3.569523811340332, 9062
3.569523811340332, 9061
3.5765035152435303, 9060
3.5784997940063477, 9059
3.5794951915740967, 9058
3.5814895629882812, 9057
3.5834848880767822, 9056
3.5844836235046387, 9055
3.585479974746704, 9054
3.589479446411133, 9053
3.5934574604034424, 9052
3.5954549312591553, 9051
3.597447156906128, 9050
3.598445415496826, 9049
3.6004388332366943, 9048
3.6014368534088135, 9047
3.603431463241577, 9046
3.6114954948425293, 9045
3.6134042739868164, 9044
3.614400863647461, 9043
3.614400863647461, 9042
3.6153981685638428, 9041
3.6153981685638428, 9040
3.617393970489502, 9039
3.6183950901031494, 9038
3.6183950901031494, 9037
3.6193883419036865, 9036
3.620384931564331, 9035
3.6274657249450684, 9034
3.6283657550811768, 9033
3.629361391067505, 9032
3.6303608417510986, 9031
3.6303608417510986, 9030
3.631357431411743, 9029
3.631357431411743, 9028
3.6323540210723877, 9027
3.6323540210723877, 9026
3.6343493461608887, 9025
3.6343493461608887, 9024
3.635345935821533, 9023
3.636345148086548, 9022
3.6433300971984863, 9021
3.645319938659668, 9020
3.6473138332366943, 9019
3.649308681488037, 9018
3.6503055095672607, 9017
3.6503055095672607, 9016
3.6513028144836426, 9015
3.6513028144836426, 9014
3.6523003578186035, 9013
3.653297185897827, 9012
3.6582961082458496, 9011
3.661276340484619, 9010
3.6622748374938965, 9009
3.664268970489502, 9008
3.6652655601501465, 9007
3.6672608852386475, 9006
3.668257236480713, 9005
3.669255495071411, 9004
3.6742451190948486, 9003
3.6772384643554688, 9002
3.679227590560913, 9001
3.680224895477295, 9000
3.6812214851379395, 8999
3.6832187175750732, 8998
3.6842150688171387, 8997
3.6862094402313232, 8996
3.687206983566284, 8995
3.692767858505249, 8994
3.69472599029541, 8993
3.696720600128174, 8992
3.696720600128174, 8991
3.697719097137451, 8990
3.6987152099609375, 8989
3.6987152099609375, 8988
3.699711799621582, 8987
3.699711799621582, 8986
3.7007088661193848, 8985
3.7007088661193848, 8984
3.7007088661193848, 8983
3.7097020149230957, 8982
3.7116801738739014, 8981
3.712677001953125, 8980
3.712677001953125, 8979
3.713674545288086, 8978
3.714672327041626, 8977
3.715669870376587, 8976
3.7166671752929688, 8975
3.7176640033721924, 8974
3.7176640033721924, 8973
3.7186615467071533, 8972
3.7186615467071533, 8971
3.719658613204956, 8970
3.721680164337158, 8969
3.7266409397125244, 8968
3.728635311126709, 8967
3.729632616043091, 8966
3.729632616043091, 8965
3.730630397796631, 8964
3.731628179550171, 8963
3.732624053955078, 8962
3.733621835708618, 8961
3.734619617462158, 8960
3.734619617462158, 8959
3.7356162071228027, 8958
3.7356162071228027, 8957
3.7366137504577637, 8956
3.742617607116699, 8955
3.7455904483795166, 8954
3.7475850582122803, 8953
3.748582124710083, 8952
3.7495789527893066, 8951
3.7505788803100586, 8950
3.7515742778778076, 8949
3.7525711059570312, 8948
3.7575671672821045, 8947
3.7615485191345215, 8946
3.7625460624694824, 8945
3.7635419368743896, 8944
3.7645397186279297, 8943
3.765538215637207, 8942
3.765538215637207, 8941
3.766533613204956, 8940
3.766533613204956, 8939
3.7685294151306152, 8938
3.769526958465576, 8937
3.7755179405212402, 8936
3.7785019874572754, 8935
3.7785019874572754, 8934
3.7794995307922363, 8933
3.7794995307922363, 8932
3.7804973125457764, 8931
3.7814955711364746, 8930
3.7814955711364746, 8929
3.782491683959961, 8928
3.78348970413208, 8927
3.7844879627227783, 8926
3.7854838371276855, 8925
3.7854838371276855, 8924
3.786482334136963, 8923
3.792473077774048, 8922
3.795457601547241, 8921
3.796454906463623, 8920
3.796454906463623, 8919
3.797450304031372, 8918
3.797450304031372, 8917
3.798447608947754, 8916
3.798447608947754, 8915
3.7994449138641357, 8914
3.7994449138641357, 8913
3.800443649291992, 8912
3.800443649291992, 8911
3.801440477371216, 8910
3.8024375438690186, 8909
3.8034348487854004, 8908
3.8114140033721924, 8907
3.812410354614258, 8906
3.812410354614258, 8905
3.8134071826934814, 8904
3.814406394958496, 8903
3.815403699874878, 8902
3.815403699874878, 8901
3.817401647567749, 8900
3.8183951377868652, 8899
3.81939435005188, 8898
3.826381206512451, 8897
3.828369617462158, 8896
3.8303632736206055, 8895
3.832357168197632, 8894
3.8333547115325928, 8893
3.8343536853790283, 8892
3.8363471031188965, 8891
3.8413476943969727, 8890
3.8453238010406494, 8889
3.846320629119873, 8888
3.848315715789795, 8887
3.8493120670318604, 8886
3.8513071537017822, 8885
3.8523049354553223, 8884
3.853301763534546, 8883
3.8592913150787354, 8882
3.8602843284606934, 8881
3.8602843284606934, 8880
3.8632750511169434, 8879
3.8642725944519043, 8878
3.865269422531128, 8877
3.865269422531128, 8876
3.8662664890289307, 8875
3.8662664890289307, 8874
3.8672637939453125, 8873
3.8672637939453125, 8872
3.8682610988616943, 8871
3.8682610988616943, 8870
3.869258165359497, 8869
3.871267318725586, 8868
3.877239465713501, 8867
3.878237724304199, 8866
3.879232406616211, 8865
3.879232406616211, 8864
3.8802289962768555, 8863
3.8802289962768555, 8862
3.8812263011932373, 8861
3.8812263011932373, 8860
3.882223606109619, 8859
3.883221387863159, 8858
3.884220600128174, 8857
3.8852174282073975, 8856
3.8852174282073975, 8855
3.8862130641937256, 8854
3.8882226943969727, 8853
3.894193649291992, 8852
3.895190715789795, 8851
3.895190715789795, 8850
3.8971850872039795, 8849
3.8971850872039795, 8848
3.8981826305389404, 8847
3.9001760482788086, 8846
3.9011733531951904, 8845
3.9011733531951904, 8844
3.9021716117858887, 8843
3.9091620445251465, 8842
3.9111478328704834, 8841
3.9121453762054443, 8840
3.9131429195404053, 8839
3.915137767791748, 8838
3.915137767791748, 8837
3.9161343574523926, 8836
3.9161343574523926, 8835
3.9171321392059326, 8834
3.9181301593780518, 8833
3.9181301593780518, 8832
3.9181301593780518, 8831
3.919130325317383, 8830
3.919130325317383, 8829
3.923125982284546, 8828
3.9271116256713867, 8827
3.9290995597839355, 8826
3.930096387863159, 8825
3.9320905208587646, 8824
3.9330894947052, 8823
3.9350826740264893, 8822
3.9360835552215576, 8821
3.942075252532959, 8820
3.945056438446045, 8819
3.946053981781006, 8818
3.946053981781006, 8817
3.9470505714416504, 8816
3.9480488300323486, 8815
3.9490463733673096, 8814
3.950042247772217, 8813
3.950042247772217, 8812
3.951040267944336, 8811
3.951040267944336, 8810
3.9520370960235596, 8809
3.9530398845672607, 8808
3.9530398845672607, 8807
3.95902419090271, 8806
3.9610135555267334, 8805
3.9620113372802734, 8804
3.963008403778076, 8803
3.9640138149261475, 8802
3.96500301361084, 8801
3.96500301361084, 8800
3.9659996032714844, 8799
3.9659996032714844, 8798
3.9679951667785645, 8797
3.968992233276367, 8796
3.968992233276367, 8795
3.971996784210205, 8794
3.977969169616699, 8793
3.9799625873565674, 8792
3.980961561203003, 8791
3.98295521736145, 8790
3.984949827194214, 8789
3.9869441986083984, 8788
3.9939260482788086, 8787
3.9959218502044678, 8786
3.996918201446533, 8785
3.997915267944336, 8784
3.997915267944336, 8783
3.9999101161956787, 8782
4.000909328460693, 8781
4.001905202865601, 8780
4.00490927696228, 8779
4.009883642196655, 8778
4.01187801361084, 8777
4.013872146606445, 8776
4.014869928359985, 8775
4.015866041183472, 8774
4.017864227294922, 8773
4.0188586711883545, 8772
4.025851488113403, 8771
4.027835130691528, 8770
4.02883243560791, 8769
4.02883243560791, 8768
4.029829025268555, 8767
4.029829025268555, 8766
4.030826091766357, 8765
4.030826091766357, 8764
4.032823085784912, 8763
4.033819198608398, 8762
4.034817457199097, 8761
4.037821054458618, 8760
4.044790029525757, 8759
4.044790029525757, 8758
4.045786142349243, 8757
4.046783924102783, 8756
4.046783924102783, 8755
4.047780990600586, 8754
4.047780990600586, 8753
4.04878044128418, 8752
4.04878044128418, 8751
4.049776077270508, 8750
4.049776077270508, 8749
4.050772666931152, 8748
4.050772666931152, 8747
4.051772117614746, 8746
4.056768178939819, 8745
4.059750318527222, 8744
4.061746835708618, 8743
4.063739061355591, 8742
4.065736770629883, 8741
4.065736770629883, 8740
4.0667314529418945, 8739
4.0667314529418945, 8738
4.067729473114014, 8737
4.067729473114014, 8736
4.068725347518921, 8735
4.068725347518921, 8734
4.069722890853882, 8733
4.077702283859253, 8732
4.078700065612793, 8731
4.080693244934082, 8730
4.081690311431885, 8729
4.083686113357544, 8728
4.084683179855347, 8727
4.0866780281066895, 8726
4.093659162521362, 8725
4.095657110214233, 8724
4.095657110214233, 8723
4.096652984619141, 8722
4.096652984619141, 8721
4.096652984619141, 8720
4.098645925521851, 8719
4.099644899368286, 8718
4.100639343261719, 8717
4.102633953094482, 8716
4.109622478485107, 8715
4.1106133460998535, 8714
4.11161208152771, 8713
4.112607955932617, 8712
4.112607955932617, 8711
4.113604784011841, 8710
4.114603519439697, 8709
4.115599632263184, 8708
4.115599632263184, 8707
4.1165971755981445, 8706
4.1165971755981445, 8705
4.1175947189331055, 8704
4.119589567184448, 8703
4.125582695007324, 8702
4.127568483352661, 8701
4.128564834594727, 8700
4.128564834594727, 8699
4.128564834594727, 8698
4.129562139511108, 8697
4.130560398101807, 8696
4.131558656692505, 8695
4.132554769515991, 8694
4.134549140930176, 8693
4.135546922683716, 8692
4.135546922683716, 8691
4.1365437507629395, 8690
4.142539739608765, 8689
4.1445229053497314, 8688
4.145521879196167, 8687
4.14651894569397, 8686
4.14651894569397, 8685
4.147521018981934, 8684
4.148513555526733, 8683
4.148513555526733, 8682
4.149510145187378, 8681
4.149510145187378, 8680
4.150507211685181, 8679
4.1525022983551025, 8678
4.155503988265991, 8677
4.160585403442383, 8676
4.162474870681763, 8675
4.1644721031188965, 8674
4.1664650440216064, 8673
4.167463064193726, 8672
4.169456481933594, 8671
4.178433179855347, 8670
4.179429292678833, 8669
4.179429292678833, 8668
4.180426359176636, 8667
4.181424856185913, 8666
4.182421445846558, 8665
4.183419704437256, 8664
4.1854143142700195, 8663
4.192408084869385, 8662
4.19490122795105, 8661
4.196895599365234, 8660
4.197894811630249, 8659
4.199887990951538, 8658
4.201886415481567, 8657
4.2028796672821045, 8656
4.208875417709351, 8655
4.210859537124634, 8654
4.211856126785278, 8653
4.211856126785278, 8652
4.213850498199463, 8651
4.213850498199463, 8650
4.2148473262786865, 8649
4.215845108032227, 8648
4.216842174530029, 8647
4.217839241027832, 8646
4.218837022781372, 8645
4.219834089279175, 8644
4.22283673286438, 8643
4.226816415786743, 8642
4.228813886642456, 8641
4.228813886642456, 8640
4.229808568954468, 8639
4.229808568954468, 8638
4.2308056354522705, 8637
4.2308056354522705, 8636
4.231803894042969, 8635
4.231803894042969, 8634
4.232800483703613, 8633
4.233797073364258, 8632
4.234796524047852, 8631
4.235793113708496, 8630
4.235793113708496, 8629
4.244768381118774, 8628
4.245765447616577, 8627
4.245765447616577, 8626
4.246761798858643, 8625
4.246761798858643, 8624
4.247758865356445, 8623
4.247758865356445, 8622
4.2487568855285645, 8621
4.2487568855285645, 8620
4.249753475189209, 8619
4.249753475189209, 8618
4.250750780105591, 8617
4.250750780105591, 8616
4.251748085021973, 8615
4.251748085021973, 8614
4.252746343612671, 8613
4.25674295425415, 8612
4.261723041534424, 8611
4.2627198696136475, 8610
4.2657151222229, 8609
4.266710519790649, 8608
4.268703937530518, 8607
4.275695085525513, 8606
4.278681039810181, 8605
4.2806715965271, 8604
4.282666921615601, 8603
4.285658359527588, 8602
4.291657209396362, 8601
4.294161796569824, 8600
4.295146942138672, 8599
4.296143293380737, 8598
4.296143293380737, 8597
4.29714560508728, 8596
4.29714560508728, 8595
4.298138380050659, 8594
4.299135446548462, 8593
4.299135446548462, 8592
4.300132989883423, 8591
4.300132989883423, 8590
4.301129579544067, 8589
4.302128553390503, 8588
4.30711555480957, 8587
4.3101067543029785, 8586
4.3121018409729, 8585
4.313098669052124, 8584
4.314095735549927, 8583
4.314095735549927, 8582
4.315093278884888, 8581
4.3160905838012695, 8580
4.3160905838012695, 8579
4.317087888717651, 8578
4.317087888717651, 8577
4.319545745849609, 8576
4.327062368392944, 8575
4.32805871963501, 8574
4.329055547714233, 8573
4.329055547714233, 8572
4.330052614212036, 8571
4.330052614212036, 8570
4.331049919128418, 8569
4.332048654556274, 8568
4.333046197891235, 8567
4.334042549133301, 8566
4.334042549133301, 8565
4.334042549133301, 8564
4.335039377212524, 8563
4.336039781570435, 8562
4.338055372238159, 8561
4.344016075134277, 8560
4.345015287399292, 8559
4.346011638641357, 8558
4.346011638641357, 8557
4.348005771636963, 8556
4.349999904632568, 8555
4.350997686386108, 8554
4.352993011474609, 8553
4.360970735549927, 8552
4.361968517303467, 8551
4.3629677295684814, 8550
4.364961862564087, 8549
4.365958213806152, 8548
4.366955280303955, 8547
4.366955280303955, 8546
4.368950366973877, 8545
4.3719565868377686, 8544
4.376934051513672, 8543
4.378922939300537, 8542
4.379919767379761, 8541
4.380919456481934, 8540
4.381914854049683, 8539
4.382912635803223, 8538
4.382912635803223, 8537
4.384907484054565, 8536
4.386901140213013, 8535
4.391905307769775, 8534
4.394404888153076, 8533
4.396386623382568, 8532
4.397384405136108, 8531
4.399379253387451, 8530
4.401374340057373, 8529
4.403369665145874, 8528
4.410355567932129, 8527
4.412344694137573, 8526
4.415337085723877, 8525
4.416333198547363, 8524
4.41832971572876, 8523
4.4193267822265625, 8522
4.42730975151062, 8521
4.428302526473999, 8520
4.4292988777160645, 8519
4.4292988777160645, 8518
4.430297136306763, 8517
4.430297136306763, 8516
4.431293964385986, 8515
4.431293964385986, 8514
4.432291746139526, 8513
4.432291746139526, 8512
4.434287071228027, 8511
4.434287071228027, 8510
4.435283660888672, 8509
4.437283039093018, 8508
4.443263530731201, 8507
4.4452574253082275, 8506
4.4452574253082275, 8505
4.446255207061768, 8504
4.44725227355957, 8503
4.44725227355957, 8502
4.44825005531311, 8501
4.44825005531311, 8500
4.449246644973755, 8499
4.449246644973755, 8498
4.450247287750244, 8497
4.451241970062256, 8496
4.453235626220703, 8495
4.461215972900391, 8494
4.462212562561035, 8493
4.464205741882324, 8492
4.465202569961548, 8491
4.466200828552246, 8490
4.466200828552246, 8489
4.467197895050049, 8488
4.467197895050049, 8487
4.4681947231292725, 8486
4.4681947231292725, 8485
4.4691925048828125, 8484
4.47619104385376, 8483
4.478168725967407, 8482
4.478168725967407, 8481
4.479165315628052, 8480
4.4811623096466064, 8479
4.4811623096466064, 8478
4.482158660888672, 8477
4.484152555465698, 8476
4.486147880554199, 8475
4.491145849227905, 8474
4.493129730224609, 8473
4.495603322982788, 8472
4.497596979141235, 8471
4.4985949993133545, 8470
4.4985949993133545, 8469
4.49959135055542, 8468
4.500589847564697, 8467
4.502584218978882, 8466
4.5095672607421875, 8465
4.511560440063477, 8464
4.5125579833984375, 8463
4.513555526733398, 8462
4.514553546905518, 8461
4.514553546905518, 8460
4.515553712844849, 8459
4.515553712844849, 8458
4.516547679901123, 8457
4.516547679901123, 8456
4.518542766571045, 8455
4.526520490646362, 8454
4.528515815734863, 8453
4.529511451721191, 8452
4.53050971031189, 8451
4.532511472702026, 8450
4.532511472702026, 8449
4.533503532409668, 8448
4.534500360488892, 8447
4.535498142242432, 8446
4.541486978530884, 8445
4.544471979141235, 8444
4.546466827392578, 8443
4.547463417053223, 8442
4.548461437225342, 8441
4.548461437225342, 8440
4.5494585037231445, 8439
4.550455808639526, 8438
4.55145263671875, 8437
4.55145263671875, 8436
4.552452325820923, 8435
4.555457592010498, 8434
4.560431003570557, 8433
4.562424182891846, 8432
4.564418315887451, 8431
4.565416097640991, 8430
4.566418170928955, 8429
4.567411184310913, 8428
4.567411184310913, 8427
4.569405555725098, 8426
4.5773844718933105, 8425
4.579378843307495, 8424
4.58137321472168, 8423
4.583370923995972, 8422
4.584364414215088, 8421
4.586360216140747, 8420
4.59334135055542, 8419
4.595335960388184, 8418
4.595335960388184, 8417
4.596334457397461, 8416
4.597332715988159, 8415
4.597332715988159, 8414
4.598328351974487, 8413
4.598328351974487, 8412
4.599324703216553, 8411
4.599324703216553, 8410
4.600328207015991, 8409
4.600328207015991, 8408
4.601321458816528, 8407
4.602318048477173, 8406
4.603315114974976, 8405
4.611293792724609, 8404
4.612294912338257, 8403
4.614284515380859, 8402
4.61528205871582, 8401
4.616279363632202, 8400
4.617277145385742, 8399
4.619271278381348, 8398
4.6262547969818115, 8397
4.628247976303101, 8396
4.629244804382324, 8395
4.630242586135864, 8394
4.630242586135864, 8393
4.631239414215088, 8392
4.631239414215088, 8391
4.631239414215088, 8390
4.633235931396484, 8389
4.6342363357543945, 8388
4.636225938796997, 8387
4.641226768493652, 8386
4.64520525932312, 8385
4.646201133728027, 8384
4.647197961807251, 8383
4.647197961807251, 8382
4.648197650909424, 8381
4.650189161300659, 8380
4.651187181472778, 8379
4.652183532714844, 8378
4.658175706863403, 8377
4.662157297134399, 8376
4.662157297134399, 8375
4.664151668548584, 8374
4.665153980255127, 8373
4.665153980255127, 8372
4.666147708892822, 8371
4.666147708892822, 8370
4.667145252227783, 8369
4.667145252227783, 8368
4.6681435108184814, 8367
4.669140338897705, 8366
4.669140338897705, 8365
4.671141147613525, 8364
4.676121234893799, 8363
4.678114891052246, 8362
4.679112195968628, 8361
4.6801087856292725, 8360
4.6801087856292725, 8359
4.6801087856292725, 8358
4.681105852127075, 8357
4.681105852127075, 8356
4.682103157043457, 8355
4.6831018924713135, 8354
4.684098720550537, 8353
4.6850950717926025, 8352
4.6850950717926025, 8351
4.686092853546143, 8350
4.689097881317139, 8349
4.69316554069519, 8348
4.694075584411621, 8347
4.695069789886475, 8346
4.696065664291382, 8345
4.697064399719238, 8344
4.698061466217041, 8343
4.6990649700164795, 8342
4.700056314468384, 8341
4.7010533809661865, 8340
4.703048229217529, 8339
4.710030794143677, 8338
4.71202540397644, 8337
4.71401834487915, 8336
4.7150163650512695, 8335
4.7150163650512695, 8334
4.716015100479126, 8333
4.717011213302612, 8332
4.718008756637573, 8331
4.720001935958862, 8330
4.727017641067505, 8329
4.728979587554932, 8328
4.728979587554932, 8327
4.729978322982788, 8326
4.729978322982788, 8325
4.731971025466919, 8324
4.732969284057617, 8323
4.733966112136841, 8322
4.733966112136841, 8321
4.7349631786346436, 8320
4.736956834793091, 8319
4.742944002151489, 8318
4.74493670463562, 8317
4.74493670463562, 8316
4.745934009552002, 8315
4.746941804885864, 8314
4.746941804885864, 8313
4.7479283809661865, 8312
4.7479283809661865, 8311
4.748927116394043, 8310
4.748927116394043, 8309
4.749923944473267, 8308
4.749923944473267, 8307
4.750921726226807, 8306
4.750921726226807, 8305
4.751918077468872, 8304
4.757909536361694, 8303
4.760894060134888, 8302
4.760894060134888, 8301
4.761889934539795, 8300
4.761889934539795, 8299
4.762887954711914, 8298
4.762887954711914, 8297
4.763885259628296, 8296
4.764882564544678, 8295
4.764882564544678, 8294
4.765878915786743, 8293
4.765878915786743, 8292
4.766876459121704, 8291
4.766876459121704, 8290
4.767873764038086, 8289
4.7688727378845215, 8288
4.7688727378845215, 8287
4.771876573562622, 8286
4.775880813598633, 8285
4.776852607727051, 8284
4.777848482131958, 8283
4.777848482131958, 8282
4.778845310211182, 8281
4.778845310211182, 8280
4.779841661453247, 8279
4.779841661453247, 8278
4.780839204788208, 8277
4.780839204788208, 8276
4.781836748123169, 8275
4.781836748123169, 8274
4.782833814620972, 8273
4.782833814620972, 8272
4.784829378128052, 8271
4.784829378128052, 8270
4.785825729370117, 8269
4.785825729370117, 8268
4.7918174266815186, 8267
4.794808626174927, 8266
4.794808626174927, 8265
4.795801401138306, 8264
4.795801401138306, 8263
4.796797752380371, 8262
4.796797752380371, 8261
4.797796726226807, 8260
4.797796726226807, 8259
4.798792839050293, 8258
4.798792839050293, 8257
4.799790859222412, 8256
4.801784515380859, 8255
4.807784557342529, 8254
4.809764385223389, 8253
4.811760425567627, 8252
4.812755107879639, 8251
4.813752889633179, 8250
4.81574821472168, 8249
4.81674599647522, 8248
4.817742824554443, 8247
4.818739175796509, 8246
4.819736480712891, 8245
4.827715873718262, 8244
4.828717231750488, 8243
4.829709768295288, 8242
4.829709768295288, 8241
4.829709768295288, 8240
4.830707550048828, 8239
4.831705331802368, 8238
4.832703351974487, 8237
4.833699464797974, 8236
4.833699464797974, 8235
4.834697723388672, 8234
4.834697723388672, 8233
4.835694789886475, 8232
4.842675685882568, 8231
4.844669580459595, 8230
4.845667362213135, 8229
4.846664905548096, 8228
4.847662687301636, 8227
4.848659515380859, 8226
4.848659515380859, 8225
4.849657297134399, 8224
4.850653409957886, 8223
4.851651430130005, 8222
4.852648735046387, 8221
4.85963249206543, 8220
4.861623764038086, 8219
4.862627029418945, 8218
4.86361837387085, 8217
4.865614652633667, 8216
4.866613388061523, 8215
4.866613388061523, 8214
4.867608070373535, 8213
4.868604898452759, 8212
4.868604898452759, 8211
4.87060809135437, 8210
4.8765869140625, 8209
4.877584934234619, 8208
4.879577398300171, 8207
4.880573511123657, 8206
4.882568359375, 8205
4.883565187454224, 8204
4.884561538696289, 8203
4.886557102203369, 8202
4.891554832458496, 8201
4.893540620803833, 8200
4.895533084869385, 8199
4.8965301513671875, 8198
4.8965301513671875, 8197
4.89752721786499, 8196
4.89752721786499, 8195
4.89852499961853, 8194
4.89852499961853, 8193
4.89952278137207, 8192
4.89952278137207, 8191
4.900519847869873, 8190
4.900519847869873, 8189
4.901516675949097, 8188
4.901516675949097, 8187
4.9025139808654785, 8186
4.9025139808654785, 8185
4.911492347717285, 8184
4.9124884605407715, 8183
4.9134862422943115, 8182
4.914482593536377, 8181
4.9154791831970215, 8180
4.916477918624878, 8179
4.916477918624878, 8178
4.918473243713379, 8177
4.919469833374023, 8176
4.925462484359741, 8175
4.9284443855285645, 8174
4.929442405700684, 8173
4.930440425872803, 8172
4.931439161300659, 8171
4.9324352741241455, 8170
4.93343186378479, 8169
4.93343186378479, 8168
4.934429883956909, 8167
4.938429117202759, 8166
4.944404125213623, 8165
4.946397304534912, 8164
4.948393821716309, 8163
4.948393821716309, 8162
4.949389696121216, 8161
4.950387001037598, 8160
4.9523820877075195, 8159
4.958388805389404, 8158
4.961357593536377, 8157
4.963353633880615, 8156
4.9653472900390625, 8155
4.9663450717926025, 8154
4.967341661453247, 8153
4.969335079193115, 8152
4.975339889526367, 8151
4.978310823440552, 8150
4.980307340621948, 8149
4.981303453445435, 8148
4.9823009967803955, 8147
4.983297824859619, 8146
4.984295845031738, 8145
4.98529314994812, 8144
4.988318204879761, 8143
4.993274927139282, 8142
4.995267391204834, 8141
4.995267391204834, 8140
4.99726128578186, 8139
4.998258352279663, 8138
5.000253438949585, 8137
5.000253438949585, 8136
5.001250982284546, 8135
5.009245872497559, 8134
5.012221097946167, 8133
5.0132200717926025, 8132
5.014218091964722, 8131
5.015213251113892, 8130
5.016210317611694, 8129
5.017207860946655, 8128
5.017207860946655, 8127
5.019203424453735, 8126
5.026185750961304, 8125
5.028179407119751, 8124
5.029175519943237, 8123
5.029175519943237, 8122
5.030172348022461, 8121
5.032168865203857, 8120
5.033166885375977, 8119
5.034163475036621, 8118
5.035159587860107, 8117
5.043139219284058, 8116
5.046131610870361, 8115
5.048125982284546, 8114
5.049121856689453, 8113
5.050118684768677, 8112
5.051116943359375, 8111
5.05211615562439, 8110
5.059113025665283, 8109
5.061091184616089, 8108
5.062088251113892, 8107
5.0630857944488525, 8106
5.065079927444458, 8105
5.067075252532959, 8104
5.069068908691406, 8103
5.076053142547607, 8102
5.07804799079895, 8101
5.079043626785278, 8100
5.080039978027344, 8099
5.0810394287109375, 8098
5.0810394287109375, 8097
5.083032846450806, 8096
5.085029125213623, 8095
5.093012809753418, 8094
5.095998525619507, 8093
5.096994876861572, 8092
5.097992658615112, 8091
5.098989009857178, 8090
5.100985050201416, 8089
5.101980447769165, 8088
5.109960079193115, 8087
5.111954927444458, 8086
5.112951278686523, 8085
5.112951278686523, 8084
5.114947080612183, 8083
5.115945100784302, 8082
5.116941452026367, 8081
5.117939233779907, 8080
5.118941068649292, 8079
5.126915216445923, 8078
5.1279137134552, 8077
5.1289098262786865, 8076
5.13090443611145, 8075
5.131901502609253, 8074
5.132898330688477, 8073
5.134894132614136, 8072
5.137911558151245, 8071
5.143869161605835, 8070
5.145864486694336, 8069
5.1468682289123535, 8068
5.147859334945679, 8067
5.149852275848389, 8066
5.150850534439087, 8065
5.151848316192627, 8064
5.158844470977783, 8063
5.160823583602905, 8062
5.162819147109985, 8061
5.163815498352051, 8060
5.16481351852417, 8059
5.1658101081848145, 8058
5.166807413101196, 8057
5.167805433273315, 8056
5.168802499771118, 8055
5.169799327850342, 8054
5.176782131195068, 8053
5.178776264190674, 8052
5.1807701587677, 8051
5.18176794052124, 8050
5.182764530181885, 8049
5.184759616851807, 8048
5.184759616851807, 8047
5.1867547035217285, 8046
5.19373631477356, 8045
5.198721647262573, 8044
5.199719429016113, 8043
5.200716972351074, 8042
5.212686538696289, 8041
5.2176713943481445, 8040
5.230637788772583, 8039
5.2346272468566895, 8038
5.245596408843994, 8037
5.2485902309417725, 8036
5.251580715179443, 8035
5.264547824859619, 8034
5.268536567687988, 8033
5.280504941940308, 8032
5.2924816608428955, 8031
5.296460390090942, 8030
5.299452304840088, 8029
5.312419176101685, 8028
5.315411806106567, 8027
5.31840181350708, 8026
5.328376293182373, 8025
5.3313682079315186, 8024
5.334359407424927, 8023
5.345332622528076, 8022
5.349320411682129, 8021
5.352312088012695, 8020
5.3622846603393555, 8019
5.366273641586304, 8018
5.369266748428345, 8017
5.379239082336426, 8016
5.3812336921691895, 8015
5.384227752685547, 8014
5.394200086593628, 8013
5.3981897830963135, 8012
5.401182413101196, 8011
5.412153482437134, 8010
5.416142702102661, 8009
5.428109884262085, 8008
5.4320995807647705, 8007
5.444066524505615, 8006
5.447058200836182, 8005
5.451048851013184, 8004
5.461021661758423, 8003
5.465010404586792, 8002
5.468999862670898, 8001
5.4799723625183105, 8000
5.483961343765259, 7999
5.493934154510498, 7998
5.500914096832275, 7997
5.512889862060547, 7996
5.527842998504639, 7995
5.532829999923706, 7994
5.535820484161377, 7993
5.548786163330078, 7992
5.552778720855713, 7991
5.561751842498779, 7990
5.56574273109436, 7989
5.568732738494873, 7988
5.584690570831299, 7987
5.597655296325684, 7986
5.61062216758728, 7985
5.626579523086548, 7984
5.629570722579956, 7983
5.63256311416626, 7982
5.6405510902404785, 7981
5.6505138874053955, 7980
5.661485195159912, 7979
5.667471170425415, 7978
5.678441286087036, 7977
5.681431531906128, 7976
5.692404270172119, 7975
5.697388410568237, 7974
5.700381278991699, 7973
5.710356712341309, 7972
5.714343309402466, 7971
5.71733546257019, 7970
5.726345539093018, 7969
5.7303032875061035, 7968
5.7342915534973145, 7967
5.7442638874053955, 7966
5.7482545375823975, 7965
5.751245021820068, 7964
5.762215852737427, 7963
5.766204833984375, 7962
5.778173208236694, 7961
5.781164646148682, 7960
5.783159494400024, 7959
5.796125888824463, 7958
5.811085224151611, 7957
5.815075635910034, 7956
5.81806755065918, 7955
5.830034017562866, 7954
5.834024906158447, 7953
5.843997240066528, 7952
5.846990585327148, 7951
5.849982023239136, 7950
5.859954833984375, 7949
5.863943815231323, 7948
5.867933511734009, 7947
5.877906799316406, 7946
5.879900217056274, 7945
5.882893323898315, 7944
5.892867088317871, 7943
5.895857334136963, 7942
5.897852182388306, 7941
5.901841640472412, 7940
5.910818815231323, 7939
5.91381049156189, 7938
5.915804386138916, 7937
5.918796062469482, 7936
5.928772926330566, 7935
5.9317615032196045, 7934
5.933758497238159, 7933
5.942734956741333, 7932
5.94771933555603, 7931
5.95171046257019, 7930
5.9606850147247314, 7929
5.965670824050903, 7928
5.967665433883667, 7927
5.978639125823975, 7926
5.983624219894409, 7925
5.993602752685547, 7924
6.002573251724243, 7923
6.009554624557495, 7922
6.013543128967285, 7921
6.025519609451294, 7920
6.0295000076293945, 7919
6.0304975509643555, 7918
6.031494855880737, 7917
6.033494472503662, 7916
6.034488201141357, 7915
6.035484313964844, 7914
6.04246711730957, 7913
6.044461250305176, 7912
6.044461250305176, 7911
6.045457363128662, 7910
6.046454668045044, 7909
6.047451972961426, 7908
6.048450708389282, 7907
6.0494468212127686, 7906
6.050444841384888, 7905
6.050444841384888, 7904
6.051441669464111, 7903
6.054449796676636, 7902
6.059422016143799, 7901
6.060417413711548, 7900
6.060417413711548, 7899
6.061414957046509, 7898
6.0624120235443115, 7897
6.06341028213501, 7896
6.064412355422974, 7895
6.066402435302734, 7894
6.067399263381958, 7893
6.06839656829834, 7892
6.075381517410278, 7891
6.07637619972229, 7890
6.077373027801514, 7889
6.08036470413208, 7888
6.082359313964844, 7887
6.085350751876831, 7886
6.08634877204895, 7885
6.089348316192627, 7884
6.090338945388794, 7883
6.0913355350494385, 7882
6.092331886291504, 7881
6.093329429626465, 7880
6.094326972961426, 7879
6.0953240394592285, 7878
6.0953240394592285, 7877
6.0963215827941895, 7876
6.097318649291992, 7875
6.098315954208374, 7874
6.099313974380493, 7873
6.100310802459717, 7872
6.1013078689575195, 7871
6.102305173873901, 7870
6.103304386138916, 7869
6.10430121421814, 7868
6.105297803878784, 7867
6.106295108795166, 7866
6.107292175292969, 7865
6.108289480209351, 7864
6.109286308288574, 7863
6.109286308288574, 7862
6.110284090042114, 7861
6.111281394958496, 7860
6.112278699874878, 7859
6.113276481628418, 7858
6.1152729988098145, 7857
6.1162683963775635, 7856
6.117265462875366, 7855
6.118262767791748, 7854
6.119259834289551, 7853
6.120258569717407, 7852
6.12236213684082, 7851
6.124356508255005, 7850
6.124356508255005, 7849
6.125353574752808, 7848
6.1263508796691895, 7847
6.127349376678467, 7846
6.128345966339111, 7845
6.129343748092651, 7844
6.130340337753296, 7843
6.132162570953369, 7842
6.13415789604187, 7841
6.135154485702515, 7840
6.136152267456055, 7839
6.137149333953857, 7838
6.138242244720459, 7837
6.139239549636841, 7836
6.140236854553223, 7835
6.1412341594696045, 7834
6.1412341594696045, 7833
6.142230987548828, 7832
6.143228530883789, 7831
6.145224094390869, 7830
6.146220684051514, 7829
6.146220684051514, 7828
6.148783922195435, 7827
6.149782180786133, 7826
6.149782180786133, 7825
6.150778293609619, 7824
6.15277361869812, 7823
6.153771638870239, 7822
6.1547698974609375, 7821
6.155765056610107, 7820
6.1567652225494385, 7819
6.157759666442871, 7818
6.158756971359253, 7817
6.159754991531372, 7816
6.160751581192017, 7815
6.161748647689819, 7814
6.162439823150635, 7813
6.163433313369751, 7812
6.164431571960449, 7811
6.165428161621094, 7810
6.166425704956055, 7809
6.167423486709595, 7808
6.168420791625977, 7807
6.169541120529175, 7806
6.1705381870269775, 7805
6.17153525352478, 7804
6.172532796859741, 7803
6.173530578613281, 7802
6.173530578613281, 7801
6.174529552459717, 7800
6.175525665283203, 7799
6.1765220165252686, 7798
6.17751932144165, 7797
6.178519010543823, 7796
6.1786017417907715, 7795
6.179599046707153, 7794
6.180596113204956, 7793
6.180596113204956, 7792
6.181593656539917, 7791
6.182591676712036, 7790
6.184586763381958, 7789
6.18667459487915, 7788
6.188669204711914, 7787
6.191662788391113, 7786
6.197646379470825, 7785
6.202632188796997, 7784
6.208733081817627, 7783
6.211723804473877, 7782
6.21471643447876, 7781
6.216710567474365, 7780
6.218707323074341, 7779
6.223692178726196, 7778
6.2276833057403564, 7777
6.230675220489502, 7776
6.234664678573608, 7775
6.242660045623779, 7774
6.2476301193237305, 7773
6.250628232955933, 7772
6.257602214813232, 7771
6.2645885944366455, 7770
6.2735595703125, 7769
6.275552988052368, 7768
6.280543804168701, 7767
6.282534122467041, 7766
6.298497438430786, 7765
6.3004865646362305, 7764
6.308466196060181, 7763
6.311457633972168, 7762
6.324423789978027, 7761
6.326416969299316, 7760
6.333399057388306, 7759
6.341378211975098, 7758
6.345371961593628, 7757
6.351351976394653, 7756
6.360327959060669, 7755
6.372307300567627, 7754
6.383279085159302, 7753
6.391245365142822, 7752
6.394237995147705, 7751
6.400222063064575, 7750
6.408200263977051, 7749
6.41019606590271, 7748
6.423161745071411, 7747
6.430142641067505, 7746
6.440114498138428, 7745
6.444111108779907, 7744
6.447095155715942, 7743
6.458065986633301, 7742
6.465046644210815, 7741
6.476018190383911, 7740
6.482015132904053, 7739
6.494967222213745, 7738
6.500951290130615, 7737
6.511921167373657, 7736
6.513915538787842, 7735
6.516908407211304, 7734
6.5258848667144775, 7733
6.530871152877808, 7732
6.532865285873413, 7731
6.544835090637207, 7730
6.550817966461182, 7729
6.559794187545776, 7728
6.56278657913208, 7727
6.567771673202515, 7726
6.579739809036255, 7725
6.582731485366821, 7724
6.59968638420105, 7723
6.600684404373169, 7722
6.641587018966675, 7721
6.644566774368286, 7720
6.645564556121826, 7719
6.646562099456787, 7718
6.64755916595459, 7717
6.648556232452393, 7716
6.651547908782959, 7715
6.651547908782959, 7714
6.659665822982788, 7713
6.661520481109619, 7712
6.66251802444458, 7711
6.681469202041626, 7710
6.692439556121826, 7709
6.697425127029419, 7708
6.700418949127197, 7707
6.711388826370239, 7706
6.714381456375122, 7705
6.717370986938477, 7704
6.728344678878784, 7703
6.730337858200073, 7702
6.7333290576934814, 7701
6.744301795959473, 7700
6.7462944984436035, 7699
6.748288869857788, 7698
6.74928617477417, 7697
6.762253761291504, 7696
6.767237901687622, 7695
6.778211355209351, 7694
6.7812018394470215, 7693
6.784196376800537, 7692
6.795164346694946, 7691
6.810124397277832, 7690
6.815619707107544, 7689
6.828585386276245, 7688
6.841558933258057, 7687
6.846536636352539, 7686
6.848531246185303, 7685
6.850526571273804, 7684
6.860501050949097, 7683
6.864489316940308, 7682
6.867482423782349, 7681
6.879449844360352, 7680
6.882441997528076, 7679
6.8934125900268555, 7678
6.896403074264526, 7677
6.900393724441528, 7676
6.909369230270386, 7675
6.912360906600952, 7674
6.914355039596558, 7673
6.922335147857666, 7672
6.926323890686035, 7671
6.928318500518799, 7670
6.930312633514404, 7669
6.936298370361328, 7668
6.939289331436157, 7667
6.941283464431763, 7666
6.945273399353027, 7665
6.95125675201416, 7664
6.955246448516846, 7663
6.95724081993103, 7662
6.960232257843018, 7661
6.96422266960144, 7660
6.967215299606323, 7659
6.97020959854126, 7658
6.972201108932495, 7657
6.9761903285980225, 7656
6.979183673858643, 7655
6.982175350189209, 7654
6.98915696144104, 7653
7.007108926773071, 7652
7.008105516433716, 7651
7.011099576950073, 7650
7.013636350631714, 7649
7.016628265380859, 7648
7.033581972122192, 7647
7.034581899642944, 7646
7.035576820373535, 7645
7.0385682582855225, 7644
7.041560649871826, 7643
7.043555736541748, 7642
7.045548915863037, 7641
7.048541307449341, 7640
7.049538612365723, 7639
7.051537990570068, 7638
7.054525852203369, 7637
7.059513330459595, 7636
7.0714802742004395, 7635
7.072477340698242, 7634
7.07347559928894, 7633
7.07646632194519, 7632
7.078461170196533, 7631
7.084447145462036, 7630
7.085444450378418, 7629
7.088434457778931, 7628
7.089433193206787, 7627
7.091428279876709, 7626
7.094418287277222, 7625
7.097413778305054, 7624
7.099405765533447, 7623
7.101400136947632, 7622
7.105388641357422, 7621
7.10738468170166, 7620
7.109378814697266, 7619
7.109378814697266, 7618
7.110376358032227, 7617
7.11137318611145, 7616
7.11237096786499, 7615
7.113368272781372, 7614
7.115362882614136, 7613
7.117359161376953, 7612
7.120349645614624, 7611
7.123348236083984, 7610
7.126333475112915, 7609
7.1283278465271, 7608
7.1303229331970215, 7607
7.132317066192627, 7606
7.134313344955444, 7605
7.135308742523193, 7604
7.138301610946655, 7603
7.1402952671051025, 7602
7.142290353775024, 7601
7.145287275314331, 7600
7.147277355194092, 7599
7.149271488189697, 7598
7.150271415710449, 7597
7.1512672901153564, 7596
7.153264284133911, 7595
7.154258489608765, 7594
7.156253099441528, 7593
7.159245491027832, 7592
7.16024374961853, 7591
7.161240816116333, 7590
7.1622374057769775, 7589
7.163235902786255, 7588
7.166227102279663, 7587
7.168222188949585, 7586
7.170216798782349, 7585
7.17121434211731, 7584
7.172210454940796, 7583
7.175204277038574, 7582
7.179192543029785, 7581
7.182184219360352, 7580
7.184182643890381, 7579
7.186173439025879, 7578
7.188167572021484, 7577
7.19115948677063, 7576
7.1931540966033936, 7575
7.196146488189697, 7574
7.198143005371094, 7573
7.199140548706055, 7572
7.200136423110962, 7571
7.202130317687988, 7570
7.204125642776489, 7569
7.205124139785767, 7568
7.206120491027832, 7567
7.207117795944214, 7566
7.208114862442017, 7565
7.209112644195557, 7564
7.2101099491119385, 7563
7.211106777191162, 7562
7.2121052742004395, 7561
7.215097904205322, 7560
7.216094255447388, 7559
7.217090845108032, 7558
7.218088626861572, 7557
7.221081733703613, 7556
7.223076343536377, 7555
7.225070238113403, 7554
7.227064371109009, 7553
7.22806191444397, 7552
7.229060411453247, 7551
7.2300567626953125, 7550
7.231054067611694, 7549
7.2330482006073, 7548
7.239032983779907, 7547
7.242024898529053, 7546
7.2450172901153564, 7545
7.2470104694366455, 7544
7.248007535934448, 7543
7.2490081787109375, 7542
7.251000165939331, 7541
7.251000165939331, 7540
7.252995491027832, 7539
7.254990100860596, 7538
7.255986928939819, 7537
7.256985187530518, 7536
7.257982015609741, 7535
7.258979320526123, 7534
7.260973691940308, 7533
7.2619709968566895, 7532
7.264965057373047, 7531
7.265960931777954, 7530
7.2669572830200195, 7529
7.267954349517822, 7528
7.271945238113403, 7527
7.27393913269043, 7526
7.274936676025391, 7525
7.276930809020996, 7524
7.27792763710022, 7523
7.278926134109497, 7522
7.279923677444458, 7521
7.280919790267944, 7520
7.281916856765747, 7519
7.283911943435669, 7518
7.285908937454224, 7517
7.290894269943237, 7516
7.29288911819458, 7515
7.294883728027344, 7514
7.295880317687988, 7513
7.296877861022949, 7512
7.298872470855713, 7511
7.2998692989349365, 7510
7.3028624057769775, 7509
7.305853366851807, 7508
7.306851387023926, 7507
7.308859348297119, 7506
7.310840129852295, 7505
7.311837911605835, 7504
7.313832998275757, 7503
7.315828084945679, 7502
7.317821502685547, 7501
7.319816827774048, 7500
7.325802564620972, 7499
7.327794790267944, 7498
7.328791856765747, 7497
7.329789161682129, 7496
7.330786466598511, 7495
7.331785202026367, 7494
7.333778381347656, 7493
7.334775686264038, 7492
7.338769197463989, 7491
7.341758489608765, 7490
7.34275484085083, 7489
7.343751668930054, 7488
7.344749212265015, 7487
7.346744775772095, 7486
7.34774112701416, 7485
7.349735736846924, 7484
7.350733041763306, 7483
7.35572075843811, 7482
7.3577141761779785, 7481
7.358712434768677, 7480
7.360706806182861, 7479
7.362702131271362, 7478
7.364697456359863, 7477
7.366692066192627, 7476
7.366692066192627, 7475
7.3766655921936035, 7474
7.378662347793579, 7473
7.380654811859131, 7472
7.38264799118042, 7471
7.3846435546875, 7470
7.387637376785278, 7469
7.389630079269409, 7468
7.392622232437134, 7467
7.393619775772095, 7466
7.394615650177002, 7465
7.395612955093384, 7464
7.397607326507568, 7463
7.398606538772583, 7462
7.400599956512451, 7461
7.402595281600952, 7460
7.4105730056762695, 7459
7.41456413269043, 7458
7.415560960769653, 7457
7.41655707359314, 7456
7.417554140090942, 7455
7.419550657272339, 7454
7.4225428104400635, 7453
7.425534009933472, 7452
7.426530361175537, 7451
7.431518077850342, 7450
7.432514190673828, 7449
7.433512449264526, 7448
7.434510231018066, 7447
7.436506032943726, 7446
7.438502550125122, 7445
7.44049334526062, 7444
7.441490173339844, 7443
7.442487716674805, 7442
7.449469327926636, 7441
7.457449197769165, 7440
7.4614386558532715, 7439
7.470413684844971, 7438
7.475400447845459, 7437
7.4783923625946045, 7436
7.4833784103393555, 7435
7.484375476837158, 7434
7.48736834526062, 7433
7.4893622398376465, 7432
7.491357326507568, 7431
7.492354154586792, 7430
7.494348764419556, 7429
7.495346784591675, 7428
7.4993367195129395, 7427
7.500333309173584, 7426
7.501330375671387, 7425
7.505319833755493, 7424
7.507314443588257, 7423
7.5093092918396, 7422
7.5113043785095215, 7421
7.51329779624939, 7420
7.514295816421509, 7419
7.5152928829193115, 7418
7.516290187835693, 7417
7.519282817840576, 7416
7.521280765533447, 7415
7.523274898529053, 7414
7.528258800506592, 7413
7.5322487354278564, 7412
7.536238431930542, 7411
7.538232326507568, 7410
7.5422210693359375, 7409
7.545213460922241, 7408
7.547207355499268, 7407
7.549203157424927, 7406
7.55019998550415, 7405
7.553191900253296, 7404
7.555187463760376, 7403
7.5561842918396, 7402
7.558178663253784, 7401
7.559176206588745, 7400
7.561170816421509, 7399
7.562167167663574, 7398
7.565159797668457, 7397
7.5681517124176025, 7396
7.571143865585327, 7395
7.574135780334473, 7394
7.575132846832275, 7393
7.576130151748657, 7392
7.58012056350708, 7391
7.582114934921265, 7390
7.5851075649261475, 7389
7.587101459503174, 7388
7.590092658996582, 7387
7.593085050582886, 7386
7.595079660415649, 7385
7.60006856918335, 7384
7.602060794830322, 7383
7.604056358337402, 7382
7.606050968170166, 7381
7.608045816421509, 7380
7.6090428829193115, 7379
7.610039949417114, 7378
7.611037969589233, 7377
7.61502742767334, 7376
7.617021322250366, 7375
7.619016408920288, 7374
7.621011018753052, 7373
7.623005151748657, 7372
7.624003171920776, 7371
7.625, 7370
7.62599778175354, 7369
7.627992630004883, 7368
7.630983352661133, 7367
7.633976697921753, 7366
7.637966871261597, 7365
7.640956878662109, 7364
7.644947052001953, 7363
7.647938251495361, 7362
7.651928186416626, 7361
7.655917167663574, 7360
7.660904407501221, 7359
7.66489315032959, 7358
7.668883562088013, 7357
7.673869848251343, 7356
7.676860809326172, 7355
7.6828460693359375, 7354
7.688830375671387, 7353
7.6938157081604, 7352
7.697805881500244, 7351
7.702813386917114, 7350
7.70678186416626, 7349
7.709773063659668, 7348
7.7137627601623535, 7347
7.717785120010376, 7346
7.72273850440979, 7345
7.726758241653442, 7344
7.73075008392334, 7343
7.73370885848999, 7342
7.737733840942383, 7341
7.741720676422119, 7340
7.744681119918823, 7339
7.7486701011657715, 7338
7.75265908241272, 7337
7.756680011749268, 7336
7.760669708251953, 7335
7.763630628585815, 7334
7.767650365829468, 7333
7.7726051807403564, 7332
7.775596857070923, 7331
7.779587268829346, 7330
7.814495086669922, 7329
7.8234703540802, 7328
7.824473142623901, 7327
7.825465202331543, 7326
7.826462984085083, 7325
7.828462362289429, 7324
7.830451011657715, 7323
7.832446575164795, 7322
7.834473371505737, 7321
7.83543848991394, 7320
7.837433338165283, 7319
7.840423583984375, 7318
7.841421365737915, 7317
7.842418432235718, 7316
7.844413995742798, 7315
7.845410346984863, 7314
7.846407413482666, 7313
7.847404718399048, 7312
7.84840202331543, 7311
7.849399566650391, 7310
7.853390455245972, 7309
7.857391119003296, 7308
7.859373331069946, 7307
7.860371112823486, 7306
7.861400604248047, 7305
7.862394571304321, 7304
7.864360570907593, 7303
7.865391492843628, 7302
7.866387128829956, 7301
7.86738657951355, 7300
7.869348049163818, 7299
7.871342658996582, 7298
7.876330614089966, 7297
7.878322124481201, 7296
7.879319190979004, 7295
7.880316734313965, 7294
7.881314039230347, 7293
7.8833091259002686, 7292
7.884307146072388, 7291
7.886302709579468, 7290
7.8872997760772705, 7289
7.892355680465698, 7288
7.894310474395752, 7287
7.8953094482421875, 7286
7.896306753158569, 7285
7.897305965423584, 7284
7.898301362991333, 7283
7.900264501571655, 7282
7.901293039321899, 7281
7.903257131576538, 7280
7.906251430511475, 7279
7.910247325897217, 7278
7.911266326904297, 7277
7.912264347076416, 7276
7.91326379776001, 7275
7.914227247238159, 7274
7.915224313735962, 7273
7.916254281997681, 7272
7.919214963912964, 7271
7.922205924987793, 7270
7.927198171615601, 7269
7.9281909465789795, 7268
7.930185317993164, 7267
7.932179689407349, 7266
7.93317723274231, 7265
7.935171842575073, 7264
7.937166213989258, 7263
7.938162088394165, 7262
7.940156698226929, 7261
7.94414758682251, 7260
7.945146083831787, 7259
7.947142124176025, 7258
7.948135137557983, 7257
7.949134588241577, 7256
7.950132131576538, 7255
7.953123331069946, 7254
7.95412278175354, 7253
7.956116437911987, 7252
7.961139917373657, 7251
7.963096380233765, 7250
7.966087579727173, 7249
7.967084646224976, 7248
7.992018699645996, 7247
7.994015693664551, 7246
7.995013475418091, 7245
7.996008634567261, 7244
7.997004985809326, 7243
7.999996900558472, 7242
8.001993179321289, 7241
8.003987073898315, 7240
8.005981683731079, 7239
8.007975816726685, 7238
8.010967493057251, 7237
8.012962341308594, 7236
8.015954732894897, 7235
8.020941257476807, 7234
8.021938562393188, 7233
8.022935390472412, 7232
8.023934364318848, 7231
8.026926517486572, 7230
8.028923034667969, 7229
8.028923034667969, 7228
8.029917001724243, 7227
8.030914306640625, 7226
8.031911849975586, 7225
8.032908916473389, 7224
8.03390645980835, 7223
8.034903526306152, 7222
8.036898612976074, 7221
8.03889274597168, 7220
8.040887832641602, 7219
8.043881177902222, 7218
8.04587459564209, 7217
8.047869205474854, 7216
8.050861358642578, 7215
8.052856206893921, 7214
8.055847883224487, 7213
8.056846618652344, 7212
8.057844161987305, 7211
8.058841705322266, 7210
8.059838056564331, 7209
8.060835361480713, 7208
8.061833143234253, 7207
8.062830686569214, 7206
8.06382703781128, 7205
8.064824104309082, 7204
8.066819429397583, 7203
8.069811344146729, 7202
8.071805000305176, 7201
8.073800802230835, 7200
8.074798583984375, 7199
8.075795888900757, 7198
8.076793193817139, 7197
8.077789306640625, 7196
8.078786611557007, 7195
8.07978367805481, 7194
8.08078145980835, 7193
8.08177900314331, 7192
8.082775831222534, 7191
8.083772659301758, 7190
8.085769414901733, 7189
8.086766004562378, 7188
8.087763786315918, 7187
8.089758157730103, 7186
8.091753721237183, 7185
8.092751502990723, 7184
8.093747615814209, 7183
8.094744682312012, 7182
8.09574294090271, 7181
8.098734617233276, 7180
8.099730968475342, 7179
8.100727558135986, 7178
8.101724624633789, 7177
8.1047203540802, 7176
8.107710123062134, 7175
8.109705448150635, 7174
8.111699104309082, 7173
8.131646156311035, 7172
8.134639501571655, 7171
8.138627290725708, 7170
8.139624834060669, 7169
8.142615795135498, 7168
8.1436128616333, 7167
8.144611358642578, 7166
8.145607709884644, 7165
8.148599624633789, 7164
8.149597883224487, 7163
8.150593996047974, 7162
8.152590036392212, 7161
8.154585123062134, 7160
8.157575845718384, 7159
8.158576250076294, 7158
8.159573793411255, 7157
8.16056752204895, 7156
8.161564588546753, 7155
8.166552543640137, 7154
8.16754961013794, 7153
8.17157506942749, 7152
8.172538042068481, 7151
8.174532890319824, 7150
8.175528287887573, 7149
8.176524639129639, 7148
8.17752194404602, 7147
8.17851972579956, 7146
8.182509422302246, 7145
8.183506488800049, 7144
8.184504747390747, 7143
8.191486120223999, 7142
8.192482471466064, 7141
8.193479537963867, 7140
8.200461387634277, 7139
8.207441806793213, 7138
8.20844316482544, 7137
8.209436655044556, 7136
8.21043586730957, 7135
8.211432218551636, 7134
8.212429285049438, 7133
8.216420650482178, 7132
8.217415571212769, 7131
8.220410346984863, 7130
8.222403526306152, 7129
8.224396705627441, 7128
8.22539496421814, 7127
8.226392030715942, 7126
8.227389574050903, 7125
8.228386402130127, 7124
8.229383945465088, 7123
8.232402801513672, 7122
8.234371185302734, 7121
8.234371185302734, 7120
8.238361358642578, 7119
8.239356517791748, 7118
8.239356517791748, 7117
8.24135136604309, 7116
8.243346452713013, 7115
8.245340824127197, 7114
8.250328779220581, 7113
8.251325130462646, 7112
8.254318237304688, 7111
8.25531530380249, 7110
8.256312370300293, 7109
8.257309198379517, 7108
8.258305788040161, 7107
8.258305788040161, 7106
8.260300397872925, 7105
8.260300397872925, 7104
8.261297941207886, 7103
8.262295246124268, 7102
8.263293027877808, 7101
8.268280982971191, 7100
8.271272659301758, 7099
8.272270202636719, 7098
8.273268461227417, 7097
8.274264335632324, 7096
8.275261402130127, 7095
8.27625823020935, 7094
8.277255296707153, 7093
8.278253555297852, 7092
8.279249906539917, 7091
8.280247211456299, 7090
8.284238576889038, 7089
8.288227081298828, 7088
8.28922438621521, 7087
8.290221691131592, 7086
8.291218280792236, 7085
8.292216539382935, 7084
8.293213367462158, 7083
8.29421091079712, 7082
8.295207023620605, 7081
8.296204566955566, 7080
8.297201871871948, 7079
8.298202753067017, 7078
8.303187370300293, 7077
8.305181741714478, 7076
8.306178569793701, 7075
8.307175874710083, 7074
8.307175874710083, 7073
8.308173179626465, 7072
8.31016755104065, 7071
8.311168193817139, 7070
8.31217074394226, 7069
8.313159465789795, 7068
8.317174911499023, 7067
8.32213544845581, 7066
8.326151371002197, 7065
8.32811975479126, 7064
8.329116582870483, 7063
8.329116582870483, 7062
8.331111907958984, 7061
8.331111907958984, 7060
8.332108736038208, 7059
8.334104537963867, 7058
8.335100412368774, 7057
8.339092254638672, 7056
8.340087652206421, 7055
8.341085195541382, 7054
8.342082023620605, 7053
8.343079090118408, 7052
8.344077348709106, 7051
8.345073461532593, 7050
8.346071243286133, 7049
8.347068786621094, 7048
8.348066091537476, 7047
8.349063873291016, 7046
8.350061178207397, 7045
8.351057291030884, 7044
8.355058908462524, 7043
8.356046438217163, 7042
8.35704255104065, 7041
8.358039140701294, 7040
8.359036445617676, 7039
8.360033988952637, 7038
8.36103105545044, 7037
8.36211895942688, 7036
8.36262845993042, 7035
8.364620447158813, 7034
8.3656165599823, 7033
8.366613626480103, 7032
8.367611169815063, 7031
8.368608474731445, 7030
8.37071681022644, 7029
8.371732711791992, 7028
8.373708248138428, 7027
8.374704837799072, 7026
8.375702142715454, 7025
8.377785205841064, 7024
8.378783226013184, 7023
8.379781007766724, 7022
8.382772207260132, 7021
8.463900804519653, 7020
8.472031116485596, 7019
8.472031116485596, 7018
8.497863292694092, 7017
8.497863292694092, 7016
8.505944013595581, 7015
8.5099356174469, 7014
8.510963439941406, 7013
8.532706022262573, 7012
8.544676542282104, 7011
8.624162673950195, 7010
8.646104335784912, 7009
8.657074928283691, 7008
8.711930513381958, 7007
8.988922595977783, 7006
8.989917755126953, 7005
9.43753170967102, 7004
9.440523147583008, 7003
9.446506977081299, 7002
9.459472417831421, 7001
9.757944583892822, 7000
9.793848037719727, 6999
10.122968196868896, 6998
10.136245489120483, 6997
10.430463790893555, 6996
10.501795768737793, 6995
10.58175253868103, 6994
10.697441339492798, 6993
10.707416772842407, 6992
10.716390132904053, 6991
10.722375392913818, 6990
10.72835898399353, 6989
10.741324663162231, 6988
10.780315637588501, 6987
10.781312465667725, 6986
10.790287971496582, 6985
10.796272039413452, 6984
10.797269105911255, 6983
10.801259517669678, 6982
10.848332405090332, 6981
10.989145040512085, 6980
11.434861898422241, 6979
11.480568885803223, 6978
11.568694114685059, 6977
11.574790954589844, 6976
11.576785802841187, 6975
11.57878065109253, 6974
11.816306591033936, 6973
11.82528042793274, 6972
12.425590515136719, 6971
12.6003577709198, 6970
12.616347551345825, 6969
12.64623498916626, 6968
12.648229122161865, 6967
12.673164129257202, 6966
12.801559209823608, 6965
12.99056625366211, 6964
13.056419372558594, 6963
13.186798810958862, 6962
13.503764629364014, 6961
13.554617643356323, 6960
