0.2928168773651123, 6805
0.2928168773651123, 6804
0.2928168773651123, 6803
0.2928168773651123, 6802
0.2928168773651123, 6801
0.2928168773651123, 6800
0.2928168773651123, 6799
0.2928168773651123, 6798
0.2928168773651123, 6797
0.2928168773651123, 6796
0.2928168773651123, 6795
0.2928168773651123, 6794
0.2928168773651123, 6793
0.2928168773651123, 6792
0.2928168773651123, 6791
0.3008720874786377, 6790
0.3008720874786377, 6789
0.3008720874786377, 6788
0.3008720874786377, 6787
0.30291199684143066, 6786
0.30291199684143066, 6785
0.30291199684143066, 6784
0.30291199684143066, 6783
0.30291199684143066, 6782
0.30291199684143066, 6781
0.30291199684143066, 6780
0.30291199684143066, 6779
0.30291199684143066, 6778
0.30291199684143066, 6777
0.30291199684143066, 6776
0.30291199684143066, 6775
0.30291199684143066, 6774
0.30291199684143066, 6773
0.30291199684143066, 6772
0.30291199684143066, 6771
0.30291199684143066, 6770
0.30291199684143066, 6769
0.30291199684143066, 6768
0.310945987701416, 6767
0.3109579086303711, 6766
0.3109579086303711, 6765
0.3109579086303711, 6764
0.3109579086303711, 6763
0.3109579086303711, 6762
0.31299686431884766, 6761
0.31299686431884766, 6760
0.31299686431884766, 6759
0.31299686431884766, 6758
0.31299686431884766, 6757
0.31299686431884766, 6756
0.31299686431884766, 6755
0.31299686431884766, 6754
0.31299686431884766, 6753
0.31299686431884766, 6752
0.31299686431884766, 6751
0.31299686431884766, 6750
0.31299686431884766, 6749
0.31299686431884766, 6748
0.31299686431884766, 6747
0.31299686431884766, 6746
0.3210570812225342, 6745
0.3210570812225342, 6744
0.3210570812225342, 6743
0.3210570812225342, 6742
0.32309937477111816, 6741
0.32309937477111816, 6740
0.32309937477111816, 6739
0.32309937477111816, 6738
0.32309937477111816, 6737
0.32309937477111816, 6736
0.32309937477111816, 6735
0.32309937477111816, 6734
0.32309937477111816, 6733
0.32309937477111816, 6732
0.32309937477111816, 6731
0.32309937477111816, 6730
0.32309937477111816, 6729
0.32309937477111816, 6728
0.32309937477111816, 6727
0.33113884925842285, 6726
0.33113884925842285, 6725
0.33113884925842285, 6724
0.33113884925842285, 6723
0.3331780433654785, 6722
0.3331780433654785, 6721
0.3331780433654785, 6720
0.3331780433654785, 6719
0.3331780433654785, 6718
0.3331780433654785, 6717
0.3331780433654785, 6716
0.3331780433654785, 6715
0.3331780433654785, 6714
0.3331780433654785, 6713
0.3331780433654785, 6712
0.3331780433654785, 6711
0.3331780433654785, 6710
0.3331780433654785, 6709
0.3331780433654785, 6708
0.3331780433654785, 6707
0.3331780433654785, 6706
0.3331780433654785, 6705
0.3412339687347412, 6704
0.3412339687347412, 6703
0.3432738780975342, 6702
0.3432738780975342, 6701
0.3432738780975342, 6700
0.3432738780975342, 6699
0.3432738780975342, 6698
0.3432738780975342, 6697
0.3432738780975342, 6696
0.3432738780975342, 6695
0.3432738780975342, 6694
0.3432738780975342, 6693
0.3432738780975342, 6692
0.3432738780975342, 6691
0.3432738780975342, 6690
0.3432738780975342, 6689
0.35131335258483887, 6688
0.35131335258483887, 6687
0.35131335258483887, 6686
0.35131335258483887, 6685
0.3533496856689453, 6684
0.3533496856689453, 6683
0.3533496856689453, 6682
0.3533496856689453, 6681
0.3533496856689453, 6680
0.3533496856689453, 6679
0.3533496856689453, 6678
0.3533496856689453, 6677
0.3533496856689453, 6676
0.3533496856689453, 6675
0.3533496856689453, 6674
0.3533496856689453, 6673
0.3533496856689453, 6672
0.3533496856689453, 6671
0.3533496856689453, 6670
0.3533496856689453, 6669
0.3533496856689453, 6668
0.3533496856689453, 6667
0.36139774322509766, 6666
0.36139774322509766, 6665
0.36139774322509766, 6664
0.36344385147094727, 6663
0.36344385147094727, 6662
0.36344385147094727, 6661
0.36344385147094727, 6660
0.36344385147094727, 6659
0.36344385147094727, 6658
0.36344385147094727, 6657
0.36344385147094727, 6656
0.36344385147094727, 6655
0.36344385147094727, 6654
0.36344385147094727, 6653
0.36344385147094727, 6652
0.36344385147094727, 6651
0.36344385147094727, 6650
0.36344385147094727, 6649
0.36344385147094727, 6648
0.3715026378631592, 6647
0.3715026378631592, 6646
0.37354278564453125, 6645
0.37354278564453125, 6644
0.37354278564453125, 6643
0.37354278564453125, 6642
0.37354278564453125, 6641
0.37354278564453125, 6640
0.37354278564453125, 6639
0.37354278564453125, 6638
0.37354278564453125, 6637
0.37354278564453125, 6636
0.37354278564453125, 6635
0.37354278564453125, 6634
0.37354278564453125, 6633
0.37354278564453125, 6632
0.37354278564453125, 6631
0.37354278564453125, 6630
0.37354278564453125, 6629
0.3815901279449463, 6628
0.3815901279449463, 6627
0.3815901279449463, 6626
0.3836328983306885, 6625
0.3836328983306885, 6624
0.3836328983306885, 6623
0.3836328983306885, 6622
0.3836328983306885, 6621
0.3836328983306885, 6620
0.3836328983306885, 6619
0.3836328983306885, 6618
0.3836328983306885, 6617
0.3836328983306885, 6616
0.3836328983306885, 6615
0.3836328983306885, 6614
0.3836328983306885, 6613
0.3836328983306885, 6612
0.3836328983306885, 6611
0.3916783332824707, 6610
0.3916783332824707, 6609
0.3916783332824707, 6608
0.3937227725982666, 6607
0.3937227725982666, 6606
0.3937227725982666, 6605
0.3937227725982666, 6604
0.3937227725982666, 6603
0.3937227725982666, 6602
0.3937227725982666, 6601
0.3937227725982666, 6600
0.3937227725982666, 6599
0.3937227725982666, 6598
0.3937227725982666, 6597
19.476009368896484, 6596
19.476009368896484, 6595
19.486093759536743, 6594
19.667651891708374, 6593
19.677736520767212, 6592
19.677736520767212, 6591
19.677736520767212, 6590
19.677736520767212, 6589
19.677736520767212, 6588
19.677736520767212, 6587
19.778635501861572, 6586
20.192496061325073, 6585
20.192496061325073, 6584
20.20054578781128, 6583
20.20054578781128, 6582
20.202589750289917, 6581
20.202589750289917, 6580
20.21265149116516, 6579
20.21265149116516, 6578
20.21265149116516, 6577
20.21265149116516, 6576
20.220699071884155, 6575
20.222740173339844, 6574
20.230761766433716, 6573
20.2328097820282, 6572
20.2328097820282, 6571
20.2328097820282, 6570
20.2328097820282, 6569
20.240854024887085, 6568
20.240854024887085, 6567
20.242899179458618, 6566
20.242899179458618, 6565
20.242899179458618, 6564
20.242899179458618, 6563
20.242899179458618, 6562
20.242899179458618, 6561
20.242899179458618, 6560
20.242899179458618, 6559
20.250930070877075, 6558
20.250930070877075, 6557
20.25297474861145, 6556
20.25297474861145, 6555
20.25297474861145, 6554
20.25297474861145, 6553
20.25297474861145, 6552
20.25297474861145, 6551
20.25297474861145, 6550
20.26102304458618, 6549
20.26102304458618, 6548
20.263070821762085, 6547
20.263070821762085, 6546
20.263070821762085, 6545
20.2710919380188, 6544
20.2710919380188, 6543
20.2710919380188, 6542
20.27314567565918, 6541
20.27314567565918, 6540
20.27314567565918, 6539
20.27314567565918, 6538
20.27314567565918, 6537
20.27314567565918, 6536
20.27314567565918, 6535
20.27314567565918, 6534
20.27314567565918, 6533
20.281195640563965, 6532
20.283241510391235, 6531
20.291260957717896, 6530
20.293309926986694, 6529
20.293309926986694, 6528
20.293309926986694, 6527
20.303402185440063, 6526
20.303402185440063, 6525
20.303402185440063, 6524
20.311423301696777, 6523
20.31346869468689, 6522
20.31346869468689, 6521
20.31346869468689, 6520
20.321519136428833, 6519
20.32356071472168, 6518
20.32356071472168, 6517
20.32356071472168, 6516
20.33365535736084, 6515
20.33365535736084, 6514
20.33365535736084, 6513
20.33365535736084, 6512
20.33365535736084, 6511
20.33365535736084, 6510
20.33365535736084, 6509
20.33365535736084, 6508
20.33365535736084, 6507
20.33365535736084, 6506
20.33365535736084, 6505
20.33365535736084, 6504
20.343745470046997, 6503
20.343745470046997, 6502
20.343745470046997, 6501
20.343745470046997, 6500
20.343745470046997, 6499
20.343745470046997, 6498
20.343745470046997, 6497
20.343745470046997, 6496
20.343745470046997, 6495
20.343745470046997, 6494
20.343745470046997, 6493
20.35180926322937, 6492
20.35180926322937, 6491
20.35180926322937, 6490
20.35180926322937, 6489
20.35385012626648, 6488
20.35385012626648, 6487
20.35385012626648, 6486
20.35385012626648, 6485
20.35385012626648, 6484
20.35385012626648, 6483
20.35385012626648, 6482
20.35385012626648, 6481
20.361892700195312, 6480
20.361892700195312, 6479
20.363901376724243, 6478
20.363901376724243, 6477
20.363901376724243, 6476
20.363901376724243, 6475
20.37195086479187, 6474
20.37195086479187, 6473
20.37195086479187, 6472
20.37195086479187, 6471
20.373993635177612, 6470
20.373993635177612, 6469
20.373993635177612, 6468
20.373993635177612, 6467
20.373993635177612, 6466
20.373993635177612, 6465
20.373993635177612, 6464
20.382039070129395, 6463
20.38407874107361, 6462
20.39212679862976, 6461
20.39212679862976, 6460
20.39416790008545, 6459
20.39416790008545, 6458
20.39416790008545, 6457
20.39416790008545, 6456
20.404256582260132, 6455
20.404256582260132, 6454
20.404256582260132, 6453
20.404256582260132, 6452
20.404256582260132, 6451
20.404256582260132, 6450
20.404256582260132, 6449
20.404256582260132, 6448
20.404256582260132, 6447
20.404256582260132, 6446
20.404256582260132, 6445
20.404256582260132, 6444
20.404256582260132, 6443
20.404256582260132, 6442
20.404256582260132, 6441
20.412309408187866, 6440
20.412309408187866, 6439
20.412309408187866, 6438
20.414350748062134, 6437
20.414350748062134, 6436
20.414350748062134, 6435
20.414350748062134, 6434
20.414350748062134, 6433
20.414350748062134, 6432
20.414350748062134, 6431
20.414350748062134, 6430
20.414350748062134, 6429
20.414350748062134, 6428
20.424436569213867, 6427
20.424436569213867, 6426
20.424436569213867, 6425
20.432490587234497, 6424
20.434535026550293, 6423
20.434535026550293, 6422
20.434535026550293, 6421
20.444616556167603, 6420
20.444616556167603, 6419
20.462743520736694, 6418
20.464787483215332, 6417
20.464787483215332, 6416
20.47482395172119, 6415
20.47482395172119, 6414
20.47482395172119, 6413
20.482869148254395, 6412
20.482869148254395, 6411
20.482869148254395, 6410
20.492886781692505, 6409
20.494927883148193, 6408
20.494927883148193, 6407
20.502973079681396, 6406
20.50501298904419, 6405
20.50501298904419, 6404
20.51572275161743, 6403
20.51572275161743, 6402
20.51572275161743, 6401
20.51572275161743, 6400
20.51572275161743, 6399
20.51572275161743, 6398
20.52373766899109, 6397
20.52373766899109, 6396
20.52373766899109, 6395
20.52373766899109, 6394
20.52574610710144, 6393
20.52574610710144, 6392
20.52574610710144, 6391
20.52574610710144, 6390
20.52574610710144, 6389
20.533777952194214, 6388
20.535786390304565, 6387
20.54579520225525, 6386
20.54579520225525, 6385
20.54579520225525, 6384
20.54579520225525, 6383
20.54579520225525, 6382
20.54579520225525, 6381
20.54579520225525, 6380
20.55381202697754, 6379
20.55381202697754, 6378
20.555821895599365, 6377
20.555821895599365, 6376
20.555821895599365, 6375
20.555821895599365, 6374
20.555821895599365, 6373
20.555821895599365, 6372
20.555821895599365, 6371
20.555821895599365, 6370
20.555821895599365, 6369
20.555821895599365, 6368
20.555821895599365, 6367
20.555821895599365, 6366
20.555821895599365, 6365
20.555821895599365, 6364
20.563830137252808, 6363
20.563830137252808, 6362
20.563830137252808, 6361
20.565834283828735, 6360
20.565834283828735, 6359
20.565834283828735, 6358
20.565834283828735, 6357
20.565834283828735, 6356
20.565834283828735, 6355
20.573845624923706, 6354
20.575892448425293, 6353
20.575892448425293, 6352
20.575892448425293, 6351
20.575892448425293, 6350
20.575892448425293, 6349
20.575892448425293, 6348
20.575892448425293, 6347
20.575892448425293, 6346
20.575892448425293, 6345
20.575892448425293, 6344
20.575892448425293, 6343
20.583934783935547, 6342
20.583934783935547, 6341
20.583934783935547, 6340
20.583934783935547, 6339
20.583934783935547, 6338
20.585976362228394, 6337
20.585976362228394, 6336
20.585976362228394, 6335
20.585976362228394, 6334
20.585976362228394, 6333
20.585976362228394, 6332
20.585976362228394, 6331
20.585976362228394, 6330
20.585976362228394, 6329
20.585976362228394, 6328
20.594024181365967, 6327
20.59606432914734, 6326
20.59606432914734, 6325
20.59606432914734, 6324
20.59606432914734, 6323
20.59606432914734, 6322
20.59606432914734, 6321
20.59606432914734, 6320
20.59606432914734, 6319
20.59606432914734, 6318
20.59606432914734, 6317
20.60410714149475, 6316
20.60410714149475, 6315
20.60410714149475, 6314
20.60410714149475, 6313
20.60410714149475, 6312
20.606143712997437, 6311
20.614206790924072, 6310
20.614206790924072, 6309
20.614206790924072, 6308
20.61625027656555, 6307
20.61625027656555, 6306
20.61625027656555, 6305
20.61625027656555, 6304
20.61625027656555, 6303
20.61625027656555, 6302
20.61625027656555, 6301
20.61625027656555, 6300
20.61625027656555, 6299
20.61625027656555, 6298
20.61625027656555, 6297
20.624289989471436, 6296
20.624289989471436, 6295
20.624289989471436, 6294
20.624289989471436, 6293
20.624289989471436, 6292
20.624289989471436, 6291
20.62632966041565, 6290
20.62632966041565, 6289
20.62632966041565, 6288
20.62632966041565, 6287
20.62632966041565, 6286
20.62632966041565, 6285
20.62632966041565, 6284
20.62632966041565, 6283
20.62632966041565, 6282
20.62632966041565, 6281
20.62632966041565, 6280
20.62632966041565, 6279
20.62632966041565, 6278
20.62632966041565, 6277
20.634397983551025, 6276
20.634397983551025, 6275
20.634397983551025, 6274
20.636451959609985, 6273
20.636451959609985, 6272
20.636451959609985, 6271
20.636451959609985, 6270
20.636451959609985, 6269
20.636451959609985, 6268
20.636451959609985, 6267
20.636451959609985, 6266
20.636451959609985, 6265
20.636451959609985, 6264
20.636451959609985, 6263
20.636451959609985, 6262
20.636451959609985, 6261
20.636451959609985, 6260
20.636451959609985, 6259
20.636451959609985, 6258
20.636451959609985, 6257
20.636451959609985, 6256
20.646535873413086, 6255
20.646535873413086, 6254
20.646535873413086, 6253
20.646535873413086, 6252
20.646535873413086, 6251
20.646535873413086, 6250
20.646535873413086, 6249
20.646535873413086, 6248
20.646535873413086, 6247
20.646535873413086, 6246
20.646535873413086, 6245
20.646535873413086, 6244
20.65699863433838, 6243
20.65699863433838, 6242
20.65699863433838, 6241
20.65699863433838, 6240
20.65699863433838, 6239
20.65699863433838, 6238
20.65699863433838, 6237
20.65699863433838, 6236
20.65699863433838, 6235
20.65699863433838, 6234
20.65699863433838, 6233
20.65699863433838, 6232
20.65699863433838, 6231
20.65699863433838, 6230
20.65699863433838, 6229
20.65699863433838, 6228
20.65699863433838, 6227
20.65699863433838, 6226
20.665043354034424, 6225
20.667083263397217, 6224
20.667083263397217, 6223
20.667083263397217, 6222
20.667083263397217, 6221
20.667083263397217, 6220
20.667083263397217, 6219
20.667083263397217, 6218
20.667083263397217, 6217
20.667083263397217, 6216
20.677157163619995, 6215
20.677157163619995, 6214
20.677157163619995, 6213
20.677157163619995, 6212
20.677157163619995, 6211
20.677157163619995, 6210
20.677157163619995, 6209
20.677157163619995, 6208
20.677157163619995, 6207
20.677157163619995, 6206
20.677157163619995, 6205
20.685203313827515, 6204
20.685203313827515, 6203
20.685203313827515, 6202
20.685203313827515, 6201
20.68724250793457, 6200
20.68724250793457, 6199
20.68724250793457, 6198
20.68724250793457, 6197
20.68724250793457, 6196
20.68724250793457, 6195
20.68724250793457, 6194
20.68724250793457, 6193
20.68724250793457, 6192
20.68724250793457, 6191
20.68724250793457, 6190
20.68724250793457, 6189
20.68724250793457, 6188
20.695258617401123, 6187
20.695258617401123, 6186
20.707401275634766, 6185
20.707401275634766, 6184
20.707401275634766, 6183
20.715524435043335, 6182
20.71652340888977, 6181
20.71652340888977, 6180
20.717520713806152, 6179
20.718518018722534, 6178
20.719515085220337, 6177
20.72058868408203, 6176
20.725637674331665, 6175
20.727681398391724, 6174
20.735706329345703, 6173
20.737752199172974, 6172
20.737752199172974, 6171
20.737752199172974, 6170
20.737752199172974, 6169
20.74780583381653, 6168
20.74785017967224, 6167
20.74785017967224, 6166
20.74785017967224, 6165
20.75587034225464, 6164
20.75791883468628, 6163
20.75791883468628, 6162
20.75791883468628, 6161
20.75791883468628, 6160
20.768018007278442, 6159
20.768018007278442, 6158
20.768018007278442, 6157
20.768018007278442, 6156
20.77604389190674, 6155
20.778092622756958, 6154
20.778092622756958, 6153
20.778092622756958, 6152
20.78818368911743, 6151
20.78818368911743, 6150
20.78818368911743, 6149
20.78818368911743, 6148
20.78818368911743, 6147
20.78818368911743, 6146
20.78818368911743, 6145
20.78818368911743, 6144
20.79620337486267, 6143
20.79824686050415, 6142
20.79824686050415, 6141
20.79824686050415, 6140
20.79824686050415, 6139
20.79824686050415, 6138
20.79824686050415, 6137
20.79824686050415, 6136
20.79824686050415, 6135
20.79824686050415, 6134
20.79824686050415, 6133
20.79824686050415, 6132
20.79824686050415, 6131
20.79824686050415, 6130
20.79824686050415, 6129
20.79824686050415, 6128
20.79824686050415, 6127
20.79824686050415, 6126
20.79824686050415, 6125
20.79824686050415, 6124
20.79824686050415, 6123
20.806289672851562, 6122
20.806289672851562, 6121
20.806289672851562, 6120
20.806289672851562, 6119
20.806289672851562, 6118
20.808328866958618, 6117
20.808328866958618, 6116
20.808328866958618, 6115
20.808328866958618, 6114
20.808328866958618, 6113
20.808328866958618, 6112
20.808328866958618, 6111
20.808328866958618, 6110
20.808328866958618, 6109
20.808328866958618, 6108
20.808328866958618, 6107
20.808328866958618, 6106
20.808328866958618, 6105
20.808328866958618, 6104
20.808328866958618, 6103
20.81645131111145, 6102
20.81849431991577, 6101
20.81849431991577, 6100
20.81849431991577, 6099
20.81849431991577, 6098
20.81849431991577, 6097
20.81849431991577, 6096
20.81849431991577, 6095
20.81849431991577, 6094
20.81849431991577, 6093
20.826537609100342, 6092
20.826537609100342, 6091
20.826537609100342, 6090
20.826537609100342, 6089
20.826537609100342, 6088
20.846847534179688, 6087
20.846847534179688, 6086
20.846847534179688, 6085
20.846847534179688, 6084
20.856916427612305, 6083
20.856916427612305, 6082
20.856916427612305, 6081
20.8589608669281, 6080
20.8589608669281, 6079
20.8589608669281, 6078
20.8589608669281, 6077
20.8589608669281, 6076
20.8589608669281, 6075
20.8589608669281, 6074
20.867002725601196, 6073
20.867002725601196, 6072
20.867002725601196, 6071
20.867002725601196, 6070
20.867002725601196, 6069
20.86904215812683, 6068
20.86904215812683, 6067
20.86904215812683, 6066
20.86904215812683, 6065
20.86904215812683, 6064
20.86904215812683, 6063
20.86904215812683, 6062
20.86904215812683, 6061
20.86904215812683, 6060
20.86904215812683, 6059
20.877102613449097, 6058
20.877102613449097, 6057
20.879145622253418, 6056
20.879145622253418, 6055
20.879145622253418, 6054
20.879145622253418, 6053
20.879145622253418, 6052
20.887166023254395, 6051
20.88920569419861, 6050
20.88920569419861, 6049
20.899312019348145, 6048
20.899312019348145, 6047
20.899312019348145, 6046
20.899312019348145, 6045
20.899312019348145, 6044
20.907357215881348, 6043
20.909382104873657, 6042
20.909382104873657, 6041
20.909382104873657, 6040
20.909382104873657, 6039
20.909382104873657, 6038
20.909382104873657, 6037
20.909382104873657, 6036
20.909382104873657, 6035
20.909382104873657, 6034
20.909382104873657, 6033
20.917418241500854, 6032
20.919464349746704, 6031
20.919464349746704, 6030
20.919464349746704, 6029
20.927506923675537, 6028
20.927506923675537, 6027
20.929550170898438, 6026
20.929550170898438, 6025
20.929550170898438, 6024
20.929550170898438, 6023
20.929550170898438, 6022
20.929550170898438, 6021
20.93757939338684, 6020
20.93757939338684, 6019
20.93962812423706, 6018
20.93962812423706, 6017
20.93962812423706, 6016
20.93962812423706, 6015
20.93962812423706, 6014
20.93962812423706, 6013
20.93962812423706, 6012
20.947675228118896, 6011
20.949721574783325, 6010
20.949721574783325, 6009
20.949721574783325, 6008
20.949721574783325, 6007
20.957770347595215, 6006
20.95981526374817, 6005
20.95981526374817, 6004
20.95981526374817, 6003
20.95981526374817, 6002
20.95981526374817, 6001
20.96785855293274, 6000
20.969860315322876, 5999
20.969897747039795, 5998
20.969897747039795, 5997
20.969897747039795, 5996
20.988027095794678, 5995
20.990071058273315, 5994
20.990071058273315, 5993
20.990071058273315, 5992
20.99810481071472, 5991
21.000150680541992, 5990
21.000150680541992, 5989
21.000150680541992, 5988
21.008196592330933, 5987
21.020338773727417, 5986
21.020338773727417, 5985
21.020338773727417, 5984
21.020338773727417, 5983
21.020338773727417, 5982
21.020338773727417, 5981
21.028383493423462, 5980
21.030430793762207, 5979
21.030430793762207, 5978
21.03848648071289, 5977
21.03848648071289, 5976
21.04053020477295, 5975
21.04053020477295, 5974
21.04053020477295, 5973
21.04053020477295, 5972
21.04053020477295, 5971
21.04053020477295, 5970
21.04053020477295, 5969
21.04053020477295, 5968
21.04053020477295, 5967
21.04053020477295, 5966
21.04053020477295, 5965
21.04053020477295, 5964
21.04053020477295, 5963
21.04053020477295, 5962
21.04053020477295, 5961
21.04053020477295, 5960
21.048571586608887, 5959
21.048571586608887, 5958
21.048571586608887, 5957
21.048571586608887, 5956
21.048571586608887, 5955
21.05061173439026, 5954
21.05061173439026, 5953
21.05061173439026, 5952
21.05061173439026, 5951
21.05061173439026, 5950
21.05061173439026, 5949
21.05061173439026, 5948
21.05061173439026, 5947
21.05061173439026, 5946
21.05061173439026, 5945
21.05061173439026, 5944
21.05061173439026, 5943
21.05061173439026, 5942
21.05061173439026, 5941
21.05061173439026, 5940
21.05061173439026, 5939
21.05867862701416, 5938
21.05867862701416, 5937
21.05867862701416, 5936
21.06071925163269, 5935
21.06071925163269, 5934
21.06071925163269, 5933
21.06071925163269, 5932
21.06876516342163, 5931
21.070804357528687, 5930
21.070804357528687, 5929
21.070804357528687, 5928
21.080894231796265, 5927
21.080894231796265, 5926
21.080894231796265, 5925
21.080894231796265, 5924
21.080894231796265, 5923
21.080894231796265, 5922
21.08893609046936, 5921
21.08893609046936, 5920
21.090975999832153, 5919
21.090975999832153, 5918
21.090975999832153, 5917
21.090975999832153, 5916
21.090975999832153, 5915
21.090975999832153, 5914
21.090975999832153, 5913
21.090975999832153, 5912
21.090975999832153, 5911
21.090975999832153, 5910
21.090975999832153, 5909
21.090975999832153, 5908
21.090975999832153, 5907
21.098995447158813, 5906
21.098995447158813, 5905
21.101032972335815, 5904
21.101032972335815, 5903
21.101032972335815, 5902
21.101032972335815, 5901
21.101032972335815, 5900
21.109073162078857, 5899
21.109073162078857, 5898
21.11111307144165, 5897
21.11111307144165, 5896
21.11111307144165, 5895
21.11111307144165, 5894
21.11111307144165, 5893
21.11111307144165, 5892
21.119147777557373, 5891
21.119147777557373, 5890
21.119147777557373, 5889
21.119147777557373, 5888
21.12166666984558, 5887
21.12166666984558, 5886
21.12166666984558, 5885
21.12166666984558, 5884
21.12166666984558, 5883
21.12166666984558, 5882
21.12166666984558, 5881
21.12166666984558, 5880
21.12166666984558, 5879
21.12166666984558, 5878
21.129706859588623, 5877
21.129706859588623, 5876
21.129706859588623, 5875
21.131747007369995, 5874
21.131747007369995, 5873
21.131747007369995, 5872
21.131747007369995, 5871
21.131747007369995, 5870
21.131747007369995, 5869
21.131747007369995, 5868
21.131747007369995, 5867
21.139798641204834, 5866
21.139798641204834, 5865
21.141838550567627, 5864
21.141838550567627, 5863
21.141838550567627, 5862
21.141838550567627, 5861
21.141838550567627, 5860
21.141838550567627, 5859
21.141838550567627, 5858
21.15191960334778, 5857
21.15997338294983, 5856
21.15997338294983, 5855
21.162017583847046, 5854
21.162017583847046, 5853
21.162017583847046, 5852
21.162017583847046, 5851
21.162017583847046, 5850
21.162017583847046, 5849
21.162017583847046, 5848
21.17209815979004, 5847
21.17209815979004, 5846
21.18012547492981, 5845
21.18012547492981, 5844
21.18012547492981, 5843
21.18216586112976, 5842
21.18216586112976, 5841
21.18216586112976, 5840
21.18216586112976, 5839
21.18216586112976, 5838
21.18216586112976, 5837
21.18216586112976, 5836
21.18216586112976, 5835
21.190210580825806, 5834
21.190210580825806, 5833
21.192257165908813, 5832
21.192257165908813, 5831
21.192257165908813, 5830
21.192257165908813, 5829
21.192257165908813, 5828
21.192257165908813, 5827
21.192257165908813, 5826
21.192257165908813, 5825
21.192257165908813, 5824
21.192257165908813, 5823
21.192257165908813, 5822
21.200308084487915, 5821
21.202347993850708, 5820
21.202347993850708, 5819
21.202347993850708, 5818
21.202347993850708, 5817
21.202347993850708, 5816
21.202347993850708, 5815
21.202347993850708, 5814
21.202347993850708, 5813
21.202347993850708, 5812
21.210389852523804, 5811
21.210389852523804, 5810
21.212429761886597, 5809
21.212429761886597, 5808
21.212429761886597, 5807
21.212429761886597, 5806
21.212429761886597, 5805
21.212429761886597, 5804
21.212429761886597, 5803
21.212429761886597, 5802
21.220481634140015, 5801
21.222522735595703, 5800
21.222522735595703, 5799
21.222522735595703, 5798
21.222522735595703, 5797
21.222522735595703, 5796
21.222522735595703, 5795
21.23056387901306, 5794
21.23056387901306, 5793
21.232603788375854, 5792
21.232603788375854, 5791
21.232603788375854, 5790
21.232603788375854, 5789
21.232603788375854, 5788
21.232603788375854, 5787
21.232603788375854, 5786
21.240662097930908, 5785
21.240662097930908, 5784
21.242708683013916, 5783
21.242708683013916, 5782
21.242708683013916, 5781
21.242708683013916, 5780
21.242708683013916, 5779
21.242708683013916, 5778
21.250751972198486, 5777
21.250751972198486, 5776
21.252797603607178, 5775
21.252797603607178, 5774
21.252797603607178, 5773
21.252797603607178, 5772
21.252797603607178, 5771
21.260833740234375, 5770
21.262879371643066, 5769
21.262879371643066, 5768
21.262879371643066, 5767
21.262879371643066, 5766
21.262879371643066, 5765
21.262879371643066, 5764
21.27092719078064, 5763
21.272971153259277, 5762
21.272971153259277, 5761
21.272971153259277, 5760
21.280993700027466, 5759
21.280993700027466, 5758
21.283035278320312, 5757
21.283035278320312, 5756
21.283035278320312, 5755
21.283035278320312, 5754
21.283035278320312, 5753
21.283035278320312, 5752
21.29107928276062, 5751
21.293115377426147, 5750
21.293115377426147, 5749
21.293115377426147, 5748
21.293115377426147, 5747
21.303181648254395, 5746
21.303181648254395, 5745
21.313241243362427, 5744
21.321291208267212, 5743
21.321291208267212, 5742
21.321291208267212, 5741
21.32333493232727, 5740
21.32333493232727, 5739
21.32333493232727, 5738
21.32333493232727, 5737
21.32333493232727, 5736
21.32333493232727, 5735
21.32333493232727, 5734
21.32333493232727, 5733
21.32333493232727, 5732
21.331377029418945, 5731
21.331377029418945, 5730
21.33341670036316, 5729
21.33341670036316, 5728
21.33341670036316, 5727
21.33341670036316, 5726
21.33341670036316, 5725
21.33341670036316, 5724
21.33341670036316, 5723
21.33341670036316, 5722
21.33341670036316, 5721
21.33341670036316, 5720
21.34144878387451, 5719
21.34144878387451, 5718
21.343488454818726, 5717
21.343488454818726, 5716
21.343488454818726, 5715
21.343488454818726, 5714
21.343488454818726, 5713
21.343488454818726, 5712
21.343488454818726, 5711
21.351532697677612, 5710
21.351532697677612, 5709
21.35357141494751, 5708
21.35357141494751, 5707
21.35357141494751, 5706
21.35357141494751, 5705
21.35357141494751, 5704
21.35357141494751, 5703
21.35357141494751, 5702
21.35357141494751, 5701
21.36162757873535, 5700
21.363674640655518, 5699
21.363674640655518, 5698
21.363674640655518, 5697
21.363674640655518, 5696
21.363674640655518, 5695
21.363674640655518, 5694
21.363674640655518, 5693
21.363674640655518, 5692
21.363674640655518, 5691
21.363674640655518, 5690
21.37171983718872, 5689
21.37171983718872, 5688
21.37171983718872, 5687
21.373756170272827, 5686
21.373756170272827, 5685
21.373756170272827, 5684
21.373756170272827, 5683
21.373756170272827, 5682
21.373756170272827, 5681
21.373756170272827, 5680
21.373756170272827, 5679
21.38180375099182, 5678
21.383843898773193, 5677
21.383843898773193, 5676
21.383843898773193, 5675
21.383843898773193, 5674
21.383843898773193, 5673
21.391883850097656, 5672
21.39392328262329, 5671
21.39392328262329, 5670
21.401982307434082, 5669
21.404024839401245, 5668
21.404024839401245, 5667
21.412068843841553, 5666
21.414112091064453, 5665
21.414112091064453, 5664
21.414112091064453, 5663
21.414112091064453, 5662
21.414112091064453, 5661
21.414112091064453, 5660
21.414112091064453, 5659
21.414112091064453, 5658
21.414112091064453, 5657
21.414112091064453, 5656
21.42215919494629, 5655
21.424201488494873, 5654
21.424201488494873, 5653
21.424201488494873, 5652
21.424201488494873, 5651
21.424201488494873, 5650
21.424201488494873, 5649
21.424201488494873, 5648
21.424201488494873, 5647
21.424201488494873, 5646
21.43224859237671, 5645
21.43224859237671, 5644
21.434288024902344, 5643
21.434288024902344, 5642
21.434288024902344, 5641
21.434288024902344, 5640
21.434288024902344, 5639
21.434288024902344, 5638
21.434288024902344, 5637
21.434288024902344, 5636
21.434288024902344, 5635
21.434288024902344, 5634
21.434288024902344, 5633
21.442410230636597, 5632
21.444453716278076, 5631
21.444453716278076, 5630
21.444453716278076, 5629
21.444453716278076, 5628
21.444453716278076, 5627
21.444453716278076, 5626
21.444453716278076, 5625
21.444453716278076, 5624
21.444453716278076, 5623
21.444453716278076, 5622
21.452494859695435, 5621
21.452494859695435, 5620
21.452494859695435, 5619
21.452494859695435, 5618
21.452494859695435, 5617
21.452494859695435, 5616
21.452494859695435, 5615
21.452494859695435, 5614
21.46251606941223, 5613
21.464563131332397, 5612
21.464563131332397, 5611
21.464563131332397, 5610
21.464563131332397, 5609
21.464563131332397, 5608
21.464563131332397, 5607
21.464563131332397, 5606
21.464563131332397, 5605
21.464563131332397, 5604
21.464563131332397, 5603
21.464563131332397, 5602
21.472604036331177, 5601
21.472604036331177, 5600
21.47472381591797, 5599
21.47472381591797, 5598
21.47472381591797, 5597
21.47472381591797, 5596
21.47472381591797, 5595
21.482784271240234, 5594
21.482784271240234, 5593
21.48482847213745, 5592
21.48482847213745, 5591
21.48482847213745, 5590
21.48482847213745, 5589
21.48482847213745, 5588
21.48482847213745, 5587
21.48482847213745, 5586
21.48482847213745, 5585
21.48482847213745, 5584
21.48482847213745, 5583
21.48482847213745, 5582
21.492867708206177, 5581
21.492867708206177, 5580
21.494906425476074, 5579
21.494906425476074, 5578
21.494906425476074, 5577
21.494906425476074, 5576
21.50295925140381, 5575
21.535300254821777, 5574
21.535300254821777, 5573
21.535300254821777, 5572
21.535300254821777, 5571
21.545408010482788, 5570
21.55549144744873, 5569
21.55549144744873, 5568
21.565581798553467, 5567
21.565581798553467, 5566
21.565581798553467, 5565
21.57362174987793, 5564
21.575661420822144, 5563
21.60592269897461, 5562
21.61597228050232, 5561
21.61597228050232, 5560
21.61597228050232, 5559
21.61597228050232, 5558
21.65648627281189, 5557
21.666552543640137, 5556
21.666552543640137, 5555
21.666552543640137, 5554
21.666552543640137, 5553
21.687143802642822, 5552
21.687143802642822, 5551
21.695188283920288, 5550
21.727834701538086, 5549
21.727834701538086, 5548
21.727834701538086, 5547
21.727834701538086, 5546
21.747999906539917, 5545
21.808457374572754, 5544
21.83873414993286, 5543
21.858834505081177, 5542
21.87901520729065, 5541
21.87901520729065, 5540
21.88911271095276, 5539
21.88911271095276, 5538
21.88911271095276, 5537
21.91936206817627, 5536
21.91936206817627, 5535
21.929449796676636, 5534
21.95763850212097, 5533
21.959678411483765, 5532
21.959678411483765, 5531
21.959678411483765, 5530
21.959678411483765, 5529
21.959678411483765, 5528
21.967746019363403, 5527
21.967746019363403, 5526
21.967746019363403, 5525
21.969787120819092, 5524
21.977827072143555, 5523
22.000019311904907, 5522
22.000019311904907, 5521
22.000019311904907, 5520
22.010117053985596, 5519
22.03028964996338, 5518
22.03028964996338, 5517
22.03028964996338, 5516
22.04038095474243, 5515
22.04038095474243, 5514
22.05049753189087, 5513
22.05049753189087, 5512
22.068666219711304, 5511
22.08079171180725, 5510
22.08079171180725, 5509
22.08079171180725, 5508
22.088840007781982, 5507
22.088840007781982, 5506
22.10097098350525, 5505
22.121164798736572, 5504
22.121164798736572, 5503
22.131258249282837, 5502
22.141337394714355, 5501
22.141337394714355, 5500
22.1615252494812, 5499
22.1615252494812, 5498
22.169573307037354, 5497
22.209871768951416, 5496
22.232094764709473, 5495
22.24013900756836, 5494
22.242178916931152, 5493
22.242178916931152, 5492
22.252280473709106, 5491
22.252280473709106, 5490
22.262362241744995, 5489
22.282548666000366, 5488
22.282548666000366, 5487
22.302737951278687, 5486
22.312800645828247, 5485
22.333407163619995, 5484
22.333407163619995, 5483
22.341458082199097, 5482
22.341458082199097, 5481
22.361671209335327, 5480
22.361671209335327, 5479
22.37377405166626, 5478
22.383859872817993, 5477
22.383859872817993, 5476
22.383859872817993, 5475
22.393948554992676, 5474
22.393948554992676, 5473
22.393948554992676, 5472
22.414133548736572, 5471
22.414133548736572, 5470
22.414133548736572, 5469
22.414133548736572, 5468
22.414133548736572, 5467
22.424217700958252, 5466
22.424217700958252, 5465
22.434290170669556, 5464
22.434290170669556, 5463
22.44430375099182, 5462
22.44430375099182, 5461
22.44430375099182, 5460
22.44430375099182, 5459
22.454363346099854, 5458
22.462404489517212, 5457
22.462404489517212, 5456
22.50272011756897, 5455
22.504762649536133, 5454
22.51277756690979, 5453
22.5248966217041, 5452
22.56524157524109, 5451
22.56524157524109, 5450
22.58543825149536, 5449
22.593491554260254, 5448
22.625804901123047, 5447
22.625804901123047, 5446
22.625804901123047, 5445
22.635903120040894, 5444
22.65605092048645, 5443
22.66608166694641, 5442
22.686241149902344, 5441
22.686241149902344, 5440
22.686241149902344, 5439
22.704321146011353, 5438
22.746580123901367, 5437
22.746580123901367, 5436
22.746580123901367, 5435
22.756637573242188, 5434
22.756637573242188, 5433
22.756637573242188, 5432
22.76673722267151, 5431
22.776798486709595, 5430
22.776798486709595, 5429
22.776798486709595, 5428
22.78688621520996, 5427
22.78688621520996, 5426
22.794908046722412, 5425
22.794908046722412, 5424
22.794908046722412, 5423
22.81709885597229, 5422
22.827178239822388, 5421
22.86745524406433, 5420
22.877525568008423, 5419
22.877525568008423, 5418
22.90570855140686, 5417
22.90570855140686, 5416
22.90570855140686, 5415
22.917836666107178, 5414
22.927916526794434, 5413
22.927916526794434, 5412
22.927916526794434, 5411
22.958465576171875, 5410
22.958465576171875, 5409
22.958465576171875, 5408
22.958465576171875, 5407
22.968480348587036, 5406
22.978508234024048, 5405
22.978508234024048, 5404
22.986519813537598, 5403
22.988524675369263, 5402
22.99862790107727, 5401
22.99862790107727, 5400
22.99862790107727, 5399
23.02888298034668, 5398
23.02888298034668, 5397
23.02888298034668, 5396
23.038979530334473, 5395
23.049066305160522, 5394
23.07728385925293, 5393
23.089378595352173, 5392
23.099474668502808, 5391
23.119665384292603, 5390
23.119665384292603, 5389
23.12975311279297, 5388
23.139851808547974, 5387
23.149943828582764, 5386
23.168058395385742, 5385
23.180169582366943, 5384
23.180169582366943, 5383
23.240660429000854, 5382
23.250760316848755, 5381
23.280990839004517, 5380
23.319242238998413, 5379
23.31926202774048, 5378
23.31926202774048, 5377
23.329346179962158, 5376
23.329346179962158, 5375
23.401907920837402, 5374
23.442256212234497, 5373
23.442256212234497, 5372
23.46256446838379, 5371
23.46256446838379, 5370
23.472647666931152, 5369
23.472647666931152, 5368
23.48274540901184, 5367
23.512972116470337, 5366
23.512972116470337, 5365
23.52101969718933, 5364
23.553748846054077, 5363
23.553748846054077, 5362
23.573898792266846, 5361
23.573898792266846, 5360
23.581949949264526, 5359
23.583990573883057, 5358
23.594072818756104, 5357
23.594072818756104, 5356
23.594072818756104, 5355
23.594072818756104, 5354
23.604164600372314, 5353
23.624387741088867, 5352
23.624387741088867, 5351
23.624387741088867, 5350
23.64453148841858, 5349
23.652575969696045, 5348
23.674766540527344, 5347
23.694945573806763, 5346
23.70504140853882, 5345
23.73528790473938, 5344
23.745383977890015, 5343
23.745383977890015, 5342
23.76556658744812, 5341
23.773610830307007, 5340
23.805862188339233, 5339
23.815953016281128, 5338
23.826014280319214, 5337
23.836105823516846, 5336
23.836105823516846, 5335
23.836105823516846, 5334
23.846993446350098, 5333
23.856168031692505, 5332
23.866289615631104, 5331
23.874334812164307, 5330
23.87637233734131, 5329
23.91679859161377, 5328
23.91679859161377, 5327
23.91679859161377, 5326
23.947080612182617, 5325
23.95512318611145, 5324
23.967259407043457, 5323
23.97733998298645, 5322
23.97733998298645, 5321
23.99543523788452, 5320
24.035768270492554, 5319
24.03780770301819, 5318
24.03780770301819, 5317
24.045836448669434, 5316
24.078109979629517, 5315
24.078109979629517, 5314
24.096266269683838, 5313
24.118510484695435, 5312
24.118510484695435, 5311
24.12656855583191, 5310
24.138696908950806, 5309
24.138696908950806, 5308
24.138696908950806, 5307
24.138696908950806, 5306
24.149235248565674, 5305
24.159320831298828, 5304
24.159320831298828, 5303
24.159320831298828, 5302
24.19763207435608, 5301
24.199671745300293, 5300
24.237992763519287, 5299
24.280359745025635, 5298
24.290451526641846, 5297
24.300533294677734, 5296
24.30858063697815, 5295
24.330767154693604, 5294
24.330767154693604, 5293
24.369084358215332, 5292
24.371124505996704, 5291
24.371124505996704, 5290
24.371124505996704, 5289
24.482017040252686, 5288
24.482017040252686, 5287
24.492105722427368, 5286
24.492105722427368, 5285
24.492105722427368, 5284
24.532426357269287, 5283
24.532426357269287, 5282
24.532426357269287, 5281
24.532426357269287, 5280
24.542505741119385, 5279
24.542505741119385, 5278
24.542505741119385, 5277
24.57074785232544, 5276
24.59092354774475, 5275
24.63333773612976, 5274
24.63333773612976, 5273
24.63333773612976, 5272
24.641379594802856, 5271
24.66355562210083, 5270
24.6736581325531, 5269
24.691792488098145, 5268
24.701847314834595, 5267
24.701847314834595, 5266
24.703889846801758, 5265
24.713959455490112, 5264
24.736265659332275, 5263
24.815345287322998, 5262
24.815345287322998, 5261
24.85555648803711, 5260
24.865634202957153, 5259
24.865634202957153, 5258
24.875743865966797, 5257
24.88582682609558, 5256
24.88582682609558, 5255
24.88582682609558, 5254
24.906007051467896, 5253
24.906007051467896, 5252
24.916109561920166, 5251
24.976638555526733, 5250
25.0472412109375, 5249
25.11583375930786, 5248
25.166284799575806, 5247
25.21874737739563, 5246
25.21874737739563, 5245
25.22678804397583, 5244
25.249027490615845, 5243
25.2570481300354, 5242
25.27926206588745, 5241
25.27926206588745, 5240
25.309515714645386, 5239
25.339767694473267, 5238
25.360334873199463, 5237
25.370426893234253, 5236
25.491410732269287, 5235
25.50147318840027, 5234
25.50147318840027, 5233
25.52967858314514, 5232
25.539703607559204, 5231
25.56189274787903, 5230
25.56189274787903, 5229
25.682960271835327, 5228
25.74152159690857, 5227
25.76366901397705, 5226
25.771711587905884, 5225
25.773751258850098, 5224
25.78385019302368, 5223
25.80402374267578, 5222
25.814110279083252, 5221
25.847262620925903, 5220
25.874518632888794, 5219
25.93499445915222, 5218
25.94301438331604, 5217
26.03453803062439, 5216
26.066847801208496, 5215
26.07489514350891, 5214
26.097121953964233, 5213
26.127412796020508, 5212
26.137501001358032, 5211
26.157682418823242, 5210
26.167771577835083, 5209
26.167771577835083, 5208
26.18592405319214, 5207
26.18592405319214, 5206
26.19805097579956, 5205
26.19805097579956, 5204
26.19805097579956, 5203
26.206101655960083, 5202
26.329158782958984, 5201
26.36945366859436, 5200
26.36945366859436, 5199
26.36945366859436, 5198
26.42790460586548, 5197
26.50059413909912, 5196
26.773656129837036, 5195
26.823906898498535, 5194
26.864181518554688, 5193
26.91452121734619, 5192
26.91452121734619, 5191
26.92460346221924, 5190
26.92460346221924, 5189
27.015469312667847, 5188
27.086089372634888, 5187
27.10427761077881, 5186
27.1164333820343, 5185
27.179383993148804, 5184
27.18946886062622, 5183
27.19957447052002, 5182
27.209651708602905, 5181
27.217708110809326, 5180
27.219748973846436, 5179
27.219748973846436, 5178
27.542569160461426, 5177
27.5526704788208, 5176
27.59300136566162, 5175
27.663568258285522, 5174
27.663568258285522, 5173
27.663568258285522, 5172
27.673660278320312, 5171
27.91610860824585, 5170
27.924143314361572, 5169
27.926204919815063, 5168
27.926204919815063, 5167
27.97666049003601, 5166
27.97666049003601, 5165
27.97666049003601, 5164
27.97666049003601, 5163
28.117778778076172, 5162
28.117778778076172, 5161
28.218504667282104, 5160
28.218504667282104, 5159
28.226524829864502, 5158
28.297138452529907, 5157
28.297138452529907, 5156
28.30916666984558, 5155
28.32927918434143, 5154
28.349451780319214, 5153
28.359537601470947, 5152
28.359537601470947, 5151
28.359537601470947, 5150
28.418417930603027, 5149
28.420454740524292, 5148
28.460811853408813, 5147
28.47089982032776, 5146
28.47089982032776, 5145
28.480984449386597, 5144
28.480984449386597, 5143
28.57195258140564, 5142
28.57195258140564, 5141
28.57195258140564, 5140
28.57999563217163, 5139
28.642608642578125, 5138
28.642608642578125, 5137
28.672858476638794, 5136
28.68090581893921, 5135
28.70106792449951, 5134
28.70311141014099, 5133
28.735522747039795, 5132
28.735522747039795, 5131
28.76169991493225, 5130
28.783946752548218, 5129
28.84248423576355, 5128
28.84248423576355, 5127
28.84248423576355, 5126
28.864663124084473, 5125
28.864663124084473, 5124
28.914934396743774, 5123
28.925029754638672, 5122
28.935102939605713, 5121
28.943151473999023, 5120
28.953245639801025, 5119
28.955315828323364, 5118
28.975478649139404, 5117
29.04652452468872, 5116
29.04652452468872, 5115
29.105005502700806, 5114
29.11512064933777, 5113
29.18779444694519, 5112
29.18779444694519, 5111
29.21804642677307, 5110
29.228136777877808, 5109
29.238232374191284, 5108
29.256372690200806, 5107
29.256372690200806, 5106
29.258419275283813, 5105
29.266468048095703, 5104
29.266468048095703, 5103
29.27861261367798, 5102
29.28665781021118, 5101
29.32701301574707, 5100
29.440028429031372, 5099
29.440028429031372, 5098
29.440028429031372, 5097
29.440028429031372, 5096
29.440028429031372, 5095
29.458162784576416, 5094
29.468217372894287, 5093
29.470256567001343, 5092
29.480348110198975, 5091
29.48838782310486, 5090
29.500675678253174, 5089
29.500675678253174, 5088
29.520848274230957, 5087
29.530938625335693, 5086
29.5391788482666, 5085
29.5391788482666, 5084
29.54020857810974, 5083
29.559457778930664, 5082
29.56150221824646, 5081
29.63432550430298, 5080
29.63432550430298, 5079
29.63432550430298, 5078
29.664607048034668, 5077
29.775530338287354, 5076
29.795700073242188, 5075
29.795700073242188, 5074
29.805787801742554, 5073
29.856064081192017, 5072
29.904510974884033, 5071
29.906556367874146, 5070
29.92675805091858, 5069
29.92675805091858, 5068
29.92675805091858, 5067
29.936863899230957, 5066
29.965068578720093, 5065
29.977214097976685, 5064
29.977214097976685, 5063
30.078101634979248, 5062
30.08614182472229, 5061
30.158766746520996, 5060
30.22170925140381, 5059
30.241880655288696, 5058
30.241880655288696, 5057
30.241880655288696, 5056
30.251973152160645, 5055
30.29029130935669, 5054
30.322577714920044, 5053
30.373050928115845, 5052
30.373050928115845, 5051
30.403346061706543, 5050
30.411394596099854, 5049
30.42349600791931, 5048
30.484085083007812, 5047
30.484085083007812, 5046
30.484085083007812, 5045
30.49417543411255, 5044
30.504271030426025, 5043
30.59513282775879, 5042
30.59513282775879, 5041
30.59513282775879, 5040
30.615323543548584, 5039
30.623366355895996, 5038
30.734514713287354, 5037
30.764769077301025, 5036
30.764769077301025, 5035
30.79709267616272, 5034
30.89818024635315, 5033
30.90621542930603, 5032
31.28142499923706, 5031
31.28142499923706, 5030
31.291504859924316, 5029
31.32174515724182, 5028
31.400449991226196, 5027
31.410533905029297, 5026
31.410533905029297, 5025
31.463431358337402, 5024
31.523996829986572, 5023
31.523996829986572, 5022
31.66523265838623, 5021
31.685415983200073, 5020
31.796353816986084, 5019
31.806448698043823, 5018
31.826640844345093, 5017
31.844658851623535, 5016
31.9979145526886, 5015
32.05886435508728, 5014
32.08914494514465, 5013
32.15980529785156, 5012
32.15980529785156, 5011
32.17794728279114, 5010
32.25065064430237, 5009
32.25065064430237, 5008
32.470524311065674, 5007
32.551228046417236, 5006
32.551228046417236, 5005
32.583531618118286, 5004
32.583531618118286, 5003
32.654566287994385, 5002
32.705015420913696, 5001
32.775782108306885, 5000
32.80401968955994, 4999
32.8161563873291, 4998
32.826249837875366, 4997
32.86644673347473, 4996
32.874491453170776, 4995
32.874491453170776, 4994
32.89672660827637, 4993
32.90683031082153, 4992
32.90683031082153, 4991
32.96732497215271, 4990
32.96732497215271, 4989
32.96732497215271, 4988
33.03584408760071, 4987
33.06813359260559, 4986
33.10846161842346, 4985
33.10846161842346, 4984
33.10846161842346, 4983
33.26995301246643, 4982
33.26995301246643, 4981
33.26995301246643, 4980
33.279969930648804, 4979
33.31013798713684, 4978
33.31013798713684, 4977
33.31013798713684, 4976
33.35046458244324, 4975
33.35847544670105, 4974
33.35847544670105, 4973
33.38068985939026, 4972
33.400859355926514, 4971
33.52179026603699, 4970
33.551937103271484, 4969
33.63269805908203, 4968
33.65288972854614, 4967
33.693246841430664, 4966
33.703330755233765, 4965
33.731547117233276, 4964
33.7335889339447, 4963
33.7436408996582, 4962
33.7436408996582, 4961
33.7436408996582, 4960
33.763811349868774, 4959
33.80415058135986, 4958
33.81424522399902, 4957
33.87502193450928, 4956
33.903239488601685, 4955
33.90528225898743, 4954
33.90528225898743, 4953
33.90528225898743, 4952
33.98605513572693, 4951
33.99410963058472, 4950
33.996153593063354, 4949
34.016332387924194, 4948
34.016332387924194, 4947
34.016332387924194, 4946
34.016332387924194, 4945
34.016332387924194, 4944
34.03649163246155, 4943
34.05656433105469, 4942
34.11712884902954, 4941
34.11712884902954, 4940
34.11712884902954, 4939
34.11712884902954, 4938
34.135266065597534, 4937
34.20591998100281, 4936
34.22614884376526, 4935
34.26857948303223, 4934
34.29678726196289, 4933
34.319002628326416, 4932
34.319002628326416, 4931
34.33918833732605, 4930
34.40977120399475, 4929
34.44804883003235, 4928
34.45008873939514, 4927
34.470627307891846, 4926
34.803467988967896, 4925
34.89412593841553, 4924
34.904226779937744, 4923
34.904226779937744, 4922
35.04545617103577, 4921
35.08619523048401, 4920
35.308013916015625, 4919
35.36851668357849, 4918
35.378607988357544, 4917
35.41891574859619, 4916
35.41891574859619, 4915
35.43907570838928, 4914
35.43907570838928, 4913
35.43907570838928, 4912
35.54993557929993, 4911
35.56002640724182, 4910
35.84274435043335, 4909
35.86089825630188, 4908
35.963897466659546, 4907
36.034427881240845, 4906
36.034427881240845, 4905
36.034427881240845, 4904
36.05456876754761, 4903
36.25430941581726, 4902
36.25430941581726, 4901
36.28690314292908, 4900
36.28690314292908, 4899
36.298991203308105, 4898
36.298991203308105, 4897
36.369550466537476, 4896
36.37761068344116, 4895
36.3998327255249, 4894
36.40787410736084, 4893
36.409889221191406, 4892
36.409889221191406, 4891
36.44821286201477, 4890
36.46034479141235, 4889
36.490575313568115, 4888
36.500678300857544, 4887
36.50871992111206, 4886
36.50871992111206, 4885
36.510759353637695, 4884
36.510759353637695, 4883
36.60157322883606, 4882
36.63180613517761, 4881
36.64189910888672, 4880
36.64189910888672, 4879
36.64993858337402, 4878
36.700356245040894, 4877
36.70239734649658, 4876
36.73072052001953, 4875
36.78354024887085, 4874
36.78354024887085, 4873
36.793625593185425, 4872
36.793625593185425, 4871
36.803712368011475, 4870
36.8138108253479, 4869
36.8469340801239, 4868
36.85197734832764, 4867
36.85197734832764, 4866
36.89267420768738, 4865
36.89267420768738, 4864
36.92498016357422, 4863
36.92498016357422, 4862
36.99529957771301, 4861
37.10624933242798, 4860
37.16675639152527, 4859
37.18695020675659, 4858
37.19704008102417, 4857
37.31564903259277, 4856
37.33783936500549, 4855
37.3458993434906, 4854
37.347941875457764, 4853
37.37819838523865, 4852
37.396331548690796, 4851
37.438714265823364, 4850
37.45885705947876, 4849
37.45885705947876, 4848
37.47700381278992, 4847
37.509899854660034, 4846
37.517940282821655, 4845
37.56048607826233, 4844
37.63113498687744, 4843
37.75211572647095, 4842
37.76219606399536, 4841
37.7823646068573, 4840
37.84073281288147, 4839
37.87303829193115, 4838
37.88107919692993, 4837
37.9133837223053, 4836
37.92142033576965, 4835
37.9839551448822, 4834
38.00413107872009, 4833
38.00413107872009, 4832
38.86179876327515, 4831
38.89208793640137, 4830
38.91019344329834, 4829
38.94251298904419, 4828
38.94251298904419, 4827
38.94251298904419, 4826
38.94251298904419, 4825
38.94251298904419, 4824
38.94251298904419, 4823
38.95260429382324, 4822
38.95260429382324, 4821
38.97276782989502, 4820
39.01310205459595, 4819
39.15439200401306, 4818
39.174538373947144, 4817
39.182581663131714, 4816
39.192625284194946, 4815
39.20274543762207, 4814
39.25519013404846, 4813
39.25519013404846, 4812
39.27536678314209, 4811
39.27536678314209, 4810
39.27536678314209, 4809
39.27536678314209, 4808
39.27536678314209, 4807
39.285449743270874, 4806
39.326133251190186, 4805
39.33417296409607, 4804
39.35427165031433, 4803
39.35427165031433, 4802
39.35427165031433, 4801
39.35628271102905, 4800
39.55396795272827, 4799
39.56294393539429, 4798
39.59813618659973, 4797
39.60618352890015, 4796
39.636433124542236, 4795
39.64654755592346, 4794
39.67682695388794, 4793
39.67887306213379, 4792
39.69701433181763, 4791
39.709118366241455, 4790
39.729304790496826, 4789
39.779767751693726, 4788
