0.3480689525604248, 10747
0.432842493057251, 10746
0.48969030380249023, 10745
0.538560152053833, 10744
0.5836043357849121, 10743
0.6324424743652344, 10742
0.6767096519470215, 10741
0.7190020084381104, 10740
0.7602970600128174, 10739
0.8006350994110107, 10738
0.8669500350952148, 10737
0.9334442615509033, 10736
0.9768984317779541, 10735
1.0216903686523438, 10734
1.022686243057251, 10733
1.0236833095550537, 10732
1.0246806144714355, 10731
1.025679588317871, 10730
1.0266754627227783, 10729
1.0276727676391602, 10728
1.028669834136963, 10727
1.0296673774719238, 10726
1.0306646823883057, 10725
1.0306646823883057, 10724
1.0316619873046875, 10723
1.0326592922210693, 10722
1.0337700843811035, 10721
1.0357661247253418, 10720
1.0377614498138428, 10719
1.0387585163116455, 10718
1.04075288772583, 10717
1.0428354740142822, 10716
1.0448296070098877, 10715
1.0468242168426514, 10714
1.0478215217590332, 10713
1.0499413013458252, 10712
1.0519356727600098, 10711
1.053931713104248, 10710
1.0549302101135254, 10709
1.0559580326080322, 10708
1.0569543838500977, 10707
1.0579519271850586, 10706
1.0589492321014404, 10705
1.0599462985992432, 10704
1.0609462261199951, 10703
1.0609462261199951, 10702
1.0619409084320068, 10701
1.0629379749298096, 10700
1.0649354457855225, 10699
1.0669288635253906, 10698
1.0718967914581299, 10697
1.0788958072662354, 10696
1.0808908939361572, 10695
1.0828874111175537, 10694
1.0838820934295654, 10693
1.0848822593688965, 10692
1.0848822593688965, 10691
1.0858774185180664, 10690
1.0868780612945557, 10689
1.0878407955169678, 10688
1.0888373851776123, 10687
1.0909409523010254, 10686
1.091937780380249, 10685
1.0939323902130127, 10684
1.0949301719665527, 10683
1.0959272384643555, 10682
1.0969245433807373, 10681
1.0990703105926514, 10680
1.101064682006836, 10679
1.1040568351745605, 10678
1.1050543785095215, 10677
1.1060512065887451, 10676
1.108046054840088, 10675
1.1090433597564697, 10674
1.1100404262542725, 10673
1.1120352745056152, 10672
1.114030122756958, 10671
1.116025447845459, 10670
1.1170220375061035, 10669
1.1180193424224854, 10668
1.1200141906738281, 10667
1.12101149559021, 10666
1.1230061054229736, 10665
1.1250009536743164, 10664
1.1259980201721191, 10663
1.1269950866699219, 10662
1.1289899349212646, 10661
1.1321356296539307, 10660
1.136125087738037, 10659
1.1392261981964111, 10658
1.1452102661132812, 10657
1.1521916389465332, 10656
1.1541862487792969, 10655
1.1553199291229248, 10654
1.1563174724578857, 10653
1.1573486328125, 10652
1.1583490371704102, 10651
1.1593458652496338, 10650
1.1603431701660156, 10649
1.1624367237091064, 10648
1.164428949356079, 10647
1.1654284000396729, 10646
1.1674227714538574, 10645
1.169417381286621, 10644
1.1705412864685059, 10643
1.1725373268127441, 10642
1.173534631729126, 10641
1.1745316982269287, 10640
1.1775238513946533, 10639
1.1796324253082275, 10638
1.1806297302246094, 10637
1.182624101638794, 10636
1.1836214065551758, 10635
1.1856160163879395, 10634
1.1876111030578613, 10633
1.1886084079742432, 10632
1.1906027793884277, 10631
1.192598819732666, 10630
1.193723440170288, 10629
1.1957197189331055, 10628
1.1967167854309082, 10627
1.1987111568450928, 10626
1.1997087001800537, 10625
1.2017712593078613, 10624
1.2027695178985596, 10623
1.2037668228149414, 10622
1.2057616710662842, 10621
1.2087535858154297, 10620
1.211855411529541, 10619
1.2158446311950684, 10618
1.217937707901001, 10617
1.2189364433288574, 10616
1.220930814743042, 10615
1.221928358078003, 10614
1.2229251861572266, 10613
1.223954677581787, 10612
1.2249536514282227, 10611
1.2259480953216553, 10610
1.226945400238037, 10609
1.226945400238037, 10608
1.2279400825500488, 10607
1.228940486907959, 10606
1.2299408912658691, 10605
1.230938196182251, 10604
1.2319326400756836, 10603
1.2329320907592773, 10602
1.2340097427368164, 10601
1.2360053062438965, 10600
1.2370028495788574, 10599
1.2380330562591553, 10598
1.2390336990356445, 10597
1.2400262355804443, 10596
1.241100549697876, 10595
1.2421300411224365, 10594
1.2431302070617676, 10593
1.2441248893737793, 10592
1.2441248893737793, 10591
1.245121955871582, 10590
1.246086835861206, 10589
1.247117519378662, 10588
1.2481141090393066, 10587
1.2491896152496338, 10586
1.2502186298370361, 10585
1.2512171268463135, 10584
1.2521822452545166, 10583
1.2542085647583008, 10582
1.2572779655456543, 10581
1.2603025436401367, 10580
1.267251968383789, 10579
1.2732367515563965, 10578
1.2832086086273193, 10577
1.296208381652832, 10576
1.2972030639648438, 10575
1.2982027530670166, 10574
1.2992007732391357, 10573
1.300196647644043, 10572
1.3011605739593506, 10571
1.3021578788757324, 10570
1.3031551837921143, 10569
1.304154396057129, 10568
1.3051505088806152, 10567
1.3061470985412598, 10566
1.3071444034576416, 10565
1.3081417083740234, 10564
1.3091392517089844, 10563
1.3091392517089844, 10562
1.3101365566253662, 10561
1.311133861541748, 10560
1.3131279945373535, 10559
1.3152966499328613, 10558
1.3152966499328613, 10557
1.3163261413574219, 10556
1.3172929286956787, 10555
1.319286584854126, 10554
1.3202838897705078, 10553
1.3212816715240479, 10552
1.3223986625671387, 10551
1.3243951797485352, 10550
1.325392484664917, 10549
1.3263895511627197, 10548
1.3283839225769043, 10547
1.330378770828247, 10546
1.3314971923828125, 10545
1.3324944972991943, 10544
1.334489107131958, 10543
1.3364837169647217, 10542
1.3386001586914062, 10541
1.3405961990356445, 10540
1.344583511352539, 10539
1.3485748767852783, 10538
1.349571704864502, 10537
1.351567029953003, 10536
1.3525638580322266, 10535
1.3536858558654785, 10534
1.3546850681304932, 10533
1.3566794395446777, 10532
1.3576765060424805, 10531
1.3596713542938232, 10530
1.3606688976287842, 10529
1.362781047821045, 10528
1.3647758960723877, 10527
1.3657734394073486, 10526
1.367767572402954, 10525
1.368764877319336, 10524
1.370882511138916, 10523
1.3728785514831543, 10522
1.3748717308044434, 10521
1.3778650760650635, 10520
1.3789958953857422, 10519
1.3809905052185059, 10518
1.3819875717163086, 10517
1.3839821815490723, 10516
1.3839821815490723, 10515
1.385977029800415, 10514
1.386974573135376, 10513
1.3879704475402832, 10512
1.3899683952331543, 10511
1.3909621238708496, 10510
1.3939542770385742, 10509
1.3959484100341797, 10508
1.400935173034668, 10507
1.4059219360351562, 10506
1.4069194793701172, 10505
1.407916784286499, 10504
1.4089140892028809, 10503
1.4099111557006836, 10502
1.4109091758728027, 10501
1.4119062423706055, 10500
1.4119062423706055, 10499
1.4129035472869873, 10498
1.4139008522033691, 10497
1.414898157119751, 10496
1.4158952236175537, 10495
1.4168925285339355, 10494
1.417924404144287, 10493
1.4189519882202148, 10492
1.4199838638305664, 10491
1.4209647178649902, 10490
1.4229762554168701, 10489
1.423973798751831, 10488
1.4249701499938965, 10487
1.425969123840332, 10486
1.4269652366638184, 10485
1.4279325008392334, 10484
1.428959846496582, 10483
1.4299592971801758, 10482
1.430959701538086, 10481
1.430959701538086, 10480
1.4319524765014648, 10479
1.433027744293213, 10478
1.4340569972991943, 10477
1.435058355331421, 10476
1.435058355331421, 10475
1.436037302017212, 10474
1.4370520114898682, 10473
1.4380156993865967, 10472
1.4400169849395752, 10471
1.4421589374542236, 10470
1.4441535472869873, 10469
1.4471147060394287, 10468
1.448145866394043, 10467
1.4492292404174805, 10466
1.4492292404174805, 10465
1.4502551555633545, 10464
1.451258897781372, 10463
1.4522533416748047, 10462
1.4532511234283447, 10461
1.4532511234283447, 10460
1.4552159309387207, 10459
1.4562127590179443, 10458
1.4583408832550049, 10457
1.4593396186828613, 10456
1.461333990097046, 10455
1.4633290767669678, 10454
1.4643261432647705, 10453
1.4653232097625732, 10452
1.467318058013916, 10451
1.4703099727630615, 10450
1.4713084697723389, 10449
1.4723052978515625, 10448
1.4733021259307861, 10447
1.4744157791137695, 10446
1.4764115810394287, 10445
1.4774088859558105, 10444
1.4794037342071533, 10443
1.480400800704956, 10442
1.481398105621338, 10441
1.4834928512573242, 10440
1.484489917755127, 10439
1.486485242843628, 10438
1.4874820709228516, 10437
1.4884798526763916, 10436
1.4894773960113525, 10435
1.4915904998779297, 10434
1.4935853481292725, 10433
1.4955801963806152, 10432
1.499666690826416, 10431
1.502657175064087, 10430
1.5076754093170166, 10429
1.5126614570617676, 10428
1.5216386318206787, 10427
1.5298137664794922, 10426
1.5308430194854736, 10425
1.5318400859832764, 10424
1.566063642501831, 10423
1.566063642501831, 10422
1.5670301914215088, 10421
1.5680594444274902, 10420
1.5680594444274902, 10419
1.569127082824707, 10418
1.569127082824707, 10417
1.5701584815979004, 10416
1.5701584815979004, 10415
1.5711228847503662, 10414
1.5721204280853271, 10413
1.5721204280853271, 10412
1.5731170177459717, 10411
1.5731170177459717, 10410
1.5741491317749023, 10409
1.5741491317749023, 10408
1.575143575668335, 10407
1.575143575668335, 10406
1.5761439800262451, 10405
1.5761439800262451, 10404
1.5771141052246094, 10403
1.5771141052246094, 10402
1.5782177448272705, 10401
1.5792477130889893, 10400
1.5792477130889893, 10399
1.5802454948425293, 10398
1.5802454948425293, 10397
1.5812420845031738, 10396
1.5812420845031738, 10395
1.5822393894195557, 10394
1.5822393894195557, 10393
1.5832371711730957, 10392
1.5832371711730957, 10391
1.5842339992523193, 10390
1.5842339992523193, 10389
1.585233449935913, 10388
1.585233449935913, 10387
1.5861973762512207, 10386
1.5861973762512207, 10385
1.5872266292572021, 10384
1.5882244110107422, 10383
1.5882244110107422, 10382
1.5892212390899658, 10381
1.5892212390899658, 10380
1.5902180671691895, 10379
1.5902180671691895, 10378
1.5912158489227295, 10377
1.5912158489227295, 10376
1.5921812057495117, 10375
1.5921812057495117, 10374
1.5932118892669678, 10373
1.5932118892669678, 10372
1.594358205795288, 10371
1.594358205795288, 10370
1.5953559875488281, 10369
1.5953559875488281, 10368
1.5963850021362305, 10367
1.5963850021362305, 10366
1.5973825454711914, 10365
1.5973825454711914, 10364
1.598383903503418, 10363
1.598383903503418, 10362
1.5993766784667969, 10361
1.5993766784667969, 10360
1.6003763675689697, 10359
1.6003763675689697, 10358
1.6014373302459717, 10357
1.6014373302459717, 10356
1.6024692058563232, 10355
1.6024692058563232, 10354
1.603463888168335, 10353
1.603463888168335, 10352
1.6044306755065918, 10351
1.605428695678711, 10350
1.605428695678711, 10349
1.6064252853393555, 10348
1.6084198951721191, 10347
1.60941743850708, 10346
1.6104965209960938, 10345
1.6114952564239502, 10344
1.6124927997589111, 10343
1.6144869327545166, 10342
1.6154847145080566, 10341
1.6164822578430176, 10340
1.6174790859222412, 10339
1.6185414791107178, 10338
1.620537519454956, 10337
1.621534824371338, 10336
1.6225321292877197, 10335
1.6235294342041016, 10334
1.6235294342041016, 10333
1.6245265007019043, 10332
1.6285161972045898, 10331
1.6295132637023926, 10330
1.6315078735351562, 10329
1.6325035095214844, 10328
1.633502721786499, 10327
1.6345000267028809, 10326
1.6354975700378418, 10325
1.6374919414520264, 10324
1.6384897232055664, 10323
1.6394870281219482, 10322
1.6394870281219482, 10321
1.6404845714569092, 10320
1.6425600051879883, 10319
1.6435587406158447, 10318
1.6445558071136475, 10317
1.6455531120300293, 10316
1.6475474834442139, 10315
1.6485450267791748, 10314
1.6495425701141357, 10313
1.6506376266479492, 10312
1.6516363620758057, 10311
1.6536309719085693, 10310
1.6536309719085693, 10309
1.6546287536621094, 10308
1.655625581741333, 10307
1.6566228866577148, 10306
1.6577322483062744, 10305
1.65873122215271, 10304
1.6607253551483154, 10303
1.6617228984832764, 10302
1.662719964981079, 10301
1.66371750831604, 10300
1.664715051651001, 10299
1.6667094230651855, 10298
1.6677067279815674, 10297
1.6687042713165283, 10296
1.669701337814331, 10295
1.670698881149292, 10294
1.672694444656372, 10293
1.672694444656372, 10292
1.6738145351409912, 10291
1.6748130321502686, 10290
1.6758108139038086, 10289
1.6778056621551514, 10288
1.678802490234375, 10287
1.679800033569336, 10286
1.6818995475769043, 10285
1.6828980445861816, 10284
1.6838955879211426, 10283
1.6838955879211426, 10282
1.6848926544189453, 10281
1.6868870258331299, 10280
1.6878845691680908, 10279
1.6888830661773682, 10278
1.6900088787078857, 10277
1.6910076141357422, 10276
1.692004919052124, 10275
1.6930017471313477, 10274
1.6949965953826904, 10273
1.6959939002990723, 10272
1.696991205215454, 10271
1.6980948448181152, 10270
1.6990938186645508, 10269
1.7010881900787354, 10268
1.7020854949951172, 10267
1.7030832767486572, 10266
1.7040801048278809, 10265
1.7060747146606445, 10264
1.7060747146606445, 10263
1.70707106590271, 10262
1.7080700397491455, 10261
1.7080700397491455, 10260
1.71006441116333, 10259
1.711061716079712, 10258
1.7120585441589355, 10257
1.7130560874938965, 10256
1.7130560874938965, 10255
1.7141857147216797, 10254
1.715184211730957, 10253
1.7171790599822998, 10252
1.718177080154419, 10251
1.719179391860962, 10250
1.719179391860962, 10249
1.7201709747314453, 10248
1.7201709747314453, 10247
1.7221660614013672, 10246
1.72316312789917, 10245
1.724158763885498, 10244
1.7251579761505127, 10243
1.7261550426483154, 10242
1.728149652481079, 10241
1.7291467189788818, 10240
1.7301440238952637, 10239
1.7311418056488037, 10238
1.7321388721466064, 10237
1.7341337203979492, 10236
1.735131025314331, 10235
1.736128568649292, 10234
1.7371256351470947, 10233
1.7381236553192139, 10232
1.7401180267333984, 10231
1.7411153316497803, 10230
1.742112159729004, 10229
1.7431094646453857, 10228
1.7431094646453857, 10227
1.7441070079803467, 10226
1.7461016178131104, 10225
1.7470993995666504, 10224
1.7480964660644531, 10223
1.749094009399414, 10222
1.7510886192321777, 10221
1.7520856857299805, 10220
1.7530829906463623, 10219
1.7546076774597168, 10218
1.7556068897247314, 10217
1.7566044330596924, 10216
1.7566044330596924, 10215
1.7576003074645996, 10214
1.7576003074645996, 10213
1.7585973739624023, 10212
1.7585973739624023, 10211
1.759594440460205, 10210
1.759594440460205, 10209
1.7605926990509033, 10208
1.7605926990509033, 10207
1.7615892887115479, 10206
1.762589693069458, 10205
1.762589693069458, 10204
1.7635853290557861, 10203
1.7635853290557861, 10202
1.7645816802978516, 10201
1.7645816802978516, 10200
1.7655785083770752, 10199
1.7655785083770752, 10198
1.7665762901306152, 10197
1.7665762901306152, 10196
1.767573356628418, 10195
1.767573356628418, 10194
1.7685706615447998, 10193
1.7695684432983398, 10192
1.770566701889038, 10191
1.7715630531311035, 10190
1.7725610733032227, 10189
1.7725610733032227, 10188
1.7735576629638672, 10187
1.7745556831359863, 10186
1.7745556831359863, 10185
1.7755522727966309, 10184
1.7755522727966309, 10183
1.7765493392944336, 10182
1.7765493392944336, 10181
1.7775473594665527, 10180
1.7775473594665527, 10179
1.7785449028015137, 10178
1.7785449028015137, 10177
1.779540777206421, 10176
1.779540777206421, 10175
1.7805378437042236, 10174
1.7805378437042236, 10173
1.7815351486206055, 10172
1.7825334072113037, 10171
1.7835302352905273, 10170
1.7845275402069092, 10169
1.7855257987976074, 10168
1.7855257987976074, 10167
1.7865231037139893, 10166
1.7865231037139893, 10165
1.7875196933746338, 10164
1.7885191440582275, 10163
1.7895152568817139, 10162
1.7895152568817139, 10161
1.7895152568817139, 10160
1.7905120849609375, 10159
1.7915112972259521, 10158
1.7925083637237549, 10157
1.7925083637237549, 10156
1.7935049533843994, 10155
1.7945020198822021, 10154
1.795499563217163, 10153
1.7974939346313477, 10152
1.7984907627105713, 10151
1.7994909286499023, 10150
1.8004870414733887, 10149
1.8014836311340332, 10148
1.8024811744689941, 10147
1.8034782409667969, 10146
1.8034782409667969, 10145
1.8054790496826172, 10144
1.806473731994629, 10143
1.8084959983825684, 10142
1.8084959983825684, 10141
1.8094935417175293, 10140
1.8094935417175293, 10139
1.810490369796753, 10138
1.810490369796753, 10137
1.8114876747131348, 10136
1.8114876747131348, 10135
1.8114876747131348, 10134
1.812453269958496, 10133
1.812453269958496, 10132
1.8134832382202148, 10131
1.8144488334655762, 10130
1.8154449462890625, 10129
1.8154449462890625, 10128
1.8164420127868652, 10127
1.8164420127868652, 10126
1.817439079284668, 10125
1.817439079284668, 10124
1.818436622619629, 10123
1.818436622619629, 10122
1.8194339275360107, 10121
1.8204312324523926, 10120
1.8214294910430908, 10119
1.8224267959594727, 10118
1.8224267959594727, 10117
1.8234233856201172, 10116
1.82442045211792, 10115
1.825439691543579, 10114
1.8274157047271729, 10113
1.8274157047271729, 10112
1.8294076919555664, 10111
1.8294076919555664, 10110
1.830439567565918, 10109
1.830439567565918, 10108
1.8314027786254883, 10107
1.8314027786254883, 10106
1.8324313163757324, 10105
1.8324313163757324, 10104
1.8334290981292725, 10103
1.8334290981292725, 10102
1.8344264030456543, 10101
1.8344264030456543, 10100
1.835428237915039, 10099
1.835428237915039, 10098
1.8363912105560303, 10097
1.8374192714691162, 10096
1.8383855819702148, 10095
1.8394136428833008, 10094
1.8394136428833008, 10093
1.8404102325439453, 10092
1.8404102325439453, 10091
1.8414080142974854, 10090
1.8414080142974854, 10089
1.8424062728881836, 10088
1.8424062728881836, 10087
1.8434021472930908, 10086
1.8443703651428223, 10085
1.8443703651428223, 10084
1.8463618755340576, 10083
1.847360610961914, 10082
1.848358154296875, 10081
1.8493554592132568, 10080
1.8503527641296387, 10079
1.8513493537902832, 10078
1.8523471355438232, 10077
1.8523471355438232, 10076
1.8533432483673096, 10075
1.8533432483673096, 10074
1.8553390502929688, 10073
1.8553390502929688, 10072
1.8563356399536133, 10071
1.8563356399536133, 10070
1.857332706451416, 10069
1.857332706451416, 10068
1.8593297004699707, 10067
1.8603262901306152, 10066
1.8613231182098389, 10065
1.862320899963379, 10064
1.8633182048797607, 10063
1.8633182048797607, 10062
1.8643152713775635, 10061
1.8663089275360107, 10060
1.8663089275360107, 10059
1.8673067092895508, 10058
1.8673067092895508, 10057
1.8683035373687744, 10056
1.8683035373687744, 10055
1.869300365447998, 10054
1.869300365447998, 10053
1.870297908782959, 10052
1.870297908782959, 10051
1.8712964057922363, 10050
1.8732914924621582, 10049
1.8742892742156982, 10048
1.8742892742156982, 10047
1.875317096710205, 10046
1.875317096710205, 10045
1.8762829303741455, 10044
1.8762829303741455, 10043
1.8773117065429688, 10042
1.8773117065429688, 10041
1.8783113956451416, 10040
1.8783113956451416, 10039
1.8792903423309326, 10038
1.8792903423309326, 10037
1.8803038597106934, 10036
1.8803038597106934, 10035
1.881270170211792, 10034
1.881270170211792, 10033
1.8822684288024902, 10032
1.8842620849609375, 10031
1.8852593898773193, 10030
1.8862566947937012, 10029
1.8862566947937012, 10028
1.887254238128662, 10027
1.8882510662078857, 10026
1.8892483711242676, 10025
1.8892483711242676, 10024
1.890244722366333, 10023
1.890244722366333, 10022
1.8912420272827148, 10021
1.8912420272827148, 10020
1.8922390937805176, 10019
1.8922390937805176, 10018
1.8942370414733887, 10017
1.8942370414733887, 10016
1.8952319622039795, 10015
1.8962633609771729, 10014
1.8962633609771729, 10013
1.8972587585449219, 10012
1.8972587585449219, 10011
1.8982563018798828, 10010
1.8982563018798828, 10009
1.8992528915405273, 10008
1.8992528915405273, 10007
1.9002501964569092, 10006
1.9002501964569092, 10005
1.9012477397918701, 10004
1.9012477397918701, 10003
1.902247667312622, 10002
1.902247667312622, 10001
1.9032106399536133, 10000
1.9042093753814697, 9999
1.905238151550293, 9998
1.905238151550293, 9997
1.906203031539917, 9996
1.906203031539917, 9995
1.9072318077087402, 9994
1.9072318077087402, 9993
1.908229112625122, 9992
1.908229112625122, 9991
1.9091987609863281, 9990
1.9091987609863281, 9989
1.9102258682250977, 9988
1.9111895561218262, 9987
1.9111895561218262, 9986
1.912186861038208, 9985
1.912186861038208, 9984
1.9131832122802734, 9983
1.9131832122802734, 9982
1.9141805171966553, 9981
1.9141805171966553, 9980
1.915177822113037, 9979
1.915177822113037, 9978
1.916175127029419, 9977
1.9171724319458008, 9976
1.9171724319458008, 9975
1.9181692600250244, 9974
1.9181692600250244, 9973
1.9191677570343018, 9972
1.9191677570343018, 9971
1.9201648235321045, 9970
1.9201648235321045, 9969
1.9211645126342773, 9968
1.9221925735473633, 9967
1.9231581687927246, 9966
1.9231581687927246, 9965
1.9241549968719482, 9964
1.9241549968719482, 9963
1.9251832962036133, 9962
1.9251832962036133, 9961
1.9261510372161865, 9960
1.9271466732025146, 9959
1.9271466732025146, 9958
1.9281432628631592, 9957
1.9281432628631592, 9956
1.929140329360962, 9955
1.929140329360962, 9954
1.929140329360962, 9953
1.9301378726959229, 9952
1.9301378726959229, 9951
1.9311354160308838, 9950
1.9321322441101074, 9949
1.9321322441101074, 9948
1.9331300258636475, 9947
1.9331300258636475, 9946
1.9341621398925781, 9945
1.9341621398925781, 9944
1.9351577758789062, 9943
1.9351577758789062, 9942
1.9361541271209717, 9941
1.9361541271209717, 9940
1.9371521472930908, 9939
1.938117504119873, 9938
1.938117504119873, 9937
1.939117670059204, 9936
1.939117670059204, 9935
1.9401435852050781, 9934
1.9401435852050781, 9933
1.94114351272583, 9932
1.9421405792236328, 9931
1.9421405792236328, 9930
1.9431354999542236, 9929
1.9431354999542236, 9928
1.9431354999542236, 9927
1.9441330432891846, 9926
1.9441330432891846, 9925
1.9451305866241455, 9924
1.9451305866241455, 9923
1.9461288452148438, 9922
1.9461288452148438, 9921
1.94712495803833, 9920
1.94712495803833, 9919
1.948089599609375, 9918
1.948089599609375, 9917
1.9491198062896729, 9916
1.9491198062896729, 9915
1.9501192569732666, 9914
1.9501192569732666, 9913
1.9511146545410156, 9912
1.9511146545410156, 9911
1.9521114826202393, 9910
1.9521114826202393, 9909
1.9531097412109375, 9908
1.9531097412109375, 9907
1.9540746212005615, 9906
1.9550721645355225, 9905
1.9550721645355225, 9904
1.956068754196167, 9903
1.956068754196167, 9902
1.9570658206939697, 9901
1.9570658206939697, 9900
1.9580631256103516, 9899
1.9590604305267334, 9898
1.9590604305267334, 9897
1.9590604305267334, 9896
1.9600577354431152, 9895
1.9600577354431152, 9894
1.9610552787780762, 9893
1.9610552787780762, 9892
1.962052345275879, 9891
1.962052345275879, 9890
1.9630498886108398, 9889
1.9640476703643799, 9888
1.9640476703643799, 9887
1.9640476703643799, 9886
1.9650444984436035, 9885
1.9660418033599854, 9884
1.9660418033599854, 9883
1.9660418033599854, 9882
1.9670391082763672, 9881
1.9670391082763672, 9880
1.9680366516113281, 9879
1.9680366516113281, 9878
1.9690346717834473, 9877
1.9700331687927246, 9876
1.971029281616211, 9875
1.9720277786254883, 9874
1.973024606704712, 9873
1.974022388458252, 9872
1.9750192165374756, 9871
1.9770143032073975, 9870
1.978104829788208, 9869
1.9791040420532227, 9868
1.9801008701324463, 9867
1.981097936630249, 9866
1.9820952415466309, 9865
1.9830927848815918, 9864
1.9830927848815918, 9863
1.9840898513793945, 9862
1.9850871562957764, 9861
1.9860851764678955, 9860
1.9870820045471191, 9859
1.9870820045471191, 9858
1.9880800247192383, 9857
1.989077091217041, 9856
1.9900741577148438, 9855
1.9910712242126465, 9854
1.9930660724639893, 9853
1.9941785335540771, 9852
1.9951775074005127, 9851
1.9961743354797363, 9850
1.9971716403961182, 9849
1.9981689453125, 9848
1.999166488647461, 9847
2.0011610984802246, 9846
2.00223970413208, 9845
2.00223970413208, 9844
2.0032382011413574, 9843
2.0032382011413574, 9842
2.0042355060577393, 9841
2.0052640438079834, 9840
2.0052640438079834, 9839
2.0062296390533447, 9838
2.0062296390533447, 9837
2.007258892059326, 9836
2.007258892059326, 9835
2.008256196975708, 9834
2.008256196975708, 9833
2.0093371868133545, 9832
2.0093371868133545, 9831
2.0103678703308105, 9830
2.0103678703308105, 9829
2.011364221572876, 9828
2.011364221572876, 9827
2.012361526489258, 9826
2.012361526489258, 9825
2.013359546661377, 9824
2.013359546661377, 9823
2.0143561363220215, 9822
2.0143561363220215, 9821
2.0153234004974365, 9820
2.0163516998291016, 9819
2.0163516998291016, 9818
2.0174386501312256, 9817
2.0174386501312256, 9816
2.018470048904419, 9815
2.018470048904419, 9814
2.019465446472168, 9813
2.019465446472168, 9812
2.020463705062866, 9811
2.020463705062866, 9810
2.0214285850524902, 9809
2.0214285850524902, 9808
2.02245831489563, 9807
2.02245831489563, 9806
2.0234551429748535, 9805
2.0234551429748535, 9804
2.0244529247283936, 9803
2.0244529247283936, 9802
2.0254204273223877, 9801
2.0254204273223877, 9800
2.0264487266540527, 9799
2.0264487266540527, 9798
2.0274438858032227, 9797
2.0274438858032227, 9796
2.0284409523010254, 9795
2.0284409523010254, 9794
2.0284409523010254, 9793
2.029439926147461, 9792
2.0304367542266846, 9791
2.0304367542266846, 9790
2.031437397003174, 9789
2.031437397003174, 9788
2.032399892807007, 9787
2.032399892807007, 9786
2.033428192138672, 9785
2.033428192138672, 9784
2.0345137119293213, 9783
2.0345137119293213, 9782
2.035546064376831, 9781
2.035546064376831, 9780
2.035546064376831, 9779
2.036529541015625, 9778
2.036529541015625, 9777
2.0385351181030273, 9776
2.0385351181030273, 9775
2.039534091949463, 9774
2.039534091949463, 9773
2.040498971939087, 9772
2.040498971939087, 9771
2.0415279865264893, 9770
2.0416157245635986, 9769
2.0416157245635986, 9768
2.0426454544067383, 9767
2.0426454544067383, 9766
2.043610095977783, 9765
2.043610095977783, 9764
2.044640302658081, 9763
2.044640302658081, 9762
2.045638084411621, 9761
2.045638084411621, 9760
2.0466346740722656, 9759
2.047600030899048, 9758
2.047600030899048, 9757
2.0485970973968506, 9756
2.0485970973968506, 9755
2.0495944023132324, 9754
2.0495944023132324, 9753
2.0505917072296143, 9752
2.0505917072296143, 9751
2.051589012145996, 9750
2.052586555480957, 9749
2.052586555480957, 9748
2.053583860397339, 9747
2.053583860397339, 9746
2.054581642150879, 9745
2.054581642150879, 9744
2.0555782318115234, 9743
2.0555782318115234, 9742
2.0565757751464844, 9741
2.0565757751464844, 9740
2.057572841644287, 9739
2.057572841644287, 9738
2.058570146560669, 9737
2.058570146560669, 9736
2.059567451477051, 9735
2.059567451477051, 9734
2.0605649948120117, 9733
2.0605649948120117, 9732
2.0615622997283936, 9731
2.0615622997283936, 9730
2.0625596046447754, 9729
2.0625596046447754, 9728
2.0635571479797363, 9727
2.0635571479797363, 9726
2.064554214477539, 9725
2.064554214477539, 9724
2.065584182739258, 9723
2.065584182739258, 9722
2.066584348678589, 9721
2.066584348678589, 9720
2.066584348678589, 9719
2.067547559738159, 9718
2.067547559738159, 9717
2.0685765743255615, 9716
2.0685765743255615, 9715
2.069573163986206, 9714
2.069573163986206, 9713
2.070570707321167, 9712
2.070570707321167, 9711
2.071568489074707, 9710
2.071568489074707, 9709
2.072565793991089, 9708
2.072565793991089, 9707
2.0735316276550293, 9706
2.0735316276550293, 9705
2.0745296478271484, 9704
2.0755269527435303, 9703
2.0755269527435303, 9702
2.076523780822754, 9701
2.076523780822754, 9700
2.076523780822754, 9699
2.0775208473205566, 9698
2.0775208473205566, 9697
2.0785183906555176, 9696
2.0785183906555176, 9695
2.079517364501953, 9694
2.079517364501953, 9693
2.0805470943450928, 9692
2.0805470943450928, 9691
2.0815412998199463, 9690
2.0815412998199463, 9689
2.0825071334838867, 9688
2.0825071334838867, 9687
2.083534002304077, 9686
2.083534002304077, 9685
2.084533214569092, 9684
2.084533214569092, 9683
2.085531234741211, 9682
2.085531234741211, 9681
2.0865328311920166, 9680
2.0865328311920166, 9679
2.087493896484375, 9678
2.088491201400757, 9677
2.088491201400757, 9676
2.089519739151001, 9675
2.089519739151001, 9674
2.090517997741699, 9673
2.090517997741699, 9672
2.0915169715881348, 9671
2.0915169715881348, 9670
2.0925118923187256, 9669
2.0925118923187256, 9668
2.0935094356536865, 9667
2.0935094356536865, 9666
2.0944793224334717, 9665
2.0944793224334717, 9664
2.09550404548645, 9663
2.09550404548645, 9662
2.0965046882629395, 9661
2.0965046882629395, 9660
2.0974671840667725, 9659
2.0974671840667725, 9658
2.098496675491333, 9657
2.098496675491333, 9656
2.0994956493377686, 9655
2.0994956493377686, 9654
2.0994956493377686, 9653
2.1004908084869385, 9652
2.1004908084869385, 9651
2.101487874984741, 9650
2.101487874984741, 9649
2.102485179901123, 9648
2.102485179901123, 9647
2.1034531593322754, 9646
2.1034531593322754, 9645
2.104480504989624, 9644
2.105480194091797, 9643
2.105480194091797, 9642
2.106478691101074, 9641
2.106478691101074, 9640
2.106478691101074, 9639
2.1074740886688232, 9638
2.1074740886688232, 9637
2.108469247817993, 9636
2.108469247817993, 9635
2.109466552734375, 9634
2.109466552734375, 9633
2.1104636192321777, 9632
2.1104636192321777, 9631
2.111431837081909, 9630
2.111431837081909, 9629
2.112426996231079, 9628
2.112426996231079, 9627
2.113424301147461, 9626
2.113424301147461, 9625
2.1144208908081055, 9624
2.1144208908081055, 9623
2.1154181957244873, 9622
2.1154181957244873, 9621
2.116415500640869, 9620
2.116415500640869, 9619
2.117412805557251, 9618
2.117412805557251, 9617
2.118410110473633, 9616
2.118410110473633, 9615
2.1194076538085938, 9614
2.120405435562134, 9613
2.1214044094085693, 9612
2.1214044094085693, 9611
2.122431755065918, 9610
2.122431755065918, 9609
2.123427391052246, 9608
2.123427391052246, 9607
2.1244266033172607, 9606
2.1244266033172607, 9605
2.1254241466522217, 9604
2.1254241466522217, 9603
2.1264214515686035, 9602
2.1264214515686035, 9601
2.128384828567505, 9600
2.1294140815734863, 9599
2.1294140815734863, 9598
2.130413770675659, 9597
2.130413770675659, 9596
2.131405830383301, 9595
2.131405830383301, 9594
2.1324055194854736, 9593
2.1324055194854736, 9592
2.133371114730835, 9591
2.133371114730835, 9590
2.133371114730835, 9589
2.134399890899658, 9588
2.135373592376709, 9587
2.1363630294799805, 9586
2.1363630294799805, 9585
2.1383965015411377, 9584
2.1383965015411377, 9583
2.1393849849700928, 9582
2.1393849849700928, 9581
2.1393849849700928, 9580
2.1403841972351074, 9579
2.1403841972351074, 9578
2.141381025314331, 9577
2.142348527908325, 9576
2.143345832824707, 9575
2.143345832824707, 9574
2.144343852996826, 9573
2.1453399658203125, 9572
2.147334337234497, 9571
2.148331642150879, 9570
2.14932918548584, 9569
2.150326728820801, 9568
2.150326728820801, 9567
2.151355028152466, 9566
2.151355028152466, 9565
2.151355028152466, 9564
2.15232253074646, 9563
2.15232253074646, 9562
2.1533186435699463, 9561
2.1533186435699463, 9560
2.1553468704223633, 9559
2.1553468704223633, 9558
2.1563422679901123, 9557
2.1573071479797363, 9556
2.1593010425567627, 9555
2.1602981090545654, 9554
2.1612956523895264, 9553
2.1623265743255615, 9552
2.1623265743255615, 9551
2.1633212566375732, 9550
2.1633212566375732, 9549
2.164320707321167, 9548
2.165286064147949, 9547
2.165286064147949, 9546
2.166282892227173, 9545
2.166282892227173, 9544
2.1672792434692383, 9543
2.1672792434692383, 9542
2.168276786804199, 9541
2.168276786804199, 9540
2.16927433013916, 9539
2.16927433013916, 9538
2.170271635055542, 9537
2.1712698936462402, 9536
2.1712698936462402, 9535
2.172267436981201, 9534
2.1732640266418457, 9533
2.1732640266418457, 9532
2.1742610931396484, 9531
2.1742610931396484, 9530
2.1742610931396484, 9529
2.1752583980560303, 9528
2.1752583980560303, 9527
2.176255702972412, 9526
2.176255702972412, 9525
2.177252769470215, 9524
2.177252769470215, 9523
2.1782500743865967, 9522
2.1782500743865967, 9521
2.1792478561401367, 9520
2.1802778244018555, 9519
2.1802778244018555, 9518
2.1812744140625, 9517
2.1812744140625, 9516
2.1812744140625, 9515
2.1822407245635986, 9514
2.1822407245635986, 9513
2.1832706928253174, 9512
2.1832706928253174, 9511
2.1842668056488037, 9510
2.1842668056488037, 9509
2.1852641105651855, 9508
2.1852641105651855, 9507
2.1862611770629883, 9506
2.1862611770629883, 9505
2.1872270107269287, 9504
2.1882259845733643, 9503
2.1882259845733643, 9502
2.1892542839050293, 9501
2.1892542839050293, 9500
2.1902503967285156, 9499
2.1902503967285156, 9498
2.1912481784820557, 9497
2.1912481784820557, 9496
2.1922483444213867, 9495
2.1922483444213867, 9494
2.193211555480957, 9493
2.193211555480957, 9492
2.1942427158355713, 9491
2.1942427158355713, 9490
2.1952357292175293, 9489
2.1952357292175293, 9488
2.196234941482544, 9487
2.196234941482544, 9486
2.1972005367279053, 9485
2.1972005367279053, 9484
2.1982290744781494, 9483
2.1982290744781494, 9482
2.1982290744781494, 9481
2.1992263793945312, 9480
2.1992263793945312, 9479
2.2002036571502686, 9478
2.2002036571502686, 9477
2.201220989227295, 9476
2.201220989227295, 9475
2.2022202014923096, 9474
2.203213930130005, 9473
2.203213930130005, 9472
2.20418119430542, 9471
2.2051806449890137, 9470
2.2051806449890137, 9469
2.206177234649658, 9468
2.2081716060638428, 9467
2.2091684341430664, 9466
2.210198402404785, 9465
2.210198402404785, 9464
2.2111971378326416, 9463
2.2111971378326416, 9462
2.212160348892212, 9461
2.212160348892212, 9460
2.2131896018981934, 9459
2.2131896018981934, 9458
2.214186429977417, 9457
2.214186429977417, 9456
2.2151527404785156, 9455
2.2151527404785156, 9454
2.2151527404785156, 9453
2.2161812782287598, 9452
2.2161812782287598, 9451
2.2171788215637207, 9450
2.2171788215637207, 9449
2.2181761264801025, 9448
2.2181761264801025, 9447
2.2191755771636963, 9446
2.2191755771636963, 9445
2.220139265060425, 9444
2.220139265060425, 9443
2.221168279647827, 9442
2.221168279647827, 9441
2.222165107727051, 9440
2.222165107727051, 9439
2.2231626510620117, 9438
2.2231626510620117, 9437
2.2241599559783936, 9436
2.2241599559783936, 9435
2.22515869140625, 9434
2.22515869140625, 9433
2.226154327392578, 9432
2.226154327392578, 9431
2.2271206378936768, 9430
2.2271206378936768, 9429
2.2281532287597656, 9428
2.2281532287597656, 9427
2.2281532287597656, 9426
2.2291464805603027, 9425
2.2291464805603027, 9424
2.2301125526428223, 9423
2.2301125526428223, 9422
2.2311410903930664, 9421
2.2311410903930664, 9420
2.2321388721466064, 9419
2.2321388721466064, 9418
2.2331366539001465, 9417
2.2331366539001465, 9416
2.2331366539001465, 9415
2.2331366539001465, 9414
2.2331366539001465, 9413
2.2331366539001465, 9412
2.2360963821411133, 9411
2.2360963821411133, 9410
2.2360963821411133, 9409
2.2371277809143066, 9408
2.238129138946533, 9407
2.239088535308838, 9406
2.239088535308838, 9405
2.239088535308838, 9404
2.2401199340820312, 9403
2.2401199340820312, 9402
2.241198778152466, 9401
2.241198778152466, 9400
2.2422287464141846, 9399
2.2422287464141846, 9398
2.243225336074829, 9397
2.243225336074829, 9396
2.243225336074829, 9395
2.2442235946655273, 9394
2.2442235946655273, 9393
2.2451882362365723, 9392
2.2451882362365723, 9391
2.2462174892425537, 9390
2.2462174892425537, 9389
2.247215747833252, 9388
2.247215747833252, 9387
2.2482120990753174, 9386
2.2482120990753174, 9385
2.249211549758911, 9384
2.2493622303009033, 9383
2.2493622303009033, 9382
2.2503912448883057, 9381
2.2503912448883057, 9380
2.2513585090637207, 9379
2.2513585090637207, 9378
2.252387762069702, 9377
2.252387762069702, 9376
2.2533743381500244, 9375
2.2533743381500244, 9374
2.254351854324341, 9373
2.255347728729248, 9372
2.2573418617248535, 9371
2.258466958999634, 9370
2.2594659328460693, 9369
2.260462760925293, 9368
2.2614588737487793, 9367
2.262460708618164, 9366
2.263486862182617, 9365
2.263486862182617, 9364
2.264451742172241, 9363
2.264451742172241, 9362
2.2654802799224854, 9361
2.2654802799224854, 9360
2.266446352005005, 9359
2.266446352005005, 9358
2.2674434185028076, 9357
2.2674434185028076, 9356
2.2674434185028076, 9355
2.268472194671631, 9354
2.268472194671631, 9353
2.2694764137268066, 9352
2.2694764137268066, 9351
2.2714648246765137, 9350
2.2714648246765137, 9349
2.2724645137786865, 9348
2.2724645137786865, 9347
2.27345871925354, 9346
2.27345871925354, 9345
2.27345871925354, 9344
2.2744572162628174, 9343
2.2754507064819336, 9342
2.2754507064819336, 9341
2.276421546936035, 9340
2.276421546936035, 9339
2.276421546936035, 9338
2.277448892593384, 9337
2.277448892593384, 9336
2.278447389602661, 9335
2.278447389602661, 9334
2.279411554336548, 9333
2.279411554336548, 9332
2.2804441452026367, 9331
2.2804441452026367, 9330
2.281437873840332, 9329
2.281437873840332, 9328
2.281437873840332, 9327
2.282402753829956, 9326
2.282402753829956, 9325
2.2834298610687256, 9324
2.2834298610687256, 9323
2.2844300270080566, 9322
2.2844300270080566, 9321
2.2854268550872803, 9320
2.2854268550872803, 9319
2.2854268550872803, 9318
2.286426067352295, 9317
2.286426067352295, 9316
2.2873897552490234, 9315
2.2883870601654053, 9314
2.2883870601654053, 9313
2.289384126663208, 9312
2.289384126663208, 9311
2.29038143157959, 9310
2.291378974914551, 9309
2.2924091815948486, 9308
2.2924091815948486, 9307
2.2924091815948486, 9306
2.293405532836914, 9305
2.293405532836914, 9304
2.2944045066833496, 9303
2.2944045066833496, 9302
2.295403242111206, 9301
2.295403242111206, 9300
2.295403242111206, 9299
2.2963998317718506, 9298
2.2963998317718506, 9297
2.2973639965057373, 9296
2.2973639965057373, 9295
2.298468589782715, 9294
2.298468589782715, 9293
2.2994985580444336, 9292
2.2994985580444336, 9291
2.2994985580444336, 9290
2.3004980087280273, 9289
2.3004980087280273, 9288
2.301492691040039, 9287
2.301492691040039, 9286
2.302489995956421, 9285
2.302489995956421, 9284
2.3034567832946777, 9283
2.3034567832946777, 9282
2.304485321044922, 9281
2.304485321044922, 9280
2.305485486984253, 9279
2.305485486984253, 9278
2.306447982788086, 9277
2.306447982788086, 9276
2.3074769973754883, 9275
2.3074769973754883, 9274
2.3074769973754883, 9273
2.308471918106079, 9272
2.308471918106079, 9271
2.309471607208252, 9270
2.310469627380371, 9269
2.310469627380371, 9268
2.310469627380371, 9267
2.311466693878174, 9266
2.311466693878174, 9265
2.312432050704956, 9264
2.312432050704956, 9263
2.3134608268737793, 9262
2.3134608268737793, 9261
2.3145246505737305, 9260
2.3145246505737305, 9259
2.315556287765503, 9258
2.315556287765503, 9257
2.316518783569336, 9256
2.316518783569336, 9255
2.316518783569336, 9254
2.317549705505371, 9253
2.317549705505371, 9252
2.3185441493988037, 9251
2.3185441493988037, 9250
2.3195438385009766, 9249
2.3195438385009766, 9248
2.3205406665802, 9247
2.3205406665802, 9246
2.3216214179992676, 9245
2.3216214179992676, 9244
2.322650671005249, 9243
2.322650671005249, 9242
2.322650671005249, 9241
2.3236489295959473, 9240
2.3236489295959473, 9239
2.324643611907959, 9238
2.324643611907959, 9237
2.3256430625915527, 9236
2.3256430625915527, 9235
2.3266401290893555, 9234
2.3266401290893555, 9233
2.3266401290893555, 9232
2.327637195587158, 9231
2.327637195587158, 9230
2.3291172981262207, 9229
2.3301167488098145, 9228
2.3311166763305664, 9227
2.3321101665496826, 9226
2.333136796951294, 9225
2.333136796951294, 9224
2.333136796951294, 9223
2.3341357707977295, 9222
2.3341357707977295, 9221
2.3351333141326904, 9220
2.3351333141326904, 9219
2.336120843887329, 9218
2.336120843887329, 9217
2.337096929550171, 9216
2.3390913009643555, 9215
2.3390913009643555, 9214
2.3390913009643555, 9213
2.340120553970337, 9212
2.340120553970337, 9211
2.3411147594451904, 9210
2.3411147594451904, 9209
2.342082977294922, 9208
2.342082977294922, 9207
2.343111991882324, 9206
2.343111991882324, 9205
2.344111919403076, 9204
2.344111919403076, 9203
2.345106363296509, 9202
2.345106363296509, 9201
2.345106363296509, 9200
2.3461062908172607, 9199
2.3461062908172607, 9198
2.3471016883850098, 9197
2.3471016883850098, 9196
2.3480989933013916, 9195
2.3480989933013916, 9194
2.3501200675964355, 9193
2.3520567417144775, 9192
2.353055477142334, 9191
2.353055477142334, 9190
2.355051040649414, 9189
2.355051040649414, 9188
2.3560452461242676, 9187
2.3560452461242676, 9186
2.357043743133545, 9185
2.357043743133545, 9184
2.3580398559570312, 9183
2.3580398559570312, 9182
2.359036922454834, 9181
2.359036922454834, 9180
2.359036922454834, 9179
2.360034465789795, 9178
2.360034465789795, 9177
2.3610315322875977, 9176
2.3610315322875977, 9175
2.3620290756225586, 9174
2.3620290756225586, 9173
2.3630266189575195, 9172
2.3630266189575195, 9171
2.3630266189575195, 9170
2.3640239238739014, 9169
2.365020990371704, 9168
2.365020990371704, 9167
2.366018295288086, 9166
2.366018295288086, 9165
2.366018295288086, 9164
2.3670156002044678, 9163
2.3670156002044678, 9162
2.368013858795166, 9161
2.368013858795166, 9160
2.3690104484558105, 9159
2.3690104484558105, 9158
2.3700075149536133, 9157
2.37100887298584, 9156
2.3720040321350098, 9155
2.3720040321350098, 9154
2.373030185699463, 9153
2.373030185699463, 9152
2.374000072479248, 9151
2.374000072479248, 9150
2.3749945163726807, 9149
2.3749945163726807, 9148
2.3759915828704834, 9147
2.3759915828704834, 9146
2.3769888877868652, 9145
2.3769888877868652, 9144
2.3769888877868652, 9143
2.377986192703247, 9142
2.377986192703247, 9141
2.378983974456787, 9140
2.37998104095459, 9139
2.37998104095459, 9138
2.3809783458709717, 9137
2.3809783458709717, 9136
2.3809783458709717, 9135
2.3819756507873535, 9134
2.3819756507873535, 9133
2.3829729557037354, 9132
2.3829729557037354, 9131
2.383970260620117, 9130
2.383970260620117, 9129
2.3849680423736572, 9128
2.385965585708618, 9127
2.385965585708618, 9126
2.386962413787842, 9125
2.387993097305298, 9124
2.387993097305298, 9123
2.3889923095703125, 9122
2.3889923095703125, 9121
2.3899872303009033, 9120
2.3899872303009033, 9119
2.3899872303009033, 9118
2.390984058380127, 9117
2.390984058380127, 9116
2.3919837474823, 9115
2.3919837474823, 9114
2.3929800987243652, 9113
2.3929800987243652, 9112
2.3940751552581787, 9111
2.3940751552581787, 9110
2.3940751552581787, 9109
2.395106077194214, 9108
2.395106077194214, 9107
2.396071434020996, 9106
2.397068977355957, 9105
2.397068977355957, 9104
2.3980984687805176, 9103
2.3980984687805176, 9102
2.3990962505340576, 9101
2.3990962505340576, 9100
2.4000914096832275, 9099
2.4000914096832275, 9098
2.4000914096832275, 9097
2.401167392730713, 9096
2.401167392730713, 9095
2.4021964073181152, 9094
2.4021964073181152, 9093
2.4031965732574463, 9092
2.4031965732574463, 9091
2.4051568508148193, 9090
2.4051568508148193, 9089
2.406153678894043, 9088
2.406153678894043, 9087
2.407150983810425, 9086
2.407150983810425, 9085
2.407150983810425, 9084
2.4081485271453857, 9083
2.4081485271453857, 9082
2.4091458320617676, 9081
2.4091458320617676, 9080
2.4101428985595703, 9079
2.4101428985595703, 9078
2.4111404418945312, 9077
2.4111404418945312, 9076
2.412137746810913, 9075
2.412137746810913, 9074
2.413135051727295, 9073
2.413135051727295, 9072
2.413135051727295, 9071
2.4141323566436768, 9070
2.4141323566436768, 9069
2.4151298999786377, 9068
2.4151298999786377, 9067
2.416127920150757, 9066
2.4171574115753174, 9065
2.4171574115753174, 9064
2.41815447807312, 9063
2.41815447807312, 9062
2.419153928756714, 9061
2.419153928756714, 9060
2.420149087905884, 9059
2.420149087905884, 9058
2.4211161136627197, 9057
2.4221127033233643, 9056
2.423110008239746, 9055
2.424107551574707, 9054
2.4261021614074707, 9053
2.4270992279052734, 9052
2.4280967712402344, 9051
2.429093837738037, 9050
2.430091142654419, 9049
2.431086778640747, 9048
2.431086778640747, 9047
2.4330835342407227, 9046
2.4330835342407227, 9045
2.4330835342407227, 9044
2.4340810775756836, 9043
2.436074733734131, 9042
2.4380691051483154, 9041
2.4390664100646973, 9040
2.44106125831604, 9039
2.442272901535034, 9038
2.4432711601257324, 9037
2.4432711601257324, 9036
2.444268226623535, 9035
2.445265769958496, 9034
2.445265769958496, 9033
2.448707342147827, 9032
2.4493725299835205, 9031
2.4493725299835205, 9030
2.450369119644165, 9029
2.450369119644165, 9028
2.4513680934906006, 9027
2.4513680934906006, 9026
2.452399253845215, 9025
2.452399253845215, 9024
2.453362226486206, 9023
2.453362226486206, 9022
2.4543938636779785, 9021
2.4543938636779785, 9020
2.4553894996643066, 9019
2.4553894996643066, 9018
2.4563868045806885, 9017
2.4563868045806885, 9016
2.4573800563812256, 9015
2.4574623107910156, 9014
2.4574623107910156, 9013
2.458488941192627, 9012
2.458488941192627, 9011
2.459488868713379, 9010
2.459488868713379, 9009
2.459488868713379, 9008
2.46048641204834, 9007
2.46048641204834, 9006
2.461487293243408, 9005
2.461487293243408, 9004
2.461487293243408, 9003
2.4624509811401367, 9002
2.4624509811401367, 9001
2.4634811878204346, 9000
2.4634811878204346, 8999
2.464475631713867, 8998
2.464475631713867, 8997
2.465472936630249, 8996
2.465472936630249, 8995
2.465472936630249, 8994
2.466468334197998, 8993
2.466468334197998, 8992
2.4674675464630127, 8991
2.4674675464630127, 8990
2.4684336185455322, 8989
2.4684336185455322, 8988
2.4684336185455322, 8987
2.469465970993042, 8986
2.469465970993042, 8985
2.4704601764678955, 8984
2.4704601764678955, 8983
2.4714605808258057, 8982
2.4714605808258057, 8981
2.472454309463501, 8980
2.472454309463501, 8979
2.472454309463501, 8978
2.473451614379883, 8977
2.473451614379883, 8976
2.4745285511016846, 8975
2.4745285511016846, 8974
2.475555419921875, 8973
2.475555419921875, 8972
2.4765241146087646, 8971
2.4765241146087646, 8970
2.4765241146087646, 8969
2.4775216579437256, 8968
2.4775216579437256, 8967
2.4785544872283936, 8966
2.4785544872283936, 8965
2.4795470237731934, 8964
2.4795470237731934, 8963
2.4795470237731934, 8962
2.480546712875366, 8961
2.480546712875366, 8960
2.4816222190856934, 8959
2.4816222190856934, 8958
2.4816222190856934, 8957
2.482651710510254, 8956
2.482651710510254, 8955
2.483617067337036, 8954
2.483617067337036, 8953
2.484644651412964, 8952
2.484644651412964, 8951
2.4856438636779785, 8950
2.4856438636779785, 8949
2.4856438636779785, 8948
2.4866411685943604, 8947
2.487642288208008, 8946
2.487642288208008, 8945
2.488712787628174, 8944
2.488712787628174, 8943
2.488712787628174, 8942
2.4897422790527344, 8941
2.4897422790527344, 8940
2.4907407760620117, 8939
2.4907407760620117, 8938
2.4917380809783936, 8937
2.4917380809783936, 8936
2.4917380809783936, 8935
2.492734432220459, 8934
2.49373459815979, 8933
2.49373459815979, 8932
2.49472975730896, 8931
2.49472975730896, 8930
2.495695114135742, 8929
2.495695114135742, 8928
2.495695114135742, 8927
2.496725082397461, 8926
2.496725082397461, 8925
2.497720718383789, 8924
2.497720718383789, 8923
2.498687505722046, 8922
2.498687505722046, 8921
2.4997167587280273, 8920
2.4997167587280273, 8919
2.5007166862487793, 8918
2.5007166862487793, 8917
2.5007166862487793, 8916
2.5017127990722656, 8915
2.5017127990722656, 8914
2.5027079582214355, 8913
2.5027079582214355, 8912
2.503673791885376, 8911
2.503673791885376, 8910
2.504709482192993, 8909
2.504709482192993, 8908
2.50570011138916, 8907
2.50570011138916, 8906
2.506697177886963, 8905
2.506697177886963, 8904
2.506697177886963, 8903
2.5076956748962402, 8902
2.5076956748962402, 8901
2.5086922645568848, 8900
2.5086922645568848, 8899
2.5096921920776367, 8898
2.5096921920776367, 8897
2.510654926300049, 8896
2.510654926300049, 8895
2.5116841793060303, 8894
2.5116841793060303, 8893
2.512648820877075, 8892
2.512648820877075, 8891
2.5138556957244873, 8890
2.513897657394409, 8889
2.513897657394409, 8888
2.5149283409118652, 8887
2.5149283409118652, 8886
2.515925645828247, 8885
2.515925645828247, 8884
2.516923427581787, 8883
2.516923427581787, 8882
2.516923427581787, 8881
2.5179247856140137, 8880
2.5179247856140137, 8879
2.5189168453216553, 8878
2.5189168453216553, 8877
2.519913911819458, 8876
2.519913911819458, 8875
2.5209896564483643, 8874
2.5209896564483643, 8873
2.522021770477295, 8872
2.522021770477295, 8871
2.523017406463623, 8870
2.523017406463623, 8869
2.523017406463623, 8868
2.5240142345428467, 8867
2.5240142345428467, 8866
2.5250189304351807, 8865
2.5250189304351807, 8864
2.5260086059570312, 8863
2.5260086059570312, 8862
2.5270068645477295, 8861
2.5270068645477295, 8860
2.5280048847198486, 8859
2.5280048847198486, 8858
2.5290002822875977, 8857
2.529085636138916, 8856
2.529085636138916, 8855
2.5301127433776855, 8854
2.5301127433776855, 8853
2.5311100482940674, 8852
2.5311100482940674, 8851
2.5311100482940674, 8850
2.532109498977661, 8849
2.532109498977661, 8848
2.5330755710601807, 8847
2.5330755710601807, 8846
2.5341060161590576, 8845
2.5341060161590576, 8844
2.5351028442382812, 8843
2.5351028442382812, 8842
2.536066770553589, 8841
2.536066770553589, 8840
2.536066770553589, 8839
2.537064790725708, 8838
2.538135051727295, 8837
2.5381710529327393, 8836
2.5381710529327393, 8835
2.5392005443573, 8834
2.5401666164398193, 8833
2.5401666164398193, 8832
2.5401666164398193, 8831
2.5411953926086426, 8830
2.5411953926086426, 8829
2.542192220687866, 8828
2.542192220687866, 8827
2.542192220687866, 8826
2.543189287185669, 8825
2.543189287185669, 8824
2.544187307357788, 8823
2.544187307357788, 8822
2.545154094696045, 8821
2.545154094696045, 8820
2.54618239402771, 8819
2.54618239402771, 8818
2.54618239402771, 8817
2.5471794605255127, 8816
2.5471794605255127, 8815
2.5481741428375244, 8814
2.5481741428375244, 8813
2.5491743087768555, 8812
2.5491743087768555, 8811
2.550171136856079, 8810
2.550171136856079, 8809
2.5511369705200195, 8808
2.5511369705200195, 8807
2.5511369705200195, 8806
2.5521655082702637, 8805
2.5521655082702637, 8804
2.553165912628174, 8803
2.554248332977295, 8802
2.554248332977295, 8801
2.554248332977295, 8800
2.555246591567993, 8799
2.555246591567993, 8798
2.556276321411133, 8797
2.556276321411133, 8796
2.557274103164673, 8795
2.557274103164673, 8794
2.5582385063171387, 8793
2.5582385063171387, 8792
2.5582385063171387, 8791
2.559269666671753, 8790
2.559269666671753, 8789
2.560264825820923, 8788
2.560264825820923, 8787
2.5613367557525635, 8786
2.5613367557525635, 8785
2.5613367557525635, 8784
2.562366247177124, 8783
2.562366247177124, 8782
2.563363790512085, 8781
2.563363790512085, 8780
2.5643622875213623, 8779
2.5643622875213623, 8778
2.5643622875213623, 8777
2.565359115600586, 8776
2.565359115600586, 8775
2.566357135772705, 8774
2.566357135772705, 8773
2.56732177734375, 8772
2.56732177734375, 8771
2.5683505535125732, 8770
2.5683505535125732, 8769
2.5693488121032715, 8768
2.569418430328369, 8767
2.569418430328369, 8766
2.5704166889190674, 8765
2.571413993835449, 8764
2.571413993835449, 8763
2.5724105834960938, 8762
2.5724105834960938, 8761
2.5734078884124756, 8760
2.57440447807312, 8759
2.57440447807312, 8758
2.57540225982666, 8757
2.57540225982666, 8756
2.576399564743042, 8755
2.576399564743042, 8754
2.577396869659424, 8753
2.577396869659424, 8752
2.5784764289855957, 8751
2.5785162448883057, 8750
2.5785162448883057, 8749
2.5795459747314453, 8748
2.5795459747314453, 8747
2.5805118083953857, 8746
2.5805118083953857, 8745
2.581543207168579, 8744
2.581543207168579, 8743
2.58253812789917, 8742
2.58253812789917, 8741
2.58253812789917, 8740
2.5835351943969727, 8739
2.5835351943969727, 8738
2.584533214569092, 8737
2.584533214569092, 8736
2.5855298042297363, 8735
2.5855298042297363, 8734
2.5865275859832764, 8733
2.5874931812286377, 8732
2.588494300842285, 8731
2.5894882678985596, 8730
2.5904858112335205, 8729
2.5914831161499023, 8728
2.592480421066284, 8727
2.593477487564087, 8726
2.594601631164551, 8725
2.5956003665924072, 8724
2.596597671508789, 8723
2.597594976425171, 8722
2.598592519760132, 8721
2.5995893478393555, 8720
2.6005868911743164, 8719
2.6026713848114014, 8718
2.603671073913574, 8717
2.604667901992798, 8716
2.604667901992798, 8715
2.6056647300720215, 8714
2.606661796569824, 8713
2.6076598167419434, 8712
2.608656883239746, 8711
2.6096537113189697, 8710
2.6116464138031006, 8709
2.6126461029052734, 8708
2.613643169403076, 8707
2.614642381668091, 8706
2.614642381668091, 8705
2.615638256072998, 8704
2.616635322570801, 8703
2.61763072013855, 8702
2.61962628364563, 8701
2.621622323989868, 8700
2.621622323989868, 8699
2.6226208209991455, 8698
2.6256120204925537, 8697
2.626626968383789, 8696
2.626626968383789, 8695
2.6276369094848633, 8694
2.6276369094848633, 8693
2.628633737564087, 8692
2.628633737564087, 8691
2.6296000480651855, 8690
2.630598306655884, 8689
2.631596565246582, 8688
2.6325924396514893, 8687
2.6325924396514893, 8686
2.6335883140563965, 8685
2.6335883140563965, 8684
2.6345858573913574, 8683
2.6345858573913574, 8682
2.63558292388916, 8681
2.63558292388916, 8680
2.63558292388916, 8679
2.636579990386963, 8678
2.6375796794891357, 8677
2.6385765075683594, 8676
2.6395745277404785, 8675
2.640571355819702, 8674
2.641568183898926, 8673
2.6435976028442383, 8672
2.6455600261688232, 8671
2.6465556621551514, 8670
2.647552967071533, 8669
2.647552967071533, 8668
2.6485812664031982, 8667
2.649578809738159, 8666
2.649578809738159, 8665
2.6505775451660156, 8664
2.6505775451660156, 8663
2.6505775451660156, 8662
2.6515731811523438, 8661
2.6515731811523438, 8660
2.6525721549987793, 8659
2.6525721549987793, 8658
2.6535727977752686, 8657
2.654533863067627, 8656
2.6555674076080322, 8655
2.6555674076080322, 8654
2.6565282344818115, 8653
2.6565282344818115, 8652
2.6565282344818115, 8651
2.657557249069214, 8650
2.657557249069214, 8649
2.6585569381713867, 8648
2.6585569381713867, 8647
2.6595511436462402, 8646
2.6595511436462402, 8645
2.660548448562622, 8644
2.660548448562622, 8643
2.660548448562622, 8642
2.6615467071533203, 8641
2.6615467071533203, 8640
2.6625123023986816, 8639
2.6625123023986816, 8638
2.663510322570801, 8637
2.663510322570801, 8636
2.664538621902466, 8635
2.664538621902466, 8634
2.6655356884002686, 8633
2.6655356884002686, 8632
2.6665308475494385, 8631
2.6665308475494385, 8630
2.6665308475494385, 8629
2.667529821395874, 8628
2.667529821395874, 8627
2.668527126312256, 8626
2.668527126312256, 8625
2.669525146484375, 8624
2.669525146484375, 8623
2.669525146484375, 8622
2.6704912185668945, 8621
2.6714885234832764, 8620
2.6714885234832764, 8619
2.6714885234832764, 8618
2.6725175380706787, 8617
2.6725175380706787, 8616
2.6736135482788086, 8615
2.6736135482788086, 8614
2.67464017868042, 8613
2.67464017868042, 8612
2.67464017868042, 8611
2.675640344619751, 8610
2.675640344619751, 8609
2.676637887954712, 8608
2.676637887954712, 8607
2.677638053894043, 8606
2.677638053894043, 8605
2.6786327362060547, 8604
2.6786327362060547, 8603
2.6786327362060547, 8602
2.6796329021453857, 8601
2.6796329021453857, 8600
2.680767774581909, 8599
2.6817657947540283, 8598
2.6817657947540283, 8597
2.6827948093414307, 8596
2.6827948093414307, 8595
2.6827948093414307, 8594
2.6837918758392334, 8593
2.6837918758392334, 8592
2.684757709503174, 8591
2.684757709503174, 8590
2.685786247253418, 8589
2.685786247253418, 8588
2.6867852210998535, 8587
2.6867852210998535, 8586
2.687784194946289, 8585
2.687784194946289, 8584
2.6887781620025635, 8583
2.6888718605041504, 8582
2.6888718605041504, 8581
2.6899032592773438, 8580
2.6899032592773438, 8579
2.690901279449463, 8578
2.690901279449463, 8577
2.690901279449463, 8576
2.6918976306915283, 8575
2.6918976306915283, 8574
2.6928939819335938, 8573
2.6928939819335938, 8572
2.693859815597534, 8571
2.693859815597534, 8570
2.693859815597534, 8569
2.694889783859253, 8568
2.694889783859253, 8567
2.6958885192871094, 8566
2.6958885192871094, 8565
2.6958885192871094, 8564
2.696950674057007, 8563
2.696950674057007, 8562
2.6979775428771973, 8561
2.6979775428771973, 8560
2.698977470397949, 8559
2.698977470397949, 8558
2.6999433040618896, 8557
2.6999433040618896, 8556
2.6999433040618896, 8555
2.7009756565093994, 8554
2.7009756565093994, 8553
2.701970338821411, 8552
2.701970338821411, 8551
2.702969551086426, 8550
2.702969551086426, 8549
2.7039318084716797, 8548
2.7049624919891357, 8547
2.7049624919891357, 8546
2.7049624919891357, 8545
2.7059571743011475, 8544
2.7059571743011475, 8543
2.706956386566162, 8542
2.706956386566162, 8541
2.707954168319702, 8540
2.707954168319702, 8539
2.708954334259033, 8538
2.708954334259033, 8537
2.708954334259033, 8536
2.7099485397338867, 8535
2.7099485397338867, 8534
2.7109484672546387, 8533
2.7109484672546387, 8532
2.7119431495666504, 8531
2.7119431495666504, 8530
2.7129406929016113, 8529
2.7129406929016113, 8528
2.713935375213623, 8527
2.7140164375305176, 8526
2.7140164375305176, 8525
2.715043783187866, 8524
2.715043783187866, 8523
2.715043783187866, 8522
2.716043710708618, 8521
2.716043710708618, 8520
2.717041015625, 8519
2.717041015625, 8518
2.7180421352386475, 8517
2.7180421352386475, 8516
2.719003915786743, 8515
2.719003915786743, 8514
2.7200353145599365, 8513
2.7200353145599365, 8512
2.7211053371429443, 8511
2.7211053371429443, 8510
2.722104549407959, 8509
2.722104549407959, 8508
2.722104549407959, 8507
2.723132848739624, 8506
2.723132848739624, 8505
2.7241322994232178, 8504
2.7241322994232178, 8503
2.7251272201538086, 8502
2.7251272201538086, 8501
2.7251272201538086, 8500
2.7261242866516113, 8499
2.7261242866516113, 8498
2.727118730545044, 8497
2.727118730545044, 8496
2.728118896484375, 8495
2.728118896484375, 8494
2.728118896484375, 8493
2.7291877269744873, 8492
2.7291877269744873, 8491
2.730217456817627, 8490
2.730217456817627, 8489
2.730217456817627, 8488
2.7311835289001465, 8487
2.7311835289001465, 8486
2.7322120666503906, 8485
2.7322120666503906, 8484
2.7332091331481934, 8483
2.7332091331481934, 8482
2.7332091331481934, 8481
2.7342076301574707, 8480
2.7342076301574707, 8479
2.735203981399536, 8478
2.735203981399536, 8477
2.736170768737793, 8476
2.736170768737793, 8475
2.7371666431427, 8474
2.738196611404419, 8473
2.738287925720215, 8472
2.738287925720215, 8471
2.7393174171447754, 8470
2.7393174171447754, 8469
2.740314245223999, 8468
2.740314245223999, 8467
2.7412822246551514, 8466
2.7412822246551514, 8465
2.7412822246551514, 8464
2.74230694770813, 8463
2.74230694770813, 8462
2.7433063983917236, 8461
2.7433063983917236, 8460
2.7433063983917236, 8459
2.7443037033081055, 8458
2.7443037033081055, 8457
2.7453010082244873, 8456
2.7453010082244873, 8455
2.7462682723999023, 8454
2.7472691535949707, 8453
2.748263120651245, 8452
2.748263120651245, 8451
2.749290704727173, 8450
2.749290704727173, 8449
2.749290704727173, 8448
2.750286817550659, 8447
2.750286817550659, 8446
2.7512857913970947, 8445
2.7512857913970947, 8444
2.7522525787353516, 8443
2.7522525787353516, 8442
2.753279685974121, 8441
2.753279685974121, 8440
2.7542452812194824, 8439
2.7542452812194824, 8438
2.755282163619995, 8437
2.755282163619995, 8436
2.755282163619995, 8435
2.756242275238037, 8434
2.756242275238037, 8433
2.7572691440582275, 8432
2.7572691440582275, 8431
2.7572691440582275, 8430
2.7582640647888184, 8429
2.7582640647888184, 8428
2.759265184402466, 8427
2.759265184402466, 8426
2.7602617740631104, 8425
2.7602617740631104, 8424
2.761263608932495, 8423
2.761263608932495, 8422
2.761263608932495, 8421
2.762255907058716, 8420
2.762255907058716, 8419
2.7632558345794678, 8418
2.7632558345794678, 8417
2.7632558345794678, 8416
2.7642509937286377, 8415
2.7642509937286377, 8414
2.7652475833892822, 8413
2.7652475833892822, 8412
2.766242504119873, 8411
2.766242504119873, 8410
2.766242504119873, 8409
2.767242431640625, 8408
2.767242431640625, 8407
2.7682394981384277, 8406
2.7682394981384277, 8405
2.7682394981384277, 8404
2.769242286682129, 8403
2.769242286682129, 8402
2.7703022956848145, 8401
2.7703022956848145, 8400
2.771300792694092, 8399
2.771300792694092, 8398
2.7723307609558105, 8397
2.7723307609558105, 8396
2.7733287811279297, 8395
2.7733287811279297, 8394
2.7733287811279297, 8393
2.774291515350342, 8392
2.774291515350342, 8391
2.7753212451934814, 8390
2.7753212451934814, 8389
2.776287317276001, 8388
2.776287317276001, 8387
2.776287317276001, 8386
2.777284860610962, 8385
2.777284860610962, 8384
2.7784013748168945, 8383
2.7784013748168945, 8382
2.7784013748168945, 8381
2.779428243637085, 8380
2.779428243637085, 8379
2.780428409576416, 8378
2.780428409576416, 8377
2.781425952911377, 8376
2.781425952911377, 8375
2.781425952911377, 8374
2.782425880432129, 8373
2.782425880432129, 8372
2.7833893299102783, 8371
2.7833893299102783, 8370
2.78442120552063, 8369
2.78442120552063, 8368
2.78442120552063, 8367
2.7854151725769043, 8366
2.7854151725769043, 8365
2.786414384841919, 8364
2.786414384841919, 8363
2.7873780727386475, 8362
2.7884092330932617, 8361
2.7884092330932617, 8360
2.7893729209899902, 8359
2.7893729209899902, 8358
2.7893729209899902, 8357
2.790404796600342, 8356
2.790404796600342, 8355
2.7913670539855957, 8354
2.7913670539855957, 8353
2.7923636436462402, 8352
2.7923636436462402, 8351
2.7923636436462402, 8350
2.793361186981201, 8349
2.793361186981201, 8348
2.7945330142974854, 8347
2.795542001724243, 8346
2.795542001724243, 8345
2.7965598106384277, 8344
2.7965598106384277, 8343
2.7965598106384277, 8342
2.7975597381591797, 8341
2.7975597381591797, 8340
2.7985551357269287, 8339
2.7985551357269287, 8338
2.7995519638061523, 8337
2.7995519638061523, 8336
2.7995519638061523, 8335
2.800546646118164, 8334
2.800546646118164, 8333
2.8016278743743896, 8332
2.8016278743743896, 8331
2.8016278743743896, 8330
2.802656888961792, 8329
2.802656888961792, 8328
2.803654670715332, 8327
2.803654670715332, 8326
2.8046553134918213, 8325
2.8046553134918213, 8324
2.8056252002716064, 8323
2.806617021560669, 8322
2.8076446056365967, 8321
2.8076446056365967, 8320
2.808609962463379, 8319
2.808609962463379, 8318
2.808609962463379, 8317
2.8097286224365234, 8316
2.8097286224365234, 8315
2.8097286224365234, 8314
2.810758113861084, 8313
2.810758113861084, 8312
2.811722755432129, 8311
2.811722755432129, 8310
2.811722755432129, 8309
2.8127570152282715, 8308
2.8127570152282715, 8307
2.813750743865967, 8306
2.813750743865967, 8305
2.813750743865967, 8304
2.8147482872009277, 8303
2.8147482872009277, 8302
2.815748453140259, 8301
2.815748453140259, 8300
2.815748453140259, 8299
2.816807270050049, 8298
2.816807270050049, 8297
2.817805767059326, 8296
2.817805767059326, 8295
2.818802833557129, 8294
2.818802833557129, 8293
2.819833517074585, 8292
2.819833517074585, 8291
2.8207972049713135, 8290
2.8217954635620117, 8289
2.8217954635620117, 8288
2.822827100753784, 8287
2.822827100753784, 8286
2.822827100753784, 8285
2.8238205909729004, 8284
2.8238205909729004, 8283
2.8248183727264404, 8282
2.8248183727264404, 8281
2.8248183727264404, 8280
2.825817823410034, 8279
2.825817823410034, 8278
2.8267812728881836, 8277
2.8267812728881836, 8276
2.827812671661377, 8275
2.827812671661377, 8274
2.8288075923919678, 8273
2.8288075923919678, 8272
2.8288075923919678, 8271
2.8298044204711914, 8270
2.8298044204711914, 8269
2.8307993412017822, 8268
2.8307993412017822, 8267
2.8307993412017822, 8266
2.8317999839782715, 8265
2.8317999839782715, 8264
2.8327972888946533, 8263
2.8327972888946533, 8262
2.8327972888946533, 8261
2.833796501159668, 8260
2.833796501159668, 8259
2.8347911834716797, 8258
2.8347911834716797, 8257
2.8347911834716797, 8256
2.835757255554199, 8255
2.835757255554199, 8254
2.835757255554199, 8253
2.835757255554199, 8252
2.835757255554199, 8251
2.835757255554199, 8250
2.8387789726257324, 8249
2.8387789726257324, 8248
2.8387789726257324, 8247
2.839777946472168, 8246
2.839777946472168, 8245
2.840770721435547, 8244
2.840770721435547, 8243
2.840770721435547, 8242
2.841853380203247, 8241
2.841853380203247, 8240
2.8428797721862793, 8239
2.8428797721862793, 8238
2.8428797721862793, 8237
2.8438758850097656, 8236
2.8438758850097656, 8235
2.8448736667633057, 8234
2.8448736667633057, 8233
2.8448736667633057, 8232
2.8458433151245117, 8231
2.8458433151245117, 8230
2.8468668460845947, 8229
2.8468668460845947, 8228
2.8468668460845947, 8227
2.8478667736053467, 8226
2.8478667736053467, 8225
2.8488528728485107, 8224
2.8488528728485107, 8223
2.8488528728485107, 8222
2.8499252796173096, 8221
2.8499252796173096, 8220
2.8509554862976074, 8219
2.8509554862976074, 8218
2.8509554862976074, 8217
2.8519530296325684, 8216
2.8519530296325684, 8215
2.8529539108276367, 8214
2.8529539108276367, 8213
2.8539156913757324, 8212
2.854947090148926, 8211
2.854947090148926, 8210
2.8559420108795166, 8209
2.8559420108795166, 8208
2.8559420108795166, 8207
2.85701847076416, 8206
2.85701847076416, 8205
2.85701847076416, 8204
2.8580172061920166, 8203
2.859048366546631, 8202
2.859048366546631, 8201
2.8600430488586426, 8200
2.8600430488586426, 8199
2.861008644104004, 8198
2.8620424270629883, 8197
2.8620424270629883, 8196
2.8620424270629883, 8195
2.86303448677063, 8194
2.86303448677063, 8193
2.8640007972717285, 8192
2.8640007972717285, 8191
2.8640007972717285, 8190
2.86503005027771, 8189
2.86503005027771, 8188
2.8660268783569336, 8187
2.8660268783569336, 8186
2.8670296669006348, 8185
2.8670296669006348, 8184
2.8670296669006348, 8183
2.868021249771118, 8182
2.868021249771118, 8181
2.8690185546875, 8180
2.8690185546875, 8179
2.8690185546875, 8178
2.8700156211853027, 8177
2.8700156211853027, 8176
2.87101411819458, 8175
2.87101411819458, 8174
2.8720133304595947, 8173
2.8720133304595947, 8172
2.8720133304595947, 8171
2.8729770183563232, 8170
2.8729770183563232, 8169
2.8740901947021484, 8168
2.8740901947021484, 8167
2.8751206398010254, 8166
2.876121759414673, 8165
2.876121759414673, 8164
2.8771145343780518, 8163
2.8771145343780518, 8162
2.8781113624572754, 8161
2.8791089057922363, 8160
2.8791089057922363, 8159
2.8801064491271973, 8158
2.8811357021331787, 8157
2.8811683654785156, 8156
2.882197141647339, 8155
2.882197141647339, 8154
2.8831634521484375, 8153
2.8841922283172607, 8152
2.8841922283172607, 8151
2.8851890563964844, 8150
2.886167049407959, 8149
2.886167049407959, 8148
2.887153387069702, 8147
2.8881497383117676, 8146
2.889148712158203, 8145
2.8902621269226074, 8144
2.8912606239318848, 8143
2.8922579288482666, 8142
2.8932549953460693, 8141
2.8942525386810303, 8140
2.896247386932373, 8139
2.897244691848755, 8138
2.898373603820801, 8137
2.8993723392486572, 8136
2.900369644165039, 8135
2.9013664722442627, 8134
2.9023640155792236, 8133
2.9033617973327637, 8132
2.9043591022491455, 8131
2.9053561687469482, 8130
2.906353235244751, 8129
2.907350540161133, 8128
2.908348321914673, 8127
2.9093453884124756, 8126
2.9113399982452393, 8125
2.9123377799987793, 8124
2.913334846496582, 8123
2.915475368499756, 8122
2.9164726734161377, 8121
2.9174702167510986, 8120
2.9184675216674805, 8119
2.9194648265838623, 8118
2.9204607009887695, 8117
2.921459913253784, 8116
2.921459913253784, 8115
2.9235622882843018, 8114
2.924560308456421, 8113
2.9255576133728027, 8112
2.9265551567077637, 8111
2.9275524616241455, 8110
2.9295475482940674, 8109
2.930544376373291, 8108
2.931541681289673, 8107
2.9325389862060547, 8106
2.933537006378174, 8105
2.934535264968872, 8104
2.9355311393737793, 8103
2.9375264644622803, 8102
2.938523530960083, 8101
2.9395203590393066, 8100
2.9405179023742676, 8099
2.942512273788452, 8098
2.943509817123413, 8097
2.944507122039795, 8096
2.9455044269561768, 8095
2.9465014934539795, 8094
2.9474992752075195, 8093
2.9484963417053223, 8092
2.949493885040283, 8091
2.950491189956665, 8090
2.9514894485473633, 8089
2.9524857997894287, 8088
2.9535953998565674, 8087
2.954594612121582, 8086
2.9555916786193848, 8085
2.9565887451171875, 8084
2.958583354949951, 8083
2.959580659866333, 8082
2.9605767726898193, 8081
2.9617419242858887, 8080
2.962773561477661, 8079
2.962773561477661, 8078
2.9637467861175537, 8077
2.9647669792175293, 8076
2.9647669792175293, 8075
2.9657645225524902, 8074
2.9667608737945557, 8073
2.9667608737945557, 8072
2.967726945877075, 8071
2.9688358306884766, 8070
2.9698352813720703, 8069
2.9698352813720703, 8068
2.9708635807037354, 8067
2.9718611240386963, 8066
2.972857713699341, 8065
2.972857713699341, 8064
2.9738550186157227, 8063
2.9748528003692627, 8062
2.9758200645446777, 8061
2.9768142700195312, 8060
2.977811813354492, 8059
2.977928876876831, 8058
2.9789586067199707, 8057
2.979924201965332, 8056
2.979924201965332, 8055
2.980956792831421, 8054
2.981950521469116, 8053
2.981950521469116, 8052
2.98294997215271, 8051
2.983944892883301, 8050
2.9849112033843994, 8049
2.9849112033843994, 8048
2.985941171646118, 8047
2.9869368076324463, 8046
2.9879350662231445, 8045
2.9898970127105713, 8044
2.9908950328826904, 8043
2.9919238090515137, 8042
2.994016170501709, 8041
2.9960451126098633, 8040
2.9990034103393555, 8039
3.000997304916382, 8038
3.0041770935058594, 8037
3.0062003135681152, 8036
3.008197784423828, 8035
3.01019549369812, 8034
3.0121867656707764, 8033
3.01517915725708, 8032
3.0171730518341064, 8031
3.0192909240722656, 8030
3.021284818649292, 8029
3.0242462158203125, 8028
3.0272376537323, 8027
3.0302298069000244, 8026
3.033221483230591, 8025
3.0363364219665527, 8024
3.0393598079681396, 8023
3.0414397716522217, 8022
3.043466091156006, 8021
3.0454611778259277, 8020
3.04742431640625, 8019
3.0505259037017822, 8018
3.0525524616241455, 8017
3.05454421043396, 8016
3.057594060897827, 8015
3.059626579284668, 8014
3.061652660369873, 8013
3.063650608062744, 8012
3.0656421184539795, 8011
3.068634033203125, 8010
3.070627212524414, 8009
3.0726234912872314, 8008
3.075709819793701, 8007
3.0777039527893066, 8006
3.0796988010406494, 8005
3.081806182861328, 8004
3.0848307609558105, 8003
3.08679461479187, 8002
3.0889039039611816, 8001
3.090930700302124, 8000
3.0939254760742188, 7999
3.0959174633026123, 7998
3.0979957580566406, 7997
3.100024700164795, 7996
3.1030123233795166, 7995
3.105009078979492, 7994
3.106973886489868, 7993
3.1089985370635986, 7992
3.111992120742798, 7991
3.1140737533569336, 7990
3.117067813873291, 7989
3.1190621852874756, 7988
3.122180223464966, 7987
3.1251730918884277, 7986
3.128211498260498, 7985
3.1303677558898926, 7984
3.132361650466919, 7983
3.1353564262390137, 7982
3.137457847595215, 7981
3.1394848823547363, 7980
3.142479419708252, 7979
3.144439697265625, 7978
3.147433042526245, 7977
3.149458408355713, 7976
3.1514534950256348, 7975
3.154528856277466, 7974
3.1565256118774414, 7973
3.159545660018921, 7972
3.1615118980407715, 7971
3.166750907897949, 7970
3.1697444915771484, 7969
3.172703742980957, 7968
3.1756956577301025, 7967
3.179684638977051, 7966
3.182675361633301, 7965
3.187664031982422, 7964
3.1896893978118896, 7963
3.1926817893981934, 7962
3.1956729888916016, 7961
3.19766902923584, 7960
3.1996634006500244, 7959
3.201657772064209, 7958
3.204650402069092, 7957
3.20664381980896, 7956
3.2097368240356445, 7955
3.211763858795166, 7954
3.213759183883667, 7953
3.2167887687683105, 7952
3.218853235244751, 7951
3.2208399772644043, 7950
3.223813533782959, 7949
3.2258076667785645, 7948
3.227802276611328, 7947
3.2307944297790527, 7946
3.2327890396118164, 7945
3.235938787460327, 7944
3.238900899887085, 7943
3.242985248565674, 7942
3.2450132369995117, 7941
3.2470059394836426, 7940
3.2501296997070312, 7939
3.252121686935425, 7938
3.255114793777466, 7937
3.257194757461548, 7936
3.259220838546753, 7935
3.261219024658203, 7934
3.264207363128662, 7933
3.266202926635742, 7932
3.2681972980499268, 7931
3.2711591720581055, 7930
3.273153305053711, 7929
3.2772717475891113, 7928
3.280263662338257, 7927
3.2833189964294434, 7926
3.287308692932129, 7925
3.2903921604156494, 7924
3.297374963760376, 7923
3.2984366416931152, 7922
3.302427053451538, 7921
3.3084421157836914, 7920
3.3104379177093506, 7919
3.311434507369995, 7918
3.312431812286377, 7917
3.314513683319092, 7916
3.314513683319092, 7915
3.3155457973480225, 7914
3.3165407180786133, 7913
3.317540407180786, 7912
3.317540407180786, 7911
3.318535089492798, 7910
3.3195371627807617, 7909
3.320497751235962, 7908
3.3214945793151855, 7907
3.3214945793151855, 7906
3.322575807571411, 7905
3.3236048221588135, 7904
3.3236048221588135, 7903
3.3246028423309326, 7902
3.325603485107422, 7901
3.326597213745117, 7900
3.326597213745117, 7899
3.327594757080078, 7898
3.328589677810669, 7897
3.3296501636505127, 7896
3.3296501636505127, 7895
3.3306820392608643, 7894
3.331676959991455, 7893
3.3326425552368164, 7892
3.333669900894165, 7891
3.334637403488159, 7890
3.335634231567383, 7889
3.337721347808838, 7888
3.338752031326294, 7887
3.3407459259033203, 7886
3.3407459259033203, 7885
3.3417434692382812, 7884
3.342742919921875, 7883
3.343735933303833, 7882
3.343735933303833, 7881
3.3447351455688477, 7880
3.3457329273223877, 7879
3.3467304706573486, 7878
3.3467304706573486, 7877
3.3487277030944824, 7876
3.3487277030944824, 7875
3.349722385406494, 7874
3.3507187366485596, 7873
3.3517191410064697, 7872
3.3517191410064697, 7871
3.3527133464813232, 7870
3.3548038005828857, 7869
3.3548038005828857, 7868
3.355802297592163, 7867
3.356799602508545, 7866
3.356799602508545, 7865
3.3577959537506104, 7864
3.3587939739227295, 7863
3.3597912788391113, 7862
3.3597912788391113, 7861
3.3608498573303223, 7860
3.361881732940674, 7859
3.3628768920898438, 7858
3.3628768920898438, 7857
3.364840030670166, 7856
3.3658688068389893, 7855
3.366834878921509, 7854
3.366834878921509, 7853
3.3678665161132812, 7852
3.3689422607421875, 7851
3.369971990585327, 7850
3.370959997177124, 7849
3.37196683883667, 7848
3.372967004776001, 7847
3.372967004776001, 7846
3.373962163925171, 7845
3.374959707260132, 7844
3.3759570121765137, 7843
3.3770415782928467, 7842
3.3770415782928467, 7841
3.3780717849731445, 7840
3.379065990447998, 7839
3.3800668716430664, 7838
3.3810627460479736, 7837
3.3810627460479736, 7836
3.382063388824463, 7835
3.3830578327178955, 7834
3.3840577602386475, 7833
3.3850529193878174, 7832
3.386049747467041, 7831
3.387016534805298, 7830
3.3880441188812256, 7829
3.389042377471924, 7828
3.3900418281555176, 7827
3.3900418281555176, 7826
3.3910372257232666, 7825
3.392036199569702, 7824
3.393031358718872, 7823
3.394113063812256, 7822
3.3951449394226074, 7821
3.3951449394226074, 7820
3.3961431980133057, 7819
3.3971385955810547, 7818
3.398137331008911, 7817
3.39913272857666, 7816
3.400129795074463, 7815
3.4011611938476562, 7814
3.4011993408203125, 7813
3.402231454849243, 7812
3.403226613998413, 7811
3.4042255878448486, 7810
3.405219554901123, 7809
3.405219554901123, 7808
3.4062185287475586, 7807
3.40718412399292, 7806
3.408212900161743, 7805
3.408212900161743, 7804
3.4092814922332764, 7803
3.410311222076416, 7802
3.410311222076416, 7801
3.4113080501556396, 7800
3.4123029708862305, 7799
3.4133028984069824, 7798
3.4133028984069824, 7797
3.4143002033233643, 7796
3.4153006076812744, 7795
3.416295051574707, 7794
3.417356014251709, 7793
3.417356014251709, 7792
3.4183855056762695, 7791
3.4183855056762695, 7790
3.4213778972625732, 7789
3.423372268676758, 7788
3.42536997795105, 7787
3.4263651371002197, 7786
3.4283599853515625, 7785
3.4303512573242188, 7784
3.4323480129241943, 7783
3.4344351291656494, 7782
3.4364633560180664, 7781
3.438459634780884, 7780
3.4404513835906982, 7779
3.441450357437134, 7778
3.444967031478882, 7777
3.4469611644744873, 7776
3.448986530303955, 7775
3.450051784515381, 7774
3.4520459175109863, 7773
3.4550395011901855, 7772
3.457034111022949, 7771
3.458158254623413, 7770
3.460153102874756, 7769
3.462148666381836, 7768
3.464144229888916, 7767
3.4661366939544678, 7766
3.4691295623779297, 7765
3.472123384475708, 7764
3.475236654281616, 7763
3.477234125137329, 7762
3.4792287349700928, 7761
3.4811923503875732, 7760
3.483344554901123, 7759
3.485337018966675, 7758
3.4873335361480713, 7757
3.489413261413574, 7756
3.491440534591675, 7755
3.493438959121704, 7754
3.495429515838623, 7753
3.4974923133850098, 7752
3.4995195865631104, 7751
3.501513957977295, 7750
3.5034759044647217, 7749
3.5055034160614014, 7748
3.507498264312744, 7747
3.5094926357269287, 7746
3.511489152908325, 7745
3.513481616973877, 7744
3.515476703643799, 7743
3.5174717903137207, 7742
3.5194668769836426, 7741
3.522507429122925, 7740
3.5244529247283936, 7739
3.5264477729797363, 7738
3.5284440517425537, 7737
3.530512809753418, 7736
3.532538652420044, 7735
3.5345046520233154, 7734
3.536529302597046, 7733
3.538649797439575, 7732
3.5406458377838135, 7731
3.542638063430786, 7730
3.544633388519287, 7729
3.546628952026367, 7728
3.548624277114868, 7727
3.5506162643432617, 7726
3.5526111125946045, 7725
3.5546960830688477, 7724
3.5607573986053467, 7723
3.5617873668670654, 7722
3.570768356323242, 7721
3.571760416030884, 7720
3.572758197784424, 7719
3.572758197784424, 7718
3.5737521648406982, 7717
3.574753761291504, 7716
3.574753761291504, 7715
3.5767509937286377, 7714
3.577831268310547, 7713
3.5788629055023193, 7712
3.579827308654785, 7711
3.579827308654785, 7710
3.5878045558929443, 7709
3.588803768157959, 7708
3.5898003578186035, 7707
3.5907981395721436, 7706
3.5917952060699463, 7705
3.592792510986328, 7704
3.5948824882507324, 7703
3.5948824882507324, 7702
3.5958783626556396, 7701
3.5968751907348633, 7700
3.5968751907348633, 7699
3.597872734069824, 7698
3.598870038986206, 7697
3.598870038986206, 7696
3.599867343902588, 7695
3.6008646488189697, 7694
3.6018621921539307, 7693
3.601994276046753, 7692
3.6030256748199463, 7691
3.604020595550537, 7690
3.604020595550537, 7689
3.6050171852111816, 7688
3.606015205383301, 7687
3.60701322555542, 7686
3.60701322555542, 7685
3.6080095767974854, 7684
3.6080095767974854, 7683
3.6090753078460693, 7682
3.610107421875, 7681
3.610107421875, 7680
3.6111018657684326, 7679
3.6120991706848145, 7678
3.6120991706848145, 7677
3.613097906112671, 7676
3.6140944957733154, 7675
3.6140944957733154, 7674
3.615091562271118, 7673
3.6160895824432373, 7672
3.6160895824432373, 7671
3.6171491146087646, 7670
3.618180274963379, 7669
3.618180274963379, 7668
3.6191763877868652, 7667
3.62014102935791, 7666
3.621168613433838, 7665
3.6221680641174316, 7664
3.6221680641174316, 7663
3.6231722831726074, 7662
3.6241626739501953, 7661
3.6241626739501953, 7660
3.6251606941223145, 7659
3.626127004623413, 7658
3.627124309539795, 7657
3.628122091293335, 7656
3.6291189193725586, 7655
3.6301157474517822, 7654
3.6311135292053223, 7653
3.632110595703125, 7652
3.6341052055358887, 7651
3.6360998153686523, 7650
3.6370975971221924, 7649
3.638094425201416, 7648
3.639092445373535, 7647
3.6420843601226807, 7646
3.645076274871826, 7645
3.64607310295105, 7644
3.6470706462860107, 7643
3.6480677127838135, 7642
3.6500625610351562, 7641
3.651060104370117, 7640
3.654052257537842, 7639
3.6550490856170654, 7638
3.6560471057891846, 7637
3.659038782119751, 7636
3.66402530670166, 7635
3.672003746032715, 7634
3.673002004623413, 7633
3.6749963760375977, 7632
3.675992965698242, 7631
3.6769907474517822, 7630
3.679982900619507, 7629
3.6809799671173096, 7628
3.6809799671173096, 7627
3.6819770336151123, 7626
3.6829748153686523, 7625
3.684969425201416, 7624
3.6859664916992188, 7623
3.6869637966156006, 7622
3.6879613399505615, 7621
3.69006609916687, 7620
3.6910648345947266, 7619
3.6920619010925293, 7618
3.693059206008911, 7617
3.694056749343872, 7616
3.695054054260254, 7615
3.6960511207580566, 7614
3.6970486640930176, 7613
3.6981406211853027, 7612
3.70013689994812, 7611
3.701133966445923, 7610
3.702131509780884, 7609
3.7041256427764893, 7608
3.705122232437134, 7607
3.7061190605163574, 7606
3.7061190605163574, 7605
3.70711612701416, 7604
3.708113670349121, 7603
3.709110975265503, 7602
3.709110975265503, 7601
3.7101082801818848, 7600
3.7111055850982666, 7599
3.7111055850982666, 7598
3.7121031284332275, 7597
3.7131001949310303, 7596
3.7131001949310303, 7595
3.714097499847412, 7594
3.715095281600952, 7593
3.717089891433716, 7592
3.7190845012664795, 7591
3.7200818061828613, 7590
3.721081495285034, 7589
3.7241029739379883, 7588
3.7250709533691406, 7587
3.7260680198669434, 7586
3.727064847946167, 7585
3.7280619144439697, 7584
3.7300567626953125, 7583
3.7310543060302734, 7582
3.733048677444458, 7581
3.73404598236084, 7580
3.7360408306121826, 7579
3.7370381355285645, 7578
3.7380337715148926, 7577
3.7390646934509277, 7576
3.740060806274414, 7575
3.741060495376587, 7574
3.7420554161071777, 7573
3.7430553436279297, 7572
3.7440497875213623, 7571
3.7450482845306396, 7570
3.746042490005493, 7569
3.746042490005493, 7568
3.747042655944824, 7567
3.748039484024048, 7566
3.7490386962890625, 7565
3.7500343322753906, 7564
3.7510337829589844, 7563
3.7520291805267334, 7562
3.753026247024536, 7561
3.754108190536499, 7560
3.7560181617736816, 7559
3.7570180892944336, 7558
3.75801420211792, 7557
3.759012460708618, 7556
3.760007619857788, 7555
3.761005163192749, 7554
3.7621493339538574, 7553
3.7641420364379883, 7552
3.7661688327789307, 7551
3.7661688327789307, 7550
3.767167091369629, 7549
3.7681641578674316, 7548
3.7691612243652344, 7547
3.7711238861083984, 7546
3.772155523300171, 7545
3.7731502056121826, 7544
3.7741482257843018, 7543
3.775146245956421, 7542
3.7761428356170654, 7541
3.7761428356170654, 7540
3.777139902114868, 7539
3.7781388759613037, 7538
3.7791340351104736, 7537
3.7801334857940674, 7536
3.781129837036133, 7535
3.7821261882781982, 7534
3.7831246852874756, 7533
3.78412127494812, 7532
3.785118579864502, 7531
3.786116600036621, 7530
3.787113666534424, 7529
3.788078784942627, 7528
3.7890758514404297, 7527
3.790072441101074, 7526
3.791069984436035, 7525
3.792067289352417, 7524
3.7930643558502197, 7523
3.7940621376037598, 7522
3.7950594425201416, 7521
3.796091079711914, 7520
3.7980523109436035, 7519
3.7990822792053223, 7518
3.8000779151916504, 7517
3.8010754585266113, 7516
3.801164388656616, 7515
3.802161931991577, 7514
3.803192377090454, 7513
3.805189371109009, 7512
3.806187629699707, 7511
3.807183265686035, 7510
3.807183265686035, 7509
3.808178424835205, 7508
3.8092474937438965, 7507
3.810276746749878, 7506
3.8112435340881348, 7505
3.8122711181640625, 7504
3.8132688999176025, 7503
3.8142640590667725, 7502
3.815263509750366, 7501
3.81626033782959, 7500
3.817338466644287, 7499
3.8183722496032715, 7498
3.819366455078125, 7497
3.8213324546813965, 7496
3.8223252296447754, 7495
3.8223252296447754, 7494
3.8233532905578613, 7493
3.824352502822876, 7492
3.8253493309020996, 7491
3.826350688934326, 7490
3.8273465633392334, 7489
3.8283443450927734, 7488
3.8303377628326416, 7487
3.831331729888916, 7486
3.8323307037353516, 7485
3.8333280086517334, 7484
3.8343825340270996, 7483
3.8344178199768066, 7482
3.835447072982788, 7481
3.837445020675659, 7480
3.838439702987671, 7479
3.8394391536712646, 7478
3.8404343128204346, 7477
3.8415396213531494, 7476
3.842568874359131, 7475
3.8435661792755127, 7474
3.84456467628479, 7473
3.8455610275268555, 7472
3.8465588092803955, 7471
3.8475563526153564, 7470
3.84855318069458, 7469
3.8496077060699463, 7468
3.850637197494507, 7467
3.8516409397125244, 7466
3.852633476257324, 7465
3.8536300659179688, 7464
3.8546292781829834, 7463
3.8556244373321533, 7462
3.8567042350769043, 7461
3.857734203338623, 7460
3.8587348461151123, 7459
3.8597283363342285, 7458
3.8607280254364014, 7457
3.861722707748413, 7456
3.862720489501953, 7455
3.8637163639068604, 7454
3.8647148609161377, 7453
3.8657124042510986, 7452
3.866713523864746, 7451
3.8677070140838623, 7450
3.868706464767456, 7449
3.8707010746002197, 7448
3.8716938495635986, 7447
3.872694253921509, 7446
3.8737716674804688, 7445
3.8748011589050293, 7444
3.8758015632629395, 7443
3.876800298690796, 7442
3.877795457839966, 7441
3.8787906169891357, 7440
3.879789113998413, 7439
3.8808469772338867, 7438
3.8818769454956055, 7437
3.882871389389038, 7436
3.8838400840759277, 7435
3.8848376274108887, 7434
3.8858346939086914, 7433
3.8878657817840576, 7432
3.8888585567474365, 7431
3.889855146408081, 7430
3.890854835510254, 7429
3.8918497562408447, 7428
3.8928472995758057, 7427
3.8938446044921875, 7426
3.8948423862457275, 7425
3.8958427906036377, 7424
3.8968374729156494, 7423
3.8978347778320312, 7422
3.8988287448883057, 7421
3.8998286724090576, 7420
3.9008257389068604, 7419
3.9018235206604004, 7418
3.9028213024139404, 7417
3.903818368911743, 7416
3.9047837257385254, 7415
3.9058125019073486, 7414
3.9078071117401123, 7413
3.9088046550750732, 7412
3.909801959991455, 7411
3.910799503326416, 7410
3.9117965698242188, 7409
3.9127941131591797, 7408
3.9138777256011963, 7407
3.914907693862915, 7406
3.9159083366394043, 7405
3.9169020652770996, 7404
3.9179015159606934, 7403
3.9188971519470215, 7402
3.9198617935180664, 7401
3.9208590984344482, 7400
3.92193603515625, 7399
3.9229655265808105, 7398
3.9239614009857178, 7397
3.924961805343628, 7396
3.9259605407714844, 7395
3.9269590377807617, 7394
3.927952527999878, 7393
3.9290101528167725, 7392
3.930039405822754, 7391
3.931036949157715, 7390
3.9320380687713623, 7389
3.9330315589904785, 7388
3.9340312480926514, 7387
3.9350264072418213, 7386
3.9360246658325195, 7385
3.9370830059051514, 7384
3.938019275665283, 7383
3.9400150775909424, 7382
3.9410104751586914, 7381
3.9420106410980225, 7380
3.943007230758667, 7379
3.944002151489258, 7378
3.9449970722198486, 7377
3.9459967613220215, 7376
3.9469943046569824, 7375
3.947993516921997, 7374
3.9489893913269043, 7373
3.949988842010498, 7372
3.9509518146514893, 7371
3.951948404312134, 7370
3.952946662902832, 7369
3.954023599624634, 7368
3.9550533294677734, 7367
3.9580464363098145, 7366
3.9610068798065186, 7365
3.964136838912964, 7364
3.9671454429626465, 7363
3.9702391624450684, 7362
3.974228620529175, 7361
3.977313756942749, 7360
3.9802112579345703, 7359
3.983203887939453, 7358
3.9871952533721924, 7357
3.9901862144470215, 7356
3.993177652359009, 7355
3.9962985515594482, 7354
3.9982926845550537, 7353
4.00128436088562, 7352
4.00527286529541, 7351
4.008265018463135, 7350
4.011259317398071, 7349
4.015215873718262, 7348
4.018424987792969, 7347
4.022447347640991, 7346
4.02543830871582, 7345
4.028430461883545, 7344
4.032388925552368, 7343
4.03646993637085, 7342
4.040459156036377, 7341
4.044529914855957, 7340
4.047553777694702, 7339
4.050631046295166, 7338
4.053656101226807, 7337
4.057764291763306, 7336
4.058764457702637, 7335
4.063745737075806, 7334
4.066737651824951, 7333
4.069729566574097, 7332
4.072722434997559, 7331
4.076684951782227, 7330
4.079677104949951, 7329
4.124074220657349, 7328
4.127065896987915, 7327
4.137041091918945, 7326
4.140031337738037, 7325
4.143023490905762, 7324
4.146015405654907, 7323
4.149007320404053, 7322
4.151001691818237, 7321
4.154958486557007, 7320
4.1579835414886475, 7319
4.160975933074951, 7318
4.1639673709869385, 7317
4.166959285736084, 7316
4.169919490814209, 7315
4.172943830490112, 7314
4.175935506820679, 7313
4.178927421569824, 7312
4.181919097900391, 7311
4.1849095821380615, 7310
4.18790340423584, 7309
4.192887544631958, 7308
4.19388747215271, 7307
4.196880578994751, 7306
4.199871778488159, 7305
4.202862977981567, 7304
4.20585560798645, 7303
4.208844900131226, 7302
4.211806774139404, 7301
4.214831352233887, 7300
4.217823266983032, 7299
4.221781015396118, 7298
4.224802494049072, 7297
4.227801561355591, 7296
4.23275089263916, 7295
4.235742568969727, 7294
4.239733695983887, 7293
4.244721174240112, 7292
4.250706434249878, 7291
4.256687164306641, 7290
4.259678840637207, 7289
4.2626707553863525, 7288
4.265662670135498, 7287
4.268654823303223, 7286
4.271647214889526, 7285
4.274863004684448, 7284
4.27885103225708, 7283
4.2809131145477295, 7282
4.284934759140015, 7281
4.287927150726318, 7280
4.290919303894043, 7279
4.2939112186431885, 7278
4.297945737838745, 7277
4.301004886627197, 7276
4.304004907608032, 7275
4.306991338729858, 7274
4.309983730316162, 7273
4.312975883483887, 7272
4.316084384918213, 7271
4.3190765380859375, 7270
4.323493480682373, 7269
4.326519727706909, 7268
4.329594135284424, 7267
4.333499193191528, 7266
4.336468696594238, 7265
4.3394834995269775, 7264
4.343472003936768, 7263
4.346465110778809, 7262
4.349456310272217, 7261
4.352448225021362, 7260
4.356551647186279, 7259
4.359547138214111, 7258
4.362635374069214, 7257
4.365627765655518, 7256
4.3686933517456055, 7255
4.371718645095825, 7254
4.374709367752075, 7253
4.377817392349243, 7252
4.38080906867981, 7251
4.383801221847534, 7250
4.386761665344238, 7249
4.390783071517944, 7248
4.392777442932129, 7247
4.395888805389404, 7246
4.398883819580078, 7245
4.401974201202393, 7244
4.404967784881592, 7243
4.407958507537842, 7242
4.410062789916992, 7241
4.413049697875977, 7240
4.416046857833862, 7239
4.419036149978638, 7238
4.425987005233765, 7237
4.432004451751709, 7236
4.436957120895386, 7235
4.440946102142334, 7234
4.444934606552124, 7233
4.449955940246582, 7232
4.451948642730713, 7231
4.453911066055298, 7230
4.455905914306641, 7229
4.457900047302246, 7228
4.458897352218628, 7227
4.46089243888855, 7226
4.462886571884155, 7225
4.464881658554077, 7224
4.46587872505188, 7223
4.4678733348846436, 7222
4.470865726470947, 7221
4.472860336303711, 7220
4.473857402801514, 7219
4.474856853485107, 7218
4.475853681564331, 7217
4.476850986480713, 7216
4.476850986480713, 7215
4.477848291397095, 7214
4.4788453578948975, 7213
4.479843378067017, 7212
4.480840444564819, 7211
4.481837749481201, 7210
4.482835054397583, 7209
4.483832359313965, 7208
4.483832359313965, 7207
4.484829425811768, 7206
4.485827445983887, 7205
4.487820863723755, 7204
4.489814519882202, 7203
4.491809129714966, 7202
4.493803977966309, 7201
4.4957990646362305, 7200
4.497793436050415, 7199
4.499788045883179, 7198
4.501782655715942, 7197
4.503777742385864, 7196
4.506769418716431, 7195
4.5077667236328125, 7194
4.510758638381958, 7193
4.512753248214722, 7192
4.5147480964660645, 7191
4.516742706298828, 7190
4.51774263381958, 7189
4.5187389850616455, 7188
4.520732641220093, 7187
4.5217320919036865, 7186
4.522728681564331, 7185
4.523725748062134, 7184
4.5247228145599365, 7183
4.5247228145599365, 7182
4.525720119476318, 7181
4.5267174243927, 7180
4.527714967727661, 7179
4.52871298789978, 7178
4.529710292816162, 7177
4.530707120895386, 7176
4.531704425811768, 7175
4.53270149230957, 7174
4.53270149230957, 7173
4.536689758300781, 7172
4.538684368133545, 7171
4.54067850112915, 7170
4.542675733566284, 7169
4.543672561645508, 7168
4.545666694641113, 7167
4.546664476394653, 7166
4.547659873962402, 7165
4.551650762557983, 7164
4.553644418716431, 7163
4.554642200469971, 7162
4.555638790130615, 7161
4.556636095046997, 7160
4.558630704879761, 7159
4.559628248214722, 7158
4.560625314712524, 7157
4.561622381210327, 7156
4.562620401382446, 7155
4.563616991043091, 7154
4.564614534378052, 7153
4.564614534378052, 7152
4.565612554550171, 7151
4.567641496658325, 7150
4.569636106491089, 7149
4.570599794387817, 7148
4.571595907211304, 7147
4.572593688964844, 7146
4.573590517044067, 7145
4.574587821960449, 7144
4.574587821960449, 7143
4.577579975128174, 7142
4.578578472137451, 7141
4.5795745849609375, 7140
4.58256721496582, 7139
4.587553977966309, 7138
4.588550806045532, 7137
4.589547872543335, 7136
4.589547872543335, 7135
4.590545177459717, 7134
4.591542959213257, 7133
4.5925397872924805, 7132
4.593537330627441, 7131
4.594534873962402, 7130
4.595531702041626, 7129
4.596529006958008, 7128
4.597526550292969, 7127
4.598524808883667, 7126
4.599521160125732, 7125
4.600518703460693, 7124
4.601515769958496, 7123
4.601515769958496, 7122
4.603511571884155, 7121
4.6055052280426025, 7120
4.607500076293945, 7119
4.609494686126709, 7118
4.611489295959473, 7117
4.613484144210815, 7116
4.614481210708618, 7115
4.615478515625, 7114
4.616475820541382, 7113
4.616475820541382, 7112
4.617473125457764, 7111
4.618470907211304, 7110
4.619467735290527, 7109
4.622460126876831, 7108
4.624454975128174, 7107
4.626449108123779, 7106
4.628445386886597, 7105
4.629441738128662, 7104
4.630439043045044, 7103
4.632433891296387, 7102
4.633431673049927, 7101
4.634429216384888, 7100
4.63542628288269, 7099
4.637420415878296, 7098
4.6394147872924805, 7097
4.641409397125244, 7096
4.643404006958008, 7095
4.6453986167907715, 7094
4.647393226623535, 7093
4.649388074874878, 7092
4.651382923126221, 7091
4.654374599456787, 7090
4.65537166595459, 7089
4.6583640575408936, 7088
4.659362077713013, 7087
4.661356687545776, 7086
4.664349317550659, 7085
4.664349317550659, 7084
4.66534686088562, 7083
4.667343854904175, 7082
4.668338775634766, 7081
4.670332908630371, 7080
4.672327280044556, 7079
4.676316022872925, 7078
4.678310871124268, 7077
4.680306434631348, 7076
4.681303262710571, 7075
4.683298587799072, 7074
4.683298587799072, 7073
4.684295177459717, 7072
4.6862897872924805, 7071
4.689281225204468, 7070
4.6912782192230225, 7069
4.693270444869995, 7068
4.695265054702759, 7067
4.701249122619629, 7066
4.70324444770813, 7065
4.704241752624512, 7064
4.7052390575408936, 7063
4.706235885620117, 7062
4.70723295211792, 7061
4.708230495452881, 7060
4.709227800369263, 7059
4.7102251052856445, 7058
4.711222410202026, 7057
4.712219476699829, 7056
4.712219476699829, 7055
4.71321702003479, 7054
4.714215517044067, 7053
4.715211868286133, 7052
4.716209173202515, 7051
4.7172064781188965, 7050
4.718203783035278, 7049
4.719201326370239, 7048
4.721196174621582, 7047
4.723190546035767, 7046
4.72518515586853, 7045
4.727180004119873, 7044
4.728177309036255, 7043
4.729174613952637, 7042
4.7301719188690186, 7041
4.7311692237854, 7040
4.732166528701782, 7039
4.733163833618164, 7038
4.734161376953125, 7037
4.735158920288086, 7036
4.737154006958008, 7035
4.738150596618652, 7034
4.739147901535034, 7033
4.740145206451416, 7032
4.742140531539917, 7031
4.743136882781982, 7030
4.744134426116943, 7029
4.745131731033325, 7028
4.745131731033325, 7027
4.746129035949707, 7026
4.747126817703247, 7025
4.748123645782471, 7024
4.7491209506988525, 7023
4.750118255615234, 7022
4.753110885620117, 7021
4.880769491195679, 7020
4.897725343704224, 7019
4.899723768234253, 7018
4.944598436355591, 7017
4.976513147354126, 7016
4.978508234024048, 7015
5.002444267272949, 7014
5.111153602600098, 7013
5.1261138916015625, 7012
5.136087417602539, 7011
5.322587490081787, 7010
5.323585748672485, 7009
5.938939809799194, 7008
6.027703046798706, 7007
6.034684896469116, 7006
6.0566246509552, 7005
6.177302360534668, 7004
6.183286190032959, 7003
6.205229043960571, 7002
6.533349990844727, 7001
6.5353453159332275, 7000
6.5991740226745605, 6999
6.664000749588013, 6998
6.836540222167969, 6997
6.976166009902954, 6996
7.015061616897583, 6995
7.022045135498047, 6994
7.023041486740112, 6993
7.030022382736206, 6992
7.08487606048584, 6991
7.1118035316467285, 6990
7.122773885726929, 6989
7.126763105392456, 6988
7.154689073562622, 6987
7.358144521713257, 6986
7.364128112792969, 6985
7.6852707862854, 6984
7.708208799362183, 6983
7.775030612945557, 6982
7.8265221118927, 6981
8.090285778045654, 6980
8.091315746307373, 6979
8.105401754379272, 6978
8.130708694458008, 6977
8.349467992782593, 6976
8.351458549499512, 6975
8.359437227249146, 6974
8.42405891418457, 6973
8.449332475662231, 6972
8.551994323730469, 6971
8.723121166229248, 6970
8.752142906188965, 6969
8.808104276657104, 6968
