0.2829246520996094, 6805
0.2829246520996094, 6804
0.2829246520996094, 6803
0.2829246520996094, 6802
0.2829246520996094, 6801
0.2829246520996094, 6800
0.2829246520996094, 6799
0.2829246520996094, 6798
0.2829246520996094, 6797
0.2829246520996094, 6796
0.2829246520996094, 6795
0.2829246520996094, 6794
0.2829246520996094, 6793
0.2829246520996094, 6792
0.29094910621643066, 6791
0.29094910621643066, 6790
0.29299473762512207, 6789
0.29299473762512207, 6788
0.29299473762512207, 6787
0.29299473762512207, 6786
0.29299473762512207, 6785
0.29299473762512207, 6784
0.29299473762512207, 6783
0.29299473762512207, 6782
0.29299473762512207, 6781
0.29299473762512207, 6780
0.3010375499725342, 6779
0.3010375499725342, 6778
0.30316686630249023, 6777
0.30316686630249023, 6776
0.30316686630249023, 6775
0.30316686630249023, 6774
0.30316686630249023, 6773
0.30316686630249023, 6772
0.30316686630249023, 6771
0.30316686630249023, 6770
0.30316686630249023, 6769
0.30316686630249023, 6768
0.3111886978149414, 6767
0.3111886978149414, 6766
0.3111886978149414, 6765
0.3111886978149414, 6764
0.31320929527282715, 6763
0.31320929527282715, 6762
0.31320929527282715, 6761
0.31320929527282715, 6760
0.31320929527282715, 6759
0.31320929527282715, 6758
0.31320929527282715, 6757
0.31320929527282715, 6756
0.31320929527282715, 6755
0.31320929527282715, 6754
0.3212583065032959, 6753
0.3212583065032959, 6752
0.3233013153076172, 6751
0.3233013153076172, 6750
0.3233013153076172, 6749
0.3233013153076172, 6748
0.3233013153076172, 6747
0.3233013153076172, 6746
0.3233013153076172, 6745
0.3233013153076172, 6744
0.3233013153076172, 6743
0.3313453197479248, 6742
0.3313453197479248, 6741
0.3333916664123535, 6740
0.3333916664123535, 6739
0.3333916664123535, 6738
0.3333916664123535, 6737
0.3333916664123535, 6736
0.3333916664123535, 6735
0.3333916664123535, 6734
0.3333916664123535, 6733
0.3414347171783447, 6732
0.3414347171783447, 6731
0.3434772491455078, 6730
0.3434772491455078, 6729
0.3434772491455078, 6728
0.3434772491455078, 6727
0.3434772491455078, 6726
0.3434772491455078, 6725
0.3434772491455078, 6724
0.3434772491455078, 6723
0.3434772491455078, 6722
0.35395288467407227, 6721
0.35395288467407227, 6720
0.35395288467407227, 6719
0.35395288467407227, 6718
0.35395288467407227, 6717
0.35395288467407227, 6716
0.35395288467407227, 6715
0.35395288467407227, 6714
0.35395288467407227, 6713
0.3619968891143799, 6712
0.3619968891143799, 6711
0.3619968891143799, 6710
0.36403965950012207, 6709
0.36403965950012207, 6708
0.36403965950012207, 6707
0.36403965950012207, 6706
0.36403965950012207, 6705
0.36403965950012207, 6704
0.36403965950012207, 6703
0.36403965950012207, 6702
0.36403965950012207, 6701
0.3720574378967285, 6700
0.3720574378967285, 6699
0.3720574378967285, 6698
0.37406301498413086, 6697
0.37410402297973633, 6696
0.37410402297973633, 6695
0.37410402297973633, 6694
0.37410402297973633, 6693
0.37410402297973633, 6692
0.37410402297973633, 6691
0.37410402297973633, 6690
0.37410402297973633, 6689
0.38214778900146484, 6688
0.38214778900146484, 6687
0.38419032096862793, 6686
0.38419032096862793, 6685
0.38419032096862793, 6684
0.38419032096862793, 6683
0.38419032096862793, 6682
0.38419032096862793, 6681
0.38419032096862793, 6680
0.38419032096862793, 6679
0.38419032096862793, 6678
0.39223670959472656, 6677
0.39223670959472656, 6676
0.39223670959472656, 6675
0.39223670959472656, 6674
0.3942406177520752, 6673
0.39427995681762695, 6672
0.39427995681762695, 6671
0.39427995681762695, 6670
0.39427995681762695, 6669
0.39427995681762695, 6668
0.39427995681762695, 6667
0.39427995681762695, 6666
0.39427995681762695, 6665
0.39427995681762695, 6664
0.40232276916503906, 6663
0.40232276916503906, 6662
0.40232276916503906, 6661
0.40436530113220215, 6660
0.40436530113220215, 6659
0.40436530113220215, 6658
0.40436530113220215, 6657
0.40436530113220215, 6656
0.40436530113220215, 6655
0.40436530113220215, 6654
0.40436530113220215, 6653
0.40436530113220215, 6652
0.40436530113220215, 6651
0.40436530113220215, 6650
0.40436530113220215, 6649
0.4123959541320801, 6648
0.4123959541320801, 6647
0.4123959541320801, 6646
0.41443848609924316, 6645
0.41443848609924316, 6644
0.41443848609924316, 6643
0.41443848609924316, 6642
0.41443848609924316, 6641
0.41443848609924316, 6640
0.41443848609924316, 6639
0.41443848609924316, 6638
0.41443848609924316, 6637
0.41443848609924316, 6636
0.41443848609924316, 6635
0.41443848609924316, 6634
0.41443848609924316, 6633
0.41443848609924316, 6632
0.41443848609924316, 6631
0.41443848609924316, 6630
0.42248010635375977, 6629
0.42248010635375977, 6628
0.42248010635375977, 6627
0.42248010635375977, 6626
0.424518346786499, 6625
0.424518346786499, 6624
0.424518346786499, 6623
0.424518346786499, 6622
0.424518346786499, 6621
0.424518346786499, 6620
0.424518346786499, 6619
0.424518346786499, 6618
0.424518346786499, 6617
0.424518346786499, 6616
0.424518346786499, 6615
0.424518346786499, 6614
0.424518346786499, 6613
0.424518346786499, 6612
0.424518346786499, 6611
0.43253326416015625, 6610
0.4345824718475342, 6609
0.4345824718475342, 6608
0.4345824718475342, 6607
0.4345824718475342, 6606
0.4345824718475342, 6605
0.4345824718475342, 6604
0.4345824718475342, 6603
0.4345824718475342, 6602
0.4426267147064209, 6601
0.4446675777435303, 6600
0.4446675777435303, 6599
0.4446675777435303, 6598
0.4446675777435303, 6597
18.512073278427124, 6596
18.512073278427124, 6595
18.512073278427124, 6594
18.52769947052002, 6593
18.543288230895996, 6592
18.543288230895996, 6591
18.543288230895996, 6590
18.543288230895996, 6589
18.543288230895996, 6588
18.558908700942993, 6587
18.558908700942993, 6586
18.558908700942993, 6585
18.565415620803833, 6584
18.565415620803833, 6583
18.565415620803833, 6582
18.565415620803833, 6581
18.565415620803833, 6580
18.565415620803833, 6579
18.565415620803833, 6578
18.565415620803833, 6577
18.565415620803833, 6576
18.565415620803833, 6575
18.565415620803833, 6574
18.565415620803833, 6573
18.565415620803833, 6572
18.565415620803833, 6571
18.565415620803833, 6570
18.581042528152466, 6569
18.581042528152466, 6568
18.581042528152466, 6567
18.581042528152466, 6566
18.581042528152466, 6565
18.581042528152466, 6564
18.581042528152466, 6563
18.581042528152466, 6562
18.581042528152466, 6561
18.581042528152466, 6560
18.581042528152466, 6559
18.59669589996338, 6558
18.59669589996338, 6557
18.59669589996338, 6556
18.59669589996338, 6555
18.59669589996338, 6554
18.59669589996338, 6553
18.59669589996338, 6552
18.59669589996338, 6551
18.59669589996338, 6550
18.59669589996338, 6549
18.59669589996338, 6548
18.61231565475464, 6547
18.61231565475464, 6546
18.61231565475464, 6545
18.61231565475464, 6544
18.61231565475464, 6543
18.61231565475464, 6542
18.61231565475464, 6541
18.61231565475464, 6540
18.61231565475464, 6539
18.61231565475464, 6538
18.61231565475464, 6537
18.627938270568848, 6536
18.627938270568848, 6535
18.627938270568848, 6534
18.627938270568848, 6533
18.627938270568848, 6532
18.627938270568848, 6531
18.627938270568848, 6530
18.627938270568848, 6529
18.627938270568848, 6528
18.627938270568848, 6527
18.627938270568848, 6526
18.627938270568848, 6525
18.627938270568848, 6524
18.627938270568848, 6523
18.627938270568848, 6522
18.627938270568848, 6521
18.627938270568848, 6520
18.627938270568848, 6519
18.627938270568848, 6518
18.627938270568848, 6517
18.627938270568848, 6516
18.627938270568848, 6515
18.627938270568848, 6514
18.627938270568848, 6513
18.627938270568848, 6512
18.627938270568848, 6511
18.627938270568848, 6510
18.627938270568848, 6509
18.627938270568848, 6508
18.627938270568848, 6507
18.627938270568848, 6506
18.643558502197266, 6505
18.643558502197266, 6504
18.643558502197266, 6503
18.643558502197266, 6502
18.643558502197266, 6501
18.643558502197266, 6500
18.643558502197266, 6499
18.643558502197266, 6498
18.643558502197266, 6497
18.643558502197266, 6496
18.643558502197266, 6495
18.643558502197266, 6494
18.643558502197266, 6493
18.643558502197266, 6492
18.643558502197266, 6491
18.643558502197266, 6490
18.643558502197266, 6489
18.643558502197266, 6488
18.643558502197266, 6487
18.65917944908142, 6486
18.65917944908142, 6485
18.65917944908142, 6484
18.65917944908142, 6483
18.665714025497437, 6482
18.665714025497437, 6481
18.665714025497437, 6480
18.665714025497437, 6479
18.665714025497437, 6478
18.665714025497437, 6477
18.665714025497437, 6476
18.665714025497437, 6475
18.665714025497437, 6474
18.665714025497437, 6473
18.665714025497437, 6472
18.665714025497437, 6471
18.665714025497437, 6470
18.681373357772827, 6469
18.681373357772827, 6468
18.681373357772827, 6467
18.681373357772827, 6466
18.681373357772827, 6465
18.681373357772827, 6464
18.681373357772827, 6463
18.681373357772827, 6462
18.681373357772827, 6461
18.681373357772827, 6460
18.681373357772827, 6459
18.681373357772827, 6458
18.681373357772827, 6457
18.681373357772827, 6456
18.681373357772827, 6455
18.681373357772827, 6454
18.696995735168457, 6453
18.696995735168457, 6452
18.696995735168457, 6451
18.696995735168457, 6450
18.696995735168457, 6449
18.696995735168457, 6448
18.696995735168457, 6447
18.696995735168457, 6446
18.696995735168457, 6445
18.712615489959717, 6444
18.712615489959717, 6443
18.712615489959717, 6442
18.712615489959717, 6441
18.712615489959717, 6440
18.712615489959717, 6439
18.712615489959717, 6438
18.712615489959717, 6437
18.712615489959717, 6436
18.712615489959717, 6435
18.712615489959717, 6434
18.712615489959717, 6433
18.712615489959717, 6432
18.728235483169556, 6431
18.728235483169556, 6430
18.728235483169556, 6429
18.728235483169556, 6428
18.728235483169556, 6427
18.728235483169556, 6426
18.728235483169556, 6425
18.728235483169556, 6424
18.728235483169556, 6423
18.728235483169556, 6422
18.728235483169556, 6421
18.728235483169556, 6420
18.728235483169556, 6419
18.728235483169556, 6418
18.74385690689087, 6417
18.74385690689087, 6416
18.74385690689087, 6415
18.74385690689087, 6414
18.74385690689087, 6413
18.74385690689087, 6412
18.74385690689087, 6411
18.74385690689087, 6410
18.74385690689087, 6409
18.759478092193604, 6408
18.759478092193604, 6407
18.759478092193604, 6406
18.759478092193604, 6405
18.759478092193604, 6404
18.759478092193604, 6403
18.759478092193604, 6402
18.759478092193604, 6401
18.768065214157104, 6400
18.768065214157104, 6399
18.768065214157104, 6398
18.768065214157104, 6397
18.768065214157104, 6396
18.768065214157104, 6395
18.768065214157104, 6394
18.768065214157104, 6393
18.768065214157104, 6392
18.778157711029053, 6391
18.778157711029053, 6390
18.778157711029053, 6389
18.778157711029053, 6388
18.786197423934937, 6387
18.78823685646057, 6386
18.78823685646057, 6385
18.78823685646057, 6384
18.78823685646057, 6383
18.78823685646057, 6382
18.78823685646057, 6381
18.78823685646057, 6380
18.78823685646057, 6379
18.78823685646057, 6378
18.78823685646057, 6377
18.78823685646057, 6376
18.796288013458252, 6375
18.796288013458252, 6374
18.79832696914673, 6373
18.79832696914673, 6372
18.79832696914673, 6371
18.79832696914673, 6370
18.79832696914673, 6369
18.79832696914673, 6368
18.79832696914673, 6367
18.806366682052612, 6366
18.808406591415405, 6365
18.808406591415405, 6364
18.808406591415405, 6363
18.808406591415405, 6362
18.808406591415405, 6361
18.808406591415405, 6360
18.808406591415405, 6359
18.808406591415405, 6358
18.808406591415405, 6357
18.816459894180298, 6356
18.816459894180298, 6355
18.8185076713562, 6354
18.8185076713562, 6353
18.8185076713562, 6352
18.8185076713562, 6351
18.8185076713562, 6350
18.8185076713562, 6349
18.8185076713562, 6348
18.8185076713562, 6347
18.8185076713562, 6346
18.8185076713562, 6345
18.82655119895935, 6344
18.82859468460083, 6343
18.82859468460083, 6342
18.82859468460083, 6341
18.82859468460083, 6340
18.82859468460083, 6339
18.82859468460083, 6338
18.83661437034607, 6337
18.83866286277771, 6336
18.83866286277771, 6335
18.83866286277771, 6334
18.83866286277771, 6333
18.83866286277771, 6332
18.83866286277771, 6331
18.83866286277771, 6330
18.83866286277771, 6329
18.846713542938232, 6328
18.846713542938232, 6327
18.846713542938232, 6326
18.848759651184082, 6325
18.848759651184082, 6324
18.848759651184082, 6323
18.848759651184082, 6322
18.848759651184082, 6321
18.848759651184082, 6320
18.85882878303528, 6319
18.85882878303528, 6318
18.866873264312744, 6317
18.866873264312744, 6316
18.868916273117065, 6315
18.868916273117065, 6314
18.868916273117065, 6313
18.868916273117065, 6312
18.868916273117065, 6311
18.868916273117065, 6310
18.868916273117065, 6309
18.876935958862305, 6308
18.87898087501526, 6307
18.87898087501526, 6306
18.87898087501526, 6305
18.87898087501526, 6304
18.87898087501526, 6303
18.87898087501526, 6302
18.87898087501526, 6301
18.87898087501526, 6300
18.887024879455566, 6299
18.887024879455566, 6298
18.889067888259888, 6297
18.889067888259888, 6296
18.889067888259888, 6295
18.889067888259888, 6294
18.889067888259888, 6293
18.889067888259888, 6292
18.889067888259888, 6291
18.889067888259888, 6290
18.889067888259888, 6289
18.889067888259888, 6288
18.899133443832397, 6287
18.899133443832397, 6286
18.899133443832397, 6285
18.899133443832397, 6284
18.899133443832397, 6283
18.899133443832397, 6282
18.899133443832397, 6281
18.899133443832397, 6280
18.899133443832397, 6279
18.899133443832397, 6278
18.907180547714233, 6277
18.909223079681396, 6276
18.909223079681396, 6275
18.909223079681396, 6274
18.909223079681396, 6273
18.909223079681396, 6272
18.909223079681396, 6271
18.917247772216797, 6270
18.91930103302002, 6269
18.91930103302002, 6268
18.91930103302002, 6267
18.92734670639038, 6266
18.92939019203186, 6265
18.92939019203186, 6264
18.92939019203186, 6263
18.93948221206665, 6262
18.93948221206665, 6261
18.93948221206665, 6260
18.93948221206665, 6259
18.93948221206665, 6258
18.93948221206665, 6257
18.93948221206665, 6256
18.93948221206665, 6255
18.93948221206665, 6254
18.93948221206665, 6253
18.94752264022827, 6252
18.94752264022827, 6251
18.949561834335327, 6250
18.949561834335327, 6249
18.949561834335327, 6248
18.949561834335327, 6247
18.949561834335327, 6246
18.949561834335327, 6245
18.949561834335327, 6244
18.949561834335327, 6243
18.949561834335327, 6242
18.949561834335327, 6241
18.949561834335327, 6240
18.957610845565796, 6239
18.957610845565796, 6238
18.959653615951538, 6237
18.959653615951538, 6236
18.959653615951538, 6235
18.959653615951538, 6234
18.959653615951538, 6233
18.959653615951538, 6232
18.959653615951538, 6231
18.959653615951538, 6230
18.969733715057373, 6229
18.969733715057373, 6228
18.969733715057373, 6227
18.969733715057373, 6226
18.97778081893921, 6225
18.97778081893921, 6224
18.97982144355774, 6223
18.97982144355774, 6222
18.97982144355774, 6221
18.97982144355774, 6220
18.97982144355774, 6219
18.97982144355774, 6218
18.97982144355774, 6217
18.97982144355774, 6216
18.97982144355774, 6215
18.97982144355774, 6214
18.987863302230835, 6213
18.98989987373352, 6212
18.98989987373352, 6211
18.98989987373352, 6210
18.98989987373352, 6209
18.98989987373352, 6208
18.997944116592407, 6207
18.997944116592407, 6206
18.999984979629517, 6205
18.999984979629517, 6204
18.999984979629517, 6203
18.999984979629517, 6202
18.999984979629517, 6201
18.999984979629517, 6200
18.999984979629517, 6199
18.999984979629517, 6198
18.999984979629517, 6197
18.999984979629517, 6196
18.999984979629517, 6195
19.00802516937256, 6194
19.00802516937256, 6193
19.00802516937256, 6192
19.00802516937256, 6191
19.00802516937256, 6190
19.010064601898193, 6189
19.010064601898193, 6188
19.010064601898193, 6187
19.010064601898193, 6186
19.018114805221558, 6185
19.018114805221558, 6184
19.020164012908936, 6183
19.020164012908936, 6182
19.020164012908936, 6181
19.020164012908936, 6180
19.020164012908936, 6179
19.020164012908936, 6178
19.028212785720825, 6177
19.028212785720825, 6176
19.030256032943726, 6175
19.030256032943726, 6174
19.030256032943726, 6173
19.030256032943726, 6172
19.030256032943726, 6171
19.030256032943726, 6170
19.038275480270386, 6169
19.038275480270386, 6168
19.040320873260498, 6167
19.040320873260498, 6166
19.040320873260498, 6165
19.040320873260498, 6164
19.040320873260498, 6163
19.040320873260498, 6162
19.040320873260498, 6161
19.040320873260498, 6160
19.040320873260498, 6159
19.040320873260498, 6158
19.040320873260498, 6157
19.04836416244507, 6156
19.04836416244507, 6155
19.050406217575073, 6154
19.050406217575073, 6153
19.05842351913452, 6152
19.05842351913452, 6151
19.06047010421753, 6150
19.06047010421753, 6149
19.06047010421753, 6148
19.06047010421753, 6147
19.06047010421753, 6146
19.06047010421753, 6145
19.06047010421753, 6144
19.06047010421753, 6143
19.06047010421753, 6142
19.06047010421753, 6141
19.06047010421753, 6140
19.06851315498352, 6139
19.06851315498352, 6138
19.070555448532104, 6137
19.070555448532104, 6136
19.070555448532104, 6135
