0.3045628070831299, 6805
0.3045628070831299, 6804
0.31261682510375977, 6803
0.31261682510375977, 6802
0.31261682510375977, 6801
0.31261682510375977, 6800
0.31261682510375977, 6799
0.31465744972229004, 6798
0.31465744972229004, 6797
0.31465744972229004, 6796
0.31465744972229004, 6795
0.31465744972229004, 6794
0.31465744972229004, 6793
0.31465744972229004, 6792
0.31465744972229004, 6791
0.31465744972229004, 6790
0.31465744972229004, 6789
0.31465744972229004, 6788
0.31465744972229004, 6787
0.31465744972229004, 6786
0.31465744972229004, 6785
0.31465744972229004, 6784
0.31465744972229004, 6783
0.31465744972229004, 6782
0.31465744972229004, 6781
0.32269906997680664, 6780
0.32269906997680664, 6779
0.32269906997680664, 6778
0.32269906997680664, 6777
0.32269906997680664, 6776
0.3247406482696533, 6775
0.3247406482696533, 6774
0.3247406482696533, 6773
0.3247406482696533, 6772
0.3247406482696533, 6771
0.3247406482696533, 6770
0.3247406482696533, 6769
0.3247406482696533, 6768
0.3247406482696533, 6767
0.3247406482696533, 6766
0.3247406482696533, 6765
0.3247406482696533, 6764
0.3247406482696533, 6763
0.3247406482696533, 6762
0.3247406482696533, 6761
0.3247406482696533, 6760
0.3247406482696533, 6759
0.3247406482696533, 6758
0.3247406482696533, 6757
0.3247406482696533, 6756
0.3327980041503906, 6755
0.3327980041503906, 6754
0.3327980041503906, 6753
0.3348400592803955, 6752
0.3348400592803955, 6751
0.3348400592803955, 6750
0.3348400592803955, 6749
0.3348400592803955, 6748
0.3348400592803955, 6747
0.3348400592803955, 6746
0.3348400592803955, 6745
0.3348400592803955, 6744
0.3348400592803955, 6743
0.3348400592803955, 6742
0.3348400592803955, 6741
0.3348400592803955, 6740
0.3348400592803955, 6739
0.3348400592803955, 6738
0.3428821563720703, 6737
0.3428821563720703, 6736
0.3428821563720703, 6735
0.3428821563720703, 6734
0.34492015838623047, 6733
0.34492015838623047, 6732
0.34492015838623047, 6731
0.34492015838623047, 6730
0.34492015838623047, 6729
0.34492015838623047, 6728
0.34492015838623047, 6727
0.34492015838623047, 6726
0.34492015838623047, 6725
0.34492015838623047, 6724
0.34492015838623047, 6723
0.34492015838623047, 6722
0.34492015838623047, 6721
0.34492015838623047, 6720
0.34492015838623047, 6719
0.34492015838623047, 6718
0.34492015838623047, 6717
0.3529396057128906, 6716
0.3529396057128906, 6715
0.3529396057128906, 6714
0.3529396057128906, 6713
0.35494184494018555, 6712
0.3549768924713135, 6711
0.3549768924713135, 6710
0.3549768924713135, 6709
0.3549768924713135, 6708
0.3549768924713135, 6707
0.3549768924713135, 6706
0.3549768924713135, 6705
0.3549768924713135, 6704
0.3549768924713135, 6703
0.3549768924713135, 6702
0.3549768924713135, 6701
0.3549768924713135, 6700
0.3549768924713135, 6699
0.3549768924713135, 6698
0.3549768924713135, 6697
0.3549768924713135, 6696
0.3549768924713135, 6695
0.36301541328430176, 6694
0.36301541328430176, 6693
0.36301541328430176, 6692
0.3650171756744385, 6691
0.36505889892578125, 6690
0.36505889892578125, 6689
0.36505889892578125, 6688
0.36505889892578125, 6687
0.36505889892578125, 6686
0.36505889892578125, 6685
0.36505889892578125, 6684
0.36505889892578125, 6683
0.36505889892578125, 6682
0.36505889892578125, 6681
0.36505889892578125, 6680
0.36505889892578125, 6679
0.36505889892578125, 6678
0.36505889892578125, 6677
0.36505889892578125, 6676
0.36505889892578125, 6675
0.36505889892578125, 6674
0.3730888366699219, 6673
0.3730888366699219, 6672
0.3751332759857178, 6671
0.3751332759857178, 6670
0.3751332759857178, 6669
0.3751332759857178, 6668
0.3751332759857178, 6667
0.3751332759857178, 6666
0.3751332759857178, 6665
0.3751332759857178, 6664
0.3751332759857178, 6663
0.3751332759857178, 6662
0.38318371772766113, 6661
0.38318371772766113, 6660
0.38318371772766113, 6659
0.3852255344390869, 6658
0.3852255344390869, 6657
0.3852255344390869, 6656
0.3852255344390869, 6655
0.3852255344390869, 6654
0.3852255344390869, 6653
0.3852255344390869, 6652
0.3852255344390869, 6651
0.3852255344390869, 6650
0.3852255344390869, 6649
0.3852255344390869, 6648
0.3852255344390869, 6647
0.3852255344390869, 6646
0.3852255344390869, 6645
0.3852255344390869, 6644
0.39327263832092285, 6643
0.39327263832092285, 6642
0.3953125476837158, 6641
0.3953125476837158, 6640
0.3953125476837158, 6639
0.3953125476837158, 6638
0.3953125476837158, 6637
0.3953125476837158, 6636
0.3953125476837158, 6635
0.3953125476837158, 6634
0.3953125476837158, 6633
0.3953125476837158, 6632
0.3953125476837158, 6631
0.3953125476837158, 6630
0.3953125476837158, 6629
0.3953125476837158, 6628
0.3953125476837158, 6627
0.3953125476837158, 6626
0.3953125476837158, 6625
0.4033536911010742, 6624
0.4033536911010742, 6623
0.4033536911010742, 6622
0.4033536911010742, 6621
0.4053947925567627, 6620
0.4053947925567627, 6619
0.4053947925567627, 6618
0.4053947925567627, 6617
0.4053947925567627, 6616
0.4053947925567627, 6615
0.4053947925567627, 6614
0.4053947925567627, 6613
0.4053947925567627, 6612
0.4053947925567627, 6611
0.4053947925567627, 6610
0.4053947925567627, 6609
0.4053947925567627, 6608
0.4053947925567627, 6607
0.4053947925567627, 6606
0.4134209156036377, 6605
0.4134209156036377, 6604
0.4134209156036377, 6603
0.4154622554779053, 6602
0.4154622554779053, 6601
0.4154622554779053, 6600
0.4154622554779053, 6599
0.4154622554779053, 6598
0.4154622554779053, 6597
15.989910364151001, 6596
16.799628496170044, 6595
16.799628496170044, 6594
17.031193256378174, 6593
17.031193256378174, 6592
17.04678177833557, 6591
17.06891369819641, 6590
17.06891369819641, 6589
17.0845365524292, 6588
17.0845365524292, 6587
17.115814447402954, 6586
17.13143038749695, 6585
17.147019386291504, 6584
17.25385618209839, 6583
17.25385618209839, 6582
17.25385618209839, 6581
17.25385618209839, 6580
17.25385618209839, 6579
17.25385618209839, 6578
17.25385618209839, 6577
17.269511938095093, 6576
17.269511938095093, 6575
17.269511938095093, 6574
17.269511938095093, 6573
17.28510332107544, 6572
17.28510332107544, 6571
17.28510332107544, 6570
17.28510332107544, 6569
17.28510332107544, 6568
17.28510332107544, 6567
17.28510332107544, 6566
17.28510332107544, 6565
17.28510332107544, 6564
17.30072522163391, 6563
17.30072522163391, 6562
17.30072522163391, 6561
17.30072522163391, 6560
17.30072522163391, 6559
17.30072522163391, 6558
17.30072522163391, 6557
17.30072522163391, 6556
17.30072522163391, 6555
17.30072522163391, 6554
17.30072522163391, 6553
17.30072522163391, 6552
17.30072522163391, 6551
17.30072522163391, 6550
17.30072522163391, 6549
17.30072522163391, 6548
17.30072522163391, 6547
17.30072522163391, 6546
17.30072522163391, 6545
17.30072522163391, 6544
17.30072522163391, 6543
17.316345930099487, 6542
17.316345930099487, 6541
17.316345930099487, 6540
17.316345930099487, 6539
17.316345930099487, 6538
17.316345930099487, 6537
17.316345930099487, 6536
17.316345930099487, 6535
17.316345930099487, 6534
17.316345930099487, 6533
17.316345930099487, 6532
17.316345930099487, 6531
17.316345930099487, 6530
17.316345930099487, 6529
17.316345930099487, 6528
17.316345930099487, 6527
17.316345930099487, 6526
17.316345930099487, 6525
17.316345930099487, 6524
17.316345930099487, 6523
17.316345930099487, 6522
17.316345930099487, 6521
17.316345930099487, 6520
17.316345930099487, 6519
17.316345930099487, 6518
17.316345930099487, 6517
17.316345930099487, 6516
17.316345930099487, 6515
17.316345930099487, 6514
17.316345930099487, 6513
17.316345930099487, 6512
17.316345930099487, 6511
17.316345930099487, 6510
17.316345930099487, 6509
17.316345930099487, 6508
17.316345930099487, 6507
17.33196759223938, 6506
17.33196759223938, 6505
17.33196759223938, 6504
17.33196759223938, 6503
17.33196759223938, 6502
17.33196759223938, 6501
17.33196759223938, 6500
17.33196759223938, 6499
17.33196759223938, 6498
17.33196759223938, 6497
17.33196759223938, 6496
17.33196759223938, 6495
17.33196759223938, 6494
17.33196759223938, 6493
17.34758687019348, 6492
17.34758687019348, 6491
17.34758687019348, 6490
17.34758687019348, 6489
17.34758687019348, 6488
17.34758687019348, 6487
17.34758687019348, 6486
17.34758687019348, 6485
17.34758687019348, 6484
17.34758687019348, 6483
17.35409140586853, 6482
17.35409140586853, 6481
17.35409140586853, 6480
17.35409140586853, 6479
17.35409140586853, 6478
17.35409140586853, 6477
17.35409140586853, 6476
17.35409140586853, 6475
17.35409140586853, 6474
17.35409140586853, 6473
17.35409140586853, 6472
17.369714975357056, 6471
17.369714975357056, 6470
17.369714975357056, 6469
17.369714975357056, 6468
17.369714975357056, 6467
17.369714975357056, 6466
17.369714975357056, 6465
17.369714975357056, 6464
17.369714975357056, 6463
17.369714975357056, 6462
17.369714975357056, 6461
17.369714975357056, 6460
17.369714975357056, 6459
17.369714975357056, 6458
17.369714975357056, 6457
17.385372161865234, 6456
17.385372161865234, 6455
17.385372161865234, 6454
17.385372161865234, 6453
17.385372161865234, 6452
17.385372161865234, 6451
17.385372161865234, 6450
17.385372161865234, 6449
17.385372161865234, 6448
17.385372161865234, 6447
17.385372161865234, 6446
17.385372161865234, 6445
17.385372161865234, 6444
17.385372161865234, 6443
17.385372161865234, 6442
17.385372161865234, 6441
17.385372161865234, 6440
17.400986909866333, 6439
17.400986909866333, 6438
17.400986909866333, 6437
17.400986909866333, 6436
17.400986909866333, 6435
17.400986909866333, 6434
17.400986909866333, 6433
17.400986909866333, 6432
17.400986909866333, 6431
17.400986909866333, 6430
17.400986909866333, 6429
17.400986909866333, 6428
17.43223237991333, 6427
17.43223237991333, 6426
17.43223237991333, 6425
17.43223237991333, 6424
17.43223237991333, 6423
17.43223237991333, 6422
17.43223237991333, 6421
17.43223237991333, 6420
17.43223237991333, 6419
17.43223237991333, 6418
17.43223237991333, 6417
17.43223237991333, 6416
17.43223237991333, 6415
17.43223237991333, 6414
17.43223237991333, 6413
17.43223237991333, 6412
17.43223237991333, 6411
17.43223237991333, 6410
17.43223237991333, 6409
17.43223237991333, 6408
17.43223237991333, 6407
17.43223237991333, 6406
17.43223237991333, 6405
17.43223237991333, 6404
17.447853565216064, 6403
17.447853565216064, 6402
17.447853565216064, 6401
17.447853565216064, 6400
17.454391479492188, 6399
17.454391479492188, 6398
17.454391479492188, 6397
17.454391479492188, 6396
17.454391479492188, 6395
17.454391479492188, 6394
17.454391479492188, 6393
17.454391479492188, 6392
17.454391479492188, 6391
17.454391479492188, 6390
17.454391479492188, 6389
17.454391479492188, 6388
17.454391479492188, 6387
17.454391479492188, 6386
17.454391479492188, 6385
17.454391479492188, 6384
17.454391479492188, 6383
17.454391479492188, 6382
17.454391479492188, 6381
17.454391479492188, 6380
17.47004747390747, 6379
17.47004747390747, 6378
17.47004747390747, 6377
17.47004747390747, 6376
17.47004747390747, 6375
17.47004747390747, 6374
17.47004747390747, 6373
17.47004747390747, 6372
17.47004747390747, 6371
17.47004747390747, 6370
17.47004747390747, 6369
17.47004747390747, 6368
17.47004747390747, 6367
17.47004747390747, 6366
17.47004747390747, 6365
17.47004747390747, 6364
17.47004747390747, 6363
17.48817253112793, 6362
17.489201545715332, 6361
17.490201234817505, 6360
17.490201234817505, 6359
17.491196632385254, 6358
17.491196632385254, 6357
17.492244005203247, 6356
17.492244005203247, 6355
17.492244005203247, 6354
17.492244005203247, 6353
17.492244005203247, 6352
17.492244005203247, 6351
17.492244005203247, 6350
17.492244005203247, 6349
17.50789713859558, 6348
17.50789713859558, 6347
17.50789713859558, 6346
17.50789713859558, 6345
17.50789713859558, 6344
17.50789713859558, 6343
17.50789713859558, 6342
17.50789713859558, 6341
17.50789713859558, 6340
17.50789713859558, 6339
17.50789713859558, 6338
17.50789713859558, 6337
17.50789713859558, 6336
17.50789713859558, 6335
17.50789713859558, 6334
17.50789713859558, 6333
17.523518562316895, 6332
17.523518562316895, 6331
17.523518562316895, 6330
17.523518562316895, 6329
17.539109706878662, 6328
17.539109706878662, 6327
17.539109706878662, 6326
17.539109706878662, 6325
17.539109706878662, 6324
17.539109706878662, 6323
17.539109706878662, 6322
17.539109706878662, 6321
17.539109706878662, 6320
17.539109706878662, 6319
17.539109706878662, 6318
17.539109706878662, 6317
17.539109706878662, 6316
17.539109706878662, 6315
17.554619073867798, 6314
17.554619073867798, 6313
17.554619073867798, 6312
17.554619073867798, 6311
17.554619073867798, 6310
17.554619073867798, 6309
17.554619073867798, 6308
17.554619073867798, 6307
17.554619073867798, 6306
17.554619073867798, 6305
17.554619073867798, 6304
17.554619073867798, 6303
17.554619073867798, 6302
17.554619073867798, 6301
17.554619073867798, 6300
17.554619073867798, 6299
17.570244789123535, 6298
17.570244789123535, 6297
17.570244789123535, 6296
17.570244789123535, 6295
17.570244789123535, 6294
17.570244789123535, 6293
17.570244789123535, 6292
17.570244789123535, 6291
17.570244789123535, 6290
17.570244789123535, 6289
17.570244789123535, 6288
17.570244789123535, 6287
17.570244789123535, 6286
17.570244789123535, 6285
17.570244789123535, 6284
17.570244789123535, 6283
17.570244789123535, 6282
17.570244789123535, 6281
17.570244789123535, 6280
17.570244789123535, 6279
17.570244789123535, 6278
17.58586597442627, 6277
17.58586597442627, 6276
17.58586597442627, 6275
17.58586597442627, 6274
17.58586597442627, 6273
17.58586597442627, 6272
17.58586597442627, 6271
17.58586597442627, 6270
17.58586597442627, 6269
17.58586597442627, 6268
17.58586597442627, 6267
17.58586597442627, 6266
17.58586597442627, 6265
17.58586597442627, 6264
17.58586597442627, 6263
17.58586597442627, 6262
17.58586597442627, 6261
17.58586597442627, 6260
17.58586597442627, 6259
17.58586597442627, 6258
17.58586597442627, 6257
17.58586597442627, 6256
17.58586597442627, 6255
17.58586597442627, 6254
17.603379011154175, 6253
17.603379011154175, 6252
17.60440707206726, 6251
17.60440707206726, 6250
17.606446743011475, 6249
17.606446743011475, 6248
17.606446743011475, 6247
17.606446743011475, 6246
17.606446743011475, 6245
17.606446743011475, 6244
17.606446743011475, 6243
17.606446743011475, 6242
17.606446743011475, 6241
17.606446743011475, 6240
17.606446743011475, 6239
17.606446743011475, 6238
17.606446743011475, 6237
17.606446743011475, 6236
17.606446743011475, 6235
17.606446743011475, 6234
17.606446743011475, 6233
17.606446743011475, 6232
17.606446743011475, 6231
17.606446743011475, 6230
17.622100353240967, 6229
17.622100353240967, 6228
17.622100353240967, 6227
17.622100353240967, 6226
17.622100353240967, 6225
17.622100353240967, 6224
17.622100353240967, 6223
17.622100353240967, 6222
17.622100353240967, 6221
17.622100353240967, 6220
17.622100353240967, 6219
17.622100353240967, 6218
17.622100353240967, 6217
17.622100353240967, 6216
17.622100353240967, 6215
17.622100353240967, 6214
17.622100353240967, 6213
17.622100353240967, 6212
17.622100353240967, 6211
17.622100353240967, 6210
17.637690782546997, 6209
17.637690782546997, 6208
17.637690782546997, 6207
17.637690782546997, 6206
17.637690782546997, 6205
17.637690782546997, 6204
17.637690782546997, 6203
17.637690782546997, 6202
17.637690782546997, 6201
17.637690782546997, 6200
17.637690782546997, 6199
17.637690782546997, 6198
17.637690782546997, 6197
17.637690782546997, 6196
17.653313636779785, 6195
17.654823303222656, 6194
17.654823303222656, 6193
17.654823303222656, 6192
17.654823303222656, 6191
17.654823303222656, 6190
17.654823303222656, 6189
17.654823303222656, 6188
17.654823303222656, 6187
17.654823303222656, 6186
17.654823303222656, 6185
17.654823303222656, 6184
17.654823303222656, 6183
17.670449018478394, 6182
17.670449018478394, 6181
17.670449018478394, 6180
17.670449018478394, 6179
17.670449018478394, 6178
17.670449018478394, 6177
17.670449018478394, 6176
17.670449018478394, 6175
17.670449018478394, 6174
17.670449018478394, 6173
17.670449018478394, 6172
17.670449018478394, 6171
17.670449018478394, 6170
17.670449018478394, 6169
17.670449018478394, 6168
17.670449018478394, 6167
17.670449018478394, 6166
17.670449018478394, 6165
17.670449018478394, 6164
17.670449018478394, 6163
17.670449018478394, 6162
17.686070680618286, 6161
17.686070680618286, 6160
17.686070680618286, 6159
17.686070680618286, 6158
17.686070680618286, 6157
17.686070680618286, 6156
17.686070680618286, 6155
17.686070680618286, 6154
17.686070680618286, 6153
17.686070680618286, 6152
17.686070680618286, 6151
17.686070680618286, 6150
17.686070680618286, 6149
17.686070680618286, 6148
17.686070680618286, 6147
17.686070680618286, 6146
17.686070680618286, 6145
17.686070680618286, 6144
17.686070680618286, 6143
17.686070680618286, 6142
17.686070680618286, 6141
17.686070680618286, 6140
17.686070680618286, 6139
17.7016921043396, 6138
17.7016921043396, 6137
17.7016921043396, 6136
17.7016921043396, 6135
17.7016921043396, 6134
17.7016921043396, 6133
17.717313051223755, 6132
17.717313051223755, 6131
17.717313051223755, 6130
17.717313051223755, 6129
17.717313051223755, 6128
17.717313051223755, 6127
17.73293447494507, 6126
17.73293447494507, 6125
17.73293447494507, 6124
17.73293447494507, 6123
17.73293447494507, 6122
17.73293447494507, 6121
17.73293447494507, 6120
17.73293447494507, 6119
17.73293447494507, 6118
17.73293447494507, 6117
17.73293447494507, 6116
17.748555660247803, 6115
17.748555660247803, 6114
17.757150650024414, 6113
17.757150650024414, 6112
17.757150650024414, 6111
17.757150650024414, 6110
17.757150650024414, 6109
17.757150650024414, 6108
17.765193462371826, 6107
17.765193462371826, 6106
17.767240524291992, 6105
17.767240524291992, 6104
17.767240524291992, 6103
17.767240524291992, 6102
17.767240524291992, 6101
17.767240524291992, 6100
17.767240524291992, 6099
17.767240524291992, 6098
17.767240524291992, 6097
17.767240524291992, 6096
17.7752845287323, 6095
17.7752845287323, 6094
17.7752845287323, 6093
17.777327299118042, 6092
17.777327299118042, 6091
17.777327299118042, 6090
17.777327299118042, 6089
17.777327299118042, 6088
17.787391901016235, 6087
17.787391901016235, 6086
17.787391901016235, 6085
17.79543685913086, 6084
17.79748010635376, 6083
17.79748010635376, 6082
17.79748010635376, 6081
17.80552625656128, 6080
17.807573080062866, 6079
17.815617322921753, 6078
17.815617322921753, 6077
17.815617322921753, 6076
17.817659854888916, 6075
17.817659854888916, 6074
17.817659854888916, 6073
17.817659854888916, 6072
17.817659854888916, 6071
17.817659854888916, 6070
17.817659854888916, 6069
17.817659854888916, 6068
17.825706481933594, 6067
17.825706481933594, 6066
17.82775378227234, 6065
17.82775378227234, 6064
17.82775378227234, 6063
17.82775378227234, 6062
17.82775378227234, 6061
17.835797786712646, 6060
17.83784055709839, 6059
17.83784055709839, 6058
17.83784055709839, 6057
17.845886707305908, 6056
17.84792733192444, 6055
17.84792733192444, 6054
17.84792733192444, 6053
17.84792733192444, 6052
17.84792733192444, 6051
17.855968236923218, 6050
17.85800862312317, 6049
17.868120670318604, 6048
17.868120670318604, 6047
17.868120670318604, 6046
17.868120670318604, 6045
17.868120670318604, 6044
17.868120670318604, 6043
17.868120670318604, 6042
17.878199338912964, 6041
17.878199338912964, 6040
17.878199338912964, 6039
17.878199338912964, 6038
17.878199338912964, 6037
17.878199338912964, 6036
17.878199338912964, 6035
17.878199338912964, 6034
17.8862726688385, 6033
17.888316869735718, 6032
17.888316869735718, 6031
17.888316869735718, 6030
17.888316869735718, 6029
17.896361589431763, 6028
17.896361589431763, 6027
17.898398399353027, 6026
17.898398399353027, 6025
17.898398399353027, 6024
17.898398399353027, 6023
17.898398399353027, 6022
17.898398399353027, 6021
17.898398399353027, 6020
17.898398399353027, 6019
17.898398399353027, 6018
17.898398399353027, 6017
17.898398399353027, 6016
17.898398399353027, 6015
17.898398399353027, 6014
17.898398399353027, 6013
17.898398399353027, 6012
17.898398399353027, 6011
17.898398399353027, 6010
17.898398399353027, 6009
17.898398399353027, 6008
17.898398399353027, 6007
17.898398399353027, 6006
17.906448125839233, 6005
17.906448125839233, 6004
17.90848731994629, 6003
17.90848731994629, 6002
17.90848731994629, 6001
17.90848731994629, 6000
17.90848731994629, 5999
17.90848731994629, 5998
17.90848731994629, 5997
17.90848731994629, 5996
17.916526317596436, 5995
17.916526317596436, 5994
17.916526317596436, 5993
17.916526317596436, 5992
17.926589727401733, 5991
17.928637742996216, 5990
17.928637742996216, 5989
17.928637742996216, 5988
17.938730239868164, 5987
17.938730239868164, 5986
17.938730239868164, 5985
17.946746110916138, 5984
17.94878840446472, 5983
17.94878840446472, 5982
17.94878840446472, 5981
17.94878840446472, 5980
17.94878840446472, 5979
17.94878840446472, 5978
17.94878840446472, 5977
17.94878840446472, 5976
17.94878840446472, 5975
17.94878840446472, 5974
17.94878840446472, 5973
17.958874225616455, 5972
17.958874225616455, 5971
17.958874225616455, 5970
17.958874225616455, 5969
17.966922998428345, 5968
17.968971014022827, 5967
17.968971014022827, 5966
17.968971014022827, 5965
17.968971014022827, 5964
17.977015256881714, 5963
17.977015256881714, 5962
17.979058027267456, 5961
17.979058027267456, 5960
17.979058027267456, 5959
17.979058027267456, 5958
17.979058027267456, 5957
17.979058027267456, 5956
17.979058027267456, 5955
17.979058027267456, 5954
17.979058027267456, 5953
17.979058027267456, 5952
17.98707675933838, 5951
17.98707675933838, 5950
17.98707675933838, 5949
17.98911738395691, 5948
17.98911738395691, 5947
17.98911738395691, 5946
17.98911738395691, 5945
17.98911738395691, 5944
17.98911738395691, 5943
17.98911738395691, 5942
17.98911738395691, 5941
17.98911738395691, 5940
17.98911738395691, 5939
17.98911738395691, 5938
17.98911738395691, 5937
17.98911738395691, 5936
17.98911738395691, 5935
17.98911738395691, 5934
17.98911738395691, 5933
17.98911738395691, 5932
17.98911738395691, 5931
17.98911738395691, 5930
17.98911738395691, 5929
17.997156143188477, 5928
17.997156143188477, 5927
17.997156143188477, 5926
17.997156143188477, 5925
17.999195098876953, 5924
17.999195098876953, 5923
17.999195098876953, 5922
17.999195098876953, 5921
17.999195098876953, 5920
17.999195098876953, 5919
17.999195098876953, 5918
17.999195098876953, 5917
17.999195098876953, 5916
17.999195098876953, 5915
17.999195098876953, 5914
17.999195098876953, 5913
17.999195098876953, 5912
17.999195098876953, 5911
18.009251832962036, 5910
18.017298460006714, 5909
18.017298460006714, 5908
18.017298460006714, 5907
18.017298460006714, 5906
18.017298460006714, 5905
18.017298460006714, 5904
18.017298460006714, 5903
18.017298460006714, 5902
18.017298460006714, 5901
18.02737021446228, 5900
18.029411792755127, 5899
18.029411792755127, 5898
18.029411792755127, 5897
18.029411792755127, 5896
18.029411792755127, 5895
18.029411792755127, 5894
18.029411792755127, 5893
18.029411792755127, 5892
18.029411792755127, 5891
18.03948664665222, 5890
18.03948664665222, 5889
18.03948664665222, 5888
18.03948664665222, 5887
18.03948664665222, 5886
18.03948664665222, 5885
18.03948664665222, 5884
18.03948664665222, 5883
18.03948664665222, 5882
18.047548532485962, 5881
18.047548532485962, 5880
18.049593210220337, 5879
18.049593210220337, 5878
18.049593210220337, 5877
18.049593210220337, 5876
18.049593210220337, 5875
18.049593210220337, 5874
18.049593210220337, 5873
18.057636976242065, 5872
18.057636976242065, 5871
18.059677124023438, 5870
18.059677124023438, 5869
18.059677124023438, 5868
18.059677124023438, 5867
18.059677124023438, 5866
18.059677124023438, 5865
18.059677124023438, 5864
18.06772255897522, 5863
18.069770097732544, 5862
18.07781219482422, 5861
18.07985520362854, 5860
18.07985520362854, 5859
18.07985520362854, 5858
18.07985520362854, 5857
18.090300798416138, 5856
18.090300798416138, 5855
18.090300798416138, 5854
18.09834313392639, 5853
18.1003839969635, 5852
18.1003839969635, 5851
18.1003839969635, 5850
18.1003839969635, 5849
18.1003839969635, 5848
18.110494375228882, 5847
18.110494375228882, 5846
18.110494375228882, 5845
18.110494375228882, 5844
18.110494375228882, 5843
18.110494375228882, 5842
18.118534088134766, 5841
18.118534088134766, 5840
18.118534088134766, 5839
18.12057328224182, 5838
18.12057328224182, 5837
18.12057328224182, 5836
18.128588914871216, 5835
18.130631923675537, 5834
18.130631923675537, 5833
18.130631923675537, 5832
18.130631923675537, 5831
18.130631923675537, 5830
18.130631923675537, 5829
18.130631923675537, 5828
18.130631923675537, 5827
18.138671875, 5826
18.138671875, 5825
18.138671875, 5824
18.140711545944214, 5823
18.140711545944214, 5822
18.140711545944214, 5821
18.140711545944214, 5820
18.140711545944214, 5819
18.140711545944214, 5818
18.140711545944214, 5817
18.15074324607849, 5816
18.15074324607849, 5815
18.160830974578857, 5814
18.170892238616943, 5813
18.170892238616943, 5812
18.170892238616943, 5811
18.170892238616943, 5810
18.170892238616943, 5809
18.170892238616943, 5808
18.170892238616943, 5807
18.170892238616943, 5806
18.178934574127197, 5805
18.180973529815674, 5804
18.180973529815674, 5803
18.191062927246094, 5802
18.191062927246094, 5801
18.191062927246094, 5800
18.191062927246094, 5799
18.191062927246094, 5798
18.191062927246094, 5797
18.199103116989136, 5796
18.199103116989136, 5795
18.199103116989136, 5794
18.201143264770508, 5793
18.201143264770508, 5792
18.201143264770508, 5791
18.201143264770508, 5790
18.201143264770508, 5789
18.201143264770508, 5788
18.201143264770508, 5787
18.201143264770508, 5786
18.20927357673645, 5785
18.21131682395935, 5784
18.21131682395935, 5783
18.21131682395935, 5782
18.21131682395935, 5781
18.21131682395935, 5780
18.21131682395935, 5779
18.21131682395935, 5778
18.21131682395935, 5777
18.21131682395935, 5776
18.219356060028076, 5775
18.219356060028076, 5774
18.219356060028076, 5773
18.219356060028076, 5772
18.219356060028076, 5771
18.219356060028076, 5770
18.219356060028076, 5769
18.219356060028076, 5768
18.219356060028076, 5767
18.231452226638794, 5766
18.231452226638794, 5765
18.231452226638794, 5764
18.239492177963257, 5763
18.239492177963257, 5762
18.241532802581787, 5761
18.241532802581787, 5760
18.241532802581787, 5759
18.241532802581787, 5758
18.241532802581787, 5757
18.241532802581787, 5756
18.241532802581787, 5755
18.241532802581787, 5754
18.241532802581787, 5753
18.249573945999146, 5752
18.249573945999146, 5751
18.2516188621521, 5750
18.2516188621521, 5749
18.2516188621521, 5748
18.2516188621521, 5747
18.259664058685303, 5746
18.261704444885254, 5745
18.261704444885254, 5744
18.261704444885254, 5743
18.2717707157135, 5742
18.2717707157135, 5741
18.2717707157135, 5740
18.2717707157135, 5739
18.27981448173523, 5738
18.27981448173523, 5737
18.281857013702393, 5736
18.281857013702393, 5735
18.281857013702393, 5734
18.281857013702393, 5733
18.281857013702393, 5732
18.281857013702393, 5731
18.28990340232849, 5730
18.29194664955139, 5729
18.29194664955139, 5728
18.29194664955139, 5727
18.29194664955139, 5726
18.29194664955139, 5725
18.29194664955139, 5724
18.29194664955139, 5723
18.29194664955139, 5722
18.29194664955139, 5721
18.29194664955139, 5720
18.29194664955139, 5719
18.29194664955139, 5718
18.299988508224487, 5717
18.302024602890015, 5716
18.302024602890015, 5715
18.302024602890015, 5714
18.302024602890015, 5713
18.302024602890015, 5712
18.302024602890015, 5711
18.302024602890015, 5710
18.302024602890015, 5709
18.302024602890015, 5708
18.302024602890015, 5707
18.31007480621338, 5706
18.31007480621338, 5705
18.31007480621338, 5704
18.312119483947754, 5703
18.312119483947754, 5702
18.312119483947754, 5701
18.312119483947754, 5700
18.312119483947754, 5699
18.312119483947754, 5698
18.312119483947754, 5697
18.312119483947754, 5696
18.320160388946533, 5695
18.322205543518066, 5694
18.322205543518066, 5693
18.322205543518066, 5692
18.322205543518066, 5691
18.330252647399902, 5690
18.330252647399902, 5689
18.332297563552856, 5688
18.332297563552856, 5687
18.332297563552856, 5686
18.332297563552856, 5685
18.332297563552856, 5684
18.340339422225952, 5683
18.340339422225952, 5682
18.342387437820435, 5681
18.342387437820435, 5680
18.342387437820435, 5679
18.342387437820435, 5678
18.342387437820435, 5677
18.350431442260742, 5676
18.350431442260742, 5675
18.352477073669434, 5674
18.352477073669434, 5673
18.352477073669434, 5672
18.352477073669434, 5671
18.352477073669434, 5670
18.352477073669434, 5669
18.352477073669434, 5668
18.352477073669434, 5667
18.360522985458374, 5666
18.360522985458374, 5665
18.362568140029907, 5664
18.362568140029907, 5663
18.362568140029907, 5662
18.362568140029907, 5661
18.362568140029907, 5660
18.362568140029907, 5659
18.362568140029907, 5658
18.362568140029907, 5657
18.370619535446167, 5656
18.37262725830078, 5655
18.37262725830078, 5654
18.37262725830078, 5653
18.37262725830078, 5652
18.37262725830078, 5651
18.37262725830078, 5650
18.37262725830078, 5649
18.37262725830078, 5648
18.37262725830078, 5647
18.37262725830078, 5646
18.37262725830078, 5645
18.380634546279907, 5644
18.380634546279907, 5643
18.382638931274414, 5642
18.382638931274414, 5641
18.382638931274414, 5640
18.382638931274414, 5639
18.382638931274414, 5638
18.382638931274414, 5637
18.382638931274414, 5636
18.382638931274414, 5635
18.382638931274414, 5634
18.382638931274414, 5633
18.390652894973755, 5632
18.390652894973755, 5631
18.392659425735474, 5630
18.392659425735474, 5629
18.392659425735474, 5628
18.392659425735474, 5627
18.392659425735474, 5626
18.392659425735474, 5625
18.400664567947388, 5624
18.400664567947388, 5623
18.400664567947388, 5622
18.402668952941895, 5621
18.402668952941895, 5620
18.402668952941895, 5619
18.402668952941895, 5618
18.410692930221558, 5617
18.412747144699097, 5616
18.412747144699097, 5615
18.420792818069458, 5614
18.422836542129517, 5613
18.422836542129517, 5612
18.422836542129517, 5611
18.430855751037598, 5610
18.432903289794922, 5609
18.432903289794922, 5608
18.432903289794922, 5607
18.442994356155396, 5606
18.442994356155396, 5605
18.442994356155396, 5604
18.461135864257812, 5603
18.461135864257812, 5602
18.463176012039185, 5601
18.463176012039185, 5600
18.463176012039185, 5599
18.463176012039185, 5598
18.463176012039185, 5597
18.463176012039185, 5596
18.463176012039185, 5595
18.47119426727295, 5594
18.47119426727295, 5593
18.47119426727295, 5592
18.473238945007324, 5591
18.473238945007324, 5590
18.473238945007324, 5589
18.473238945007324, 5588
18.473238945007324, 5587
18.473238945007324, 5586
18.493417263031006, 5585
18.493417263031006, 5584
18.50350856781006, 5583
18.51356840133667, 5582
18.523656368255615, 5581
18.523656368255615, 5580
18.543834447860718, 5579
18.543834447860718, 5578
18.551883935928345, 5577
18.55392837524414, 5576
18.614131927490234, 5575
18.624215364456177, 5574
18.624215364456177, 5573
18.634304761886597, 5572
18.662508487701416, 5571
18.68484330177307, 5570
18.705413103103638, 5569
18.705413103103638, 5568
18.705413103103638, 5567
18.73568344116211, 5566
18.73568344116211, 5565
18.73568344116211, 5564
18.7457594871521, 5563
18.75584602355957, 5562
18.75584602355957, 5561
18.75584602355957, 5560
18.775988340377808, 5559
18.775988340377808, 5558
18.775988340377808, 5557
18.775988340377808, 5556
18.856672286987305, 5555
18.874799489974976, 5554
18.874799489974976, 5553
18.876842737197876, 5552
18.876842737197876, 5551
18.886929988861084, 5550
18.905027389526367, 5549
18.90711283683777, 5548
18.917183876037598, 5547
18.95752739906311, 5546
18.95752739906311, 5545
18.985716581344604, 5544
18.985716581344604, 5543
18.985716581344604, 5542
19.007922172546387, 5541
19.007922172546387, 5540
19.028092861175537, 5539
19.028092861175537, 5538
19.028092861175537, 5537
19.0382719039917, 5536
19.0382719039917, 5535
19.0382719039917, 5534
19.0382719039917, 5533
19.0382719039917, 5532
19.046314477920532, 5531
19.058449506759644, 5530
19.058449506759644, 5529
19.07658314704895, 5528
19.07658314704895, 5527
19.07658314704895, 5526
19.116955995559692, 5525
19.149250030517578, 5524
19.159358263015747, 5523
19.159358263015747, 5522
19.167397260665894, 5521
19.169438123703003, 5520
19.169438123703003, 5519
19.169438123703003, 5518
19.189618349075317, 5517
19.240070343017578, 5516
19.24811339378357, 5515
19.24811339378357, 5514
19.24811339378357, 5513
19.24811339378357, 5512
19.250152349472046, 5511
19.258182048797607, 5510
19.260223627090454, 5509
19.280417919158936, 5508
19.30903720855713, 5507
19.32115936279297, 5506
19.32115936279297, 5505
19.331239223480225, 5504
19.331239223480225, 5503
19.331239223480225, 5502
19.361554861068726, 5501
19.39174199104309, 5500
19.39174199104309, 5499
19.401803255081177, 5498
19.4198956489563, 5497
19.421916484832764, 5496
19.431968688964844, 5495
19.442061185836792, 5494
19.450103282928467, 5493
19.4601993560791, 5492
19.46224617958069, 5491
19.46224617958069, 5490
19.470292329788208, 5489
19.470292329788208, 5488
19.470292329788208, 5487
19.47234010696411, 5486
19.500695943832397, 5485
19.50273609161377, 5484
19.52291750907898, 5483
19.532994031906128, 5482
19.55317187309265, 5481
19.55317187309265, 5480
19.55317187309265, 5479
19.563265085220337, 5478
19.57334327697754, 5477
19.6135733127594, 5476
19.6135733127594, 5475
19.64384174346924, 5474
19.653919219970703, 5473
19.653919219970703, 5472
19.674094676971436, 5471
19.674094676971436, 5470
19.674094676971436, 5469
19.674094676971436, 5468
19.68418860435486, 5467
19.694270372390747, 5466
19.694270372390747, 5465
19.694270372390747, 5464
19.704376220703125, 5463
19.714462518692017, 5462
19.722482204437256, 5461
19.75480008125305, 5460
19.77495002746582, 5459
19.793084144592285, 5458
19.813248872756958, 5457
19.82539987564087, 5456
19.82539987564087, 5455
19.82539987564087, 5454
19.82539987564087, 5453
19.82539987564087, 5452
19.84550929069519, 5451
19.853554010391235, 5450
19.85559344291687, 5449
19.885906219482422, 5448
19.906578540802002, 5447
19.906578540802002, 5446
19.914620876312256, 5445
19.92675256729126, 5444
19.936837434768677, 5443
19.944886445999146, 5442
19.944886445999146, 5441
19.95700478553772, 5440
19.967093229293823, 5439
19.977171897888184, 5438
19.977171897888184, 5437
19.9872567653656, 5436
19.995296478271484, 5435
19.99733543395996, 5434
19.99733543395996, 5433
19.99733543395996, 5432
20.00743055343628, 5431
20.00743055343628, 5430
20.015470504760742, 5429
20.01750946044922, 5428
20.01750946044922, 5427
20.047801733016968, 5426
20.057880878448486, 5425
20.06593418121338, 5424
20.088073015213013, 5423
20.098153352737427, 5422
20.108255863189697, 5421
20.11833930015564, 5420
20.11833930015564, 5419
20.11833930015564, 5418
20.11833930015564, 5417
20.128437995910645, 5416
20.128437995910645, 5415
20.128437995910645, 5414
20.15865731239319, 5413
20.15865731239319, 5412
20.15865731239319, 5411
20.168745279312134, 5410
20.17882752418518, 5409
20.196969270706177, 5408
20.196969270706177, 5407
20.196969270706177, 5406
20.229180097579956, 5405
20.239264965057373, 5404
20.239264965057373, 5403
20.239264965057373, 5402
20.249340295791626, 5401
20.269457817077637, 5400
20.269457817077637, 5399
20.269457817077637, 5398
20.299715518951416, 5397
20.307779788970947, 5396
20.327835083007812, 5395
20.327835083007812, 5394
20.327835083007812, 5393
20.329845666885376, 5392
20.329845666885376, 5391
20.349923610687256, 5390
20.370113134384155, 5389
20.38019037246704, 5388
20.390302896499634, 5387
20.390302896499634, 5386
20.400390625, 5385
20.400390625, 5384
20.420551776885986, 5383
20.43064856529236, 5382
20.43064856529236, 5381
20.440734386444092, 5380
20.479008197784424, 5379
20.481053590774536, 5378
20.481053590774536, 5377
20.481053590774536, 5376
20.489067554473877, 5375
20.491071701049805, 5374
20.49111294746399, 5373
20.49111294746399, 5372
20.49111294746399, 5371
20.49111294746399, 5370
20.501198768615723, 5369
20.521775484085083, 5368
20.521775484085083, 5367
20.52981972694397, 5366
20.552029132843018, 5365
20.560072422027588, 5364
20.5621120929718, 5363
20.572221040725708, 5362
20.572221040725708, 5361
20.58230185508728, 5360
20.58230185508728, 5359
20.602845668792725, 5358
20.602845668792725, 5357
20.602845668792725, 5356
20.602845668792725, 5355
20.612943410873413, 5354
20.62302255630493, 5353
20.643200874328613, 5352
20.643200874328613, 5351
20.65328812599182, 5350
20.68354892730713, 5349
20.69363760948181, 5348
20.713801860809326, 5347
20.723883152008057, 5346
20.754032135009766, 5345
20.764111280441284, 5344
20.764111280441284, 5343
20.774179697036743, 5342
20.80230474472046, 5341
20.814439296722412, 5340
20.814439296722412, 5339
20.84468674659729, 5338
20.86281991004944, 5337
20.874995946884155, 5336
20.874995946884155, 5335
20.874995946884155, 5334
20.885075569152832, 5333
20.885075569152832, 5332
20.885075569152832, 5331
20.93551516532898, 5330
20.93551516532898, 5329
20.953651189804077, 5328
20.955695867538452, 5327
20.955695867538452, 5326
20.983906507492065, 5325
20.98594880104065, 5324
21.006126403808594, 5323
21.026302576065063, 5322
21.046486616134644, 5321
21.046486616134644, 5320
21.046486616134644, 5319
21.046486616134644, 5318
21.0565984249115, 5317
21.096970081329346, 5316
21.096970081329346, 5315
21.107054471969604, 5314
21.107054471969604, 5313
21.117575645446777, 5312
21.127657413482666, 5311
21.127657413482666, 5310
21.135700702667236, 5309
21.135700702667236, 5308
21.14578080177307, 5307
21.1679847240448, 5306
21.17815351486206, 5305
21.186192989349365, 5304
21.24872660636902, 5303
21.25881552696228, 5302
21.268892765045166, 5301
21.268892765045166, 5300
21.276944875717163, 5299
21.278985261917114, 5298
21.278985261917114, 5297
21.32050323486328, 5296
21.349644899368286, 5295
21.370015144348145, 5294
21.400286197662354, 5293
21.438451766967773, 5292
21.438451766967773, 5291
21.44046449661255, 5290
21.450494050979614, 5289
21.46859073638916, 5288
21.482656955718994, 5287
21.482656955718994, 5286
21.5690279006958, 5285
21.5690279006958, 5284
21.591153621673584, 5283
21.591153621673584, 5282
21.661527156829834, 5281
21.661527156829834, 5280
21.684909343719482, 5279
21.687958002090454, 5278
21.689977884292603, 5277
21.691998958587646, 5276
21.70002245903015, 5275
21.734833478927612, 5274
21.793179750442505, 5273
21.845434188842773, 5272
21.865518808364868, 5271
21.956122875213623, 5270
21.984203815460205, 5269
22.00630211830139, 5268
22.036412954330444, 5267
22.06657910346985, 5266
22.076661825180054, 5265
22.094772338867188, 5264
22.157241344451904, 5263
22.17737340927124, 5262
22.187477588653564, 5261
22.207664012908936, 5260
22.207664012908936, 5259
22.23788285255432, 5258
22.29631733894348, 5257
22.308432817459106, 5256
22.379390239715576, 5255
22.3975510597229, 5254
22.460134983062744, 5253
22.498419523239136, 5252
22.498419523239136, 5251
22.50046396255493, 5250
22.50850534439087, 5249
22.520643949508667, 5248
22.520643949508667, 5247
22.5387864112854, 5246
22.571086168289185, 5245
22.571091890335083, 5244
22.579137086868286, 5243
22.671788454055786, 5242
22.671788454055786, 5241
22.76248288154602, 5240
22.76248288154602, 5239
22.782647371292114, 5238
22.833022117614746, 5237
22.8833487033844, 5236
22.904449939727783, 5235
22.904449939727783, 5234
22.904449939727783, 5233
22.932671785354614, 5232
22.945185899734497, 5231
22.955265998840332, 5230
23.033722162246704, 5229
23.033722162246704, 5228
23.053845167160034, 5227
23.053845167160034, 5226
23.053845167160034, 5225
23.053845167160034, 5224
23.134514331817627, 5223
23.146608591079712, 5222
23.197043418884277, 5221
23.20510506629944, 5220
23.27773642539978, 5219
23.28782367706299, 5218
23.295863389968872, 5217
23.31605315208435, 5216
23.31809902191162, 5215
23.31809902191162, 5214
23.31809902191162, 5213
23.34631085395813, 5212
23.348350763320923, 5211
23.366514205932617, 5210
23.368561267852783, 5209
23.378641843795776, 5208
23.378641843795776, 5207
23.3866708278656, 5206
23.408894777297974, 5205
23.408894777297974, 5204
23.41897487640381, 5203
23.42902898788452, 5202
23.437067985534668, 5201
23.447130918502808, 5200
23.497692823410034, 5199
23.5098135471344, 5198
23.5098135471344, 5197
23.54011106491089, 5196
23.55058765411377, 5195
23.55058765411377, 5194
23.560667514801025, 5193
23.590923309326172, 5192
23.614115953445435, 5191
23.61915946006775, 5190
23.631256103515625, 5189
23.631256103515625, 5188
23.669535636901855, 5187
23.80270743370056, 5186
23.80270743370056, 5185
23.810779571533203, 5184
23.812824726104736, 5183
23.85323405265808, 5182
24.00455069541931, 5181
24.00455069541931, 5180
24.11545968055725, 5179
24.156111240386963, 5178
24.156111240386963, 5177
24.398255586624146, 5176
24.398255586624146, 5175
24.408337593078613, 5174
24.418444633483887, 5173
24.436577320098877, 5172
24.438619136810303, 5171
24.438619136810303, 5170
24.54955744743347, 5169
24.54955744743347, 5168
24.55760955810547, 5167
24.5596284866333, 5166
24.70072865486145, 5165
25.06423544883728, 5164
25.072277307510376, 5163
25.072277307510376, 5162
25.144924879074097, 5161
25.144924879074097, 5160
25.144924879074097, 5159
25.16507315635681, 5158
25.18525719642639, 5157
25.18525719642639, 5156
25.21357750892639, 5155
25.245877742767334, 5154
25.245877742767334, 5153
25.245877742767334, 5152
25.25391936302185, 5151
25.27409815788269, 5150
25.41779851913452, 5149
25.445995569229126, 5148
25.587357759475708, 5147
25.648112535476685, 5146
25.65016508102417, 5145
25.65016508102417, 5144
25.65016508102417, 5143
25.65016508102417, 5142
25.660253286361694, 5141
25.660253286361694, 5140
25.700594425201416, 5139
25.801501750946045, 5138
25.829739570617676, 5137
25.831783056259155, 5136
25.841864347457886, 5135
25.841864347457886, 5134
25.841864347457886, 5133
25.851964473724365, 5132
25.860005617141724, 5131
25.860005617141724, 5130
25.880139350891113, 5129
25.900303602218628, 5128
25.922518968582153, 5127
25.922518968582153, 5126
25.922518968582153, 5125
25.922518968582153, 5124
26.064103603363037, 5123
26.082239151000977, 5122
26.124638319015503, 5121
26.142750024795532, 5120
26.142750024795532, 5119
26.152817726135254, 5118
26.152817726135254, 5117
26.185094118118286, 5116
26.20313596725464, 5115
26.215166330337524, 5114
26.215166330337524, 5113
26.235203504562378, 5112
26.24320912361145, 5111
26.24320912361145, 5110
26.245213270187378, 5109
26.26537275314331, 5108
26.283506393432617, 5107
26.283506393432617, 5106
26.30367350578308, 5105
26.305677890777588, 5104
26.305677890777588, 5103
26.305677890777588, 5102
26.305677890777588, 5101
26.305677890777588, 5100
26.305677890777588, 5099
26.36618423461914, 5098
26.36618423461914, 5097
26.416510343551636, 5096
26.42451572418213, 5095
26.55543065071106, 5094
26.567550897598267, 5093
26.567550897598267, 5092
26.588103532791138, 5091
26.588103532791138, 5090
26.588103532791138, 5089
26.638845920562744, 5088
26.638845920562744, 5087
26.646886348724365, 5086
26.646886348724365, 5085
26.659024477005005, 5084
26.659024477005005, 5083
26.6771457195282, 5082
26.699365615844727, 5081
26.699365615844727, 5080
26.70944833755493, 5079
26.719536066055298, 5078
26.719536066055298, 5077
26.719536066055298, 5076
26.719536066055298, 5075
26.729614734649658, 5074
26.76793885231018, 5073
26.76998281478882, 5072
26.800236701965332, 5071
26.810328483581543, 5070
26.810328483581543, 5069
26.810328483581543, 5068
26.820412397384644, 5067
26.840572834014893, 5066
26.840572834014893, 5065
26.850653409957886, 5064
26.850653409957886, 5063
26.86068320274353, 5062
26.86068320274353, 5061
27.012008666992188, 5060
27.012008666992188, 5059
27.042291402816772, 5058
27.06244945526123, 5057
27.06244945526123, 5056
27.06244945526123, 5055
27.08057975769043, 5054
27.08262610435486, 5053
27.092716693878174, 5052
27.092716693878174, 5051
27.102785110473633, 5050
27.110830068588257, 5049
27.112873077392578, 5048
27.1612708568573, 5047
27.16331720352173, 5046
27.16331720352173, 5045
27.557287454605103, 5044
27.57745862007141, 5043
27.6463725566864, 5042
27.65850067138672, 5041
27.676631927490234, 5040
27.686732530593872, 5039
27.686732530593872, 5038
27.686732530593872, 5037
27.688754320144653, 5036
27.688754320144653, 5035
27.727027654647827, 5034
27.72907066345215, 5033
27.72907066345215, 5032
27.739153623580933, 5031
27.757357597351074, 5030
27.779539346694946, 5029
27.779539346694946, 5028
27.808194875717163, 5027
27.99182391166687, 5026
28.072540998458862, 5025
28.10280752182007, 5024
28.10280752182007, 5023
28.10280752182007, 5022
28.12295961380005, 5021
28.133031845092773, 5020
28.15321373939514, 5019
28.15321373939514, 5018
28.15321373939514, 5017
28.173396825790405, 5016
28.191543340682983, 5015
28.193584442138672, 5014
28.302802085876465, 5013
28.32499408721924, 5012
28.365360736846924, 5011
28.416173696517944, 5010
28.436349868774414, 5009
28.658355236053467, 5008
28.658355236053467, 5007
28.668442487716675, 5006
28.728965759277344, 5005
28.908416032791138, 5004
28.908416032791138, 5003
28.94071888923645, 5002
29.122649669647217, 5001
29.122649669647217, 5000
29.122649669647217, 4999
29.13273024559021, 4998
29.475839853286743, 4997
29.50626802444458, 4996
29.50626802444458, 4995
29.514310121536255, 4994
29.69847011566162, 4993
29.70854091644287, 4992
29.70854091644287, 4991
29.76902961730957, 4990
29.859901189804077, 4989
29.88009262084961, 4988
29.88009262084961, 4987
29.900262117385864, 4986
29.908321857452393, 4985
29.918412446975708, 4984
29.99904489517212, 4983
30.019229412078857, 4982
30.029316186904907, 4981
30.029316186904907, 4980
30.03939986228943, 4979
30.0817711353302, 4978
30.142334461212158, 4977
30.142334461212158, 4976
30.142334461212158, 4975
30.190752029418945, 4974
30.190752029418945, 4973
30.221282482147217, 4972
30.263591051101685, 4971
30.283772706985474, 4970
30.283772706985474, 4969
30.283772706985474, 4968
30.283772706985474, 4967
30.303956270217896, 4966
30.312004327774048, 4965
30.31404447555542, 4964
30.31404447555542, 4963
30.35439968109131, 4962
30.40279507637024, 4961
30.41494393348694, 4960
30.41494393348694, 4959
30.475449323654175, 4958
30.483489751815796, 4957
30.515750646591187, 4956
30.606440544128418, 4955
30.606440544128418, 4954
30.62661361694336, 4953
30.656898736953735, 4952
30.687144994735718, 4951
30.69721245765686, 4950
30.72747254371643, 4949
30.778000116348267, 4948
30.85088610649109, 4947
31.05240249633789, 4946
31.131032943725586, 4945
31.254054069519043, 4944
31.264148712158203, 4943
31.32467222213745, 4942
31.444002628326416, 4941
31.446046829223633, 4940
31.476293563842773, 4939
31.484463453292847, 4938
31.534897327423096, 4937
31.648189067840576, 4936
31.648189067840576, 4935
31.66836452484131, 4934
31.688546419143677, 4933
31.729133129119873, 4932
31.729133129119873, 4931
31.729133129119873, 4930
31.737173557281494, 4929
31.747224807739258, 4928
31.747224807739258, 4927
31.749266147613525, 4926
31.829986095428467, 4925
31.8501193523407, 4924
31.870332956314087, 4923
31.890441417694092, 4922
32.0623083114624, 4921
32.0623083114624, 4920
32.3423535823822, 4919
32.48552203178406, 4918
32.49561810493469, 4917
32.54603314399719, 4916
32.55612373352051, 4915
32.55612373352051, 4914
32.59979820251465, 4913
32.687875270843506, 4912
32.687875270843506, 4911
32.6979398727417, 4910
32.960081577301025, 4909
32.960081577301025, 4908
32.960081577301025, 4907
32.960081577301025, 4906
32.960081577301025, 4905
32.960081577301025, 4904
32.960081577301025, 4903
32.960081577301025, 4902
32.99033236503601, 4901
33.02047371864319, 4900
33.1314013004303, 4899
33.21193861961365, 4898
33.222036600112915, 4897
33.25272059440613, 4896
33.37160086631775, 4895
33.55538749694824, 4894
33.60811471939087, 4893
33.64689302444458, 4892
33.65493869781494, 4891
33.667179346084595, 4890
33.667179346084595, 4889
33.80823850631714, 4888
33.818317890167236, 4887
33.826446294784546, 4886
34.10913944244385, 4885
34.151933431625366, 4884
34.172099113464355, 4883
34.182180643081665, 4882
34.24275732040405, 4881
34.24275732040405, 4880
34.24275732040405, 4879
34.37181997299194, 4878
34.38395285606384, 4877
34.39404821395874, 4876
34.39404821395874, 4875
34.40209221839905, 4874
34.40209221839905, 4873
34.404136419296265, 4872
34.404136419296265, 4871
34.404136419296265, 4870
34.494962215423584, 4869
34.60610342025757, 4868
34.61618947982788, 4867
34.63636565208435, 4866
34.64440560340881, 4865
34.64644527435303, 4864
34.9393367767334, 4863
34.95952653884888, 4862
35.26247692108154, 4861
35.26247692108154, 4860
35.30282950401306, 4859
35.403708934783936, 4858
35.5330069065094, 4857
35.59551405906677, 4856
35.62602376937866, 4855
35.747397661209106, 4854
35.76754713058472, 4853
35.78770327568054, 4852
35.81793761253357, 4851
35.81793761253357, 4850
35.846190452575684, 4849
35.88651990890503, 4848
35.88856482505798, 4847
35.99915170669556, 4846
36.04950261116028, 4845
36.09968709945679, 4844
36.09968709945679, 4843
36.148104667663574, 4842
36.452476978302, 4841
36.58354616165161, 4840
36.58354616165161, 4839
36.611674547195435, 4838
36.694411754608154, 4837
36.694411754608154, 4836
36.694411754608154, 4835
36.70244812965393, 4834
36.77507948875427, 4833
36.855895042419434, 4832
36.86597394943237, 4831
36.94705414772034, 4830
36.97731637954712, 4829
37.29797911643982, 4828
37.29797911643982, 4827
37.29797911643982, 4826
37.30001950263977, 4825
37.328227519989014, 4824
37.39080286026001, 4823
37.46143460273743, 4822
37.46947622299194, 4821
37.55265927314758, 4820
37.55265927314758, 4819
37.63162279129028, 4818
37.6639301776886, 4817
37.694180965423584, 4816
37.694180965423584, 4815
37.694180965423584, 4814
37.694180965423584, 4813
37.694180965423584, 4812
37.694180965423584, 4811
37.754690647125244, 4810
37.78494143486023, 4809
37.87367010116577, 4808
37.87571430206299, 4807
38.026917934417725, 4806
38.04705190658569, 4805
38.09790086746216, 4804
38.178542137145996, 4803
38.188573360443115, 4802
38.27916884422302, 4801
38.31952214241028, 4800
38.39018678665161, 4799
38.39823317527771, 4798
38.49104356765747, 4797
38.49104356765747, 4796
38.822526693344116, 4795
38.83463788032532, 4794
38.85478615760803, 4793
39.16580152511597, 4792
39.16580152511597, 4791
39.167840242385864, 4790
39.17792463302612, 4789
39.17792463302612, 4788
39.185964584350586, 4787
39.18800354003906, 4786
39.198100090026855, 4785
39.198100090026855, 4784
39.20614457130432, 4783
39.22832655906677, 4782
39.32760977745056, 4781
39.32760977745056, 4780
39.32760977745056, 4779
39.32965159416199, 4778
39.32965159416199, 4777
39.32965159416199, 4776
39.3881299495697, 4775
39.39016842842102, 4774
39.39016842842102, 4773
39.39822173118591, 4772
39.40025854110718, 4771
39.46077346801758, 4770
40.046292304992676, 4769
40.10676383972168, 4768
40.116843938827515, 4767
40.13493490219116, 4766
40.14498829841614, 4765
40.16719174385071, 4764
40.16719174385071, 4763
40.2983124256134, 4762
40.318453550338745, 4761
40.318453550338745, 4760
40.318453550338745, 4759
40.318453550338745, 4758
40.54083442687988, 4757
40.56099843978882, 4756
40.56099843978882, 4755
40.56904602050781, 4754
40.57108545303345, 4753
40.58116555213928, 4752
40.65202212333679, 4751
40.66006684303284, 4750
40.791133403778076, 4749
40.791133403778076, 4748
40.803250312805176, 4747
40.843526124954224, 4746
40.843526124954224, 4745
40.9141309261322, 4744
40.99483299255371, 4743
41.035181283950806, 4742
41.055360555648804, 4741
41.17675304412842, 4740
41.21708679199219, 4739
41.21708679199219, 4738
41.21708679199219, 4737
41.22512602806091, 4736
41.22512602806091, 4735
41.22716808319092, 4734
41.23722767829895, 4733
41.23722767829895, 4732
41.26545214653015, 4731
41.27757430076599, 4730
41.287649393081665, 4729
41.32796907424927, 4728
41.43884992599487, 4727
41.46910905838013, 4726
41.51969361305237, 4725
41.53987741470337, 4724
41.53987741470337, 4723
41.620826959609985, 4722
41.701478004455566, 4721
41.75232791900635, 4720
41.78260517120361, 4719
41.80276012420654, 4718
41.84306979179382, 4717
41.964112520217896, 4716
41.974199295043945, 4715
41.9842586517334, 4714
41.9842586517334, 4713
42.05490756034851, 4712
42.10344386100769, 4711
42.10344386100769, 4710
42.125654458999634, 4709
42.125654458999634, 4708
42.214414834976196, 4707
42.22650671005249, 4706
42.358059883117676, 4705
42.37616419792175, 4704
42.43880105018616, 4703
42.43880105018616, 4702
42.59814476966858, 4701
42.85253643989563, 4700
42.85253643989563, 4699
42.85253643989563, 4698
42.85253643989563, 4697
42.85253643989563, 4696
42.88293528556824, 4695
42.91319799423218, 4694
42.92123532295227, 4693
42.92327404022217, 4692
42.94386076927185, 4691
42.95391273498535, 4690
42.98415493965149, 4689
42.98415493965149, 4688
42.994333267211914, 4687
42.994333267211914, 4686
43.00237154960632, 4685
43.14356803894043, 4684
43.15570282936096, 4683
43.23637580871582, 4682
43.23637580871582, 4681
43.2443790435791, 4680
43.24441981315613, 4679
43.26661825180054, 4678
43.28678584098816, 4677
43.417858600616455, 4676
43.417858600616455, 4675
43.48051333427429, 4674
43.48859477043152, 4673
43.508769512176514, 4672
43.518861293792725, 4671
43.67047643661499, 4670
43.73103046417236, 4669
43.809645652770996, 4668
43.8520233631134, 4667
44.05167198181152, 4666
44.28613471984863, 4665
44.7001416683197, 4664
44.7509548664093, 4663
44.8113214969635, 4662
44.831538915634155, 4661
44.8516685962677, 4660
44.96254587173462, 4659
44.96254587173462, 4658
44.982656955718994, 4657
44.982656955718994, 4656
45.00078797340393, 4655
45.05318355560303, 4654
45.05318355560303, 4653
45.05318355560303, 4652
45.05318355560303, 4651
45.05318355560303, 4650
45.14390707015991, 4649
45.19436693191528, 4648
45.254794120788574, 4647
45.27497339248657, 4646
45.457005739212036, 4645
45.457005739212036, 4644
45.58613419532776, 4643
45.68917369842529, 4642
46.002100229263306, 4641
46.183573722839355, 4640
46.23395276069641, 4639
