0.31020283699035645, 6805
0.3112006187438965, 6804
0.3112006187438965, 6803
0.3121969699859619, 6802
0.3121969699859619, 6801
0.31319546699523926, 6800
0.31319546699523926, 6799
0.31419968605041504, 6798
0.31419968605041504, 6797
0.3151895999908447, 6796
0.3151895999908447, 6795
0.3151895999908447, 6794
0.31618666648864746, 6793
0.3171813488006592, 6792
0.3171813488006592, 6791
0.31818151473999023, 6790
0.31818151473999023, 6789
0.3191792964935303, 6788
0.3191792964935303, 6787
0.3201756477355957, 6786
0.3201756477355957, 6785
0.322174072265625, 6784
0.322174072265625, 6783
0.322174072265625, 6782
0.323169469833374, 6781
0.323169469833374, 6780
0.32416677474975586, 6779
0.32416677474975586, 6778
0.32516026496887207, 6777
0.32516026496887207, 6776
0.326160192489624, 6775
0.326160192489624, 6774
0.326160192489624, 6773
0.32715868949890137, 6772
0.32715868949890137, 6771
0.3281593322753906, 6770
0.3281593322753906, 6769
0.3281593322753906, 6768
0.32915234565734863, 6767
0.32915234565734863, 6766
0.3301520347595215, 6765
0.3301520347595215, 6764
0.3311476707458496, 6763
0.3311476707458496, 6762
0.33214497566223145, 6761
0.33214497566223145, 6760
0.33214497566223145, 6759
0.33313965797424316, 6758
0.33313965797424316, 6757
0.3341386318206787, 6756
0.33510446548461914, 6755
0.3361012935638428, 6754
0.3361012935638428, 6753
0.3361012935638428, 6752
0.3370983600616455, 6751
0.33809995651245117, 6750
0.3390953540802002, 6749
0.34009218215942383, 6748
0.34108948707580566, 6747
0.3420867919921875, 6746
0.34308314323425293, 6745
0.34308314323425293, 6744
0.3440821170806885, 6743
0.3450789451599121, 6742
0.34607601165771484, 6741
0.3470733165740967, 6740
0.3480708599090576, 6739
0.34906816482543945, 6738
0.3500654697418213, 6737
0.35106325149536133, 6736
0.35206007957458496, 6735
0.3530576229095459, 6734
0.35405468940734863, 6733
0.35505127906799316, 6732
0.35505127906799316, 6731
0.3560800552368164, 6730
0.3560800552368164, 6729
0.35707545280456543, 6728
0.3580446243286133, 6727
0.3580446243286133, 6726
0.3580446243286133, 6725
0.3590729236602783, 6724
0.3600740432739258, 6723
0.3600740432739258, 6722
0.3610672950744629, 6721
0.3610672950744629, 6720
0.36206650733947754, 6719
0.36206650733947754, 6718
0.36306262016296387, 6717
0.36306262016296387, 6716
0.3640589714050293, 6715
0.3640589714050293, 6714
0.365053653717041, 6713
0.365053653717041, 6712
0.36605358123779297, 6711
0.36605358123779297, 6710
0.3670511245727539, 6709
0.3670511245727539, 6708
0.3670511245727539, 6707
0.36805248260498047, 6706
0.36805248260498047, 6705
0.3690459728240967, 6704
0.37004685401916504, 6703
0.37004685401916504, 6702
0.37100863456726074, 6701
0.3720393180847168, 6700
0.373004674911499, 6699
0.373004674911499, 6698
0.37403249740600586, 6697
0.3750295639038086, 6696
0.3750295639038086, 6695
0.3760263919830322, 6694
0.37702417373657227, 6693
0.37702417373657227, 6692
0.3780245780944824, 6691
0.37901997566223145, 6690
0.37901997566223145, 6689
0.3800182342529297, 6688
0.3810107707977295, 6687
0.3810107707977295, 6686
0.38201069831848145, 6685
0.38201069831848145, 6684
0.3830082416534424, 6683
0.3830082416534424, 6682
0.3830082416534424, 6681
0.38401031494140625, 6680
0.38401031494140625, 6679
0.38500308990478516, 6678
0.3859999179840088, 6677
0.3859999179840088, 6676
0.38699793815612793, 6675
0.38699793815612793, 6674
0.38796520233154297, 6673
0.3889915943145752, 6672
0.3889915943145752, 6671
0.38998937606811523, 6670
0.38998937606811523, 6669
0.3909876346588135, 6668
0.3909876346588135, 6667
0.3919837474822998, 6666
0.3919837474822998, 6665
0.39298129081726074, 6664
0.39298129081726074, 6663
0.39298129081726074, 6662
0.3939821720123291, 6661
0.3939821720123291, 6660
0.3949768543243408, 6659
0.39597368240356445, 6658
0.3969686031341553, 6657
0.3969686031341553, 6656
0.3969686031341553, 6655
0.39796876907348633, 6654
0.39796876907348633, 6653
0.3989691734313965, 6652
0.3989691734313965, 6651
0.3999624252319336, 6650
0.3999624252319336, 6649
0.40095973014831543, 6648
0.40095973014831543, 6647
0.4019603729248047, 6646
0.4019603729248047, 6645
0.4029550552368164, 6644
0.40395498275756836, 6643
0.4049193859100342, 6642
0.405947208404541, 6641
0.405947208404541, 6640
0.40694379806518555, 6639
0.40694379806518555, 6638
0.4079413414001465, 6637
0.4079413414001465, 6636
0.4089388847351074, 6635
0.4089388847351074, 6634
0.4099433422088623, 6633
0.4099433422088623, 6632
0.4109344482421875, 6631
0.4109344482421875, 6630
0.41193127632141113, 6629
0.41292548179626465, 6628
0.41292548179626465, 6627
0.413926362991333, 6626
0.413926362991333, 6625
0.41492390632629395, 6624
0.41492390632629395, 6623
0.4159245491027832, 6622
0.4159245491027832, 6621
0.4169173240661621, 6620
0.41788458824157715, 6619
0.41788458824157715, 6618
0.418912410736084, 6617
0.418912410736084, 6616
0.4199097156524658, 6615
0.4199097156524658, 6614
0.4218735694885254, 6613
0.42290258407592773, 6612
0.42290258407592773, 6611
0.424896240234375, 6610
0.424896240234375, 6609
0.42589759826660156, 6608
0.42589759826660156, 6607
0.42689085006713867, 6606
0.42689085006713867, 6605
0.42789125442504883, 6604
0.42789125442504883, 6603
0.42789125442504883, 6602
0.4298515319824219, 6601
0.4308807849884033, 6600
0.43187808990478516, 6599
0.43187808990478516, 6598
0.43387484550476074, 6597
20.448262691497803, 6596
20.449259042739868, 6595
20.450254440307617, 6594
20.452252626419067, 6593
20.915199279785156, 6592
20.920151710510254, 6591
20.990994930267334, 6590
20.990994930267334, 6589
21.066792964935303, 6588
21.555485248565674, 6587
21.556483507156372, 6586
21.556483507156372, 6585
21.61828589439392, 6584
21.61828589439392, 6583
21.62027931213379, 6582
21.625266075134277, 6581
21.625266075134277, 6580
21.625266075134277, 6579
21.65821075439453, 6578
21.689129114151, 6577
21.691123008728027, 6576
21.691123008728027, 6575
21.692120790481567, 6574
21.692120790481567, 6573
21.69312071800232, 6572
21.696081161499023, 6571
21.69710874557495, 6570
21.69810438156128, 6569
21.69810438156128, 6568
21.699100971221924, 6567
21.699100971221924, 6566
21.700098991394043, 6565
21.70309042930603, 6564
21.70309042930603, 6563
21.704091787338257, 6562
21.70608401298523, 6561
21.70608401298523, 6560
21.707080125808716, 6559
21.707080125808716, 6558
21.709079027175903, 6557
21.710074186325073, 6556
21.710074186325073, 6555
21.711069107055664, 6554
21.713053703308105, 6553
21.714061975479126, 6552
21.714061975479126, 6551
21.71505856513977, 6550
21.71505856513977, 6549
21.71605634689331, 6548
21.71605634689331, 6547
21.71605634689331, 6546
21.717052936553955, 6545
21.717052936553955, 6544
21.718052864074707, 6543
21.718052864074707, 6542
21.72004461288452, 6541
21.7260320186615, 6540
21.731016635894775, 6539
21.731981992721558, 6538
21.731981992721558, 6537
21.73301076889038, 6536
21.73301076889038, 6535
21.734009981155396, 6534
21.734009981155396, 6533
21.735005140304565, 6532
21.735005140304565, 6531
21.736002683639526, 6530
21.736002683639526, 6529
21.737000703811646, 6528
21.737000703811646, 6527
21.737000703811646, 6526
21.73799705505371, 6525
21.73799705505371, 6524
21.73899507522583, 6523
21.7429838180542, 6522
21.750962734222412, 6521
21.751960277557373, 6520
21.753954648971558, 6519
21.75495147705078, 6518
21.756946563720703, 6517
21.757944107055664, 6516
21.75993847846985, 6515
21.760937213897705, 6514
21.76392936706543, 6513
21.764925003051758, 6512
21.76691961288452, 6511
21.767917156219482, 6510
21.769911766052246, 6509
21.770909547805786, 6508
21.77290368080139, 6507
21.77490210533142, 6506
21.775895833969116, 6505
21.777891159057617, 6504
21.78683567047119, 6503
21.787832975387573, 6502
21.788830280303955, 6501
21.789827585220337, 6500
21.79082489013672, 6499
21.79182267189026, 6498
21.798802137374878, 6497
21.798802137374878, 6496
21.800796508789062, 6495
21.801793813705444, 6494
21.803788661956787, 6493
21.80478596687317, 6492
21.80678081512451, 6491
21.807777881622314, 6490
21.80977463722229, 6489
21.811769485473633, 6488
21.81379747390747, 6487
21.815789222717285, 6486
21.816787481307983, 6485
21.821775674819946, 6484
21.822771072387695, 6483
21.822771072387695, 6482
21.824766159057617, 6481
21.825765132904053, 6480
21.825765132904053, 6479
21.825765132904053, 6478
21.826760053634644, 6477
21.826760053634644, 6476
21.827757596969604, 6475
21.827757596969604, 6474
21.827757596969604, 6473
21.828754425048828, 6472
21.829721689224243, 6471
21.830751180648804, 6470
21.830751180648804, 6469
21.839725732803345, 6468
21.839725732803345, 6467
21.840723752975464, 6466
21.840723752975464, 6465
21.843152046203613, 6464
21.843152046203613, 6463
21.84371542930603, 6462
21.844711780548096, 6461
21.844711780548096, 6460
21.848702907562256, 6459
21.84969925880432, 6458
21.851693868637085, 6457
21.857677698135376, 6456
21.85867476463318, 6455
21.931480646133423, 6454
21.932477235794067, 6453
21.932477235794067, 6452
21.93347716331482, 6451
21.93447208404541, 6450
21.93447208404541, 6449
21.93447208404541, 6448
21.935469388961792, 6447
21.935469388961792, 6446
21.93646764755249, 6445
21.937464237213135, 6444
21.937464237213135, 6443
21.938461542129517, 6442
21.939461708068848, 6441
21.941456079483032, 6440
21.94344925880432, 6439
21.944446325302124, 6438
21.947405099868774, 6437
21.94939947128296, 6436
21.95538330078125, 6435
21.956380605697632, 6434
21.957377910614014, 6433
21.959372758865356, 6432
21.962366819381714, 6431
21.963364601135254, 6430
21.963364601135254, 6429
21.963364601135254, 6428
21.964361429214478, 6427
21.96535849571228, 6426
21.966355562210083, 6425
21.967352867126465, 6424
21.967352867126465, 6423
21.968350410461426, 6422
21.969347953796387, 6421
21.97034502029419, 6420
21.97134232521057, 6419
21.974334239959717, 6418
21.975331783294678, 6417
21.975331783294678, 6416
21.97932267189026, 6415
22.005249977111816, 6414
22.0062472820282, 6413
22.0062472820282, 6412
22.00724458694458, 6411
22.00724458694458, 6410
22.00824213027954, 6409
22.00824213027954, 6408
22.009239196777344, 6407
22.010236501693726, 6406
22.011234045028687, 6405
22.011234045028687, 6404
22.01223134994507, 6403
22.01725125312805, 6402
22.01725125312805, 6401
22.018247842788696, 6400
22.021241903305054, 6399
22.02223825454712, 6398
22.02223825454712, 6397
22.030216217041016, 6396
22.030216217041016, 6395
22.032211542129517, 6394
22.03320813179016, 6393
22.03320813179016, 6392
22.035203218460083, 6391
22.035203218460083, 6390
22.036200523376465, 6389
22.036200523376465, 6388
22.0371994972229, 6387
22.0371994972229, 6386
22.03919506072998, 6385
22.041186809539795, 6384
22.042184352874756, 6383
22.044146060943604, 6382
22.04614233970642, 6381
22.048136949539185, 6380
22.050131797790527, 6379
22.053123474121094, 6378
22.059107542037964, 6377
22.060105085372925, 6376
22.061102390289307, 6375
22.06209945678711, 6374
22.064127445220947, 6373
22.06608748435974, 6372
22.06708526611328, 6371
22.069079160690308, 6370
22.07007646560669, 6369
22.07107400894165, 6368
22.07107400894165, 6367
22.072071313858032, 6366
22.073068618774414, 6365
22.075063228607178, 6364
22.07606053352356, 6363
22.079054594039917, 6362
22.080084800720215, 6361
22.080084800720215, 6360
22.082077503204346, 6359
22.082077503204346, 6358
22.082077503204346, 6357
22.08307719230652, 6356
22.08307719230652, 6355
22.08407163619995, 6354
22.08407163619995, 6353
22.08407163619995, 6352
22.085071325302124, 6351
22.085071325302124, 6350
22.087064266204834, 6349
22.087064266204834, 6348
22.088062286376953, 6347
22.088062286376953, 6346
22.08905839920044, 6345
22.08905839920044, 6344
22.090056896209717, 6343
22.090056896209717, 6342
22.090056896209717, 6341
22.093050718307495, 6340
22.094046115875244, 6339
22.096009016036987, 6338
22.09700584411621, 6337
22.09899926185608, 6336
22.09899926185608, 6335
22.09999680519104, 6334
22.09999680519104, 6333
22.100994110107422, 6332
22.100994110107422, 6331
22.100994110107422, 6330
22.101991176605225, 6329
22.101991176605225, 6328
22.102988719940186, 6327
22.102988719940186, 6326
22.10398578643799, 6325
22.10598063468933, 6324
22.113961935043335, 6323
22.114957094192505, 6322
22.114957094192505, 6321
22.11595368385315, 6320
22.11595368385315, 6319
22.11695122718811, 6318
22.11695122718811, 6317
22.118945837020874, 6316
22.120940685272217, 6315
22.1229350566864, 6314
22.123932600021362, 6313
22.125927209854126, 6312
22.126924753189087, 6311
22.129919052124023, 6310
22.13291096687317, 6309
22.134904861450195, 6308
22.13789701461792, 6307
22.13889503479004, 6306
22.141886234283447, 6305
22.14388108253479, 6304
22.14690661430359, 6303
22.1479012966156, 6302
22.149896144866943, 6301
22.151891708374023, 6300
22.15288782119751, 6299
22.15488314628601, 6298
22.155879735946655, 6297
22.157874822616577, 6296
22.159870147705078, 6295
22.16585350036621, 6294
22.16784930229187, 6293
22.16784930229187, 6292
22.1688449382782, 6291
22.1688449382782, 6290
22.16984272003174, 6289
22.16984272003174, 6288
22.17183804512024, 6287
22.17379927635193, 6286
22.175793886184692, 6285
22.177826642990112, 6284
22.179785013198853, 6283
22.18181037902832, 6282
22.184803247451782, 6281
22.186798095703125, 6280
22.18779468536377, 6279
22.18779468536377, 6278
22.18879508972168, 6277
22.18879508972168, 6276
22.189788818359375, 6275
22.189788818359375, 6274
22.190786123275757, 6273
22.190786123275757, 6272
22.191784858703613, 6271
22.191784858703613, 6270
22.204752206802368, 6269
22.204752206802368, 6268
22.205748081207275, 6267
22.2077419757843, 6266
22.209705114364624, 6265
22.21169948577881, 6264
22.218679189682007, 6263
22.22067379951477, 6262
22.22067379951477, 6261
22.22167134284973, 6260
22.22167134284973, 6259
22.22167134284973, 6258
22.222668647766113, 6257
22.222668647766113, 6256
22.223665714263916, 6255
22.223665714263916, 6254
22.223665714263916, 6253
22.224663496017456, 6252
22.224663496017456, 6251
22.22566056251526, 6250
22.22566056251526, 6249
22.22566056251526, 6248
22.22665786743164, 6247
22.22665786743164, 6246
22.22765588760376, 6245
22.22765588760376, 6244
22.228652715682983, 6243
22.229652166366577, 6242
22.231678009033203, 6241
22.231678009033203, 6240
22.23267912864685, 6239
22.23267912864685, 6238
22.23367142677307, 6237
22.23367142677307, 6236
22.23367142677307, 6235
22.23466992378235, 6234
22.236666202545166, 6233
22.236666202545166, 6232
22.237661123275757, 6231
22.238658666610718, 6230
22.238658666610718, 6229
22.239656925201416, 6228
22.239656925201416, 6227
22.242648363113403, 6226
22.242648363113403, 6225
22.243645429611206, 6224
22.243645429611206, 6223
22.243645429611206, 6222
22.24464464187622, 6221
22.24464464187622, 6220
22.24560809135437, 6219
22.24663782119751, 6218
22.24663782119751, 6217
22.24763560295105, 6216
22.24763560295105, 6215
22.248631477355957, 6214
22.248631477355957, 6213
22.248631477355957, 6212
22.249629020690918, 6211
22.25162363052368, 6210
22.25162363052368, 6209
22.252624034881592, 6208
22.252624034881592, 6207
22.252624034881592, 6206
22.253618955612183, 6205
22.253618955612183, 6204
22.254616260528564, 6203
22.254616260528564, 6202
22.255614042282104, 6201
22.256610870361328, 6200
22.256610870361328, 6199
22.256610870361328, 6198
22.25760769844055, 6197
22.25760769844055, 6196
22.25860571861267, 6195
22.25860571861267, 6194
22.25960373878479, 6193
22.260602712631226, 6192
22.262563705444336, 6191
22.269577503204346, 6190
22.270573139190674, 6189
22.270573139190674, 6188
22.27157163619995, 6187
22.273565769195557, 6186
22.273565769195557, 6185
22.273565769195557, 6184
22.274564027786255, 6183
22.274564027786255, 6182
22.2755606174469, 6181
22.276559829711914, 6180
22.277554988861084, 6179
22.277554988861084, 6178
22.27855157852173, 6177
22.279519081115723, 6176
22.280547380447388, 6175
22.280547380447388, 6174
22.280547380447388, 6173
22.281548023223877, 6172
22.281548023223877, 6171
22.28254199028015, 6170
22.28254199028015, 6169
22.28254199028015, 6168
22.283538103103638, 6167
22.283538103103638, 6166
22.28453826904297, 6165
22.28453826904297, 6164
22.285533905029297, 6163
22.286530256271362, 6162
22.28752899169922, 6161
22.28948974609375, 6160
22.290487051010132, 6159
22.290487051010132, 6158
22.291484594345093, 6157
22.291484594345093, 6156
22.291484594345093, 6155
22.292481899261475, 6154
22.292481899261475, 6153
22.293478965759277, 6152
22.293478965759277, 6151
22.293478965759277, 6150
22.29447650909424, 6149
22.29447650909424, 6148
22.29447650909424, 6147
22.2954740524292, 6146
22.29647421836853, 6145
22.297470331192017, 6144
22.297470331192017, 6143
22.297470331192017, 6142
22.2984676361084, 6141
22.2994647026062, 6140
22.2994647026062, 6139
22.300462007522583, 6138
22.302456617355347, 6137
22.318446159362793, 6136
22.319443464279175, 6135
22.319443464279175, 6134
22.319443464279175, 6133
22.320440530776978, 6132
22.322434902191162, 6131
22.322434902191162, 6130
22.323434352874756, 6129
22.323434352874756, 6128
22.323434352874756, 6127
22.3244309425354, 6126
22.32742214202881, 6125
22.32742214202881, 6124
22.328418731689453, 6123
22.331411361694336, 6122
22.332409620285034, 6121
22.33440327644348, 6120
22.338392972946167, 6119
22.340389013290405, 6118
22.340389013290405, 6117
22.341384410858154, 6116
22.341384410858154, 6115
22.3423810005188, 6114
22.34537363052368, 6113
22.347371578216553, 6112
22.34836745262146, 6111
22.34836745262146, 6110
22.34936261177063, 6109
22.34936261177063, 6108
22.35036015510559, 6107
22.35036015510559, 6106
22.35135769844055, 6105
22.352357149124146, 6104
22.35534644126892, 6103
22.35634684562683, 6102
22.35634684562683, 6101
22.357341051101685, 6100
22.36332678794861, 6099
22.36332678794861, 6098
22.36332678794861, 6097
22.364326238632202, 6096
22.364326238632202, 6095
22.366317987442017, 6094
22.3673152923584, 6093
22.3673152923584, 6092
22.368280172348022, 6091
22.368280172348022, 6090
22.369276523590088, 6089
22.369276523590088, 6088
22.37027359008789, 6087
22.37027359008789, 6086
22.37027359008789, 6085
22.37127137184143, 6084
22.372268438339233, 6083
22.373265743255615, 6082
22.373265743255615, 6081
22.374263048171997, 6080
22.374263048171997, 6079
22.374263048171997, 6078
22.37625765800476, 6077
22.37725520133972, 6076
22.37925100326538, 6075
22.382243394851685, 6074
22.383240699768066, 6073
22.386232614517212, 6072
22.393213987350464, 6071
22.396207094192505, 6070
22.40122389793396, 6069
22.403218030929565, 6068
22.403218030929565, 6067
22.404217958450317, 6066
22.404217958450317, 6065
22.405213117599487, 6064
22.40621066093445, 6063
22.40621066093445, 6062
22.408204555511475, 6061
22.412163257598877, 6060
22.4131920337677, 6059
22.4131920337677, 6058
22.415159702301025, 6057
22.415159702301025, 6056
22.416152954101562, 6055
22.416152954101562, 6054
22.417150020599365, 6053
22.418147325515747, 6052
22.41914653778076, 6051
22.42014193534851, 6050
22.421139240264893, 6049
22.423134088516235, 6048
22.424131393432617, 6047
22.424131393432617, 6046
22.424131393432617, 6045
22.425128698349, 6044
22.42612600326538, 6043
22.427123308181763, 6042
22.428120851516724, 6041
22.43513298034668, 6040
22.43513298034668, 6039
22.43613314628601, 6038
22.439123392105103, 6037
22.439123392105103, 6036
22.439123392105103, 6035
22.440119743347168, 6034
22.440119743347168, 6033
22.440119743347168, 6032
22.44111680984497, 6031
22.44111680984497, 6030
22.44211483001709, 6029
22.447070360183716, 6028
22.44806718826294, 6027
22.45006036758423, 6026
22.45105767250061, 6025
22.453052520751953, 6024
22.455047130584717, 6023
22.4560444355011, 6022
22.458039045333862, 6021
22.459036588668823, 6020
22.461031198501587, 6019
22.47798752784729, 6018
22.480013608932495, 6017
22.484005212783813, 6016
22.484999418258667, 6015
22.484999418258667, 6014
22.484999418258667, 6013
22.48599672317505, 6012
22.48599672317505, 6011
22.486995220184326, 6010
22.486995220184326, 6009
22.48799157142639, 6008
22.48799157142639, 6007
22.48799157142639, 6006
22.48898983001709, 6005
22.48898983001709, 6004
22.49297833442688, 6003
22.500956773757935, 6002
22.501954078674316, 6001
22.501954078674316, 6000
22.502952575683594, 5999
22.502952575683594, 5998
22.502952575683594, 5997
22.503952503204346, 5996
22.503952503204346, 5995
22.504945993423462, 5994
22.504945993423462, 5993
22.50594425201416, 5992
22.50594425201416, 5991
22.50594425201416, 5990
22.506940841674805, 5989
22.507940769195557, 5988
22.507940769195557, 5987
22.508935689926147, 5986
22.508935689926147, 5985
22.50993299484253, 5984
22.50993299484253, 5983
22.51093626022339, 5982
22.51093626022339, 5981
22.51093626022339, 5980
22.51193118095398, 5979
22.512895107269287, 5978
22.512895107269287, 5977
22.513922929763794, 5976
22.51491951942444, 5975
22.516914129257202, 5974
22.517911672592163, 5973
22.517911672592163, 5972
22.519906044006348, 5971
22.519906044006348, 5970
22.520909786224365, 5969
22.520909786224365, 5968
22.52190136909485, 5967
22.52190136909485, 5966
22.522897958755493, 5965
22.522897958755493, 5964
22.523898124694824, 5963
22.525890111923218, 5962
22.526888608932495, 5961
22.528850555419922, 5960
22.534867763519287, 5959
22.534867763519287, 5958
22.535864114761353, 5957
22.535864114761353, 5956
22.536861181259155, 5955
22.536861181259155, 5954
22.53885579109192, 5953
22.543842315673828, 5952
22.543842315673828, 5951
22.543842315673828, 5950
22.54483985900879, 5949
22.546834468841553, 5948
22.547834396362305, 5947
22.548829078674316, 5946
22.549826860427856, 5945
22.550829648971558, 5944
22.55182433128357, 5943
22.552818059921265, 5942
22.552818059921265, 5941
22.55381679534912, 5940
22.557804822921753, 5939
22.55880355834961, 5938
22.559799909591675, 5937
22.559799909591675, 5936
22.560797452926636, 5935
22.561794996261597, 5934
22.562782049179077, 5933
22.56379199028015, 5932
22.567778825759888, 5931
22.567778825759888, 5930
22.57073998451233, 5929
22.57414722442627, 5928
22.57472848892212, 5927
22.57575535774231, 5926
22.576749324798584, 5925
22.57774782180786, 5924
22.57871651649475, 5923
22.579715490341187, 5922
22.580739736557007, 5921
22.58173680305481, 5920
22.58273458480835, 5919
22.583730936050415, 5918
22.583730936050415, 5917
22.584731340408325, 5916
22.585731029510498, 5915
22.5867280960083, 5914
22.588721990585327, 5913
22.588721990585327, 5912
22.589720249176025, 5911
22.590718030929565, 5910
22.593705415725708, 5909
22.593705415725708, 5908
22.594701766967773, 5907
22.596696853637695, 5906
22.596696853637695, 5905
22.59769320487976, 5904
22.598691701889038, 5903
22.599693298339844, 5902
22.600685119628906, 5901
22.601683378219604, 5900
22.60268497467041, 5899
22.60268497467041, 5898
22.603680849075317, 5897
22.604676723480225, 5896
22.605676889419556, 5895
22.606675386428833, 5894
22.60767149925232, 5893
22.608669996261597, 5892
22.60966682434082, 5891
22.60966682434082, 5890
22.610658645629883, 5889
22.611655950546265, 5888
22.61262798309326, 5887
22.613651275634766, 5886
22.614648818969727, 5885
22.61564564704895, 5884
22.61564564704895, 5883
22.618637084960938, 5882
22.618637084960938, 5881
22.619635105133057, 5880
22.62063217163086, 5879
22.62162947654724, 5878
22.62262797355652, 5877
22.62262797355652, 5876
22.624632358551025, 5875
22.624632358551025, 5874
22.62661623954773, 5873
22.630611658096313, 5872
22.63260531425476, 5871
22.634599208831787, 5870
22.63759160041809, 5869
22.639586687088013, 5868
22.642593145370483, 5867
22.644572734832764, 5866
22.66947364807129, 5865
22.66947364807129, 5864
22.67047095298767, 5863
22.67047095298767, 5862
22.671468496322632, 5861
22.672465801239014, 5860
22.673463106155396, 5859
22.673463106155396, 5858
22.6744601726532, 5857
22.67545795440674, 5856
22.67645502090454, 5855
22.677452325820923, 5854
22.677452325820923, 5853
22.679450511932373, 5852
22.681443452835083, 5851
22.687427520751953, 5850
22.689421892166138, 5849
22.690420150756836, 5848
22.69141674041748, 5847
22.694408893585205, 5846
22.69643521308899, 5845
22.69643521308899, 5844
22.69743251800537, 5843
22.698429107666016, 5842
22.699429988861084, 5841
22.70042371749878, 5840
22.701420545578003, 5839
22.70241928100586, 5838
22.703415393829346, 5837
22.703415393829346, 5836
22.704413890838623, 5835
22.708402395248413, 5834
22.708402395248413, 5833
22.709399700164795, 5832
22.710397958755493, 5831
22.710397958755493, 5830
22.711394548416138, 5829
22.713390111923218, 5828
22.713390111923218, 5827
22.714386224746704, 5826
22.715384244918823, 5825
22.716381072998047, 5824
22.71737813949585, 5823
22.718376636505127, 5822
22.718376636505127, 5821
22.71937322616577, 5820
22.72037100791931, 5819
22.721368074417114, 5818
22.72236466407776, 5817
22.72236466407776, 5816
22.72336483001709, 5815
22.7243595123291, 5814
22.725356578826904, 5813
22.72635555267334, 5812
22.727351665496826, 5811
22.728348970413208, 5810
22.73533058166504, 5809
22.73632788658142, 5808
22.738322973251343, 5807
22.739322185516357, 5806
22.739322185516357, 5805
22.74231266975403, 5804
22.743308544158936, 5803
22.744307041168213, 5802
22.745271921157837, 5801
22.746301889419556, 5800
22.74730086326599, 5799
22.74829602241516, 5798
22.749293565750122, 5797
22.749293565750122, 5796
22.75029182434082, 5795
22.751288652420044, 5794
22.754279613494873, 5793
22.757273197174072, 5792
22.758270025253296, 5791
22.758270025253296, 5790
22.75926637649536, 5789
22.760267734527588, 5788
22.761261701583862, 5787
22.76225781440735, 5786
22.771201610565186, 5785
22.772199153900146, 5784
22.77319622039795, 5783
22.77419376373291, 5782
22.775190830230713, 5781
22.775190830230713, 5780
22.778182983398438, 5779
22.77918291091919, 5778
22.780210733413696, 5777
22.78120732307434, 5776
22.782206058502197, 5775
22.783202409744263, 5774
22.783202409744263, 5773
22.784199237823486, 5772
22.786194562911987, 5771
22.78719401359558, 5770
22.788188695907593, 5769
22.788188695907593, 5768
22.79217791557312, 5767
22.793176412582397, 5766
22.794173002243042, 5765
22.794173002243042, 5764
22.799129009246826, 5763
22.800126314163208, 5762
22.80112338066101, 5761
22.802120447158813, 5760
22.804115295410156, 5759
22.804115295410156, 5758
22.805112600326538, 5757
22.809102535247803, 5756
22.81109642982483, 5755
22.814120531082153, 5754
22.818110704421997, 5753
22.819108486175537, 5752
22.82010316848755, 5751
22.822099208831787, 5750
22.823095321655273, 5749
22.824092864990234, 5748
22.825090885162354, 5747
22.826087713241577, 5746
22.82708764076233, 5745
22.828083038330078, 5744
22.82904839515686, 5743
22.830080270767212, 5742
22.831074476242065, 5741
22.832071781158447, 5740
22.833070278167725, 5739
22.83406710624695, 5738
22.83406710624695, 5737
22.83606195449829, 5736
22.837058305740356, 5735
22.837058305740356, 5734
22.838056564331055, 5733
22.83905291557312, 5732
22.84005045890808, 5731
22.841050386428833, 5730
22.842047691345215, 5729
22.8430438041687, 5728
22.844043731689453, 5727
22.844043731689453, 5726
22.846004009246826, 5725
22.846004009246826, 5724
22.847033262252808, 5723
22.848028659820557, 5722
22.849026918411255, 5721
22.850023984909058, 5720
22.850023984909058, 5719
22.85102343559265, 5718
22.852018117904663, 5717
22.853015899658203, 5716
22.854013681411743, 5715
22.855010747909546, 5714
22.856008052825928, 5713
22.85700559616089, 5712
22.858002424240112, 5711
22.859001398086548, 5710
22.859997034072876, 5709
22.860994577407837, 5708
22.86398720741272, 5707
22.8649845123291, 5706
22.8649845123291, 5705
22.865981101989746, 5704
22.86698079109192, 5703
22.86797523498535, 5702
22.868972539901733, 5701
22.86997127532959, 5700
22.86997127532959, 5699
22.870967626571655, 5698
22.871965885162354, 5697
22.87293004989624, 5696
22.873927116394043, 5695
22.87691903114319, 5694
22.878915548324585, 5693
22.879948616027832, 5692
22.88094425201416, 5691
22.881937742233276, 5690
22.882937908172607, 5689
22.88393259048462, 5688
22.88393259048462, 5687
22.88493013381958, 5686
22.88593626022339, 5685
22.886924982070923, 5684
22.887922525405884, 5683
22.888920307159424, 5682
22.88991665840149, 5681
22.88991665840149, 5680
22.89091682434082, 5679
22.89191198348999, 5678
22.892909049987793, 5677
22.89390730857849, 5676
22.894903659820557, 5675
22.896899700164795, 5674
22.896899700164795, 5673
22.89789652824402, 5672
22.898895740509033, 5671
22.899890899658203, 5670
22.900887489318848, 5669
22.901885986328125, 5668
22.90288281440735, 5667
22.90387988090515, 5666
22.904847383499146, 5665
22.905843257904053, 5664
22.906840562820435, 5663
22.908835411071777, 5662
22.90983247756958, 5661
22.91083002090454, 5660
22.912824630737305, 5659
22.91385293006897, 5658
22.91385293006897, 5657
22.91485285758972, 5656
22.915847539901733, 5655
22.916845083236694, 5654
22.917843341827393, 5653
22.9188392162323, 5652
22.91983699798584, 5651
22.92083716392517, 5650
22.92183494567871, 5649
22.927815437316895, 5648
22.928781747817993, 5647
22.929810523986816, 5646
22.93080997467041, 5645
22.93080997467041, 5644
22.931804656982422, 5643
22.93280267715454, 5642
22.93380045890808, 5641
22.934796810150146, 5640
22.935794830322266, 5639
22.936792135238647, 5638
22.936792135238647, 5637
22.939783334732056, 5636
22.941779375076294, 5635
22.94377303123474, 5634
22.946768522262573, 5633
22.949758529663086, 5632
22.951751470565796, 5631
22.95474624633789, 5630
22.957704067230225, 5629
22.95972990989685, 5628
22.96172595024109, 5627
22.964685916900635, 5626
22.96767807006836, 5625
22.970669984817505, 5624
22.97366213798523, 5623
22.976653814315796, 5622
22.979677438735962, 5621
22.98665761947632, 5620
22.98765516281128, 5619
22.98865246772766, 5618
22.98965096473694, 5617
22.991645097732544, 5616
22.992643117904663, 5615
22.99363946914673, 5614
22.99363946914673, 5613
22.9946391582489, 5612
22.99560308456421, 5611
22.996633052825928, 5610
22.99762988090515, 5609
22.998626232147217, 5608
23.00058889389038, 5607
23.00058889389038, 5606
23.001585721969604, 5605
23.002582788467407, 5604
23.007569551467896, 5603
23.01056170463562, 5602
23.0235595703125, 5601
23.025554180145264, 5600
23.056440591812134, 5599
23.072429418563843, 5598
23.078412532806396, 5597
23.11229419708252, 5596
23.136227130889893, 5595
23.13722562789917, 5594
23.138221979141235, 5593
23.146202564239502, 5592
23.171164989471436, 5591
23.172162294387817, 5590
23.209064960479736, 5589
23.230007886886597, 5588
23.240978956222534, 5587
23.240978956222534, 5586
23.338716745376587, 5585
23.338716745376587, 5584
23.34370493888855, 5583
23.344700813293457, 5582
23.37359070777893, 5581
23.37359070777893, 5580
23.374589443206787, 5579
23.38858461380005, 5578
23.389580965042114, 5577
23.389580965042114, 5576
23.397560358047485, 5575
23.405539512634277, 5574
23.406535387039185, 5573
23.406535387039185, 5572
23.41651225090027, 5571
23.444401502609253, 5570
23.44642949104309, 5569
23.461390018463135, 5568
23.462355136871338, 5567
23.463353395462036, 5566
23.463353395462036, 5565
23.46434998512268, 5564
23.499287366867065, 5563
23.499287366867065, 5562
23.508264541625977, 5561
23.509230852127075, 5560
23.51022744178772, 5559
23.51022744178772, 5558
23.512221574783325, 5557
23.5431706905365, 5556
23.54613208770752, 5555
23.577078104019165, 5554
23.577078104019165, 5553
23.593005895614624, 5552
23.598989963531494, 5551
23.61597490310669, 5550
23.62195897102356, 5549
23.62195897102356, 5548
23.62195897102356, 5547
23.64187502861023, 5546
23.64287233352661, 5545
23.64287233352661, 5544
23.643869638442993, 5543
23.688751220703125, 5542
23.688751220703125, 5541
23.690746545791626, 5540
23.843334674835205, 5539
23.848321437835693, 5538
23.91816806793213, 5537
23.921159267425537, 5536
23.923155546188354, 5535
23.924121141433716, 5534
23.969000339508057, 5533
23.969997882843018, 5532
23.99891996383667, 5531
24.00889301300049, 5530
24.024883031845093, 5529
24.027873754501343, 5528
24.03482460975647, 5527
24.03482460975647, 5526
24.03582191467285, 5525
24.070759296417236, 5524
24.169495105743408, 5523
24.170493602752686, 5522
24.170493602752686, 5521
24.195398092269897, 5520
24.22431778907776, 5519
24.22531509399414, 5518
24.230332851409912, 5517
24.236316442489624, 5516
24.26321268081665, 5515
24.26321268081665, 5514
24.27218770980835, 5513
24.281197786331177, 5512
24.307096242904663, 5511
24.376940488815308, 5510
24.378905773162842, 5509
24.388877868652344, 5508
24.389874696731567, 5507
24.39788508415222, 5506
24.39788508415222, 5505
24.404866695404053, 5504
24.404866695404053, 5503
24.40985345840454, 5502
24.441735982894897, 5501
24.442733764648438, 5500
24.44373083114624, 5499
24.4537353515625, 5498
24.455729722976685, 5497
24.455729722976685, 5496
24.464706420898438, 5495
24.464706420898438, 5494
24.472684383392334, 5493
24.481661558151245, 5492
24.49683952331543, 5491
24.523800134658813, 5490
24.535736322402954, 5489
24.539724588394165, 5488
24.539724588394165, 5487
24.54471206665039, 5486
24.54571032524109, 5485
24.589591026306152, 5484
24.592583179473877, 5483
24.592583179473877, 5482
24.592583179473877, 5481
24.612563610076904, 5480
24.61355972290039, 5479
24.673397541046143, 5478
24.682376384735107, 5477
24.682376384735107, 5476
24.684372186660767, 5475
24.685367584228516, 5474
24.697338104248047, 5473
24.709303855895996, 5472
24.75019407272339, 5471
24.75119185447693, 5470
24.75119185447693, 5469
24.768146753311157, 5468
24.777124881744385, 5467
24.79208254814148, 5466
24.79208254814148, 5465
24.829948663711548, 5464
24.853886365890503, 5463
24.854883909225464, 5462
24.911730527877808, 5461
24.912728309631348, 5460
24.92908811569214, 5459
24.930084705352783, 5458
24.93706488609314, 5457
24.939058542251587, 5456
25.070366382598877, 5455
25.073357820510864, 5454
25.227222204208374, 5453
25.233220100402832, 5452
25.254154205322266, 5451
25.30102515220642, 5450
25.307008504867554, 5449
25.324959993362427, 5448
25.325957536697388, 5447
25.333937168121338, 5446
25.375823974609375, 5445
25.376821517944336, 5444
25.392778873443604, 5443
25.40275239944458, 5442
25.405744075775146, 5441
25.42967963218689, 5440
25.430678844451904, 5439
25.44264531135559, 5438
25.4666166305542, 5437
25.4666166305542, 5436
25.47359538078308, 5435
25.474595546722412, 5434
25.480578660964966, 5433
25.48855710029602, 5432
25.500523328781128, 5431
25.500523328781128, 5430
25.501518726348877, 5429
25.501518726348877, 5428
25.5104923248291, 5427
25.539419412612915, 5426
25.541423559188843, 5425
25.556342601776123, 5424
25.580310583114624, 5423
25.600223779678345, 5422
25.617210865020752, 5421
25.618211269378662, 5420
25.619206428527832, 5419
25.667080640792847, 5418
25.688023805618286, 5417
25.688023805618286, 5416
25.736858367919922, 5415
25.736858367919922, 5414
25.737856149673462, 5413
25.742842435836792, 5412
25.747862339019775, 5411
25.752849340438843, 5410
25.756835222244263, 5409
25.757835149765015, 5408
25.787755012512207, 5407
25.787755012512207, 5406
25.829643726348877, 5405
25.8306405544281, 5404
25.837621688842773, 5403
25.843608140945435, 5402
25.85653829574585, 5401
25.86355447769165, 5400
25.86355447769165, 5399
25.868541479110718, 5398
25.87951159477234, 5397
25.884493589401245, 5396
25.887490034103394, 5395
25.88848567008972, 5394
25.90141797065735, 5393
25.926384210586548, 5392
25.929343938827515, 5391
25.933332920074463, 5390
25.944304943084717, 5389
25.9553062915802, 5388
25.96225643157959, 5387
25.976218223571777, 5386
25.97721552848816, 5385
26.02611804008484, 5384
26.032102346420288, 5383
26.047030687332153, 5382
26.047030687332153, 5381
26.078978776931763, 5380
26.102913856506348, 5379
26.102913856506348, 5378
26.103909730911255, 5377
26.112841367721558, 5376
26.14578366279602, 5375
26.1497745513916, 5374
26.15675926208496, 5373
26.15675926208496, 5372
26.15775418281555, 5371
26.179664373397827, 5370
26.183653116226196, 5369
26.19665241241455, 5368
26.20559525489807, 5367
26.206591844558716, 5366
26.206591844558716, 5365
26.213571548461914, 5364
26.220552921295166, 5363
26.221550464630127, 5362
26.242528200149536, 5361
26.242528200149536, 5360
26.243525505065918, 5359
26.260446071624756, 5358
26.27444100379944, 5357
26.27444100379944, 5356
26.30034112930298, 5355
26.32331156730652, 5354
26.32431125640869, 5353
26.370185375213623, 5352
26.53889560699463, 5351
26.558809995651245, 5350
26.635639429092407, 5349
26.6485698223114, 5348
26.649567127227783, 5347
26.651561498641968, 5346
26.654553651809692, 5345
26.655551195144653, 5344
26.656548500061035, 5343
26.76625680923462, 5342
26.774235486984253, 5341
26.80016541481018, 5340
26.813130140304565, 5339
26.815126180648804, 5338
26.851029872894287, 5337
26.87938141822815, 5336
26.87938141822815, 5335
26.91428852081299, 5334
27.21747612953186, 5333
27.225454092025757, 5332
27.225454092025757, 5331
27.242409467697144, 5330
27.247395992279053, 5329
27.274351835250854, 5328
27.3102285861969, 5327
27.3351948261261, 5326
27.371098279953003, 5325
27.449889183044434, 5324
27.45484447479248, 5323
27.470800399780273, 5322
27.482799291610718, 5321
27.502745866775513, 5320
27.544601440429688, 5319
27.55656862258911, 5318
27.67325711250305, 5317
27.67325711250305, 5316
27.714147329330444, 5315
27.72711443901062, 5314
27.728143453598022, 5313
27.770030975341797, 5312
27.77102828025818, 5311
27.77102828025818, 5310
27.77202272415161, 5309
27.7949640750885, 5308
27.807929039001465, 5307
27.807929039001465, 5306
27.93056845664978, 5305
27.97049570083618, 5304
28.08319091796875, 5303
28.118067026138306, 5302
28.28964138031006, 5301
28.29662251472473, 5300
28.299614667892456, 5299
28.30360436439514, 5298
28.331496477127075, 5297
28.367436170578003, 5296
28.38949155807495, 5295
28.436396598815918, 5294
28.531800746917725, 5293
28.531800746917725, 5292
28.55673336982727, 5291
28.564743041992188, 5290
28.573720693588257, 5289
28.573720693588257, 5288
28.61959433555603, 5287
28.634557247161865, 5286
28.798123836517334, 5285
28.834023237228394, 5284
28.844961404800415, 5283
28.84595823287964, 5282
28.867932558059692, 5281
28.888876914978027, 5280
28.88987421989441, 5279
28.89486002922058, 5278
28.898847103118896, 5277
28.914804220199585, 5276
29.00157594680786, 5275
29.002570152282715, 5274
29.003571033477783, 5273
29.02448081970215, 5272
29.02547836303711, 5271
29.095327377319336, 5270
29.095327377319336, 5269
29.111284732818604, 5268
29.11623764038086, 5267
29.148179292678833, 5266
29.155159950256348, 5265
29.212013006210327, 5264
29.219993114471436, 5263
29.24592161178589, 5262
29.289771556854248, 5261
29.289771556854248, 5260
29.415435314178467, 5259
29.415435314178467, 5258
29.416432857513428, 5257
29.416432857513428, 5256
29.424411296844482, 5255
29.425408601760864, 5254
29.4513738155365, 5253
29.45237445831299, 5252
29.55210256576538, 5251
29.55310297012329, 5250
29.561077117919922, 5249
29.573046922683716, 5248
29.573046922683716, 5247
29.72376251220703, 5246
29.72376251220703, 5245
29.734765768051147, 5244
30.26235795021057, 5243
30.269336223602295, 5242
30.277315378189087, 5241
30.29028034210205, 5240
30.29028034210205, 5239
30.303245782852173, 5238
30.306238174438477, 5237
30.30723285675049, 5236
30.3122239112854, 5235
30.41295289993286, 5234
30.47678279876709, 5233
30.548556804656982, 5232
30.58848285675049, 5231
30.716110467910767, 5230
30.717108011245728, 5229
30.748055934906006, 5228
30.748055934906006, 5227
30.76401400566101, 5226
30.820830583572388, 5225
30.84380030632019, 5224
30.84380030632019, 5223
30.8448007106781, 5222
30.8448007106781, 5221
30.8448007106781, 5220
30.85078191757202, 5219
30.85078191757202, 5218
30.86673879623413, 5217
30.867736101150513, 5216
30.886687517166138, 5215
30.887683391571045, 5214
30.88868021965027, 5213
30.89466691017151, 5212
30.89466691017151, 5211
30.900651216506958, 5210
30.956502437591553, 5209
31.00733184814453, 5208
31.011352062225342, 5207
31.026281356811523, 5206
31.055234670639038, 5205
31.067203283309937, 5204
31.06816792488098, 5203
31.131996631622314, 5202
31.131996631622314, 5201
31.162946939468384, 5200
31.166937112808228, 5199
31.166937112808228, 5198
31.192838668823242, 5197
31.210818767547607, 5196
31.211819171905518, 5195
31.211819171905518, 5194
31.250712633132935, 5193
31.25965714454651, 5192
31.378371238708496, 5191
31.3923020362854, 5190
31.48408818244934, 5189
31.491072416305542, 5188
31.492035388946533, 5187
31.60376787185669, 5186
31.60376787185669, 5185
31.60476779937744, 5184
31.60476779937744, 5183
31.61969256401062, 5182
31.630696535110474, 5181
31.66560387611389, 5180
31.674581289291382, 5179
31.67956233024597, 5178
31.709456205368042, 5177
31.734418392181396, 5176
31.749379873275757, 5175
31.759320974349976, 5174
31.771320581436157, 5173
31.78229069709778, 5172
31.815171718597412, 5171
31.833154916763306, 5170
31.85905385017395, 5169
31.86905837059021, 5168
31.86905837059021, 5167
31.874048471450806, 5166
31.89698338508606, 5165
31.900973081588745, 5164
31.907956838607788, 5163
31.90892004966736, 5162
31.947851181030273, 5161
31.947851181030273, 5160
31.948845863342285, 5159
31.948845863342285, 5158
31.94984221458435, 5157
31.951837062835693, 5156
31.95682382583618, 5155
31.96277666091919, 5154
31.98375153541565, 5153
32.010679721832275, 5152
32.021618366241455, 5151
32.03661060333252, 5150
32.03760838508606, 5149
32.038602352142334, 5148
32.05356550216675, 5147
32.05456066131592, 5146
32.061543703079224, 5145
32.066532135009766, 5144
32.067498445510864, 5143
32.06849503517151, 5142
32.15230107307434, 5141
32.15230107307434, 5140
32.15330123901367, 5139
32.16726207733154, 5138
32.387640714645386, 5137
32.431554555892944, 5136
32.482420682907104, 5135
32.483415842056274, 5134
32.506356954574585, 5133
32.51330280303955, 5132
32.51330280303955, 5131
32.51729202270508, 5130
32.521281719207764, 5129
32.74272322654724, 5128
32.77064871788025, 5127
32.80153226852417, 5126
32.80751633644104, 5125
32.818488359451294, 5124
32.926233530044556, 5123
32.95911359786987, 5122
32.98308229446411, 5121
32.98308229446411, 5120
32.98407697677612, 5119
33.00302577018738, 5118
33.070847511291504, 5117
33.07184290885925, 5116
33.07882738113403, 5115
33.08876395225525, 5114
33.093783378601074, 5113
33.104721546173096, 5112
33.11469650268555, 5111
33.11669111251831, 5110
33.12167763710022, 5109
33.180551528930664, 5108
33.18553876876831, 5107
33.18553876876831, 5106
33.18653631210327, 5105
33.18653631210327, 5104
33.18653631210327, 5103
33.199501276016235, 5102
33.20644950866699, 5101
33.222442388534546, 5100
33.232414960861206, 5099
33.26432991027832, 5098
33.30219531059265, 5097
33.326165437698364, 5096
33.36904740333557, 5095
33.43487334251404, 5094
33.49571132659912, 5093
33.558510541915894, 5092
33.78393793106079, 5091
33.81086587905884, 5090
33.81385922431946, 5089
33.82183623313904, 5088
33.82782030105591, 5087
33.9414849281311, 5086
34.010333776474, 5085
34.011330366134644, 5084
34.017311334609985, 5083
34.254647970199585, 5082
34.25564503669739, 5081
34.25564503669739, 5080
34.25764012336731, 5079
34.26063132286072, 5078
34.28456735610962, 5077
34.28855657577515, 5076
34.322465658187866, 5075
34.32745361328125, 5074
34.341416358947754, 5073
34.34241342544556, 5072
34.3594024181366, 5071
34.408239126205444, 5070
34.40926766395569, 5069
34.40926766395569, 5068
34.757304668426514, 5067
34.84108018875122, 5066
34.88000726699829, 5065
35.01963686943054, 5064
35.06850266456604, 5063
35.06850266456604, 5062
35.07648205757141, 5061
35.15224623680115, 5060
35.15224623680115, 5059
35.15224623680115, 5058
35.15324330329895, 5057
35.15424060821533, 5056
35.20115089416504, 5055
35.20115089416504, 5054
35.2250874042511, 5053
35.27292513847351, 5052
35.28692007064819, 5051
35.29389762878418, 5050
35.302876234054565, 5049
35.302876234054565, 5048
35.30985498428345, 5047
35.34676146507263, 5046
35.354740142822266, 5045
35.355735540390015, 5044
35.359724044799805, 5043
35.359724044799805, 5042
35.39562797546387, 5041
35.40859651565552, 5040
35.40959095954895, 5039
35.40959095954895, 5038
35.45244526863098, 5037
35.459458112716675, 5036
35.47142696380615, 5035
35.486385107040405, 5034
35.486385107040405, 5033
35.49632668495178, 5032
35.49632668495178, 5031
35.49832081794739, 5030
35.50430464744568, 5029
35.513280630111694, 5028
35.51627278327942, 5027
35.557164669036865, 5026
35.558194160461426, 5025
35.558194160461426, 5024
35.55919122695923, 5023
35.55919122695923, 5022
35.56317973136902, 5021
35.6349573135376, 5020
35.63695216178894, 5019
35.6459276676178, 5018
35.65490221977234, 5017
35.68885612487793, 5016
35.723459243774414, 5015
35.74713349342346, 5014
35.74812436103821, 5013
35.8181676864624, 5012
35.819164752960205, 5011
35.82016038894653, 5010
35.826143741607666, 5009
36.125895261764526, 5008
36.141852378845215, 5007
36.14284896850586, 5006
36.14284896850586, 5005
36.24573516845703, 5004
36.26468563079834, 5003
36.26468563079834, 5002
36.26568341255188, 5001
36.26668047904968, 5000
36.267677545547485, 4999
36.26867461204529, 4998
36.284632205963135, 4997
36.298595666885376, 4996
36.384397983551025, 4995
36.389384508132935, 4994
36.521032094955444, 4993
36.522029876708984, 4992
36.52299499511719, 4991
36.52399444580078, 4990
36.53795576095581, 4989
37.210156202316284, 4988
37.220131158828735, 4987
37.25007939338684, 4986
37.29592680931091, 4985
37.41760325431824, 4984
37.65596556663513, 4983
37.65696334838867, 4982
37.65696334838867, 4981
37.6579909324646, 4980
37.6579909324646, 4979
37.6579909324646, 4978
37.6589937210083, 4977
37.65998721122742, 4976
37.66896343231201, 4975
37.7018768787384, 4974
37.88535237312317, 4973
38.009053468704224, 4972
38.09582018852234, 4971
38.11174654960632, 4970
38.14582324028015, 4969
38.14681792259216, 4968
38.15280222892761, 4967
38.16676473617554, 4966
38.16975927352905, 4965
38.18272256851196, 4964
38.19768166542053, 4963
38.23258829116821, 4962
38.28146028518677, 4961
38.29043459892273, 4960
38.40014100074768, 4959
38.40114116668701, 4958
38.40313267707825, 4957
38.50582790374756, 4956
38.515828132629395, 4955
38.515828132629395, 4954
38.515828132629395, 4953
38.51682925224304, 4952
38.51882457733154, 4951
38.65844964981079, 4950
38.65844964981079, 4949
38.6664297580719, 4948
38.67540192604065, 4947
38.694321155548096, 4946
38.70329713821411, 4945
38.73122262954712, 4944
38.74422311782837, 4943
38.776137828826904, 4942
38.77713322639465, 4941
38.788103103637695, 4940
38.791096210479736, 4939
38.799073696136475, 4938
38.802067279815674, 4937
38.802067279815674, 4936
38.803069829940796, 4935
38.872875690460205, 4934
38.89980459213257, 4933
38.918721199035645, 4932
38.95865058898926, 4931
38.98653960227966, 4930
39.024609327316284, 4929
39.03258752822876, 4928
39.041566371917725, 4927
39.04455304145813, 4926
39.04950976371765, 4925
39.076467752456665, 4924
39.087443113327026, 4923
39.10938477516174, 4922
39.10938477516174, 4921
39.11038255691528, 4920
39.11835789680481, 4919
39.1352801322937, 4918
39.13927125930786, 4917
39.14728045463562, 4916
39.14827609062195, 4915
39.18318700790405, 4914
39.18418312072754, 4913
39.19116568565369, 4912
39.2121045589447, 4911
39.218063831329346, 4910
39.26593232154846, 4909
39.36135911941528, 4908
39.396275997161865, 4907
39.39826154708862, 4906
39.44613313674927, 4905
39.47947335243225, 4904
39.54630255699158, 4903
39.60014986991882, 4902
39.7796688079834, 4901
39.83153033256531, 4900
39.87640953063965, 4899
39.8973867893219, 4898
39.89838480949402, 4897
39.899380683898926, 4896
39.899380683898926, 4895
39.95822715759277, 4894
39.96317768096924, 4893
39.9781391620636, 4892
