0.0, 4858
0.6206676959991455, 4857
0.6506240367889404, 4856
0.6805429458618164, 4855
1.4186522960662842, 4854
1.8037331104278564, 4853
2.039102554321289, 4852
2.173689126968384, 4851
2.236177682876587, 4850
2.3051724433898926, 4849
2.4439070224761963, 4848
2.4708657264709473, 4847
2.4708657264709473, 4846
2.5406816005706787, 4845
2.577549695968628, 4844
2.8371076583862305, 4843
2.9163503646850586, 4842
3.2702136039733887, 4841
3.352959394454956, 4840
3.5347447395324707, 4839
3.6953022480010986, 4838
4.635586738586426, 4837
5.021644592285156, 4836
5.205070734024048, 4835
5.75515341758728, 4834
5.763131618499756, 4833
5.7762770652771, 4832
5.885982990264893, 4831
6.163242340087891, 4830
6.178818941116333, 4829
7.0304834842681885, 4828
7.336109399795532, 4827
7.357211112976074, 4826
7.381339073181152, 4825
7.381339073181152, 4824
7.48157525062561, 4823
7.805154085159302, 4822
7.805154085159302, 4821
8.117635250091553, 4820
8.228985786437988, 4819
8.45065689086914, 4818
8.480907678604126, 4817
8.541424036026001, 4816
8.670547485351562, 4815
8.733082294464111, 4814
8.864625215530396, 4813
9.298145771026611, 4812
9.318334579467773, 4811
9.318334579467773, 4810
9.328395366668701, 4809
9.39918041229248, 4808
9.449548482894897, 4807
9.688618898391724, 4806
9.717628240585327, 4805
9.729510068893433, 4804
9.86617922782898, 4803
10.00937533378601, 4802
10.062236070632935, 4801
10.171940326690674, 4800
10.172937870025635, 4799
10.193881273269653, 4798
10.19711446762085, 4797
10.401594400405884, 4796
10.405553817749023, 4795
10.416556119918823, 4794
10.747060537338257, 4793
10.922977924346924, 4792
10.929962396621704, 4791
10.947911739349365, 4790
11.378462076187134, 4789
11.536585330963135, 4788
11.574722051620483, 4787
11.616578340530396, 4786
11.680438756942749, 4785
11.913782119750977, 4784
11.981579780578613, 4783
12.570857763290405, 4782
12.693319082260132, 4781
12.75584077835083, 4780
12.896584033966064, 4779
13.127782583236694, 4778
13.319393634796143, 4777
13.462433815002441, 4776
13.623751401901245, 4775
13.644364595413208, 4774
13.68462586402893, 4773
13.835967540740967, 4772
13.84605097770691, 4771
14.166849613189697, 4770
14.572583436965942, 4769
14.612921476364136, 4768
14.844805479049683, 4767
15.026203870773315, 4766
15.08464527130127, 4765
15.318810224533081, 4764
15.541452884674072, 4763
16.20533776283264, 4762
16.22755789756775, 4761
16.668981552124023, 4760
16.973235368728638, 4759
17.013538122177124, 4758
17.061896324157715, 4757
17.22527551651001, 4756
17.40550708770752, 4755
17.508336067199707, 4754
17.619198083877563, 4753
17.65955924987793, 4752
17.65955924987793, 4751
17.669665575027466, 4750
17.697845697402954, 4749
17.85107398033142, 4748
17.982491970062256, 4747
17.990506172180176, 4746
18.03283381462097, 4745
18.042911052703857, 4744
18.071139812469482, 4743
18.073192358016968, 4742
18.52513360977173, 4741
18.597748517990112, 4740
18.61791181564331, 4739
18.84771227836609, 4738
18.97078037261963, 4737
18.980867385864258, 4736
18.990947723388672, 4735
19.122473001480103, 4734
19.434908390045166, 4733
19.444994926452637, 4732
19.505465984344482, 4731
19.654768466949463, 4730
19.666846990585327, 4729
19.68733859062195, 4728
19.928860187530518, 4727
20.150533437728882, 4726
20.18075704574585, 4725
20.251319408416748, 4724
20.251319408416748, 4723
20.362598419189453, 4722
20.741376876831055, 4721
20.756338357925415, 4720
20.868380546569824, 4719
20.868380546569824, 4718
20.93744444847107, 4717
21.153600931167603, 4716
21.322907209396362, 4715
21.601576805114746, 4714
21.639397144317627, 4713
21.67060661315918, 4712
22.102853536605835, 4711
22.43227982521057, 4710
22.460211992263794, 4709
22.52702522277832, 4708
22.980504274368286, 4707
23.121530532836914, 4706
23.553356170654297, 4705
24.038331747055054, 4704
24.121335983276367, 4703
24.2528178691864, 4702
24.268439531326294, 4701
24.61261510848999, 4700
24.955604791641235, 4699
25.137071132659912, 4698
25.266648769378662, 4697
25.437677145004272, 4696
25.437677145004272, 4695
25.518301248550415, 4694
25.540478944778442, 4693
25.608996391296387, 4692
25.661415100097656, 4691
25.82083010673523, 4690
25.95189905166626, 4689
25.95189905166626, 4688
26.24431324005127, 4687
26.993287324905396, 4686
27.547807931900024, 4685
27.547807931900024, 4684
27.999908208847046, 4683
28.00195622444153, 4682
28.25424861907959, 4681
28.40523386001587, 4680
28.667452335357666, 4679
28.806957483291626, 4678
28.82917332649231, 4677
29.040750741958618, 4676
29.222295999526978, 4675
31.3907470703125, 4674
31.488592863082886, 4673
31.835662126541138, 4672
32.44161319732666, 4671
33.40939521789551, 4670
33.440643072128296, 4669
33.54088306427002, 4668
33.57212519645691, 4667
33.77528166770935, 4666
33.990495443344116, 4665
34.62078595161438, 4664
34.77675819396973, 4663
34.816651821136475, 4662
35.09989380836487, 4661
35.458529472351074, 4660
36.01919770240784, 4659
36.4149489402771, 4658
36.46533513069153, 4657
36.649298667907715, 4656
36.70614695549011, 4655
36.787928104400635, 4654
37.26601815223694, 4653
37.91980195045471, 4652
38.16714334487915, 4651
38.474942684173584, 4650
39.35617136955261, 4649
39.37811303138733, 4648
39.380112409591675, 4647
