0.0, 4858
1.013193130493164, 4857
1.023167371749878, 4856
1.1702191829681396, 4855
1.330693006515503, 4854
1.755126714706421, 4853
1.9054710865020752, 4852
2.5429837703704834, 4851
2.9606566429138184, 4850
2.9646315574645996, 4849
3.057758092880249, 4848
3.6741280555725098, 4847
3.9274399280548096, 4846
3.9493825435638428, 4845
3.955364465713501, 4844
3.956361770629883, 4843
3.966336488723755, 4842
4.038144826889038, 4841
4.2027363777160645, 4840
4.603661060333252, 4839
5.100458860397339, 4838
5.164952278137207, 4837
5.233795166015625, 4836
5.719475269317627, 4835
5.735133647918701, 4834
5.7663726806640625, 4833
5.781998157501221, 4832
5.998092412948608, 4831
6.436620235443115, 4830
6.452242851257324, 4829
6.5525803565979, 4828
6.568199872970581, 4827
6.699747323989868, 4826
6.9848716259002686, 4825
7.016114950180054, 4824
7.022624969482422, 4823
7.022624969482422, 4822
7.285272836685181, 4821
7.300893306732178, 4820
7.338611602783203, 4819
7.354234457015991, 4818
7.6862568855285645, 4817
7.6862568855285645, 4816
7.770915985107422, 4815
8.140658855438232, 4814
8.256506443023682, 4813
8.641904830932617, 4812
8.673147439956665, 4811
8.6887686252594, 4810
8.704388856887817, 4809
8.704388856887817, 4808
8.726519107818604, 4807
8.757797241210938, 4806
8.889243125915527, 4805
8.904864072799683, 4804
8.904864072799683, 4803
9.158380508422852, 4802
9.210639476776123, 4801
9.50585412979126, 4800
9.574847221374512, 4799
9.690737962722778, 4798
9.828751564025879, 4797
9.828751564025879, 4796
10.122989892959595, 4795
10.44577145576477, 4794
10.44577145576477, 4793
10.461393594741821, 4792
10.492639303207397, 4791
10.492639303207397, 4790
10.52391004562378, 4789
11.009533882141113, 4788
11.009533882141113, 4787
11.131839036941528, 4786
11.532835483551025, 4785
12.112361669540405, 4784
12.381849765777588, 4783
12.397438526153564, 4782
12.43521761894226, 4781
12.667035818099976, 4780
13.328831672668457, 4779
13.429099559783936, 4778
13.451254606246948, 4777
13.814525842666626, 4776
13.8457670211792, 4775
14.168712377548218, 4774
14.415724992752075, 4773
14.469094276428223, 4772
14.484745979309082, 4771
14.484745979309082, 4770
14.515957832336426, 4769
14.531581163406372, 4768
14.885885953903198, 4767
14.970510959625244, 4766
15.109577178955078, 4765
15.286706686019897, 4764
15.317949295043945, 4763
15.803744077682495, 4762
16.07340717315674, 4761
16.089025497436523, 4760
16.225903034210205, 4759
16.258183479309082, 4758
16.605894804000854, 4757
16.737403631210327, 4756
16.837642431259155, 4755
17.21262288093567, 4754
17.360794067382812, 4753
17.492345333099365, 4752
17.523587226867676, 4751
17.661579370498657, 4750
17.908966779708862, 4749
17.955860137939453, 4748
18.14083456993103, 4747
18.214468479156494, 4746
18.36314034461975, 4745
18.764274835586548, 4744
18.86454176902771, 4743
18.927071809768677, 4742
19.042890071868896, 4741
19.28071904182434, 4740
19.681931257247925, 4739
19.72879433631897, 4738
19.72879433631897, 4737
19.844714403152466, 4736
19.944927215576172, 4735
19.99830389022827, 4734
20.114195585250854, 4733
20.114195585250854, 4732
20.26782512664795, 4731
20.26782512664795, 4730
20.499610662460327, 4729
20.646709203720093, 4728
20.668869018554688, 4727
20.84724187850952, 4726
21.132875680923462, 4725
21.299476385116577, 4724
21.46883773803711, 4723
21.537832736968994, 4722
21.70061945915222, 4721
21.86998176574707, 4720
22.324435234069824, 4719
22.7254798412323, 4718
23.07322096824646, 4717
23.109720945358276, 4716
23.288711547851562, 4715
23.974976301193237, 4714
23.974976301193237, 4713
24.560791492462158, 4712
24.676652193069458, 4711
25.062108516693115, 4710
25.197990894317627, 4709
25.2136127948761, 4708
25.2136127948761, 4707
25.478241682052612, 4706
25.663105010986328, 4705
25.910539150238037, 4704
25.92612099647522, 4703
26.148821115493774, 4702
26.449416637420654, 4701
26.78158473968506, 4700
27.08755111694336, 4699
27.218876600265503, 4698
27.235507011413574, 4697
27.690449953079224, 4696
28.1136794090271, 4695
28.236186981201172, 4694
28.700013875961304, 4693
28.74741554260254, 4692
29.083493947982788, 4691
29.253101110458374, 4690
29.346820831298828, 4689
29.731953620910645, 4688
30.13682723045349, 4687
30.13682723045349, 4686
30.183690547943115, 4685
30.418020963668823, 4684
31.06975221633911, 4683
31.135196208953857, 4682
31.317885160446167, 4681
31.830514430999756, 4680
32.12473177909851, 4679
32.14035248756409, 4678
32.15597319602966, 4677
32.54917073249817, 4676
32.70575428009033, 4675
32.726696491241455, 4674
33.97536563873291, 4673
33.98832368850708, 4672
34.20007371902466, 4671
34.45536184310913, 4670
35.08187294006348, 4669
35.16764521598816, 4668
35.601401805877686, 4667
36.11774301528931, 4666
36.11774301528931, 4665
36.2492139339447, 4664
36.681437492370605, 4663
38.06928372383118, 4662
38.08490538597107, 4661
38.546643018722534, 4660
38.547640323638916, 4659
38.55462193489075, 4658
38.58258819580078, 4657
38.58857274055481, 4656
39.026479721069336, 4655
39.67156505584717, 4654
40.10438013076782, 4653
40.238990783691406, 4652
40.60413122177124, 4651
41.04718089103699, 4650
41.4784996509552, 4649
42.41514205932617, 4648
43.169437885284424, 4647
43.191378116607666, 4646
43.260193824768066, 4645
43.68135094642639, 4644
43.68135094642639, 4643
43.73575496673584, 4642
44.62734413146973, 4641
46.85172367095947, 4640
47.77675414085388, 4639
47.90623450279236, 4638
47.968740701675415, 4637
48.769805908203125, 4636
48.96129107475281, 4635
49.92499089241028, 4634
49.99401545524597, 4633
50.07215881347656, 4632
50.14112305641174, 4631
50.19449043273926, 4630
50.425960540771484, 4629
51.07502794265747, 4628
51.297518491744995, 4627
53.73048400878906, 4626
54.45833349227905, 4625
55.981499910354614, 4624
57.5091495513916, 4623
58.23264694213867, 4622
58.58415389060974, 4621
59.835453271865845, 4620
60.2740478515625, 4619
60.452475786209106, 4618
61.17599964141846, 4617
61.461321115493774, 4616
61.4769766330719, 4615
62.439762353897095, 4614
62.915510177612305, 4613
63.658756732940674, 4612
64.16022229194641, 4611
65.3274757862091, 4610
65.37560534477234, 4609
70.41796946525574, 4608
72.4447820186615, 4607
73.26941871643066, 4606
74.3509840965271, 4605
75.55201697349548, 4604
76.17704224586487, 4603
77.12579607963562, 4602
78.47546195983887, 4601
80.82045030593872, 4600
81.63996291160583, 4599
84.30964064598083, 4598
85.88673901557922, 4597
87.6161642074585, 4596
88.67814612388611, 4595
90.34379124641418, 4594
91.00641250610352, 4593
93.58048987388611, 4592
96.11087441444397, 4591
96.74359250068665, 4590
96.99753737449646, 4589
98.04174780845642, 4588
