0.0, 4858
0.9036564826965332, 4857
1.1749622821807861, 4856
1.1839377880096436, 4855
1.4184653759002686, 4854
1.4972529411315918, 4853
1.5829918384552002, 4852
1.8961546421051025, 4851
2.233285665512085, 4850
2.3688902854919434, 4849
2.5065224170684814, 4848
2.556391477584839, 4847
2.582353353500366, 4846
2.5833497047424316, 4845
2.9144649505615234, 4844
2.9214165210723877, 4843
3.264495372772217, 4842
3.2924563884735107, 4841
3.7182819843292236, 4840
4.042568206787109, 4839
4.574500799179077, 4838
4.58846640586853, 4837
4.611407995223999, 4836
4.705157279968262, 4835
4.991389274597168, 4834
5.142953157424927, 4833
5.3035571575164795, 4832
5.318482875823975, 4831
5.329487085342407, 4830
5.474097728729248, 4829
5.606746435165405, 4828
5.610733270645142, 4827
6.187191009521484, 4826
6.221069574356079, 4825
6.245003700256348, 4824
6.549192190170288, 4823
6.5562074184417725, 4822
6.578148126602173, 4821
6.579142808914185, 4820
6.853378772735596, 4819
6.8633832931518555, 4818
6.919234037399292, 4817
7.084758520126343, 4816
7.110721826553345, 4815
7.1236865520477295, 4814
7.158560752868652, 4813
7.266308307647705, 4812
7.276281118392944, 4811
7.282230377197266, 4810
7.538698673248291, 4809
7.59667706489563, 4808
7.7233405113220215, 4807
8.159205913543701, 4806
8.30478549003601, 4805
8.49730134010315, 4804
8.606975555419922, 4803
8.66980767250061, 4802
9.236764430999756, 4801
9.290619611740112, 4800
9.473299980163574, 4799
9.52017593383789, 4798
9.52017593383789, 4797
9.521169185638428, 4796
9.59896206855774, 4795
9.991023778915405, 4794
10.002991914749146, 4793
10.007972717285156, 4792
10.012962579727173, 4791
10.02493691444397, 4790
10.289231061935425, 4789
10.421838283538818, 4788
10.428821325302124, 4787
10.4856698513031, 4786
10.874627828598022, 4785
10.943479299545288, 4784
11.01525354385376, 4783
11.077123641967773, 4782
11.425158500671387, 4781
11.708398580551147, 4780
11.748292207717896, 4779
11.968703269958496, 4778
11.970696926116943, 4777
12.9056077003479, 4776
12.912588357925415, 4775
12.93051028251648, 4774
12.951485395431519, 4773
13.113053798675537, 4772
13.266481637954712, 4771
13.27246642112732, 4770
13.452029943466187, 4769
13.604280233383179, 4768
13.62625241279602, 4767
14.06205439567566, 4766
14.453942060470581, 4765
14.473888635635376, 4764
14.988370418548584, 4763
15.269619941711426, 4762
15.405255794525146, 4761
15.500593900680542, 4760
16.094484329223633, 4759
16.380021333694458, 4758
16.446876525878906, 4757
16.550570487976074, 4756
17.300367832183838, 4755
17.45517349243164, 4754
17.45517349243164, 4753
17.8944411277771, 4752
18.104881763458252, 4751
18.406043767929077, 4750
18.444122791290283, 4749
18.479994535446167, 4748
18.527899980545044, 4747
18.54246950149536, 4746
18.563438177108765, 4745
18.845602989196777, 4744
18.861223220825195, 4743
18.8934645652771, 4742
18.902475833892822, 4741
18.951342821121216, 4740
19.251509189605713, 4739
19.269458293914795, 4738
19.46847414970398, 4737
19.606024742126465, 4736
19.949107885360718, 4735
20.4544095993042, 4734
20.47535252571106, 4733
20.47734785079956, 4732
20.50527262687683, 4731
20.810205936431885, 4730
21.094051361083984, 4729
21.363332509994507, 4728
21.36934733390808, 4727
22.201091051101685, 4726
22.645902633666992, 4725
23.275219678878784, 4724
23.35807180404663, 4723
23.444838762283325, 4722
24.01767921447754, 4721
24.20520853996277, 4720
25.177577257156372, 4719
25.375049829483032, 4718
26.220258235931396, 4717
26.73626160621643, 4716
26.837042093276978, 4715
26.869953870773315, 4714
27.247357606887817, 4713
27.266308069229126, 4712
27.50467014312744, 4711
27.677684545516968, 4710
27.76234245300293, 4709
27.809212684631348, 4708
27.87052631378174, 4707
27.899449348449707, 4706
27.987216472625732, 4705
28.4751238822937, 4704
30.66654658317566, 4703
31.33475971221924, 4702
31.601521968841553, 4701
31.617143869400024, 4700
31.87311315536499, 4699
32.420751094818115, 4698
32.43345403671265, 4697
32.7050199508667, 4696
33.79849720001221, 4695
33.950486183166504, 4694
34.138843297958374, 4693
34.562172412872314, 4692
34.60649275779724, 4691
34.93262219429016, 4690
36.85902547836304, 4689
37.03552007675171, 4688
37.145259380340576, 4687
37.43345665931702, 4686
37.65087628364563, 4685
38.182452917099, 4684
38.45464634895325, 4683
38.581340312957764, 4682
38.627217531204224, 4681
39.6814022064209, 4680
