0.0, 4858
0.7794861793518066, 4857
0.7875044345855713, 4856
0.9089486598968506, 4855
1.0419137477874756, 4854
1.4362313747406006, 4853
1.5672922134399414, 4852
2.1426353454589844, 4851
2.4488861560821533, 4850
2.4648797512054443, 4849
2.5316970348358154, 4848
2.958817481994629, 4847
3.1718063354492188, 4846
3.189760208129883, 4845
3.1961891651153564, 4844
3.1971867084503174, 4843
3.2051684856414795, 4842
3.2739806175231934, 4841
3.408521890640259, 4840
3.7847723960876465, 4839
4.285339593887329, 4838
4.362169027328491, 4837
4.432945251464844, 4836
4.944316387176514, 4835
4.958281517028809, 4834
4.991222381591797, 4833
5.005759239196777, 4832
5.245006084442139, 4831
5.722856521606445, 4830
5.736851692199707, 4829
5.849517107009888, 4828
5.859524250030518, 4827
6.019097089767456, 4826
6.31147313117981, 4825
6.345382213592529, 4824
6.3524017333984375, 4823
6.3563854694366455, 4822
6.644615650177002, 4821
6.66353178024292, 4820
6.699467897415161, 4819
6.713430881500244, 4818
7.067484617233276, 4817
7.067484617233276, 4816
7.154221057891846, 4815
7.541578531265259, 4814
7.6652467250823975, 4813
8.060666561126709, 4812
8.091910123825073, 4811
8.123658895492554, 4810
8.123658895492554, 4809
8.139284610748291, 4808
8.154905796051025, 4807
8.186147928237915, 4806
8.323869228363037, 4805
8.323869228363037, 4804
8.323869228363037, 4803
8.586865901947021, 4802
8.636770009994507, 4801
8.931577444076538, 4800
9.018280506134033, 4799
9.129531145095825, 4798
9.26870846748352, 4797
9.270743131637573, 4796
9.553810358047485, 4795
9.866384267807007, 4794
9.876468658447266, 4793
9.886558294296265, 4792
9.90674877166748, 4791
9.90674877166748, 4790
9.9371178150177, 4789
10.431462049484253, 4788
10.431462049484253, 4787
10.552456140518188, 4786
10.93607234954834, 4785
11.480428218841553, 4784
11.730531930923462, 4783
11.75069260597229, 4782
11.781341791152954, 4781
12.00476360321045, 4780
12.640038013458252, 4779
12.750927686691284, 4778
12.761017560958862, 4777
13.084386348724365, 4776
13.114615201950073, 4775
13.404526710510254, 4774
13.638840913772583, 4773
13.689204216003418, 4772
13.699282884597778, 4771
13.709367275238037, 4770
13.729518175125122, 4769
13.739567518234253, 4768
14.092489004135132, 4767
14.171058416366577, 4766
14.296457290649414, 4765
14.465587615966797, 4764
14.507774591445923, 4763
14.949425220489502, 4762
15.203771352767944, 4761
15.224022388458252, 4760
15.345027685165405, 4759
15.375240564346313, 4758
15.708857536315918, 4757
15.827695369720459, 4756
15.930651187896729, 4755
16.284377813339233, 4754
16.425610542297363, 4753
16.554611682891846, 4752
16.576837062835693, 4751
16.716411590576172, 4750
16.930149793624878, 4749
16.97051191329956, 4748
17.14181089401245, 4747
17.21035385131836, 4746
17.353821516036987, 4745
17.737090349197388, 4744
17.82785391807556, 4743
17.88870596885681, 4742
18.009839057922363, 4741
18.2320339679718, 4740
18.615445852279663, 4739
18.6655855178833, 4738
18.6655855178833, 4737
18.764378547668457, 4736
18.867279052734375, 4735
18.917665243148804, 4734
19.018466234207153, 4733
19.026515007019043, 4732
19.170255661010742, 4731
19.170255661010742, 4730
19.382123947143555, 4729
19.541426420211792, 4728
19.561615228652954, 4727
19.73521852493286, 4726
20.015268802642822, 4725
20.176249980926514, 4724
20.360111951828003, 4723
20.42065954208374, 4722
20.585066080093384, 4721
20.7900333404541, 4720
21.311567783355713, 4719
21.738285064697266, 4718
22.10744285583496, 4717
22.154274702072144, 4716
22.32350254058838, 4715
22.971972942352295, 4714
22.971972942352295, 4713
23.54246973991394, 4712
23.66645050048828, 4711
24.099706888198853, 4710
24.270806789398193, 4709
24.287667274475098, 4708
24.294618606567383, 4707
24.598705291748047, 4706
24.79923963546753, 4705
25.05234146118164, 4704
25.067963361740112, 4703
25.465133905410767, 4702
26.0270938873291, 4701
26.527101755142212, 4700
26.945016622543335, 4699
27.093607902526855, 4698
27.110267639160156, 4697
27.585015773773193, 4696
28.2014639377594, 4695
28.30170249938965, 4694
28.727171659469604, 4693
28.769569873809814, 4692
28.971031188964844, 4691
29.112065315246582, 4690
29.202775955200195, 4689
29.565932512283325, 4688
29.908611297607422, 4687
29.908611297607422, 4686
29.95715570449829, 4685
30.120962619781494, 4684
30.622457265853882, 4683
30.6854145526886, 4682
30.846699476242065, 4681
31.28049325942993, 4680
31.552751541137695, 4679
31.57291865348816, 4678
31.593090772628784, 4677
31.920342445373535, 4676
32.041897773742676, 4675
32.05752968788147, 4674
33.2276074886322, 4673
33.25952339172363, 4672
33.55069422721863, 4671
33.78888463973999, 4670
34.170554637908936, 4669
34.21089029312134, 4668
34.39281249046326, 4667
34.80354070663452, 4666
34.80558204650879, 4665
34.92696523666382, 4664
35.35061025619507, 4663
36.56141972541809, 4662
36.57152771949768, 4661
36.993757486343384, 4660
36.993757486343384, 4659
37.003846883773804, 4658
37.02399730682373, 4657
37.03407859802246, 4656
37.435070514678955, 4655
37.91897797584534, 4654
38.360037088394165, 4653
38.54155158996582, 4652
39.04838538169861, 4651
