0.0, 4858
1.964085340499878, 4857
2.2736892700195312, 4856
2.539066791534424, 4855
3.232867479324341, 4854
3.232867479324341, 4853
3.2484538555145264, 4852
3.2484538555145264, 4851
3.4298551082611084, 4850
3.883197069168091, 4849
4.1692609786987305, 4848
4.174880743026733, 4847
4.470637798309326, 4846
4.622325420379639, 4845
4.722479581832886, 4844
4.800588846206665, 4843
5.131163835525513, 4842
5.385446548461914, 4841
5.44393253326416, 4840
5.472221612930298, 4839
5.50244402885437, 4838
5.776931524276733, 4837
5.7882301807403564, 4836
5.790221691131592, 4835
5.798200845718384, 4834
6.168517351150513, 4833
6.180640459060669, 4832
6.190696716308594, 4831
6.342047929763794, 4830
6.35009765625, 4829
6.564098834991455, 4828
7.007524251937866, 4827
7.072476148605347, 4826
7.138010740280151, 4825
7.146053075790405, 4824
7.382172346115112, 4823
7.8344948291778564, 4822
8.08647894859314, 4821
8.106609582901001, 4820
8.227567195892334, 4819
8.235611915588379, 4818
8.2759268283844, 4817
8.310640811920166, 4816
8.320729970932007, 4815
8.643388032913208, 4814
8.824946403503418, 4813
9.057372331619263, 4812
9.105736255645752, 4811
9.168287754058838, 4810
9.521660566329956, 4809
9.652672290802002, 4808
9.68104362487793, 4807
9.713297843933105, 4806
9.852491617202759, 4805
9.872698068618774, 4804
9.945263147354126, 4803
9.975512266159058, 4802
9.995660781860352, 4801
10.237958908081055, 4800
10.659159660339355, 4799
10.721616983413696, 4798
10.812771558761597, 4797
10.84095573425293, 4796
10.853046655654907, 4795
11.096566677093506, 4794
11.125498533248901, 4793
12.079941987991333, 4792
12.402881145477295, 4791
12.44177770614624, 4790
12.44875955581665, 4789
12.480673789978027, 4788
12.96823501586914, 4787
12.96823501586914, 4786
13.071572542190552, 4785
13.171861171722412, 4784
13.393288135528564, 4783
13.544486284255981, 4782
13.554566383361816, 4781
13.572774410247803, 4780
13.68572735786438, 4779
15.124543905258179, 4778
15.571646451950073, 4777
15.646844387054443, 4776
15.748572587966919, 4775
16.26595187187195, 4774
17.193894624710083, 4773
17.777366876602173, 4772
18.08414363861084, 4771
18.50543737411499, 4770
18.522632360458374, 4769
18.654144287109375, 4768
18.716601610183716, 4767
18.79687476158142, 4766
19.175339460372925, 4765
19.2136652469635, 4764
19.310404300689697, 4763
19.45003342628479, 4762
19.482942819595337, 4761
19.846250772476196, 4760
