0.3385138511657715, 6805
0.3385138511657715, 6804
0.3385138511657715, 6803
0.3385138511657715, 6802
0.3385138511657715, 6801
0.3385138511657715, 6800
0.3385138511657715, 6799
0.3385138511657715, 6798
0.3385138511657715, 6797
0.3385138511657715, 6796
0.3385138511657715, 6795
0.3385138511657715, 6794
0.3385138511657715, 6793
0.3385138511657715, 6792
0.3385138511657715, 6791
0.35416412353515625, 6790
0.35416412353515625, 6789
0.35416412353515625, 6788
0.35416412353515625, 6787
0.35416412353515625, 6786
0.35416412353515625, 6785
0.35416412353515625, 6784
0.35416412353515625, 6783
0.35416412353515625, 6782
0.35416412353515625, 6781
0.35416412353515625, 6780
0.35416412353515625, 6779
0.35416412353515625, 6778
0.35416412353515625, 6777
0.35416412353515625, 6776
0.35416412353515625, 6775
0.35416412353515625, 6774
0.35416412353515625, 6773
0.3697843551635742, 6772
0.3697843551635742, 6771
0.3697843551635742, 6770
0.3697843551635742, 6769
0.3697843551635742, 6768
0.3697843551635742, 6767
0.3697843551635742, 6766
0.3697843551635742, 6765
0.3697843551635742, 6764
0.3697843551635742, 6763
0.3697843551635742, 6762
0.3697843551635742, 6761
0.3697843551635742, 6760
0.3697843551635742, 6759
0.3697843551635742, 6758
0.3697843551635742, 6757
0.3697843551635742, 6756
0.3697843551635742, 6755
0.3697843551635742, 6754
0.3697843551635742, 6753
0.3697843551635742, 6752
0.3697843551635742, 6751
0.3697843551635742, 6750
0.3697843551635742, 6749
0.3697843551635742, 6748
0.3697843551635742, 6747
0.3697843551635742, 6746
0.3697843551635742, 6745
0.3697843551635742, 6744
0.3697843551635742, 6743
0.3697843551635742, 6742
0.3697843551635742, 6741
0.3697843551635742, 6740
0.3853757381439209, 6739
0.3853757381439209, 6738
0.3853757381439209, 6737
0.3853757381439209, 6736
0.3853757381439209, 6735
0.3853757381439209, 6734
0.3853757381439209, 6733
0.3853757381439209, 6732
0.3853757381439209, 6731
0.3853757381439209, 6730
0.3853757381439209, 6729
0.3853757381439209, 6728
0.3853757381439209, 6727
0.3853757381439209, 6726
0.3853757381439209, 6725
0.3853757381439209, 6724
0.3853757381439209, 6723
0.40099573135375977, 6722
0.40099573135375977, 6721
0.40099573135375977, 6720
0.40099573135375977, 6719
0.40099573135375977, 6718
0.40099573135375977, 6717
0.40099573135375977, 6716
0.40099573135375977, 6715
0.40099573135375977, 6714
0.40099573135375977, 6713
0.40099573135375977, 6712
0.40099573135375977, 6711
0.40099573135375977, 6710
0.40099573135375977, 6709
0.40099573135375977, 6708
0.40099573135375977, 6707
0.40099573135375977, 6706
0.40099573135375977, 6705
0.40099573135375977, 6704
0.40099573135375977, 6703
0.40099573135375977, 6702
0.40099573135375977, 6701
0.40099573135375977, 6700
0.40099573135375977, 6699
0.40099573135375977, 6698
0.40099573135375977, 6697
0.40099573135375977, 6696
0.40099573135375977, 6695
0.40099573135375977, 6694
0.40099573135375977, 6693
0.40099573135375977, 6692
0.40099573135375977, 6691
0.41661763191223145, 6690
0.41661763191223145, 6689
0.41661763191223145, 6688
0.41661763191223145, 6687
0.41661763191223145, 6686
0.41661763191223145, 6685
0.41661763191223145, 6684
0.42313146591186523, 6683
0.42313146591186523, 6682
0.42313146591186523, 6681
0.42313146591186523, 6680
0.42313146591186523, 6679
0.42313146591186523, 6678
0.42313146591186523, 6677
0.42313146591186523, 6676
0.42313146591186523, 6675
0.42313146591186523, 6674
0.42313146591186523, 6673
0.42313146591186523, 6672
0.42313146591186523, 6671
0.42313146591186523, 6670
0.42313146591186523, 6669
0.42313146591186523, 6668
0.42313146591186523, 6667
0.42313146591186523, 6666
0.4387660026550293, 6665
0.4387660026550293, 6664
0.4387660026550293, 6663
0.4387660026550293, 6662
0.4387660026550293, 6661
0.4387660026550293, 6660
0.4387660026550293, 6659
0.4387660026550293, 6658
0.4387660026550293, 6657
0.4387660026550293, 6656
0.4387660026550293, 6655
0.4387660026550293, 6654
0.4387660026550293, 6653
0.4387660026550293, 6652
0.4387660026550293, 6651
0.4387660026550293, 6650
0.4387660026550293, 6649
0.4387660026550293, 6648
0.4387660026550293, 6647
0.4387660026550293, 6646
0.4387660026550293, 6645
0.4387660026550293, 6644
0.4387660026550293, 6643
0.4387660026550293, 6642
0.4387660026550293, 6641
0.4387660026550293, 6640
0.4387660026550293, 6639
0.4387660026550293, 6638
0.4387660026550293, 6637
0.45438122749328613, 6636
0.45438122749328613, 6635
0.45438122749328613, 6634
0.45438122749328613, 6633
0.45438122749328613, 6632
0.45438122749328613, 6631
0.45438122749328613, 6630
0.45438122749328613, 6629
0.45438122749328613, 6628
0.45438122749328613, 6627
0.45438122749328613, 6626
0.45438122749328613, 6625
0.45438122749328613, 6624
0.45438122749328613, 6623
0.45438122749328613, 6622
0.45438122749328613, 6621
0.45438122749328613, 6620
0.4700033664703369, 6619
0.4700033664703369, 6618
0.4700033664703369, 6617
0.4700033664703369, 6616
0.4700033664703369, 6615
0.4700033664703369, 6614
0.4700033664703369, 6613
0.4700033664703369, 6612
0.4700033664703369, 6611
0.4700033664703369, 6610
0.4700033664703369, 6609
0.4700033664703369, 6608
0.4700033664703369, 6607
0.4700033664703369, 6606
0.4700033664703369, 6605
0.4700033664703369, 6604
0.4700033664703369, 6603
0.4700033664703369, 6602
0.4700033664703369, 6601
0.4700033664703369, 6600
0.4700033664703369, 6599
0.4700033664703369, 6598
0.4700033664703369, 6597
16.959152221679688, 6596
17.57481837272644, 6595
17.57481837272644, 6594
17.57481837272644, 6593
17.57481837272644, 6592
18.05428957939148, 6591
18.05428957939148, 6590
18.05428957939148, 6589
18.05428957939148, 6588
18.06987714767456, 6587
18.06987714767456, 6586
18.06987714767456, 6585
18.06987714767456, 6584
18.0763840675354, 6583
18.0763840675354, 6582
18.0763840675354, 6581
18.0763840675354, 6580
18.0763840675354, 6579
18.0763840675354, 6578
18.0763840675354, 6577
18.0763840675354, 6576
18.0763840675354, 6575
18.0763840675354, 6574
18.0763840675354, 6573
18.0763840675354, 6572
18.092011213302612, 6571
18.092011213302612, 6570
18.092011213302612, 6569
18.092011213302612, 6568
18.092011213302612, 6567
18.092011213302612, 6566
18.092011213302612, 6565
18.092011213302612, 6564
18.092011213302612, 6563
18.092011213302612, 6562
18.092011213302612, 6561
18.092011213302612, 6560
18.092011213302612, 6559
18.092011213302612, 6558
18.092011213302612, 6557
18.092011213302612, 6556
18.092011213302612, 6555
18.092011213302612, 6554
18.092011213302612, 6553
18.107633113861084, 6552
18.107633113861084, 6551
18.107633113861084, 6550
18.107633113861084, 6549
18.107633113861084, 6548
18.107633113861084, 6547
18.107633113861084, 6546
18.107633113861084, 6545
18.107633113861084, 6544
18.107633113861084, 6543
18.107633113861084, 6542
18.107633113861084, 6541
18.107633113861084, 6540
18.123284339904785, 6539
18.123284339904785, 6538
18.123284339904785, 6537
18.123284339904785, 6536
18.123284339904785, 6535
18.13887619972229, 6534
18.13887619972229, 6533
18.13887619972229, 6532
18.15818428993225, 6531
18.16317129135132, 6530
18.16317129135132, 6529
18.164166688919067, 6528
18.164166688919067, 6527
18.165165662765503, 6526
18.166166305541992, 6525
18.16815710067749, 6524
18.173144340515137, 6523
18.244991540908813, 6522
18.244991540908813, 6521
18.244991540908813, 6520
18.244991540908813, 6519
18.244991540908813, 6518
18.260619401931763, 6517
18.260619401931763, 6516
18.260619401931763, 6515
18.260619401931763, 6514
18.260619401931763, 6513
18.260619401931763, 6512
18.260619401931763, 6511
18.260619401931763, 6510
18.260619401931763, 6509
18.260619401931763, 6508
18.260619401931763, 6507
18.27253270149231, 6506
18.273566722869873, 6505
18.27752184867859, 6504
18.278518438339233, 6503
18.278518438339233, 6502
18.279515981674194, 6501
18.279515981674194, 6500
18.280513286590576, 6499
18.281510591506958, 6498
18.282505750656128, 6497
18.283507585525513, 6496
18.284502029418945, 6495
18.285500049591064, 6494
18.28649663925171, 6493
18.28749394416809, 6492
18.288490772247314, 6491
18.29148292541504, 6490
18.300743103027344, 6489
18.300743103027344, 6488
18.300743103027344, 6487
18.300743103027344, 6486
18.300743103027344, 6485
18.316364765167236, 6484
18.316364765167236, 6483
18.316364765167236, 6482
18.316364765167236, 6481
18.316364765167236, 6480
18.316364765167236, 6479
18.316364765167236, 6478
18.316364765167236, 6477
18.316364765167236, 6476
18.316364765167236, 6475
18.316364765167236, 6474
18.316364765167236, 6473
18.316364765167236, 6472
18.331988096237183, 6471
18.331988096237183, 6470
18.331988096237183, 6469
18.331988096237183, 6468
18.345590114593506, 6467
18.345590114593506, 6466
18.345590114593506, 6465
18.345590114593506, 6464
18.345590114593506, 6463
18.355626583099365, 6462
18.355626583099365, 6461
18.355626583099365, 6460
18.355626583099365, 6459
18.355626583099365, 6458
18.355626583099365, 6457
18.355626583099365, 6456
18.37125253677368, 6455
18.37125253677368, 6454
18.37776017189026, 6453
18.37776017189026, 6452
18.37776017189026, 6451
18.37776017189026, 6450
18.393386125564575, 6449
18.393386125564575, 6448
18.393386125564575, 6447
18.393386125564575, 6446
18.393386125564575, 6445
18.40904211997986, 6444
18.40904211997986, 6443
18.40904211997986, 6442
18.40904211997986, 6441
18.40904211997986, 6440
18.40904211997986, 6439
18.40904211997986, 6438
18.42462992668152, 6437
18.42462992668152, 6436
18.42462992668152, 6435
18.42462992668152, 6434
18.42462992668152, 6433
18.42462992668152, 6432
18.440282106399536, 6431
18.440282106399536, 6430
18.440282106399536, 6429
18.440282106399536, 6428
18.440282106399536, 6427
18.440282106399536, 6426
18.440282106399536, 6425
18.440282106399536, 6424
18.440282106399536, 6423
18.440282106399536, 6422
18.440282106399536, 6421
18.440282106399536, 6420
18.440282106399536, 6419
18.440282106399536, 6418
18.455904960632324, 6417
18.455904960632324, 6416
18.455904960632324, 6415
18.455904960632324, 6414
18.455904960632324, 6413
18.455904960632324, 6412
18.455904960632324, 6411
18.455904960632324, 6410
18.455904960632324, 6409
18.455904960632324, 6408
18.455904960632324, 6407
18.455904960632324, 6406
18.455904960632324, 6405
18.455904960632324, 6404
18.471492052078247, 6403
18.471492052078247, 6402
18.471492052078247, 6401
18.471492052078247, 6400
18.471492052078247, 6399
18.471492052078247, 6398
18.471492052078247, 6397
18.471492052078247, 6396
18.503618240356445, 6395
18.504615545272827, 6394
18.510597467422485, 6393
18.51658844947815, 6392
18.520570278167725, 6391
18.522565126419067, 6390
18.523563623428345, 6389
18.5255606174469, 6388
18.52655577659607, 6387
18.531541347503662, 6386
18.532538890838623, 6385
18.534533739089966, 6384
18.54251503944397, 6383
18.547499895095825, 6382
18.549492835998535, 6381
18.553483486175537, 6380
18.556476354599, 6379
18.56345534324646, 6378
18.56545066833496, 6377
18.566447496414185, 6376
18.579413175582886, 6375
18.580410480499268, 6374
18.581407070159912, 6373
18.583404302597046, 6372
18.5873920917511, 6371
18.59636688232422, 6370
18.598363876342773, 6369
18.604346752166748, 6368
18.60634207725525, 6367
18.60733914375305, 6366
18.617472171783447, 6365
18.617472171783447, 6364
18.617472171783447, 6363
18.617472171783447, 6362
18.617472171783447, 6361
18.617472171783447, 6360
18.63309383392334, 6359
18.63309383392334, 6358
18.63309383392334, 6357
18.63309383392334, 6356
18.63309383392334, 6355
18.63309383392334, 6354
18.648935794830322, 6353
18.649932384490967, 6352
18.654919385910034, 6351
18.657763242721558, 6350
18.657763242721558, 6349
18.657763242721558, 6348
18.657763242721558, 6347
18.657763242721558, 6346
18.657763242721558, 6345
18.657763242721558, 6344
18.657763242721558, 6343
18.657763242721558, 6342
18.657763242721558, 6341
18.657763242721558, 6340
18.657763242721558, 6339
18.657763242721558, 6338
18.657763242721558, 6337
18.657763242721558, 6336
18.657763242721558, 6335
18.673382997512817, 6334
18.673382997512817, 6333
18.673382997512817, 6332
18.678390979766846, 6331
18.678390979766846, 6330
18.678390979766846, 6329
18.678390979766846, 6328
18.678390979766846, 6327
18.678390979766846, 6326
18.678390979766846, 6325
18.678390979766846, 6324
18.678390979766846, 6323
18.678390979766846, 6322
18.678390979766846, 6321
18.678390979766846, 6320
18.678390979766846, 6319
18.678390979766846, 6318
18.694016456604004, 6317
18.694016456604004, 6316
18.694016456604004, 6315
18.694016456604004, 6314
18.694016456604004, 6313
18.694016456604004, 6312
18.694016456604004, 6311
18.694016456604004, 6310
18.694016456604004, 6309
18.694016456604004, 6308
18.694016456604004, 6307
18.694016456604004, 6306
18.694016456604004, 6305
18.694016456604004, 6304
18.694016456604004, 6303
18.694016456604004, 6302
18.709639072418213, 6301
18.709639072418213, 6300
18.709639072418213, 6299
18.709639072418213, 6298
18.709639072418213, 6297
18.709639072418213, 6296
18.709639072418213, 6295
18.709639072418213, 6294
18.709639072418213, 6293
18.709639072418213, 6292
18.709639072418213, 6291
18.709639072418213, 6290
18.709639072418213, 6289
18.709639072418213, 6288
18.709639072418213, 6287
18.709639072418213, 6286
18.709639072418213, 6285
18.709639072418213, 6284
18.709639072418213, 6283
18.709639072418213, 6282
18.709639072418213, 6281
18.709639072418213, 6280
18.709639072418213, 6279
18.72525906562805, 6278
18.72525906562805, 6277
18.72525906562805, 6276
18.72525906562805, 6275
18.72525906562805, 6274
18.72525906562805, 6273
18.72525906562805, 6272
18.72525906562805, 6271
18.72525906562805, 6270
18.72525906562805, 6269
18.72525906562805, 6268
18.72525906562805, 6267
18.72525906562805, 6266
18.72525906562805, 6265
18.72525906562805, 6264
18.740882873535156, 6263
18.740882873535156, 6262
18.740882873535156, 6261
18.740882873535156, 6260
18.756529092788696, 6259
18.756529092788696, 6258
18.756529092788696, 6257
18.756529092788696, 6256
18.756529092788696, 6255
18.77215075492859, 6254
18.776101112365723, 6253
18.77715563774109, 6252
18.77866268157959, 6251
18.77866268157959, 6250
18.77866268157959, 6249
18.77866268157959, 6248
18.789406299591064, 6247
18.792397260665894, 6246
18.795390605926514, 6245
18.803401947021484, 6244
18.808358430862427, 6243
18.811347007751465, 6242
18.823314905166626, 6241
18.823314905166626, 6240
18.82431197166443, 6239
18.82530951499939, 6238
18.82530951499939, 6237
18.826342344284058, 6236
18.826342344284058, 6235
18.826342344284058, 6234
18.829331398010254, 6233
18.84226393699646, 6232
18.84226393699646, 6231
18.843261241912842, 6230
18.843261241912842, 6229
18.845255851745605, 6228
18.845255851745605, 6227
18.846253395080566, 6226
18.846253395080566, 6225
18.84725046157837, 6224
18.84725046157837, 6223
18.84824800491333, 6222
18.84824800491333, 6221
18.84824800491333, 6220
18.849245071411133, 6219
18.849245071411133, 6218
18.851242542266846, 6217
18.852240085601807, 6216
18.853236436843872, 6215
18.854233503341675, 6214
18.8552303314209, 6213
18.85622787475586, 6212
18.857223749160767, 6211
18.858253955841064, 6210
18.858253955841064, 6209
18.86124610900879, 6208
18.86124610900879, 6207
18.86221170425415, 6206
18.865236043930054, 6205
18.865236043930054, 6204
18.86819553375244, 6203
18.86922597885132, 6202
18.870190143585205, 6201
18.87717080116272, 6200
18.880195140838623, 6199
18.88119864463806, 6198
18.88119864463806, 6197
18.882158279418945, 6196
18.88315486907959, 6195
18.886148691177368, 6194
18.887146711349487, 6193
18.888143062591553, 6192
18.889139890670776, 6191
18.890137434005737, 6190
18.89113473892212, 6189
18.89213228225708, 6188
18.893129348754883, 6187
18.894126653671265, 6186
18.895124435424805, 6185
18.896121978759766, 6184
18.90210509300232, 6183
18.903101444244385, 6182
18.903101444244385, 6181
18.904098510742188, 6180
18.904098510742188, 6179
18.904098510742188, 6178
18.90509581565857, 6177
18.906092882156372, 6176
18.906092882156372, 6175
18.90709090232849, 6174
18.90709090232849, 6173
18.909117460250854, 6172
18.909117460250854, 6171
18.910117626190186, 6170
18.910117626190186, 6169
18.911112546920776, 6168
18.911112546920776, 6167
18.911112546920776, 6166
18.912110090255737, 6165
18.912110090255737, 6164
18.913074731826782, 6163
18.913074731826782, 6162
18.914104461669922, 6161
18.91507053375244, 6160
18.916066884994507, 6159
18.916066884994507, 6158
18.917064905166626, 6157
18.920056343078613, 6156
18.920056343078613, 6155
18.922050714492798, 6154
18.92304801940918, 6153
18.92304801940918, 6152
18.924044847488403, 6151
18.924044847488403, 6150
18.925042629241943, 6149
18.925042629241943, 6148
18.926039695739746, 6147
18.926039695739746, 6146
18.92803430557251, 6145
18.931026220321655, 6144
18.931026220321655, 6143
18.932024002075195, 6142
18.932024002075195, 6141
18.933021068572998, 6140
18.933021068572998, 6139
18.934018850326538, 6138
18.935048818588257, 6137
18.935048818588257, 6136
18.93604588508606, 6135
18.93604588508606, 6134
18.938040494918823, 6133
18.93900489807129, 6132
18.93900489807129, 6131
18.940035343170166, 6130
18.940035343170166, 6129
18.94103240966797, 6128
18.94103240966797, 6127
18.94203209877014, 6126
18.94203209877014, 6125
18.943027019500732, 6124
18.94399404525757, 6123
18.94502282142639, 6122
18.94502282142639, 6121
18.946019887924194, 6120
18.946019887924194, 6119
18.94701623916626, 6118
18.94701623916626, 6117
18.94701623916626, 6116
18.9480140209198, 6115
18.9480140209198, 6114
18.949011087417603, 6113
18.949011087417603, 6112
18.950592279434204, 6111
18.950592279434204, 6110
18.950592279434204, 6109
18.950592279434204, 6108
18.950592279434204, 6107
18.950592279434204, 6106
18.950592279434204, 6105
18.950592279434204, 6104
18.969635725021362, 6103
18.97163224220276, 6102
18.972632884979248, 6101
18.974628686904907, 6100
18.97861385345459, 6099
18.97957992553711, 6098
18.97957992553711, 6097
18.98160743713379, 6096
18.98257327079773, 6095
18.98257327079773, 6094
18.98257327079773, 6093
18.98388123512268, 6092
18.98388123512268, 6091
18.98388123512268, 6090
18.98388123512268, 6089
18.98388123512268, 6088
18.98388123512268, 6087
18.98388123512268, 6086
18.98388123512268, 6085
18.98388123512268, 6084
18.98388123512268, 6083
18.98388123512268, 6082
18.98388123512268, 6081
18.98388123512268, 6080
18.999534368515015, 6079
18.999534368515015, 6078
18.999534368515015, 6077
18.999534368515015, 6076
18.999534368515015, 6075
18.999534368515015, 6074
18.999534368515015, 6073
18.999534368515015, 6072
18.999534368515015, 6071
18.999534368515015, 6070
18.999534368515015, 6069
18.999534368515015, 6068
18.999534368515015, 6067
18.999534368515015, 6066
18.999534368515015, 6065
18.999534368515015, 6064
18.999534368515015, 6063
19.015155792236328, 6062
19.015155792236328, 6061
19.015155792236328, 6060
19.015155792236328, 6059
19.015155792236328, 6058
19.015155792236328, 6057
19.015155792236328, 6056
19.015155792236328, 6055
19.015155792236328, 6054
19.03078007698059, 6053
19.03078007698059, 6052
19.03078007698059, 6051
19.046399116516113, 6050
19.06198811531067, 6049
19.06198811531067, 6048
19.06198811531067, 6047
19.06198811531067, 6046
19.06198811531067, 6045
19.06198811531067, 6044
19.06198811531067, 6043
19.06198811531067, 6042
19.06198811531067, 6041
19.06198811531067, 6040
19.06198811531067, 6039
19.06198811531067, 6038
19.06198811531067, 6037
19.06198811531067, 6036
19.06198811531067, 6035
19.06198811531067, 6034
19.077610969543457, 6033
19.0796480178833, 6032
19.0796480178833, 6031
19.0796480178833, 6030
19.0796480178833, 6029
19.0796480178833, 6028
19.0796480178833, 6027
19.0796480178833, 6026
19.0796480178833, 6025
19.095317363739014, 6024
19.095317363739014, 6023
19.095317363739014, 6022
19.095317363739014, 6021
19.095317363739014, 6020
19.095317363739014, 6019
19.095317363739014, 6018
19.095317363739014, 6017
19.095317363739014, 6016
19.095317363739014, 6015
19.110897541046143, 6014
19.110897541046143, 6013
19.110897541046143, 6012
19.110897541046143, 6011
19.126516819000244, 6010
19.126516819000244, 6009
19.126516819000244, 6008
19.126516819000244, 6007
19.126516819000244, 6006
19.126516819000244, 6005
19.126516819000244, 6004
19.126516819000244, 6003
19.126516819000244, 6002
19.126516819000244, 6001
19.126516819000244, 6000
19.126516819000244, 5999
19.126516819000244, 5998
19.126516819000244, 5997
19.126516819000244, 5996
19.126516819000244, 5995
19.126516819000244, 5994
19.126516819000244, 5993
19.142138957977295, 5992
19.142138957977295, 5991
19.142138957977295, 5990
19.15776038169861, 5989
19.15776038169861, 5988
19.15776038169861, 5987
19.15776038169861, 5986
19.15776038169861, 5985
19.15776038169861, 5984
19.15776038169861, 5983
19.15776038169861, 5982
19.17341446876526, 5981
19.17341446876526, 5980
19.17341446876526, 5979
19.179952383041382, 5978
19.179952383041382, 5977
19.179952383041382, 5976
19.179952383041382, 5975
19.179952383041382, 5974
19.179952383041382, 5973
19.195610284805298, 5972
19.195610284805298, 5971
19.195610284805298, 5970
19.195610284805298, 5969
19.195610284805298, 5968
19.195610284805298, 5967
19.195610284805298, 5966
19.195610284805298, 5965
19.211199522018433, 5964
19.211199522018433, 5963
19.211199522018433, 5962
19.211199522018433, 5961
19.211199522018433, 5960
19.211199522018433, 5959
19.211199522018433, 5958
19.211199522018433, 5957
19.211199522018433, 5956
19.211199522018433, 5955
19.211199522018433, 5954
19.211199522018433, 5953
19.211199522018433, 5952
19.211199522018433, 5951
19.211199522018433, 5950
19.211199522018433, 5949
19.211199522018433, 5948
19.211199522018433, 5947
19.211199522018433, 5946
19.211199522018433, 5945
19.211199522018433, 5944
19.211199522018433, 5943
19.211199522018433, 5942
19.211199522018433, 5941
19.211199522018433, 5940
19.211199522018433, 5939
19.211199522018433, 5938
19.211199522018433, 5937
19.211199522018433, 5936
19.22685217857361, 5935
19.22685217857361, 5934
19.22685217857361, 5933
19.22685217857361, 5932
19.22685217857361, 5931
19.22685217857361, 5930
19.22685217857361, 5929
19.22685217857361, 5928
19.22685217857361, 5927
19.22685217857361, 5926
19.22685217857361, 5925
19.242473602294922, 5924
19.242473602294922, 5923
19.242473602294922, 5922
19.242473602294922, 5921
19.25809597969055, 5920
19.25809597969055, 5919
19.25809597969055, 5918
19.25809597969055, 5917
19.25809597969055, 5916
19.25809597969055, 5915
19.25809597969055, 5914
19.25809597969055, 5913
19.25809597969055, 5912
19.25809597969055, 5911
19.25809597969055, 5910
19.27368426322937, 5909
19.27368426322937, 5908
19.27368426322937, 5907
19.280190229415894, 5906
19.280190229415894, 5905
19.280190229415894, 5904
19.280190229415894, 5903
19.280190229415894, 5902
19.280190229415894, 5901
19.280190229415894, 5900
19.280190229415894, 5899
19.280190229415894, 5898
19.280190229415894, 5897
19.280190229415894, 5896
19.295849084854126, 5895
19.295849084854126, 5894
19.295849084854126, 5893
19.295849084854126, 5892
19.295849084854126, 5891
19.295849084854126, 5890
19.295849084854126, 5889
19.295849084854126, 5888
19.295849084854126, 5887
19.295849084854126, 5886
19.295849084854126, 5885
19.295849084854126, 5884
19.295849084854126, 5883
19.295849084854126, 5882
19.295849084854126, 5881
19.295849084854126, 5880
19.311437845230103, 5879
19.311437845230103, 5878
19.311437845230103, 5877
19.311437845230103, 5876
19.311437845230103, 5875
19.311437845230103, 5874
19.311437845230103, 5873
19.327092170715332, 5872
19.327092170715332, 5871
19.327092170715332, 5870
19.327092170715332, 5869
19.327092170715332, 5868
19.327092170715332, 5867
19.342681169509888, 5866
19.342681169509888, 5865
19.342681169509888, 5864
19.342681169509888, 5863
19.342681169509888, 5862
19.342681169509888, 5861
19.358303546905518, 5860
19.358303546905518, 5859
19.358303546905518, 5858
19.358303546905518, 5857
19.373924732208252, 5856
19.373924732208252, 5855
19.373924732208252, 5854
19.380430698394775, 5853
19.380430698394775, 5852
19.380430698394775, 5851
19.380430698394775, 5850
19.380430698394775, 5849
19.380430698394775, 5848
19.380430698394775, 5847
19.380430698394775, 5846
19.380430698394775, 5845
19.396090507507324, 5844
19.396090507507324, 5843
19.396090507507324, 5842
19.396090507507324, 5841
19.396090507507324, 5840
19.396090507507324, 5839
19.396090507507324, 5838
19.396090507507324, 5837
19.396090507507324, 5836
19.396090507507324, 5835
19.396090507507324, 5834
19.396090507507324, 5833
19.396090507507324, 5832
19.41170620918274, 5831
19.41170620918274, 5830
19.41170620918274, 5829
19.41170620918274, 5828
19.41170620918274, 5827
19.41170620918274, 5826
19.41170620918274, 5825
19.41170620918274, 5824
19.41170620918274, 5823
19.41170620918274, 5822
19.427332162857056, 5821
19.427332162857056, 5820
19.427332162857056, 5819
19.427332162857056, 5818
19.427332162857056, 5817
19.427332162857056, 5816
19.427332162857056, 5815
19.427332162857056, 5814
19.427332162857056, 5813
19.427332162857056, 5812
19.427332162857056, 5811
19.427332162857056, 5810
19.442919731140137, 5809
19.442919731140137, 5808
19.442919731140137, 5807
19.442919731140137, 5806
19.442919731140137, 5805
19.442919731140137, 5804
19.442919731140137, 5803
19.458574295043945, 5802
19.458574295043945, 5801
19.458574295043945, 5800
19.458574295043945, 5799
19.458574295043945, 5798
19.458574295043945, 5797
19.458574295043945, 5796
19.458574295043945, 5795
19.458574295043945, 5794
19.458574295043945, 5793
19.458574295043945, 5792
19.458574295043945, 5791
19.480690717697144, 5790
19.480690717697144, 5789
19.480690717697144, 5788
19.480690717697144, 5787
19.480690717697144, 5786
19.480690717697144, 5785
19.480690717697144, 5784
19.496347904205322, 5783
19.496347904205322, 5782
19.496347904205322, 5781
19.496347904205322, 5780
19.496347904205322, 5779
19.496347904205322, 5778
19.496347904205322, 5777
19.496347904205322, 5776
19.496347904205322, 5775
19.496347904205322, 5774
19.496347904205322, 5773
19.496347904205322, 5772
19.496347904205322, 5771
19.496347904205322, 5770
19.496347904205322, 5769
19.496347904205322, 5768
19.496347904205322, 5767
19.496347904205322, 5766
19.511974573135376, 5765
19.511974573135376, 5764
19.511974573135376, 5763
19.511974573135376, 5762
19.511974573135376, 5761
19.511974573135376, 5760
19.511974573135376, 5759
19.511974573135376, 5758
19.511974573135376, 5757
19.511974573135376, 5756
19.511974573135376, 5755
19.511974573135376, 5754
19.52758812904358, 5753
19.52758812904358, 5752
19.52758812904358, 5751
19.52758812904358, 5750
19.52758812904358, 5749
19.52758812904358, 5748
19.52758812904358, 5747
19.52758812904358, 5746
19.52758812904358, 5745
19.52758812904358, 5744
19.52758812904358, 5743
19.52758812904358, 5742
19.52758812904358, 5741
19.52758812904358, 5740
19.52758812904358, 5739
19.543214797973633, 5738
19.543214797973633, 5737
19.543214797973633, 5736
19.543214797973633, 5735
19.543214797973633, 5734
19.543214797973633, 5733
19.543214797973633, 5732
19.543214797973633, 5731
19.543214797973633, 5730
19.543214797973633, 5729
19.543214797973633, 5728
19.543214797973633, 5727
19.543214797973633, 5726
19.543214797973633, 5725
19.543214797973633, 5724
19.543214797973633, 5723
19.543214797973633, 5722
19.543214797973633, 5721
19.543214797973633, 5720
19.558833599090576, 5719
19.558833599090576, 5718
19.558833599090576, 5717
19.558833599090576, 5716
19.558833599090576, 5715
19.558833599090576, 5714
19.558833599090576, 5713
19.558833599090576, 5712
19.558833599090576, 5711
19.558833599090576, 5710
19.558833599090576, 5709
19.558833599090576, 5708
19.558833599090576, 5707
19.574454307556152, 5706
19.574454307556152, 5705
19.574454307556152, 5704
19.574454307556152, 5703
19.574454307556152, 5702
19.574454307556152, 5701
19.574454307556152, 5700
19.580999851226807, 5699
19.580999851226807, 5698
19.583038568496704, 5697
19.583038568496704, 5696
19.583038568496704, 5695
19.583038568496704, 5694
19.583038568496704, 5693
19.583038568496704, 5692
19.583038568496704, 5691
19.59109592437744, 5690
19.59109592437744, 5689
19.59313988685608, 5688
19.59313988685608, 5687
19.59313988685608, 5686
19.59313988685608, 5685
19.59313988685608, 5684
19.59313988685608, 5683
19.601187467575073, 5682
19.601187467575073, 5681
19.601187467575073, 5680
19.601187467575073, 5679
19.601187467575073, 5678
19.611190795898438, 5677
19.611190795898438, 5676
19.611190795898438, 5675
19.611190795898438, 5674
19.611190795898438, 5673
19.611190795898438, 5672
19.611190795898438, 5671
19.611190795898438, 5670
19.611190795898438, 5669
19.611190795898438, 5668
19.611190795898438, 5667
19.611190795898438, 5666
19.611190795898438, 5665
19.62684917449951, 5664
19.62684917449951, 5663
19.62684917449951, 5662
19.62684917449951, 5661
19.62684917449951, 5660
19.62684917449951, 5659
19.62684917449951, 5658
19.62684917449951, 5657
19.62684917449951, 5656
19.62684917449951, 5655
19.62684917449951, 5654
19.62684917449951, 5653
19.62684917449951, 5652
19.62684917449951, 5651
19.62684917449951, 5650
19.62684917449951, 5649
19.6424720287323, 5648
19.6424720287323, 5647
19.6424720287323, 5646
19.6424720287323, 5645
19.6424720287323, 5644
19.6424720287323, 5643
19.6424720287323, 5642
19.6424720287323, 5641
19.6424720287323, 5640
19.6424720287323, 5639
19.6424720287323, 5638
19.6424720287323, 5637
19.6424720287323, 5636
19.65805959701538, 5635
19.65805959701538, 5634
19.65805959701538, 5633
19.65805959701538, 5632
19.65805959701538, 5631
19.65805959701538, 5630
19.65805959701538, 5629
19.65805959701538, 5628
19.65805959701538, 5627
19.65805959701538, 5626
19.65805959701538, 5625
19.65805959701538, 5624
19.673715353012085, 5623
19.673715353012085, 5622
19.673715353012085, 5621
19.673715353012085, 5620
19.673715353012085, 5619
19.673715353012085, 5618
19.673715353012085, 5617
19.673715353012085, 5616
19.673715353012085, 5615
19.673715353012085, 5614
19.673715353012085, 5613
19.6893367767334, 5612
19.6893367767334, 5611
19.6893367767334, 5610
19.6893367767334, 5609
19.6893367767334, 5608
19.6893367767334, 5607
19.6893367767334, 5606
19.6893367767334, 5605
19.6893367767334, 5604
19.6893367767334, 5603
19.6893367767334, 5602
19.6893367767334, 5601
19.6893367767334, 5600
19.70492434501648, 5599
19.70492434501648, 5598
19.70492434501648, 5597
19.70492434501648, 5596
19.70492434501648, 5595
19.70492434501648, 5594
19.70492434501648, 5593
19.70492434501648, 5592
19.711462259292603, 5591
19.711462259292603, 5590
19.711462259292603, 5589
19.711462259292603, 5588
19.711462259292603, 5587
19.727089166641235, 5586
19.74273109436035, 5585
19.763163328170776, 5584
19.763163328170776, 5583
19.763163328170776, 5582
19.763163328170776, 5581
19.763163328170776, 5580
19.763163328170776, 5579
19.763163328170776, 5578
19.778819799423218, 5577
19.778819799423218, 5576
19.778819799423218, 5575
19.79443860054016, 5574
19.811569690704346, 5573
19.811569690704346, 5572
19.811569690704346, 5571
19.82722783088684, 5570
19.842817068099976, 5569
19.842817068099976, 5568
19.874094247817993, 5567
19.874094247817993, 5566
19.889716386795044, 5565
19.889716386795044, 5564
19.905303478240967, 5563
19.9118435382843, 5562
19.927502393722534, 5561
19.927502393722534, 5560
19.927502393722534, 5559
19.927502393722534, 5558
19.94309115409851, 5557
19.94309115409851, 5556
20.027801036834717, 5555
20.074634075164795, 5554
20.074634075164795, 5553
20.074634075164795, 5552
20.112382173538208, 5551
20.112382173538208, 5550
20.112382173538208, 5549
20.128008127212524, 5548
20.1436288356781, 5547
20.206146478652954, 5546
20.206146478652954, 5545
20.22831082344055, 5544
20.22831082344055, 5543
20.243928909301758, 5542
20.275176525115967, 5541
20.275176525115967, 5540
20.29079794883728, 5539
20.29079794883728, 5538
20.312928199768066, 5537
20.312928199768066, 5536
20.359827756881714, 5535
20.359827756881714, 5534
20.375417947769165, 5533
20.375417947769165, 5532
20.375417947769165, 5531
20.39103865623474, 5530
20.41323232650757, 5529
20.428890228271484, 5528
20.428890228271484, 5527
20.444511651992798, 5526
20.59161949157715, 5525
20.59161949157715, 5524
20.607236623764038, 5523
20.61377477645874, 5522
20.631837368011475, 5521
20.632835149765015, 5520
20.67960023880005, 5519
20.67960023880005, 5518
20.67960023880005, 5517
20.67960023880005, 5516
20.796483278274536, 5515
20.796483278274536, 5514
20.81413984298706, 5513
20.81413984298706, 5512
20.81413984298706, 5511
20.82979702949524, 5510
20.82979702949524, 5509
20.861008167266846, 5508
20.861008167266846, 5507
20.861008167266846, 5506
20.876628875732422, 5505
20.876628875732422, 5504
20.892282247543335, 5503
20.892282247543335, 5502
20.914414167404175, 5501
20.914414167404175, 5500
20.930071353912354, 5499
20.930071353912354, 5498
20.930071353912354, 5497
20.961316108703613, 5496
20.961316108703613, 5495
20.961316108703613, 5494
20.976937532424927, 5493
20.976937532424927, 5492
20.992558479309082, 5491
20.992558479309082, 5490
21.008146047592163, 5489
21.008146047592163, 5488
21.014683723449707, 5487
21.014683723449707, 5486
21.014683723449707, 5485
21.030341148376465, 5484
21.061586141586304, 5483
21.061586141586304, 5482
21.09282684326172, 5481
21.09282684326172, 5480
21.108447551727295, 5479
21.130642890930176, 5478
21.130642890930176, 5477
21.14626431465149, 5476
21.17747688293457, 5475
21.17747688293457, 5474
21.215288162231445, 5473
21.246567249298096, 5472
21.246567249298096, 5471
21.293432474136353, 5470
21.293432474136353, 5469
21.293432474136353, 5468
21.293432474136353, 5467
21.293432474136353, 5466
21.293432474136353, 5465
21.309054374694824, 5464
21.309054374694824, 5463
21.31559157371521, 5462
21.31559157371521, 5461
21.31559157371521, 5460
21.31559157371521, 5459
21.346870183944702, 5458
21.346870183944702, 5457
21.346870183944702, 5456
21.36246132850647, 5455
21.36246132850647, 5454
21.378082275390625, 5453
21.40935730934143, 5452
21.46276545524597, 5451
21.46276545524597, 5450
21.47841763496399, 5449
21.47841763496399, 5448
21.47841763496399, 5447
21.51616621017456, 5446
21.53182291984558, 5445
21.53182291984558, 5444
21.60989785194397, 5443
21.616403341293335, 5442
21.63206195831299, 5441
21.63206195831299, 5440
21.647683143615723, 5439
21.67889404296875, 5438
21.67889404296875, 5437
21.694515228271484, 5436
21.694515228271484, 5435
21.694515228271484, 5434
21.716707944869995, 5433
21.716707944869995, 5432
21.716707944869995, 5431
21.716707944869995, 5430
21.747986555099487, 5429
21.747986555099487, 5428
21.767483949661255, 5427
21.768540859222412, 5426
21.799816370010376, 5425
21.81543731689453, 5424
21.816946029663086, 5423
21.832571506500244, 5422
21.832571506500244, 5421
21.832571506500244, 5420
21.832571506500244, 5419
21.832571506500244, 5418
21.863815784454346, 5417
21.932873487472534, 5416
21.979766368865967, 5415
21.979766368865967, 5414
21.979766368865967, 5413
21.995394945144653, 5412
22.011011362075806, 5411
22.033206701278687, 5410
22.033206701278687, 5409
22.033206701278687, 5408
22.048829317092896, 5407
22.048829317092896, 5406
22.064449787139893, 5405
22.064449787139893, 5404
22.064449787139893, 5403
22.095696687698364, 5402
22.117854118347168, 5401
22.117854118347168, 5400
22.117854118347168, 5399
22.13351058959961, 5398
22.13351058959961, 5397
22.13351058959961, 5396
22.13351058959961, 5395
22.149101495742798, 5394
22.149101495742798, 5393
22.149101495742798, 5392
22.149101495742798, 5391
22.149101495742798, 5390
22.164753437042236, 5389
22.18034291267395, 5388
22.18034291267395, 5387
22.18034291267395, 5386
22.218157529830933, 5385
22.218157529830933, 5384
22.218157529830933, 5383
22.265024662017822, 5382
22.280646324157715, 5381
22.280646324157715, 5380
22.280646324157715, 5379
22.296268224716187, 5378
22.311889171600342, 5377
22.318427085876465, 5376
22.318427085876465, 5375
22.334084033966064, 5374
22.334084033966064, 5373
22.334084033966064, 5372
22.365296125411987, 5371
22.365296125411987, 5370
22.365296125411987, 5369
22.380915880203247, 5368
22.380915880203247, 5367
22.434391975402832, 5366
22.450011014938354, 5365
22.450011014938354, 5364
22.450011014938354, 5363
22.496846675872803, 5362
22.519031047821045, 5361
22.519031047821045, 5360
22.519031047821045, 5359
22.519031047821045, 5358
22.519031047821045, 5357
22.534690141677856, 5356
22.550284147262573, 5355
22.550284147262573, 5354
22.56589913368225, 5353
22.56589913368225, 5352
22.56589913368225, 5351
22.597142934799194, 5350
22.597142934799194, 5349
22.612764358520508, 5348
22.619271516799927, 5347
22.619271516799927, 5346
22.650551557540894, 5345
22.65938425064087, 5344
22.675037622451782, 5343
22.675037622451782, 5342
22.675037622451782, 5341
22.70628023147583, 5340
22.71932053565979, 5339
22.75057029724121, 5338
22.75057029724121, 5337
22.77103853225708, 5336
22.78669285774231, 5335
22.78669285774231, 5334
22.819449186325073, 5333
22.819449186325073, 5332
22.819449186325073, 5331
22.835076808929443, 5330
22.86631941795349, 5329
22.89756202697754, 5328
22.919691562652588, 5327
22.919691562652588, 5326
22.93531847000122, 5325
22.950940370559692, 5324
22.966561317443848, 5323
22.966561317443848, 5322
22.982181549072266, 5321
22.997803688049316, 5320
22.997803688049316, 5319
22.997803688049316, 5318
23.013425588607788, 5317
23.019933700561523, 5316
23.019933700561523, 5315
23.019933700561523, 5314
23.035561084747314, 5313
23.051185369491577, 5312
23.06680393218994, 5311
23.06680393218994, 5310
23.06680393218994, 5309
23.06680393218994, 5308
23.113667726516724, 5307
23.113667726516724, 5306
23.113667726516724, 5305
23.120215892791748, 5304
23.120215892791748, 5303
23.162599086761475, 5302
23.170623779296875, 5301
23.17267346382141, 5300
23.220879793167114, 5299
23.220879793167114, 5298
23.23295569419861, 5297
23.23295569419861, 5296
23.240997791290283, 5295
23.240997791290283, 5294
23.240997791290283, 5293
23.273606538772583, 5292
23.283697843551636, 5291
23.293762683868408, 5290
23.303857803344727, 5289
23.324044942855835, 5288
23.324044942855835, 5287
23.342179536819458, 5286
23.35432457923889, 5285
23.35432457923889, 5284
23.374486684799194, 5283
23.384582996368408, 5282
23.39464259147644, 5281
23.434945583343506, 5280
23.5154550075531, 5279
23.5154550075531, 5278
23.575954914093018, 5277
23.575954914093018, 5276
23.575954914093018, 5275
23.58400821685791, 5274
23.616334438323975, 5273
23.63652467727661, 5272
23.646597385406494, 5271
23.656654119491577, 5270
23.656654119491577, 5269
23.656654119491577, 5268
23.666727781295776, 5267
23.686899662017822, 5266
23.69697594642639, 5265
23.727200508117676, 5264
23.73525381088257, 5263
23.78598928451538, 5262
23.788028240203857, 5261
23.806164264678955, 5260
23.8082058429718, 5259
23.82839274406433, 5258
23.8586003780365, 5257
23.86906886100769, 5256
23.86906886100769, 5255
23.87916612625122, 5254
23.93967628479004, 5253
23.93967628479004, 5252
23.93967628479004, 5251
23.93967628479004, 5250
23.949761629104614, 5249
23.96788191795349, 5248
23.990070819854736, 5247
24.010260343551636, 5246
24.090799570083618, 5245
24.108911752700806, 5244
24.121057987213135, 5243
24.131124258041382, 5242
24.151320934295654, 5241
24.151320934295654, 5240
24.161414623260498, 5239
24.189595222473145, 5238
24.19164228439331, 5237
24.22189712524414, 5236
24.250118732452393, 5235
24.252166986465454, 5234
24.262259244918823, 5233
24.270312309265137, 5232
24.27235436439514, 5231
24.27235436439514, 5230
24.332812070846558, 5229
24.36095404624939, 5228
24.4133198261261, 5227
24.453673601150513, 5226
24.453673601150513, 5225
24.474206924438477, 5224
24.474212884902954, 5223
24.484307289123535, 5222
24.484307289123535, 5221
24.585116863250732, 5220
24.585116863250732, 5219
24.585116863250732, 5218
24.605306148529053, 5217
24.65380597114563, 5216
24.68616247177124, 5215
24.694211721420288, 5214
24.704314708709717, 5213
24.704314708709717, 5212
24.71643328666687, 5211
24.71643328666687, 5210
24.746642589569092, 5209
24.829211950302124, 5208
24.849371910095215, 5207
24.849371910095215, 5206
24.879614114761353, 5205
24.879614114761353, 5204
24.899771451950073, 5203
24.899771451950073, 5202
24.90986180305481, 5201
24.930026531219482, 5200
24.980411529541016, 5199
25.00057363510132, 5198
25.03082013130188, 5197
25.03082013130188, 5196
25.03082013130188, 5195
25.101802587509155, 5194
25.12195587158203, 5193
25.12195587158203, 5192
25.12195587158203, 5191
25.12195587158203, 5190
25.12195587158203, 5189
25.15018057823181, 5188
25.2328679561615, 5187
25.273210048675537, 5186
25.273210048675537, 5185
25.32366633415222, 5184
25.383983612060547, 5183
25.41217613220215, 5182
25.53522825241089, 5181
25.56554675102234, 5180
25.56554675102234, 5179
25.573588609695435, 5178
25.573588609695435, 5177
25.573588609695435, 5176
25.573588609695435, 5175
25.59373450279236, 5174
25.646182775497437, 5173
25.656238079071045, 5172
25.656238079071045, 5171
25.656238079071045, 5170
25.656238079071045, 5169
25.666336059570312, 5168
25.67438006401062, 5167
25.67438006401062, 5166
25.70706582069397, 5165
25.717158794403076, 5164
25.717158794403076, 5163
25.775407314300537, 5162
25.77741551399231, 5161
25.79757022857666, 5160
25.79757022857666, 5159
25.888092756271362, 5158
25.898186445236206, 5157
25.90620470046997, 5156
25.958662509918213, 5155
25.958662509918213, 5154
26.019064903259277, 5153
26.019064903259277, 5152
26.04729962348938, 5151
26.049343824386597, 5150
26.079535722732544, 5149
26.188326358795166, 5148
26.188326358795166, 5147
26.200453281402588, 5146
26.200453281402588, 5145
26.200453281402588, 5144
26.210493326187134, 5143
26.230674266815186, 5142
26.25081992149353, 5141
26.25081992149353, 5140
26.258824825286865, 5139
26.30156946182251, 5138
26.30156946182251, 5137
26.33186984062195, 5136
26.33186984062195, 5135
26.33186984062195, 5134
26.33186984062195, 5133
26.473063945770264, 5132
26.473063945770264, 5131
26.473063945770264, 5130
26.473063945770264, 5129
26.483116388320923, 5128
26.483116388320923, 5127
26.491177320480347, 5126
26.50331711769104, 5125
26.50331711769104, 5124
26.513420820236206, 5123
26.581971645355225, 5122
26.604209661483765, 5121
26.612232446670532, 5120
26.614280700683594, 5119
26.662904739379883, 5118
26.67493462562561, 5117
26.715170860290527, 5116
26.71521782875061, 5115
26.71521782875061, 5114
26.74549174308777, 5113
26.765650987625122, 5112
26.77369999885559, 5111
26.785835027694702, 5110
26.785835027694702, 5109
26.795873880386353, 5108
26.905137062072754, 5107
26.917213201522827, 5106
26.935332536697388, 5105
26.9373836517334, 5104
26.947477102279663, 5103
26.957574367523193, 5102
27.007930994033813, 5101
27.16923427581787, 5100
27.219507217407227, 5099
27.22958779335022, 5098
27.22958779335022, 5097
27.249743223190308, 5096
27.34046721458435, 5095
27.34046721458435, 5094
27.350549697875977, 5093
27.350549697875977, 5092
27.40900444984436, 5091
27.45133137702942, 5090
27.623225688934326, 5089
27.623225688934326, 5088
27.623225688934326, 5087
27.663511753082275, 5086
27.754277229309082, 5085
27.754277229309082, 5084
27.76718497276306, 5083
27.81474733352661, 5082
27.873178720474243, 5081
27.895429372787476, 5080
27.895429372787476, 5079
27.895429372787476, 5078
27.895429372787476, 5077
27.903461694717407, 5076
27.903461694717407, 5075
27.93407416343689, 5074
27.976462602615356, 5073
28.006712913513184, 5072
28.03686285018921, 5071
28.03686285018921, 5070
28.03686285018921, 5069
28.127923488616943, 5068
28.19651460647583, 5067
28.19651460647583, 5066
28.317408800125122, 5065
28.339644193649292, 5064
28.339644193649292, 5063
28.339644193649292, 5062
28.40004825592041, 5061
28.40004825592041, 5060
28.48073148727417, 5059
28.490782737731934, 5058
28.500917196273804, 5057
28.510988235473633, 5056
28.53118062019348, 5055
28.56147813796997, 5054
28.599681854248047, 5053
28.63202929496765, 5052
28.754003524780273, 5051
28.766959190368652, 5050
28.7842378616333, 5049
28.844763040542603, 5048
28.844763040542603, 5047
28.844763040542603, 5046
28.844763040542603, 5045
28.854846000671387, 5044
28.854846000671387, 5043
28.875017881393433, 5042
28.875017881393433, 5041
28.875017881393433, 5040
28.895225524902344, 5039
28.903276443481445, 5038
28.90532374382019, 5037
28.913373947143555, 5036
28.93561363220215, 5035
28.95578169822693, 5034
29.026358366012573, 5033
29.026358366012573, 5032
29.096977472305298, 5031
29.096977472305298, 5030
29.107078790664673, 5029
29.15753960609436, 5028
29.18574619293213, 5027
29.18778944015503, 5026
29.1978702545166, 5025
29.22800374031067, 5024
29.23808789253235, 5023
29.329309701919556, 5022
29.359557390213013, 5021
29.359557390213013, 5020
29.36963391304016, 5019
29.407883644104004, 5018
29.407883644104004, 5017
29.4099280834198, 5016
29.5307195186615, 5015
29.5307195186615, 5014
29.5307195186615, 5013
29.5307195186615, 5012
29.56099271774292, 5011
29.56099271774292, 5010
29.57108187675476, 5009
29.581169843673706, 5008
29.581169843673706, 5007
29.581169843673706, 5006
29.581169843673706, 5005
29.581169843673706, 5004
29.581169843673706, 5003
29.581169843673706, 5002
29.61142635345459, 5001
29.77372932434082, 5000
29.77372932434082, 4999
29.8313090801239, 4998
29.893818616867065, 4997
29.91396450996399, 4996
29.91396450996399, 4995
29.954664707183838, 4994
30.22705864906311, 4993
30.245198249816895, 4992
30.499420881271362, 4991
30.52760887145996, 4990
30.52964973449707, 4989
30.52964973449707, 4988
30.52964973449707, 4987
30.52964973449707, 4986
30.52964973449707, 4985
30.56030797958374, 4984
30.568357944488525, 4983
30.661755323410034, 4982
30.681938648223877, 4981
30.681938648223877, 4980
30.770475149154663, 4979
30.772146463394165, 4978
30.772690057754517, 4977
30.9039409160614, 4976
30.95436453819275, 4975
30.994699716567993, 4974
30.994699716567993, 4973
31.03510046005249, 4972
31.045185565948486, 4971
31.317571878433228, 4970
31.317571878433228, 4969
31.32561707496643, 4968
31.458840131759644, 4967
31.458840131759644, 4966
31.468937158584595, 4965
31.47901225090027, 4964
31.47901225090027, 4963
31.489091873168945, 4962
31.519323587417603, 4961
31.519323587417603, 4960
31.519323587417603, 4959
31.620161533355713, 4958
31.65042757987976, 4957
31.690799713134766, 4956
31.690799713134766, 4955
31.729102849960327, 4954
31.892587900161743, 4953
32.013609647750854, 4952
32.02165508270264, 4951
32.03380274772644, 4950
32.04388689994812, 4949
32.04388689994812, 4948
32.04388689994812, 4947
32.13265633583069, 4946
32.13265633583069, 4945
32.13265633583069, 4944
32.13470458984375, 4943
32.2557110786438, 4942
32.28384876251221, 4941
32.29389047622681, 4940
32.295907735824585, 4939
32.295907735824585, 4938
32.295907735824585, 4937
32.336164236068726, 4936
32.336164236068726, 4935
32.346208333969116, 4934
32.346208333969116, 4933
32.40503740310669, 4932
32.415077924728394, 4931
32.4171302318573, 4930
32.44724655151367, 4929
32.44724655151367, 4928
32.477439165115356, 4927
32.51758074760437, 4926
32.51758074760437, 4925
32.51758074760437, 4924
32.52761459350586, 4923
32.60805106163025, 4922
32.676573276519775, 4921
32.67858338356018, 4920
32.81834435462952, 4919
32.87114071846008, 4918
32.87919592857361, 4917
32.8812370300293, 4916
32.8812370300293, 4915
32.94192862510681, 4914
32.962109327316284, 4913
32.97222304344177, 4912
32.98230314254761, 4911
32.99282693862915, 4910
32.99282693862915, 4909
33.00291728973389, 4908
33.02103352546692, 4907
33.02103352546692, 4906
33.02103352546692, 4905
33.02103352546692, 4904
33.04324698448181, 4903
33.04324698448181, 4902
33.051295042037964, 4901
33.05333685874939, 4900
33.08155012130737, 4899
33.15426230430603, 4898
33.172319650650024, 4897
33.184362173080444, 4896
33.184362173080444, 4895
33.21465826034546, 4894
33.21465826034546, 4893
33.23279142379761, 4892
33.23279142379761, 4891
33.2428343296051, 4890
33.244847774505615, 4889
33.26504158973694, 4888
33.48490524291992, 4887
33.48490524291992, 4886
33.51615238189697, 4885
33.531765937805176, 4884
33.56958556175232, 4883
33.747963666915894, 4882
33.754501819610596, 4881
33.754501819610596, 4880
33.754501819610596, 4879
33.807979106903076, 4878
33.82360243797302, 4877
33.87042284011841, 4876
33.87042284011841, 4875
33.87042284011841, 4874
33.955034255981445, 4873
34.289520263671875, 4872
34.3298602104187, 4871
34.33994102478027, 4870
34.33994102478027, 4869
34.36001420021057, 4868
34.368032455444336, 4867
34.40928888320923, 4866
34.40928888320923, 4865
34.40928888320923, 4864
34.40928888320923, 4863
34.42490863800049, 4862
34.456180810928345, 4861
34.456180810928345, 4860
34.56230926513672, 4859
34.578468322753906, 4858
34.75333881378174, 4857
34.75333881378174, 4856
35.19513416290283, 4855
35.19513416290283, 4854
35.19513416290283, 4853
35.24203038215637, 4852
35.25765013694763, 4851
35.318100690841675, 4850
35.318100690841675, 4849
35.318100690841675, 4848
35.318100690841675, 4847
35.318100690841675, 4846
35.36496591567993, 4845
35.36496591567993, 4844
35.43998861312866, 4843
35.45564007759094, 4842
35.471264123916626, 4841
35.495965242385864, 4840
35.495965242385864, 4839
35.495965242385864, 4838
35.495965242385864, 4837
35.495965242385864, 4836
35.511584520339966, 4835
35.511584520339966, 4834
35.511584520339966, 4833
35.55844449996948, 4832
35.59626030921936, 4831
35.59626030921936, 4830
35.59626030921936, 4829
35.611881256103516, 4828
35.611881256103516, 4827
35.611881256103516, 4826
35.62750720977783, 4825
35.69647216796875, 4824
35.69647216796875, 4823
35.727745056152344, 4822
35.727745056152344, 4821
35.78111505508423, 4820
35.81239557266235, 4819
35.843605279922485, 4818
35.843605279922485, 4817
35.88142013549805, 4816
35.897074699401855, 4815
35.92828917503357, 4814
35.94390916824341, 4813
36.01290512084961, 4812
36.01290512084961, 4811
36.01290512084961, 4810
36.01290512084961, 4809
36.07542872428894, 4808
36.09762382507324, 4807
36.09762382507324, 4806
36.113245487213135, 4805
36.12886691093445, 4804
36.1444878578186, 4803
36.160093545913696, 4802
36.17569971084595, 4801
36.182206869125366, 4800
36.19783329963684, 4799
36.22907638549805, 4798
36.22907638549805, 4797
36.22907638549805, 4796
36.28251075744629, 4795
36.28251075744629, 4794
36.28251075744629, 4793
36.34503388404846, 4792
36.360649824142456, 4791
36.360649824142456, 4790
36.360649824142456, 4789
37.27838397026062, 4788
37.51674556732178, 4787
37.53236150741577, 4786
37.56360721588135, 4785
37.60142278671265, 4784
37.74852895736694, 4783
37.81744647026062, 4782
37.83306574821472, 4781
38.14957547187805, 4780
38.19950246810913, 4779
38.19950246810913, 4778
38.19950246810913, 4777
38.19950246810913, 4776
38.207542181015015, 4775
38.288250207901, 4774
38.33060812950134, 4773
38.33866810798645, 4772
38.3407084941864, 4771
38.39919662475586, 4770
38.46203064918518, 4769
38.46203064918518, 4768
38.46203064918518, 4767
38.672292947769165, 4766
38.72265696525574, 4765
38.77548933029175, 4764
38.81587553024292, 4763
38.90670371055603, 4762
38.94707703590393, 4761
38.95715665817261, 4760
38.975372314453125, 4759
38.975372314453125, 4758
39.04797720909119, 4757
39.06850337982178, 4756
39.12699365615845, 4755
39.14921593666077, 4754
39.14921593666077, 4753
39.16933226585388, 4752
39.19959354400635, 4751
39.19959354400635, 4750
39.26013374328613, 4749
39.26013374328613, 4748
39.280311822891235, 4747
39.33081841468811, 4746
39.42946410179138, 4745
39.43147611618042, 4744
39.43147611618042, 4743
39.451650857925415, 4742
39.47178888320923, 4741
39.552603244781494, 4740
39.552603244781494, 4739
39.552603244781494, 4738
39.56065320968628, 4737
39.562700510025024, 4736
39.57276678085327, 4735
39.590967416763306, 4734
39.60105299949646, 4733
39.66358184814453, 4732
39.674020290374756, 4731
39.68205809593201, 4730
39.71436023712158, 4729
39.825111627578735, 4728
40.09551239013672, 4727
40.14593434333801, 4726
40.14593434333801, 4725
40.218585729599, 4724
40.238728761672974, 4723
40.27949357032776, 4722
40.31777215003967, 4721
40.36016297340393, 4720
40.37831091880798, 4719
40.38031530380249, 4718
40.400548458099365, 4717
40.50942087173462, 4716
40.511460304260254, 4715
40.54976963996887, 4714
40.58208513259888, 4713
40.703532218933105, 4712
40.79462194442749, 4711
41.48023700714111, 4710
41.48023700714111, 4709
41.48023700714111, 4708
41.488245725631714, 4707
41.49025344848633, 4706
41.63194727897644, 4705
41.63194727897644, 4704
41.63194727897644, 4703
41.65209197998047, 4702
41.65209197998047, 4701
41.660141944885254, 4700
41.662177324295044, 4699
41.922510385513306, 4698
41.924522161483765, 4697
41.932532787323, 4696
42.07352542877197, 4695
42.07556748390198, 4694
42.07556748390198, 4693
42.114245891571045, 4692
42.126370906829834, 4691
42.35629177093506, 4690
42.37648105621338, 4689
42.38656711578369, 4688
42.40877318382263, 4687
42.43891263008118, 4686
42.509395599365234, 4685
42.65076231956482, 4684
42.660889625549316, 4683
42.68105888366699, 4682
42.68105888366699, 4681
42.78236174583435, 4680
42.78236174583435, 4679
42.86313605308533, 4678
42.87323307991028, 4677
42.91361379623413, 4676
42.92369341850281, 4675
42.94388151168823, 4674
42.96203899383545, 4673
42.97412443161011, 4672
42.97412443161011, 4671
43.004398345947266, 4670
43.02254509925842, 4669
43.02459120750427, 4668
43.03469228744507, 4667
43.052852153778076, 4666
43.08515024185181, 4665
43.16381072998047, 4664
43.19612526893616, 4663
43.23645806312561, 4662
43.34575176239014, 4661
43.347798109054565, 4660
43.448543071746826, 4659
43.52952265739441, 4658
43.545175313949585, 4657
43.545175313949585, 4656
43.560797691345215, 4655
43.560797691345215, 4654
43.560797691345215, 4653
43.560797691345215, 4652
43.560797691345215, 4651
43.560797691345215, 4650
43.560797691345215, 4649
43.560797691345215, 4648
43.57638740539551, 4647
43.57638740539551, 4646
43.59200835227966, 4645
43.61667442321777, 4644
43.61667442321777, 4643
43.71697807312012, 4642
43.83240604400635, 4641
43.83240604400635, 4640
44.18225622177124, 4639
44.18225622177124, 4638
44.18225622177124, 4637
44.18225622177124, 4636
44.18225622177124, 4635
44.240718841552734, 4634
44.25288701057434, 4633
44.26093506813049, 4632
44.28113269805908, 4631
44.31343388557434, 4630
44.45445656776428, 4629
44.45445656776428, 4628
44.575751304626465, 4627
44.58583402633667, 4626
44.59595990180969, 4625
44.60604000091553, 4624
44.687007904052734, 4623
44.69709491729736, 4622
44.7576425075531, 4621
44.767728090286255, 4620
44.85641026496887, 4619
44.933682680130005, 4618
44.96659469604492, 4617
45.04840850830078, 4616
45.72129034996033, 4615
45.95843148231506, 4614
45.978378772735596, 4613
46.022260665893555, 4612
46.09711766242981, 4611
46.11276984214783, 4610
46.12839126586914, 4609
46.15960192680359, 4608
46.181731939315796, 4607
46.19735884666443, 4606
46.212979316711426, 4605
46.29302000999451, 4604
46.29302000999451, 4603
46.32310914993286, 4602
46.6219003200531, 4601
72.60688185691833, 4600
73.1727180480957, 4599
73.57545733451843, 4598
75.61773014068604, 4597
77.72156882286072, 4596
79.20971322059631, 4595
80.89546585083008, 4594
81.01469206809998, 4593
81.61044383049011, 4592
84.59130430221558, 4591
87.08205723762512, 4590
89.28825044631958, 4589
89.62438631057739, 4588
92.35643529891968, 4587
93.4966938495636, 4586
94.74157571792603, 4585
96.71969890594482, 4584
97.56856751441956, 4583
98.98749852180481, 4582
