0.31621766090393066, 6805
0.31621766090393066, 6804
0.31621766090393066, 6803
0.31621766090393066, 6802
0.31621766090393066, 6801
0.31621766090393066, 6800
0.31621766090393066, 6799
0.31621766090393066, 6798
0.31621766090393066, 6797
0.31621766090393066, 6796
0.31621766090393066, 6795
0.31621766090393066, 6794
0.31621766090393066, 6793
0.31621766090393066, 6792
0.31621766090393066, 6791
0.31621766090393066, 6790
0.31621766090393066, 6789
0.31621766090393066, 6788
0.31621766090393066, 6787
0.31621766090393066, 6786
0.31621766090393066, 6785
0.31621766090393066, 6784
0.31621766090393066, 6783
0.31621766090393066, 6782
0.31621766090393066, 6781
0.31621766090393066, 6780
0.31621766090393066, 6779
0.31621766090393066, 6778
0.31621766090393066, 6777
0.31621766090393066, 6776
0.33184385299682617, 6775
0.33184385299682617, 6774
0.33184385299682617, 6773
0.33184385299682617, 6772
0.33184385299682617, 6771
0.33184385299682617, 6770
0.33184385299682617, 6769
0.33184385299682617, 6768
0.33184385299682617, 6767
0.33184385299682617, 6766
0.33184385299682617, 6765
0.33184385299682617, 6764
0.33184385299682617, 6763
0.33184385299682617, 6762
0.33184385299682617, 6761
0.33184385299682617, 6760
0.33184385299682617, 6759
0.33184385299682617, 6758
0.33184385299682617, 6757
0.33184385299682617, 6756
0.33184385299682617, 6755
0.33184385299682617, 6754
0.33184385299682617, 6753
0.33184385299682617, 6752
0.33184385299682617, 6751
0.33184385299682617, 6750
0.33184385299682617, 6749
0.33184385299682617, 6748
0.3485524654388428, 6747
0.3495514392852783, 6746
0.3825404644012451, 6745
0.38652968406677246, 6744
0.3895225524902344, 6743
0.390519380569458, 6742
0.3925135135650635, 6741
0.3935108184814453, 6740
0.3965029716491699, 6739
0.40348362922668457, 6738
0.40547943115234375, 6737
0.4094696044921875, 6736
0.41146421432495117, 6735
0.4124598503112793, 6734
0.41445422172546387, 6733
0.4184446334838867, 6732
0.42148709297180176, 6731
0.42148709297180176, 6730
0.42148709297180176, 6729
0.42148709297180176, 6728
0.42148709297180176, 6727
0.42148709297180176, 6726
0.42148709297180176, 6725
0.42148709297180176, 6724
0.42148709297180176, 6723
0.43710851669311523, 6722
0.43710851669311523, 6721
0.43710851669311523, 6720
0.43710851669311523, 6719
0.43710851669311523, 6718
0.43710851669311523, 6717
0.43710851669311523, 6716
0.43710851669311523, 6715
0.43710851669311523, 6714
0.43710851669311523, 6713
0.43710851669311523, 6712
0.43710851669311523, 6711
0.43710851669311523, 6710
0.43710851669311523, 6709
0.452730655670166, 6708
0.452730655670166, 6707
0.452730655670166, 6706
0.452730655670166, 6705
0.452730655670166, 6704
0.452730655670166, 6703
0.452730655670166, 6702
0.452730655670166, 6701
0.452730655670166, 6700
0.452730655670166, 6699
0.452730655670166, 6698
0.452730655670166, 6697
0.452730655670166, 6696
0.452730655670166, 6695
0.452730655670166, 6694
0.452730655670166, 6693
0.452730655670166, 6692
0.452730655670166, 6691
0.452730655670166, 6690
0.4683530330657959, 6689
0.4683530330657959, 6688
0.4683530330657959, 6687
0.4728527069091797, 6686
0.47484683990478516, 6685
0.475841760635376, 6684
0.475841760635376, 6683
0.4768383502960205, 6682
0.4768383502960205, 6681
0.47783589363098145, 6680
0.47783589363098145, 6679
0.4788336753845215, 6678
0.4788336753845215, 6677
0.4798305034637451, 6676
0.4798305034637451, 6675
0.4798305034637451, 6674
0.48082780838012695, 6673
0.48082780838012695, 6672
0.4818251132965088, 6671
0.4818251132965088, 6670
0.4828224182128906, 6669
0.4828224182128906, 6668
0.4828224182128906, 6667
0.48381972312927246, 6666
0.4848191738128662, 6665
0.4848191738128662, 6664
0.48581576347351074, 6663
0.4868137836456299, 6662
0.48781275749206543, 6661
0.48880743980407715, 6660
0.48880743980407715, 6659
0.4908010959625244, 6658
0.4908010959625244, 6657
0.4908010959625244, 6656
0.49179863929748535, 6655
0.49179863929748535, 6654
0.4927959442138672, 6653
0.4927959442138672, 6652
0.49384593963623047, 6651
0.49384593963623047, 6650
0.49384593963623047, 6649
0.49384593963623047, 6648
0.49384593963623047, 6647
0.49384593963623047, 6646
0.49384593963623047, 6645
0.49384593963623047, 6644
0.49384593963623047, 6643
0.49384593963623047, 6642
0.49384593963623047, 6641
0.49384593963623047, 6640
0.49384593963623047, 6639
0.49384593963623047, 6638
0.49384593963623047, 6637
0.49384593963623047, 6636
0.49384593963623047, 6635
0.49384593963623047, 6634
0.49384593963623047, 6633
0.49384593963623047, 6632
0.49384593963623047, 6631
0.49384593963623047, 6630
0.49384593963623047, 6629
0.49384593963623047, 6628
0.49384593963623047, 6627
0.49384593963623047, 6626
0.5094995498657227, 6625
0.5094995498657227, 6624
0.5094995498657227, 6623
0.5094995498657227, 6622
0.5094995498657227, 6621
0.5094995498657227, 6620
0.5094995498657227, 6619
0.5094995498657227, 6618
0.5094995498657227, 6617
0.5094995498657227, 6616
0.5094995498657227, 6615
0.5094995498657227, 6614
0.5094995498657227, 6613
0.5094995498657227, 6612
0.5094995498657227, 6611
0.5094995498657227, 6610
0.5094995498657227, 6609
0.5094995498657227, 6608
0.5094995498657227, 6607
0.5094995498657227, 6606
0.5094995498657227, 6605
0.5094995498657227, 6604
0.5250909328460693, 6603
0.5250909328460693, 6602
0.5250909328460693, 6601
0.5250909328460693, 6600
0.5250909328460693, 6599
0.5250909328460693, 6598
0.5250909328460693, 6597
18.242875814437866, 6596
19.214911937713623, 6595
19.214911937713623, 6594
19.618523120880127, 6593
19.621519565582275, 6592
19.62849712371826, 6591
19.67038369178772, 6590
19.6713809967041, 6589
19.686341047286987, 6588
19.68833589553833, 6587
19.713019132614136, 6586
19.728639125823975, 6585
19.744261741638184, 6584
19.88677740097046, 6583
19.88677740097046, 6582
19.88677740097046, 6581
19.88677740097046, 6580
19.88677740097046, 6579
19.88677740097046, 6578
19.90243434906006, 6577
19.90243434906006, 6576
19.90243434906006, 6575
19.90243434906006, 6574
19.90243434906006, 6573
19.91802477836609, 6572
19.91802477836609, 6571
19.91802477836609, 6570
19.91802477836609, 6569
19.91802477836609, 6568
19.91802477836609, 6567
19.91802477836609, 6566
19.91802477836609, 6565
19.91802477836609, 6564
19.933645486831665, 6563
19.933645486831665, 6562
19.933645486831665, 6561
19.933645486831665, 6560
19.933645486831665, 6559
19.933645486831665, 6558
19.933645486831665, 6557
19.933645486831665, 6556
19.933645486831665, 6555
19.933645486831665, 6554
19.933645486831665, 6553
19.933645486831665, 6552
19.933645486831665, 6551
19.94926691055298, 6550
19.94926691055298, 6549
19.94926691055298, 6548
19.94926691055298, 6547
19.94926691055298, 6546
19.94926691055298, 6545
19.94926691055298, 6544
19.94926691055298, 6543
19.94926691055298, 6542
19.94926691055298, 6541
19.94926691055298, 6540
19.94926691055298, 6539
19.94926691055298, 6538
19.94926691055298, 6537
19.94926691055298, 6536
19.94926691055298, 6535
19.94926691055298, 6534
19.94926691055298, 6533
19.94926691055298, 6532
19.94926691055298, 6531
19.94926691055298, 6530
19.94926691055298, 6529
19.94926691055298, 6528
19.94926691055298, 6527
19.94926691055298, 6526
19.964888095855713, 6525
19.964888095855713, 6524
19.964888095855713, 6523
19.964888095855713, 6522
19.964888095855713, 6521
19.964888095855713, 6520
19.964888095855713, 6519
19.964888095855713, 6518
19.964888095855713, 6517
19.964888095855713, 6516
19.964888095855713, 6515
19.964888095855713, 6514
19.964888095855713, 6513
19.964888095855713, 6512
19.964888095855713, 6511
19.964888095855713, 6510
19.964888095855713, 6509
19.964888095855713, 6508
19.964888095855713, 6507
19.964888095855713, 6506
19.964888095855713, 6505
19.964888095855713, 6504
19.964888095855713, 6503
19.964888095855713, 6502
19.964888095855713, 6501
19.9805109500885, 6500
19.9805109500885, 6499
19.9805109500885, 6498
19.9805109500885, 6497
19.9805109500885, 6496
19.9805109500885, 6495
19.9805109500885, 6494
19.9805109500885, 6493
19.9805109500885, 6492
19.9805109500885, 6491
19.9805109500885, 6490
19.9805109500885, 6489
19.9805109500885, 6488
19.98701763153076, 6487
19.98701763153076, 6486
19.98701763153076, 6485
19.98701763153076, 6484
19.98701763153076, 6483
19.98701763153076, 6482
19.98701763153076, 6481
19.98701763153076, 6480
19.98701763153076, 6479
20.0026752948761, 6478
20.0026752948761, 6477
20.0026752948761, 6476
20.0026752948761, 6475
20.0026752948761, 6474
20.0026752948761, 6473
20.0026752948761, 6472
20.0026752948761, 6471
20.0026752948761, 6470
20.0026752948761, 6469
20.0026752948761, 6468
20.0026752948761, 6467
20.0026752948761, 6466
20.0026752948761, 6465
20.0026752948761, 6464
20.0026752948761, 6463
20.0026752948761, 6462
20.0026752948761, 6461
20.0026752948761, 6460
20.0026752948761, 6459
20.0026752948761, 6458
20.0026752948761, 6457
20.0026752948761, 6456
20.0026752948761, 6455
20.0026752948761, 6454
20.0026752948761, 6453
20.018296241760254, 6452
20.018296241760254, 6451
20.018296241760254, 6450
20.018296241760254, 6449
20.018296241760254, 6448
20.018296241760254, 6447
20.018296241760254, 6446
20.018296241760254, 6445
20.018296241760254, 6444
20.018296241760254, 6443
20.018296241760254, 6442
20.018296241760254, 6441
20.018296241760254, 6440
20.018296241760254, 6439
20.018296241760254, 6438
20.018296241760254, 6437
20.018296241760254, 6436
20.018296241760254, 6435
20.018296241760254, 6434
20.018296241760254, 6433
20.018296241760254, 6432
20.018296241760254, 6431
20.018296241760254, 6430
20.018296241760254, 6429
20.018296241760254, 6428
20.04950737953186, 6427
20.04950737953186, 6426
20.04950737953186, 6425
20.04950737953186, 6424
20.04950737953186, 6423
20.04950737953186, 6422
20.04950737953186, 6421
20.04950737953186, 6420
20.04950737953186, 6419
20.04950737953186, 6418
20.065168142318726, 6417
20.065168142318726, 6416
20.065168142318726, 6415
20.065168142318726, 6414
20.065168142318726, 6413
20.065168142318726, 6412
20.065168142318726, 6411
20.065168142318726, 6410
20.08078122138977, 6409
20.08078122138977, 6408
20.08078122138977, 6407
20.08078122138977, 6406
20.08078122138977, 6405
20.08078122138977, 6404
20.08078122138977, 6403
20.08078122138977, 6402
20.08078122138977, 6401
20.08728837966919, 6400
20.08728837966919, 6399
20.08728837966919, 6398
20.08728837966919, 6397
20.08728837966919, 6396
20.08728837966919, 6395
20.08728837966919, 6394
20.08728837966919, 6393
20.08728837966919, 6392
20.08728837966919, 6391
20.08728837966919, 6390
20.08728837966919, 6389
20.08728837966919, 6388
20.08728837966919, 6387
20.08728837966919, 6386
20.08728837966919, 6385
20.08728837966919, 6384
20.10446548461914, 6383
20.10446548461914, 6382
20.105491638183594, 6381
20.107486724853516, 6380
20.109482526779175, 6379
20.1114764213562, 6378
20.1114764213562, 6377
20.1114764213562, 6376
20.11244034767151, 6375
20.113439559936523, 6374
20.113439559936523, 6373
20.114436388015747, 6372
20.117428302764893, 6371
20.118425607681274, 6370
20.118425607681274, 6369
20.119423151016235, 6368
20.120420217514038, 6367
20.12241506576538, 6366
20.124409437179565, 6365
20.125406742095947, 6364
20.125406742095947, 6363
20.12932276725769, 6362
20.12932276725769, 6361
20.12932276725769, 6360
20.12932276725769, 6359
20.12932276725769, 6358
20.12932276725769, 6357
20.12932276725769, 6356
20.12932276725769, 6355
20.12932276725769, 6354
20.12932276725769, 6353
20.12932276725769, 6352
20.12932276725769, 6351
20.12932276725769, 6350
20.144943952560425, 6349
20.144943952560425, 6348
20.144943952560425, 6347
20.16056513786316, 6346
20.16056513786316, 6345
20.16056513786316, 6344
20.16056513786316, 6343
20.16056513786316, 6342
20.16056513786316, 6341
20.16056513786316, 6340
20.16056513786316, 6339
20.16056513786316, 6338
20.16056513786316, 6337
20.16056513786316, 6336
20.16056513786316, 6335
20.16056513786316, 6334
20.16056513786316, 6333
20.16056513786316, 6332
20.16056513786316, 6331
20.176188468933105, 6330
20.176188468933105, 6329
20.176188468933105, 6328
20.187196493148804, 6327
20.187196493148804, 6326
20.187196493148804, 6325
20.187196493148804, 6324
20.187196493148804, 6323
20.187196493148804, 6322
20.187196493148804, 6321
20.187196493148804, 6320
20.187196493148804, 6319
20.187196493148804, 6318
20.187196493148804, 6317
20.187196493148804, 6316
20.187196493148804, 6315
20.187196493148804, 6314
20.187196493148804, 6313
20.187196493148804, 6312
20.187196493148804, 6311
20.187196493148804, 6310
20.187196493148804, 6309
20.187196493148804, 6308
20.187196493148804, 6307
20.187196493148804, 6306
20.187196493148804, 6305
20.187196493148804, 6304
20.187196493148804, 6303
20.187196493148804, 6302
20.202821969985962, 6301
20.202821969985962, 6300
20.202821969985962, 6299
20.202821969985962, 6298
20.202821969985962, 6297
20.202821969985962, 6296
20.202821969985962, 6295
20.202821969985962, 6294
20.202821969985962, 6293
20.218443632125854, 6292
20.218443632125854, 6291
20.218443632125854, 6290
20.218443632125854, 6289
20.218443632125854, 6288
20.218443632125854, 6287
20.218443632125854, 6286
20.218443632125854, 6285
20.218443632125854, 6284
20.218443632125854, 6283
20.218443632125854, 6282
20.218443632125854, 6281
20.23406481742859, 6280
20.23406481742859, 6279
20.23406481742859, 6278
20.23406481742859, 6277
20.23406481742859, 6276
20.23406481742859, 6275
20.23406481742859, 6274
20.23406481742859, 6273
20.23406481742859, 6272
20.23406481742859, 6271
20.23406481742859, 6270
20.23406481742859, 6269
20.23406481742859, 6268
20.23406481742859, 6267
20.23406481742859, 6266
20.23406481742859, 6265
20.23406481742859, 6264
20.23406481742859, 6263
20.23406481742859, 6262
20.23406481742859, 6261
20.23406481742859, 6260
20.23406481742859, 6259
20.23406481742859, 6258
20.23406481742859, 6257
20.23406481742859, 6256
20.23406481742859, 6255
20.23406481742859, 6254
20.24968695640564, 6253
20.24968695640564, 6252
20.24968695640564, 6251
20.24968695640564, 6250
20.24968695640564, 6249
20.24968695640564, 6248
20.24968695640564, 6247
20.24968695640564, 6246
20.24968695640564, 6245
20.24968695640564, 6244
20.24968695640564, 6243
20.24968695640564, 6242
20.24968695640564, 6241
20.24968695640564, 6240
20.26530694961548, 6239
20.26530694961548, 6238
20.26530694961548, 6237
20.26530694961548, 6236
20.26530694961548, 6235
20.26530694961548, 6234
20.26530694961548, 6233
20.26530694961548, 6232
20.26530694961548, 6231
20.26530694961548, 6230
20.26530694961548, 6229
20.26530694961548, 6228
20.26530694961548, 6227
20.26530694961548, 6226
20.26530694961548, 6225
20.26530694961548, 6224
20.26530694961548, 6223
20.26530694961548, 6222
20.26530694961548, 6221
20.26530694961548, 6220
20.26530694961548, 6219
20.26530694961548, 6218
20.26530694961548, 6217
20.28095769882202, 6216
20.28095769882202, 6215
20.28095769882202, 6214
20.28095769882202, 6213
20.28095769882202, 6212
20.28095769882202, 6211
20.287501096725464, 6210
20.287501096725464, 6209
20.287501096725464, 6208
20.287501096725464, 6207
20.287501096725464, 6206
20.287501096725464, 6205
20.287501096725464, 6204
20.287501096725464, 6203
20.287501096725464, 6202
20.287501096725464, 6201
20.287501096725464, 6200
20.287501096725464, 6199
20.287501096725464, 6198
20.287501096725464, 6197
20.287501096725464, 6196
20.303160905838013, 6195
20.303160905838013, 6194
20.303160905838013, 6193
20.303160905838013, 6192
20.303160905838013, 6191
20.303160905838013, 6190
20.303160905838013, 6189
20.303160905838013, 6188
20.303160905838013, 6187
20.303160905838013, 6186
20.303160905838013, 6185
20.303160905838013, 6184
20.303160905838013, 6183
20.303160905838013, 6182
20.303160905838013, 6181
20.303160905838013, 6180
20.303160905838013, 6179
20.303160905838013, 6178
20.303160905838013, 6177
20.303160905838013, 6176
20.318750381469727, 6175
20.318750381469727, 6174
20.318750381469727, 6173
20.318750381469727, 6172
20.318750381469727, 6171
20.318750381469727, 6170
20.318750381469727, 6169
20.318750381469727, 6168
20.318750381469727, 6167
20.318750381469727, 6166
20.334404945373535, 6165
20.334404945373535, 6164
20.334404945373535, 6163
20.334404945373535, 6162
20.334404945373535, 6161
20.334404945373535, 6160
20.334404945373535, 6159
20.334404945373535, 6158
20.334404945373535, 6157
20.334404945373535, 6156
20.334404945373535, 6155
20.334404945373535, 6154
20.334404945373535, 6153
20.334404945373535, 6152
20.334404945373535, 6151
20.334404945373535, 6150
20.334404945373535, 6149
20.334404945373535, 6148
20.334404945373535, 6147
20.334404945373535, 6146
20.334404945373535, 6145
20.334404945373535, 6144
20.349994897842407, 6143
20.349994897842407, 6142
20.349994897842407, 6141
20.349994897842407, 6140
20.349994897842407, 6139
20.349994897842407, 6138
20.349994897842407, 6137
20.349994897842407, 6136
20.349994897842407, 6135
20.349994897842407, 6134
20.349994897842407, 6133
20.36561632156372, 6132
20.36561632156372, 6131
20.36561632156372, 6130
20.36561632156372, 6129
20.36561632156372, 6128
20.36561632156372, 6127
20.381237745285034, 6126
20.381237745285034, 6125
20.381237745285034, 6124
20.381237745285034, 6123
20.381237745285034, 6122
20.387744665145874, 6121
20.387744665145874, 6120
20.387744665145874, 6119
20.387744665145874, 6118
20.387744665145874, 6117
20.387744665145874, 6116
20.387744665145874, 6115
20.387744665145874, 6114
20.403401136398315, 6113
20.403401136398315, 6112
20.403401136398315, 6111
20.403401136398315, 6110
20.403401136398315, 6109
20.403401136398315, 6108
20.403401136398315, 6107
20.403401136398315, 6106
20.403401136398315, 6105
20.403401136398315, 6104
20.403401136398315, 6103
20.403401136398315, 6102
20.403401136398315, 6101
20.403401136398315, 6100
20.403401136398315, 6099
20.403401136398315, 6098
20.403401136398315, 6097
20.403401136398315, 6096
20.403401136398315, 6095
20.403401136398315, 6094
20.403401136398315, 6093
20.403401136398315, 6092
20.403401136398315, 6091
20.403401136398315, 6090
20.418991804122925, 6089
20.418991804122925, 6088
20.418991804122925, 6087
20.418991804122925, 6086
20.418991804122925, 6085
20.43461322784424, 6084
20.43461322784424, 6083
20.43461322784424, 6082
20.43461322784424, 6081
20.43461322784424, 6080
20.450266122817993, 6079
20.450266122817993, 6078
20.450266122817993, 6077
20.450266122817993, 6076
20.450266122817993, 6075
20.450266122817993, 6074
20.450266122817993, 6073
20.450266122817993, 6072
20.450266122817993, 6071
20.450266122817993, 6070
20.450266122817993, 6069
20.450266122817993, 6068
20.450266122817993, 6067
20.450266122817993, 6066
20.450266122817993, 6065
20.450266122817993, 6064
20.450266122817993, 6063
20.450266122817993, 6062
20.450266122817993, 6061
20.46588683128357, 6060
20.46588683128357, 6059
20.46588683128357, 6058
20.46588683128357, 6057
20.46588683128357, 6056
20.46588683128357, 6055
20.46588683128357, 6054
20.46588683128357, 6053
20.46588683128357, 6052
20.46588683128357, 6051
20.481508493423462, 6050
20.481508493423462, 6049
20.488013982772827, 6048
20.488013982772827, 6047
20.488013982772827, 6046
20.488013982772827, 6045
20.488013982772827, 6044
20.488013982772827, 6043
20.488013982772827, 6042
20.503639459609985, 6041
20.503639459609985, 6040
20.503639459609985, 6039
20.503639459609985, 6038
20.503639459609985, 6037
20.503639459609985, 6036
20.503639459609985, 6035
20.503639459609985, 6034
20.503639459609985, 6033
20.503639459609985, 6032
20.503639459609985, 6031
20.519261360168457, 6030
20.519261360168457, 6029
20.519261360168457, 6028
20.519261360168457, 6027
20.519261360168457, 6026
20.519261360168457, 6025
20.519261360168457, 6024
20.519261360168457, 6023
20.519261360168457, 6022
20.519261360168457, 6021
20.519261360168457, 6020
20.519261360168457, 6019
20.519261360168457, 6018
20.519261360168457, 6017
20.519261360168457, 6016
20.519261360168457, 6015
20.519261360168457, 6014
20.519261360168457, 6013
20.519261360168457, 6012
20.519261360168457, 6011
20.519261360168457, 6010
20.53488850593567, 6009
20.53488850593567, 6008
20.53488850593567, 6007
20.53488850593567, 6006
20.53488850593567, 6005
20.53488850593567, 6004
20.53488850593567, 6003
20.53488850593567, 6002
20.53488850593567, 6001
20.53488850593567, 6000
20.53488850593567, 5999
20.53488850593567, 5998
20.53488850593567, 5997
20.53488850593567, 5996
20.53488850593567, 5995
20.5505051612854, 5994
20.5505051612854, 5993
20.565886974334717, 5992
20.568877935409546, 5991
20.570871353149414, 5990
20.57485866546631, 5989
20.579845905303955, 5988
20.58793020248413, 5987
20.58793020248413, 5986
20.58793020248413, 5985
20.58793020248413, 5984
20.58793020248413, 5983
20.58793020248413, 5982
20.58793020248413, 5981
20.58793020248413, 5980
20.58793020248413, 5979
20.58793020248413, 5978
20.600754976272583, 5977
20.602750062942505, 5976
20.60374641418457, 5975
20.60474443435669, 5974
20.60474443435669, 5973
20.606738328933716, 5972
20.6087327003479, 5971
20.609729766845703, 5970
20.616631746292114, 5969
20.62261652946472, 5968
20.63956880569458, 5967
20.640567302703857, 5966
20.642560482025146, 5965
20.64355778694153, 5964
20.644556999206543, 5963
20.64555335044861, 5962
20.64954400062561, 5961
20.65154004096985, 5960
20.65353512763977, 5959
20.65353512763977, 5958
20.6545307636261, 5957
20.655527591705322, 5956
20.656524658203125, 5955
20.656524658203125, 5954
20.657521963119507, 5953
20.65851855278015, 5952
20.65951633453369, 5951
20.65951633453369, 5950
20.660512924194336, 5949
20.661511421203613, 5948
20.66550064086914, 5947
20.66749405860901, 5946
20.669491291046143, 5945
20.67048931121826, 5944
20.67148447036743, 5943
20.67248225212097, 5942
20.67248225212097, 5941
20.67348074913025, 5940
20.67348074913025, 5939
20.674476623535156, 5938
20.674476623535156, 5937
20.675474643707275, 5936
20.676470041275024, 5935
20.678465604782104, 5934
20.68245530128479, 5933
20.685467958450317, 5932
20.68644618988037, 5931
20.68644618988037, 5930
20.68744421005249, 5929
20.68744421005249, 5928
20.688438177108765, 5927
20.688438177108765, 5926
20.689435958862305, 5925
20.69143009185791, 5924
20.69143009185791, 5923
20.692428588867188, 5922
20.693425178527832, 5921
20.693425178527832, 5920
20.693425178527832, 5919
20.694421768188477, 5918
20.694421768188477, 5917
20.69641947746277, 5916
20.701403617858887, 5915
20.704397916793823, 5914
20.705395698547363, 5913
20.706389665603638, 5912
20.706389665603638, 5911
20.71536684036255, 5910
20.737308740615845, 5909
20.73830485343933, 5908
20.739301681518555, 5907
20.740299701690674, 5906
20.74129581451416, 5905
20.7422935962677, 5904
20.74329113960266, 5903
20.744288206100464, 5902
20.748281240463257, 5901
20.755260229110718, 5900
20.76024580001831, 5899
20.764251708984375, 5898
20.766231298446655, 5897
20.769248485565186, 5896
20.771217346191406, 5895
20.772214651107788, 5894
20.773211240768433, 5893
20.773211240768433, 5892
20.774208307266235, 5891
20.783186435699463, 5890
20.785179376602173, 5889
20.786178588867188, 5888
20.788171529769897, 5887
20.7891685962677, 5886
20.791183710098267, 5885
20.792160987854004, 5884
20.793158292770386, 5883
20.794155836105347, 5882
20.79515290260315, 5881
20.799143314361572, 5880
20.80014395713806, 5879
20.801137447357178, 5878
20.80314803123474, 5877
20.804128408432007, 5876
20.80512547492981, 5875
20.80512547492981, 5874
20.80612277984619, 5873
20.807122945785522, 5872
20.808117389678955, 5871
20.809115171432495, 5870
20.810112476348877, 5869
20.81110954284668, 5868
20.81411576271057, 5867
20.817102432250977, 5866
20.820086240768433, 5865
20.821082830429077, 5864
20.822080612182617, 5863
20.83205509185791, 5862
20.836045026779175, 5861
20.838038444519043, 5860
20.841031074523926, 5859
20.843024969100952, 5858
20.848012685775757, 5857
20.85200262069702, 5856
20.85499382019043, 5855
20.857986211776733, 5854
20.859980583190918, 5853
20.86877155303955, 5852
20.870765209197998, 5851
20.872759103775024, 5850
20.876749515533447, 5849
20.878745555877686, 5848
20.88924741744995, 5847
20.88924741744995, 5846
20.88924741744995, 5845
20.88924741744995, 5844
20.897629261016846, 5843
20.899625301361084, 5842
20.90161657333374, 5841
20.90161657333374, 5840
20.90261459350586, 5839
20.910592555999756, 5838
20.91468071937561, 5837
20.915581464767456, 5836
20.917574882507324, 5835
20.918573141098022, 5834
20.91956925392151, 5833
20.92056655883789, 5832
20.922561168670654, 5831
20.924556016921997, 5830
20.92555570602417, 5829
20.92655062675476, 5828
20.927547931671143, 5827
20.928546905517578, 5826
20.9305636882782, 5825
20.931538343429565, 5824
20.932535409927368, 5823
20.93353271484375, 5822
20.934529781341553, 5821
20.935527086257935, 5820
20.936524629592896, 5819
20.94051432609558, 5818
20.943506240844727, 5817
20.947494506835938, 5816
20.950486421585083, 5815
20.961456298828125, 5814
20.965340852737427, 5813
20.966338396072388, 5812
20.966338396072388, 5811
20.96733546257019, 5810
20.968332767486572, 5809
20.969330072402954, 5808
20.970327615737915, 5807
20.9723219871521, 5806
20.975314140319824, 5805
20.97830605506897, 5804
20.979126691818237, 5803
20.989162921905518, 5802
20.989162921905518, 5801
20.989162921905518, 5800
20.989162921905518, 5799
20.989162921905518, 5798
20.989162921905518, 5797
20.989162921905518, 5796
20.989162921905518, 5795
20.989162921905518, 5794
20.989162921905518, 5793
20.989162921905518, 5792
20.989162921905518, 5791
20.989162921905518, 5790
20.989162921905518, 5789
21.004820346832275, 5788
21.004820346832275, 5787
21.004820346832275, 5786
21.004820346832275, 5785
21.004820346832275, 5784
21.004820346832275, 5783
21.004820346832275, 5782
21.004820346832275, 5781
21.004820346832275, 5780
21.004820346832275, 5779
21.004820346832275, 5778
21.02044153213501, 5777
21.02044153213501, 5776
21.02044153213501, 5775
21.02044153213501, 5774
21.02044153213501, 5773
21.02044153213501, 5772
21.02044153213501, 5771
21.02044153213501, 5770
21.02044153213501, 5769
21.036062240600586, 5768
21.036062240600586, 5767
21.036062240600586, 5766
21.036062240600586, 5765
21.036062240600586, 5764
21.036062240600586, 5763
21.036062240600586, 5762
21.036062240600586, 5761
21.051684856414795, 5760
21.051684856414795, 5759
21.051684856414795, 5758
21.051684856414795, 5757
21.051684856414795, 5756
21.051684856414795, 5755
21.051684856414795, 5754
21.051684856414795, 5753
21.051684856414795, 5752
21.051684856414795, 5751
21.051684856414795, 5750
21.051684856414795, 5749
21.051684856414795, 5748
21.051684856414795, 5747
21.067310094833374, 5746
21.067310094833374, 5745
21.067310094833374, 5744
21.067310094833374, 5743
21.067310094833374, 5742
21.067310094833374, 5741
21.082927703857422, 5740
21.082927703857422, 5739
21.082927703857422, 5738
21.082927703857422, 5737
21.082927703857422, 5736
21.082927703857422, 5735
21.082927703857422, 5734
21.089434385299683, 5733
21.089434385299683, 5732
21.089434385299683, 5731
21.089434385299683, 5730
21.089434385299683, 5729
21.089434385299683, 5728
21.089434385299683, 5727
21.089434385299683, 5726
21.089434385299683, 5725
21.089434385299683, 5724
21.089434385299683, 5723
21.089434385299683, 5722
21.089434385299683, 5721
21.089434385299683, 5720
21.089434385299683, 5719
21.089434385299683, 5718
21.105061531066895, 5717
21.105061531066895, 5716
21.105061531066895, 5715
21.105061531066895, 5714
21.105061531066895, 5713
21.105061531066895, 5712
21.105061531066895, 5711
21.105061531066895, 5710
21.105061531066895, 5709
21.105061531066895, 5708
21.105061531066895, 5707
21.105061531066895, 5706
21.120712995529175, 5705
21.120712995529175, 5704
21.120712995529175, 5703
21.120712995529175, 5702
21.120712995529175, 5701
21.120712995529175, 5700
21.120712995529175, 5699
21.120712995529175, 5698
21.120712995529175, 5697
21.120712995529175, 5696
21.120712995529175, 5695
21.120712995529175, 5694
21.120712995529175, 5693
21.120712995529175, 5692
21.136334657669067, 5691
21.136334657669067, 5690
21.136334657669067, 5689
21.136334657669067, 5688
21.136334657669067, 5687
21.136334657669067, 5686
21.136334657669067, 5685
21.15195870399475, 5684
21.15195870399475, 5683
21.15195870399475, 5682
21.15195870399475, 5681
21.15195870399475, 5680
21.15195870399475, 5679
21.15195870399475, 5678
21.15195870399475, 5677
21.15195870399475, 5676
21.15195870399475, 5675
21.15195870399475, 5674
21.15195870399475, 5673
21.15195870399475, 5672
21.167546033859253, 5671
21.167546033859253, 5670
21.167546033859253, 5669
21.167546033859253, 5668
21.167546033859253, 5667
21.167546033859253, 5666
21.167546033859253, 5665
21.167546033859253, 5664
21.167546033859253, 5663
21.167546033859253, 5662
21.167546033859253, 5661
21.167546033859253, 5660
21.167546033859253, 5659
21.167546033859253, 5658
21.167546033859253, 5657
21.167546033859253, 5656
21.167546033859253, 5655
21.167546033859253, 5654
21.167546033859253, 5653
21.167546033859253, 5652
21.183167934417725, 5651
21.183167934417725, 5650
21.183167934417725, 5649
21.183167934417725, 5648
21.183167934417725, 5647
21.183167934417725, 5646
21.183167934417725, 5645
21.183167934417725, 5644
21.18970537185669, 5643
21.18970537185669, 5642
21.18970537185669, 5641
21.18970537185669, 5640
21.18970537185669, 5639
21.18970537185669, 5638
21.18970537185669, 5637
21.18970537185669, 5636
21.18970537185669, 5635
21.18970537185669, 5634
21.18970537185669, 5633
21.18970537185669, 5632
21.18970537185669, 5631
21.18970537185669, 5630
21.18970537185669, 5629
21.20536208152771, 5628
21.20536208152771, 5627
21.20536208152771, 5626
21.20536208152771, 5625
21.20536208152771, 5624
21.20536208152771, 5623
21.20536208152771, 5622
21.20536208152771, 5621
21.20536208152771, 5620
21.20536208152771, 5619
21.20536208152771, 5618
21.220983743667603, 5617
21.220983743667603, 5616
21.220983743667603, 5615
21.220983743667603, 5614
21.220983743667603, 5613
21.220983743667603, 5612
21.220983743667603, 5611
21.236607551574707, 5610
21.236607551574707, 5609
21.236607551574707, 5608
21.236607551574707, 5607
21.236607551574707, 5606
21.236607551574707, 5605
21.252572536468506, 5604
21.26556921005249, 5603
21.266568899154663, 5602
21.266568899154663, 5601
21.267563343048096, 5600
21.26853036880493, 5599
21.269527196884155, 5598
21.270524263381958, 5597
21.271522283554077, 5596
21.27251935005188, 5595
21.27351689338684, 5594
21.274513959884644, 5593
21.275511264801025, 5592
21.278828620910645, 5591
21.278828620910645, 5590
21.278828620910645, 5589
21.278828620910645, 5588
21.278828620910645, 5587
21.278828620910645, 5586
21.289836406707764, 5585
21.289836406707764, 5584
21.289836406707764, 5583
21.305463552474976, 5582
21.32108497619629, 5581
21.32108497619629, 5580
21.336706399917603, 5579
21.336706399917603, 5578
21.336706399917603, 5577
21.352327346801758, 5576
21.4058039188385, 5575
21.421399354934692, 5574
21.421399354934692, 5573
21.437016487121582, 5572
21.452637910842896, 5571
21.490418910980225, 5570
21.506075382232666, 5569
21.506075382232666, 5568
21.506075382232666, 5567
21.53732132911682, 5566
21.53732132911682, 5565
21.552937269210815, 5564
21.552937269210815, 5563
21.56856369972229, 5562
21.56856369972229, 5561
21.56856369972229, 5560
21.590718746185303, 5559
21.590718746185303, 5558
21.590718746185303, 5557
21.590718746185303, 5556
21.66886281967163, 5555
21.66886281967163, 5554
21.68448042869568, 5553
21.68448042869568, 5552
21.68448042869568, 5551
21.690991163253784, 5550
21.706618547439575, 5549
21.706618547439575, 5548
21.722238540649414, 5547
21.753482580184937, 5546
21.753482580184937, 5545
21.76910424232483, 5544
21.76910424232483, 5543
21.76910424232483, 5542
21.8087317943573, 5541
21.811721801757812, 5540
21.812809944152832, 5539
21.828433513641357, 5538
21.828433513641357, 5537
21.844085931777954, 5536
21.844085931777954, 5535
21.844085931777954, 5534
21.844085931777954, 5533
21.844085931777954, 5532
21.844085931777954, 5531
21.859710931777954, 5530
21.859710931777954, 5529
21.875297784805298, 5528
21.875297784805298, 5527
21.875297784805298, 5526
21.922704219818115, 5525
21.953920364379883, 5524
21.953920364379883, 5523
21.96953773498535, 5522
21.96953773498535, 5521
21.96953773498535, 5520
21.985191822052002, 5519
21.985191822052002, 5518
22.007323503494263, 5517
22.054187536239624, 5516
22.054187536239624, 5515
22.054187536239624, 5514
22.054187536239624, 5513
22.054187536239624, 5512
22.069808959960938, 5511
22.069808959960938, 5510
22.069808959960938, 5509
22.091997861862183, 5508
22.123276710510254, 5507
22.138898849487305, 5506
22.138898849487305, 5505
22.15448832511902, 5504
22.15448832511902, 5503
22.15448832511902, 5502
22.185760974884033, 5501
22.207953691482544, 5500
22.207953691482544, 5499
22.223570585250854, 5498
22.239198684692383, 5497
22.239198684692383, 5496
22.25481629371643, 5495
22.25481629371643, 5494
22.270437240600586, 5493
22.270437240600586, 5492
22.270437240600586, 5491
22.286060571670532, 5490
22.286060571670532, 5489
22.286060571670532, 5488
22.286060571670532, 5487
22.286060571670532, 5486
22.308255910873413, 5485
22.308255910873413, 5484
22.33949565887451, 5483
22.33949565887451, 5482
22.37074041366577, 5481
22.37074041366577, 5480
22.37074041366577, 5479
22.386361837387085, 5478
22.39289927482605, 5477
22.43979787826538, 5476
22.43979787826538, 5475
22.471039056777954, 5474
22.486666202545166, 5473
22.486666202545166, 5472
22.505361318588257, 5471
22.505361318588257, 5470
22.505361318588257, 5469
22.505361318588257, 5468
22.525554418563843, 5467
22.525554418563843, 5466
22.525554418563843, 5465
22.525554418563843, 5464
22.53563666343689, 5463
22.553784132003784, 5462
22.553784132003784, 5461
22.584070920944214, 5460
22.604211807250977, 5459
22.616340398788452, 5458
22.63654589653015, 5457
22.65467882156372, 5456
22.65467882156372, 5455
22.65467882156372, 5454
22.656720638275146, 5453
22.656720638275146, 5452
22.674862384796143, 5451
22.674862384796143, 5450
22.674862384796143, 5449
22.70766305923462, 5448
22.727860927581787, 5447
22.727860927581787, 5446
22.727860927581787, 5445
22.74806046485901, 5444
22.758137702941895, 5443
22.76620626449585, 5442
22.76620626449585, 5441
22.77833104133606, 5440
22.78843903541565, 5439
22.798521041870117, 5438
22.798521041870117, 5437
22.81224036216736, 5436
22.818824529647827, 5435
22.82688331604004, 5434
22.82688331604004, 5433
22.82688331604004, 5432
22.828901290893555, 5431
22.828901290893555, 5430
22.83898615837097, 5429
22.83898615837097, 5428
22.83898615837097, 5427
22.870732069015503, 5426
22.88887047767639, 5425
22.89091181755066, 5424
22.900965452194214, 5423
22.919119119644165, 5422
22.921157598495483, 5421
22.939262628555298, 5420
22.941302061080933, 5419
22.941302061080933, 5418
22.941302061080933, 5417
22.941302061080933, 5416
22.95140814781189, 5415
22.95140814781189, 5414
22.97954297065735, 5413
22.97954297065735, 5412
22.97954297065735, 5411
22.989576816558838, 5410
23.001628398895264, 5409
23.019737243652344, 5408
23.019737243652344, 5407
23.019737243652344, 5406
23.05201005935669, 5405
23.06210207939148, 5404
23.06210207939148, 5403
23.06210207939148, 5402
23.070122003555298, 5401
23.09575128555298, 5400
23.09575128555298, 5399
23.09575128555298, 5398
23.12702775001526, 5397
23.12702775001526, 5396
23.15826988220215, 5395
23.15826988220215, 5394
23.15826988220215, 5393
23.15826988220215, 5392
23.15826988220215, 5391
23.18042492866516, 5390
23.21167230606079, 5389
23.22732448577881, 5388
23.22732448577881, 5387
23.22732448577881, 5386
23.24291467666626, 5385
23.24291467666626, 5384
23.258567333221436, 5383
23.27418875694275, 5382
23.27418875694275, 5381
23.28069543838501, 5380
23.311946153640747, 5379
23.311946153640747, 5378
23.311946153640747, 5377
23.311946153640747, 5376
23.311946153640747, 5375
23.311946153640747, 5374
23.311946153640747, 5373
23.327595472335815, 5372
23.327595472335815, 5371
23.327595472335815, 5370
23.327595472335815, 5369
23.34318709373474, 5368
23.34318709373474, 5367
23.34318709373474, 5366
23.380937337875366, 5365
23.380937337875366, 5364
23.380937337875366, 5363
23.396564245224, 5362
23.396564245224, 5361
23.396564245224, 5360
23.41218614578247, 5359
23.42780637741089, 5358
23.42780637741089, 5357
23.42780637741089, 5356
23.42780637741089, 5355
23.44342827796936, 5354
23.459049463272095, 5353
23.48118019104004, 5352
23.48118019104004, 5351
23.496808290481567, 5350
23.5280499458313, 5349
23.5280499458313, 5348
23.559293508529663, 5347
23.581419229507446, 5346
23.612667322158813, 5345
23.612667322158813, 5344
23.612667322158813, 5343
23.628288507461548, 5342
23.65955877304077, 5341
23.681689977645874, 5340
23.681689977645874, 5339
23.712971448898315, 5338
23.72859025001526, 5337
23.744180917739868, 5336
23.744180917739868, 5335
23.744180917739868, 5334
23.744180917739868, 5333
23.744180917739868, 5332
23.759833097457886, 5331
23.813246488571167, 5330
23.813246488571167, 5329
23.81799030303955, 5328
23.833646297454834, 5327
23.833646297454834, 5326
23.864888429641724, 5325
23.864888429641724, 5324
23.882017135620117, 5323
23.913264751434326, 5322
23.92888617515564, 5321
23.92888617515564, 5320
23.92888617515564, 5319
23.92888617515564, 5318
23.944507598876953, 5317
23.98225450515747, 5316
23.98225450515747, 5315
23.98225450515747, 5314
23.997880220413208, 5313
24.01353406906128, 5312
24.01353406906128, 5311
24.01353406906128, 5310
24.01353406906128, 5309
24.029157638549805, 5308
24.029157638549805, 5307
24.0760178565979, 5306
24.082523822784424, 5305
24.082523822784424, 5304
24.160637140274048, 5303
24.160637140274048, 5302
24.182766675949097, 5301
24.182766675949097, 5300
24.182766675949097, 5299
24.19839358329773, 5298
24.19839358329773, 5297
24.214045763015747, 5296
24.229666709899902, 5295
24.245256423950195, 5294
24.26087713241577, 5293
24.283036470413208, 5292
24.283036470413208, 5291
24.283036470413208, 5290
24.298662185668945, 5289
24.298662185668945, 5288
24.314314603805542, 5287
24.314314603805542, 5286
24.34552764892578, 5285
24.34552764892578, 5284
24.361148834228516, 5283
24.361148834228516, 5282
24.383304119110107, 5281
24.383304119110107, 5280
24.383304119110107, 5279
24.383304119110107, 5278
24.383304119110107, 5277
24.398961067199707, 5276
24.398961067199707, 5275
24.41458249092102, 5274
24.445828199386597, 5273
24.48354458808899, 5272
24.48354458808899, 5271
24.546066284179688, 5270
24.561687231063843, 5269
24.583786964416504, 5268
24.61503767967224, 5267
24.646279335021973, 5266
24.646279335021973, 5265
24.661900520324707, 5264
24.720492839813232, 5263
24.7517352104187, 5262
24.767356395721436, 5261
24.783986806869507, 5260
24.783986806869507, 5259
24.81971573829651, 5258
24.86661171913147, 5257
24.88426971435547, 5256
24.94679045677185, 5255
24.94679045677185, 5254
25.015856981277466, 5253
25.04709506034851, 5252
25.04709506034851, 5251
25.04709506034851, 5250
25.062716245651245, 5249
25.07833743095398, 5248
25.07833743095398, 5247
25.084874391555786, 5246
25.1161527633667, 5245
25.1161527633667, 5244
25.131776571273804, 5243
25.216423511505127, 5242
25.216423511505127, 5241
25.31663751602173, 5240
25.31663751602173, 5239
25.332253456115723, 5238
25.385688304901123, 5237
25.432588577270508, 5236
25.448209047317505, 5235
25.448209047317505, 5234
25.448209047317505, 5233
25.479451894760132, 5232
25.49610471725464, 5231
25.498151063919067, 5230
25.578800678253174, 5229
25.578800678253174, 5228
25.588879585266113, 5227
25.588879585266113, 5226
25.588879585266113, 5225
25.588879585266113, 5224
25.687752723693848, 5223
25.697847843170166, 5222
25.750770330429077, 5221
25.750770330429077, 5220
25.822599172592163, 5219
25.82463765144348, 5218
25.831719398498535, 5217
25.851916551589966, 5216
25.859946250915527, 5215
25.859946250915527, 5214
25.859946250915527, 5213
25.885233640670776, 5212
25.890220880508423, 5211
25.9031879901886, 5210
25.9031879901886, 5209
25.92030644416809, 5208
25.92030644416809, 5207
25.92030644416809, 5206
25.9424889087677, 5205
25.95053720474243, 5204
25.96265196800232, 5203
25.97273063659668, 5202
25.982826232910156, 5201
25.990869998931885, 5200
26.033440113067627, 5199
26.05151915550232, 5198
26.05151915550232, 5197
26.073744535446167, 5196
26.08387541770935, 5195
26.09396719932556, 5194
26.102017402648926, 5193
26.134328842163086, 5192
26.154475450515747, 5191
26.16457200050354, 5190
26.17261552810669, 5189
26.174654960632324, 5188
26.194884538650513, 5187
26.315976858139038, 5186
26.315976858139038, 5185
26.326459646224976, 5184
26.326459646224976, 5183
26.374886989593506, 5182
26.52834939956665, 5181
26.52834939956665, 5180
26.6189181804657, 5179
26.667128562927246, 5178
26.669170379638672, 5177
26.921920776367188, 5176
26.921920776367188, 5175
26.921920776367188, 5174
26.940710067749023, 5173
26.952856302261353, 5172
26.962943077087402, 5171
26.962943077087402, 5170
27.073922872543335, 5169
27.073922872543335, 5168
27.073922872543335, 5167
27.084005117416382, 5166
27.223395824432373, 5165
27.56906771659851, 5164
27.579189777374268, 5163
27.587230682373047, 5162
27.64973258972168, 5161
27.64973258972168, 5160
27.64973258972168, 5159
27.6598060131073, 5158
27.67999815940857, 5157
27.67999815940857, 5156
27.70018744468689, 5155
27.738505840301514, 5154
27.738505840301514, 5153
27.738505840301514, 5152
27.740549564361572, 5151
27.76072907447815, 5150
27.90187406539917, 5149
27.93009924888611, 5148
28.073190689086914, 5147
28.123684644699097, 5146
28.123684644699097, 5145
28.123684644699097, 5144
28.131728649139404, 5143
28.133766889572144, 5142
28.133766889572144, 5141
28.133766889572144, 5140
28.17248821258545, 5139
28.255316495895386, 5138
28.285568714141846, 5137
28.29565405845642, 5136
28.30574131011963, 5135
28.30574131011963, 5134
28.30574131011963, 5133
28.31582522392273, 5132
28.31582522392273, 5131
28.323878288269043, 5130
28.344040632247925, 5129
28.36626434326172, 5128
28.384366512298584, 5127
28.386414289474487, 5126
28.386414289474487, 5125
28.386414289474487, 5124
28.52557873725891, 5123
28.537707805633545, 5122
28.578059434890747, 5121
28.58818483352661, 5120
28.58818483352661, 5119
28.598276376724243, 5118
28.598276376724243, 5117
28.626497983932495, 5116
28.638624668121338, 5115
28.648727893829346, 5114
28.656773567199707, 5113
28.67507839202881, 5112
28.682063102722168, 5111
28.683027267456055, 5110
28.689382076263428, 5109
28.707690954208374, 5108
28.717801570892334, 5107
28.717801570892334, 5106
28.72993016242981, 5105
28.72993016242981, 5104
28.740013599395752, 5103
28.740013599395752, 5102
28.740013599395752, 5101
28.740013599395752, 5100
28.740013599395752, 5099
28.790884256362915, 5098
28.790884256362915, 5097
28.831103801727295, 5096
28.839178562164307, 5095
28.982280254364014, 5094
28.992336988449097, 5093
28.992336988449097, 5092
29.01251792907715, 5091
29.01251792907715, 5090
29.01251792907715, 5089
29.062957048416138, 5088
29.062957048416138, 5087
29.062957048416138, 5086
29.062957048416138, 5085
29.073036193847656, 5084
29.083158493041992, 5083
29.093239545822144, 5082
29.12349534034729, 5081
29.12349534034729, 5080
29.12349534034729, 5079
29.141616582870483, 5078
29.14366340637207, 5077
29.14366340637207, 5076
29.14366340637207, 5075
29.15375566482544, 5074
29.192063570022583, 5073
29.194077491760254, 5072
29.224305152893066, 5071
29.234400510787964, 5070
29.234400510787964, 5069
29.234400510787964, 5068
29.242425203323364, 5067
29.25454831123352, 5066
29.25454831123352, 5065
29.264633893966675, 5064
29.264633893966675, 5063
29.274720430374146, 5062
29.274720430374146, 5061
29.43647003173828, 5060
29.43647003173828, 5059
29.46673560142517, 5058
29.47681760787964, 5057
29.48487401008606, 5056
29.48487401008606, 5055
29.49700665473938, 5054
29.49700665473938, 5053
29.507097721099854, 5052
29.507097721099854, 5051
29.51514220237732, 5050
29.517184019088745, 5049
29.525238513946533, 5048
29.567651987075806, 5047
29.567651987075806, 5046
29.567651987075806, 5045
29.941353797912598, 5044
29.969563245773315, 5043
30.032461881637573, 5042
30.04254722595215, 5041
30.062644004821777, 5040
30.072717666625977, 5039
30.072717666625977, 5038
30.072717666625977, 5037
30.08075976371765, 5036
30.08075976371765, 5035
30.102969646453857, 5034
30.11099600791931, 5033
30.11099600791931, 5032
30.121076345443726, 5031
30.141225814819336, 5030
30.163424491882324, 5029
30.163424491882324, 5028
30.193720817565918, 5027
30.375287532806396, 5026
30.44589066505432, 5025
30.476136684417725, 5024
30.476136684417725, 5023
30.476136684417725, 5022
30.496330976486206, 5021
30.51444721221924, 5020
30.526493549346924, 5019
30.526493549346924, 5018
30.536526203155518, 5017
30.55657649040222, 5016
30.566604137420654, 5015
30.574607849121094, 5014
30.675902128219604, 5013
30.698288679122925, 5012
30.728564023971558, 5011
30.768890619277954, 5010
30.79906988143921, 5009
31.010920524597168, 5008
31.010920524597168, 5007
31.021020650863647, 5006
31.07187819480896, 5005
31.23373246192932, 5004
31.23373246192932, 5003
31.274101972579956, 5002
31.445579528808594, 5001
31.445579528808594, 5000
31.453622341156006, 4999
31.463717699050903, 4998
31.778528690338135, 4997
31.817116022109985, 4996
31.817116022109985, 4995
31.817116022109985, 4994
32.008394956588745, 4993
32.01847791671753, 4992
32.020517349243164, 4991
32.05880260467529, 4990
32.151713371276855, 4989
32.17186212539673, 4988
32.17990565299988, 4987
32.20213198661804, 4986
32.20213198661804, 4985
32.210192918777466, 4984
32.27295112609863, 4983
32.2910840511322, 4982
32.30117416381836, 4981
32.30117416381836, 4980
32.311283111572266, 4979
32.353593826293945, 4978
32.42453742027283, 4977
32.42453742027283, 4976
32.42453742027283, 4975
32.46489429473877, 4974
32.46489429473877, 4973
32.493152141571045, 4972
32.52541375160217, 4971
32.54364991188049, 4970
32.54364991188049, 4969
32.54364991188049, 4968
32.54364991188049, 4967
32.56584453582764, 4966
32.56584453582764, 4965
32.57595872879028, 4964
32.57595872879028, 4963
32.61418104171753, 4962
32.65654277801514, 4961
32.67468619346619, 4960
32.676737546920776, 4959
32.72726392745972, 4958
32.73735427856445, 4957
32.75751805305481, 4956
32.84659028053284, 4955
32.84862995147705, 4954
32.868834018707275, 4953
32.89911961555481, 4952
32.92732214927673, 4951
32.937420129776, 4950
32.959628105163574, 4949
33.020705461502075, 4948
33.101415395736694, 4947
33.293084383010864, 4946
33.373815059661865, 4945
33.5049843788147, 4944
33.51506733894348, 4943
33.555439710617065, 4942
33.66477942466736, 4941
33.666826486587524, 4940
33.69503402709961, 4939
33.70711827278137, 4938
33.7474889755249, 4937
33.86847496032715, 4936
33.86847496032715, 4935
33.88865542411804, 4934
33.90881609916687, 4933
33.9489312171936, 4932
33.9489312171936, 4931
33.9489312171936, 4930
33.9489312171936, 4929
33.969139099121094, 4928
33.969139099121094, 4927
33.969139099121094, 4926
34.04986238479614, 4925
34.07008075714111, 4924
34.08825492858887, 4923
34.11043858528137, 4922
34.2724335193634, 4921
34.2724335193634, 4920
34.56513166427612, 4919
34.70666241645813, 4918
34.71471691131592, 4917
34.76718997955322, 4916
34.775235414505005, 4915
34.777260065078735, 4914
34.82014775276184, 4913
34.89677691459656, 4912
34.89881873130798, 4911
34.908900022506714, 4910
35.120628118515015, 4909
35.120628118515015, 4908
35.120628118515015, 4907
35.120628118515015, 4906
35.120628118515015, 4905
35.120628118515015, 4904
35.120628118515015, 4903
35.120628118515015, 4902
35.15071105957031, 4901
35.18100380897522, 4900
35.29195690155029, 4899
35.35047221183777, 4898
35.36257076263428, 4897
35.382757902145386, 4896
35.50429821014404, 4895
35.68591284751892, 4894
35.72615838050842, 4893
35.75643754005432, 4892
35.764450788497925, 4891
35.774542808532715, 4890
35.774542808532715, 4889
35.90555715560913, 4888
35.91758370399475, 4887
35.91758370399475, 4886
36.210190296173096, 4885
36.25057244300842, 4884
36.278801679611206, 4883
36.28084111213684, 4882
36.331382274627686, 4881
36.331382274627686, 4880
36.331382274627686, 4879
36.44281625747681, 4878
36.45291519165039, 4877
36.46299695968628, 4876
36.46299695968628, 4875
36.46299695968628, 4874
36.46299695968628, 4873
36.46299695968628, 4872
36.47103762626648, 4871
36.47307991981506, 4870
36.56389141082764, 4869
36.67525911331177, 4868
36.685340881347656, 4867
36.71574282646179, 4866
36.71574282646179, 4865
36.72378873825073, 4864
36.99850916862488, 4863
37.018688440322876, 4862
37.28138041496277, 4861
37.28138041496277, 4860
37.3217396736145, 4859
37.43262004852295, 4858
37.54354810714722, 4857
37.61417484283447, 4856
37.65243053436279, 4855
37.76534724235535, 4854
37.78346347808838, 4853
37.80805444717407, 4852
37.8257360458374, 4851
37.8257360458374, 4850
37.85646939277649, 4849
37.89680051803589, 4848
37.89680051803589, 4847
37.99573111534119, 4846
38.04817509651184, 4845
38.10668635368347, 4844
38.108726263046265, 4843
38.13899064064026, 4842
38.42951679229736, 4841
38.55299234390259, 4840
38.55299234390259, 4839
38.58322191238403, 4838
38.67319989204407, 4837
38.67319989204407, 4836
38.67419719696045, 4835
38.67419719696045, 4834
38.75298070907593, 4833
38.82590842247009, 4832
38.83599901199341, 4831
38.926496505737305, 4830
38.966801404953, 4829
39.27963900566101, 4828
39.27963900566101, 4827
39.27963900566101, 4826
39.27963900566101, 4825
39.30988955497742, 4824
39.3884916305542, 4823
39.46120548248291, 4822
39.47128367424011, 4821
39.5602240562439, 4820
39.5622673034668, 4819
39.64300775527954, 4818
39.683714389801025, 4817
39.72202229499817, 4816
39.72202229499817, 4815
39.72202229499817, 4814
39.72406315803528, 4813
39.72406315803528, 4812
39.72406315803528, 4811
39.78452253341675, 4810
39.81504774093628, 4809
39.90581655502319, 4808
39.90581655502319, 4807
40.05704712867737, 4806
40.06714606285095, 4805
40.11764144897461, 4804
40.198347330093384, 4803
40.206395387649536, 4802
40.29957175254822, 4801
40.347928047180176, 4800
40.42052984237671, 4799
40.42052984237671, 4798
40.52130103111267, 4797
40.52130103111267, 4796
40.85431146621704, 4795
40.87240433692932, 4794
40.892998695373535, 4793
41.195374965667725, 4792
41.195374965667725, 4791
41.197418451309204, 4790
41.207499265670776, 4789
41.207499265670776, 4788
41.207499265670776, 4787
41.21758699417114, 4786
41.22563123703003, 4785
41.22767496109009, 4784
41.22767496109009, 4783
41.2558696269989, 4782
41.35671067237854, 4781
41.35671067237854, 4780
41.35671067237854, 4779
41.358757734298706, 4778
41.358757734298706, 4777
41.358757734298706, 4776
41.427325963974, 4775
41.42937135696411, 4774
41.43740200996399, 4773
41.439446687698364, 4772
41.44745469093323, 4771
41.51041913032532, 4770
42.09717297554016, 4769
42.149670362472534, 4768
42.15975594520569, 4767
42.179932832717896, 4766
42.19003105163574, 4765
42.2102108001709, 4764
42.2102108001709, 4763
42.3594286441803, 4762
42.37158417701721, 4761
42.37158417701721, 4760
42.37158417701721, 4759
42.38166308403015, 4758
42.583481550216675, 4757
42.613749742507935, 4756
42.613749742507935, 4755
42.613749742507935, 4754
42.62381029129028, 4753
42.633867263793945, 4752
42.69986867904663, 4751
42.702916383743286, 4750
42.834320068359375, 4749
42.83635973930359, 4748
42.846442461013794, 4747
42.88680648803711, 4746
42.88680648803711, 4745
42.957406520843506, 4744
43.02569794654846, 4743
43.068053245544434, 4742
43.08824872970581, 4741
43.19920468330383, 4740
43.23957681655884, 4739
43.23957681655884, 4738
43.23957681655884, 4737
43.23957681655884, 4736
43.23957681655884, 4735
43.24965143203735, 4734
43.24965143203735, 4733
43.25974225997925, 4732
43.28991746902466, 4731
43.30044150352478, 4730
43.320717334747314, 4729
43.361045360565186, 4728
43.45178246498108, 4727
43.49211645126343, 4726
43.54260611534119, 4725
43.562745094299316, 4724
43.570788621902466, 4723
43.653456926345825, 4722
43.734121561050415, 4721
43.79459857940674, 4720
43.82271075248718, 4719
43.83485269546509, 4718
43.883188009262085, 4717
43.9862060546875, 4716
43.99424767494202, 4715
44.00433158874512, 4714
44.00433158874512, 4713
44.07696533203125, 4712
44.13748598098755, 4711
44.13748598098755, 4710
44.1657075881958, 4709
44.1657075881958, 4708
44.2564582824707, 4707
44.25849795341492, 4706
44.38961863517761, 4705
44.39969563484192, 4704
44.449995040893555, 4703
44.449995040893555, 4702
44.62962341308594, 4701
44.87178087234497, 4700
44.87178087234497, 4699
44.87178087234497, 4698
44.87382221221924, 4697
44.87382221221924, 4696
44.90409231185913, 4695
44.93231749534607, 4694
44.93435883522034, 4693
44.944437742233276, 4692
44.964613914489746, 4691
44.97471356391907, 4690
45.002893686294556, 4689
45.002893686294556, 4688
45.00493264198303, 4687
45.00493264198303, 4686
45.02507019042969, 4685
45.156710386276245, 4684
45.17688727378845, 4683
45.257588386535645, 4682
45.26562714576721, 4681
45.267664670944214, 4680
45.267664670944214, 4679
45.287822008132935, 4678
45.31603145599365, 4677
45.437082052230835, 4676
45.437082052230835, 4675
45.48961162567139, 4674
45.49970531463623, 4673
45.51989817619324, 4672
45.5299756526947, 4671
45.67110824584961, 4670
45.72191548347473, 4669
45.80057120323181, 4668
45.833197355270386, 4667
46.02488422393799, 4666
46.267107248306274, 4665
46.65078043937683, 4664
46.70136547088623, 4663
46.78205895423889, 4662
46.802340269088745, 4661
46.82265043258667, 4660
46.93400311470032, 4659
46.93400311470032, 4658
46.95411396026611, 4657
46.95411396026611, 4656
46.974300146102905, 4655
47.014612674713135, 4654
47.014612674713135, 4653
47.02264213562012, 4652
47.02264213562012, 4651
47.024649143218994, 4650
47.10540819168091, 4649
47.15381956100464, 4648
47.20656085014343, 4647
47.22670817375183, 4646
47.39787483215332, 4645
47.39787483215332, 4644
47.529038429260254, 4643
47.640228033065796, 4642
47.95091128349304, 4641
48.11220169067383, 4640
48.16504979133606, 4639
65.11157989501953, 4638
65.53858256340027, 4637
65.55873584747314, 4636
66.0368423461914, 4635
66.2747483253479, 4634
66.6377580165863, 4633
67.26289010047913, 4632
67.53451824188232, 4631
67.53451824188232, 4630
67.61560416221619, 4629
67.84785270690918, 4628
68.18054032325745, 4627
69.1192741394043, 4626
70.07513761520386, 4625
70.13570976257324, 4624
71.29017949104309, 4623
71.30027341842651, 4622
71.78385043144226, 4621
72.27860713005066, 4620
73.01231646537781, 4619
73.68036103248596, 4618
74.56860733032227, 4617
74.90398263931274, 4616
74.96980714797974, 4615
75.27071714401245, 4614
76.30460715293884, 4613
