0.0, 4858
0.8074181079864502, 4857
0.8124253749847412, 4856
0.9327466487884521, 4855
1.0803539752960205, 4854
1.4777677059173584, 4853
1.607337474822998, 4852
2.207763195037842, 4851
2.510643243789673, 4850
2.5207371711730957, 4849
2.587421178817749, 4848
3.0026354789733887, 4847
3.179128885269165, 4846
3.199572801589966, 4845
3.2096595764160156, 4844
3.2096686363220215, 4843
3.2177109718322754, 4842
3.270371675491333, 4841
3.407449245452881, 4840
3.737391948699951, 4839
4.2075629234313965, 4838
4.277490615844727, 4837
4.3476128578186035, 4836
4.8074610233306885, 4835
4.819095134735107, 4834
4.859433174133301, 4833
4.86952018737793, 4832
5.079640865325928, 4831
5.517501592636108, 4830
5.527805328369141, 4829
5.6321492195129395, 4828
5.637739181518555, 4827
5.777568817138672, 4826
6.047727584838867, 4825
6.077456474304199, 4824
6.077456474304199, 4823
6.087786912918091, 4822
6.339715957641602, 4821
6.361348628997803, 4820
6.3962554931640625, 4819
6.410187005996704, 4818
6.77522873878479, 4817
6.77522873878479, 4816
6.865955352783203, 4815
7.27202844619751, 4814
7.397508144378662, 4813
7.9680070877075195, 4812
8.00916576385498, 4811
8.038453102111816, 4810
8.048393487930298, 4809
8.05337929725647, 4808
8.071767330169678, 4807
8.11127233505249, 4806
8.280015468597412, 4805
8.292978525161743, 4804
8.297001123428345, 4803
8.596489191055298, 4802
8.646355390548706, 4801
8.99771237373352, 4800
9.087820053100586, 4799
9.214634895324707, 4798
9.502744436264038, 4797
9.527557849884033, 4796
9.987503051757812, 4795
10.581695556640625, 4794
10.594388246536255, 4793
10.614248991012573, 4792
10.677279949188232, 4791
10.681276082992554, 4790
10.764047384262085, 4789
11.578032493591309, 4788
11.579030990600586, 4787
11.757821559906006, 4786
12.210986614227295, 4785
12.833121061325073, 4784
13.172175407409668, 4783
13.197105884552002, 4782
13.227422952651978, 4781
13.512373924255371, 4780
14.338459491729736, 4779
14.457642316818237, 4778
14.477558135986328, 4777
15.17713451385498, 4776
15.225898504257202, 4775
15.6005859375, 4774
15.897765159606934, 4773
16.005059957504272, 4772
16.01902174949646, 4771
16.032986164093018, 4770
16.058916091918945, 4769
16.07490348815918, 4768
17.07164168357849, 4767
17.365852117538452, 4766
17.899681329727173, 4765
18.40732431411743, 4764
18.477646350860596, 4763
18.99736452102661, 4762
19.300421953201294, 4761
19.31988501548767, 4760
19.459506034851074, 4759
19.4944429397583, 4758
19.857784271240234, 4757
