0.0, 4858
2.9572277069091797, 4857
3.2893407344818115, 4856
3.5516388416290283, 4855
4.160430192947388, 4854
4.166382074356079, 4853
4.183337450027466, 4852
4.189321279525757, 4851
4.317816495895386, 4850
4.595871210098267, 4849
4.702709913253784, 4848
4.702709913253784, 4847
4.956425905227661, 4846
5.108727931976318, 4845
5.259324073791504, 4844
5.346092224121094, 4843
5.673054456710815, 4842
5.942823171615601, 4841
6.033579349517822, 4840
6.058511257171631, 4839
6.090425729751587, 4838
6.406612157821655, 4837
6.4235687255859375, 4836
6.424564599990845, 4835
6.434506893157959, 4834
6.813719749450684, 4833
6.838751554489136, 4832
6.849120855331421, 4831
6.996362686157227, 4830
7.019066095352173, 4829
7.449922561645508, 4828
8.340997695922852, 4827
8.433749914169312, 4826
8.530524969100952, 4825
8.541462898254395, 4824
8.880556344985962, 4823
9.453244924545288, 4822
9.782366275787354, 4821
9.815277338027954, 4820
9.966872692108154, 4819
9.9718599319458, 4818
10.023751258850098, 4817
10.071592092514038, 4816
10.08056926727295, 4815
10.520424365997314, 4814
10.752804040908813, 4813
11.050971984863281, 4812
11.105858564376831, 4811
11.189601421356201, 4810
11.830886840820312, 4809
12.000085592269897, 4808
12.035989761352539, 4807
12.080902099609375, 4806
12.256401777267456, 4805
12.30028486251831, 4804
12.404006719589233, 4803
12.439910173416138, 4802
12.467863321304321, 4801
12.785017728805542, 4800
13.750753164291382, 4799
13.874099969863892, 4798
13.972559928894043, 4797
14.003803968429565, 4796
14.018845319747925, 4795
14.16965389251709, 4794
14.179734468460083, 4793
14.7560715675354, 4792
14.906713008880615, 4791
14.927687406539917, 4790
14.92968201637268, 4789
14.946604490280151, 4788
15.352825403213501, 4787
15.352825403213501, 4786
15.438132524490356, 4785
15.539066553115845, 4784
15.838140964508057, 4783
16.233083963394165, 4782
16.23906707763672, 4781
16.296913385391235, 4780
16.684978246688843, 4779
19.18298649787903, 4778
19.868526935577393, 4777
19.963877201080322, 4776
20.09951424598694, 4775
20.679252862930298, 4774
21.227510452270508, 4773
22.24486780166626, 4772
23.01680016517639, 4771
23.51816415786743, 4770
23.533785343170166, 4769
23.678950548171997, 4768
23.7167387008667, 4767
23.763601779937744, 4766
23.969301223754883, 4765
23.985928773880005, 4764
24.032828330993652, 4763
24.10189461708069, 4762
24.117515563964844, 4761
24.280274152755737, 4760
24.629920721054077, 4759
24.830036401748657, 4758
24.861313819885254, 4757
25.03047466278076, 4756
25.498379468917847, 4755
25.498379468917847, 4754
26.08417272567749, 4753
26.099798440933228, 4752
26.335586309432983, 4751
26.355753660202026, 4750
26.49726676940918, 4749
26.51743459701538, 4748
26.5254807472229, 4747
26.587934970855713, 4746
26.608102798461914, 4745
26.636342525482178, 4744
26.658554077148438, 4743
26.93034553527832, 4742
26.938366889953613, 4741
26.970566987991333, 4740
27.349130868911743, 4739
27.48375415802002, 4738
27.493798971176147, 4737
27.544180631637573, 4736
27.544180631637573, 4735
27.795660972595215, 4734
28.21088480949402, 4733
28.271411895751953, 4732
28.533849000930786, 4731
28.735100507736206, 4730
28.763328552246094, 4729
28.805814743041992, 4728
28.978811264038086, 4727
28.9909451007843, 4726
29.06922483444214, 4725
29.212475299835205, 4724
30.049965381622314, 4723
30.61467409133911, 4722
30.80616283416748, 4721
30.838416576385498, 4720
30.91922426223755, 4719
30.929308652877808, 4718
30.939385175704956, 4717
30.9596209526062, 4716
31.70579957962036, 4715
31.94844675064087, 4714
31.996761798858643, 4713
32.147961139678955, 4712
32.260995864868164, 4711
32.29126000404358, 4710
32.59420037269592, 4709
33.08643078804016, 4708
33.552526235580444, 4707
33.58276605606079, 4706
33.673537492752075, 4705
33.68361687660217, 4704
33.69165587425232, 4703
33.86547613143921, 4702
33.92607092857361, 4701
34.0268976688385, 4700
34.35964894294739, 4699
34.5616717338562, 4698
35.26654267311096, 4697
35.69250965118408, 4696
36.16434931755066, 4695
36.17443490028381, 4694
36.29784154891968, 4693
36.307928800582886, 4692
36.67835283279419, 4691
36.72070789337158, 4690
36.77927017211914, 4689
37.09439754486084, 4688
37.485870361328125, 4687
37.63889145851135, 4686
37.78807854652405, 4685
37.911335706710815, 4684
38.11322784423828, 4683
38.28459072113037, 4682
38.304760217666626, 4681
38.335023164749146, 4680
38.65744090080261, 4679
38.72603154182434, 4678
39.18216681480408, 4677
39.192259788513184, 4676
40.211637020111084, 4675
40.40323448181152, 4674
40.43376970291138, 4673
40.75631022453308, 4672
40.928065061569214, 4671
40.99655771255493, 4670
41.259520292282104, 4669
41.803577184677124, 4668
42.12624144554138, 4667
42.26998472213745, 4666
42.33047914505005, 4665
42.53194570541382, 4664
42.77398872375488, 4663
42.8143789768219, 4662
43.08110523223877, 4661
43.23637795448303, 4660
44.25871276855469, 4659
44.34946393966675, 4658
44.712920904159546, 4657
44.73308873176575, 4656
44.78364086151123, 4655
45.30621528625488, 4654
45.6408965587616, 4653
46.2961790561676, 4652
46.487783908843994, 4651
47.174145460128784, 4650
48.22482514381409, 4649
48.28529715538025, 4648
48.83029341697693, 4647
48.98223614692688, 4646
49.0326771736145, 4645
49.12135076522827, 4644
49.36522626876831, 4643
50.45572090148926, 4642
50.46580648422241, 4641
50.516223430633545, 4640
50.67753195762634, 4639
50.87956142425537, 4638
51.29248762130737, 4637
51.3409481048584, 4636
51.38370943069458, 4635
52.5817654132843, 4634
52.634228229522705, 4633
52.674590826034546, 4632
53.24981474876404, 4631
55.30773067474365, 4630
55.84259057044983, 4629
55.860722064971924, 4628
56.09446668624878, 4627
57.36348509788513, 4626
57.47683072090149, 4625
58.485456466674805, 4624
59.83975577354431, 4623
60.233047008514404, 4622
62.94895148277283, 4621
64.75661396980286, 4620
65.09803867340088, 4619
65.11818027496338, 4618
65.63462209701538, 4617
65.6426613330841, 4616
66.03839659690857, 4615
66.46193480491638, 4614
66.83749675750732, 4613
68.06746530532837, 4612
68.07752227783203, 4611
68.07956624031067, 4610
68.200514793396, 4609
68.9044840335846, 4608
69.23183560371399, 4607
71.13849020004272, 4606
72.58004426956177, 4605
73.36715149879456, 4604
74.83928608894348, 4603
75.18458914756775, 4602
77.55698084831238, 4601
77.56704139709473, 4600
79.76614737510681, 4599
79.97844243049622, 4598
