0.32114148139953613, 10747
0.398972749710083, 10746
0.4488391876220703, 10745
0.497708797454834, 10744
0.5545578002929688, 10743
0.6213779449462891, 10742
0.67323899269104, 10741
0.7450482845306396, 10740
0.8028924465179443, 10739
0.8567764759063721, 10738
0.942518949508667, 10737
1.0233030319213867, 10736
1.0911216735839844, 10735
1.1499974727630615, 10734
1.1529905796051025, 10733
1.154984712600708, 10732
1.1579763889312744, 10731
1.1589407920837402, 10730
1.1599376201629639, 10729
1.1609349250793457, 10728
1.1619322299957275, 10727
1.1629297733306885, 10726
1.16595458984375, 10725
1.167949914932251, 10724
1.17094087600708, 10723
1.1729357242584229, 10722
1.1759278774261475, 10721
1.1779251098632812, 10720
1.1808829307556152, 10719
1.1818816661834717, 10718
1.183875322341919, 10717
1.1868677139282227, 10716
1.1888620853424072, 10715
1.19085693359375, 10714
1.1928515434265137, 10713
1.1938490867614746, 10712
1.1968414783477783, 10711
1.1978394985198975, 10710
1.198836088180542, 10709
1.1998333930969238, 10708
1.2008299827575684, 10707
1.2018275260925293, 10706
1.2028248310089111, 10705
1.2038226127624512, 10704
1.2048194408416748, 10703
1.2058169841766357, 10702
1.2068142890930176, 10701
1.2078118324279785, 10700
1.2098064422607422, 10699
1.2118010520935059, 10698
1.2177832126617432, 10697
1.2227697372436523, 10696
1.2237672805786133, 10695
1.2247645854949951, 10694
1.2257616519927979, 10693
1.2267589569091797, 10692
1.2277588844299316, 10691
1.2287559509277344, 10690
1.2307507991790771, 10689
1.232771873474121, 10688
1.2357628345489502, 10687
1.2377655506134033, 10686
1.2407546043395996, 10685
1.2437138557434082, 10684
1.2457084655761719, 10683
1.2477035522460938, 10682
1.2487003803253174, 10681
1.2496976852416992, 10680
1.251692295074463, 10679
1.2536869049072266, 10678
1.255685806274414, 10677
1.256683111190796, 10676
1.2576799392700195, 10675
1.2586793899536133, 10674
1.259674072265625, 10673
1.260669469833374, 10672
1.2626678943634033, 10671
1.263662576675415, 10670
1.2656903266906738, 10669
1.2686800956726074, 10668
1.270672082901001, 10667
1.2726385593414307, 10666
1.2736356258392334, 10665
1.2746326923370361, 10664
1.2756307125091553, 10663
1.276627779006958, 10662
1.2786219120025635, 10661
1.2806153297424316, 10660
1.2856016159057617, 10659
1.2925829887390137, 10658
1.3025565147399902, 10657
1.3145246505737305, 10656
1.315521478652954, 10655
1.3165225982666016, 10654
1.317516565322876, 10653
1.3185153007507324, 10652
1.3195111751556396, 10651
1.3205084800720215, 10650
1.3205084800720215, 10649
1.3215055465698242, 10648
1.3225030899047852, 10647
1.323500394821167, 10646
1.3244976997375488, 10645
1.3254947662353516, 10644
1.3264923095703125, 10643
1.3274896144866943, 10642
1.3284869194030762, 10641
1.329484462738037, 10640
1.3325109481811523, 10639
1.3374981880187988, 10638
1.3394930362701416, 10637
1.3424797058105469, 10636
1.3444769382476807, 10635
1.3474376201629639, 10634
1.349433183670044, 10633
1.3504300117492676, 10632
1.3514275550842285, 10631
1.3524250984191895, 10630
1.3534221649169922, 10629
1.3554165363311768, 10628
1.3574116230010986, 10627
1.3594062328338623, 10626
1.360403299331665, 10625
1.361400842666626, 10624
1.3633954524993896, 10623
1.3654212951660156, 10622
1.3694126605987549, 10621
1.3743948936462402, 10620
1.3813469409942627, 10619
1.38832688331604, 10618
1.3903217315673828, 10617
1.3933141231536865, 10616
1.395308494567871, 10615
1.3973031044006348, 10614
1.4003276824951172, 10613
1.4023232460021973, 10612
1.4053144454956055, 10611
1.4073090553283691, 10610
1.409306287765503, 10609
1.4122660160064697, 10608
1.4132628440856934, 10607
1.414259910583496, 10606
1.415257215499878, 10605
1.4162542819976807, 10604
1.4172511100769043, 10603
1.4192461967468262, 10602
1.4212405681610107, 10601
1.4232351779937744, 10600
1.4252300262451172, 10599
1.4272239208221436, 10598
1.4302148818969727, 10597
1.4312145709991455, 10596
1.4332075119018555, 10595
1.4361989498138428, 10594
1.4381940364837646, 10593
1.4411859512329102, 10592
1.4431803226470947, 10591
1.4451751708984375, 10590
1.4461724758148193, 10589
1.4491996765136719, 10588
1.451195478439331, 10587
1.454181432723999, 10586
1.4561781883239746, 10585
1.459139108657837, 10584
1.4631271362304688, 10583
1.4651215076446533, 10582
1.468113660812378, 10581
1.4711053371429443, 10580
1.4770896434783936, 10579
1.4851012229919434, 10578
1.4990589618682861, 10577
1.5170154571533203, 10576
1.5190105438232422, 10575
1.522002935409546, 10574
1.5229673385620117, 10573
1.5239644050598145, 10572
1.5239644050598145, 10571
1.5249617099761963, 10570
1.5259590148925781, 10569
1.5269560813903809, 10568
1.5279533863067627, 10567
1.5289509296417236, 10566
1.5299482345581055, 10565
1.5319764614105225, 10564
1.5349676609039307, 10563
1.5369646549224854, 10562
1.538926362991333, 10561
1.5399231910705566, 10560
1.5419178009033203, 10559
1.5429151058197021, 10558
1.543912649154663, 10557
1.544909954071045, 10556
1.545907735824585, 10555
1.546903133392334, 10554
1.549896478652954, 10553
1.5518913269042969, 10552
1.5548810958862305, 10551
1.5569109916687012, 10550
1.559901475906372, 10549
1.5618958473205566, 10548
1.5638597011566162, 10547
1.5668857097625732, 10546
1.5688791275024414, 10545
1.5708742141723633, 10544
1.5718388557434082, 10543
1.5728354454040527, 10542
1.5748298168182373, 10541
1.5778217315673828, 10540
1.5828399658203125, 10539
1.5898187160491943, 10538
1.591815710067749, 10537
1.593810796737671, 10536
1.596801996231079, 10535
1.598797082901001, 10534
1.6017565727233887, 10533
1.6037509441375732, 10532
1.605745792388916, 10531
1.6067428588867188, 10530
1.6077401638031006, 10529
1.6087372303009033, 10528
1.6087372303009033, 10527
1.6097347736358643, 10526
1.6107323169708252, 10525
1.611729621887207, 10524
1.613724708557129, 10523
1.614722728729248, 10522
1.6167161464691162, 10521
1.6187105178833008, 10520
1.6187105178833008, 10519
1.6197080612182617, 10518
1.6207053661346436, 10517
1.6217029094696045, 10516
1.6227011680603027, 10515
1.6236975193023682, 10514
1.62469482421875, 10513
1.62469482421875, 10512
1.6266894340515137, 10511
1.6276869773864746, 10510
1.6316783428192139, 10509
1.6376607418060303, 10508
1.6436467170715332, 10507
1.6516554355621338, 10506
1.6536476612091064, 10505
1.6556451320648193, 10504
1.6586406230926514, 10503
1.6606323719024658, 10502
1.6640663146972656, 10501
1.6665828227996826, 10500
1.6675801277160645, 10499
1.6685779094696045, 10498
1.6695749759674072, 10497
1.67057204246521, 10496
1.671569585800171, 10495
1.671569585800171, 10494
1.6725668907165527, 10493
1.6735639572143555, 10492
1.6745615005493164, 10491
1.6755588054656982, 10490
1.677553415298462, 10489
1.6795485019683838, 10488
1.6805458068847656, 10487
1.6815428733825684, 10486
1.684535026550293, 10485
1.6865296363830566, 10484
1.6895215511322021, 10483
1.691516399383545, 10482
1.6935110092163086, 10481
1.6945106983184814, 10480
1.695507526397705, 10479
1.695507526397705, 10478
1.6975336074829102, 10477
1.7004921436309814, 10476
1.7024879455566406, 10475
1.7024879455566406, 10474
1.703484296798706, 10473
1.7044813632965088, 10472
1.7064759731292725, 10471
1.7084708213806152, 10470
1.7114627361297607, 10469
1.715451955795288, 10468
1.717447280883789, 10467
1.7194414138793945, 10466
1.7224335670471191, 10465
1.7244288921356201, 10464
1.7264232635498047, 10463
1.729414939880371, 10462
1.731410264968872, 10461
1.7344012260437012, 10460
1.736396074295044, 10459
1.7383906841278076, 10458
1.7413830757141113, 10457
1.7423806190490723, 10456
1.743377447128296, 10455
1.7443747520446777, 10454
1.7453722953796387, 10453
1.7463693618774414, 10452
1.749361515045166, 10451
1.7533795833587646, 10450
1.7563762664794922, 10449
1.7583377361297607, 10448
1.7583377361297607, 10447
1.7593348026275635, 10446
1.7603323459625244, 10445
1.7613294124603271, 10444
1.762326955795288, 10443
1.7653543949127197, 10442
1.7663168907165527, 10441
1.7673137187957764, 10440
1.768310785293579, 10439
1.7693078517913818, 10438
1.7703053951263428, 10437
1.7713027000427246, 10436
1.7723002433776855, 10435
1.7732975482940674, 10434
1.7742948532104492, 10433
1.7762892246246338, 10432
1.7792813777923584, 10431
1.782273292541504, 10430
1.7862627506256104, 10429
1.7932441234588623, 10428
1.8022198677062988, 10427
1.8121938705444336, 10426
1.8141887187957764, 10425
1.816183090209961, 10424
1.8750581741333008, 10423
1.8770506381988525, 10422
1.8790481090545654, 10421
1.88004732131958, 10420
1.8820421695709229, 10419
1.8840341567993164, 10418
1.8859984874725342, 10417
1.8859984874725342, 10416
1.8869953155517578, 10415
1.8869953155517578, 10414
1.8879923820495605, 10413
1.8879923820495605, 10412
1.8889899253845215, 10411
1.8889899253845215, 10410
1.8899877071380615, 10409
1.8899877071380615, 10408
1.8909847736358643, 10407
1.8919835090637207, 10406
1.8919835090637207, 10405
1.892979621887207, 10404
1.8939766883850098, 10403
1.8939766883850098, 10402
1.8949737548828125, 10401
1.8949737548828125, 10400
1.8959712982177734, 10399
1.8969674110412598, 10398
1.8969674110412598, 10397
1.8979666233062744, 10396
1.8979666233062744, 10395
1.8989636898040771, 10394
1.8989636898040771, 10393
1.899960994720459, 10392
1.9009578227996826, 10391
1.9009578227996826, 10390
1.90195631980896, 10389
1.9029541015625, 10388
1.9029541015625, 10387
1.9039504528045654, 10386
1.9039504528045654, 10385
1.9049477577209473, 10384
1.9049477577209473, 10383
1.9059443473815918, 10382
1.9059443473815918, 10381
1.9069416522979736, 10380
1.9079396724700928, 10379
1.9079396724700928, 10378
1.9089367389678955, 10377
1.9089367389678955, 10376
1.9099338054656982, 10375
1.9109313488006592, 10374
1.9109313488006592, 10373
1.911928415298462, 10372
1.911928415298462, 10371
1.9129257202148438, 10370
1.9139227867126465, 10369
1.9159502983093262, 10368
1.9179439544677734, 10367
1.9189410209655762, 10366
1.9209356307983398, 10365
1.9228990077972412, 10364
1.9258906841278076, 10363
1.9278874397277832, 10362
1.9288833141326904, 10361
1.9298853874206543, 10360
1.9319069385528564, 10359
1.9339017868041992, 10358
1.9358980655670166, 10357
1.9378581047058105, 10356
1.9378581047058105, 10355
1.9388551712036133, 10354
1.9388551712036133, 10353
1.939851999282837, 10352
1.939851999282837, 10351
1.9408495426177979, 10350
1.9408495426177979, 10349
1.9418468475341797, 10348
1.9418468475341797, 10347
1.9428439140319824, 10346
1.9428439140319824, 10345
1.9438414573669434, 10344
1.9448387622833252, 10343
1.9448387622833252, 10342
1.945836067199707, 10341
1.945836067199707, 10340
1.947831392288208, 10339
1.9488286972045898, 10338
1.9488286972045898, 10337
1.9498255252838135, 10336
1.9498255252838135, 10335
1.9508228302001953, 10334
1.9508228302001953, 10333
1.9518201351165771, 10332
1.9518201351165771, 10331
1.952817440032959, 10330
1.952817440032959, 10329
1.9538147449493408, 10328
1.9538147449493408, 10327
1.9548120498657227, 10326
1.9558095932006836, 10325
1.9558095932006836, 10324
1.9568066596984863, 10323
1.9568066596984863, 10322
1.9578042030334473, 10321
1.9578042030334473, 10320
1.958801507949829, 10319
1.9597992897033691, 10318
1.9597992897033691, 10317
1.960796594619751, 10316
1.960796594619751, 10315
1.9617934226989746, 10314
1.9627914428710938, 10313
1.9648220539093018, 10312
1.966813564300537, 10311
1.9678127765655518, 10310
1.9698073863983154, 10309
1.9717998504638672, 10308
1.9728050231933594, 10307
1.9747917652130127, 10306
1.9767544269561768, 10305
1.9777543544769287, 10304
1.9807460308074951, 10303
1.9827380180358887, 10302
1.9837374687194824, 10301
1.9837374687194824, 10300
1.9857313632965088, 10299
1.9867286682128906, 10298
1.9877259731292725, 10297
1.9887235164642334, 10296
1.990718126296997, 10295
1.991715431213379, 10294
1.9937107563018799, 10293
1.9947056770324707, 10292
1.996701955795288, 10291
1.9976997375488281, 10290
1.9986963272094727, 10289
1.9996933937072754, 10288
1.9996933937072754, 10287
2.000690460205078, 10286
2.0016896724700928, 10285
2.0026869773864746, 10284
2.0026869773864746, 10283
2.0036823749542236, 10282
2.004678964614868, 10281
2.004678964614868, 10280
2.005676031112671, 10279
2.005676031112671, 10278
2.006673812866211, 10277
2.0076708793640137, 10276
2.0076708793640137, 10275
2.0086679458618164, 10274
2.0086679458618164, 10273
2.0096659660339355, 10272
2.010662794113159, 10271
2.010662794113159, 10270
2.011660099029541, 10269
2.011660099029541, 10268
2.012657642364502, 10267
2.013657331466675, 10266
2.0156848430633545, 10265
2.017679214477539, 10264
2.0196726322174072, 10263
2.0196726322174072, 10262
2.020636558532715, 10261
2.0216333866119385, 10260
2.0216333866119385, 10259
2.0226306915283203, 10258
2.0226306915283203, 10257
2.023627996444702, 10256
2.023627996444702, 10255
2.024625539779663, 10254
2.025625705718994, 10253
2.025625705718994, 10252
2.0266220569610596, 10251
2.0276193618774414, 10250
2.0276193618774414, 10249
2.0286173820495605, 10248
2.0296127796173096, 10247
2.0306100845336914, 10246
2.0306100845336914, 10245
2.031606912612915, 10244
2.031606912612915, 10243
2.0326039791107178, 10242
2.0326039791107178, 10241
2.0336012840270996, 10240
2.0345988273620605, 10239
2.0345988273620605, 10238
2.0355961322784424, 10237
2.0355961322784424, 10236
2.0365943908691406, 10235
2.0365943908691406, 10234
2.037590742111206, 10233
2.037590742111206, 10232
2.038588047027588, 10231
2.038588047027588, 10230
2.0395853519439697, 10229
2.0405826568603516, 10228
2.0415825843811035, 10227
2.0415825843811035, 10226
2.0425777435302734, 10225
2.0425777435302734, 10224
2.043574810028076, 10223
2.044572114944458, 10222
2.044572114944458, 10221
2.04556941986084, 10220
2.04556941986084, 10219
2.047600269317627, 10218
2.0485947132110596, 10217
2.0505893230438232, 10216
2.05255126953125, 10215
2.053549289703369, 10214
2.0545461177825928, 10213
2.0555429458618164, 10212
2.0555429458618164, 10211
2.0565407276153564, 10210
2.058534860610962, 10209
2.060532569885254, 10208
2.060532569885254, 10207
2.0615286827087402, 10206
2.0615286827087402, 10205
2.062525749206543, 10204
2.062525749206543, 10203
2.0635218620300293, 10202
2.064521312713623, 10201
2.064521312713623, 10200
2.065516948699951, 10199
2.066514015197754, 10198
2.066514015197754, 10197
2.0675113201141357, 10196
2.0675113201141357, 10195
2.068509340286255, 10194
2.068509340286255, 10193
2.0695061683654785, 10192
2.0705039501190186, 10191
2.0705039501190186, 10190
2.071500778198242, 10189
2.071500778198242, 10188
2.072498083114624, 10187
2.0734972953796387, 10186
2.074493408203125, 10185
2.0754904747009277, 10184
2.0754904747009277, 10183
2.0764870643615723, 10182
2.0764870643615723, 10181
2.0774848461151123, 10180
2.0774848461151123, 10179
2.078481435775757, 10178
2.078481435775757, 10177
2.0794787406921387, 10176
2.080477237701416, 10175
2.0824708938598633, 10174
2.0844662189483643, 10173
2.0844662189483643, 10172
2.085463285446167, 10171
2.085463285446167, 10170
2.086460590362549, 10169
2.0874574184417725, 10168
2.0874574184417725, 10167
2.0884552001953125, 10166
2.0884552001953125, 10165
2.0894525051116943, 10164
2.0894525051116943, 10163
2.090449571609497, 10162
2.090449571609497, 10161
2.0914466381073, 10160
2.0914466381073, 10159
2.092444896697998, 10158
2.0934412479400635, 10157
2.0934412479400635, 10156
2.0944387912750244, 10155
2.0944387912750244, 10154
2.0954360961914062, 10153
2.0954360961914062, 10152
2.096433401107788, 10151
2.0984280109405518, 10150
2.0994253158569336, 10149
2.1014201641082764, 10148
2.1034157276153564, 10147
2.104412317276001, 10146
2.106407642364502, 10145
2.1084022521972656, 10144
2.10939884185791, 10143
2.111393451690674, 10142
2.1133885383605957, 10141
2.114386796951294, 10140
2.116382122039795, 10139
2.1173787117004395, 10138
2.118375539779663, 10137
2.119373321533203, 10136
2.1203699111938477, 10135
2.1213674545288086, 10134
2.1223647594451904, 10133
2.1233620643615723, 10132
2.1243598461151123, 10131
2.125356674194336, 10130
2.1263539791107178, 10129
2.1273512840270996, 10128
2.1283493041992188, 10127
2.1283493041992188, 10126
2.1303436756134033, 10125
2.131340742111206, 10124
2.1333353519439697, 10123
2.135329246520996, 10122
2.137324094772339, 10121
2.1393189430236816, 10120
2.140316963195801, 10119
2.142310857772827, 10118
2.144305467605591, 10117
2.1453025341033936, 10116
2.147298574447632, 10115
2.149292230606079, 10114
2.1502907276153564, 10113
2.1522843837738037, 10112
2.1532819271087646, 10111
2.1542792320251465, 10110
2.1562743186950684, 10109
2.1562743186950684, 10108
2.157271385192871, 10107
2.157271385192871, 10106
2.158268690109253, 10105
2.159266471862793, 10104
2.159266471862793, 10103
2.160264015197754, 10102
2.160264015197754, 10101
2.1622581481933594, 10100
2.163255453109741, 10099
2.1642534732818604, 10098
2.1642534732818604, 10097
2.1652493476867676, 10096
2.1662466526031494, 10095
2.1662466526031494, 10094
2.1672441959381104, 10093
2.1672441959381104, 10092
2.168241500854492, 10091
2.168241500854492, 10090
2.169238805770874, 10089
2.169238805770874, 10088
2.1702358722686768, 10087
2.1702358722686768, 10086
2.1712334156036377, 10085
2.1712334156036377, 10084
2.1722311973571777, 10083
2.1732280254364014, 10082
2.1732280254364014, 10081
2.1742258071899414, 10080
2.1742258071899414, 10079
2.175222873687744, 10078
2.175222873687744, 10077
2.176219940185547, 10076
2.176219940185547, 10075
2.177217483520508, 10074
2.1782147884368896, 10073
2.1782147884368896, 10072
2.1792123317718506, 10071
2.1802122592926025, 10070
2.1822328567504883, 10069
2.1842269897460938, 10068
2.1852316856384277, 10067
2.1872191429138184, 10066
2.188218355178833, 10065
2.190216302871704, 10064
2.192213535308838, 10063
2.194173812866211, 10062
2.196197509765625, 10061
2.1981942653656006, 10060
2.1991946697235107, 10059
2.2011899948120117, 10058
2.202181339263916, 10057
2.2041757106781006, 10056
2.206174850463867, 10055
2.207172393798828, 10054
2.209132671356201, 10053
2.209132671356201, 10052
2.210129499435425, 10051
2.210129499435425, 10050
2.2111265659332275, 10049
2.2111265659332275, 10048
2.2121241092681885, 10047
2.2121241092681885, 10046
2.2131214141845703, 10045
2.2141191959381104, 10044
2.2141191959381104, 10043
2.215116262435913, 10042
2.215116262435913, 10041
2.216113567352295, 10040
2.216113567352295, 10039
2.2171106338500977, 10038
2.2171106338500977, 10037
2.2181079387664795, 10036
2.2181079387664795, 10035
2.2191059589385986, 10034
2.2191059589385986, 10033
2.220104455947876, 10032
2.220104455947876, 10031
2.221099853515625, 10030
2.221099853515625, 10029
2.222097396850586, 10028
2.222097396850586, 10027
2.2230947017669678, 10026
2.2230947017669678, 10025
2.2240920066833496, 10024
2.2240920066833496, 10023
2.2250895500183105, 10022
2.2250895500183105, 10021
2.2260866165161133, 10020
2.2260866165161133, 10019
2.2281174659729004, 10018
2.230076551437378, 10017
2.2311086654663086, 10016
2.2331035137176514, 10015
2.235097646713257, 10014
2.2360901832580566, 10013
2.2380871772766113, 10012
2.2390871047973633, 10011
2.2400524616241455, 10010
2.2410473823547363, 10009
2.2410473823547363, 10008
2.242044448852539, 10007
2.242044448852539, 10006
2.2430412769317627, 10005
2.2430412769317627, 10004
2.2450366020202637, 10003
2.2460358142852783, 10002
2.2470321655273438, 10001
2.24906063079834, 10000
2.2510523796081543, 9999
2.252047538757324, 9998
2.254045009613037, 9997
2.25504469871521, 9996
2.2570390701293945, 9995
2.2590315341949463, 9994
2.2609946727752686, 9993
2.2620251178741455, 9992
2.264019727706909, 9991
2.265986442565918, 9990
2.26701021194458, 9989
2.2690048217773438, 9988
2.2729623317718506, 9987
2.2739603519439697, 9986
2.274956464767456, 9985
2.274956464767456, 9984
2.275953531265259, 9983
2.275953531265259, 9982
2.2769505977630615, 9981
2.2769505977630615, 9980
2.2779479026794434, 9979
2.2779479026794434, 9978
2.2789454460144043, 9977
2.2789454460144043, 9976
2.2799429893493652, 9975
2.281970500946045, 9974
2.2839624881744385, 9973
2.2849626541137695, 9972
2.2859292030334473, 9971
2.2859292030334473, 9970
2.286926746368408, 9969
2.287923574447632, 9968
2.2889204025268555, 9967
2.2899177074432373, 9966
2.291912794113159, 9965
2.292909622192383, 9964
2.2939069271087646, 9963
2.2939069271087646, 9962
2.2949044704437256, 9961
2.2959022521972656, 9960
2.2968974113464355, 9959
2.297928810119629, 9958
2.2999191284179688, 9957
2.300919771194458, 9956
2.3029165267944336, 9955
2.3049113750457764, 9954
2.305906295776367, 9953
2.30789852142334, 9952
2.308899402618408, 9951
2.3108952045440674, 9950
2.3108952045440674, 9949
2.3118579387664795, 9948
2.3128576278686523, 9947
2.31488299369812, 9946
2.3158771991729736, 9945
2.3168797492980957, 9944
2.317843437194824, 9943
2.318840265274048, 9942
2.318840265274048, 9941
2.319837808609009, 9940
2.319837808609009, 9939
2.3208351135253906, 9938
2.3208351135253906, 9937
2.3218321800231934, 9936
2.3218321800231934, 9935
2.3228297233581543, 9934
2.3228297233581543, 9933
2.3238272666931152, 9932
2.3238272666931152, 9931
2.324824333190918, 9930
2.3258216381073, 9929
2.3258216381073, 9928
2.326819658279419, 9927
2.326819658279419, 9926
2.326819658279419, 9925
2.3278167247772217, 9924
2.3288137912750244, 9923
2.3288137912750244, 9922
2.3288137912750244, 9921
2.330840826034546, 9920
2.332833766937256, 9919
2.333832263946533, 9918
2.3358259201049805, 9917
2.337820529937744, 9916
2.338817834854126, 9915
2.340812921524048, 9914
2.3418099880218506, 9913
2.3438048362731934, 9912
2.3438048362731934, 9911
2.3447699546813965, 9910
2.3447699546813965, 9909
2.34576678276062, 9908
2.34576678276062, 9907
2.347792148590088, 9906
2.3497884273529053, 9905
2.3507883548736572, 9904
2.352783441543579, 9903
2.3547754287719727, 9902
2.3557703495025635, 9901
2.357767343521118, 9900
2.3597617149353027, 9899
2.3607277870178223, 9898
2.362722635269165, 9897
2.3647499084472656, 9896
2.366745948791504, 9895
2.3677096366882324, 9894
2.3697361946105957, 9893
2.3707327842712402, 9892
2.372727394104004, 9891
2.3747243881225586, 9890
2.3747243881225586, 9889
2.3756871223449707, 9888
2.3756871223449707, 9887
2.3766841888427734, 9886
2.3776814937591553, 9885
2.3776814937591553, 9884
2.378679037094116, 9883
2.378679037094116, 9882
2.37967586517334, 9881
2.3817033767700195, 9880
2.3836982250213623, 9879
2.384697675704956, 9878
2.386690616607666, 9877
2.3886847496032715, 9876
2.3896820545196533, 9875
2.408599376678467, 9874
2.4105942249298096, 9873
2.413586378097534, 9872
2.4145851135253906, 9871
2.4155805110931396, 9870
2.416579484939575, 9869
2.4175751209259033, 9868
2.418572425842285, 9867
2.426551103591919, 9866
2.427550792694092, 9865
2.4285473823547363, 9864
2.4305756092071533, 9863
2.432570457458496, 9862
2.433565139770508, 9861
2.4355571269989014, 9860
2.4365570545196533, 9859
2.4385581016540527, 9858
2.439549684524536, 9857
2.4415435791015625, 9856
2.4425411224365234, 9855
2.444535493850708, 9854
2.445500373840332, 9853
2.445500373840332, 9852
2.4475278854370117, 9851
2.4485275745391846, 9850
2.4505198001861572, 9849
2.4515140056610107, 9848
2.4535117149353027, 9847
2.4544763565063477, 9846
2.4544763565063477, 9845
2.4554731845855713, 9844
2.4554731845855713, 9843
2.4564714431762695, 9842
2.4564714431762695, 9841
2.4574685096740723, 9840
2.458465337753296, 9839
2.458465337753296, 9838
2.4594624042510986, 9837
2.4594624042510986, 9836
2.4594624042510986, 9835
2.4604599475860596, 9834
2.4614572525024414, 9833
2.4614572525024414, 9832
2.462454319000244, 9831
2.462454319000244, 9830
2.463454484939575, 9829
2.4654791355133057, 9828
2.4674715995788574, 9827
2.4684712886810303, 9826
2.470468044281006, 9825
2.471464157104492, 9824
2.473461866378784, 9823
2.475450277328491, 9822
2.4764509201049805, 9821
2.478447198867798, 9820
2.4804418087005615, 9819
2.4814369678497314, 9818
2.483428716659546, 9817
2.485426425933838, 9816
2.4864256381988525, 9815
2.488420248031616, 9814
2.489414930343628, 9813
2.491407632827759, 9812
2.493405342102051, 9811
2.4944043159484863, 9810
2.4944043159484863, 9809
2.4953670501708984, 9808
2.4953670501708984, 9807
2.496363878250122, 9806
2.4983913898468018, 9805
2.5003857612609863, 9804
2.501383066177368, 9803
2.50337815284729, 9802
2.504377603530884, 9801
2.506370782852173, 9800
2.5073652267456055, 9799
2.5093300342559814, 9798
2.5093300342559814, 9797
2.510326623916626, 9796
2.510326623916626, 9795
2.511323928833008, 9794
2.511323928833008, 9793
2.5123209953308105, 9792
2.5123209953308105, 9791
2.5133190155029297, 9790
2.5153439044952393, 9789
2.516343832015991, 9788
2.5183403491973877, 9787
2.5203347206115723, 9786
2.521329879760742, 9785
2.523322343826294, 9784
2.5253210067749023, 9783
2.5263192653656006, 9782
2.5283138751983643, 9781
2.529308795928955, 9780
2.531270742416382, 9779
2.531270742416382, 9778
2.5322682857513428, 9777
2.5322682857513428, 9776
2.5332651138305664, 9775
2.5332651138305664, 9774
2.5342626571655273, 9773
2.5342626571655273, 9772
2.535259962081909, 9771
2.535259962081909, 9770
2.536257028579712, 9769
2.536257028579712, 9768
2.537254571914673, 9767
2.537254571914673, 9766
2.538252115249634, 9765
2.538252115249634, 9764
2.539249897003174, 9763
2.539249897003174, 9762
2.5402464866638184, 9761
2.5402464866638184, 9760
2.5412440299987793, 9759
2.5412440299987793, 9758
2.542241096496582, 9757
2.542241096496582, 9756
2.543238401412964, 9755
2.543238401412964, 9754
2.545236110687256, 9753
2.5462329387664795, 9752
2.548227310180664, 9751
2.5502216815948486, 9750
2.5512187480926514, 9749
2.5532121658325195, 9748
2.5542097091674805, 9747
2.5542097091674805, 9746
2.555206537246704, 9745
2.555206537246704, 9744
2.556204080581665, 9743
2.557201385498047, 9742
2.557201385498047, 9741
2.558198928833008, 9740
2.558198928833008, 9739
2.5591957569122314, 9738
2.5591957569122314, 9737
2.5601930618286133, 9736
2.561190605163574, 9735
2.563185214996338, 9734
2.5641837120056152, 9733
2.5641837120056152, 9732
2.5651800632476807, 9731
2.5651800632476807, 9730
2.5661780834198, 9729
2.5661780834198, 9728
2.5671751499176025, 9727
2.5671751499176025, 9726
2.5681726932525635, 9725
2.569169521331787, 9724
2.569169521331787, 9723
2.570166826248169, 9722
2.570166826248169, 9721
2.57116436958313, 9720
2.5721614360809326, 9719
2.5721614360809326, 9718
2.5731587409973145, 9717
2.5731587409973145, 9716
2.574155807495117, 9715
2.574155807495117, 9714
2.574155807495117, 9713
2.575153350830078, 9712
2.575153350830078, 9711
2.577148199081421, 9710
2.577148199081421, 9709
2.5781452655792236, 9708
2.5781452655792236, 9707
2.5791432857513428, 9706
2.580141544342041, 9705
2.581137180328369, 9704
2.5831336975097656, 9703
2.5841312408447266, 9702
2.5841312408447266, 9701
2.5851283073425293, 9700
2.586125612258911, 9699
2.587122917175293, 9698
2.588120698928833, 9697
2.5901150703430176, 9696
2.5911121368408203, 9695
2.5911121368408203, 9694
2.5921096801757812, 9693
2.5941028594970703, 9692
2.595102548599243, 9691
2.597097635269165, 9690
2.597097635269165, 9689
2.5980942249298096, 9688
2.5990915298461914, 9687
2.600088596343994, 9686
2.601085662841797, 9685
2.602083206176758, 9684
2.6040775775909424, 9683
2.6050751209259033, 9682
2.6060726642608643, 9681
2.607069492340088, 9680
2.609064817428589, 9679
2.6100618839263916, 9678
2.6100618839263916, 9677
2.6110587120056152, 9676
2.613053560256958, 9675
2.61407208442688, 9674
2.6160788536071777, 9673
2.6170783042907715, 9672
2.61903715133667, 9671
2.6200661659240723, 9670
2.622062921524048, 9669
2.6230592727661133, 9668
2.6230592727661133, 9667
2.624023199081421, 9666
2.6250200271606445, 9665
2.6250200271606445, 9664
2.6260170936584473, 9663
2.6260170936584473, 9662
2.6260170936584473, 9661
2.628012180328369, 9660
2.628012180328369, 9659
2.629009246826172, 9658
2.629009246826172, 9657
2.6300084590911865, 9656
2.6320366859436035, 9655
2.6330318450927734, 9654
2.6350231170654297, 9653
2.63602352142334, 9652
2.636988401412964, 9651
2.636988401412964, 9650
2.6379852294921875, 9649
2.6379852294921875, 9648
2.6389827728271484, 9647
2.6389827728271484, 9646
2.640979528427124, 9645
2.642974376678467, 9644
2.643972635269165, 9643
2.645965099334717, 9642
2.6469619274139404, 9641
2.6469619274139404, 9640
2.6479594707489014, 9639
2.6479594707489014, 9638
2.648956298828125, 9637
2.648956298828125, 9636
2.6499533653259277, 9635
2.6499533653259277, 9634
2.6509509086608887, 9633
2.6509509086608887, 9632
2.6519479751586914, 9631
2.6519479751586914, 9630
2.6529452800750732, 9629
2.6529452800750732, 9628
2.653942346572876, 9627
2.653942346572876, 9626
2.655937910079956, 9625
2.6579318046569824, 9624
2.6589291095733643, 9623
2.659929037094116, 9622
2.659929037094116, 9621
2.660926103591919, 9620
2.660926103591919, 9619
2.661923408508301, 9618
2.6629202365875244, 9617
2.6649153232574463, 9616
2.665912628173828, 9615
2.665912628173828, 9614
2.6669094562530518, 9613
2.667907238006592, 9612
2.668903112411499, 9611
2.6708977222442627, 9610
2.671898126602173, 9609
2.673891544342041, 9608
2.673891544342041, 9607
2.674889326095581, 9606
2.674889326095581, 9605
2.6758861541748047, 9604
2.6758861541748047, 9603
2.6768832206726074, 9602
2.6778790950775146, 9601
2.678879976272583, 9600
2.6798737049102783, 9599
2.6809020042419434, 9598
2.6828956604003906, 9597
2.6848928928375244, 9596
2.686887741088867, 9595
2.686887741088867, 9594
2.687852382659912, 9593
2.687852382659912, 9592
2.6888515949249268, 9591
2.6888515949249268, 9590
2.6898484230041504, 9589
2.6898484230041504, 9588
2.6908459663391113, 9587
2.6908459663391113, 9586
2.6918437480926514, 9585
2.6918437480926514, 9584
2.692840576171875, 9583
2.692840576171875, 9582
2.6938376426696777, 9581
2.6938376426696777, 9580
2.6948351860046387, 9579
2.6948351860046387, 9578
2.6958327293395996, 9577
2.696829319000244, 9576
2.6988532543182373, 9575
2.70084547996521, 9574
2.70084547996521, 9573
2.701815128326416, 9572
2.701815128326416, 9571
2.7028119564056396, 9570
2.7028119564056396, 9569
2.7048091888427734, 9568
2.7048091888427734, 9567
2.705806255340576, 9566
2.705806255340576, 9565
2.706803560256958, 9564
2.706803560256958, 9563
2.70780086517334, 9562
2.70780086517334, 9561
2.7087981700897217, 9560
2.7087981700897217, 9559
2.709794759750366, 9558
2.709794759750366, 9557
2.7107927799224854, 9556
2.7107927799224854, 9555
2.711789608001709, 9554
2.711789608001709, 9553
2.712787628173828, 9552
2.713811159133911, 9551
2.7158100605010986, 9550
2.716808795928955, 9549
2.7188022136688232, 9548
2.720797300338745, 9547
2.721795082092285, 9546
2.7237892150878906, 9545
2.7247862815856934, 9544
2.726780652999878, 9543
2.7277817726135254, 9542
2.728745460510254, 9541
2.7297451496124268, 9540
2.7307684421539307, 9539
2.7327704429626465, 9538
2.733764410018921, 9537
2.735759735107422, 9536
2.7377512454986572, 9535
2.738746404647827, 9534
2.740743398666382, 9533
2.7417430877685547, 9532
2.7437376976013184, 9531
2.7447335720062256, 9530
2.746696710586548, 9529
2.7487220764160156, 9528
2.749723196029663, 9527
2.7506868839263916, 9526
2.7516815662384033, 9525
2.7516815662384033, 9524
2.752678394317627, 9523
2.752678394317627, 9522
2.753675937652588, 9521
2.753675937652588, 9520
2.7546732425689697, 9519
2.7546732425689697, 9518
2.7556703090667725, 9517
2.7566709518432617, 9516
2.7566709518432617, 9515
2.7576658725738525, 9514
2.7576658725738525, 9513
2.7586629390716553, 9512
2.7586629390716553, 9511
2.760660171508789, 9510
2.7616593837738037, 9509
2.7616593837738037, 9508
2.7626562118530273, 9507
2.7646799087524414, 9506
2.7646799087524414, 9505
2.7666423320770264, 9504
2.767639636993408, 9503
2.7686407566070557, 9502
2.7686407566070557, 9501
2.7696380615234375, 9500
2.7696380615234375, 9499
2.77063250541687, 9498
2.77063250541687, 9497
2.771629810333252, 9496
2.77262806892395, 9495
2.77262806892395, 9494
2.773625373840332, 9493
2.773625373840332, 9492
2.7746217250823975, 9491
2.7746217250823975, 9490
2.7756190299987793, 9489
2.7756190299987793, 9488
2.7766165733337402, 9487
2.7766165733337402, 9486
2.777614116668701, 9485
2.777614116668701, 9484
2.778611183166504, 9483
2.778611183166504, 9482
2.7796084880828857, 9481
2.7816364765167236, 9480
2.782632350921631, 9479
2.782632350921631, 9478
2.7835962772369385, 9477
2.7845938205718994, 9476
2.7845938205718994, 9475
2.7845938205718994, 9474
2.785590648651123, 9473
2.786587715148926, 9472
2.786587715148926, 9471
2.786587715148926, 9470
2.7875852584838867, 9469
2.7885828018188477, 9468
2.7885828018188477, 9467
2.7895798683166504, 9466
2.7895798683166504, 9465
2.7905771732330322, 9464
2.7905771732330322, 9463
2.791574239730835, 9462
2.791574239730835, 9461
2.792572021484375, 9460
2.792572021484375, 9459
2.7935690879821777, 9458
2.7935690879821777, 9457
2.7945663928985596, 9456
2.7945663928985596, 9455
2.7955639362335205, 9454
2.7965617179870605, 9453
2.7975590229034424, 9452
2.7985565662384033, 9451
2.799553394317627, 9450
2.799553394317627, 9449
2.8005504608154297, 9448
2.8005504608154297, 9447
2.8005504608154297, 9446
2.8015477657318115, 9445
2.8015477657318115, 9444
2.8025453090667725, 9443
2.8025453090667725, 9442
2.803542375564575, 9441
2.803542375564575, 9440
2.804539918899536, 9439
2.804539918899536, 9438
2.805536985397339, 9437
2.805536985397339, 9436
2.8065345287323, 9435
2.8065345287323, 9434
2.8075318336486816, 9433
2.8085293769836426, 9432
2.8085293769836426, 9431
2.8085293769836426, 9430
2.8095264434814453, 9429
2.8105239868164062, 9428
2.8105239868164062, 9427
2.8105239868164062, 9426
2.811521053314209, 9425
2.8125197887420654, 9424
2.813516616821289, 9423
2.813516616821289, 9422
2.8145134449005127, 9421
2.8145134449005127, 9420
2.8155102729797363, 9419
2.8155102729797363, 9418
2.8165078163146973, 9417
2.8165078163146973, 9416
2.817505121231079, 9415
2.817505121231079, 9414
2.818502426147461, 9413
2.818502426147461, 9412
2.8194997310638428, 9411
2.8194997310638428, 9410
2.820497512817383, 9409
2.820497512817383, 9408
2.8214943408966064, 9407
2.8224916458129883, 9406
2.8224916458129883, 9405
2.8224916458129883, 9404
2.823489189147949, 9403
2.823489189147949, 9402
2.824486494064331, 9401
2.824486494064331, 9400
2.825483798980713, 9399
2.825483798980713, 9398
2.8264808654785156, 9397
2.8264808654785156, 9396
2.8274784088134766, 9395
2.8284759521484375, 9394
2.8284759521484375, 9393
2.8294730186462402, 9392
2.831501007080078, 9391
2.832493305206299, 9390
2.8344900608062744, 9389
2.8364880084991455, 9388
2.83748722076416, 9387
2.839449644088745, 9386
2.839449644088745, 9385
2.8414430618286133, 9384
2.8424391746520996, 9383
2.8444342613220215, 9382
2.845430850982666, 9381
2.8464279174804688, 9380
2.8474252223968506, 9379
2.8474252223968506, 9378
2.8484225273132324, 9377
2.8484225273132324, 9376
2.8494200706481934, 9375
2.850417375564575, 9374
2.850417375564575, 9373
2.851414680480957, 9372
2.851414680480957, 9371
2.852412462234497, 9370
2.852412462234497, 9369
2.8534090518951416, 9368
2.8534090518951416, 9367
2.8544063568115234, 9366
2.8544063568115234, 9365
2.8554039001464844, 9364
2.8554039001464844, 9363
2.856400966644287, 9362
2.856400966644287, 9361
2.857398271560669, 9360
2.857398271560669, 9359
2.85839581489563, 9358
2.85839581489563, 9357
2.8593931198120117, 9356
2.8603909015655518, 9355
2.8603909015655518, 9354
2.8613877296447754, 9353
2.8613877296447754, 9352
2.8623857498168945, 9351
2.863387107849121, 9350
2.864412546157837, 9349
2.866377592086792, 9348
2.866377592086792, 9347
2.8673744201660156, 9346
2.8673744201660156, 9345
2.8683712482452393, 9344
2.8683712482452393, 9343
2.869368553161621, 9342
2.869368553161621, 9341
2.870365858078003, 9340
2.870365858078003, 9339
2.8713629245758057, 9338
2.8713629245758057, 9337
2.8723602294921875, 9336
2.8723602294921875, 9335
2.8733572959899902, 9334
2.8733572959899902, 9333
2.874354839324951, 9332
2.874354839324951, 9331
2.874354839324951, 9330
2.874354839324951, 9329
2.874354839324951, 9328
2.877347230911255, 9327
2.877347230911255, 9326
2.878345012664795, 9325
2.878345012664795, 9324
2.8793420791625977, 9323
2.880371332168579, 9322
2.881368398666382, 9321
2.883357286453247, 9320
2.8843650817871094, 9319
2.8863542079925537, 9318
2.8883488178253174, 9317
2.8893463611602783, 9316
2.8893463611602783, 9315
2.890312671661377, 9314
2.890312671661377, 9313
2.891310214996338, 9312
2.8933043479919434, 9311
2.8943004608154297, 9310
2.896296739578247, 9309
2.8983194828033447, 9308
2.899320125579834, 9307
2.9013164043426514, 9306
2.9023118019104004, 9305
2.904306173324585, 9304
2.9053032398223877, 9303
2.906268358230591, 9302
2.906268358230591, 9301
2.9072651863098145, 9300
2.9072651863098145, 9299
2.9082627296447754, 9298
2.9082627296447754, 9297
2.909259796142578, 9296
2.909259796142578, 9295
2.91025710105896, 9294
2.91025710105896, 9293
2.9112548828125, 9292
2.9112548828125, 9291
2.9122519493103027, 9290
2.9122519493103027, 9289
2.914294958114624, 9288
2.9152796268463135, 9287
2.917273759841919, 9286
2.918269157409668, 9285
2.9202635288238525, 9284
2.922255516052246, 9283
2.923255443572998, 9282
2.9252524375915527, 9281
2.926215410232544, 9280
2.9272143840789795, 9279
2.9272143840789795, 9278
2.9282116889953613, 9277
2.9282116889953613, 9276
2.929208517074585, 9275
2.93122935295105, 9274
2.9322338104248047, 9273
2.9342265129089355, 9272
2.93622088432312, 9271
2.937217950820923, 9270
2.939213991165161, 9269
2.9402098655700684, 9268
2.9422054290771484, 9267
2.9422054290771484, 9266
2.9431698322296143, 9265
2.9431698322296143, 9264
2.944166421890259, 9263
2.944166421890259, 9262
2.945164203643799, 9261
2.945164203643799, 9260
2.9461612701416016, 9259
2.948190212249756, 9258
2.949188709259033, 9257
2.9511828422546387, 9256
2.952178716659546, 9255
2.9541704654693604, 9254
2.9561352729797363, 9253
2.957134246826172, 9252
2.9591269493103027, 9251
2.9601240158081055, 9250
2.96211838722229, 9249
2.96311616897583, 9248
2.964114189147949, 9247
2.964114189147949, 9246
2.9651107788085938, 9245
2.9651107788085938, 9244
2.9661076068878174, 9243
2.9661076068878174, 9242
2.9671051502227783, 9241
2.9671051502227783, 9240
2.96810245513916, 9239
2.96810245513916, 9238
2.96810245513916, 9237
2.969099760055542, 9236
2.969099760055542, 9235
2.9700987339019775, 9234
2.9700987339019775, 9233
2.9710946083068848, 9232
2.9710946083068848, 9231
2.9720919132232666, 9230
2.9720919132232666, 9229
2.9730889797210693, 9228
2.9730889797210693, 9227
2.9740865230560303, 9226
2.9740865230560303, 9225
2.9740865230560303, 9224
2.975084066390991, 9223
2.976081371307373, 9222
2.977081060409546, 9221
2.9780776500701904, 9220
2.980072498321533, 9219
2.980072498321533, 9218
2.9810714721679688, 9217
2.982067108154297, 9216
2.983065366744995, 9215
2.9840614795684814, 9214
2.9850587844848633, 9213
2.9870517253875732, 9212
2.9880497455596924, 9211
2.990046262741089, 9210
2.9910428524017334, 9209
2.9920401573181152, 9208
2.993037700653076, 9207
2.9940364360809326, 9206
2.99503231048584, 9205
2.9970614910125732, 9204
2.9990551471710205, 9203
3.000051259994507, 9202
3.0010483264923096, 9201
3.0030415058135986, 9200
3.0040392875671387, 9199
3.006035327911377, 9198
3.006035327911377, 9197
3.007000207901001, 9196
3.007000207901001, 9195
3.007996082305908, 9194
3.007996082305908, 9193
3.008993148803711, 9192
3.008993148803711, 9191
3.0099904537200928, 9190
3.0099904537200928, 9189
3.0109877586364746, 9188
3.0109877586364746, 9187
3.0119855403900146, 9186
3.0119855403900146, 9185
3.0129830837249756, 9184
3.014014482498169, 9183
3.015012264251709, 9182
3.015977382659912, 9181
3.015977382659912, 9180
3.016974449157715, 9179
3.016974449157715, 9178
3.0179712772369385, 9177
3.0179712772369385, 9176
3.0189690589904785, 9175
3.0189690589904785, 9174
3.019965171813965, 9173
3.019965171813965, 9172
3.020962953567505, 9171
3.020962953567505, 9170
3.0219602584838867, 9169
3.0219602584838867, 9168
3.0229575634002686, 9167
3.0229575634002686, 9166
3.0229575634002686, 9165
3.0239546298980713, 9164
3.0239546298980713, 9163
3.0249521732330322, 9162
3.0249521732330322, 9161
3.025949478149414, 9160
3.025949478149414, 9159
3.026946783065796, 9158
3.026946783065796, 9157
3.027944564819336, 9156
3.027944564819336, 9155
3.0289418697357178, 9154
3.029937505722046, 9153
3.030935764312744, 9152
3.030935764312744, 9151
3.0319321155548096, 9150
3.0319321155548096, 9149
3.0329294204711914, 9148
3.0329294204711914, 9147
3.033926486968994, 9146
3.033926486968994, 9145
3.033926486968994, 9144
3.034923791885376, 9143
3.034923791885376, 9142
3.035921812057495, 9141
3.035921812057495, 9140
3.0369184017181396, 9139
3.0369184017181396, 9138
3.0379157066345215, 9137
3.0379157066345215, 9136
3.0389130115509033, 9135
3.0389130115509033, 9134
3.0399107933044434, 9133
3.0399107933044434, 9132
3.040907859802246, 9131
3.040907859802246, 9130
3.041905164718628, 9129
3.041905164718628, 9128
3.041905164718628, 9127
3.0429022312164307, 9126
3.0429022312164307, 9125
3.04390025138855, 9124
3.04390025138855, 9123
3.0448970794677734, 9122
3.0458948612213135, 9121
3.0458948612213135, 9120
3.047926187515259, 9119
3.048919916152954, 9118
3.0509135723114014, 9117
3.0519115924835205, 9116
3.052910566329956, 9115
3.0538735389709473, 9114
3.0538735389709473, 9113
3.054870843887329, 9112
3.054870843887329, 9111
3.0558676719665527, 9110
3.0558676719665527, 9109
3.0568647384643555, 9108
3.0568647384643555, 9107
3.0578625202178955, 9106
3.0578625202178955, 9105
3.0578625202178955, 9104
3.0588595867156982, 9103
3.0588595867156982, 9102
3.05985689163208, 9101
3.05985689163208, 9100
3.060854434967041, 9099
3.0628490447998047, 9098
3.063847064971924, 9097
3.063847064971924, 9096
3.0648438930511475, 9095
3.0648438930511475, 9094
3.0658411979675293, 9093
3.0658411979675293, 9092
3.0668387413024902, 9091
3.0668387413024902, 9090
3.067836046218872, 9089
3.068833112716675, 9088
3.068833112716675, 9087
3.068833112716675, 9086
3.0708274841308594, 9085
3.0708274841308594, 9084
3.0718250274658203, 9083
3.0718250274658203, 9082
3.0718250274658203, 9081
3.072822332382202, 9080
3.072822332382202, 9079
3.073819637298584, 9078
3.073819637298584, 9077
3.074817180633545, 9076
3.074817180633545, 9075
3.075814723968506, 9074
3.075814723968506, 9073
3.077810049057007, 9072
3.0788073539733887, 9071
3.080801248550415, 9070
3.080801248550415, 9069
3.081798791885376, 9068
3.081798791885376, 9067
3.0827958583831787, 9066
3.0827958583831787, 9065
3.0837929248809814, 9064
3.0847930908203125, 9063
3.0847930908203125, 9062
3.085789918899536, 9061
3.085789918899536, 9060
3.086786985397339, 9059
3.086786985397339, 9058
3.0877842903137207, 9057
3.0877842903137207, 9056
3.0877842903137207, 9055
3.0887813568115234, 9054
3.0887813568115234, 9053
3.0897786617279053, 9052
3.0897786617279053, 9051
3.0907769203186035, 9050
3.0907769203186035, 9049
3.0917739868164062, 9048
3.092771053314209, 9047
3.092771053314209, 9046
3.093768358230591, 9045
3.093768358230591, 9044
3.0947656631469727, 9043
3.0947656631469727, 9042
3.0957632064819336, 9041
3.096759796142578, 9040
3.0977871417999268, 9039
3.099778890609741, 9038
3.100778102874756, 9037
3.1027705669403076, 9036
3.10374116897583, 9035
3.105734348297119, 9034
3.107729434967041, 9033
3.108729124069214, 9032
3.108729124069214, 9031
3.1107242107391357, 9030
3.1107242107391357, 9029
3.111722707748413, 9028
3.1137499809265137, 9027
3.114711284637451, 9026
3.114711284637451, 9025
3.1167075634002686, 9024
3.117705821990967, 9023
3.117705821990967, 9022
3.118701696395874, 9021
3.119699239730835, 9020
3.1206963062286377, 9019
3.1226911544799805, 9018
3.1236884593963623, 9017
3.124685525894165, 9016
3.125682830810547, 9015
3.1266801357269287, 9014
3.1276774406433105, 9013
3.1296722888946533, 9012
3.130669355392456, 9011
3.1326980590820312, 9010
3.1336936950683594, 9009
3.135687828063965, 9008
3.1366851329803467, 9007
3.138679265975952, 9006
3.138679265975952, 9005
3.1396443843841553, 9004
3.1396443843841553, 9003
3.1406409740448, 9002
3.1406409740448, 9001
3.1406409740448, 9000
3.1416385173797607, 8999
3.1416385173797607, 8998
3.1426355838775635, 8997
3.1426355838775635, 8996
3.1436333656311035, 8995
3.1436333656311035, 8994
3.1446304321289062, 8993
3.1446304321289062, 8992
3.1456282138824463, 8991
3.1456282138824463, 8990
3.1476573944091797, 8989
3.1486551761627197, 8988
3.1496193408966064, 8987
3.1496193408966064, 8986
3.1506147384643555, 8985
3.1506147384643555, 8984
3.1516120433807373, 8983
3.1516120433807373, 8982
3.15260910987854, 8981
3.15260910987854, 8980
3.153606414794922, 8979
3.153606414794922, 8978
3.1546034812927246, 8977
3.1546034812927246, 8976
3.1556012630462646, 8975
3.1556012630462646, 8974
3.1565985679626465, 8973
3.1565985679626465, 8972
3.157595634460449, 8971
3.157595634460449, 8970
3.1585934162139893, 8969
3.1585934162139893, 8968
3.1585934162139893, 8967
3.159590482711792, 8966
3.159590482711792, 8965
3.1605875492095947, 8964
3.1605875492095947, 8963
3.1615853309631348, 8962
3.1615853309631348, 8961
3.1625823974609375, 8960
3.1636133193969727, 8959
3.1656076908111572, 8958
3.166607141494751, 8957
3.166607141494751, 8956
3.167569637298584, 8955
3.167569637298584, 8954
3.1685662269592285, 8953
3.1685662269592285, 8952
3.1695637702941895, 8951
3.1695637702941895, 8950
3.170560836791992, 8949
3.1715586185455322, 8948
3.1715586185455322, 8947
3.172556161880493, 8946
3.172556161880493, 8945
3.173552989959717, 8944
3.173552989959717, 8943
3.1745502948760986, 8942
3.1745502948760986, 8941
3.1755480766296387, 8940
3.1755480766296387, 8939
3.1775431632995605, 8938
3.179537296295166, 8937
3.180534839630127, 8936
3.180534839630127, 8935
3.1815316677093506, 8934
3.1815316677093506, 8933
3.1825289726257324, 8932
3.1825289726257324, 8931
3.1835265159606934, 8930
3.1835265159606934, 8929
3.184523582458496, 8928
3.184523582458496, 8927
3.185521364212036, 8926
3.185521364212036, 8925
3.185521364212036, 8924
3.187516212463379, 8923
3.1895103454589844, 8922
3.1905078887939453, 8921
3.19250226020813, 8920
3.19350004196167, 8919
3.1954944133758545, 8918
3.1964917182922363, 8917
3.1964917182922363, 8916
3.1974892616271973, 8915
3.1974892616271973, 8914
3.198486328125, 8913
3.198486328125, 8912
3.1994845867156982, 8911
3.1994845867156982, 8910
3.2004811763763428, 8909
3.2004811763763428, 8908
3.2014784812927246, 8907
3.2014784812927246, 8906
3.2014784812927246, 8905
3.2034735679626465, 8904
3.204470634460449, 8903
3.206465244293213, 8902
3.207462787628174, 8901
3.2094569206237793, 8900
3.2104547023773193, 8899
3.212449312210083, 8898
3.2134807109832764, 8897
3.2154736518859863, 8896
3.2164714336395264, 8895
3.21846604347229, 8894
3.2194631099700928, 8893
3.221458673477173, 8892
3.2224576473236084, 8891
3.224449634552002, 8890
3.225445032119751, 8889
3.2274420261383057, 8888
3.2284417152404785, 8887
3.2304370403289795, 8886
3.2304370403289795, 8885
3.2313990592956543, 8884
3.2313990592956543, 8883
3.232395648956299, 8882
3.232395648956299, 8881
3.2333929538726807, 8880
3.2333929538726807, 8879
3.2343902587890625, 8878
3.2353880405426025, 8877
3.2353880405426025, 8876
3.2363853454589844, 8875
3.2363853454589844, 8874
3.237382650375366, 8873
3.237382650375366, 8872
3.237382650375366, 8871
3.23837947845459, 8870
3.23837947845459, 8869
3.239377021789551, 8868
3.239377021789551, 8867
3.2403743267059326, 8866
3.2403743267059326, 8865
3.2413716316223145, 8864
3.2413716316223145, 8863
3.2423689365386963, 8862
3.2423689365386963, 8861
3.2433664798736572, 8860
3.2433664798736572, 8859
3.244364023208618, 8858
3.244364023208618, 8857
3.245361566543579, 8856
3.245361566543579, 8855
3.246358871459961, 8854
3.247390031814575, 8853
3.2493808269500732, 8852
3.2503502368927, 8851
3.2513463497161865, 8850
3.2513463497161865, 8849
3.252342700958252, 8848
3.252342700958252, 8847
3.252342700958252, 8846
3.253340005874634, 8845
3.253340005874634, 8844
3.2543368339538574, 8843
3.2543368339538574, 8842
3.2553343772888184, 8841
3.2553343772888184, 8840
3.2563316822052, 8839
3.2563316822052, 8838
3.257328987121582, 8837
3.257328987121582, 8836
3.258326292037964, 8835
3.258326292037964, 8834
3.2593233585357666, 8833
3.2593233585357666, 8832
3.2603209018707275, 8831
3.2603209018707275, 8830
3.2603209018707275, 8829
3.2613182067871094, 8828
3.2613182067871094, 8827
3.2633137702941895, 8826
3.2633137702941895, 8825
3.2643113136291504, 8824
3.265307903289795, 8823
3.265307903289795, 8822
3.2663047313690186, 8821
3.2663047313690186, 8820
3.2673025131225586, 8819
3.2673025131225586, 8818
3.2682998180389404, 8817
3.2682998180389404, 8816
3.2682998180389404, 8815
3.269296884536743, 8814
3.269296884536743, 8813
3.270294427871704, 8812
3.270294427871704, 8811
3.271291494369507, 8810
3.271291494369507, 8809
3.2722890377044678, 8808
3.2722890377044678, 8807
3.2732863426208496, 8806
3.2732863426208496, 8805
3.2742841243743896, 8804
3.2742841243743896, 8803
3.2752809524536133, 8802
3.2752809524536133, 8801
3.276278495788574, 8800
3.278273582458496, 8799
3.279270648956299, 8798
3.280268430709839, 8797
3.2812659740448, 8796
3.2812659740448, 8795
3.2822623252868652, 8794
3.2822623252868652, 8793
3.283259630203247, 8792
3.283259630203247, 8791
3.284257411956787, 8790
3.284257411956787, 8789
3.2852542400360107, 8788
3.2852542400360107, 8787
3.2862517833709717, 8786
3.2862517833709717, 8785
3.2862517833709717, 8784
3.28725004196167, 8783
3.28725004196167, 8782
3.2882466316223145, 8781
3.2882466316223145, 8780
3.2892444133758545, 8779
3.2892444133758545, 8778
3.29024076461792, 8777
3.29024076461792, 8776
3.291238307952881, 8775
3.291238307952881, 8774
3.292235851287842, 8773
3.292235851287842, 8772
3.2932329177856445, 8771
3.2932329177856445, 8770
3.2942302227020264, 8769
3.2942302227020264, 8768
3.2942302227020264, 8767
3.2962253093719482, 8766
3.298219919204712, 8765
3.2992172241210938, 8764
3.3012125492095947, 8763
3.30220890045166, 8762
3.303206443786621, 8761
3.305201292037964, 8760
3.3061983585357666, 8759
3.3081936836242676, 8758
3.3091907501220703, 8757
3.3091907501220703, 8756
3.310187578201294, 8755
3.310187578201294, 8754
3.311184883117676, 8753
3.311184883117676, 8752
3.3121824264526367, 8751
3.313180446624756, 8750
3.3141770362854004, 8749
3.3141770362854004, 8748
3.315174102783203, 8747
3.315174102783203, 8746
3.3161721229553223, 8745
3.3161721229553223, 8744
3.3171727657318115, 8743
3.3171727657318115, 8742
3.3181662559509277, 8741
3.3191652297973633, 8740
3.3191652297973633, 8739
3.320162773132324, 8738
3.320162773132324, 8737
3.3211591243743896, 8736
3.3211591243743896, 8735
3.3221564292907715, 8734
3.3231539726257324, 8733
3.325148105621338, 8732
3.325148105621338, 8731
3.326145648956299, 8730
3.326145648956299, 8729
3.3271429538726807, 8728
3.3281404972076416, 8727
3.3291382789611816, 8726
3.33113169670105, 8725
3.33212947845459, 8724
3.3341236114501953, 8723
3.335120916366577, 8722
3.337115526199341, 8721
3.3381130695343018, 8720
3.3401076793670654, 8719
3.3411049842834473, 8718
3.342102289199829, 8717
3.343101739883423, 8716
3.343101739883423, 8715
3.344097852706909, 8714
3.344097852706909, 8713
3.345094919204712, 8712
3.345094919204712, 8711
3.34609317779541, 8710
3.34712290763855, 8709
3.3491172790527344, 8708
3.3501174449920654, 8707
3.3521082401275635, 8706
3.3531033992767334, 8705
3.355100631713867, 8704
3.356100082397461, 8703
3.357095241546631, 8702
3.3590574264526367, 8701
3.3590574264526367, 8700
3.360055446624756, 8699
3.362048864364624, 8698
3.363046884536743, 8697
3.363046884536743, 8696
3.364044666290283, 8695
3.364044666290283, 8694
3.3650410175323486, 8693
3.3650410175323486, 8692
3.3660383224487305, 8691
3.3660383224487305, 8690
3.367035388946533, 8689
3.367035388946533, 8688
3.368032932281494, 8687
3.368032932281494, 8686
3.369030237197876, 8685
3.369030237197876, 8684
3.369030237197876, 8683
3.370027542114258, 8682
3.370027542114258, 8681
3.3710248470306396, 8680
3.3710248470306396, 8679
3.3720226287841797, 8678
3.3720226287841797, 8677
3.3730196952819824, 8676
3.3730196952819824, 8675
3.374016761779785, 8674
3.375014543533325, 8673
3.375014543533325, 8672
3.3760128021240234, 8671
3.3760128021240234, 8670
3.3770089149475098, 8669
3.3770089149475098, 8668
3.3780062198638916, 8667
3.3780062198638916, 8666
3.3790035247802734, 8665
3.380002975463867, 8664
3.3810324668884277, 8663
3.383025884628296, 8662
3.384023427963257, 8661
3.3850183486938477, 8660
3.3870162963867188, 8659
3.388014793395996, 8658
3.3900105953216553, 8657
3.3909738063812256, 8656
3.3909738063812256, 8655
3.3919713497161865, 8654
3.3919713497161865, 8653
3.3929686546325684, 8652
3.3929686546325684, 8651
3.393965721130371, 8650
3.393965721130371, 8649
3.393965721130371, 8648
3.394963026046753, 8647
3.394963026046753, 8646
3.395961046218872, 8645
3.3979806900024414, 8644
3.3989832401275635, 8643
3.400975465774536, 8642
3.401970386505127, 8641
3.402972459793091, 8640
3.4049346446990967, 8639
3.4049346446990967, 8638
3.4059319496154785, 8637
3.4059319496154785, 8636
3.4069299697875977, 8635
3.4079270362854004, 8634
3.4079270362854004, 8633
3.4089245796203613, 8632
3.4089245796203613, 8631
3.409921407699585, 8630
3.409921407699585, 8629
3.409921407699585, 8628
3.4109182357788086, 8627
3.4109182357788086, 8626
3.4119157791137695, 8625
3.4119157791137695, 8624
3.4139387607574463, 8623
3.41494083404541, 8622
3.4169325828552246, 8621
3.4179325103759766, 8620
3.41992449760437, 8619
3.4209203720092773, 8618
3.421889305114746, 8617
3.421889305114746, 8616
3.422886610031128, 8615
3.422886610031128, 8614
3.4238836765289307, 8613
3.4238836765289307, 8612
3.4248809814453125, 8611
3.4248809814453125, 8610
3.4258780479431152, 8609
3.4258780479431152, 8608
3.4258780479431152, 8607
3.426875591278076, 8606
3.426875591278076, 8605
3.427873134613037, 8604
3.427873134613037, 8603
3.42887020111084, 8602
3.4298696517944336, 8601
3.4309017658233643, 8600
3.4328904151916504, 8599
3.433889865875244, 8598
3.4348886013031006, 8597
3.4368505477905273, 8596
3.438878059387207, 8595
3.4398741722106934, 8594
3.440868616104126, 8593
3.442866325378418, 8592
3.4438652992248535, 8591
3.4458603858947754, 8590
3.44685697555542, 8589
3.448847532272339, 8588
3.449847936630249, 8587
3.4508445262908936, 8586
3.4528088569641113, 8585
3.453805923461914, 8584
3.453805923461914, 8583
3.454803466796875, 8582
3.4558002948760986, 8581
3.4567978382110596, 8580
3.457794666290283, 8579
3.457794666290283, 8578
3.458791732788086, 8577
3.459789276123047, 8576
3.460786819458008, 8575
3.4617838859558105, 8574
3.462779998779297, 8573
3.4637796878814697, 8572
3.464775800704956, 8571
3.465773105621338, 8570
3.4677679538726807, 8569
3.4687693119049072, 8568
3.4697647094726562, 8567
3.4707610607147217, 8566
3.4717605113983154, 8565
3.4717605113983154, 8564
3.4727556705474854, 8563
3.473752975463867, 8562
3.47475004196167, 8561
3.47475004196167, 8560
3.4767425060272217, 8559
3.4787368774414062, 8558
3.4797346591949463, 8557
3.4797346591949463, 8556
3.480731964111328, 8555
3.480731964111328, 8554
3.480731964111328, 8553
3.4817287921905518, 8552
3.4817287921905518, 8551
3.4827260971069336, 8550
3.4827260971069336, 8549
3.486156702041626, 8548
3.4867162704467773, 8547
3.4867162704467773, 8546
3.4877147674560547, 8545
3.4877147674560547, 8544
3.4877147674560547, 8543
3.4887101650238037, 8542
3.489708185195923, 8541
3.489708185195923, 8540
3.4907050132751465, 8539
3.4907050132751465, 8538
3.4917023181915283, 8537
3.4917023181915283, 8536
3.49269962310791, 8535
3.49269962310791, 8534
3.49269962310791, 8533
3.493696928024292, 8532
3.493696928024292, 8531
3.494694232940674, 8530
3.494694232940674, 8529
3.4956915378570557, 8528
3.4956915378570557, 8527
3.4977197647094727, 8526
3.498716115951538, 8525
3.498716115951538, 8524
3.499683141708374, 8523
3.499683141708374, 8522
3.5006802082061768, 8521
3.5016775131225586, 8520
3.5026755332946777, 8519
3.5036721229553223, 8518
3.504669189453125, 8517
3.505666732788086, 8516
3.5066640377044678, 8515
3.5076613426208496, 8514
3.5086588859558105, 8513
3.5096561908721924, 8512
3.510653257369995, 8511
3.5116524696350098, 8510
3.5116524696350098, 8509
3.5136780738830566, 8508
3.5146429538726807, 8507
3.5146429538726807, 8506
3.515638828277588, 8505
3.515638828277588, 8504
3.5166358947753906, 8503
3.5166358947753906, 8502
3.5176327228546143, 8501
3.5176327228546143, 8500
3.518630266189575, 8499
3.518630266189575, 8498
3.518630266189575, 8497
3.519627571105957, 8496
3.519627571105957, 8495
3.520624876022339, 8494
3.520624876022339, 8493
3.5216221809387207, 8492
3.5216221809387207, 8491
3.5216221809387207, 8490
3.5226194858551025, 8489
3.5226194858551025, 8488
3.5236167907714844, 8487
3.5236167907714844, 8486
3.5246148109436035, 8485
3.5246148109436035, 8484
3.525611639022827, 8483
3.525611639022827, 8482
3.525611639022827, 8481
3.526608943939209, 8480
3.526608943939209, 8479
3.527606248855591, 8478
3.527606248855591, 8477
3.5286035537719727, 8476
3.5296013355255127, 8475
3.5306317806243896, 8474
3.532593250274658, 8473
3.532593250274658, 8472
3.532593250274658, 8471
3.533590316772461, 8470
3.533590316772461, 8469
3.5345873832702637, 8468
3.5345873832702637, 8467
3.5355849266052246, 8466
3.5355849266052246, 8465
3.5365822315216064, 8464
3.5365822315216064, 8463
3.5365822315216064, 8462
3.5375800132751465, 8461
3.5375800132751465, 8460
3.53857684135437, 8459
3.53857684135437, 8458
3.53857684135437, 8457
3.539574146270752, 8456
3.539574146270752, 8455
3.540571451187134, 8454
3.540571451187134, 8453
3.5415687561035156, 8452
3.5415687561035156, 8451
3.5415687561035156, 8450
3.5425667762756348, 8449
3.5425667762756348, 8448
3.5435638427734375, 8447
3.5445613861083984, 8446
3.5445613861083984, 8445
3.545558214187622, 8444
3.545558214187622, 8443
3.547553062438965, 8442
3.5485503673553467, 8441
3.5505454540252686, 8440
3.551542043685913, 8439
3.552539348602295, 8438
3.5545623302459717, 8437
3.5555665493011475, 8436
3.5565621852874756, 8435
3.5585570335388184, 8434
3.560518980026245, 8433
3.5615181922912598, 8432
3.5615181922912598, 8431
3.5625154972076416, 8430
3.5635461807250977, 8429
3.565539836883545, 8428
3.5665361881256104, 8427
3.5685272216796875, 8426
3.5695278644561768, 8425
3.571524143218994, 8424
3.572519302368164, 8423
3.5745139122009277, 8422
3.5755131244659424, 8421
3.5764777660369873, 8420
3.5764777660369873, 8419
3.57747483253479, 8418
3.57747483253479, 8417
3.5784718990325928, 8416
3.5794677734375, 8415
3.580498456954956, 8414
3.5824878215789795, 8413
3.5834858417510986, 8412
3.584484577178955, 8411
3.584484577178955, 8410
3.58545184135437, 8409
3.58545184135437, 8408
3.586448907852173, 8407
3.586448907852173, 8406
3.5874462127685547, 8405
3.5874462127685547, 8404
3.5884437561035156, 8403
3.5884437561035156, 8402
3.5884437561035156, 8401
3.5894408226013184, 8400
3.5894408226013184, 8399
3.5904383659362793, 8398
3.5904383659362793, 8397
3.591435670852661, 8396
3.5924339294433594, 8395
3.5934317111968994, 8394
3.5934317111968994, 8393
3.594428539276123, 8392
3.594428539276123, 8391
3.5954248905181885, 8390
3.5954248905181885, 8389
3.5974559783935547, 8388
3.5984506607055664, 8387
3.600442409515381, 8386
3.6014420986175537, 8385
3.60343861579895, 8384
3.604434013366699, 8383
3.606428384780884, 8382
3.6074256896972656, 8381
3.6093878746032715, 8380
3.610384941101074, 8379
3.611382246017456, 8378
3.613377332687378, 8377
3.613377332687378, 8376
3.6143743991851807, 8375
3.6143743991851807, 8374
3.6153714656829834, 8373
3.6153714656829834, 8372
3.6153714656829834, 8371
3.6163690090179443, 8370
3.6163690090179443, 8369
3.617366075515747, 8368
3.617366075515747, 8367
3.618363380432129, 8366
3.618363380432129, 8365
3.619361400604248, 8364
3.619361400604248, 8363
3.619361400604248, 8362
3.6203582286834717, 8361
3.6203582286834717, 8360
3.6213555335998535, 8359
3.6213555335998535, 8358
3.6223528385162354, 8357
3.6223528385162354, 8356
3.623350143432617, 8355
3.623350143432617, 8354
3.623350143432617, 8353
3.624347686767578, 8352
3.624347686767578, 8351
3.62534499168396, 8350
3.62534499168396, 8349
3.626342296600342, 8348
3.626342296600342, 8347
3.6273396015167236, 8346
3.6273396015167236, 8345
3.6283373832702637, 8344
3.6283373832702637, 8343
3.629333972930908, 8342
3.6303658485412598, 8341
3.632356643676758, 8340
3.6333580017089844, 8339
3.6343538761138916, 8338
3.6363484859466553, 8337
3.6373512744903564, 8336
3.6393449306488037, 8335
3.640305995941162, 8334
3.6423001289367676, 8333
3.6432974338531494, 8332
3.6452925205230713, 8331
3.646289825439453, 8330
3.6472864151000977, 8329
3.6472864151000977, 8328
3.6482837200164795, 8327
3.6482837200164795, 8326
3.6492807865142822, 8325
3.6492807865142822, 8324
3.650278091430664, 8323
3.650278091430664, 8322
3.651278257369995, 8321
3.651278257369995, 8320
3.652275323867798, 8319
3.652275323867798, 8318
3.6532723903656006, 8317
3.6532723903656006, 8316
3.6532723903656006, 8315
3.654269218444824, 8314
3.654269218444824, 8313
3.655266761779785, 8312
3.6572611331939697, 8311
3.659255027770996, 8310
3.660252809524536, 8309
3.6612493991851807, 8308
3.663245439529419, 8307
3.6652395725250244, 8306
3.666236639022827, 8305
3.668231248855591, 8304
3.6692283153533936, 8303
3.6712229251861572, 8302
3.672220468521118, 8301
3.6742141246795654, 8300
3.6752116680145264, 8299
3.67720627784729, 8298
3.678203821182251, 8297
3.679201126098633, 8296
3.680198907852173, 8295
3.680198907852173, 8294
3.6811954975128174, 8293
3.6811954975128174, 8292
3.6821930408477783, 8291
3.6821930408477783, 8290
3.683190107345581, 8289
3.683190107345581, 8288
3.684187650680542, 8287
3.684187650680542, 8286
3.684187650680542, 8285
3.686182737350464, 8284
3.6871798038482666, 8283
3.6891746520996094, 8282
3.690173864364624, 8281
3.691169261932373, 8280
3.692166566848755, 8279
3.6931636333465576, 8278
3.6931636333465576, 8277
3.6941609382629395, 8276
3.6941609382629395, 8275
3.695158004760742, 8274
3.695158004760742, 8273
3.6961560249328613, 8272
3.698183536529541, 8271
3.6991829872131348, 8270
3.7011778354644775, 8269
3.702141761779785, 8268
3.702141761779785, 8267
3.703139066696167, 8266
3.703139066696167, 8265
3.703139066696167, 8264
3.704136610031128, 8263
3.704136610031128, 8262
3.7051334381103516, 8261
3.706129789352417, 8260
3.7071268558502197, 8259
3.7071268558502197, 8258
3.7081246376037598, 8257
3.7081246376037598, 8256
3.7091217041015625, 8255
3.7101192474365234, 8254
3.711116313934326, 8253
3.712113380432129, 8252
3.713111162185669, 8251
3.715104818344116, 8250
3.7161033153533936, 8249
3.717099666595459, 8248
3.718099594116211, 8247
3.718099594116211, 8246
3.7190945148468018, 8245
3.7190945148468018, 8244
3.7200918197631836, 8243
3.7200918197631836, 8242
3.7200918197631836, 8241
3.7210888862609863, 8240
3.7210888862609863, 8239
3.722086191177368, 8238
3.722086191177368, 8237
3.72308349609375, 8236
3.72308349609375, 8235
3.72308349609375, 8234
3.724081039428711, 8233
3.724081039428711, 8232
3.7250781059265137, 8231
3.7250781059265137, 8230
3.7260754108428955, 8229
3.7260754108428955, 8228
3.7270727157592773, 8227
3.7270727157592773, 8226
3.7270727157592773, 8225
3.728070020675659, 8224
3.728070020675659, 8223
3.729067802429199, 8222
3.7300667762756348, 8221
3.732060194015503, 8220
3.7330567836761475, 8219
3.7340548038482666, 8218
3.7340548038482666, 8217
3.7350518703460693, 8216
3.7350518703460693, 8215
3.736048698425293, 8214
3.736048698425293, 8213
3.736048698425293, 8212
3.737046003341675, 8211
3.737046003341675, 8210
3.7380435466766357, 8209
3.7380435466766357, 8208
3.7390408515930176, 8207
3.7390408515930176, 8206
3.7400379180908203, 8205
3.7400379180908203, 8204
3.7400379180908203, 8203
3.741035223007202, 8202
3.741035223007202, 8201
3.7420332431793213, 8200
3.7420332431793213, 8199
3.743030071258545, 8198
3.743030071258545, 8197
3.7440273761749268, 8196
3.7440273761749268, 8195
3.7440273761749268, 8194
3.7450249195098877, 8193
3.7450249195098877, 8192
3.747020959854126, 8191
3.7480175495147705, 8190
3.749014139175415, 8189
3.7510104179382324, 8188
3.752007246017456, 8187
3.752007246017456, 8186
3.753004789352417, 8185
3.753004789352417, 8184
3.7540016174316406, 8183
3.7540016174316406, 8182
3.7540016174316406, 8181
3.7549989223480225, 8180
3.7549989223480225, 8179
3.7559967041015625, 8178
3.7559967041015625, 8177
3.7569947242736816, 8176
3.7569947242736816, 8175
3.757991075515747, 8174
3.757991075515747, 8173
3.757991075515747, 8172
3.758988380432129, 8171
3.758988380432129, 8170
3.7599854469299316, 8169
3.7599854469299316, 8168
3.7609825134277344, 8167
3.7619802951812744, 8166
3.762976884841919, 8165
3.7649714946746826, 8164
3.7659692764282227, 8163
3.7669661045074463, 8162
3.7669661045074463, 8161
3.767963409423828, 8160
3.76896071434021, 8159
3.76896071434021, 8158
3.77095627784729, 8157
3.7729504108428955, 8156
3.77494478225708, 8155
3.77594256401062, 8154
3.776939868927002, 8153
3.7779369354248047, 8152
3.7789340019226074, 8151
3.779932737350464, 8150
3.7819266319274902, 8149
3.7819266319274902, 8148
3.782923936843872, 8147
3.783921003341675, 8146
3.783921003341675, 8145
3.7849183082580566, 8144
3.7859153747558594, 8143
3.7869129180908203, 8142
3.7869129180908203, 8141
3.7889091968536377, 8140
3.7889091968536377, 8139
3.789905548095703, 8138
3.790902853012085, 8137
3.790902853012085, 8136
3.791900157928467, 8135
3.7928972244262695, 8134
3.7938950061798096, 8133
3.7938950061798096, 8132
3.7948923110961914, 8131
3.7958900928497314, 8130
3.797883987426758, 8129
3.7998790740966797, 8128
3.801872730255127, 8127
3.803868055343628, 8126
3.8048651218414307, 8125
3.806859254837036, 8124
3.808854818344116, 8123
3.8108487129211426, 8122
3.8128445148468018, 8121
3.814838409423828, 8120
3.8168327808380127, 8119
3.8188278675079346, 8118
3.8198249340057373, 8117
3.8208229541778564, 8116
3.821819543838501, 8115
3.822816848754883, 8114
3.822816848754883, 8113
3.8238139152526855, 8112
3.8248112201690674, 8111
3.8248112201690674, 8110
3.8258087635040283, 8109
3.82680606842041, 8108
3.82780385017395, 8107
3.8288021087646484, 8106
3.8307974338531494, 8105
3.832796335220337, 8104
3.8347859382629395, 8103
3.8377773761749268, 8102
3.8397717475891113, 8101
3.8407702445983887, 8100
3.8417673110961914, 8099
3.842764377593994, 8098
3.8447582721710205, 8097
3.8457558155059814, 8096
3.8467538356781006, 8095
3.847750186920166, 8094
3.8487472534179688, 8093
3.8497447967529297, 8092
3.8497447967529297, 8091
3.8507421016693115, 8090
3.8517396450042725, 8089
3.852736711502075, 8088
3.852736711502075, 8087
3.853734254837036, 8086
3.854731559753418, 8085
3.8557286262512207, 8084
3.856726884841919, 8083
3.8587207794189453, 8082
3.860715866088867, 8081
3.8627123832702637, 8080
3.863708019256592, 8079
3.8647048473358154, 8078
3.865701913833618, 8077
3.865701913833618, 8076
3.866699695587158, 8075
3.867696762084961, 8074
3.868694305419922, 8073
3.8696913719177246, 8072
3.8696913719177246, 8071
3.8706889152526855, 8070
3.8716864585876465, 8069
3.87268328666687, 8068
3.874678373336792, 8067
3.875675916671753, 8066
3.877671003341675, 8065
3.8786680698394775, 8064
3.880661964416504, 8063
3.882657289505005, 8062
3.8846521377563477, 8061
3.886646032333374, 8060
3.888640880584717, 8059
3.8906357288360596, 8058
3.8926305770874023, 8057
3.894624710083008, 8056
3.896620512008667, 8055
3.8986141681671143, 8054
3.900609016418457, 8053
3.9026036262512207, 8052
3.904599189758301, 8051
3.905596971511841, 8050
3.9065942764282227, 8049
3.907590866088867, 8048
3.9085886478424072, 8047
3.909585952758789, 8046
3.9105825424194336, 8045
3.9155690670013428, 8044
3.918560743331909, 8043
3.920555353164673, 8042
3.925541877746582, 8041
3.9315593242645264, 8040
3.9355175495147705, 8039
3.937511920928955, 8038
3.940504312515259, 8037
3.9424986839294434, 8036
3.944493055343628, 8035
3.9494783878326416, 8034
3.952472448348999, 8033
3.9554624557495117, 8032
3.960448980331421, 8031
3.9644384384155273, 8030
3.966432809829712, 8029
3.9694247245788574, 8028
3.971419334411621, 8027
3.973414421081543, 8026
3.9764060974121094, 8025
3.979401111602783, 8024
3.9823901653289795, 8023
3.984384775161743, 8022
3.9873766899108887, 8021
3.9893717765808105, 8020
3.9923651218414307, 8019
3.9953556060791016, 8018
3.998349189758301, 8017
4.0003437995910645, 8016
4.003336668014526, 8015
4.005330562591553, 8014
4.008322477340698, 8013
4.010317087173462, 8012
4.014337778091431, 8011
4.019335746765137, 8010
4.024280548095703, 8009
4.0272722244262695, 8008
4.03229022026062, 8007
4.034251689910889, 8006
4.037243127822876, 8005
4.039237976074219, 8004
4.042230844497681, 8003
4.046220302581787, 8002
4.052239179611206, 8001
4.057223081588745, 8000
4.063175201416016, 7999
4.065168857574463, 7998
4.068161249160767, 7997
4.070155620574951, 7996
4.073148012161255, 7995
4.075141906738281, 7994
4.078134059906006, 7993
4.082154035568237, 7992
4.087141036987305, 7991
4.093096017837524, 7990
4.095090866088867, 7989
4.101105690002441, 7988
4.105064153671265, 7987
4.108056306838989, 7986
4.111048221588135, 7985
4.116067886352539, 7984
4.121020317077637, 7983
4.124013423919678, 7982
4.1270058155059814, 7981
4.1300318241119385, 7980
4.135012626647949, 7979
4.13797402381897, 7978
4.140968322753906, 7977
4.145952939987183, 7976
4.148944616317749, 7975
4.150939464569092, 7974
4.1539318561553955, 7973
4.156923770904541, 7972
4.158918619155884, 7971
4.16290807723999, 7970
4.165899991989136, 7969
4.168891429901123, 7968
4.170886039733887, 7967
4.173878192901611, 7966
4.175873279571533, 7965
4.178866863250732, 7964
4.182856321334839, 7963
4.184850692749023, 7962
4.189844846725464, 7961
4.19382643699646, 7960
4.199809312820435, 7959
4.205793142318726, 7958
4.210779428482056, 7957
4.215768337249756, 7956
4.218760013580322, 7955
4.222778081893921, 7954
4.225739240646362, 7953
4.228731393814087, 7952
4.233753681182861, 7951
4.239702224731445, 7950
4.2426958084106445, 7949
4.244690656661987, 7948
4.2476806640625, 7947
4.250673294067383, 7946
4.2526679039001465, 7945
4.255659341812134, 7944
4.258653163909912, 7943
4.262641906738281, 7942
4.268624782562256, 7941
4.274608850479126, 7940
4.279595851898193, 7939
4.283586263656616, 7938
4.285580158233643, 7937
4.288572549819946, 7936
4.290566682815552, 7935
4.293558597564697, 7934
4.296551942825317, 7933
4.300539493560791, 7932
4.302533864974976, 7931
4.305526256561279, 7930
4.307520866394043, 7929
4.3105127811431885, 7928
4.313506126403809, 7927
4.319488763809204, 7926
4.324476480484009, 7925
4.329462289810181, 7924
4.335446119308472, 7923
4.3364434242248535, 7922
4.339435577392578, 7921
4.343424558639526, 7920
4.347414016723633, 7919
4.353401184082031, 7918
4.354395389556885, 7917
4.359382152557373, 7916
4.360381841659546, 7915
4.361377477645874, 7914
4.362374782562256, 7913
4.364369630813599, 7912
4.366363525390625, 7911
4.36835789680481, 7910
4.37035346031189, 7909
4.372348308563232, 7908
4.374342203140259, 7907
4.3763368129730225, 7906
4.378331422805786, 7905
4.380327463150024, 7904
4.3823206424713135, 7903
4.383318185806274, 7902
4.384315729141235, 7901
4.385312557220459, 7900
4.386309862136841, 7899
4.386309862136841, 7898
4.3883068561553955, 7897
4.3893022537231445, 7896
4.390299558639526, 7895
4.390299558639526, 7894
4.391296625137329, 7893
4.392293930053711, 7892
4.393291234970093, 7891
4.393291234970093, 7890
4.394288539886475, 7889
4.398309707641602, 7888
4.400305271148682, 7887
4.405259609222412, 7886
4.407253980636597, 7885
4.40924859046936, 7884
4.410247087478638, 7883
4.411245584487915, 7882
4.412242650985718, 7881
4.414265155792236, 7880
4.416262865066528, 7879
4.4172303676605225, 7878
4.418227434158325, 7877
4.419223785400391, 7876
4.419223785400391, 7875
4.420221567153931, 7874
4.421218633651733, 7873
4.422215700149536, 7872
4.423213005065918, 7871
4.424210071563721, 7870
4.424210071563721, 7869
4.42520809173584, 7868
4.4262049198150635, 7867
4.427202463150024, 7866
4.4282002449035645, 7865
4.429195880889893, 7864
4.4312238693237305, 7863
4.43321967124939, 7862
4.434182405471802, 7861
4.4351806640625, 7860
4.43617844581604, 7859
4.437174081802368, 7858
4.438171148300171, 7857
4.43916916847229, 7856
4.43916916847229, 7855
4.440165996551514, 7854
4.4411633014678955, 7853
4.442160367965698, 7852
4.443157911300659, 7851
4.444155693054199, 7850
4.445154428482056, 7849
4.447181463241577, 7848
4.4481775760650635, 7847
4.449142217636108, 7846
4.450140714645386, 7845
4.451139450073242, 7844
4.452134370803833, 7843
4.453131437301636, 7842
4.454128980636597, 7841
4.455126047134399, 7840
4.456123113632202, 7839
4.456123113632202, 7838
4.457120656967163, 7837
4.458117961883545, 7836
4.459115505218506, 7835
4.460113286972046, 7834
4.461110830307007, 7833
4.462107419967651, 7832
4.464102506637573, 7831
4.465102672576904, 7830
4.466098785400391, 7829
4.467095851898193, 7828
4.468093156814575, 7827
4.469090938568115, 7826
4.470088720321655, 7825
4.471085786819458, 7824
4.472083330154419, 7823
4.4730799198150635, 7822
4.474077224731445, 7821
4.475074291229248, 7820
4.476070404052734, 7819
4.47706937789917, 7818
4.478066444396973, 7817
4.480096101760864, 7816
4.482088088989258, 7815
4.484081983566284, 7814
4.486073732376099, 7813
4.488080024719238, 7812
4.491031169891357, 7811
4.493058443069458, 7810
4.494022369384766, 7809
4.4950196743011475, 7808
4.498039722442627, 7807
4.500035047531128, 7806
4.502030849456787, 7805
4.504023551940918, 7804
4.505991220474243, 7803
4.508017539978027, 7802
4.509981870651245, 7801
4.510978698730469, 7800
4.511976003646851, 7799
4.514002323150635, 7798
4.514966249465942, 7797
4.515963554382324, 7796
4.515963554382324, 7795
4.516960859298706, 7794
4.517957925796509, 7793
4.5189549922943115, 7792
4.5189549922943115, 7791
4.519953012466431, 7790
4.522948265075684, 7789
4.525937557220459, 7788
4.529926776885986, 7787
4.532918214797974, 7786
4.534913063049316, 7785
4.536907434463501, 7784
4.538902044296265, 7783
4.54189395904541, 7782
4.543889284133911, 7781
4.546915531158447, 7780
4.551867961883545, 7779
4.553861856460571, 7778
4.555857419967651, 7777
4.558849334716797, 7776
4.561846017837524, 7775
4.566861629486084, 7774
4.57181453704834, 7773
4.576801776885986, 7772
4.581818580627441, 7771
4.586775779724121, 7770
4.590763807296753, 7769
4.5927581787109375, 7768
4.595751047134399, 7767
4.598742246627808, 7766
4.601734161376953, 7765
4.604726314544678, 7764
4.606720685958862, 7763
4.608715295791626, 7762
4.611707448959351, 7761
4.613702297210693, 7760
4.615696668624878, 7759
4.618689060211182, 7758
4.620683431625366, 7757
4.62267804145813, 7756
4.6246726512908936, 7755
4.627667427062988, 7754
4.632652997970581, 7753
4.637638568878174, 7752
4.641627311706543, 7751
4.644619464874268, 7750
4.64860987663269, 7749
4.653597831726074, 7748
4.656588315963745, 7747
4.658583641052246, 7746
4.660577297210693, 7745
4.6645667552948, 7744
4.666561841964722, 7743
4.668556451797485, 7742
4.671547889709473, 7741
4.673542737960815, 7740
4.675537824630737, 7739
4.680525779724121, 7738
4.685510635375977, 7737
4.690497636795044, 7736
4.695483922958374, 7735
4.698476314544678, 7734
4.7004714012146, 7733
4.702465295791626, 7732
4.70445990562439, 7731
4.707451343536377, 7730
4.709446907043457, 7729
4.712438106536865, 7728
4.715431213378906, 7727
4.719420433044434, 7726
4.721414566040039, 7725
4.72440767288208, 7724
4.731387138366699, 7723
4.733382940292358, 7722
4.751366853713989, 7721
4.755323171615601, 7720
4.75632119178772, 7719
4.75632119178772, 7718
4.757318019866943, 7717
4.7583160400390625, 7716
4.761307239532471, 7715
4.76230525970459, 7714
4.764333009719849, 7713
4.766326904296875, 7712
4.768323659896851, 7711
4.777264356613159, 7710
4.778262138366699, 7709
4.780291557312012, 7708
4.782252311706543, 7707
4.784281253814697, 7706
4.785245180130005, 7705
4.786242723464966, 7704
4.787240028381348, 7703
4.789232492446899, 7702
4.79023003578186, 7701
4.792226314544678, 7700
4.794219255447388, 7699
4.7962141036987305, 7698
4.797211408615112, 7697
4.798208475112915, 7696
4.798208475112915, 7695
4.800204753875732, 7694
4.80120062828064, 7693
4.80120062828064, 7692
4.802198171615601, 7691
4.803195238113403, 7690
4.804192781448364, 7689
4.805190563201904, 7688
4.806187152862549, 7687
4.807184457778931, 7686
4.809180498123169, 7685
4.811173915863037, 7684
4.8121724128723145, 7683
4.814166307449341, 7682
4.816160678863525, 7681
4.818155288696289, 7680
4.820150852203369, 7679
4.821147680282593, 7678
4.822144508361816, 7677
4.822144508361816, 7676
4.823142051696777, 7675
4.82413911819458, 7674
4.825136423110962, 7673
4.826133728027344, 7672
4.827131509780884, 7671
4.8281285762786865, 7670
4.829128980636597, 7669
4.830124616622925, 7668
4.831120491027832, 7667
4.832118034362793, 7666
4.832118034362793, 7665
4.833115100860596, 7664
4.834112644195557, 7663
4.835110425949097, 7662
4.835110425949097, 7661
4.836107492446899, 7660
4.837104558944702, 7659
4.838101863861084, 7658
4.838101863861084, 7657
4.839099168777466, 7656
4.840096473693848, 7655
4.841094255447388, 7654
4.8420915603637695, 7653
4.844086170196533, 7652
4.8450846672058105, 7651
4.8480753898620605, 7650
4.850070953369141, 7649
4.851067304611206, 7648
4.856054067611694, 7647
4.862038612365723, 7646
4.863036632537842, 7645
4.864032506942749, 7644
4.865030288696289, 7643
4.866027355194092, 7642
4.8670244216918945, 7641
4.869019031524658, 7640
4.8700172901153564, 7639
4.8700172901153564, 7638
4.873008966445923, 7637
4.885974168777466, 7636
4.886972665786743, 7635
4.887969970703125, 7634
4.888967037200928, 7633
4.8899641036987305, 7632
4.891959190368652, 7631
4.895947694778442, 7630
4.896945476531982, 7629
4.897942066192627, 7628
4.898940563201904, 7627
4.899938344955444, 7626
4.899938344955444, 7625
4.9009339809417725, 7624
4.901932716369629, 7623
4.9029295444488525, 7622
4.903925895690918, 7621
4.904922962188721, 7620
4.905920743942261, 7619
4.9069178104400635, 7618
4.9069178104400635, 7617
4.9079155921936035, 7616
4.908912897109985, 7615
4.909909963607788, 7614
4.91090726852417, 7613
4.911904573440552, 7612
4.912903785705566, 7611
4.914896726608276, 7610
4.916892051696777, 7609
4.918885707855225, 7608
4.920880556106567, 7607
4.922876358032227, 7606
4.923873424530029, 7605
4.924870729446411, 7604
4.924870729446411, 7603
4.925867319107056, 7602
4.926864385604858, 7601
4.927861928939819, 7600
4.927861928939819, 7599
4.930855751037598, 7598
4.93285059928894, 7597
4.934844732284546, 7596
4.93584132194519, 7595
4.937838792800903, 7594
4.939831495285034, 7593
4.9418253898620605, 7592
4.942823648452759, 7591
4.943819761276245, 7590
4.944817304611206, 7589
4.946812152862549, 7588
4.949803113937378, 7587
4.951798439025879, 7586
4.952797174453735, 7585
4.953794717788696, 7584
4.954791069030762, 7583
4.955788612365723, 7582
4.95778226852417, 7581
4.958780765533447, 7580
4.959777116775513, 7579
4.9607744216918945, 7578
4.962769508361816, 7577
4.96479344367981, 7576
4.9667909145355225, 7575
4.968754291534424, 7574
4.970747470855713, 7573
4.9727418422698975, 7572
4.975734233856201, 7571
4.977728843688965, 7570
4.979723691940308, 7569
4.980720520019531, 7568
4.982715368270874, 7567
4.984710216522217, 7566
4.987702131271362, 7565
4.989696502685547, 7564
4.9916911125183105, 7563
4.993685960769653, 7562
4.995680809020996, 7561
5.001667022705078, 7560
5.002662420272827, 7559
5.0056538581848145, 7558
5.007648468017578, 7557
5.0096435546875, 7556
5.012635707855225, 7555
5.013632774353027, 7554
5.014630556106567, 7553
5.015627384185791, 7552
5.016624450683594, 7551
5.0176215171813965, 7550
5.019616365432739, 7549
5.020614147186279, 7548
5.02161169052124, 7547
5.022608518600464, 7546
5.023605585098267, 7545
5.024603366851807, 7544
5.02659797668457, 7543
5.02759575843811, 7542
5.02959132194519, 7541
5.031584739685059, 7540
5.033579111099243, 7539
5.036571741104126, 7538
5.038565635681152, 7537
5.040560245513916, 7536
5.042555093765259, 7535
5.045547008514404, 7534
5.047542095184326, 7533
5.048539161682129, 7532
5.050533771514893, 7531
5.0515313148498535, 7530
5.053526163101196, 7529
5.056517601013184, 7528
5.058512449264526, 7527
5.061504602432251, 7526
5.062502145767212, 7525
5.0644965171813965, 7524
5.065493822097778, 7523
5.066490888595581, 7522
5.069483041763306, 7521
5.071477890014648, 7520
5.074469804763794, 7519
5.076464891433716, 7518
5.0784592628479, 7517
5.080453634262085, 7516
5.081451177597046, 7515
5.082448244094849, 7514
5.0834455490112305, 7513
5.084443092346191, 7512
5.085440635681152, 7511
5.086437702178955, 7510
5.087435007095337, 7509
5.090428113937378, 7508
5.091424465179443, 7507
5.092422008514404, 7506
5.093419075012207, 7505
5.095414876937866, 7504
5.097409248352051, 7503
5.0984063148498535, 7502
5.099403381347656, 7501
5.100400447845459, 7500
5.102395057678223, 7499
5.103392601013184, 7498
5.104389667510986, 7497
5.105388879776001, 7496
5.10738205909729, 7495
5.108379364013672, 7494
5.109376430511475, 7493
5.1103737354278564, 7492
5.111371040344238, 7491
5.1133668422698975, 7490
5.116358280181885, 7489
5.11835241317749, 7488
5.121344566345215, 7487
5.1233391761779785, 7486
5.126330852508545, 7485
5.129324674606323, 7484
5.131317853927612, 7483
5.134309768676758, 7482
5.135308504104614, 7481
5.136306047439575, 7480
5.1382997035980225, 7479
5.139297008514404, 7478
5.141291856765747, 7477
5.143286228179932, 7476
5.145280599594116, 7475
5.147277116775513, 7474
5.148274660110474, 7473
5.149272441864014, 7472
5.151266574859619, 7471
5.152264833450317, 7470
5.153261184692383, 7469
5.155255317687988, 7468
5.156253337860107, 7467
5.15725040435791, 7466
5.158247470855713, 7465
5.159244775772095, 7464
5.160242319107056, 7463
5.162235498428345, 7462
5.164260625839233, 7461
5.166227102279663, 7460
5.167224168777466, 7459
5.1682209968566895, 7458
5.170215368270874, 7457
5.172210454940796, 7456
5.173207521438599, 7455
5.1752026081085205, 7454
5.177197217941284, 7453
5.178194761276245, 7452
5.18021821975708, 7451
5.182185888290405, 7450
5.183180332183838, 7449
5.184178829193115, 7448
5.185173988342285, 7447
5.186171293258667, 7446
5.188165903091431, 7445
5.189162969589233, 7444
5.190160512924194, 7443
5.191157579421997, 7442
5.192154884338379, 7441
5.19415283203125, 7440
5.1951494216918945, 7439
5.198172569274902, 7438
5.200168132781982, 7437
5.2031590938568115, 7436
5.205123424530029, 7435
5.207116603851318, 7434
5.210107088088989, 7433
5.212101936340332, 7432
5.214096546173096, 7431
5.2150938510894775, 7430
5.21609091758728, 7429
5.217088222503662, 7428
5.218086004257202, 7427
5.219083309173584, 7426
5.220080375671387, 7425
5.2220752239227295, 7424
5.223072290420532, 7423
5.224069595336914, 7422
5.226065397262573, 7421
5.2280592918396, 7420
5.230053901672363, 7419
5.231050968170166, 7418
5.232048749923706, 7417
5.233045816421509, 7416
5.2340428829193115, 7415
5.236037969589233, 7414
5.237035036087036, 7413
5.238032341003418, 7412
5.2390296459198, 7411
5.240026950836182, 7410
5.2410242557525635, 7409
5.242021799087524, 7408
5.244017124176025, 7407
5.245013475418091, 7406
5.248040199279785, 7405
5.250033140182495, 7404
5.253025054931641, 7403
5.256016969680786, 7402
5.257017374038696, 7401
5.258977651596069, 7400
5.2609710693359375, 7399
5.261968374252319, 7398
5.262966632843018, 7397
5.264960289001465, 7396
5.265957593917847, 7395
5.266955137252808, 7394
5.2679524421691895, 7393
5.268949508666992, 7392
5.269947052001953, 7391
5.271941661834717, 7390
5.272938966751099, 7389
5.275931119918823, 7388
5.277925968170166, 7387
5.279923439025879, 7386
5.280920028686523, 7385
5.282914876937866, 7384
5.28391170501709, 7383
5.284908771514893, 7382
5.285906791687012, 7381
5.2869038581848145, 7380
5.288896799087524, 7379
5.29188871383667, 7378
5.294880628585815, 7377
5.296875238418579, 7376
5.2998669147491455, 7375
5.301861763000488, 7374
5.306849241256714, 7373
5.309842348098755, 7372
5.310838937759399, 7371
5.311839818954468, 7370
5.313837051391602, 7369
5.3158299922943115, 7368
5.318817138671875, 7367
5.322806358337402, 7366
5.326796293258667, 7365
5.332779884338379, 7364
5.336769104003906, 7363
5.344747066497803, 7362
5.348736524581909, 7361
5.352725505828857, 7360
5.355717420578003, 7359
5.359706878662109, 7358
5.363696336746216, 7357
5.369680404663086, 7356
5.3726725578308105, 7355
5.375664472579956, 7354
5.380651235580444, 7353
5.387632846832275, 7352
5.395612001419067, 7351
5.3986029624938965, 7350
5.404587268829346, 7349
5.410571813583374, 7348
5.415557622909546, 7347
5.421541929244995, 7346
5.424533843994141, 7345
5.429522514343262, 7344
5.436501979827881, 7343
5.443482875823975, 7342
5.449466943740845, 7341
5.456448316574097, 7340
5.463429689407349, 7339
5.4704108238220215, 7338
5.477392911911011, 7337
5.485371351242065, 7336
5.489360094070435, 7335
5.493352174758911, 7334
5.497340679168701, 7333
5.500330924987793, 7332
5.504322052001953, 7331
5.507312536239624, 7330
5.535237550735474, 7329
5.541223049163818, 7328
5.542219161987305, 7327
5.543216228485107, 7326
5.544213533401489, 7325
5.545210838317871, 7324
5.5482048988342285, 7323
5.550198078155518, 7322
5.552192211151123, 7321
5.554187059402466, 7320
5.5561816692352295, 7319
5.557178974151611, 7318
5.558176040649414, 7317
5.559173345565796, 7316
5.560171127319336, 7315
5.561168193817139, 7314
5.5641608238220215, 7313
5.566154718399048, 7312
5.5691468715667725, 7311
5.571141719818115, 7310
5.574133634567261, 7309
5.580118417739868, 7308
5.583109378814697, 7307
5.58510422706604, 7306
5.588096857070923, 7305
5.590090751647949, 7304
5.592085599899292, 7303
5.593083381652832, 7302
5.594080209732056, 7301
5.596078395843506, 7300
5.5980706214904785, 7299
5.599067449569702, 7298
5.600064992904663, 7297
5.602059602737427, 7296
5.603056907653809, 7295
5.604054689407349, 7294
5.605051517486572, 7293
5.606048822402954, 7292
5.607045888900757, 7291
5.609040975570679, 7290
5.6100380420684814, 7289
5.611035346984863, 7288
5.613030433654785, 7287
5.6160500049591064, 7286
5.619044303894043, 7285
5.6210362911224365, 7284
5.624028444290161, 7283
5.625996828079224, 7282
5.627990007400513, 7281
5.6309826374053955, 7280
5.633973598480225, 7279
5.636965751647949, 7278
5.638960361480713, 7277
5.642951011657715, 7276
5.6459431648254395, 7275
5.647936582565308, 7274
5.648934364318848, 7273
5.64993143081665, 7272
5.651926279067993, 7271
5.654919147491455, 7270
5.6579108238220215, 7269
5.6609046459198, 7268
5.662930250167847, 7267
5.665922403335571, 7266
5.667883396148682, 7265
5.6708762645721436, 7264
5.672870874404907, 7263
5.674865484237671, 7262
5.676858901977539, 7261
5.677855968475342, 7260
5.680848121643066, 7259
5.682842969894409, 7258
5.6848390102386475, 7257
5.687831163406372, 7256
5.689824342727661, 7255
5.691821336746216, 7254
5.694812297821045, 7253
5.695809364318848, 7252
5.697804927825928, 7251
5.698802947998047, 7250
5.70079493522644, 7249
5.703787326812744, 7248
5.70578145980835, 7247
5.708773612976074, 7246
5.710768222808838, 7245
5.712763786315918, 7244
5.7137603759765625, 7243
5.714757442474365, 7242
5.716753005981445, 7241
5.718746900558472, 7240
5.7197442054748535, 7239
5.720741510391235, 7238
5.721738815307617, 7237
5.722736120223999, 7236
5.72373366355896, 7235
5.724731206893921, 7234
5.727723121643066, 7233
5.729718923568726, 7232
5.731712579727173, 7231
5.733707666397095, 7230
5.735701560974121, 7229
5.737696409225464, 7228
5.739690780639648, 7227
5.7406885623931885, 7226
5.7406885623931885, 7225
5.741685628890991, 7224
5.742682933807373, 7223
5.743680000305176, 7222
5.744677782058716, 7221
5.745675325393677, 7220
5.7466723918914795, 7219
5.747669458389282, 7218
5.748667001724243, 7217
5.749665260314941, 7216
5.750661849975586, 7215
5.751659393310547, 7214
5.75265645980835, 7213
5.7536537647247314, 7212
5.754651308059692, 7211
5.756645917892456, 7210
5.757643222808838, 7209
5.75864052772522, 7208
5.75864052772522, 7207
5.759638071060181, 7206
5.760635137557983, 7205
5.761632680892944, 7204
5.762630462646484, 7203
5.764624357223511, 7202
5.765622138977051, 7201
5.766618967056274, 7200
5.766618967056274, 7199
5.767616033554077, 7198
5.768613338470459, 7197
5.769611120223999, 7196
5.770607948303223, 7195
5.771605491638184, 7194
5.7726030349731445, 7193
5.773600101470947, 7192
5.7745983600616455, 7191
5.775594711303711, 7190
5.776592254638672, 7189
5.777589559555054, 7188
5.778587341308594, 7187
5.779584646224976, 7186
5.781580209732056, 7185
5.782576560974121, 7184
5.784570932388306, 7183
5.785568714141846, 7182
5.789558172225952, 7181
5.790555715560913, 7180
5.792551755905151, 7179
5.7935473918914795, 7178
5.794544458389282, 7177
5.795543193817139, 7176
5.797536611557007, 7175
5.798533916473389, 7174
5.799530744552612, 7173
5.802522659301758, 7172
5.803520917892456, 7171
5.80451774597168, 7170
5.805514812469482, 7169
5.8065125942230225, 7168
5.8075103759765625, 7167
5.808506727218628, 7166
5.80950403213501, 7165
5.812499284744263, 7164
5.813495397567749, 7163
5.8144919872283936, 7162
5.815488815307617, 7161
5.816486120223999, 7160
5.819478273391724, 7159
5.820476055145264, 7158
5.821472644805908, 7157
5.822470188140869, 7156
5.823467254638672, 7155
5.824465036392212, 7154
5.825462102890015, 7153
5.8264594078063965, 7152
5.8264594078063965, 7151
5.828454494476318, 7150
5.830449819564819, 7149
5.8334434032440186, 7148
5.835435390472412, 7147
5.842416763305664, 7146
5.846407890319824, 7145
5.8484015464782715, 7144
5.850400924682617, 7143
5.85637903213501, 7142
5.859371900558472, 7141
5.861365556716919, 7140
5.867350339889526, 7139
5.873334646224976, 7138
5.87433123588562, 7137
5.875328540802002, 7136
5.876325607299805, 7135
5.8773229122161865, 7134
5.878320217132568, 7133
5.879318475723267, 7132
5.880314826965332, 7131
5.881312370300293, 7130
5.882309436798096, 7129
5.8833067417144775, 7128
5.884304523468018, 7127
5.88530158996582, 7126
5.8862996101379395, 7125
5.887295961380005, 7124
5.888293504714966, 7123
5.889290809631348, 7122
5.889290809631348, 7121
5.891286134719849, 7120
5.894278049468994, 7119
5.8962743282318115, 7118
5.897270679473877, 7117
5.89826774597168, 7116
5.899264812469482, 7115
5.901259660720825, 7114
5.902257442474365, 7113
5.90325403213501, 7112
5.9052488803863525, 7111
5.906246185302734, 7110
5.908241510391235, 7109
5.90923810005188, 7108
5.910235404968262, 7107
5.9112327098846436, 7106
5.913231134414673, 7105
5.91621994972229, 7104
5.917222499847412, 7103
5.919211387634277, 7102
5.924197673797607, 7101
5.926192283630371, 7100
5.928186893463135, 7099
5.931179523468018, 7098
5.93317437171936, 7097
5.935168504714966, 7096
5.938160419464111, 7095
5.940155029296875, 7094
5.942149639129639, 7093
5.9441444873809814, 7092
5.946141004562378, 7091
5.949131488800049, 7090
5.951126575469971, 7089
5.953120946884155, 7088
5.9561121463775635, 7087
5.958106994628906, 7086
5.96010160446167, 7085
5.962096452713013, 7084
5.9630937576293945, 7083
5.964090824127197, 7082
5.965088129043579, 7081
5.966085433959961, 7080
5.967083692550659, 7079
5.969078063964844, 7078
5.971072673797607, 7077
5.973067045211792, 7076
5.975061655044556, 7075
5.97805380821228, 7074
5.979052305221558, 7073
5.981046438217163, 7072
5.983040809631348, 7071
5.986032485961914, 7070
5.9890241622924805, 7069
5.993014097213745, 7068
5.995008230209351, 7067
6.001991510391235, 7066
6.004981756210327, 7065
6.006977081298828, 7064
6.008971214294434, 7063
6.009968280792236, 7062
6.010965585708618, 7061
6.0129618644714355, 7060
6.015952110290527, 7059
6.016950845718384, 7058
6.017947673797607, 7057
6.018944263458252, 7056
6.019941329956055, 7055
6.020939111709595, 7054
6.021935939788818, 7053
6.022933483123779, 7052
6.022933483123779, 7051
6.024928092956543, 7050
6.025926113128662, 7049
6.025926113128662, 7048
6.027920484542847, 7047
6.028918027877808, 7046
6.029914855957031, 7045
6.030912160873413, 7044
6.031909704208374, 7043
6.032907009124756, 7042
6.0349016189575195, 7041
6.035898923873901, 7040
6.037894010543823, 7039
6.038891315460205, 7038
6.039888143539429, 7037
6.0408854484558105, 7036
6.041882753372192, 7035
6.042880058288574, 7034
6.043877840042114, 7033
6.044874906539917, 7032
6.046869993209839, 7031
6.0478668212890625, 7030
6.048865795135498, 7029
6.050860166549683, 7028
6.052854299545288, 7027
6.054848670959473, 7026
6.056843042373657, 7025
6.059834957122803, 7024
6.0618298053741455, 7023
6.06382417678833, 7022
6.066816091537476, 7021
6.1864964962005615, 7020
6.1884918212890625, 7019
6.234369277954102, 7018
6.243345499038696, 7017
6.261296987533569, 7016
6.372997522354126, 7015
6.540550947189331, 7014
6.580442905426025, 7013
6.930507183074951, 7012
6.944469213485718, 7011
7.248657464981079, 7010
7.267613649368286, 7009
7.299521446228027, 7008
7.324455499649048, 7007
7.406235456466675, 7006
7.407236337661743, 7005
7.47904109954834, 7004
7.54586124420166, 7003
7.5578293800354, 7002
7.800181865692139, 7001
8.148280620574951, 7000
8.263940572738647, 6999
8.367663860321045, 6998
8.391599893569946, 6997
8.409552812576294, 6996
8.421519994735718, 6995
8.428502559661865, 6994
8.451439142227173, 6993
8.459418058395386, 6992
8.46739673614502, 6991
8.51128077507019, 6990
8.522250652313232, 6989
8.533220767974854, 6988
8.540202140808105, 6987
8.552171468734741, 6986
8.568129062652588, 6985
9.045850276947021, 6984
9.081784725189209, 6983
9.124674081802368, 6982
9.29219126701355, 6981
9.302200555801392, 6980
9.31815767288208, 6979
9.32610034942627, 6978
9.509609460830688, 6977
9.63228154182434, 6976
10.000297546386719, 6975
10.066121816635132, 6974
10.083076238632202, 6973
10.137930393218994, 6972
10.33244252204895, 6971
10.745306253433228, 6970
10.750292539596558, 6969
11.704740047454834, 6968
11.744633197784424, 6967
