0.3132312297821045, 6805
0.3132312297821045, 6804
0.3132312297821045, 6803
0.3132312297821045, 6802
0.3132312297821045, 6801
0.3212904930114746, 6800
0.3212904930114746, 6799
0.3212904930114746, 6798
0.3212904930114746, 6797
0.3212904930114746, 6796
0.3233041763305664, 6795
0.3233041763305664, 6794
0.3233041763305664, 6793
0.3233041763305664, 6792
0.3233041763305664, 6791
0.3233041763305664, 6790
0.3233041763305664, 6789
0.3233041763305664, 6788
0.3313171863555908, 6787
0.3313171863555908, 6786
0.3313171863555908, 6785
0.3333272933959961, 6784
0.3333272933959961, 6783
0.3333272933959961, 6782
0.3333272933959961, 6781
0.3333272933959961, 6780
0.3333272933959961, 6779
0.3333272933959961, 6778
0.3333272933959961, 6777
0.3333272933959961, 6776
0.34134840965270996, 6775
0.34134840965270996, 6774
0.34134840965270996, 6773
0.34336161613464355, 6772
0.34336161613464355, 6771
0.34336161613464355, 6770
0.34336161613464355, 6769
0.34336161613464355, 6768
0.34336161613464355, 6767
0.34336161613464355, 6766
0.34336161613464355, 6765
0.34336161613464355, 6764
0.35137248039245605, 6763
0.35137248039245605, 6762
0.35137248039245605, 6761
0.3533821105957031, 6760
0.3533821105957031, 6759
0.3533821105957031, 6758
0.3533821105957031, 6757
0.3533821105957031, 6756
0.3533821105957031, 6755
0.3533821105957031, 6754
0.3533821105957031, 6753
0.3533821105957031, 6752
0.3614015579223633, 6751
0.3614015579223633, 6750
0.36341357231140137, 6749
0.36341357231140137, 6748
0.36341357231140137, 6747
0.36341357231140137, 6746
0.36341357231140137, 6745
0.36341357231140137, 6744
0.36341357231140137, 6743
0.36341357231140137, 6742
0.36341357231140137, 6741
0.37142229080200195, 6740
0.37142229080200195, 6739
0.37142229080200195, 6738
0.37346529960632324, 6737
0.37346529960632324, 6736
0.37346529960632324, 6735
0.37346529960632324, 6734
0.37346529960632324, 6733
0.37346529960632324, 6732
0.37346529960632324, 6731
0.37346529960632324, 6730
0.3815121650695801, 6729
0.3815121650695801, 6728
0.3815121650695801, 6727
0.3815121650695801, 6726
0.3815121650695801, 6725
0.3835568428039551, 6724
0.3835568428039551, 6723
0.3835568428039551, 6722
0.3835568428039551, 6721
0.3835568428039551, 6720
0.3835568428039551, 6719
0.3835568428039551, 6718
0.3835568428039551, 6717
0.3835568428039551, 6716
0.3915998935699463, 6715
0.3915998935699463, 6714
0.3936450481414795, 6713
0.3936450481414795, 6712
0.3936450481414795, 6711
0.3936450481414795, 6710
0.3936450481414795, 6709
0.3936450481414795, 6708
0.3936450481414795, 6707
0.3936450481414795, 6706
0.3936450481414795, 6705
0.4016909599304199, 6704
0.4016909599304199, 6703
0.4016909599304199, 6702
0.4037322998046875, 6701
0.4037322998046875, 6700
0.4037322998046875, 6699
0.4037322998046875, 6698
0.4037322998046875, 6697
0.4037322998046875, 6696
0.4037322998046875, 6695
0.4037322998046875, 6694
0.4037322998046875, 6693
0.4037322998046875, 6692
0.4037322998046875, 6691
0.4037322998046875, 6690
0.4037322998046875, 6689
0.4037322998046875, 6688
0.4117720127105713, 6687
0.4117720127105713, 6686
0.4117720127105713, 6685
0.4117720127105713, 6684
0.41381025314331055, 6683
0.41381025314331055, 6682
0.41381025314331055, 6681
0.41381025314331055, 6680
0.41381025314331055, 6679
0.41381025314331055, 6678
0.41381025314331055, 6677
0.41381025314331055, 6676
0.41381025314331055, 6675
0.41381025314331055, 6674
0.41381025314331055, 6673
0.41381025314331055, 6672
0.41381025314331055, 6671
0.41381025314331055, 6670
0.41381025314331055, 6669
0.41381025314331055, 6668
0.41381025314331055, 6667
0.41381025314331055, 6666
0.4218764305114746, 6665
0.4218764305114746, 6664
0.42391514778137207, 6663
0.42391514778137207, 6662
0.42391514778137207, 6661
0.42391514778137207, 6660
0.42391514778137207, 6659
0.42391514778137207, 6658
0.42391514778137207, 6657
0.42391514778137207, 6656
0.42391514778137207, 6655
0.42391514778137207, 6654
0.42391514778137207, 6653
0.42391514778137207, 6652
0.42391514778137207, 6651
0.42391514778137207, 6650
0.42391514778137207, 6649
0.42391514778137207, 6648
0.42391514778137207, 6647
0.4319617748260498, 6646
0.4319617748260498, 6645
0.4319617748260498, 6644
0.4319617748260498, 6643
0.43400049209594727, 6642
0.43400049209594727, 6641
0.43400049209594727, 6640
0.43400049209594727, 6639
0.43400049209594727, 6638
0.43400049209594727, 6637
0.43400049209594727, 6636
0.43400049209594727, 6635
0.43400049209594727, 6634
0.43400049209594727, 6633
0.43400049209594727, 6632
0.43400049209594727, 6631
0.43400049209594727, 6630
0.43400049209594727, 6629
0.43400049209594727, 6628
0.43400049209594727, 6627
0.4420204162597656, 6626
0.4420204162597656, 6625
0.4440653324127197, 6624
0.4440653324127197, 6623
0.4440653324127197, 6622
0.4440653324127197, 6621
0.4440653324127197, 6620
0.4440653324127197, 6619
0.4440653324127197, 6618
0.4440653324127197, 6617
0.4440653324127197, 6616
0.4440653324127197, 6615
0.4440653324127197, 6614
0.4440653324127197, 6613
0.4440653324127197, 6612
0.4440653324127197, 6611
0.4521064758300781, 6610
0.4521064758300781, 6609
0.4521064758300781, 6608
0.4521064758300781, 6607
0.4541456699371338, 6606
0.4541456699371338, 6605
0.4541456699371338, 6604
0.4541456699371338, 6603
0.4541456699371338, 6602
0.4541456699371338, 6601
0.4541456699371338, 6600
0.4541456699371338, 6599
0.4541456699371338, 6598
0.4541456699371338, 6597
16.70223045349121, 6596
17.095389127731323, 6595
17.105825185775757, 6594
17.105825185775757, 6593
17.105825185775757, 6592
17.549026012420654, 6591
17.564647912979126, 6590
17.564647912979126, 6589
17.564647912979126, 6588
17.564647912979126, 6587
17.564647912979126, 6586
17.564647912979126, 6585
17.58026885986328, 6584
17.58677363395691, 6583
17.58677363395691, 6582
17.58677363395691, 6581
17.58677363395691, 6580
17.58677363395691, 6579
17.58677363395691, 6578
17.58677363395691, 6577
17.602399826049805, 6576
17.602399826049805, 6575
17.602399826049805, 6574
17.602399826049805, 6573
17.602399826049805, 6572
17.602399826049805, 6571
17.602399826049805, 6570
17.602399826049805, 6569
17.602399826049805, 6568
17.602399826049805, 6567
17.602399826049805, 6566
17.602399826049805, 6565
17.602399826049805, 6564
17.602399826049805, 6563
17.602399826049805, 6562
17.602399826049805, 6561
17.602399826049805, 6560
17.602399826049805, 6559
17.602399826049805, 6558
17.602399826049805, 6557
17.602399826049805, 6556
17.602399826049805, 6555
17.602399826049805, 6554
17.602399826049805, 6553
17.618021249771118, 6552
17.618021249771118, 6551
17.618021249771118, 6550
17.618021249771118, 6549
17.618021249771118, 6548
17.618021249771118, 6547
17.618021249771118, 6546
17.618021249771118, 6545
17.618021249771118, 6544
17.618021249771118, 6543
17.618021249771118, 6542
17.618021249771118, 6541
17.63364267349243, 6540
17.63364267349243, 6539
17.63364267349243, 6538
17.63364267349243, 6537
17.63364267349243, 6536
17.63364267349243, 6535
17.63364267349243, 6534
17.63364267349243, 6533
17.649264335632324, 6532
17.649264335632324, 6531
17.649264335632324, 6530
17.649264335632324, 6529
17.649264335632324, 6528
17.649264335632324, 6527
17.649264335632324, 6526
17.649264335632324, 6525
17.649264335632324, 6524
17.649264335632324, 6523
17.664886474609375, 6522
17.664886474609375, 6521
17.664886474609375, 6520
17.664886474609375, 6519
17.664886474609375, 6518
17.68050789833069, 6517
17.68050789833069, 6516
17.68050789833069, 6515
17.68050789833069, 6514
17.68050789833069, 6513
17.6870174407959, 6512
17.6870174407959, 6511
17.6870174407959, 6510
17.6870174407959, 6509
17.6870174407959, 6508
17.6870174407959, 6507
17.6870174407959, 6506
17.6870174407959, 6505
17.6870174407959, 6504
17.6870174407959, 6503
17.6870174407959, 6502
17.6870174407959, 6501
17.6870174407959, 6500
17.6870174407959, 6499
17.6870174407959, 6498
17.70264506340027, 6497
17.70264506340027, 6496
17.70264506340027, 6495
17.70264506340027, 6494
17.70264506340027, 6493
17.70264506340027, 6492
17.70264506340027, 6491
17.70264506340027, 6490
17.71830105781555, 6489
17.71830105781555, 6488
17.71830105781555, 6487
17.71830105781555, 6486
17.71830105781555, 6485
17.71830105781555, 6484
17.733919143676758, 6483
17.733919143676758, 6482
17.733919143676758, 6481
17.733919143676758, 6480
17.733919143676758, 6479
17.733919143676758, 6478
17.733919143676758, 6477
17.733919143676758, 6476
17.733919143676758, 6475
17.733919143676758, 6474
17.733919143676758, 6473
17.733919143676758, 6472
17.733919143676758, 6471
17.733919143676758, 6470
17.749540090560913, 6469
17.749540090560913, 6468
17.749540090560913, 6467
17.749540090560913, 6466
17.749540090560913, 6465
17.749540090560913, 6464
17.765161752700806, 6463
17.765161752700806, 6462
17.765161752700806, 6461
17.765161752700806, 6460
17.765161752700806, 6459
17.765161752700806, 6458
17.765161752700806, 6457
17.765161752700806, 6456
17.765161752700806, 6455
17.780784606933594, 6454
17.780784606933594, 6453
17.780784606933594, 6452
17.787322759628296, 6451
17.787322759628296, 6450
17.787322759628296, 6449
17.787322759628296, 6448
17.787322759628296, 6447
17.787322759628296, 6446
17.787322759628296, 6445
17.787322759628296, 6444
17.787322759628296, 6443
17.802980661392212, 6442
17.802980661392212, 6441
17.802980661392212, 6440
17.802980661392212, 6439
17.802980661392212, 6438
17.802980661392212, 6437
17.802980661392212, 6436
17.802980661392212, 6435
17.802980661392212, 6434
17.802980661392212, 6433
17.818572282791138, 6432
17.818572282791138, 6431
17.818572282791138, 6430
17.818572282791138, 6429
17.818572282791138, 6428
17.818572282791138, 6427
17.818572282791138, 6426
17.818572282791138, 6425
17.818572282791138, 6424
17.818572282791138, 6423
17.818572282791138, 6422
17.818572282791138, 6421
17.818572282791138, 6420
17.818572282791138, 6419
17.818572282791138, 6418
17.818572282791138, 6417
17.818572282791138, 6416
17.818572282791138, 6415
17.818572282791138, 6414
17.818572282791138, 6413
17.834192514419556, 6412
17.834192514419556, 6411
17.834192514419556, 6410
17.834192514419556, 6409
17.834192514419556, 6408
17.834192514419556, 6407
17.834192514419556, 6406
17.834192514419556, 6405
17.834192514419556, 6404
17.834192514419556, 6403
17.834192514419556, 6402
17.834192514419556, 6401
17.834192514419556, 6400
17.834192514419556, 6399
17.834192514419556, 6398
17.834192514419556, 6397
17.834192514419556, 6396
17.849814414978027, 6395
17.849814414978027, 6394
17.849814414978027, 6393
17.849814414978027, 6392
17.849814414978027, 6391
17.849814414978027, 6390
17.849814414978027, 6389
17.86543583869934, 6388
17.86543583869934, 6387
17.86543583869934, 6386
17.86543583869934, 6385
17.86543583869934, 6384
17.86543583869934, 6383
17.86543583869934, 6382
17.86543583869934, 6381
17.86543583869934, 6380
17.86543583869934, 6379
17.86543583869934, 6378
17.86543583869934, 6377
17.881056308746338, 6376
17.881056308746338, 6375
17.881056308746338, 6374
17.887564420700073, 6373
17.887564420700073, 6372
17.887564420700073, 6371
17.887564420700073, 6370
17.887564420700073, 6369
17.887564420700073, 6368
17.887564420700073, 6367
17.887564420700073, 6366
17.90642499923706, 6365
17.90642499923706, 6364
17.90742254257202, 6363
17.908517360687256, 6362
17.908517360687256, 6361
17.908517360687256, 6360
17.908517360687256, 6359
17.908517360687256, 6358
17.908517360687256, 6357
17.908517360687256, 6356
17.908517360687256, 6355
17.908517360687256, 6354
17.908517360687256, 6353
17.908517360687256, 6352
17.92414093017578, 6351
17.92414093017578, 6350
17.92414093017578, 6349
17.92414093017578, 6348
17.92414093017578, 6347
17.92414093017578, 6346
17.92414093017578, 6345
17.92414093017578, 6344
17.92414093017578, 6343
17.92414093017578, 6342
17.92414093017578, 6341
17.92414093017578, 6340
17.92414093017578, 6339
17.92414093017578, 6338
17.92414093017578, 6337
17.92414093017578, 6336
17.92414093017578, 6335
17.92414093017578, 6334
17.92414093017578, 6333
17.92414093017578, 6332
17.939762592315674, 6331
17.939762592315674, 6330
17.939762592315674, 6329
17.939762592315674, 6328
17.939762592315674, 6327
17.939762592315674, 6326
17.939762592315674, 6325
17.939762592315674, 6324
17.939762592315674, 6323
17.939762592315674, 6322
17.939762592315674, 6321
17.95538353919983, 6320
17.95538353919983, 6319
17.95538353919983, 6318
17.95538353919983, 6317
17.95538353919983, 6316
17.95538353919983, 6315
17.95538353919983, 6314
17.95538353919983, 6313
17.95538353919983, 6312
17.95538353919983, 6311
17.95538353919983, 6310
17.95538353919983, 6309
17.95538353919983, 6308
17.95538353919983, 6307
17.95538353919983, 6306
17.95538353919983, 6305
17.971004724502563, 6304
17.971004724502563, 6303
17.971004724502563, 6302
17.971004724502563, 6301
17.971004724502563, 6300
17.971004724502563, 6299
17.971004724502563, 6298
17.971004724502563, 6297
17.971004724502563, 6296
17.971004724502563, 6295
17.971004724502563, 6294
17.971004724502563, 6293
17.971004724502563, 6292
17.971004724502563, 6291
17.98662567138672, 6290
17.98662567138672, 6289
17.987632989883423, 6288
17.987632989883423, 6287
17.987632989883423, 6286
17.987632989883423, 6285
17.987632989883423, 6284
17.987632989883423, 6283
17.987632989883423, 6282
17.987632989883423, 6281
17.987632989883423, 6280
17.987632989883423, 6279
17.987632989883423, 6278
17.987632989883423, 6277
17.987632989883423, 6276
17.987632989883423, 6275
17.987632989883423, 6274
17.987632989883423, 6273
17.987632989883423, 6272
17.987632989883423, 6271
17.987632989883423, 6270
17.987632989883423, 6269
17.987632989883423, 6268
17.987632989883423, 6267
17.987632989883423, 6266
17.987632989883423, 6265
18.00328826904297, 6264
18.00328826904297, 6263
18.00328826904297, 6262
18.00328826904297, 6261
18.00328826904297, 6260
18.00328826904297, 6259
18.020614624023438, 6258
18.021646976470947, 6257
18.023686170578003, 6256
18.023686170578003, 6255
18.023686170578003, 6254
18.023686170578003, 6253
18.023686170578003, 6252
18.023686170578003, 6251
18.023686170578003, 6250
18.023686170578003, 6249
18.023686170578003, 6248
18.039342641830444, 6247
18.039342641830444, 6246
18.039342641830444, 6245
18.039342641830444, 6244
18.054930686950684, 6243
18.054930686950684, 6242
18.054930686950684, 6241
18.054930686950684, 6240
18.054930686950684, 6239
18.054930686950684, 6238
18.054930686950684, 6237
18.070552110671997, 6236
18.070552110671997, 6235
18.070552110671997, 6234
18.070552110671997, 6233
18.070552110671997, 6232
18.070552110671997, 6231
18.070552110671997, 6230
18.070552110671997, 6229
18.070552110671997, 6228
18.070552110671997, 6227
18.070552110671997, 6226
18.070552110671997, 6225
18.070552110671997, 6224
18.070552110671997, 6223
18.070552110671997, 6222
18.070552110671997, 6221
18.08617329597473, 6220
18.08617329597473, 6219
18.08768129348755, 6218
18.08768129348755, 6217
18.08768129348755, 6216
18.08768129348755, 6215
18.08768129348755, 6214
18.08768129348755, 6213
18.08768129348755, 6212
18.08768129348755, 6211
18.08768129348755, 6210
18.08768129348755, 6209
18.08768129348755, 6208
18.08768129348755, 6207
18.08768129348755, 6206
18.10330843925476, 6205
18.10330843925476, 6204
18.10330843925476, 6203
18.10330843925476, 6202
18.10330843925476, 6201
18.10330843925476, 6200
18.10330843925476, 6199
18.10330843925476, 6198
18.10330843925476, 6197
18.10330843925476, 6196
18.10330843925476, 6195
18.10330843925476, 6194
18.118929147720337, 6193
18.118929147720337, 6192
18.118929147720337, 6191
18.118929147720337, 6190
18.118929147720337, 6189
18.118929147720337, 6188
18.118929147720337, 6187
18.118929147720337, 6186
18.118929147720337, 6185
18.118929147720337, 6184
18.118929147720337, 6183
18.118929147720337, 6182
18.118929147720337, 6181
18.118929147720337, 6180
18.118929147720337, 6179
18.118929147720337, 6178
18.118929147720337, 6177
18.118929147720337, 6176
18.118929147720337, 6175
18.118929147720337, 6174
18.118929147720337, 6173
18.118929147720337, 6172
18.118929147720337, 6171
18.118929147720337, 6170
18.118929147720337, 6169
18.118929147720337, 6168
18.118929147720337, 6167
18.118929147720337, 6166
18.118929147720337, 6165
18.118929147720337, 6164
18.118929147720337, 6163
18.118929147720337, 6162
18.134580850601196, 6161
18.134580850601196, 6160
18.134580850601196, 6159
18.134580850601196, 6158
18.134580850601196, 6157
18.134580850601196, 6156
18.134580850601196, 6155
18.134580850601196, 6154
18.134580850601196, 6153
18.134580850601196, 6152
18.134580850601196, 6151
18.134580850601196, 6150
18.134580850601196, 6149
18.134580850601196, 6148
18.134580850601196, 6147
18.134580850601196, 6146
18.134580850601196, 6145
18.134580850601196, 6144
18.134580850601196, 6143
18.134580850601196, 6142
18.134580850601196, 6141
18.134580850601196, 6140
18.150202751159668, 6139
18.150202751159668, 6138
18.150202751159668, 6137
18.150202751159668, 6136
18.150202751159668, 6135
18.150202751159668, 6134
18.150202751159668, 6133
18.150202751159668, 6132
18.150202751159668, 6131
18.150202751159668, 6130
18.150202751159668, 6129
18.150202751159668, 6128
18.150202751159668, 6127
18.150202751159668, 6126
18.150202751159668, 6125
18.150202751159668, 6124
18.150202751159668, 6123
18.150202751159668, 6122
18.150202751159668, 6121
18.150202751159668, 6120
18.150202751159668, 6119
18.150202751159668, 6118
18.150202751159668, 6117
18.150202751159668, 6116
18.150202751159668, 6115
18.150202751159668, 6114
18.150202751159668, 6113
18.150202751159668, 6112
18.150202751159668, 6111
18.150202751159668, 6110
18.150202751159668, 6109
18.16582417488098, 6108
18.16582417488098, 6107
18.16582417488098, 6106
18.16582417488098, 6105
18.16582417488098, 6104
18.16582417488098, 6103
18.16582417488098, 6102
18.181445598602295, 6101
18.181445598602295, 6100
18.181445598602295, 6099
18.181445598602295, 6098
18.18798327445984, 6097
18.18798327445984, 6096
18.18798327445984, 6095
18.18798327445984, 6094
18.18798327445984, 6093
18.18798327445984, 6092
18.18798327445984, 6091
18.18798327445984, 6090
18.18798327445984, 6089
18.18798327445984, 6088
18.18798327445984, 6087
18.18798327445984, 6086
18.18798327445984, 6085
18.18798327445984, 6084
18.18798327445984, 6083
18.18798327445984, 6082
18.18798327445984, 6081
18.18798327445984, 6080
18.203643560409546, 6079
18.203643560409546, 6078
18.203643560409546, 6077
18.203643560409546, 6076
18.203643560409546, 6075
18.203643560409546, 6074
18.203643560409546, 6073
18.203643560409546, 6072
18.203643560409546, 6071
18.203643560409546, 6070
18.203643560409546, 6069
18.203643560409546, 6068
18.203643560409546, 6067
18.203643560409546, 6066
18.203643560409546, 6065
18.203643560409546, 6064
18.203643560409546, 6063
18.203643560409546, 6062
18.203643560409546, 6061
18.203643560409546, 6060
18.203643560409546, 6059
18.203643560409546, 6058
18.203643560409546, 6057
18.203643560409546, 6056
18.21926188468933, 6055
18.21926188468933, 6054
18.21926188468933, 6053
18.21926188468933, 6052
18.21926188468933, 6051
18.23485493659973, 6050
18.23485493659973, 6049
18.23485493659973, 6048
18.23485493659973, 6047
18.23485493659973, 6046
18.23485493659973, 6045
18.25050187110901, 6044
18.25050187110901, 6043
18.25050187110901, 6042
18.25050187110901, 6041
18.25050187110901, 6040
18.25050187110901, 6039
18.25050187110901, 6038
18.25050187110901, 6037
18.25050187110901, 6036
18.25050187110901, 6035
18.25050187110901, 6034
18.25050187110901, 6033
18.25050187110901, 6032
18.25050187110901, 6031
18.25050187110901, 6030
18.25050187110901, 6029
18.266128301620483, 6028
18.266128301620483, 6027
18.266128301620483, 6026
18.266128301620483, 6025
18.266128301620483, 6024
18.266128301620483, 6023
18.266128301620483, 6022
18.266128301620483, 6021
18.266128301620483, 6020
18.266128301620483, 6019
18.28174901008606, 6018
18.28174901008606, 6017
18.28174901008606, 6016
18.28174901008606, 6015
18.28174901008606, 6014
18.28174901008606, 6013
18.288286924362183, 6012
18.288286924362183, 6011
18.288286924362183, 6010
18.288286924362183, 6009
18.288286924362183, 6008
18.288286924362183, 6007
18.288286924362183, 6006
18.288286924362183, 6005
18.288286924362183, 6004
18.288286924362183, 6003
18.288286924362183, 6002
18.288286924362183, 6001
18.288286924362183, 6000
18.303943872451782, 5999
18.303943872451782, 5998
18.303943872451782, 5997
18.303943872451782, 5996
18.303943872451782, 5995
18.303943872451782, 5994
18.303943872451782, 5993
18.303943872451782, 5992
18.303943872451782, 5991
18.319566011428833, 5990
18.319566011428833, 5989
18.319566011428833, 5988
18.319566011428833, 5987
18.319566011428833, 5986
18.33515477180481, 5985
18.33515477180481, 5984
18.33515477180481, 5983
18.33515477180481, 5982
18.33515477180481, 5981
18.33515477180481, 5980
18.33515477180481, 5979
18.33515477180481, 5978
18.33515477180481, 5977
18.33515477180481, 5976
18.350810766220093, 5975
18.350810766220093, 5974
18.350810766220093, 5973
18.350810766220093, 5972
18.350810766220093, 5971
18.350810766220093, 5970
18.350810766220093, 5969
18.350810766220093, 5968
18.350810766220093, 5967
18.350810766220093, 5966
18.350810766220093, 5965
18.366426944732666, 5964
18.366426944732666, 5963
18.366426944732666, 5962
18.366426944732666, 5961
18.366426944732666, 5960
18.366426944732666, 5959
18.366426944732666, 5958
18.366426944732666, 5957
18.366426944732666, 5956
18.366426944732666, 5955
18.366426944732666, 5954
18.366426944732666, 5953
18.366426944732666, 5952
18.366426944732666, 5951
18.366426944732666, 5950
18.366426944732666, 5949
18.366426944732666, 5948
18.366426944732666, 5947
18.366426944732666, 5946
18.366426944732666, 5945
18.366426944732666, 5944
18.366426944732666, 5943
18.366426944732666, 5942
18.366426944732666, 5941
18.366426944732666, 5940
18.38205337524414, 5939
18.38205337524414, 5938
18.38205337524414, 5937
18.38205337524414, 5936
18.38205337524414, 5935
18.38205337524414, 5934
18.38205337524414, 5933
18.38205337524414, 5932
18.38205337524414, 5931
18.38860058784485, 5930
18.38860058784485, 5929
18.390639781951904, 5928
18.390639781951904, 5927
18.390639781951904, 5926
18.390639781951904, 5925
18.390639781951904, 5924
18.398696660995483, 5923
18.400707244873047, 5922
18.400707244873047, 5921
18.400707244873047, 5920
18.400707244873047, 5919
18.400707244873047, 5918
18.400707244873047, 5917
18.400707244873047, 5916
18.4087233543396, 5915
18.4087233543396, 5914
18.410730361938477, 5913
18.410730361938477, 5912
18.410730361938477, 5911
18.410730361938477, 5910
18.410730361938477, 5909
18.410730361938477, 5908
18.410730361938477, 5907
18.41875982284546, 5906
18.41875982284546, 5905
18.420802354812622, 5904
18.420802354812622, 5903
18.420802354812622, 5902
18.420802354812622, 5901
18.420802354812622, 5900
18.420802354812622, 5899
18.420802354812622, 5898
18.420802354812622, 5897
18.420802354812622, 5896
18.430888652801514, 5895
18.430888652801514, 5894
18.430888652801514, 5893
18.430888652801514, 5892
18.430888652801514, 5891
18.430888652801514, 5890
18.430888652801514, 5889
18.430888652801514, 5888
18.4389169216156, 5887
18.440957069396973, 5886
18.440957069396973, 5885
18.440957069396973, 5884
18.440957069396973, 5883
18.440957069396973, 5882
18.440957069396973, 5881
18.440957069396973, 5880
18.440957069396973, 5879
18.440957069396973, 5878
18.440957069396973, 5877
18.448999881744385, 5876
18.45103669166565, 5875
18.45103669166565, 5874
18.45103669166565, 5873
18.45103669166565, 5872
18.46114492416382, 5871
18.46114492416382, 5870
18.46114492416382, 5869
18.469219207763672, 5868
18.471262216567993, 5867
18.471262216567993, 5866
18.479280948638916, 5865
18.48132634162903, 5864
18.48132634162903, 5863
18.489372730255127, 5862
18.491416692733765, 5861
18.491416692733765, 5860
18.49946880340576, 5859
18.49946880340576, 5858
18.501481294631958, 5857
18.501481294631958, 5856
18.50952982902527, 5855
18.50952982902527, 5854
18.51157307624817, 5853
18.51157307624817, 5852
18.51157307624817, 5851
18.51157307624817, 5850
18.51157307624817, 5849
18.51157307624817, 5848
18.521673679351807, 5847
18.521673679351807, 5846
18.521673679351807, 5845
18.521673679351807, 5844
18.521673679351807, 5843
18.521673679351807, 5842
18.521673679351807, 5841
18.521673679351807, 5840
18.52971577644348, 5839
18.53175640106201, 5838
18.53175640106201, 5837
18.53175640106201, 5836
18.53175640106201, 5835
18.53175640106201, 5834
18.53175640106201, 5833
18.53175640106201, 5832
18.53175640106201, 5831
18.53175640106201, 5830
18.53175640106201, 5829
18.53175640106201, 5828
18.53981304168701, 5827
18.5418541431427, 5826
18.5418541431427, 5825
18.5418541431427, 5824
18.5418541431427, 5823
18.549904584884644, 5822
18.551947116851807, 5821
18.551947116851807, 5820
18.551947116851807, 5819
18.551947116851807, 5818
18.551947116851807, 5817
18.551947116851807, 5816
18.551947116851807, 5815
18.551947116851807, 5814
18.560006380081177, 5813
18.56204605102539, 5812
18.56204605102539, 5811
18.56204605102539, 5810
18.56204605102539, 5809
18.56204605102539, 5808
18.56204605102539, 5807
18.56204605102539, 5806
18.57009220123291, 5805
18.572132349014282, 5804
18.572132349014282, 5803
18.572132349014282, 5802
18.572132349014282, 5801
18.572132349014282, 5800
18.572132349014282, 5799
18.572132349014282, 5798
18.572132349014282, 5797
18.580180644989014, 5796
18.58222198486328, 5795
18.58222198486328, 5794
18.58222198486328, 5793
18.58222198486328, 5792
18.590262174606323, 5791
18.60035514831543, 5790
18.602404832839966, 5789
18.602404832839966, 5788
18.602404832839966, 5787
18.602404832839966, 5786
18.602404832839966, 5785
18.602404832839966, 5784
18.612499475479126, 5783
18.612499475479126, 5782
18.612499475479126, 5781
18.612499475479126, 5780
18.612499475479126, 5779
18.62052607536316, 5778
18.62052607536316, 5777
18.622567653656006, 5776
18.622567653656006, 5775
18.622567653656006, 5774
18.622567653656006, 5773
18.622567653656006, 5772
18.622567653656006, 5771
18.622567653656006, 5770
18.622567653656006, 5769
18.622567653656006, 5768
18.622567653656006, 5767
18.63060712814331, 5766
18.63060712814331, 5765
18.632646083831787, 5764
18.632646083831787, 5763
18.632646083831787, 5762
18.632646083831787, 5761
18.640684366226196, 5760
18.640684366226196, 5759
18.640684366226196, 5758
18.64272713661194, 5757
18.64272713661194, 5756
18.64272713661194, 5755
18.64272713661194, 5754
18.64272713661194, 5753
18.64272713661194, 5752
18.64272713661194, 5751
18.64272713661194, 5750
18.65077042579651, 5749
18.65077042579651, 5748
18.65077042579651, 5747
18.65280795097351, 5746
18.65280795097351, 5745
18.65280795097351, 5744
18.65280795097351, 5743
18.65280795097351, 5742
18.65280795097351, 5741
18.65280795097351, 5740
18.660849571228027, 5739
18.660849571228027, 5738
18.660849571228027, 5737
18.6628897190094, 5736
18.6628897190094, 5735
18.6628897190094, 5734
18.6628897190094, 5733
18.6628897190094, 5732
18.6628897190094, 5731
18.6628897190094, 5730
18.6628897190094, 5729
18.6628897190094, 5728
18.6628897190094, 5727
18.670931100845337, 5726
18.670931100845337, 5725
18.670931100845337, 5724
18.672970056533813, 5723
18.672970056533813, 5722
18.672970056533813, 5721
18.672970056533813, 5720
18.672970056533813, 5719
18.672970056533813, 5718
18.672970056533813, 5717
18.672970056533813, 5716
18.672970056533813, 5715
18.680988073349, 5714
18.680988073349, 5713
18.68302845954895, 5712
18.68302845954895, 5711
18.68302845954895, 5710
18.68302845954895, 5709
18.68302845954895, 5708
18.68302845954895, 5707
18.68302845954895, 5706
18.68302845954895, 5705
18.68302845954895, 5704
18.68302845954895, 5703
18.691068172454834, 5702
18.691068172454834, 5701
18.69310688972473, 5700
18.69310688972473, 5699
18.69310688972473, 5698
18.69310688972473, 5697
18.69310688972473, 5696
18.69310688972473, 5695
18.69310688972473, 5694
18.69310688972473, 5693
18.70114779472351, 5692
18.70114779472351, 5691
18.70319104194641, 5690
18.70319104194641, 5689
18.70319104194641, 5688
18.70319104194641, 5687
18.70319104194641, 5686
18.70319104194641, 5685
18.70319104194641, 5684
18.70319104194641, 5683
18.711193323135376, 5682
18.711231470108032, 5681
18.711231470108032, 5680
18.713270664215088, 5679
18.713270664215088, 5678
18.713270664215088, 5677
18.713270664215088, 5676
18.713270664215088, 5675
18.713270664215088, 5674
18.713270664215088, 5673
18.721294403076172, 5672
18.721294403076172, 5671
18.72333288192749, 5670
18.72333288192749, 5669
18.72333288192749, 5668
18.72333288192749, 5667
18.72333288192749, 5666
18.72333288192749, 5665
18.72333288192749, 5664
18.72333288192749, 5663
18.72333288192749, 5662
18.72333288192749, 5661
18.731372117996216, 5660
18.731372117996216, 5659
18.73341464996338, 5658
18.73341464996338, 5657
18.73341464996338, 5656
18.73341464996338, 5655
18.73341464996338, 5654
18.73341464996338, 5653
18.73341464996338, 5652
18.73341464996338, 5651
18.73341464996338, 5650
18.73341464996338, 5649
18.741427183151245, 5648
18.741427183151245, 5647
18.741427183151245, 5646
18.743467569351196, 5645
18.743467569351196, 5644
18.743467569351196, 5643
18.743467569351196, 5642
18.743467569351196, 5641
18.743467569351196, 5640
18.743467569351196, 5639
18.751479148864746, 5638
18.751479148864746, 5637
18.753520488739014, 5636
18.753520488739014, 5635
18.753520488739014, 5634
18.753520488739014, 5633
18.753520488739014, 5632
18.753520488739014, 5631
18.753520488739014, 5630
18.753520488739014, 5629
18.753520488739014, 5628
18.761566638946533, 5627
18.761566638946533, 5626
18.76361083984375, 5625
18.76361083984375, 5624
18.76361083984375, 5623
18.76361083984375, 5622
18.76361083984375, 5621
18.76361083984375, 5620
18.76361083984375, 5619
18.76361083984375, 5618
18.76361083984375, 5617
18.76361083984375, 5616
18.771652221679688, 5615
18.771652221679688, 5614
18.773693799972534, 5613
18.773693799972534, 5612
18.773693799972534, 5611
18.773693799972534, 5610
18.773693799972534, 5609
18.773693799972534, 5608
18.781774520874023, 5607
18.783825397491455, 5606
18.783825397491455, 5605
18.783825397491455, 5604
18.783825397491455, 5603
18.783825397491455, 5602
18.79188108444214, 5601
18.793926239013672, 5600
18.793926239013672, 5599
18.793926239013672, 5598
18.793926239013672, 5597
18.793926239013672, 5596
18.793926239013672, 5595
18.793926239013672, 5594
18.80195188522339, 5593
18.80195188522339, 5592
18.803999423980713, 5591
18.803999423980713, 5590
18.803999423980713, 5589
18.803999423980713, 5588
18.803999423980713, 5587
18.822120904922485, 5586
18.844310522079468, 5585
18.844310522079468, 5584
18.844310522079468, 5583
18.844310522079468, 5582
18.854397773742676, 5581
18.854397773742676, 5580
18.854397773742676, 5579
18.862444162368774, 5578
18.864486932754517, 5577
18.864486932754517, 5576
18.872533082962036, 5575
18.88463258743286, 5574
18.88463258743286, 5573
18.894718170166016, 5572
18.894718170166016, 5571
18.91286277770996, 5570
18.925342798233032, 5569
18.935433864593506, 5568
18.953569889068604, 5567
18.965675592422485, 5566
18.965675592422485, 5565
18.9737229347229, 5564
18.985868215560913, 5563
19.006062030792236, 5562
19.006062030792236, 5561
19.01615262031555, 5560
19.01615262031555, 5559
19.02918577194214, 5558
19.04429316520691, 5557
19.04429316520691, 5556
19.1173312664032, 5555
19.147687911987305, 5554
19.147687911987305, 5553
19.147687911987305, 5552
19.157769680023193, 5551
19.157769680023193, 5550
19.157769680023193, 5549
19.17587375640869, 5548
19.18801498413086, 5547
19.228360891342163, 5546
19.228360891342163, 5545
19.2565598487854, 5544
19.258601665496826, 5543
19.268699884414673, 5542
19.28685736656189, 5541
19.288892030715942, 5540
19.298981428146362, 5539
19.298981428146362, 5538
19.30908727645874, 5537
19.30908727645874, 5536
19.369632244110107, 5535
19.369632244110107, 5534
19.379722595214844, 5533
19.38978886604309, 5532
19.38978886604309, 5531
19.399883031845093, 5530
19.417988777160645, 5529
19.4301278591156, 5528
19.438169240951538, 5527
19.440369129180908, 5526
19.6202175617218, 5525
19.6202175617218, 5524
19.6202175617218, 5523
19.651459455490112, 5522
19.651459455490112, 5521
19.651459455490112, 5520
19.70493197441101, 5519
19.70493197441101, 5518
19.70493197441101, 5517
19.70493197441101, 5516
19.805141925811768, 5515
19.82076358795166, 5514
19.82076358795166, 5513
19.82076358795166, 5512
19.82076358795166, 5511
19.83642077445984, 5510
19.83642077445984, 5509
19.867626905441284, 5508
19.867626905441284, 5507
19.867626905441284, 5506
19.883249044418335, 5505
19.883249044418335, 5504
19.889755725860596, 5503
19.889755725860596, 5502
19.926250219345093, 5501
19.926250219345093, 5500
19.926250219345093, 5499
19.926250219345093, 5498
19.941869497299194, 5497
19.973115921020508, 5496
19.973115921020508, 5495
19.973115921020508, 5494
19.973115921020508, 5493
19.973115921020508, 5492
19.989805459976196, 5491
19.989805459976196, 5490
19.989805459976196, 5489
19.989805459976196, 5488
20.005464553833008, 5487
20.005464553833008, 5486
20.005464553833008, 5485
20.026084423065186, 5484
20.04173731803894, 5483
20.04173731803894, 5482
20.072980403900146, 5481
20.072980403900146, 5480
20.0921893119812, 5479
20.122467041015625, 5478
20.122472763061523, 5477
20.132573127746582, 5476
20.15317726135254, 5475
20.15317726135254, 5474
20.191439151763916, 5473
20.22370147705078, 5472
20.22370147705078, 5471
20.264028787612915, 5470
20.274102210998535, 5469
20.274102210998535, 5468
20.274102210998535, 5467
20.274102210998535, 5466
20.274102210998535, 5465
20.284163236618042, 5464
20.284163236618042, 5463
20.294257402420044, 5462
20.294257402420044, 5461
20.294257402420044, 5460
20.294257402420044, 5459
20.324492931365967, 5458
20.324492931365967, 5457
20.324492931365967, 5456
20.334603309631348, 5455
20.334603309631348, 5454
20.3527410030365, 5453
20.364866495132446, 5452
20.4153254032135, 5451
20.423372983932495, 5450
20.425417184829712, 5449
20.435492038726807, 5448
20.44353985786438, 5447
20.465770721435547, 5446
20.49409818649292, 5445
20.49409818649292, 5444
20.526397943496704, 5443
20.534480571746826, 5442
20.546621561050415, 5441
20.546621561050415, 5440
20.55467653274536, 5439
20.58490824699402, 5438
20.58490824699402, 5437
20.597020626068115, 5436
20.597020626068115, 5435
20.597020626068115, 5434
20.615177631378174, 5433
20.615177631378174, 5432
20.615177631378174, 5431
20.617225170135498, 5430
20.645442247390747, 5429
20.65758180618286, 5428
20.65758180618286, 5427
20.67572283744812, 5426
20.705960273742676, 5425
20.705960273742676, 5424
20.727150201797485, 5423
20.729349851608276, 5422
20.729349851608276, 5421
20.729349851608276, 5420
20.729349851608276, 5419
20.738452196121216, 5418
20.75863265991211, 5417
20.819629907608032, 5416
20.859994173049927, 5415
20.870096921920776, 5414
20.870096921920776, 5413
20.88018012046814, 5412
20.89027452468872, 5411
20.910452842712402, 5410
20.910452842712402, 5409
20.92055082321167, 5408
20.92862105369568, 5407
20.930668115615845, 5406
20.938717365264893, 5405
20.938717365264893, 5404
20.940763473510742, 5403
20.98108673095703, 5402
20.991157293319702, 5401
21.001248836517334, 5400
21.001248836517334, 5399
21.014132022857666, 5398
21.021315336227417, 5397
21.021315336227417, 5396
21.021315336227417, 5395
21.03945565223694, 5394
21.03945565223694, 5393
21.041501760482788, 5392
21.041501760482788, 5391
21.041501760482788, 5390
21.04955244064331, 5389
21.0616934299469, 5388
21.071764945983887, 5387
21.071764945983887, 5386
21.100054502487183, 5385
21.100054502487183, 5384
21.100054502487183, 5383
21.142389059066772, 5382
21.160513162612915, 5381
21.160513162612915, 5380
21.16255283355713, 5379
21.18273425102234, 5378
21.190783500671387, 5377
21.200868606567383, 5376
21.202908992767334, 5375
21.213016748428345, 5374
21.213016748428345, 5373
21.223109245300293, 5372
21.24124574661255, 5371
21.24124574661255, 5370
21.253316402435303, 5369
21.27141237258911, 5368
21.273458242416382, 5367
21.323940992355347, 5366
21.34409236907959, 5365
21.34409236907959, 5364
21.34409236907959, 5363
21.384899854660034, 5362
21.40505576133728, 5361
21.40505576133728, 5360
21.413151741027832, 5359
21.413151741027832, 5358
21.415194272994995, 5357
21.43333125114441, 5356
21.435373544692993, 5355
21.44545340538025, 5354
21.455549955368042, 5353
21.463594675064087, 5352
21.465638160705566, 5351
21.495880842208862, 5350
21.50392723083496, 5349
21.505969285964966, 5348
21.51608419418335, 5347
21.524136304855347, 5346
21.54635453224182, 5345
21.56452775001526, 5344
21.576664209365845, 5343
21.576664209365845, 5342
21.58672785758972, 5341
21.604870319366455, 5340
21.627007484436035, 5339
21.647165060043335, 5338
21.657243728637695, 5337
21.67741894721985, 5336
21.687503576278687, 5335
21.687503576278687, 5334
21.717780828475952, 5333
21.717780828475952, 5332
21.717780828475952, 5331
21.717780828475952, 5330
21.75813102722168, 5329
21.77825689315796, 5328
21.806474208831787, 5327
21.806474208831787, 5326
21.818609476089478, 5325
21.82869577407837, 5324
21.84889841079712, 5323
21.84889841079712, 5322
21.858980655670166, 5321
21.889214038848877, 5320
21.889214038848877, 5319
21.889214038848877, 5318
21.889214038848877, 5317
21.902435064315796, 5316
21.909533262252808, 5315
21.909533262252808, 5314
21.91960644721985, 5313
21.93978476524353, 5312
21.94987678527832, 5311
21.94987678527832, 5310
21.94987678527832, 5309
21.957937479019165, 5308
21.99065327644348, 5307
21.99065327644348, 5306
21.99065327644348, 5305
21.99065327644348, 5304
21.99065327644348, 5303
22.03900456428528, 5302
22.041053771972656, 5301
22.041053771972656, 5300
22.101602792739868, 5299
22.101602792739868, 5298
22.119722604751587, 5297
22.121767282485962, 5296
22.121767282485962, 5295
22.121767282485962, 5294
22.121767282485962, 5293
22.151987314224243, 5292
22.162090301513672, 5291
22.172178268432617, 5290
22.172178268432617, 5289
22.19235634803772, 5288
22.19235634803772, 5287
22.20244860649109, 5286
22.22058916091919, 5285
22.22058916091919, 5284
22.232725143432617, 5283
22.24279236793518, 5282
22.252874851226807, 5281
22.291263341903687, 5280
22.363934993743896, 5279
22.363934993743896, 5278
22.42451810836792, 5277
22.42451810836792, 5276
22.42451810836792, 5275
22.42451810836792, 5274
22.464864492416382, 5273
22.47494888305664, 5272
22.485052347183228, 5271
22.495134353637695, 5270
22.495134353637695, 5269
22.495134353637695, 5268
22.505219221115112, 5267
22.535470008850098, 5266
22.54555869102478, 5265
22.565733194351196, 5264
22.57581639289856, 5263
22.636620044708252, 5262
22.636620044708252, 5261
22.664771556854248, 5260
22.666809797286987, 5259
22.694947481155396, 5258
22.727233409881592, 5257
22.737324237823486, 5256
22.737324237823486, 5255
22.747441291809082, 5254
22.797919988632202, 5253
22.797919988632202, 5252
22.797919988632202, 5251
22.797919988632202, 5250
22.8080153465271, 5249
22.818098783493042, 5248
22.848382472991943, 5247
22.856430530548096, 5246
22.939147233963013, 5245
22.949208736419678, 5244
22.969393014907837, 5243
22.969393014907837, 5242
22.989564657211304, 5241
22.989564657211304, 5240
22.999626398086548, 5239
23.01975154876709, 5238
23.01975154876709, 5237
23.050031185150146, 5236
23.070173263549805, 5235
23.080257177352905, 5234
23.090345859527588, 5233
23.090345859527588, 5232
23.090345859527588, 5231
23.090345859527588, 5230
23.15083336830139, 5229
23.179057836532593, 5228
23.232007026672363, 5227
23.280407190322876, 5226
23.282450914382935, 5225
23.300589561462402, 5224
23.300589561462402, 5223
23.312702655792236, 5222
23.312702655792236, 5221
23.403581619262695, 5220
23.403581619262695, 5219
23.403581619262695, 5218
23.433778047561646, 5217
23.474134922027588, 5216
23.504411458969116, 5215
23.504411458969116, 5214
23.5145001411438, 5213
23.5145001411438, 5212
23.52458882331848, 5211
23.52458882331848, 5210
23.54475474357605, 5209
23.615354537963867, 5208
23.633501291275024, 5207
23.63551664352417, 5206
23.663655281066895, 5205
23.663655281066895, 5204
23.675720930099487, 5203
23.675720930099487, 5202
23.685808181762695, 5201
23.705989837646484, 5200
23.746239185333252, 5199
23.766382217407227, 5198
23.786557912826538, 5197
23.786557912826538, 5196
23.786557912826538, 5195
23.857483625411987, 5194
23.87766695022583, 5193
23.87766695022583, 5192
23.88571858406067, 5191
23.88571858406067, 5190
23.88571858406067, 5189
23.908074378967285, 5188
23.986804723739624, 5187
24.022432327270508, 5186
24.0224769115448, 5185
24.069873094558716, 5184
24.128279209136963, 5183
24.150449514389038, 5182
24.279474020004272, 5181
24.301714181900024, 5180
24.301714181900024, 5179
24.31179642677307, 5178
24.31179642677307, 5177
24.31179642677307, 5176
24.31179642677307, 5175
24.321899890899658, 5174
24.370304346084595, 5173
24.380393266677856, 5172
24.382410287857056, 5171
24.382410287857056, 5170
24.382410287857056, 5169
24.39250373840332, 5168
24.39250373840332, 5167
24.39250373840332, 5166
24.433266401290894, 5165
24.433266401290894, 5164
24.433266401290894, 5163
24.49206256866455, 5162
24.49206256866455, 5161
24.514179468154907, 5160
24.514179468154907, 5159
24.615033626556396, 5158
24.615033626556396, 5157
24.625146627426147, 5156
24.67355990409851, 5155
24.67355990409851, 5154
24.726066827774048, 5153
24.726066827774048, 5152
24.756327152252197, 5151
24.766397714614868, 5150
24.796669006347656, 5149
24.91770911216736, 5148
24.91770911216736, 5147
24.92778444290161, 5146
24.92778444290161, 5145
24.935831785202026, 5144
24.947975873947144, 5143
24.967568397521973, 5142
24.99349856376648, 5141
24.99449586868286, 5140
24.99449586868286, 5139
25.039238929748535, 5138
25.039238929748535, 5137
25.069523811340332, 5136
25.069523811340332, 5135
25.069523811340332, 5134
25.077545404434204, 5133
25.218806266784668, 5132
25.218806266784668, 5131
25.220849990844727, 5130
25.220849990844727, 5129
25.230940103530884, 5128
25.230940103530884, 5127
25.230940103530884, 5126
25.241029739379883, 5125
25.249051570892334, 5124
25.261173248291016, 5123
25.321627616882324, 5122
25.349869966506958, 5121
25.349869966506958, 5120
25.351911783218384, 5119
25.40235924720764, 5118
25.412434101104736, 5117
25.44271945953369, 5116
25.452818393707275, 5115
25.452818393707275, 5114
25.48308038711548, 5113
25.503267288208008, 5112
25.503267288208008, 5111
25.513362407684326, 5110
25.513362407684326, 5109
25.53352117538452, 5108
25.63227939605713, 5107
25.63474941253662, 5106
25.644835233688354, 5105
25.644835233688354, 5104
25.66297674179077, 5103
25.665016412734985, 5102
25.715450286865234, 5101
25.856723070144653, 5100
25.905362367630005, 5099
25.917437076568604, 5098
25.917437076568604, 5097
25.937583923339844, 5096
26.03847908973694, 5095
26.03847908973694, 5094
26.04652237892151, 5093
26.048534154891968, 5092
26.106928825378418, 5091
26.14928960800171, 5090
26.31925106048584, 5089
26.321295261383057, 5088
26.321295261383057, 5087
26.361598253250122, 5086
26.442153453826904, 5085
26.45020294189453, 5084
26.452243089675903, 5083
26.50258159637451, 5082
26.553020238876343, 5081
26.573171377182007, 5080
26.573171377182007, 5079
26.573171377182007, 5078
26.573171377182007, 5077
26.573171377182007, 5076
26.573171377182007, 5075
26.603413820266724, 5074
26.653804779052734, 5073
26.682059288024902, 5072
26.704273223876953, 5071
26.704273223876953, 5070
26.704273223876953, 5069
26.774903535842896, 5068
26.835420608520508, 5067
26.835420608520508, 5066
26.954828023910522, 5065
26.966941595077515, 5064
26.966941595077515, 5063
26.974984884262085, 5062
27.01737666130066, 5061
27.01737666130066, 5060
27.08597183227539, 5059
27.08801579475403, 5058
27.098072052001953, 5057
27.108163833618164, 5056
27.118249654769897, 5055
27.14856243133545, 5054
27.18683433532715, 5053
27.21915030479431, 5052
27.320069789886475, 5051
27.330181121826172, 5050
27.350375652313232, 5049
27.41899585723877, 5048
27.41899585723877, 5047
27.41899585723877, 5046
27.41899585723877, 5045
27.431089639663696, 5044
27.439133405685425, 5043
27.45167326927185, 5042
27.45167326927185, 5041
27.461771488189697, 5040
27.471861124038696, 5039
27.471861124038696, 5038
27.48194670677185, 5037
27.48194670677185, 5036
27.5021390914917, 5035
27.5202796459198, 5034
27.58283233642578, 5033
27.58283233642578, 5032
27.64334273338318, 5031
27.64334273338318, 5030
27.653438806533813, 5029
27.69380021095276, 5028
27.722036838531494, 5027
27.722036838531494, 5026
27.734151363372803, 5025
27.764395713806152, 5024
27.77448868751526, 5023
27.865324020385742, 5022
27.89572286605835, 5021
27.898783683776855, 5020
27.905869483947754, 5019
27.936150789260864, 5018
27.936150789260864, 5017
27.936150789260864, 5016
28.087573528289795, 5015
28.087573528289795, 5014
28.087573528289795, 5013
28.087573528289795, 5012
28.11775279045105, 5011
28.11775279045105, 5010
28.12784171104431, 5009
28.135905504226685, 5008
28.13792395591736, 5007
28.13792395591736, 5006
28.13792395591736, 5005
28.13792395591736, 5004
28.13792395591736, 5003
28.14593768119812, 5002
28.16818141937256, 5001
28.329463005065918, 5000
28.329463005065918, 4999
28.38290286064148, 4998
28.461007833480835, 4997
28.483202934265137, 4996
28.483202934265137, 4995
28.530064344406128, 4994
28.790268421173096, 4993
28.80035924911499, 4992
29.04443120956421, 4991
29.064592838287354, 4990
29.064592838287354, 4989
29.064592838287354, 4988
29.064592838287354, 4987
29.072612524032593, 4986
29.072612524032593, 4985
29.10484504699707, 4984
29.114951372146606, 4983
29.205783367156982, 4982
29.233985900878906, 4981
29.23603367805481, 4980
29.325196266174316, 4979
29.325196266174316, 4978
29.327239990234375, 4977
29.448331832885742, 4976
29.488659143447876, 4975
29.529040336608887, 4974
29.529040336608887, 4973
29.559278964996338, 4972
29.56940984725952, 4971
29.819428205490112, 4970
29.819428205490112, 4969
29.819428205490112, 4968
29.95117950439453, 4967
29.95319437980652, 4966
29.95319437980652, 4965
29.973268032073975, 4964
29.973268032073975, 4963
29.983311891555786, 4962
30.02349543571472, 4961
30.02349543571472, 4960
30.02349543571472, 4959
30.124110221862793, 4958
30.154363870620728, 4957
30.184624910354614, 4956
30.194719552993774, 4955
30.224987030029297, 4954
30.40432596206665, 4953
30.514599561691284, 4952
30.530224323272705, 4951
30.545846939086914, 4950
30.545846939086914, 4949
30.561469078063965, 4948
30.561469078063965, 4947
30.63046908378601, 4946
30.63046908378601, 4945
30.63046908378601, 4944
30.63046908378601, 4943
30.74396848678589, 4942
30.761897325515747, 4941
30.761897325515747, 4940
30.761897325515747, 4939
30.761897325515747, 4938
30.77752184867859, 4937
30.793143033981323, 4936
30.8087637424469, 4935
30.817434310913086, 4934
30.817434310913086, 4933
30.857831239700317, 4932
30.867943048477173, 4931
30.867943048477173, 4930
30.896156072616577, 4929
30.896156072616577, 4928
30.916298151016235, 4927
30.948444604873657, 4926
30.948444604873657, 4925
30.948444604873657, 4924
30.948444604873657, 4923
31.01186227798462, 4922
31.05932641029358, 4921
31.05932641029358, 4920
31.20111393928528, 4919
31.26968288421631, 4918
31.271732091903687, 4917
31.281797647476196, 4916
31.281797647476196, 4915
31.330262184143066, 4914
31.352484703063965, 4913
31.352484703063965, 4912
31.36257004737854, 4911
31.37265920639038, 4910
31.37265920639038, 4909
31.382736444473267, 4908
31.40087866783142, 4907
31.40087866783142, 4906
31.40087866783142, 4905
31.40087866783142, 4904
31.4129958152771, 4903
31.4129958152771, 4902
31.42311429977417, 4901
31.431143045425415, 4900
31.46347403526306, 4899
31.521867990493774, 4898
31.533968210220337, 4897
31.5521080493927, 4896
31.5521080493927, 4895
31.574320793151855, 4894
31.574320793151855, 4893
31.58437752723694, 4892
31.592442274093628, 4891
31.602531671524048, 4890
31.604568481445312, 4889
31.62474298477173, 4888
31.814852714538574, 4887
31.814852714538574, 4886
31.8470721244812, 4885
31.857117414474487, 4884
31.90762162208557, 4883
32.08912420272827, 4882
32.09919738769531, 4881
32.09919738769531, 4880
32.10929083824158, 4879
32.17993187904358, 4878
32.187973499298096, 4877
32.23037624359131, 4876
32.23037624359131, 4875
32.23037624359131, 4874
32.321332693099976, 4873
32.643914222717285, 4872
32.69229984283447, 4871
32.69433927536011, 4870
32.69433927536011, 4869
32.704429388046265, 4868
32.7144513130188, 4867
32.74472141265869, 4866
32.75480055809021, 4865
32.75480055809021, 4864
32.75480055809021, 4863
32.76491951942444, 4862
32.795217514038086, 4861
32.795217514038086, 4860
32.904146671295166, 4859
32.90663814544678, 4858
33.07799005508423, 4857
33.07799005508423, 4856
33.49836587905884, 4855
33.49836587905884, 4854
33.50040531158447, 4853
33.54113531112671, 4852
33.561304807662964, 4851
33.62196588516235, 4850
33.62196588516235, 4849
33.62196588516235, 4848
33.62196588516235, 4847
33.630011558532715, 4846
33.66227626800537, 4845
33.66227626800537, 4844
33.73290538787842, 4843
33.75304913520813, 4842
33.76313805580139, 4841
33.783320903778076, 4840
33.783320903778076, 4839
33.783320903778076, 4838
33.783320903778076, 4837
33.783320903778076, 4836
33.80158281326294, 4835
33.80158281326294, 4834
33.80158281326294, 4833
33.84399461746216, 4832
33.87415528297424, 4831
33.88424825668335, 4830
33.88424825668335, 4829
33.89433670043945, 4828
33.89433670043945, 4827
33.89433670043945, 4826
33.92471528053284, 4825
33.98319339752197, 4824
33.98524236679077, 4823
34.005391120910645, 4822
34.005391120910645, 4821
34.054073095321655, 4820
34.08635234832764, 4819
34.10652995109558, 4818
34.10652995109558, 4817
34.15734815597534, 4816
34.17552423477173, 4815
34.20680475234985, 4814
34.222392082214355, 4813
34.275824546813965, 4812
34.29148054122925, 4811
34.29148054122925, 4810
34.29148054122925, 4809
34.33834981918335, 4808
34.35396695137024, 4807
34.36958837509155, 4806
34.388264417648315, 4805
34.40844202041626, 4804
34.41648507118225, 4803
34.428622007369995, 4802
34.4387001991272, 4801
34.44876146316528, 4800
34.45885157585144, 4799
34.48707056045532, 4798
34.49919247627258, 4797
34.49919247627258, 4796
34.52949905395508, 4795
34.52949905395508, 4794
34.53753852844238, 4793
34.60011124610901, 4792
34.62030220031738, 4791
34.62030220031738, 4790
34.62030220031738, 4789
35.49682903289795, 4788
35.710710287094116, 4787
35.72082161903381, 4786
35.761298418045044, 4785
35.79157543182373, 4784
35.93273162841797, 4783
36.01366686820984, 4782
36.0336229801178, 4781
36.32587027549744, 4780
36.36410427093506, 4779
36.36614632606506, 4778
36.36614632606506, 4777
36.36614632606506, 4776
36.36614632606506, 4775
36.446738958358765, 4774
36.495145320892334, 4773
36.49718952178955, 4772
36.50727891921997, 4771
36.55803298950195, 4770
36.63862323760986, 4769
36.63862323760986, 4768
36.64066219329834, 4767
36.84246611595154, 4766
36.90295696258545, 4765
36.95128870010376, 4764
36.9936363697052, 4763
37.084678649902344, 4762
37.1250479221344, 4761
37.135138511657715, 4760
37.14522099494934, 4759
37.153268337249756, 4758
37.22401547431946, 4757
37.24618434906006, 4756
37.29657053947449, 4755
37.3247766494751, 4754
37.326820373535156, 4753
37.34701156616211, 4752
37.387324810028076, 4751
37.387324810028076, 4750
37.437567472457886, 4749
37.437567472457886, 4748
37.45766472816467, 4747
37.518240213394165, 4746
37.60902118682861, 4745
37.60902118682861, 4744
37.6170814037323, 4743
37.63722276687622, 4742
37.64935111999512, 4741
37.72799205780029, 4740
37.72799205780029, 4739
37.72799205780029, 4738
37.72799205780029, 4737
37.72799205780029, 4736
37.75018811225891, 4735
37.760738372802734, 4734
37.78093504905701, 4733
37.8414192199707, 4732
37.851499795913696, 4731
37.851499795913696, 4730
37.89180517196655, 4729
37.98265504837036, 4728
38.26265358924866, 4727
38.305145025253296, 4726
38.305145025253296, 4725
38.38632678985596, 4724
38.41657090187073, 4723
38.45487022399902, 4722
38.48509502410889, 4721
38.51739859580994, 4720
38.537577390670776, 4719
38.537577390670776, 4718
38.557772636413574, 4717
38.6564884185791, 4716
38.65852761268616, 4715
38.70688557624817, 4714
38.72698736190796, 4713
38.850138902664185, 4712
38.940916538238525, 4711
39.50566339492798, 4710
39.50566339492798, 4709
39.50566339492798, 4708
39.50566339492798, 4707
39.50566339492798, 4706
39.65092635154724, 4705
39.65092635154724, 4704
39.65092635154724, 4703
39.66654896736145, 4702
39.66654896736145, 4701
39.66654896736145, 4700
39.66654896736145, 4699
39.91825866699219, 4698
39.91825866699219, 4697
39.93592095375061, 4696
40.04886078834534, 4695
40.05691051483154, 4694
40.05691051483154, 4693
40.089165925979614, 4692
40.09926176071167, 4691
40.331504583358765, 4690
40.349602460861206, 4689
40.35962176322937, 4688
40.3818473815918, 4687
40.41211652755737, 4686
40.47261953353882, 4685
40.59334444999695, 4684
40.611886978149414, 4683
40.63207745552063, 4682
40.63207745552063, 4681
40.732837438583374, 4680
40.732837438583374, 4679
40.80568194389343, 4678
40.815805435180664, 4677
40.8562068939209, 4676
40.864248275756836, 4675
40.88438439369202, 4674
40.89652395248413, 4673
40.90657353401184, 4672
40.90657353401184, 4671
40.924705266952515, 4670
40.94688391685486, 4669
40.94688391685486, 4668
40.956971168518066, 4667
40.975101947784424, 4666
41.00741505622864, 4665
41.07786512374878, 4664
41.10811734199524, 4663
41.15859627723694, 4662
41.25934052467346, 4661
41.2673876285553, 4660
41.350181579589844, 4659
41.421162128448486, 4658
41.441327810287476, 4657
41.441327810287476, 4656
41.449371337890625, 4655
41.45141053199768, 4654
41.45141053199768, 4653
41.45141053199768, 4652
41.45141053199768, 4651
41.45141053199768, 4650
41.45141053199768, 4649
41.45141053199768, 4648
41.46148061752319, 4647
41.47150230407715, 4646
41.481547832489014, 4645
41.51182842254639, 4644
41.51182842254639, 4643
41.620686769485474, 4642
41.73155665397644, 4641
41.733561277389526, 4640
42.075031042099, 4639
42.075031042099, 4638
42.075031042099, 4637
42.075031042099, 4636
42.075031042099, 4635
42.12750220298767, 4634
42.137585163116455, 4633
42.14772272109985, 4632
42.15780210494995, 4631
42.18813681602478, 4630
42.30919623374939, 4629
42.30919623374939, 4628
42.43019390106201, 4627
42.43823051452637, 4626
42.440268993377686, 4625
42.45036339759827, 4624
42.52094841003418, 4623
42.53905725479126, 4622
42.59152269363403, 4621
42.601606369018555, 4620
42.682708740234375, 4619
42.743194341659546, 4618
42.781490087509155, 4617
42.85415577888489, 4616
43.49011993408203, 4615
43.70165467262268, 4614
43.71173620223999, 4613
43.75005626678467, 4612
43.82319784164429, 4611
43.83328294754028, 4610
43.843363523483276, 4609
43.87358593940735, 4608
43.90392327308655, 4607
43.911996364593506, 4606
43.91403770446777, 4605
43.98234248161316, 4604
43.98234248161316, 4603
44.01391553878784, 4602
44.255258321762085, 4601
