0.0, 4858
0.5866425037384033, 4857
0.614647388458252, 4856
0.6387064456939697, 4855
1.3188667297363281, 4854
1.658752202987671, 4853
1.8613359928131104, 4852
1.9924378395080566, 4851
2.0537195205688477, 4850
2.118614912033081, 4849
2.238982677459717, 4848
2.2690045833587646, 4847
2.2690045833587646, 4846
2.3288707733154297, 4845
2.3636865615844727, 4844
2.6109397411346436, 4843
2.683614492416382, 4842
2.9988088607788086, 4841
3.0736889839172363, 4840
3.25358510017395, 4839
3.3988399505615234, 4838
4.293826103210449, 4837
4.66383957862854, 4836
4.838755369186401, 4835
5.359576225280762, 4834
5.367623567581177, 4833
5.379805326461792, 4832
5.471466064453125, 4831
5.72885274887085, 4830
5.763640403747559, 4829
6.4705986976623535, 4828
6.689124822616577, 4827
6.7137227058410645, 4826
6.728785037994385, 4825
6.728785037994385, 4824
6.818836450576782, 4823
7.133965969085693, 4822
7.139016389846802, 4821
7.443668365478516, 4820
7.55878472328186, 4819
7.792310476303101, 4818
7.8287506103515625, 4817
7.888556957244873, 4816
8.031231880187988, 4815
8.09881067276001, 4814
8.23873233795166, 4813
8.688567876815796, 4812
8.708654642105103, 4811
8.708654642105103, 4810
8.708654642105103, 4809
8.788694858551025, 4808
8.83887529373169, 4807
9.023939847946167, 4806
9.04874062538147, 4805
9.050255298614502, 4804
9.190124034881592, 4803
9.273104190826416, 4802
9.313603639602661, 4801
9.384690999984741, 4800
9.384690999984741, 4799
9.39883804321289, 4798
9.404921054840088, 4797
9.585424661636353, 4796
9.587437391281128, 4795
9.596027135848999, 4794
9.884035110473633, 4793
10.041559219360352, 4792
10.051634073257446, 4791
10.061705350875854, 4790
10.406500816345215, 4789
10.558604717254639, 4788
10.59363603591919, 4787
10.62875485420227, 4786
10.679039239883423, 4785
10.85872220993042, 4784
10.92885446548462, 4783
11.404415845870972, 4782
11.5090012550354, 4781
11.578819036483765, 4780
11.723895788192749, 4779
11.95092487335205, 4778
12.148976564407349, 4777
12.298759698867798, 4776
12.468622207641602, 4775
12.488695859909058, 4774
12.528960227966309, 4773
12.70398759841919, 4772
12.708520889282227, 4771
13.043792486190796, 4770
13.468683958053589, 4769
13.503647327423096, 4768
13.77006196975708, 4767
13.963945150375366, 4766
14.023901462554932, 4765
14.268709182739258, 4764
14.483707904815674, 4763
15.178639888763428, 4762
15.198869466781616, 4761
15.65076732635498, 4760
15.958945512771606, 4759
16.002974033355713, 4758
16.048600912094116, 4757
16.22885537147522, 4756
16.418654441833496, 4755
16.539021968841553, 4754
16.6552574634552, 4753
16.698848962783813, 4752
16.698848962783813, 4751
16.715864419937134, 4750
16.7387855052948, 4749
16.888651609420776, 4748
17.01963758468628, 4747
17.02982473373413, 4746
17.083974599838257, 4745
17.090609550476074, 4744
17.121365547180176, 4743
17.131498098373413, 4742
17.595853090286255, 4741
17.673619270324707, 4740
17.69889211654663, 4739
17.93155574798584, 4738
18.063230752944946, 4737
18.07337784767151, 4736
18.078935861587524, 4735
18.213214874267578, 4734
18.529972314834595, 4733
18.540382385253906, 4732
18.603548765182495, 4731
18.75350832939148, 4730
18.768614768981934, 4729
18.7888286113739, 4728
19.038984060287476, 4727
19.268811464309692, 4726
19.298945903778076, 4725
19.368528127670288, 4724
19.368528127670288, 4723
19.4885094165802, 4722
19.78855562210083, 4721
19.798702716827393, 4720
19.898958444595337, 4719
19.898958444595337, 4718
19.95897150039673, 4717
