0.3269491195678711, 6805
0.33098912239074707, 6804
0.33098912239074707, 6803
0.33098912239074707, 6802
0.33098912239074707, 6801
0.33098912239074707, 6800
0.33098912239074707, 6799
0.33098912239074707, 6798
0.33098912239074707, 6797
0.33098912239074707, 6796
0.33098912239074707, 6795
0.33098912239074707, 6794
0.33098912239074707, 6793
0.33098912239074707, 6792
0.33098912239074707, 6791
0.33098912239074707, 6790
0.33098912239074707, 6789
0.33098912239074707, 6788
0.33098912239074707, 6787
0.33098912239074707, 6786
0.33098912239074707, 6785
0.33098912239074707, 6784
0.3411855697631836, 6783
0.3411855697631836, 6782
0.3411855697631836, 6781
0.3431999683380127, 6780
0.3431999683380127, 6779
0.3431999683380127, 6778
0.3431999683380127, 6777
0.3431999683380127, 6776
0.3431999683380127, 6775
0.3431999683380127, 6774
0.3431999683380127, 6773
0.3431999683380127, 6772
0.3512434959411621, 6771
0.3512434959411621, 6770
0.3512434959411621, 6769
0.3512434959411621, 6768
0.3512434959411621, 6767
0.3512434959411621, 6766
0.3512434959411621, 6765
0.3512434959411621, 6764
0.3512434959411621, 6763
0.3512434959411621, 6762
0.3512434959411621, 6761
0.3512434959411621, 6760
0.36127471923828125, 6759
0.36127471923828125, 6758
0.36127471923828125, 6757
0.36331796646118164, 6756
0.36331796646118164, 6755
0.36331796646118164, 6754
0.36331796646118164, 6753
0.36331796646118164, 6752
0.36331796646118164, 6751
0.36331796646118164, 6750
0.36331796646118164, 6749
0.36331796646118164, 6748
0.37136149406433105, 6747
0.37136149406433105, 6746
0.37340521812438965, 6745
0.37340521812438965, 6744
0.37340521812438965, 6743
0.37340521812438965, 6742
0.37340521812438965, 6741
0.37340521812438965, 6740
0.37340521812438965, 6739
0.37340521812438965, 6738
0.3814430236816406, 6737
0.3814430236816406, 6736
0.3834872245788574, 6735
0.3834872245788574, 6734
0.3834872245788574, 6733
0.3834872245788574, 6732
0.3834872245788574, 6731
0.3834872245788574, 6730
0.3834872245788574, 6729
0.3834872245788574, 6728
0.3834872245788574, 6727
0.39153194427490234, 6726
0.39153194427490234, 6725
0.3935723304748535, 6724
0.3935723304748535, 6723
0.3935723304748535, 6722
0.3935723304748535, 6721
0.3935723304748535, 6720
0.3935723304748535, 6719
0.3935723304748535, 6718
0.3935723304748535, 6717
0.3935723304748535, 6716
0.4015932083129883, 6715
0.4015932083129883, 6714
0.4015932083129883, 6713
0.4036376476287842, 6712
0.4036376476287842, 6711
0.4036376476287842, 6710
0.4036376476287842, 6709
0.4036376476287842, 6708
0.4036376476287842, 6707
0.4036376476287842, 6706
0.4036376476287842, 6705
0.4036376476287842, 6704
0.4116816520690918, 6703
0.4116816520690918, 6702
0.4137284755706787, 6701
0.4137284755706787, 6700
0.4137284755706787, 6699
0.4137284755706787, 6698
0.4137284755706787, 6697
0.4137284755706787, 6696
0.4137284755706787, 6695
0.4137284755706787, 6694
0.4137284755706787, 6693
0.42177557945251465, 6692
0.42177557945251465, 6691
0.42381811141967773, 6690
0.42381811141967773, 6689
0.42381811141967773, 6688
0.42381811141967773, 6687
0.42381811141967773, 6686
0.42381811141967773, 6685
0.42381811141967773, 6684
0.42381811141967773, 6683
0.42381811141967773, 6682
0.42381811141967773, 6681
0.42381811141967773, 6680
0.42381811141967773, 6679
0.42381811141967773, 6678
0.42381811141967773, 6677
0.42381811141967773, 6676
0.42381811141967773, 6675
0.4318199157714844, 6674
0.4318575859069824, 6673
0.4318575859069824, 6672
0.4318575859069824, 6671
0.4318575859069824, 6670
0.4338977336883545, 6669
0.4338977336883545, 6668
0.4338977336883545, 6667
0.4338977336883545, 6666
0.4338977336883545, 6665
0.4338977336883545, 6664
0.4338977336883545, 6663
0.4338977336883545, 6662
0.4338977336883545, 6661
0.4338977336883545, 6660
0.4338977336883545, 6659
0.4338977336883545, 6658
0.4338977336883545, 6657
0.4338977336883545, 6656
0.4338977336883545, 6655
0.4338977336883545, 6654
0.4338977336883545, 6653
0.44193196296691895, 6652
0.44193196296691895, 6651
0.44193196296691895, 6650
0.44193196296691895, 6649
0.44193196296691895, 6648
0.4439718723297119, 6647
0.4439718723297119, 6646
0.4439718723297119, 6645
0.4439718723297119, 6644
0.4439718723297119, 6643
0.4439718723297119, 6642
0.4439718723297119, 6641
0.4439718723297119, 6640
0.4439718723297119, 6639
0.4439718723297119, 6638
0.4439718723297119, 6637
0.4439718723297119, 6636
0.4439718723297119, 6635
0.4439718723297119, 6634
0.4439718723297119, 6633
0.4439718723297119, 6632
0.4439718723297119, 6631
0.4520106315612793, 6630
0.4520106315612793, 6629
0.4520106315612793, 6628
0.4520106315612793, 6627
0.45404934883117676, 6626
0.45404934883117676, 6625
0.45404934883117676, 6624
0.45404934883117676, 6623
0.45404934883117676, 6622
0.45404934883117676, 6621
0.45404934883117676, 6620
0.45404934883117676, 6619
0.45404934883117676, 6618
0.45404934883117676, 6617
0.45404934883117676, 6616
0.45404934883117676, 6615
0.45404934883117676, 6614
0.45404934883117676, 6613
0.45404934883117676, 6612
0.4620671272277832, 6611
0.4620671272277832, 6610
0.4620671272277832, 6609
0.4641108512878418, 6608
0.4641108512878418, 6607
0.4641108512878418, 6606
0.4641108512878418, 6605
0.4641108512878418, 6604
0.4641108512878418, 6603
0.4641108512878418, 6602
0.4641108512878418, 6601
0.4641108512878418, 6600
0.4641108512878418, 6599
0.4641108512878418, 6598
0.4641108512878418, 6597
17.66046953201294, 6596
17.668518543243408, 6595
17.668518543243408, 6594
17.670558214187622, 6593
18.114176511764526, 6592
18.124242305755615, 6591
18.192718982696533, 6590
18.192718982696533, 6589
18.26559090614319, 6588
18.750468015670776, 6587
18.750468015670776, 6586
18.750468015670776, 6585
18.81098437309265, 6584
18.81098437309265, 6583
18.81098437309265, 6582
18.821077346801758, 6581
18.821077346801758, 6580
18.821077346801758, 6579
18.861395835876465, 6578
18.89162850379944, 6577
18.89162850379944, 6576
18.89162850379944, 6575
18.89162850379944, 6574
18.89162850379944, 6573
18.89162850379944, 6572
18.901726722717285, 6571
18.901726722717285, 6570
18.901726722717285, 6569
18.901726722717285, 6568
18.901726722717285, 6567
18.901726722717285, 6566
18.901726722717285, 6565
18.91179847717285, 6564
18.91179847717285, 6563
18.91179847717285, 6562
18.91179847717285, 6561
18.91179847717285, 6560
18.91179847717285, 6559
18.91984724998474, 6558
18.9218909740448, 6557
18.9218909740448, 6556
18.9218909740448, 6555
18.9218909740448, 6554
18.9218909740448, 6553
18.92991590499878, 6552
18.92991590499878, 6551
18.92991590499878, 6550
18.92991590499878, 6549
18.92991590499878, 6548
18.931933403015137, 6547
18.931933403015137, 6546
18.931933403015137, 6545
18.931933403015137, 6544
18.931933403015137, 6543
18.931933403015137, 6542
18.931933403015137, 6541
18.942026138305664, 6540
18.952123641967773, 6539
18.952123641967773, 6538
18.952123641967773, 6537
18.952123641967773, 6536
18.952123641967773, 6535
18.952123641967773, 6534
18.952123641967773, 6533
18.960169553756714, 6532
18.960169553756714, 6531
18.960169553756714, 6530
18.96221375465393, 6529
18.96221375465393, 6528
18.96221375465393, 6527
18.96221375465393, 6526
18.96221375465393, 6525
18.96221375465393, 6524
18.96221375465393, 6523
18.972310304641724, 6522
18.982361316680908, 6521
18.982404232025146, 6520
18.982404232025146, 6519
18.982404232025146, 6518
18.990430116653442, 6517
18.992481470108032, 6516
18.992481470108032, 6515
18.992481470108032, 6514
19.00053119659424, 6513
19.002575397491455, 6512
19.002575397491455, 6511
19.002575397491455, 6510
19.002575397491455, 6509
19.012664556503296, 6508
19.012664556503296, 6507
19.012664556503296, 6506
19.012664556503296, 6505
19.012664556503296, 6504
19.022751331329346, 6503
19.022751331329346, 6502
19.022751331329346, 6501
19.022751331329346, 6500
19.022751331329346, 6499
19.022751331329346, 6498
19.032853841781616, 6497
19.032853841781616, 6496
19.032853841781616, 6495
19.032853841781616, 6494
19.032853841781616, 6493
19.040895223617554, 6492
19.042937994003296, 6491
19.042937994003296, 6490
19.042937994003296, 6489
19.042937994003296, 6488
19.042937994003296, 6487
19.042937994003296, 6486
19.05099606513977, 6485
19.053049325942993, 6484
19.053049325942993, 6483
19.061094999313354, 6482
19.063135862350464, 6481
19.063135862350464, 6480
19.063135862350464, 6479
19.063135862350464, 6478
19.063135862350464, 6477
19.063135862350464, 6476
19.063135862350464, 6475
19.063135862350464, 6474
19.063135862350464, 6473
19.071184873580933, 6472
19.071184873580933, 6471
19.07322931289673, 6470
19.07322931289673, 6469
19.081273555755615, 6468
19.083316802978516, 6467
19.083316802978516, 6466
19.083316802978516, 6465
19.083316802978516, 6464
19.083316802978516, 6463
19.083316802978516, 6462
19.083316802978516, 6461
19.083316802978516, 6460
19.091391563415527, 6459
19.091391563415527, 6458
19.093429803848267, 6457
19.093429803848267, 6456
19.093429803848267, 6455
19.164042711257935, 6454
19.164042711257935, 6453
19.164042711257935, 6452
19.164042711257935, 6451
19.164042711257935, 6450
19.164042711257935, 6449
19.164042711257935, 6448
19.164042711257935, 6447
19.164042711257935, 6446
19.164042711257935, 6445
19.164042711257935, 6444
19.164042711257935, 6443
19.164042711257935, 6442
19.172111988067627, 6441
19.174152851104736, 6440
19.174152851104736, 6439
19.174152851104736, 6438
19.174152851104736, 6437
19.174152851104736, 6436
19.184239387512207, 6435
19.184239387512207, 6434
19.184239387512207, 6433
19.184239387512207, 6432
19.192257404327393, 6431
19.194300651550293, 6430
19.194300651550293, 6429
19.194300651550293, 6428
19.194300651550293, 6427
19.194300651550293, 6426
19.194300651550293, 6425
19.194300651550293, 6424
19.194300651550293, 6423
19.194300651550293, 6422
19.194300651550293, 6421
19.194300651550293, 6420
19.194300651550293, 6419
19.194300651550293, 6418
19.194300651550293, 6417
19.194300651550293, 6416
19.2023446559906, 6415
19.22454595565796, 6414
19.232574939727783, 6413
19.232574939727783, 6412
19.232574939727783, 6411
19.232574939727783, 6410
19.23462748527527, 6409
19.23462748527527, 6408
19.23462748527527, 6407
19.23462748527527, 6406
19.23462748527527, 6405
19.23462748527527, 6404
19.23462748527527, 6403
19.24471688270569, 6402
19.24471688270569, 6401
19.24471688270569, 6400
19.25276756286621, 6399
19.25481128692627, 6398
19.25481128692627, 6397
19.25481128692627, 6396
19.25481128692627, 6395
19.262856483459473, 6394
19.262856483459473, 6393
19.264896631240845, 6392
19.264896631240845, 6391
19.264896631240845, 6390
19.264896631240845, 6389
19.264896631240845, 6388
19.264896631240845, 6387
19.264896631240845, 6386
19.264896631240845, 6385
19.264896631240845, 6384
19.272943258285522, 6383
19.27498507499695, 6382
19.27498507499695, 6381
19.27498507499695, 6380
19.27498507499695, 6379
19.27498507499695, 6378
19.28516459465027, 6377
19.28516459465027, 6376
19.28516459465027, 6375
19.28516459465027, 6374
19.28516459465027, 6373
19.28516459465027, 6372
19.28516459465027, 6371
19.293225288391113, 6370
19.29527258872986, 6369
19.29527258872986, 6368
19.29527258872986, 6367
19.29527258872986, 6366
19.29527258872986, 6365
19.29527258872986, 6364
19.305365562438965, 6363
19.305365562438965, 6362
19.305365562438965, 6361
19.305365562438965, 6360
19.305365562438965, 6359
19.305365562438965, 6358
19.313369035720825, 6357
19.313369035720825, 6356
19.31590962409973, 6355
19.316936254501343, 6354
19.316936254501343, 6353
19.316936254501343, 6352
19.317935705184937, 6351
19.317935705184937, 6350
19.318978786468506, 6349
19.318978786468506, 6348
19.318978786468506, 6347
19.318978786468506, 6346
19.318978786468506, 6345
19.318978786468506, 6344
19.318978786468506, 6343
19.318978786468506, 6342
19.318978786468506, 6341
19.324023008346558, 6340
19.32606267929077, 6339
19.32606267929077, 6338
19.32606267929077, 6337
19.32606267929077, 6336
19.32606267929077, 6335
19.32606267929077, 6334
19.32606267929077, 6333
19.32606267929077, 6332
19.32606267929077, 6331
19.32606267929077, 6330
19.33412218093872, 6329
19.33412218093872, 6328
19.336159467697144, 6327
19.336159467697144, 6326
19.336159467697144, 6325
19.336159467697144, 6324
19.34420347213745, 6323
19.346242904663086, 6322
19.346242904663086, 6321
19.346242904663086, 6320
19.346242904663086, 6319
19.346242904663086, 6318
19.346242904663086, 6317
19.346242904663086, 6316
19.346242904663086, 6315
19.346242904663086, 6314
19.35631561279297, 6313
19.35631561279297, 6312
19.35631561279297, 6311
19.35631561279297, 6310
19.35631561279297, 6309
19.364360570907593, 6308
19.364360570907593, 6307
19.364360570907593, 6306
19.364360570907593, 6305
19.364360570907593, 6304
19.364360570907593, 6303
19.364360570907593, 6302
19.374418258666992, 6301
19.37645936012268, 6300
19.37645936012268, 6299
19.37645936012268, 6298
19.37645936012268, 6297
19.37645936012268, 6296
19.3845112323761, 6295
19.386547803878784, 6294
19.386547803878784, 6293
19.386547803878784, 6292
19.386547803878784, 6291
19.386547803878784, 6290
19.386547803878784, 6289
19.386547803878784, 6288
19.394596815109253, 6287
19.39663863182068, 6286
19.39663863182068, 6285
19.39663863182068, 6284
19.39663863182068, 6283
19.40469264984131, 6282
19.406729221343994, 6281
19.406729221343994, 6280
19.406729221343994, 6279
19.406729221343994, 6278
19.406729221343994, 6277
19.406729221343994, 6276
19.406729221343994, 6275
19.406729221343994, 6274
19.406729221343994, 6273
19.406729221343994, 6272
19.406729221343994, 6271
19.406729221343994, 6270
19.426902532577515, 6269
19.426902532577515, 6268
19.426902532577515, 6267
19.426902532577515, 6266
19.426902532577515, 6265
19.426902532577515, 6264
19.436999320983887, 6263
19.436999320983887, 6262
19.436999320983887, 6261
19.436999320983887, 6260
19.436999320983887, 6259
19.436999320983887, 6258
19.436999320983887, 6257
19.436999320983887, 6256
19.436999320983887, 6255
19.436999320983887, 6254
19.436999320983887, 6253
19.445039749145508, 6252
19.445039749145508, 6251
19.445039749145508, 6250
19.445039749145508, 6249
19.445039749145508, 6248
19.445039749145508, 6247
19.447078227996826, 6246
19.447078227996826, 6245
19.447078227996826, 6244
19.447078227996826, 6243
19.447078227996826, 6242
19.447078227996826, 6241
19.447078227996826, 6240
19.447078227996826, 6239
19.447078227996826, 6238
19.447078227996826, 6237
19.447078227996826, 6236
19.447078227996826, 6235
19.447078227996826, 6234
19.455127716064453, 6233
19.455127716064453, 6232
19.45716428756714, 6231
19.45716428756714, 6230
19.45716428756714, 6229
19.45716428756714, 6228
19.45716428756714, 6227
19.45716428756714, 6226
19.45716428756714, 6225
19.45716428756714, 6224
19.45716428756714, 6223
19.45716428756714, 6222
19.45716428756714, 6221
19.45716428756714, 6220
19.45716428756714, 6219
19.45716428756714, 6218
19.465240716934204, 6217
19.465240716934204, 6216
19.465240716934204, 6215
19.465240716934204, 6214
19.465240716934204, 6213
19.467280864715576, 6212
19.467280864715576, 6211
19.467280864715576, 6210
19.467280864715576, 6209
19.467280864715576, 6208
19.467280864715576, 6207
19.467280864715576, 6206
19.467280864715576, 6205
19.467280864715576, 6204
19.467280864715576, 6203
19.467280864715576, 6202
19.467280864715576, 6201
19.467280864715576, 6200
19.467280864715576, 6199
19.467280864715576, 6198
19.467280864715576, 6197
19.475329637527466, 6196
19.475329637527466, 6195
19.475329637527466, 6194
19.477370500564575, 6193
19.477370500564575, 6192
19.477370500564575, 6191
19.48541259765625, 6190
19.487453937530518, 6189
19.487453937530518, 6188
19.487453937530518, 6187
19.487453937530518, 6186
19.487453937530518, 6185
19.487453937530518, 6184
19.487453937530518, 6183
19.487453937530518, 6182
19.487453937530518, 6181
19.487453937530518, 6180
19.487453937530518, 6179
19.487453937530518, 6178
19.487453937530518, 6177
19.495503902435303, 6176
19.495503902435303, 6175
19.495503902435303, 6174
19.495503902435303, 6173
19.495503902435303, 6172
19.497543811798096, 6171
19.497543811798096, 6170
19.497543811798096, 6169
19.497543811798096, 6168
19.497543811798096, 6167
19.497543811798096, 6166
19.497543811798096, 6165
19.497543811798096, 6164
19.497543811798096, 6163
19.497543811798096, 6162
19.497543811798096, 6161
19.497543811798096, 6160
19.505586862564087, 6159
19.505586862564087, 6158
19.505586862564087, 6157
19.505586862564087, 6156
19.505586862564087, 6155
19.507625579833984, 6154
19.507625579833984, 6153
19.507625579833984, 6152
19.507625579833984, 6151
19.507625579833984, 6150
19.507625579833984, 6149
19.507625579833984, 6148
19.507625579833984, 6147
19.507625579833984, 6146
19.507625579833984, 6145
19.507625579833984, 6144
19.507625579833984, 6143
19.507625579833984, 6142
19.507625579833984, 6141
19.507625579833984, 6140
19.507625579833984, 6139
19.507625579833984, 6138
19.515679359436035, 6137
19.527803897857666, 6136
19.527803897857666, 6135
19.527803897857666, 6134
19.527803897857666, 6133
19.527803897857666, 6132
19.527803897857666, 6131
19.527803897857666, 6130
19.527803897857666, 6129
19.527803897857666, 6128
19.527803897857666, 6127
19.527803897857666, 6126
19.53585195541382, 6125
19.53585195541382, 6124
19.537896633148193, 6123
19.537896633148193, 6122
19.537896633148193, 6121
19.537896633148193, 6120
19.545937299728394, 6119
19.54797649383545, 6118
19.54797649383545, 6117
19.54797649383545, 6116
19.54797649383545, 6115
19.54797649383545, 6114
19.54797649383545, 6113
19.54797649383545, 6112
19.54797649383545, 6111
19.55610466003418, 6110
19.55610466003418, 6109
19.55814552307129, 6108
19.55814552307129, 6107
19.55814552307129, 6106
19.55814552307129, 6105
19.55814552307129, 6104
19.55814552307129, 6103
19.55814552307129, 6102
19.55814552307129, 6101
19.55814552307129, 6100
19.566189527511597, 6099
19.566189527511597, 6098
19.566189527511597, 6097
19.566189527511597, 6096
19.566189527511597, 6095
19.566189527511597, 6094
19.566189527511597, 6093
19.566189527511597, 6092
19.566189527511597, 6091
19.566189527511597, 6090
19.57625460624695, 6089
19.57625460624695, 6088
19.578307628631592, 6087
19.578307628631592, 6086
19.578307628631592, 6085
19.578307628631592, 6084
19.578307628631592, 6083
19.578307628631592, 6082
19.578307628631592, 6081
19.578307628631592, 6080
19.58635973930359, 6079
19.58635973930359, 6078
19.588406085968018, 6077
19.588406085968018, 6076
19.588406085968018, 6075
19.59645652770996, 6074
19.59645652770996, 6073
19.59849977493286, 6072
19.606544494628906, 6071
19.608586072921753, 6070
19.608586072921753, 6069
19.608586072921753, 6068
19.61665678024292, 6067
19.61665678024292, 6066
19.61665678024292, 6065
19.61665678024292, 6064
19.6187002658844, 6063
19.6187002658844, 6062
19.6187002658844, 6061
19.6187002658844, 6060
19.6187002658844, 6059
19.6187002658844, 6058
19.626742601394653, 6057
19.626742601394653, 6056
19.626742601394653, 6055
19.626742601394653, 6054
19.62878179550171, 6053
19.62878179550171, 6052
19.62878179550171, 6051
19.62878179550171, 6050
19.62878179550171, 6049
19.62878179550171, 6048
19.62878179550171, 6047
19.62878179550171, 6046
19.62878179550171, 6045
19.62878179550171, 6044
19.62878179550171, 6043
19.62878179550171, 6042
19.62878179550171, 6041
19.638875246047974, 6040
19.638875246047974, 6039
19.638875246047974, 6038
19.638875246047974, 6037
19.638875246047974, 6036
19.638875246047974, 6035
19.64691996574402, 6034
19.64691996574402, 6033
19.64691996574402, 6032
19.64691996574402, 6031
19.64691996574402, 6030
19.648961544036865, 6029
19.648961544036865, 6028
19.648961544036865, 6027
19.648961544036865, 6026
19.648961544036865, 6025
19.65701651573181, 6024
19.659061193466187, 6023
19.659061193466187, 6022
19.659061193466187, 6021
19.659061193466187, 6020
19.66710901260376, 6019
19.679229497909546, 6018
19.687278270721436, 6017
19.68932008743286, 6016
19.68932008743286, 6015
19.68932008743286, 6014
19.68932008743286, 6013
19.68932008743286, 6012
19.697368383407593, 6011
19.697368383407593, 6010
19.697368383407593, 6009
19.697368383407593, 6008
19.699419736862183, 6007
19.699419736862183, 6006
19.699419736862183, 6005
19.699419736862183, 6004
19.707465648651123, 6003
19.70951223373413, 6002
19.717536449432373, 6001
19.717536449432373, 6000
19.717536449432373, 5999
19.719582557678223, 5998
19.719582557678223, 5997
19.719582557678223, 5996
19.719582557678223, 5995
19.719582557678223, 5994
19.719582557678223, 5993
19.719582557678223, 5992
19.719582557678223, 5991
19.719582557678223, 5990
19.719582557678223, 5989
19.72762894630432, 5988
19.72762894630432, 5987
19.729674577713013, 5986
19.729674577713013, 5985
19.729674577713013, 5984
19.729674577713013, 5983
19.729674577713013, 5982
19.729674577713013, 5981
19.729674577713013, 5980
19.729674577713013, 5979
19.729674577713013, 5978
19.729674577713013, 5977
19.737695932388306, 5976
19.737695932388306, 5975
19.73974609375, 5974
19.73974609375, 5973
19.73974609375, 5972
19.73974609375, 5971
19.73974609375, 5970
19.73974609375, 5969
19.747791290283203, 5968
19.747791290283203, 5967
19.749837636947632, 5966
19.749837636947632, 5965
19.749837636947632, 5964
19.749837636947632, 5963
19.749837636947632, 5962
19.749837636947632, 5961
19.757887601852417, 5960
19.759936094284058, 5959
19.759936094284058, 5958
19.759936094284058, 5957
19.767983436584473, 5956
19.767983436584473, 5955
19.770026922225952, 5954
19.770026922225952, 5953
19.770026922225952, 5952
19.770026922225952, 5951
19.770026922225952, 5950
19.770026922225952, 5949
19.778048753738403, 5948
19.780093908309937, 5947
19.780093908309937, 5946
19.780093908309937, 5945
19.780093908309937, 5944
19.780093908309937, 5943
19.780093908309937, 5942
19.780093908309937, 5941
19.78813934326172, 5940
19.790186405181885, 5939
19.790186405181885, 5938
19.790186405181885, 5937
19.790186405181885, 5936
19.790186405181885, 5935
19.798217058181763, 5934
19.800257682800293, 5933
19.800257682800293, 5932
19.800257682800293, 5931
19.800257682800293, 5930
19.800257682800293, 5929
19.800257682800293, 5928
19.808297872543335, 5927
19.808297872543335, 5926
19.808297872543335, 5925
19.81033706665039, 5924
19.81033706665039, 5923
19.81033706665039, 5922
19.81033706665039, 5921
19.81033706665039, 5920
19.81033706665039, 5919
19.81033706665039, 5918
19.81033706665039, 5917
19.81033706665039, 5916
19.81033706665039, 5915
19.818403482437134, 5914
19.820444107055664, 5913
19.820444107055664, 5912
19.820444107055664, 5911
19.820444107055664, 5910
19.820444107055664, 5909
19.820444107055664, 5908
19.820444107055664, 5907
19.820444107055664, 5906
19.820444107055664, 5905
19.828490018844604, 5904
19.828490018844604, 5903
19.828490018844604, 5902
19.83052921295166, 5901
19.83052921295166, 5900
19.83052921295166, 5899
19.83052921295166, 5898
19.83052921295166, 5897
19.83052921295166, 5896
19.83052921295166, 5895
19.83052921295166, 5894
19.83052921295166, 5893
19.83052921295166, 5892
19.83858036994934, 5891
19.83858036994934, 5890
19.840620040893555, 5889
19.840620040893555, 5888
19.840620040893555, 5887
19.840620040893555, 5886
19.840620040893555, 5885
19.840620040893555, 5884
19.840620040893555, 5883
19.840620040893555, 5882
19.840620040893555, 5881
19.84866213798523, 5880
19.84866213798523, 5879
19.84866213798523, 5878
19.850700616836548, 5877
19.850700616836548, 5876
19.850700616836548, 5875
19.850700616836548, 5874
19.850700616836548, 5873
19.850700616836548, 5872
19.860833644866943, 5871
19.860833644866943, 5870
19.860833644866943, 5869
19.860833644866943, 5868
19.86887764930725, 5867
19.870916843414307, 5866
19.891093969345093, 5865
19.891093969345093, 5864
19.891093969345093, 5863
19.891093969345093, 5862
19.891093969345093, 5861
19.891093969345093, 5860
19.891093969345093, 5859
19.8991539478302, 5858
19.8991539478302, 5857
19.8991539478302, 5856
19.901196241378784, 5855
19.901196241378784, 5854
19.901196241378784, 5853
19.901196241378784, 5852
19.901196241378784, 5851
19.909237146377563, 5850
19.911277532577515, 5849
19.911277532577515, 5848
19.911277532577515, 5847
19.911277532577515, 5846
19.911277532577515, 5845
19.911277532577515, 5844
19.911277532577515, 5843
19.911277532577515, 5842
19.91933584213257, 5841
19.91933584213257, 5840
19.921821117401123, 5839
19.921821117401123, 5838
19.921821117401123, 5837
19.921821117401123, 5836
19.921821117401123, 5835
19.929862022399902, 5834
19.929862022399902, 5833
19.93190336227417, 5832
19.93190336227417, 5831
19.93190336227417, 5830
19.93190336227417, 5829
19.93190336227417, 5828
19.93190336227417, 5827
19.93190336227417, 5826
19.93190336227417, 5825
19.93190336227417, 5824
19.93190336227417, 5823
19.93995499610901, 5822
19.93995499610901, 5821
19.941997528076172, 5820
19.941997528076172, 5819
19.941997528076172, 5818
19.941997528076172, 5817
19.941997528076172, 5816
19.941997528076172, 5815
19.941997528076172, 5814
19.941997528076172, 5813
19.941997528076172, 5812
19.950037479400635, 5811
19.950037479400635, 5810
19.95207643508911, 5809
19.95207643508911, 5808
19.95207643508911, 5807
19.96012830734253, 5806
19.96012830734253, 5805
19.96216630935669, 5804
19.96216630935669, 5803
19.96216630935669, 5802
19.96216630935669, 5801
19.96216630935669, 5800
19.96216630935669, 5799
19.96216630935669, 5798
19.96216630935669, 5797
19.970207929611206, 5796
19.970207929611206, 5795
19.970207929611206, 5794
19.97225069999695, 5793
19.97225069999695, 5792
19.97225069999695, 5791
19.97225069999695, 5790
19.97225069999695, 5789
19.980303525924683, 5788
19.980303525924683, 5787
19.98234724998474, 5786
19.990387201309204, 5785
19.990387201309204, 5784
19.99239492416382, 5783
19.99239492416382, 5782
19.99239492416382, 5781
19.99239492416382, 5780
19.99239492416382, 5779
19.99239492416382, 5778
19.99239492416382, 5777
19.99239492416382, 5776
19.99239492416382, 5775
20.000445127487183, 5774
20.000445127487183, 5773
20.002495050430298, 5772
20.002495050430298, 5771
20.002495050430298, 5770
20.002495050430298, 5769
20.002495050430298, 5768
20.002495050430298, 5767
20.010536193847656, 5766
20.010536193847656, 5765
20.010536193847656, 5764
20.012575149536133, 5763
20.012575149536133, 5762
20.012575149536133, 5761
20.012575149536133, 5760
20.012575149536133, 5759
20.012575149536133, 5758
20.012575149536133, 5757
20.02064800262451, 5756
20.022695302963257, 5755
20.022695302963257, 5754
20.032791137695312, 5753
20.032791137695312, 5752
20.032791137695312, 5751
20.032791137695312, 5750
20.032791137695312, 5749
20.040814876556396, 5748
20.040814876556396, 5747
20.040814876556396, 5746
20.042860507965088, 5745
20.042860507965088, 5744
20.042860507965088, 5743
20.042860507965088, 5742
20.042860507965088, 5741
20.042860507965088, 5740
20.05090618133545, 5739
20.05090618133545, 5738
20.05294966697693, 5737
20.05294966697693, 5736
20.05294966697693, 5735
20.05294966697693, 5734
20.05294966697693, 5733
20.05294966697693, 5732
20.05294966697693, 5731
20.060965061187744, 5730
20.06300973892212, 5729
20.06300973892212, 5728
20.06300973892212, 5727
20.06300973892212, 5726
20.06300973892212, 5725
20.06300973892212, 5724
20.06300973892212, 5723
20.06300973892212, 5722
20.071056842803955, 5721
20.071056842803955, 5720
20.073097705841064, 5719
20.073097705841064, 5718
20.073097705841064, 5717
20.073097705841064, 5716
20.073097705841064, 5715
20.073097705841064, 5714
20.081115007400513, 5713
20.081115007400513, 5712
20.0831618309021, 5711
20.0831618309021, 5710
20.0831618309021, 5709
20.0831618309021, 5708
20.0831618309021, 5707
20.0831618309021, 5706
20.091207027435303, 5705
20.091207027435303, 5704
20.093250274658203, 5703
20.093250274658203, 5702
20.093250274658203, 5701
20.093250274658203, 5700
20.093250274658203, 5699
20.093250274658203, 5698
20.101323127746582, 5697
20.101323127746582, 5696
20.10336995124817, 5695
20.10336995124817, 5694
20.10336995124817, 5693
20.10336995124817, 5692
20.10336995124817, 5691
20.10336995124817, 5690
20.10336995124817, 5689
20.111413955688477, 5688
20.111413955688477, 5687
20.111413955688477, 5686
20.11345362663269, 5685
20.11345362663269, 5684
20.11345362663269, 5683
20.11345362663269, 5682
20.11345362663269, 5681
20.11345362663269, 5680
20.11345362663269, 5679
20.121502161026, 5678
20.121502161026, 5677
20.121502161026, 5676
20.121502161026, 5675
20.121502161026, 5674
20.121502161026, 5673
20.121502161026, 5672
20.121502161026, 5671
20.121502161026, 5670
20.121502161026, 5669
20.121502161026, 5668
20.121502161026, 5667
20.131513118743896, 5666
20.13355851173401, 5665
20.13355851173401, 5664
20.13355851173401, 5663
20.13355851173401, 5662
20.13355851173401, 5661
20.13355851173401, 5660
20.13355851173401, 5659
20.13355851173401, 5658
20.13355851173401, 5657
20.13355851173401, 5656
20.141615390777588, 5655
20.141615390777588, 5654
20.141615390777588, 5653
20.143657207489014, 5652
20.143657207489014, 5651
20.143657207489014, 5650
20.143657207489014, 5649
20.151708126068115, 5648
20.153749704360962, 5647
20.153749704360962, 5646
20.153749704360962, 5645
20.153749704360962, 5644
20.153749704360962, 5643
20.153749704360962, 5642
20.153749704360962, 5641
20.153749704360962, 5640
20.153749704360962, 5639
20.153749704360962, 5638
20.153749704360962, 5637
20.163834810256958, 5636
20.163834810256958, 5635
20.163834810256958, 5634
20.163834810256958, 5633
20.171874523162842, 5632
20.173913717269897, 5631
20.173913717269897, 5630
20.173913717269897, 5629
20.181987285614014, 5628
20.184032201766968, 5627
20.184032201766968, 5626
20.184032201766968, 5625
20.192077159881592, 5624
20.19412088394165, 5623
20.19412088394165, 5622
20.202258348464966, 5621
20.207322359085083, 5620
20.207322359085083, 5619
20.212374687194824, 5618
20.212374687194824, 5617
20.214420795440674, 5616
20.214420795440674, 5615
20.214420795440674, 5614
20.214420795440674, 5613
20.214420795440674, 5612
20.214420795440674, 5611
20.222458839416504, 5610
20.22488498687744, 5609
20.225022077560425, 5608
20.225022077560425, 5607
20.225022077560425, 5606
20.225022077560425, 5605
20.233065605163574, 5604
20.235103845596313, 5603
20.235103845596313, 5602
20.245203971862793, 5601
20.253246068954468, 5600
20.27548122406006, 5599
20.29566788673401, 5598
20.30573344230652, 5597
20.335930824279785, 5596
20.364146947860718, 5595
20.364146947860718, 5594
20.364146947860718, 5593
20.366198301315308, 5592
20.396448850631714, 5591
20.404468059539795, 5590
20.446866750717163, 5589
20.456951141357422, 5588
20.4670147895813, 5587
20.47505831718445, 5586
20.568046808242798, 5585
20.57605743408203, 5584
20.578062295913696, 5583
20.578062295913696, 5582
20.60625672340393, 5581
20.60625672340393, 5580
20.608301162719727, 5579
20.61838412284851, 5578
20.61838412284851, 5577
20.61838412284851, 5576
20.62849450111389, 5575
20.63654112815857, 5574
20.638580560684204, 5573
20.638580560684204, 5572
20.64868998527527, 5571
20.678885221481323, 5570
20.678885221481323, 5569
20.69702935218811, 5568
20.69702935218811, 5567
20.69702935218811, 5566
20.69702935218811, 5565
20.699074029922485, 5564
20.7273051738739, 5563
20.729350805282593, 5562
20.73739528656006, 5561
20.73739528656006, 5560
20.739436149597168, 5559
20.739436149597168, 5558
20.739436149597168, 5557
20.76767373085022, 5556
20.769715785980225, 5555
20.789886951446533, 5554
20.789886951446533, 5553
20.810039281845093, 5552
20.810039281845093, 5551
20.828187465667725, 5550
20.83023500442505, 5549
20.83023500442505, 5548
20.83023500442505, 5547
20.850419521331787, 5546
20.850419521331787, 5545
20.850419521331787, 5544
20.850419521331787, 5543
20.890750646591187, 5542
20.890750646591187, 5541
20.890750646591187, 5540
21.019822597503662, 5539
21.019822597503662, 5538
21.090406894683838, 5537
21.09244966506958, 5536
21.09244966506958, 5535
21.09244966506958, 5534
21.13329792022705, 5533
21.13329792022705, 5532
21.153477430343628, 5531
21.163562059402466, 5530
21.17365527153015, 5529
21.17365527153015, 5528
21.181697130203247, 5527
21.181697130203247, 5526
21.183736562728882, 5525
21.21404218673706, 5524
21.317880153656006, 5523
21.317880153656006, 5522
21.317880153656006, 5521
21.335079431533813, 5520
21.36330509185791, 5519
21.36330509185791, 5518
21.36330509185791, 5517
21.375489711761475, 5516
21.403672695159912, 5515
21.403672695159912, 5514
21.405712842941284, 5513
21.415825128555298, 5512
21.44605278968811, 5511
21.516584157943726, 5510
21.5246262550354, 5509
21.52666926383972, 5508
21.52666926383972, 5507
21.536762952804565, 5506
21.536762952804565, 5505
21.544800519943237, 5504
21.544800519943237, 5503
21.546839714050293, 5502
21.57711672782898, 5501
21.57711672782898, 5500
21.57711672782898, 5499
21.58719825744629, 5498
21.58719825744629, 5497
21.58719825744629, 5496
21.597303867340088, 5495
21.597303867340088, 5494
21.605348587036133, 5493
21.60739016532898, 5492
21.625542640686035, 5491
21.647727966308594, 5490
21.657801389694214, 5489
21.665846347808838, 5488
21.667885780334473, 5487
21.667885780334473, 5486
21.667885780334473, 5485
21.708228588104248, 5484
21.71629047393799, 5483
21.718339920043945, 5482
21.718339920043945, 5481
21.738887310028076, 5480
21.738887310028076, 5479
21.79941415786743, 5478
21.807462692260742, 5477
21.807462692260742, 5476
21.809505462646484, 5475
21.809505462646484, 5474
21.81960415840149, 5473
21.82968235015869, 5472
21.87002468109131, 5471
21.87002468109131, 5470
21.87002468109131, 5469
21.880115270614624, 5468
21.89019775390625, 5467
21.908334970474243, 5466
21.908334970474243, 5465
21.938777446746826, 5464
21.95895481109619, 5463
21.95895481109619, 5462
22.00134563446045, 5461
22.00134563446045, 5460
22.021509885787964, 5459
22.021509885787964, 5458
22.021509885787964, 5457
22.021509885787964, 5456
22.082027435302734, 5455
22.082027435302734, 5454
22.132506370544434, 5453
22.140525341033936, 5452
22.150730848312378, 5451
22.172938585281372, 5450
22.18096613883972, 5449
22.193098306655884, 5448
22.193098306655884, 5447
22.20227026939392, 5446
22.243700742721558, 5445
22.243700742721558, 5444
22.253790140151978, 5443
22.26386594772339, 5442
22.26386594772339, 5441
22.294090032577515, 5440
22.294090032577515, 5439
22.31220054626465, 5438
22.33218216896057, 5437
22.33218216896057, 5436
22.33218216896057, 5435
22.34218454360962, 5434
22.344635725021362, 5433
22.354658603668213, 5432
22.364737510681152, 5431
22.364737510681152, 5430
22.364737510681152, 5429
22.364737510681152, 5428
22.374829053878784, 5427
22.403154134750366, 5426
22.405195236206055, 5425
22.41528034210205, 5424
22.435476541519165, 5423
22.463670253753662, 5422
22.475808143615723, 5421
22.475808143615723, 5420
22.475808143615723, 5419
22.52411961555481, 5418
22.53413677215576, 5417
22.53413677215576, 5416
22.576459407806396, 5415
22.576459407806396, 5414
22.576459407806396, 5413
22.586592435836792, 5412
22.586592435836792, 5411
22.59667181968689, 5410
22.59667181968689, 5409
22.59667181968689, 5408
22.626938581466675, 5407
22.626938581466675, 5406
22.667248010635376, 5405
22.667248010635376, 5404
22.675259828567505, 5403
22.67730140686035, 5402
22.687394380569458, 5401
22.69747495651245, 5400
22.69747495651245, 5399
22.69747495651245, 5398
22.715630054473877, 5397
22.717669248580933, 5396
22.717669248580933, 5395
22.717669248580933, 5394
22.735829830169678, 5393
22.75804376602173, 5392
22.75804376602173, 5391
22.766114950180054, 5390
22.778266668319702, 5389
22.788334846496582, 5388
22.798431634902954, 5387
22.818644285202026, 5386
22.818644285202026, 5385
22.869085550308228, 5384
22.87712860107422, 5383
22.889259099960327, 5382
22.889259099960327, 5381
22.917446851730347, 5380
22.93967580795288, 5379
22.93967580795288, 5378
22.93967580795288, 5377
22.93967580795288, 5376
22.972368001937866, 5375
22.98038601875305, 5374
22.982431650161743, 5373
22.99044704437256, 5372
22.99044704437256, 5371
23.012655019760132, 5370
23.022746324539185, 5369
23.032814741134644, 5368
23.04291296005249, 5367
23.04291296005249, 5366
23.04291296005249, 5365
23.05299711227417, 5364
23.061036586761475, 5363
23.061036586761475, 5362
23.081220865249634, 5361
23.081220865249634, 5360
23.081220865249634, 5359
23.093525409698486, 5358
23.113659143447876, 5357
23.113659143447876, 5356
23.143940448760986, 5355
23.164109230041504, 5354
23.172160625457764, 5353
23.222533702850342, 5352
23.385621547698975, 5351
23.403666257858276, 5350
23.486313581466675, 5349
23.504459142684937, 5348
23.504459142684937, 5347
23.506502628326416, 5346
23.506502628326416, 5345
23.514527797698975, 5344
23.514527797698975, 5343
23.6279616355896, 5342
23.638036966323853, 5341
23.658205270767212, 5340
23.66829252243042, 5339
23.66829252243042, 5338
23.686444997787476, 5337
23.698573112487793, 5336
23.698573112487793, 5335
23.716713190078735, 5334
23.839752674102783, 5333
23.84780240058899, 5332
23.84984827041626, 5331
23.859946727752686, 5330
23.859946727752686, 5329
23.88806986808777, 5328
23.91376495361328, 5327
23.929354906082153, 5326
23.960597276687622, 5325
24.045213222503662, 5324
24.045213222503662, 5323
24.060869216918945, 5322
24.060869216918945, 5321
24.0764582157135, 5320
24.13096022605896, 5319
24.141041040420532, 5318
24.24364447593689, 5317
24.24464201927185, 5316
24.282691717147827, 5315
24.29271936416626, 5314
24.29271936416626, 5313
24.332985401153564, 5312
24.332985401153564, 5311
24.332985401153564, 5310
24.332985401153564, 5309
24.353159427642822, 5308
24.371283531188965, 5307
24.371283531188965, 5306
24.494301080703735, 5305
24.54254984855652, 5304
24.68569278717041, 5303
24.726070404052734, 5302
24.9081814289093, 5301
24.910228729248047, 5300
24.920288801193237, 5299
24.920288801193237, 5298
24.958558082580566, 5297
24.990888118743896, 5296
25.0110821723938, 5295
25.062041997909546, 5294
25.140788555145264, 5293
25.1428279876709, 5292
25.16098403930664, 5291
25.173059225082397, 5290
25.18315601348877, 5289
25.18315601348877, 5288
25.24185562133789, 5287
25.253958225250244, 5286
25.4160315990448, 5285
25.446232795715332, 5284
25.456302881240845, 5283
25.456302881240845, 5282
25.476484537124634, 5281
25.496689319610596, 5280
25.496689319610596, 5279
25.50677227973938, 5278
25.50677227973938, 5277
25.52481961250305, 5276
25.618584156036377, 5275
25.618584156036377, 5274
25.618584156036377, 5273
25.640779495239258, 5272
25.640779495239258, 5271
25.703269004821777, 5270
25.703269004821777, 5269
25.725423097610474, 5268
25.725423097610474, 5267
25.756701469421387, 5266
25.756701469421387, 5265
25.80356764793396, 5264
25.81918430328369, 5263
25.845881700515747, 5262
25.878202438354492, 5261
25.88624906539917, 5260
26.034924507141113, 5259
26.034924507141113, 5258
26.034924507141113, 5257
26.034924507141113, 5256
26.05051302909851, 5255
26.05051302909851, 5254
26.088298559188843, 5253
26.088298559188843, 5252
26.188568830490112, 5251
26.188568830490112, 5250
26.188568830490112, 5249
26.208390712738037, 5248
26.208390712738037, 5247
26.35760498046875, 5246
26.35760498046875, 5245
26.35760498046875, 5244
26.881998538970947, 5243
26.892059803009033, 5242
26.894103288650513, 5241
26.91221857070923, 5240
26.91221857070923, 5239
26.92433738708496, 5238
26.92433738708496, 5237
26.92433738708496, 5236
26.93238377571106, 5235
27.035326719284058, 5234
27.103935480117798, 5233
27.16652536392212, 5232
27.21737003326416, 5231
27.33832311630249, 5230
27.33832311630249, 5229
27.36861562728882, 5228
27.36861562728882, 5227
27.386699199676514, 5226
27.439019203186035, 5225
27.459245443344116, 5224
27.459245443344116, 5223
27.459245443344116, 5222
27.459245443344116, 5221
27.459245443344116, 5220
27.469411373138428, 5219
27.469411373138428, 5218
27.489556550979614, 5217
27.489556550979614, 5216
27.509725332260132, 5215
27.509725332260132, 5214
27.509725332260132, 5213
27.51979160308838, 5212
27.51979160308838, 5211
27.51979160308838, 5210
27.58046793937683, 5209
27.630924701690674, 5208
27.630924701690674, 5207
27.651071071624756, 5206
27.679208517074585, 5205
27.694867372512817, 5204
27.694867372512817, 5203
27.75735306739807, 5202
27.75735306739807, 5201
27.78963041305542, 5200
27.791680097579956, 5199
27.791680097579956, 5198
27.82192325592041, 5197
27.842505931854248, 5196
27.842505931854248, 5195
27.842505931854248, 5194
27.892961025238037, 5193
27.90100932121277, 5192
28.003913402557373, 5191
28.022024631500244, 5190
28.10476541519165, 5189
28.114836931228638, 5188
28.114836931228638, 5187
28.23571228981018, 5186
28.23571228981018, 5185
28.23571228981018, 5184
28.23571228981018, 5183
28.2538104057312, 5182
28.263893842697144, 5181
28.29618740081787, 5180
28.306272983551025, 5179
28.306272983551025, 5178
28.336435317993164, 5177
28.35659909248352, 5176
28.376770496368408, 5175
28.384812355041504, 5174
28.39692783355713, 5173
28.404972553253174, 5172
28.437645435333252, 5171
28.447729349136353, 5170
28.47802209854126, 5169
28.48810338973999, 5168
28.48810338973999, 5167
28.48810338973999, 5166
28.508283376693726, 5165
28.51634979248047, 5164
28.518391132354736, 5163
28.518391132354736, 5162
28.54869294166565, 5161
28.54869294166565, 5160
28.54869294166565, 5159
28.5567409992218, 5158
28.5567409992218, 5157
28.558782815933228, 5156
28.558782815933228, 5155
28.56886625289917, 5154
28.587000370025635, 5153
28.609251022338867, 5152
28.619354248046875, 5151
28.639533281326294, 5150
28.639533281326294, 5149
28.639533281326294, 5148
28.64961862564087, 5147
28.64961862564087, 5146
28.65970730781555, 5145
28.667749404907227, 5144
28.66979146003723, 5143
28.66979146003723, 5142
28.74038553237915, 5141
28.74038553237915, 5140
28.74038553237915, 5139
28.760531187057495, 5138
28.962290287017822, 5137
29.002619743347168, 5136
29.043362855911255, 5135
29.051403522491455, 5134
29.07155704498291, 5133
29.073597192764282, 5132
29.073597192764282, 5131
29.08165669441223, 5130
29.083699464797974, 5129
29.305437088012695, 5128
29.33563804626465, 5127
29.365917682647705, 5126
29.365917682647705, 5125
29.37599754333496, 5124
29.476796865463257, 5123
29.5070481300354, 5122
29.53525161743164, 5121
29.53525161743164, 5120
29.53525161743164, 5119
29.54738163948059, 5118
29.615922212600708, 5117
29.615922212600708, 5116
29.617969751358032, 5115
29.62804889678955, 5114
29.63813328742981, 5113
29.64868998527527, 5112
29.658770084381104, 5111
29.658770084381104, 5110
29.658770084381104, 5109
29.71930956840515, 5108
29.729381561279297, 5107
29.729381561279297, 5106
29.729381561279297, 5105
29.729381561279297, 5104
29.729381561279297, 5103
29.74745273590088, 5102
29.757521152496338, 5101
29.7696316242218, 5100
29.779691457748413, 5099
29.80993962287903, 5098
29.840200662612915, 5097
29.868462800979614, 5096
29.91081190109253, 5095
29.961268424987793, 5094
30.0218243598938, 5093
30.082464933395386, 5092
30.30502986907959, 5091
30.32510733604431, 5090
30.3331618309021, 5089
30.335203647613525, 5088
30.345287084579468, 5087
30.446184635162354, 5086
30.51477313041687, 5085
30.51681351661682, 5084
30.51681351661682, 5083
30.708520650863647, 5082
30.708520650863647, 5081
30.708520650863647, 5080
30.708520650863647, 5079
30.71660304069519, 5078
30.73882269859314, 5077
30.73882269859314, 5076
30.76909828186035, 5075
30.77712392807007, 5074
30.789223432540894, 5073
30.789223432540894, 5072
30.809414625167847, 5071
30.84968614578247, 5070
30.84968614578247, 5069
30.84968614578247, 5068
31.162936210632324, 5067
31.253681182861328, 5066
31.294033765792847, 5065
31.42310643196106, 5064
31.4634850025177, 5063
31.4634850025177, 5062
31.47599220275879, 5061
31.546637058258057, 5060
31.546637058258057, 5059
31.546637058258057, 5058
31.546637058258057, 5057
31.546637058258057, 5056
31.586957216262817, 5055
31.595035791397095, 5054
31.60715889930725, 5053
31.65760588645935, 5052
31.675796031951904, 5051
31.677841186523438, 5050
31.68792152404785, 5049
31.68792152404785, 5048
31.695977210998535, 5047
31.73631477355957, 5046
31.73835515975952, 5045
31.746400117874146, 5044
31.748439073562622, 5043
31.748439073562622, 5042
31.78679132461548, 5041
31.79893660545349, 5040
31.79893660545349, 5039
31.79893660545349, 5038
31.849340677261353, 5037
31.849340677261353, 5036
31.869530200958252, 5035
31.88765001296997, 5034
31.88965368270874, 5033
31.89979362487793, 5032
31.89979362487793, 5031
31.89979362487793, 5030
31.909882068634033, 5029
31.919957160949707, 5028
31.919957160949707, 5027
31.96834707260132, 5026
31.970390558242798, 5025
31.970390558242798, 5024
31.970390558242798, 5023
31.970390558242798, 5022
31.970390558242798, 5021
32.04090666770935, 5020
32.04090666770935, 5019
32.05099272727966, 5018
32.05099272727966, 5017
32.071162939071655, 5016
32.091898918151855, 5015
32.091898918151855, 5014
32.091898918151855, 5013
32.12217736244202, 5012
32.12217736244202, 5011
32.12217736244202, 5010
32.12217736244202, 5009
32.22322654724121, 5008
32.243385791778564, 5007
32.243385791778564, 5006
32.243385791778564, 5005
32.2938175201416, 5004
32.31397747993469, 5003
32.31397747993469, 5002
32.31397747993469, 5001
32.31397747993469, 5000
32.31397747993469, 4999
32.31397747993469, 4998
32.327380657196045, 4997
32.34248399734497, 4996
32.415173053741455, 4995
32.415173053741455, 4994
32.55634307861328, 4993
32.55634307861328, 4992
32.55634307861328, 4991
32.55634307861328, 4990
32.56644606590271, 4989
33.18224048614502, 4988
33.19232797622681, 4987
33.22056293487549, 4986
33.26298236846924, 4985
33.384488105773926, 4984
33.61654710769653, 4983
33.61654710769653, 4982
33.61654710769653, 4981
33.61654710769653, 4980
33.61654710769653, 4979
33.61654710769653, 4978
33.61654710769653, 4977
33.61654710769653, 4976
33.626641511917114, 4975
33.66496467590332, 4974
33.848336696624756, 4973
33.979520082473755, 4972
34.06028079986572, 4971
34.07036471366882, 4970
34.100672483444214, 4969
34.100672483444214, 4968
34.11075949668884, 4967
34.12086200714111, 4966
34.12086200714111, 4965
34.13094997406006, 4964
34.15113282203674, 4963
34.18141031265259, 4962
34.23207950592041, 4961
34.24217367172241, 4960
34.351489543914795, 4959
34.351489543914795, 4958
34.35353326797485, 4957
34.45238637924194, 4956
34.47255277633667, 4955
34.47255277633667, 4954
34.47459435462952, 4953
34.47459435462952, 4952
34.47459435462952, 4951
34.6040997505188, 4950
34.6040997505188, 4949
34.60613989830017, 4948
34.616225719451904, 4947
34.636420488357544, 4946
34.64659595489502, 4945
34.66674065589905, 4944
34.67682504653931, 4943
34.71714639663696, 4942
34.71714639663696, 4941
34.72724628448486, 4940
34.72724628448486, 4939
34.737297773361206, 4938
34.737297773361206, 4937
34.737297773361206, 4936
34.737297773361206, 4935
34.80585837364197, 4934
34.828107833862305, 4933
34.84827995300293, 4932
34.88660192489624, 4931
34.908791303634644, 4930
34.949169874191284, 4929
34.959261417388916, 4928
34.96932506561279, 4927
34.979421854019165, 4926
34.979421854019165, 4925
35.00970911979675, 4924
35.02898120880127, 4923
35.04813742637634, 4922
35.04813742637634, 4921
35.04813742637634, 4920
35.05017614364624, 4919
35.070393800735474, 4918
35.070393800735474, 4917
35.080477476119995, 4916
35.080477476119995, 4915
35.11922812461853, 4914
35.11922812461853, 4913
35.11922812461853, 4912
35.14140605926514, 4911
35.15151286125183, 4910
35.19188976287842, 4909
35.26038718223572, 4908
35.27604603767395, 4907
35.27604603767395, 4906
35.291635513305664, 4905
35.291635513305664, 4904
35.312761306762695, 4903
35.328415632247925, 4902
35.42312026023865, 4901
35.46086597442627, 4900
35.507766008377075, 4899
35.523386001586914, 4898
35.523386001586914, 4897
35.523386001586914, 4896
35.523386001586914, 4895
35.576791286468506, 4894
35.576791286468506, 4893
35.59241724014282, 4892
35.68163871765137, 4891
35.68368577957153, 4890
35.68368577957153, 4889
35.724469900131226, 4888
35.79498767852783, 4887
35.815186500549316, 4886
35.84542989730835, 4885
35.875707387924194, 4884
35.89587593078613, 4883
36.046952962875366, 4882
36.046952962875366, 4881
36.085227489471436, 4880
36.16791224479675, 4879
36.22648477554321, 4878
36.22648477554321, 4877
36.298906087875366, 4876
36.441134214401245, 4875
36.441134214401245, 4874
36.441134214401245, 4873
36.461318492889404, 4872
36.529836654663086, 4871
37.09673523902893, 4870
37.09673523902893, 4869
37.09673523902893, 4868
37.14501881599426, 4867
37.17707920074463, 4866
37.23756217956543, 4865
37.287999629974365, 4864
37.33118796348572, 4863
37.36850166320801, 4862
37.36850166320801, 4861
37.36850166320801, 4860
37.398756980895996, 4859
37.41693377494812, 4858
37.43709850311279, 4857
37.43913793563843, 4856
37.43913793563843, 4855
37.43913793563843, 4854
37.43913793563843, 4853
37.45931339263916, 4852
37.46943020820618, 4851
37.48752546310425, 4850
37.51986122131348, 4849
37.538432121276855, 4848
37.60104060173035, 4847
37.60104060173035, 4846
37.60104060173035, 4845
37.60910391807556, 4844
37.64137125015259, 4843
37.64137125015259, 4842
37.69181680679321, 4841
37.722073554992676, 4840
37.75233817100525, 4839
37.75233817100525, 4838
37.77251195907593, 4837
37.883371353149414, 4836
37.883371353149414, 4835
37.883371353149414, 4834
37.98423409461975, 4833
37.99433159828186, 4832
38.17649292945862, 4831
38.1988422870636, 4830
38.62858724594116, 4829
38.83259081840515, 4828
38.842750549316406, 4827
38.842750549316406, 4826
38.872978925704956, 4825
38.97185254096985, 4824
38.973865032196045, 4823
38.98395299911499, 4822
39.07348823547363, 4821
39.14254808425903, 4820
39.14254808425903, 4819
39.23630905151367, 4818
39.34311056137085, 4817
39.345149993896484, 4816
39.46660757064819, 4815
39.47669744491577, 4814
39.49686551094055, 4813
39.50693488121033, 4812
39.6761269569397, 4811
39.69828939437866, 4810
39.82943630218506, 4809
39.83747911453247, 4808
39.849610328674316, 4807
39.85765099525452, 4806
39.85968995094299, 4805
39.88794541358948, 4804
39.88998532295227, 4803
39.88998532295227, 4802
39.92025279998779, 4801
39.94039034843445, 4800
39.94039034843445, 4799
39.97110891342163, 4798
39.989243030548096, 4797
40.05181694030762, 4796
40.06189727783203, 4795
40.1626455783844, 4794
40.19501352310181, 4793
40.21318006515503, 4792
40.281529903411865, 4791
40.34372806549072, 4790
40.52489185333252, 4789
40.53498029708862, 4788
40.6443305015564, 4787
40.69674277305603, 4786
40.70478653907776, 4785
40.70478653907776, 4784
40.73705792427063, 4783
40.76731514930725, 4782
40.85806059837341, 4781
41.10797643661499, 4780
41.138243198394775, 4779
41.140284299850464, 4778
41.1503632068634, 4777
41.209330320358276, 4776
41.209330320358276, 4775
41.209330320358276, 4774
41.24161982536316, 4773
41.24161982536316, 4772
41.24161982536316, 4771
41.33233618736267, 4770
41.33233618736267, 4769
41.33233618736267, 4768
41.33233618736267, 4767
41.33233618736267, 4766
41.34242582321167, 4765
41.34242582321167, 4764
41.34242582321167, 4763
41.36261057853699, 4762
41.37065005302429, 4761
41.402958154678345, 4760
41.5139274597168, 4759
41.532063484191895, 4758
42.00869107246399, 4757
42.00869107246399, 4756
42.079257011413574, 4755
42.079257011413574, 4754
42.08931541442871, 4753
42.0993287563324, 4752
42.12740755081177, 4751
42.13742160797119, 4750
42.14951968193054, 4749
42.17977833747864, 4748
42.18987250328064, 4747
42.24044227600098, 4746
42.29083251953125, 4745
42.341184854507446, 4744
42.35128903388977, 4743
42.35128903388977, 4742
42.35128903388977, 4741
42.35128903388977, 4740
42.39251685142517, 4739
42.40259861946106, 4738
42.42068910598755, 4737
42.432772397994995, 4736
42.44285750389099, 4735
42.46304392814636, 4734
42.46304392814636, 4733
42.725274324417114, 4732
42.87652587890625, 4731
42.89670777320862, 4730
43.24009346961975, 4729
43.25017762184143, 4728
43.25017762184143, 4727
43.328954458236694, 4726
43.371320486068726, 4725
44.15834927558899, 4724
44.15834927558899, 4723
44.16851782798767, 4722
44.35040020942688, 4721
44.35040020942688, 4720
44.36048126220703, 4719
44.37058472633362, 4718
44.42921018600464, 4717
44.43125057220459, 4716
44.48169708251953, 4715
44.562119483947754, 4714
44.58226490020752, 4713
44.612544298172, 4712
44.693047523498535, 4711
44.693047523498535, 4710
44.693047523498535, 4709
44.693047523498535, 4708
44.693047523498535, 4707
44.693047523498535, 4706
44.713144063949585, 4705
44.713144063949585, 4704
44.81439018249512, 4703
44.82243275642395, 4702
44.82243275642395, 4701
44.82243275642395, 4700
44.82243275642395, 4699
44.82243275642395, 4698
44.82447147369385, 4697
44.82447147369385, 4696
44.82447147369385, 4695
44.82447147369385, 4694
44.82447147369385, 4693
44.84464764595032, 4692
44.85473608970642, 4691
44.85473608970642, 4690
44.87490463256836, 4689
44.88498520851135, 4688
44.88498520851135, 4687
44.88498520851135, 4686
44.88498520851135, 4685
44.88498520851135, 4684
44.92523646354675, 4683
44.98344707489014, 4682
44.98556733131409, 4681
45.00362801551819, 4680
45.03070306777954, 4679
45.04635405540466, 4678
45.135979652404785, 4677
45.19449734687805, 4676
45.1965446472168, 4675
45.40819478034973, 4674
45.40819478034973, 4673
45.42882943153381, 4672
45.46708607673645, 4671
45.509262561798096, 4670
45.902647972106934, 4669
45.902647972106934, 4668
46.044121503829956, 4667
46.064293384552, 4666
46.15497899055481, 4665
46.16302704811096, 4664
46.16302704811096, 4663
46.16302704811096, 4662
46.165071964263916, 4661
46.17311382293701, 4660
46.17311382293701, 4659
46.17514967918396, 4658
46.17514967918396, 4657
46.18524098396301, 4656
46.18524098396301, 4655
46.18524098396301, 4654
46.18524098396301, 4653
46.18524098396301, 4652
46.18524098396301, 4651
46.18524098396301, 4650
46.19328761100769, 4649
46.19532918930054, 4648
46.19532918930054, 4647
46.233816385269165, 4646
46.356818437576294, 4645
46.356818437576294, 4644
46.36688709259033, 4643
46.36688709259033, 4642
46.36688709259033, 4641
46.37697744369507, 4640
46.37697744369507, 4639
46.37697744369507, 4638
46.387042760849, 4637
46.92098593711853, 4636
47.03994107246399, 4635
47.156625270843506, 4634
47.156625270843506, 4633
47.23472857475281, 4632
47.57289743423462, 4631
47.74474096298218, 4630
47.75483798980713, 4629
47.78508400917053, 4628
47.835346937179565, 4627
47.9142050743103, 4626
47.91624355316162, 4625
47.936415672302246, 4624
48.006959438323975, 4623
48.03718566894531, 4622
48.08757424354553, 4621
48.1884708404541, 4620
48.32046937942505, 4619
48.32146596908569, 4618
48.35773539543152, 4617
48.41006374359131, 4616
48.701175928115845, 4615
48.701175928115845, 4614
48.70322108268738, 4613
48.70322108268738, 4612
48.70322108268738, 4611
48.70322108268738, 4610
48.74358797073364, 4609
48.74358797073364, 4608
48.74358797073364, 4607
48.74358797073364, 4606
48.74358797073364, 4605
48.74358797073364, 4604
48.74358797073364, 4603
48.95526671409607, 4602
49.187427282333374, 4601
49.318586111068726, 4600
49.34693360328674, 4599
49.71221566200256, 4598
50.00460362434387, 4597
