0.24953460693359375, 10747
0.306382417678833, 10746
0.3472716808319092, 10745
0.3891599178314209, 10744
0.47293806076049805, 10743
0.5397579669952393, 10742
0.6185464859008789, 10741
0.6883611679077148, 10740
0.7511918544769287, 10739
0.8010907173156738, 10738
0.873863697052002, 10737
0.9486651420593262, 10736
1.003516435623169, 10735
1.050391435623169, 10734
1.051389217376709, 10733
1.0523862838745117, 10732
1.0533835887908936, 10731
1.0543811321258545, 10730
1.05538010597229, 10729
1.0573740005493164, 10728
1.0593698024749756, 10727
1.0613632202148438, 10726
1.0623598098754883, 10725
1.064356803894043, 10724
1.0663506984710693, 10723
1.0673458576202393, 10722
1.0693423748016357, 10721
1.0703396797180176, 10720
1.0723345279693604, 10719
1.0733342170715332, 10718
1.075326681137085, 10717
1.0783166885375977, 10716
1.0793147087097168, 10715
1.0803117752075195, 10714
1.0813097953796387, 10713
1.0823075771331787, 10712
1.083303689956665, 10711
1.084303617477417, 10710
1.0862975120544434, 10709
1.0872948169708252, 10708
1.0882923603057861, 10707
1.0892894268035889, 10706
1.090287208557129, 10705
1.0922813415527344, 10704
1.094308614730835, 10703
1.095306634902954, 10702
1.096301555633545, 10701
1.0972671508789062, 10700
1.0992934703826904, 10699
1.100278615951538, 10698
1.104280710220337, 10697
1.1072719097137451, 10696
1.108269453048706, 10695
1.1092658042907715, 10694
1.1122286319732666, 10693
1.1152524948120117, 10692
1.11824369430542, 10691
1.1202061176300049, 10690
1.1222002506256104, 10689
1.1251928806304932, 10688
1.1281847953796387, 10687
1.131176471710205, 10686
1.134169340133667, 10685
1.1361632347106934, 10684
1.1381568908691406, 10683
1.139155626296997, 10682
1.1401548385620117, 10681
1.1468276977539062, 10680
1.1518173217773438, 10679
1.1538112163543701, 10678
1.1548082828521729, 10677
1.1568012237548828, 10676
1.1627864837646484, 10675
1.1647803783416748, 10674
1.1667821407318115, 10673
1.1677742004394531, 10672
1.1687719821929932, 10671
1.1697685718536377, 10670
1.1727588176727295, 10669
1.1757521629333496, 10668
1.1807386875152588, 10667
1.18373441696167, 10666
1.1867225170135498, 10665
1.1887156963348389, 10664
1.1907093524932861, 10663
1.195697546005249, 10662
1.1997196674346924, 10661
1.2026779651641846, 10660
1.2066676616668701, 10659
1.2166433334350586, 10658
1.2276217937469482, 10657
1.2375845909118652, 10656
1.2385826110839844, 10655
1.2395801544189453, 10654
1.2425711154937744, 10653
1.2485580444335938, 10652
1.2505505084991455, 10651
1.2515487670898438, 10650
1.2525451183319092, 10649
1.253542423248291, 10648
1.2545392513275146, 10647
1.2565357685089111, 10646
1.2575323581695557, 10645
1.258528709411621, 10644
1.2694997787475586, 10643
1.2735249996185303, 10642
1.2805187702178955, 10641
1.2834982872009277, 10640
1.2894833087921143, 10639
1.3014500141143799, 10638
1.3044419288635254, 10637
1.3054399490356445, 10636
1.3064367771148682, 10635
1.30743408203125, 10634
1.3084325790405273, 10633
1.311434268951416, 10632
1.3164105415344238, 10631
1.3174092769622803, 10630
1.3194031715393066, 10629
1.3213975429534912, 10628
1.322394847869873, 10627
1.325387716293335, 10626
1.3313708305358887, 10625
1.3343639373779297, 10624
1.3363571166992188, 10623
1.3383536338806152, 10622
1.3403468132019043, 10621
1.3473291397094727, 10620
1.354308843612671, 10619
1.35829758644104, 10618
1.359295129776001, 10617
1.3642828464508057, 10616
1.367274522781372, 10615
1.3682715892791748, 10614
1.3692708015441895, 10613
1.3702669143676758, 10612
1.3712635040283203, 10611
1.3722612857818604, 10610
1.373258113861084, 10609
1.374258041381836, 10608
1.3802549839019775, 10607
1.3822352886199951, 10606
1.3842296600341797, 10605
1.3852264881134033, 10604
1.3862237930297852, 10603
1.3872203826904297, 10602
1.3892149925231934, 10601
1.391209602355957, 10600
1.391209602355957, 10599
1.392207145690918, 10598
1.3971953392028809, 10597
1.3991894721984863, 10596
1.400186538696289, 10595
1.401183843612671, 10594
1.4021813869476318, 10593
1.4041755199432373, 10592
1.40517258644104, 10591
1.4061717987060547, 10590
1.4071683883666992, 10589
1.4081647396087646, 10588
1.4091615676879883, 10587
1.414149284362793, 10586
1.415146827697754, 10585
1.4171404838562012, 10584
1.4191348552703857, 10583
1.4211297035217285, 10582
1.4241232872009277, 10581
1.4311044216156006, 10580
1.437087059020996, 10579
1.4470648765563965, 10578
1.459028720855713, 10577
1.4739890098571777, 10576
1.4749863147735596, 10575
1.478001594543457, 10574
1.480970859527588, 10573
1.4819674491882324, 10572
1.4829659461975098, 10571
1.484959363937378, 10570
1.4859569072723389, 10569
1.4869539737701416, 10568
1.4879510402679443, 10567
1.4889483451843262, 10566
1.489945888519287, 10565
1.4909429550170898, 10564
1.491941213607788, 10563
1.49293851852417, 10562
1.4969286918640137, 10561
1.4989218711853027, 10560
1.5009164810180664, 10559
1.5019137859344482, 10558
1.5029113292694092, 10557
1.5049068927764893, 10556
1.5059030055999756, 10555
1.5069003105163574, 10554
1.5078980922698975, 10553
1.5088961124420166, 10552
1.5118896961212158, 10551
1.5138828754425049, 10550
1.5148792266845703, 10549
1.515876293182373, 10548
1.5168735980987549, 10547
1.5178711414337158, 10546
1.518869400024414, 10545
1.5198657512664795, 10544
1.5208630561828613, 10543
1.5218603610992432, 10542
1.523855209350586, 10541
1.5258500576019287, 10540
1.5308372974395752, 10539
1.5348269939422607, 10538
1.535823106765747, 10537
1.5368237495422363, 10536
1.5378177165985107, 10535
1.5388164520263672, 10534
1.53981351852417, 10533
1.53981351852417, 10532
1.5408096313476562, 10531
1.5418078899383545, 10530
1.543802261352539, 10529
1.5447990894317627, 10528
1.5457966327667236, 10527
1.5457966327667236, 10526
1.5467936992645264, 10525
1.5477910041809082, 10524
1.5487878322601318, 10523
1.549785852432251, 10522
1.5517802238464355, 10521
1.5537753105163574, 10520
1.554771900177002, 10519
1.5557701587677002, 10518
1.5567679405212402, 10517
1.5577645301818848, 10516
1.5577645301818848, 10515
1.5587623119354248, 10514
1.5607576370239258, 10513
1.561753749847412, 10512
1.5627515316009521, 10511
1.5637481212615967, 10510
1.5667409896850586, 10509
1.5697333812713623, 10508
1.5745596885681152, 10507
1.580542802810669, 10506
1.5815403461456299, 10505
1.5825376510620117, 10504
1.5835349559783936, 10503
1.5855309963226318, 10502
1.5865278244018555, 10501
1.5875248908996582, 10500
1.5885217189788818, 10499
1.5895190238952637, 10498
1.5905160903930664, 10497
1.591515064239502, 10496
1.591515064239502, 10495
1.5935099124908447, 10494
1.5945079326629639, 10493
1.5965008735656738, 10492
1.5984957218170166, 10491
1.5994930267333984, 10490
1.602485179901123, 10489
1.6044793128967285, 10488
1.6054766178131104, 10487
1.606473684310913, 10486
1.607470989227295, 10485
1.6094660758972168, 10484
1.6104655265808105, 10483
1.6114606857299805, 10482
1.6124911308288574, 10481
1.6134567260742188, 10480
1.614466667175293, 10479
1.614466667175293, 10478
1.6154828071594238, 10477
1.6174769401550293, 10476
1.6184747219085693, 10475
1.6194689273834229, 10474
1.620436429977417, 10473
1.620436429977417, 10472
1.6224653720855713, 10471
1.6244282722473145, 10470
1.6274480819702148, 10469
1.6304442882537842, 10468
1.6314399242401123, 10467
1.6343998908996582, 10466
1.6354262828826904, 10465
1.6364281177520752, 10464
1.6364281177520752, 10463
1.6374235153198242, 10462
1.6384227275848389, 10461
1.6394190788269043, 10460
1.640418291091919, 10459
1.6413812637329102, 10458
1.6424107551574707, 10457
1.643376350402832, 10456
1.6443760395050049, 10455
1.645371437072754, 10454
1.646367073059082, 10453
1.6483640670776367, 10452
1.650357961654663, 10451
1.6523523330688477, 10450
1.653348684310913, 10449
1.6553447246551514, 10448
1.657339334487915, 10447
1.6583366394042969, 10446
1.6603319644927979, 10445
1.6613287925720215, 10444
1.6633236408233643, 10443
1.6643197536468506, 10442
1.6653165817260742, 10441
1.666313648223877, 10440
1.6673109531402588, 10439
1.6683080196380615, 10438
1.6693058013916016, 10437
1.6703028678894043, 10436
1.6713001728057861, 10435
1.672297716140747, 10434
1.6738395690917969, 10433
1.6757957935333252, 10432
1.6787896156311035, 10431
1.6817817687988281, 10430
1.68776535987854, 10429
1.6937503814697266, 10428
1.703723669052124, 10427
1.7136964797973633, 10426
1.7147290706634521, 10425
1.7147290706634521, 10424
1.7516260147094727, 10423
1.7526233196258545, 10422
1.7526233196258545, 10421
1.7535901069641113, 10420
1.7535901069641113, 10419
1.7546195983886719, 10418
1.7546195983886719, 10417
1.7556171417236328, 10416
1.7556171417236328, 10415
1.7565810680389404, 10414
1.7565810680389404, 10413
1.757613182067871, 10412
1.757613182067871, 10411
1.7586052417755127, 10410
1.7586052417755127, 10409
1.7606027126312256, 10408
1.7606027126312256, 10407
1.7616024017333984, 10406
1.7616024017333984, 10405
1.7625963687896729, 10404
1.7625963687896729, 10403
1.763561725616455, 10402
1.7645611763000488, 10401
1.7665550708770752, 10400
1.7675526142120361, 10399
1.7675526142120361, 10398
1.7685496807098389, 10397
1.7695469856262207, 10396
1.7705442905426025, 10395
1.7715415954589844, 10394
1.7725393772125244, 10393
1.773536205291748, 10392
1.774533987045288, 10391
1.776526927947998, 10390
1.7775251865386963, 10389
1.7775251865386963, 10388
1.7785215377807617, 10387
1.7785215377807617, 10386
1.7795186042785645, 10385
1.7805161476135254, 10384
1.7805161476135254, 10383
1.7815134525299072, 10382
1.7815134525299072, 10381
1.78251051902771, 10380
1.78251051902771, 10379
1.78350830078125, 10378
1.78350830078125, 10377
1.7855043411254883, 10376
1.7865016460418701, 10375
1.787498950958252, 10374
1.7884962558746338, 10373
1.7884962558746338, 10372
1.7895255088806152, 10371
1.7895255088806152, 10370
1.7905194759368896, 10369
1.7905194759368896, 10368
1.7915189266204834, 10367
1.7915189266204834, 10366
1.7925162315368652, 10365
1.7925162315368652, 10364
1.7934820652008057, 10363
1.7944791316986084, 10362
1.7954761981964111, 10361
1.7954761981964111, 10360
1.796473503112793, 10359
1.796473503112793, 10358
1.7974705696105957, 10357
1.7974705696105957, 10356
1.7984681129455566, 10355
1.7984681129455566, 10354
1.7994654178619385, 10353
1.8004624843597412, 10352
1.8004624843597412, 10351
1.801459789276123, 10350
1.801459789276123, 10349
1.802457332611084, 10348
1.803455114364624, 10347
1.803455114364624, 10346
1.8054513931274414, 10345
1.806448221206665, 10344
1.807445764541626, 10343
1.8084430694580078, 10342
1.8094406127929688, 10341
1.810436725616455, 10340
1.810436725616455, 10339
1.8114688396453857, 10338
1.8124628067016602, 10337
1.8124628067016602, 10336
1.813429832458496, 10335
1.813429832458496, 10334
1.814455270767212, 10333
1.814455270767212, 10332
1.815455436706543, 10331
1.815455436706543, 10330
1.815455436706543, 10329
1.8164207935333252, 10328
1.8164207935333252, 10327
1.8174517154693604, 10326
1.8184475898742676, 10325
1.8184475898742676, 10324
1.8194468021392822, 10323
1.8194468021392822, 10322
1.820441484451294, 10321
1.820441484451294, 10320
1.8214399814605713, 10319
1.8214399814605713, 10318
1.8224389553070068, 10317
1.8224389553070068, 10316
1.8234200477600098, 10315
1.8234200477600098, 10314
1.824432373046875, 10313
1.824432373046875, 10312
1.82539701461792, 10311
1.8264267444610596, 10310
1.8273913860321045, 10309
1.8273913860321045, 10308
1.8283882141113281, 10307
1.8283882141113281, 10306
1.8293850421905518, 10305
1.8293850421905518, 10304
1.8303825855255127, 10303
1.8303825855255127, 10302
1.8313798904418945, 10301
1.8313798904418945, 10300
1.8323771953582764, 10299
1.8323771953582764, 10298
1.8335449695587158, 10297
1.8335449695587158, 10296
1.8345484733581543, 10295
1.8355450630187988, 10294
1.8355450630187988, 10293
1.8355450630187988, 10292
1.8365421295166016, 10291
1.8375394344329834, 10290
1.8375394344329834, 10289
1.8385374546051025, 10288
1.8385374546051025, 10287
1.8395342826843262, 10286
1.840531826019287, 10285
1.840531826019287, 10284
1.841529130935669, 10283
1.841529130935669, 10282
1.8425261974334717, 10281
1.8435242176055908, 10280
1.8445541858673096, 10279
1.8455514907836914, 10278
1.8455514907836914, 10277
1.8465509414672852, 10276
1.8465509414672852, 10275
1.847546100616455, 10274
1.8485453128814697, 10273
1.8495402336120605, 10272
1.8495402336120605, 10271
1.8505380153656006, 10270
1.8505380153656006, 10269
1.8515326976776123, 10268
1.852531909942627, 10267
1.852531909942627, 10266
1.8535308837890625, 10265
1.854529619216919, 10264
1.854529619216919, 10263
1.855525255203247, 10262
1.8565237522125244, 10261
1.8565237522125244, 10260
1.8575191497802734, 10259
1.8575191497802734, 10258
1.8585166931152344, 10257
1.8585166931152344, 10256
1.859511137008667, 10255
1.8605122566223145, 10254
1.8615093231201172, 10253
1.8615093231201172, 10252
1.8625080585479736, 10251
1.863476276397705, 10250
1.863476276397705, 10249
1.8645029067993164, 10248
1.8654990196228027, 10247
1.8654990196228027, 10246
1.86649489402771, 10245
1.86649489402771, 10244
1.8674898147583008, 10243
1.8674898147583008, 10242
1.8684897422790527, 10241
1.8694872856140137, 10240
1.8694872856140137, 10239
1.8704867362976074, 10238
1.8704867362976074, 10237
1.8714818954467773, 10236
1.8714818954467773, 10235
1.8724825382232666, 10234
1.8724825382232666, 10233
1.8734772205352783, 10232
1.8734772205352783, 10231
1.8744738101959229, 10230
1.8744738101959229, 10229
1.8754687309265137, 10228
1.8754687309265137, 10227
1.8774662017822266, 10226
1.8774662017822266, 10225
1.8784654140472412, 10224
1.8784654140472412, 10223
1.8804266452789307, 10222
1.8804266452789307, 10221
1.8814237117767334, 10220
1.8824212551116943, 10219
1.8834192752838135, 10218
1.8844480514526367, 10217
1.8844480514526367, 10216
1.8854501247406006, 10215
1.8854501247406006, 10214
1.8864455223083496, 10213
1.887439489364624, 10212
1.887439489364624, 10211
1.888439655303955, 10210
1.888439655303955, 10209
1.8894333839416504, 10208
1.8894333839416504, 10207
1.8904316425323486, 10206
1.8904316425323486, 10205
1.891425609588623, 10204
1.891425609588623, 10203
1.8924260139465332, 10202
1.8933916091918945, 10201
1.8943908214569092, 10200
1.8963842391967773, 10199
1.8963842391967773, 10198
1.89738130569458, 10197
1.89738130569458, 10196
1.898378610610962, 10195
1.9003736972808838, 10194
1.9003736972808838, 10193
1.9013705253601074, 10192
1.9013705253601074, 10191
1.9023678302764893, 10190
1.9033656120300293, 10189
1.9043629169464111, 10188
1.9043629169464111, 10187
1.9053912162780762, 10186
1.9053912162780762, 10185
1.906388759613037, 10184
1.906388759613037, 10183
1.9073832035064697, 10182
1.9073832035064697, 10181
1.9083836078643799, 10180
1.9083836078643799, 10179
1.9093801975250244, 10178
1.9103474617004395, 10177
1.9113452434539795, 10176
1.9113452434539795, 10175
1.912341594696045, 10174
1.9143364429473877, 10173
1.9153332710266113, 10172
1.9163305759429932, 10171
1.917327880859375, 10170
1.917327880859375, 10169
1.9183251857757568, 10168
1.9203200340270996, 10167
1.9213173389434814, 10166
1.9223144054412842, 10165
1.9233124256134033, 10164
1.9243083000183105, 10163
1.9243083000183105, 10162
1.9253051280975342, 10161
1.9253051280975342, 10160
1.9273338317871094, 10159
1.9273338317871094, 10158
1.9283335208892822, 10157
1.9283335208892822, 10156
1.9293270111083984, 10155
1.9293270111083984, 10154
1.9303243160247803, 10153
1.9303243160247803, 10152
1.9313194751739502, 10151
1.9313194751739502, 10150
1.9323186874389648, 10149
1.9323186874389648, 10148
1.933316707611084, 10147
1.933316707611084, 10146
1.934316635131836, 10145
1.934316635131836, 10144
1.9353108406066895, 10143
1.9363102912902832, 10142
1.9363102912902832, 10141
1.9372749328613281, 10140
1.9372749328613281, 10139
1.938302993774414, 10138
1.938302993774414, 10137
1.9392976760864258, 10136
1.9392976760864258, 10135
1.9402971267700195, 10134
1.9402971267700195, 10133
1.9402971267700195, 10132
1.9412946701049805, 10131
1.9412946701049805, 10130
1.9422948360443115, 10129
1.9432578086853027, 10128
1.94425630569458, 10127
1.94425630569458, 10126
1.9452848434448242, 10125
1.9452848434448242, 10124
1.9462814331054688, 10123
1.9462814331054688, 10122
1.9472815990447998, 10121
1.9482765197753906, 10120
1.9482765197753906, 10119
1.9492733478546143, 10118
1.9492733478546143, 10117
1.9502732753753662, 10116
1.9502732753753662, 10115
1.951268196105957, 10114
1.951268196105957, 10113
1.9522349834442139, 10112
1.9522349834442139, 10111
1.953263521194458, 10110
1.953263521194458, 10109
1.9542615413665771, 10108
1.9542615413665771, 10107
1.9552555084228516, 10106
1.9552555084228516, 10105
1.9562549591064453, 10104
1.9562549591064453, 10103
1.9572522640228271, 10102
1.9572522640228271, 10101
1.958252191543579, 10100
1.958252191543579, 10099
1.95924711227417, 10098
1.9602468013763428, 10097
1.9602468013763428, 10096
1.9612414836883545, 10095
1.9612414836883545, 10094
1.9622392654418945, 10093
1.9622392654418945, 10092
1.9632041454315186, 10091
1.9632041454315186, 10090
1.9642338752746582, 10089
1.9642338752746582, 10088
1.9652304649353027, 10087
1.9652304649353027, 10086
1.966230869293213, 10085
1.966230869293213, 10084
1.9671950340270996, 10083
1.9682250022888184, 10082
1.9682250022888184, 10081
1.9692203998565674, 10080
1.9692203998565674, 10079
1.9702179431915283, 10078
1.9702179431915283, 10077
1.9712178707122803, 10076
1.9712178707122803, 10075
1.9722118377685547, 10074
1.9722118377685547, 10073
1.973210096359253, 10072
1.9742100238800049, 10071
1.9742100238800049, 10070
1.9752049446105957, 10069
1.9752049446105957, 10068
1.9762041568756104, 10067
1.9771995544433594, 10066
1.9771995544433594, 10065
1.9781959056854248, 10064
1.9781959056854248, 10063
1.9791920185089111, 10062
1.9791920185089111, 10061
1.980191707611084, 10060
1.980191707611084, 10059
1.9811911582946777, 10058
1.9821548461914062, 10057
1.9821548461914062, 10056
1.9831509590148926, 10055
1.9831509590148926, 10054
1.9841489791870117, 10053
1.9851782321929932, 10052
1.9851782321929932, 10051
1.986175537109375, 10050
1.986175537109375, 10049
1.9871695041656494, 10048
1.9871695041656494, 10047
1.9881386756896973, 10046
1.9881386756896973, 10045
1.9891674518585205, 10044
1.9891674518585205, 10043
1.9901666641235352, 10042
1.9901666641235352, 10041
1.991161584854126, 10040
1.991161584854126, 10039
1.992161512374878, 10038
1.992161512374878, 10037
1.994157314300537, 10036
1.994157314300537, 10035
1.9951486587524414, 10034
1.9951486587524414, 10033
1.9961485862731934, 10032
1.9961485862731934, 10031
1.997115135192871, 10030
1.997115135192871, 10029
1.9981462955474854, 10028
1.9981462955474854, 10027
1.9991397857666016, 10026
1.9991397857666016, 10025
2.0001416206359863, 10024
2.0001416206359863, 10023
2.0011348724365234, 10022
2.0011348724365234, 10021
2.0021324157714844, 10020
2.003127336502075, 10019
2.003127336502075, 10018
2.005094051361084, 10017
2.005094051361084, 10016
2.0060911178588867, 10015
2.0070884227752686, 10014
2.0080854892730713, 10013
2.0080854892730713, 10012
2.0100786685943604, 10011
2.011075973510742, 10010
2.011075973510742, 10009
2.012073040008545, 10008
2.012073040008545, 10007
2.0130703449249268, 10006
2.0130703449249268, 10005
2.0140676498413086, 10004
2.0140676498413086, 10003
2.0150649547576904, 10002
2.0150649547576904, 10001
2.0160622596740723, 10000
2.0160622596740723, 9999
2.017059564590454, 9998
2.017059564590454, 9997
2.018056869506836, 9996
2.018056869506836, 9995
2.0190842151641846, 9994
2.0190842151641846, 9993
2.0200843811035156, 9992
2.0200843811035156, 9991
2.0210821628570557, 9990
2.0210821628570557, 9989
2.022081136703491, 9988
2.022081136703491, 9987
2.023076057434082, 9986
2.023076057434082, 9985
2.025071144104004, 9984
2.025071144104004, 9983
2.0260682106018066, 9982
2.0260682106018066, 9981
2.027033805847168, 9980
2.0280303955078125, 9979
2.0280303955078125, 9978
2.0290274620056152, 9977
2.0290274620056152, 9976
2.030025005340576, 9975
2.030025005340576, 9974
2.030025005340576, 9973
2.031022310256958, 9972
2.031022310256958, 9971
2.03201961517334, 9970
2.03201961517334, 9969
2.0330166816711426, 9968
2.0330166816711426, 9967
2.0340144634246826, 9966
2.0350141525268555, 9965
2.0350141525268555, 9964
2.0360124111175537, 9963
2.0360124111175537, 9962
2.037008285522461, 9961
2.037008285522461, 9960
2.037008285522461, 9959
2.0380053520202637, 9958
2.0380053520202637, 9957
2.0390028953552246, 9956
2.04099702835083, 9955
2.041994333267212, 9954
2.042991876602173, 9953
2.0439891815185547, 9952
2.044985294342041, 9951
2.044985294342041, 9950
2.0459821224212646, 9949
2.0459821224212646, 9948
2.0469794273376465, 9947
2.0469794273376465, 9946
2.0479769706726074, 9945
2.0479769706726074, 9944
2.04897403717041, 9943
2.04897403717041, 9942
2.049971580505371, 9941
2.0509700775146484, 9940
2.051966905593872, 9939
2.051966905593872, 9938
2.052964210510254, 9937
2.0539615154266357, 9936
2.0549588203430176, 9935
2.0559561252593994, 9934
2.0559561252593994, 9933
2.056955337524414, 9932
2.056955337524414, 9931
2.057952404022217, 9930
2.057952404022217, 9929
2.0589497089385986, 9928
2.0599451065063477, 9927
2.0599451065063477, 9926
2.060943603515625, 9925
2.0619399547576904, 9924
2.0629379749298096, 9923
2.063934803009033, 9922
2.0649325847625732, 9921
2.0649325847625732, 9920
2.0659303665161133, 9919
2.0669569969177246, 9918
2.0669569969177246, 9917
2.0679562091827393, 9916
2.0679562091827393, 9915
2.0689218044281006, 9914
2.0689218044281006, 9913
2.0699193477630615, 9912
2.070915937423706, 9911
2.070915937423706, 9910
2.071913719177246, 9909
2.0729122161865234, 9908
2.0729122161865234, 9907
2.0739076137542725, 9906
2.074939727783203, 9905
2.074939727783203, 9904
2.0759353637695312, 9903
2.0769033432006836, 9902
2.0769033432006836, 9901
2.077932119369507, 9900
2.077932119369507, 9899
2.0789265632629395, 9898
2.0789265632629395, 9897
2.0799272060394287, 9896
2.0799272060394287, 9895
2.080921173095703, 9894
2.080921173095703, 9893
2.080921173095703, 9892
2.081918954849243, 9891
2.081918954849243, 9890
2.082913637161255, 9889
2.083881378173828, 9888
2.084911823272705, 9887
2.084911823272705, 9886
2.0859110355377197, 9885
2.0859110355377197, 9884
2.0869052410125732, 9883
2.0869052410125732, 9882
2.0879056453704834, 9881
2.0879056453704834, 9880
2.0879056453704834, 9879
2.088900327682495, 9878
2.089897394180298, 9877
2.089897394180298, 9876
2.089897394180298, 9875
2.0908923149108887, 9874
2.0908923149108887, 9873
2.0918922424316406, 9872
2.0918922424316406, 9871
2.0928902626037598, 9870
2.094883680343628, 9869
2.094883680343628, 9868
2.095883369445801, 9867
2.095883369445801, 9866
2.0968785285949707, 9865
2.0968785285949707, 9864
2.0978763103485107, 9863
2.0988433361053467, 9862
2.0988433361053467, 9861
2.099839925765991, 9860
2.099839925765991, 9859
2.100837230682373, 9858
2.101834535598755, 9857
2.1028318405151367, 9856
2.1038293838500977, 9855
2.1038293838500977, 9854
2.1048264503479004, 9853
2.1048264503479004, 9852
2.1058239936828613, 9851
2.106821298599243, 9850
2.107818365097046, 9849
2.109812021255493, 9848
2.110812187194824, 9847
2.1118078231811523, 9846
2.112805128097534, 9845
2.1138036251068115, 9844
2.1138036251068115, 9843
2.115797281265259, 9842
2.1167945861816406, 9841
2.1177918910980225, 9840
2.1187891960144043, 9839
2.119786500930786, 9838
2.119786500930786, 9837
2.120783567428589, 9836
2.12178111076355, 9835
2.1227786540985107, 9834
2.1247739791870117, 9833
2.1257710456848145, 9832
2.1267669200897217, 9831
2.1267669200897217, 9830
2.127765655517578, 9829
2.128765106201172, 9828
2.1307570934295654, 9827
2.1317543983459473, 9826
2.132751703262329, 9825
2.1337502002716064, 9824
2.1347463130950928, 9823
2.1357438564300537, 9822
2.1377387046813965, 9821
2.1387360095977783, 9820
2.1387360095977783, 9819
2.139733076095581, 9818
2.140730381011963, 9817
2.1417276859283447, 9816
2.1437220573425293, 9815
2.1437220573425293, 9814
2.144721269607544, 9813
2.1457157135009766, 9812
2.1457157135009766, 9811
2.1457157135009766, 9810
2.1467127799987793, 9809
2.1467127799987793, 9808
2.147710084915161, 9807
2.147710084915161, 9806
2.148707628250122, 9805
2.148707628250122, 9804
2.149704933166504, 9803
2.149704933166504, 9802
2.1507019996643066, 9801
2.1507019996643066, 9800
2.1516993045806885, 9799
2.1516993045806885, 9798
2.1526968479156494, 9797
2.1526968479156494, 9796
2.1526968479156494, 9795
2.1536941528320312, 9794
2.1536941528320312, 9793
2.154691457748413, 9792
2.154691457748413, 9791
2.155689001083374, 9790
2.155689001083374, 9789
2.156686305999756, 9788
2.156686305999756, 9787
2.1576836109161377, 9786
2.1576836109161377, 9785
2.1587142944335938, 9784
2.1587142944335938, 9783
2.1607108116149902, 9782
2.1607108116149902, 9781
2.161707878112793, 9780
2.161707878112793, 9779
2.161707878112793, 9778
2.1626999378204346, 9777
2.1626999378204346, 9776
2.163667917251587, 9775
2.1646673679351807, 9774
2.1646673679351807, 9773
2.165663957595825, 9772
2.166661024093628, 9771
2.1686558723449707, 9770
2.1696531772613525, 9769
2.1706502437591553, 9768
2.171647787094116, 9767
2.172645092010498, 9766
2.173642873764038, 9765
2.17464017868042, 9764
2.1756374835968018, 9763
2.17663311958313, 9762
2.1776657104492188, 9761
2.1776657104492188, 9760
2.1786577701568604, 9759
2.1786577701568604, 9758
2.1786577701568604, 9757
2.1796586513519287, 9756
2.1796586513519287, 9755
2.1806552410125732, 9754
2.1806552410125732, 9753
2.181654453277588, 9752
2.181654453277588, 9751
2.1826491355895996, 9750
2.1826491355895996, 9749
2.183614492416382, 9748
2.184614419937134, 9747
2.184614419937134, 9746
2.18561053276062, 9745
2.186607837677002, 9744
2.187605142593384, 9743
2.187605142593384, 9742
2.1895997524261475, 9741
2.1905975341796875, 9740
2.1905975341796875, 9739
2.1915946006774902, 9738
2.192592144012451, 9737
2.193588972091675, 9736
2.1946146488189697, 9735
2.1946146488189697, 9734
2.1956145763397217, 9733
2.1956145763397217, 9732
2.1966118812561035, 9731
2.1966118812561035, 9730
2.1976118087768555, 9729
2.1976118087768555, 9728
2.1986069679260254, 9727
2.1986069679260254, 9726
2.1986069679260254, 9725
2.1996045112609863, 9724
2.1996045112609863, 9723
2.20060133934021, 9722
2.20060133934021, 9721
2.2015984058380127, 9720
2.2015984058380127, 9719
2.2025933265686035, 9718
2.2025933265686035, 9717
2.203561544418335, 9716
2.2045915126800537, 9715
2.2045915126800537, 9714
2.2055909633636475, 9713
2.2065536975860596, 9712
2.2085485458374023, 9711
2.2105441093444824, 9710
2.2105441093444824, 9709
2.211541175842285, 9708
2.211541175842285, 9707
2.212538003921509, 9706
2.212538003921509, 9705
2.2145328521728516, 9704
2.2145328521728516, 9703
2.2155303955078125, 9702
2.2155303955078125, 9701
2.216527223587036, 9700
2.216527223587036, 9699
2.217525005340576, 9698
2.217525005340576, 9697
2.218522548675537, 9696
2.218522548675537, 9695
2.220517158508301, 9694
2.2215487957000732, 9693
2.2235095500946045, 9692
2.224506378173828, 9691
2.22550368309021, 9690
2.22550368309021, 9689
2.2265026569366455, 9688
2.227529764175415, 9687
2.227529764175415, 9686
2.228527784347534, 9685
2.228527784347534, 9684
2.2295267581939697, 9683
2.2295267581939697, 9682
2.2305221557617188, 9681
2.2305221557617188, 9680
2.231520891189575, 9679
2.231520891189575, 9678
2.232516050338745, 9677
2.232516050338745, 9676
2.2335140705108643, 9675
2.2335140705108643, 9674
2.2335140705108643, 9673
2.2345094680786133, 9672
2.2345094680786133, 9671
2.238469362258911, 9670
2.238469362258911, 9669
2.239466428756714, 9668
2.239466428756714, 9667
2.2404637336730957, 9666
2.2414610385894775, 9665
2.2424583435058594, 9664
2.2444844245910645, 9663
2.2444844245910645, 9662
2.245483875274658, 9661
2.245483875274658, 9660
2.2464795112609863, 9659
2.2464795112609863, 9658
2.2464795112609863, 9657
2.247478723526001, 9656
2.247478723526001, 9655
2.248473882675171, 9654
2.248473882675171, 9653
2.2494709491729736, 9652
2.2494709491729736, 9651
2.250465154647827, 9650
2.250465154647827, 9649
2.25146484375, 9648
2.25146484375, 9647
2.2524304389953613, 9646
2.2524304389953613, 9645
2.253427743911743, 9644
2.253427743911743, 9643
2.254425048828125, 9642
2.254425048828125, 9641
2.2554221153259277, 9640
2.2554221153259277, 9639
2.2564191818237305, 9638
2.2564191818237305, 9637
2.2564191818237305, 9636
2.2574167251586914, 9635
2.2574167251586914, 9634
2.2584140300750732, 9633
2.2584140300750732, 9632
2.259411334991455, 9631
2.2604095935821533, 9630
2.2604095935821533, 9629
2.261406660079956, 9628
2.261406660079956, 9627
2.2624034881591797, 9626
2.2624034881591797, 9625
2.2634007930755615, 9624
2.2634007930755615, 9623
2.2643985748291016, 9622
2.2643985748291016, 9621
2.2653956413269043, 9620
2.2653956413269043, 9619
2.266392707824707, 9618
2.266392707824707, 9617
2.267390251159668, 9616
2.268388509750366, 9615
2.268388509750366, 9614
2.26938533782959, 9613
2.26938533782959, 9612
2.2703819274902344, 9611
2.2703819274902344, 9610
2.2703819274902344, 9609
2.2713794708251953, 9608
2.2713794708251953, 9607
2.272376775741577, 9606
2.272376775741577, 9605
2.273374080657959, 9604
2.273374080657959, 9603
2.27437162399292, 9602
2.27437162399292, 9601
2.2753689289093018, 9600
2.2753689289093018, 9599
2.2763664722442627, 9598
2.277366876602173, 9597
2.277366876602173, 9596
2.2783610820770264, 9595
2.2783610820770264, 9594
2.279358148574829, 9593
2.279358148574829, 9592
2.280355453491211, 9591
2.280355453491211, 9590
2.2813525199890137, 9589
2.2813525199890137, 9588
2.2813525199890137, 9587
2.2823500633239746, 9586
2.2833473682403564, 9585
2.2843472957611084, 9584
2.2843472957611084, 9583
2.285344123840332, 9582
2.285344123840332, 9581
2.2863409519195557, 9580
2.2873387336730957, 9579
2.2883358001708984, 9578
2.2893331050872803, 9577
2.2903308868408203, 9576
2.292325019836426, 9575
2.292325019836426, 9574
2.294321060180664, 9573
2.2953174114227295, 9572
2.296314239501953, 9571
2.297312021255493, 9570
2.2983076572418213, 9569
2.2983076572418213, 9568
2.299307346343994, 9567
2.300304412841797, 9566
2.300304412841797, 9565
2.3022983074188232, 9564
2.303295850753784, 9563
2.304293394088745, 9562
2.305321455001831, 9561
2.305321455001831, 9560
2.3063158988952637, 9559
2.3063158988952637, 9558
2.3063158988952637, 9557
2.3073160648345947, 9556
2.3073160648345947, 9555
2.3083133697509766, 9554
2.3083133697509766, 9553
2.3093132972717285, 9552
2.3102784156799316, 9551
2.311274528503418, 9550
2.3122718334198, 9549
2.3132693767547607, 9548
2.3152639865875244, 9547
2.31626033782959, 9546
2.3172576427459717, 9545
2.3182568550109863, 9544
2.3202507495880127, 9543
2.3212478160858154, 9542
2.3212478160858154, 9541
2.3222455978393555, 9540
2.3232429027557373, 9539
2.324239492416382, 9538
2.324239492416382, 9537
2.325270652770996, 9536
2.325270652770996, 9535
2.326266288757324, 9534
2.327265501022339, 9533
2.327265501022339, 9532
2.3282599449157715, 9531
2.3282599449157715, 9530
2.3282599449157715, 9529
2.3292572498321533, 9528
2.3292572498321533, 9527
2.330251932144165, 9526
2.330251932144165, 9525
2.3312528133392334, 9524
2.3312528133392334, 9523
2.332217216491699, 9522
2.332217216491699, 9521
2.333214044570923, 9520
2.333214044570923, 9519
2.334211587905884, 9518
2.334211587905884, 9517
2.3352086544036865, 9516
2.3352086544036865, 9515
2.3352086544036865, 9514
2.3362059593200684, 9513
2.3362059593200684, 9512
2.3372035026550293, 9511
2.3372035026550293, 9510
2.338200807571411, 9509
2.338200807571411, 9508
2.339198112487793, 9507
2.339198112487793, 9506
2.340195417404175, 9505
2.340195417404175, 9504
2.3411929607391357, 9503
2.3411929607391357, 9502
2.3421900272369385, 9501
2.3421900272369385, 9500
2.343188524246216, 9499
2.3452184200286865, 9498
2.3452184200286865, 9497
2.34621000289917, 9496
2.34621000289917, 9495
2.34621000289917, 9494
2.3472094535827637, 9493
2.3472094535827637, 9492
2.3482069969177246, 9491
2.3482069969177246, 9490
2.3492064476013184, 9489
2.3492064476013184, 9488
2.35020112991333, 9487
2.35020112991333, 9486
2.351200819015503, 9485
2.351200819015503, 9484
2.3521997928619385, 9483
2.3521997928619385, 9482
2.353160858154297, 9481
2.353160858154297, 9480
2.353160858154297, 9479
2.354189157485962, 9478
2.354189157485962, 9477
2.3551881313323975, 9476
2.3551881313323975, 9475
2.3561861515045166, 9474
2.3561861515045166, 9473
2.357185125350952, 9472
2.357185125350952, 9471
2.357185125350952, 9470
2.358180522918701, 9469
2.358180522918701, 9468
2.359180450439453, 9467
2.3601436614990234, 9466
2.3601436614990234, 9465
2.3611719608306885, 9464
2.3611719608306885, 9463
2.362166404724121, 9462
2.362166404724121, 9461
2.3631672859191895, 9460
2.3641326427459717, 9459
2.3661599159240723, 9458
2.367156505584717, 9457
2.3691508769989014, 9456
2.3691508769989014, 9455
2.370145320892334, 9454
2.370145320892334, 9453
2.370145320892334, 9452
2.371145486831665, 9451
2.371145486831665, 9450
2.372143268585205, 9449
2.372143268585205, 9448
2.3731424808502197, 9447
2.3731424808502197, 9446
2.374138355255127, 9445
2.374138355255127, 9444
2.3751368522644043, 9443
2.3751368522644043, 9442
2.3751368522644043, 9441
2.3770997524261475, 9440
2.3770997524261475, 9439
2.378095865249634, 9438
2.379093885421753, 9437
2.3800907135009766, 9436
2.3800907135009766, 9435
2.3810882568359375, 9434
2.3810882568359375, 9433
2.382085084915161, 9432
2.383082389831543, 9431
2.384079694747925, 9430
2.3851094245910645, 9429
2.3861031532287598, 9428
2.3861031532287598, 9427
2.3861031532287598, 9426
2.387103319168091, 9425
2.387103319168091, 9424
2.388101816177368, 9423
2.388101816177368, 9422
2.389099597930908, 9421
2.389099597930908, 9420
2.390094757080078, 9419
2.390094757080078, 9418
2.390094757080078, 9417
2.391094207763672, 9416
2.391094207763672, 9415
2.393054962158203, 9414
2.393054962158203, 9413
2.39408278465271, 9412
2.39408278465271, 9411
2.3950822353363037, 9410
2.3950822353363037, 9409
2.3960790634155273, 9408
2.3960790634155273, 9407
2.3970792293548584, 9406
2.3970792293548584, 9405
2.3980729579925537, 9404
2.3980729579925537, 9403
2.3990731239318848, 9402
2.3990731239318848, 9401
2.3990731239318848, 9400
2.4000680446624756, 9399
2.4000680446624756, 9398
2.4010651111602783, 9397
2.4010651111602783, 9396
2.4020605087280273, 9395
2.4020605087280273, 9394
2.4030606746673584, 9393
2.4030606746673584, 9392
2.404057264328003, 9391
2.404057264328003, 9390
2.404057264328003, 9389
2.405057191848755, 9388
2.405057191848755, 9387
2.4060518741607666, 9386
2.4060518741607666, 9385
2.4070515632629395, 9384
2.4070515632629395, 9383
2.408015489578247, 9382
2.408015489578247, 9381
2.4100112915039062, 9380
2.4100112915039062, 9379
2.41100811958313, 9378
2.4120049476623535, 9377
2.4130024909973145, 9376
2.4139997959136963, 9375
2.4139997959136963, 9374
2.4149959087371826, 9373
2.4149959087371826, 9372
2.4159927368164062, 9371
2.4159927368164062, 9370
2.416990041732788, 9369
2.416990041732788, 9368
2.416990041732788, 9367
2.41798734664917, 9366
2.41798734664917, 9365
2.4189846515655518, 9364
2.4189846515655518, 9363
2.4199819564819336, 9362
2.4199819564819336, 9361
2.4209794998168945, 9360
2.4209794998168945, 9359
2.4209794998168945, 9358
2.4219768047332764, 9357
2.4219768047332764, 9356
2.422974109649658, 9355
2.422974109649658, 9354
2.4239718914031982, 9353
2.425002098083496, 9352
2.4259681701660156, 9351
2.426964521408081, 9350
2.426964521408081, 9349
2.4279611110687256, 9348
2.4279611110687256, 9347
2.4289581775665283, 9346
2.4289581775665283, 9345
2.429955244064331, 9344
2.429955244064331, 9343
2.430952548980713, 9342
2.430952548980713, 9341
2.431950092315674, 9340
2.431950092315674, 9339
2.431950092315674, 9338
2.4329473972320557, 9337
2.4329473972320557, 9336
2.4339451789855957, 9335
2.4339451789855957, 9334
2.4349422454833984, 9333
2.4349422454833984, 9332
2.4359395503997803, 9331
2.4359395503997803, 9330
2.4359395503997803, 9329
2.436936616897583, 9328
2.436936616897583, 9327
2.437933921813965, 9326
2.437933921813965, 9325
2.438931465148926, 9324
2.438931465148926, 9323
2.4399285316467285, 9322
2.4399285316467285, 9321
2.4399285316467285, 9320
2.4409260749816895, 9319
2.441924571990967, 9318
2.441924571990967, 9317
2.4439215660095215, 9316
2.4449515342712402, 9315
2.4449515342712402, 9314
2.4459140300750732, 9313
2.4459140300750732, 9312
2.4469451904296875, 9311
2.4469451904296875, 9310
2.4479408264160156, 9309
2.4479408264160156, 9308
2.4489378929138184, 9307
2.4489378929138184, 9306
2.4489378929138184, 9305
2.449932336807251, 9304
2.449932336807251, 9303
2.4509317874908447, 9302
2.4509317874908447, 9301
2.4519293308258057, 9300
2.4519293308258057, 9299
2.4519293308258057, 9298
2.4529292583465576, 9297
2.4529292583465576, 9296
2.453892469406128, 9295
2.453892469406128, 9294
2.454925298690796, 9293
2.454925298690796, 9292
2.455918550491333, 9291
2.455918550491333, 9290
2.455918550491333, 9289
2.456915855407715, 9288
2.456915855407715, 9287
2.4579110145568848, 9286
2.4579110145568848, 9285
2.4589109420776367, 9284
2.459876775741577, 9283
2.4609081745147705, 9282
2.4609081745147705, 9281
2.4619028568267822, 9280
2.4619028568267822, 9279
2.4619028568267822, 9278
2.462902784347534, 9277
2.463866710662842, 9276
2.464895248413086, 9275
2.464895248413086, 9274
2.4658896923065186, 9273
2.4658896923065186, 9272
2.4668893814086914, 9271
2.4668893814086914, 9270
2.4678866863250732, 9269
2.4678866863250732, 9268
2.4678866863250732, 9267
2.468886375427246, 9266
2.468886375427246, 9265
2.469883441925049, 9264
2.469883441925049, 9263
2.4708800315856934, 9262
2.4708800315856934, 9261
2.471876621246338, 9260
2.471876621246338, 9259
2.4728732109069824, 9258
2.4738399982452393, 9257
2.474836826324463, 9256
2.474836826324463, 9255
2.475832939147949, 9254
2.4768316745758057, 9253
2.4768316745758057, 9252
2.477860450744629, 9251
2.477860450744629, 9250
2.4788613319396973, 9249
2.4788613319396973, 9248
2.479856014251709, 9247
2.479856014251709, 9246
2.479856014251709, 9245
2.48085355758667, 9244
2.48085355758667, 9243
2.4818472862243652, 9242
2.4818472862243652, 9241
2.4818472862243652, 9240
2.482847213745117, 9239
2.482847213745117, 9238
2.483812093734741, 9237
2.483812093734741, 9236
2.484844207763672, 9235
2.484844207763672, 9234
2.4858388900756836, 9233
2.4858388900756836, 9232
2.486840009689331, 9231
2.486840009689331, 9230
2.4878339767456055, 9229
2.4878339767456055, 9228
2.4878339767456055, 9227
2.4888315200805664, 9226
2.4888315200805664, 9225
2.4898252487182617, 9224
2.4898252487182617, 9223
2.4908251762390137, 9222
2.4908251762390137, 9221
2.4917919635772705, 9220
2.4917919635772705, 9219
2.4928250312805176, 9218
2.493785858154297, 9217
2.493785858154297, 9216
2.4947824478149414, 9215
2.4947824478149414, 9214
2.495779275894165, 9213
2.495779275894165, 9212
2.496776580810547, 9211
2.496776580810547, 9210
2.496776580810547, 9209
2.497774124145508, 9208
2.497774124145508, 9207
2.4987714290618896, 9206
2.4987714290618896, 9205
2.4997687339782715, 9204
2.4997687339782715, 9203
2.5007660388946533, 9202
2.5007660388946533, 9201
2.5007660388946533, 9200
2.501763343811035, 9199
2.501763343811035, 9198
2.502760648727417, 9197
2.502760648727417, 9196
2.503758192062378, 9195
2.5047900676727295, 9194
2.5047900676727295, 9193
2.5057528018951416, 9192
2.5057528018951416, 9191
2.5067827701568604, 9190
2.5067827701568604, 9189
2.5067827701568604, 9188
2.5077803134918213, 9187
2.5077803134918213, 9186
2.508779764175415, 9185
2.508779764175415, 9184
2.509744644165039, 9183
2.510775327682495, 9182
2.510775327682495, 9181
2.511770725250244, 9180
2.511770725250244, 9179
2.5127665996551514, 9178
2.5127665996551514, 9177
2.5137319564819336, 9176
2.5137319564819336, 9175
2.5137319564819336, 9174
2.5147619247436523, 9173
2.5147619247436523, 9172
2.515758991241455, 9171
2.515758991241455, 9170
2.515758991241455, 9169
2.516758441925049, 9168
2.516758441925049, 9167
2.517754077911377, 9166
2.517754077911377, 9165
2.5187528133392334, 9164
2.5187528133392334, 9163
2.519747495651245, 9162
2.519747495651245, 9161
2.519747495651245, 9160
2.5217127799987793, 9159
2.5217127799987793, 9158
2.5227091312408447, 9157
2.523707389831543, 9156
2.52473783493042, 9155
2.52473783493042, 9154
2.5257315635681152, 9153
2.5266993045806885, 9152
2.5266993045806885, 9151
2.5277273654937744, 9150
2.5277273654937744, 9149
2.5277273654937744, 9148
2.528724193572998, 9147
2.528724193572998, 9146
2.5297186374664307, 9145
2.5297186374664307, 9144
2.5307188034057617, 9143
2.5307188034057617, 9142
2.5317161083221436, 9141
2.5317161083221436, 9140
2.5327157974243164, 9139
2.5327157974243164, 9138
2.5327157974243164, 9137
2.5336785316467285, 9136
2.5336785316467285, 9135
2.5347111225128174, 9134
2.5347111225128174, 9133
2.535705327987671, 9132
2.535705327987671, 9131
2.536703109741211, 9130
2.536703109741211, 9129
2.5376973152160645, 9128
2.538698673248291, 9127
2.538698673248291, 9126
2.539695978164673, 9125
2.539695978164673, 9124
2.54069447517395, 9123
2.54069447517395, 9122
2.54069447517395, 9121
2.54168963432312, 9120
2.54168963432312, 9119
2.542689800262451, 9118
2.5436549186706543, 9117
2.544677257537842, 9116
2.544677257537842, 9115
2.5456762313842773, 9114
2.5456762313842773, 9113
2.5466766357421875, 9112
2.5466766357421875, 9111
2.5466766357421875, 9110
2.547672986984253, 9109
2.547672986984253, 9108
2.548668384552002, 9107
2.548668384552002, 9106
2.5496675968170166, 9105
2.5496675968170166, 9104
2.550661087036133, 9103
2.550661087036133, 9102
2.550661087036133, 9101
2.5516579151153564, 9100
2.5516579151153564, 9099
2.552654981613159, 9098
2.552654981613159, 9097
2.553626775741577, 9096
2.5546553134918213, 9095
2.5546553134918213, 9094
2.5556581020355225, 9093
2.5556581020355225, 9092
2.5566515922546387, 9091
2.5566515922546387, 9090
2.5576467514038086, 9089
2.5576467514038086, 9088
2.5586466789245605, 9087
2.5586466789245605, 9086
2.5596086978912354, 9085
2.5606417655944824, 9084
2.5606417655944824, 9083
2.5616331100463867, 9082
2.5616331100463867, 9081
2.5616331100463867, 9080
2.5626327991485596, 9079
2.5626327991485596, 9078
2.5635995864868164, 9077
2.5645978450775146, 9076
2.5645978450775146, 9075
2.5655946731567383, 9074
2.5655946731567383, 9073
2.56659197807312, 9072
2.567589282989502, 9071
2.5685863494873047, 9070
2.5685863494873047, 9069
2.5685863494873047, 9068
2.5695836544036865, 9067
2.57157826423645, 9066
2.572575569152832, 9065
2.573573112487793, 9064
2.574570417404175, 9063
2.5755677223205566, 9062
2.5765655040740967, 9061
2.5775628089904785, 9060
2.5775628089904785, 9059
2.578559637069702, 9058
2.579559087753296, 9057
2.5805554389953613, 9056
2.5815515518188477, 9055
2.5825486183166504, 9054
2.5835509300231934, 9053
2.5845446586608887, 9052
2.5845446586608887, 9051
2.5845446586608887, 9050
2.585541248321533, 9049
2.5865378379821777, 9048
2.587536334991455, 9047
2.587536334991455, 9046
2.5885331630706787, 9045
2.5885331630706787, 9044
2.5895302295684814, 9043
2.5905280113220215, 9042
2.591524839401245, 9041
2.592522144317627, 9040
2.5935187339782715, 9039
2.5935187339782715, 9038
2.594517469406128, 9037
2.594517469406128, 9036
2.595512866973877, 9035
2.595512866973877, 9034
2.5965099334716797, 9033
2.5965099334716797, 9032
2.5965099334716797, 9031
2.598506450653076, 9030
2.598506450653076, 9029
2.5995028018951416, 9028
2.5995028018951416, 9027
2.5995028018951416, 9026
2.600499153137207, 9025
2.600499153137207, 9024
2.601496458053589, 9023
2.602494955062866, 9022
2.602494955062866, 9021
2.6034915447235107, 9020
2.6034915447235107, 9019
2.604524850845337, 9018
2.604524850845337, 9017
2.6055188179016113, 9016
2.6055188179016113, 9015
2.606518030166626, 9014
2.606518030166626, 9013
2.606518030166626, 9012
2.607512950897217, 9011
2.607512950897217, 9010
2.608510971069336, 9009
2.608510971069336, 9008
2.608510971069336, 9007
2.610475540161133, 9006
2.6114718914031982, 9005
2.612468957901001, 9004
2.61346697807312, 9003
2.61346697807312, 9002
2.61346697807312, 9001
2.6144649982452393, 9000
2.6154608726501465, 8999
2.6154608726501465, 8998
2.6164581775665283, 8997
2.61745548248291, 8996
2.618453025817871, 8995
2.619450092315674, 8994
2.6204473972320557, 8993
2.6214447021484375, 8992
2.6224422454833984, 8991
2.6234376430511475, 8990
2.624467611312866, 8989
2.624467611312866, 8988
2.6254630088806152, 8987
2.6254630088806152, 8986
2.6264305114746094, 8985
2.62746000289917, 8984
2.6284596920013428, 8983
2.6284596920013428, 8982
2.6294538974761963, 8981
2.6294538974761963, 8980
2.6294538974761963, 8979
2.630455255508423, 8978
2.630455255508423, 8977
2.6314496994018555, 8976
2.6314496994018555, 8975
2.6314496994018555, 8974
2.6324472427368164, 8973
2.6324472427368164, 8972
2.6334123611450195, 8971
2.6334123611450195, 8970
2.6344423294067383, 8969
2.6344423294067383, 8968
2.6344423294067383, 8967
2.6354379653930664, 8966
2.6354379653930664, 8965
2.6364381313323975, 8964
2.6364381313323975, 8963
2.6364381313323975, 8962
2.6374330520629883, 8961
2.6374330520629883, 8960
2.638432741165161, 8959
2.638432741165161, 8958
2.639427423477173, 8957
2.639427423477173, 8956
2.640425205230713, 8955
2.640425205230713, 8954
2.640425205230713, 8953
2.6414196491241455, 8952
2.6414196491241455, 8951
2.6424200534820557, 8950
2.6433870792388916, 8949
2.6443846225738525, 8948
2.6454131603240967, 8947
2.6454131603240967, 8946
2.6464109420776367, 8945
2.6464109420776367, 8944
2.6474061012268066, 8943
2.6474061012268066, 8942
2.6474061012268066, 8941
2.648404121398926, 8940
2.648404121398926, 8939
2.6493990421295166, 8938
2.6493990421295166, 8937
2.650367259979248, 8936
2.650367259979248, 8935
2.6513960361480713, 8934
2.6513960361480713, 8933
2.6513960361480713, 8932
2.652395486831665, 8931
2.652395486831665, 8930
2.6533586978912354, 8929
2.6533586978912354, 8928
2.6543900966644287, 8927
2.6543900966644287, 8926
2.6543900966644287, 8925
2.6553854942321777, 8924
2.6553854942321777, 8923
2.6563820838928223, 8922
2.6563820838928223, 8921
2.657377243041992, 8920
2.657377243041992, 8919
2.657377243041992, 8918
2.658376693725586, 8917
2.6603751182556152, 8916
2.6603751182556152, 8915
2.6613690853118896, 8914
2.6613690853118896, 8913
2.6613690853118896, 8912
2.6623690128326416, 8911
2.6623690128326416, 8910
2.663363456726074, 8909
2.663363456726074, 8908
2.6643311977386475, 8907
2.6643311977386475, 8906
2.665327787399292, 8905
2.6663248538970947, 8904
2.6673223972320557, 8903
2.6673223972320557, 8902
2.6683194637298584, 8901
2.6683194637298584, 8900
2.6693177223205566, 8899
2.670314311981201, 8898
2.671311855316162, 8897
2.672309398651123, 8896
2.6743040084838867, 8895
2.6753010749816895, 8894
2.6762969493865967, 8893
2.6772964000701904, 8892
2.678292989730835, 8891
2.679291009902954, 8890
2.6802875995635986, 8889
2.6812853813171387, 8888
2.6822822093963623, 8887
2.6832797527313232, 8886
2.684277296066284, 8885
2.684277296066284, 8884
2.684277296066284, 8883
2.685275077819824, 8882
2.686272144317627, 8881
2.6872687339782715, 8880
2.6892635822296143, 8879
2.6892635822296143, 8878
2.6892635822296143, 8877
2.690260648727417, 8876
2.6912589073181152, 8875
2.6912589073181152, 8874
2.692255735397339, 8873
2.6932532787323, 8872
2.694251298904419, 8871
2.695248603820801, 8870
2.695248603820801, 8869
2.6962456703186035, 8868
2.6962456703186035, 8867
2.6962456703186035, 8866
2.697242259979248, 8865
2.698239326477051, 8864
2.698239326477051, 8863
2.6992368698120117, 8862
2.7002344131469727, 8861
2.701232671737671, 8860
2.7032270431518555, 8859
2.7042548656463623, 8858
2.7042548656463623, 8857
2.7042548656463623, 8856
2.7052500247955322, 8855
2.7062184810638428, 8854
2.7062184810638428, 8853
2.7072482109069824, 8852
2.7072482109069824, 8851
2.7072482109069824, 8850
2.7082462310791016, 8849
2.7082462310791016, 8848
2.7092409133911133, 8847
2.7102417945861816, 8846
2.7102417945861816, 8845
2.7102417945861816, 8844
2.711235761642456, 8843
2.711235761642456, 8842
2.7122340202331543, 8841
2.7122340202331543, 8840
2.713228464126587, 8839
2.713228464126587, 8838
2.713228464126587, 8837
2.714228630065918, 8836
2.714228630065918, 8835
2.7152249813079834, 8834
2.7152249813079834, 8833
2.7162246704101562, 8832
2.7162246704101562, 8831
2.7162246704101562, 8830
2.717219352722168, 8829
2.717219352722168, 8828
2.71821928024292, 8827
2.71821928024292, 8826
2.71821928024292, 8825
2.7192158699035645, 8824
2.7192158699035645, 8823
2.7202117443084717, 8822
2.7202117443084717, 8821
2.7202117443084717, 8820
2.7212064266204834, 8819
2.7212064266204834, 8818
2.7222065925598145, 8817
2.7231738567352295, 8816
2.724169969558716, 8815
2.7252004146575928, 8814
2.7252004146575928, 8813
2.7252004146575928, 8812
2.7271618843078613, 8811
2.7271618843078613, 8810
2.7271618843078613, 8809
2.7281582355499268, 8808
2.7281582355499268, 8807
2.7291553020477295, 8806
2.7291553020477295, 8805
2.7291553020477295, 8804
2.7301526069641113, 8803
2.7301526069641113, 8802
2.731149911880493, 8801
2.731149911880493, 8800
2.732147216796875, 8799
2.732147216796875, 8798
2.732147216796875, 8797
2.733144521713257, 8796
2.733144521713257, 8795
2.7341418266296387, 8794
2.7341418266296387, 8793
2.7341418266296387, 8792
2.7351393699645996, 8791
2.7351393699645996, 8790
2.7361366748809814, 8789
2.7361366748809814, 8788
2.7361366748809814, 8787
2.7371339797973633, 8786
2.7371339797973633, 8785
2.738131046295166, 8784
2.739129066467285, 8783
2.739129066467285, 8782
2.739129066467285, 8781
2.740125894546509, 8780
2.740125894546509, 8779
2.7411231994628906, 8778
2.7411231994628906, 8777
2.7411231994628906, 8776
2.7421207427978516, 8775
2.7431187629699707, 8774
2.7441186904907227, 8773
2.745148181915283, 8772
2.745148181915283, 8771
2.7461118698120117, 8770
2.7471401691436768, 8769
2.7471401691436768, 8768
2.7481396198272705, 8767
2.7491345405578613, 8766
2.7491345405578613, 8765
2.7491345405578613, 8764
2.750133991241455, 8763
2.750133991241455, 8762
2.751128911972046, 8761
2.751128911972046, 8760
2.752126455307007, 8759
2.752126455307007, 8758
2.752126455307007, 8757
2.7531216144561768, 8756
2.7531216144561768, 8755
2.754122018814087, 8754
2.754122018814087, 8753
2.7550864219665527, 8752
2.7550864219665527, 8751
2.7560832500457764, 8750
2.7560832500457764, 8749
2.7560832500457764, 8748
2.757080554962158, 8747
2.757080554962158, 8746
2.75807785987854, 8745
2.75807785987854, 8744
2.75807785987854, 8743
2.759075164794922, 8742
2.76007342338562, 8741
2.76007342338562, 8740
2.761070966720581, 8739
2.761070966720581, 8738
2.761070966720581, 8737
2.7620670795440674, 8736
2.7620670795440674, 8735
2.7630646228790283, 8734
2.7630646228790283, 8733
2.7640645503997803, 8732
2.7640645503997803, 8731
2.76509165763855, 8730
2.76509165763855, 8729
2.766091823577881, 8728
2.766091823577881, 8727
2.766091823577881, 8726
2.7670860290527344, 8725
2.7670860290527344, 8724
2.7680835723876953, 8723
2.7680835723876953, 8722
2.7680835723876953, 8721
2.7690789699554443, 8720
2.7690789699554443, 8719
2.770078420639038, 8718
2.770078420639038, 8717
2.771078109741211, 8716
2.7720420360565186, 8715
2.7720420360565186, 8714
2.7730398178100586, 8713
2.7730398178100586, 8712
2.774035930633545, 8711
2.774035930633545, 8710
2.7750332355499268, 8709
2.7750332355499268, 8708
2.7750332355499268, 8707
2.7760298252105713, 8706
2.7770581245422363, 8705
2.7770581245422363, 8704
2.7780585289001465, 8703
2.7780585289001465, 8702
2.7780585289001465, 8701
2.7790539264678955, 8700
2.7790539264678955, 8699
2.7800540924072266, 8698
2.7800540924072266, 8697
2.7800540924072266, 8696
2.7810490131378174, 8695
2.7810490131378174, 8694
2.7820487022399902, 8693
2.7820487022399902, 8692
2.7830448150634766, 8691
2.7830448150634766, 8690
2.784010410308838, 8689
2.784010410308838, 8688
2.785036325454712, 8687
2.785036325454712, 8686
2.786036729812622, 8685
2.786036729812622, 8684
2.787034749984741, 8683
2.787034749984741, 8682
2.7880337238311768, 8681
2.789027452468872, 8680
2.789027452468872, 8679
2.789027452468872, 8678
2.790027141571045, 8677
2.790027141571045, 8676
2.791022539138794, 8675
2.791022539138794, 8674
2.791022539138794, 8673
2.792019844055176, 8672
2.792985439300537, 8671
2.792985439300537, 8670
2.794015407562256, 8669
2.794015407562256, 8668
2.795013427734375, 8667
2.795013427734375, 8666
2.796011447906494, 8665
2.796011447906494, 8664
2.797006130218506, 8663
2.797006130218506, 8662
2.797006130218506, 8661
2.798007011413574, 8660
2.798007011413574, 8659
2.7990009784698486, 8658
2.7990009784698486, 8657
2.7990009784698486, 8656
2.799999952316284, 8655
2.799999952316284, 8654
2.800992727279663, 8653
2.8019936084747314, 8652
2.8019936084747314, 8651
2.8019936084747314, 8650
2.802990436553955, 8649
2.802990436553955, 8648
2.803955554962158, 8647
2.803955554962158, 8646
2.804985761642456, 8645
2.804985761642456, 8644
2.804985761642456, 8643
2.8059844970703125, 8642
2.8059844970703125, 8641
2.806980848312378, 8640
2.806980848312378, 8639
2.806980848312378, 8638
2.8079769611358643, 8637
2.8079769611358643, 8636
2.808971643447876, 8635
2.808971643447876, 8634
2.8099441528320312, 8633
2.8099441528320312, 8632
2.810969591140747, 8631
2.810969591140747, 8630
2.8119688034057617, 8629
2.8119688034057617, 8628
2.8119688034057617, 8627
2.8129642009735107, 8626
2.8129642009735107, 8625
2.8139638900756836, 8624
2.8139638900756836, 8623
2.8139638900756836, 8622
2.8149588108062744, 8621
2.8149588108062744, 8620
2.815955400466919, 8619
2.8169503211975098, 8618
2.8169503211975098, 8617
2.8169503211975098, 8616
2.817950487136841, 8615
2.817950487136841, 8614
2.8189475536346436, 8613
2.8189475536346436, 8612
2.819948673248291, 8611
2.819948673248291, 8610
2.819948673248291, 8609
2.8209426403045654, 8608
2.8209426403045654, 8607
2.8219430446624756, 8606
2.8219430446624756, 8605
2.8219430446624756, 8604
2.82293701171875, 8603
2.82293701171875, 8602
2.8239033222198486, 8601
2.8249292373657227, 8600
2.8249292373657227, 8599
2.8259291648864746, 8598
2.8268966674804688, 8597
2.8278932571411133, 8596
2.828890323638916, 8595
2.8298873901367188, 8594
2.8298873901367188, 8593
2.831880807876587, 8592
2.831880807876587, 8591
2.8328804969787598, 8590
2.8338780403137207, 8589
2.834874391555786, 8588
2.835871458053589, 8587
2.8368687629699707, 8586
2.8378660678863525, 8585
2.8388636112213135, 8584
2.8398609161376953, 8583
2.8408594131469727, 8582
2.8408594131469727, 8581
2.8428523540496826, 8580
2.8428523540496826, 8579
2.8438501358032227, 8578
2.8438501358032227, 8577
2.8448784351348877, 8576
2.8448784351348877, 8575
2.8448784351348877, 8574
2.8458781242370605, 8573
2.8458781242370605, 8572
2.8468730449676514, 8571
2.8468730449676514, 8570
2.8468730449676514, 8569
2.8508317470550537, 8568
2.8518292903900146, 8567
2.8528268337249756, 8566
2.8538243770599365, 8565
2.854820728302002, 8564
2.855818748474121, 8563
2.855818748474121, 8562
2.855818748474121, 8561
2.8568155765533447, 8560
2.8568155765533447, 8559
2.8578126430511475, 8558
2.8588099479675293, 8557
2.8598084449768066, 8556
2.8598084449768066, 8555
2.86083722114563, 8554
2.86083722114563, 8553
2.86083722114563, 8552
2.8618366718292236, 8551
2.8618366718292236, 8550
2.8628313541412354, 8549
2.8628313541412354, 8548
2.8628313541412354, 8547
2.864794969558716, 8546
2.8657917976379395, 8545
2.866788864135742, 8544
2.867786169052124, 8543
2.867786169052124, 8542
2.868783473968506, 8541
2.869781017303467, 8540
2.8707780838012695, 8539
2.8717753887176514, 8538
2.872772693634033, 8537
2.8737709522247314, 8536
2.874767780303955, 8535
2.875764846801758, 8534
2.8767945766448975, 8533
2.8767945766448975, 8532
2.8777923583984375, 8531
2.8777923583984375, 8530
2.8787877559661865, 8529
2.8787877559661865, 8528
2.8787877559661865, 8527
2.8797852993011475, 8526
2.8797852993011475, 8525
2.8807806968688965, 8524
2.8807806968688965, 8523
2.881779670715332, 8522
2.881779670715332, 8521
2.881779670715332, 8520
2.8827834129333496, 8519
2.8827834129333496, 8518
2.883781909942627, 8517
2.884810209274292, 8516
2.884810209274292, 8515
2.8858041763305664, 8514
2.8858041763305664, 8513
2.8858041763305664, 8512
2.8868014812469482, 8511
2.8877997398376465, 8510
2.8877997398376465, 8509
2.8877997398376465, 8508
2.888798952102661, 8507
2.888798952102661, 8506
2.88979434967041, 8505
2.88979434967041, 8504
2.8907909393310547, 8503
2.8907909393310547, 8502
2.8907909393310547, 8501
2.8917572498321533, 8500
2.8917572498321533, 8499
2.892754077911377, 8498
2.893751859664917, 8497
2.894780397415161, 8496
2.894780397415161, 8495
2.895777463912964, 8494
2.895777463912964, 8493
2.895777463912964, 8492
2.896777868270874, 8491
2.896777868270874, 8490
2.896777868270874, 8489
2.897773265838623, 8488
2.897773265838623, 8487
2.8987696170806885, 8486
2.8987696170806885, 8485
2.8997650146484375, 8484
2.8997650146484375, 8483
2.8997650146484375, 8482
2.9007644653320312, 8481
2.9007644653320312, 8480
2.9007644653320312, 8479
2.901761531829834, 8478
2.901761531829834, 8477
2.9027633666992188, 8476
2.9027633666992188, 8475
2.9037270545959473, 8474
2.9047231674194336, 8473
2.9047231674194336, 8472
2.9057202339172363, 8471
2.9057202339172363, 8470
2.9057202339172363, 8469
2.906717538833618, 8468
2.906717538833618, 8467
2.90771484375, 8466
2.90771484375, 8465
2.90771484375, 8464
2.908712148666382, 8463
2.9097096920013428, 8462
2.91070818901062, 8461
2.9127020835876465, 8460
2.9137001037597656, 8459
2.9137001037597656, 8458
2.9137001037597656, 8457
2.91469669342041, 8456
2.91469669342041, 8455
2.915693521499634, 8454
2.915693521499634, 8453
2.9166908264160156, 8452
2.9176886081695557, 8451
2.9186856746673584, 8450
2.9196829795837402, 8449
2.9196829795837402, 8448
2.920680046081543, 8447
2.921677589416504, 8446
2.9226748943328857, 8445
2.923673391342163, 8444
2.923673391342163, 8443
2.924670934677124, 8442
2.924670934677124, 8441
2.924670934677124, 8440
2.9256670475006104, 8439
2.926664113998413, 8438
2.926664113998413, 8437
2.927694082260132, 8436
2.927694082260132, 8435
2.928692579269409, 8434
2.928692579269409, 8433
2.928692579269409, 8432
2.929687023162842, 8431
2.929687023162842, 8430
2.9306845664978027, 8429
2.9306845664978027, 8428
2.9316794872283936, 8427
2.9316794872283936, 8426
2.9326789379119873, 8425
2.9326789379119873, 8424
2.9326789379119873, 8423
2.9336771965026855, 8422
2.9336771965026855, 8421
2.934673309326172, 8420
2.934673309326172, 8419
2.934673309326172, 8418
2.935671806335449, 8417
2.935671806335449, 8416
2.936671733856201, 8415
2.936671733856201, 8414
2.9376657009124756, 8413
2.9376657009124756, 8412
2.9386632442474365, 8411
2.9386632442474365, 8410
2.9386632442474365, 8409
2.9396581649780273, 8408
2.9396581649780273, 8407
2.9406590461730957, 8406
2.9406590461730957, 8405
2.9406590461730957, 8404
2.941655158996582, 8403
2.941655158996582, 8402
2.942652463912964, 8401
2.9436182975769043, 8400
2.9446170330047607, 8399
2.9456140995025635, 8398
2.9456140995025635, 8397
2.9466116428375244, 8396
2.9466116428375244, 8395
2.9466116428375244, 8394
2.947608470916748, 8393
2.948605537414551, 8392
2.9496030807495117, 8391
2.9506006240844727, 8390
2.9515974521636963, 8389
2.9525949954986572, 8388
2.9535927772521973, 8387
2.954590082168579, 8386
2.954590082168579, 8385
2.9555866718292236, 8384
2.9555866718292236, 8383
2.9565842151641846, 8382
2.9575843811035156, 8381
2.9595754146575928, 8380
2.9595754146575928, 8379
2.9606075286865234, 8378
2.9606075286865234, 8377
2.961601972579956, 8376
2.961601972579956, 8375
2.962599039077759, 8374
2.962599039077759, 8373
2.962599039077759, 8372
2.963564395904541, 8371
2.9645941257476807, 8370
2.9645941257476807, 8369
2.965590715408325, 8368
2.965590715408325, 8367
2.965590715408325, 8366
2.966587781906128, 8365
2.9675862789154053, 8364
2.9675862789154053, 8363
2.9675862789154053, 8362
2.9685862064361572, 8361
2.9695489406585693, 8360
2.9695489406585693, 8359
2.970546007156372, 8358
2.970546007156372, 8357
2.970546007156372, 8356
2.9715735912323, 8355
2.9715735912323, 8354
2.9725723266601562, 8353
2.9725723266601562, 8352
2.973569869995117, 8351
2.974536180496216, 8350
2.9755356311798096, 8349
2.976529836654663, 8348
2.977559804916382, 8347
2.977559804916382, 8346
2.9785561561584473, 8345
2.9785561561584473, 8344
2.979551076889038, 8343
2.979551076889038, 8342
2.979551076889038, 8341
2.980550527572632, 8340
2.980550527572632, 8339
2.981548309326172, 8338
2.981548309326172, 8337
2.982550621032715, 8336
2.983511209487915, 8335
2.983511209487915, 8334
2.983511209487915, 8333
2.9845492839813232, 8332
2.9855384826660156, 8331
2.9855384826660156, 8330
2.9865357875823975, 8329
2.9865357875823975, 8328
2.9865357875823975, 8327
2.9875307083129883, 8326
2.9875307083129883, 8325
2.988529682159424, 8324
2.988529682159424, 8323
2.988529682159424, 8322
2.9895267486572266, 8321
2.9905292987823486, 8320
2.9905292987823486, 8319
2.9905292987823486, 8318
2.9915220737457275, 8317
2.9915220737457275, 8316
2.9925267696380615, 8315
2.9935195446014404, 8314
2.9935195446014404, 8313
2.9945144653320312, 8312
2.9945144653320312, 8311
2.9945144653320312, 8310
2.995509147644043, 8309
2.995509147644043, 8308
2.9965085983276367, 8307
2.9965085983276367, 8306
2.9965085983276367, 8305
2.997507095336914, 8304
2.998502731323242, 8303
2.998502731323242, 8302
2.9995007514953613, 8301
2.9995007514953613, 8300
2.9995007514953613, 8299
3.000500202178955, 8298
3.000500202178955, 8297
3.001495122909546, 8296
3.001495122909546, 8295
3.002492666244507, 8294
3.002492666244507, 8293
3.003458023071289, 8292
3.003458023071289, 8291
3.0044872760772705, 8290
3.0044872760772705, 8289
3.0054848194122314, 8288
3.0064499378204346, 8287
3.0064499378204346, 8286
3.0074472427368164, 8285
3.0074472427368164, 8284
3.0084452629089355, 8283
3.0084452629089355, 8282
3.0084452629089355, 8281
3.0094423294067383, 8280
3.010474681854248, 8279
3.010474681854248, 8278
3.0114660263061523, 8277
3.0114660263061523, 8276
3.0124659538269043, 8275
3.0134639739990234, 8274
3.0134639739990234, 8273
3.0134639739990234, 8272
3.0144288539886475, 8271
3.0154261589050293, 8270
3.0154261589050293, 8269
3.0164248943328857, 8268
3.0164248943328857, 8267
3.0164248943328857, 8266
3.0174202919006348, 8265
3.0184178352355957, 8264
3.0184178352355957, 8263
3.0194149017333984, 8262
3.0194149017333984, 8261
3.0194149017333984, 8260
3.0204129219055176, 8259
3.0204129219055176, 8258
3.0214099884033203, 8257
3.0214099884033203, 8256
3.0224077701568604, 8255
3.0224077701568604, 8254
3.0244040489196777, 8253
3.0244040489196777, 8252
3.0244040489196777, 8251
3.0253987312316895, 8250
3.0273942947387695, 8249
3.0283918380737305, 8248
3.0283918380737305, 8247
3.029388666152954, 8246
3.029388666152954, 8245
3.029388666152954, 8244
3.0303866863250732, 8243
3.0303866863250732, 8242
3.0313832759857178, 8241
3.0313832759857178, 8240
3.0323805809020996, 8239
3.0323805809020996, 8238
3.0323805809020996, 8237
3.0333781242370605, 8236
3.0343751907348633, 8235
3.0343751907348633, 8234
3.035372734069824, 8233
3.035372734069824, 8232
3.0363693237304688, 8231
3.0363693237304688, 8230
3.0373666286468506, 8229
3.038365364074707, 8228
3.0393624305725098, 8227
3.0403623580932617, 8226
3.0403623580932617, 8225
3.0403623580932617, 8224
3.041358470916748, 8223
3.041358470916748, 8222
3.042356014251709, 8221
3.0443501472473145, 8220
3.0463438034057617, 8219
3.0463438034057617, 8218
3.0473415851593018, 8217
3.0473415851593018, 8216
3.048337697982788, 8215
3.048337697982788, 8214
3.049335241317749, 8213
3.049335241317749, 8212
3.0503323078155518, 8211
3.0503323078155518, 8210
3.0513293743133545, 8209
3.0513293743133545, 8208
3.052327871322632, 8207
3.0543596744537354, 8206
3.0553553104400635, 8205
3.0563509464263916, 8204
3.059309959411621, 8203
3.0623021125793457, 8202
3.0642964839935303, 8201
3.065300464630127, 8200
3.065300464630127, 8199
3.0662903785705566, 8198
3.0662903785705566, 8197
3.067286968231201, 8196
3.067286968231201, 8195
3.068284034729004, 8194
3.068284034729004, 8193
3.0692832469940186, 8192
3.071309804916382, 8191
3.0723090171813965, 8190
3.07327938079834, 8189
3.075343132019043, 8188
3.0782933235168457, 8187
3.0792558193206787, 8186
3.0802533626556396, 8185
3.0812532901763916, 8184
3.0812532901763916, 8183
3.0812532901763916, 8182
3.0822505950927734, 8181
3.0832574367523193, 8180
3.0852482318878174, 8179
3.08624529838562, 8178
3.08724308013916, 8177
3.0882411003112793, 8176
3.089272975921631, 8175
3.0912716388702393, 8174
3.096219301223755, 8173
3.0972189903259277, 8172
3.098215103149414, 8171
3.098215103149414, 8170
3.099212169647217, 8169
3.099212169647217, 8168
3.1002111434936523, 8167
3.101207733154297, 8166
3.1022050380706787, 8165
3.1022050380706787, 8164
3.1041972637176514, 8163
3.1051957607269287, 8162
3.106191873550415, 8161
3.106191873550415, 8160
3.1071887016296387, 8159
3.110182762145996, 8158
3.113173246383667, 8157
3.114170789718628, 8156
3.115168333053589, 8155
3.116198778152466, 8154
3.118192672729492, 8153
3.120187997817993, 8152
3.1221492290496826, 8151
3.1251513957977295, 8150
3.1291332244873047, 8149
3.1321229934692383, 8148
3.1341495513916016, 8147
3.1351513862609863, 8146
3.137141227722168, 8145
3.1391372680664062, 8144
3.1411001682281494, 8143
3.146095037460327, 8142
3.1480798721313477, 8141
3.149078130722046, 8140
3.1500742435455322, 8139
3.1500742435455322, 8138
3.1510722637176514, 8137
3.152069091796875, 8136
3.153066396713257, 8135
3.153066396713257, 8134
3.154064655303955, 8133
3.1550607681274414, 8132
3.1550607681274414, 8131
3.1560580730438232, 8130
3.1580538749694824, 8129
3.159050464630127, 8128
3.1640377044677734, 8127
3.1670291423797607, 8126
3.1690237522125244, 8125
3.171018123626709, 8124
3.1730146408081055, 8123
3.1750082969665527, 8122
3.180992603302002, 8121
3.181989908218384, 8120
3.1829864978790283, 8119
3.1847612857818604, 8118
3.1857588291168213, 8117
3.1857588291168213, 8116
3.186760663986206, 8115
3.1877546310424805, 8114
3.188751697540283, 8113
3.189748525619507, 8112
3.1927404403686523, 8111
3.1987247467041016, 8110
3.200721263885498, 8109
3.2027132511138916, 8108
3.2037107944488525, 8107
3.20470929145813, 8106
3.205704927444458, 8105
3.2067019939422607, 8104
3.2076995372772217, 8103
3.2086970806121826, 8102
3.2127063274383545, 8101
3.2146832942962646, 8100
3.2166762351989746, 8099
3.21867036819458, 8098
3.2206649780273438, 8097
3.2226595878601074, 8096
3.2246546745300293, 8095
3.2306387424468994, 8094
3.231637716293335, 8093
3.232633590698242, 8092
3.2336318492889404, 8091
3.2346293926239014, 8090
3.2346293926239014, 8089
3.2366230487823486, 8088
3.2376198768615723, 8087
3.2386200428009033, 8086
3.239614248275757, 8085
3.2406117916107178, 8084
3.2406117916107178, 8083
3.2416086196899414, 8082
3.2426071166992188, 8081
3.248593330383301, 8080
3.250584840774536, 8079
3.2535784244537354, 8078
3.255572557449341, 8077
3.258563995361328, 8076
3.263551712036133, 8075
3.2655460834503174, 8074
3.26654314994812, 8073
3.2675399780273438, 8072
3.268537759780884, 8071
3.269535541534424, 8070
3.271528959274292, 8069
3.2735233306884766, 8068
3.274522066116333, 8067
3.2755184173583984, 8066
3.2785112857818604, 8065
3.280507802963257, 8064
3.2815027236938477, 8063
3.2824997901916504, 8062
3.2824997901916504, 8061
3.2840278148651123, 8060
3.285003185272217, 8059
3.2860002517700195, 8058
3.2860002517700195, 8057
3.286996841430664, 8056
3.287994384765625, 8055
3.287994384765625, 8054
3.2889914512634277, 8053
3.2899887561798096, 8052
3.290987014770508, 8051
3.2919838428497314, 8050
3.29298996925354, 8049
3.2969717979431152, 8048
3.297968864440918, 8047
3.2989652156829834, 8046
3.299962043762207, 8045
3.302955150604248, 8044
3.3039517402648926, 8043
3.30495023727417, 8042
3.3079421520233154, 8041
3.31592059135437, 8040
3.319910764694214, 8039
3.3229029178619385, 8038
3.330881118774414, 8037
3.3348705768585205, 8036
3.337862253189087, 8035
3.340853452682495, 8034
3.3469443321228027, 8033
3.3498289585113525, 8032
3.351823568344116, 8031
3.3548154830932617, 8030
3.3568103313446045, 8029
3.363851308822632, 8028
3.367783546447754, 8027
3.370774745941162, 8026
3.3727691173553467, 8025
3.380749225616455, 8024
3.3827428817749023, 8023
3.385927200317383, 8022
3.3889191150665283, 8021
3.3919098377227783, 8020
3.397895097732544, 8019
3.399888038635254, 8018
3.4018828868865967, 8017
3.404876232147217, 8016
3.4068706035614014, 8015
3.4108757972717285, 8014
3.413851261138916, 8013
3.4158453941345215, 8012
3.4178404808044434, 8011
3.4208321571350098, 8010
3.423825263977051, 8009
3.4258196353912354, 8008
3.4288125038146973, 8007
3.4318044185638428, 8006
3.4347965717315674, 8005
3.438786029815674, 8004
3.4417777061462402, 8003
3.4447696208953857, 8002
3.4477622509002686, 8001
3.4497554302215576, 8000
3.4517502784729004, 7999
3.4577341079711914, 7998
3.4607255458831787, 7997
3.463719367980957, 7996
3.465712308883667, 7995
3.4677064418792725, 7994
3.470698595046997, 7993
3.47269344329834, 7992
3.4746880531311035, 7991
3.477680206298828, 7990
3.4806735515594482, 7989
3.4826672077178955, 7988
3.486175060272217, 7987
3.4881644248962402, 7986
3.4911563396453857, 7985
3.4941818714141846, 7984
3.4961750507354736, 7983
3.4981672763824463, 7982
3.5021283626556396, 7981
3.5041282176971436, 7980
3.507115602493286, 7979
3.5091331005096436, 7978
3.5121326446533203, 7977
3.514125347137451, 7976
3.5170881748199463, 7975
3.52008056640625, 7974
3.5231189727783203, 7973
3.5260629653930664, 7972
3.5290868282318115, 7971
3.5310821533203125, 7970
3.534045457839966, 7969
3.5370335578918457, 7968
3.539029598236084, 7967
3.5420212745666504, 7966
3.5450451374053955, 7965
3.5480058193206787, 7964
3.5500004291534424, 7963
3.552993059158325, 7962
3.555982828140259, 7961
3.557979106903076, 7960
3.560969114303589, 7959
3.5639615058898926, 7958
3.5659573078155518, 7957
3.5689477920532227, 7956
3.5709424018859863, 7955
3.572937250137329, 7954
3.575930118560791, 7953
3.578921318054199, 7952
3.580915689468384, 7951
3.583909511566162, 7950
3.5854151248931885, 7949
3.588407039642334, 7948
3.5904016494750977, 7947
3.5933949947357178, 7946
3.595388650894165, 7945
3.5983808040618896, 7944
3.600374937057495, 7943
3.6023709774017334, 7942
3.6053621768951416, 7941
3.607356548309326, 7940
3.610348701477051, 7939
3.6173317432403564, 7938
3.624314069747925, 7937
3.6273369789123535, 7936
3.6303277015686035, 7935
3.6323225498199463, 7934
3.63531494140625, 7933
3.6373131275177, 7932
3.63930606842041, 7931
3.6422932147979736, 7930
3.6462855339050293, 7929
3.6492457389831543, 7928
3.651271343231201, 7927
3.653271198272705, 7926
3.658222198486328, 7925
3.663207769393921, 7924
3.668226480484009, 7923
3.6692276000976562, 7922
3.6721835136413574, 7921
3.680161952972412, 7920
3.6831555366516113, 7919
3.6857285499572754, 7918
3.686723232269287, 7917
3.6887149810791016, 7916
3.690751791000366, 7915
3.691678762435913, 7914
3.6956679821014404, 7913
3.6956679821014404, 7912
3.6966941356658936, 7911
3.6976940631866455, 7910
3.698690414428711, 7909
3.6996917724609375, 7908
3.7006537914276123, 7907
3.7016851902008057, 7906
3.7016851902008057, 7905
3.702681064605713, 7904
3.703646421432495, 7903
3.704672336578369, 7902
3.705672025680542, 7901
3.7066378593444824, 7900
3.708631992340088, 7899
3.7116570472717285, 7898
3.7126519680023193, 7897
3.7136189937591553, 7896
3.7156143188476562, 7895
3.716611862182617, 7894
3.718611240386963, 7893
3.7196362018585205, 7892
3.720630168914795, 7891
3.720630168914795, 7890
3.721630096435547, 7889
3.727590799331665, 7888
3.7295777797698975, 7887
3.7325692176818848, 7886
3.7335662841796875, 7885
3.734562635421753, 7884
3.7355589866638184, 7883
3.7355589866638184, 7882
3.7365567684173584, 7881
3.737553834915161, 7880
3.737553834915161, 7879
3.738551139831543, 7878
3.740560293197632, 7877
3.7415452003479004, 7876
3.743542194366455, 7875
3.746530532836914, 7874
3.746530532836914, 7873
3.748526096343994, 7872
3.749525785446167, 7871
3.7505533695220947, 7870
3.7515501976013184, 7869
3.7525441646575928, 7868
3.753512144088745, 7867
3.7545418739318848, 7866
3.7545418739318848, 7865
3.755542755126953, 7864
3.756535768508911, 7863
3.7585344314575195, 7862
3.761490821838379, 7861
3.7624900341033936, 7860
3.7634871006011963, 7859
3.764486789703369, 7858
3.765514612197876, 7857
3.766509532928467, 7856
3.767507314682007, 7855
3.7684717178344727, 7854
3.7695021629333496, 7853
3.7704999446868896, 7852
3.7715001106262207, 7851
3.7715001106262207, 7850
3.772494077682495, 7849
3.7744874954223633, 7848
3.776451826095581, 7847
3.7794439792633057, 7846
3.7804410457611084, 7845
3.7814383506774902, 7844
3.782435417175293, 7843
3.7844300270080566, 7842
3.785459041595459, 7841
3.78645658493042, 7840
3.78645658493042, 7839
3.787456750869751, 7838
3.7884509563446045, 7837
3.7894508838653564, 7836
3.791412830352783, 7835
3.7924084663391113, 7834
3.7954015731811523, 7833
3.7963998317718506, 7832
3.8013854026794434, 7831
3.802382469177246, 7830
3.803380012512207, 7829
3.804377555847168, 7828
3.805408000946045, 7827
3.8064026832580566, 7826
3.810366630554199, 7825
3.812387466430664, 7824
3.813352346420288, 7823
3.814383029937744, 7822
3.815378189086914, 7821
3.816373586654663, 7820
3.8173742294311523, 7819
3.818370819091797, 7818
3.818370819091797, 7817
3.8193717002868652, 7816
3.8203659057617188, 7815
3.8213653564453125, 7814
3.8223605155944824, 7813
3.8243532180786133, 7812
3.8263180255889893, 7811
3.8283116817474365, 7810
3.8293440341949463, 7809
3.8293440341949463, 7808
3.830338716506958, 7807
3.8313381671905518, 7806
3.8323307037353516, 7805
3.8332974910736084, 7804
3.8332974910736084, 7803
3.8343281745910645, 7802
3.835329055786133, 7801
3.8363254070281982, 7800
3.8373236656188965, 7799
3.8373236656188965, 7798
3.8383185863494873, 7797
3.839315176010132, 7796
3.8402798175811768, 7795
3.8412766456604004, 7794
3.8412766456604004, 7793
3.843273878097534, 7792
3.843273878097534, 7791
3.844301462173462, 7790
3.8462963104248047, 7789
3.84828782081604, 7788
3.850285291671753, 7787
3.852281093597412, 7786
3.8542754650115967, 7785
3.856266975402832, 7784
3.8582329750061035, 7783
3.8612589836120605, 7782
3.862253189086914, 7781
3.86521315574646, 7780
3.8672072887420654, 7779
3.869202136993408, 7778
3.87019944190979, 7777
3.872194290161133, 7776
3.8741888999938965, 7775
3.877215623855591, 7774
3.879176378250122, 7773
3.8812029361724854, 7772
3.8832011222839355, 7771
3.886159896850586, 7770
3.8881523609161377, 7769
3.890178680419922, 7768
3.8921732902526855, 7767
3.8941690921783447, 7766
3.9001517295837402, 7765
3.9041104316711426, 7764
3.9061365127563477, 7763
3.908130168914795, 7762
3.910127878189087, 7761
3.9121170043945312, 7760
3.9141149520874023, 7759
3.9161109924316406, 7758
3.918072462081909, 7757
3.9210963249206543, 7756
3.9230942726135254, 7755
3.9260542392730713, 7754
3.928074359893799, 7753
3.9300718307495117, 7752
3.933032989501953, 7751
3.9350595474243164, 7750
3.936053514480591, 7749
3.939051628112793, 7748
3.9410455226898193, 7747
3.943037986755371, 7746
3.945998191833496, 7745
3.947993040084839, 7744
3.9499878883361816, 7743
3.952979564666748, 7742
3.9549741744995117, 7741
3.9569692611694336, 7740
3.9599971771240234, 7739
3.9619863033294678, 7738
3.9649815559387207, 7737
3.9669744968414307, 7736
3.968935966491699, 7735
3.970930337905884, 7734
3.9729251861572266, 7733
3.9739224910736084, 7732
3.976947784423828, 7731
3.9799389839172363, 7730
3.981933355331421, 7729
3.983896017074585, 7728
3.985922336578369, 7727
3.987917423248291, 7726
3.98991322517395, 7725
3.993870496749878, 7724
4.0058393478393555, 7723
4.006838798522949, 7722
4.0197999477386475, 7721
4.022791862487793, 7720
4.023789167404175, 7719
4.026781797409058, 7718
4.028777837753296, 7717
4.030770540237427, 7716
4.03276515007019, 7715
4.034760475158691, 7714
4.035756826400757, 7713
4.0367536544799805, 7712
4.038750648498535, 7711
4.051714658737183, 7710
4.060703754425049, 7709
4.063683986663818, 7708
4.065710067749023, 7707
4.06870436668396, 7706
4.072659492492676, 7705
4.07664942741394, 7704
4.080637216567993, 7703
4.08163595199585, 7702
4.0826334953308105, 7701
4.084629535675049, 7700
4.084629535675049, 7699
4.08662223815918, 7698
4.088618516921997, 7697
4.089616537094116, 7696
4.090613603591919, 7695
4.095597982406616, 7694
4.097592830657959, 7693
4.099586725234985, 7692
4.101581811904907, 7691
4.105571985244751, 7690
4.107565641403198, 7689
4.114546537399292, 7688
4.116541624069214, 7687
4.118536472320557, 7686
4.12152886390686, 7685
4.1245222091674805, 7684
4.131606578826904, 7683
4.134493589401245, 7682
4.135493516921997, 7681
4.136489152908325, 7680
4.13748574256897, 7679
4.13748574256897, 7678
4.138483047485352, 7677
4.13948130607605, 7676
4.140477895736694, 7675
4.141474485397339, 7674
4.14646315574646, 7673
4.1494529247283936, 7672
4.150449514389038, 7671
4.151447534561157, 7670
4.153442859649658, 7669
4.153442859649658, 7668
4.154440641403198, 7667
4.155436754226685, 7666
4.156435251235962, 7665
4.1574318408966064, 7664
4.1574318408966064, 7663
4.161431789398193, 7662
4.166407585144043, 7661
4.167404651641846, 7660
4.169400215148926, 7659
4.169400215148926, 7658
4.17039680480957, 7657
4.171395540237427, 7656
4.172391891479492, 7655
4.172391891479492, 7654
4.173389434814453, 7653
4.182365655899048, 7652
4.184359788894653, 7651
4.184359788894653, 7650
4.185357093811035, 7649
4.186354875564575, 7648
4.188349008560181, 7647
4.191341400146484, 7646
4.195343017578125, 7645
4.198323488235474, 7644
4.199320554733276, 7643
4.200317144393921, 7642
4.201314926147461, 7641
4.204307794570923, 7640
4.204307794570923, 7639
4.205303907394409, 7638
4.2132837772369385, 7637
4.218269109725952, 7636
4.252178192138672, 7635
4.25317645072937, 7634
4.254173278808594, 7633
4.255171537399292, 7632
4.256167650222778, 7631
4.2591612339019775, 7630
4.264147043228149, 7629
4.265145301818848, 7628
4.266141414642334, 7627
4.267138719558716, 7626
4.267138719558716, 7625
4.268136501312256, 7624
4.2691333293914795, 7623
4.270130634307861, 7622
4.271127939224243, 7621
4.272124290466309, 7620
4.273123025894165, 7619
4.27411961555481, 7618
4.275118112564087, 7617
4.279119491577148, 7616
4.281101703643799, 7615
4.282097816467285, 7614
4.283096075057983, 7613
4.283096075057983, 7612
4.284093141555786, 7611
4.28508996963501, 7610
4.2860870361328125, 7609
4.28708553314209, 7608
4.288081645965576, 7607
4.288081645965576, 7606
4.289079427719116, 7605
4.2900776863098145, 7604
4.291074752807617, 7603
4.291074752807617, 7602
4.296061038970947, 7601
4.2970592975616455, 7600
4.298056364059448, 7599
4.299052476882935, 7598
4.3000500202178955, 7597
4.301047325134277, 7596
4.301047325134277, 7595
4.303042650222778, 7594
4.305037260055542, 7593
4.308030843734741, 7592
4.312024831771851, 7591
4.31501317024231, 7590
4.316009044647217, 7589
4.317007780075073, 7588
4.319997072219849, 7587
4.320997714996338, 7586
4.321993112564087, 7585
4.32299017906189, 7584
4.324985027313232, 7583
4.328978538513184, 7582
4.329972505569458, 7581
4.331966400146484, 7580
4.3339619636535645, 7579
4.334956884384155, 7578
4.3369526863098145, 7577
4.337950229644775, 7576
4.3389482498168945, 7575
4.3409423828125, 7574
4.346926927566528, 7573
4.346926927566528, 7572
4.348921060562134, 7571
4.350914239883423, 7570
4.3519134521484375, 7569
4.352912425994873, 7568
4.354905366897583, 7567
4.355902194976807, 7566
4.3568994998931885, 7565
4.360888481140137, 7564
4.363881826400757, 7563
4.364880084991455, 7562
4.3668739795684814, 7561
4.368868112564087, 7560
4.369865655899048, 7559
4.371859788894653, 7558
4.372856855392456, 7557
4.374851942062378, 7556
4.37885308265686, 7555
4.380836248397827, 7554
4.382830858230591, 7553
4.383827209472656, 7552
4.384825229644775, 7551
4.385822057723999, 7550
4.38681960105896, 7549
4.388814210891724, 7548
4.389811277389526, 7547
4.391806125640869, 7546
4.392802953720093, 7545
4.395796298980713, 7544
4.3967931270599365, 7543
4.397790431976318, 7542
4.399784803390503, 7541
4.400782108306885, 7540
4.402776718139648, 7539
4.40477180480957, 7538
4.405767440795898, 7537
4.4067652225494385, 7536
4.407762765884399, 7535
4.408761262893677, 7534
4.410756826400757, 7533
4.411754846572876, 7532
4.4137492179870605, 7531
4.414745330810547, 7530
4.418733835220337, 7529
4.42272686958313, 7528
4.426715612411499, 7527
4.429703712463379, 7526
4.4307005405426025, 7525
4.432696104049683, 7524
4.436687469482422, 7523
4.43968939781189, 7522
4.445665121078491, 7521
4.447657346725464, 7520
4.448654890060425, 7519
4.45064902305603, 7518
4.451654434204102, 7517
4.453643083572388, 7516
4.4546380043029785, 7515
4.456633567810059, 7514
4.462616205215454, 7513
4.465608358383179, 7512
4.466607332229614, 7511
4.468600273132324, 7510
4.469597101211548, 7509
4.470595121383667, 7508
4.472590446472168, 7507
4.476578950881958, 7506
4.479571104049683, 7505
4.483558893203735, 7504
4.485555171966553, 7503
4.486551523208618, 7502
4.487548828125, 7501
4.4905407428741455, 7500
4.496526002883911, 7499
4.498519659042358, 7498
4.501514911651611, 7497
4.5045037269592285, 7496
4.505504369735718, 7495
4.506498098373413, 7494
4.510497331619263, 7493
4.515474557876587, 7492
4.516472101211548, 7491
4.518466234207153, 7490
4.522456169128418, 7489
4.529438257217407, 7488
4.532429933547974, 7487
4.535425424575806, 7486
4.53841233253479, 7485
4.54040789604187, 7484
4.541404962539673, 7483
4.549386739730835, 7482
4.55237889289856, 7481
4.554373025894165, 7480
4.5553693771362305, 7479
4.5573625564575195, 7478
4.564347267150879, 7477
4.567335844039917, 7476
4.570327281951904, 7475
4.574319124221802, 7474
4.57930588722229, 7473
4.581297874450684, 7472
4.582295179367065, 7471
4.583294630050659, 7470
4.585287094116211, 7469
4.586284637451172, 7468
4.587281703948975, 7467
4.5882790088653564, 7466
4.589276552200317, 7465
4.590274810791016, 7464
4.5952699184417725, 7463
4.597257137298584, 7462
4.599250316619873, 7461
4.600248336791992, 7460
4.602242469787598, 7459
4.6032397747039795, 7458
4.607228755950928, 7457
4.6142120361328125, 7456
4.615208387374878, 7455
4.616204500198364, 7454
4.618198871612549, 7453
4.619196653366089, 7452
4.620194673538208, 7451
4.621190786361694, 7450
4.622188568115234, 7449
4.6241843700408936, 7448
4.6301679611206055, 7447
4.632163047790527, 7446
4.633162498474121, 7445
4.634156942367554, 7444
4.635153532028198, 7443
4.636151075363159, 7442
4.637148380279541, 7441
4.638145685195923, 7440
4.6401402950286865, 7439
4.641138792037964, 7438
4.646127223968506, 7437
4.648121118545532, 7436
4.6491172313690186, 7435
4.650115489959717, 7434
4.651111602783203, 7433
4.653105974197388, 7432
4.654103517532349, 7431
4.655100345611572, 7430
4.656099557876587, 7429
4.658092498779297, 7428
4.663081884384155, 7427
4.665076971054077, 7426
4.666071176528931, 7425
4.667068243026733, 7424
4.66806697845459, 7423
4.669063091278076, 7422
4.670060634613037, 7421
4.672055244445801, 7420
4.67305326461792, 7419
4.675048351287842, 7418
4.679038047790527, 7417
4.6800336837768555, 7416
4.682028293609619, 7415
4.683025598526001, 7414
4.684023141860962, 7413
4.686018228530884, 7412
4.689458131790161, 7411
4.691004276275635, 7410
4.694003105163574, 7409
4.695992946624756, 7408
4.696988821029663, 7407
4.698983669281006, 7406
4.699980974197388, 7405
4.70197606086731, 7404
4.70297384262085, 7403
4.704967498779297, 7402
4.706963300704956, 7401
4.708959102630615, 7400
4.709954738616943, 7399
4.710951089859009, 7398
4.7119481563568115, 7397
4.7139434814453125, 7396
4.714942455291748, 7395
4.7159388065338135, 7394
4.7169365882873535, 7393
4.718929767608643, 7392
4.719927072525024, 7391
4.720924377441406, 7390
4.721921682357788, 7389
4.722918748855591, 7388
4.723917722702026, 7387
4.725941896438599, 7386
4.726944446563721, 7385
4.727938413619995, 7384
4.7289392948150635, 7383
4.730898857116699, 7382
4.7319276332855225, 7381
4.732925176620483, 7380
4.733890771865845, 7379
4.735917329788208, 7378
4.736917972564697, 7377
4.737912178039551, 7376
4.738911390304565, 7375
4.7399067878723145, 7374
4.740903854370117, 7373
4.742900371551514, 7372
4.744861841201782, 7371
4.745858907699585, 7370
4.746890544891357, 7369
4.747888565063477, 7368
4.750877857208252, 7367
4.75486946105957, 7366
4.758825063705444, 7365
4.762847423553467, 7364
4.766804218292236, 7363
4.769793748855591, 7362
4.773783206939697, 7361
4.776775121688843, 7360
4.779767274856567, 7359
4.784791707992554, 7358
4.787779092788696, 7357
4.790771722793579, 7356
4.794761896133423, 7355
4.799714803695679, 7354
4.803703784942627, 7353
4.807693958282471, 7352
4.812680721282959, 7351
4.816670894622803, 7350
4.820659637451172, 7349
4.825645446777344, 7348
4.82866907119751, 7347
4.832627534866333, 7346
4.83661675453186, 7345
4.840606212615967, 7344
4.8456220626831055, 7343
4.84861946105957, 7342
4.85160756111145, 7341
4.856598377227783, 7340
4.8595569133758545, 7339
4.863544225692749, 7338
4.866534948348999, 7337
4.8695268630981445, 7336
4.873549699783325, 7335
4.877535343170166, 7334
4.881527662277222, 7333
4.885514736175537, 7332
4.888512372970581, 7331
4.892468452453613, 7330
4.911485910415649, 7329
4.914475202560425, 7328
4.920460939407349, 7327
4.924448251724243, 7326
4.927439451217651, 7325
4.9314305782318115, 7324
4.934422969818115, 7323
4.937412977218628, 7322
4.940404653549194, 7321
4.944366216659546, 7320
4.948384046554565, 7319
4.9513750076293945, 7318
4.955366611480713, 7317
4.958357810974121, 7316
4.962315797805786, 7315
4.965338230133057, 7314
4.968332052230835, 7313
4.971323251724243, 7312
4.976311922073364, 7311
4.979302167892456, 7310
4.990272521972656, 7309
4.990272521972656, 7308
4.994230270385742, 7307
4.998220682144165, 7306
5.001210927963257, 7305
5.006197929382324, 7304
5.01018762588501, 7303
5.014177560806274, 7302
5.0171685218811035, 7301
5.021157503128052, 7300
5.0251500606536865, 7299
5.029134511947632, 7298
5.0321266651153564, 7297
5.03511905670166, 7296
5.039108037948608, 7295
5.04210090637207, 7294
5.0470871925354, 7293
5.050078868865967, 7292
5.053070545196533, 7291
5.056062698364258, 7290
5.061049461364746, 7289
5.065041542053223, 7288
5.068032741546631, 7287
5.072021484375, 7286
5.076042890548706, 7285
5.079034805297852, 7284
5.081994533538818, 7283
5.085984706878662, 7282
5.0899741649627686, 7281
5.0939648151397705, 7280
5.098464250564575, 7279
5.1014564037323, 7278
5.1064746379852295, 7277
5.110465049743652, 7276
5.1134583950042725, 7275
5.1164469718933105, 7274
5.120438814163208, 7273
5.125391721725464, 7272
5.129382371902466, 7271
5.132373809814453, 7270
5.1363630294799805, 7269
5.140352487564087, 7268
5.1443421840667725, 7267
5.14733362197876, 7266
5.151323556900024, 7265
5.1553122997283936, 7264
5.159302234649658, 7263
5.163291931152344, 7262
5.167311191558838, 7261
5.170302867889404, 7260
5.1742939949035645, 7259
5.17728590965271, 7258
5.181274890899658, 7257
5.1842358112335205, 7256
5.188223838806152, 7255
5.192214488983154, 7254
5.196204423904419, 7253
5.199194669723511, 7252
5.203183650970459, 7251
5.207172632217407, 7250
5.2111616134643555, 7249
5.214155197143555, 7248
5.2181432247161865, 7247
5.221135377883911, 7246
5.224127531051636, 7245
5.228115797042847, 7244
5.231108903884888, 7243
5.234099864959717, 7242
5.237091779708862, 7241
5.240083932876587, 7240
5.244076251983643, 7239
5.248064756393433, 7238
5.252053499221802, 7237
5.256042957305908, 7236
5.260032415390015, 7235
5.270037651062012, 7234
5.27203369140625, 7233
5.273029088973999, 7232
5.2740256786346436, 7231
5.277019739151001, 7230
5.2800116539001465, 7229
5.282004356384277, 7228
5.284996509552002, 7227
5.287991046905518, 7226
5.290977239608765, 7225
5.296446800231934, 7224
5.30043625831604, 7223
5.304426431655884, 7222
5.306419849395752, 7221
5.3104095458984375, 7220
5.3134026527404785, 7219
5.316393613815308, 7218
5.320383071899414, 7217
5.324371576309204, 7216
5.32739520072937, 7215
5.330389022827148, 7214
5.333385467529297, 7213
5.336373329162598, 7212
5.339365243911743, 7211
5.342324256896973, 7210
5.345348119735718, 7209
5.348339319229126, 7208
5.3513312339782715, 7207
5.3532936573028564, 7206
5.356322288513184, 7205
5.3592798709869385, 7204
5.363268852233887, 7203
5.366293430328369, 7202
5.3692827224731445, 7201
5.374241828918457, 7200
5.379226207733154, 7199
5.3822174072265625, 7198
5.386239051818848, 7197
5.3892364501953125, 7196
5.39219069480896, 7195
5.395181179046631, 7194
5.398173093795776, 7193
5.401167631149292, 7192
5.404159784317017, 7191
5.407181978225708, 7190
5.410173416137695, 7189
5.413166046142578, 7188
5.4161601066589355, 7187
5.419117212295532, 7186
5.422109127044678, 7185
5.4251039028167725, 7184
5.428126096725464, 7183
5.431117534637451, 7182
5.434111833572388, 7181
5.437102556228638, 7180
5.440096139907837, 7179
5.443084239959717, 7178
5.445080995559692, 7177
5.449037551879883, 7176
5.451031684875488, 7175
5.461007356643677, 7174
5.46998143196106, 7173
5.46998143196106, 7172
5.470978498458862, 7171
5.471975564956665, 7170
5.472973108291626, 7169
5.4739720821380615, 7168
5.474969387054443, 7167
5.475965976715088, 7166
5.480952978134155, 7165
5.481982946395874, 7164
5.48297643661499, 7163
5.483944416046143, 7162
5.484974384307861, 7161
5.48796820640564, 7160
5.488963842391968, 7159
5.488963842391968, 7158
5.489960193634033, 7157
5.490954875946045, 7156
5.491925001144409, 7155
5.493952751159668, 7154
5.4949469566345215, 7153
5.4949469566345215, 7152
5.495946884155273, 7151
5.496941804885864, 7150
5.497907876968384, 7149
5.498933792114258, 7148
5.499934196472168, 7147
5.500931739807129, 7146
5.500931739807129, 7145
5.5019309520721436, 7144
5.5049214363098145, 7143
5.505918979644775, 7142
5.5069122314453125, 7141
5.509909629821777, 7140
5.511904239654541, 7139
5.512899875640869, 7138
5.513896703720093, 7137
5.513896703720093, 7136
5.514891147613525, 7135
5.515890836715698, 7134
5.51688814163208, 7133
5.517888307571411, 7132
5.517888307571411, 7131
5.518882513046265, 7130
5.519882678985596, 7129
5.5208775997161865, 7128
5.5218751430511475, 7127
5.5218751430511475, 7126
5.52483606338501, 7125
5.525832653045654, 7124
5.526829242706299, 7123
5.527826309204102, 7122
5.5288238525390625, 7121
5.5288238525390625, 7120
5.529821157455444, 7119
5.530818223953247, 7118
5.531815528869629, 7117
5.532813310623169, 7116
5.533810615539551, 7115
5.5348076820373535, 7114
5.5348076820373535, 7113
5.5358052253723145, 7112
5.536802530288696, 7111
5.537801504135132, 7110
5.538797616958618, 7109
5.539795398712158, 7108
5.540791988372803, 7107
5.541791200637817, 7106
5.542787313461304, 7105
5.5437843799591064, 7104
5.5448157787323, 7103
5.545811176300049, 7102
5.546806573867798, 7101
5.547805547714233, 7100
5.547805547714233, 7099
5.548803091049194, 7098
5.549769878387451, 7097
5.550798416137695, 7096
5.551797389984131, 7095
5.552792310714722, 7094
5.552792310714722, 7093
5.554795026779175, 7092
5.555783987045288, 7091
5.555783987045288, 7090
5.55678129196167, 7089
5.55778169631958, 7088
5.558745622634888, 7087
5.559776306152344, 7086
5.5607709884643555, 7085
5.561768293380737, 7084
5.562763452529907, 7083
5.563732862472534, 7082
5.564769506454468, 7081
5.565759897232056, 7080
5.566755294799805, 7079
5.566755294799805, 7078
5.5677549839019775, 7077
5.568749189376831, 7076
5.569746732711792, 7075
5.570742130279541, 7074
5.571742296218872, 7073
5.572739839553833, 7072
5.5747034549713135, 7071
5.575735330581665, 7070
5.576728820800781, 7069
5.577725410461426, 7068
5.580718278884888, 7067
5.580718278884888, 7066
5.581717491149902, 7065
5.582711935043335, 7064
5.583677530288696, 7063
5.584707021713257, 7062
5.585704326629639, 7061
5.586699724197388, 7060
5.587669134140015, 7059
5.58866548538208, 7058
5.589662551879883, 7057
5.590660095214844, 7056
5.592655658721924, 7055
5.593652963638306, 7054
5.595646619796753, 7053
5.596643924713135, 7052
5.597641468048096, 7051
5.598639011383057, 7050
5.600633382797241, 7049
5.601630926132202, 7048
5.602627992630005, 7047
5.603626012802124, 7046
5.604654550552368, 7045
5.605653524398804, 7044
5.606647968292236, 7043
5.607648611068726, 7042
5.609640598297119, 7041
5.609640598297119, 7040
5.610635280609131, 7039
5.611635208129883, 7038
5.6126320362091064, 7037
5.613604784011841, 7036
5.6146275997161865, 7035
5.61562705039978, 7034
5.616622686386108, 7033
5.616622686386108, 7032
5.617618560791016, 7031
5.619585037231445, 7030
5.620578765869141, 7029
5.62161111831665, 7028
5.622607946395874, 7027
5.62357234954834, 7026
5.62457013130188, 7025
5.626563549041748, 7024
5.627592325210571, 7023
5.629589557647705, 7022
5.635570764541626, 7021
5.695412635803223, 7020
5.696378469467163, 7019
5.718349456787109, 7018
5.727328777313232, 7017
5.7303147315979, 7016
5.753225326538086, 7015
5.7821784019470215, 7014
5.813098430633545, 7013
5.814062595367432, 7012
5.95368766784668, 7011
6.12123966217041, 7010
6.432443380355835, 7009
6.44241738319397, 7008
6.601025581359863, 7007
6.6618664264678955, 7006
6.794477224349976, 7005
6.847369194030762, 7004
7.046801567077637, 7003
7.128582000732422, 7002
7.1983962059021, 7001
7.218341588973999, 7000
7.242310523986816, 6999
7.254281044006348, 6998
7.2622270584106445, 6997
7.276187181472778, 6996
7.283168077468872, 6995
7.290182113647461, 6994
7.31113076210022, 6993
7.318109512329102, 6992
7.32206654548645, 6991
7.327083349227905, 6990
7.332069396972656, 6989
7.333067417144775, 6988
7.415329456329346, 6987
7.484147310256958, 6986
7.49411940574646, 6985
7.577402830123901, 6984
7.731060981750488, 6983
7.762975215911865, 6982
7.867699146270752, 6981
7.876671314239502, 6980
7.881658315658569, 6979
7.8986124992370605, 6978
8.07671570777893, 6977
8.082668542861938, 6976
8.290920972824097, 6975
8.291917324066162, 6974
8.368745803833008, 6973
8.385698556900024, 6972
8.393648386001587, 6971
8.420605182647705, 6970
8.454481840133667, 6969
8.46345829963684, 6968
8.474435567855835, 6967
8.475459337234497, 6966
8.547266244888306, 6965
9.618626594543457, 6964
9.6757173538208, 6963
9.84653925895691, 6962
10.035999774932861, 6961
10.121768712997437, 6960
