9.608268737792969e-05, 3323
0.15536260604858398, 3322
2.018449068069458, 3321
3.832629442214966, 3320
4.549921989440918, 3319
4.9747092723846436, 3318
4.974913597106934, 3317
5.501614809036255, 3316
6.211994886398315, 3315
6.527266263961792, 3314
6.529597520828247, 3313
6.547413349151611, 3312
7.050616025924683, 3311
8.783743619918823, 3310
8.859127283096313, 3309
10.125624418258667, 3308
11.079123735427856, 3307
11.255201578140259, 3306
13.448702812194824, 3305
15.003137588500977, 3304
49.89603137969971, 3303
