6.222724914550781e-05, 3323
0.8338494300842285, 3322
1.7700626850128174, 3321
2.0967609882354736, 3320
2.9044559001922607, 3319
4.117190361022949, 3318
5.13405442237854, 3317
6.067252159118652, 3316
8.595356225967407, 3315
9.101744890213013, 3314
9.36392879486084, 3313
9.509666681289673, 3312
10.005481719970703, 3311
11.648304462432861, 3310
12.595841884613037, 3309
12.715687036514282, 3308
22.858109712600708, 3307
22.88266634941101, 3306
25.27261757850647, 3305
29.241052627563477, 3304
33.54655623435974, 3303
