6.747245788574219e-05, 3323
0.8656549453735352, 3322
2.0060176849365234, 3321
2.34269118309021, 3320
3.1248621940612793, 3319
4.360249996185303, 3318
5.39850640296936, 3317
6.338484048843384, 3316
8.65671992301941, 3315
9.187867403030396, 3314
9.440102815628052, 3313
9.590366125106812, 3312
10.09984827041626, 3311
11.758910894393921, 3310
12.763586044311523, 3309
12.880916833877563, 3308
23.077381134033203, 3307
23.09027910232544, 3306
25.56791925430298, 3305
29.653533935546875, 3304
34.08559250831604, 3303
