7.271766662597656e-05, 3323
0.32436084747314453, 3322
1.640294075012207, 3321
1.7842011451721191, 3320
2.850653648376465, 3319
2.8900184631347656, 3318
3.8705191612243652, 3317
4.179753303527832, 3316
5.203752279281616, 3315
5.8002753257751465, 3314
6.531169176101685, 3313
6.8902671337127686, 3312
7.789950847625732, 3311
9.01228141784668, 3310
9.821940898895264, 3309
11.512330532073975, 3308
14.35530972480774, 3307
16.93390393257141, 3306
18.532274961471558, 3305
19.88099980354309, 3304
21.078580379486084, 3303
