8.940696716308594e-05, 3323
0.17119598388671875, 3322
2.4019815921783447, 3321
4.57856297492981, 3320
5.409426689147949, 3319
5.870823860168457, 3318
5.870914697647095, 3317
6.520347356796265, 3316
7.3524510860443115, 3315
7.72083044052124, 3314
7.72356390953064, 3313
7.742693901062012, 3312
8.296931266784668, 3311
10.27048635482788, 3310
10.365285634994507, 3309
11.854613542556763, 3308
12.89444351196289, 3307
13.103275775909424, 3306
15.708302736282349, 3305
17.5403094291687, 3304
56.290283203125, 3303
