0.00013184547424316406, 3323
0.8189408779144287, 3322
2.46917462348938, 3321
2.577057123184204, 3320
2.8497889041900635, 3319
3.6010823249816895, 3318
4.544899225234985, 3317
5.585020065307617, 3316
6.2515645027160645, 3315
6.440857410430908, 3314
8.648261547088623, 3313
9.472633123397827, 3312
11.342803239822388, 3311
11.38219165802002, 3310
11.964690446853638, 3309
12.082127094268799, 3308
13.022573709487915, 3307
15.562103033065796, 3306
16.62643790245056, 3305
21.05704641342163, 3304
30.697274684906006, 3303
