6.842613220214844e-05, 3323
0.7462365627288818, 3322
2.3195414543151855, 3321
2.4062514305114746, 3320
2.6494460105895996, 3319
3.32275390625, 3318
4.201934337615967, 3317
5.209219455718994, 3316
5.909220933914185, 3315
6.1080498695373535, 3314
8.556570291519165, 3313
9.49633002281189, 3312
11.623131036758423, 3311
11.652724981307983, 3310
12.226514101028442, 3309
12.34961724281311, 3308
13.264743089675903, 3307
15.926126956939697, 3306
17.100396633148193, 3305
22.130574226379395, 3304
32.54618287086487, 3303
