7.128715515136719e-05, 3323
0.7462260723114014, 3322
1.5585801601409912, 3321
1.8139569759368896, 3320
2.4079768657684326, 3319
3.3939263820648193, 3318
4.241473197937012, 3317
5.053418159484863, 3316
6.954763650894165, 3315
7.375060558319092, 3314
7.561329364776611, 3313
7.668068885803223, 3312
8.16107177734375, 3311
9.462957620620728, 3310
10.578049898147583, 3309
10.721513748168945, 3308
23.387528896331787, 3307
23.415032625198364, 3306
26.170472145080566, 3305
30.783159255981445, 3304
35.683225870132446, 3303
